2023-10-13 14:37:28,821 - tune.py [line:203] - INFO: Namespace(seed=42, model='NormalNNV2', gpu=1, dataset='geom-squirrel', logging=True, log_detail=True, log_detailedCh=False, id_log=1013014503, optuna_n_trials=202, n_epochs=2000, self_loop=False, udgraph=True, early_stop=True, patience=300, n_hidden=64, n_cv=1, start_cv=0, n_layers=20, lr1=0.03, lr2=0.04, wd1=1e-06, wd2=1e-08, dropout=0.2, dropout2=0.2, es_ckpt='woselfloop-geom-squirrel_NormalNNV2-geom-squirrel_trialNo49')
2023-10-13 14:37:31,418 - tune.py [line:128] - INFO: Split_seeds:[1824]
2023-10-13 14:37:31,418 - tune.py [line:129] - INFO: Model_seeds:[409]
2023-10-13 14:37:32,734 - tune.py [line:103] - INFO: Epoch 00020 | Time(s) 0.0633 | Val Loss 1.5864 | Val Acc 0.4769 | ETputs(KTEPS) 62703.58
2023-10-13 14:37:33,998 - tune.py [line:103] - INFO: Epoch 00040 | Time(s) 0.0630 | Val Loss 1.5525 | Val Acc 0.5077 | ETputs(KTEPS) 63015.30
2023-10-13 14:37:35,268 - tune.py [line:103] - INFO: Epoch 00060 | Time(s) 0.0630 | Val Loss 1.5196 | Val Acc 0.5288 | ETputs(KTEPS) 62962.21
2023-10-13 14:37:36,531 - tune.py [line:103] - INFO: Epoch 00080 | Time(s) 0.0630 | Val Loss 1.4851 | Val Acc 0.5346 | ETputs(KTEPS) 62983.20
2023-10-13 14:37:37,740 - tune.py [line:103] - INFO: Epoch 00100 | Time(s) 0.0625 | Val Loss 1.4562 | Val Acc 0.5279 | ETputs(KTEPS) 63507.76
2023-10-13 14:37:38,940 - tune.py [line:103] - INFO: Epoch 00120 | Time(s) 0.0620 | Val Loss 1.4293 | Val Acc 0.5481 | ETputs(KTEPS) 63963.72
2023-10-13 14:37:40,116 - tune.py [line:103] - INFO: Epoch 00140 | Time(s) 0.0616 | Val Loss 1.4264 | Val Acc 0.5077 | ETputs(KTEPS) 64447.49
2023-10-13 14:37:41,353 - tune.py [line:103] - INFO: Epoch 00160 | Time(s) 0.0616 | Val Loss 1.3973 | Val Acc 0.5260 | ETputs(KTEPS) 64409.12
2023-10-13 14:37:42,593 - tune.py [line:103] - INFO: Epoch 00180 | Time(s) 0.0616 | Val Loss 1.3766 | Val Acc 0.5250 | ETputs(KTEPS) 64365.45
2023-10-13 14:37:43,829 - tune.py [line:103] - INFO: Epoch 00200 | Time(s) 0.0616 | Val Loss 1.3647 | Val Acc 0.5250 | ETputs(KTEPS) 64349.11
2023-10-13 14:37:45,059 - tune.py [line:103] - INFO: Epoch 00220 | Time(s) 0.0616 | Val Loss 1.3539 | Val Acc 0.5337 | ETputs(KTEPS) 64363.61
2023-10-13 14:37:46,340 - tune.py [line:103] - INFO: Epoch 00240 | Time(s) 0.0618 | Val Loss 1.3601 | Val Acc 0.5202 | ETputs(KTEPS) 64158.77
2023-10-13 14:37:47,585 - tune.py [line:103] - INFO: Epoch 00260 | Time(s) 0.0619 | Val Loss 1.3662 | Val Acc 0.5058 | ETputs(KTEPS) 64125.92
2023-10-13 14:37:48,792 - tune.py [line:103] - INFO: Epoch 00280 | Time(s) 0.0618 | Val Loss 1.3416 | Val Acc 0.5337 | ETputs(KTEPS) 64242.59
2023-10-13 14:37:50,007 - tune.py [line:103] - INFO: Epoch 00300 | Time(s) 0.0617 | Val Loss 1.3352 | Val Acc 0.5298 | ETputs(KTEPS) 64311.83
2023-10-13 14:37:51,215 - tune.py [line:103] - INFO: Epoch 00320 | Time(s) 0.0616 | Val Loss 1.3513 | Val Acc 0.5212 | ETputs(KTEPS) 64397.60
2023-10-13 14:37:52,397 - tune.py [line:103] - INFO: Epoch 00340 | Time(s) 0.0615 | Val Loss 1.3447 | Val Acc 0.5173 | ETputs(KTEPS) 64552.01
2023-10-13 14:37:53,539 - tune.py [line:103] - INFO: Epoch 00360 | Time(s) 0.0612 | Val Loss 1.3490 | Val Acc 0.5183 | ETputs(KTEPS) 64810.40
2023-10-13 14:37:54,813 - tune.py [line:103] - INFO: Epoch 00380 | Time(s) 0.0613 | Val Loss 1.3510 | Val Acc 0.5058 | ETputs(KTEPS) 64671.78
2023-10-13 14:37:56,022 - tune.py [line:103] - INFO: Epoch 00400 | Time(s) 0.0613 | Val Loss 1.3550 | Val Acc 0.4923 | ETputs(KTEPS) 64719.60
2023-10-13 14:37:56,384 - tune.py [line:117] - INFO: [FINAL MODEL] Val accuracy 55.58% \Val loss: 1.4
2023-10-13 14:37:56,401 - tune.py [line:119] - INFO: [FINAL MODEL] Test accuracy 55.24% \Test loss: 1.4
2023-10-13 14:37:56,402 - tune.py [line:144] - INFO: Acc on the first split (Validation Set): 0.5558
2023-10-13 14:37:56,402 - tune.py [line:145] - INFO: Acc on the first split (Test Set): 0.5524
