2023-10-13 14:29:33,364 - tune.py [line:203] - INFO: Namespace(seed=42, model='NormalNNV2', gpu=1, dataset='geom-squirrel', logging=True, log_detail=True, log_detailedCh=False, id_log=1013014503, optuna_n_trials=202, n_epochs=2000, self_loop=False, udgraph=True, early_stop=True, patience=300, n_hidden=64, n_cv=1, start_cv=0, n_layers=8, lr1=0.005, lr2=0.04, wd1=1e-07, wd2=1e-05, dropout=0.2, dropout2=0.6, es_ckpt='woselfloop-geom-squirrel_NormalNNV2-geom-squirrel_trialNo25')
2023-10-13 14:29:35,862 - tune.py [line:128] - INFO: Split_seeds:[1824]
2023-10-13 14:29:35,862 - tune.py [line:129] - INFO: Model_seeds:[409]
2023-10-13 14:29:36,539 - tune.py [line:103] - INFO: Epoch 00020 | Time(s) 0.0320 | Val Loss 1.5927 | Val Acc 0.4327 | ETputs(KTEPS) 123882.78
2023-10-13 14:29:37,190 - tune.py [line:103] - INFO: Epoch 00040 | Time(s) 0.0319 | Val Loss 1.5719 | Val Acc 0.4798 | ETputs(KTEPS) 124280.92
2023-10-13 14:29:37,844 - tune.py [line:103] - INFO: Epoch 00060 | Time(s) 0.0320 | Val Loss 1.5514 | Val Acc 0.4615 | ETputs(KTEPS) 124054.31
2023-10-13 14:29:38,469 - tune.py [line:103] - INFO: Epoch 00080 | Time(s) 0.0318 | Val Loss 1.5263 | Val Acc 0.5125 | ETputs(KTEPS) 124937.98
2023-10-13 14:29:39,060 - tune.py [line:103] - INFO: Epoch 00100 | Time(s) 0.0313 | Val Loss 1.5067 | Val Acc 0.5183 | ETputs(KTEPS) 126727.93
2023-10-13 14:29:39,697 - tune.py [line:103] - INFO: Epoch 00120 | Time(s) 0.0314 | Val Loss 1.4827 | Val Acc 0.5298 | ETputs(KTEPS) 126482.41
2023-10-13 14:29:40,349 - tune.py [line:103] - INFO: Epoch 00140 | Time(s) 0.0315 | Val Loss 1.4610 | Val Acc 0.5413 | ETputs(KTEPS) 125785.56
2023-10-13 14:29:40,999 - tune.py [line:103] - INFO: Epoch 00160 | Time(s) 0.0317 | Val Loss 1.4451 | Val Acc 0.5163 | ETputs(KTEPS) 125325.93
2023-10-13 14:29:41,609 - tune.py [line:103] - INFO: Epoch 00180 | Time(s) 0.0315 | Val Loss 1.4285 | Val Acc 0.5250 | ETputs(KTEPS) 125834.09
2023-10-13 14:29:42,220 - tune.py [line:103] - INFO: Epoch 00200 | Time(s) 0.0314 | Val Loss 1.4127 | Val Acc 0.5279 | ETputs(KTEPS) 126243.84
2023-10-13 14:29:42,864 - tune.py [line:103] - INFO: Epoch 00220 | Time(s) 0.0315 | Val Loss 1.3905 | Val Acc 0.5404 | ETputs(KTEPS) 125965.53
2023-10-13 14:29:43,503 - tune.py [line:103] - INFO: Epoch 00240 | Time(s) 0.0315 | Val Loss 1.3851 | Val Acc 0.5250 | ETputs(KTEPS) 125822.30
2023-10-13 14:29:44,152 - tune.py [line:103] - INFO: Epoch 00260 | Time(s) 0.0316 | Val Loss 1.3706 | Val Acc 0.5346 | ETputs(KTEPS) 125543.80
2023-10-13 14:29:44,757 - tune.py [line:103] - INFO: Epoch 00280 | Time(s) 0.0315 | Val Loss 1.3633 | Val Acc 0.5481 | ETputs(KTEPS) 125933.01
2023-10-13 14:29:45,379 - tune.py [line:103] - INFO: Epoch 00300 | Time(s) 0.0315 | Val Loss 1.3539 | Val Acc 0.5269 | ETputs(KTEPS) 126084.00
2023-10-13 14:29:45,998 - tune.py [line:103] - INFO: Epoch 00320 | Time(s) 0.0314 | Val Loss 1.3361 | Val Acc 0.5394 | ETputs(KTEPS) 126216.08
2023-10-13 14:29:46,653 - tune.py [line:103] - INFO: Epoch 00340 | Time(s) 0.0315 | Val Loss 1.3250 | Val Acc 0.5375 | ETputs(KTEPS) 125903.71
2023-10-13 14:29:47,358 - tune.py [line:103] - INFO: Epoch 00360 | Time(s) 0.0317 | Val Loss 1.3145 | Val Acc 0.5442 | ETputs(KTEPS) 125113.01
2023-10-13 14:29:48,059 - tune.py [line:103] - INFO: Epoch 00380 | Time(s) 0.0319 | Val Loss 1.3113 | Val Acc 0.5317 | ETputs(KTEPS) 124429.78
2023-10-13 14:29:48,703 - tune.py [line:103] - INFO: Epoch 00400 | Time(s) 0.0319 | Val Loss 1.3007 | Val Acc 0.5462 | ETputs(KTEPS) 124370.94
2023-10-13 14:29:49,337 - tune.py [line:103] - INFO: Epoch 00420 | Time(s) 0.0319 | Val Loss 1.2874 | Val Acc 0.5394 | ETputs(KTEPS) 124414.94
2023-10-13 14:29:49,983 - tune.py [line:103] - INFO: Epoch 00440 | Time(s) 0.0319 | Val Loss 1.2810 | Val Acc 0.5385 | ETputs(KTEPS) 124344.13
2023-10-13 14:29:50,623 - tune.py [line:103] - INFO: Epoch 00460 | Time(s) 0.0319 | Val Loss 1.2803 | Val Acc 0.5385 | ETputs(KTEPS) 124336.56
2023-10-13 14:29:51,240 - tune.py [line:103] - INFO: Epoch 00480 | Time(s) 0.0319 | Val Loss 1.2766 | Val Acc 0.5442 | ETputs(KTEPS) 124507.63
2023-10-13 14:29:51,843 - tune.py [line:103] - INFO: Epoch 00500 | Time(s) 0.0318 | Val Loss 1.2670 | Val Acc 0.5452 | ETputs(KTEPS) 124777.20
2023-10-13 14:29:52,477 - tune.py [line:103] - INFO: Epoch 00520 | Time(s) 0.0318 | Val Loss 1.2599 | Val Acc 0.5404 | ETputs(KTEPS) 124798.84
2023-10-13 14:29:53,112 - tune.py [line:103] - INFO: Epoch 00540 | Time(s) 0.0318 | Val Loss 1.2532 | Val Acc 0.5442 | ETputs(KTEPS) 124837.86
2023-10-13 14:29:53,727 - tune.py [line:103] - INFO: Epoch 00560 | Time(s) 0.0317 | Val Loss 1.2485 | Val Acc 0.5567 | ETputs(KTEPS) 124988.90
2023-10-13 14:29:54,400 - tune.py [line:103] - INFO: Epoch 00580 | Time(s) 0.0318 | Val Loss 1.2435 | Val Acc 0.5558 | ETputs(KTEPS) 124729.57
2023-10-13 14:29:55,033 - tune.py [line:103] - INFO: Epoch 00600 | Time(s) 0.0318 | Val Loss 1.2369 | Val Acc 0.5481 | ETputs(KTEPS) 124753.46
2023-10-13 14:29:55,661 - tune.py [line:103] - INFO: Epoch 00620 | Time(s) 0.0318 | Val Loss 1.2349 | Val Acc 0.5577 | ETputs(KTEPS) 124821.37
2023-10-13 14:29:56,290 - tune.py [line:103] - INFO: Epoch 00640 | Time(s) 0.0318 | Val Loss 1.2304 | Val Acc 0.5538 | ETputs(KTEPS) 124864.14
2023-10-13 14:29:56,907 - tune.py [line:103] - INFO: Epoch 00660 | Time(s) 0.0317 | Val Loss 1.2331 | Val Acc 0.5510 | ETputs(KTEPS) 124977.02
2023-10-13 14:29:57,532 - tune.py [line:103] - INFO: Epoch 00680 | Time(s) 0.0317 | Val Loss 1.2333 | Val Acc 0.5490 | ETputs(KTEPS) 125037.70
2023-10-13 14:29:58,169 - tune.py [line:103] - INFO: Epoch 00700 | Time(s) 0.0317 | Val Loss 1.2298 | Val Acc 0.5596 | ETputs(KTEPS) 125038.76
2023-10-13 14:29:58,809 - tune.py [line:103] - INFO: Epoch 00720 | Time(s) 0.0317 | Val Loss 1.2324 | Val Acc 0.5587 | ETputs(KTEPS) 125037.60
2023-10-13 14:29:59,432 - tune.py [line:103] - INFO: Epoch 00740 | Time(s) 0.0317 | Val Loss 1.2255 | Val Acc 0.5538 | ETputs(KTEPS) 125100.62
2023-10-13 14:30:00,037 - tune.py [line:103] - INFO: Epoch 00760 | Time(s) 0.0317 | Val Loss 1.2265 | Val Acc 0.5548 | ETputs(KTEPS) 125253.03
2023-10-13 14:30:00,728 - tune.py [line:103] - INFO: Epoch 00780 | Time(s) 0.0317 | Val Loss 1.2165 | Val Acc 0.5558 | ETputs(KTEPS) 124970.91
2023-10-13 14:30:01,390 - tune.py [line:103] - INFO: Epoch 00800 | Time(s) 0.0318 | Val Loss 1.2151 | Val Acc 0.5587 | ETputs(KTEPS) 124838.98
2023-10-13 14:30:02,031 - tune.py [line:103] - INFO: Epoch 00820 | Time(s) 0.0318 | Val Loss 1.2151 | Val Acc 0.5644 | ETputs(KTEPS) 124850.68
2023-10-13 14:30:02,674 - tune.py [line:103] - INFO: Epoch 00840 | Time(s) 0.0318 | Val Loss 1.2220 | Val Acc 0.5500 | ETputs(KTEPS) 124815.55
2023-10-13 14:30:03,326 - tune.py [line:103] - INFO: Epoch 00860 | Time(s) 0.0318 | Val Loss 1.2176 | Val Acc 0.5567 | ETputs(KTEPS) 124745.82
2023-10-13 14:30:03,941 - tune.py [line:103] - INFO: Epoch 00880 | Time(s) 0.0318 | Val Loss 1.2346 | Val Acc 0.5462 | ETputs(KTEPS) 124840.83
2023-10-13 14:30:04,620 - tune.py [line:103] - INFO: Epoch 00900 | Time(s) 0.0318 | Val Loss 1.2000 | Val Acc 0.5683 | ETputs(KTEPS) 124653.98
2023-10-13 14:30:05,356 - tune.py [line:103] - INFO: Epoch 00920 | Time(s) 0.0319 | Val Loss 1.2019 | Val Acc 0.5558 | ETputs(KTEPS) 124234.02
2023-10-13 14:30:06,086 - tune.py [line:103] - INFO: Epoch 00940 | Time(s) 0.0320 | Val Loss 1.2088 | Val Acc 0.5596 | ETputs(KTEPS) 123858.44
2023-10-13 14:30:06,753 - tune.py [line:103] - INFO: Epoch 00960 | Time(s) 0.0321 | Val Loss 1.2065 | Val Acc 0.5644 | ETputs(KTEPS) 123755.51
2023-10-13 14:30:07,384 - tune.py [line:103] - INFO: Epoch 00980 | Time(s) 0.0320 | Val Loss 1.2018 | Val Acc 0.5712 | ETputs(KTEPS) 123798.81
2023-10-13 14:30:07,997 - tune.py [line:103] - INFO: Epoch 01000 | Time(s) 0.0320 | Val Loss 1.2044 | Val Acc 0.5625 | ETputs(KTEPS) 123906.50
2023-10-13 14:30:08,625 - tune.py [line:103] - INFO: Epoch 01020 | Time(s) 0.0320 | Val Loss 1.1995 | Val Acc 0.5635 | ETputs(KTEPS) 123955.43
2023-10-13 14:30:09,339 - tune.py [line:103] - INFO: Epoch 01040 | Time(s) 0.0321 | Val Loss 1.1985 | Val Acc 0.5702 | ETputs(KTEPS) 123682.27
2023-10-13 14:30:09,951 - tune.py [line:103] - INFO: Epoch 01060 | Time(s) 0.0320 | Val Loss 1.1991 | Val Acc 0.5692 | ETputs(KTEPS) 123793.88
2023-10-13 14:30:10,608 - tune.py [line:103] - INFO: Epoch 01080 | Time(s) 0.0321 | Val Loss 1.1936 | Val Acc 0.5760 | ETputs(KTEPS) 123739.25
2023-10-13 14:30:11,240 - tune.py [line:103] - INFO: Epoch 01100 | Time(s) 0.0320 | Val Loss 1.1943 | Val Acc 0.5721 | ETputs(KTEPS) 123785.41
2023-10-13 14:30:11,853 - tune.py [line:103] - INFO: Epoch 01120 | Time(s) 0.0320 | Val Loss 1.1911 | Val Acc 0.5692 | ETputs(KTEPS) 123884.45
2023-10-13 14:30:12,477 - tune.py [line:103] - INFO: Epoch 01140 | Time(s) 0.0320 | Val Loss 1.1963 | Val Acc 0.5760 | ETputs(KTEPS) 123940.80
2023-10-13 14:30:13,232 - tune.py [line:103] - INFO: Epoch 01160 | Time(s) 0.0321 | Val Loss 1.2035 | Val Acc 0.5654 | ETputs(KTEPS) 123569.37
2023-10-13 14:30:13,877 - tune.py [line:103] - INFO: Epoch 01180 | Time(s) 0.0321 | Val Loss 1.1947 | Val Acc 0.5769 | ETputs(KTEPS) 123561.88
2023-10-13 14:30:14,488 - tune.py [line:103] - INFO: Epoch 01200 | Time(s) 0.0321 | Val Loss 1.1978 | Val Acc 0.5769 | ETputs(KTEPS) 123677.31
2023-10-13 14:30:15,115 - tune.py [line:103] - INFO: Epoch 01220 | Time(s) 0.0321 | Val Loss 1.1895 | Val Acc 0.5817 | ETputs(KTEPS) 123739.43
2023-10-13 14:30:15,719 - tune.py [line:103] - INFO: Epoch 01240 | Time(s) 0.0320 | Val Loss 1.1956 | Val Acc 0.5702 | ETputs(KTEPS) 123855.75
2023-10-13 14:30:16,397 - tune.py [line:103] - INFO: Epoch 01260 | Time(s) 0.0321 | Val Loss 1.1998 | Val Acc 0.5760 | ETputs(KTEPS) 123741.59
2023-10-13 14:30:17,028 - tune.py [line:103] - INFO: Epoch 01280 | Time(s) 0.0321 | Val Loss 1.1931 | Val Acc 0.5808 | ETputs(KTEPS) 123775.17
2023-10-13 14:30:17,623 - tune.py [line:103] - INFO: Epoch 01300 | Time(s) 0.0320 | Val Loss 1.1943 | Val Acc 0.5731 | ETputs(KTEPS) 123914.11
2023-10-13 14:30:18,307 - tune.py [line:103] - INFO: Epoch 01320 | Time(s) 0.0320 | Val Loss 1.1972 | Val Acc 0.5663 | ETputs(KTEPS) 123787.64
2023-10-13 14:30:19,065 - tune.py [line:103] - INFO: Epoch 01340 | Time(s) 0.0321 | Val Loss 1.1962 | Val Acc 0.5740 | ETputs(KTEPS) 123452.69
2023-10-13 14:30:19,799 - tune.py [line:103] - INFO: Epoch 01360 | Time(s) 0.0322 | Val Loss 1.1957 | Val Acc 0.5788 | ETputs(KTEPS) 123198.49
2023-10-13 14:30:20,535 - tune.py [line:103] - INFO: Epoch 01380 | Time(s) 0.0323 | Val Loss 1.1869 | Val Acc 0.5788 | ETputs(KTEPS) 122943.79
2023-10-13 14:30:21,294 - tune.py [line:103] - INFO: Epoch 01400 | Time(s) 0.0323 | Val Loss 1.1886 | Val Acc 0.5827 | ETputs(KTEPS) 122646.53
2023-10-13 14:30:21,920 - tune.py [line:103] - INFO: Epoch 01420 | Time(s) 0.0323 | Val Loss 1.1818 | Val Acc 0.5846 | ETputs(KTEPS) 122704.00
2023-10-13 14:30:22,583 - tune.py [line:103] - INFO: Epoch 01440 | Time(s) 0.0323 | Val Loss 1.1936 | Val Acc 0.5817 | ETputs(KTEPS) 122661.74
2023-10-13 14:30:23,218 - tune.py [line:103] - INFO: Epoch 01460 | Time(s) 0.0323 | Val Loss 1.1904 | Val Acc 0.5788 | ETputs(KTEPS) 122694.03
2023-10-13 14:30:23,892 - tune.py [line:103] - INFO: Epoch 01480 | Time(s) 0.0324 | Val Loss 1.1936 | Val Acc 0.5760 | ETputs(KTEPS) 122626.41
2023-10-13 14:30:24,537 - tune.py [line:103] - INFO: Epoch 01500 | Time(s) 0.0323 | Val Loss 1.1907 | Val Acc 0.5779 | ETputs(KTEPS) 122633.25
2023-10-13 14:30:25,142 - tune.py [line:103] - INFO: Epoch 01520 | Time(s) 0.0323 | Val Loss 1.1942 | Val Acc 0.5654 | ETputs(KTEPS) 122740.87
2023-10-13 14:30:25,808 - tune.py [line:103] - INFO: Epoch 01540 | Time(s) 0.0323 | Val Loss 1.1859 | Val Acc 0.5817 | ETputs(KTEPS) 122692.67
2023-10-13 14:30:26,461 - tune.py [line:103] - INFO: Epoch 01560 | Time(s) 0.0323 | Val Loss 1.1856 | Val Acc 0.5788 | ETputs(KTEPS) 122679.91
2023-10-13 14:30:27,128 - tune.py [line:103] - INFO: Epoch 01580 | Time(s) 0.0323 | Val Loss 1.1910 | Val Acc 0.5875 | ETputs(KTEPS) 122633.56
2023-10-13 14:30:27,848 - tune.py [line:103] - INFO: Epoch 01600 | Time(s) 0.0324 | Val Loss 1.1944 | Val Acc 0.5808 | ETputs(KTEPS) 122468.69
2023-10-13 14:30:28,578 - tune.py [line:103] - INFO: Epoch 01620 | Time(s) 0.0324 | Val Loss 1.1856 | Val Acc 0.5990 | ETputs(KTEPS) 122277.39
2023-10-13 14:30:29,277 - tune.py [line:103] - INFO: Epoch 01640 | Time(s) 0.0325 | Val Loss 1.1865 | Val Acc 0.5846 | ETputs(KTEPS) 122169.22
2023-10-13 14:30:30,024 - tune.py [line:103] - INFO: Epoch 01660 | Time(s) 0.0325 | Val Loss 1.1853 | Val Acc 0.5760 | ETputs(KTEPS) 121949.91
2023-10-13 14:30:30,672 - tune.py [line:103] - INFO: Epoch 01680 | Time(s) 0.0325 | Val Loss 1.1791 | Val Acc 0.5885 | ETputs(KTEPS) 121958.79
2023-10-13 14:30:31,297 - tune.py [line:103] - INFO: Epoch 01700 | Time(s) 0.0325 | Val Loss 1.1871 | Val Acc 0.5808 | ETputs(KTEPS) 122015.10
2023-10-13 14:30:31,915 - tune.py [line:103] - INFO: Epoch 01720 | Time(s) 0.0325 | Val Loss 1.1974 | Val Acc 0.5837 | ETputs(KTEPS) 122087.58
2023-10-13 14:30:32,521 - tune.py [line:103] - INFO: Epoch 01740 | Time(s) 0.0325 | Val Loss 1.1920 | Val Acc 0.5779 | ETputs(KTEPS) 122183.18
2023-10-13 14:30:33,137 - tune.py [line:103] - INFO: Epoch 01760 | Time(s) 0.0324 | Val Loss 1.1852 | Val Acc 0.5837 | ETputs(KTEPS) 122257.36
2023-10-13 14:30:33,790 - tune.py [line:103] - INFO: Epoch 01780 | Time(s) 0.0325 | Val Loss 1.1897 | Val Acc 0.5788 | ETputs(KTEPS) 122251.35
2023-10-13 14:30:34,421 - tune.py [line:103] - INFO: Epoch 01800 | Time(s) 0.0324 | Val Loss 1.1832 | Val Acc 0.5798 | ETputs(KTEPS) 122289.50
2023-10-13 14:30:35,098 - tune.py [line:103] - INFO: Epoch 01820 | Time(s) 0.0325 | Val Loss 1.1900 | Val Acc 0.5788 | ETputs(KTEPS) 122233.69
2023-10-13 14:30:35,854 - tune.py [line:103] - INFO: Epoch 01840 | Time(s) 0.0325 | Val Loss 1.1874 | Val Acc 0.5837 | ETputs(KTEPS) 122015.54
2023-10-13 14:30:36,581 - tune.py [line:103] - INFO: Epoch 01860 | Time(s) 0.0326 | Val Loss 1.1905 | Val Acc 0.5837 | ETputs(KTEPS) 121862.42
2023-10-13 14:30:37,223 - tune.py [line:103] - INFO: Epoch 01880 | Time(s) 0.0325 | Val Loss 1.1811 | Val Acc 0.5779 | ETputs(KTEPS) 121881.60
2023-10-13 14:30:37,835 - tune.py [line:103] - INFO: Epoch 01900 | Time(s) 0.0325 | Val Loss 1.1818 | Val Acc 0.5692 | ETputs(KTEPS) 121959.10
2023-10-13 14:30:38,474 - tune.py [line:103] - INFO: Epoch 01920 | Time(s) 0.0325 | Val Loss 1.1803 | Val Acc 0.5856 | ETputs(KTEPS) 121983.64
2023-10-13 14:30:38,483 - tune.py [line:117] - INFO: [FINAL MODEL] Val accuracy 59.90% \Val loss: 1.2
2023-10-13 14:30:38,490 - tune.py [line:119] - INFO: [FINAL MODEL] Test accuracy 59.37% \Test loss: 1.2
2023-10-13 14:30:38,490 - tune.py [line:144] - INFO: Acc on the first split (Validation Set): 0.5990
2023-10-13 14:30:38,490 - tune.py [line:145] - INFO: Acc on the first split (Test Set): 0.5937
