2023-10-13 14:32:17,578 - tune.py [line:203] - INFO: Namespace(seed=42, model='NormalNNV2', gpu=1, dataset='geom-squirrel', logging=True, log_detail=True, log_detailedCh=False, id_log=1013014503, optuna_n_trials=202, n_epochs=2000, self_loop=False, udgraph=True, early_stop=True, patience=300, n_hidden=64, n_cv=1, start_cv=0, n_layers=16, lr1=0.005, lr2=0.04, wd1=1e-07, wd2=1e-08, dropout=0.0, dropout2=0.4, es_ckpt='woselfloop-geom-squirrel_NormalNNV2-geom-squirrel_trialNo33')
2023-10-13 14:32:20,221 - tune.py [line:128] - INFO: Split_seeds:[1824]
2023-10-13 14:32:20,221 - tune.py [line:129] - INFO: Model_seeds:[409]
2023-10-13 14:32:21,233 - tune.py [line:103] - INFO: Epoch 00020 | Time(s) 0.0488 | Val Loss 1.5863 | Val Acc 0.4654 | ETputs(KTEPS) 81239.02
2023-10-13 14:32:22,279 - tune.py [line:103] - INFO: Epoch 00040 | Time(s) 0.0501 | Val Loss 1.5586 | Val Acc 0.5250 | ETputs(KTEPS) 79206.88
2023-10-13 14:32:23,331 - tune.py [line:103] - INFO: Epoch 00060 | Time(s) 0.0508 | Val Loss 1.5418 | Val Acc 0.4673 | ETputs(KTEPS) 78127.82
2023-10-13 14:32:24,366 - tune.py [line:103] - INFO: Epoch 00080 | Time(s) 0.0510 | Val Loss 1.4922 | Val Acc 0.5481 | ETputs(KTEPS) 77816.43
2023-10-13 14:32:25,364 - tune.py [line:103] - INFO: Epoch 00100 | Time(s) 0.0507 | Val Loss 1.4661 | Val Acc 0.5471 | ETputs(KTEPS) 78217.85
2023-10-13 14:32:26,391 - tune.py [line:103] - INFO: Epoch 00120 | Time(s) 0.0508 | Val Loss 1.4332 | Val Acc 0.5625 | ETputs(KTEPS) 78090.66
2023-10-13 14:32:27,395 - tune.py [line:103] - INFO: Epoch 00140 | Time(s) 0.0507 | Val Loss 1.4080 | Val Acc 0.5548 | ETputs(KTEPS) 78251.16
2023-10-13 14:32:28,432 - tune.py [line:103] - INFO: Epoch 00160 | Time(s) 0.0508 | Val Loss 1.3815 | Val Acc 0.5663 | ETputs(KTEPS) 78052.58
2023-10-13 14:32:29,408 - tune.py [line:103] - INFO: Epoch 00180 | Time(s) 0.0506 | Val Loss 1.3586 | Val Acc 0.5721 | ETputs(KTEPS) 78399.55
2023-10-13 14:32:30,499 - tune.py [line:103] - INFO: Epoch 00200 | Time(s) 0.0510 | Val Loss 1.3395 | Val Acc 0.5769 | ETputs(KTEPS) 77796.71
2023-10-13 14:32:31,527 - tune.py [line:103] - INFO: Epoch 00220 | Time(s) 0.0510 | Val Loss 1.3244 | Val Acc 0.5606 | ETputs(KTEPS) 77750.02
2023-10-13 14:32:32,490 - tune.py [line:103] - INFO: Epoch 00240 | Time(s) 0.0508 | Val Loss 1.3014 | Val Acc 0.5663 | ETputs(KTEPS) 78115.71
2023-10-13 14:32:33,478 - tune.py [line:103] - INFO: Epoch 00260 | Time(s) 0.0507 | Val Loss 1.2843 | Val Acc 0.5798 | ETputs(KTEPS) 78282.39
2023-10-13 14:32:34,466 - tune.py [line:103] - INFO: Epoch 00280 | Time(s) 0.0506 | Val Loss 1.2703 | Val Acc 0.5827 | ETputs(KTEPS) 78442.06
2023-10-13 14:32:35,504 - tune.py [line:103] - INFO: Epoch 00300 | Time(s) 0.0507 | Val Loss 1.2628 | Val Acc 0.5808 | ETputs(KTEPS) 78304.53
2023-10-13 14:32:36,582 - tune.py [line:103] - INFO: Epoch 00320 | Time(s) 0.0509 | Val Loss 1.2479 | Val Acc 0.5721 | ETputs(KTEPS) 77996.39
2023-10-13 14:32:37,498 - tune.py [line:103] - INFO: Epoch 00340 | Time(s) 0.0506 | Val Loss 1.2387 | Val Acc 0.5885 | ETputs(KTEPS) 78460.56
2023-10-13 14:32:38,505 - tune.py [line:103] - INFO: Epoch 00360 | Time(s) 0.0505 | Val Loss 1.2317 | Val Acc 0.5750 | ETputs(KTEPS) 78480.27
2023-10-13 14:32:39,462 - tune.py [line:103] - INFO: Epoch 00380 | Time(s) 0.0504 | Val Loss 1.2357 | Val Acc 0.5712 | ETputs(KTEPS) 78704.11
2023-10-13 14:32:40,485 - tune.py [line:103] - INFO: Epoch 00400 | Time(s) 0.0504 | Val Loss 1.2193 | Val Acc 0.5827 | ETputs(KTEPS) 78646.99
2023-10-13 14:32:41,534 - tune.py [line:103] - INFO: Epoch 00420 | Time(s) 0.0505 | Val Loss 1.2252 | Val Acc 0.5625 | ETputs(KTEPS) 78499.50
2023-10-13 14:32:42,671 - tune.py [line:103] - INFO: Epoch 00440 | Time(s) 0.0508 | Val Loss 1.2273 | Val Acc 0.5721 | ETputs(KTEPS) 78058.93
2023-10-13 14:32:43,708 - tune.py [line:103] - INFO: Epoch 00460 | Time(s) 0.0509 | Val Loss 1.2256 | Val Acc 0.5558 | ETputs(KTEPS) 77993.53
2023-10-13 14:32:44,902 - tune.py [line:103] - INFO: Epoch 00480 | Time(s) 0.0512 | Val Loss 1.2259 | Val Acc 0.5538 | ETputs(KTEPS) 77434.12
2023-10-13 14:32:45,965 - tune.py [line:103] - INFO: Epoch 00500 | Time(s) 0.0513 | Val Loss 1.2267 | Val Acc 0.5500 | ETputs(KTEPS) 77318.68
2023-10-13 14:32:47,053 - tune.py [line:103] - INFO: Epoch 00520 | Time(s) 0.0514 | Val Loss 1.2256 | Val Acc 0.5538 | ETputs(KTEPS) 77140.62
2023-10-13 14:32:48,156 - tune.py [line:103] - INFO: Epoch 00540 | Time(s) 0.0516 | Val Loss 1.2301 | Val Acc 0.5519 | ETputs(KTEPS) 76936.80
2023-10-13 14:32:49,206 - tune.py [line:103] - INFO: Epoch 00560 | Time(s) 0.0516 | Val Loss 1.2330 | Val Acc 0.5577 | ETputs(KTEPS) 76888.92
2023-10-13 14:32:49,701 - tune.py [line:117] - INFO: [FINAL MODEL] Val accuracy 58.94% \Val loss: 1.3
2023-10-13 14:32:49,714 - tune.py [line:119] - INFO: [FINAL MODEL] Test accuracy 58.60% \Test loss: 1.2
2023-10-13 14:32:49,715 - tune.py [line:144] - INFO: Acc on the first split (Validation Set): 0.5894
2023-10-13 14:32:49,715 - tune.py [line:145] - INFO: Acc on the first split (Test Set): 0.5860
