2023-10-13 14:33:24,635 - tune.py [line:203] - INFO: Namespace(seed=42, model='NormalNNV2', gpu=1, dataset='geom-squirrel', logging=True, log_detail=True, log_detailedCh=False, id_log=1013014503, optuna_n_trials=202, n_epochs=2000, self_loop=False, udgraph=True, early_stop=True, patience=300, n_hidden=64, n_cv=1, start_cv=0, n_layers=12, lr1=0.005, lr2=0.03, wd1=1e-06, wd2=1e-07, dropout=0.0, dropout2=0.3, es_ckpt='woselfloop-geom-squirrel_NormalNNV2-geom-squirrel_trialNo35')
2023-10-13 14:33:27,306 - tune.py [line:128] - INFO: Split_seeds:[1824]
2023-10-13 14:33:27,307 - tune.py [line:129] - INFO: Model_seeds:[409]
2023-10-13 14:33:28,025 - tune.py [line:103] - INFO: Epoch 00020 | Time(s) 0.0343 | Val Loss 1.5940 | Val Acc 0.4538 | ETputs(KTEPS) 115696.55
2023-10-13 14:33:28,744 - tune.py [line:103] - INFO: Epoch 00040 | Time(s) 0.0347 | Val Loss 1.5728 | Val Acc 0.5288 | ETputs(KTEPS) 114437.33
2023-10-13 14:33:29,565 - tune.py [line:103] - INFO: Epoch 00060 | Time(s) 0.0367 | Val Loss 1.5506 | Val Acc 0.5433 | ETputs(KTEPS) 108202.51
2023-10-13 14:33:30,493 - tune.py [line:103] - INFO: Epoch 00080 | Time(s) 0.0390 | Val Loss 1.5264 | Val Acc 0.5750 | ETputs(KTEPS) 101674.92
2023-10-13 14:33:31,319 - tune.py [line:103] - INFO: Epoch 00100 | Time(s) 0.0394 | Val Loss 1.5077 | Val Acc 0.5712 | ETputs(KTEPS) 100569.24
2023-10-13 14:33:32,175 - tune.py [line:103] - INFO: Epoch 00120 | Time(s) 0.0400 | Val Loss 1.4845 | Val Acc 0.5779 | ETputs(KTEPS) 99261.83
2023-10-13 14:33:32,987 - tune.py [line:103] - INFO: Epoch 00140 | Time(s) 0.0401 | Val Loss 1.4628 | Val Acc 0.5692 | ETputs(KTEPS) 99041.61
2023-10-13 14:33:33,842 - tune.py [line:103] - INFO: Epoch 00160 | Time(s) 0.0404 | Val Loss 1.4388 | Val Acc 0.5808 | ETputs(KTEPS) 98232.81
2023-10-13 14:33:34,658 - tune.py [line:103] - INFO: Epoch 00180 | Time(s) 0.0404 | Val Loss 1.4221 | Val Acc 0.5760 | ETputs(KTEPS) 98123.69
2023-10-13 14:33:35,474 - tune.py [line:103] - INFO: Epoch 00200 | Time(s) 0.0405 | Val Loss 1.4036 | Val Acc 0.5923 | ETputs(KTEPS) 98032.99
2023-10-13 14:33:36,301 - tune.py [line:103] - INFO: Epoch 00220 | Time(s) 0.0405 | Val Loss 1.3852 | Val Acc 0.5846 | ETputs(KTEPS) 97841.62
2023-10-13 14:33:37,114 - tune.py [line:103] - INFO: Epoch 00240 | Time(s) 0.0406 | Val Loss 1.3694 | Val Acc 0.5712 | ETputs(KTEPS) 97828.49
2023-10-13 14:33:37,933 - tune.py [line:103] - INFO: Epoch 00260 | Time(s) 0.0406 | Val Loss 1.3582 | Val Acc 0.5952 | ETputs(KTEPS) 97818.75
2023-10-13 14:33:38,757 - tune.py [line:103] - INFO: Epoch 00280 | Time(s) 0.0406 | Val Loss 1.3381 | Val Acc 0.5875 | ETputs(KTEPS) 97711.56
2023-10-13 14:33:39,581 - tune.py [line:103] - INFO: Epoch 00300 | Time(s) 0.0406 | Val Loss 1.3225 | Val Acc 0.5875 | ETputs(KTEPS) 97620.09
2023-10-13 14:33:40,382 - tune.py [line:103] - INFO: Epoch 00320 | Time(s) 0.0406 | Val Loss 1.3073 | Val Acc 0.5856 | ETputs(KTEPS) 97709.90
2023-10-13 14:33:41,156 - tune.py [line:103] - INFO: Epoch 00340 | Time(s) 0.0405 | Val Loss 1.2907 | Val Acc 0.5933 | ETputs(KTEPS) 97984.47
2023-10-13 14:33:42,025 - tune.py [line:103] - INFO: Epoch 00360 | Time(s) 0.0407 | Val Loss 1.2880 | Val Acc 0.5865 | ETputs(KTEPS) 97589.16
2023-10-13 14:33:42,922 - tune.py [line:103] - INFO: Epoch 00380 | Time(s) 0.0409 | Val Loss 1.2692 | Val Acc 0.5837 | ETputs(KTEPS) 97063.53
2023-10-13 14:33:43,771 - tune.py [line:103] - INFO: Epoch 00400 | Time(s) 0.0409 | Val Loss 1.2581 | Val Acc 0.5865 | ETputs(KTEPS) 96905.81
2023-10-13 14:33:44,573 - tune.py [line:103] - INFO: Epoch 00420 | Time(s) 0.0409 | Val Loss 1.2419 | Val Acc 0.5981 | ETputs(KTEPS) 97001.77
2023-10-13 14:33:45,319 - tune.py [line:103] - INFO: Epoch 00440 | Time(s) 0.0407 | Val Loss 1.2431 | Val Acc 0.5933 | ETputs(KTEPS) 97415.83
2023-10-13 14:33:46,104 - tune.py [line:103] - INFO: Epoch 00460 | Time(s) 0.0407 | Val Loss 1.2292 | Val Acc 0.5894 | ETputs(KTEPS) 97574.29
2023-10-13 14:33:46,983 - tune.py [line:103] - INFO: Epoch 00480 | Time(s) 0.0408 | Val Loss 1.2159 | Val Acc 0.6019 | ETputs(KTEPS) 97267.42
2023-10-13 14:33:47,866 - tune.py [line:103] - INFO: Epoch 00500 | Time(s) 0.0409 | Val Loss 1.2126 | Val Acc 0.6096 | ETputs(KTEPS) 96947.16
2023-10-13 14:33:48,692 - tune.py [line:103] - INFO: Epoch 00520 | Time(s) 0.0409 | Val Loss 1.1939 | Val Acc 0.6010 | ETputs(KTEPS) 96915.65
2023-10-13 14:33:49,575 - tune.py [line:103] - INFO: Epoch 00540 | Time(s) 0.0411 | Val Loss 1.1942 | Val Acc 0.6010 | ETputs(KTEPS) 96636.64
2023-10-13 14:33:50,532 - tune.py [line:103] - INFO: Epoch 00560 | Time(s) 0.0413 | Val Loss 1.2034 | Val Acc 0.5904 | ETputs(KTEPS) 96071.74
2023-10-13 14:33:51,442 - tune.py [line:103] - INFO: Epoch 00580 | Time(s) 0.0414 | Val Loss 1.1803 | Val Acc 0.6019 | ETputs(KTEPS) 95738.77
2023-10-13 14:33:52,328 - tune.py [line:103] - INFO: Epoch 00600 | Time(s) 0.0415 | Val Loss 1.1796 | Val Acc 0.6029 | ETputs(KTEPS) 95520.29
2023-10-13 14:33:53,245 - tune.py [line:103] - INFO: Epoch 00620 | Time(s) 0.0417 | Val Loss 1.1738 | Val Acc 0.5981 | ETputs(KTEPS) 95204.16
2023-10-13 14:33:54,194 - tune.py [line:103] - INFO: Epoch 00640 | Time(s) 0.0418 | Val Loss 1.1680 | Val Acc 0.5923 | ETputs(KTEPS) 94793.40
2023-10-13 14:33:55,032 - tune.py [line:103] - INFO: Epoch 00660 | Time(s) 0.0418 | Val Loss 1.1687 | Val Acc 0.5865 | ETputs(KTEPS) 94792.70
2023-10-13 14:33:55,924 - tune.py [line:103] - INFO: Epoch 00680 | Time(s) 0.0419 | Val Loss 1.1575 | Val Acc 0.6067 | ETputs(KTEPS) 94612.98
2023-10-13 14:33:56,848 - tune.py [line:103] - INFO: Epoch 00700 | Time(s) 0.0421 | Val Loss 1.1539 | Val Acc 0.6029 | ETputs(KTEPS) 94340.22
2023-10-13 14:33:57,645 - tune.py [line:103] - INFO: Epoch 00720 | Time(s) 0.0420 | Val Loss 1.1538 | Val Acc 0.5904 | ETputs(KTEPS) 94477.31
2023-10-13 14:33:58,505 - tune.py [line:103] - INFO: Epoch 00740 | Time(s) 0.0420 | Val Loss 1.1452 | Val Acc 0.6067 | ETputs(KTEPS) 94419.29
2023-10-13 14:33:59,381 - tune.py [line:103] - INFO: Epoch 00760 | Time(s) 0.0421 | Val Loss 1.1462 | Val Acc 0.6077 | ETputs(KTEPS) 94324.77
2023-10-13 14:34:00,206 - tune.py [line:103] - INFO: Epoch 00780 | Time(s) 0.0420 | Val Loss 1.1413 | Val Acc 0.6067 | ETputs(KTEPS) 94374.05
2023-10-13 14:34:01,011 - tune.py [line:103] - INFO: Epoch 00800 | Time(s) 0.0420 | Val Loss 1.1371 | Val Acc 0.6029 | ETputs(KTEPS) 94473.67
2023-10-13 14:34:01,877 - tune.py [line:103] - INFO: Epoch 00820 | Time(s) 0.0420 | Val Loss 1.1468 | Val Acc 0.5923 | ETputs(KTEPS) 94404.84
2023-10-13 14:34:02,712 - tune.py [line:103] - INFO: Epoch 00840 | Time(s) 0.0420 | Val Loss 1.1325 | Val Acc 0.6048 | ETputs(KTEPS) 94427.25
2023-10-13 14:34:03,539 - tune.py [line:103] - INFO: Epoch 00860 | Time(s) 0.0420 | Val Loss 1.1414 | Val Acc 0.6087 | ETputs(KTEPS) 94470.42
2023-10-13 14:34:04,369 - tune.py [line:103] - INFO: Epoch 00880 | Time(s) 0.0420 | Val Loss 1.1300 | Val Acc 0.6087 | ETputs(KTEPS) 94495.17
2023-10-13 14:34:05,188 - tune.py [line:103] - INFO: Epoch 00900 | Time(s) 0.0420 | Val Loss 1.1303 | Val Acc 0.6000 | ETputs(KTEPS) 94548.89
2023-10-13 14:34:06,012 - tune.py [line:103] - INFO: Epoch 00920 | Time(s) 0.0419 | Val Loss 1.1286 | Val Acc 0.6010 | ETputs(KTEPS) 94586.74
2023-10-13 14:34:06,848 - tune.py [line:103] - INFO: Epoch 00940 | Time(s) 0.0419 | Val Loss 1.1318 | Val Acc 0.5942 | ETputs(KTEPS) 94596.10
2023-10-13 14:34:07,686 - tune.py [line:103] - INFO: Epoch 00960 | Time(s) 0.0419 | Val Loss 1.1252 | Val Acc 0.6058 | ETputs(KTEPS) 94599.38
2023-10-13 14:34:08,567 - tune.py [line:103] - INFO: Epoch 00980 | Time(s) 0.0420 | Val Loss 1.1389 | Val Acc 0.6106 | ETputs(KTEPS) 94502.46
2023-10-13 14:34:09,396 - tune.py [line:103] - INFO: Epoch 01000 | Time(s) 0.0420 | Val Loss 1.1193 | Val Acc 0.6192 | ETputs(KTEPS) 94527.86
2023-10-13 14:34:10,212 - tune.py [line:103] - INFO: Epoch 01020 | Time(s) 0.0419 | Val Loss 1.1214 | Val Acc 0.6048 | ETputs(KTEPS) 94582.10
2023-10-13 14:34:11,046 - tune.py [line:103] - INFO: Epoch 01040 | Time(s) 0.0419 | Val Loss 1.1224 | Val Acc 0.6048 | ETputs(KTEPS) 94593.32
2023-10-13 14:34:11,869 - tune.py [line:103] - INFO: Epoch 01060 | Time(s) 0.0419 | Val Loss 1.1308 | Val Acc 0.6029 | ETputs(KTEPS) 94628.36
2023-10-13 14:34:12,675 - tune.py [line:103] - INFO: Epoch 01080 | Time(s) 0.0419 | Val Loss 1.1276 | Val Acc 0.6000 | ETputs(KTEPS) 94695.92
2023-10-13 14:34:13,440 - tune.py [line:103] - INFO: Epoch 01100 | Time(s) 0.0418 | Val Loss 1.1295 | Val Acc 0.6087 | ETputs(KTEPS) 94848.78
2023-10-13 14:34:14,307 - tune.py [line:103] - INFO: Epoch 01120 | Time(s) 0.0419 | Val Loss 1.1323 | Val Acc 0.6038 | ETputs(KTEPS) 94786.88
2023-10-13 14:34:15,224 - tune.py [line:103] - INFO: Epoch 01140 | Time(s) 0.0419 | Val Loss 1.1233 | Val Acc 0.6038 | ETputs(KTEPS) 94629.50
2023-10-13 14:34:15,903 - tune.py [line:117] - INFO: [FINAL MODEL] Val accuracy 62.02% \Val loss: 1.1
2023-10-13 14:34:15,913 - tune.py [line:119] - INFO: [FINAL MODEL] Test accuracy 62.54% \Test loss: 1.1
2023-10-13 14:34:15,914 - tune.py [line:144] - INFO: Acc on the first split (Validation Set): 0.6202
2023-10-13 14:34:15,914 - tune.py [line:145] - INFO: Acc on the first split (Test Set): 0.6254
