2023-10-13 14:25:27,931 - tune.py [line:203] - INFO: Namespace(seed=42, model='NormalNNV2', gpu=1, dataset='geom-squirrel', logging=True, log_detail=True, log_detailedCh=False, id_log=1013014503, optuna_n_trials=202, n_epochs=2000, self_loop=False, udgraph=True, early_stop=True, patience=300, n_hidden=64, n_cv=1, start_cv=0, n_layers=20, lr1=0.0005, lr2=0.005, wd1=1e-07, wd2=0.0001, dropout=0.2, dropout2=0.7, es_ckpt='woselfloop-geom-squirrel_NormalNNV2-geom-squirrel_trialNo5')
2023-10-13 14:25:30,572 - tune.py [line:128] - INFO: Split_seeds:[1824]
2023-10-13 14:25:30,572 - tune.py [line:129] - INFO: Model_seeds:[409]
2023-10-13 14:25:31,844 - tune.py [line:103] - INFO: Epoch 00020 | Time(s) 0.0623 | Val Loss 1.6075 | Val Acc 0.2269 | ETputs(KTEPS) 63645.63
2023-10-13 14:25:33,111 - tune.py [line:103] - INFO: Epoch 00040 | Time(s) 0.0622 | Val Loss 1.6046 | Val Acc 0.3125 | ETputs(KTEPS) 63735.33
2023-10-13 14:25:34,352 - tune.py [line:103] - INFO: Epoch 00060 | Time(s) 0.0618 | Val Loss 1.6014 | Val Acc 0.3538 | ETputs(KTEPS) 64193.35
2023-10-13 14:25:35,569 - tune.py [line:103] - INFO: Epoch 00080 | Time(s) 0.0614 | Val Loss 1.5978 | Val Acc 0.4019 | ETputs(KTEPS) 64612.62
2023-10-13 14:25:36,755 - tune.py [line:103] - INFO: Epoch 00100 | Time(s) 0.0608 | Val Loss 1.5933 | Val Acc 0.4433 | ETputs(KTEPS) 65278.48
2023-10-13 14:25:37,953 - tune.py [line:103] - INFO: Epoch 00120 | Time(s) 0.0605 | Val Loss 1.5883 | Val Acc 0.4798 | ETputs(KTEPS) 65605.01
2023-10-13 14:25:39,070 - tune.py [line:103] - INFO: Epoch 00140 | Time(s) 0.0597 | Val Loss 1.5843 | Val Acc 0.5010 | ETputs(KTEPS) 66428.19
2023-10-13 14:25:40,109 - tune.py [line:103] - INFO: Epoch 00160 | Time(s) 0.0587 | Val Loss 1.5779 | Val Acc 0.5288 | ETputs(KTEPS) 67585.01
2023-10-13 14:25:41,316 - tune.py [line:103] - INFO: Epoch 00180 | Time(s) 0.0588 | Val Loss 1.5736 | Val Acc 0.5327 | ETputs(KTEPS) 67410.00
2023-10-13 14:25:42,358 - tune.py [line:103] - INFO: Epoch 00200 | Time(s) 0.0582 | Val Loss 1.5692 | Val Acc 0.5298 | ETputs(KTEPS) 68205.92
2023-10-13 14:25:43,367 - tune.py [line:103] - INFO: Epoch 00220 | Time(s) 0.0575 | Val Loss 1.5641 | Val Acc 0.5404 | ETputs(KTEPS) 69050.25
2023-10-13 14:25:44,369 - tune.py [line:103] - INFO: Epoch 00240 | Time(s) 0.0568 | Val Loss 1.5599 | Val Acc 0.5394 | ETputs(KTEPS) 69808.48
2023-10-13 14:25:45,618 - tune.py [line:103] - INFO: Epoch 00260 | Time(s) 0.0573 | Val Loss 1.5560 | Val Acc 0.5385 | ETputs(KTEPS) 69293.54
2023-10-13 14:25:46,820 - tune.py [line:103] - INFO: Epoch 00280 | Time(s) 0.0574 | Val Loss 1.5513 | Val Acc 0.5500 | ETputs(KTEPS) 69061.07
2023-10-13 14:25:48,044 - tune.py [line:103] - INFO: Epoch 00300 | Time(s) 0.0577 | Val Loss 1.5479 | Val Acc 0.5375 | ETputs(KTEPS) 68761.82
2023-10-13 14:25:49,250 - tune.py [line:103] - INFO: Epoch 00320 | Time(s) 0.0579 | Val Loss 1.5433 | Val Acc 0.5452 | ETputs(KTEPS) 68568.76
2023-10-13 14:25:50,443 - tune.py [line:103] - INFO: Epoch 00340 | Time(s) 0.0580 | Val Loss 1.5402 | Val Acc 0.5337 | ETputs(KTEPS) 68447.30
2023-10-13 14:25:51,642 - tune.py [line:103] - INFO: Epoch 00360 | Time(s) 0.0581 | Val Loss 1.5353 | Val Acc 0.5442 | ETputs(KTEPS) 68319.12
2023-10-13 14:25:52,818 - tune.py [line:103] - INFO: Epoch 00380 | Time(s) 0.0581 | Val Loss 1.5319 | Val Acc 0.5423 | ETputs(KTEPS) 68273.14
2023-10-13 14:25:54,069 - tune.py [line:103] - INFO: Epoch 00400 | Time(s) 0.0583 | Val Loss 1.5276 | Val Acc 0.5519 | ETputs(KTEPS) 68016.74
2023-10-13 14:25:55,343 - tune.py [line:103] - INFO: Epoch 00420 | Time(s) 0.0586 | Val Loss 1.5247 | Val Acc 0.5404 | ETputs(KTEPS) 67719.78
2023-10-13 14:25:56,641 - tune.py [line:103] - INFO: Epoch 00440 | Time(s) 0.0589 | Val Loss 1.5207 | Val Acc 0.5490 | ETputs(KTEPS) 67392.03
2023-10-13 14:25:57,882 - tune.py [line:103] - INFO: Epoch 00460 | Time(s) 0.0590 | Val Loss 1.5187 | Val Acc 0.5490 | ETputs(KTEPS) 67233.66
2023-10-13 14:25:58,992 - tune.py [line:103] - INFO: Epoch 00480 | Time(s) 0.0589 | Val Loss 1.5148 | Val Acc 0.5433 | ETputs(KTEPS) 67402.82
2023-10-13 14:26:00,245 - tune.py [line:103] - INFO: Epoch 00500 | Time(s) 0.0590 | Val Loss 1.5140 | Val Acc 0.5365 | ETputs(KTEPS) 67229.92
2023-10-13 14:26:01,438 - tune.py [line:103] - INFO: Epoch 00520 | Time(s) 0.0590 | Val Loss 1.5091 | Val Acc 0.5385 | ETputs(KTEPS) 67203.53
2023-10-13 14:26:02,669 - tune.py [line:103] - INFO: Epoch 00540 | Time(s) 0.0591 | Val Loss 1.5057 | Val Acc 0.5413 | ETputs(KTEPS) 67099.58
2023-10-13 14:26:03,988 - tune.py [line:103] - INFO: Epoch 00560 | Time(s) 0.0594 | Val Loss 1.5111 | Val Acc 0.5212 | ETputs(KTEPS) 66825.39
2023-10-13 14:26:05,401 - tune.py [line:117] - INFO: [FINAL MODEL] Val accuracy 55.38% \Val loss: 1.6
2023-10-13 14:26:05,418 - tune.py [line:119] - INFO: [FINAL MODEL] Test accuracy 56.29% \Test loss: 1.5
2023-10-13 14:26:05,418 - tune.py [line:144] - INFO: Acc on the first split (Validation Set): 0.5538
2023-10-13 14:26:05,419 - tune.py [line:145] - INFO: Acc on the first split (Test Set): 0.5629
