2023-10-13 14:34:30,920 - tune.py [line:203] - INFO: Namespace(seed=42, model='NormalNNV2', gpu=1, dataset='geom-squirrel', logging=True, log_detail=True, log_detailedCh=False, id_log=1013014503, optuna_n_trials=202, n_epochs=2000, self_loop=False, udgraph=True, early_stop=True, patience=300, n_hidden=64, n_cv=1, start_cv=0, n_layers=12, lr1=0.02, lr2=0.03, wd1=1e-06, wd2=0.0001, dropout=0.2, dropout2=0.3, es_ckpt='woselfloop-geom-squirrel_NormalNNV2-geom-squirrel_trialNo40')
2023-10-13 14:34:33,462 - tune.py [line:128] - INFO: Split_seeds:[1824]
2023-10-13 14:34:33,462 - tune.py [line:129] - INFO: Model_seeds:[409]
2023-10-13 14:34:34,279 - tune.py [line:103] - INFO: Epoch 00020 | Time(s) 0.0383 | Val Loss 1.5953 | Val Acc 0.4587 | ETputs(KTEPS) 103455.64
2023-10-13 14:34:34,994 - tune.py [line:103] - INFO: Epoch 00040 | Time(s) 0.0365 | Val Loss 1.5730 | Val Acc 0.5519 | ETputs(KTEPS) 108727.04
2023-10-13 14:34:35,788 - tune.py [line:103] - INFO: Epoch 00060 | Time(s) 0.0374 | Val Loss 1.5515 | Val Acc 0.5423 | ETputs(KTEPS) 106148.88
2023-10-13 14:34:36,537 - tune.py [line:103] - INFO: Epoch 00080 | Time(s) 0.0374 | Val Loss 1.5291 | Val Acc 0.5606 | ETputs(KTEPS) 106077.90
2023-10-13 14:34:37,399 - tune.py [line:103] - INFO: Epoch 00100 | Time(s) 0.0385 | Val Loss 1.5096 | Val Acc 0.5587 | ETputs(KTEPS) 103041.85
2023-10-13 14:34:38,212 - tune.py [line:103] - INFO: Epoch 00120 | Time(s) 0.0389 | Val Loss 1.4937 | Val Acc 0.5596 | ETputs(KTEPS) 102086.10
2023-10-13 14:34:39,083 - tune.py [line:103] - INFO: Epoch 00140 | Time(s) 0.0395 | Val Loss 1.4772 | Val Acc 0.5587 | ETputs(KTEPS) 100371.24
2023-10-13 14:34:39,915 - tune.py [line:103] - INFO: Epoch 00160 | Time(s) 0.0398 | Val Loss 1.4648 | Val Acc 0.5519 | ETputs(KTEPS) 99721.16
2023-10-13 14:34:40,760 - tune.py [line:103] - INFO: Epoch 00180 | Time(s) 0.0401 | Val Loss 1.4500 | Val Acc 0.5538 | ETputs(KTEPS) 99051.66
2023-10-13 14:34:41,618 - tune.py [line:103] - INFO: Epoch 00200 | Time(s) 0.0403 | Val Loss 1.4387 | Val Acc 0.5635 | ETputs(KTEPS) 98360.54
2023-10-13 14:34:42,429 - tune.py [line:103] - INFO: Epoch 00220 | Time(s) 0.0404 | Val Loss 1.4290 | Val Acc 0.5625 | ETputs(KTEPS) 98307.52
2023-10-13 14:34:43,240 - tune.py [line:103] - INFO: Epoch 00240 | Time(s) 0.0404 | Val Loss 1.4259 | Val Acc 0.5587 | ETputs(KTEPS) 98276.79
2023-10-13 14:34:44,043 - tune.py [line:103] - INFO: Epoch 00260 | Time(s) 0.0403 | Val Loss 1.4155 | Val Acc 0.5615 | ETputs(KTEPS) 98384.57
2023-10-13 14:34:44,869 - tune.py [line:103] - INFO: Epoch 00280 | Time(s) 0.0404 | Val Loss 1.4132 | Val Acc 0.5702 | ETputs(KTEPS) 98241.65
2023-10-13 14:34:45,694 - tune.py [line:103] - INFO: Epoch 00300 | Time(s) 0.0404 | Val Loss 1.4049 | Val Acc 0.5712 | ETputs(KTEPS) 98105.38
2023-10-13 14:34:46,479 - tune.py [line:103] - INFO: Epoch 00320 | Time(s) 0.0404 | Val Loss 1.4002 | Val Acc 0.5779 | ETputs(KTEPS) 98287.56
2023-10-13 14:34:47,273 - tune.py [line:103] - INFO: Epoch 00340 | Time(s) 0.0403 | Val Loss 1.3915 | Val Acc 0.5837 | ETputs(KTEPS) 98397.99
2023-10-13 14:34:48,089 - tune.py [line:103] - INFO: Epoch 00360 | Time(s) 0.0403 | Val Loss 1.3938 | Val Acc 0.5750 | ETputs(KTEPS) 98337.64
2023-10-13 14:34:48,921 - tune.py [line:103] - INFO: Epoch 00380 | Time(s) 0.0404 | Val Loss 1.3903 | Val Acc 0.5683 | ETputs(KTEPS) 98177.13
2023-10-13 14:34:49,728 - tune.py [line:103] - INFO: Epoch 00400 | Time(s) 0.0404 | Val Loss 1.3888 | Val Acc 0.5760 | ETputs(KTEPS) 98191.03
2023-10-13 14:34:50,533 - tune.py [line:103] - INFO: Epoch 00420 | Time(s) 0.0404 | Val Loss 1.3852 | Val Acc 0.5721 | ETputs(KTEPS) 98208.58
2023-10-13 14:34:51,341 - tune.py [line:103] - INFO: Epoch 00440 | Time(s) 0.0404 | Val Loss 1.3828 | Val Acc 0.5760 | ETputs(KTEPS) 98208.57
2023-10-13 14:34:52,156 - tune.py [line:103] - INFO: Epoch 00460 | Time(s) 0.0404 | Val Loss 1.3822 | Val Acc 0.5788 | ETputs(KTEPS) 98174.96
2023-10-13 14:34:52,993 - tune.py [line:103] - INFO: Epoch 00480 | Time(s) 0.0405 | Val Loss 1.3852 | Val Acc 0.5779 | ETputs(KTEPS) 98034.12
2023-10-13 14:34:53,867 - tune.py [line:103] - INFO: Epoch 00500 | Time(s) 0.0406 | Val Loss 1.3823 | Val Acc 0.5798 | ETputs(KTEPS) 97735.83
2023-10-13 14:34:54,654 - tune.py [line:103] - INFO: Epoch 00520 | Time(s) 0.0405 | Val Loss 1.3758 | Val Acc 0.5894 | ETputs(KTEPS) 97852.16
2023-10-13 14:34:55,388 - tune.py [line:103] - INFO: Epoch 00540 | Time(s) 0.0404 | Val Loss 1.3789 | Val Acc 0.5760 | ETputs(KTEPS) 98199.68
2023-10-13 14:34:56,318 - tune.py [line:103] - INFO: Epoch 00560 | Time(s) 0.0406 | Val Loss 1.3808 | Val Acc 0.5760 | ETputs(KTEPS) 97676.25
2023-10-13 14:34:57,228 - tune.py [line:103] - INFO: Epoch 00580 | Time(s) 0.0408 | Val Loss 1.3778 | Val Acc 0.5817 | ETputs(KTEPS) 97273.88
2023-10-13 14:34:58,219 - tune.py [line:103] - INFO: Epoch 00600 | Time(s) 0.0411 | Val Loss 1.3749 | Val Acc 0.5740 | ETputs(KTEPS) 96584.18
2023-10-13 14:34:59,188 - tune.py [line:103] - INFO: Epoch 00620 | Time(s) 0.0413 | Val Loss 1.3762 | Val Acc 0.5846 | ETputs(KTEPS) 96031.56
2023-10-13 14:35:00,135 - tune.py [line:103] - INFO: Epoch 00640 | Time(s) 0.0415 | Val Loss 1.3717 | Val Acc 0.5740 | ETputs(KTEPS) 95594.94
2023-10-13 14:35:00,969 - tune.py [line:103] - INFO: Epoch 00660 | Time(s) 0.0415 | Val Loss 1.3761 | Val Acc 0.5760 | ETputs(KTEPS) 95583.84
2023-10-13 14:35:01,803 - tune.py [line:103] - INFO: Epoch 00680 | Time(s) 0.0415 | Val Loss 1.3755 | Val Acc 0.5894 | ETputs(KTEPS) 95574.34
2023-10-13 14:35:02,622 - tune.py [line:103] - INFO: Epoch 00700 | Time(s) 0.0415 | Val Loss 1.3738 | Val Acc 0.5933 | ETputs(KTEPS) 95620.00
2023-10-13 14:35:03,435 - tune.py [line:103] - INFO: Epoch 00720 | Time(s) 0.0415 | Val Loss 1.3787 | Val Acc 0.5692 | ETputs(KTEPS) 95676.36
2023-10-13 14:35:04,230 - tune.py [line:103] - INFO: Epoch 00740 | Time(s) 0.0414 | Val Loss 1.3757 | Val Acc 0.5692 | ETputs(KTEPS) 95785.32
2023-10-13 14:35:05,115 - tune.py [line:103] - INFO: Epoch 00760 | Time(s) 0.0415 | Val Loss 1.3775 | Val Acc 0.5740 | ETputs(KTEPS) 95613.46
2023-10-13 14:35:06,073 - tune.py [line:103] - INFO: Epoch 00780 | Time(s) 0.0417 | Val Loss 1.3812 | Val Acc 0.5663 | ETputs(KTEPS) 95239.40
2023-10-13 14:35:06,940 - tune.py [line:103] - INFO: Epoch 00800 | Time(s) 0.0417 | Val Loss 1.3797 | Val Acc 0.5721 | ETputs(KTEPS) 95142.18
2023-10-13 14:35:07,851 - tune.py [line:103] - INFO: Epoch 00820 | Time(s) 0.0418 | Val Loss 1.3812 | Val Acc 0.5837 | ETputs(KTEPS) 94930.82
2023-10-13 14:35:08,713 - tune.py [line:103] - INFO: Epoch 00840 | Time(s) 0.0418 | Val Loss 1.3791 | Val Acc 0.5808 | ETputs(KTEPS) 94860.47
2023-10-13 14:35:09,516 - tune.py [line:103] - INFO: Epoch 00860 | Time(s) 0.0418 | Val Loss 1.3759 | Val Acc 0.5913 | ETputs(KTEPS) 94950.58
2023-10-13 14:35:10,309 - tune.py [line:103] - INFO: Epoch 00880 | Time(s) 0.0417 | Val Loss 1.3818 | Val Acc 0.5913 | ETputs(KTEPS) 95063.28
2023-10-13 14:35:11,137 - tune.py [line:103] - INFO: Epoch 00900 | Time(s) 0.0417 | Val Loss 1.3839 | Val Acc 0.5750 | ETputs(KTEPS) 95080.49
2023-10-13 14:35:11,943 - tune.py [line:103] - INFO: Epoch 00920 | Time(s) 0.0417 | Val Loss 1.3863 | Val Acc 0.5817 | ETputs(KTEPS) 95153.66
2023-10-13 14:35:12,769 - tune.py [line:103] - INFO: Epoch 00940 | Time(s) 0.0417 | Val Loss 1.3885 | Val Acc 0.5731 | ETputs(KTEPS) 95173.43
2023-10-13 14:35:13,624 - tune.py [line:103] - INFO: Epoch 00960 | Time(s) 0.0417 | Val Loss 1.3897 | Val Acc 0.5702 | ETputs(KTEPS) 95124.90
2023-10-13 14:35:14,459 - tune.py [line:103] - INFO: Epoch 00980 | Time(s) 0.0417 | Val Loss 1.3912 | Val Acc 0.5798 | ETputs(KTEPS) 95123.30
2023-10-13 14:35:15,226 - tune.py [line:117] - INFO: [FINAL MODEL] Val accuracy 59.90% \Val loss: 1.4
2023-10-13 14:35:15,235 - tune.py [line:119] - INFO: [FINAL MODEL] Test accuracy 59.75% \Test loss: 1.4
2023-10-13 14:35:15,236 - tune.py [line:144] - INFO: Acc on the first split (Validation Set): 0.5990
2023-10-13 14:35:15,236 - tune.py [line:145] - INFO: Acc on the first split (Test Set): 0.5975
