2023-10-13 14:46:41,460 - tune.py [line:203] - INFO: Namespace(seed=42, model='NormalNNV2', gpu=1, dataset='geom-squirrel', logging=True, log_detail=True, log_detailedCh=False, id_log=1013014503, optuna_n_trials=202, n_epochs=2000, self_loop=False, udgraph=True, early_stop=True, patience=300, n_hidden=64, n_cv=1, start_cv=0, n_layers=12, lr1=0.005, lr2=0.03, wd1=1e-06, wd2=1e-08, dropout=0.0, dropout2=0.3, es_ckpt='woselfloop-geom-squirrel_NormalNNV2-geom-squirrel_trialNo126')
2023-10-13 14:46:44,038 - tune.py [line:128] - INFO: Split_seeds:[1824]
2023-10-13 14:46:44,038 - tune.py [line:129] - INFO: Model_seeds:[409]
2023-10-13 14:46:45,039 - tune.py [line:103] - INFO: Epoch 00020 | Time(s) 0.0406 | Val Loss 1.5940 | Val Acc 0.4510 | ETputs(KTEPS) 97681.29
2023-10-13 14:46:45,847 - tune.py [line:103] - INFO: Epoch 00040 | Time(s) 0.0402 | Val Loss 1.5740 | Val Acc 0.5087 | ETputs(KTEPS) 98758.65
2023-10-13 14:46:46,673 - tune.py [line:103] - INFO: Epoch 00060 | Time(s) 0.0404 | Val Loss 1.5537 | Val Acc 0.5317 | ETputs(KTEPS) 98208.67
2023-10-13 14:46:47,542 - tune.py [line:103] - INFO: Epoch 00080 | Time(s) 0.0411 | Val Loss 1.5321 | Val Acc 0.5471 | ETputs(KTEPS) 96569.28
2023-10-13 14:46:48,383 - tune.py [line:103] - INFO: Epoch 00100 | Time(s) 0.0412 | Val Loss 1.5067 | Val Acc 0.5654 | ETputs(KTEPS) 96249.02
2023-10-13 14:46:49,188 - tune.py [line:103] - INFO: Epoch 00120 | Time(s) 0.0410 | Val Loss 1.4845 | Val Acc 0.5788 | ETputs(KTEPS) 96720.23
2023-10-13 14:46:50,004 - tune.py [line:103] - INFO: Epoch 00140 | Time(s) 0.0410 | Val Loss 1.4616 | Val Acc 0.5654 | ETputs(KTEPS) 96803.13
2023-10-13 14:46:50,828 - tune.py [line:103] - INFO: Epoch 00160 | Time(s) 0.0410 | Val Loss 1.4409 | Val Acc 0.5731 | ETputs(KTEPS) 96738.84
2023-10-13 14:46:51,624 - tune.py [line:103] - INFO: Epoch 00180 | Time(s) 0.0408 | Val Loss 1.4225 | Val Acc 0.5721 | ETputs(KTEPS) 97121.22
2023-10-13 14:46:52,427 - tune.py [line:103] - INFO: Epoch 00200 | Time(s) 0.0408 | Val Loss 1.4035 | Val Acc 0.5779 | ETputs(KTEPS) 97293.84
2023-10-13 14:46:53,201 - tune.py [line:103] - INFO: Epoch 00220 | Time(s) 0.0406 | Val Loss 1.3834 | Val Acc 0.5913 | ETputs(KTEPS) 97747.07
2023-10-13 14:46:54,024 - tune.py [line:103] - INFO: Epoch 00240 | Time(s) 0.0406 | Val Loss 1.3678 | Val Acc 0.5817 | ETputs(KTEPS) 97637.69
2023-10-13 14:46:54,884 - tune.py [line:103] - INFO: Epoch 00260 | Time(s) 0.0408 | Val Loss 1.3583 | Val Acc 0.5885 | ETputs(KTEPS) 97243.17
2023-10-13 14:46:55,719 - tune.py [line:103] - INFO: Epoch 00280 | Time(s) 0.0409 | Val Loss 1.3394 | Val Acc 0.5798 | ETputs(KTEPS) 97093.30
2023-10-13 14:46:56,536 - tune.py [line:103] - INFO: Epoch 00300 | Time(s) 0.0409 | Val Loss 1.3256 | Val Acc 0.5846 | ETputs(KTEPS) 97091.49
2023-10-13 14:46:57,366 - tune.py [line:103] - INFO: Epoch 00320 | Time(s) 0.0409 | Val Loss 1.3037 | Val Acc 0.5952 | ETputs(KTEPS) 97002.36
2023-10-13 14:46:58,195 - tune.py [line:103] - INFO: Epoch 00340 | Time(s) 0.0409 | Val Loss 1.2975 | Val Acc 0.5827 | ETputs(KTEPS) 96927.58
2023-10-13 14:46:59,002 - tune.py [line:103] - INFO: Epoch 00360 | Time(s) 0.0409 | Val Loss 1.2886 | Val Acc 0.5817 | ETputs(KTEPS) 97005.94
2023-10-13 14:46:59,814 - tune.py [line:103] - INFO: Epoch 00380 | Time(s) 0.0409 | Val Loss 1.2735 | Val Acc 0.5808 | ETputs(KTEPS) 97047.03
2023-10-13 14:47:00,774 - tune.py [line:103] - INFO: Epoch 00400 | Time(s) 0.0412 | Val Loss 1.2608 | Val Acc 0.5923 | ETputs(KTEPS) 96214.91
2023-10-13 14:47:01,607 - tune.py [line:103] - INFO: Epoch 00420 | Time(s) 0.0413 | Val Loss 1.2428 | Val Acc 0.5952 | ETputs(KTEPS) 96167.65
2023-10-13 14:47:02,412 - tune.py [line:103] - INFO: Epoch 00440 | Time(s) 0.0412 | Val Loss 1.2454 | Val Acc 0.5846 | ETputs(KTEPS) 96289.33
2023-10-13 14:47:03,219 - tune.py [line:103] - INFO: Epoch 00460 | Time(s) 0.0412 | Val Loss 1.2254 | Val Acc 0.5837 | ETputs(KTEPS) 96378.47
2023-10-13 14:47:04,054 - tune.py [line:103] - INFO: Epoch 00480 | Time(s) 0.0412 | Val Loss 1.2206 | Val Acc 0.5942 | ETputs(KTEPS) 96322.10
2023-10-13 14:47:04,859 - tune.py [line:103] - INFO: Epoch 00500 | Time(s) 0.0411 | Val Loss 1.2154 | Val Acc 0.5981 | ETputs(KTEPS) 96413.71
2023-10-13 14:47:05,764 - tune.py [line:103] - INFO: Epoch 00520 | Time(s) 0.0413 | Val Loss 1.2030 | Val Acc 0.5923 | ETputs(KTEPS) 96049.05
2023-10-13 14:47:06,550 - tune.py [line:103] - INFO: Epoch 00540 | Time(s) 0.0412 | Val Loss 1.2006 | Val Acc 0.5913 | ETputs(KTEPS) 96223.91
2023-10-13 14:47:07,397 - tune.py [line:103] - INFO: Epoch 00560 | Time(s) 0.0413 | Val Loss 1.2010 | Val Acc 0.5981 | ETputs(KTEPS) 96140.13
2023-10-13 14:47:08,232 - tune.py [line:103] - INFO: Epoch 00580 | Time(s) 0.0413 | Val Loss 1.1856 | Val Acc 0.5990 | ETputs(KTEPS) 96103.33
2023-10-13 14:47:09,038 - tune.py [line:103] - INFO: Epoch 00600 | Time(s) 0.0412 | Val Loss 1.1784 | Val Acc 0.5971 | ETputs(KTEPS) 96191.48
2023-10-13 14:47:09,841 - tune.py [line:103] - INFO: Epoch 00620 | Time(s) 0.0412 | Val Loss 1.1802 | Val Acc 0.5923 | ETputs(KTEPS) 96276.02
2023-10-13 14:47:10,702 - tune.py [line:103] - INFO: Epoch 00640 | Time(s) 0.0413 | Val Loss 1.1739 | Val Acc 0.5846 | ETputs(KTEPS) 96142.80
2023-10-13 14:47:11,582 - tune.py [line:103] - INFO: Epoch 00660 | Time(s) 0.0413 | Val Loss 1.1686 | Val Acc 0.5981 | ETputs(KTEPS) 95952.72
2023-10-13 14:47:12,409 - tune.py [line:103] - INFO: Epoch 00680 | Time(s) 0.0413 | Val Loss 1.1570 | Val Acc 0.5952 | ETputs(KTEPS) 95955.18
2023-10-13 14:47:13,210 - tune.py [line:103] - INFO: Epoch 00700 | Time(s) 0.0413 | Val Loss 1.1558 | Val Acc 0.5962 | ETputs(KTEPS) 96041.92
2023-10-13 14:47:14,133 - tune.py [line:103] - INFO: Epoch 00720 | Time(s) 0.0414 | Val Loss 1.1517 | Val Acc 0.5894 | ETputs(KTEPS) 95731.88
2023-10-13 14:47:15,072 - tune.py [line:103] - INFO: Epoch 00740 | Time(s) 0.0416 | Val Loss 1.1545 | Val Acc 0.6087 | ETputs(KTEPS) 95390.11
2023-10-13 14:47:15,984 - tune.py [line:103] - INFO: Epoch 00760 | Time(s) 0.0417 | Val Loss 1.1507 | Val Acc 0.6048 | ETputs(KTEPS) 95167.99
2023-10-13 14:47:16,899 - tune.py [line:103] - INFO: Epoch 00780 | Time(s) 0.0418 | Val Loss 1.1492 | Val Acc 0.6125 | ETputs(KTEPS) 94939.03
2023-10-13 14:47:17,762 - tune.py [line:103] - INFO: Epoch 00800 | Time(s) 0.0418 | Val Loss 1.1407 | Val Acc 0.6048 | ETputs(KTEPS) 94867.21
2023-10-13 14:47:18,632 - tune.py [line:103] - INFO: Epoch 00820 | Time(s) 0.0419 | Val Loss 1.1396 | Val Acc 0.6019 | ETputs(KTEPS) 94777.09
2023-10-13 14:47:19,495 - tune.py [line:103] - INFO: Epoch 00840 | Time(s) 0.0419 | Val Loss 1.1365 | Val Acc 0.6077 | ETputs(KTEPS) 94707.82
2023-10-13 14:47:20,365 - tune.py [line:103] - INFO: Epoch 00860 | Time(s) 0.0419 | Val Loss 1.1532 | Val Acc 0.5990 | ETputs(KTEPS) 94625.39
2023-10-13 14:47:21,266 - tune.py [line:103] - INFO: Epoch 00880 | Time(s) 0.0420 | Val Loss 1.1315 | Val Acc 0.6048 | ETputs(KTEPS) 94464.88
2023-10-13 14:47:22,090 - tune.py [line:103] - INFO: Epoch 00900 | Time(s) 0.0420 | Val Loss 1.1356 | Val Acc 0.5971 | ETputs(KTEPS) 94508.24
2023-10-13 14:47:22,918 - tune.py [line:103] - INFO: Epoch 00920 | Time(s) 0.0420 | Val Loss 1.1318 | Val Acc 0.6087 | ETputs(KTEPS) 94536.50
2023-10-13 14:47:23,722 - tune.py [line:103] - INFO: Epoch 00940 | Time(s) 0.0419 | Val Loss 1.1316 | Val Acc 0.5952 | ETputs(KTEPS) 94622.22
2023-10-13 14:47:24,538 - tune.py [line:103] - INFO: Epoch 00960 | Time(s) 0.0419 | Val Loss 1.1351 | Val Acc 0.5942 | ETputs(KTEPS) 94677.04
2023-10-13 14:47:25,353 - tune.py [line:103] - INFO: Epoch 00980 | Time(s) 0.0419 | Val Loss 1.1459 | Val Acc 0.6048 | ETputs(KTEPS) 94731.28
2023-10-13 14:47:26,168 - tune.py [line:103] - INFO: Epoch 01000 | Time(s) 0.0419 | Val Loss 1.1274 | Val Acc 0.6038 | ETputs(KTEPS) 94783.03
2023-10-13 14:47:27,004 - tune.py [line:103] - INFO: Epoch 01020 | Time(s) 0.0419 | Val Loss 1.1279 | Val Acc 0.6144 | ETputs(KTEPS) 94787.19
2023-10-13 14:47:27,887 - tune.py [line:103] - INFO: Epoch 01040 | Time(s) 0.0419 | Val Loss 1.1400 | Val Acc 0.6038 | ETputs(KTEPS) 94694.78
2023-10-13 14:47:28,736 - tune.py [line:103] - INFO: Epoch 01060 | Time(s) 0.0419 | Val Loss 1.1473 | Val Acc 0.5865 | ETputs(KTEPS) 94673.28
2023-10-13 14:47:29,657 - tune.py [line:103] - INFO: Epoch 01080 | Time(s) 0.0420 | Val Loss 1.1489 | Val Acc 0.6106 | ETputs(KTEPS) 94499.88
2023-10-13 14:47:30,593 - tune.py [line:103] - INFO: Epoch 01100 | Time(s) 0.0421 | Val Loss 1.1508 | Val Acc 0.6058 | ETputs(KTEPS) 94305.09
2023-10-13 14:47:31,529 - tune.py [line:103] - INFO: Epoch 01120 | Time(s) 0.0422 | Val Loss 1.1461 | Val Acc 0.6000 | ETputs(KTEPS) 94116.78
2023-10-13 14:47:32,436 - tune.py [line:103] - INFO: Epoch 01140 | Time(s) 0.0422 | Val Loss 1.1404 | Val Acc 0.6038 | ETputs(KTEPS) 93993.28
2023-10-13 14:47:33,223 - tune.py [line:103] - INFO: Epoch 01160 | Time(s) 0.0422 | Val Loss 1.1296 | Val Acc 0.6058 | ETputs(KTEPS) 94102.70
2023-10-13 14:47:34,037 - tune.py [line:103] - INFO: Epoch 01180 | Time(s) 0.0421 | Val Loss 1.1340 | Val Acc 0.6067 | ETputs(KTEPS) 94159.42
2023-10-13 14:47:34,866 - tune.py [line:103] - INFO: Epoch 01200 | Time(s) 0.0421 | Val Loss 1.1358 | Val Acc 0.6029 | ETputs(KTEPS) 94185.73
2023-10-13 14:47:35,689 - tune.py [line:103] - INFO: Epoch 01220 | Time(s) 0.0421 | Val Loss 1.1359 | Val Acc 0.6058 | ETputs(KTEPS) 94222.92
2023-10-13 14:47:36,534 - tune.py [line:103] - INFO: Epoch 01240 | Time(s) 0.0421 | Val Loss 1.1325 | Val Acc 0.6087 | ETputs(KTEPS) 94218.52
2023-10-13 14:47:37,359 - tune.py [line:103] - INFO: Epoch 01260 | Time(s) 0.0421 | Val Loss 1.1373 | Val Acc 0.6087 | ETputs(KTEPS) 94249.77
2023-10-13 14:47:38,173 - tune.py [line:103] - INFO: Epoch 01280 | Time(s) 0.0421 | Val Loss 1.1302 | Val Acc 0.6106 | ETputs(KTEPS) 94299.58
2023-10-13 14:47:38,904 - tune.py [line:103] - INFO: Epoch 01300 | Time(s) 0.0420 | Val Loss 1.1296 | Val Acc 0.5962 | ETputs(KTEPS) 94491.86
2023-10-13 14:47:39,795 - tune.py [line:103] - INFO: Epoch 01320 | Time(s) 0.0420 | Val Loss 1.1400 | Val Acc 0.6058 | ETputs(KTEPS) 94405.20
2023-10-13 14:47:39,942 - tune.py [line:117] - INFO: [FINAL MODEL] Val accuracy 62.02% \Val loss: 1.1
2023-10-13 14:47:39,950 - tune.py [line:119] - INFO: [FINAL MODEL] Test accuracy 61.86% \Test loss: 1.1
2023-10-13 14:47:39,951 - tune.py [line:144] - INFO: Acc on the first split (Validation Set): 0.6202
2023-10-13 14:47:39,951 - tune.py [line:145] - INFO: Acc on the first split (Test Set): 0.6186
