2023-10-13 14:38:45,678 - tune.py [line:203] - INFO: Namespace(seed=42, model='NormalNNV2', gpu=1, dataset='geom-squirrel', logging=True, log_detail=True, log_detailedCh=False, id_log=1013014503, optuna_n_trials=202, n_epochs=2000, self_loop=False, udgraph=True, early_stop=True, patience=300, n_hidden=64, n_cv=1, start_cv=0, n_layers=12, lr1=0.03, lr2=0.03, wd1=1e-06, wd2=0.0001, dropout=0.2, dropout2=0.3, es_ckpt='woselfloop-geom-squirrel_NormalNNV2-geom-squirrel_trialNo54')
2023-10-13 14:38:48,350 - tune.py [line:128] - INFO: Split_seeds:[1824]
2023-10-13 14:38:48,350 - tune.py [line:129] - INFO: Model_seeds:[409]
2023-10-13 14:38:49,180 - tune.py [line:103] - INFO: Epoch 00020 | Time(s) 0.0398 | Val Loss 1.5949 | Val Acc 0.4519 | ETputs(KTEPS) 99773.64
2023-10-13 14:38:49,995 - tune.py [line:103] - INFO: Epoch 00040 | Time(s) 0.0396 | Val Loss 1.5724 | Val Acc 0.5394 | ETputs(KTEPS) 100146.44
2023-10-13 14:38:50,891 - tune.py [line:103] - INFO: Epoch 00060 | Time(s) 0.0412 | Val Loss 1.5501 | Val Acc 0.5404 | ETputs(KTEPS) 96359.27
2023-10-13 14:38:51,685 - tune.py [line:103] - INFO: Epoch 00080 | Time(s) 0.0407 | Val Loss 1.5269 | Val Acc 0.5683 | ETputs(KTEPS) 97366.20
2023-10-13 14:38:52,573 - tune.py [line:103] - INFO: Epoch 00100 | Time(s) 0.0415 | Val Loss 1.5076 | Val Acc 0.5644 | ETputs(KTEPS) 95695.44
2023-10-13 14:38:53,470 - tune.py [line:103] - INFO: Epoch 00120 | Time(s) 0.0419 | Val Loss 1.4906 | Val Acc 0.5587 | ETputs(KTEPS) 94593.05
2023-10-13 14:38:54,335 - tune.py [line:103] - INFO: Epoch 00140 | Time(s) 0.0421 | Val Loss 1.4750 | Val Acc 0.5615 | ETputs(KTEPS) 94186.07
2023-10-13 14:38:55,221 - tune.py [line:103] - INFO: Epoch 00160 | Time(s) 0.0424 | Val Loss 1.4607 | Val Acc 0.5596 | ETputs(KTEPS) 93587.15
2023-10-13 14:38:56,108 - tune.py [line:103] - INFO: Epoch 00180 | Time(s) 0.0426 | Val Loss 1.4464 | Val Acc 0.5721 | ETputs(KTEPS) 93117.64
2023-10-13 14:38:56,952 - tune.py [line:103] - INFO: Epoch 00200 | Time(s) 0.0426 | Val Loss 1.4604 | Val Acc 0.5029 | ETputs(KTEPS) 93207.57
2023-10-13 14:38:57,784 - tune.py [line:103] - INFO: Epoch 00220 | Time(s) 0.0425 | Val Loss 1.4415 | Val Acc 0.5490 | ETputs(KTEPS) 93409.33
2023-10-13 14:38:58,693 - tune.py [line:103] - INFO: Epoch 00240 | Time(s) 0.0427 | Val Loss 1.4269 | Val Acc 0.5548 | ETputs(KTEPS) 92870.99
2023-10-13 14:38:59,570 - tune.py [line:103] - INFO: Epoch 00260 | Time(s) 0.0428 | Val Loss 1.4151 | Val Acc 0.5635 | ETputs(KTEPS) 92681.80
2023-10-13 14:39:00,393 - tune.py [line:103] - INFO: Epoch 00280 | Time(s) 0.0427 | Val Loss 1.4050 | Val Acc 0.5683 | ETputs(KTEPS) 92943.34
2023-10-13 14:39:01,217 - tune.py [line:103] - INFO: Epoch 00300 | Time(s) 0.0426 | Val Loss 1.3972 | Val Acc 0.5692 | ETputs(KTEPS) 93167.05
2023-10-13 14:39:02,024 - tune.py [line:103] - INFO: Epoch 00320 | Time(s) 0.0424 | Val Loss 1.3906 | Val Acc 0.5817 | ETputs(KTEPS) 93475.27
2023-10-13 14:39:02,828 - tune.py [line:103] - INFO: Epoch 00340 | Time(s) 0.0423 | Val Loss 1.3843 | Val Acc 0.5692 | ETputs(KTEPS) 93782.30
2023-10-13 14:39:03,623 - tune.py [line:103] - INFO: Epoch 00360 | Time(s) 0.0422 | Val Loss 1.3769 | Val Acc 0.5750 | ETputs(KTEPS) 94101.38
2023-10-13 14:39:04,439 - tune.py [line:103] - INFO: Epoch 00380 | Time(s) 0.0421 | Val Loss 1.3789 | Val Acc 0.5837 | ETputs(KTEPS) 94268.02
2023-10-13 14:39:05,255 - tune.py [line:103] - INFO: Epoch 00400 | Time(s) 0.0420 | Val Loss 1.3711 | Val Acc 0.5894 | ETputs(KTEPS) 94454.81
2023-10-13 14:39:06,080 - tune.py [line:103] - INFO: Epoch 00420 | Time(s) 0.0420 | Val Loss 1.3688 | Val Acc 0.5865 | ETputs(KTEPS) 94548.22
2023-10-13 14:39:06,902 - tune.py [line:103] - INFO: Epoch 00440 | Time(s) 0.0419 | Val Loss 1.3617 | Val Acc 0.5952 | ETputs(KTEPS) 94641.02
2023-10-13 14:39:07,699 - tune.py [line:103] - INFO: Epoch 00460 | Time(s) 0.0418 | Val Loss 1.3642 | Val Acc 0.5846 | ETputs(KTEPS) 94843.03
2023-10-13 14:39:08,497 - tune.py [line:103] - INFO: Epoch 00480 | Time(s) 0.0417 | Val Loss 1.3581 | Val Acc 0.5808 | ETputs(KTEPS) 95031.32
2023-10-13 14:39:09,310 - tune.py [line:103] - INFO: Epoch 00500 | Time(s) 0.0417 | Val Loss 1.3544 | Val Acc 0.5933 | ETputs(KTEPS) 95142.09
2023-10-13 14:39:10,103 - tune.py [line:103] - INFO: Epoch 00520 | Time(s) 0.0416 | Val Loss 1.3516 | Val Acc 0.5904 | ETputs(KTEPS) 95325.92
2023-10-13 14:39:10,975 - tune.py [line:103] - INFO: Epoch 00540 | Time(s) 0.0417 | Val Loss 1.3485 | Val Acc 0.5894 | ETputs(KTEPS) 95170.87
2023-10-13 14:39:11,817 - tune.py [line:103] - INFO: Epoch 00560 | Time(s) 0.0417 | Val Loss 1.3504 | Val Acc 0.6087 | ETputs(KTEPS) 95144.51
2023-10-13 14:39:12,505 - tune.py [line:103] - INFO: Epoch 00580 | Time(s) 0.0414 | Val Loss 1.3458 | Val Acc 0.5981 | ETputs(KTEPS) 95732.40
2023-10-13 14:39:13,204 - tune.py [line:103] - INFO: Epoch 00600 | Time(s) 0.0412 | Val Loss 1.3449 | Val Acc 0.6106 | ETputs(KTEPS) 96236.46
2023-10-13 14:39:13,891 - tune.py [line:103] - INFO: Epoch 00620 | Time(s) 0.0410 | Val Loss 1.3488 | Val Acc 0.5894 | ETputs(KTEPS) 96777.01
2023-10-13 14:39:14,795 - tune.py [line:103] - INFO: Epoch 00640 | Time(s) 0.0411 | Val Loss 1.3446 | Val Acc 0.6087 | ETputs(KTEPS) 96468.73
2023-10-13 14:39:15,736 - tune.py [line:103] - INFO: Epoch 00660 | Time(s) 0.0413 | Val Loss 1.3466 | Val Acc 0.5981 | ETputs(KTEPS) 96049.41
2023-10-13 14:39:16,569 - tune.py [line:103] - INFO: Epoch 00680 | Time(s) 0.0413 | Val Loss 1.3421 | Val Acc 0.5990 | ETputs(KTEPS) 96027.96
2023-10-13 14:39:17,433 - tune.py [line:103] - INFO: Epoch 00700 | Time(s) 0.0414 | Val Loss 1.3418 | Val Acc 0.6038 | ETputs(KTEPS) 95905.91
2023-10-13 14:39:18,259 - tune.py [line:103] - INFO: Epoch 00720 | Time(s) 0.0414 | Val Loss 1.3518 | Val Acc 0.5788 | ETputs(KTEPS) 95909.68
2023-10-13 14:39:19,125 - tune.py [line:103] - INFO: Epoch 00740 | Time(s) 0.0414 | Val Loss 1.3423 | Val Acc 0.6019 | ETputs(KTEPS) 95790.67
2023-10-13 14:39:19,931 - tune.py [line:103] - INFO: Epoch 00760 | Time(s) 0.0414 | Val Loss 1.3454 | Val Acc 0.6058 | ETputs(KTEPS) 95861.47
2023-10-13 14:39:20,802 - tune.py [line:103] - INFO: Epoch 00780 | Time(s) 0.0414 | Val Loss 1.3452 | Val Acc 0.6019 | ETputs(KTEPS) 95732.45
2023-10-13 14:39:21,745 - tune.py [line:103] - INFO: Epoch 00800 | Time(s) 0.0416 | Val Loss 1.3591 | Val Acc 0.5865 | ETputs(KTEPS) 95405.75
2023-10-13 14:39:22,546 - tune.py [line:103] - INFO: Epoch 00820 | Time(s) 0.0415 | Val Loss 1.3492 | Val Acc 0.5962 | ETputs(KTEPS) 95493.78
2023-10-13 14:39:23,309 - tune.py [line:103] - INFO: Epoch 00840 | Time(s) 0.0415 | Val Loss 1.3475 | Val Acc 0.5971 | ETputs(KTEPS) 95681.66
2023-10-13 14:39:24,148 - tune.py [line:103] - INFO: Epoch 00860 | Time(s) 0.0415 | Val Loss 1.3436 | Val Acc 0.6048 | ETputs(KTEPS) 95657.61
2023-10-13 14:39:24,937 - tune.py [line:103] - INFO: Epoch 00880 | Time(s) 0.0414 | Val Loss 1.3486 | Val Acc 0.5952 | ETputs(KTEPS) 95764.45
2023-10-13 14:39:25,758 - tune.py [line:103] - INFO: Epoch 00900 | Time(s) 0.0414 | Val Loss 1.3478 | Val Acc 0.6010 | ETputs(KTEPS) 95786.10
2023-10-13 14:39:25,809 - tune.py [line:117] - INFO: [FINAL MODEL] Val accuracy 61.15% \Val loss: 1.3
2023-10-13 14:39:25,818 - tune.py [line:119] - INFO: [FINAL MODEL] Test accuracy 60.90% \Test loss: 1.3
2023-10-13 14:39:25,819 - tune.py [line:144] - INFO: Acc on the first split (Validation Set): 0.6115
2023-10-13 14:39:25,819 - tune.py [line:145] - INFO: Acc on the first split (Test Set): 0.6090
