2023-10-13 14:26:05,552 - tune.py [line:203] - INFO: Namespace(seed=42, model='NormalNNV2', gpu=1, dataset='geom-squirrel', logging=True, log_detail=True, log_detailedCh=False, id_log=1013014503, optuna_n_trials=202, n_epochs=2000, self_loop=False, udgraph=True, early_stop=True, patience=300, n_hidden=64, n_cv=1, start_cv=0, n_layers=8, lr1=0.0005, lr2=0.04, wd1=1e-05, wd2=1e-06, dropout=0.9, dropout2=0.2, es_ckpt='woselfloop-geom-squirrel_NormalNNV2-geom-squirrel_trialNo6')
2023-10-13 14:26:08,243 - tune.py [line:128] - INFO: Split_seeds:[1824]
2023-10-13 14:26:08,243 - tune.py [line:129] - INFO: Model_seeds:[409]
2023-10-13 14:26:08,877 - tune.py [line:103] - INFO: Epoch 00020 | Time(s) 0.0306 | Val Loss 1.6038 | Val Acc 0.2346 | ETputs(KTEPS) 129545.19
2023-10-13 14:26:09,487 - tune.py [line:103] - INFO: Epoch 00040 | Time(s) 0.0303 | Val Loss 1.5981 | Val Acc 0.2471 | ETputs(KTEPS) 130845.55
2023-10-13 14:26:10,155 - tune.py [line:103] - INFO: Epoch 00060 | Time(s) 0.0313 | Val Loss 1.5926 | Val Acc 0.2471 | ETputs(KTEPS) 126743.71
2023-10-13 14:26:10,776 - tune.py [line:103] - INFO: Epoch 00080 | Time(s) 0.0311 | Val Loss 1.5873 | Val Acc 0.2538 | ETputs(KTEPS) 127391.69
2023-10-13 14:26:11,399 - tune.py [line:103] - INFO: Epoch 00100 | Time(s) 0.0311 | Val Loss 1.5821 | Val Acc 0.2548 | ETputs(KTEPS) 127498.01
2023-10-13 14:26:12,064 - tune.py [line:103] - INFO: Epoch 00120 | Time(s) 0.0313 | Val Loss 1.5769 | Val Acc 0.2644 | ETputs(KTEPS) 126575.45
2023-10-13 14:26:12,677 - tune.py [line:103] - INFO: Epoch 00140 | Time(s) 0.0312 | Val Loss 1.5726 | Val Acc 0.2721 | ETputs(KTEPS) 127269.11
2023-10-13 14:26:13,273 - tune.py [line:103] - INFO: Epoch 00160 | Time(s) 0.0310 | Val Loss 1.5681 | Val Acc 0.2721 | ETputs(KTEPS) 128029.68
2023-10-13 14:26:14,067 - tune.py [line:103] - INFO: Epoch 00180 | Time(s) 0.0320 | Val Loss 1.5635 | Val Acc 0.2712 | ETputs(KTEPS) 124160.17
2023-10-13 14:26:14,731 - tune.py [line:103] - INFO: Epoch 00200 | Time(s) 0.0321 | Val Loss 1.5601 | Val Acc 0.2683 | ETputs(KTEPS) 123693.71
2023-10-13 14:26:15,385 - tune.py [line:103] - INFO: Epoch 00220 | Time(s) 0.0321 | Val Loss 1.5549 | Val Acc 0.2644 | ETputs(KTEPS) 123480.40
2023-10-13 14:26:16,033 - tune.py [line:103] - INFO: Epoch 00240 | Time(s) 0.0321 | Val Loss 1.5531 | Val Acc 0.2750 | ETputs(KTEPS) 123462.59
2023-10-13 14:26:16,693 - tune.py [line:103] - INFO: Epoch 00260 | Time(s) 0.0322 | Val Loss 1.5512 | Val Acc 0.2798 | ETputs(KTEPS) 123318.92
2023-10-13 14:26:17,330 - tune.py [line:103] - INFO: Epoch 00280 | Time(s) 0.0321 | Val Loss 1.5460 | Val Acc 0.2837 | ETputs(KTEPS) 123444.13
2023-10-13 14:26:17,964 - tune.py [line:103] - INFO: Epoch 00300 | Time(s) 0.0321 | Val Loss 1.5448 | Val Acc 0.2846 | ETputs(KTEPS) 123618.33
2023-10-13 14:26:18,596 - tune.py [line:103] - INFO: Epoch 00320 | Time(s) 0.0320 | Val Loss 1.5408 | Val Acc 0.2885 | ETputs(KTEPS) 123845.15
2023-10-13 14:26:19,218 - tune.py [line:103] - INFO: Epoch 00340 | Time(s) 0.0320 | Val Loss 1.5368 | Val Acc 0.2913 | ETputs(KTEPS) 124107.19
2023-10-13 14:26:19,834 - tune.py [line:103] - INFO: Epoch 00360 | Time(s) 0.0319 | Val Loss 1.5357 | Val Acc 0.2990 | ETputs(KTEPS) 124449.40
2023-10-13 14:26:20,452 - tune.py [line:103] - INFO: Epoch 00380 | Time(s) 0.0318 | Val Loss 1.5330 | Val Acc 0.2971 | ETputs(KTEPS) 124738.28
2023-10-13 14:26:21,083 - tune.py [line:103] - INFO: Epoch 00400 | Time(s) 0.0318 | Val Loss 1.5289 | Val Acc 0.3010 | ETputs(KTEPS) 124797.27
2023-10-13 14:26:21,694 - tune.py [line:103] - INFO: Epoch 00420 | Time(s) 0.0317 | Val Loss 1.5305 | Val Acc 0.3058 | ETputs(KTEPS) 125084.04
2023-10-13 14:26:22,247 - tune.py [line:103] - INFO: Epoch 00440 | Time(s) 0.0315 | Val Loss 1.5265 | Val Acc 0.3077 | ETputs(KTEPS) 125864.40
2023-10-13 14:26:22,753 - tune.py [line:103] - INFO: Epoch 00460 | Time(s) 0.0312 | Val Loss 1.5255 | Val Acc 0.3106 | ETputs(KTEPS) 126970.07
2023-10-13 14:26:23,277 - tune.py [line:103] - INFO: Epoch 00480 | Time(s) 0.0310 | Val Loss 1.5141 | Val Acc 0.3221 | ETputs(KTEPS) 127950.16
2023-10-13 14:26:23,872 - tune.py [line:103] - INFO: Epoch 00500 | Time(s) 0.0309 | Val Loss 1.5214 | Val Acc 0.3087 | ETputs(KTEPS) 128182.21
2023-10-13 14:26:24,475 - tune.py [line:103] - INFO: Epoch 00520 | Time(s) 0.0309 | Val Loss 1.5137 | Val Acc 0.3231 | ETputs(KTEPS) 128314.94
2023-10-13 14:26:25,107 - tune.py [line:103] - INFO: Epoch 00540 | Time(s) 0.0309 | Val Loss 1.5164 | Val Acc 0.3183 | ETputs(KTEPS) 128212.80
2023-10-13 14:26:25,732 - tune.py [line:103] - INFO: Epoch 00560 | Time(s) 0.0309 | Val Loss 1.5174 | Val Acc 0.3154 | ETputs(KTEPS) 128188.43
2023-10-13 14:26:26,367 - tune.py [line:103] - INFO: Epoch 00580 | Time(s) 0.0310 | Val Loss 1.5105 | Val Acc 0.3212 | ETputs(KTEPS) 128073.01
2023-10-13 14:26:26,874 - tune.py [line:103] - INFO: Epoch 00600 | Time(s) 0.0308 | Val Loss 1.5136 | Val Acc 0.3183 | ETputs(KTEPS) 128858.61
2023-10-13 14:26:27,436 - tune.py [line:103] - INFO: Epoch 00620 | Time(s) 0.0307 | Val Loss 1.5018 | Val Acc 0.3231 | ETputs(KTEPS) 129229.04
2023-10-13 14:26:28,067 - tune.py [line:103] - INFO: Epoch 00640 | Time(s) 0.0307 | Val Loss 1.5033 | Val Acc 0.3288 | ETputs(KTEPS) 129119.05
2023-10-13 14:26:28,682 - tune.py [line:103] - INFO: Epoch 00660 | Time(s) 0.0307 | Val Loss 1.5039 | Val Acc 0.3202 | ETputs(KTEPS) 129120.70
2023-10-13 14:26:29,296 - tune.py [line:103] - INFO: Epoch 00680 | Time(s) 0.0307 | Val Loss 1.5091 | Val Acc 0.3192 | ETputs(KTEPS) 129128.66
2023-10-13 14:26:29,900 - tune.py [line:103] - INFO: Epoch 00700 | Time(s) 0.0307 | Val Loss 1.5041 | Val Acc 0.3202 | ETputs(KTEPS) 129195.66
2023-10-13 14:26:30,528 - tune.py [line:103] - INFO: Epoch 00720 | Time(s) 0.0307 | Val Loss 1.4988 | Val Acc 0.3269 | ETputs(KTEPS) 129141.17
2023-10-13 14:26:31,181 - tune.py [line:103] - INFO: Epoch 00740 | Time(s) 0.0308 | Val Loss 1.5071 | Val Acc 0.3202 | ETputs(KTEPS) 128928.47
2023-10-13 14:26:31,812 - tune.py [line:103] - INFO: Epoch 00760 | Time(s) 0.0308 | Val Loss 1.4977 | Val Acc 0.3260 | ETputs(KTEPS) 128847.16
2023-10-13 14:26:32,464 - tune.py [line:103] - INFO: Epoch 00780 | Time(s) 0.0308 | Val Loss 1.5035 | Val Acc 0.3279 | ETputs(KTEPS) 128654.07
2023-10-13 14:26:33,032 - tune.py [line:103] - INFO: Epoch 00800 | Time(s) 0.0308 | Val Loss 1.5024 | Val Acc 0.3288 | ETputs(KTEPS) 128910.59
2023-10-13 14:26:33,694 - tune.py [line:103] - INFO: Epoch 00820 | Time(s) 0.0308 | Val Loss 1.5076 | Val Acc 0.3260 | ETputs(KTEPS) 128700.35
2023-10-13 14:26:34,278 - tune.py [line:103] - INFO: Epoch 00840 | Time(s) 0.0308 | Val Loss 1.4962 | Val Acc 0.3337 | ETputs(KTEPS) 128863.12
2023-10-13 14:26:34,903 - tune.py [line:103] - INFO: Epoch 00860 | Time(s) 0.0308 | Val Loss 1.4945 | Val Acc 0.3308 | ETputs(KTEPS) 128860.71
2023-10-13 14:26:35,525 - tune.py [line:103] - INFO: Epoch 00880 | Time(s) 0.0308 | Val Loss 1.4918 | Val Acc 0.3413 | ETputs(KTEPS) 128847.10
2023-10-13 14:26:36,130 - tune.py [line:103] - INFO: Epoch 00900 | Time(s) 0.0308 | Val Loss 1.4996 | Val Acc 0.3298 | ETputs(KTEPS) 128896.10
2023-10-13 14:26:36,774 - tune.py [line:103] - INFO: Epoch 00920 | Time(s) 0.0308 | Val Loss 1.5012 | Val Acc 0.3298 | ETputs(KTEPS) 128771.45
2023-10-13 14:26:37,389 - tune.py [line:103] - INFO: Epoch 00940 | Time(s) 0.0308 | Val Loss 1.4944 | Val Acc 0.3365 | ETputs(KTEPS) 128780.60
2023-10-13 14:26:38,023 - tune.py [line:103] - INFO: Epoch 00960 | Time(s) 0.0308 | Val Loss 1.4997 | Val Acc 0.3337 | ETputs(KTEPS) 128704.30
2023-10-13 14:26:38,628 - tune.py [line:103] - INFO: Epoch 00980 | Time(s) 0.0308 | Val Loss 1.5033 | Val Acc 0.3356 | ETputs(KTEPS) 128768.18
2023-10-13 14:26:39,229 - tune.py [line:103] - INFO: Epoch 01000 | Time(s) 0.0308 | Val Loss 1.4971 | Val Acc 0.3433 | ETputs(KTEPS) 128873.35
2023-10-13 14:26:39,833 - tune.py [line:103] - INFO: Epoch 01020 | Time(s) 0.0308 | Val Loss 1.4908 | Val Acc 0.3413 | ETputs(KTEPS) 128925.74
2023-10-13 14:26:40,340 - tune.py [line:103] - INFO: Epoch 01040 | Time(s) 0.0307 | Val Loss 1.4963 | Val Acc 0.3356 | ETputs(KTEPS) 129363.70
2023-10-13 14:26:40,846 - tune.py [line:103] - INFO: Epoch 01060 | Time(s) 0.0306 | Val Loss 1.4991 | Val Acc 0.3385 | ETputs(KTEPS) 129797.07
2023-10-13 14:26:41,364 - tune.py [line:103] - INFO: Epoch 01080 | Time(s) 0.0305 | Val Loss 1.4919 | Val Acc 0.3510 | ETputs(KTEPS) 130167.36
2023-10-13 14:26:41,880 - tune.py [line:103] - INFO: Epoch 01100 | Time(s) 0.0304 | Val Loss 1.5025 | Val Acc 0.3337 | ETputs(KTEPS) 130561.58
2023-10-13 14:26:42,383 - tune.py [line:103] - INFO: Epoch 01120 | Time(s) 0.0303 | Val Loss 1.4959 | Val Acc 0.3365 | ETputs(KTEPS) 130968.66
2023-10-13 14:26:42,894 - tune.py [line:103] - INFO: Epoch 01140 | Time(s) 0.0302 | Val Loss 1.4977 | Val Acc 0.3433 | ETputs(KTEPS) 131331.90
2023-10-13 14:26:43,395 - tune.py [line:103] - INFO: Epoch 01160 | Time(s) 0.0301 | Val Loss 1.4904 | Val Acc 0.3548 | ETputs(KTEPS) 131721.64
2023-10-13 14:26:43,906 - tune.py [line:103] - INFO: Epoch 01180 | Time(s) 0.0300 | Val Loss 1.4968 | Val Acc 0.3452 | ETputs(KTEPS) 132064.27
2023-10-13 14:26:44,500 - tune.py [line:103] - INFO: Epoch 01200 | Time(s) 0.0300 | Val Loss 1.4912 | Val Acc 0.3500 | ETputs(KTEPS) 132096.70
2023-10-13 14:26:45,415 - tune.py [line:103] - INFO: Epoch 01220 | Time(s) 0.0303 | Val Loss 1.4904 | Val Acc 0.3548 | ETputs(KTEPS) 130976.48
2023-10-13 14:26:46,135 - tune.py [line:103] - INFO: Epoch 01240 | Time(s) 0.0304 | Val Loss 1.4961 | Val Acc 0.3462 | ETputs(KTEPS) 130585.92
2023-10-13 14:26:46,763 - tune.py [line:103] - INFO: Epoch 01260 | Time(s) 0.0304 | Val Loss 1.4981 | Val Acc 0.3413 | ETputs(KTEPS) 130518.65
2023-10-13 14:26:47,397 - tune.py [line:103] - INFO: Epoch 01280 | Time(s) 0.0304 | Val Loss 1.4854 | Val Acc 0.3625 | ETputs(KTEPS) 130453.68
2023-10-13 14:26:48,130 - tune.py [line:103] - INFO: Epoch 01300 | Time(s) 0.0305 | Val Loss 1.4913 | Val Acc 0.3500 | ETputs(KTEPS) 130049.29
2023-10-13 14:26:48,776 - tune.py [line:103] - INFO: Epoch 01320 | Time(s) 0.0305 | Val Loss 1.4883 | Val Acc 0.3577 | ETputs(KTEPS) 129934.71
2023-10-13 14:26:49,386 - tune.py [line:103] - INFO: Epoch 01340 | Time(s) 0.0305 | Val Loss 1.5068 | Val Acc 0.3356 | ETputs(KTEPS) 129939.06
2023-10-13 14:26:50,003 - tune.py [line:103] - INFO: Epoch 01360 | Time(s) 0.0305 | Val Loss 1.4892 | Val Acc 0.3558 | ETputs(KTEPS) 129924.01
2023-10-13 14:26:50,623 - tune.py [line:103] - INFO: Epoch 01380 | Time(s) 0.0305 | Val Loss 1.4996 | Val Acc 0.3471 | ETputs(KTEPS) 129895.31
2023-10-13 14:26:51,233 - tune.py [line:103] - INFO: Epoch 01400 | Time(s) 0.0305 | Val Loss 1.4959 | Val Acc 0.3519 | ETputs(KTEPS) 129902.09
2023-10-13 14:26:51,864 - tune.py [line:103] - INFO: Epoch 01420 | Time(s) 0.0306 | Val Loss 1.4948 | Val Acc 0.3433 | ETputs(KTEPS) 129841.72
2023-10-13 14:26:52,486 - tune.py [line:103] - INFO: Epoch 01440 | Time(s) 0.0306 | Val Loss 1.4895 | Val Acc 0.3587 | ETputs(KTEPS) 129826.04
2023-10-13 14:26:53,111 - tune.py [line:103] - INFO: Epoch 01460 | Time(s) 0.0306 | Val Loss 1.4935 | Val Acc 0.3548 | ETputs(KTEPS) 129789.26
2023-10-13 14:26:53,766 - tune.py [line:103] - INFO: Epoch 01480 | Time(s) 0.0306 | Val Loss 1.4928 | Val Acc 0.3548 | ETputs(KTEPS) 129665.39
2023-10-13 14:26:54,367 - tune.py [line:103] - INFO: Epoch 01500 | Time(s) 0.0306 | Val Loss 1.4980 | Val Acc 0.3490 | ETputs(KTEPS) 129696.90
2023-10-13 14:26:55,002 - tune.py [line:103] - INFO: Epoch 01520 | Time(s) 0.0306 | Val Loss 1.4887 | Val Acc 0.3558 | ETputs(KTEPS) 129635.14
2023-10-13 14:26:55,617 - tune.py [line:103] - INFO: Epoch 01540 | Time(s) 0.0306 | Val Loss 1.4923 | Val Acc 0.3490 | ETputs(KTEPS) 129629.52
2023-10-13 14:26:56,259 - tune.py [line:103] - INFO: Epoch 01560 | Time(s) 0.0306 | Val Loss 1.4874 | Val Acc 0.3548 | ETputs(KTEPS) 129550.74
2023-10-13 14:26:56,941 - tune.py [line:103] - INFO: Epoch 01580 | Time(s) 0.0307 | Val Loss 1.4886 | Val Acc 0.3510 | ETputs(KTEPS) 129366.19
2023-10-13 14:26:57,668 - tune.py [line:103] - INFO: Epoch 01600 | Time(s) 0.0307 | Val Loss 1.4939 | Val Acc 0.3471 | ETputs(KTEPS) 129071.37
2023-10-13 14:26:58,286 - tune.py [line:103] - INFO: Epoch 01620 | Time(s) 0.0307 | Val Loss 1.4873 | Val Acc 0.3654 | ETputs(KTEPS) 129062.36
2023-10-13 14:26:58,888 - tune.py [line:103] - INFO: Epoch 01640 | Time(s) 0.0307 | Val Loss 1.4894 | Val Acc 0.3587 | ETputs(KTEPS) 129097.96
2023-10-13 14:26:59,599 - tune.py [line:103] - INFO: Epoch 01660 | Time(s) 0.0308 | Val Loss 1.4839 | Val Acc 0.3615 | ETputs(KTEPS) 128856.43
2023-10-13 14:27:00,315 - tune.py [line:103] - INFO: Epoch 01680 | Time(s) 0.0308 | Val Loss 1.4921 | Val Acc 0.3567 | ETputs(KTEPS) 128609.72
2023-10-13 14:27:01,056 - tune.py [line:103] - INFO: Epoch 01700 | Time(s) 0.0309 | Val Loss 1.4849 | Val Acc 0.3606 | ETputs(KTEPS) 128306.81
2023-10-13 14:27:01,784 - tune.py [line:103] - INFO: Epoch 01720 | Time(s) 0.0310 | Val Loss 1.4869 | Val Acc 0.3558 | ETputs(KTEPS) 128045.30
2023-10-13 14:27:02,117 - tune.py [line:117] - INFO: [FINAL MODEL] Val accuracy 36.83% \Val loss: 1.5
2023-10-13 14:27:02,126 - tune.py [line:119] - INFO: [FINAL MODEL] Test accuracy 34.87% \Test loss: 1.5
2023-10-13 14:27:02,126 - tune.py [line:144] - INFO: Acc on the first split (Validation Set): 0.3683
2023-10-13 14:27:02,126 - tune.py [line:145] - INFO: Acc on the first split (Test Set): 0.3487
