2023-10-14 05:02:00,565 - tune.py [line:203] - INFO: Namespace(seed=42, model='NormalNNV2', gpu=0, dataset='geom-chameleon', logging=True, log_detail=True, log_detailedCh=False, id_log=1013014503, optuna_n_trials=202, n_epochs=2000, self_loop=False, udgraph=True, early_stop=True, patience=300, n_hidden=64, n_cv=1, start_cv=0, n_layers=20, lr1=0.01, lr2=0.05, wd1=1e-06, wd2=0.0001, dropout=0.6, dropout2=0.0, es_ckpt='woselfloop-geom-chameleon_NormalNNV2-wonoise-geom-chameleon_trialNo10')
2023-10-14 05:02:01,439 - tune.py [line:128] - INFO: Split_seeds:[1824]
2023-10-14 05:02:01,440 - tune.py [line:129] - INFO: Model_seeds:[409]
2023-10-14 05:02:02,647 - tune.py [line:103] - INFO: Epoch 00020 | Time(s) 0.0581 | Val Loss 1.5543 | Val Acc 0.5385 | ETputs(KTEPS) 10790.18
2023-10-14 05:02:03,833 - tune.py [line:103] - INFO: Epoch 00040 | Time(s) 0.0583 | Val Loss 1.4770 | Val Acc 0.6132 | ETputs(KTEPS) 10758.05
2023-10-14 05:02:05,203 - tune.py [line:103] - INFO: Epoch 00060 | Time(s) 0.0615 | Val Loss 1.4086 | Val Acc 0.6198 | ETputs(KTEPS) 10204.59
2023-10-14 05:02:06,440 - tune.py [line:103] - INFO: Epoch 00080 | Time(s) 0.0614 | Val Loss 1.3485 | Val Acc 0.6549 | ETputs(KTEPS) 10219.40
2023-10-14 05:02:07,699 - tune.py [line:103] - INFO: Epoch 00100 | Time(s) 0.0617 | Val Loss 1.2980 | Val Acc 0.6681 | ETputs(KTEPS) 10173.56
2023-10-14 05:02:08,937 - tune.py [line:103] - INFO: Epoch 00120 | Time(s) 0.0617 | Val Loss 1.2616 | Val Acc 0.6549 | ETputs(KTEPS) 10175.84
2023-10-14 05:02:10,111 - tune.py [line:103] - INFO: Epoch 00140 | Time(s) 0.0612 | Val Loss 1.2284 | Val Acc 0.6462 | ETputs(KTEPS) 10246.14
2023-10-14 05:02:11,254 - tune.py [line:103] - INFO: Epoch 00160 | Time(s) 0.0607 | Val Loss 1.2079 | Val Acc 0.6505 | ETputs(KTEPS) 10333.29
2023-10-14 05:02:12,501 - tune.py [line:103] - INFO: Epoch 00180 | Time(s) 0.0609 | Val Loss 1.1754 | Val Acc 0.6725 | ETputs(KTEPS) 10305.05
2023-10-14 05:02:13,670 - tune.py [line:103] - INFO: Epoch 00200 | Time(s) 0.0606 | Val Loss 1.1604 | Val Acc 0.6703 | ETputs(KTEPS) 10346.61
2023-10-14 05:02:14,888 - tune.py [line:103] - INFO: Epoch 00220 | Time(s) 0.0607 | Val Loss 1.1516 | Val Acc 0.6747 | ETputs(KTEPS) 10343.01
2023-10-14 05:02:16,167 - tune.py [line:103] - INFO: Epoch 00240 | Time(s) 0.0609 | Val Loss 1.1399 | Val Acc 0.6791 | ETputs(KTEPS) 10299.75
2023-10-14 05:02:17,415 - tune.py [line:103] - INFO: Epoch 00260 | Time(s) 0.0610 | Val Loss 1.1310 | Val Acc 0.6725 | ETputs(KTEPS) 10282.32
2023-10-14 05:02:18,620 - tune.py [line:103] - INFO: Epoch 00280 | Time(s) 0.0609 | Val Loss 1.1243 | Val Acc 0.6879 | ETputs(KTEPS) 10295.60
2023-10-14 05:02:19,765 - tune.py [line:103] - INFO: Epoch 00300 | Time(s) 0.0607 | Val Loss 1.1133 | Val Acc 0.6747 | ETputs(KTEPS) 10337.88
2023-10-14 05:02:21,024 - tune.py [line:103] - INFO: Epoch 00320 | Time(s) 0.0608 | Val Loss 1.1185 | Val Acc 0.6747 | ETputs(KTEPS) 10314.51
2023-10-14 05:02:22,160 - tune.py [line:103] - INFO: Epoch 00340 | Time(s) 0.0606 | Val Loss 1.1022 | Val Acc 0.6725 | ETputs(KTEPS) 10354.95
2023-10-14 05:02:23,306 - tune.py [line:103] - INFO: Epoch 00360 | Time(s) 0.0604 | Val Loss 1.0945 | Val Acc 0.6901 | ETputs(KTEPS) 10390.50
2023-10-14 05:02:24,502 - tune.py [line:103] - INFO: Epoch 00380 | Time(s) 0.0604 | Val Loss 1.0917 | Val Acc 0.6747 | ETputs(KTEPS) 10395.71
2023-10-14 05:02:25,745 - tune.py [line:103] - INFO: Epoch 00400 | Time(s) 0.0604 | Val Loss 1.0873 | Val Acc 0.6791 | ETputs(KTEPS) 10380.61
2023-10-14 05:02:27,036 - tune.py [line:103] - INFO: Epoch 00420 | Time(s) 0.0606 | Val Loss 1.0863 | Val Acc 0.6879 | ETputs(KTEPS) 10347.51
2023-10-14 05:02:28,245 - tune.py [line:103] - INFO: Epoch 00440 | Time(s) 0.0606 | Val Loss 1.0829 | Val Acc 0.6901 | ETputs(KTEPS) 10350.59
2023-10-14 05:02:29,355 - tune.py [line:103] - INFO: Epoch 00460 | Time(s) 0.0604 | Val Loss 1.0823 | Val Acc 0.6923 | ETputs(KTEPS) 10388.80
2023-10-14 05:02:30,568 - tune.py [line:103] - INFO: Epoch 00480 | Time(s) 0.0604 | Val Loss 1.0805 | Val Acc 0.6901 | ETputs(KTEPS) 10387.19
2023-10-14 05:02:31,787 - tune.py [line:103] - INFO: Epoch 00500 | Time(s) 0.0604 | Val Loss 1.0789 | Val Acc 0.6813 | ETputs(KTEPS) 10383.65
2023-10-14 05:02:32,967 - tune.py [line:103] - INFO: Epoch 00520 | Time(s) 0.0604 | Val Loss 1.0698 | Val Acc 0.6923 | ETputs(KTEPS) 10393.41
2023-10-14 05:02:34,155 - tune.py [line:103] - INFO: Epoch 00540 | Time(s) 0.0603 | Val Loss 1.0726 | Val Acc 0.6879 | ETputs(KTEPS) 10399.44
2023-10-14 05:02:35,491 - tune.py [line:103] - INFO: Epoch 00560 | Time(s) 0.0606 | Val Loss 1.0756 | Val Acc 0.6945 | ETputs(KTEPS) 10360.06
2023-10-14 05:02:36,650 - tune.py [line:103] - INFO: Epoch 00580 | Time(s) 0.0605 | Val Loss 1.0663 | Val Acc 0.6835 | ETputs(KTEPS) 10375.86
2023-10-14 05:02:37,893 - tune.py [line:103] - INFO: Epoch 00600 | Time(s) 0.0605 | Val Loss 1.0643 | Val Acc 0.6901 | ETputs(KTEPS) 10366.34
2023-10-14 05:02:39,179 - tune.py [line:103] - INFO: Epoch 00620 | Time(s) 0.0606 | Val Loss 1.0654 | Val Acc 0.6945 | ETputs(KTEPS) 10345.67
2023-10-14 05:02:40,322 - tune.py [line:103] - INFO: Epoch 00640 | Time(s) 0.0605 | Val Loss 1.0650 | Val Acc 0.6989 | ETputs(KTEPS) 10364.50
2023-10-14 05:02:40,649 - tune.py [line:117] - INFO: [FINAL MODEL] Val accuracy 70.55% \Val loss: 1.1
2023-10-14 05:02:40,660 - tune.py [line:119] - INFO: [FINAL MODEL] Test accuracy 71.55% \Test loss: 1.1
2023-10-14 05:02:40,662 - tune.py [line:144] - INFO: Acc on the first split (Validation Set): 0.7055
2023-10-14 05:02:40,662 - tune.py [line:145] - INFO: Acc on the first split (Test Set): 0.7155
