2023-10-14 05:33:58,180 - tune.py [line:203] - INFO: Namespace(seed=42, model='NormalNNV2', gpu=0, dataset='geom-chameleon', logging=True, log_detail=True, log_detailedCh=False, id_log=1013014503, optuna_n_trials=202, n_epochs=2000, self_loop=False, udgraph=True, early_stop=True, patience=300, n_hidden=64, n_cv=1, start_cv=0, n_layers=12, lr1=0.02, lr2=0.05, wd1=1e-08, wd2=0.0001, dropout=0.1, dropout2=0.5, es_ckpt='woselfloop-geom-chameleon_NormalNNV2-wonoise-geom-chameleon_trialNo177')
2023-10-14 05:33:58,880 - tune.py [line:128] - INFO: Split_seeds:[1824]
2023-10-14 05:33:58,880 - tune.py [line:129] - INFO: Model_seeds:[409]
2023-10-14 05:33:59,650 - tune.py [line:103] - INFO: Epoch 00020 | Time(s) 0.0371 | Val Loss 1.5419 | Val Acc 0.6945 | ETputs(KTEPS) 16903.13
2023-10-14 05:34:00,427 - tune.py [line:103] - INFO: Epoch 00040 | Time(s) 0.0379 | Val Loss 1.4719 | Val Acc 0.6725 | ETputs(KTEPS) 16562.63
2023-10-14 05:34:01,248 - tune.py [line:103] - INFO: Epoch 00060 | Time(s) 0.0389 | Val Loss 1.4040 | Val Acc 0.6879 | ETputs(KTEPS) 16133.89
2023-10-14 05:34:02,106 - tune.py [line:103] - INFO: Epoch 00080 | Time(s) 0.0399 | Val Loss 1.3518 | Val Acc 0.6835 | ETputs(KTEPS) 15732.35
2023-10-14 05:34:02,921 - tune.py [line:103] - INFO: Epoch 00100 | Time(s) 0.0401 | Val Loss 1.2981 | Val Acc 0.6989 | ETputs(KTEPS) 15665.26
2023-10-14 05:34:03,726 - tune.py [line:103] - INFO: Epoch 00120 | Time(s) 0.0401 | Val Loss 1.2673 | Val Acc 0.6791 | ETputs(KTEPS) 15654.44
2023-10-14 05:34:04,531 - tune.py [line:103] - INFO: Epoch 00140 | Time(s) 0.0401 | Val Loss 1.2381 | Val Acc 0.7077 | ETputs(KTEPS) 15651.59
2023-10-14 05:34:05,363 - tune.py [line:103] - INFO: Epoch 00160 | Time(s) 0.0403 | Val Loss 1.2046 | Val Acc 0.6725 | ETputs(KTEPS) 15578.64
2023-10-14 05:34:06,192 - tune.py [line:103] - INFO: Epoch 00180 | Time(s) 0.0404 | Val Loss 1.1835 | Val Acc 0.6703 | ETputs(KTEPS) 15530.39
2023-10-14 05:34:07,006 - tune.py [line:103] - INFO: Epoch 00200 | Time(s) 0.0404 | Val Loss 1.1741 | Val Acc 0.6835 | ETputs(KTEPS) 15518.00
2023-10-14 05:34:07,819 - tune.py [line:103] - INFO: Epoch 00220 | Time(s) 0.0404 | Val Loss 1.1613 | Val Acc 0.6769 | ETputs(KTEPS) 15511.81
2023-10-14 05:34:08,647 - tune.py [line:103] - INFO: Epoch 00240 | Time(s) 0.0405 | Val Loss 1.1476 | Val Acc 0.6967 | ETputs(KTEPS) 15482.82
2023-10-14 05:34:09,461 - tune.py [line:103] - INFO: Epoch 00260 | Time(s) 0.0405 | Val Loss 1.1328 | Val Acc 0.6747 | ETputs(KTEPS) 15477.23
2023-10-14 05:34:10,302 - tune.py [line:103] - INFO: Epoch 00280 | Time(s) 0.0406 | Val Loss 1.1193 | Val Acc 0.6923 | ETputs(KTEPS) 15436.23
2023-10-14 05:34:11,076 - tune.py [line:103] - INFO: Epoch 00300 | Time(s) 0.0405 | Val Loss 1.1145 | Val Acc 0.6835 | ETputs(KTEPS) 15486.51
2023-10-14 05:34:11,824 - tune.py [line:103] - INFO: Epoch 00320 | Time(s) 0.0403 | Val Loss 1.1039 | Val Acc 0.6923 | ETputs(KTEPS) 15562.15
2023-10-14 05:34:12,590 - tune.py [line:103] - INFO: Epoch 00340 | Time(s) 0.0402 | Val Loss 1.0982 | Val Acc 0.6769 | ETputs(KTEPS) 15608.79
2023-10-14 05:34:13,357 - tune.py [line:103] - INFO: Epoch 00360 | Time(s) 0.0401 | Val Loss 1.0939 | Val Acc 0.6923 | ETputs(KTEPS) 15648.61
2023-10-14 05:34:14,148 - tune.py [line:103] - INFO: Epoch 00380 | Time(s) 0.0401 | Val Loss 1.0880 | Val Acc 0.6857 | ETputs(KTEPS) 15660.24
2023-10-14 05:34:14,911 - tune.py [line:103] - INFO: Epoch 00400 | Time(s) 0.0400 | Val Loss 1.0809 | Val Acc 0.6967 | ETputs(KTEPS) 15698.88
2023-10-14 05:34:15,669 - tune.py [line:103] - INFO: Epoch 00420 | Time(s) 0.0399 | Val Loss 1.0799 | Val Acc 0.6989 | ETputs(KTEPS) 15738.44
2023-10-14 05:34:16,431 - tune.py [line:103] - INFO: Epoch 00440 | Time(s) 0.0398 | Val Loss 1.0793 | Val Acc 0.6813 | ETputs(KTEPS) 15772.98
2023-10-14 05:34:17,174 - tune.py [line:103] - INFO: Epoch 00460 | Time(s) 0.0397 | Val Loss 1.0661 | Val Acc 0.6769 | ETputs(KTEPS) 15818.12
2023-10-14 05:34:17,930 - tune.py [line:103] - INFO: Epoch 00480 | Time(s) 0.0396 | Val Loss 1.0675 | Val Acc 0.6989 | ETputs(KTEPS) 15849.75
2023-10-14 05:34:18,668 - tune.py [line:103] - INFO: Epoch 00500 | Time(s) 0.0395 | Val Loss 1.0668 | Val Acc 0.6901 | ETputs(KTEPS) 15893.56
2023-10-14 05:34:19,439 - tune.py [line:103] - INFO: Epoch 00520 | Time(s) 0.0394 | Val Loss 1.0601 | Val Acc 0.7033 | ETputs(KTEPS) 15908.04
2023-10-14 05:34:20,171 - tune.py [line:103] - INFO: Epoch 00540 | Time(s) 0.0393 | Val Loss 1.0511 | Val Acc 0.6879 | ETputs(KTEPS) 15950.54
2023-10-14 05:34:21,079 - tune.py [line:103] - INFO: Epoch 00560 | Time(s) 0.0396 | Val Loss 1.0537 | Val Acc 0.6835 | ETputs(KTEPS) 15863.76
2023-10-14 05:34:21,923 - tune.py [line:103] - INFO: Epoch 00580 | Time(s) 0.0396 | Val Loss 1.0491 | Val Acc 0.6835 | ETputs(KTEPS) 15827.86
2023-10-14 05:34:22,697 - tune.py [line:103] - INFO: Epoch 00600 | Time(s) 0.0396 | Val Loss 1.0482 | Val Acc 0.6879 | ETputs(KTEPS) 15840.53
2023-10-14 05:34:23,513 - tune.py [line:103] - INFO: Epoch 00620 | Time(s) 0.0396 | Val Loss 1.0432 | Val Acc 0.6813 | ETputs(KTEPS) 15825.73
2023-10-14 05:34:24,340 - tune.py [line:103] - INFO: Epoch 00640 | Time(s) 0.0397 | Val Loss 1.0378 | Val Acc 0.6857 | ETputs(KTEPS) 15804.28
2023-10-14 05:34:25,244 - tune.py [line:103] - INFO: Epoch 00660 | Time(s) 0.0399 | Val Loss 1.0439 | Val Acc 0.6769 | ETputs(KTEPS) 15738.99
2023-10-14 05:34:26,099 - tune.py [line:103] - INFO: Epoch 00680 | Time(s) 0.0399 | Val Loss 1.0345 | Val Acc 0.6901 | ETputs(KTEPS) 15705.64
2023-10-14 05:34:26,915 - tune.py [line:103] - INFO: Epoch 00700 | Time(s) 0.0400 | Val Loss 1.0377 | Val Acc 0.6923 | ETputs(KTEPS) 15696.42
2023-10-14 05:34:27,720 - tune.py [line:103] - INFO: Epoch 00720 | Time(s) 0.0400 | Val Loss 1.0307 | Val Acc 0.6989 | ETputs(KTEPS) 15693.31
2023-10-14 05:34:27,970 - tune.py [line:117] - INFO: [FINAL MODEL] Val accuracy 71.21% \Val loss: 1.1
2023-10-14 05:34:27,979 - tune.py [line:119] - INFO: [FINAL MODEL] Test accuracy 70.90% \Test loss: 1.0
2023-10-14 05:34:27,979 - tune.py [line:144] - INFO: Acc on the first split (Validation Set): 0.7121
2023-10-14 05:34:27,979 - tune.py [line:145] - INFO: Acc on the first split (Test Set): 0.7090
