2023-10-14 05:11:50,128 - tune.py [line:203] - INFO: Namespace(seed=42, model='NormalNNV2', gpu=0, dataset='geom-chameleon', logging=True, log_detail=True, log_detailedCh=False, id_log=1013014503, optuna_n_trials=202, n_epochs=2000, self_loop=False, udgraph=True, early_stop=True, patience=300, n_hidden=64, n_cv=1, start_cv=0, n_layers=12, lr1=0.04, lr2=0.02, wd1=1e-08, wd2=0.001, dropout=0.2, dropout2=0.4, es_ckpt='woselfloop-geom-chameleon_NormalNNV2-wonoise-geom-chameleon_trialNo46')
2023-10-14 05:11:50,986 - tune.py [line:128] - INFO: Split_seeds:[1824]
2023-10-14 05:11:50,986 - tune.py [line:129] - INFO: Model_seeds:[409]
2023-10-14 05:11:51,891 - tune.py [line:103] - INFO: Epoch 00020 | Time(s) 0.0429 | Val Loss 1.5785 | Val Acc 0.6857 | ETputs(KTEPS) 14639.04
2023-10-14 05:11:52,876 - tune.py [line:103] - INFO: Epoch 00040 | Time(s) 0.0457 | Val Loss 1.5533 | Val Acc 0.6879 | ETputs(KTEPS) 13727.64
2023-10-14 05:11:53,798 - tune.py [line:103] - INFO: Epoch 00060 | Time(s) 0.0458 | Val Loss 1.5291 | Val Acc 0.6945 | ETputs(KTEPS) 13691.86
2023-10-14 05:11:54,683 - tune.py [line:103] - INFO: Epoch 00080 | Time(s) 0.0454 | Val Loss 1.5162 | Val Acc 0.6989 | ETputs(KTEPS) 13812.10
2023-10-14 05:11:55,480 - tune.py [line:103] - INFO: Epoch 00100 | Time(s) 0.0443 | Val Loss 1.5017 | Val Acc 0.7121 | ETputs(KTEPS) 14160.56
2023-10-14 05:11:56,285 - tune.py [line:103] - INFO: Epoch 00120 | Time(s) 0.0436 | Val Loss 1.4959 | Val Acc 0.6923 | ETputs(KTEPS) 14389.48
2023-10-14 05:11:57,081 - tune.py [line:103] - INFO: Epoch 00140 | Time(s) 0.0431 | Val Loss 1.4881 | Val Acc 0.6989 | ETputs(KTEPS) 14572.39
2023-10-14 05:11:57,937 - tune.py [line:103] - INFO: Epoch 00160 | Time(s) 0.0430 | Val Loss 1.4861 | Val Acc 0.6857 | ETputs(KTEPS) 14585.77
2023-10-14 05:11:58,890 - tune.py [line:103] - INFO: Epoch 00180 | Time(s) 0.0435 | Val Loss 1.4860 | Val Acc 0.6901 | ETputs(KTEPS) 14413.36
2023-10-14 05:11:59,768 - tune.py [line:103] - INFO: Epoch 00200 | Time(s) 0.0436 | Val Loss 1.4834 | Val Acc 0.7033 | ETputs(KTEPS) 14402.00
2023-10-14 05:12:00,668 - tune.py [line:103] - INFO: Epoch 00220 | Time(s) 0.0437 | Val Loss 1.4827 | Val Acc 0.6857 | ETputs(KTEPS) 14360.52
2023-10-14 05:12:01,562 - tune.py [line:103] - INFO: Epoch 00240 | Time(s) 0.0438 | Val Loss 1.4797 | Val Acc 0.6857 | ETputs(KTEPS) 14333.25
2023-10-14 05:12:02,466 - tune.py [line:103] - INFO: Epoch 00260 | Time(s) 0.0439 | Val Loss 1.4802 | Val Acc 0.6967 | ETputs(KTEPS) 14299.27
2023-10-14 05:12:03,325 - tune.py [line:103] - INFO: Epoch 00280 | Time(s) 0.0438 | Val Loss 1.4816 | Val Acc 0.6989 | ETputs(KTEPS) 14328.95
2023-10-14 05:12:04,170 - tune.py [line:103] - INFO: Epoch 00300 | Time(s) 0.0437 | Val Loss 1.4831 | Val Acc 0.6923 | ETputs(KTEPS) 14363.36
2023-10-14 05:12:04,985 - tune.py [line:103] - INFO: Epoch 00320 | Time(s) 0.0435 | Val Loss 1.4832 | Val Acc 0.7033 | ETputs(KTEPS) 14423.67
2023-10-14 05:12:05,862 - tune.py [line:103] - INFO: Epoch 00340 | Time(s) 0.0435 | Val Loss 1.4852 | Val Acc 0.7055 | ETputs(KTEPS) 14417.97
2023-10-14 05:12:06,697 - tune.py [line:103] - INFO: Epoch 00360 | Time(s) 0.0434 | Val Loss 1.4845 | Val Acc 0.7121 | ETputs(KTEPS) 14450.46
2023-10-14 05:12:07,502 - tune.py [line:103] - INFO: Epoch 00380 | Time(s) 0.0432 | Val Loss 1.4860 | Val Acc 0.7011 | ETputs(KTEPS) 14507.40
2023-10-14 05:12:08,358 - tune.py [line:103] - INFO: Epoch 00400 | Time(s) 0.0432 | Val Loss 1.4862 | Val Acc 0.6989 | ETputs(KTEPS) 14514.79
2023-10-14 05:12:09,178 - tune.py [line:103] - INFO: Epoch 00420 | Time(s) 0.0431 | Val Loss 1.4878 | Val Acc 0.7077 | ETputs(KTEPS) 14551.23
2023-10-14 05:12:10,070 - tune.py [line:103] - INFO: Epoch 00440 | Time(s) 0.0432 | Val Loss 1.4894 | Val Acc 0.7099 | ETputs(KTEPS) 14529.22
2023-10-14 05:12:10,924 - tune.py [line:103] - INFO: Epoch 00460 | Time(s) 0.0432 | Val Loss 1.4908 | Val Acc 0.6989 | ETputs(KTEPS) 14536.18
2023-10-14 05:12:11,815 - tune.py [line:103] - INFO: Epoch 00480 | Time(s) 0.0432 | Val Loss 1.4913 | Val Acc 0.7033 | ETputs(KTEPS) 14517.64
2023-10-14 05:12:12,812 - tune.py [line:103] - INFO: Epoch 00500 | Time(s) 0.0435 | Val Loss 1.4939 | Val Acc 0.6857 | ETputs(KTEPS) 14428.91
2023-10-14 05:12:13,688 - tune.py [line:103] - INFO: Epoch 00520 | Time(s) 0.0435 | Val Loss 1.4940 | Val Acc 0.6857 | ETputs(KTEPS) 14425.42
2023-10-14 05:12:14,502 - tune.py [line:103] - INFO: Epoch 00540 | Time(s) 0.0434 | Val Loss 1.4923 | Val Acc 0.6879 | ETputs(KTEPS) 14459.99
2023-10-14 05:12:15,357 - tune.py [line:103] - INFO: Epoch 00560 | Time(s) 0.0434 | Val Loss 1.4931 | Val Acc 0.6791 | ETputs(KTEPS) 14468.09
2023-10-14 05:12:15,768 - tune.py [line:117] - INFO: [FINAL MODEL] Val accuracy 71.87% \Val loss: 1.5
2023-10-14 05:12:15,776 - tune.py [line:119] - INFO: [FINAL MODEL] Test accuracy 70.46% \Test loss: 1.5
2023-10-14 05:12:15,777 - tune.py [line:144] - INFO: Acc on the first split (Validation Set): 0.7187
2023-10-14 05:12:15,777 - tune.py [line:145] - INFO: Acc on the first split (Test Set): 0.7046
