2023-10-14 05:16:36,363 - tune.py [line:203] - INFO: Namespace(seed=42, model='NormalNNV2', gpu=0, dataset='geom-chameleon', logging=True, log_detail=True, log_detailedCh=False, id_log=1013014503, optuna_n_trials=202, n_epochs=2000, self_loop=False, udgraph=True, early_stop=True, patience=300, n_hidden=64, n_cv=1, start_cv=0, n_layers=16, lr1=0.05, lr2=0.02, wd1=1e-08, wd2=1e-05, dropout=0.2, dropout2=0.3, es_ckpt='woselfloop-geom-chameleon_NormalNNV2-wonoise-geom-chameleon_trialNo68')
2023-10-14 05:16:37,101 - tune.py [line:128] - INFO: Split_seeds:[1824]
2023-10-14 05:16:37,101 - tune.py [line:129] - INFO: Model_seeds:[409]
2023-10-14 05:16:38,190 - tune.py [line:103] - INFO: Epoch 00020 | Time(s) 0.0526 | Val Loss 1.5752 | Val Acc 0.6791 | ETputs(KTEPS) 11935.06
2023-10-14 05:16:39,248 - tune.py [line:103] - INFO: Epoch 00040 | Time(s) 0.0525 | Val Loss 1.5450 | Val Acc 0.6901 | ETputs(KTEPS) 11939.83
2023-10-14 05:16:40,312 - tune.py [line:103] - INFO: Epoch 00060 | Time(s) 0.0528 | Val Loss 1.5107 | Val Acc 0.6835 | ETputs(KTEPS) 11892.31
2023-10-14 05:16:41,260 - tune.py [line:103] - INFO: Epoch 00080 | Time(s) 0.0514 | Val Loss 1.4840 | Val Acc 0.6352 | ETputs(KTEPS) 12202.17
2023-10-14 05:16:42,276 - tune.py [line:103] - INFO: Epoch 00100 | Time(s) 0.0513 | Val Loss 1.4547 | Val Acc 0.6242 | ETputs(KTEPS) 12234.10
2023-10-14 05:16:43,410 - tune.py [line:103] - INFO: Epoch 00120 | Time(s) 0.0522 | Val Loss 1.4257 | Val Acc 0.6462 | ETputs(KTEPS) 12024.08
2023-10-14 05:16:44,476 - tune.py [line:103] - INFO: Epoch 00140 | Time(s) 0.0523 | Val Loss 1.3996 | Val Acc 0.6549 | ETputs(KTEPS) 11987.93
2023-10-14 05:16:45,606 - tune.py [line:103] - INFO: Epoch 00160 | Time(s) 0.0529 | Val Loss 1.3721 | Val Acc 0.6352 | ETputs(KTEPS) 11870.11
2023-10-14 05:16:46,658 - tune.py [line:103] - INFO: Epoch 00180 | Time(s) 0.0528 | Val Loss 1.3589 | Val Acc 0.6374 | ETputs(KTEPS) 11878.06
2023-10-14 05:16:47,693 - tune.py [line:103] - INFO: Epoch 00200 | Time(s) 0.0527 | Val Loss 1.3366 | Val Acc 0.6176 | ETputs(KTEPS) 11902.87
2023-10-14 05:16:48,739 - tune.py [line:103] - INFO: Epoch 00220 | Time(s) 0.0527 | Val Loss 1.3166 | Val Acc 0.6549 | ETputs(KTEPS) 11911.86
2023-10-14 05:16:49,731 - tune.py [line:103] - INFO: Epoch 00240 | Time(s) 0.0524 | Val Loss 1.2963 | Val Acc 0.6527 | ETputs(KTEPS) 11970.35
2023-10-14 05:16:50,688 - tune.py [line:103] - INFO: Epoch 00260 | Time(s) 0.0521 | Val Loss 1.2752 | Val Acc 0.6462 | ETputs(KTEPS) 12051.36
2023-10-14 05:16:51,721 - tune.py [line:103] - INFO: Epoch 00280 | Time(s) 0.0520 | Val Loss 1.2698 | Val Acc 0.6440 | ETputs(KTEPS) 12059.38
2023-10-14 05:16:52,772 - tune.py [line:103] - INFO: Epoch 00300 | Time(s) 0.0521 | Val Loss 1.2635 | Val Acc 0.6220 | ETputs(KTEPS) 12051.32
2023-10-14 05:16:53,890 - tune.py [line:103] - INFO: Epoch 00320 | Time(s) 0.0523 | Val Loss 1.2488 | Val Acc 0.6264 | ETputs(KTEPS) 11996.97
2023-10-14 05:16:54,959 - tune.py [line:117] - INFO: [FINAL MODEL] Val accuracy 69.89% \Val loss: 1.5
2023-10-14 05:16:54,971 - tune.py [line:119] - INFO: [FINAL MODEL] Test accuracy 69.37% \Test loss: 1.5
2023-10-14 05:16:54,972 - tune.py [line:144] - INFO: Acc on the first split (Validation Set): 0.6989
2023-10-14 05:16:54,972 - tune.py [line:145] - INFO: Acc on the first split (Test Set): 0.6937
