2023-10-14 05:34:31,701 - tune.py [line:203] - INFO: Namespace(seed=42, model='NormalNNV2', gpu=0, dataset='geom-chameleon', logging=True, log_detail=True, log_detailedCh=False, id_log=1013014503, optuna_n_trials=202, n_epochs=2000, self_loop=False, udgraph=True, early_stop=True, patience=300, n_hidden=64, n_cv=1, start_cv=0, n_layers=12, lr1=0.05, lr2=0.02, wd1=1e-08, wd2=0.001, dropout=0.3, dropout2=0.5, es_ckpt='woselfloop-geom-chameleon_NormalNNV2-wonoise-geom-chameleon_trialNo181')
2023-10-14 05:34:32,388 - tune.py [line:128] - INFO: Split_seeds:[1824]
2023-10-14 05:34:32,388 - tune.py [line:129] - INFO: Model_seeds:[409]
2023-10-14 05:34:33,244 - tune.py [line:103] - INFO: Epoch 00020 | Time(s) 0.0409 | Val Loss 1.5771 | Val Acc 0.6879 | ETputs(KTEPS) 15351.95
2023-10-14 05:34:34,117 - tune.py [line:103] - INFO: Epoch 00040 | Time(s) 0.0421 | Val Loss 1.5502 | Val Acc 0.6901 | ETputs(KTEPS) 14903.82
2023-10-14 05:34:35,196 - tune.py [line:103] - INFO: Epoch 00060 | Time(s) 0.0461 | Val Loss 1.5283 | Val Acc 0.6857 | ETputs(KTEPS) 13624.40
2023-10-14 05:34:36,142 - tune.py [line:103] - INFO: Epoch 00080 | Time(s) 0.0462 | Val Loss 1.5127 | Val Acc 0.7033 | ETputs(KTEPS) 13569.68
2023-10-14 05:34:36,956 - tune.py [line:103] - INFO: Epoch 00100 | Time(s) 0.0451 | Val Loss 1.5007 | Val Acc 0.6901 | ETputs(KTEPS) 13902.43
2023-10-14 05:34:37,763 - tune.py [line:103] - INFO: Epoch 00120 | Time(s) 0.0443 | Val Loss 1.4943 | Val Acc 0.6901 | ETputs(KTEPS) 14155.06
2023-10-14 05:34:38,578 - tune.py [line:103] - INFO: Epoch 00140 | Time(s) 0.0438 | Val Loss 1.4886 | Val Acc 0.7033 | ETputs(KTEPS) 14319.57
2023-10-14 05:34:39,383 - tune.py [line:103] - INFO: Epoch 00160 | Time(s) 0.0434 | Val Loss 1.4814 | Val Acc 0.6989 | ETputs(KTEPS) 14468.97
2023-10-14 05:34:40,238 - tune.py [line:103] - INFO: Epoch 00180 | Time(s) 0.0433 | Val Loss 1.4781 | Val Acc 0.7011 | ETputs(KTEPS) 14491.23
2023-10-14 05:34:41,344 - tune.py [line:103] - INFO: Epoch 00200 | Time(s) 0.0445 | Val Loss 1.4771 | Val Acc 0.7011 | ETputs(KTEPS) 14102.44
2023-10-14 05:34:42,289 - tune.py [line:103] - INFO: Epoch 00220 | Time(s) 0.0447 | Val Loss 1.4727 | Val Acc 0.6879 | ETputs(KTEPS) 14023.65
2023-10-14 05:34:43,106 - tune.py [line:103] - INFO: Epoch 00240 | Time(s) 0.0444 | Val Loss 1.4749 | Val Acc 0.6967 | ETputs(KTEPS) 14127.56
2023-10-14 05:34:43,962 - tune.py [line:103] - INFO: Epoch 00260 | Time(s) 0.0443 | Val Loss 1.4728 | Val Acc 0.7143 | ETputs(KTEPS) 14167.33
2023-10-14 05:34:44,767 - tune.py [line:103] - INFO: Epoch 00280 | Time(s) 0.0440 | Val Loss 1.4710 | Val Acc 0.7033 | ETputs(KTEPS) 14259.88
2023-10-14 05:34:45,547 - tune.py [line:103] - INFO: Epoch 00300 | Time(s) 0.0437 | Val Loss 1.4717 | Val Acc 0.7011 | ETputs(KTEPS) 14369.93
2023-10-14 05:34:46,314 - tune.py [line:103] - INFO: Epoch 00320 | Time(s) 0.0433 | Val Loss 1.4734 | Val Acc 0.7099 | ETputs(KTEPS) 14479.82
2023-10-14 05:34:47,058 - tune.py [line:103] - INFO: Epoch 00340 | Time(s) 0.0430 | Val Loss 1.4722 | Val Acc 0.6967 | ETputs(KTEPS) 14602.04
2023-10-14 05:34:47,775 - tune.py [line:103] - INFO: Epoch 00360 | Time(s) 0.0426 | Val Loss 1.4708 | Val Acc 0.6989 | ETputs(KTEPS) 14738.20
2023-10-14 05:34:47,947 - tune.py [line:117] - INFO: [FINAL MODEL] Val accuracy 72.09% \Val loss: 1.5
2023-10-14 05:34:47,956 - tune.py [line:119] - INFO: [FINAL MODEL] Test accuracy 69.37% \Test loss: 1.5
2023-10-14 05:34:47,957 - tune.py [line:144] - INFO: Acc on the first split (Validation Set): 0.7209
2023-10-14 05:34:47,957 - tune.py [line:145] - INFO: Acc on the first split (Test Set): 0.6937
