2023-10-14 05:24:51,609 - tune.py [line:203] - INFO: Namespace(seed=42, model='NormalNNV2', gpu=0, dataset='geom-chameleon', logging=True, log_detail=True, log_detailedCh=False, id_log=1013014503, optuna_n_trials=202, n_epochs=2000, self_loop=False, udgraph=True, early_stop=True, patience=300, n_hidden=64, n_cv=1, start_cv=0, n_layers=12, lr1=0.02, lr2=0.04, wd1=1e-08, wd2=0.001, dropout=0.2, dropout2=0.6, es_ckpt='woselfloop-geom-chameleon_NormalNNV2-wonoise-geom-chameleon_trialNo118')
2023-10-14 05:24:52,318 - tune.py [line:128] - INFO: Split_seeds:[1824]
2023-10-14 05:24:52,318 - tune.py [line:129] - INFO: Model_seeds:[409]
2023-10-14 05:24:53,124 - tune.py [line:103] - INFO: Epoch 00020 | Time(s) 0.0386 | Val Loss 1.5586 | Val Acc 0.6835 | ETputs(KTEPS) 16260.62
2023-10-14 05:24:53,916 - tune.py [line:103] - INFO: Epoch 00040 | Time(s) 0.0390 | Val Loss 1.5172 | Val Acc 0.6725 | ETputs(KTEPS) 16075.50
2023-10-14 05:24:54,787 - tune.py [line:103] - INFO: Epoch 00060 | Time(s) 0.0405 | Val Loss 1.4935 | Val Acc 0.6747 | ETputs(KTEPS) 15491.30
2023-10-14 05:24:55,601 - tune.py [line:103] - INFO: Epoch 00080 | Time(s) 0.0405 | Val Loss 1.4816 | Val Acc 0.6923 | ETputs(KTEPS) 15492.56
2023-10-14 05:24:56,571 - tune.py [line:103] - INFO: Epoch 00100 | Time(s) 0.0421 | Val Loss 1.4743 | Val Acc 0.7011 | ETputs(KTEPS) 14906.29
2023-10-14 05:24:57,691 - tune.py [line:103] - INFO: Epoch 00120 | Time(s) 0.0444 | Val Loss 1.4746 | Val Acc 0.6901 | ETputs(KTEPS) 14144.98
2023-10-14 05:24:58,709 - tune.py [line:103] - INFO: Epoch 00140 | Time(s) 0.0453 | Val Loss 1.4709 | Val Acc 0.6945 | ETputs(KTEPS) 13855.70
2023-10-14 05:24:59,557 - tune.py [line:103] - INFO: Epoch 00160 | Time(s) 0.0449 | Val Loss 1.4687 | Val Acc 0.6813 | ETputs(KTEPS) 13979.96
2023-10-14 05:25:00,364 - tune.py [line:103] - INFO: Epoch 00180 | Time(s) 0.0444 | Val Loss 1.4712 | Val Acc 0.6967 | ETputs(KTEPS) 14139.39
2023-10-14 05:25:01,167 - tune.py [line:103] - INFO: Epoch 00200 | Time(s) 0.0439 | Val Loss 1.4708 | Val Acc 0.6945 | ETputs(KTEPS) 14275.85
2023-10-14 05:25:01,983 - tune.py [line:103] - INFO: Epoch 00220 | Time(s) 0.0437 | Val Loss 1.4690 | Val Acc 0.7011 | ETputs(KTEPS) 14372.76
2023-10-14 05:25:02,795 - tune.py [line:103] - INFO: Epoch 00240 | Time(s) 0.0434 | Val Loss 1.4689 | Val Acc 0.7187 | ETputs(KTEPS) 14457.45
2023-10-14 05:25:03,653 - tune.py [line:103] - INFO: Epoch 00260 | Time(s) 0.0433 | Val Loss 1.4698 | Val Acc 0.7099 | ETputs(KTEPS) 14478.04
2023-10-14 05:25:04,469 - tune.py [line:103] - INFO: Epoch 00280 | Time(s) 0.0432 | Val Loss 1.4700 | Val Acc 0.7033 | ETputs(KTEPS) 14539.54
2023-10-14 05:25:05,295 - tune.py [line:103] - INFO: Epoch 00300 | Time(s) 0.0430 | Val Loss 1.4699 | Val Acc 0.6989 | ETputs(KTEPS) 14581.97
2023-10-14 05:25:06,120 - tune.py [line:103] - INFO: Epoch 00320 | Time(s) 0.0429 | Val Loss 1.4720 | Val Acc 0.6967 | ETputs(KTEPS) 14620.12
2023-10-14 05:25:06,925 - tune.py [line:103] - INFO: Epoch 00340 | Time(s) 0.0428 | Val Loss 1.4697 | Val Acc 0.7055 | ETputs(KTEPS) 14674.26
2023-10-14 05:25:07,862 - tune.py [line:103] - INFO: Epoch 00360 | Time(s) 0.0430 | Val Loss 1.4718 | Val Acc 0.7121 | ETputs(KTEPS) 14597.31
2023-10-14 05:25:08,932 - tune.py [line:103] - INFO: Epoch 00380 | Time(s) 0.0435 | Val Loss 1.4703 | Val Acc 0.7011 | ETputs(KTEPS) 14411.94
2023-10-14 05:25:09,988 - tune.py [line:103] - INFO: Epoch 00400 | Time(s) 0.0440 | Val Loss 1.4697 | Val Acc 0.6989 | ETputs(KTEPS) 14261.23
2023-10-14 05:25:10,974 - tune.py [line:103] - INFO: Epoch 00420 | Time(s) 0.0442 | Val Loss 1.4728 | Val Acc 0.7077 | ETputs(KTEPS) 14180.37
2023-10-14 05:25:11,967 - tune.py [line:103] - INFO: Epoch 00440 | Time(s) 0.0445 | Val Loss 1.4720 | Val Acc 0.7099 | ETputs(KTEPS) 14108.30
2023-10-14 05:25:12,787 - tune.py [line:103] - INFO: Epoch 00460 | Time(s) 0.0443 | Val Loss 1.4715 | Val Acc 0.7033 | ETputs(KTEPS) 14157.05
2023-10-14 05:25:13,597 - tune.py [line:103] - INFO: Epoch 00480 | Time(s) 0.0442 | Val Loss 1.4734 | Val Acc 0.6989 | ETputs(KTEPS) 14208.63
2023-10-14 05:25:14,403 - tune.py [line:103] - INFO: Epoch 00500 | Time(s) 0.0440 | Val Loss 1.4725 | Val Acc 0.6989 | ETputs(KTEPS) 14258.47
2023-10-14 05:25:15,414 - tune.py [line:103] - INFO: Epoch 00520 | Time(s) 0.0443 | Val Loss 1.4741 | Val Acc 0.6923 | ETputs(KTEPS) 14177.67
2023-10-14 05:25:16,405 - tune.py [line:103] - INFO: Epoch 00540 | Time(s) 0.0444 | Val Loss 1.4727 | Val Acc 0.7055 | ETputs(KTEPS) 14115.71
2023-10-14 05:25:17,352 - tune.py [line:103] - INFO: Epoch 00560 | Time(s) 0.0446 | Val Loss 1.4713 | Val Acc 0.6923 | ETputs(KTEPS) 14083.25
2023-10-14 05:25:18,155 - tune.py [line:103] - INFO: Epoch 00580 | Time(s) 0.0444 | Val Loss 1.4737 | Val Acc 0.7011 | ETputs(KTEPS) 14131.40
2023-10-14 05:25:19,098 - tune.py [line:103] - INFO: Epoch 00600 | Time(s) 0.0445 | Val Loss 1.4734 | Val Acc 0.7143 | ETputs(KTEPS) 14102.88
2023-10-14 05:25:19,940 - tune.py [line:103] - INFO: Epoch 00620 | Time(s) 0.0444 | Val Loss 1.4732 | Val Acc 0.7055 | ETputs(KTEPS) 14127.60
2023-10-14 05:25:20,753 - tune.py [line:103] - INFO: Epoch 00640 | Time(s) 0.0443 | Val Loss 1.4729 | Val Acc 0.7055 | ETputs(KTEPS) 14165.19
2023-10-14 05:25:21,559 - tune.py [line:103] - INFO: Epoch 00660 | Time(s) 0.0442 | Val Loss 1.4742 | Val Acc 0.6923 | ETputs(KTEPS) 14204.08
2023-10-14 05:25:22,365 - tune.py [line:103] - INFO: Epoch 00680 | Time(s) 0.0441 | Val Loss 1.4732 | Val Acc 0.7077 | ETputs(KTEPS) 14241.26
2023-10-14 05:25:23,180 - tune.py [line:103] - INFO: Epoch 00700 | Time(s) 0.0440 | Val Loss 1.4718 | Val Acc 0.7077 | ETputs(KTEPS) 14271.91
2023-10-14 05:25:23,985 - tune.py [line:103] - INFO: Epoch 00720 | Time(s) 0.0439 | Val Loss 1.4752 | Val Acc 0.7099 | ETputs(KTEPS) 14305.48
2023-10-14 05:25:24,278 - tune.py [line:117] - INFO: [FINAL MODEL] Val accuracy 72.53% \Val loss: 1.5
2023-10-14 05:25:24,287 - tune.py [line:119] - INFO: [FINAL MODEL] Test accuracy 72.21% \Test loss: 1.5
2023-10-14 05:25:24,287 - tune.py [line:144] - INFO: Acc on the first split (Validation Set): 0.7253
2023-10-14 05:25:24,287 - tune.py [line:145] - INFO: Acc on the first split (Test Set): 0.7221
