2023-10-14 05:24:28,496 - tune.py [line:203] - INFO: Namespace(seed=42, model='NormalNNV2', gpu=0, dataset='geom-chameleon', logging=True, log_detail=True, log_detailedCh=False, id_log=1013014503, optuna_n_trials=202, n_epochs=2000, self_loop=False, udgraph=True, early_stop=True, patience=300, n_hidden=64, n_cv=1, start_cv=0, n_layers=12, lr1=0.04, lr2=0.03, wd1=1e-08, wd2=0.001, dropout=0.2, dropout2=0.6, es_ckpt='woselfloop-geom-chameleon_NormalNNV2-wonoise-geom-chameleon_trialNo117')
2023-10-14 05:24:29,341 - tune.py [line:128] - INFO: Split_seeds:[1824]
2023-10-14 05:24:29,341 - tune.py [line:129] - INFO: Model_seeds:[409]
2023-10-14 05:24:30,154 - tune.py [line:103] - INFO: Epoch 00020 | Time(s) 0.0392 | Val Loss 1.5670 | Val Acc 0.6659 | ETputs(KTEPS) 16019.03
2023-10-14 05:24:30,914 - tune.py [line:103] - INFO: Epoch 00040 | Time(s) 0.0384 | Val Loss 1.5297 | Val Acc 0.6769 | ETputs(KTEPS) 16341.97
2023-10-14 05:24:31,663 - tune.py [line:103] - INFO: Epoch 00060 | Time(s) 0.0380 | Val Loss 1.5069 | Val Acc 0.6703 | ETputs(KTEPS) 16492.07
2023-10-14 05:24:32,421 - tune.py [line:103] - INFO: Epoch 00080 | Time(s) 0.0380 | Val Loss 1.4926 | Val Acc 0.6791 | ETputs(KTEPS) 16512.38
2023-10-14 05:24:33,173 - tune.py [line:103] - INFO: Epoch 00100 | Time(s) 0.0379 | Val Loss 1.4824 | Val Acc 0.6791 | ETputs(KTEPS) 16546.50
2023-10-14 05:24:33,919 - tune.py [line:103] - INFO: Epoch 00120 | Time(s) 0.0378 | Val Loss 1.4806 | Val Acc 0.6857 | ETputs(KTEPS) 16592.03
2023-10-14 05:24:34,675 - tune.py [line:103] - INFO: Epoch 00140 | Time(s) 0.0378 | Val Loss 1.4757 | Val Acc 0.6769 | ETputs(KTEPS) 16600.23
2023-10-14 05:24:35,531 - tune.py [line:103] - INFO: Epoch 00160 | Time(s) 0.0384 | Val Loss 1.4706 | Val Acc 0.6879 | ETputs(KTEPS) 16345.98
2023-10-14 05:24:36,276 - tune.py [line:103] - INFO: Epoch 00180 | Time(s) 0.0382 | Val Loss 1.4706 | Val Acc 0.6989 | ETputs(KTEPS) 16403.83
2023-10-14 05:24:37,016 - tune.py [line:103] - INFO: Epoch 00200 | Time(s) 0.0381 | Val Loss 1.4707 | Val Acc 0.7055 | ETputs(KTEPS) 16458.91
2023-10-14 05:24:37,785 - tune.py [line:103] - INFO: Epoch 00220 | Time(s) 0.0381 | Val Loss 1.4673 | Val Acc 0.6967 | ETputs(KTEPS) 16450.43
2023-10-14 05:24:38,572 - tune.py [line:103] - INFO: Epoch 00240 | Time(s) 0.0382 | Val Loss 1.4672 | Val Acc 0.7033 | ETputs(KTEPS) 16407.79
2023-10-14 05:24:39,362 - tune.py [line:103] - INFO: Epoch 00260 | Time(s) 0.0383 | Val Loss 1.4673 | Val Acc 0.7077 | ETputs(KTEPS) 16367.50
2023-10-14 05:24:40,120 - tune.py [line:103] - INFO: Epoch 00280 | Time(s) 0.0383 | Val Loss 1.4674 | Val Acc 0.7187 | ETputs(KTEPS) 16390.72
2023-10-14 05:24:40,857 - tune.py [line:103] - INFO: Epoch 00300 | Time(s) 0.0382 | Val Loss 1.4676 | Val Acc 0.7055 | ETputs(KTEPS) 16432.10
2023-10-14 05:24:41,660 - tune.py [line:103] - INFO: Epoch 00320 | Time(s) 0.0383 | Val Loss 1.4690 | Val Acc 0.6989 | ETputs(KTEPS) 16380.85
2023-10-14 05:24:42,342 - tune.py [line:103] - INFO: Epoch 00340 | Time(s) 0.0381 | Val Loss 1.4677 | Val Acc 0.7011 | ETputs(KTEPS) 16487.37
2023-10-14 05:24:42,959 - tune.py [line:103] - INFO: Epoch 00360 | Time(s) 0.0377 | Val Loss 1.4714 | Val Acc 0.7011 | ETputs(KTEPS) 16663.45
2023-10-14 05:24:43,583 - tune.py [line:103] - INFO: Epoch 00380 | Time(s) 0.0373 | Val Loss 1.4679 | Val Acc 0.7033 | ETputs(KTEPS) 16814.90
2023-10-14 05:24:44,206 - tune.py [line:103] - INFO: Epoch 00400 | Time(s) 0.0370 | Val Loss 1.4684 | Val Acc 0.7011 | ETputs(KTEPS) 16955.63
2023-10-14 05:24:44,844 - tune.py [line:103] - INFO: Epoch 00420 | Time(s) 0.0368 | Val Loss 1.4699 | Val Acc 0.7121 | ETputs(KTEPS) 17068.05
2023-10-14 05:24:45,623 - tune.py [line:103] - INFO: Epoch 00440 | Time(s) 0.0369 | Val Loss 1.4697 | Val Acc 0.7121 | ETputs(KTEPS) 17023.17
2023-10-14 05:24:46,525 - tune.py [line:103] - INFO: Epoch 00460 | Time(s) 0.0372 | Val Loss 1.4688 | Val Acc 0.6923 | ETputs(KTEPS) 16859.42
2023-10-14 05:24:47,344 - tune.py [line:103] - INFO: Epoch 00480 | Time(s) 0.0374 | Val Loss 1.4721 | Val Acc 0.7033 | ETputs(KTEPS) 16790.18
2023-10-14 05:24:48,414 - tune.py [line:103] - INFO: Epoch 00500 | Time(s) 0.0380 | Val Loss 1.4717 | Val Acc 0.6923 | ETputs(KTEPS) 16505.84
2023-10-14 05:24:49,466 - tune.py [line:103] - INFO: Epoch 00520 | Time(s) 0.0386 | Val Loss 1.4721 | Val Acc 0.7077 | ETputs(KTEPS) 16267.06
2023-10-14 05:24:50,254 - tune.py [line:103] - INFO: Epoch 00540 | Time(s) 0.0386 | Val Loss 1.4709 | Val Acc 0.7165 | ETputs(KTEPS) 16254.71
2023-10-14 05:24:51,001 - tune.py [line:103] - INFO: Epoch 00560 | Time(s) 0.0386 | Val Loss 1.4687 | Val Acc 0.6967 | ETputs(KTEPS) 16273.22
2023-10-14 05:24:51,452 - tune.py [line:117] - INFO: [FINAL MODEL] Val accuracy 72.75% \Val loss: 1.5
2023-10-14 05:24:51,459 - tune.py [line:119] - INFO: [FINAL MODEL] Test accuracy 73.30% \Test loss: 1.5
2023-10-14 05:24:51,459 - tune.py [line:144] - INFO: Acc on the first split (Validation Set): 0.7275
2023-10-14 05:24:51,459 - tune.py [line:145] - INFO: Acc on the first split (Test Set): 0.7330
