2023-10-14 05:21:50,833 - tune.py [line:203] - INFO: Namespace(seed=42, model='NormalNNV2', gpu=0, dataset='geom-chameleon', logging=True, log_detail=True, log_detailedCh=False, id_log=1013014503, optuna_n_trials=202, n_epochs=2000, self_loop=False, udgraph=True, early_stop=True, patience=300, n_hidden=64, n_cv=1, start_cv=0, n_layers=16, lr1=0.02, lr2=0.04, wd1=1e-08, wd2=0.001, dropout=0.2, dropout2=0.3, es_ckpt='woselfloop-geom-chameleon_NormalNNV2-wonoise-geom-chameleon_trialNo103')
2023-10-14 05:21:51,689 - tune.py [line:128] - INFO: Split_seeds:[1824]
2023-10-14 05:21:51,689 - tune.py [line:129] - INFO: Model_seeds:[409]
2023-10-14 05:21:52,731 - tune.py [line:103] - INFO: Epoch 00020 | Time(s) 0.0506 | Val Loss 1.5562 | Val Acc 0.6879 | ETputs(KTEPS) 12401.35
2023-10-14 05:21:53,737 - tune.py [line:103] - INFO: Epoch 00040 | Time(s) 0.0502 | Val Loss 1.5150 | Val Acc 0.6879 | ETputs(KTEPS) 12491.85
2023-10-14 05:21:54,741 - tune.py [line:103] - INFO: Epoch 00060 | Time(s) 0.0502 | Val Loss 1.4918 | Val Acc 0.6835 | ETputs(KTEPS) 12493.83
2023-10-14 05:21:55,736 - tune.py [line:103] - INFO: Epoch 00080 | Time(s) 0.0501 | Val Loss 1.4837 | Val Acc 0.6791 | ETputs(KTEPS) 12524.48
2023-10-14 05:21:56,754 - tune.py [line:103] - INFO: Epoch 00100 | Time(s) 0.0503 | Val Loss 1.4810 | Val Acc 0.6945 | ETputs(KTEPS) 12485.44
2023-10-14 05:21:57,759 - tune.py [line:103] - INFO: Epoch 00120 | Time(s) 0.0502 | Val Loss 1.4815 | Val Acc 0.6835 | ETputs(KTEPS) 12486.03
2023-10-14 05:21:58,786 - tune.py [line:103] - INFO: Epoch 00140 | Time(s) 0.0504 | Val Loss 1.4849 | Val Acc 0.6901 | ETputs(KTEPS) 12455.57
2023-10-14 05:21:59,824 - tune.py [line:103] - INFO: Epoch 00160 | Time(s) 0.0506 | Val Loss 1.4840 | Val Acc 0.6967 | ETputs(KTEPS) 12410.20
2023-10-14 05:22:00,808 - tune.py [line:103] - INFO: Epoch 00180 | Time(s) 0.0504 | Val Loss 1.4906 | Val Acc 0.6857 | ETputs(KTEPS) 12447.75
2023-10-14 05:22:01,863 - tune.py [line:103] - INFO: Epoch 00200 | Time(s) 0.0506 | Val Loss 1.4928 | Val Acc 0.6945 | ETputs(KTEPS) 12389.80
2023-10-14 05:22:02,936 - tune.py [line:103] - INFO: Epoch 00220 | Time(s) 0.0509 | Val Loss 1.4964 | Val Acc 0.6791 | ETputs(KTEPS) 12323.74
2023-10-14 05:22:03,876 - tune.py [line:103] - INFO: Epoch 00240 | Time(s) 0.0506 | Val Loss 1.5002 | Val Acc 0.6835 | ETputs(KTEPS) 12406.23
2023-10-14 05:22:04,782 - tune.py [line:103] - INFO: Epoch 00260 | Time(s) 0.0502 | Val Loss 1.5008 | Val Acc 0.6967 | ETputs(KTEPS) 12507.60
2023-10-14 05:22:05,728 - tune.py [line:103] - INFO: Epoch 00280 | Time(s) 0.0500 | Val Loss 1.5017 | Val Acc 0.6967 | ETputs(KTEPS) 12558.80
2023-10-14 05:22:06,641 - tune.py [line:103] - INFO: Epoch 00300 | Time(s) 0.0497 | Val Loss 1.5050 | Val Acc 0.6901 | ETputs(KTEPS) 12631.71
2023-10-14 05:22:07,551 - tune.py [line:103] - INFO: Epoch 00320 | Time(s) 0.0494 | Val Loss 1.5035 | Val Acc 0.6967 | ETputs(KTEPS) 12699.21
2023-10-14 05:22:08,457 - tune.py [line:103] - INFO: Epoch 00340 | Time(s) 0.0492 | Val Loss 1.5052 | Val Acc 0.7033 | ETputs(KTEPS) 12761.76
2023-10-14 05:22:09,389 - tune.py [line:103] - INFO: Epoch 00360 | Time(s) 0.0490 | Val Loss 1.5050 | Val Acc 0.6945 | ETputs(KTEPS) 12801.10
2023-10-14 05:22:10,319 - tune.py [line:103] - INFO: Epoch 00380 | Time(s) 0.0489 | Val Loss 1.5047 | Val Acc 0.7033 | ETputs(KTEPS) 12835.70
2023-10-14 05:22:11,492 - tune.py [line:103] - INFO: Epoch 00400 | Time(s) 0.0494 | Val Loss 1.5068 | Val Acc 0.6923 | ETputs(KTEPS) 12709.34
2023-10-14 05:22:12,586 - tune.py [line:103] - INFO: Epoch 00420 | Time(s) 0.0496 | Val Loss 1.5077 | Val Acc 0.7011 | ETputs(KTEPS) 12644.91
2023-10-14 05:22:13,621 - tune.py [line:103] - INFO: Epoch 00440 | Time(s) 0.0497 | Val Loss 1.5068 | Val Acc 0.7011 | ETputs(KTEPS) 12624.22
2023-10-14 05:22:14,628 - tune.py [line:103] - INFO: Epoch 00460 | Time(s) 0.0497 | Val Loss 1.5085 | Val Acc 0.6813 | ETputs(KTEPS) 12617.57
2023-10-14 05:22:15,652 - tune.py [line:103] - INFO: Epoch 00480 | Time(s) 0.0498 | Val Loss 1.5069 | Val Acc 0.6945 | ETputs(KTEPS) 12602.31
2023-10-14 05:22:16,658 - tune.py [line:103] - INFO: Epoch 00500 | Time(s) 0.0498 | Val Loss 1.5084 | Val Acc 0.6923 | ETputs(KTEPS) 12597.20
2023-10-14 05:22:17,667 - tune.py [line:103] - INFO: Epoch 00520 | Time(s) 0.0498 | Val Loss 1.5094 | Val Acc 0.6989 | ETputs(KTEPS) 12591.22
2023-10-14 05:22:18,673 - tune.py [line:103] - INFO: Epoch 00540 | Time(s) 0.0498 | Val Loss 1.5082 | Val Acc 0.6879 | ETputs(KTEPS) 12586.81
2023-10-14 05:22:19,608 - tune.py [line:103] - INFO: Epoch 00560 | Time(s) 0.0497 | Val Loss 1.5081 | Val Acc 0.6945 | ETputs(KTEPS) 12615.21
2023-10-14 05:22:20,556 - tune.py [line:103] - INFO: Epoch 00580 | Time(s) 0.0497 | Val Loss 1.5085 | Val Acc 0.7077 | ETputs(KTEPS) 12635.96
2023-10-14 05:22:21,516 - tune.py [line:103] - INFO: Epoch 00600 | Time(s) 0.0496 | Val Loss 1.5081 | Val Acc 0.7077 | ETputs(KTEPS) 12651.43
2023-10-14 05:22:22,518 - tune.py [line:103] - INFO: Epoch 00620 | Time(s) 0.0496 | Val Loss 1.5085 | Val Acc 0.7033 | ETputs(KTEPS) 12647.52
2023-10-14 05:22:23,558 - tune.py [line:103] - INFO: Epoch 00640 | Time(s) 0.0497 | Val Loss 1.5091 | Val Acc 0.6857 | ETputs(KTEPS) 12628.58
2023-10-14 05:22:24,591 - tune.py [line:103] - INFO: Epoch 00660 | Time(s) 0.0497 | Val Loss 1.5103 | Val Acc 0.6901 | ETputs(KTEPS) 12613.88
2023-10-14 05:22:25,513 - tune.py [line:103] - INFO: Epoch 00680 | Time(s) 0.0496 | Val Loss 1.5093 | Val Acc 0.7033 | ETputs(KTEPS) 12641.21
2023-10-14 05:22:26,433 - tune.py [line:103] - INFO: Epoch 00700 | Time(s) 0.0495 | Val Loss 1.5114 | Val Acc 0.6857 | ETputs(KTEPS) 12667.73
2023-10-14 05:22:27,351 - tune.py [line:103] - INFO: Epoch 00720 | Time(s) 0.0494 | Val Loss 1.5101 | Val Acc 0.6879 | ETputs(KTEPS) 12693.87
2023-10-14 05:22:28,275 - tune.py [line:103] - INFO: Epoch 00740 | Time(s) 0.0493 | Val Loss 1.5107 | Val Acc 0.6857 | ETputs(KTEPS) 12716.51
2023-10-14 05:22:29,341 - tune.py [line:103] - INFO: Epoch 00760 | Time(s) 0.0494 | Val Loss 1.5119 | Val Acc 0.6989 | ETputs(KTEPS) 12689.69
2023-10-14 05:22:30,378 - tune.py [line:103] - INFO: Epoch 00780 | Time(s) 0.0495 | Val Loss 1.5107 | Val Acc 0.6967 | ETputs(KTEPS) 12674.31
2023-10-14 05:22:31,391 - tune.py [line:103] - INFO: Epoch 00800 | Time(s) 0.0495 | Val Loss 1.5129 | Val Acc 0.7077 | ETputs(KTEPS) 12666.88
2023-10-14 05:22:32,400 - tune.py [line:103] - INFO: Epoch 00820 | Time(s) 0.0496 | Val Loss 1.5114 | Val Acc 0.6967 | ETputs(KTEPS) 12661.52
2023-10-14 05:22:33,401 - tune.py [line:103] - INFO: Epoch 00840 | Time(s) 0.0496 | Val Loss 1.5113 | Val Acc 0.6945 | ETputs(KTEPS) 12658.73
2023-10-14 05:22:34,431 - tune.py [line:103] - INFO: Epoch 00860 | Time(s) 0.0496 | Val Loss 1.5134 | Val Acc 0.6989 | ETputs(KTEPS) 12647.35
2023-10-14 05:22:35,455 - tune.py [line:103] - INFO: Epoch 00880 | Time(s) 0.0496 | Val Loss 1.5127 | Val Acc 0.6835 | ETputs(KTEPS) 12638.23
2023-10-14 05:22:36,397 - tune.py [line:117] - INFO: [FINAL MODEL] Val accuracy 72.53% \Val loss: 1.5
2023-10-14 05:22:36,409 - tune.py [line:119] - INFO: [FINAL MODEL] Test accuracy 71.99% \Test loss: 1.5
2023-10-14 05:22:36,409 - tune.py [line:144] - INFO: Acc on the first split (Validation Set): 0.7253
2023-10-14 05:22:36,409 - tune.py [line:145] - INFO: Acc on the first split (Test Set): 0.7199
