2023-10-14 05:17:56,988 - tune.py [line:203] - INFO: Namespace(seed=42, model='NormalNNV2', gpu=0, dataset='geom-chameleon', logging=True, log_detail=True, log_detailedCh=False, id_log=1013014503, optuna_n_trials=202, n_epochs=2000, self_loop=False, udgraph=True, early_stop=True, patience=300, n_hidden=64, n_cv=1, start_cv=0, n_layers=16, lr1=0.02, lr2=0.02, wd1=1e-08, wd2=0.001, dropout=0.2, dropout2=0.3, es_ckpt='woselfloop-geom-chameleon_NormalNNV2-wonoise-geom-chameleon_trialNo73')
2023-10-14 05:17:57,848 - tune.py [line:128] - INFO: Split_seeds:[1824]
2023-10-14 05:17:57,848 - tune.py [line:129] - INFO: Model_seeds:[409]
2023-10-14 05:17:58,947 - tune.py [line:103] - INFO: Epoch 00020 | Time(s) 0.0531 | Val Loss 1.5777 | Val Acc 0.6659 | ETputs(KTEPS) 11806.32
2023-10-14 05:17:59,957 - tune.py [line:103] - INFO: Epoch 00040 | Time(s) 0.0517 | Val Loss 1.5539 | Val Acc 0.6725 | ETputs(KTEPS) 12146.55
2023-10-14 05:18:00,949 - tune.py [line:103] - INFO: Epoch 00060 | Time(s) 0.0509 | Val Loss 1.5325 | Val Acc 0.6769 | ETputs(KTEPS) 12317.07
2023-10-14 05:18:01,957 - tune.py [line:103] - INFO: Epoch 00080 | Time(s) 0.0508 | Val Loss 1.5146 | Val Acc 0.6725 | ETputs(KTEPS) 12351.40
2023-10-14 05:18:02,980 - tune.py [line:103] - INFO: Epoch 00100 | Time(s) 0.0509 | Val Loss 1.5013 | Val Acc 0.6747 | ETputs(KTEPS) 12334.83
2023-10-14 05:18:03,873 - tune.py [line:103] - INFO: Epoch 00120 | Time(s) 0.0498 | Val Loss 1.4935 | Val Acc 0.6791 | ETputs(KTEPS) 12593.51
2023-10-14 05:18:04,711 - tune.py [line:103] - INFO: Epoch 00140 | Time(s) 0.0487 | Val Loss 1.4880 | Val Acc 0.6747 | ETputs(KTEPS) 12885.25
2023-10-14 05:18:05,577 - tune.py [line:103] - INFO: Epoch 00160 | Time(s) 0.0480 | Val Loss 1.4855 | Val Acc 0.6769 | ETputs(KTEPS) 13067.39
2023-10-14 05:18:06,432 - tune.py [line:103] - INFO: Epoch 00180 | Time(s) 0.0474 | Val Loss 1.4859 | Val Acc 0.6901 | ETputs(KTEPS) 13234.04
2023-10-14 05:18:07,298 - tune.py [line:103] - INFO: Epoch 00200 | Time(s) 0.0470 | Val Loss 1.4817 | Val Acc 0.6813 | ETputs(KTEPS) 13353.21
2023-10-14 05:18:08,189 - tune.py [line:103] - INFO: Epoch 00220 | Time(s) 0.0468 | Val Loss 1.4822 | Val Acc 0.6945 | ETputs(KTEPS) 13416.83
2023-10-14 05:18:09,051 - tune.py [line:103] - INFO: Epoch 00240 | Time(s) 0.0464 | Val Loss 1.4831 | Val Acc 0.7033 | ETputs(KTEPS) 13510.37
2023-10-14 05:18:09,922 - tune.py [line:103] - INFO: Epoch 00260 | Time(s) 0.0462 | Val Loss 1.4831 | Val Acc 0.6945 | ETputs(KTEPS) 13575.63
2023-10-14 05:18:10,813 - tune.py [line:103] - INFO: Epoch 00280 | Time(s) 0.0461 | Val Loss 1.4834 | Val Acc 0.6967 | ETputs(KTEPS) 13612.46
2023-10-14 05:18:11,681 - tune.py [line:103] - INFO: Epoch 00300 | Time(s) 0.0459 | Val Loss 1.4864 | Val Acc 0.6901 | ETputs(KTEPS) 13666.35
2023-10-14 05:18:12,531 - tune.py [line:103] - INFO: Epoch 00320 | Time(s) 0.0457 | Val Loss 1.4851 | Val Acc 0.7011 | ETputs(KTEPS) 13729.98
2023-10-14 05:18:13,400 - tune.py [line:103] - INFO: Epoch 00340 | Time(s) 0.0456 | Val Loss 1.4871 | Val Acc 0.6879 | ETputs(KTEPS) 13770.31
2023-10-14 05:18:14,329 - tune.py [line:103] - INFO: Epoch 00360 | Time(s) 0.0456 | Val Loss 1.4882 | Val Acc 0.6901 | ETputs(KTEPS) 13756.15
2023-10-14 05:18:15,349 - tune.py [line:103] - INFO: Epoch 00380 | Time(s) 0.0459 | Val Loss 1.4912 | Val Acc 0.7011 | ETputs(KTEPS) 13671.49
2023-10-14 05:18:16,327 - tune.py [line:103] - INFO: Epoch 00400 | Time(s) 0.0460 | Val Loss 1.4929 | Val Acc 0.6989 | ETputs(KTEPS) 13627.24
2023-10-14 05:18:17,327 - tune.py [line:103] - INFO: Epoch 00420 | Time(s) 0.0462 | Val Loss 1.4959 | Val Acc 0.6901 | ETputs(KTEPS) 13571.80
2023-10-14 05:18:18,325 - tune.py [line:103] - INFO: Epoch 00440 | Time(s) 0.0464 | Val Loss 1.4966 | Val Acc 0.6923 | ETputs(KTEPS) 13523.23
2023-10-14 05:18:19,331 - tune.py [line:103] - INFO: Epoch 00460 | Time(s) 0.0466 | Val Loss 1.4972 | Val Acc 0.6835 | ETputs(KTEPS) 13474.66
2023-10-14 05:18:20,416 - tune.py [line:103] - INFO: Epoch 00480 | Time(s) 0.0469 | Val Loss 1.4989 | Val Acc 0.6923 | ETputs(KTEPS) 13382.63
2023-10-14 05:18:21,423 - tune.py [line:103] - INFO: Epoch 00500 | Time(s) 0.0470 | Val Loss 1.5025 | Val Acc 0.6857 | ETputs(KTEPS) 13343.53
2023-10-14 05:18:22,454 - tune.py [line:103] - INFO: Epoch 00520 | Time(s) 0.0472 | Val Loss 1.5032 | Val Acc 0.6923 | ETputs(KTEPS) 13294.56
2023-10-14 05:18:23,516 - tune.py [line:103] - INFO: Epoch 00540 | Time(s) 0.0474 | Val Loss 1.5037 | Val Acc 0.6923 | ETputs(KTEPS) 13233.72
2023-10-14 05:18:24,509 - tune.py [line:103] - INFO: Epoch 00560 | Time(s) 0.0475 | Val Loss 1.5046 | Val Acc 0.7011 | ETputs(KTEPS) 13213.10
2023-10-14 05:18:25,489 - tune.py [line:103] - INFO: Epoch 00580 | Time(s) 0.0475 | Val Loss 1.5045 | Val Acc 0.6945 | ETputs(KTEPS) 13198.92
2023-10-14 05:18:26,482 - tune.py [line:103] - INFO: Epoch 00600 | Time(s) 0.0476 | Val Loss 1.5050 | Val Acc 0.7011 | ETputs(KTEPS) 13179.50
2023-10-14 05:18:27,480 - tune.py [line:103] - INFO: Epoch 00620 | Time(s) 0.0477 | Val Loss 1.5058 | Val Acc 0.6923 | ETputs(KTEPS) 13159.19
2023-10-14 05:18:28,477 - tune.py [line:103] - INFO: Epoch 00640 | Time(s) 0.0477 | Val Loss 1.5070 | Val Acc 0.6813 | ETputs(KTEPS) 13140.81
2023-10-14 05:18:29,494 - tune.py [line:103] - INFO: Epoch 00660 | Time(s) 0.0478 | Val Loss 1.5065 | Val Acc 0.6945 | ETputs(KTEPS) 13115.14
2023-10-14 05:18:30,497 - tune.py [line:103] - INFO: Epoch 00680 | Time(s) 0.0479 | Val Loss 1.5077 | Val Acc 0.6901 | ETputs(KTEPS) 13096.63
2023-10-14 05:18:31,489 - tune.py [line:103] - INFO: Epoch 00700 | Time(s) 0.0480 | Val Loss 1.5086 | Val Acc 0.6901 | ETputs(KTEPS) 13083.82
2023-10-14 05:18:32,469 - tune.py [line:103] - INFO: Epoch 00720 | Time(s) 0.0480 | Val Loss 1.5085 | Val Acc 0.6857 | ETputs(KTEPS) 13076.14
2023-10-14 05:18:33,459 - tune.py [line:103] - INFO: Epoch 00740 | Time(s) 0.0480 | Val Loss 1.5089 | Val Acc 0.6967 | ETputs(KTEPS) 13064.98
2023-10-14 05:18:34,445 - tune.py [line:103] - INFO: Epoch 00760 | Time(s) 0.0481 | Val Loss 1.5088 | Val Acc 0.6879 | ETputs(KTEPS) 13056.20
2023-10-14 05:18:35,433 - tune.py [line:103] - INFO: Epoch 00780 | Time(s) 0.0481 | Val Loss 1.5091 | Val Acc 0.6791 | ETputs(KTEPS) 13047.00
2023-10-14 05:18:36,433 - tune.py [line:103] - INFO: Epoch 00800 | Time(s) 0.0481 | Val Loss 1.5100 | Val Acc 0.7099 | ETputs(KTEPS) 13034.27
2023-10-14 05:18:37,393 - tune.py [line:103] - INFO: Epoch 00820 | Time(s) 0.0481 | Val Loss 1.5101 | Val Acc 0.6835 | ETputs(KTEPS) 13035.36
2023-10-14 05:18:38,279 - tune.py [line:103] - INFO: Epoch 00840 | Time(s) 0.0480 | Val Loss 1.5104 | Val Acc 0.6945 | ETputs(KTEPS) 13060.28
2023-10-14 05:18:38,463 - tune.py [line:117] - INFO: [FINAL MODEL] Val accuracy 71.21% \Val loss: 1.5
2023-10-14 05:18:38,472 - tune.py [line:119] - INFO: [FINAL MODEL] Test accuracy 71.12% \Test loss: 1.5
2023-10-14 05:18:38,473 - tune.py [line:144] - INFO: Acc on the first split (Validation Set): 0.7121
2023-10-14 05:18:38,473 - tune.py [line:145] - INFO: Acc on the first split (Test Set): 0.7112
