2023-10-14 05:03:30,815 - tune.py [line:203] - INFO: Namespace(seed=42, model='NormalNNV2', gpu=0, dataset='geom-chameleon', logging=True, log_detail=True, log_detailedCh=False, id_log=1013014503, optuna_n_trials=202, n_epochs=2000, self_loop=False, udgraph=True, early_stop=True, patience=300, n_hidden=64, n_cv=1, start_cv=0, n_layers=20, lr1=0.005, lr2=0.04, wd1=1e-05, wd2=0.0001, dropout=0.1, dropout2=0.2, es_ckpt='woselfloop-geom-chameleon_NormalNNV2-wonoise-geom-chameleon_trialNo14')
2023-10-14 05:03:31,721 - tune.py [line:128] - INFO: Split_seeds:[1824]
2023-10-14 05:03:31,722 - tune.py [line:129] - INFO: Model_seeds:[409]
2023-10-14 05:03:32,900 - tune.py [line:103] - INFO: Epoch 00020 | Time(s) 0.0570 | Val Loss 1.5599 | Val Acc 0.6154 | ETputs(KTEPS) 11012.59
2023-10-14 05:03:34,017 - tune.py [line:103] - INFO: Epoch 00040 | Time(s) 0.0560 | Val Loss 1.4931 | Val Acc 0.6396 | ETputs(KTEPS) 11202.19
2023-10-14 05:03:35,287 - tune.py [line:103] - INFO: Epoch 00060 | Time(s) 0.0585 | Val Loss 1.4327 | Val Acc 0.6352 | ETputs(KTEPS) 10724.66
2023-10-14 05:03:36,603 - tune.py [line:103] - INFO: Epoch 00080 | Time(s) 0.0603 | Val Loss 1.3790 | Val Acc 0.6462 | ETputs(KTEPS) 10401.72
2023-10-14 05:03:37,959 - tune.py [line:103] - INFO: Epoch 00100 | Time(s) 0.0618 | Val Loss 1.3328 | Val Acc 0.6396 | ETputs(KTEPS) 10150.65
2023-10-14 05:03:39,328 - tune.py [line:103] - INFO: Epoch 00120 | Time(s) 0.0629 | Val Loss 1.2990 | Val Acc 0.6264 | ETputs(KTEPS) 9973.12
2023-10-14 05:03:40,594 - tune.py [line:103] - INFO: Epoch 00140 | Time(s) 0.0629 | Val Loss 1.2541 | Val Acc 0.6703 | ETputs(KTEPS) 9973.48
2023-10-14 05:03:41,873 - tune.py [line:103] - INFO: Epoch 00160 | Time(s) 0.0630 | Val Loss 1.2328 | Val Acc 0.6527 | ETputs(KTEPS) 9955.24
2023-10-14 05:03:43,186 - tune.py [line:103] - INFO: Epoch 00180 | Time(s) 0.0633 | Val Loss 1.2140 | Val Acc 0.6484 | ETputs(KTEPS) 9909.98
2023-10-14 05:03:44,637 - tune.py [line:103] - INFO: Epoch 00200 | Time(s) 0.0642 | Val Loss 1.1997 | Val Acc 0.6659 | ETputs(KTEPS) 9772.31
2023-10-14 05:03:45,839 - tune.py [line:103] - INFO: Epoch 00220 | Time(s) 0.0638 | Val Loss 1.1830 | Val Acc 0.6615 | ETputs(KTEPS) 9829.66
2023-10-14 05:03:46,933 - tune.py [line:103] - INFO: Epoch 00240 | Time(s) 0.0631 | Val Loss 1.1641 | Val Acc 0.6769 | ETputs(KTEPS) 9948.79
2023-10-14 05:03:48,097 - tune.py [line:103] - INFO: Epoch 00260 | Time(s) 0.0627 | Val Loss 1.1543 | Val Acc 0.6791 | ETputs(KTEPS) 10008.10
2023-10-14 05:03:49,219 - tune.py [line:103] - INFO: Epoch 00280 | Time(s) 0.0622 | Val Loss 1.1508 | Val Acc 0.6901 | ETputs(KTEPS) 10089.69
2023-10-14 05:03:50,539 - tune.py [line:103] - INFO: Epoch 00300 | Time(s) 0.0624 | Val Loss 1.1658 | Val Acc 0.6659 | ETputs(KTEPS) 10048.82
2023-10-14 05:03:51,846 - tune.py [line:103] - INFO: Epoch 00320 | Time(s) 0.0626 | Val Loss 1.1497 | Val Acc 0.6835 | ETputs(KTEPS) 10020.19
2023-10-14 05:03:52,944 - tune.py [line:103] - INFO: Epoch 00340 | Time(s) 0.0622 | Val Loss 1.1543 | Val Acc 0.6615 | ETputs(KTEPS) 10093.62
2023-10-14 05:03:54,109 - tune.py [line:103] - INFO: Epoch 00360 | Time(s) 0.0619 | Val Loss 1.1519 | Val Acc 0.6879 | ETputs(KTEPS) 10129.27
2023-10-14 05:03:55,287 - tune.py [line:103] - INFO: Epoch 00380 | Time(s) 0.0618 | Val Loss 1.1401 | Val Acc 0.6791 | ETputs(KTEPS) 10155.60
2023-10-14 05:03:56,472 - tune.py [line:103] - INFO: Epoch 00400 | Time(s) 0.0617 | Val Loss 1.1385 | Val Acc 0.6747 | ETputs(KTEPS) 10176.54
2023-10-14 05:03:57,662 - tune.py [line:103] - INFO: Epoch 00420 | Time(s) 0.0615 | Val Loss 1.1447 | Val Acc 0.6637 | ETputs(KTEPS) 10194.12
2023-10-14 05:03:58,948 - tune.py [line:103] - INFO: Epoch 00440 | Time(s) 0.0617 | Val Loss 1.1418 | Val Acc 0.6747 | ETputs(KTEPS) 10173.56
2023-10-14 05:04:00,203 - tune.py [line:103] - INFO: Epoch 00460 | Time(s) 0.0617 | Val Loss 1.1343 | Val Acc 0.6769 | ETputs(KTEPS) 10166.24
2023-10-14 05:04:01,326 - tune.py [line:103] - INFO: Epoch 00480 | Time(s) 0.0615 | Val Loss 1.1405 | Val Acc 0.6637 | ETputs(KTEPS) 10204.86
2023-10-14 05:04:02,490 - tune.py [line:103] - INFO: Epoch 00500 | Time(s) 0.0614 | Val Loss 1.1476 | Val Acc 0.6681 | ETputs(KTEPS) 10226.86
2023-10-14 05:04:03,670 - tune.py [line:103] - INFO: Epoch 00520 | Time(s) 0.0613 | Val Loss 1.1462 | Val Acc 0.6659 | ETputs(KTEPS) 10242.22
2023-10-14 05:04:04,898 - tune.py [line:103] - INFO: Epoch 00540 | Time(s) 0.0613 | Val Loss 1.1493 | Val Acc 0.6681 | ETputs(KTEPS) 10241.58
2023-10-14 05:04:06,155 - tune.py [line:103] - INFO: Epoch 00560 | Time(s) 0.0613 | Val Loss 1.1519 | Val Acc 0.6615 | ETputs(KTEPS) 10232.06
2023-10-14 05:04:07,314 - tune.py [line:117] - INFO: [FINAL MODEL] Val accuracy 69.01% \Val loss: 1.1
2023-10-14 05:04:07,332 - tune.py [line:119] - INFO: [FINAL MODEL] Test accuracy 70.02% \Test loss: 1.1
2023-10-14 05:04:07,333 - tune.py [line:144] - INFO: Acc on the first split (Validation Set): 0.6901
2023-10-14 05:04:07,334 - tune.py [line:145] - INFO: Acc on the first split (Test Set): 0.7002
