2023-10-14 05:19:44,022 - tune.py [line:203] - INFO: Namespace(seed=42, model='NormalNNV2', gpu=0, dataset='geom-chameleon', logging=True, log_detail=True, log_detailedCh=False, id_log=1013014503, optuna_n_trials=202, n_epochs=2000, self_loop=False, udgraph=True, early_stop=True, patience=300, n_hidden=64, n_cv=1, start_cv=0, n_layers=12, lr1=0.03, lr2=0.02, wd1=1e-08, wd2=0.001, dropout=0.2, dropout2=0.2, es_ckpt='woselfloop-geom-chameleon_NormalNNV2-wonoise-geom-chameleon_trialNo76')
2023-10-14 05:19:44,868 - tune.py [line:128] - INFO: Split_seeds:[1824]
2023-10-14 05:19:44,868 - tune.py [line:129] - INFO: Model_seeds:[409]
2023-10-14 05:19:45,856 - tune.py [line:103] - INFO: Epoch 00020 | Time(s) 0.0472 | Val Loss 1.5802 | Val Acc 0.6879 | ETputs(KTEPS) 13282.83
2023-10-14 05:19:46,665 - tune.py [line:103] - INFO: Epoch 00040 | Time(s) 0.0437 | Val Loss 1.5593 | Val Acc 0.6901 | ETputs(KTEPS) 14359.02
2023-10-14 05:19:47,545 - tune.py [line:103] - INFO: Epoch 00060 | Time(s) 0.0438 | Val Loss 1.5377 | Val Acc 0.6747 | ETputs(KTEPS) 14326.23
2023-10-14 05:19:48,511 - tune.py [line:103] - INFO: Epoch 00080 | Time(s) 0.0449 | Val Loss 1.5223 | Val Acc 0.6879 | ETputs(KTEPS) 13969.19
2023-10-14 05:19:49,623 - tune.py [line:103] - INFO: Epoch 00100 | Time(s) 0.0470 | Val Loss 1.5119 | Val Acc 0.6835 | ETputs(KTEPS) 13339.45
2023-10-14 05:19:50,802 - tune.py [line:103] - INFO: Epoch 00120 | Time(s) 0.0490 | Val Loss 1.5023 | Val Acc 0.6923 | ETputs(KTEPS) 12800.44
2023-10-14 05:19:52,002 - tune.py [line:103] - INFO: Epoch 00140 | Time(s) 0.0506 | Val Loss 1.4958 | Val Acc 0.6989 | ETputs(KTEPS) 12404.32
2023-10-14 05:19:53,029 - tune.py [line:103] - INFO: Epoch 00160 | Time(s) 0.0507 | Val Loss 1.4959 | Val Acc 0.6835 | ETputs(KTEPS) 12381.69
2023-10-14 05:19:54,021 - tune.py [line:103] - INFO: Epoch 00180 | Time(s) 0.0505 | Val Loss 1.4964 | Val Acc 0.6615 | ETputs(KTEPS) 12412.07
2023-10-14 05:19:54,860 - tune.py [line:103] - INFO: Epoch 00200 | Time(s) 0.0497 | Val Loss 1.4953 | Val Acc 0.6923 | ETputs(KTEPS) 12627.60
2023-10-14 05:19:55,665 - tune.py [line:103] - INFO: Epoch 00220 | Time(s) 0.0488 | Val Loss 1.4906 | Val Acc 0.6923 | ETputs(KTEPS) 12850.04
2023-10-14 05:19:56,480 - tune.py [line:103] - INFO: Epoch 00240 | Time(s) 0.0481 | Val Loss 1.4952 | Val Acc 0.6835 | ETputs(KTEPS) 13033.44
2023-10-14 05:19:57,285 - tune.py [line:103] - INFO: Epoch 00260 | Time(s) 0.0475 | Val Loss 1.4935 | Val Acc 0.6879 | ETputs(KTEPS) 13200.36
2023-10-14 05:19:58,099 - tune.py [line:103] - INFO: Epoch 00280 | Time(s) 0.0470 | Val Loss 1.4971 | Val Acc 0.6769 | ETputs(KTEPS) 13337.60
2023-10-14 05:19:58,904 - tune.py [line:103] - INFO: Epoch 00300 | Time(s) 0.0466 | Val Loss 1.4979 | Val Acc 0.6945 | ETputs(KTEPS) 13467.36
2023-10-14 05:19:59,738 - tune.py [line:103] - INFO: Epoch 00320 | Time(s) 0.0463 | Val Loss 1.4990 | Val Acc 0.6945 | ETputs(KTEPS) 13556.72
2023-10-14 05:20:00,544 - tune.py [line:103] - INFO: Epoch 00340 | Time(s) 0.0459 | Val Loss 1.5040 | Val Acc 0.6901 | ETputs(KTEPS) 13660.95
2023-10-14 05:20:01,358 - tune.py [line:103] - INFO: Epoch 00360 | Time(s) 0.0456 | Val Loss 1.5040 | Val Acc 0.6989 | ETputs(KTEPS) 13747.98
2023-10-14 05:20:02,225 - tune.py [line:103] - INFO: Epoch 00380 | Time(s) 0.0455 | Val Loss 1.5073 | Val Acc 0.6879 | ETputs(KTEPS) 13784.81
2023-10-14 05:20:03,035 - tune.py [line:103] - INFO: Epoch 00400 | Time(s) 0.0453 | Val Loss 1.5076 | Val Acc 0.6813 | ETputs(KTEPS) 13861.67
2023-10-14 05:20:03,799 - tune.py [line:103] - INFO: Epoch 00420 | Time(s) 0.0449 | Val Loss 1.5129 | Val Acc 0.6879 | ETputs(KTEPS) 13965.88
2023-10-14 05:20:04,680 - tune.py [line:103] - INFO: Epoch 00440 | Time(s) 0.0449 | Val Loss 1.5113 | Val Acc 0.7099 | ETputs(KTEPS) 13978.72
2023-10-14 05:20:05,533 - tune.py [line:103] - INFO: Epoch 00460 | Time(s) 0.0448 | Val Loss 1.5127 | Val Acc 0.6989 | ETputs(KTEPS) 14009.36
2023-10-14 05:20:06,350 - tune.py [line:103] - INFO: Epoch 00480 | Time(s) 0.0446 | Val Loss 1.5144 | Val Acc 0.6989 | ETputs(KTEPS) 14061.38
2023-10-14 05:20:07,313 - tune.py [line:103] - INFO: Epoch 00500 | Time(s) 0.0448 | Val Loss 1.5161 | Val Acc 0.6923 | ETputs(KTEPS) 14017.62
2023-10-14 05:20:08,211 - tune.py [line:103] - INFO: Epoch 00520 | Time(s) 0.0448 | Val Loss 1.5173 | Val Acc 0.7033 | ETputs(KTEPS) 14015.94
2023-10-14 05:20:08,599 - tune.py [line:117] - INFO: [FINAL MODEL] Val accuracy 71.87% \Val loss: 1.5
2023-10-14 05:20:08,608 - tune.py [line:119] - INFO: [FINAL MODEL] Test accuracy 71.12% \Test loss: 1.5
2023-10-14 05:20:08,608 - tune.py [line:144] - INFO: Acc on the first split (Validation Set): 0.7187
2023-10-14 05:20:08,608 - tune.py [line:145] - INFO: Acc on the first split (Test Set): 0.7112
