2023-10-14 05:13:25,027 - tune.py [line:203] - INFO: Namespace(seed=42, model='NormalNNV2', gpu=0, dataset='geom-chameleon', logging=True, log_detail=True, log_detailedCh=False, id_log=1013014503, optuna_n_trials=202, n_epochs=2000, self_loop=False, udgraph=True, early_stop=True, patience=300, n_hidden=64, n_cv=1, start_cv=0, n_layers=8, lr1=0.05, lr2=0.03, wd1=1e-08, wd2=0.0001, dropout=0.1, dropout2=0.4, es_ckpt='woselfloop-geom-chameleon_NormalNNV2-wonoise-geom-chameleon_trialNo56')
2023-10-14 05:13:25,782 - tune.py [line:128] - INFO: Split_seeds:[1824]
2023-10-14 05:13:25,782 - tune.py [line:129] - INFO: Model_seeds:[409]
2023-10-14 05:13:26,453 - tune.py [line:103] - INFO: Epoch 00020 | Time(s) 0.0322 | Val Loss 1.5717 | Val Acc 0.6791 | ETputs(KTEPS) 19498.71
2023-10-14 05:13:27,201 - tune.py [line:103] - INFO: Epoch 00040 | Time(s) 0.0346 | Val Loss 1.5352 | Val Acc 0.6747 | ETputs(KTEPS) 18144.70
2023-10-14 05:13:27,849 - tune.py [line:103] - INFO: Epoch 00060 | Time(s) 0.0338 | Val Loss 1.4956 | Val Acc 0.6747 | ETputs(KTEPS) 18535.82
2023-10-14 05:13:28,465 - tune.py [line:103] - INFO: Epoch 00080 | Time(s) 0.0330 | Val Loss 1.4601 | Val Acc 0.6637 | ETputs(KTEPS) 18984.74
2023-10-14 05:13:29,078 - tune.py [line:103] - INFO: Epoch 00100 | Time(s) 0.0326 | Val Loss 1.4290 | Val Acc 0.6681 | ETputs(KTEPS) 19266.75
2023-10-14 05:13:29,683 - tune.py [line:103] - INFO: Epoch 00120 | Time(s) 0.0322 | Val Loss 1.3930 | Val Acc 0.6813 | ETputs(KTEPS) 19511.58
2023-10-14 05:13:30,325 - tune.py [line:103] - INFO: Epoch 00140 | Time(s) 0.0321 | Val Loss 1.3595 | Val Acc 0.6857 | ETputs(KTEPS) 19516.60
2023-10-14 05:13:30,952 - tune.py [line:103] - INFO: Epoch 00160 | Time(s) 0.0320 | Val Loss 1.3315 | Val Acc 0.6747 | ETputs(KTEPS) 19580.01
2023-10-14 05:13:31,683 - tune.py [line:103] - INFO: Epoch 00180 | Time(s) 0.0325 | Val Loss 1.3093 | Val Acc 0.6703 | ETputs(KTEPS) 19281.73
2023-10-14 05:13:32,383 - tune.py [line:103] - INFO: Epoch 00200 | Time(s) 0.0328 | Val Loss 1.2812 | Val Acc 0.6703 | ETputs(KTEPS) 19149.65
2023-10-14 05:13:33,095 - tune.py [line:103] - INFO: Epoch 00220 | Time(s) 0.0330 | Val Loss 1.2674 | Val Acc 0.6571 | ETputs(KTEPS) 19001.68
2023-10-14 05:13:33,728 - tune.py [line:103] - INFO: Epoch 00240 | Time(s) 0.0329 | Val Loss 1.2417 | Val Acc 0.6857 | ETputs(KTEPS) 19068.86
2023-10-14 05:13:34,334 - tune.py [line:103] - INFO: Epoch 00260 | Time(s) 0.0327 | Val Loss 1.2250 | Val Acc 0.6791 | ETputs(KTEPS) 19187.64
2023-10-14 05:13:34,936 - tune.py [line:103] - INFO: Epoch 00280 | Time(s) 0.0325 | Val Loss 1.2106 | Val Acc 0.6747 | ETputs(KTEPS) 19296.98
2023-10-14 05:13:35,561 - tune.py [line:103] - INFO: Epoch 00300 | Time(s) 0.0324 | Val Loss 1.1985 | Val Acc 0.6703 | ETputs(KTEPS) 19348.72
2023-10-14 05:13:36,164 - tune.py [line:103] - INFO: Epoch 00320 | Time(s) 0.0323 | Val Loss 1.1800 | Val Acc 0.6879 | ETputs(KTEPS) 19435.02
2023-10-14 05:13:36,828 - tune.py [line:103] - INFO: Epoch 00340 | Time(s) 0.0323 | Val Loss 1.1717 | Val Acc 0.6857 | ETputs(KTEPS) 19402.74
2023-10-14 05:13:37,445 - tune.py [line:103] - INFO: Epoch 00360 | Time(s) 0.0323 | Val Loss 1.1496 | Val Acc 0.6791 | ETputs(KTEPS) 19453.51
2023-10-14 05:13:38,047 - tune.py [line:103] - INFO: Epoch 00380 | Time(s) 0.0321 | Val Loss 1.1432 | Val Acc 0.6813 | ETputs(KTEPS) 19527.13
2023-10-14 05:13:38,718 - tune.py [line:103] - INFO: Epoch 00400 | Time(s) 0.0322 | Val Loss 1.1325 | Val Acc 0.7077 | ETputs(KTEPS) 19483.51
2023-10-14 05:13:39,453 - tune.py [line:103] - INFO: Epoch 00420 | Time(s) 0.0324 | Val Loss 1.1209 | Val Acc 0.6967 | ETputs(KTEPS) 19361.29
2023-10-14 05:13:40,204 - tune.py [line:103] - INFO: Epoch 00440 | Time(s) 0.0326 | Val Loss 1.1189 | Val Acc 0.6901 | ETputs(KTEPS) 19225.62
2023-10-14 05:13:40,878 - tune.py [line:103] - INFO: Epoch 00460 | Time(s) 0.0327 | Val Loss 1.1068 | Val Acc 0.6879 | ETputs(KTEPS) 19199.97
2023-10-14 05:13:41,540 - tune.py [line:103] - INFO: Epoch 00480 | Time(s) 0.0327 | Val Loss 1.1100 | Val Acc 0.6923 | ETputs(KTEPS) 19189.79
2023-10-14 05:13:42,152 - tune.py [line:103] - INFO: Epoch 00500 | Time(s) 0.0326 | Val Loss 1.0935 | Val Acc 0.6923 | ETputs(KTEPS) 19239.21
2023-10-14 05:13:42,797 - tune.py [line:103] - INFO: Epoch 00520 | Time(s) 0.0326 | Val Loss 1.0897 | Val Acc 0.7121 | ETputs(KTEPS) 19251.53
2023-10-14 05:13:43,423 - tune.py [line:103] - INFO: Epoch 00540 | Time(s) 0.0325 | Val Loss 1.0835 | Val Acc 0.6989 | ETputs(KTEPS) 19281.16
2023-10-14 05:13:44,072 - tune.py [line:103] - INFO: Epoch 00560 | Time(s) 0.0325 | Val Loss 1.0750 | Val Acc 0.6967 | ETputs(KTEPS) 19283.85
2023-10-14 05:13:44,762 - tune.py [line:103] - INFO: Epoch 00580 | Time(s) 0.0326 | Val Loss 1.0776 | Val Acc 0.7011 | ETputs(KTEPS) 19243.82
2023-10-14 05:13:45,436 - tune.py [line:103] - INFO: Epoch 00600 | Time(s) 0.0326 | Val Loss 1.0662 | Val Acc 0.7099 | ETputs(KTEPS) 19224.85
2023-10-14 05:13:46,070 - tune.py [line:103] - INFO: Epoch 00620 | Time(s) 0.0326 | Val Loss 1.0661 | Val Acc 0.7099 | ETputs(KTEPS) 19243.34
2023-10-14 05:13:46,735 - tune.py [line:103] - INFO: Epoch 00640 | Time(s) 0.0326 | Val Loss 1.0592 | Val Acc 0.6967 | ETputs(KTEPS) 19234.33
2023-10-14 05:13:47,381 - tune.py [line:103] - INFO: Epoch 00660 | Time(s) 0.0326 | Val Loss 1.0591 | Val Acc 0.6989 | ETputs(KTEPS) 19240.72
2023-10-14 05:13:48,014 - tune.py [line:103] - INFO: Epoch 00680 | Time(s) 0.0326 | Val Loss 1.0526 | Val Acc 0.7033 | ETputs(KTEPS) 19257.74
2023-10-14 05:13:48,645 - tune.py [line:103] - INFO: Epoch 00700 | Time(s) 0.0326 | Val Loss 1.0545 | Val Acc 0.7121 | ETputs(KTEPS) 19275.22
2023-10-14 05:13:49,260 - tune.py [line:103] - INFO: Epoch 00720 | Time(s) 0.0325 | Val Loss 1.0452 | Val Acc 0.7143 | ETputs(KTEPS) 19305.20
2023-10-14 05:13:49,863 - tune.py [line:103] - INFO: Epoch 00740 | Time(s) 0.0324 | Val Loss 1.0522 | Val Acc 0.7055 | ETputs(KTEPS) 19346.49
2023-10-14 05:13:50,568 - tune.py [line:103] - INFO: Epoch 00760 | Time(s) 0.0325 | Val Loss 1.0392 | Val Acc 0.7187 | ETputs(KTEPS) 19302.46
2023-10-14 05:13:51,259 - tune.py [line:103] - INFO: Epoch 00780 | Time(s) 0.0326 | Val Loss 1.0422 | Val Acc 0.7055 | ETputs(KTEPS) 19271.92
2023-10-14 05:13:51,940 - tune.py [line:103] - INFO: Epoch 00800 | Time(s) 0.0326 | Val Loss 1.0432 | Val Acc 0.6967 | ETputs(KTEPS) 19250.10
2023-10-14 05:13:52,659 - tune.py [line:103] - INFO: Epoch 00820 | Time(s) 0.0327 | Val Loss 1.0368 | Val Acc 0.7121 | ETputs(KTEPS) 19202.55
2023-10-14 05:13:53,265 - tune.py [line:103] - INFO: Epoch 00840 | Time(s) 0.0326 | Val Loss 1.0446 | Val Acc 0.7187 | ETputs(KTEPS) 19235.91
2023-10-14 05:13:53,890 - tune.py [line:103] - INFO: Epoch 00860 | Time(s) 0.0326 | Val Loss 1.0345 | Val Acc 0.7209 | ETputs(KTEPS) 19255.37
2023-10-14 05:13:54,524 - tune.py [line:103] - INFO: Epoch 00880 | Time(s) 0.0326 | Val Loss 1.0396 | Val Acc 0.7099 | ETputs(KTEPS) 19267.90
2023-10-14 05:13:55,142 - tune.py [line:103] - INFO: Epoch 00900 | Time(s) 0.0325 | Val Loss 1.0310 | Val Acc 0.7231 | ETputs(KTEPS) 19290.71
2023-10-14 05:13:56,028 - tune.py [line:103] - INFO: Epoch 00920 | Time(s) 0.0328 | Val Loss 1.0362 | Val Acc 0.7077 | ETputs(KTEPS) 19143.33
2023-10-14 05:13:56,666 - tune.py [line:103] - INFO: Epoch 00940 | Time(s) 0.0328 | Val Loss 1.0289 | Val Acc 0.7275 | ETputs(KTEPS) 19154.71
2023-10-14 05:13:57,273 - tune.py [line:103] - INFO: Epoch 00960 | Time(s) 0.0327 | Val Loss 1.0297 | Val Acc 0.7143 | ETputs(KTEPS) 19184.47
2023-10-14 05:13:57,916 - tune.py [line:103] - INFO: Epoch 00980 | Time(s) 0.0327 | Val Loss 1.0330 | Val Acc 0.6967 | ETputs(KTEPS) 19191.11
2023-10-14 05:13:58,518 - tune.py [line:103] - INFO: Epoch 01000 | Time(s) 0.0326 | Val Loss 1.0290 | Val Acc 0.7121 | ETputs(KTEPS) 19222.28
2023-10-14 05:13:59,133 - tune.py [line:103] - INFO: Epoch 01020 | Time(s) 0.0326 | Val Loss 1.0383 | Val Acc 0.7077 | ETputs(KTEPS) 19244.11
2023-10-14 05:13:59,738 - tune.py [line:103] - INFO: Epoch 01040 | Time(s) 0.0326 | Val Loss 1.0311 | Val Acc 0.7099 | ETputs(KTEPS) 19271.46
2023-10-14 05:14:00,342 - tune.py [line:103] - INFO: Epoch 01060 | Time(s) 0.0325 | Val Loss 1.0312 | Val Acc 0.6945 | ETputs(KTEPS) 19297.86
2023-10-14 05:14:01,042 - tune.py [line:103] - INFO: Epoch 01080 | Time(s) 0.0326 | Val Loss 1.0278 | Val Acc 0.7143 | ETputs(KTEPS) 19270.81
2023-10-14 05:14:01,722 - tune.py [line:103] - INFO: Epoch 01100 | Time(s) 0.0326 | Val Loss 1.0294 | Val Acc 0.7231 | ETputs(KTEPS) 19258.28
2023-10-14 05:14:02,437 - tune.py [line:103] - INFO: Epoch 01120 | Time(s) 0.0326 | Val Loss 1.0276 | Val Acc 0.7055 | ETputs(KTEPS) 19225.46
2023-10-14 05:14:03,050 - tune.py [line:103] - INFO: Epoch 01140 | Time(s) 0.0326 | Val Loss 1.0287 | Val Acc 0.7121 | ETputs(KTEPS) 19246.44
2023-10-14 05:14:03,674 - tune.py [line:103] - INFO: Epoch 01160 | Time(s) 0.0326 | Val Loss 1.0320 | Val Acc 0.7165 | ETputs(KTEPS) 19261.21
2023-10-14 05:14:04,286 - tune.py [line:103] - INFO: Epoch 01180 | Time(s) 0.0325 | Val Loss 1.0326 | Val Acc 0.7077 | ETputs(KTEPS) 19280.88
2023-10-14 05:14:04,908 - tune.py [line:103] - INFO: Epoch 01200 | Time(s) 0.0325 | Val Loss 1.0338 | Val Acc 0.7099 | ETputs(KTEPS) 19296.03
2023-10-14 05:14:04,990 - tune.py [line:117] - INFO: [FINAL MODEL] Val accuracy 73.41% \Val loss: 1.0
2023-10-14 05:14:04,996 - tune.py [line:119] - INFO: [FINAL MODEL] Test accuracy 71.99% \Test loss: 1.0
2023-10-14 05:14:04,997 - tune.py [line:144] - INFO: Acc on the first split (Validation Set): 0.7341
2023-10-14 05:14:04,997 - tune.py [line:145] - INFO: Acc on the first split (Test Set): 0.7199
