2023-10-14 05:35:51,642 - tune.py [line:203] - INFO: Namespace(seed=42, model='NormalNNV2', gpu=0, dataset='geom-chameleon', logging=True, log_detail=True, log_detailedCh=False, id_log=1013014503, optuna_n_trials=202, n_epochs=2000, self_loop=False, udgraph=True, early_stop=True, patience=300, n_hidden=64, n_cv=1, start_cv=0, n_layers=12, lr1=0.02, lr2=0.04, wd1=1e-08, wd2=0.001, dropout=0.1, dropout2=0.5, es_ckpt='woselfloop-geom-chameleon_NormalNNV2-wonoise-geom-chameleon_trialNo194')
2023-10-14 05:35:52,516 - tune.py [line:128] - INFO: Split_seeds:[1824]
2023-10-14 05:35:52,516 - tune.py [line:129] - INFO: Model_seeds:[409]
2023-10-14 05:35:53,425 - tune.py [line:103] - INFO: Epoch 00020 | Time(s) 0.0435 | Val Loss 1.5589 | Val Acc 0.7033 | ETputs(KTEPS) 14411.88
2023-10-14 05:35:54,289 - tune.py [line:103] - INFO: Epoch 00040 | Time(s) 0.0433 | Val Loss 1.5167 | Val Acc 0.6857 | ETputs(KTEPS) 14486.37
2023-10-14 05:35:55,173 - tune.py [line:103] - INFO: Epoch 00060 | Time(s) 0.0436 | Val Loss 1.4891 | Val Acc 0.6879 | ETputs(KTEPS) 14401.14
2023-10-14 05:35:56,007 - tune.py [line:103] - INFO: Epoch 00080 | Time(s) 0.0431 | Val Loss 1.4823 | Val Acc 0.6967 | ETputs(KTEPS) 14557.68
2023-10-14 05:35:56,823 - tune.py [line:103] - INFO: Epoch 00100 | Time(s) 0.0426 | Val Loss 1.4754 | Val Acc 0.7077 | ETputs(KTEPS) 14724.06
2023-10-14 05:35:57,623 - tune.py [line:103] - INFO: Epoch 00120 | Time(s) 0.0422 | Val Loss 1.4776 | Val Acc 0.6989 | ETputs(KTEPS) 14882.18
2023-10-14 05:35:58,340 - tune.py [line:103] - INFO: Epoch 00140 | Time(s) 0.0413 | Val Loss 1.4791 | Val Acc 0.6769 | ETputs(KTEPS) 15209.81
2023-10-14 05:35:58,956 - tune.py [line:103] - INFO: Epoch 00160 | Time(s) 0.0399 | Val Loss 1.4757 | Val Acc 0.6945 | ETputs(KTEPS) 15707.02
2023-10-14 05:35:59,639 - tune.py [line:103] - INFO: Epoch 00180 | Time(s) 0.0393 | Val Loss 1.4802 | Val Acc 0.6923 | ETputs(KTEPS) 15966.08
2023-10-14 05:36:00,477 - tune.py [line:103] - INFO: Epoch 00200 | Time(s) 0.0396 | Val Loss 1.4818 | Val Acc 0.6923 | ETputs(KTEPS) 15862.55
2023-10-14 05:36:01,390 - tune.py [line:103] - INFO: Epoch 00220 | Time(s) 0.0401 | Val Loss 1.4809 | Val Acc 0.6923 | ETputs(KTEPS) 15643.30
2023-10-14 05:36:02,192 - tune.py [line:103] - INFO: Epoch 00240 | Time(s) 0.0401 | Val Loss 1.4805 | Val Acc 0.7077 | ETputs(KTEPS) 15648.99
2023-10-14 05:36:02,951 - tune.py [line:103] - INFO: Epoch 00260 | Time(s) 0.0399 | Val Loss 1.4835 | Val Acc 0.6967 | ETputs(KTEPS) 15715.02
2023-10-14 05:36:03,742 - tune.py [line:103] - INFO: Epoch 00280 | Time(s) 0.0399 | Val Loss 1.4850 | Val Acc 0.7033 | ETputs(KTEPS) 15726.16
2023-10-14 05:36:04,552 - tune.py [line:103] - INFO: Epoch 00300 | Time(s) 0.0399 | Val Loss 1.4854 | Val Acc 0.7055 | ETputs(KTEPS) 15710.05
2023-10-14 05:36:05,343 - tune.py [line:103] - INFO: Epoch 00320 | Time(s) 0.0399 | Val Loss 1.4871 | Val Acc 0.6989 | ETputs(KTEPS) 15720.14
2023-10-14 05:36:06,114 - tune.py [line:103] - INFO: Epoch 00340 | Time(s) 0.0398 | Val Loss 1.4875 | Val Acc 0.6945 | ETputs(KTEPS) 15752.34
2023-10-14 05:36:06,886 - tune.py [line:103] - INFO: Epoch 00360 | Time(s) 0.0398 | Val Loss 1.4864 | Val Acc 0.7143 | ETputs(KTEPS) 15780.60
2023-10-14 05:36:07,703 - tune.py [line:103] - INFO: Epoch 00380 | Time(s) 0.0398 | Val Loss 1.4865 | Val Acc 0.7099 | ETputs(KTEPS) 15757.92
2023-10-14 05:36:08,547 - tune.py [line:103] - INFO: Epoch 00400 | Time(s) 0.0399 | Val Loss 1.4870 | Val Acc 0.7231 | ETputs(KTEPS) 15710.83
2023-10-14 05:36:09,420 - tune.py [line:103] - INFO: Epoch 00420 | Time(s) 0.0401 | Val Loss 1.4883 | Val Acc 0.7099 | ETputs(KTEPS) 15644.11
2023-10-14 05:36:10,441 - tune.py [line:103] - INFO: Epoch 00440 | Time(s) 0.0406 | Val Loss 1.4882 | Val Acc 0.7121 | ETputs(KTEPS) 15455.46
2023-10-14 05:36:11,467 - tune.py [line:103] - INFO: Epoch 00460 | Time(s) 0.0411 | Val Loss 1.4892 | Val Acc 0.7011 | ETputs(KTEPS) 15281.04
2023-10-14 05:36:12,527 - tune.py [line:103] - INFO: Epoch 00480 | Time(s) 0.0416 | Val Loss 1.4901 | Val Acc 0.7077 | ETputs(KTEPS) 15099.31
2023-10-14 05:36:13,577 - tune.py [line:103] - INFO: Epoch 00500 | Time(s) 0.0420 | Val Loss 1.4888 | Val Acc 0.7055 | ETputs(KTEPS) 14942.28
2023-10-14 05:36:14,636 - tune.py [line:103] - INFO: Epoch 00520 | Time(s) 0.0424 | Val Loss 1.4895 | Val Acc 0.7011 | ETputs(KTEPS) 14794.19
2023-10-14 05:36:15,634 - tune.py [line:103] - INFO: Epoch 00540 | Time(s) 0.0427 | Val Loss 1.4870 | Val Acc 0.6901 | ETputs(KTEPS) 14698.44
2023-10-14 05:36:16,659 - tune.py [line:103] - INFO: Epoch 00560 | Time(s) 0.0430 | Val Loss 1.4890 | Val Acc 0.6967 | ETputs(KTEPS) 14594.42
2023-10-14 05:36:17,485 - tune.py [line:103] - INFO: Epoch 00580 | Time(s) 0.0429 | Val Loss 1.4918 | Val Acc 0.6967 | ETputs(KTEPS) 14614.53
2023-10-14 05:36:18,289 - tune.py [line:103] - INFO: Epoch 00600 | Time(s) 0.0428 | Val Loss 1.4907 | Val Acc 0.7099 | ETputs(KTEPS) 14645.85
2023-10-14 05:36:19,103 - tune.py [line:103] - INFO: Epoch 00620 | Time(s) 0.0428 | Val Loss 1.4901 | Val Acc 0.7055 | ETputs(KTEPS) 14669.64
2023-10-14 05:36:19,941 - tune.py [line:103] - INFO: Epoch 00640 | Time(s) 0.0427 | Val Loss 1.4897 | Val Acc 0.6989 | ETputs(KTEPS) 14679.15
2023-10-14 05:36:20,792 - tune.py [line:103] - INFO: Epoch 00660 | Time(s) 0.0427 | Val Loss 1.4914 | Val Acc 0.7055 | ETputs(KTEPS) 14681.16
2023-10-14 05:36:21,548 - tune.py [line:103] - INFO: Epoch 00680 | Time(s) 0.0426 | Val Loss 1.4884 | Val Acc 0.7033 | ETputs(KTEPS) 14731.94
2023-10-14 05:36:22,294 - tune.py [line:103] - INFO: Epoch 00700 | Time(s) 0.0424 | Val Loss 1.4895 | Val Acc 0.6989 | ETputs(KTEPS) 14784.29
2023-10-14 05:36:23,053 - tune.py [line:103] - INFO: Epoch 00720 | Time(s) 0.0423 | Val Loss 1.4921 | Val Acc 0.6989 | ETputs(KTEPS) 14827.99
2023-10-14 05:36:23,249 - tune.py [line:117] - INFO: [FINAL MODEL] Val accuracy 72.53% \Val loss: 1.5
2023-10-14 05:36:23,257 - tune.py [line:119] - INFO: [FINAL MODEL] Test accuracy 71.77% \Test loss: 1.5
2023-10-14 05:36:23,257 - tune.py [line:144] - INFO: Acc on the first split (Validation Set): 0.7253
2023-10-14 05:36:23,257 - tune.py [line:145] - INFO: Acc on the first split (Test Set): 0.7177
