2023-10-14 05:14:58,935 - tune.py [line:203] - INFO: Namespace(seed=42, model='NormalNNV2', gpu=0, dataset='geom-chameleon', logging=True, log_detail=True, log_detailedCh=False, id_log=1013014503, optuna_n_trials=202, n_epochs=2000, self_loop=False, udgraph=True, early_stop=True, patience=300, n_hidden=64, n_cv=1, start_cv=0, n_layers=12, lr1=0.03, lr2=0.03, wd1=1e-08, wd2=0.001, dropout=0.1, dropout2=0.3, es_ckpt='woselfloop-geom-chameleon_NormalNNV2-wonoise-geom-chameleon_trialNo63')
2023-10-14 05:14:59,717 - tune.py [line:128] - INFO: Split_seeds:[1824]
2023-10-14 05:14:59,717 - tune.py [line:129] - INFO: Model_seeds:[409]
2023-10-14 05:15:00,611 - tune.py [line:103] - INFO: Epoch 00020 | Time(s) 0.0426 | Val Loss 1.5717 | Val Acc 0.6945 | ETputs(KTEPS) 14727.15
2023-10-14 05:15:01,450 - tune.py [line:103] - INFO: Epoch 00040 | Time(s) 0.0421 | Val Loss 1.5387 | Val Acc 0.6615 | ETputs(KTEPS) 14904.87
2023-10-14 05:15:02,262 - tune.py [line:103] - INFO: Epoch 00060 | Time(s) 0.0416 | Val Loss 1.5160 | Val Acc 0.6769 | ETputs(KTEPS) 15088.98
2023-10-14 05:15:03,065 - tune.py [line:103] - INFO: Epoch 00080 | Time(s) 0.0412 | Val Loss 1.5050 | Val Acc 0.6813 | ETputs(KTEPS) 15221.93
2023-10-14 05:15:03,889 - tune.py [line:103] - INFO: Epoch 00100 | Time(s) 0.0412 | Val Loss 1.4949 | Val Acc 0.6945 | ETputs(KTEPS) 15222.64
2023-10-14 05:15:04,766 - tune.py [line:103] - INFO: Epoch 00120 | Time(s) 0.0417 | Val Loss 1.4946 | Val Acc 0.7033 | ETputs(KTEPS) 15064.08
2023-10-14 05:15:05,564 - tune.py [line:103] - INFO: Epoch 00140 | Time(s) 0.0414 | Val Loss 1.4947 | Val Acc 0.7033 | ETputs(KTEPS) 15158.32
2023-10-14 05:15:06,406 - tune.py [line:103] - INFO: Epoch 00160 | Time(s) 0.0415 | Val Loss 1.4949 | Val Acc 0.6835 | ETputs(KTEPS) 15125.63
2023-10-14 05:15:07,312 - tune.py [line:103] - INFO: Epoch 00180 | Time(s) 0.0419 | Val Loss 1.4997 | Val Acc 0.6901 | ETputs(KTEPS) 14973.94
2023-10-14 05:15:08,207 - tune.py [line:103] - INFO: Epoch 00200 | Time(s) 0.0422 | Val Loss 1.5017 | Val Acc 0.6725 | ETputs(KTEPS) 14872.79
2023-10-14 05:15:09,148 - tune.py [line:103] - INFO: Epoch 00220 | Time(s) 0.0426 | Val Loss 1.5029 | Val Acc 0.6659 | ETputs(KTEPS) 14719.53
2023-10-14 05:15:09,953 - tune.py [line:103] - INFO: Epoch 00240 | Time(s) 0.0424 | Val Loss 1.5059 | Val Acc 0.6681 | ETputs(KTEPS) 14789.59
2023-10-14 05:15:10,843 - tune.py [line:103] - INFO: Epoch 00260 | Time(s) 0.0426 | Val Loss 1.5085 | Val Acc 0.6813 | ETputs(KTEPS) 14734.94
2023-10-14 05:15:11,632 - tune.py [line:103] - INFO: Epoch 00280 | Time(s) 0.0424 | Val Loss 1.5112 | Val Acc 0.6725 | ETputs(KTEPS) 14812.83
2023-10-14 05:15:12,417 - tune.py [line:103] - INFO: Epoch 00300 | Time(s) 0.0421 | Val Loss 1.5136 | Val Acc 0.6857 | ETputs(KTEPS) 14886.39
2023-10-14 05:15:13,200 - tune.py [line:103] - INFO: Epoch 00320 | Time(s) 0.0420 | Val Loss 1.5144 | Val Acc 0.6945 | ETputs(KTEPS) 14953.46
2023-10-14 05:15:13,540 - tune.py [line:117] - INFO: [FINAL MODEL] Val accuracy 70.77% \Val loss: 1.6
2023-10-14 05:15:13,548 - tune.py [line:119] - INFO: [FINAL MODEL] Test accuracy 71.55% \Test loss: 1.6
2023-10-14 05:15:13,549 - tune.py [line:144] - INFO: Acc on the first split (Validation Set): 0.7077
2023-10-14 05:15:13,549 - tune.py [line:145] - INFO: Acc on the first split (Test Set): 0.7155
