2023-10-14 05:22:38,547 - tune.py [line:203] - INFO: Namespace(seed=42, model='NormalNNV2', gpu=0, dataset='geom-chameleon', logging=True, log_detail=True, log_detailedCh=False, id_log=1013014503, optuna_n_trials=202, n_epochs=2000, self_loop=False, udgraph=True, early_stop=True, patience=300, n_hidden=64, n_cv=1, start_cv=0, n_layers=16, lr1=0.02, lr2=0.04, wd1=1e-08, wd2=0.001, dropout=0.2, dropout2=0.3, es_ckpt='woselfloop-geom-chameleon_NormalNNV2-wonoise-geom-chameleon_trialNo105')
2023-10-14 05:22:39,258 - tune.py [line:128] - INFO: Split_seeds:[1824]
2023-10-14 05:22:39,258 - tune.py [line:129] - INFO: Model_seeds:[409]
2023-10-14 05:22:40,506 - tune.py [line:103] - INFO: Epoch 00020 | Time(s) 0.0601 | Val Loss 1.5563 | Val Acc 0.6857 | ETputs(KTEPS) 10440.19
2023-10-14 05:22:41,613 - tune.py [line:103] - INFO: Epoch 00040 | Time(s) 0.0576 | Val Loss 1.5147 | Val Acc 0.6747 | ETputs(KTEPS) 10889.85
2023-10-14 05:22:42,783 - tune.py [line:103] - INFO: Epoch 00060 | Time(s) 0.0579 | Val Loss 1.4919 | Val Acc 0.6835 | ETputs(KTEPS) 10835.86
2023-10-14 05:22:43,913 - tune.py [line:103] - INFO: Epoch 00080 | Time(s) 0.0575 | Val Loss 1.4828 | Val Acc 0.6835 | ETputs(KTEPS) 10902.46
2023-10-14 05:22:45,008 - tune.py [line:103] - INFO: Epoch 00100 | Time(s) 0.0570 | Val Loss 1.4824 | Val Acc 0.6747 | ETputs(KTEPS) 11010.65
2023-10-14 05:22:46,074 - tune.py [line:103] - INFO: Epoch 00120 | Time(s) 0.0564 | Val Loss 1.4803 | Val Acc 0.6967 | ETputs(KTEPS) 11131.95
2023-10-14 05:22:47,138 - tune.py [line:103] - INFO: Epoch 00140 | Time(s) 0.0559 | Val Loss 1.4831 | Val Acc 0.6967 | ETputs(KTEPS) 11228.13
2023-10-14 05:22:48,204 - tune.py [line:103] - INFO: Epoch 00160 | Time(s) 0.0556 | Val Loss 1.4826 | Val Acc 0.6901 | ETputs(KTEPS) 11294.03
2023-10-14 05:22:49,274 - tune.py [line:103] - INFO: Epoch 00180 | Time(s) 0.0553 | Val Loss 1.4892 | Val Acc 0.6967 | ETputs(KTEPS) 11341.29
2023-10-14 05:22:50,320 - tune.py [line:103] - INFO: Epoch 00200 | Time(s) 0.0550 | Val Loss 1.4923 | Val Acc 0.7033 | ETputs(KTEPS) 11403.77
2023-10-14 05:22:51,347 - tune.py [line:103] - INFO: Epoch 00220 | Time(s) 0.0547 | Val Loss 1.4954 | Val Acc 0.6835 | ETputs(KTEPS) 11473.69
2023-10-14 05:22:52,362 - tune.py [line:103] - INFO: Epoch 00240 | Time(s) 0.0544 | Val Loss 1.4988 | Val Acc 0.6725 | ETputs(KTEPS) 11543.58
2023-10-14 05:22:53,375 - tune.py [line:103] - INFO: Epoch 00260 | Time(s) 0.0541 | Val Loss 1.5005 | Val Acc 0.6813 | ETputs(KTEPS) 11604.48
2023-10-14 05:22:54,402 - tune.py [line:103] - INFO: Epoch 00280 | Time(s) 0.0539 | Val Loss 1.5017 | Val Acc 0.6791 | ETputs(KTEPS) 11646.76
2023-10-14 05:22:55,427 - tune.py [line:103] - INFO: Epoch 00300 | Time(s) 0.0537 | Val Loss 1.5055 | Val Acc 0.6879 | ETputs(KTEPS) 11684.72
2023-10-14 05:22:56,483 - tune.py [line:103] - INFO: Epoch 00320 | Time(s) 0.0536 | Val Loss 1.5031 | Val Acc 0.6989 | ETputs(KTEPS) 11699.47
2023-10-14 05:22:57,575 - tune.py [line:103] - INFO: Epoch 00340 | Time(s) 0.0537 | Val Loss 1.5056 | Val Acc 0.6879 | ETputs(KTEPS) 11687.49
2023-10-14 05:22:58,596 - tune.py [line:103] - INFO: Epoch 00360 | Time(s) 0.0535 | Val Loss 1.5045 | Val Acc 0.7011 | ETputs(KTEPS) 11719.45
2023-10-14 05:22:59,649 - tune.py [line:103] - INFO: Epoch 00380 | Time(s) 0.0535 | Val Loss 1.5038 | Val Acc 0.7077 | ETputs(KTEPS) 11731.25
2023-10-14 05:23:00,744 - tune.py [line:103] - INFO: Epoch 00400 | Time(s) 0.0535 | Val Loss 1.5063 | Val Acc 0.7011 | ETputs(KTEPS) 11717.90
2023-10-14 05:23:01,804 - tune.py [line:103] - INFO: Epoch 00420 | Time(s) 0.0535 | Val Loss 1.5066 | Val Acc 0.7121 | ETputs(KTEPS) 11723.43
2023-10-14 05:23:02,817 - tune.py [line:103] - INFO: Epoch 00440 | Time(s) 0.0534 | Val Loss 1.5056 | Val Acc 0.6945 | ETputs(KTEPS) 11752.33
2023-10-14 05:23:03,858 - tune.py [line:103] - INFO: Epoch 00460 | Time(s) 0.0533 | Val Loss 1.5073 | Val Acc 0.6989 | ETputs(KTEPS) 11765.49
2023-10-14 05:23:04,869 - tune.py [line:103] - INFO: Epoch 00480 | Time(s) 0.0532 | Val Loss 1.5060 | Val Acc 0.6857 | ETputs(KTEPS) 11791.23
2023-10-14 05:23:05,884 - tune.py [line:103] - INFO: Epoch 00500 | Time(s) 0.0531 | Val Loss 1.5086 | Val Acc 0.6945 | ETputs(KTEPS) 11813.46
2023-10-14 05:23:06,892 - tune.py [line:103] - INFO: Epoch 00520 | Time(s) 0.0530 | Val Loss 1.5100 | Val Acc 0.6901 | ETputs(KTEPS) 11836.80
2023-10-14 05:23:07,949 - tune.py [line:103] - INFO: Epoch 00540 | Time(s) 0.0530 | Val Loss 1.5083 | Val Acc 0.6813 | ETputs(KTEPS) 11838.36
2023-10-14 05:23:08,953 - tune.py [line:103] - INFO: Epoch 00560 | Time(s) 0.0529 | Val Loss 1.5079 | Val Acc 0.6923 | ETputs(KTEPS) 11860.60
2023-10-14 05:23:09,900 - tune.py [line:103] - INFO: Epoch 00580 | Time(s) 0.0527 | Val Loss 1.5092 | Val Acc 0.6967 | ETputs(KTEPS) 11903.90
2023-10-14 05:23:10,831 - tune.py [line:103] - INFO: Epoch 00600 | Time(s) 0.0525 | Val Loss 1.5075 | Val Acc 0.6989 | ETputs(KTEPS) 11950.88
2023-10-14 05:23:11,762 - tune.py [line:103] - INFO: Epoch 00620 | Time(s) 0.0523 | Val Loss 1.5093 | Val Acc 0.6901 | ETputs(KTEPS) 11994.62
2023-10-14 05:23:12,730 - tune.py [line:103] - INFO: Epoch 00640 | Time(s) 0.0522 | Val Loss 1.5096 | Val Acc 0.6835 | ETputs(KTEPS) 12022.91
2023-10-14 05:23:13,726 - tune.py [line:103] - INFO: Epoch 00660 | Time(s) 0.0521 | Val Loss 1.5105 | Val Acc 0.6879 | ETputs(KTEPS) 12040.00
2023-10-14 05:23:14,414 - tune.py [line:117] - INFO: [FINAL MODEL] Val accuracy 71.43% \Val loss: 1.5
2023-10-14 05:23:14,424 - tune.py [line:119] - INFO: [FINAL MODEL] Test accuracy 71.55% \Test loss: 1.5
2023-10-14 05:23:14,424 - tune.py [line:144] - INFO: Acc on the first split (Validation Set): 0.7143
2023-10-14 05:23:14,424 - tune.py [line:145] - INFO: Acc on the first split (Test Set): 0.7155
