2023-10-14 05:29:14,057 - tune.py [line:203] - INFO: Namespace(seed=42, model='NormalNNV2', gpu=0, dataset='geom-chameleon', logging=True, log_detail=True, log_detailedCh=False, id_log=1013014503, optuna_n_trials=202, n_epochs=2000, self_loop=False, udgraph=True, early_stop=True, patience=300, n_hidden=64, n_cv=1, start_cv=0, n_layers=12, lr1=0.01, lr2=0.03, wd1=1e-08, wd2=0.001, dropout=0.1, dropout2=0.6, es_ckpt='woselfloop-geom-chameleon_NormalNNV2-wonoise-geom-chameleon_trialNo137')
2023-10-14 05:29:14,765 - tune.py [line:128] - INFO: Split_seeds:[1824]
2023-10-14 05:29:14,765 - tune.py [line:129] - INFO: Model_seeds:[409]
2023-10-14 05:29:15,607 - tune.py [line:103] - INFO: Epoch 00020 | Time(s) 0.0405 | Val Loss 1.5691 | Val Acc 0.6857 | ETputs(KTEPS) 15506.23
2023-10-14 05:29:16,365 - tune.py [line:103] - INFO: Epoch 00040 | Time(s) 0.0391 | Val Loss 1.5326 | Val Acc 0.6813 | ETputs(KTEPS) 16034.09
2023-10-14 05:29:17,116 - tune.py [line:103] - INFO: Epoch 00060 | Time(s) 0.0386 | Val Loss 1.5061 | Val Acc 0.6879 | ETputs(KTEPS) 16261.96
2023-10-14 05:29:17,851 - tune.py [line:103] - INFO: Epoch 00080 | Time(s) 0.0381 | Val Loss 1.4917 | Val Acc 0.6879 | ETputs(KTEPS) 16469.25
2023-10-14 05:29:18,577 - tune.py [line:103] - INFO: Epoch 00100 | Time(s) 0.0377 | Val Loss 1.4811 | Val Acc 0.7143 | ETputs(KTEPS) 16632.60
2023-10-14 05:29:19,360 - tune.py [line:103] - INFO: Epoch 00120 | Time(s) 0.0379 | Val Loss 1.4793 | Val Acc 0.7055 | ETputs(KTEPS) 16540.49
2023-10-14 05:29:20,121 - tune.py [line:103] - INFO: Epoch 00140 | Time(s) 0.0379 | Val Loss 1.4771 | Val Acc 0.6813 | ETputs(KTEPS) 16539.45
2023-10-14 05:29:20,880 - tune.py [line:103] - INFO: Epoch 00160 | Time(s) 0.0379 | Val Loss 1.4736 | Val Acc 0.6923 | ETputs(KTEPS) 16541.04
2023-10-14 05:29:21,631 - tune.py [line:103] - INFO: Epoch 00180 | Time(s) 0.0379 | Val Loss 1.4747 | Val Acc 0.6967 | ETputs(KTEPS) 16559.39
2023-10-14 05:29:22,379 - tune.py [line:103] - INFO: Epoch 00200 | Time(s) 0.0378 | Val Loss 1.4741 | Val Acc 0.6835 | ETputs(KTEPS) 16581.52
2023-10-14 05:29:23,126 - tune.py [line:103] - INFO: Epoch 00220 | Time(s) 0.0378 | Val Loss 1.4700 | Val Acc 0.6857 | ETputs(KTEPS) 16602.31
2023-10-14 05:29:23,911 - tune.py [line:103] - INFO: Epoch 00240 | Time(s) 0.0379 | Val Loss 1.4709 | Val Acc 0.6791 | ETputs(KTEPS) 16550.42
2023-10-14 05:29:24,666 - tune.py [line:103] - INFO: Epoch 00260 | Time(s) 0.0379 | Val Loss 1.4713 | Val Acc 0.7055 | ETputs(KTEPS) 16555.41
2023-10-14 05:29:25,408 - tune.py [line:103] - INFO: Epoch 00280 | Time(s) 0.0378 | Val Loss 1.4723 | Val Acc 0.7055 | ETputs(KTEPS) 16580.80
2023-10-14 05:29:26,139 - tune.py [line:103] - INFO: Epoch 00300 | Time(s) 0.0378 | Val Loss 1.4714 | Val Acc 0.6769 | ETputs(KTEPS) 16619.98
2023-10-14 05:29:26,927 - tune.py [line:103] - INFO: Epoch 00320 | Time(s) 0.0379 | Val Loss 1.4731 | Val Acc 0.6945 | ETputs(KTEPS) 16575.14
2023-10-14 05:29:27,671 - tune.py [line:103] - INFO: Epoch 00340 | Time(s) 0.0378 | Val Loss 1.4728 | Val Acc 0.6813 | ETputs(KTEPS) 16592.82
2023-10-14 05:29:28,520 - tune.py [line:103] - INFO: Epoch 00360 | Time(s) 0.0381 | Val Loss 1.4729 | Val Acc 0.7033 | ETputs(KTEPS) 16481.12
2023-10-14 05:29:29,335 - tune.py [line:103] - INFO: Epoch 00380 | Time(s) 0.0382 | Val Loss 1.4724 | Val Acc 0.7033 | ETputs(KTEPS) 16420.41
2023-10-14 05:29:30,149 - tune.py [line:103] - INFO: Epoch 00400 | Time(s) 0.0383 | Val Loss 1.4710 | Val Acc 0.7011 | ETputs(KTEPS) 16367.23
2023-10-14 05:29:31,005 - tune.py [line:103] - INFO: Epoch 00420 | Time(s) 0.0385 | Val Loss 1.4757 | Val Acc 0.6923 | ETputs(KTEPS) 16277.06
2023-10-14 05:29:31,390 - tune.py [line:117] - INFO: [FINAL MODEL] Val accuracy 71.87% \Val loss: 1.5
2023-10-14 05:29:31,399 - tune.py [line:119] - INFO: [FINAL MODEL] Test accuracy 71.12% \Test loss: 1.5
2023-10-14 05:29:31,399 - tune.py [line:144] - INFO: Acc on the first split (Validation Set): 0.7187
2023-10-14 05:29:31,400 - tune.py [line:145] - INFO: Acc on the first split (Test Set): 0.7112
