2023-10-14 05:25:24,431 - tune.py [line:203] - INFO: Namespace(seed=42, model='NormalNNV2', gpu=0, dataset='geom-chameleon', logging=True, log_detail=True, log_detailedCh=False, id_log=1013014503, optuna_n_trials=202, n_epochs=2000, self_loop=False, udgraph=True, early_stop=True, patience=300, n_hidden=64, n_cv=1, start_cv=0, n_layers=12, lr1=0.02, lr2=0.04, wd1=1e-08, wd2=0.001, dropout=0.2, dropout2=0.6, es_ckpt='woselfloop-geom-chameleon_NormalNNV2-wonoise-geom-chameleon_trialNo119')
2023-10-14 05:25:25,294 - tune.py [line:128] - INFO: Split_seeds:[1824]
2023-10-14 05:25:25,294 - tune.py [line:129] - INFO: Model_seeds:[409]
2023-10-14 05:25:26,372 - tune.py [line:103] - INFO: Epoch 00020 | Time(s) 0.0508 | Val Loss 1.5586 | Val Acc 0.6835 | ETputs(KTEPS) 12356.81
2023-10-14 05:25:27,375 - tune.py [line:103] - INFO: Epoch 00040 | Time(s) 0.0503 | Val Loss 1.5171 | Val Acc 0.6703 | ETputs(KTEPS) 12470.09
2023-10-14 05:25:28,242 - tune.py [line:103] - INFO: Epoch 00060 | Time(s) 0.0479 | Val Loss 1.4934 | Val Acc 0.6747 | ETputs(KTEPS) 13087.55
2023-10-14 05:25:29,047 - tune.py [line:103] - INFO: Epoch 00080 | Time(s) 0.0460 | Val Loss 1.4809 | Val Acc 0.6835 | ETputs(KTEPS) 13635.13
2023-10-14 05:25:29,862 - tune.py [line:103] - INFO: Epoch 00100 | Time(s) 0.0449 | Val Loss 1.4740 | Val Acc 0.7011 | ETputs(KTEPS) 13961.45
2023-10-14 05:25:30,697 - tune.py [line:103] - INFO: Epoch 00120 | Time(s) 0.0444 | Val Loss 1.4738 | Val Acc 0.6835 | ETputs(KTEPS) 14129.11
2023-10-14 05:25:31,502 - tune.py [line:103] - INFO: Epoch 00140 | Time(s) 0.0438 | Val Loss 1.4709 | Val Acc 0.6879 | ETputs(KTEPS) 14321.49
2023-10-14 05:25:32,280 - tune.py [line:103] - INFO: Epoch 00160 | Time(s) 0.0432 | Val Loss 1.4673 | Val Acc 0.6923 | ETputs(KTEPS) 14539.91
2023-10-14 05:25:33,045 - tune.py [line:103] - INFO: Epoch 00180 | Time(s) 0.0426 | Val Loss 1.4710 | Val Acc 0.7099 | ETputs(KTEPS) 14731.82
2023-10-14 05:25:33,785 - tune.py [line:103] - INFO: Epoch 00200 | Time(s) 0.0420 | Val Loss 1.4709 | Val Acc 0.6989 | ETputs(KTEPS) 14928.30
2023-10-14 05:25:34,552 - tune.py [line:103] - INFO: Epoch 00220 | Time(s) 0.0417 | Val Loss 1.4696 | Val Acc 0.6989 | ETputs(KTEPS) 15049.10
2023-10-14 05:25:35,291 - tune.py [line:103] - INFO: Epoch 00240 | Time(s) 0.0413 | Val Loss 1.4697 | Val Acc 0.7055 | ETputs(KTEPS) 15195.51
2023-10-14 05:25:36,189 - tune.py [line:103] - INFO: Epoch 00260 | Time(s) 0.0416 | Val Loss 1.4695 | Val Acc 0.7055 | ETputs(KTEPS) 15095.79
2023-10-14 05:25:37,201 - tune.py [line:103] - INFO: Epoch 00280 | Time(s) 0.0422 | Val Loss 1.4702 | Val Acc 0.7077 | ETputs(KTEPS) 14865.81
2023-10-14 05:25:38,253 - tune.py [line:103] - INFO: Epoch 00300 | Time(s) 0.0429 | Val Loss 1.4705 | Val Acc 0.6967 | ETputs(KTEPS) 14626.42
2023-10-14 05:25:39,131 - tune.py [line:103] - INFO: Epoch 00320 | Time(s) 0.0430 | Val Loss 1.4725 | Val Acc 0.6945 | ETputs(KTEPS) 14605.85
2023-10-14 05:25:39,883 - tune.py [line:103] - INFO: Epoch 00340 | Time(s) 0.0426 | Val Loss 1.4700 | Val Acc 0.7099 | ETputs(KTEPS) 14714.18
2023-10-14 05:25:40,620 - tune.py [line:103] - INFO: Epoch 00360 | Time(s) 0.0423 | Val Loss 1.4724 | Val Acc 0.7033 | ETputs(KTEPS) 14826.04
2023-10-14 05:25:41,376 - tune.py [line:103] - INFO: Epoch 00380 | Time(s) 0.0421 | Val Loss 1.4709 | Val Acc 0.6945 | ETputs(KTEPS) 14910.95
2023-10-14 05:25:42,231 - tune.py [line:103] - INFO: Epoch 00400 | Time(s) 0.0421 | Val Loss 1.4705 | Val Acc 0.6923 | ETputs(KTEPS) 14898.68
2023-10-14 05:25:43,058 - tune.py [line:103] - INFO: Epoch 00420 | Time(s) 0.0421 | Val Loss 1.4737 | Val Acc 0.6923 | ETputs(KTEPS) 14912.57
2023-10-14 05:25:43,864 - tune.py [line:103] - INFO: Epoch 00440 | Time(s) 0.0420 | Val Loss 1.4724 | Val Acc 0.7143 | ETputs(KTEPS) 14942.62
2023-10-14 05:25:44,721 - tune.py [line:103] - INFO: Epoch 00460 | Time(s) 0.0420 | Val Loss 1.4717 | Val Acc 0.7011 | ETputs(KTEPS) 14930.30
2023-10-14 05:25:45,567 - tune.py [line:103] - INFO: Epoch 00480 | Time(s) 0.0420 | Val Loss 1.4736 | Val Acc 0.6989 | ETputs(KTEPS) 14926.12
2023-10-14 05:25:46,379 - tune.py [line:103] - INFO: Epoch 00500 | Time(s) 0.0420 | Val Loss 1.4738 | Val Acc 0.6901 | ETputs(KTEPS) 14947.03
2023-10-14 05:25:47,144 - tune.py [line:103] - INFO: Epoch 00520 | Time(s) 0.0418 | Val Loss 1.4747 | Val Acc 0.6945 | ETputs(KTEPS) 14998.52
2023-10-14 05:25:47,868 - tune.py [line:103] - INFO: Epoch 00540 | Time(s) 0.0416 | Val Loss 1.4735 | Val Acc 0.7033 | ETputs(KTEPS) 15073.77
2023-10-14 05:25:48,613 - tune.py [line:103] - INFO: Epoch 00560 | Time(s) 0.0415 | Val Loss 1.4717 | Val Acc 0.6945 | ETputs(KTEPS) 15131.00
2023-10-14 05:25:49,375 - tune.py [line:103] - INFO: Epoch 00580 | Time(s) 0.0413 | Val Loss 1.4739 | Val Acc 0.6945 | ETputs(KTEPS) 15173.47
2023-10-14 05:25:50,151 - tune.py [line:103] - INFO: Epoch 00600 | Time(s) 0.0413 | Val Loss 1.4734 | Val Acc 0.7055 | ETputs(KTEPS) 15205.22
2023-10-14 05:25:51,029 - tune.py [line:103] - INFO: Epoch 00620 | Time(s) 0.0413 | Val Loss 1.4734 | Val Acc 0.7011 | ETputs(KTEPS) 15174.01
2023-10-14 05:25:51,845 - tune.py [line:103] - INFO: Epoch 00640 | Time(s) 0.0413 | Val Loss 1.4736 | Val Acc 0.6879 | ETputs(KTEPS) 15180.92
2023-10-14 05:25:52,800 - tune.py [line:103] - INFO: Epoch 00660 | Time(s) 0.0415 | Val Loss 1.4750 | Val Acc 0.6923 | ETputs(KTEPS) 15110.09
2023-10-14 05:25:53,619 - tune.py [line:103] - INFO: Epoch 00680 | Time(s) 0.0415 | Val Loss 1.4739 | Val Acc 0.7121 | ETputs(KTEPS) 15116.69
2023-10-14 05:25:54,452 - tune.py [line:103] - INFO: Epoch 00700 | Time(s) 0.0415 | Val Loss 1.4723 | Val Acc 0.7077 | ETputs(KTEPS) 15115.23
2023-10-14 05:25:55,296 - tune.py [line:103] - INFO: Epoch 00720 | Time(s) 0.0415 | Val Loss 1.4754 | Val Acc 0.7011 | ETputs(KTEPS) 15108.48
2023-10-14 05:25:55,550 - tune.py [line:117] - INFO: [FINAL MODEL] Val accuracy 72.09% \Val loss: 1.5
2023-10-14 05:25:55,559 - tune.py [line:119] - INFO: [FINAL MODEL] Test accuracy 71.99% \Test loss: 1.5
2023-10-14 05:25:55,559 - tune.py [line:144] - INFO: Acc on the first split (Validation Set): 0.7209
2023-10-14 05:25:55,559 - tune.py [line:145] - INFO: Acc on the first split (Test Set): 0.7199
