2023-10-14 05:11:02,261 - tune.py [line:203] - INFO: Namespace(seed=42, model='NormalNNV2', gpu=0, dataset='geom-chameleon', logging=True, log_detail=True, log_detailedCh=False, id_log=1013014503, optuna_n_trials=202, n_epochs=2000, self_loop=False, udgraph=True, early_stop=True, patience=300, n_hidden=64, n_cv=1, start_cv=0, n_layers=12, lr1=0.04, lr2=0.02, wd1=1e-08, wd2=0.001, dropout=0.3, dropout2=0.6, es_ckpt='woselfloop-geom-chameleon_NormalNNV2-wonoise-geom-chameleon_trialNo41')
2023-10-14 05:11:03,061 - tune.py [line:128] - INFO: Split_seeds:[1824]
2023-10-14 05:11:03,062 - tune.py [line:129] - INFO: Model_seeds:[409]
2023-10-14 05:11:03,981 - tune.py [line:103] - INFO: Epoch 00020 | Time(s) 0.0436 | Val Loss 1.5766 | Val Acc 0.6813 | ETputs(KTEPS) 14388.03
2023-10-14 05:11:04,829 - tune.py [line:103] - INFO: Epoch 00040 | Time(s) 0.0426 | Val Loss 1.5506 | Val Acc 0.7011 | ETputs(KTEPS) 14727.50
2023-10-14 05:11:05,722 - tune.py [line:103] - INFO: Epoch 00060 | Time(s) 0.0433 | Val Loss 1.5297 | Val Acc 0.6703 | ETputs(KTEPS) 14497.76
2023-10-14 05:11:06,522 - tune.py [line:103] - INFO: Epoch 00080 | Time(s) 0.0425 | Val Loss 1.5133 | Val Acc 0.6901 | ETputs(KTEPS) 14778.94
2023-10-14 05:11:07,452 - tune.py [line:103] - INFO: Epoch 00100 | Time(s) 0.0433 | Val Loss 1.5003 | Val Acc 0.6835 | ETputs(KTEPS) 14504.87
2023-10-14 05:11:08,304 - tune.py [line:103] - INFO: Epoch 00120 | Time(s) 0.0431 | Val Loss 1.4955 | Val Acc 0.6681 | ETputs(KTEPS) 14542.96
2023-10-14 05:11:09,197 - tune.py [line:103] - INFO: Epoch 00140 | Time(s) 0.0434 | Val Loss 1.4871 | Val Acc 0.6813 | ETputs(KTEPS) 14472.58
2023-10-14 05:11:10,105 - tune.py [line:103] - INFO: Epoch 00160 | Time(s) 0.0436 | Val Loss 1.4799 | Val Acc 0.6945 | ETputs(KTEPS) 14389.49
2023-10-14 05:11:10,969 - tune.py [line:103] - INFO: Epoch 00180 | Time(s) 0.0436 | Val Loss 1.4790 | Val Acc 0.6857 | ETputs(KTEPS) 14404.07
2023-10-14 05:11:11,827 - tune.py [line:103] - INFO: Epoch 00200 | Time(s) 0.0435 | Val Loss 1.4769 | Val Acc 0.6989 | ETputs(KTEPS) 14427.34
2023-10-14 05:11:12,695 - tune.py [line:103] - INFO: Epoch 00220 | Time(s) 0.0435 | Val Loss 1.4733 | Val Acc 0.6835 | ETputs(KTEPS) 14431.67
2023-10-14 05:11:13,589 - tune.py [line:103] - INFO: Epoch 00240 | Time(s) 0.0436 | Val Loss 1.4734 | Val Acc 0.7055 | ETputs(KTEPS) 14398.30
2023-10-14 05:11:14,490 - tune.py [line:103] - INFO: Epoch 00260 | Time(s) 0.0437 | Val Loss 1.4707 | Val Acc 0.7055 | ETputs(KTEPS) 14370.16
2023-10-14 05:11:15,473 - tune.py [line:103] - INFO: Epoch 00280 | Time(s) 0.0440 | Val Loss 1.4706 | Val Acc 0.7011 | ETputs(KTEPS) 14249.12
2023-10-14 05:11:16,322 - tune.py [line:103] - INFO: Epoch 00300 | Time(s) 0.0439 | Val Loss 1.4696 | Val Acc 0.7011 | ETputs(KTEPS) 14284.63
2023-10-14 05:11:17,188 - tune.py [line:103] - INFO: Epoch 00320 | Time(s) 0.0439 | Val Loss 1.4695 | Val Acc 0.6967 | ETputs(KTEPS) 14298.04
2023-10-14 05:11:18,090 - tune.py [line:103] - INFO: Epoch 00340 | Time(s) 0.0440 | Val Loss 1.4685 | Val Acc 0.7033 | ETputs(KTEPS) 14275.33
2023-10-14 05:11:18,921 - tune.py [line:103] - INFO: Epoch 00360 | Time(s) 0.0438 | Val Loss 1.4684 | Val Acc 0.6989 | ETputs(KTEPS) 14318.65
2023-10-14 05:11:19,717 - tune.py [line:103] - INFO: Epoch 00380 | Time(s) 0.0436 | Val Loss 1.4680 | Val Acc 0.6967 | ETputs(KTEPS) 14388.63
2023-10-14 05:11:20,588 - tune.py [line:103] - INFO: Epoch 00400 | Time(s) 0.0436 | Val Loss 1.4685 | Val Acc 0.6967 | ETputs(KTEPS) 14390.21
2023-10-14 05:11:21,490 - tune.py [line:103] - INFO: Epoch 00420 | Time(s) 0.0437 | Val Loss 1.4687 | Val Acc 0.6923 | ETputs(KTEPS) 14367.42
2023-10-14 05:11:22,373 - tune.py [line:103] - INFO: Epoch 00440 | Time(s) 0.0437 | Val Loss 1.4677 | Val Acc 0.6901 | ETputs(KTEPS) 14360.90
2023-10-14 05:11:23,375 - tune.py [line:103] - INFO: Epoch 00460 | Time(s) 0.0440 | Val Loss 1.4685 | Val Acc 0.7033 | ETputs(KTEPS) 14270.19
2023-10-14 05:11:24,327 - tune.py [line:103] - INFO: Epoch 00480 | Time(s) 0.0441 | Val Loss 1.4700 | Val Acc 0.6989 | ETputs(KTEPS) 14221.84
2023-10-14 05:11:25,334 - tune.py [line:103] - INFO: Epoch 00500 | Time(s) 0.0444 | Val Loss 1.4689 | Val Acc 0.6901 | ETputs(KTEPS) 14142.23
2023-10-14 05:11:26,255 - tune.py [line:103] - INFO: Epoch 00520 | Time(s) 0.0444 | Val Loss 1.4689 | Val Acc 0.6945 | ETputs(KTEPS) 14121.88
2023-10-14 05:11:27,202 - tune.py [line:103] - INFO: Epoch 00540 | Time(s) 0.0445 | Val Loss 1.4695 | Val Acc 0.6945 | ETputs(KTEPS) 14088.05
2023-10-14 05:11:28,113 - tune.py [line:103] - INFO: Epoch 00560 | Time(s) 0.0446 | Val Loss 1.4677 | Val Acc 0.7077 | ETputs(KTEPS) 14077.27
2023-10-14 05:11:28,328 - tune.py [line:117] - INFO: [FINAL MODEL] Val accuracy 71.21% \Val loss: 1.5
2023-10-14 05:11:28,337 - tune.py [line:119] - INFO: [FINAL MODEL] Test accuracy 71.77% \Test loss: 1.5
2023-10-14 05:11:28,339 - tune.py [line:144] - INFO: Acc on the first split (Validation Set): 0.7121
2023-10-14 05:11:28,339 - tune.py [line:145] - INFO: Acc on the first split (Test Set): 0.7177
