2023-10-14 05:25:55,702 - tune.py [line:203] - INFO: Namespace(seed=42, model='NormalNNV2', gpu=0, dataset='geom-chameleon', logging=True, log_detail=True, log_detailedCh=False, id_log=1013014503, optuna_n_trials=202, n_epochs=2000, self_loop=False, udgraph=True, early_stop=True, patience=300, n_hidden=64, n_cv=1, start_cv=0, n_layers=12, lr1=0.02, lr2=0.05, wd1=1e-08, wd2=0.001, dropout=0.1, dropout2=0.6, es_ckpt='woselfloop-geom-chameleon_NormalNNV2-wonoise-geom-chameleon_trialNo120')
2023-10-14 05:25:56,415 - tune.py [line:128] - INFO: Split_seeds:[1824]
2023-10-14 05:25:56,415 - tune.py [line:129] - INFO: Model_seeds:[409]
2023-10-14 05:25:57,352 - tune.py [line:103] - INFO: Epoch 00020 | Time(s) 0.0445 | Val Loss 1.5516 | Val Acc 0.6879 | ETputs(KTEPS) 14094.90
2023-10-14 05:25:58,175 - tune.py [line:103] - INFO: Epoch 00040 | Time(s) 0.0426 | Val Loss 1.5014 | Val Acc 0.6857 | ETputs(KTEPS) 14712.71
2023-10-14 05:25:58,979 - tune.py [line:103] - INFO: Epoch 00060 | Time(s) 0.0418 | Val Loss 1.4799 | Val Acc 0.6769 | ETputs(KTEPS) 15003.49
2023-10-14 05:25:59,785 - tune.py [line:103] - INFO: Epoch 00080 | Time(s) 0.0414 | Val Loss 1.4731 | Val Acc 0.7011 | ETputs(KTEPS) 15160.54
2023-10-14 05:26:00,619 - tune.py [line:103] - INFO: Epoch 00100 | Time(s) 0.0414 | Val Loss 1.4686 | Val Acc 0.7011 | ETputs(KTEPS) 15137.93
2023-10-14 05:26:01,467 - tune.py [line:103] - INFO: Epoch 00120 | Time(s) 0.0416 | Val Loss 1.4686 | Val Acc 0.6901 | ETputs(KTEPS) 15080.80
2023-10-14 05:26:02,323 - tune.py [line:103] - INFO: Epoch 00140 | Time(s) 0.0418 | Val Loss 1.4680 | Val Acc 0.6879 | ETputs(KTEPS) 15021.31
2023-10-14 05:26:03,159 - tune.py [line:103] - INFO: Epoch 00160 | Time(s) 0.0418 | Val Loss 1.4681 | Val Acc 0.6967 | ETputs(KTEPS) 15024.79
2023-10-14 05:26:03,899 - tune.py [line:103] - INFO: Epoch 00180 | Time(s) 0.0412 | Val Loss 1.4702 | Val Acc 0.7077 | ETputs(KTEPS) 15228.62
2023-10-14 05:26:04,644 - tune.py [line:103] - INFO: Epoch 00200 | Time(s) 0.0408 | Val Loss 1.4736 | Val Acc 0.6967 | ETputs(KTEPS) 15377.39
2023-10-14 05:26:05,421 - tune.py [line:103] - INFO: Epoch 00220 | Time(s) 0.0406 | Val Loss 1.4705 | Val Acc 0.6879 | ETputs(KTEPS) 15443.61
2023-10-14 05:26:06,174 - tune.py [line:103] - INFO: Epoch 00240 | Time(s) 0.0404 | Val Loss 1.4712 | Val Acc 0.7033 | ETputs(KTEPS) 15539.01
2023-10-14 05:26:06,912 - tune.py [line:103] - INFO: Epoch 00260 | Time(s) 0.0401 | Val Loss 1.4729 | Val Acc 0.7077 | ETputs(KTEPS) 15643.69
2023-10-14 05:26:07,654 - tune.py [line:103] - INFO: Epoch 00280 | Time(s) 0.0399 | Val Loss 1.4731 | Val Acc 0.7055 | ETputs(KTEPS) 15728.15
2023-10-14 05:26:08,396 - tune.py [line:103] - INFO: Epoch 00300 | Time(s) 0.0397 | Val Loss 1.4729 | Val Acc 0.6989 | ETputs(KTEPS) 15803.23
2023-10-14 05:26:09,124 - tune.py [line:103] - INFO: Epoch 00320 | Time(s) 0.0395 | Val Loss 1.4723 | Val Acc 0.7055 | ETputs(KTEPS) 15885.36
2023-10-14 05:26:10,165 - tune.py [line:103] - INFO: Epoch 00340 | Time(s) 0.0402 | Val Loss 1.4723 | Val Acc 0.6879 | ETputs(KTEPS) 15595.92
2023-10-14 05:26:11,215 - tune.py [line:103] - INFO: Epoch 00360 | Time(s) 0.0409 | Val Loss 1.4741 | Val Acc 0.7033 | ETputs(KTEPS) 15336.25
2023-10-14 05:26:12,253 - tune.py [line:103] - INFO: Epoch 00380 | Time(s) 0.0415 | Val Loss 1.4736 | Val Acc 0.7011 | ETputs(KTEPS) 15123.40
2023-10-14 05:26:13,315 - tune.py [line:103] - INFO: Epoch 00400 | Time(s) 0.0421 | Val Loss 1.4701 | Val Acc 0.7165 | ETputs(KTEPS) 14915.32
2023-10-14 05:26:14,258 - tune.py [line:103] - INFO: Epoch 00420 | Time(s) 0.0423 | Val Loss 1.4743 | Val Acc 0.7099 | ETputs(KTEPS) 14834.28
2023-10-14 05:26:15,063 - tune.py [line:103] - INFO: Epoch 00440 | Time(s) 0.0422 | Val Loss 1.4725 | Val Acc 0.7099 | ETputs(KTEPS) 14867.42
2023-10-14 05:26:15,878 - tune.py [line:103] - INFO: Epoch 00460 | Time(s) 0.0421 | Val Loss 1.4722 | Val Acc 0.7055 | ETputs(KTEPS) 14889.84
2023-10-14 05:26:16,772 - tune.py [line:103] - INFO: Epoch 00480 | Time(s) 0.0422 | Val Loss 1.4744 | Val Acc 0.7077 | ETputs(KTEPS) 14852.81
2023-10-14 05:26:17,517 - tune.py [line:103] - INFO: Epoch 00500 | Time(s) 0.0420 | Val Loss 1.4745 | Val Acc 0.6945 | ETputs(KTEPS) 14923.69
2023-10-14 05:26:18,291 - tune.py [line:103] - INFO: Epoch 00520 | Time(s) 0.0419 | Val Loss 1.4744 | Val Acc 0.7077 | ETputs(KTEPS) 14969.63
2023-10-14 05:26:19,058 - tune.py [line:103] - INFO: Epoch 00540 | Time(s) 0.0418 | Val Loss 1.4739 | Val Acc 0.7055 | ETputs(KTEPS) 15017.10
2023-10-14 05:26:19,827 - tune.py [line:103] - INFO: Epoch 00560 | Time(s) 0.0417 | Val Loss 1.4722 | Val Acc 0.7011 | ETputs(KTEPS) 15060.12
2023-10-14 05:26:20,566 - tune.py [line:103] - INFO: Epoch 00580 | Time(s) 0.0415 | Val Loss 1.4761 | Val Acc 0.6923 | ETputs(KTEPS) 15119.45
2023-10-14 05:26:21,307 - tune.py [line:103] - INFO: Epoch 00600 | Time(s) 0.0413 | Val Loss 1.4739 | Val Acc 0.7099 | ETputs(KTEPS) 15173.99
2023-10-14 05:26:22,051 - tune.py [line:103] - INFO: Epoch 00620 | Time(s) 0.0412 | Val Loss 1.4748 | Val Acc 0.6945 | ETputs(KTEPS) 15223.70
2023-10-14 05:26:22,780 - tune.py [line:103] - INFO: Epoch 00640 | Time(s) 0.0411 | Val Loss 1.4734 | Val Acc 0.6945 | ETputs(KTEPS) 15278.71
2023-10-14 05:26:23,561 - tune.py [line:103] - INFO: Epoch 00660 | Time(s) 0.0410 | Val Loss 1.4759 | Val Acc 0.6967 | ETputs(KTEPS) 15301.74
2023-10-14 05:26:24,325 - tune.py [line:103] - INFO: Epoch 00680 | Time(s) 0.0409 | Val Loss 1.4748 | Val Acc 0.7011 | ETputs(KTEPS) 15332.89
2023-10-14 05:26:25,113 - tune.py [line:103] - INFO: Epoch 00700 | Time(s) 0.0409 | Val Loss 1.4734 | Val Acc 0.6989 | ETputs(KTEPS) 15349.24
2023-10-14 05:26:25,396 - tune.py [line:117] - INFO: [FINAL MODEL] Val accuracy 72.53% \Val loss: 1.5
2023-10-14 05:26:25,403 - tune.py [line:119] - INFO: [FINAL MODEL] Test accuracy 71.77% \Test loss: 1.5
2023-10-14 05:26:25,403 - tune.py [line:144] - INFO: Acc on the first split (Validation Set): 0.7253
2023-10-14 05:26:25,404 - tune.py [line:145] - INFO: Acc on the first split (Test Set): 0.7177
