2023-10-14 05:04:07,483 - tune.py [line:203] - INFO: Namespace(seed=42, model='NormalNNV2', gpu=0, dataset='geom-chameleon', logging=True, log_detail=True, log_detailedCh=False, id_log=1013014503, optuna_n_trials=202, n_epochs=2000, self_loop=False, udgraph=True, early_stop=True, patience=300, n_hidden=64, n_cv=1, start_cv=0, n_layers=16, lr1=0.02, lr2=0.04, wd1=1e-07, wd2=1e-05, dropout=0.5, dropout2=0.2, es_ckpt='woselfloop-geom-chameleon_NormalNNV2-wonoise-geom-chameleon_trialNo15')
2023-10-14 05:04:08,261 - tune.py [line:128] - INFO: Split_seeds:[1824]
2023-10-14 05:04:08,261 - tune.py [line:129] - INFO: Model_seeds:[409]
2023-10-14 05:04:09,362 - tune.py [line:103] - INFO: Epoch 00020 | Time(s) 0.0527 | Val Loss 1.5527 | Val Acc 0.6308 | ETputs(KTEPS) 11894.84
2023-10-14 05:04:10,562 - tune.py [line:103] - INFO: Epoch 00040 | Time(s) 0.0561 | Val Loss 1.4990 | Val Acc 0.6440 | ETputs(KTEPS) 11183.75
2023-10-14 05:04:11,625 - tune.py [line:103] - INFO: Epoch 00060 | Time(s) 0.0551 | Val Loss 1.4436 | Val Acc 0.6330 | ETputs(KTEPS) 11382.64
2023-10-14 05:04:12,707 - tune.py [line:103] - INFO: Epoch 00080 | Time(s) 0.0549 | Val Loss 1.3991 | Val Acc 0.6396 | ETputs(KTEPS) 11436.70
2023-10-14 05:04:13,728 - tune.py [line:103] - INFO: Epoch 00100 | Time(s) 0.0541 | Val Loss 1.3636 | Val Acc 0.6308 | ETputs(KTEPS) 11599.53
2023-10-14 05:04:14,733 - tune.py [line:103] - INFO: Epoch 00120 | Time(s) 0.0534 | Val Loss 1.3369 | Val Acc 0.6000 | ETputs(KTEPS) 11739.49
2023-10-14 05:04:15,918 - tune.py [line:103] - INFO: Epoch 00140 | Time(s) 0.0543 | Val Loss 1.3093 | Val Acc 0.6264 | ETputs(KTEPS) 11560.81
2023-10-14 05:04:17,037 - tune.py [line:103] - INFO: Epoch 00160 | Time(s) 0.0545 | Val Loss 1.2840 | Val Acc 0.6220 | ETputs(KTEPS) 11517.70
2023-10-14 05:04:18,099 - tune.py [line:103] - INFO: Epoch 00180 | Time(s) 0.0543 | Val Loss 1.2721 | Val Acc 0.6088 | ETputs(KTEPS) 11551.10
2023-10-14 05:04:19,094 - tune.py [line:103] - INFO: Epoch 00200 | Time(s) 0.0539 | Val Loss 1.2571 | Val Acc 0.6154 | ETputs(KTEPS) 11648.70
2023-10-14 05:04:20,080 - tune.py [line:103] - INFO: Epoch 00220 | Time(s) 0.0534 | Val Loss 1.2527 | Val Acc 0.6088 | ETputs(KTEPS) 11740.49
2023-10-14 05:04:21,058 - tune.py [line:103] - INFO: Epoch 00240 | Time(s) 0.0531 | Val Loss 1.2360 | Val Acc 0.6022 | ETputs(KTEPS) 11824.17
2023-10-14 05:04:22,054 - tune.py [line:103] - INFO: Epoch 00260 | Time(s) 0.0528 | Val Loss 1.2198 | Val Acc 0.6154 | ETputs(KTEPS) 11881.34
2023-10-14 05:04:23,148 - tune.py [line:103] - INFO: Epoch 00280 | Time(s) 0.0529 | Val Loss 1.2150 | Val Acc 0.6022 | ETputs(KTEPS) 11850.87
2023-10-14 05:04:24,182 - tune.py [line:103] - INFO: Epoch 00300 | Time(s) 0.0529 | Val Loss 1.2192 | Val Acc 0.6088 | ETputs(KTEPS) 11869.92
2023-10-14 05:04:25,251 - tune.py [line:103] - INFO: Epoch 00320 | Time(s) 0.0529 | Val Loss 1.2230 | Val Acc 0.5868 | ETputs(KTEPS) 11862.53
2023-10-14 05:04:26,308 - tune.py [line:117] - INFO: [FINAL MODEL] Val accuracy 66.81% \Val loss: 1.5
2023-10-14 05:04:26,318 - tune.py [line:119] - INFO: [FINAL MODEL] Test accuracy 66.30% \Test loss: 1.5
2023-10-14 05:04:26,319 - tune.py [line:144] - INFO: Acc on the first split (Validation Set): 0.6681
2023-10-14 05:04:26,319 - tune.py [line:145] - INFO: Acc on the first split (Test Set): 0.6630
