2023-10-14 05:19:07,392 - tune.py [line:203] - INFO: Namespace(seed=42, model='NormalNNV2', gpu=0, dataset='geom-chameleon', logging=True, log_detail=True, log_detailedCh=False, id_log=1013014503, optuna_n_trials=202, n_epochs=2000, self_loop=False, udgraph=True, early_stop=True, patience=300, n_hidden=64, n_cv=1, start_cv=0, n_layers=16, lr1=0.02, lr2=0.03, wd1=1e-08, wd2=0.001, dropout=0.2, dropout2=0.3, es_ckpt='woselfloop-geom-chameleon_NormalNNV2-wonoise-geom-chameleon_trialNo75')
2023-10-14 05:19:08,254 - tune.py [line:128] - INFO: Split_seeds:[1824]
2023-10-14 05:19:08,254 - tune.py [line:129] - INFO: Model_seeds:[409]
2023-10-14 05:19:09,267 - tune.py [line:103] - INFO: Epoch 00020 | Time(s) 0.0491 | Val Loss 1.5660 | Val Acc 0.6835 | ETputs(KTEPS) 12785.38
2023-10-14 05:19:10,242 - tune.py [line:103] - INFO: Epoch 00040 | Time(s) 0.0487 | Val Loss 1.5315 | Val Acc 0.6681 | ETputs(KTEPS) 12879.58
2023-10-14 05:19:11,223 - tune.py [line:103] - INFO: Epoch 00060 | Time(s) 0.0488 | Val Loss 1.5067 | Val Acc 0.6659 | ETputs(KTEPS) 12849.70
2023-10-14 05:19:12,199 - tune.py [line:103] - INFO: Epoch 00080 | Time(s) 0.0488 | Val Loss 1.4940 | Val Acc 0.6725 | ETputs(KTEPS) 12855.93
2023-10-14 05:19:13,066 - tune.py [line:103] - INFO: Epoch 00100 | Time(s) 0.0477 | Val Loss 1.4849 | Val Acc 0.6791 | ETputs(KTEPS) 13150.38
2023-10-14 05:19:13,902 - tune.py [line:103] - INFO: Epoch 00120 | Time(s) 0.0467 | Val Loss 1.4816 | Val Acc 0.6857 | ETputs(KTEPS) 13428.91
2023-10-14 05:19:14,792 - tune.py [line:103] - INFO: Epoch 00140 | Time(s) 0.0464 | Val Loss 1.4794 | Val Acc 0.6923 | ETputs(KTEPS) 13520.42
2023-10-14 05:19:15,700 - tune.py [line:103] - INFO: Epoch 00160 | Time(s) 0.0463 | Val Loss 1.4783 | Val Acc 0.6923 | ETputs(KTEPS) 13561.78
2023-10-14 05:19:16,579 - tune.py [line:103] - INFO: Epoch 00180 | Time(s) 0.0460 | Val Loss 1.4849 | Val Acc 0.6901 | ETputs(KTEPS) 13644.37
2023-10-14 05:19:17,542 - tune.py [line:103] - INFO: Epoch 00200 | Time(s) 0.0462 | Val Loss 1.4841 | Val Acc 0.6945 | ETputs(KTEPS) 13581.58
2023-10-14 05:19:18,556 - tune.py [line:103] - INFO: Epoch 00220 | Time(s) 0.0466 | Val Loss 1.4880 | Val Acc 0.6901 | ETputs(KTEPS) 13463.10
2023-10-14 05:19:19,579 - tune.py [line:103] - INFO: Epoch 00240 | Time(s) 0.0470 | Val Loss 1.4892 | Val Acc 0.6967 | ETputs(KTEPS) 13357.64
2023-10-14 05:19:20,576 - tune.py [line:103] - INFO: Epoch 00260 | Time(s) 0.0472 | Val Loss 1.4919 | Val Acc 0.7099 | ETputs(KTEPS) 13295.37
2023-10-14 05:19:21,575 - tune.py [line:103] - INFO: Epoch 00280 | Time(s) 0.0474 | Val Loss 1.4927 | Val Acc 0.6967 | ETputs(KTEPS) 13240.76
2023-10-14 05:19:22,569 - tune.py [line:103] - INFO: Epoch 00300 | Time(s) 0.0475 | Val Loss 1.4975 | Val Acc 0.6945 | ETputs(KTEPS) 13198.26
2023-10-14 05:19:23,556 - tune.py [line:103] - INFO: Epoch 00320 | Time(s) 0.0477 | Val Loss 1.4977 | Val Acc 0.7033 | ETputs(KTEPS) 13166.81
2023-10-14 05:19:24,570 - tune.py [line:103] - INFO: Epoch 00340 | Time(s) 0.0478 | Val Loss 1.5010 | Val Acc 0.7077 | ETputs(KTEPS) 13118.07
2023-10-14 05:19:25,578 - tune.py [line:103] - INFO: Epoch 00360 | Time(s) 0.0480 | Val Loss 1.5009 | Val Acc 0.6879 | ETputs(KTEPS) 13079.40
2023-10-14 05:19:26,575 - tune.py [line:103] - INFO: Epoch 00380 | Time(s) 0.0481 | Val Loss 1.5027 | Val Acc 0.7033 | ETputs(KTEPS) 13053.04
2023-10-14 05:19:27,556 - tune.py [line:103] - INFO: Epoch 00400 | Time(s) 0.0481 | Val Loss 1.5032 | Val Acc 0.6923 | ETputs(KTEPS) 13039.60
2023-10-14 05:19:28,556 - tune.py [line:103] - INFO: Epoch 00420 | Time(s) 0.0482 | Val Loss 1.5059 | Val Acc 0.7033 | ETputs(KTEPS) 13015.45
2023-10-14 05:19:29,555 - tune.py [line:103] - INFO: Epoch 00440 | Time(s) 0.0483 | Val Loss 1.5051 | Val Acc 0.7055 | ETputs(KTEPS) 12996.47
2023-10-14 05:19:30,526 - tune.py [line:103] - INFO: Epoch 00460 | Time(s) 0.0483 | Val Loss 1.5060 | Val Acc 0.6879 | ETputs(KTEPS) 12993.25
2023-10-14 05:19:31,509 - tune.py [line:103] - INFO: Epoch 00480 | Time(s) 0.0483 | Val Loss 1.5058 | Val Acc 0.7033 | ETputs(KTEPS) 12984.18
2023-10-14 05:19:32,520 - tune.py [line:103] - INFO: Epoch 00500 | Time(s) 0.0484 | Val Loss 1.5078 | Val Acc 0.6813 | ETputs(KTEPS) 12960.26
2023-10-14 05:19:33,524 - tune.py [line:103] - INFO: Epoch 00520 | Time(s) 0.0485 | Val Loss 1.5082 | Val Acc 0.6857 | ETputs(KTEPS) 12942.54
2023-10-14 05:19:34,531 - tune.py [line:103] - INFO: Epoch 00540 | Time(s) 0.0485 | Val Loss 1.5079 | Val Acc 0.6989 | ETputs(KTEPS) 12923.92
2023-10-14 05:19:35,537 - tune.py [line:103] - INFO: Epoch 00560 | Time(s) 0.0486 | Val Loss 1.5079 | Val Acc 0.7011 | ETputs(KTEPS) 12907.39
2023-10-14 05:19:36,536 - tune.py [line:103] - INFO: Epoch 00580 | Time(s) 0.0487 | Val Loss 1.5082 | Val Acc 0.6989 | ETputs(KTEPS) 12895.58
2023-10-14 05:19:37,527 - tune.py [line:103] - INFO: Epoch 00600 | Time(s) 0.0487 | Val Loss 1.5070 | Val Acc 0.7033 | ETputs(KTEPS) 12887.58
2023-10-14 05:19:38,515 - tune.py [line:103] - INFO: Epoch 00620 | Time(s) 0.0487 | Val Loss 1.5083 | Val Acc 0.7033 | ETputs(KTEPS) 12882.03
2023-10-14 05:19:39,566 - tune.py [line:103] - INFO: Epoch 00640 | Time(s) 0.0488 | Val Loss 1.5094 | Val Acc 0.6857 | ETputs(KTEPS) 12850.39
2023-10-14 05:19:40,563 - tune.py [line:103] - INFO: Epoch 00660 | Time(s) 0.0489 | Val Loss 1.5097 | Val Acc 0.6967 | ETputs(KTEPS) 12842.55
2023-10-14 05:19:41,512 - tune.py [line:103] - INFO: Epoch 00680 | Time(s) 0.0488 | Val Loss 1.5092 | Val Acc 0.6989 | ETputs(KTEPS) 12853.56
2023-10-14 05:19:42,469 - tune.py [line:103] - INFO: Epoch 00700 | Time(s) 0.0488 | Val Loss 1.5118 | Val Acc 0.6945 | ETputs(KTEPS) 12860.83
2023-10-14 05:19:43,465 - tune.py [line:103] - INFO: Epoch 00720 | Time(s) 0.0488 | Val Loss 1.5103 | Val Acc 0.6747 | ETputs(KTEPS) 12853.76
2023-10-14 05:19:43,871 - tune.py [line:117] - INFO: [FINAL MODEL] Val accuracy 71.87% \Val loss: 1.5
2023-10-14 05:19:43,883 - tune.py [line:119] - INFO: [FINAL MODEL] Test accuracy 71.12% \Test loss: 1.5
2023-10-14 05:19:43,883 - tune.py [line:144] - INFO: Acc on the first split (Validation Set): 0.7187
2023-10-14 05:19:43,884 - tune.py [line:145] - INFO: Acc on the first split (Test Set): 0.7112
