2023-10-14 05:09:38,517 - tune.py [line:203] - INFO: Namespace(seed=42, model='NormalNNV2', gpu=0, dataset='geom-chameleon', logging=True, log_detail=True, log_detailedCh=False, id_log=1013014503, optuna_n_trials=202, n_epochs=2000, self_loop=False, udgraph=True, early_stop=True, patience=300, n_hidden=64, n_cv=1, start_cv=0, n_layers=12, lr1=0.04, lr2=0.02, wd1=1e-08, wd2=0.001, dropout=0.3, dropout2=0.4, es_ckpt='woselfloop-geom-chameleon_NormalNNV2-wonoise-geom-chameleon_trialNo37')
2023-10-14 05:09:39,275 - tune.py [line:128] - INFO: Split_seeds:[1824]
2023-10-14 05:09:39,275 - tune.py [line:129] - INFO: Model_seeds:[409]
2023-10-14 05:09:40,169 - tune.py [line:103] - INFO: Epoch 00020 | Time(s) 0.0427 | Val Loss 1.5775 | Val Acc 0.6725 | ETputs(KTEPS) 14695.19
2023-10-14 05:09:40,970 - tune.py [line:103] - INFO: Epoch 00040 | Time(s) 0.0411 | Val Loss 1.5512 | Val Acc 0.6791 | ETputs(KTEPS) 15248.84
2023-10-14 05:09:41,835 - tune.py [line:103] - INFO: Epoch 00060 | Time(s) 0.0418 | Val Loss 1.5289 | Val Acc 0.6923 | ETputs(KTEPS) 15012.57
2023-10-14 05:09:42,751 - tune.py [line:103] - INFO: Epoch 00080 | Time(s) 0.0428 | Val Loss 1.5153 | Val Acc 0.6901 | ETputs(KTEPS) 14664.13
2023-10-14 05:09:43,643 - tune.py [line:103] - INFO: Epoch 00100 | Time(s) 0.0431 | Val Loss 1.5030 | Val Acc 0.7011 | ETputs(KTEPS) 14540.74
2023-10-14 05:09:44,522 - tune.py [line:103] - INFO: Epoch 00120 | Time(s) 0.0433 | Val Loss 1.4970 | Val Acc 0.6945 | ETputs(KTEPS) 14496.89
2023-10-14 05:09:45,420 - tune.py [line:103] - INFO: Epoch 00140 | Time(s) 0.0435 | Val Loss 1.4904 | Val Acc 0.6945 | ETputs(KTEPS) 14421.86
2023-10-14 05:09:46,267 - tune.py [line:103] - INFO: Epoch 00160 | Time(s) 0.0434 | Val Loss 1.4851 | Val Acc 0.6901 | ETputs(KTEPS) 14470.35
2023-10-14 05:09:47,154 - tune.py [line:103] - INFO: Epoch 00180 | Time(s) 0.0435 | Val Loss 1.4826 | Val Acc 0.7077 | ETputs(KTEPS) 14435.99
2023-10-14 05:09:48,038 - tune.py [line:103] - INFO: Epoch 00200 | Time(s) 0.0435 | Val Loss 1.4814 | Val Acc 0.7077 | ETputs(KTEPS) 14412.80
2023-10-14 05:09:48,889 - tune.py [line:103] - INFO: Epoch 00220 | Time(s) 0.0434 | Val Loss 1.4790 | Val Acc 0.6945 | ETputs(KTEPS) 14443.01
2023-10-14 05:09:49,707 - tune.py [line:103] - INFO: Epoch 00240 | Time(s) 0.0432 | Val Loss 1.4806 | Val Acc 0.7077 | ETputs(KTEPS) 14515.04
2023-10-14 05:09:50,563 - tune.py [line:103] - INFO: Epoch 00260 | Time(s) 0.0432 | Val Loss 1.4780 | Val Acc 0.6923 | ETputs(KTEPS) 14526.09
2023-10-14 05:09:51,379 - tune.py [line:103] - INFO: Epoch 00280 | Time(s) 0.0430 | Val Loss 1.4773 | Val Acc 0.7099 | ETputs(KTEPS) 14584.22
2023-10-14 05:09:52,219 - tune.py [line:103] - INFO: Epoch 00300 | Time(s) 0.0430 | Val Loss 1.4779 | Val Acc 0.7165 | ETputs(KTEPS) 14607.91
2023-10-14 05:09:53,072 - tune.py [line:103] - INFO: Epoch 00320 | Time(s) 0.0429 | Val Loss 1.4782 | Val Acc 0.7011 | ETputs(KTEPS) 14621.60
2023-10-14 05:09:54,050 - tune.py [line:103] - INFO: Epoch 00340 | Time(s) 0.0433 | Val Loss 1.4797 | Val Acc 0.7011 | ETputs(KTEPS) 14502.67
2023-10-14 05:09:55,007 - tune.py [line:103] - INFO: Epoch 00360 | Time(s) 0.0435 | Val Loss 1.4797 | Val Acc 0.7099 | ETputs(KTEPS) 14419.14
2023-10-14 05:09:55,828 - tune.py [line:103] - INFO: Epoch 00380 | Time(s) 0.0434 | Val Loss 1.4804 | Val Acc 0.7077 | ETputs(KTEPS) 14461.92
2023-10-14 05:09:56,644 - tune.py [line:103] - INFO: Epoch 00400 | Time(s) 0.0433 | Val Loss 1.4806 | Val Acc 0.7099 | ETputs(KTEPS) 14506.14
2023-10-14 05:09:57,461 - tune.py [line:103] - INFO: Epoch 00420 | Time(s) 0.0431 | Val Loss 1.4825 | Val Acc 0.7099 | ETputs(KTEPS) 14545.11
2023-10-14 05:09:58,392 - tune.py [line:103] - INFO: Epoch 00440 | Time(s) 0.0433 | Val Loss 1.4817 | Val Acc 0.7165 | ETputs(KTEPS) 14493.01
2023-10-14 05:09:59,327 - tune.py [line:103] - INFO: Epoch 00460 | Time(s) 0.0434 | Val Loss 1.4841 | Val Acc 0.7033 | ETputs(KTEPS) 14443.52
2023-10-14 05:10:00,214 - tune.py [line:103] - INFO: Epoch 00480 | Time(s) 0.0435 | Val Loss 1.4844 | Val Acc 0.7077 | ETputs(KTEPS) 14431.13
2023-10-14 05:10:01,155 - tune.py [line:103] - INFO: Epoch 00500 | Time(s) 0.0436 | Val Loss 1.4854 | Val Acc 0.6923 | ETputs(KTEPS) 14383.99
2023-10-14 05:10:02,097 - tune.py [line:103] - INFO: Epoch 00520 | Time(s) 0.0438 | Val Loss 1.4851 | Val Acc 0.7055 | ETputs(KTEPS) 14340.64
2023-10-14 05:10:02,981 - tune.py [line:103] - INFO: Epoch 00540 | Time(s) 0.0438 | Val Loss 1.4858 | Val Acc 0.6923 | ETputs(KTEPS) 14335.70
2023-10-14 05:10:03,866 - tune.py [line:103] - INFO: Epoch 00560 | Time(s) 0.0438 | Val Loss 1.4860 | Val Acc 0.6967 | ETputs(KTEPS) 14330.18
2023-10-14 05:10:04,769 - tune.py [line:103] - INFO: Epoch 00580 | Time(s) 0.0438 | Val Loss 1.4872 | Val Acc 0.6945 | ETputs(KTEPS) 14315.76
2023-10-14 05:10:05,712 - tune.py [line:103] - INFO: Epoch 00600 | Time(s) 0.0439 | Val Loss 1.4880 | Val Acc 0.7077 | ETputs(KTEPS) 14280.09
2023-10-14 05:10:06,017 - tune.py [line:117] - INFO: [FINAL MODEL] Val accuracy 72.75% \Val loss: 1.5
2023-10-14 05:10:06,025 - tune.py [line:119] - INFO: [FINAL MODEL] Test accuracy 73.09% \Test loss: 1.5
2023-10-14 05:10:06,025 - tune.py [line:144] - INFO: Acc on the first split (Validation Set): 0.7275
2023-10-14 05:10:06,025 - tune.py [line:145] - INFO: Acc on the first split (Test Set): 0.7309
