2023-10-14 05:15:42,885 - tune.py [line:203] - INFO: Namespace(seed=42, model='NormalNNV2', gpu=0, dataset='geom-chameleon', logging=True, log_detail=True, log_detailedCh=False, id_log=1013014503, optuna_n_trials=202, n_epochs=2000, self_loop=False, udgraph=True, early_stop=True, patience=300, n_hidden=64, n_cv=1, start_cv=0, n_layers=16, lr1=0.05, lr2=0.02, wd1=1e-08, wd2=0.001, dropout=0.2, dropout2=0.3, es_ckpt='woselfloop-geom-chameleon_NormalNNV2-wonoise-geom-chameleon_trialNo66')
2023-10-14 05:15:43,771 - tune.py [line:128] - INFO: Split_seeds:[1824]
2023-10-14 05:15:43,771 - tune.py [line:129] - INFO: Model_seeds:[409]
2023-10-14 05:15:44,966 - tune.py [line:103] - INFO: Epoch 00020 | Time(s) 0.0573 | Val Loss 1.5768 | Val Acc 0.6901 | ETputs(KTEPS) 10949.66
2023-10-14 05:15:46,140 - tune.py [line:103] - INFO: Epoch 00040 | Time(s) 0.0578 | Val Loss 1.5501 | Val Acc 0.6769 | ETputs(KTEPS) 10849.47
2023-10-14 05:15:47,228 - tune.py [line:103] - INFO: Epoch 00060 | Time(s) 0.0566 | Val Loss 1.5267 | Val Acc 0.6901 | ETputs(KTEPS) 11080.13
2023-10-14 05:15:48,306 - tune.py [line:103] - INFO: Epoch 00080 | Time(s) 0.0559 | Val Loss 1.5139 | Val Acc 0.6703 | ETputs(KTEPS) 11215.83
2023-10-14 05:15:49,353 - tune.py [line:103] - INFO: Epoch 00100 | Time(s) 0.0552 | Val Loss 1.5007 | Val Acc 0.6791 | ETputs(KTEPS) 11361.82
2023-10-14 05:15:50,578 - tune.py [line:103] - INFO: Epoch 00120 | Time(s) 0.0562 | Val Loss 1.4936 | Val Acc 0.6835 | ETputs(KTEPS) 11160.56
2023-10-14 05:15:51,669 - tune.py [line:103] - INFO: Epoch 00140 | Time(s) 0.0560 | Val Loss 1.4883 | Val Acc 0.6813 | ETputs(KTEPS) 11210.94
2023-10-14 05:15:52,763 - tune.py [line:103] - INFO: Epoch 00160 | Time(s) 0.0558 | Val Loss 1.4846 | Val Acc 0.6879 | ETputs(KTEPS) 11243.40
2023-10-14 05:15:53,828 - tune.py [line:103] - INFO: Epoch 00180 | Time(s) 0.0555 | Val Loss 1.4847 | Val Acc 0.6967 | ETputs(KTEPS) 11302.03
2023-10-14 05:15:54,917 - tune.py [line:103] - INFO: Epoch 00200 | Time(s) 0.0554 | Val Loss 1.4835 | Val Acc 0.6857 | ETputs(KTEPS) 11324.11
2023-10-14 05:15:56,069 - tune.py [line:103] - INFO: Epoch 00220 | Time(s) 0.0556 | Val Loss 1.4847 | Val Acc 0.6879 | ETputs(KTEPS) 11284.02
2023-10-14 05:15:57,249 - tune.py [line:103] - INFO: Epoch 00240 | Time(s) 0.0559 | Val Loss 1.4834 | Val Acc 0.6967 | ETputs(KTEPS) 11227.63
2023-10-14 05:15:58,420 - tune.py [line:103] - INFO: Epoch 00260 | Time(s) 0.0561 | Val Loss 1.4831 | Val Acc 0.6945 | ETputs(KTEPS) 11187.15
2023-10-14 05:15:59,472 - tune.py [line:103] - INFO: Epoch 00280 | Time(s) 0.0558 | Val Loss 1.4853 | Val Acc 0.7099 | ETputs(KTEPS) 11242.51
2023-10-14 05:16:00,613 - tune.py [line:103] - INFO: Epoch 00300 | Time(s) 0.0559 | Val Loss 1.4854 | Val Acc 0.6989 | ETputs(KTEPS) 11226.28
2023-10-14 05:16:01,580 - tune.py [line:103] - INFO: Epoch 00320 | Time(s) 0.0554 | Val Loss 1.4858 | Val Acc 0.6989 | ETputs(KTEPS) 11322.33
2023-10-14 05:16:02,578 - tune.py [line:103] - INFO: Epoch 00340 | Time(s) 0.0551 | Val Loss 1.4881 | Val Acc 0.6945 | ETputs(KTEPS) 11389.31
2023-10-14 05:16:03,632 - tune.py [line:103] - INFO: Epoch 00360 | Time(s) 0.0550 | Val Loss 1.4879 | Val Acc 0.6945 | ETputs(KTEPS) 11417.30
2023-10-14 05:16:04,679 - tune.py [line:103] - INFO: Epoch 00380 | Time(s) 0.0548 | Val Loss 1.4923 | Val Acc 0.7055 | ETputs(KTEPS) 11446.32
2023-10-14 05:16:05,717 - tune.py [line:103] - INFO: Epoch 00400 | Time(s) 0.0547 | Val Loss 1.4919 | Val Acc 0.7077 | ETputs(KTEPS) 11477.03
2023-10-14 05:16:06,696 - tune.py [line:103] - INFO: Epoch 00420 | Time(s) 0.0544 | Val Loss 1.4959 | Val Acc 0.7099 | ETputs(KTEPS) 11534.70
2023-10-14 05:16:07,696 - tune.py [line:103] - INFO: Epoch 00440 | Time(s) 0.0542 | Val Loss 1.4974 | Val Acc 0.7011 | ETputs(KTEPS) 11577.40
2023-10-14 05:16:08,821 - tune.py [line:103] - INFO: Epoch 00460 | Time(s) 0.0543 | Val Loss 1.4977 | Val Acc 0.6923 | ETputs(KTEPS) 11558.53
2023-10-14 05:16:09,940 - tune.py [line:103] - INFO: Epoch 00480 | Time(s) 0.0544 | Val Loss 1.4995 | Val Acc 0.6989 | ETputs(KTEPS) 11543.99
2023-10-14 05:16:10,994 - tune.py [line:103] - INFO: Epoch 00500 | Time(s) 0.0543 | Val Loss 1.5011 | Val Acc 0.6989 | ETputs(KTEPS) 11558.40
2023-10-14 05:16:12,120 - tune.py [line:103] - INFO: Epoch 00520 | Time(s) 0.0544 | Val Loss 1.5036 | Val Acc 0.6967 | ETputs(KTEPS) 11542.18
2023-10-14 05:16:13,183 - tune.py [line:103] - INFO: Epoch 00540 | Time(s) 0.0543 | Val Loss 1.5018 | Val Acc 0.6901 | ETputs(KTEPS) 11551.88
2023-10-14 05:16:14,154 - tune.py [line:103] - INFO: Epoch 00560 | Time(s) 0.0541 | Val Loss 1.5024 | Val Acc 0.7077 | ETputs(KTEPS) 11596.13
2023-10-14 05:16:14,502 - tune.py [line:117] - INFO: [FINAL MODEL] Val accuracy 72.09% \Val loss: 1.5
2023-10-14 05:16:14,511 - tune.py [line:119] - INFO: [FINAL MODEL] Test accuracy 73.09% \Test loss: 1.5
2023-10-14 05:16:14,512 - tune.py [line:144] - INFO: Acc on the first split (Validation Set): 0.7209
2023-10-14 05:16:14,512 - tune.py [line:145] - INFO: Acc on the first split (Test Set): 0.7309
