2023-10-14 05:32:15,616 - tune.py [line:203] - INFO: Namespace(seed=42, model='NormalNNV2', gpu=0, dataset='geom-chameleon', logging=True, log_detail=True, log_detailedCh=False, id_log=1013014503, optuna_n_trials=202, n_epochs=2000, self_loop=False, udgraph=True, early_stop=True, patience=300, n_hidden=64, n_cv=1, start_cv=0, n_layers=12, lr1=0.02, lr2=0.03, wd1=1e-08, wd2=0.001, dropout=0.2, dropout2=0.6, es_ckpt='woselfloop-geom-chameleon_NormalNNV2-wonoise-geom-chameleon_trialNo157')
2023-10-14 05:32:16,332 - tune.py [line:128] - INFO: Split_seeds:[1824]
2023-10-14 05:32:16,332 - tune.py [line:129] - INFO: Model_seeds:[409]
2023-10-14 05:32:17,183 - tune.py [line:103] - INFO: Epoch 00020 | Time(s) 0.0406 | Val Loss 1.5662 | Val Acc 0.6901 | ETputs(KTEPS) 15455.65
2023-10-14 05:32:18,076 - tune.py [line:103] - INFO: Epoch 00040 | Time(s) 0.0424 | Val Loss 1.5311 | Val Acc 0.6791 | ETputs(KTEPS) 14787.03
2023-10-14 05:32:19,060 - tune.py [line:103] - INFO: Epoch 00060 | Time(s) 0.0447 | Val Loss 1.5057 | Val Acc 0.6835 | ETputs(KTEPS) 14046.36
2023-10-14 05:32:20,116 - tune.py [line:103] - INFO: Epoch 00080 | Time(s) 0.0467 | Val Loss 1.4924 | Val Acc 0.6813 | ETputs(KTEPS) 13437.12
2023-10-14 05:32:21,028 - tune.py [line:103] - INFO: Epoch 00100 | Time(s) 0.0465 | Val Loss 1.4809 | Val Acc 0.6989 | ETputs(KTEPS) 13500.52
2023-10-14 05:32:21,910 - tune.py [line:103] - INFO: Epoch 00120 | Time(s) 0.0461 | Val Loss 1.4816 | Val Acc 0.6835 | ETputs(KTEPS) 13618.80
2023-10-14 05:32:22,881 - tune.py [line:103] - INFO: Epoch 00140 | Time(s) 0.0464 | Val Loss 1.4759 | Val Acc 0.6791 | ETputs(KTEPS) 13516.36
2023-10-14 05:32:23,714 - tune.py [line:103] - INFO: Epoch 00160 | Time(s) 0.0458 | Val Loss 1.4704 | Val Acc 0.6857 | ETputs(KTEPS) 13692.39
2023-10-14 05:32:24,529 - tune.py [line:103] - INFO: Epoch 00180 | Time(s) 0.0452 | Val Loss 1.4711 | Val Acc 0.6945 | ETputs(KTEPS) 13872.09
2023-10-14 05:32:25,395 - tune.py [line:103] - INFO: Epoch 00200 | Time(s) 0.0450 | Val Loss 1.4701 | Val Acc 0.6967 | ETputs(KTEPS) 13932.26
2023-10-14 05:32:26,218 - tune.py [line:103] - INFO: Epoch 00220 | Time(s) 0.0447 | Val Loss 1.4676 | Val Acc 0.7055 | ETputs(KTEPS) 14042.99
2023-10-14 05:32:27,030 - tune.py [line:103] - INFO: Epoch 00240 | Time(s) 0.0443 | Val Loss 1.4671 | Val Acc 0.6989 | ETputs(KTEPS) 14151.72
2023-10-14 05:32:27,861 - tune.py [line:103] - INFO: Epoch 00260 | Time(s) 0.0441 | Val Loss 1.4681 | Val Acc 0.7099 | ETputs(KTEPS) 14223.37
2023-10-14 05:32:28,740 - tune.py [line:103] - INFO: Epoch 00280 | Time(s) 0.0441 | Val Loss 1.4679 | Val Acc 0.7121 | ETputs(KTEPS) 14227.34
2023-10-14 05:32:29,560 - tune.py [line:103] - INFO: Epoch 00300 | Time(s) 0.0439 | Val Loss 1.4672 | Val Acc 0.7077 | ETputs(KTEPS) 14294.95
2023-10-14 05:32:30,364 - tune.py [line:103] - INFO: Epoch 00320 | Time(s) 0.0437 | Val Loss 1.4693 | Val Acc 0.7055 | ETputs(KTEPS) 14373.65
2023-10-14 05:32:31,182 - tune.py [line:103] - INFO: Epoch 00340 | Time(s) 0.0435 | Val Loss 1.4682 | Val Acc 0.7165 | ETputs(KTEPS) 14427.07
2023-10-14 05:32:32,028 - tune.py [line:103] - INFO: Epoch 00360 | Time(s) 0.0434 | Val Loss 1.4709 | Val Acc 0.6967 | ETputs(KTEPS) 14450.15
2023-10-14 05:32:32,849 - tune.py [line:103] - INFO: Epoch 00380 | Time(s) 0.0433 | Val Loss 1.4697 | Val Acc 0.6967 | ETputs(KTEPS) 14491.57
2023-10-14 05:32:33,715 - tune.py [line:103] - INFO: Epoch 00400 | Time(s) 0.0433 | Val Loss 1.4685 | Val Acc 0.7099 | ETputs(KTEPS) 14491.91
2023-10-14 05:32:34,523 - tune.py [line:103] - INFO: Epoch 00420 | Time(s) 0.0432 | Val Loss 1.4711 | Val Acc 0.7099 | ETputs(KTEPS) 14538.19
2023-10-14 05:32:35,305 - tune.py [line:103] - INFO: Epoch 00440 | Time(s) 0.0430 | Val Loss 1.4700 | Val Acc 0.7099 | ETputs(KTEPS) 14601.27
2023-10-14 05:32:36,062 - tune.py [line:103] - INFO: Epoch 00460 | Time(s) 0.0427 | Val Loss 1.4700 | Val Acc 0.6989 | ETputs(KTEPS) 14677.85
2023-10-14 05:32:36,844 - tune.py [line:103] - INFO: Epoch 00480 | Time(s) 0.0426 | Val Loss 1.4719 | Val Acc 0.7077 | ETputs(KTEPS) 14730.46
2023-10-14 05:32:37,673 - tune.py [line:103] - INFO: Epoch 00500 | Time(s) 0.0425 | Val Loss 1.4715 | Val Acc 0.6967 | ETputs(KTEPS) 14747.48
2023-10-14 05:32:38,478 - tune.py [line:103] - INFO: Epoch 00520 | Time(s) 0.0425 | Val Loss 1.4727 | Val Acc 0.6923 | ETputs(KTEPS) 14778.31
2023-10-14 05:32:39,282 - tune.py [line:103] - INFO: Epoch 00540 | Time(s) 0.0424 | Val Loss 1.4720 | Val Acc 0.6923 | ETputs(KTEPS) 14807.58
2023-10-14 05:32:40,088 - tune.py [line:103] - INFO: Epoch 00560 | Time(s) 0.0423 | Val Loss 1.4697 | Val Acc 0.6901 | ETputs(KTEPS) 14833.47
2023-10-14 05:32:40,892 - tune.py [line:103] - INFO: Epoch 00580 | Time(s) 0.0422 | Val Loss 1.4722 | Val Acc 0.7033 | ETputs(KTEPS) 14859.55
2023-10-14 05:32:41,699 - tune.py [line:103] - INFO: Epoch 00600 | Time(s) 0.0422 | Val Loss 1.4724 | Val Acc 0.7055 | ETputs(KTEPS) 14881.94
2023-10-14 05:32:42,111 - tune.py [line:117] - INFO: [FINAL MODEL] Val accuracy 72.31% \Val loss: 1.5
2023-10-14 05:32:42,120 - tune.py [line:119] - INFO: [FINAL MODEL] Test accuracy 72.21% \Test loss: 1.5
2023-10-14 05:32:42,120 - tune.py [line:144] - INFO: Acc on the first split (Validation Set): 0.7231
2023-10-14 05:32:42,120 - tune.py [line:145] - INFO: Acc on the first split (Test Set): 0.7221
