2023-10-14 05:36:23,410 - tune.py [line:203] - INFO: Namespace(seed=42, model='NormalNNV2', gpu=0, dataset='geom-chameleon', logging=True, log_detail=True, log_detailedCh=False, id_log=1013014503, optuna_n_trials=202, n_epochs=2000, self_loop=False, udgraph=True, early_stop=True, patience=300, n_hidden=64, n_cv=1, start_cv=0, n_layers=12, lr1=0.02, lr2=0.05, wd1=1e-08, wd2=0.001, dropout=0.2, dropout2=0.5, es_ckpt='woselfloop-geom-chameleon_NormalNNV2-wonoise-geom-chameleon_trialNo195')
2023-10-14 05:36:24,272 - tune.py [line:128] - INFO: Split_seeds:[1824]
2023-10-14 05:36:24,273 - tune.py [line:129] - INFO: Model_seeds:[409]
2023-10-14 05:36:24,931 - tune.py [line:103] - INFO: Epoch 00020 | Time(s) 0.0314 | Val Loss 1.5477 | Val Acc 0.6945 | ETputs(KTEPS) 20007.10
2023-10-14 05:36:25,561 - tune.py [line:103] - INFO: Epoch 00040 | Time(s) 0.0313 | Val Loss 1.5007 | Val Acc 0.6835 | ETputs(KTEPS) 20045.94
2023-10-14 05:36:26,178 - tune.py [line:103] - INFO: Epoch 00060 | Time(s) 0.0311 | Val Loss 1.4785 | Val Acc 0.6703 | ETputs(KTEPS) 20149.63
2023-10-14 05:36:26,830 - tune.py [line:103] - INFO: Epoch 00080 | Time(s) 0.0315 | Val Loss 1.4755 | Val Acc 0.7033 | ETputs(KTEPS) 19936.46
2023-10-14 05:36:27,600 - tune.py [line:103] - INFO: Epoch 00100 | Time(s) 0.0329 | Val Loss 1.4702 | Val Acc 0.6989 | ETputs(KTEPS) 19085.97
2023-10-14 05:36:28,402 - tune.py [line:103] - INFO: Epoch 00120 | Time(s) 0.0341 | Val Loss 1.4734 | Val Acc 0.6923 | ETputs(KTEPS) 18420.54
2023-10-14 05:36:29,207 - tune.py [line:103] - INFO: Epoch 00140 | Time(s) 0.0349 | Val Loss 1.4744 | Val Acc 0.7077 | ETputs(KTEPS) 17969.49
2023-10-14 05:36:30,024 - tune.py [line:103] - INFO: Epoch 00160 | Time(s) 0.0357 | Val Loss 1.4714 | Val Acc 0.7011 | ETputs(KTEPS) 17598.63
2023-10-14 05:36:30,837 - tune.py [line:103] - INFO: Epoch 00180 | Time(s) 0.0362 | Val Loss 1.4750 | Val Acc 0.6923 | ETputs(KTEPS) 17329.79
2023-10-14 05:36:31,622 - tune.py [line:103] - INFO: Epoch 00200 | Time(s) 0.0365 | Val Loss 1.4757 | Val Acc 0.7099 | ETputs(KTEPS) 17184.97
2023-10-14 05:36:32,387 - tune.py [line:103] - INFO: Epoch 00220 | Time(s) 0.0367 | Val Loss 1.4771 | Val Acc 0.6879 | ETputs(KTEPS) 17112.39
2023-10-14 05:36:33,224 - tune.py [line:103] - INFO: Epoch 00240 | Time(s) 0.0371 | Val Loss 1.4780 | Val Acc 0.6967 | ETputs(KTEPS) 16913.55
2023-10-14 05:36:34,058 - tune.py [line:103] - INFO: Epoch 00260 | Time(s) 0.0374 | Val Loss 1.4784 | Val Acc 0.7033 | ETputs(KTEPS) 16760.19
2023-10-14 05:36:34,903 - tune.py [line:103] - INFO: Epoch 00280 | Time(s) 0.0378 | Val Loss 1.4801 | Val Acc 0.6945 | ETputs(KTEPS) 16611.64
2023-10-14 05:36:35,725 - tune.py [line:103] - INFO: Epoch 00300 | Time(s) 0.0380 | Val Loss 1.4795 | Val Acc 0.6989 | ETputs(KTEPS) 16515.22
2023-10-14 05:36:36,564 - tune.py [line:103] - INFO: Epoch 00320 | Time(s) 0.0382 | Val Loss 1.4815 | Val Acc 0.7055 | ETputs(KTEPS) 16408.12
2023-10-14 05:36:37,421 - tune.py [line:103] - INFO: Epoch 00340 | Time(s) 0.0385 | Val Loss 1.4816 | Val Acc 0.7011 | ETputs(KTEPS) 16293.38
2023-10-14 05:36:38,236 - tune.py [line:103] - INFO: Epoch 00360 | Time(s) 0.0386 | Val Loss 1.4804 | Val Acc 0.7077 | ETputs(KTEPS) 16241.65
2023-10-14 05:36:39,052 - tune.py [line:103] - INFO: Epoch 00380 | Time(s) 0.0387 | Val Loss 1.4801 | Val Acc 0.6989 | ETputs(KTEPS) 16194.10
2023-10-14 05:36:39,857 - tune.py [line:103] - INFO: Epoch 00400 | Time(s) 0.0388 | Val Loss 1.4797 | Val Acc 0.7121 | ETputs(KTEPS) 16163.50
2023-10-14 05:36:40,733 - tune.py [line:103] - INFO: Epoch 00420 | Time(s) 0.0391 | Val Loss 1.4822 | Val Acc 0.7121 | ETputs(KTEPS) 16065.83
2023-10-14 05:36:41,668 - tune.py [line:103] - INFO: Epoch 00440 | Time(s) 0.0394 | Val Loss 1.4826 | Val Acc 0.7165 | ETputs(KTEPS) 15934.26
2023-10-14 05:36:42,514 - tune.py [line:103] - INFO: Epoch 00460 | Time(s) 0.0395 | Val Loss 1.4826 | Val Acc 0.6879 | ETputs(KTEPS) 15882.89
2023-10-14 05:36:43,340 - tune.py [line:103] - INFO: Epoch 00480 | Time(s) 0.0396 | Val Loss 1.4825 | Val Acc 0.7187 | ETputs(KTEPS) 15852.88
2023-10-14 05:36:44,162 - tune.py [line:103] - INFO: Epoch 00500 | Time(s) 0.0396 | Val Loss 1.4812 | Val Acc 0.6989 | ETputs(KTEPS) 15829.23
2023-10-14 05:36:44,981 - tune.py [line:103] - INFO: Epoch 00520 | Time(s) 0.0397 | Val Loss 1.4832 | Val Acc 0.6989 | ETputs(KTEPS) 15809.44
2023-10-14 05:36:45,823 - tune.py [line:103] - INFO: Epoch 00540 | Time(s) 0.0398 | Val Loss 1.4815 | Val Acc 0.6923 | ETputs(KTEPS) 15774.00
2023-10-14 05:36:46,669 - tune.py [line:103] - INFO: Epoch 00560 | Time(s) 0.0399 | Val Loss 1.4837 | Val Acc 0.7011 | ETputs(KTEPS) 15739.50
2023-10-14 05:36:47,482 - tune.py [line:103] - INFO: Epoch 00580 | Time(s) 0.0399 | Val Loss 1.4841 | Val Acc 0.7033 | ETputs(KTEPS) 15729.11
2023-10-14 05:36:48,207 - tune.py [line:103] - INFO: Epoch 00600 | Time(s) 0.0398 | Val Loss 1.4848 | Val Acc 0.7077 | ETputs(KTEPS) 15776.97
2023-10-14 05:36:49,003 - tune.py [line:103] - INFO: Epoch 00620 | Time(s) 0.0398 | Val Loss 1.4850 | Val Acc 0.6945 | ETputs(KTEPS) 15777.17
2023-10-14 05:36:49,871 - tune.py [line:103] - INFO: Epoch 00640 | Time(s) 0.0399 | Val Loss 1.4839 | Val Acc 0.6989 | ETputs(KTEPS) 15732.62
2023-10-14 05:36:50,692 - tune.py [line:103] - INFO: Epoch 00660 | Time(s) 0.0399 | Val Loss 1.4834 | Val Acc 0.7055 | ETputs(KTEPS) 15718.63
2023-10-14 05:36:51,538 - tune.py [line:103] - INFO: Epoch 00680 | Time(s) 0.0400 | Val Loss 1.4821 | Val Acc 0.7011 | ETputs(KTEPS) 15691.62
2023-10-14 05:36:52,342 - tune.py [line:103] - INFO: Epoch 00700 | Time(s) 0.0400 | Val Loss 1.4831 | Val Acc 0.7011 | ETputs(KTEPS) 15689.39
2023-10-14 05:36:53,241 - tune.py [line:103] - INFO: Epoch 00720 | Time(s) 0.0401 | Val Loss 1.4865 | Val Acc 0.6945 | ETputs(KTEPS) 15636.05
2023-10-14 05:36:53,847 - tune.py [line:117] - INFO: [FINAL MODEL] Val accuracy 72.53% \Val loss: 1.5
2023-10-14 05:36:53,856 - tune.py [line:119] - INFO: [FINAL MODEL] Test accuracy 70.90% \Test loss: 1.5
2023-10-14 05:36:53,857 - tune.py [line:144] - INFO: Acc on the first split (Validation Set): 0.7253
2023-10-14 05:36:53,857 - tune.py [line:145] - INFO: Acc on the first split (Test Set): 0.7090
