2023-10-14 05:11:28,485 - tune.py [line:203] - INFO: Namespace(seed=42, model='NormalNNV2', gpu=0, dataset='geom-chameleon', logging=True, log_detail=True, log_detailedCh=False, id_log=1013014503, optuna_n_trials=202, n_epochs=2000, self_loop=False, udgraph=True, early_stop=True, patience=300, n_hidden=64, n_cv=1, start_cv=0, n_layers=12, lr1=0.05, lr2=0.01, wd1=1e-08, wd2=0.001, dropout=0.3, dropout2=0.4, es_ckpt='woselfloop-geom-chameleon_NormalNNV2-wonoise-geom-chameleon_trialNo42')
2023-10-14 05:11:29,456 - tune.py [line:128] - INFO: Split_seeds:[1824]
2023-10-14 05:11:29,456 - tune.py [line:129] - INFO: Model_seeds:[409]
2023-10-14 05:11:30,512 - tune.py [line:103] - INFO: Epoch 00020 | Time(s) 0.0505 | Val Loss 1.5885 | Val Acc 0.6571 | ETputs(KTEPS) 12432.09
2023-10-14 05:11:31,473 - tune.py [line:103] - INFO: Epoch 00040 | Time(s) 0.0488 | Val Loss 1.5752 | Val Acc 0.6879 | ETputs(KTEPS) 12857.28
2023-10-14 05:11:32,400 - tune.py [line:103] - INFO: Epoch 00060 | Time(s) 0.0479 | Val Loss 1.5610 | Val Acc 0.6989 | ETputs(KTEPS) 13107.13
2023-10-14 05:11:33,328 - tune.py [line:103] - INFO: Epoch 00080 | Time(s) 0.0475 | Val Loss 1.5497 | Val Acc 0.6989 | ETputs(KTEPS) 13211.19
2023-10-14 05:11:34,237 - tune.py [line:103] - INFO: Epoch 00100 | Time(s) 0.0471 | Val Loss 1.5391 | Val Acc 0.6703 | ETputs(KTEPS) 13326.57
2023-10-14 05:11:35,158 - tune.py [line:103] - INFO: Epoch 00120 | Time(s) 0.0469 | Val Loss 1.5308 | Val Acc 0.6901 | ETputs(KTEPS) 13377.43
2023-10-14 05:11:36,073 - tune.py [line:103] - INFO: Epoch 00140 | Time(s) 0.0467 | Val Loss 1.5222 | Val Acc 0.6945 | ETputs(KTEPS) 13426.29
2023-10-14 05:11:36,971 - tune.py [line:103] - INFO: Epoch 00160 | Time(s) 0.0465 | Val Loss 1.5142 | Val Acc 0.6923 | ETputs(KTEPS) 13492.60
2023-10-14 05:11:37,768 - tune.py [line:103] - INFO: Epoch 00180 | Time(s) 0.0458 | Val Loss 1.5093 | Val Acc 0.7033 | ETputs(KTEPS) 13711.66
2023-10-14 05:11:38,674 - tune.py [line:103] - INFO: Epoch 00200 | Time(s) 0.0457 | Val Loss 1.5040 | Val Acc 0.7011 | ETputs(KTEPS) 13725.85
2023-10-14 05:11:39,598 - tune.py [line:103] - INFO: Epoch 00220 | Time(s) 0.0458 | Val Loss 1.5009 | Val Acc 0.6857 | ETputs(KTEPS) 13713.41
2023-10-14 05:11:40,381 - tune.py [line:103] - INFO: Epoch 00240 | Time(s) 0.0452 | Val Loss 1.4969 | Val Acc 0.6989 | ETputs(KTEPS) 13880.23
2023-10-14 05:11:41,291 - tune.py [line:103] - INFO: Epoch 00260 | Time(s) 0.0452 | Val Loss 1.4928 | Val Acc 0.6945 | ETputs(KTEPS) 13873.93
2023-10-14 05:11:42,162 - tune.py [line:103] - INFO: Epoch 00280 | Time(s) 0.0451 | Val Loss 1.4908 | Val Acc 0.7011 | ETputs(KTEPS) 13911.55
2023-10-14 05:11:42,939 - tune.py [line:103] - INFO: Epoch 00300 | Time(s) 0.0447 | Val Loss 1.4892 | Val Acc 0.7077 | ETputs(KTEPS) 14042.25
2023-10-14 05:11:43,693 - tune.py [line:103] - INFO: Epoch 00320 | Time(s) 0.0442 | Val Loss 1.4882 | Val Acc 0.6967 | ETputs(KTEPS) 14180.77
2023-10-14 05:11:44,593 - tune.py [line:103] - INFO: Epoch 00340 | Time(s) 0.0443 | Val Loss 1.4866 | Val Acc 0.6945 | ETputs(KTEPS) 14167.31
2023-10-14 05:11:45,183 - tune.py [line:117] - INFO: [FINAL MODEL] Val accuracy 71.87% \Val loss: 1.6
2023-10-14 05:11:45,192 - tune.py [line:119] - INFO: [FINAL MODEL] Test accuracy 70.24% \Test loss: 1.6
2023-10-14 05:11:45,193 - tune.py [line:144] - INFO: Acc on the first split (Validation Set): 0.7187
2023-10-14 05:11:45,193 - tune.py [line:145] - INFO: Acc on the first split (Test Set): 0.7024
