2023-10-14 05:23:25,144 - tune.py [line:203] - INFO: Namespace(seed=42, model='NormalNNV2', gpu=0, dataset='geom-chameleon', logging=True, log_detail=True, log_detailedCh=False, id_log=1013014503, optuna_n_trials=202, n_epochs=2000, self_loop=False, udgraph=True, early_stop=True, patience=300, n_hidden=64, n_cv=1, start_cv=0, n_layers=12, lr1=0.05, lr2=0.02, wd1=1e-08, wd2=0.001, dropout=0.3, dropout2=0.5, es_ckpt='woselfloop-geom-chameleon_NormalNNV2-wonoise-geom-chameleon_trialNo112')
2023-10-14 05:23:25,851 - tune.py [line:128] - INFO: Split_seeds:[1824]
2023-10-14 05:23:25,852 - tune.py [line:129] - INFO: Model_seeds:[409]
2023-10-14 05:23:26,931 - tune.py [line:103] - INFO: Epoch 00020 | Time(s) 0.0512 | Val Loss 1.5771 | Val Acc 0.6879 | ETputs(KTEPS) 12243.86
2023-10-14 05:23:27,954 - tune.py [line:103] - INFO: Epoch 00040 | Time(s) 0.0509 | Val Loss 1.5502 | Val Acc 0.6901 | ETputs(KTEPS) 12315.84
2023-10-14 05:23:29,026 - tune.py [line:103] - INFO: Epoch 00060 | Time(s) 0.0518 | Val Loss 1.5283 | Val Acc 0.6901 | ETputs(KTEPS) 12113.01
2023-10-14 05:23:29,968 - tune.py [line:103] - INFO: Epoch 00080 | Time(s) 0.0505 | Val Loss 1.5131 | Val Acc 0.7033 | ETputs(KTEPS) 12424.88
2023-10-14 05:23:30,775 - tune.py [line:103] - INFO: Epoch 00100 | Time(s) 0.0485 | Val Loss 1.5013 | Val Acc 0.6879 | ETputs(KTEPS) 12946.09
2023-10-14 05:23:31,590 - tune.py [line:103] - INFO: Epoch 00120 | Time(s) 0.0472 | Val Loss 1.4946 | Val Acc 0.6857 | ETputs(KTEPS) 13300.54
2023-10-14 05:23:32,399 - tune.py [line:103] - INFO: Epoch 00140 | Time(s) 0.0462 | Val Loss 1.4886 | Val Acc 0.6945 | ETputs(KTEPS) 13578.93
2023-10-14 05:23:33,211 - tune.py [line:103] - INFO: Epoch 00160 | Time(s) 0.0455 | Val Loss 1.4813 | Val Acc 0.6945 | ETputs(KTEPS) 13788.05
2023-10-14 05:23:34,024 - tune.py [line:103] - INFO: Epoch 00180 | Time(s) 0.0450 | Val Loss 1.4781 | Val Acc 0.7033 | ETputs(KTEPS) 13954.14
2023-10-14 05:23:34,849 - tune.py [line:103] - INFO: Epoch 00200 | Time(s) 0.0446 | Val Loss 1.4774 | Val Acc 0.6879 | ETputs(KTEPS) 14071.12
2023-10-14 05:23:35,658 - tune.py [line:103] - INFO: Epoch 00220 | Time(s) 0.0442 | Val Loss 1.4732 | Val Acc 0.6901 | ETputs(KTEPS) 14194.68
2023-10-14 05:23:36,481 - tune.py [line:103] - INFO: Epoch 00240 | Time(s) 0.0439 | Val Loss 1.4745 | Val Acc 0.6835 | ETputs(KTEPS) 14278.09
2023-10-14 05:23:37,316 - tune.py [line:103] - INFO: Epoch 00260 | Time(s) 0.0438 | Val Loss 1.4724 | Val Acc 0.7077 | ETputs(KTEPS) 14333.40
2023-10-14 05:23:38,110 - tune.py [line:103] - INFO: Epoch 00280 | Time(s) 0.0435 | Val Loss 1.4711 | Val Acc 0.7143 | ETputs(KTEPS) 14429.63
2023-10-14 05:23:38,879 - tune.py [line:103] - INFO: Epoch 00300 | Time(s) 0.0431 | Val Loss 1.4715 | Val Acc 0.6989 | ETputs(KTEPS) 14543.01
2023-10-14 05:23:39,619 - tune.py [line:103] - INFO: Epoch 00320 | Time(s) 0.0428 | Val Loss 1.4735 | Val Acc 0.6923 | ETputs(KTEPS) 14673.31
2023-10-14 05:23:40,373 - tune.py [line:103] - INFO: Epoch 00340 | Time(s) 0.0425 | Val Loss 1.4725 | Val Acc 0.6945 | ETputs(KTEPS) 14777.00
2023-10-14 05:23:41,126 - tune.py [line:103] - INFO: Epoch 00360 | Time(s) 0.0422 | Val Loss 1.4707 | Val Acc 0.7011 | ETputs(KTEPS) 14871.00
2023-10-14 05:23:41,965 - tune.py [line:103] - INFO: Epoch 00380 | Time(s) 0.0422 | Val Loss 1.4718 | Val Acc 0.7165 | ETputs(KTEPS) 14875.74
2023-10-14 05:23:42,841 - tune.py [line:103] - INFO: Epoch 00400 | Time(s) 0.0423 | Val Loss 1.4726 | Val Acc 0.7099 | ETputs(KTEPS) 14847.44
2023-10-14 05:23:43,671 - tune.py [line:103] - INFO: Epoch 00420 | Time(s) 0.0422 | Val Loss 1.4746 | Val Acc 0.6989 | ETputs(KTEPS) 14861.28
2023-10-14 05:23:44,491 - tune.py [line:103] - INFO: Epoch 00440 | Time(s) 0.0422 | Val Loss 1.4729 | Val Acc 0.7011 | ETputs(KTEPS) 14880.54
2023-10-14 05:23:45,295 - tune.py [line:103] - INFO: Epoch 00460 | Time(s) 0.0421 | Val Loss 1.4742 | Val Acc 0.7077 | ETputs(KTEPS) 14911.43
2023-10-14 05:23:46,122 - tune.py [line:103] - INFO: Epoch 00480 | Time(s) 0.0420 | Val Loss 1.4745 | Val Acc 0.7099 | ETputs(KTEPS) 14922.60
2023-10-14 05:23:47,012 - tune.py [line:103] - INFO: Epoch 00500 | Time(s) 0.0421 | Val Loss 1.4757 | Val Acc 0.6923 | ETputs(KTEPS) 14887.79
2023-10-14 05:23:47,632 - tune.py [line:117] - INFO: [FINAL MODEL] Val accuracy 72.53% \Val loss: 1.5
2023-10-14 05:23:47,642 - tune.py [line:119] - INFO: [FINAL MODEL] Test accuracy 70.90% \Test loss: 1.5
2023-10-14 05:23:47,642 - tune.py [line:144] - INFO: Acc on the first split (Validation Set): 0.7253
2023-10-14 05:23:47,642 - tune.py [line:145] - INFO: Acc on the first split (Test Set): 0.7090
