2023-10-14 05:14:39,274 - tune.py [line:203] - INFO: Namespace(seed=42, model='NormalNNV2', gpu=0, dataset='geom-chameleon', logging=True, log_detail=True, log_detailedCh=False, id_log=1013014503, optuna_n_trials=202, n_epochs=2000, self_loop=False, udgraph=True, early_stop=True, patience=300, n_hidden=64, n_cv=1, start_cv=0, n_layers=12, lr1=0.03, lr2=0.02, wd1=1e-08, wd2=0.001, dropout=0.2, dropout2=0.3, es_ckpt='woselfloop-geom-chameleon_NormalNNV2-wonoise-geom-chameleon_trialNo62')
2023-10-14 05:14:40,192 - tune.py [line:128] - INFO: Split_seeds:[1824]
2023-10-14 05:14:40,192 - tune.py [line:129] - INFO: Model_seeds:[409]
2023-10-14 05:14:41,189 - tune.py [line:103] - INFO: Epoch 00020 | Time(s) 0.0472 | Val Loss 1.5797 | Val Acc 0.6835 | ETputs(KTEPS) 13299.24
2023-10-14 05:14:42,058 - tune.py [line:103] - INFO: Epoch 00040 | Time(s) 0.0451 | Val Loss 1.5557 | Val Acc 0.6791 | ETputs(KTEPS) 13921.17
2023-10-14 05:14:42,891 - tune.py [line:103] - INFO: Epoch 00060 | Time(s) 0.0438 | Val Loss 1.5345 | Val Acc 0.6989 | ETputs(KTEPS) 14309.62
2023-10-14 05:14:43,704 - tune.py [line:103] - INFO: Epoch 00080 | Time(s) 0.0429 | Val Loss 1.5166 | Val Acc 0.7011 | ETputs(KTEPS) 14612.40
2023-10-14 05:14:44,505 - tune.py [line:103] - INFO: Epoch 00100 | Time(s) 0.0424 | Val Loss 1.5064 | Val Acc 0.6989 | ETputs(KTEPS) 14811.03
2023-10-14 05:14:45,307 - tune.py [line:103] - INFO: Epoch 00120 | Time(s) 0.0420 | Val Loss 1.4983 | Val Acc 0.6989 | ETputs(KTEPS) 14944.93
2023-10-14 05:14:46,134 - tune.py [line:103] - INFO: Epoch 00140 | Time(s) 0.0418 | Val Loss 1.4939 | Val Acc 0.6967 | ETputs(KTEPS) 14995.71
2023-10-14 05:14:47,020 - tune.py [line:103] - INFO: Epoch 00160 | Time(s) 0.0421 | Val Loss 1.4925 | Val Acc 0.6813 | ETputs(KTEPS) 14888.51
2023-10-14 05:14:47,854 - tune.py [line:103] - INFO: Epoch 00180 | Time(s) 0.0421 | Val Loss 1.4925 | Val Acc 0.6967 | ETputs(KTEPS) 14906.68
2023-10-14 05:14:48,622 - tune.py [line:103] - INFO: Epoch 00200 | Time(s) 0.0417 | Val Loss 1.4922 | Val Acc 0.6923 | ETputs(KTEPS) 15039.58
2023-10-14 05:14:49,413 - tune.py [line:103] - INFO: Epoch 00220 | Time(s) 0.0415 | Val Loss 1.4920 | Val Acc 0.6923 | ETputs(KTEPS) 15111.22
2023-10-14 05:14:50,329 - tune.py [line:103] - INFO: Epoch 00240 | Time(s) 0.0419 | Val Loss 1.4919 | Val Acc 0.6945 | ETputs(KTEPS) 14983.53
2023-10-14 05:14:51,260 - tune.py [line:103] - INFO: Epoch 00260 | Time(s) 0.0422 | Val Loss 1.4899 | Val Acc 0.6879 | ETputs(KTEPS) 14857.41
2023-10-14 05:14:52,192 - tune.py [line:103] - INFO: Epoch 00280 | Time(s) 0.0425 | Val Loss 1.4925 | Val Acc 0.6989 | ETputs(KTEPS) 14749.15
2023-10-14 05:14:53,075 - tune.py [line:103] - INFO: Epoch 00300 | Time(s) 0.0426 | Val Loss 1.4963 | Val Acc 0.6989 | ETputs(KTEPS) 14712.55
2023-10-14 05:14:53,980 - tune.py [line:103] - INFO: Epoch 00320 | Time(s) 0.0428 | Val Loss 1.4956 | Val Acc 0.7033 | ETputs(KTEPS) 14656.54
2023-10-14 05:14:54,934 - tune.py [line:103] - INFO: Epoch 00340 | Time(s) 0.0431 | Val Loss 1.4981 | Val Acc 0.6967 | ETputs(KTEPS) 14559.33
2023-10-14 05:14:55,821 - tune.py [line:103] - INFO: Epoch 00360 | Time(s) 0.0432 | Val Loss 1.4975 | Val Acc 0.7033 | ETputs(KTEPS) 14537.05
2023-10-14 05:14:56,802 - tune.py [line:103] - INFO: Epoch 00380 | Time(s) 0.0435 | Val Loss 1.5001 | Val Acc 0.6989 | ETputs(KTEPS) 14433.74
2023-10-14 05:14:57,640 - tune.py [line:103] - INFO: Epoch 00400 | Time(s) 0.0434 | Val Loss 1.5015 | Val Acc 0.6923 | ETputs(KTEPS) 14460.13
2023-10-14 05:14:58,587 - tune.py [line:103] - INFO: Epoch 00420 | Time(s) 0.0436 | Val Loss 1.5036 | Val Acc 0.6989 | ETputs(KTEPS) 14398.56
2023-10-14 05:14:58,785 - tune.py [line:117] - INFO: [FINAL MODEL] Val accuracy 72.53% \Val loss: 1.5
2023-10-14 05:14:58,793 - tune.py [line:119] - INFO: [FINAL MODEL] Test accuracy 70.46% \Test loss: 1.5
2023-10-14 05:14:58,793 - tune.py [line:144] - INFO: Acc on the first split (Validation Set): 0.7253
2023-10-14 05:14:58,793 - tune.py [line:145] - INFO: Acc on the first split (Test Set): 0.7046
