2023-10-14 05:17:41,046 - tune.py [line:203] - INFO: Namespace(seed=42, model='NormalNNV2', gpu=0, dataset='geom-chameleon', logging=True, log_detail=True, log_detailedCh=False, id_log=1013014503, optuna_n_trials=202, n_epochs=2000, self_loop=False, udgraph=True, early_stop=True, patience=300, n_hidden=64, n_cv=1, start_cv=0, n_layers=12, lr1=0.03, lr2=0.02, wd1=1e-08, wd2=0.001, dropout=0.2, dropout2=0.3, es_ckpt='woselfloop-geom-chameleon_NormalNNV2-wonoise-geom-chameleon_trialNo72')
2023-10-14 05:17:41,750 - tune.py [line:128] - INFO: Split_seeds:[1824]
2023-10-14 05:17:41,751 - tune.py [line:129] - INFO: Model_seeds:[409]
2023-10-14 05:17:42,600 - tune.py [line:103] - INFO: Epoch 00020 | Time(s) 0.0406 | Val Loss 1.5797 | Val Acc 0.6835 | ETputs(KTEPS) 15444.58
2023-10-14 05:17:43,415 - tune.py [line:103] - INFO: Epoch 00040 | Time(s) 0.0405 | Val Loss 1.5557 | Val Acc 0.6791 | ETputs(KTEPS) 15483.97
2023-10-14 05:17:44,222 - tune.py [line:103] - INFO: Epoch 00060 | Time(s) 0.0404 | Val Loss 1.5344 | Val Acc 0.6989 | ETputs(KTEPS) 15533.80
2023-10-14 05:17:45,052 - tune.py [line:103] - INFO: Epoch 00080 | Time(s) 0.0405 | Val Loss 1.5170 | Val Acc 0.7055 | ETputs(KTEPS) 15475.67
2023-10-14 05:17:45,857 - tune.py [line:103] - INFO: Epoch 00100 | Time(s) 0.0405 | Val Loss 1.5064 | Val Acc 0.6967 | ETputs(KTEPS) 15497.27
2023-10-14 05:17:46,660 - tune.py [line:103] - INFO: Epoch 00120 | Time(s) 0.0404 | Val Loss 1.5002 | Val Acc 0.7033 | ETputs(KTEPS) 15519.77
2023-10-14 05:17:47,473 - tune.py [line:103] - INFO: Epoch 00140 | Time(s) 0.0405 | Val Loss 1.4938 | Val Acc 0.7143 | ETputs(KTEPS) 15510.87
2023-10-14 05:17:48,268 - tune.py [line:103] - INFO: Epoch 00160 | Time(s) 0.0404 | Val Loss 1.4941 | Val Acc 0.6791 | ETputs(KTEPS) 15545.46
2023-10-14 05:17:49,084 - tune.py [line:103] - INFO: Epoch 00180 | Time(s) 0.0404 | Val Loss 1.4926 | Val Acc 0.7011 | ETputs(KTEPS) 15527.18
2023-10-14 05:17:49,882 - tune.py [line:103] - INFO: Epoch 00200 | Time(s) 0.0404 | Val Loss 1.4910 | Val Acc 0.6989 | ETputs(KTEPS) 15545.88
2023-10-14 05:17:50,687 - tune.py [line:103] - INFO: Epoch 00220 | Time(s) 0.0403 | Val Loss 1.4921 | Val Acc 0.6791 | ETputs(KTEPS) 15550.56
2023-10-14 05:17:51,489 - tune.py [line:103] - INFO: Epoch 00240 | Time(s) 0.0403 | Val Loss 1.4912 | Val Acc 0.7033 | ETputs(KTEPS) 15559.94
2023-10-14 05:17:52,383 - tune.py [line:103] - INFO: Epoch 00260 | Time(s) 0.0407 | Val Loss 1.4911 | Val Acc 0.6835 | ETputs(KTEPS) 15431.13
2023-10-14 05:17:53,199 - tune.py [line:103] - INFO: Epoch 00280 | Time(s) 0.0407 | Val Loss 1.4914 | Val Acc 0.6923 | ETputs(KTEPS) 15428.61
2023-10-14 05:17:54,002 - tune.py [line:103] - INFO: Epoch 00300 | Time(s) 0.0406 | Val Loss 1.4958 | Val Acc 0.6945 | ETputs(KTEPS) 15442.01
2023-10-14 05:17:54,778 - tune.py [line:103] - INFO: Epoch 00320 | Time(s) 0.0405 | Val Loss 1.4951 | Val Acc 0.7121 | ETputs(KTEPS) 15485.50
2023-10-14 05:17:55,489 - tune.py [line:103] - INFO: Epoch 00340 | Time(s) 0.0402 | Val Loss 1.4979 | Val Acc 0.6945 | ETputs(KTEPS) 15598.21
2023-10-14 05:17:56,228 - tune.py [line:103] - INFO: Epoch 00360 | Time(s) 0.0400 | Val Loss 1.4979 | Val Acc 0.7011 | ETputs(KTEPS) 15669.63
2023-10-14 05:17:56,843 - tune.py [line:117] - INFO: [FINAL MODEL] Val accuracy 72.53% \Val loss: 1.5
2023-10-14 05:17:56,852 - tune.py [line:119] - INFO: [FINAL MODEL] Test accuracy 69.58% \Test loss: 1.5
2023-10-14 05:17:56,852 - tune.py [line:144] - INFO: Acc on the first split (Validation Set): 0.7253
2023-10-14 05:17:56,852 - tune.py [line:145] - INFO: Acc on the first split (Test Set): 0.6958
