2023-10-14 05:31:01,392 - tune.py [line:203] - INFO: Namespace(seed=42, model='NormalNNV2', gpu=0, dataset='geom-chameleon', logging=True, log_detail=True, log_detailedCh=False, id_log=1013014503, optuna_n_trials=202, n_epochs=2000, self_loop=False, udgraph=True, early_stop=True, patience=300, n_hidden=64, n_cv=1, start_cv=0, n_layers=12, lr1=0.02, lr2=0.03, wd1=1e-08, wd2=0.001, dropout=0.2, dropout2=0.6, es_ckpt='woselfloop-geom-chameleon_NormalNNV2-wonoise-geom-chameleon_trialNo152')
2023-10-14 05:31:02,259 - tune.py [line:128] - INFO: Split_seeds:[1824]
2023-10-14 05:31:02,259 - tune.py [line:129] - INFO: Model_seeds:[409]
2023-10-14 05:31:03,376 - tune.py [line:103] - INFO: Epoch 00020 | Time(s) 0.0523 | Val Loss 1.5662 | Val Acc 0.6901 | ETputs(KTEPS) 11992.67
2023-10-14 05:31:04,407 - tune.py [line:103] - INFO: Epoch 00040 | Time(s) 0.0515 | Val Loss 1.5311 | Val Acc 0.6791 | ETputs(KTEPS) 12189.85
2023-10-14 05:31:05,302 - tune.py [line:103] - INFO: Epoch 00060 | Time(s) 0.0492 | Val Loss 1.5057 | Val Acc 0.6835 | ETputs(KTEPS) 12744.67
2023-10-14 05:31:06,106 - tune.py [line:103] - INFO: Epoch 00080 | Time(s) 0.0470 | Val Loss 1.4924 | Val Acc 0.6813 | ETputs(KTEPS) 13358.42
2023-10-14 05:31:06,847 - tune.py [line:103] - INFO: Epoch 00100 | Time(s) 0.0450 | Val Loss 1.4810 | Val Acc 0.6989 | ETputs(KTEPS) 13950.21
2023-10-14 05:31:07,595 - tune.py [line:103] - INFO: Epoch 00120 | Time(s) 0.0437 | Val Loss 1.4816 | Val Acc 0.6791 | ETputs(KTEPS) 14353.09
2023-10-14 05:31:08,349 - tune.py [line:103] - INFO: Epoch 00140 | Time(s) 0.0429 | Val Loss 1.4762 | Val Acc 0.6769 | ETputs(KTEPS) 14641.39
2023-10-14 05:31:09,121 - tune.py [line:103] - INFO: Epoch 00160 | Time(s) 0.0423 | Val Loss 1.4706 | Val Acc 0.6901 | ETputs(KTEPS) 14827.70
2023-10-14 05:31:09,878 - tune.py [line:103] - INFO: Epoch 00180 | Time(s) 0.0418 | Val Loss 1.4707 | Val Acc 0.6967 | ETputs(KTEPS) 15012.18
2023-10-14 05:31:10,662 - tune.py [line:103] - INFO: Epoch 00200 | Time(s) 0.0415 | Val Loss 1.4705 | Val Acc 0.6967 | ETputs(KTEPS) 15107.68
2023-10-14 05:31:11,645 - tune.py [line:103] - INFO: Epoch 00220 | Time(s) 0.0422 | Val Loss 1.4672 | Val Acc 0.7055 | ETputs(KTEPS) 14860.88
2023-10-14 05:31:12,605 - tune.py [line:103] - INFO: Epoch 00240 | Time(s) 0.0427 | Val Loss 1.4675 | Val Acc 0.7055 | ETputs(KTEPS) 14694.13
2023-10-14 05:31:13,512 - tune.py [line:103] - INFO: Epoch 00260 | Time(s) 0.0429 | Val Loss 1.4681 | Val Acc 0.7165 | ETputs(KTEPS) 14627.48
2023-10-14 05:31:14,496 - tune.py [line:103] - INFO: Epoch 00280 | Time(s) 0.0433 | Val Loss 1.4682 | Val Acc 0.7231 | ETputs(KTEPS) 14478.92
2023-10-14 05:31:15,343 - tune.py [line:103] - INFO: Epoch 00300 | Time(s) 0.0433 | Val Loss 1.4684 | Val Acc 0.7055 | ETputs(KTEPS) 14501.11
2023-10-14 05:31:16,181 - tune.py [line:103] - INFO: Epoch 00320 | Time(s) 0.0432 | Val Loss 1.4692 | Val Acc 0.7121 | ETputs(KTEPS) 14530.61
2023-10-14 05:31:16,945 - tune.py [line:103] - INFO: Epoch 00340 | Time(s) 0.0429 | Val Loss 1.4687 | Val Acc 0.7077 | ETputs(KTEPS) 14629.89
2023-10-14 05:31:17,704 - tune.py [line:103] - INFO: Epoch 00360 | Time(s) 0.0426 | Val Loss 1.4711 | Val Acc 0.7077 | ETputs(KTEPS) 14724.41
2023-10-14 05:31:18,457 - tune.py [line:103] - INFO: Epoch 00380 | Time(s) 0.0423 | Val Loss 1.4692 | Val Acc 0.7055 | ETputs(KTEPS) 14815.53
2023-10-14 05:31:19,206 - tune.py [line:103] - INFO: Epoch 00400 | Time(s) 0.0421 | Val Loss 1.4687 | Val Acc 0.7077 | ETputs(KTEPS) 14902.31
2023-10-14 05:31:20,004 - tune.py [line:103] - INFO: Epoch 00420 | Time(s) 0.0420 | Val Loss 1.4709 | Val Acc 0.7143 | ETputs(KTEPS) 14939.43
2023-10-14 05:31:20,774 - tune.py [line:103] - INFO: Epoch 00440 | Time(s) 0.0418 | Val Loss 1.4696 | Val Acc 0.7143 | ETputs(KTEPS) 14998.72
2023-10-14 05:31:21,552 - tune.py [line:103] - INFO: Epoch 00460 | Time(s) 0.0417 | Val Loss 1.4701 | Val Acc 0.6967 | ETputs(KTEPS) 15044.83
2023-10-14 05:31:22,369 - tune.py [line:103] - INFO: Epoch 00480 | Time(s) 0.0417 | Val Loss 1.4723 | Val Acc 0.7077 | ETputs(KTEPS) 15058.48
2023-10-14 05:31:23,351 - tune.py [line:103] - INFO: Epoch 00500 | Time(s) 0.0420 | Val Loss 1.4710 | Val Acc 0.6923 | ETputs(KTEPS) 14951.94
2023-10-14 05:31:24,259 - tune.py [line:103] - INFO: Epoch 00520 | Time(s) 0.0421 | Val Loss 1.4723 | Val Acc 0.7099 | ETputs(KTEPS) 14905.19
2023-10-14 05:31:25,064 - tune.py [line:103] - INFO: Epoch 00540 | Time(s) 0.0420 | Val Loss 1.4719 | Val Acc 0.6945 | ETputs(KTEPS) 14930.12
2023-10-14 05:31:25,861 - tune.py [line:103] - INFO: Epoch 00560 | Time(s) 0.0419 | Val Loss 1.4700 | Val Acc 0.6857 | ETputs(KTEPS) 14957.70
2023-10-14 05:31:26,636 - tune.py [line:103] - INFO: Epoch 00580 | Time(s) 0.0418 | Val Loss 1.4719 | Val Acc 0.7033 | ETputs(KTEPS) 14997.33
2023-10-14 05:31:27,415 - tune.py [line:103] - INFO: Epoch 00600 | Time(s) 0.0417 | Val Loss 1.4723 | Val Acc 0.7121 | ETputs(KTEPS) 15032.62
2023-10-14 05:31:28,208 - tune.py [line:103] - INFO: Epoch 00620 | Time(s) 0.0417 | Val Loss 1.4722 | Val Acc 0.6967 | ETputs(KTEPS) 15056.81
2023-10-14 05:31:29,060 - tune.py [line:103] - INFO: Epoch 00640 | Time(s) 0.0417 | Val Loss 1.4720 | Val Acc 0.6945 | ETputs(KTEPS) 15047.06
2023-10-14 05:31:29,930 - tune.py [line:103] - INFO: Epoch 00660 | Time(s) 0.0418 | Val Loss 1.4721 | Val Acc 0.6989 | ETputs(KTEPS) 15027.51
2023-10-14 05:31:30,988 - tune.py [line:103] - INFO: Epoch 00680 | Time(s) 0.0421 | Val Loss 1.4717 | Val Acc 0.7121 | ETputs(KTEPS) 14911.06
2023-10-14 05:31:32,020 - tune.py [line:103] - INFO: Epoch 00700 | Time(s) 0.0423 | Val Loss 1.4713 | Val Acc 0.7033 | ETputs(KTEPS) 14815.47
2023-10-14 05:31:32,903 - tune.py [line:103] - INFO: Epoch 00720 | Time(s) 0.0424 | Val Loss 1.4744 | Val Acc 0.6967 | ETputs(KTEPS) 14798.23
2023-10-14 05:31:33,118 - tune.py [line:117] - INFO: [FINAL MODEL] Val accuracy 72.75% \Val loss: 1.5
2023-10-14 05:31:33,127 - tune.py [line:119] - INFO: [FINAL MODEL] Test accuracy 72.65% \Test loss: 1.5
2023-10-14 05:31:33,127 - tune.py [line:144] - INFO: Acc on the first split (Validation Set): 0.7275
2023-10-14 05:31:33,127 - tune.py [line:145] - INFO: Acc on the first split (Test Set): 0.7265
