2023-10-14 05:08:55,554 - tune.py [line:203] - INFO: Namespace(seed=42, model='NormalNNV2', gpu=0, dataset='geom-chameleon', logging=True, log_detail=True, log_detailedCh=False, id_log=1013014503, optuna_n_trials=202, n_epochs=2000, self_loop=False, udgraph=True, early_stop=True, patience=300, n_hidden=64, n_cv=1, start_cv=0, n_layers=20, lr1=0.02, lr2=0.03, wd1=1e-08, wd2=0.001, dropout=0.3, dropout2=0.4, es_ckpt='woselfloop-geom-chameleon_NormalNNV2-wonoise-geom-chameleon_trialNo36')
2023-10-14 05:08:56,511 - tune.py [line:128] - INFO: Split_seeds:[1824]
2023-10-14 05:08:56,511 - tune.py [line:129] - INFO: Model_seeds:[409]
2023-10-14 05:08:57,839 - tune.py [line:103] - INFO: Epoch 00020 | Time(s) 0.0644 | Val Loss 1.5650 | Val Acc 0.6418 | ETputs(KTEPS) 9749.42
2023-10-14 05:08:59,172 - tune.py [line:103] - INFO: Epoch 00040 | Time(s) 0.0652 | Val Loss 1.5286 | Val Acc 0.6484 | ETputs(KTEPS) 9628.33
2023-10-14 05:09:00,386 - tune.py [line:103] - INFO: Epoch 00060 | Time(s) 0.0636 | Val Loss 1.5021 | Val Acc 0.6681 | ETputs(KTEPS) 9870.13
2023-10-14 05:09:01,525 - tune.py [line:103] - INFO: Epoch 00080 | Time(s) 0.0619 | Val Loss 1.4913 | Val Acc 0.6615 | ETputs(KTEPS) 10133.76
2023-10-14 05:09:02,688 - tune.py [line:103] - INFO: Epoch 00100 | Time(s) 0.0612 | Val Loss 1.4799 | Val Acc 0.6637 | ETputs(KTEPS) 10260.19
2023-10-14 05:09:03,807 - tune.py [line:103] - INFO: Epoch 00120 | Time(s) 0.0603 | Val Loss 1.4792 | Val Acc 0.6681 | ETputs(KTEPS) 10408.40
2023-10-14 05:09:05,025 - tune.py [line:103] - INFO: Epoch 00140 | Time(s) 0.0604 | Val Loss 1.4723 | Val Acc 0.6637 | ETputs(KTEPS) 10393.66
2023-10-14 05:09:06,232 - tune.py [line:103] - INFO: Epoch 00160 | Time(s) 0.0604 | Val Loss 1.4733 | Val Acc 0.6703 | ETputs(KTEPS) 10394.60
2023-10-14 05:09:07,518 - tune.py [line:103] - INFO: Epoch 00180 | Time(s) 0.0608 | Val Loss 1.4725 | Val Acc 0.6659 | ETputs(KTEPS) 10320.19
2023-10-14 05:09:08,745 - tune.py [line:103] - INFO: Epoch 00200 | Time(s) 0.0608 | Val Loss 1.4734 | Val Acc 0.6813 | ETputs(KTEPS) 10311.38
2023-10-14 05:09:10,011 - tune.py [line:103] - INFO: Epoch 00220 | Time(s) 0.0610 | Val Loss 1.4722 | Val Acc 0.6703 | ETputs(KTEPS) 10281.71
2023-10-14 05:09:11,289 - tune.py [line:103] - INFO: Epoch 00240 | Time(s) 0.0613 | Val Loss 1.4735 | Val Acc 0.6769 | ETputs(KTEPS) 10242.12
2023-10-14 05:09:12,513 - tune.py [line:103] - INFO: Epoch 00260 | Time(s) 0.0613 | Val Loss 1.4736 | Val Acc 0.6659 | ETputs(KTEPS) 10242.92
2023-10-14 05:09:13,667 - tune.py [line:103] - INFO: Epoch 00280 | Time(s) 0.0610 | Val Loss 1.4739 | Val Acc 0.6923 | ETputs(KTEPS) 10285.93
2023-10-14 05:09:14,925 - tune.py [line:103] - INFO: Epoch 00300 | Time(s) 0.0611 | Val Loss 1.4772 | Val Acc 0.6681 | ETputs(KTEPS) 10266.41
2023-10-14 05:09:16,067 - tune.py [line:103] - INFO: Epoch 00320 | Time(s) 0.0609 | Val Loss 1.4750 | Val Acc 0.6747 | ETputs(KTEPS) 10309.13
2023-10-14 05:09:17,276 - tune.py [line:103] - INFO: Epoch 00340 | Time(s) 0.0608 | Val Loss 1.4799 | Val Acc 0.6857 | ETputs(KTEPS) 10313.46
2023-10-14 05:09:18,496 - tune.py [line:103] - INFO: Epoch 00360 | Time(s) 0.0608 | Val Loss 1.4779 | Val Acc 0.6967 | ETputs(KTEPS) 10312.33
2023-10-14 05:09:19,767 - tune.py [line:103] - INFO: Epoch 00380 | Time(s) 0.0610 | Val Loss 1.4768 | Val Acc 0.7033 | ETputs(KTEPS) 10291.57
2023-10-14 05:09:20,955 - tune.py [line:103] - INFO: Epoch 00400 | Time(s) 0.0609 | Val Loss 1.4784 | Val Acc 0.6769 | ETputs(KTEPS) 10304.98
2023-10-14 05:09:22,194 - tune.py [line:103] - INFO: Epoch 00420 | Time(s) 0.0609 | Val Loss 1.4802 | Val Acc 0.6879 | ETputs(KTEPS) 10296.62
2023-10-14 05:09:23,542 - tune.py [line:103] - INFO: Epoch 00440 | Time(s) 0.0612 | Val Loss 1.4804 | Val Acc 0.6835 | ETputs(KTEPS) 10247.64
2023-10-14 05:09:24,732 - tune.py [line:103] - INFO: Epoch 00460 | Time(s) 0.0611 | Val Loss 1.4812 | Val Acc 0.6813 | ETputs(KTEPS) 10260.40
2023-10-14 05:09:25,984 - tune.py [line:103] - INFO: Epoch 00480 | Time(s) 0.0612 | Val Loss 1.4810 | Val Acc 0.6637 | ETputs(KTEPS) 10250.36
2023-10-14 05:09:27,379 - tune.py [line:103] - INFO: Epoch 00500 | Time(s) 0.0615 | Val Loss 1.4840 | Val Acc 0.6879 | ETputs(KTEPS) 10193.79
2023-10-14 05:09:28,647 - tune.py [line:103] - INFO: Epoch 00520 | Time(s) 0.0616 | Val Loss 1.4829 | Val Acc 0.6923 | ETputs(KTEPS) 10182.31
2023-10-14 05:09:29,826 - tune.py [line:103] - INFO: Epoch 00540 | Time(s) 0.0615 | Val Loss 1.4821 | Val Acc 0.6769 | ETputs(KTEPS) 10198.59
2023-10-14 05:09:31,052 - tune.py [line:103] - INFO: Epoch 00560 | Time(s) 0.0615 | Val Loss 1.4822 | Val Acc 0.6989 | ETputs(KTEPS) 10200.24
2023-10-14 05:09:32,239 - tune.py [line:103] - INFO: Epoch 00580 | Time(s) 0.0614 | Val Loss 1.4831 | Val Acc 0.6923 | ETputs(KTEPS) 10212.67
2023-10-14 05:09:33,569 - tune.py [line:103] - INFO: Epoch 00600 | Time(s) 0.0616 | Val Loss 1.4850 | Val Acc 0.6857 | ETputs(KTEPS) 10184.88
2023-10-14 05:09:34,806 - tune.py [line:103] - INFO: Epoch 00620 | Time(s) 0.0616 | Val Loss 1.4849 | Val Acc 0.6835 | ETputs(KTEPS) 10183.63
2023-10-14 05:09:36,017 - tune.py [line:103] - INFO: Epoch 00640 | Time(s) 0.0616 | Val Loss 1.4841 | Val Acc 0.6813 | ETputs(KTEPS) 10189.38
2023-10-14 05:09:37,264 - tune.py [line:103] - INFO: Epoch 00660 | Time(s) 0.0616 | Val Loss 1.4848 | Val Acc 0.6835 | ETputs(KTEPS) 10185.62
2023-10-14 05:09:38,374 - tune.py [line:117] - INFO: [FINAL MODEL] Val accuracy 71.21% \Val loss: 1.5
2023-10-14 05:09:38,386 - tune.py [line:119] - INFO: [FINAL MODEL] Test accuracy 72.21% \Test loss: 1.5
2023-10-14 05:09:38,387 - tune.py [line:144] - INFO: Acc on the first split (Validation Set): 0.7121
2023-10-14 05:09:38,387 - tune.py [line:145] - INFO: Acc on the first split (Test Set): 0.7221
