2023-10-14 05:04:40,816 - tune.py [line:203] - INFO: Namespace(seed=42, model='NormalNNV2', gpu=0, dataset='geom-chameleon', logging=True, log_detail=True, log_detailedCh=False, id_log=1013014503, optuna_n_trials=202, n_epochs=2000, self_loop=False, udgraph=True, early_stop=True, patience=300, n_hidden=64, n_cv=1, start_cv=0, n_layers=16, lr1=0.01, lr2=0.05, wd1=1e-08, wd2=0.0001, dropout=0.2, dropout2=0.1, es_ckpt='woselfloop-geom-chameleon_NormalNNV2-wonoise-geom-chameleon_trialNo23')
2023-10-14 05:04:41,776 - tune.py [line:128] - INFO: Split_seeds:[1824]
2023-10-14 05:04:41,776 - tune.py [line:129] - INFO: Model_seeds:[409]
2023-10-14 05:04:42,870 - tune.py [line:103] - INFO: Epoch 00020 | Time(s) 0.0526 | Val Loss 1.5520 | Val Acc 0.6484 | ETputs(KTEPS) 11917.85
2023-10-14 05:04:43,829 - tune.py [line:103] - INFO: Epoch 00040 | Time(s) 0.0501 | Val Loss 1.4794 | Val Acc 0.6681 | ETputs(KTEPS) 12530.11
2023-10-14 05:04:44,748 - tune.py [line:103] - INFO: Epoch 00060 | Time(s) 0.0486 | Val Loss 1.4050 | Val Acc 0.6659 | ETputs(KTEPS) 12908.20
2023-10-14 05:04:45,773 - tune.py [line:103] - INFO: Epoch 00080 | Time(s) 0.0493 | Val Loss 1.3423 | Val Acc 0.6703 | ETputs(KTEPS) 12735.55
2023-10-14 05:04:46,855 - tune.py [line:103] - INFO: Epoch 00100 | Time(s) 0.0501 | Val Loss 1.2893 | Val Acc 0.6967 | ETputs(KTEPS) 12517.21
2023-10-14 05:04:47,858 - tune.py [line:103] - INFO: Epoch 00120 | Time(s) 0.0501 | Val Loss 1.2415 | Val Acc 0.7143 | ETputs(KTEPS) 12517.02
2023-10-14 05:04:48,905 - tune.py [line:103] - INFO: Epoch 00140 | Time(s) 0.0504 | Val Loss 1.2059 | Val Acc 0.6945 | ETputs(KTEPS) 12452.30
2023-10-14 05:04:49,949 - tune.py [line:103] - INFO: Epoch 00160 | Time(s) 0.0506 | Val Loss 1.1838 | Val Acc 0.7077 | ETputs(KTEPS) 12398.35
2023-10-14 05:04:51,011 - tune.py [line:103] - INFO: Epoch 00180 | Time(s) 0.0509 | Val Loss 1.1660 | Val Acc 0.6989 | ETputs(KTEPS) 12331.24
2023-10-14 05:04:52,081 - tune.py [line:103] - INFO: Epoch 00200 | Time(s) 0.0511 | Val Loss 1.1586 | Val Acc 0.7033 | ETputs(KTEPS) 12268.84
2023-10-14 05:04:53,245 - tune.py [line:103] - INFO: Epoch 00220 | Time(s) 0.0518 | Val Loss 1.1384 | Val Acc 0.7055 | ETputs(KTEPS) 12117.67
2023-10-14 05:04:54,299 - tune.py [line:103] - INFO: Epoch 00240 | Time(s) 0.0518 | Val Loss 1.1301 | Val Acc 0.7099 | ETputs(KTEPS) 12109.30
2023-10-14 05:04:55,234 - tune.py [line:103] - INFO: Epoch 00260 | Time(s) 0.0514 | Val Loss 1.1311 | Val Acc 0.6967 | ETputs(KTEPS) 12201.25
2023-10-14 05:04:56,309 - tune.py [line:103] - INFO: Epoch 00280 | Time(s) 0.0516 | Val Loss 1.1237 | Val Acc 0.7187 | ETputs(KTEPS) 12161.94
2023-10-14 05:04:57,370 - tune.py [line:103] - INFO: Epoch 00300 | Time(s) 0.0517 | Val Loss 1.1248 | Val Acc 0.6967 | ETputs(KTEPS) 12139.78
2023-10-14 05:04:58,576 - tune.py [line:103] - INFO: Epoch 00320 | Time(s) 0.0522 | Val Loss 1.1236 | Val Acc 0.7121 | ETputs(KTEPS) 12015.33
2023-10-14 05:04:59,720 - tune.py [line:103] - INFO: Epoch 00340 | Time(s) 0.0525 | Val Loss 1.1235 | Val Acc 0.7099 | ETputs(KTEPS) 11949.09
2023-10-14 05:05:00,855 - tune.py [line:103] - INFO: Epoch 00360 | Time(s) 0.0527 | Val Loss 1.1206 | Val Acc 0.7055 | ETputs(KTEPS) 11895.87
2023-10-14 05:05:01,952 - tune.py [line:103] - INFO: Epoch 00380 | Time(s) 0.0529 | Val Loss 1.1189 | Val Acc 0.7077 | ETputs(KTEPS) 11871.46
2023-10-14 05:05:03,016 - tune.py [line:103] - INFO: Epoch 00400 | Time(s) 0.0529 | Val Loss 1.1249 | Val Acc 0.7055 | ETputs(KTEPS) 11867.59
2023-10-14 05:05:04,184 - tune.py [line:103] - INFO: Epoch 00420 | Time(s) 0.0531 | Val Loss 1.1251 | Val Acc 0.7121 | ETputs(KTEPS) 11809.14
2023-10-14 05:05:05,262 - tune.py [line:103] - INFO: Epoch 00440 | Time(s) 0.0532 | Val Loss 1.1251 | Val Acc 0.7187 | ETputs(KTEPS) 11801.66
2023-10-14 05:05:06,340 - tune.py [line:103] - INFO: Epoch 00460 | Time(s) 0.0532 | Val Loss 1.1304 | Val Acc 0.7187 | ETputs(KTEPS) 11794.80
2023-10-14 05:05:07,483 - tune.py [line:103] - INFO: Epoch 00480 | Time(s) 0.0534 | Val Loss 1.1376 | Val Acc 0.7099 | ETputs(KTEPS) 11760.27
2023-10-14 05:05:08,525 - tune.py [line:103] - INFO: Epoch 00500 | Time(s) 0.0533 | Val Loss 1.1434 | Val Acc 0.7077 | ETputs(KTEPS) 11771.85
2023-10-14 05:05:09,548 - tune.py [line:103] - INFO: Epoch 00520 | Time(s) 0.0532 | Val Loss 1.1443 | Val Acc 0.6989 | ETputs(KTEPS) 11790.26
2023-10-14 05:05:10,683 - tune.py [line:103] - INFO: Epoch 00540 | Time(s) 0.0533 | Val Loss 1.1487 | Val Acc 0.7121 | ETputs(KTEPS) 11761.69
2023-10-14 05:05:11,799 - tune.py [line:103] - INFO: Epoch 00560 | Time(s) 0.0534 | Val Loss 1.1541 | Val Acc 0.6835 | ETputs(KTEPS) 11742.67
2023-10-14 05:05:12,926 - tune.py [line:103] - INFO: Epoch 00580 | Time(s) 0.0535 | Val Loss 1.1544 | Val Acc 0.7033 | ETputs(KTEPS) 11720.77
2023-10-14 05:05:13,977 - tune.py [line:103] - INFO: Epoch 00600 | Time(s) 0.0535 | Val Loss 1.1586 | Val Acc 0.6857 | ETputs(KTEPS) 11728.24
2023-10-14 05:05:14,977 - tune.py [line:103] - INFO: Epoch 00620 | Time(s) 0.0534 | Val Loss 1.1626 | Val Acc 0.6967 | ETputs(KTEPS) 11753.57
2023-10-14 05:05:16,003 - tune.py [line:103] - INFO: Epoch 00640 | Time(s) 0.0533 | Val Loss 1.1630 | Val Acc 0.6967 | ETputs(KTEPS) 11768.20
2023-10-14 05:05:17,145 - tune.py [line:103] - INFO: Epoch 00660 | Time(s) 0.0534 | Val Loss 1.1665 | Val Acc 0.7011 | ETputs(KTEPS) 11743.13
2023-10-14 05:05:18,309 - tune.py [line:103] - INFO: Epoch 00680 | Time(s) 0.0536 | Val Loss 1.1697 | Val Acc 0.7033 | ETputs(KTEPS) 11712.56
2023-10-14 05:05:19,447 - tune.py [line:103] - INFO: Epoch 00700 | Time(s) 0.0537 | Val Loss 1.1736 | Val Acc 0.7011 | ETputs(KTEPS) 11692.10
2023-10-14 05:05:20,537 - tune.py [line:103] - INFO: Epoch 00720 | Time(s) 0.0537 | Val Loss 1.1744 | Val Acc 0.6967 | ETputs(KTEPS) 11687.18
2023-10-14 05:05:21,634 - tune.py [line:103] - INFO: Epoch 00740 | Time(s) 0.0537 | Val Loss 1.1815 | Val Acc 0.6857 | ETputs(KTEPS) 11680.82
2023-10-14 05:05:22,722 - tune.py [line:103] - INFO: Epoch 00760 | Time(s) 0.0537 | Val Loss 1.1794 | Val Acc 0.6923 | ETputs(KTEPS) 11677.41
2023-10-14 05:05:23,097 - tune.py [line:117] - INFO: [FINAL MODEL] Val accuracy 72.97% \Val loss: 1.1
2023-10-14 05:05:23,110 - tune.py [line:119] - INFO: [FINAL MODEL] Test accuracy 71.55% \Test loss: 1.1
2023-10-14 05:05:23,111 - tune.py [line:144] - INFO: Acc on the first split (Validation Set): 0.7297
2023-10-14 05:05:23,111 - tune.py [line:145] - INFO: Acc on the first split (Test Set): 0.7155
