2023-10-14 05:02:42,632 - tune.py [line:203] - INFO: Namespace(seed=42, model='NormalNNV2', gpu=0, dataset='geom-chameleon', logging=True, log_detail=True, log_detailedCh=False, id_log=1013014503, optuna_n_trials=202, n_epochs=2000, self_loop=False, udgraph=True, early_stop=True, patience=300, n_hidden=64, n_cv=1, start_cv=0, n_layers=16, lr1=0.01, lr2=0.05, wd1=1e-06, wd2=0.0001, dropout=0.5, dropout2=0.2, es_ckpt='woselfloop-geom-chameleon_NormalNNV2-wonoise-geom-chameleon_trialNo12')
2023-10-14 05:02:43,569 - tune.py [line:128] - INFO: Split_seeds:[1824]
2023-10-14 05:02:43,570 - tune.py [line:129] - INFO: Model_seeds:[409]
2023-10-14 05:02:44,601 - tune.py [line:103] - INFO: Epoch 00020 | Time(s) 0.0496 | Val Loss 1.5492 | Val Acc 0.5956 | ETputs(KTEPS) 12638.55
2023-10-14 05:02:45,714 - tune.py [line:103] - INFO: Epoch 00040 | Time(s) 0.0522 | Val Loss 1.4859 | Val Acc 0.6110 | ETputs(KTEPS) 12008.32
2023-10-14 05:02:46,788 - tune.py [line:103] - INFO: Epoch 00060 | Time(s) 0.0526 | Val Loss 1.4210 | Val Acc 0.6527 | ETputs(KTEPS) 11936.15
2023-10-14 05:02:47,865 - tune.py [line:103] - INFO: Epoch 00080 | Time(s) 0.0527 | Val Loss 1.3652 | Val Acc 0.6527 | ETputs(KTEPS) 11897.09
2023-10-14 05:02:48,941 - tune.py [line:103] - INFO: Epoch 00100 | Time(s) 0.0529 | Val Loss 1.3146 | Val Acc 0.6505 | ETputs(KTEPS) 11850.07
2023-10-14 05:02:50,073 - tune.py [line:103] - INFO: Epoch 00120 | Time(s) 0.0536 | Val Loss 1.2829 | Val Acc 0.6352 | ETputs(KTEPS) 11716.35
2023-10-14 05:02:51,112 - tune.py [line:103] - INFO: Epoch 00140 | Time(s) 0.0533 | Val Loss 1.2442 | Val Acc 0.6747 | ETputs(KTEPS) 11767.76
2023-10-14 05:02:52,174 - tune.py [line:103] - INFO: Epoch 00160 | Time(s) 0.0533 | Val Loss 1.2167 | Val Acc 0.6549 | ETputs(KTEPS) 11778.78
2023-10-14 05:02:53,242 - tune.py [line:103] - INFO: Epoch 00180 | Time(s) 0.0533 | Val Loss 1.2034 | Val Acc 0.6418 | ETputs(KTEPS) 11775.71
2023-10-14 05:02:54,294 - tune.py [line:103] - INFO: Epoch 00200 | Time(s) 0.0532 | Val Loss 1.1922 | Val Acc 0.6374 | ETputs(KTEPS) 11791.96
2023-10-14 05:02:55,250 - tune.py [line:103] - INFO: Epoch 00220 | Time(s) 0.0527 | Val Loss 1.1789 | Val Acc 0.6396 | ETputs(KTEPS) 11902.36
2023-10-14 05:02:56,324 - tune.py [line:103] - INFO: Epoch 00240 | Time(s) 0.0528 | Val Loss 1.1551 | Val Acc 0.6593 | ETputs(KTEPS) 11883.96
2023-10-14 05:02:57,386 - tune.py [line:103] - INFO: Epoch 00260 | Time(s) 0.0528 | Val Loss 1.1595 | Val Acc 0.6462 | ETputs(KTEPS) 11879.47
2023-10-14 05:02:58,385 - tune.py [line:103] - INFO: Epoch 00280 | Time(s) 0.0526 | Val Loss 1.1392 | Val Acc 0.6637 | ETputs(KTEPS) 11926.43
2023-10-14 05:02:59,393 - tune.py [line:103] - INFO: Epoch 00300 | Time(s) 0.0525 | Val Loss 1.1358 | Val Acc 0.6593 | ETputs(KTEPS) 11960.75
2023-10-14 05:03:00,429 - tune.py [line:103] - INFO: Epoch 00320 | Time(s) 0.0524 | Val Loss 1.1243 | Val Acc 0.6637 | ETputs(KTEPS) 11970.20
2023-10-14 05:03:01,508 - tune.py [line:103] - INFO: Epoch 00340 | Time(s) 0.0525 | Val Loss 1.1388 | Val Acc 0.6484 | ETputs(KTEPS) 11949.99
2023-10-14 05:03:02,664 - tune.py [line:103] - INFO: Epoch 00360 | Time(s) 0.0528 | Val Loss 1.1272 | Val Acc 0.6527 | ETputs(KTEPS) 11884.14
2023-10-14 05:03:03,744 - tune.py [line:103] - INFO: Epoch 00380 | Time(s) 0.0529 | Val Loss 1.1238 | Val Acc 0.6637 | ETputs(KTEPS) 11870.04
2023-10-14 05:03:04,845 - tune.py [line:103] - INFO: Epoch 00400 | Time(s) 0.0530 | Val Loss 1.1161 | Val Acc 0.6703 | ETputs(KTEPS) 11846.18
2023-10-14 05:03:05,841 - tune.py [line:103] - INFO: Epoch 00420 | Time(s) 0.0528 | Val Loss 1.1122 | Val Acc 0.6747 | ETputs(KTEPS) 11881.70
2023-10-14 05:03:06,834 - tune.py [line:103] - INFO: Epoch 00440 | Time(s) 0.0527 | Val Loss 1.1140 | Val Acc 0.6659 | ETputs(KTEPS) 11914.34
2023-10-14 05:03:07,784 - tune.py [line:103] - INFO: Epoch 00460 | Time(s) 0.0524 | Val Loss 1.1151 | Val Acc 0.6681 | ETputs(KTEPS) 11965.93
2023-10-14 05:03:08,960 - tune.py [line:103] - INFO: Epoch 00480 | Time(s) 0.0527 | Val Loss 1.1081 | Val Acc 0.6967 | ETputs(KTEPS) 11908.63
2023-10-14 05:03:09,974 - tune.py [line:103] - INFO: Epoch 00500 | Time(s) 0.0526 | Val Loss 1.1118 | Val Acc 0.6703 | ETputs(KTEPS) 11928.07
2023-10-14 05:03:11,015 - tune.py [line:103] - INFO: Epoch 00520 | Time(s) 0.0526 | Val Loss 1.1034 | Val Acc 0.6769 | ETputs(KTEPS) 11933.42
2023-10-14 05:03:12,035 - tune.py [line:103] - INFO: Epoch 00540 | Time(s) 0.0525 | Val Loss 1.1130 | Val Acc 0.6703 | ETputs(KTEPS) 11946.77
2023-10-14 05:03:13,043 - tune.py [line:103] - INFO: Epoch 00560 | Time(s) 0.0524 | Val Loss 1.0968 | Val Acc 0.6923 | ETputs(KTEPS) 11965.71
2023-10-14 05:03:14,040 - tune.py [line:103] - INFO: Epoch 00580 | Time(s) 0.0523 | Val Loss 1.0957 | Val Acc 0.6791 | ETputs(KTEPS) 11987.34
2023-10-14 05:03:14,994 - tune.py [line:103] - INFO: Epoch 00600 | Time(s) 0.0522 | Val Loss 1.1072 | Val Acc 0.6703 | ETputs(KTEPS) 12023.39
2023-10-14 05:03:15,977 - tune.py [line:103] - INFO: Epoch 00620 | Time(s) 0.0521 | Val Loss 1.1035 | Val Acc 0.6769 | ETputs(KTEPS) 12045.96
2023-10-14 05:03:17,073 - tune.py [line:103] - INFO: Epoch 00640 | Time(s) 0.0522 | Val Loss 1.1041 | Val Acc 0.6857 | ETputs(KTEPS) 12026.73
2023-10-14 05:03:18,256 - tune.py [line:103] - INFO: Epoch 00660 | Time(s) 0.0524 | Val Loss 1.1053 | Val Acc 0.6813 | ETputs(KTEPS) 11978.41
2023-10-14 05:03:19,309 - tune.py [line:103] - INFO: Epoch 00680 | Time(s) 0.0524 | Val Loss 1.1022 | Val Acc 0.6923 | ETputs(KTEPS) 11976.74
2023-10-14 05:03:20,265 - tune.py [line:103] - INFO: Epoch 00700 | Time(s) 0.0523 | Val Loss 1.0996 | Val Acc 0.6813 | ETputs(KTEPS) 12007.22
2023-10-14 05:03:21,233 - tune.py [line:103] - INFO: Epoch 00720 | Time(s) 0.0521 | Val Loss 1.0958 | Val Acc 0.6813 | ETputs(KTEPS) 12031.90
2023-10-14 05:03:22,298 - tune.py [line:103] - INFO: Epoch 00740 | Time(s) 0.0522 | Val Loss 1.0948 | Val Acc 0.6857 | ETputs(KTEPS) 12025.28
2023-10-14 05:03:23,329 - tune.py [line:103] - INFO: Epoch 00760 | Time(s) 0.0522 | Val Loss 1.0991 | Val Acc 0.6901 | ETputs(KTEPS) 12029.39
2023-10-14 05:03:24,318 - tune.py [line:103] - INFO: Epoch 00780 | Time(s) 0.0521 | Val Loss 1.0997 | Val Acc 0.6703 | ETputs(KTEPS) 12045.40
2023-10-14 05:03:25,384 - tune.py [line:103] - INFO: Epoch 00800 | Time(s) 0.0521 | Val Loss 1.0936 | Val Acc 0.6725 | ETputs(KTEPS) 12038.67
2023-10-14 05:03:26,457 - tune.py [line:103] - INFO: Epoch 00820 | Time(s) 0.0522 | Val Loss 1.0936 | Val Acc 0.6813 | ETputs(KTEPS) 12030.39
2023-10-14 05:03:27,445 - tune.py [line:103] - INFO: Epoch 00840 | Time(s) 0.0521 | Val Loss 1.0976 | Val Acc 0.6835 | ETputs(KTEPS) 12045.45
2023-10-14 05:03:28,391 - tune.py [line:103] - INFO: Epoch 00860 | Time(s) 0.0520 | Val Loss 1.0903 | Val Acc 0.6923 | ETputs(KTEPS) 12071.61
2023-10-14 05:03:28,878 - tune.py [line:117] - INFO: [FINAL MODEL] Val accuracy 70.11% \Val loss: 1.1
2023-10-14 05:03:28,891 - tune.py [line:119] - INFO: [FINAL MODEL] Test accuracy 69.80% \Test loss: 1.0
2023-10-14 05:03:28,891 - tune.py [line:144] - INFO: Acc on the first split (Validation Set): 0.7011
2023-10-14 05:03:28,891 - tune.py [line:145] - INFO: Acc on the first split (Test Set): 0.6980
