2023-10-14 05:27:27,805 - tune.py [line:203] - INFO: Namespace(seed=42, model='NormalNNV2', gpu=0, dataset='geom-chameleon', logging=True, log_detail=True, log_detailedCh=False, id_log=1013014503, optuna_n_trials=202, n_epochs=2000, self_loop=False, udgraph=True, early_stop=True, patience=300, n_hidden=64, n_cv=1, start_cv=0, n_layers=12, lr1=0.02, lr2=0.05, wd1=1e-08, wd2=0.001, dropout=0.2, dropout2=0.6, es_ckpt='woselfloop-geom-chameleon_NormalNNV2-wonoise-geom-chameleon_trialNo130')
2023-10-14 05:27:28,638 - tune.py [line:128] - INFO: Split_seeds:[1824]
2023-10-14 05:27:28,638 - tune.py [line:129] - INFO: Model_seeds:[409]
2023-10-14 05:27:29,584 - tune.py [line:103] - INFO: Epoch 00020 | Time(s) 0.0455 | Val Loss 1.5510 | Val Acc 0.6769 | ETputs(KTEPS) 13787.76
2023-10-14 05:27:30,502 - tune.py [line:103] - INFO: Epoch 00040 | Time(s) 0.0457 | Val Loss 1.5048 | Val Acc 0.6681 | ETputs(KTEPS) 13732.14
2023-10-14 05:27:31,417 - tune.py [line:103] - INFO: Epoch 00060 | Time(s) 0.0456 | Val Loss 1.4854 | Val Acc 0.6879 | ETputs(KTEPS) 13755.74
2023-10-14 05:27:32,312 - tune.py [line:103] - INFO: Epoch 00080 | Time(s) 0.0453 | Val Loss 1.4757 | Val Acc 0.6747 | ETputs(KTEPS) 13838.98
2023-10-14 05:27:33,160 - tune.py [line:103] - INFO: Epoch 00100 | Time(s) 0.0448 | Val Loss 1.4699 | Val Acc 0.6923 | ETputs(KTEPS) 14020.48
2023-10-14 05:27:34,068 - tune.py [line:103] - INFO: Epoch 00120 | Time(s) 0.0448 | Val Loss 1.4710 | Val Acc 0.6835 | ETputs(KTEPS) 13994.47
2023-10-14 05:27:34,901 - tune.py [line:103] - INFO: Epoch 00140 | Time(s) 0.0444 | Val Loss 1.4696 | Val Acc 0.6857 | ETputs(KTEPS) 14139.71
2023-10-14 05:27:35,705 - tune.py [line:103] - INFO: Epoch 00160 | Time(s) 0.0439 | Val Loss 1.4673 | Val Acc 0.6615 | ETputs(KTEPS) 14307.13
2023-10-14 05:27:36,511 - tune.py [line:103] - INFO: Epoch 00180 | Time(s) 0.0434 | Val Loss 1.4702 | Val Acc 0.7143 | ETputs(KTEPS) 14441.88
2023-10-14 05:27:37,456 - tune.py [line:103] - INFO: Epoch 00200 | Time(s) 0.0438 | Val Loss 1.4691 | Val Acc 0.7033 | ETputs(KTEPS) 14321.32
2023-10-14 05:27:38,270 - tune.py [line:103] - INFO: Epoch 00220 | Time(s) 0.0435 | Val Loss 1.4696 | Val Acc 0.6857 | ETputs(KTEPS) 14413.90
2023-10-14 05:27:39,076 - tune.py [line:103] - INFO: Epoch 00240 | Time(s) 0.0433 | Val Loss 1.4710 | Val Acc 0.6901 | ETputs(KTEPS) 14504.52
2023-10-14 05:27:39,901 - tune.py [line:103] - INFO: Epoch 00260 | Time(s) 0.0431 | Val Loss 1.4702 | Val Acc 0.6945 | ETputs(KTEPS) 14556.69
2023-10-14 05:27:40,717 - tune.py [line:103] - INFO: Epoch 00280 | Time(s) 0.0429 | Val Loss 1.4702 | Val Acc 0.7055 | ETputs(KTEPS) 14612.93
2023-10-14 05:27:41,451 - tune.py [line:103] - INFO: Epoch 00300 | Time(s) 0.0425 | Val Loss 1.4696 | Val Acc 0.7033 | ETputs(KTEPS) 14757.16
2023-10-14 05:27:42,214 - tune.py [line:103] - INFO: Epoch 00320 | Time(s) 0.0422 | Val Loss 1.4729 | Val Acc 0.6923 | ETputs(KTEPS) 14852.74
2023-10-14 05:27:43,061 - tune.py [line:103] - INFO: Epoch 00340 | Time(s) 0.0422 | Val Loss 1.4703 | Val Acc 0.7077 | ETputs(KTEPS) 14850.66
2023-10-14 05:27:43,887 - tune.py [line:103] - INFO: Epoch 00360 | Time(s) 0.0422 | Val Loss 1.4718 | Val Acc 0.7055 | ETputs(KTEPS) 14869.58
2023-10-14 05:27:44,702 - tune.py [line:103] - INFO: Epoch 00380 | Time(s) 0.0421 | Val Loss 1.4711 | Val Acc 0.6879 | ETputs(KTEPS) 14896.91
2023-10-14 05:27:45,506 - tune.py [line:103] - INFO: Epoch 00400 | Time(s) 0.0420 | Val Loss 1.4703 | Val Acc 0.7055 | ETputs(KTEPS) 14931.42
2023-10-14 05:27:46,311 - tune.py [line:103] - INFO: Epoch 00420 | Time(s) 0.0419 | Val Loss 1.4729 | Val Acc 0.6967 | ETputs(KTEPS) 14964.07
2023-10-14 05:27:47,138 - tune.py [line:103] - INFO: Epoch 00440 | Time(s) 0.0419 | Val Loss 1.4723 | Val Acc 0.7099 | ETputs(KTEPS) 14975.53
2023-10-14 05:27:47,953 - tune.py [line:103] - INFO: Epoch 00460 | Time(s) 0.0418 | Val Loss 1.4706 | Val Acc 0.6923 | ETputs(KTEPS) 14993.30
2023-10-14 05:27:48,758 - tune.py [line:103] - INFO: Epoch 00480 | Time(s) 0.0418 | Val Loss 1.4742 | Val Acc 0.6835 | ETputs(KTEPS) 15017.44
2023-10-14 05:27:49,562 - tune.py [line:103] - INFO: Epoch 00500 | Time(s) 0.0417 | Val Loss 1.4721 | Val Acc 0.7055 | ETputs(KTEPS) 15040.38
2023-10-14 05:27:50,385 - tune.py [line:103] - INFO: Epoch 00520 | Time(s) 0.0417 | Val Loss 1.4746 | Val Acc 0.7055 | ETputs(KTEPS) 15048.59
2023-10-14 05:27:51,216 - tune.py [line:103] - INFO: Epoch 00540 | Time(s) 0.0417 | Val Loss 1.4726 | Val Acc 0.7033 | ETputs(KTEPS) 15050.77
2023-10-14 05:27:52,036 - tune.py [line:103] - INFO: Epoch 00560 | Time(s) 0.0417 | Val Loss 1.4717 | Val Acc 0.6945 | ETputs(KTEPS) 15060.19
2023-10-14 05:27:52,909 - tune.py [line:103] - INFO: Epoch 00580 | Time(s) 0.0417 | Val Loss 1.4739 | Val Acc 0.6967 | ETputs(KTEPS) 15035.92
2023-10-14 05:27:53,727 - tune.py [line:103] - INFO: Epoch 00600 | Time(s) 0.0417 | Val Loss 1.4734 | Val Acc 0.7077 | ETputs(KTEPS) 15046.00
2023-10-14 05:27:54,493 - tune.py [line:103] - INFO: Epoch 00620 | Time(s) 0.0416 | Val Loss 1.4738 | Val Acc 0.7033 | ETputs(KTEPS) 15086.04
2023-10-14 05:27:55,239 - tune.py [line:103] - INFO: Epoch 00640 | Time(s) 0.0415 | Val Loss 1.4733 | Val Acc 0.6989 | ETputs(KTEPS) 15135.21
2023-10-14 05:27:55,962 - tune.py [line:103] - INFO: Epoch 00660 | Time(s) 0.0413 | Val Loss 1.4755 | Val Acc 0.7011 | ETputs(KTEPS) 15194.04
2023-10-14 05:27:56,694 - tune.py [line:103] - INFO: Epoch 00680 | Time(s) 0.0412 | Val Loss 1.4739 | Val Acc 0.7077 | ETputs(KTEPS) 15245.20
2023-10-14 05:27:57,440 - tune.py [line:103] - INFO: Epoch 00700 | Time(s) 0.0410 | Val Loss 1.4715 | Val Acc 0.6967 | ETputs(KTEPS) 15286.30
2023-10-14 05:27:58,177 - tune.py [line:103] - INFO: Epoch 00720 | Time(s) 0.0409 | Val Loss 1.4761 | Val Acc 0.6967 | ETputs(KTEPS) 15330.07
2023-10-14 05:27:58,401 - tune.py [line:117] - INFO: [FINAL MODEL] Val accuracy 71.87% \Val loss: 1.5
2023-10-14 05:27:58,408 - tune.py [line:119] - INFO: [FINAL MODEL] Test accuracy 71.55% \Test loss: 1.5
2023-10-14 05:27:58,409 - tune.py [line:144] - INFO: Acc on the first split (Validation Set): 0.7187
2023-10-14 05:27:58,409 - tune.py [line:145] - INFO: Acc on the first split (Test Set): 0.7155
