2023-10-14 05:00:03,557 - tune.py [line:203] - INFO: Namespace(seed=42, model='NormalNNV2', gpu=0, dataset='geom-chameleon', logging=True, log_detail=True, log_detailedCh=False, id_log=1013014503, optuna_n_trials=202, n_epochs=2000, self_loop=False, udgraph=True, early_stop=True, patience=300, n_hidden=64, n_cv=1, start_cv=0, n_layers=12, lr1=0.04, lr2=0.02, wd1=1e-08, wd2=0.0001, dropout=0.5, dropout2=0.6, es_ckpt='woselfloop-geom-chameleon_NormalNNV2-wonoise-geom-chameleon_trialNo3')
2023-10-14 05:00:04,594 - tune.py [line:128] - INFO: Split_seeds:[1824]
2023-10-14 05:00:04,595 - tune.py [line:129] - INFO: Model_seeds:[409]
2023-10-14 05:00:05,666 - tune.py [line:103] - INFO: Epoch 00020 | Time(s) 0.0509 | Val Loss 1.5762 | Val Acc 0.6374 | ETputs(KTEPS) 12326.43
2023-10-14 05:00:06,728 - tune.py [line:103] - INFO: Epoch 00040 | Time(s) 0.0515 | Val Loss 1.5478 | Val Acc 0.6813 | ETputs(KTEPS) 12183.45
2023-10-14 05:00:07,650 - tune.py [line:103] - INFO: Epoch 00060 | Time(s) 0.0497 | Val Loss 1.5201 | Val Acc 0.6549 | ETputs(KTEPS) 12631.79
2023-10-14 05:00:08,522 - tune.py [line:103] - INFO: Epoch 00080 | Time(s) 0.0481 | Val Loss 1.4957 | Val Acc 0.6571 | ETputs(KTEPS) 13032.36
2023-10-14 05:00:09,529 - tune.py [line:103] - INFO: Epoch 00100 | Time(s) 0.0486 | Val Loss 1.4711 | Val Acc 0.6615 | ETputs(KTEPS) 12916.14
2023-10-14 05:00:10,531 - tune.py [line:103] - INFO: Epoch 00120 | Time(s) 0.0488 | Val Loss 1.4495 | Val Acc 0.6440 | ETputs(KTEPS) 12849.32
2023-10-14 05:00:11,569 - tune.py [line:103] - INFO: Epoch 00140 | Time(s) 0.0493 | Val Loss 1.4300 | Val Acc 0.6220 | ETputs(KTEPS) 12735.89
2023-10-14 05:00:12,573 - tune.py [line:103] - INFO: Epoch 00160 | Time(s) 0.0494 | Val Loss 1.4099 | Val Acc 0.6462 | ETputs(KTEPS) 12707.34
2023-10-14 05:00:13,513 - tune.py [line:103] - INFO: Epoch 00180 | Time(s) 0.0491 | Val Loss 1.3902 | Val Acc 0.6286 | ETputs(KTEPS) 12776.33
2023-10-14 05:00:14,419 - tune.py [line:103] - INFO: Epoch 00200 | Time(s) 0.0487 | Val Loss 1.3781 | Val Acc 0.6396 | ETputs(KTEPS) 12877.21
2023-10-14 05:00:15,500 - tune.py [line:103] - INFO: Epoch 00220 | Time(s) 0.0492 | Val Loss 1.3626 | Val Acc 0.6505 | ETputs(KTEPS) 12750.87
2023-10-14 05:00:16,430 - tune.py [line:103] - INFO: Epoch 00240 | Time(s) 0.0490 | Val Loss 1.3498 | Val Acc 0.6308 | ETputs(KTEPS) 12810.65
2023-10-14 05:00:17,357 - tune.py [line:103] - INFO: Epoch 00260 | Time(s) 0.0488 | Val Loss 1.3395 | Val Acc 0.6418 | ETputs(KTEPS) 12864.26
2023-10-14 05:00:18,380 - tune.py [line:103] - INFO: Epoch 00280 | Time(s) 0.0489 | Val Loss 1.3284 | Val Acc 0.6308 | ETputs(KTEPS) 12820.42
2023-10-14 05:00:19,394 - tune.py [line:103] - INFO: Epoch 00300 | Time(s) 0.0491 | Val Loss 1.3181 | Val Acc 0.6352 | ETputs(KTEPS) 12790.14
2023-10-14 05:00:20,463 - tune.py [line:103] - INFO: Epoch 00320 | Time(s) 0.0493 | Val Loss 1.3050 | Val Acc 0.6396 | ETputs(KTEPS) 12719.74
2023-10-14 05:00:21,203 - tune.py [line:117] - INFO: [FINAL MODEL] Val accuracy 68.13% \Val loss: 1.6
2023-10-14 05:00:21,215 - tune.py [line:119] - INFO: [FINAL MODEL] Test accuracy 67.18% \Test loss: 1.6
2023-10-14 05:00:21,216 - tune.py [line:144] - INFO: Acc on the first split (Validation Set): 0.6813
2023-10-14 05:00:21,216 - tune.py [line:145] - INFO: Acc on the first split (Test Set): 0.6718
