2023-10-14 05:08:31,713 - tune.py [line:203] - INFO: Namespace(seed=42, model='NormalNNV2', gpu=0, dataset='geom-chameleon', logging=True, log_detail=True, log_detailedCh=False, id_log=1013014503, optuna_n_trials=202, n_epochs=2000, self_loop=False, udgraph=True, early_stop=True, patience=300, n_hidden=64, n_cv=1, start_cv=0, n_layers=20, lr1=0.01, lr2=0.03, wd1=1e-06, wd2=0.001, dropout=0.1, dropout2=0.2, es_ckpt='woselfloop-geom-chameleon_NormalNNV2-wonoise-geom-chameleon_trialNo35')
2023-10-14 05:08:32,516 - tune.py [line:128] - INFO: Split_seeds:[1824]
2023-10-14 05:08:32,516 - tune.py [line:129] - INFO: Model_seeds:[409]
2023-10-14 05:08:33,738 - tune.py [line:103] - INFO: Epoch 00020 | Time(s) 0.0589 | Val Loss 1.5721 | Val Acc 0.6637 | ETputs(KTEPS) 10657.97
2023-10-14 05:08:34,876 - tune.py [line:103] - INFO: Epoch 00040 | Time(s) 0.0577 | Val Loss 1.5341 | Val Acc 0.6747 | ETputs(KTEPS) 10873.51
2023-10-14 05:08:35,985 - tune.py [line:103] - INFO: Epoch 00060 | Time(s) 0.0568 | Val Loss 1.5061 | Val Acc 0.6945 | ETputs(KTEPS) 11042.88
2023-10-14 05:08:37,080 - tune.py [line:103] - INFO: Epoch 00080 | Time(s) 0.0562 | Val Loss 1.4948 | Val Acc 0.6791 | ETputs(KTEPS) 11155.80
2023-10-14 05:08:38,221 - tune.py [line:103] - INFO: Epoch 00100 | Time(s) 0.0564 | Val Loss 1.4926 | Val Acc 0.7011 | ETputs(KTEPS) 11125.10
2023-10-14 05:08:39,403 - tune.py [line:103] - INFO: Epoch 00120 | Time(s) 0.0568 | Val Loss 1.4960 | Val Acc 0.6989 | ETputs(KTEPS) 11037.47
2023-10-14 05:08:40,718 - tune.py [line:103] - INFO: Epoch 00140 | Time(s) 0.0581 | Val Loss 1.4966 | Val Acc 0.6967 | ETputs(KTEPS) 10797.40
2023-10-14 05:08:41,797 - tune.py [line:103] - INFO: Epoch 00160 | Time(s) 0.0576 | Val Loss 1.5008 | Val Acc 0.6747 | ETputs(KTEPS) 10895.43
2023-10-14 05:08:42,815 - tune.py [line:103] - INFO: Epoch 00180 | Time(s) 0.0568 | Val Loss 1.5049 | Val Acc 0.6747 | ETputs(KTEPS) 11038.16
2023-10-14 05:08:44,010 - tune.py [line:103] - INFO: Epoch 00200 | Time(s) 0.0571 | Val Loss 1.5111 | Val Acc 0.6615 | ETputs(KTEPS) 10982.13
2023-10-14 05:08:45,280 - tune.py [line:103] - INFO: Epoch 00220 | Time(s) 0.0577 | Val Loss 1.5159 | Val Acc 0.6637 | ETputs(KTEPS) 10872.55
2023-10-14 05:08:46,474 - tune.py [line:103] - INFO: Epoch 00240 | Time(s) 0.0579 | Val Loss 1.5184 | Val Acc 0.6725 | ETputs(KTEPS) 10842.55
2023-10-14 05:08:47,785 - tune.py [line:103] - INFO: Epoch 00260 | Time(s) 0.0585 | Val Loss 1.5214 | Val Acc 0.6593 | ETputs(KTEPS) 10732.87
2023-10-14 05:08:49,124 - tune.py [line:103] - INFO: Epoch 00280 | Time(s) 0.0591 | Val Loss 1.5249 | Val Acc 0.6769 | ETputs(KTEPS) 10623.58
2023-10-14 05:08:50,320 - tune.py [line:103] - INFO: Epoch 00300 | Time(s) 0.0591 | Val Loss 1.5280 | Val Acc 0.6615 | ETputs(KTEPS) 10614.65
2023-10-14 05:08:51,541 - tune.py [line:103] - INFO: Epoch 00320 | Time(s) 0.0592 | Val Loss 1.5302 | Val Acc 0.6549 | ETputs(KTEPS) 10593.72
2023-10-14 05:08:52,894 - tune.py [line:103] - INFO: Epoch 00340 | Time(s) 0.0597 | Val Loss 1.5300 | Val Acc 0.6484 | ETputs(KTEPS) 10506.42
2023-10-14 05:08:54,254 - tune.py [line:103] - INFO: Epoch 00360 | Time(s) 0.0602 | Val Loss 1.5346 | Val Acc 0.6374 | ETputs(KTEPS) 10426.70
2023-10-14 05:08:55,412 - tune.py [line:117] - INFO: [FINAL MODEL] Val accuracy 70.99% \Val loss: 1.5
2023-10-14 05:08:55,424 - tune.py [line:119] - INFO: [FINAL MODEL] Test accuracy 70.02% \Test loss: 1.5
2023-10-14 05:08:55,425 - tune.py [line:144] - INFO: Acc on the first split (Validation Set): 0.7099
2023-10-14 05:08:55,426 - tune.py [line:145] - INFO: Acc on the first split (Test Set): 0.7002
