2023-10-14 05:16:14,658 - tune.py [line:203] - INFO: Namespace(seed=42, model='NormalNNV2', gpu=0, dataset='geom-chameleon', logging=True, log_detail=True, log_detailedCh=False, id_log=1013014503, optuna_n_trials=202, n_epochs=2000, self_loop=False, udgraph=True, early_stop=True, patience=300, n_hidden=64, n_cv=1, start_cv=0, n_layers=16, lr1=0.05, lr2=0.01, wd1=1e-07, wd2=0.001, dropout=0.1, dropout2=0.5, es_ckpt='woselfloop-geom-chameleon_NormalNNV2-wonoise-geom-chameleon_trialNo67')
2023-10-14 05:16:15,528 - tune.py [line:128] - INFO: Split_seeds:[1824]
2023-10-14 05:16:15,528 - tune.py [line:129] - INFO: Model_seeds:[409]
2023-10-14 05:16:16,632 - tune.py [line:103] - INFO: Epoch 00020 | Time(s) 0.0535 | Val Loss 1.5890 | Val Acc 0.6484 | ETputs(KTEPS) 11737.17
2023-10-14 05:16:17,756 - tune.py [line:103] - INFO: Epoch 00040 | Time(s) 0.0544 | Val Loss 1.5752 | Val Acc 0.6813 | ETputs(KTEPS) 11527.79
2023-10-14 05:16:18,793 - tune.py [line:103] - INFO: Epoch 00060 | Time(s) 0.0535 | Val Loss 1.5593 | Val Acc 0.6791 | ETputs(KTEPS) 11722.24
2023-10-14 05:16:19,856 - tune.py [line:103] - INFO: Epoch 00080 | Time(s) 0.0534 | Val Loss 1.5481 | Val Acc 0.6835 | ETputs(KTEPS) 11755.04
2023-10-14 05:16:20,846 - tune.py [line:103] - INFO: Epoch 00100 | Time(s) 0.0526 | Val Loss 1.5349 | Val Acc 0.6791 | ETputs(KTEPS) 11929.91
2023-10-14 05:16:21,846 - tune.py [line:103] - INFO: Epoch 00120 | Time(s) 0.0521 | Val Loss 1.5266 | Val Acc 0.7011 | ETputs(KTEPS) 12038.20
2023-10-14 05:16:22,889 - tune.py [line:103] - INFO: Epoch 00140 | Time(s) 0.0521 | Val Loss 1.5180 | Val Acc 0.6615 | ETputs(KTEPS) 12037.13
2023-10-14 05:16:23,873 - tune.py [line:103] - INFO: Epoch 00160 | Time(s) 0.0518 | Val Loss 1.5111 | Val Acc 0.6791 | ETputs(KTEPS) 12123.70
2023-10-14 05:16:24,918 - tune.py [line:103] - INFO: Epoch 00180 | Time(s) 0.0518 | Val Loss 1.5050 | Val Acc 0.6791 | ETputs(KTEPS) 12110.92
2023-10-14 05:16:25,862 - tune.py [line:103] - INFO: Epoch 00200 | Time(s) 0.0513 | Val Loss 1.5023 | Val Acc 0.6791 | ETputs(KTEPS) 12220.49
2023-10-14 05:16:26,826 - tune.py [line:103] - INFO: Epoch 00220 | Time(s) 0.0511 | Val Loss 1.4964 | Val Acc 0.6835 | ETputs(KTEPS) 12289.89
2023-10-14 05:16:27,861 - tune.py [line:103] - INFO: Epoch 00240 | Time(s) 0.0511 | Val Loss 1.4911 | Val Acc 0.6835 | ETputs(KTEPS) 12275.75
2023-10-14 05:16:28,765 - tune.py [line:103] - INFO: Epoch 00260 | Time(s) 0.0507 | Val Loss 1.4894 | Val Acc 0.6769 | ETputs(KTEPS) 12386.34
2023-10-14 05:16:29,683 - tune.py [line:103] - INFO: Epoch 00280 | Time(s) 0.0503 | Val Loss 1.4860 | Val Acc 0.7099 | ETputs(KTEPS) 12470.85
2023-10-14 05:16:30,630 - tune.py [line:103] - INFO: Epoch 00300 | Time(s) 0.0501 | Val Loss 1.4853 | Val Acc 0.6835 | ETputs(KTEPS) 12519.59
2023-10-14 05:16:31,719 - tune.py [line:103] - INFO: Epoch 00320 | Time(s) 0.0504 | Val Loss 1.4841 | Val Acc 0.7033 | ETputs(KTEPS) 12453.48
2023-10-14 05:16:32,785 - tune.py [line:103] - INFO: Epoch 00340 | Time(s) 0.0506 | Val Loss 1.4830 | Val Acc 0.6791 | ETputs(KTEPS) 12411.28
2023-10-14 05:16:33,888 - tune.py [line:103] - INFO: Epoch 00360 | Time(s) 0.0508 | Val Loss 1.4787 | Val Acc 0.6989 | ETputs(KTEPS) 12349.40
2023-10-14 05:16:34,817 - tune.py [line:103] - INFO: Epoch 00380 | Time(s) 0.0506 | Val Loss 1.4763 | Val Acc 0.6967 | ETputs(KTEPS) 12406.03
2023-10-14 05:16:35,823 - tune.py [line:103] - INFO: Epoch 00400 | Time(s) 0.0506 | Val Loss 1.4765 | Val Acc 0.7011 | ETputs(KTEPS) 12409.30
2023-10-14 05:16:36,209 - tune.py [line:117] - INFO: [FINAL MODEL] Val accuracy 71.65% \Val loss: 1.5
2023-10-14 05:16:36,221 - tune.py [line:119] - INFO: [FINAL MODEL] Test accuracy 69.58% \Test loss: 1.5
2023-10-14 05:16:36,222 - tune.py [line:144] - INFO: Acc on the first split (Validation Set): 0.7165
2023-10-14 05:16:36,222 - tune.py [line:145] - INFO: Acc on the first split (Test Set): 0.6958
