2023-10-12 04:02:09,534 - tune.py [line:203] - INFO: Namespace(seed=42, model='GPRGNNV2', gpu=0, dataset='geom-chameleon', logging=True, log_detail=True, log_detailedCh=False, id_log=1012014503, optuna_n_trials=202, n_epochs=2000, self_loop=True, udgraph=True, early_stop=True, patience=300, n_hidden=64, n_cv=1, start_cv=0, n_layers=20, lr1=0.05, lr2=0.05, wd1=0.0001, wd2=0.0001, dropout=0.5, dropout2=0.6, alpha=0.6, es_ckpt='TestTuningScript-geom-chameleon_GPRGNNV2-geom-chameleon_trialNo63')
2023-10-12 04:02:10,419 - tune.py [line:128] - INFO: Split_seeds:[1824]
2023-10-12 04:02:10,419 - tune.py [line:129] - INFO: Model_seeds:[409]
2023-10-12 04:02:12,206 - tune.py [line:103] - INFO: Epoch 00020 | Time(s) 0.0874 | Val Loss 1.2151 | Val Acc 0.5495 | ETputs(KTEPS) 7435.47
2023-10-12 04:02:14,006 - tune.py [line:103] - INFO: Epoch 00040 | Time(s) 0.0883 | Val Loss 1.2512 | Val Acc 0.5714 | ETputs(KTEPS) 7365.20
2023-10-12 04:02:15,800 - tune.py [line:103] - INFO: Epoch 00060 | Time(s) 0.0886 | Val Loss 1.1614 | Val Acc 0.6000 | ETputs(KTEPS) 7339.15
2023-10-12 04:02:17,672 - tune.py [line:103] - INFO: Epoch 00080 | Time(s) 0.0898 | Val Loss 1.1378 | Val Acc 0.6132 | ETputs(KTEPS) 7237.26
2023-10-12 04:02:19,379 - tune.py [line:103] - INFO: Epoch 00100 | Time(s) 0.0888 | Val Loss 1.1446 | Val Acc 0.6220 | ETputs(KTEPS) 7318.46
2023-10-12 04:02:21,161 - tune.py [line:103] - INFO: Epoch 00120 | Time(s) 0.0888 | Val Loss 1.1333 | Val Acc 0.6418 | ETputs(KTEPS) 7318.47
2023-10-12 04:02:22,762 - tune.py [line:103] - INFO: Epoch 00140 | Time(s) 0.0876 | Val Loss 1.1314 | Val Acc 0.6264 | ETputs(KTEPS) 7425.85
2023-10-12 04:02:24,594 - tune.py [line:103] - INFO: Epoch 00160 | Time(s) 0.0881 | Val Loss 1.1321 | Val Acc 0.6396 | ETputs(KTEPS) 7383.19
2023-10-12 04:02:26,326 - tune.py [line:103] - INFO: Epoch 00180 | Time(s) 0.0879 | Val Loss 1.0878 | Val Acc 0.6418 | ETputs(KTEPS) 7397.14
2023-10-12 04:02:28,102 - tune.py [line:103] - INFO: Epoch 00200 | Time(s) 0.0880 | Val Loss 1.0513 | Val Acc 0.6440 | ETputs(KTEPS) 7390.54
2023-10-12 04:02:29,909 - tune.py [line:103] - INFO: Epoch 00220 | Time(s) 0.0882 | Val Loss 1.0847 | Val Acc 0.6462 | ETputs(KTEPS) 7375.61
2023-10-12 04:02:31,541 - tune.py [line:103] - INFO: Epoch 00240 | Time(s) 0.0876 | Val Loss 1.1091 | Val Acc 0.6308 | ETputs(KTEPS) 7421.85
2023-10-12 04:02:33,263 - tune.py [line:103] - INFO: Epoch 00260 | Time(s) 0.0875 | Val Loss 1.1209 | Val Acc 0.6396 | ETputs(KTEPS) 7431.66
2023-10-12 04:02:35,026 - tune.py [line:103] - INFO: Epoch 00280 | Time(s) 0.0875 | Val Loss 1.0604 | Val Acc 0.6484 | ETputs(KTEPS) 7428.46
2023-10-12 04:02:36,843 - tune.py [line:103] - INFO: Epoch 00300 | Time(s) 0.0877 | Val Loss 1.0917 | Val Acc 0.6659 | ETputs(KTEPS) 7410.84
2023-10-12 04:02:38,590 - tune.py [line:103] - INFO: Epoch 00320 | Time(s) 0.0877 | Val Loss 1.0710 | Val Acc 0.6549 | ETputs(KTEPS) 7412.96
2023-10-12 04:02:40,648 - tune.py [line:103] - INFO: Epoch 00340 | Time(s) 0.0886 | Val Loss 1.0512 | Val Acc 0.6637 | ETputs(KTEPS) 7338.42
2023-10-12 04:02:42,402 - tune.py [line:103] - INFO: Epoch 00360 | Time(s) 0.0885 | Val Loss 1.0325 | Val Acc 0.6703 | ETputs(KTEPS) 7343.15
2023-10-12 04:02:44,294 - tune.py [line:103] - INFO: Epoch 00380 | Time(s) 0.0888 | Val Loss 1.0551 | Val Acc 0.6703 | ETputs(KTEPS) 7317.90
2023-10-12 04:02:46,113 - tune.py [line:103] - INFO: Epoch 00400 | Time(s) 0.0889 | Val Loss 1.0918 | Val Acc 0.6440 | ETputs(KTEPS) 7310.25
2023-10-12 04:02:48,093 - tune.py [line:103] - INFO: Epoch 00420 | Time(s) 0.0894 | Val Loss 1.0678 | Val Acc 0.6418 | ETputs(KTEPS) 7271.31
2023-10-12 04:02:49,931 - tune.py [line:103] - INFO: Epoch 00440 | Time(s) 0.0895 | Val Loss 1.0593 | Val Acc 0.6725 | ETputs(KTEPS) 7262.11
2023-10-12 04:02:51,924 - tune.py [line:103] - INFO: Epoch 00460 | Time(s) 0.0900 | Val Loss 1.0886 | Val Acc 0.6527 | ETputs(KTEPS) 7226.81
2023-10-12 04:02:53,837 - tune.py [line:103] - INFO: Epoch 00480 | Time(s) 0.0902 | Val Loss 1.0493 | Val Acc 0.6637 | ETputs(KTEPS) 7207.92
2023-10-12 04:02:55,686 - tune.py [line:103] - INFO: Epoch 00500 | Time(s) 0.0903 | Val Loss 1.0813 | Val Acc 0.6549 | ETputs(KTEPS) 7200.81
2023-10-12 04:02:57,609 - tune.py [line:103] - INFO: Epoch 00520 | Time(s) 0.0905 | Val Loss 1.1046 | Val Acc 0.6527 | ETputs(KTEPS) 7182.97
2023-10-12 04:02:58,911 - tune.py [line:103] - INFO: Epoch 00540 | Time(s) 0.0896 | Val Loss 1.0671 | Val Acc 0.6703 | ETputs(KTEPS) 7258.62
2023-10-12 04:03:00,164 - tune.py [line:103] - INFO: Epoch 00560 | Time(s) 0.0886 | Val Loss 1.0694 | Val Acc 0.6637 | ETputs(KTEPS) 7337.81
2023-10-12 04:03:01,442 - tune.py [line:103] - INFO: Epoch 00580 | Time(s) 0.0878 | Val Loss 1.0521 | Val Acc 0.6615 | ETputs(KTEPS) 7409.20
2023-10-12 04:03:02,858 - tune.py [line:103] - INFO: Epoch 00600 | Time(s) 0.0872 | Val Loss 1.0620 | Val Acc 0.6571 | ETputs(KTEPS) 7457.30
2023-10-12 04:03:04,263 - tune.py [line:103] - INFO: Epoch 00620 | Time(s) 0.0866 | Val Loss 1.0751 | Val Acc 0.6637 | ETputs(KTEPS) 7504.37
2023-10-12 04:03:05,586 - tune.py [line:103] - INFO: Epoch 00640 | Time(s) 0.0860 | Val Loss 1.0323 | Val Acc 0.6725 | ETputs(KTEPS) 7560.39
2023-10-12 04:03:06,993 - tune.py [line:103] - INFO: Epoch 00660 | Time(s) 0.0855 | Val Loss 1.0338 | Val Acc 0.6791 | ETputs(KTEPS) 7602.41
2023-10-12 04:03:08,314 - tune.py [line:103] - INFO: Epoch 00680 | Time(s) 0.0850 | Val Loss 1.0706 | Val Acc 0.6615 | ETputs(KTEPS) 7653.76
2023-10-12 04:03:09,681 - tune.py [line:103] - INFO: Epoch 00700 | Time(s) 0.0845 | Val Loss 1.0699 | Val Acc 0.6571 | ETputs(KTEPS) 7696.77
2023-10-12 04:03:11,252 - tune.py [line:103] - INFO: Epoch 00720 | Time(s) 0.0843 | Val Loss 1.0215 | Val Acc 0.6747 | ETputs(KTEPS) 7711.87
2023-10-12 04:03:12,661 - tune.py [line:103] - INFO: Epoch 00740 | Time(s) 0.0839 | Val Loss 1.0299 | Val Acc 0.6703 | ETputs(KTEPS) 7746.83
2023-10-12 04:03:14,108 - tune.py [line:103] - INFO: Epoch 00760 | Time(s) 0.0836 | Val Loss 1.0516 | Val Acc 0.6681 | ETputs(KTEPS) 7775.06
2023-10-12 04:03:15,560 - tune.py [line:103] - INFO: Epoch 00780 | Time(s) 0.0833 | Val Loss 1.0234 | Val Acc 0.6725 | ETputs(KTEPS) 7801.57
2023-10-12 04:03:16,969 - tune.py [line:103] - INFO: Epoch 00800 | Time(s) 0.0830 | Val Loss 1.1173 | Val Acc 0.6505 | ETputs(KTEPS) 7831.97
2023-10-12 04:03:18,466 - tune.py [line:103] - INFO: Epoch 00820 | Time(s) 0.0828 | Val Loss 1.0701 | Val Acc 0.6901 | ETputs(KTEPS) 7850.89
2023-10-12 04:03:19,836 - tune.py [line:103] - INFO: Epoch 00840 | Time(s) 0.0825 | Val Loss 1.0621 | Val Acc 0.6725 | ETputs(KTEPS) 7883.39
2023-10-12 04:03:21,193 - tune.py [line:103] - INFO: Epoch 00860 | Time(s) 0.0821 | Val Loss 1.0651 | Val Acc 0.6681 | ETputs(KTEPS) 7916.14
2023-10-12 04:03:22,724 - tune.py [line:103] - INFO: Epoch 00880 | Time(s) 0.0820 | Val Loss 1.0943 | Val Acc 0.6440 | ETputs(KTEPS) 7928.45
2023-10-12 04:03:24,211 - tune.py [line:103] - INFO: Epoch 00900 | Time(s) 0.0818 | Val Loss 1.0524 | Val Acc 0.6659 | ETputs(KTEPS) 7945.03
2023-10-12 04:03:25,594 - tune.py [line:103] - INFO: Epoch 00920 | Time(s) 0.0816 | Val Loss 1.0557 | Val Acc 0.6703 | ETputs(KTEPS) 7972.28
2023-10-12 04:03:27,074 - tune.py [line:103] - INFO: Epoch 00940 | Time(s) 0.0814 | Val Loss 1.0559 | Val Acc 0.6527 | ETputs(KTEPS) 7988.12
2023-10-12 04:03:28,472 - tune.py [line:103] - INFO: Epoch 00960 | Time(s) 0.0812 | Val Loss 1.0355 | Val Acc 0.6659 | ETputs(KTEPS) 8012.01
2023-10-12 04:03:30,035 - tune.py [line:103] - INFO: Epoch 00980 | Time(s) 0.0811 | Val Loss 1.0289 | Val Acc 0.6637 | ETputs(KTEPS) 8018.11
2023-10-12 04:03:31,497 - tune.py [line:103] - INFO: Epoch 01000 | Time(s) 0.0809 | Val Loss 1.0894 | Val Acc 0.6593 | ETputs(KTEPS) 8034.05
2023-10-12 04:03:32,998 - tune.py [line:103] - INFO: Epoch 01020 | Time(s) 0.0808 | Val Loss 1.0417 | Val Acc 0.6681 | ETputs(KTEPS) 8045.58
2023-10-12 04:03:34,360 - tune.py [line:103] - INFO: Epoch 01040 | Time(s) 0.0806 | Val Loss 1.0336 | Val Acc 0.6571 | ETputs(KTEPS) 8070.03
2023-10-12 04:03:35,991 - tune.py [line:103] - INFO: Epoch 01060 | Time(s) 0.0806 | Val Loss 1.1419 | Val Acc 0.6396 | ETputs(KTEPS) 8068.26
2023-10-12 04:03:37,398 - tune.py [line:103] - INFO: Epoch 01080 | Time(s) 0.0804 | Val Loss 1.0996 | Val Acc 0.6615 | ETputs(KTEPS) 8087.43
2023-10-12 04:03:38,792 - tune.py [line:103] - INFO: Epoch 01100 | Time(s) 0.0802 | Val Loss 1.1371 | Val Acc 0.6505 | ETputs(KTEPS) 8107.15
2023-10-12 04:03:40,035 - tune.py [line:103] - INFO: Epoch 01120 | Time(s) 0.0799 | Val Loss 1.0842 | Val Acc 0.6659 | ETputs(KTEPS) 8139.93
2023-10-12 04:03:41,076 - tune.py [line:103] - INFO: Epoch 01140 | Time(s) 0.0794 | Val Loss 1.0387 | Val Acc 0.6769 | ETputs(KTEPS) 8190.07
2023-10-12 04:03:42,463 - tune.py [line:103] - INFO: Epoch 01160 | Time(s) 0.0792 | Val Loss 1.0576 | Val Acc 0.6857 | ETputs(KTEPS) 8208.00
2023-10-12 04:03:44,039 - tune.py [line:103] - INFO: Epoch 01180 | Time(s) 0.0792 | Val Loss 1.0246 | Val Acc 0.6659 | ETputs(KTEPS) 8208.78
2023-10-12 04:03:45,627 - tune.py [line:103] - INFO: Epoch 01200 | Time(s) 0.0792 | Val Loss 1.0657 | Val Acc 0.6747 | ETputs(KTEPS) 8208.51
2023-10-12 04:03:47,011 - tune.py [line:103] - INFO: Epoch 01220 | Time(s) 0.0790 | Val Loss 1.0771 | Val Acc 0.6484 | ETputs(KTEPS) 8225.63
2023-10-12 04:03:49,016 - tune.py [line:103] - INFO: Epoch 01240 | Time(s) 0.0794 | Val Loss 1.0936 | Val Acc 0.6484 | ETputs(KTEPS) 8190.24
2023-10-12 04:03:50,049 - tune.py [line:117] - INFO: [FINAL MODEL] Val accuracy 70.11% \Val loss: 1.0
2023-10-12 04:03:50,087 - tune.py [line:119] - INFO: [FINAL MODEL] Test accuracy 68.05% \Test loss: 1.0
2023-10-12 04:03:50,087 - tune.py [line:144] - INFO: Acc on the first split (Validation Set): 0.7011
2023-10-12 04:03:50,087 - tune.py [line:145] - INFO: Acc on the first split (Test Set): 0.6805
