2023-10-12 04:12:43,326 - tune.py [line:203] - INFO: Namespace(seed=42, model='GPRGNNV2', gpu=0, dataset='geom-chameleon', logging=True, log_detail=True, log_detailedCh=False, id_log=1012014503, optuna_n_trials=202, n_epochs=2000, self_loop=True, udgraph=True, early_stop=True, patience=300, n_hidden=64, n_cv=1, start_cv=0, n_layers=20, lr1=0.05, lr2=0.05, wd1=0.0001, wd2=0.0001, dropout=0.4, dropout2=0.7, alpha=0.5, es_ckpt='TestTuningScript-geom-chameleon_GPRGNNV2-geom-chameleon_trialNo113')
2023-10-12 04:12:44,248 - tune.py [line:128] - INFO: Split_seeds:[1824]
2023-10-12 04:12:44,249 - tune.py [line:129] - INFO: Model_seeds:[409]
2023-10-12 04:12:45,744 - tune.py [line:103] - INFO: Epoch 00020 | Time(s) 0.0733 | Val Loss 1.2253 | Val Acc 0.5648 | ETputs(KTEPS) 8874.33
2023-10-12 04:12:47,187 - tune.py [line:103] - INFO: Epoch 00040 | Time(s) 0.0724 | Val Loss 1.2387 | Val Acc 0.5824 | ETputs(KTEPS) 8977.03
2023-10-12 04:12:48,685 - tune.py [line:103] - INFO: Epoch 00060 | Time(s) 0.0730 | Val Loss 1.2318 | Val Acc 0.6220 | ETputs(KTEPS) 8901.37
2023-10-12 04:12:50,310 - tune.py [line:103] - INFO: Epoch 00080 | Time(s) 0.0750 | Val Loss 1.1598 | Val Acc 0.6286 | ETputs(KTEPS) 8665.60
2023-10-12 04:12:51,741 - tune.py [line:103] - INFO: Epoch 00100 | Time(s) 0.0743 | Val Loss 1.1666 | Val Acc 0.6396 | ETputs(KTEPS) 8754.14
2023-10-12 04:12:53,279 - tune.py [line:103] - INFO: Epoch 00120 | Time(s) 0.0747 | Val Loss 1.2389 | Val Acc 0.6330 | ETputs(KTEPS) 8702.70
2023-10-12 04:12:54,885 - tune.py [line:103] - INFO: Epoch 00140 | Time(s) 0.0755 | Val Loss 1.2120 | Val Acc 0.6308 | ETputs(KTEPS) 8611.07
2023-10-12 04:12:56,638 - tune.py [line:103] - INFO: Epoch 00160 | Time(s) 0.0770 | Val Loss 1.2102 | Val Acc 0.6571 | ETputs(KTEPS) 8444.67
2023-10-12 04:12:58,730 - tune.py [line:103] - INFO: Epoch 00180 | Time(s) 0.0800 | Val Loss 1.2073 | Val Acc 0.6440 | ETputs(KTEPS) 8124.33
2023-10-12 04:13:00,678 - tune.py [line:103] - INFO: Epoch 00200 | Time(s) 0.0818 | Val Loss 1.2235 | Val Acc 0.6242 | ETputs(KTEPS) 7952.20
2023-10-12 04:13:02,559 - tune.py [line:103] - INFO: Epoch 00220 | Time(s) 0.0829 | Val Loss 1.1542 | Val Acc 0.6593 | ETputs(KTEPS) 7845.17
2023-10-12 04:13:04,701 - tune.py [line:103] - INFO: Epoch 00240 | Time(s) 0.0849 | Val Loss 1.1600 | Val Acc 0.6396 | ETputs(KTEPS) 7659.80
2023-10-12 04:13:06,976 - tune.py [line:103] - INFO: Epoch 00260 | Time(s) 0.0871 | Val Loss 1.1536 | Val Acc 0.6374 | ETputs(KTEPS) 7464.74
2023-10-12 04:13:08,952 - tune.py [line:103] - INFO: Epoch 00280 | Time(s) 0.0879 | Val Loss 1.1320 | Val Acc 0.6593 | ETputs(KTEPS) 7393.98
2023-10-12 04:13:10,888 - tune.py [line:103] - INFO: Epoch 00300 | Time(s) 0.0885 | Val Loss 1.1594 | Val Acc 0.6440 | ETputs(KTEPS) 7344.63
2023-10-12 04:13:12,869 - tune.py [line:103] - INFO: Epoch 00320 | Time(s) 0.0892 | Val Loss 1.1694 | Val Acc 0.6440 | ETputs(KTEPS) 7290.70
2023-10-12 04:13:15,074 - tune.py [line:103] - INFO: Epoch 00340 | Time(s) 0.0904 | Val Loss 1.1909 | Val Acc 0.6549 | ETputs(KTEPS) 7190.83
2023-10-12 04:13:16,917 - tune.py [line:103] - INFO: Epoch 00360 | Time(s) 0.0905 | Val Loss 1.1850 | Val Acc 0.6615 | ETputs(KTEPS) 7183.25
2023-10-12 04:13:19,010 - tune.py [line:103] - INFO: Epoch 00380 | Time(s) 0.0913 | Val Loss 1.1905 | Val Acc 0.6440 | ETputs(KTEPS) 7124.81
2023-10-12 04:13:21,018 - tune.py [line:103] - INFO: Epoch 00400 | Time(s) 0.0917 | Val Loss 1.1386 | Val Acc 0.6440 | ETputs(KTEPS) 7089.53
2023-10-12 04:13:23,145 - tune.py [line:103] - INFO: Epoch 00420 | Time(s) 0.0924 | Val Loss 1.1462 | Val Acc 0.6615 | ETputs(KTEPS) 7036.66
2023-10-12 04:13:25,131 - tune.py [line:103] - INFO: Epoch 00440 | Time(s) 0.0927 | Val Loss 1.1161 | Val Acc 0.6593 | ETputs(KTEPS) 7012.89
2023-10-12 04:13:27,001 - tune.py [line:103] - INFO: Epoch 00460 | Time(s) 0.0927 | Val Loss 1.1171 | Val Acc 0.6659 | ETputs(KTEPS) 7010.77
2023-10-12 04:13:29,048 - tune.py [line:103] - INFO: Epoch 00480 | Time(s) 0.0931 | Val Loss 1.1025 | Val Acc 0.6659 | ETputs(KTEPS) 6980.77
2023-10-12 04:13:31,076 - tune.py [line:103] - INFO: Epoch 00500 | Time(s) 0.0935 | Val Loss 1.1109 | Val Acc 0.6637 | ETputs(KTEPS) 6956.58
2023-10-12 04:13:33,102 - tune.py [line:103] - INFO: Epoch 00520 | Time(s) 0.0938 | Val Loss 1.1507 | Val Acc 0.6593 | ETputs(KTEPS) 6934.34
2023-10-12 04:13:35,091 - tune.py [line:103] - INFO: Epoch 00540 | Time(s) 0.0940 | Val Loss 1.1235 | Val Acc 0.6659 | ETputs(KTEPS) 6918.86
2023-10-12 04:13:37,112 - tune.py [line:103] - INFO: Epoch 00560 | Time(s) 0.0942 | Val Loss 1.0958 | Val Acc 0.6593 | ETputs(KTEPS) 6900.40
2023-10-12 04:13:39,239 - tune.py [line:103] - INFO: Epoch 00580 | Time(s) 0.0946 | Val Loss 1.1320 | Val Acc 0.6549 | ETputs(KTEPS) 6869.96
2023-10-12 04:13:41,203 - tune.py [line:103] - INFO: Epoch 00600 | Time(s) 0.0948 | Val Loss 1.0822 | Val Acc 0.6681 | ETputs(KTEPS) 6861.45
2023-10-12 04:13:43,091 - tune.py [line:103] - INFO: Epoch 00620 | Time(s) 0.0947 | Val Loss 1.2078 | Val Acc 0.6484 | ETputs(KTEPS) 6862.28
2023-10-12 04:13:45,338 - tune.py [line:103] - INFO: Epoch 00640 | Time(s) 0.0953 | Val Loss 1.1014 | Val Acc 0.6659 | ETputs(KTEPS) 6822.77
2023-10-12 04:13:47,415 - tune.py [line:103] - INFO: Epoch 00660 | Time(s) 0.0956 | Val Loss 1.1154 | Val Acc 0.6791 | ETputs(KTEPS) 6804.44
2023-10-12 04:13:49,010 - tune.py [line:103] - INFO: Epoch 00680 | Time(s) 0.0951 | Val Loss 1.1303 | Val Acc 0.6637 | ETputs(KTEPS) 6837.67
2023-10-12 04:13:50,311 - tune.py [line:103] - INFO: Epoch 00700 | Time(s) 0.0942 | Val Loss 1.1418 | Val Acc 0.6681 | ETputs(KTEPS) 6900.03
2023-10-12 04:13:51,530 - tune.py [line:103] - INFO: Epoch 00720 | Time(s) 0.0933 | Val Loss 1.1196 | Val Acc 0.6681 | ETputs(KTEPS) 6968.69
2023-10-12 04:13:52,868 - tune.py [line:103] - INFO: Epoch 00740 | Time(s) 0.0926 | Val Loss 1.0923 | Val Acc 0.6615 | ETputs(KTEPS) 7022.49
2023-10-12 04:13:54,307 - tune.py [line:103] - INFO: Epoch 00760 | Time(s) 0.0920 | Val Loss 1.0941 | Val Acc 0.6593 | ETputs(KTEPS) 7064.07
2023-10-12 04:13:55,644 - tune.py [line:103] - INFO: Epoch 00780 | Time(s) 0.0914 | Val Loss 1.0918 | Val Acc 0.6703 | ETputs(KTEPS) 7114.02
2023-10-12 04:13:56,847 - tune.py [line:103] - INFO: Epoch 00800 | Time(s) 0.0906 | Val Loss 1.1200 | Val Acc 0.6769 | ETputs(KTEPS) 7175.41
2023-10-12 04:13:58,260 - tune.py [line:103] - INFO: Epoch 00820 | Time(s) 0.0901 | Val Loss 1.1184 | Val Acc 0.6593 | ETputs(KTEPS) 7214.22
2023-10-12 04:13:59,613 - tune.py [line:103] - INFO: Epoch 00840 | Time(s) 0.0896 | Val Loss 1.0944 | Val Acc 0.6813 | ETputs(KTEPS) 7257.40
2023-10-12 04:14:00,917 - tune.py [line:103] - INFO: Epoch 00860 | Time(s) 0.0890 | Val Loss 1.0993 | Val Acc 0.6725 | ETputs(KTEPS) 7303.69
2023-10-12 04:14:02,201 - tune.py [line:103] - INFO: Epoch 00880 | Time(s) 0.0885 | Val Loss 1.1363 | Val Acc 0.6571 | ETputs(KTEPS) 7350.41
2023-10-12 04:14:03,665 - tune.py [line:103] - INFO: Epoch 00900 | Time(s) 0.0881 | Val Loss 1.1008 | Val Acc 0.6681 | ETputs(KTEPS) 7378.69
2023-10-12 04:14:05,063 - tune.py [line:103] - INFO: Epoch 00920 | Time(s) 0.0877 | Val Loss 1.1458 | Val Acc 0.6505 | ETputs(KTEPS) 7412.14
2023-10-12 04:14:06,465 - tune.py [line:103] - INFO: Epoch 00940 | Time(s) 0.0873 | Val Loss 1.1400 | Val Acc 0.6615 | ETputs(KTEPS) 7444.00
2023-10-12 04:14:07,862 - tune.py [line:103] - INFO: Epoch 00960 | Time(s) 0.0870 | Val Loss 1.0880 | Val Acc 0.6769 | ETputs(KTEPS) 7475.26
2023-10-12 04:14:09,274 - tune.py [line:103] - INFO: Epoch 00980 | Time(s) 0.0866 | Val Loss 1.1404 | Val Acc 0.6615 | ETputs(KTEPS) 7504.16
2023-10-12 04:14:10,679 - tune.py [line:103] - INFO: Epoch 01000 | Time(s) 0.0863 | Val Loss 1.1044 | Val Acc 0.6615 | ETputs(KTEPS) 7532.75
2023-10-12 04:14:11,727 - tune.py [line:117] - INFO: [FINAL MODEL] Val accuracy 69.45% \Val loss: 1.1
2023-10-12 04:14:11,748 - tune.py [line:119] - INFO: [FINAL MODEL] Test accuracy 67.40% \Test loss: 1.1
2023-10-12 04:14:11,748 - tune.py [line:144] - INFO: Acc on the first split (Validation Set): 0.6945
2023-10-12 04:14:11,749 - tune.py [line:145] - INFO: Acc on the first split (Test Set): 0.6740
