2023-10-12 04:10:09,618 - tune.py [line:203] - INFO: Namespace(seed=42, model='GPRGNNV2', gpu=0, dataset='geom-chameleon', logging=True, log_detail=True, log_detailedCh=False, id_log=1012014503, optuna_n_trials=202, n_epochs=2000, self_loop=True, udgraph=True, early_stop=True, patience=300, n_hidden=64, n_cv=1, start_cv=0, n_layers=20, lr1=0.05, lr2=0.05, wd1=0.0001, wd2=0.0001, dropout=0.4, dropout2=0.6, alpha=0.30000000000000004, es_ckpt='TestTuningScript-geom-chameleon_GPRGNNV2-geom-chameleon_trialNo104')
2023-10-12 04:10:10,481 - tune.py [line:128] - INFO: Split_seeds:[1824]
2023-10-12 04:10:10,481 - tune.py [line:129] - INFO: Model_seeds:[409]
2023-10-12 04:10:12,476 - tune.py [line:103] - INFO: Epoch 00020 | Time(s) 0.0980 | Val Loss 1.2307 | Val Acc 0.5560 | ETputs(KTEPS) 6632.49
2023-10-12 04:10:14,360 - tune.py [line:103] - INFO: Epoch 00040 | Time(s) 0.0959 | Val Loss 1.3908 | Val Acc 0.6110 | ETputs(KTEPS) 6782.94
2023-10-12 04:10:16,370 - tune.py [line:103] - INFO: Epoch 00060 | Time(s) 0.0973 | Val Loss 1.4284 | Val Acc 0.5846 | ETputs(KTEPS) 6679.26
2023-10-12 04:10:18,215 - tune.py [line:103] - INFO: Epoch 00080 | Time(s) 0.0960 | Val Loss 1.3746 | Val Acc 0.6044 | ETputs(KTEPS) 6770.09
2023-10-12 04:10:20,068 - tune.py [line:103] - INFO: Epoch 00100 | Time(s) 0.0953 | Val Loss 1.3540 | Val Acc 0.6132 | ETputs(KTEPS) 6825.92
2023-10-12 04:10:21,966 - tune.py [line:103] - INFO: Epoch 00120 | Time(s) 0.0952 | Val Loss 1.3690 | Val Acc 0.6132 | ETputs(KTEPS) 6830.54
2023-10-12 04:10:23,702 - tune.py [line:103] - INFO: Epoch 00140 | Time(s) 0.0940 | Val Loss 1.3227 | Val Acc 0.6527 | ETputs(KTEPS) 6919.28
2023-10-12 04:10:25,680 - tune.py [line:103] - INFO: Epoch 00160 | Time(s) 0.0946 | Val Loss 1.3565 | Val Acc 0.6527 | ETputs(KTEPS) 6876.20
2023-10-12 04:10:27,671 - tune.py [line:103] - INFO: Epoch 00180 | Time(s) 0.0951 | Val Loss 1.3436 | Val Acc 0.6242 | ETputs(KTEPS) 6837.36
2023-10-12 04:10:29,573 - tune.py [line:103] - INFO: Epoch 00200 | Time(s) 0.0951 | Val Loss 1.2665 | Val Acc 0.6462 | ETputs(KTEPS) 6837.54
2023-10-12 04:10:31,614 - tune.py [line:103] - INFO: Epoch 00220 | Time(s) 0.0957 | Val Loss 1.3106 | Val Acc 0.6484 | ETputs(KTEPS) 6793.81
2023-10-12 04:10:33,432 - tune.py [line:103] - INFO: Epoch 00240 | Time(s) 0.0953 | Val Loss 1.4424 | Val Acc 0.6286 | ETputs(KTEPS) 6822.48
2023-10-12 04:10:34,668 - tune.py [line:103] - INFO: Epoch 00260 | Time(s) 0.0927 | Val Loss 1.2654 | Val Acc 0.6549 | ETputs(KTEPS) 7012.24
2023-10-12 04:10:36,078 - tune.py [line:103] - INFO: Epoch 00280 | Time(s) 0.0911 | Val Loss 1.3393 | Val Acc 0.6440 | ETputs(KTEPS) 7134.59
2023-10-12 04:10:37,459 - tune.py [line:103] - INFO: Epoch 00300 | Time(s) 0.0897 | Val Loss 1.3127 | Val Acc 0.6549 | ETputs(KTEPS) 7252.00
2023-10-12 04:10:38,918 - tune.py [line:103] - INFO: Epoch 00320 | Time(s) 0.0886 | Val Loss 1.3395 | Val Acc 0.6308 | ETputs(KTEPS) 7337.62
2023-10-12 04:10:40,327 - tune.py [line:103] - INFO: Epoch 00340 | Time(s) 0.0875 | Val Loss 1.3208 | Val Acc 0.6418 | ETputs(KTEPS) 7427.11
2023-10-12 04:10:41,598 - tune.py [line:103] - INFO: Epoch 00360 | Time(s) 0.0862 | Val Loss 1.2667 | Val Acc 0.6527 | ETputs(KTEPS) 7542.22
2023-10-12 04:10:43,011 - tune.py [line:103] - INFO: Epoch 00380 | Time(s) 0.0854 | Val Loss 1.3119 | Val Acc 0.6527 | ETputs(KTEPS) 7615.32
2023-10-12 04:10:44,313 - tune.py [line:103] - INFO: Epoch 00400 | Time(s) 0.0844 | Val Loss 1.3143 | Val Acc 0.6352 | ETputs(KTEPS) 7706.92
2023-10-12 04:10:45,683 - tune.py [line:103] - INFO: Epoch 00420 | Time(s) 0.0836 | Val Loss 1.2815 | Val Acc 0.6593 | ETputs(KTEPS) 7776.61
2023-10-12 04:10:47,045 - tune.py [line:103] - INFO: Epoch 00440 | Time(s) 0.0829 | Val Loss 1.2803 | Val Acc 0.6462 | ETputs(KTEPS) 7842.87
2023-10-12 04:10:48,394 - tune.py [line:103] - INFO: Epoch 00460 | Time(s) 0.0822 | Val Loss 1.3247 | Val Acc 0.6396 | ETputs(KTEPS) 7907.04
2023-10-12 04:10:49,765 - tune.py [line:103] - INFO: Epoch 00480 | Time(s) 0.0817 | Val Loss 1.2828 | Val Acc 0.6462 | ETputs(KTEPS) 7962.48
2023-10-12 04:10:51,152 - tune.py [line:103] - INFO: Epoch 00500 | Time(s) 0.0812 | Val Loss 1.2724 | Val Acc 0.6527 | ETputs(KTEPS) 8010.74
2023-10-12 04:10:52,248 - tune.py [line:103] - INFO: Epoch 00520 | Time(s) 0.0801 | Val Loss 1.2593 | Val Acc 0.6484 | ETputs(KTEPS) 8112.30
2023-10-12 04:10:53,511 - tune.py [line:103] - INFO: Epoch 00540 | Time(s) 0.0795 | Val Loss 1.2791 | Val Acc 0.6396 | ETputs(KTEPS) 8176.60
2023-10-12 04:10:54,756 - tune.py [line:103] - INFO: Epoch 00560 | Time(s) 0.0789 | Val Loss 1.2596 | Val Acc 0.6571 | ETputs(KTEPS) 8240.68
2023-10-12 04:10:56,065 - tune.py [line:103] - INFO: Epoch 00580 | Time(s) 0.0784 | Val Loss 1.2325 | Val Acc 0.6527 | ETputs(KTEPS) 8289.54
2023-10-12 04:10:57,360 - tune.py [line:103] - INFO: Epoch 00600 | Time(s) 0.0780 | Val Loss 1.2264 | Val Acc 0.6462 | ETputs(KTEPS) 8338.77
2023-10-12 04:10:58,637 - tune.py [line:103] - INFO: Epoch 00620 | Time(s) 0.0775 | Val Loss 1.2973 | Val Acc 0.6418 | ETputs(KTEPS) 8387.72
2023-10-12 04:10:59,938 - tune.py [line:103] - INFO: Epoch 00640 | Time(s) 0.0771 | Val Loss 1.2943 | Val Acc 0.6681 | ETputs(KTEPS) 8430.20
2023-10-12 04:11:01,203 - tune.py [line:103] - INFO: Epoch 00660 | Time(s) 0.0767 | Val Loss 1.3080 | Val Acc 0.6527 | ETputs(KTEPS) 8476.66
2023-10-12 04:11:02,572 - tune.py [line:103] - INFO: Epoch 00680 | Time(s) 0.0765 | Val Loss 1.3190 | Val Acc 0.6527 | ETputs(KTEPS) 8503.63
2023-10-12 04:11:03,911 - tune.py [line:103] - INFO: Epoch 00700 | Time(s) 0.0762 | Val Loss 1.3369 | Val Acc 0.6593 | ETputs(KTEPS) 8534.14
2023-10-12 04:11:05,220 - tune.py [line:103] - INFO: Epoch 00720 | Time(s) 0.0759 | Val Loss 1.2646 | Val Acc 0.6681 | ETputs(KTEPS) 8567.70
2023-10-12 04:11:06,660 - tune.py [line:103] - INFO: Epoch 00740 | Time(s) 0.0758 | Val Loss 1.3346 | Val Acc 0.6549 | ETputs(KTEPS) 8579.63
2023-10-12 04:11:07,928 - tune.py [line:103] - INFO: Epoch 00760 | Time(s) 0.0755 | Val Loss 1.2979 | Val Acc 0.6440 | ETputs(KTEPS) 8616.81
2023-10-12 04:11:09,208 - tune.py [line:103] - INFO: Epoch 00780 | Time(s) 0.0752 | Val Loss 1.2293 | Val Acc 0.6747 | ETputs(KTEPS) 8650.95
2023-10-12 04:11:10,437 - tune.py [line:103] - INFO: Epoch 00800 | Time(s) 0.0748 | Val Loss 1.2444 | Val Acc 0.6593 | ETputs(KTEPS) 8691.07
2023-10-12 04:11:11,834 - tune.py [line:103] - INFO: Epoch 00820 | Time(s) 0.0747 | Val Loss 1.3358 | Val Acc 0.6593 | ETputs(KTEPS) 8705.28
2023-10-12 04:11:13,139 - tune.py [line:103] - INFO: Epoch 00840 | Time(s) 0.0745 | Val Loss 1.2396 | Val Acc 0.6747 | ETputs(KTEPS) 8731.61
2023-10-12 04:11:14,550 - tune.py [line:103] - INFO: Epoch 00860 | Time(s) 0.0744 | Val Loss 1.2691 | Val Acc 0.6571 | ETputs(KTEPS) 8742.41
2023-10-12 04:11:15,864 - tune.py [line:103] - INFO: Epoch 00880 | Time(s) 0.0742 | Val Loss 1.2698 | Val Acc 0.6637 | ETputs(KTEPS) 8765.79
2023-10-12 04:11:17,295 - tune.py [line:103] - INFO: Epoch 00900 | Time(s) 0.0741 | Val Loss 1.2899 | Val Acc 0.6593 | ETputs(KTEPS) 8772.66
2023-10-12 04:11:18,611 - tune.py [line:103] - INFO: Epoch 00920 | Time(s) 0.0739 | Val Loss 1.2799 | Val Acc 0.6527 | ETputs(KTEPS) 8794.28
2023-10-12 04:11:20,107 - tune.py [line:103] - INFO: Epoch 00940 | Time(s) 0.0740 | Val Loss 1.2744 | Val Acc 0.6462 | ETputs(KTEPS) 8792.20
2023-10-12 04:11:21,539 - tune.py [line:103] - INFO: Epoch 00960 | Time(s) 0.0739 | Val Loss 1.2263 | Val Acc 0.6615 | ETputs(KTEPS) 8798.07
2023-10-12 04:11:22,934 - tune.py [line:103] - INFO: Epoch 00980 | Time(s) 0.0738 | Val Loss 1.2200 | Val Acc 0.6637 | ETputs(KTEPS) 8808.31
2023-10-12 04:11:24,507 - tune.py [line:103] - INFO: Epoch 01000 | Time(s) 0.0739 | Val Loss 1.1929 | Val Acc 0.6791 | ETputs(KTEPS) 8796.90
2023-10-12 04:11:26,044 - tune.py [line:103] - INFO: Epoch 01020 | Time(s) 0.0740 | Val Loss 1.2813 | Val Acc 0.6593 | ETputs(KTEPS) 8790.11
2023-10-12 04:11:27,616 - tune.py [line:103] - INFO: Epoch 01040 | Time(s) 0.0741 | Val Loss 1.2594 | Val Acc 0.6615 | ETputs(KTEPS) 8779.53
2023-10-12 04:11:29,478 - tune.py [line:103] - INFO: Epoch 01060 | Time(s) 0.0744 | Val Loss 1.2901 | Val Acc 0.6418 | ETputs(KTEPS) 8737.32
2023-10-12 04:11:31,406 - tune.py [line:103] - INFO: Epoch 01080 | Time(s) 0.0748 | Val Loss 1.2366 | Val Acc 0.6593 | ETputs(KTEPS) 8689.78
2023-10-12 04:11:31,513 - tune.py [line:117] - INFO: [FINAL MODEL] Val accuracy 69.23% \Val loss: 1.2
2023-10-12 04:11:31,520 - tune.py [line:119] - INFO: [FINAL MODEL] Test accuracy 67.83% \Test loss: 1.2
2023-10-12 04:11:31,520 - tune.py [line:144] - INFO: Acc on the first split (Validation Set): 0.6923
2023-10-12 04:11:31,520 - tune.py [line:145] - INFO: Acc on the first split (Test Set): 0.6783
