2023-10-12 04:23:44,689 - tune.py [line:203] - INFO: Namespace(seed=42, model='GPRGNNV2', gpu=0, dataset='geom-chameleon', logging=True, log_detail=True, log_detailedCh=False, id_log=1012014503, optuna_n_trials=202, n_epochs=2000, self_loop=True, udgraph=True, early_stop=True, patience=300, n_hidden=64, n_cv=1, start_cv=0, n_layers=20, lr1=0.04, lr2=0.05, wd1=0.0001, wd2=0.0001, dropout=0.4, dropout2=0.7, alpha=0.5, es_ckpt='TestTuningScript-geom-chameleon_GPRGNNV2-geom-chameleon_trialNo182')
2023-10-12 04:23:45,530 - tune.py [line:128] - INFO: Split_seeds:[1824]
2023-10-12 04:23:45,530 - tune.py [line:129] - INFO: Model_seeds:[409]
2023-10-12 04:23:47,398 - tune.py [line:103] - INFO: Epoch 00020 | Time(s) 0.0911 | Val Loss 1.2167 | Val Acc 0.5560 | ETputs(KTEPS) 7137.92
2023-10-12 04:23:49,470 - tune.py [line:103] - INFO: Epoch 00040 | Time(s) 0.0971 | Val Loss 1.2472 | Val Acc 0.5956 | ETputs(KTEPS) 6699.41
2023-10-12 04:23:51,429 - tune.py [line:103] - INFO: Epoch 00060 | Time(s) 0.0973 | Val Loss 1.2871 | Val Acc 0.5934 | ETputs(KTEPS) 6683.95
2023-10-12 04:23:53,440 - tune.py [line:103] - INFO: Epoch 00080 | Time(s) 0.0980 | Val Loss 1.1888 | Val Acc 0.6220 | ETputs(KTEPS) 6631.72
2023-10-12 04:23:55,296 - tune.py [line:103] - INFO: Epoch 00100 | Time(s) 0.0970 | Val Loss 1.2418 | Val Acc 0.6264 | ETputs(KTEPS) 6705.30
2023-10-12 04:23:57,302 - tune.py [line:103] - INFO: Epoch 00120 | Time(s) 0.0975 | Val Loss 1.3196 | Val Acc 0.6352 | ETputs(KTEPS) 6668.93
2023-10-12 04:23:59,214 - tune.py [line:103] - INFO: Epoch 00140 | Time(s) 0.0972 | Val Loss 1.2798 | Val Acc 0.6527 | ETputs(KTEPS) 6688.54
2023-10-12 04:24:01,272 - tune.py [line:103] - INFO: Epoch 00160 | Time(s) 0.0979 | Val Loss 1.2556 | Val Acc 0.6374 | ETputs(KTEPS) 6644.76
2023-10-12 04:24:03,290 - tune.py [line:103] - INFO: Epoch 00180 | Time(s) 0.0982 | Val Loss 1.2548 | Val Acc 0.6374 | ETputs(KTEPS) 6622.08
2023-10-12 04:24:05,413 - tune.py [line:103] - INFO: Epoch 00200 | Time(s) 0.0990 | Val Loss 1.2723 | Val Acc 0.6484 | ETputs(KTEPS) 6568.82
2023-10-12 04:24:07,341 - tune.py [line:103] - INFO: Epoch 00220 | Time(s) 0.0987 | Val Loss 1.2338 | Val Acc 0.6440 | ETputs(KTEPS) 6586.18
2023-10-12 04:24:09,141 - tune.py [line:103] - INFO: Epoch 00240 | Time(s) 0.0980 | Val Loss 1.2309 | Val Acc 0.6396 | ETputs(KTEPS) 6635.26
2023-10-12 04:24:11,158 - tune.py [line:103] - INFO: Epoch 00260 | Time(s) 0.0982 | Val Loss 1.2315 | Val Acc 0.6527 | ETputs(KTEPS) 6621.49
2023-10-12 04:24:13,222 - tune.py [line:103] - INFO: Epoch 00280 | Time(s) 0.0985 | Val Loss 1.2797 | Val Acc 0.6440 | ETputs(KTEPS) 6597.64
2023-10-12 04:24:15,214 - tune.py [line:103] - INFO: Epoch 00300 | Time(s) 0.0986 | Val Loss 1.2677 | Val Acc 0.6527 | ETputs(KTEPS) 6593.03
2023-10-12 04:24:17,281 - tune.py [line:103] - INFO: Epoch 00320 | Time(s) 0.0989 | Val Loss 1.2420 | Val Acc 0.6571 | ETputs(KTEPS) 6573.44
2023-10-12 04:24:19,240 - tune.py [line:103] - INFO: Epoch 00340 | Time(s) 0.0989 | Val Loss 1.2105 | Val Acc 0.6418 | ETputs(KTEPS) 6577.45
2023-10-12 04:24:21,240 - tune.py [line:103] - INFO: Epoch 00360 | Time(s) 0.0989 | Val Loss 1.2200 | Val Acc 0.6659 | ETputs(KTEPS) 6573.27
2023-10-12 04:24:23,466 - tune.py [line:103] - INFO: Epoch 00380 | Time(s) 0.0996 | Val Loss 1.2042 | Val Acc 0.6462 | ETputs(KTEPS) 6530.83
2023-10-12 04:24:25,512 - tune.py [line:103] - INFO: Epoch 00400 | Time(s) 0.0997 | Val Loss 1.2745 | Val Acc 0.6286 | ETputs(KTEPS) 6521.83
2023-10-12 04:24:27,584 - tune.py [line:103] - INFO: Epoch 00420 | Time(s) 0.0999 | Val Loss 1.2095 | Val Acc 0.6396 | ETputs(KTEPS) 6509.80
2023-10-12 04:24:29,953 - tune.py [line:103] - INFO: Epoch 00440 | Time(s) 0.1007 | Val Loss 1.2138 | Val Acc 0.6681 | ETputs(KTEPS) 6455.33
2023-10-12 04:24:31,994 - tune.py [line:103] - INFO: Epoch 00460 | Time(s) 0.1008 | Val Loss 1.1895 | Val Acc 0.6703 | ETputs(KTEPS) 6452.11
2023-10-12 04:24:34,100 - tune.py [line:103] - INFO: Epoch 00480 | Time(s) 0.1010 | Val Loss 1.1906 | Val Acc 0.6637 | ETputs(KTEPS) 6440.08
2023-10-12 04:24:36,303 - tune.py [line:103] - INFO: Epoch 00500 | Time(s) 0.1013 | Val Loss 1.1577 | Val Acc 0.6593 | ETputs(KTEPS) 6417.31
2023-10-12 04:24:38,528 - tune.py [line:103] - INFO: Epoch 00520 | Time(s) 0.1017 | Val Loss 1.1763 | Val Acc 0.6527 | ETputs(KTEPS) 6393.27
2023-10-12 04:24:40,651 - tune.py [line:103] - INFO: Epoch 00540 | Time(s) 0.1019 | Val Loss 1.1682 | Val Acc 0.6681 | ETputs(KTEPS) 6383.10
2023-10-12 04:24:42,396 - tune.py [line:103] - INFO: Epoch 00560 | Time(s) 0.1013 | Val Loss 1.1792 | Val Acc 0.6615 | ETputs(KTEPS) 6416.27
2023-10-12 04:24:44,270 - tune.py [line:103] - INFO: Epoch 00580 | Time(s) 0.1011 | Val Loss 1.1722 | Val Acc 0.6835 | ETputs(KTEPS) 6433.10
2023-10-12 04:24:46,159 - tune.py [line:103] - INFO: Epoch 00600 | Time(s) 0.1008 | Val Loss 1.2107 | Val Acc 0.6703 | ETputs(KTEPS) 6447.23
2023-10-12 04:24:47,968 - tune.py [line:103] - INFO: Epoch 00620 | Time(s) 0.1005 | Val Loss 1.2319 | Val Acc 0.6659 | ETputs(KTEPS) 6468.79
2023-10-12 04:24:49,747 - tune.py [line:103] - INFO: Epoch 00640 | Time(s) 0.1001 | Val Loss 1.1602 | Val Acc 0.6901 | ETputs(KTEPS) 6492.18
2023-10-12 04:24:51,624 - tune.py [line:103] - INFO: Epoch 00660 | Time(s) 0.1000 | Val Loss 1.1996 | Val Acc 0.6703 | ETputs(KTEPS) 6504.96
2023-10-12 04:24:53,386 - tune.py [line:103] - INFO: Epoch 00680 | Time(s) 0.0996 | Val Loss 1.2254 | Val Acc 0.6703 | ETputs(KTEPS) 6527.78
2023-10-12 04:24:55,070 - tune.py [line:103] - INFO: Epoch 00700 | Time(s) 0.0992 | Val Loss 1.2303 | Val Acc 0.6725 | ETputs(KTEPS) 6556.80
2023-10-12 04:24:57,074 - tune.py [line:103] - INFO: Epoch 00720 | Time(s) 0.0992 | Val Loss 1.2239 | Val Acc 0.6659 | ETputs(KTEPS) 6554.94
2023-10-12 04:24:59,052 - tune.py [line:103] - INFO: Epoch 00740 | Time(s) 0.0992 | Val Loss 1.2343 | Val Acc 0.6527 | ETputs(KTEPS) 6555.57
2023-10-12 04:25:00,779 - tune.py [line:103] - INFO: Epoch 00760 | Time(s) 0.0988 | Val Loss 1.2385 | Val Acc 0.6484 | ETputs(KTEPS) 6577.98
2023-10-12 04:25:02,659 - tune.py [line:103] - INFO: Epoch 00780 | Time(s) 0.0987 | Val Loss 1.1982 | Val Acc 0.6725 | ETputs(KTEPS) 6586.30
2023-10-12 04:25:04,504 - tune.py [line:103] - INFO: Epoch 00800 | Time(s) 0.0986 | Val Loss 1.1760 | Val Acc 0.6527 | ETputs(KTEPS) 6597.22
2023-10-12 04:25:06,394 - tune.py [line:103] - INFO: Epoch 00820 | Time(s) 0.0985 | Val Loss 1.1762 | Val Acc 0.6659 | ETputs(KTEPS) 6603.85
2023-10-12 04:25:08,137 - tune.py [line:103] - INFO: Epoch 00840 | Time(s) 0.0982 | Val Loss 1.1573 | Val Acc 0.6747 | ETputs(KTEPS) 6622.02
2023-10-12 04:25:09,943 - tune.py [line:103] - INFO: Epoch 00860 | Time(s) 0.0980 | Val Loss 1.1648 | Val Acc 0.6725 | ETputs(KTEPS) 6634.53
2023-10-12 04:25:11,939 - tune.py [line:103] - INFO: Epoch 00880 | Time(s) 0.0980 | Val Loss 1.1889 | Val Acc 0.6703 | ETputs(KTEPS) 6631.82
2023-10-12 04:25:13,691 - tune.py [line:103] - INFO: Epoch 00900 | Time(s) 0.0978 | Val Loss 1.2053 | Val Acc 0.6549 | ETputs(KTEPS) 6647.62
2023-10-12 04:25:15,607 - tune.py [line:103] - INFO: Epoch 00920 | Time(s) 0.0978 | Val Loss 1.1580 | Val Acc 0.6769 | ETputs(KTEPS) 6650.61
2023-10-12 04:25:17,267 - tune.py [line:103] - INFO: Epoch 00940 | Time(s) 0.0974 | Val Loss 1.1708 | Val Acc 0.6703 | ETputs(KTEPS) 6672.12
2023-10-12 04:25:17,409 - tune.py [line:117] - INFO: [FINAL MODEL] Val accuracy 69.23% \Val loss: 1.1
2023-10-12 04:25:17,419 - tune.py [line:119] - INFO: [FINAL MODEL] Test accuracy 68.71% \Test loss: 1.1
2023-10-12 04:25:17,420 - tune.py [line:144] - INFO: Acc on the first split (Validation Set): 0.6923
2023-10-12 04:25:17,420 - tune.py [line:145] - INFO: Acc on the first split (Test Set): 0.6871
