2023-10-12 04:08:22,546 - tune.py [line:203] - INFO: Namespace(seed=42, model='GPRGNNV2', gpu=0, dataset='geom-chameleon', logging=True, log_detail=True, log_detailedCh=False, id_log=1012014503, optuna_n_trials=202, n_epochs=2000, self_loop=True, udgraph=True, early_stop=True, patience=300, n_hidden=64, n_cv=1, start_cv=0, n_layers=20, lr1=0.05, lr2=0.05, wd1=1e-05, wd2=1e-05, dropout=0.4, dropout2=0.7, alpha=0.6, es_ckpt='TestTuningScript-geom-chameleon_GPRGNNV2-geom-chameleon_trialNo90')
2023-10-12 04:08:23,278 - tune.py [line:128] - INFO: Split_seeds:[1824]
2023-10-12 04:08:23,278 - tune.py [line:129] - INFO: Model_seeds:[409]
2023-10-12 04:08:25,278 - tune.py [line:103] - INFO: Epoch 00020 | Time(s) 0.0984 | Val Loss 1.2147 | Val Acc 0.5626 | ETputs(KTEPS) 6608.91
2023-10-12 04:08:27,321 - tune.py [line:103] - INFO: Epoch 00040 | Time(s) 0.1000 | Val Loss 1.2753 | Val Acc 0.5912 | ETputs(KTEPS) 6499.65
2023-10-12 04:08:29,292 - tune.py [line:103] - INFO: Epoch 00060 | Time(s) 0.0993 | Val Loss 1.3467 | Val Acc 0.6176 | ETputs(KTEPS) 6546.40
2023-10-12 04:08:31,334 - tune.py [line:103] - INFO: Epoch 00080 | Time(s) 0.1000 | Val Loss 1.3494 | Val Acc 0.6242 | ETputs(KTEPS) 6502.56
2023-10-12 04:08:33,503 - tune.py [line:103] - INFO: Epoch 00100 | Time(s) 0.1016 | Val Loss 1.3515 | Val Acc 0.6352 | ETputs(KTEPS) 6397.62
2023-10-12 04:08:35,636 - tune.py [line:103] - INFO: Epoch 00120 | Time(s) 0.1024 | Val Loss 1.4174 | Val Acc 0.6681 | ETputs(KTEPS) 6347.81
2023-10-12 04:08:37,873 - tune.py [line:103] - INFO: Epoch 00140 | Time(s) 0.1037 | Val Loss 1.3942 | Val Acc 0.6637 | ETputs(KTEPS) 6267.91
2023-10-12 04:08:39,947 - tune.py [line:103] - INFO: Epoch 00160 | Time(s) 0.1037 | Val Loss 1.4366 | Val Acc 0.6681 | ETputs(KTEPS) 6269.34
2023-10-12 04:08:42,086 - tune.py [line:103] - INFO: Epoch 00180 | Time(s) 0.1041 | Val Loss 1.4500 | Val Acc 0.6505 | ETputs(KTEPS) 6247.74
2023-10-12 04:08:44,164 - tune.py [line:103] - INFO: Epoch 00200 | Time(s) 0.1040 | Val Loss 1.4214 | Val Acc 0.6593 | ETputs(KTEPS) 6248.96
2023-10-12 04:08:46,271 - tune.py [line:103] - INFO: Epoch 00220 | Time(s) 0.1042 | Val Loss 1.4219 | Val Acc 0.6571 | ETputs(KTEPS) 6242.13
2023-10-12 04:08:48,586 - tune.py [line:103] - INFO: Epoch 00240 | Time(s) 0.1051 | Val Loss 1.4842 | Val Acc 0.6462 | ETputs(KTEPS) 6184.89
2023-10-12 04:08:50,584 - tune.py [line:103] - INFO: Epoch 00260 | Time(s) 0.1047 | Val Loss 1.3954 | Val Acc 0.6681 | ETputs(KTEPS) 6209.32
2023-10-12 04:08:52,078 - tune.py [line:103] - INFO: Epoch 00280 | Time(s) 0.1026 | Val Loss 1.4394 | Val Acc 0.6571 | ETputs(KTEPS) 6339.67
2023-10-12 04:08:53,637 - tune.py [line:103] - INFO: Epoch 00300 | Time(s) 0.1009 | Val Loss 1.4823 | Val Acc 0.6681 | ETputs(KTEPS) 6442.78
2023-10-12 04:08:55,163 - tune.py [line:103] - INFO: Epoch 00320 | Time(s) 0.0994 | Val Loss 1.3621 | Val Acc 0.6769 | ETputs(KTEPS) 6542.71
2023-10-12 04:08:56,603 - tune.py [line:103] - INFO: Epoch 00340 | Time(s) 0.0977 | Val Loss 1.4009 | Val Acc 0.6879 | ETputs(KTEPS) 6651.61
2023-10-12 04:08:58,024 - tune.py [line:103] - INFO: Epoch 00360 | Time(s) 0.0963 | Val Loss 1.4441 | Val Acc 0.6659 | ETputs(KTEPS) 6754.65
2023-10-12 04:08:59,503 - tune.py [line:103] - INFO: Epoch 00380 | Time(s) 0.0951 | Val Loss 1.4298 | Val Acc 0.6879 | ETputs(KTEPS) 6838.11
2023-10-12 04:09:01,087 - tune.py [line:103] - INFO: Epoch 00400 | Time(s) 0.0943 | Val Loss 1.3991 | Val Acc 0.6791 | ETputs(KTEPS) 6895.76
2023-10-12 04:09:02,555 - tune.py [line:103] - INFO: Epoch 00420 | Time(s) 0.0933 | Val Loss 1.3997 | Val Acc 0.6769 | ETputs(KTEPS) 6969.44
2023-10-12 04:09:04,145 - tune.py [line:103] - INFO: Epoch 00440 | Time(s) 0.0927 | Val Loss 1.4090 | Val Acc 0.6813 | ETputs(KTEPS) 7016.65
2023-10-12 04:09:05,727 - tune.py [line:103] - INFO: Epoch 00460 | Time(s) 0.0921 | Val Loss 1.3642 | Val Acc 0.6857 | ETputs(KTEPS) 7061.75
2023-10-12 04:09:07,119 - tune.py [line:103] - INFO: Epoch 00480 | Time(s) 0.0911 | Val Loss 1.4439 | Val Acc 0.6703 | ETputs(KTEPS) 7134.30
2023-10-12 04:09:08,723 - tune.py [line:103] - INFO: Epoch 00500 | Time(s) 0.0907 | Val Loss 1.4346 | Val Acc 0.6681 | ETputs(KTEPS) 7168.84
2023-10-12 04:09:10,190 - tune.py [line:103] - INFO: Epoch 00520 | Time(s) 0.0900 | Val Loss 1.4122 | Val Acc 0.6813 | ETputs(KTEPS) 7222.04
2023-10-12 04:09:11,943 - tune.py [line:103] - INFO: Epoch 00540 | Time(s) 0.0899 | Val Loss 1.4101 | Val Acc 0.6901 | ETputs(KTEPS) 7229.96
2023-10-12 04:09:13,357 - tune.py [line:103] - INFO: Epoch 00560 | Time(s) 0.0892 | Val Loss 1.3606 | Val Acc 0.6769 | ETputs(KTEPS) 7285.76
2023-10-12 04:09:14,788 - tune.py [line:103] - INFO: Epoch 00580 | Time(s) 0.0886 | Val Loss 1.3767 | Val Acc 0.6725 | ETputs(KTEPS) 7335.87
2023-10-12 04:09:16,408 - tune.py [line:103] - INFO: Epoch 00600 | Time(s) 0.0884 | Val Loss 1.3927 | Val Acc 0.6703 | ETputs(KTEPS) 7357.18
2023-10-12 04:09:18,011 - tune.py [line:103] - INFO: Epoch 00620 | Time(s) 0.0881 | Val Loss 1.3902 | Val Acc 0.6791 | ETputs(KTEPS) 7379.36
2023-10-12 04:09:19,535 - tune.py [line:103] - INFO: Epoch 00640 | Time(s) 0.0877 | Val Loss 1.4190 | Val Acc 0.6835 | ETputs(KTEPS) 7410.83
2023-10-12 04:09:21,005 - tune.py [line:103] - INFO: Epoch 00660 | Time(s) 0.0873 | Val Loss 1.4046 | Val Acc 0.6703 | ETputs(KTEPS) 7447.54
2023-10-12 04:09:22,658 - tune.py [line:103] - INFO: Epoch 00680 | Time(s) 0.0872 | Val Loss 1.4313 | Val Acc 0.6945 | ETputs(KTEPS) 7459.22
2023-10-12 04:09:24,145 - tune.py [line:103] - INFO: Epoch 00700 | Time(s) 0.0868 | Val Loss 1.4517 | Val Acc 0.6725 | ETputs(KTEPS) 7490.86
2023-10-12 04:09:25,711 - tune.py [line:103] - INFO: Epoch 00720 | Time(s) 0.0866 | Val Loss 1.3851 | Val Acc 0.6769 | ETputs(KTEPS) 7511.51
2023-10-12 04:09:27,336 - tune.py [line:103] - INFO: Epoch 00740 | Time(s) 0.0864 | Val Loss 1.3912 | Val Acc 0.6989 | ETputs(KTEPS) 7524.08
2023-10-12 04:09:28,906 - tune.py [line:103] - INFO: Epoch 00760 | Time(s) 0.0862 | Val Loss 1.3670 | Val Acc 0.6857 | ETputs(KTEPS) 7542.69
2023-10-12 04:09:30,440 - tune.py [line:103] - INFO: Epoch 00780 | Time(s) 0.0860 | Val Loss 1.4079 | Val Acc 0.6857 | ETputs(KTEPS) 7564.14
2023-10-12 04:09:31,967 - tune.py [line:103] - INFO: Epoch 00800 | Time(s) 0.0857 | Val Loss 1.4663 | Val Acc 0.6791 | ETputs(KTEPS) 7585.36
2023-10-12 04:09:33,687 - tune.py [line:103] - INFO: Epoch 00820 | Time(s) 0.0857 | Val Loss 1.4517 | Val Acc 0.6879 | ETputs(KTEPS) 7584.77
2023-10-12 04:09:34,675 - tune.py [line:103] - INFO: Epoch 00840 | Time(s) 0.0849 | Val Loss 1.4122 | Val Acc 0.6857 | ETputs(KTEPS) 7662.46
2023-10-12 04:09:35,577 - tune.py [line:103] - INFO: Epoch 00860 | Time(s) 0.0839 | Val Loss 1.4000 | Val Acc 0.6769 | ETputs(KTEPS) 7746.98
2023-10-12 04:09:36,539 - tune.py [line:103] - INFO: Epoch 00880 | Time(s) 0.0831 | Val Loss 1.3813 | Val Acc 0.6813 | ETputs(KTEPS) 7822.94
2023-10-12 04:09:38,137 - tune.py [line:103] - INFO: Epoch 00900 | Time(s) 0.0830 | Val Loss 1.3287 | Val Acc 0.6879 | ETputs(KTEPS) 7829.75
2023-10-12 04:09:40,057 - tune.py [line:103] - INFO: Epoch 00920 | Time(s) 0.0833 | Val Loss 1.3730 | Val Acc 0.6923 | ETputs(KTEPS) 7803.41
2023-10-12 04:09:41,631 - tune.py [line:103] - INFO: Epoch 00940 | Time(s) 0.0832 | Val Loss 1.3729 | Val Acc 0.6747 | ETputs(KTEPS) 7812.65
2023-10-12 04:09:42,605 - tune.py [line:103] - INFO: Epoch 00960 | Time(s) 0.0825 | Val Loss 1.3606 | Val Acc 0.6989 | ETputs(KTEPS) 7880.83
2023-10-12 04:09:43,656 - tune.py [line:103] - INFO: Epoch 00980 | Time(s) 0.0819 | Val Loss 1.3814 | Val Acc 0.6945 | ETputs(KTEPS) 7939.77
2023-10-12 04:09:44,909 - tune.py [line:103] - INFO: Epoch 01000 | Time(s) 0.0815 | Val Loss 1.3552 | Val Acc 0.6857 | ETputs(KTEPS) 7977.30
2023-10-12 04:09:46,647 - tune.py [line:103] - INFO: Epoch 01020 | Time(s) 0.0816 | Val Loss 1.3696 | Val Acc 0.6725 | ETputs(KTEPS) 7967.01
2023-10-12 04:09:48,408 - tune.py [line:103] - INFO: Epoch 01040 | Time(s) 0.0817 | Val Loss 1.3662 | Val Acc 0.6901 | ETputs(KTEPS) 7955.04
2023-10-12 04:09:50,174 - tune.py [line:103] - INFO: Epoch 01060 | Time(s) 0.0819 | Val Loss 1.3338 | Val Acc 0.6879 | ETputs(KTEPS) 7943.07
2023-10-12 04:09:51,965 - tune.py [line:103] - INFO: Epoch 01080 | Time(s) 0.0820 | Val Loss 1.3622 | Val Acc 0.6835 | ETputs(KTEPS) 7929.25
2023-10-12 04:09:53,755 - tune.py [line:103] - INFO: Epoch 01100 | Time(s) 0.0821 | Val Loss 1.3150 | Val Acc 0.6725 | ETputs(KTEPS) 7916.16
2023-10-12 04:09:55,586 - tune.py [line:103] - INFO: Epoch 01120 | Time(s) 0.0823 | Val Loss 1.4158 | Val Acc 0.6813 | ETputs(KTEPS) 7900.06
2023-10-12 04:09:55,975 - tune.py [line:117] - INFO: [FINAL MODEL] Val accuracy 71.21% \Val loss: 1.4
2023-10-12 04:09:55,988 - tune.py [line:119] - INFO: [FINAL MODEL] Test accuracy 69.58% \Test loss: 1.4
2023-10-12 04:09:55,989 - tune.py [line:144] - INFO: Acc on the first split (Validation Set): 0.7121
2023-10-12 04:09:55,989 - tune.py [line:145] - INFO: Acc on the first split (Test Set): 0.6958
