2023-10-12 04:07:18,571 - tune.py [line:203] - INFO: Namespace(seed=42, model='GPRGNNV2', gpu=0, dataset='geom-chameleon', logging=True, log_detail=True, log_detailedCh=False, id_log=1012014503, optuna_n_trials=202, n_epochs=2000, self_loop=True, udgraph=True, early_stop=True, patience=300, n_hidden=64, n_cv=1, start_cv=0, n_layers=16, lr1=0.04, lr2=0.04, wd1=1e-05, wd2=1e-05, dropout=0.5, dropout2=0.7, alpha=0.9, es_ckpt='TestTuningScript-geom-chameleon_GPRGNNV2-geom-chameleon_trialNo79')
2023-10-12 04:07:19,417 - tune.py [line:128] - INFO: Split_seeds:[1824]
2023-10-12 04:07:19,417 - tune.py [line:129] - INFO: Model_seeds:[409]
2023-10-12 04:07:21,166 - tune.py [line:103] - INFO: Epoch 00020 | Time(s) 0.0856 | Val Loss 1.1904 | Val Acc 0.5692 | ETputs(KTEPS) 7594.05
2023-10-12 04:07:22,984 - tune.py [line:103] - INFO: Epoch 00040 | Time(s) 0.0881 | Val Loss 1.1853 | Val Acc 0.5407 | ETputs(KTEPS) 7382.25
2023-10-12 04:07:24,640 - tune.py [line:103] - INFO: Epoch 00060 | Time(s) 0.0862 | Val Loss 1.1607 | Val Acc 0.6022 | ETputs(KTEPS) 7543.55
2023-10-12 04:07:26,241 - tune.py [line:103] - INFO: Epoch 00080 | Time(s) 0.0846 | Val Loss 1.1883 | Val Acc 0.6154 | ETputs(KTEPS) 7688.01
2023-10-12 04:07:28,090 - tune.py [line:103] - INFO: Epoch 00100 | Time(s) 0.0861 | Val Loss 1.1580 | Val Acc 0.6088 | ETputs(KTEPS) 7547.79
2023-10-12 04:07:29,668 - tune.py [line:103] - INFO: Epoch 00120 | Time(s) 0.0849 | Val Loss 1.2272 | Val Acc 0.6308 | ETputs(KTEPS) 7657.67
2023-10-12 04:07:30,559 - tune.py [line:103] - INFO: Epoch 00140 | Time(s) 0.0791 | Val Loss 1.2249 | Val Acc 0.6374 | ETputs(KTEPS) 8219.28
2023-10-12 04:07:31,610 - tune.py [line:103] - INFO: Epoch 00160 | Time(s) 0.0758 | Val Loss 1.2323 | Val Acc 0.6396 | ETputs(KTEPS) 8581.43
2023-10-12 04:07:32,467 - tune.py [line:103] - INFO: Epoch 00180 | Time(s) 0.0721 | Val Loss 1.1899 | Val Acc 0.6242 | ETputs(KTEPS) 9018.46
2023-10-12 04:07:33,588 - tune.py [line:103] - INFO: Epoch 00200 | Time(s) 0.0705 | Val Loss 1.1750 | Val Acc 0.6484 | ETputs(KTEPS) 9225.96
2023-10-12 04:07:34,605 - tune.py [line:103] - INFO: Epoch 00220 | Time(s) 0.0687 | Val Loss 1.1707 | Val Acc 0.6593 | ETputs(KTEPS) 9467.41
2023-10-12 04:07:35,824 - tune.py [line:103] - INFO: Epoch 00240 | Time(s) 0.0680 | Val Loss 1.1831 | Val Acc 0.6549 | ETputs(KTEPS) 9557.13
2023-10-12 04:07:36,937 - tune.py [line:103] - INFO: Epoch 00260 | Time(s) 0.0671 | Val Loss 1.1551 | Val Acc 0.6659 | ETputs(KTEPS) 9695.34
2023-10-12 04:07:38,042 - tune.py [line:103] - INFO: Epoch 00280 | Time(s) 0.0662 | Val Loss 1.2043 | Val Acc 0.6615 | ETputs(KTEPS) 9819.29
2023-10-12 04:07:39,005 - tune.py [line:103] - INFO: Epoch 00300 | Time(s) 0.0650 | Val Loss 1.1502 | Val Acc 0.6769 | ETputs(KTEPS) 10001.39
2023-10-12 04:07:39,925 - tune.py [line:103] - INFO: Epoch 00320 | Time(s) 0.0638 | Val Loss 1.1610 | Val Acc 0.6725 | ETputs(KTEPS) 10187.88
2023-10-12 04:07:40,966 - tune.py [line:103] - INFO: Epoch 00340 | Time(s) 0.0631 | Val Loss 1.1405 | Val Acc 0.6857 | ETputs(KTEPS) 10299.84
2023-10-12 04:07:41,917 - tune.py [line:103] - INFO: Epoch 00360 | Time(s) 0.0623 | Val Loss 1.1634 | Val Acc 0.6835 | ETputs(KTEPS) 10444.58
2023-10-12 04:07:42,902 - tune.py [line:103] - INFO: Epoch 00380 | Time(s) 0.0616 | Val Loss 1.1641 | Val Acc 0.6615 | ETputs(KTEPS) 10561.04
2023-10-12 04:07:43,898 - tune.py [line:103] - INFO: Epoch 00400 | Time(s) 0.0610 | Val Loss 1.1929 | Val Acc 0.6593 | ETputs(KTEPS) 10662.85
2023-10-12 04:07:44,726 - tune.py [line:103] - INFO: Epoch 00420 | Time(s) 0.0600 | Val Loss 1.1814 | Val Acc 0.6659 | ETputs(KTEPS) 10828.74
2023-10-12 04:07:45,881 - tune.py [line:103] - INFO: Epoch 00440 | Time(s) 0.0599 | Val Loss 1.1760 | Val Acc 0.6703 | ETputs(KTEPS) 10847.91
2023-10-12 04:07:46,869 - tune.py [line:103] - INFO: Epoch 00460 | Time(s) 0.0595 | Val Loss 1.1491 | Val Acc 0.6681 | ETputs(KTEPS) 10931.82
2023-10-12 04:07:48,039 - tune.py [line:103] - INFO: Epoch 00480 | Time(s) 0.0594 | Val Loss 1.1623 | Val Acc 0.6725 | ETputs(KTEPS) 10940.82
2023-10-12 04:07:49,197 - tune.py [line:103] - INFO: Epoch 00500 | Time(s) 0.0594 | Val Loss 1.1334 | Val Acc 0.6967 | ETputs(KTEPS) 10954.13
2023-10-12 04:07:50,428 - tune.py [line:103] - INFO: Epoch 00520 | Time(s) 0.0594 | Val Loss 1.1463 | Val Acc 0.6923 | ETputs(KTEPS) 10939.83
2023-10-12 04:07:51,548 - tune.py [line:103] - INFO: Epoch 00540 | Time(s) 0.0593 | Val Loss 1.1481 | Val Acc 0.6769 | ETputs(KTEPS) 10963.59
2023-10-12 04:07:52,632 - tune.py [line:103] - INFO: Epoch 00560 | Time(s) 0.0591 | Val Loss 1.1400 | Val Acc 0.6857 | ETputs(KTEPS) 10997.49
2023-10-12 04:07:53,809 - tune.py [line:103] - INFO: Epoch 00580 | Time(s) 0.0591 | Val Loss 1.1488 | Val Acc 0.6769 | ETputs(KTEPS) 10999.42
2023-10-12 04:07:55,173 - tune.py [line:103] - INFO: Epoch 00600 | Time(s) 0.0594 | Val Loss 1.1502 | Val Acc 0.6813 | ETputs(KTEPS) 10943.72
2023-10-12 04:07:56,220 - tune.py [line:103] - INFO: Epoch 00620 | Time(s) 0.0592 | Val Loss 1.1555 | Val Acc 0.6857 | ETputs(KTEPS) 10985.86
2023-10-12 04:07:57,255 - tune.py [line:103] - INFO: Epoch 00640 | Time(s) 0.0590 | Val Loss 1.1632 | Val Acc 0.6791 | ETputs(KTEPS) 11029.29
2023-10-12 04:07:58,354 - tune.py [line:103] - INFO: Epoch 00660 | Time(s) 0.0588 | Val Loss 1.1448 | Val Acc 0.6901 | ETputs(KTEPS) 11052.15
2023-10-12 04:07:59,403 - tune.py [line:103] - INFO: Epoch 00680 | Time(s) 0.0586 | Val Loss 1.1472 | Val Acc 0.6681 | ETputs(KTEPS) 11087.91
2023-10-12 04:08:00,531 - tune.py [line:103] - INFO: Epoch 00700 | Time(s) 0.0586 | Val Loss 1.1603 | Val Acc 0.6725 | ETputs(KTEPS) 11100.15
2023-10-12 04:08:01,718 - tune.py [line:103] - INFO: Epoch 00720 | Time(s) 0.0586 | Val Loss 1.1562 | Val Acc 0.6791 | ETputs(KTEPS) 11096.25
2023-10-12 04:08:02,894 - tune.py [line:103] - INFO: Epoch 00740 | Time(s) 0.0586 | Val Loss 1.1836 | Val Acc 0.6703 | ETputs(KTEPS) 11095.38
2023-10-12 04:08:04,429 - tune.py [line:103] - INFO: Epoch 00760 | Time(s) 0.0591 | Val Loss 1.1538 | Val Acc 0.6703 | ETputs(KTEPS) 11005.81
2023-10-12 04:08:05,871 - tune.py [line:103] - INFO: Epoch 00780 | Time(s) 0.0594 | Val Loss 1.1599 | Val Acc 0.6681 | ETputs(KTEPS) 10944.10
2023-10-12 04:08:07,559 - tune.py [line:103] - INFO: Epoch 00800 | Time(s) 0.0600 | Val Loss 1.1177 | Val Acc 0.6681 | ETputs(KTEPS) 10830.28
2023-10-12 04:08:07,995 - tune.py [line:117] - INFO: [FINAL MODEL] Val accuracy 69.89% \Val loss: 1.1
2023-10-12 04:08:08,003 - tune.py [line:119] - INFO: [FINAL MODEL] Test accuracy 69.58% \Test loss: 1.2
2023-10-12 04:08:08,003 - tune.py [line:144] - INFO: Acc on the first split (Validation Set): 0.6989
2023-10-12 04:08:08,003 - tune.py [line:145] - INFO: Acc on the first split (Test Set): 0.6958
