2023-10-12 04:13:55,739 - tune.py [line:203] - INFO: Namespace(seed=42, model='GPRGNNV2', gpu=0, dataset='geom-chameleon', logging=True, log_detail=True, log_detailedCh=False, id_log=1012014503, optuna_n_trials=202, n_epochs=2000, self_loop=True, udgraph=True, early_stop=True, patience=300, n_hidden=64, n_cv=1, start_cv=0, n_layers=20, lr1=0.04, lr2=0.05, wd1=0.0001, wd2=1e-05, dropout=0.4, dropout2=0.7, alpha=0.5, es_ckpt='TestTuningScript-geom-chameleon_GPRGNNV2-geom-chameleon_trialNo116')
2023-10-12 04:13:56,612 - tune.py [line:128] - INFO: Split_seeds:[1824]
2023-10-12 04:13:56,612 - tune.py [line:129] - INFO: Model_seeds:[409]
2023-10-12 04:13:58,660 - tune.py [line:103] - INFO: Epoch 00020 | Time(s) 0.1010 | Val Loss 1.2094 | Val Acc 0.5670 | ETputs(KTEPS) 6434.80
2023-10-12 04:14:00,772 - tune.py [line:103] - INFO: Epoch 00040 | Time(s) 0.1030 | Val Loss 1.2557 | Val Acc 0.5846 | ETputs(KTEPS) 6310.37
2023-10-12 04:14:02,863 - tune.py [line:103] - INFO: Epoch 00060 | Time(s) 0.1034 | Val Loss 1.2893 | Val Acc 0.5934 | ETputs(KTEPS) 6290.94
2023-10-12 04:14:04,743 - tune.py [line:103] - INFO: Epoch 00080 | Time(s) 0.1010 | Val Loss 1.2369 | Val Acc 0.6176 | ETputs(KTEPS) 6440.22
2023-10-12 04:14:06,713 - tune.py [line:103] - INFO: Epoch 00100 | Time(s) 0.1004 | Val Loss 1.1980 | Val Acc 0.6352 | ETputs(KTEPS) 6474.19
2023-10-12 04:14:08,741 - tune.py [line:103] - INFO: Epoch 00120 | Time(s) 0.1005 | Val Loss 1.2806 | Val Acc 0.6440 | ETputs(KTEPS) 6466.38
2023-10-12 04:14:10,756 - tune.py [line:103] - INFO: Epoch 00140 | Time(s) 0.1006 | Val Loss 1.2373 | Val Acc 0.6440 | ETputs(KTEPS) 6464.91
2023-10-12 04:14:12,451 - tune.py [line:103] - INFO: Epoch 00160 | Time(s) 0.0986 | Val Loss 1.2495 | Val Acc 0.6330 | ETputs(KTEPS) 6594.55
2023-10-12 04:14:13,707 - tune.py [line:103] - INFO: Epoch 00180 | Time(s) 0.0946 | Val Loss 1.2685 | Val Acc 0.6264 | ETputs(KTEPS) 6873.09
2023-10-12 04:14:14,849 - tune.py [line:103] - INFO: Epoch 00200 | Time(s) 0.0908 | Val Loss 1.2327 | Val Acc 0.6352 | ETputs(KTEPS) 7157.18
2023-10-12 04:14:16,072 - tune.py [line:103] - INFO: Epoch 00220 | Time(s) 0.0881 | Val Loss 1.2233 | Val Acc 0.6505 | ETputs(KTEPS) 7377.73
2023-10-12 04:14:17,318 - tune.py [line:103] - INFO: Epoch 00240 | Time(s) 0.0860 | Val Loss 1.1917 | Val Acc 0.6505 | ETputs(KTEPS) 7563.23
2023-10-12 04:14:18,711 - tune.py [line:103] - INFO: Epoch 00260 | Time(s) 0.0847 | Val Loss 1.1665 | Val Acc 0.6462 | ETputs(KTEPS) 7675.45
2023-10-12 04:14:20,108 - tune.py [line:103] - INFO: Epoch 00280 | Time(s) 0.0836 | Val Loss 1.1937 | Val Acc 0.6440 | ETputs(KTEPS) 7773.00
2023-10-12 04:14:21,543 - tune.py [line:103] - INFO: Epoch 00300 | Time(s) 0.0828 | Val Loss 1.1978 | Val Acc 0.6440 | ETputs(KTEPS) 7848.52
2023-10-12 04:14:22,997 - tune.py [line:103] - INFO: Epoch 00320 | Time(s) 0.0822 | Val Loss 1.2223 | Val Acc 0.6659 | ETputs(KTEPS) 7909.29
2023-10-12 04:14:24,373 - tune.py [line:103] - INFO: Epoch 00340 | Time(s) 0.0814 | Val Loss 1.1786 | Val Acc 0.6637 | ETputs(KTEPS) 7986.07
2023-10-12 04:14:25,725 - tune.py [line:103] - INFO: Epoch 00360 | Time(s) 0.0806 | Val Loss 1.1976 | Val Acc 0.6571 | ETputs(KTEPS) 8062.07
2023-10-12 04:14:27,079 - tune.py [line:103] - INFO: Epoch 00380 | Time(s) 0.0800 | Val Loss 1.2750 | Val Acc 0.6703 | ETputs(KTEPS) 8131.18
2023-10-12 04:14:28,801 - tune.py [line:103] - INFO: Epoch 00400 | Time(s) 0.0803 | Val Loss 1.2285 | Val Acc 0.6549 | ETputs(KTEPS) 8100.08
2023-10-12 04:14:30,631 - tune.py [line:103] - INFO: Epoch 00420 | Time(s) 0.0808 | Val Loss 1.2035 | Val Acc 0.6659 | ETputs(KTEPS) 8046.63
2023-10-12 04:14:32,254 - tune.py [line:103] - INFO: Epoch 00440 | Time(s) 0.0808 | Val Loss 1.1712 | Val Acc 0.6659 | ETputs(KTEPS) 8045.25
2023-10-12 04:14:34,017 - tune.py [line:103] - INFO: Epoch 00460 | Time(s) 0.0811 | Val Loss 1.1672 | Val Acc 0.6462 | ETputs(KTEPS) 8013.74
2023-10-12 04:14:35,748 - tune.py [line:103] - INFO: Epoch 00480 | Time(s) 0.0814 | Val Loss 1.1403 | Val Acc 0.6725 | ETputs(KTEPS) 7991.79
2023-10-12 04:14:37,491 - tune.py [line:103] - INFO: Epoch 00500 | Time(s) 0.0816 | Val Loss 1.1314 | Val Acc 0.6703 | ETputs(KTEPS) 7969.87
2023-10-12 04:14:39,145 - tune.py [line:103] - INFO: Epoch 00520 | Time(s) 0.0816 | Val Loss 1.1683 | Val Acc 0.6505 | ETputs(KTEPS) 7965.73
2023-10-12 04:14:40,868 - tune.py [line:103] - INFO: Epoch 00540 | Time(s) 0.0818 | Val Loss 1.1507 | Val Acc 0.6527 | ETputs(KTEPS) 7949.46
2023-10-12 04:14:42,742 - tune.py [line:103] - INFO: Epoch 00560 | Time(s) 0.0822 | Val Loss 1.1944 | Val Acc 0.6593 | ETputs(KTEPS) 7908.57
2023-10-12 04:14:44,499 - tune.py [line:103] - INFO: Epoch 00580 | Time(s) 0.0824 | Val Loss 1.1859 | Val Acc 0.6703 | ETputs(KTEPS) 7889.99
2023-10-12 04:14:46,254 - tune.py [line:103] - INFO: Epoch 00600 | Time(s) 0.0826 | Val Loss 1.1902 | Val Acc 0.6703 | ETputs(KTEPS) 7873.10
2023-10-12 04:14:47,915 - tune.py [line:103] - INFO: Epoch 00620 | Time(s) 0.0826 | Val Loss 1.1943 | Val Acc 0.6747 | ETputs(KTEPS) 7871.66
2023-10-12 04:14:49,711 - tune.py [line:103] - INFO: Epoch 00640 | Time(s) 0.0828 | Val Loss 1.1903 | Val Acc 0.6879 | ETputs(KTEPS) 7851.06
2023-10-12 04:14:51,553 - tune.py [line:103] - INFO: Epoch 00660 | Time(s) 0.0831 | Val Loss 1.1297 | Val Acc 0.6857 | ETputs(KTEPS) 7824.58
2023-10-12 04:14:53,283 - tune.py [line:103] - INFO: Epoch 00680 | Time(s) 0.0832 | Val Loss 1.1957 | Val Acc 0.6593 | ETputs(KTEPS) 7815.22
2023-10-12 04:14:55,132 - tune.py [line:103] - INFO: Epoch 00700 | Time(s) 0.0835 | Val Loss 1.1614 | Val Acc 0.6747 | ETputs(KTEPS) 7790.57
2023-10-12 04:14:57,004 - tune.py [line:103] - INFO: Epoch 00720 | Time(s) 0.0837 | Val Loss 1.1651 | Val Acc 0.6703 | ETputs(KTEPS) 7764.44
2023-10-12 04:14:58,695 - tune.py [line:103] - INFO: Epoch 00740 | Time(s) 0.0838 | Val Loss 1.1604 | Val Acc 0.6813 | ETputs(KTEPS) 7762.49
2023-10-12 04:15:00,556 - tune.py [line:103] - INFO: Epoch 00760 | Time(s) 0.0840 | Val Loss 1.1675 | Val Acc 0.6725 | ETputs(KTEPS) 7740.01
2023-10-12 04:15:02,356 - tune.py [line:103] - INFO: Epoch 00780 | Time(s) 0.0842 | Val Loss 1.1751 | Val Acc 0.6725 | ETputs(KTEPS) 7725.91
2023-10-12 04:15:04,046 - tune.py [line:103] - INFO: Epoch 00800 | Time(s) 0.0842 | Val Loss 1.1989 | Val Acc 0.6769 | ETputs(KTEPS) 7725.20
2023-10-12 04:15:05,282 - tune.py [line:103] - INFO: Epoch 00820 | Time(s) 0.0836 | Val Loss 1.1902 | Val Acc 0.6659 | ETputs(KTEPS) 7775.77
2023-10-12 04:15:06,632 - tune.py [line:103] - INFO: Epoch 00840 | Time(s) 0.0832 | Val Loss 1.1374 | Val Acc 0.6769 | ETputs(KTEPS) 7811.63
2023-10-12 04:15:08,089 - tune.py [line:103] - INFO: Epoch 00860 | Time(s) 0.0830 | Val Loss 1.1454 | Val Acc 0.6747 | ETputs(KTEPS) 7834.54
2023-10-12 04:15:09,990 - tune.py [line:103] - INFO: Epoch 00880 | Time(s) 0.0833 | Val Loss 1.1329 | Val Acc 0.6659 | ETputs(KTEPS) 7808.75
2023-10-12 04:15:11,542 - tune.py [line:103] - INFO: Epoch 00900 | Time(s) 0.0831 | Val Loss 1.1252 | Val Acc 0.6659 | ETputs(KTEPS) 7820.63
2023-10-12 04:15:13,263 - tune.py [line:103] - INFO: Epoch 00920 | Time(s) 0.0832 | Val Loss 1.1733 | Val Acc 0.6681 | ETputs(KTEPS) 7814.81
2023-10-12 04:15:13,687 - tune.py [line:117] - INFO: [FINAL MODEL] Val accuracy 70.33% \Val loss: 1.1
2023-10-12 04:15:13,703 - tune.py [line:119] - INFO: [FINAL MODEL] Test accuracy 67.18% \Test loss: 1.1
2023-10-12 04:15:13,704 - tune.py [line:144] - INFO: Acc on the first split (Validation Set): 0.7033
2023-10-12 04:15:13,704 - tune.py [line:145] - INFO: Acc on the first split (Test Set): 0.6718
