2023-10-12 04:09:13,331 - tune.py [line:203] - INFO: Namespace(seed=42, model='GPRGNNV2', gpu=0, dataset='geom-chameleon', logging=True, log_detail=True, log_detailedCh=False, id_log=1012014503, optuna_n_trials=202, n_epochs=2000, self_loop=True, udgraph=True, early_stop=True, patience=300, n_hidden=64, n_cv=1, start_cv=0, n_layers=20, lr1=0.04, lr2=0.05, wd1=0.0001, wd2=0.0001, dropout=0.5, dropout2=0.6, alpha=0.5, es_ckpt='TestTuningScript-geom-chameleon_GPRGNNV2-geom-chameleon_trialNo100')
2023-10-12 04:09:14,202 - tune.py [line:128] - INFO: Split_seeds:[1824]
2023-10-12 04:09:14,202 - tune.py [line:129] - INFO: Model_seeds:[409]
2023-10-12 04:09:16,428 - tune.py [line:103] - INFO: Epoch 00020 | Time(s) 0.1084 | Val Loss 1.2026 | Val Acc 0.5582 | ETputs(KTEPS) 5998.82
2023-10-12 04:09:18,478 - tune.py [line:103] - INFO: Epoch 00040 | Time(s) 0.1050 | Val Loss 1.2602 | Val Acc 0.5692 | ETputs(KTEPS) 6189.47
2023-10-12 04:09:20,570 - tune.py [line:103] - INFO: Epoch 00060 | Time(s) 0.1048 | Val Loss 1.2182 | Val Acc 0.5934 | ETputs(KTEPS) 6204.32
2023-10-12 04:09:22,854 - tune.py [line:103] - INFO: Epoch 00080 | Time(s) 0.1071 | Val Loss 1.1657 | Val Acc 0.6022 | ETputs(KTEPS) 6069.92
2023-10-12 04:09:24,960 - tune.py [line:103] - INFO: Epoch 00100 | Time(s) 0.1067 | Val Loss 1.2050 | Val Acc 0.6220 | ETputs(KTEPS) 6094.26
2023-10-12 04:09:26,943 - tune.py [line:103] - INFO: Epoch 00120 | Time(s) 0.1053 | Val Loss 1.2064 | Val Acc 0.6440 | ETputs(KTEPS) 6171.86
2023-10-12 04:09:29,108 - tune.py [line:103] - INFO: Epoch 00140 | Time(s) 0.1057 | Val Loss 1.1827 | Val Acc 0.6308 | ETputs(KTEPS) 6148.79
2023-10-12 04:09:31,220 - tune.py [line:103] - INFO: Epoch 00160 | Time(s) 0.1057 | Val Loss 1.1418 | Val Acc 0.6549 | ETputs(KTEPS) 6150.02
2023-10-12 04:09:33,518 - tune.py [line:103] - INFO: Epoch 00180 | Time(s) 0.1067 | Val Loss 1.1565 | Val Acc 0.6440 | ETputs(KTEPS) 6092.32
2023-10-12 04:09:35,172 - tune.py [line:103] - INFO: Epoch 00200 | Time(s) 0.1043 | Val Loss 1.1671 | Val Acc 0.6440 | ETputs(KTEPS) 6232.71
2023-10-12 04:09:36,626 - tune.py [line:103] - INFO: Epoch 00220 | Time(s) 0.1014 | Val Loss 1.1460 | Val Acc 0.6440 | ETputs(KTEPS) 6409.43
2023-10-12 04:09:38,962 - tune.py [line:103] - INFO: Epoch 00240 | Time(s) 0.1027 | Val Loss 1.1960 | Val Acc 0.6198 | ETputs(KTEPS) 6329.80
2023-10-12 04:09:41,452 - tune.py [line:103] - INFO: Epoch 00260 | Time(s) 0.1044 | Val Loss 1.1532 | Val Acc 0.6462 | ETputs(KTEPS) 6228.33
2023-10-12 04:09:42,892 - tune.py [line:103] - INFO: Epoch 00280 | Time(s) 0.1021 | Val Loss 1.1368 | Val Acc 0.6725 | ETputs(KTEPS) 6371.19
2023-10-12 04:09:44,765 - tune.py [line:103] - INFO: Epoch 00300 | Time(s) 0.1015 | Val Loss 1.1487 | Val Acc 0.6505 | ETputs(KTEPS) 6406.52
2023-10-12 04:09:47,126 - tune.py [line:103] - INFO: Epoch 00320 | Time(s) 0.1025 | Val Loss 1.0981 | Val Acc 0.6725 | ETputs(KTEPS) 6341.89
2023-10-12 04:09:49,404 - tune.py [line:103] - INFO: Epoch 00340 | Time(s) 0.1032 | Val Loss 1.1150 | Val Acc 0.6659 | ETputs(KTEPS) 6301.73
2023-10-12 04:09:51,871 - tune.py [line:103] - INFO: Epoch 00360 | Time(s) 0.1043 | Val Loss 1.0966 | Val Acc 0.6791 | ETputs(KTEPS) 6234.02
2023-10-12 04:09:54,295 - tune.py [line:103] - INFO: Epoch 00380 | Time(s) 0.1052 | Val Loss 1.0942 | Val Acc 0.6791 | ETputs(KTEPS) 6181.43
2023-10-12 04:09:56,369 - tune.py [line:103] - INFO: Epoch 00400 | Time(s) 0.1051 | Val Loss 1.1385 | Val Acc 0.6549 | ETputs(KTEPS) 6186.19
2023-10-12 04:09:57,632 - tune.py [line:103] - INFO: Epoch 00420 | Time(s) 0.1031 | Val Loss 1.1192 | Val Acc 0.6571 | ETputs(KTEPS) 6306.18
2023-10-12 04:09:59,265 - tune.py [line:103] - INFO: Epoch 00440 | Time(s) 0.1021 | Val Loss 1.0941 | Val Acc 0.6484 | ETputs(KTEPS) 6366.49
2023-10-12 04:10:00,954 - tune.py [line:103] - INFO: Epoch 00460 | Time(s) 0.1014 | Val Loss 1.1141 | Val Acc 0.6549 | ETputs(KTEPS) 6414.89
2023-10-12 04:10:02,378 - tune.py [line:103] - INFO: Epoch 00480 | Time(s) 0.1001 | Val Loss 1.1068 | Val Acc 0.6681 | ETputs(KTEPS) 6495.45
2023-10-12 04:10:03,994 - tune.py [line:103] - INFO: Epoch 00500 | Time(s) 0.0993 | Val Loss 1.0959 | Val Acc 0.6637 | ETputs(KTEPS) 6546.12
2023-10-12 04:10:05,611 - tune.py [line:103] - INFO: Epoch 00520 | Time(s) 0.0986 | Val Loss 1.0857 | Val Acc 0.6593 | ETputs(KTEPS) 6593.41
2023-10-12 04:10:07,029 - tune.py [line:103] - INFO: Epoch 00540 | Time(s) 0.0976 | Val Loss 1.1122 | Val Acc 0.6857 | ETputs(KTEPS) 6663.19
2023-10-12 04:10:08,497 - tune.py [line:103] - INFO: Epoch 00560 | Time(s) 0.0967 | Val Loss 1.1085 | Val Acc 0.6857 | ETputs(KTEPS) 6723.64
2023-10-12 04:10:09,904 - tune.py [line:103] - INFO: Epoch 00580 | Time(s) 0.0958 | Val Loss 1.0920 | Val Acc 0.6747 | ETputs(KTEPS) 6787.50
2023-10-12 04:10:11,435 - tune.py [line:103] - INFO: Epoch 00600 | Time(s) 0.0951 | Val Loss 1.0875 | Val Acc 0.6659 | ETputs(KTEPS) 6833.54
2023-10-12 04:10:12,948 - tune.py [line:103] - INFO: Epoch 00620 | Time(s) 0.0945 | Val Loss 1.1259 | Val Acc 0.6769 | ETputs(KTEPS) 6879.16
2023-10-12 04:10:14,450 - tune.py [line:103] - INFO: Epoch 00640 | Time(s) 0.0939 | Val Loss 1.0903 | Val Acc 0.6813 | ETputs(KTEPS) 6923.70
2023-10-12 04:10:15,888 - tune.py [line:103] - INFO: Epoch 00660 | Time(s) 0.0932 | Val Loss 1.1354 | Val Acc 0.6637 | ETputs(KTEPS) 6973.23
2023-10-12 04:10:17,410 - tune.py [line:103] - INFO: Epoch 00680 | Time(s) 0.0927 | Val Loss 1.1364 | Val Acc 0.6637 | ETputs(KTEPS) 7011.20
2023-10-12 04:10:18,903 - tune.py [line:103] - INFO: Epoch 00700 | Time(s) 0.0922 | Val Loss 1.1234 | Val Acc 0.6637 | ETputs(KTEPS) 7050.57
2023-10-12 04:10:20,474 - tune.py [line:103] - INFO: Epoch 00720 | Time(s) 0.0918 | Val Loss 1.1130 | Val Acc 0.6725 | ETputs(KTEPS) 7079.88
2023-10-12 04:10:21,899 - tune.py [line:103] - INFO: Epoch 00740 | Time(s) 0.0913 | Val Loss 1.1395 | Val Acc 0.6769 | ETputs(KTEPS) 7123.11
2023-10-12 04:10:23,405 - tune.py [line:103] - INFO: Epoch 00760 | Time(s) 0.0909 | Val Loss 1.1688 | Val Acc 0.6418 | ETputs(KTEPS) 7156.09
2023-10-12 04:10:24,874 - tune.py [line:103] - INFO: Epoch 00780 | Time(s) 0.0904 | Val Loss 1.0905 | Val Acc 0.6659 | ETputs(KTEPS) 7191.53
2023-10-12 04:10:26,303 - tune.py [line:103] - INFO: Epoch 00800 | Time(s) 0.0899 | Val Loss 1.1081 | Val Acc 0.6747 | ETputs(KTEPS) 7229.51
2023-10-12 04:10:27,805 - tune.py [line:103] - INFO: Epoch 00820 | Time(s) 0.0896 | Val Loss 1.1369 | Val Acc 0.6703 | ETputs(KTEPS) 7258.78
2023-10-12 04:10:29,489 - tune.py [line:103] - INFO: Epoch 00840 | Time(s) 0.0894 | Val Loss 1.1250 | Val Acc 0.6747 | ETputs(KTEPS) 7269.17
2023-10-12 04:10:30,840 - tune.py [line:103] - INFO: Epoch 00860 | Time(s) 0.0889 | Val Loss 1.0848 | Val Acc 0.6681 | ETputs(KTEPS) 7310.90
2023-10-12 04:10:32,456 - tune.py [line:103] - INFO: Epoch 00880 | Time(s) 0.0887 | Val Loss 1.1406 | Val Acc 0.6549 | ETputs(KTEPS) 7326.14
2023-10-12 04:10:32,975 - tune.py [line:117] - INFO: [FINAL MODEL] Val accuracy 69.89% \Val loss: 1.1
2023-10-12 04:10:32,987 - tune.py [line:119] - INFO: [FINAL MODEL] Test accuracy 68.05% \Test loss: 1.0
2023-10-12 04:10:32,988 - tune.py [line:144] - INFO: Acc on the first split (Validation Set): 0.6989
2023-10-12 04:10:32,988 - tune.py [line:145] - INFO: Acc on the first split (Test Set): 0.6805
