2023-10-12 04:00:13,786 - tune.py [line:203] - INFO: Namespace(seed=42, model='GPRGNNV2', gpu=0, dataset='geom-chameleon', logging=True, log_detail=True, log_detailedCh=False, id_log=1012014503, optuna_n_trials=202, n_epochs=2000, self_loop=True, udgraph=True, early_stop=True, patience=300, n_hidden=64, n_cv=1, start_cv=0, n_layers=20, lr1=0.05, lr2=0.05, wd1=0.0001, wd2=0.0001, dropout=0.4, dropout2=0.5, alpha=0.6, es_ckpt='TestTuningScript-geom-chameleon_GPRGNNV2-geom-chameleon_trialNo55')
2023-10-12 04:00:14,699 - tune.py [line:128] - INFO: Split_seeds:[1824]
2023-10-12 04:00:14,699 - tune.py [line:129] - INFO: Model_seeds:[409]
2023-10-12 04:00:16,400 - tune.py [line:103] - INFO: Epoch 00020 | Time(s) 0.0835 | Val Loss 1.2767 | Val Acc 0.5780 | ETputs(KTEPS) 7787.69
2023-10-12 04:00:18,122 - tune.py [line:103] - INFO: Epoch 00040 | Time(s) 0.0847 | Val Loss 1.5508 | Val Acc 0.5736 | ETputs(KTEPS) 7674.07
2023-10-12 04:00:19,840 - tune.py [line:103] - INFO: Epoch 00060 | Time(s) 0.0850 | Val Loss 1.5809 | Val Acc 0.5714 | ETputs(KTEPS) 7646.78
2023-10-12 04:00:21,446 - tune.py [line:103] - INFO: Epoch 00080 | Time(s) 0.0838 | Val Loss 1.5181 | Val Acc 0.5758 | ETputs(KTEPS) 7758.06
2023-10-12 04:00:23,249 - tune.py [line:103] - INFO: Epoch 00100 | Time(s) 0.0850 | Val Loss 1.4807 | Val Acc 0.5978 | ETputs(KTEPS) 7646.51
2023-10-12 04:00:24,889 - tune.py [line:103] - INFO: Epoch 00120 | Time(s) 0.0844 | Val Loss 1.5027 | Val Acc 0.6176 | ETputs(KTEPS) 7701.20
2023-10-12 04:00:26,653 - tune.py [line:103] - INFO: Epoch 00140 | Time(s) 0.0849 | Val Loss 1.4383 | Val Acc 0.6396 | ETputs(KTEPS) 7654.29
2023-10-12 04:00:28,359 - tune.py [line:103] - INFO: Epoch 00160 | Time(s) 0.0850 | Val Loss 1.5100 | Val Acc 0.6132 | ETputs(KTEPS) 7650.95
2023-10-12 04:00:29,817 - tune.py [line:103] - INFO: Epoch 00180 | Time(s) 0.0836 | Val Loss 1.4939 | Val Acc 0.6022 | ETputs(KTEPS) 7774.12
2023-10-12 04:00:31,611 - tune.py [line:103] - INFO: Epoch 00200 | Time(s) 0.0842 | Val Loss 1.4603 | Val Acc 0.6352 | ETputs(KTEPS) 7718.32
2023-10-12 04:00:33,047 - tune.py [line:103] - INFO: Epoch 00220 | Time(s) 0.0831 | Val Loss 1.3592 | Val Acc 0.6462 | ETputs(KTEPS) 7824.59
2023-10-12 04:00:34,044 - tune.py [line:103] - INFO: Epoch 00240 | Time(s) 0.0803 | Val Loss 1.4258 | Val Acc 0.6330 | ETputs(KTEPS) 8097.05
2023-10-12 04:00:35,231 - tune.py [line:103] - INFO: Epoch 00260 | Time(s) 0.0787 | Val Loss 1.3881 | Val Acc 0.6505 | ETputs(KTEPS) 8263.95
2023-10-12 04:00:36,952 - tune.py [line:103] - INFO: Epoch 00280 | Time(s) 0.0792 | Val Loss 1.4249 | Val Acc 0.6374 | ETputs(KTEPS) 8209.39
2023-10-12 04:00:38,799 - tune.py [line:103] - INFO: Epoch 00300 | Time(s) 0.0801 | Val Loss 1.4559 | Val Acc 0.6418 | ETputs(KTEPS) 8119.75
2023-10-12 04:00:40,498 - tune.py [line:103] - INFO: Epoch 00320 | Time(s) 0.0804 | Val Loss 1.3948 | Val Acc 0.6396 | ETputs(KTEPS) 8089.24
2023-10-12 04:00:42,317 - tune.py [line:103] - INFO: Epoch 00340 | Time(s) 0.0810 | Val Loss 1.4079 | Val Acc 0.6374 | ETputs(KTEPS) 8027.18
2023-10-12 04:00:44,166 - tune.py [line:103] - INFO: Epoch 00360 | Time(s) 0.0816 | Val Loss 1.4301 | Val Acc 0.6527 | ETputs(KTEPS) 7964.94
2023-10-12 04:00:46,033 - tune.py [line:103] - INFO: Epoch 00380 | Time(s) 0.0822 | Val Loss 1.3945 | Val Acc 0.6615 | ETputs(KTEPS) 7905.17
2023-10-12 04:00:47,838 - tune.py [line:103] - INFO: Epoch 00400 | Time(s) 0.0826 | Val Loss 1.3949 | Val Acc 0.6396 | ETputs(KTEPS) 7867.07
2023-10-12 04:00:49,689 - tune.py [line:103] - INFO: Epoch 00420 | Time(s) 0.0831 | Val Loss 1.4392 | Val Acc 0.6418 | ETputs(KTEPS) 7822.51
2023-10-12 04:00:51,588 - tune.py [line:103] - INFO: Epoch 00440 | Time(s) 0.0837 | Val Loss 1.3942 | Val Acc 0.6396 | ETputs(KTEPS) 7772.41
2023-10-12 04:00:53,491 - tune.py [line:103] - INFO: Epoch 00460 | Time(s) 0.0842 | Val Loss 1.3427 | Val Acc 0.6308 | ETputs(KTEPS) 7726.25
2023-10-12 04:00:55,411 - tune.py [line:103] - INFO: Epoch 00480 | Time(s) 0.0846 | Val Loss 1.3040 | Val Acc 0.6549 | ETputs(KTEPS) 7681.45
2023-10-12 04:00:57,235 - tune.py [line:103] - INFO: Epoch 00500 | Time(s) 0.0849 | Val Loss 1.3509 | Val Acc 0.6374 | ETputs(KTEPS) 7657.89
2023-10-12 04:00:59,225 - tune.py [line:103] - INFO: Epoch 00520 | Time(s) 0.0855 | Val Loss 1.3568 | Val Acc 0.6440 | ETputs(KTEPS) 7607.65
2023-10-12 04:01:00,904 - tune.py [line:103] - INFO: Epoch 00540 | Time(s) 0.0854 | Val Loss 1.3186 | Val Acc 0.6418 | ETputs(KTEPS) 7613.24
2023-10-12 04:01:02,828 - tune.py [line:103] - INFO: Epoch 00560 | Time(s) 0.0858 | Val Loss 1.4013 | Val Acc 0.6352 | ETputs(KTEPS) 7579.04
2023-10-12 04:01:04,900 - tune.py [line:103] - INFO: Epoch 00580 | Time(s) 0.0864 | Val Loss 1.3672 | Val Acc 0.6484 | ETputs(KTEPS) 7525.26
2023-10-12 04:01:06,805 - tune.py [line:103] - INFO: Epoch 00600 | Time(s) 0.0867 | Val Loss 1.3518 | Val Acc 0.6527 | ETputs(KTEPS) 7499.87
2023-10-12 04:01:08,203 - tune.py [line:103] - INFO: Epoch 00620 | Time(s) 0.0862 | Val Loss 1.3217 | Val Acc 0.6637 | ETputs(KTEPS) 7547.02
2023-10-12 04:01:09,697 - tune.py [line:103] - INFO: Epoch 00640 | Time(s) 0.0858 | Val Loss 1.3416 | Val Acc 0.6527 | ETputs(KTEPS) 7578.64
2023-10-12 04:01:13,787 - tune.py [line:103] - INFO: Epoch 00660 | Time(s) 0.0894 | Val Loss 1.3921 | Val Acc 0.6615 | ETputs(KTEPS) 7273.84
2023-10-12 04:01:15,178 - tune.py [line:103] - INFO: Epoch 00680 | Time(s) 0.0888 | Val Loss 1.4220 | Val Acc 0.6593 | ETputs(KTEPS) 7321.61
2023-10-12 04:01:16,484 - tune.py [line:103] - INFO: Epoch 00700 | Time(s) 0.0881 | Val Loss 1.3758 | Val Acc 0.6593 | ETputs(KTEPS) 7377.58
2023-10-12 04:01:17,807 - tune.py [line:103] - INFO: Epoch 00720 | Time(s) 0.0875 | Val Loss 1.3300 | Val Acc 0.6549 | ETputs(KTEPS) 7429.07
2023-10-12 04:01:19,161 - tune.py [line:103] - INFO: Epoch 00740 | Time(s) 0.0870 | Val Loss 1.3451 | Val Acc 0.6637 | ETputs(KTEPS) 7474.97
2023-10-12 04:01:20,579 - tune.py [line:103] - INFO: Epoch 00760 | Time(s) 0.0866 | Val Loss 1.4048 | Val Acc 0.6418 | ETputs(KTEPS) 7511.51
2023-10-12 04:01:21,673 - tune.py [line:103] - INFO: Epoch 00780 | Time(s) 0.0857 | Val Loss 1.3506 | Val Acc 0.6725 | ETputs(KTEPS) 7583.23
2023-10-12 04:01:22,932 - tune.py [line:103] - INFO: Epoch 00800 | Time(s) 0.0852 | Val Loss 1.4464 | Val Acc 0.6571 | ETputs(KTEPS) 7634.32
2023-10-12 04:01:24,297 - tune.py [line:103] - INFO: Epoch 00820 | Time(s) 0.0848 | Val Loss 1.3986 | Val Acc 0.6462 | ETputs(KTEPS) 7671.57
2023-10-12 04:01:25,471 - tune.py [line:103] - INFO: Epoch 00840 | Time(s) 0.0841 | Val Loss 1.4188 | Val Acc 0.6462 | ETputs(KTEPS) 7728.16
2023-10-12 04:01:26,744 - tune.py [line:103] - INFO: Epoch 00860 | Time(s) 0.0837 | Val Loss 1.3342 | Val Acc 0.6462 | ETputs(KTEPS) 7772.28
2023-10-12 04:01:27,898 - tune.py [line:103] - INFO: Epoch 00880 | Time(s) 0.0831 | Val Loss 1.3524 | Val Acc 0.6659 | ETputs(KTEPS) 7827.52
2023-10-12 04:01:29,163 - tune.py [line:103] - INFO: Epoch 00900 | Time(s) 0.0826 | Val Loss 1.3871 | Val Acc 0.6549 | ETputs(KTEPS) 7869.71
2023-10-12 04:01:30,410 - tune.py [line:103] - INFO: Epoch 00920 | Time(s) 0.0822 | Val Loss 1.3723 | Val Acc 0.6462 | ETputs(KTEPS) 7911.95
2023-10-12 04:01:31,723 - tune.py [line:103] - INFO: Epoch 00940 | Time(s) 0.0818 | Val Loss 1.4020 | Val Acc 0.6505 | ETputs(KTEPS) 7946.10
2023-10-12 04:01:33,231 - tune.py [line:103] - INFO: Epoch 00960 | Time(s) 0.0817 | Val Loss 1.3835 | Val Acc 0.6374 | ETputs(KTEPS) 7959.17
2023-10-12 04:01:34,750 - tune.py [line:103] - INFO: Epoch 00980 | Time(s) 0.0816 | Val Loss 1.3842 | Val Acc 0.6440 | ETputs(KTEPS) 7970.72
2023-10-12 04:01:36,178 - tune.py [line:103] - INFO: Epoch 01000 | Time(s) 0.0814 | Val Loss 1.3611 | Val Acc 0.6505 | ETputs(KTEPS) 7990.72
2023-10-12 04:01:37,634 - tune.py [line:103] - INFO: Epoch 01020 | Time(s) 0.0812 | Val Loss 1.4041 | Val Acc 0.6352 | ETputs(KTEPS) 8007.33
2023-10-12 04:01:39,336 - tune.py [line:103] - INFO: Epoch 01040 | Time(s) 0.0813 | Val Loss 1.4576 | Val Acc 0.6484 | ETputs(KTEPS) 7999.96
2023-10-12 04:01:41,052 - tune.py [line:103] - INFO: Epoch 01060 | Time(s) 0.0814 | Val Loss 1.4082 | Val Acc 0.6527 | ETputs(KTEPS) 7991.68
2023-10-12 04:01:42,664 - tune.py [line:103] - INFO: Epoch 01080 | Time(s) 0.0813 | Val Loss 1.3808 | Val Acc 0.6659 | ETputs(KTEPS) 7993.49
2023-10-12 04:01:44,299 - tune.py [line:103] - INFO: Epoch 01100 | Time(s) 0.0813 | Val Loss 1.3761 | Val Acc 0.6462 | ETputs(KTEPS) 7992.83
2023-10-12 04:01:45,803 - tune.py [line:103] - INFO: Epoch 01120 | Time(s) 0.0812 | Val Loss 1.4066 | Val Acc 0.6505 | ETputs(KTEPS) 8004.01
2023-10-12 04:01:47,327 - tune.py [line:103] - INFO: Epoch 01140 | Time(s) 0.0811 | Val Loss 1.4352 | Val Acc 0.6571 | ETputs(KTEPS) 8012.76
2023-10-12 04:01:48,940 - tune.py [line:103] - INFO: Epoch 01160 | Time(s) 0.0811 | Val Loss 1.3920 | Val Acc 0.6396 | ETputs(KTEPS) 8013.65
2023-10-12 04:01:50,502 - tune.py [line:103] - INFO: Epoch 01180 | Time(s) 0.0811 | Val Loss 1.4096 | Val Acc 0.6462 | ETputs(KTEPS) 8018.82
2023-10-12 04:01:52,115 - tune.py [line:103] - INFO: Epoch 01200 | Time(s) 0.0811 | Val Loss 1.4249 | Val Acc 0.6440 | ETputs(KTEPS) 8019.56
2023-10-12 04:01:53,744 - tune.py [line:103] - INFO: Epoch 01220 | Time(s) 0.0811 | Val Loss 1.4123 | Val Acc 0.6462 | ETputs(KTEPS) 8019.04
2023-10-12 04:01:55,422 - tune.py [line:103] - INFO: Epoch 01240 | Time(s) 0.0811 | Val Loss 1.3910 | Val Acc 0.6440 | ETputs(KTEPS) 8014.65
2023-10-12 04:01:57,146 - tune.py [line:103] - INFO: Epoch 01260 | Time(s) 0.0812 | Val Loss 1.4379 | Val Acc 0.6505 | ETputs(KTEPS) 8006.72
2023-10-12 04:01:58,863 - tune.py [line:103] - INFO: Epoch 01280 | Time(s) 0.0813 | Val Loss 1.4781 | Val Acc 0.6549 | ETputs(KTEPS) 7999.65
2023-10-12 04:02:00,620 - tune.py [line:103] - INFO: Epoch 01300 | Time(s) 0.0814 | Val Loss 1.5200 | Val Acc 0.6462 | ETputs(KTEPS) 7989.90
2023-10-12 04:02:02,118 - tune.py [line:103] - INFO: Epoch 01320 | Time(s) 0.0813 | Val Loss 1.4176 | Val Acc 0.6418 | ETputs(KTEPS) 7999.59
2023-10-12 04:02:03,697 - tune.py [line:103] - INFO: Epoch 01340 | Time(s) 0.0812 | Val Loss 1.3659 | Val Acc 0.6462 | ETputs(KTEPS) 8003.05
2023-10-12 04:02:05,268 - tune.py [line:103] - INFO: Epoch 01360 | Time(s) 0.0812 | Val Loss 1.3826 | Val Acc 0.6593 | ETputs(KTEPS) 8007.02
2023-10-12 04:02:06,975 - tune.py [line:103] - INFO: Epoch 01380 | Time(s) 0.0813 | Val Loss 1.4348 | Val Acc 0.6308 | ETputs(KTEPS) 8001.19
2023-10-12 04:02:08,621 - tune.py [line:103] - INFO: Epoch 01400 | Time(s) 0.0813 | Val Loss 1.3289 | Val Acc 0.6615 | ETputs(KTEPS) 7999.73
2023-10-12 04:02:09,247 - tune.py [line:117] - INFO: [FINAL MODEL] Val accuracy 68.57% \Val loss: 1.4
2023-10-12 04:02:09,262 - tune.py [line:119] - INFO: [FINAL MODEL] Test accuracy 65.86% \Test loss: 1.3
2023-10-12 04:02:09,262 - tune.py [line:144] - INFO: Acc on the first split (Validation Set): 0.6857
2023-10-12 04:02:09,262 - tune.py [line:145] - INFO: Acc on the first split (Test Set): 0.6586
