2023-10-12 04:04:40,735 - tune.py [line:203] - INFO: Namespace(seed=42, model='GPRGNNV2', gpu=0, dataset='geom-chameleon', logging=True, log_detail=True, log_detailedCh=False, id_log=1012014503, optuna_n_trials=202, n_epochs=2000, self_loop=True, udgraph=True, early_stop=True, patience=300, n_hidden=64, n_cv=1, start_cv=0, n_layers=20, lr1=0.04, lr2=0.05, wd1=0.0001, wd2=0.0001, dropout=0.4, dropout2=0.6, alpha=0.5, es_ckpt='TestTuningScript-geom-chameleon_GPRGNNV2-geom-chameleon_trialNo70')
2023-10-12 04:04:41,539 - tune.py [line:128] - INFO: Split_seeds:[1824]
2023-10-12 04:04:41,539 - tune.py [line:129] - INFO: Model_seeds:[409]
2023-10-12 04:04:43,241 - tune.py [line:103] - INFO: Epoch 00020 | Time(s) 0.0840 | Val Loss 1.2401 | Val Acc 0.5604 | ETputs(KTEPS) 7736.56
2023-10-12 04:04:44,898 - tune.py [line:103] - INFO: Epoch 00040 | Time(s) 0.0831 | Val Loss 1.3905 | Val Acc 0.5978 | ETputs(KTEPS) 7825.04
2023-10-12 04:04:46,836 - tune.py [line:103] - INFO: Epoch 00060 | Time(s) 0.0875 | Val Loss 1.4452 | Val Acc 0.6066 | ETputs(KTEPS) 7431.03
2023-10-12 04:04:48,632 - tune.py [line:103] - INFO: Epoch 00080 | Time(s) 0.0881 | Val Loss 1.4206 | Val Acc 0.6066 | ETputs(KTEPS) 7382.55
2023-10-12 04:04:50,317 - tune.py [line:103] - INFO: Epoch 00100 | Time(s) 0.0872 | Val Loss 1.3535 | Val Acc 0.6220 | ETputs(KTEPS) 7456.83
2023-10-12 04:04:52,247 - tune.py [line:103] - INFO: Epoch 00120 | Time(s) 0.0887 | Val Loss 1.3927 | Val Acc 0.6440 | ETputs(KTEPS) 7333.23
2023-10-12 04:04:54,115 - tune.py [line:103] - INFO: Epoch 00140 | Time(s) 0.0893 | Val Loss 1.3582 | Val Acc 0.6571 | ETputs(KTEPS) 7277.74
2023-10-12 04:04:55,899 - tune.py [line:103] - INFO: Epoch 00160 | Time(s) 0.0893 | Val Loss 1.4535 | Val Acc 0.6264 | ETputs(KTEPS) 7281.10
2023-10-12 04:04:57,692 - tune.py [line:103] - INFO: Epoch 00180 | Time(s) 0.0893 | Val Loss 1.4407 | Val Acc 0.6374 | ETputs(KTEPS) 7278.08
2023-10-12 04:04:59,611 - tune.py [line:103] - INFO: Epoch 00200 | Time(s) 0.0900 | Val Loss 1.4015 | Val Acc 0.6264 | ETputs(KTEPS) 7224.68
2023-10-12 04:05:01,419 - tune.py [line:103] - INFO: Epoch 00220 | Time(s) 0.0900 | Val Loss 1.3530 | Val Acc 0.6330 | ETputs(KTEPS) 7222.15
2023-10-12 04:05:02,989 - tune.py [line:103] - INFO: Epoch 00240 | Time(s) 0.0891 | Val Loss 1.3932 | Val Acc 0.6352 | ETputs(KTEPS) 7301.07
2023-10-12 04:05:04,140 - tune.py [line:103] - INFO: Epoch 00260 | Time(s) 0.0866 | Val Loss 1.3202 | Val Acc 0.6396 | ETputs(KTEPS) 7505.41
2023-10-12 04:05:05,236 - tune.py [line:103] - INFO: Epoch 00280 | Time(s) 0.0844 | Val Loss 1.3458 | Val Acc 0.6286 | ETputs(KTEPS) 7707.89
2023-10-12 04:05:06,152 - tune.py [line:103] - INFO: Epoch 00300 | Time(s) 0.0818 | Val Loss 1.2790 | Val Acc 0.6418 | ETputs(KTEPS) 7950.50
2023-10-12 04:05:07,087 - tune.py [line:103] - INFO: Epoch 00320 | Time(s) 0.0796 | Val Loss 1.2973 | Val Acc 0.6527 | ETputs(KTEPS) 8170.82
2023-10-12 04:05:08,008 - tune.py [line:103] - INFO: Epoch 00340 | Time(s) 0.0776 | Val Loss 1.3128 | Val Acc 0.6527 | ETputs(KTEPS) 8378.59
2023-10-12 04:05:09,083 - tune.py [line:103] - INFO: Epoch 00360 | Time(s) 0.0763 | Val Loss 1.3319 | Val Acc 0.6352 | ETputs(KTEPS) 8524.32
2023-10-12 04:05:10,383 - tune.py [line:103] - INFO: Epoch 00380 | Time(s) 0.0757 | Val Loss 1.3394 | Val Acc 0.6462 | ETputs(KTEPS) 8591.55
2023-10-12 04:05:11,513 - tune.py [line:103] - INFO: Epoch 00400 | Time(s) 0.0747 | Val Loss 1.3550 | Val Acc 0.6440 | ETputs(KTEPS) 8701.75
2023-10-12 04:05:12,825 - tune.py [line:103] - INFO: Epoch 00420 | Time(s) 0.0743 | Val Loss 1.3652 | Val Acc 0.6440 | ETputs(KTEPS) 8752.80
2023-10-12 04:05:14,639 - tune.py [line:103] - INFO: Epoch 00440 | Time(s) 0.0750 | Val Loss 1.3435 | Val Acc 0.6484 | ETputs(KTEPS) 8666.02
2023-10-12 04:05:15,642 - tune.py [line:103] - INFO: Epoch 00460 | Time(s) 0.0739 | Val Loss 1.3567 | Val Acc 0.6352 | ETputs(KTEPS) 8792.89
2023-10-12 04:05:16,577 - tune.py [line:103] - INFO: Epoch 00480 | Time(s) 0.0728 | Val Loss 1.3370 | Val Acc 0.6527 | ETputs(KTEPS) 8929.91
2023-10-12 04:05:17,581 - tune.py [line:103] - INFO: Epoch 00500 | Time(s) 0.0719 | Val Loss 1.3493 | Val Acc 0.6505 | ETputs(KTEPS) 9042.35
2023-10-12 04:05:19,060 - tune.py [line:103] - INFO: Epoch 00520 | Time(s) 0.0720 | Val Loss 1.3062 | Val Acc 0.6418 | ETputs(KTEPS) 9032.65
2023-10-12 04:05:20,071 - tune.py [line:103] - INFO: Epoch 00540 | Time(s) 0.0712 | Val Loss 1.3050 | Val Acc 0.6505 | ETputs(KTEPS) 9133.58
2023-10-12 04:05:20,991 - tune.py [line:103] - INFO: Epoch 00560 | Time(s) 0.0703 | Val Loss 1.3152 | Val Acc 0.6615 | ETputs(KTEPS) 9250.61
2023-10-12 04:05:22,177 - tune.py [line:103] - INFO: Epoch 00580 | Time(s) 0.0699 | Val Loss 1.3026 | Val Acc 0.6549 | ETputs(KTEPS) 9300.97
2023-10-12 04:05:23,524 - tune.py [line:103] - INFO: Epoch 00600 | Time(s) 0.0698 | Val Loss 1.2967 | Val Acc 0.6615 | ETputs(KTEPS) 9312.51
2023-10-12 04:05:23,819 - tune.py [line:117] - INFO: [FINAL MODEL] Val accuracy 66.81% \Val loss: 1.3
2023-10-12 04:05:23,832 - tune.py [line:119] - INFO: [FINAL MODEL] Test accuracy 65.65% \Test loss: 1.3
2023-10-12 04:05:23,833 - tune.py [line:144] - INFO: Acc on the first split (Validation Set): 0.6681
2023-10-12 04:05:23,833 - tune.py [line:145] - INFO: Acc on the first split (Test Set): 0.6565
