2023-10-12 04:16:27,175 - tune.py [line:203] - INFO: Namespace(seed=42, model='GPRGNNV2', gpu=0, dataset='geom-chameleon', logging=True, log_detail=True, log_detailedCh=False, id_log=1012014503, optuna_n_trials=202, n_epochs=2000, self_loop=True, udgraph=True, early_stop=True, patience=300, n_hidden=64, n_cv=1, start_cv=0, n_layers=20, lr1=0.04, lr2=0.05, wd1=0.0001, wd2=1e-08, dropout=0.4, dropout2=0.7, alpha=0.4, es_ckpt='TestTuningScript-geom-chameleon_GPRGNNV2-geom-chameleon_trialNo124')
2023-10-12 04:16:28,042 - tune.py [line:128] - INFO: Split_seeds:[1824]
2023-10-12 04:16:28,042 - tune.py [line:129] - INFO: Model_seeds:[409]
2023-10-12 04:16:29,885 - tune.py [line:103] - INFO: Epoch 00020 | Time(s) 0.0897 | Val Loss 1.2152 | Val Acc 0.5780 | ETputs(KTEPS) 7245.07
2023-10-12 04:16:31,557 - tune.py [line:103] - INFO: Epoch 00040 | Time(s) 0.0866 | Val Loss 1.2639 | Val Acc 0.5868 | ETputs(KTEPS) 7511.79
2023-10-12 04:16:33,421 - tune.py [line:103] - INFO: Epoch 00060 | Time(s) 0.0885 | Val Loss 1.2869 | Val Acc 0.6000 | ETputs(KTEPS) 7343.38
2023-10-12 04:16:35,348 - tune.py [line:103] - INFO: Epoch 00080 | Time(s) 0.0905 | Val Loss 1.2347 | Val Acc 0.6154 | ETputs(KTEPS) 7184.91
2023-10-12 04:16:37,110 - tune.py [line:103] - INFO: Epoch 00100 | Time(s) 0.0900 | Val Loss 1.2343 | Val Acc 0.6308 | ETputs(KTEPS) 7227.54
2023-10-12 04:16:38,419 - tune.py [line:103] - INFO: Epoch 00120 | Time(s) 0.0858 | Val Loss 1.3038 | Val Acc 0.6505 | ETputs(KTEPS) 7574.75
2023-10-12 04:16:39,703 - tune.py [line:103] - INFO: Epoch 00140 | Time(s) 0.0827 | Val Loss 1.2170 | Val Acc 0.6440 | ETputs(KTEPS) 7859.59
2023-10-12 04:16:40,938 - tune.py [line:103] - INFO: Epoch 00160 | Time(s) 0.0801 | Val Loss 1.2498 | Val Acc 0.6374 | ETputs(KTEPS) 8118.84
2023-10-12 04:16:42,345 - tune.py [line:103] - INFO: Epoch 00180 | Time(s) 0.0790 | Val Loss 1.2603 | Val Acc 0.6484 | ETputs(KTEPS) 8231.96
2023-10-12 04:16:43,526 - tune.py [line:103] - INFO: Epoch 00200 | Time(s) 0.0770 | Val Loss 1.2414 | Val Acc 0.6462 | ETputs(KTEPS) 8445.32
2023-10-12 04:16:44,645 - tune.py [line:103] - INFO: Epoch 00220 | Time(s) 0.0750 | Val Loss 1.2043 | Val Acc 0.6571 | ETputs(KTEPS) 8664.69
2023-10-12 04:16:46,051 - tune.py [line:103] - INFO: Epoch 00240 | Time(s) 0.0746 | Val Loss 1.2022 | Val Acc 0.6571 | ETputs(KTEPS) 8710.68
2023-10-12 04:16:47,814 - tune.py [line:103] - INFO: Epoch 00260 | Time(s) 0.0757 | Val Loss 1.1885 | Val Acc 0.6462 | ETputs(KTEPS) 8591.43
2023-10-12 04:16:49,577 - tune.py [line:103] - INFO: Epoch 00280 | Time(s) 0.0766 | Val Loss 1.2137 | Val Acc 0.6352 | ETputs(KTEPS) 8491.64
2023-10-12 04:16:50,952 - tune.py [line:103] - INFO: Epoch 00300 | Time(s) 0.0760 | Val Loss 1.2373 | Val Acc 0.6505 | ETputs(KTEPS) 8550.27
2023-10-12 04:16:52,123 - tune.py [line:103] - INFO: Epoch 00320 | Time(s) 0.0750 | Val Loss 1.2446 | Val Acc 0.6593 | ETputs(KTEPS) 8674.92
2023-10-12 04:16:53,209 - tune.py [line:103] - INFO: Epoch 00340 | Time(s) 0.0737 | Val Loss 1.2556 | Val Acc 0.6462 | ETputs(KTEPS) 8819.11
2023-10-12 04:16:54,882 - tune.py [line:103] - INFO: Epoch 00360 | Time(s) 0.0743 | Val Loss 1.2621 | Val Acc 0.6571 | ETputs(KTEPS) 8753.87
2023-10-12 04:16:56,123 - tune.py [line:103] - INFO: Epoch 00380 | Time(s) 0.0736 | Val Loss 1.2416 | Val Acc 0.6637 | ETputs(KTEPS) 8831.46
2023-10-12 04:16:57,346 - tune.py [line:103] - INFO: Epoch 00400 | Time(s) 0.0730 | Val Loss 1.2129 | Val Acc 0.6527 | ETputs(KTEPS) 8907.13
2023-10-12 04:16:58,720 - tune.py [line:103] - INFO: Epoch 00420 | Time(s) 0.0728 | Val Loss 1.1494 | Val Acc 0.6813 | ETputs(KTEPS) 8932.88
2023-10-12 04:17:00,167 - tune.py [line:103] - INFO: Epoch 00440 | Time(s) 0.0727 | Val Loss 1.1604 | Val Acc 0.6615 | ETputs(KTEPS) 8938.73
2023-10-12 04:17:01,484 - tune.py [line:103] - INFO: Epoch 00460 | Time(s) 0.0724 | Val Loss 1.1595 | Val Acc 0.6615 | ETputs(KTEPS) 8975.75
2023-10-12 04:17:02,876 - tune.py [line:103] - INFO: Epoch 00480 | Time(s) 0.0723 | Val Loss 1.1241 | Val Acc 0.6659 | ETputs(KTEPS) 8990.65
2023-10-12 04:17:04,349 - tune.py [line:103] - INFO: Epoch 00500 | Time(s) 0.0724 | Val Loss 1.1605 | Val Acc 0.6593 | ETputs(KTEPS) 8984.29
2023-10-12 04:17:05,590 - tune.py [line:103] - INFO: Epoch 00520 | Time(s) 0.0720 | Val Loss 1.2621 | Val Acc 0.6725 | ETputs(KTEPS) 9033.95
2023-10-12 04:17:07,046 - tune.py [line:103] - INFO: Epoch 00540 | Time(s) 0.0720 | Val Loss 1.2033 | Val Acc 0.6835 | ETputs(KTEPS) 9030.18
2023-10-12 04:17:08,680 - tune.py [line:103] - INFO: Epoch 00560 | Time(s) 0.0723 | Val Loss 1.1860 | Val Acc 0.6462 | ETputs(KTEPS) 8987.05
2023-10-12 04:17:10,718 - tune.py [line:103] - INFO: Epoch 00580 | Time(s) 0.0734 | Val Loss 1.1994 | Val Acc 0.6747 | ETputs(KTEPS) 8862.34
2023-10-12 04:17:12,469 - tune.py [line:103] - INFO: Epoch 00600 | Time(s) 0.0738 | Val Loss 1.1463 | Val Acc 0.6901 | ETputs(KTEPS) 8806.32
2023-10-12 04:17:14,304 - tune.py [line:103] - INFO: Epoch 00620 | Time(s) 0.0744 | Val Loss 1.1996 | Val Acc 0.6725 | ETputs(KTEPS) 8737.95
2023-10-12 04:17:15,705 - tune.py [line:103] - INFO: Epoch 00640 | Time(s) 0.0743 | Val Loss 1.1549 | Val Acc 0.6813 | ETputs(KTEPS) 8754.46
2023-10-12 04:17:16,939 - tune.py [line:103] - INFO: Epoch 00660 | Time(s) 0.0739 | Val Loss 1.1758 | Val Acc 0.6703 | ETputs(KTEPS) 8799.82
2023-10-12 04:17:18,695 - tune.py [line:103] - INFO: Epoch 00680 | Time(s) 0.0743 | Val Loss 1.2117 | Val Acc 0.6637 | ETputs(KTEPS) 8751.50
2023-10-12 04:17:20,583 - tune.py [line:103] - INFO: Epoch 00700 | Time(s) 0.0749 | Val Loss 1.1766 | Val Acc 0.6835 | ETputs(KTEPS) 8684.40
2023-10-12 04:17:22,253 - tune.py [line:103] - INFO: Epoch 00720 | Time(s) 0.0751 | Val Loss 1.1626 | Val Acc 0.6901 | ETputs(KTEPS) 8656.81
2023-10-12 04:17:23,556 - tune.py [line:103] - INFO: Epoch 00740 | Time(s) 0.0748 | Val Loss 1.1809 | Val Acc 0.6813 | ETputs(KTEPS) 8688.03
2023-10-12 04:17:25,167 - tune.py [line:103] - INFO: Epoch 00760 | Time(s) 0.0750 | Val Loss 1.1944 | Val Acc 0.6505 | ETputs(KTEPS) 8670.72
2023-10-12 04:17:27,370 - tune.py [line:103] - INFO: Epoch 00780 | Time(s) 0.0759 | Val Loss 1.1962 | Val Acc 0.6659 | ETputs(KTEPS) 8567.84
2023-10-12 04:17:29,759 - tune.py [line:103] - INFO: Epoch 00800 | Time(s) 0.0770 | Val Loss 1.1742 | Val Acc 0.6813 | ETputs(KTEPS) 8446.72
2023-10-12 04:17:32,218 - tune.py [line:103] - INFO: Epoch 00820 | Time(s) 0.0781 | Val Loss 1.1976 | Val Acc 0.6637 | ETputs(KTEPS) 8325.56
2023-10-12 04:17:34,485 - tune.py [line:103] - INFO: Epoch 00840 | Time(s) 0.0789 | Val Loss 1.1822 | Val Acc 0.6901 | ETputs(KTEPS) 8237.02
2023-10-12 04:17:36,051 - tune.py [line:103] - INFO: Epoch 00860 | Time(s) 0.0789 | Val Loss 1.1601 | Val Acc 0.6747 | ETputs(KTEPS) 8238.68
2023-10-12 04:17:37,902 - tune.py [line:103] - INFO: Epoch 00880 | Time(s) 0.0792 | Val Loss 1.1006 | Val Acc 0.6791 | ETputs(KTEPS) 8206.63
2023-10-12 04:17:40,183 - tune.py [line:103] - INFO: Epoch 00900 | Time(s) 0.0800 | Val Loss 1.1502 | Val Acc 0.6923 | ETputs(KTEPS) 8127.29
2023-10-12 04:17:42,722 - tune.py [line:103] - INFO: Epoch 00920 | Time(s) 0.0810 | Val Loss 1.1430 | Val Acc 0.6791 | ETputs(KTEPS) 8025.52
2023-10-12 04:17:45,000 - tune.py [line:103] - INFO: Epoch 00940 | Time(s) 0.0817 | Val Loss 1.1700 | Val Acc 0.6835 | ETputs(KTEPS) 7956.84
2023-10-12 04:17:47,178 - tune.py [line:103] - INFO: Epoch 00960 | Time(s) 0.0823 | Val Loss 1.1341 | Val Acc 0.6703 | ETputs(KTEPS) 7902.23
2023-10-12 04:17:49,374 - tune.py [line:103] - INFO: Epoch 00980 | Time(s) 0.0828 | Val Loss 1.1918 | Val Acc 0.6549 | ETputs(KTEPS) 7848.73
2023-10-12 04:17:50,854 - tune.py [line:103] - INFO: Epoch 01000 | Time(s) 0.0827 | Val Loss 1.1781 | Val Acc 0.6615 | ETputs(KTEPS) 7865.56
2023-10-12 04:17:52,101 - tune.py [line:103] - INFO: Epoch 01020 | Time(s) 0.0823 | Val Loss 1.1945 | Val Acc 0.6527 | ETputs(KTEPS) 7903.69
2023-10-12 04:17:53,647 - tune.py [line:103] - INFO: Epoch 01040 | Time(s) 0.0822 | Val Loss 1.2102 | Val Acc 0.6791 | ETputs(KTEPS) 7912.93
2023-10-12 04:17:55,040 - tune.py [line:103] - INFO: Epoch 01060 | Time(s) 0.0819 | Val Loss 1.1571 | Val Acc 0.6615 | ETputs(KTEPS) 7935.80
2023-10-12 04:17:56,340 - tune.py [line:103] - INFO: Epoch 01080 | Time(s) 0.0816 | Val Loss 1.1357 | Val Acc 0.6791 | ETputs(KTEPS) 7966.35
2023-10-12 04:17:57,668 - tune.py [line:103] - INFO: Epoch 01100 | Time(s) 0.0813 | Val Loss 1.1775 | Val Acc 0.6659 | ETputs(KTEPS) 7993.54
2023-10-12 04:17:59,152 - tune.py [line:103] - INFO: Epoch 01120 | Time(s) 0.0812 | Val Loss 1.1924 | Val Acc 0.6703 | ETputs(KTEPS) 8006.22
2023-10-12 04:18:00,527 - tune.py [line:103] - INFO: Epoch 01140 | Time(s) 0.0810 | Val Loss 1.2220 | Val Acc 0.6725 | ETputs(KTEPS) 8027.85
2023-10-12 04:18:01,828 - tune.py [line:103] - INFO: Epoch 01160 | Time(s) 0.0807 | Val Loss 1.1973 | Val Acc 0.6747 | ETputs(KTEPS) 8055.28
2023-10-12 04:18:03,231 - tune.py [line:103] - INFO: Epoch 01180 | Time(s) 0.0805 | Val Loss 1.1703 | Val Acc 0.6813 | ETputs(KTEPS) 8073.27
2023-10-12 04:18:04,597 - tune.py [line:103] - INFO: Epoch 01200 | Time(s) 0.0803 | Val Loss 1.1912 | Val Acc 0.6703 | ETputs(KTEPS) 8093.87
2023-10-12 04:18:05,703 - tune.py [line:117] - INFO: [FINAL MODEL] Val accuracy 70.55% \Val loss: 1.1
2023-10-12 04:18:05,711 - tune.py [line:119] - INFO: [FINAL MODEL] Test accuracy 69.37% \Test loss: 1.1
2023-10-12 04:18:05,711 - tune.py [line:144] - INFO: Acc on the first split (Validation Set): 0.7055
2023-10-12 04:18:05,711 - tune.py [line:145] - INFO: Acc on the first split (Test Set): 0.6937
