2023-10-12 03:57:44,803 - tune.py [line:203] - INFO: Namespace(seed=42, model='GPRGNNV2', gpu=0, dataset='geom-chameleon', logging=True, log_detail=True, log_detailedCh=False, id_log=1012014503, optuna_n_trials=202, n_epochs=2000, self_loop=True, udgraph=True, early_stop=True, patience=300, n_hidden=64, n_cv=1, start_cv=0, n_layers=16, lr1=0.04, lr2=0.04, wd1=1e-05, wd2=1e-06, dropout=0.6, dropout2=0.7, alpha=0.5, es_ckpt='TestTuningScript-geom-chameleon_GPRGNNV2-geom-chameleon_trialNo20')
2023-10-12 03:57:45,590 - tune.py [line:128] - INFO: Split_seeds:[1824]
2023-10-12 03:57:45,590 - tune.py [line:129] - INFO: Model_seeds:[409]
2023-10-12 03:57:47,470 - tune.py [line:103] - INFO: Epoch 00020 | Time(s) 0.0912 | Val Loss 1.2332 | Val Acc 0.5538 | ETputs(KTEPS) 7131.92
2023-10-12 03:57:49,232 - tune.py [line:103] - INFO: Epoch 00040 | Time(s) 0.0892 | Val Loss 1.1662 | Val Acc 0.5714 | ETputs(KTEPS) 7287.97
2023-10-12 03:57:51,044 - tune.py [line:103] - INFO: Epoch 00060 | Time(s) 0.0896 | Val Loss 1.1244 | Val Acc 0.5868 | ETputs(KTEPS) 7259.33
2023-10-12 03:57:52,816 - tune.py [line:103] - INFO: Epoch 00080 | Time(s) 0.0892 | Val Loss 1.1162 | Val Acc 0.5978 | ETputs(KTEPS) 7286.68
2023-10-12 03:57:54,620 - tune.py [line:103] - INFO: Epoch 00100 | Time(s) 0.0894 | Val Loss 1.0860 | Val Acc 0.6110 | ETputs(KTEPS) 7274.65
2023-10-12 03:57:56,586 - tune.py [line:103] - INFO: Epoch 00120 | Time(s) 0.0908 | Val Loss 1.0849 | Val Acc 0.6418 | ETputs(KTEPS) 7160.63
2023-10-12 03:57:58,449 - tune.py [line:103] - INFO: Epoch 00140 | Time(s) 0.0911 | Val Loss 1.0712 | Val Acc 0.6484 | ETputs(KTEPS) 7139.84
2023-10-12 03:58:00,300 - tune.py [line:103] - INFO: Epoch 00160 | Time(s) 0.0912 | Val Loss 1.0712 | Val Acc 0.6352 | ETputs(KTEPS) 7125.77
2023-10-12 03:58:02,179 - tune.py [line:103] - INFO: Epoch 00180 | Time(s) 0.0915 | Val Loss 1.0596 | Val Acc 0.6615 | ETputs(KTEPS) 7104.45
2023-10-12 03:58:03,969 - tune.py [line:103] - INFO: Epoch 00200 | Time(s) 0.0913 | Val Loss 1.0612 | Val Acc 0.6505 | ETputs(KTEPS) 7120.61
2023-10-12 03:58:05,264 - tune.py [line:103] - INFO: Epoch 00220 | Time(s) 0.0889 | Val Loss 1.0393 | Val Acc 0.6703 | ETputs(KTEPS) 7314.75
2023-10-12 03:58:06,632 - tune.py [line:103] - INFO: Epoch 00240 | Time(s) 0.0872 | Val Loss 1.0527 | Val Acc 0.6681 | ETputs(KTEPS) 7460.05
2023-10-12 03:58:08,048 - tune.py [line:103] - INFO: Epoch 00260 | Time(s) 0.0859 | Val Loss 1.0494 | Val Acc 0.6747 | ETputs(KTEPS) 7570.27
2023-10-12 03:58:09,457 - tune.py [line:103] - INFO: Epoch 00280 | Time(s) 0.0848 | Val Loss 1.0659 | Val Acc 0.6571 | ETputs(KTEPS) 7669.00
2023-10-12 03:58:10,711 - tune.py [line:103] - INFO: Epoch 00300 | Time(s) 0.0833 | Val Loss 1.0707 | Val Acc 0.6549 | ETputs(KTEPS) 7804.69
2023-10-12 03:58:11,979 - tune.py [line:103] - INFO: Epoch 00320 | Time(s) 0.0821 | Val Loss 1.0478 | Val Acc 0.6593 | ETputs(KTEPS) 7923.38
2023-10-12 03:58:13,269 - tune.py [line:103] - INFO: Epoch 00340 | Time(s) 0.0810 | Val Loss 1.0282 | Val Acc 0.6703 | ETputs(KTEPS) 8024.35
2023-10-12 03:58:14,587 - tune.py [line:103] - INFO: Epoch 00360 | Time(s) 0.0802 | Val Loss 1.0379 | Val Acc 0.6681 | ETputs(KTEPS) 8108.60
2023-10-12 03:58:15,849 - tune.py [line:103] - INFO: Epoch 00380 | Time(s) 0.0793 | Val Loss 1.0460 | Val Acc 0.6725 | ETputs(KTEPS) 8201.76
2023-10-12 03:58:17,232 - tune.py [line:103] - INFO: Epoch 00400 | Time(s) 0.0788 | Val Loss 1.0501 | Val Acc 0.6681 | ETputs(KTEPS) 8254.46
2023-10-12 03:58:18,591 - tune.py [line:103] - INFO: Epoch 00420 | Time(s) 0.0783 | Val Loss 1.0534 | Val Acc 0.6725 | ETputs(KTEPS) 8308.90
2023-10-12 03:58:19,904 - tune.py [line:103] - INFO: Epoch 00440 | Time(s) 0.0777 | Val Loss 1.0460 | Val Acc 0.6637 | ETputs(KTEPS) 8370.53
2023-10-12 03:58:21,074 - tune.py [line:103] - INFO: Epoch 00460 | Time(s) 0.0768 | Val Loss 1.0419 | Val Acc 0.6681 | ETputs(KTEPS) 8461.33
2023-10-12 03:58:22,266 - tune.py [line:103] - INFO: Epoch 00480 | Time(s) 0.0761 | Val Loss 1.0939 | Val Acc 0.6615 | ETputs(KTEPS) 8541.54
2023-10-12 03:58:23,535 - tune.py [line:103] - INFO: Epoch 00500 | Time(s) 0.0756 | Val Loss 1.0576 | Val Acc 0.6791 | ETputs(KTEPS) 8598.82
2023-10-12 03:58:24,564 - tune.py [line:103] - INFO: Epoch 00520 | Time(s) 0.0747 | Val Loss 1.0342 | Val Acc 0.6747 | ETputs(KTEPS) 8705.91
2023-10-12 03:58:25,826 - tune.py [line:103] - INFO: Epoch 00540 | Time(s) 0.0742 | Val Loss 1.0450 | Val Acc 0.6769 | ETputs(KTEPS) 8757.53
2023-10-12 03:58:27,040 - tune.py [line:103] - INFO: Epoch 00560 | Time(s) 0.0738 | Val Loss 1.0565 | Val Acc 0.6703 | ETputs(KTEPS) 8815.18
2023-10-12 03:58:28,241 - tune.py [line:103] - INFO: Epoch 00580 | Time(s) 0.0733 | Val Loss 1.0590 | Val Acc 0.6769 | ETputs(KTEPS) 8872.68
2023-10-12 03:58:29,425 - tune.py [line:103] - INFO: Epoch 00600 | Time(s) 0.0728 | Val Loss 1.0676 | Val Acc 0.6725 | ETputs(KTEPS) 8929.88
2023-10-12 03:58:30,572 - tune.py [line:103] - INFO: Epoch 00620 | Time(s) 0.0723 | Val Loss 1.0355 | Val Acc 0.6747 | ETputs(KTEPS) 8991.70
2023-10-12 03:58:31,875 - tune.py [line:103] - INFO: Epoch 00640 | Time(s) 0.0721 | Val Loss 1.0366 | Val Acc 0.6681 | ETputs(KTEPS) 9019.77
2023-10-12 03:58:32,943 - tune.py [line:103] - INFO: Epoch 00660 | Time(s) 0.0715 | Val Loss 1.0367 | Val Acc 0.6879 | ETputs(KTEPS) 9091.34
2023-10-12 03:58:34,116 - tune.py [line:103] - INFO: Epoch 00680 | Time(s) 0.0711 | Val Loss 1.0335 | Val Acc 0.6703 | ETputs(KTEPS) 9140.39
2023-10-12 03:58:35,348 - tune.py [line:103] - INFO: Epoch 00700 | Time(s) 0.0709 | Val Loss 1.0466 | Val Acc 0.6857 | ETputs(KTEPS) 9175.56
2023-10-12 03:58:36,615 - tune.py [line:103] - INFO: Epoch 00720 | Time(s) 0.0707 | Val Loss 1.0338 | Val Acc 0.6901 | ETputs(KTEPS) 9202.72
2023-10-12 03:58:37,828 - tune.py [line:103] - INFO: Epoch 00740 | Time(s) 0.0704 | Val Loss 1.0346 | Val Acc 0.6813 | ETputs(KTEPS) 9238.24
2023-10-12 03:58:38,869 - tune.py [line:103] - INFO: Epoch 00760 | Time(s) 0.0699 | Val Loss 1.0190 | Val Acc 0.6901 | ETputs(KTEPS) 9302.07
2023-10-12 03:58:40,036 - tune.py [line:103] - INFO: Epoch 00780 | Time(s) 0.0696 | Val Loss 1.0387 | Val Acc 0.6769 | ETputs(KTEPS) 9341.82
2023-10-12 03:58:41,294 - tune.py [line:103] - INFO: Epoch 00800 | Time(s) 0.0694 | Val Loss 1.0570 | Val Acc 0.6879 | ETputs(KTEPS) 9364.40
2023-10-12 03:58:42,544 - tune.py [line:103] - INFO: Epoch 00820 | Time(s) 0.0693 | Val Loss 1.0559 | Val Acc 0.6791 | ETputs(KTEPS) 9387.36
2023-10-12 03:58:43,738 - tune.py [line:103] - INFO: Epoch 00840 | Time(s) 0.0690 | Val Loss 1.0696 | Val Acc 0.6725 | ETputs(KTEPS) 9418.54
2023-10-12 03:58:45,121 - tune.py [line:103] - INFO: Epoch 00860 | Time(s) 0.0690 | Val Loss 1.0638 | Val Acc 0.6659 | ETputs(KTEPS) 9418.32
2023-10-12 03:58:46,182 - tune.py [line:103] - INFO: Epoch 00880 | Time(s) 0.0687 | Val Loss 1.0605 | Val Acc 0.6769 | ETputs(KTEPS) 9468.17
2023-10-12 03:58:47,322 - tune.py [line:103] - INFO: Epoch 00900 | Time(s) 0.0684 | Val Loss 1.0586 | Val Acc 0.6813 | ETputs(KTEPS) 9504.22
2023-10-12 03:58:48,437 - tune.py [line:103] - INFO: Epoch 00920 | Time(s) 0.0681 | Val Loss 1.0056 | Val Acc 0.6835 | ETputs(KTEPS) 9542.72
2023-10-12 03:58:49,427 - tune.py [line:103] - INFO: Epoch 00940 | Time(s) 0.0677 | Val Loss 0.9997 | Val Acc 0.6857 | ETputs(KTEPS) 9598.72
2023-10-12 03:58:50,554 - tune.py [line:103] - INFO: Epoch 00960 | Time(s) 0.0675 | Val Loss 1.0033 | Val Acc 0.6923 | ETputs(KTEPS) 9632.49
2023-10-12 03:58:50,934 - tune.py [line:117] - INFO: [FINAL MODEL] Val accuracy 69.45% \Val loss: 1.0
2023-10-12 03:58:50,942 - tune.py [line:119] - INFO: [FINAL MODEL] Test accuracy 66.08% \Test loss: 0.95
2023-10-12 03:58:50,943 - tune.py [line:144] - INFO: Acc on the first split (Validation Set): 0.6945
2023-10-12 03:58:50,943 - tune.py [line:145] - INFO: Acc on the first split (Test Set): 0.6608
