2023-10-12 04:26:29,741 - tune.py [line:203] - INFO: Namespace(seed=42, model='GPRGNNV2', gpu=0, dataset='geom-chameleon', logging=True, log_detail=True, log_detailedCh=False, id_log=1012014503, optuna_n_trials=202, n_epochs=2000, self_loop=True, udgraph=True, early_stop=True, patience=300, n_hidden=64, n_cv=1, start_cv=0, n_layers=20, lr1=0.04, lr2=0.05, wd1=0.0001, wd2=1e-06, dropout=0.4, dropout2=0.7, alpha=0.4, es_ckpt='TestTuningScript-geom-chameleon_GPRGNNV2-geom-chameleon_trialNo188')
2023-10-12 04:26:30,603 - tune.py [line:128] - INFO: Split_seeds:[1824]
2023-10-12 04:26:30,603 - tune.py [line:129] - INFO: Model_seeds:[409]
2023-10-12 04:26:32,448 - tune.py [line:103] - INFO: Epoch 00020 | Time(s) 0.0908 | Val Loss 1.2146 | Val Acc 0.5714 | ETputs(KTEPS) 7157.10
2023-10-12 04:26:34,073 - tune.py [line:103] - INFO: Epoch 00040 | Time(s) 0.0858 | Val Loss 1.2765 | Val Acc 0.5868 | ETputs(KTEPS) 7577.36
2023-10-12 04:26:35,431 - tune.py [line:103] - INFO: Epoch 00060 | Time(s) 0.0797 | Val Loss 1.3016 | Val Acc 0.6000 | ETputs(KTEPS) 8155.82
2023-10-12 04:26:36,516 - tune.py [line:103] - INFO: Epoch 00080 | Time(s) 0.0733 | Val Loss 1.2558 | Val Acc 0.6198 | ETputs(KTEPS) 8868.23
2023-10-12 04:26:37,438 - tune.py [line:103] - INFO: Epoch 00100 | Time(s) 0.0678 | Val Loss 1.2035 | Val Acc 0.6308 | ETputs(KTEPS) 9586.68
2023-10-12 04:26:38,745 - tune.py [line:103] - INFO: Epoch 00120 | Time(s) 0.0674 | Val Loss 1.2942 | Val Acc 0.6330 | ETputs(KTEPS) 9650.78
2023-10-12 04:26:39,759 - tune.py [line:103] - INFO: Epoch 00140 | Time(s) 0.0650 | Val Loss 1.2672 | Val Acc 0.6374 | ETputs(KTEPS) 10005.07
2023-10-12 04:26:41,064 - tune.py [line:103] - INFO: Epoch 00160 | Time(s) 0.0650 | Val Loss 1.2618 | Val Acc 0.6462 | ETputs(KTEPS) 10003.84
2023-10-12 04:26:42,366 - tune.py [line:103] - INFO: Epoch 00180 | Time(s) 0.0650 | Val Loss 1.2493 | Val Acc 0.6505 | ETputs(KTEPS) 10008.12
2023-10-12 04:26:43,642 - tune.py [line:103] - INFO: Epoch 00200 | Time(s) 0.0648 | Val Loss 1.2374 | Val Acc 0.6440 | ETputs(KTEPS) 10026.58
2023-10-12 04:26:44,790 - tune.py [line:103] - INFO: Epoch 00220 | Time(s) 0.0642 | Val Loss 1.1610 | Val Acc 0.6747 | ETputs(KTEPS) 10134.00
2023-10-12 04:26:45,919 - tune.py [line:103] - INFO: Epoch 00240 | Time(s) 0.0635 | Val Loss 1.2256 | Val Acc 0.6330 | ETputs(KTEPS) 10237.08
2023-10-12 04:26:47,109 - tune.py [line:103] - INFO: Epoch 00260 | Time(s) 0.0632 | Val Loss 1.2000 | Val Acc 0.6484 | ETputs(KTEPS) 10287.38
2023-10-12 04:26:48,212 - tune.py [line:103] - INFO: Epoch 00280 | Time(s) 0.0626 | Val Loss 1.2111 | Val Acc 0.6462 | ETputs(KTEPS) 10382.27
2023-10-12 04:26:49,550 - tune.py [line:103] - INFO: Epoch 00300 | Time(s) 0.0629 | Val Loss 1.1861 | Val Acc 0.6637 | ETputs(KTEPS) 10335.24
2023-10-12 04:26:50,859 - tune.py [line:103] - INFO: Epoch 00320 | Time(s) 0.0631 | Val Loss 1.2351 | Val Acc 0.6637 | ETputs(KTEPS) 10310.87
2023-10-12 04:26:52,126 - tune.py [line:103] - INFO: Epoch 00340 | Time(s) 0.0631 | Val Loss 1.2107 | Val Acc 0.6615 | ETputs(KTEPS) 10308.33
2023-10-12 04:26:53,218 - tune.py [line:103] - INFO: Epoch 00360 | Time(s) 0.0626 | Val Loss 1.2642 | Val Acc 0.6659 | ETputs(KTEPS) 10386.38
2023-10-12 04:26:54,367 - tune.py [line:103] - INFO: Epoch 00380 | Time(s) 0.0623 | Val Loss 1.2528 | Val Acc 0.6527 | ETputs(KTEPS) 10432.02
2023-10-12 04:26:55,600 - tune.py [line:103] - INFO: Epoch 00400 | Time(s) 0.0623 | Val Loss 1.2139 | Val Acc 0.6615 | ETputs(KTEPS) 10437.81
2023-10-12 04:26:56,860 - tune.py [line:103] - INFO: Epoch 00420 | Time(s) 0.0623 | Val Loss 1.1774 | Val Acc 0.6615 | ETputs(KTEPS) 10432.40
2023-10-12 04:26:58,070 - tune.py [line:103] - INFO: Epoch 00440 | Time(s) 0.0622 | Val Loss 1.1873 | Val Acc 0.6615 | ETputs(KTEPS) 10446.63
2023-10-12 04:26:59,299 - tune.py [line:103] - INFO: Epoch 00460 | Time(s) 0.0622 | Val Loss 1.1462 | Val Acc 0.6857 | ETputs(KTEPS) 10452.47
2023-10-12 04:27:00,541 - tune.py [line:103] - INFO: Epoch 00480 | Time(s) 0.0622 | Val Loss 1.2526 | Val Acc 0.6484 | ETputs(KTEPS) 10454.59
2023-10-12 04:27:01,865 - tune.py [line:103] - INFO: Epoch 00500 | Time(s) 0.0624 | Val Loss 1.2176 | Val Acc 0.6484 | ETputs(KTEPS) 10427.96
2023-10-12 04:27:03,139 - tune.py [line:103] - INFO: Epoch 00520 | Time(s) 0.0624 | Val Loss 1.1678 | Val Acc 0.6615 | ETputs(KTEPS) 10419.44
2023-10-12 04:27:04,438 - tune.py [line:103] - INFO: Epoch 00540 | Time(s) 0.0625 | Val Loss 1.2003 | Val Acc 0.6681 | ETputs(KTEPS) 10403.97
2023-10-12 04:27:05,701 - tune.py [line:103] - INFO: Epoch 00560 | Time(s) 0.0625 | Val Loss 1.2525 | Val Acc 0.6527 | ETputs(KTEPS) 10401.54
2023-10-12 04:27:07,013 - tune.py [line:103] - INFO: Epoch 00580 | Time(s) 0.0626 | Val Loss 1.1617 | Val Acc 0.6703 | ETputs(KTEPS) 10384.28
2023-10-12 04:27:08,810 - tune.py [line:103] - INFO: Epoch 00600 | Time(s) 0.0635 | Val Loss 1.1742 | Val Acc 0.6901 | ETputs(KTEPS) 10236.03
2023-10-12 04:27:10,705 - tune.py [line:103] - INFO: Epoch 00620 | Time(s) 0.0645 | Val Loss 1.1620 | Val Acc 0.6857 | ETputs(KTEPS) 10076.21
2023-10-12 04:27:12,410 - tune.py [line:103] - INFO: Epoch 00640 | Time(s) 0.0652 | Val Loss 1.1713 | Val Acc 0.6659 | ETputs(KTEPS) 9976.21
2023-10-12 04:27:14,138 - tune.py [line:103] - INFO: Epoch 00660 | Time(s) 0.0658 | Val Loss 1.1373 | Val Acc 0.6593 | ETputs(KTEPS) 9878.94
2023-10-12 04:27:15,918 - tune.py [line:103] - INFO: Epoch 00680 | Time(s) 0.0665 | Val Loss 1.1950 | Val Acc 0.6440 | ETputs(KTEPS) 9777.76
2023-10-12 04:27:17,576 - tune.py [line:103] - INFO: Epoch 00700 | Time(s) 0.0670 | Val Loss 1.1530 | Val Acc 0.6813 | ETputs(KTEPS) 9709.45
2023-10-12 04:27:19,249 - tune.py [line:103] - INFO: Epoch 00720 | Time(s) 0.0674 | Val Loss 1.1728 | Val Acc 0.6791 | ETputs(KTEPS) 9642.82
2023-10-12 04:27:21,091 - tune.py [line:103] - INFO: Epoch 00740 | Time(s) 0.0681 | Val Loss 1.1980 | Val Acc 0.6791 | ETputs(KTEPS) 9548.58
2023-10-12 04:27:22,735 - tune.py [line:103] - INFO: Epoch 00760 | Time(s) 0.0685 | Val Loss 1.2170 | Val Acc 0.6659 | ETputs(KTEPS) 9496.87
2023-10-12 04:27:24,409 - tune.py [line:103] - INFO: Epoch 00780 | Time(s) 0.0689 | Val Loss 1.2170 | Val Acc 0.6813 | ETputs(KTEPS) 9443.05
2023-10-12 04:27:26,190 - tune.py [line:103] - INFO: Epoch 00800 | Time(s) 0.0694 | Val Loss 1.1736 | Val Acc 0.6725 | ETputs(KTEPS) 9374.49
2023-10-12 04:27:27,789 - tune.py [line:103] - INFO: Epoch 00820 | Time(s) 0.0696 | Val Loss 1.1250 | Val Acc 0.6681 | ETputs(KTEPS) 9339.87
2023-10-12 04:27:29,595 - tune.py [line:103] - INFO: Epoch 00840 | Time(s) 0.0701 | Val Loss 1.1709 | Val Acc 0.6637 | ETputs(KTEPS) 9274.37
2023-10-12 04:27:29,894 - tune.py [line:117] - INFO: [FINAL MODEL] Val accuracy 69.89% \Val loss: 1.2
2023-10-12 04:27:29,900 - tune.py [line:119] - INFO: [FINAL MODEL] Test accuracy 69.37% \Test loss: 1.1
2023-10-12 04:27:29,901 - tune.py [line:144] - INFO: Acc on the first split (Validation Set): 0.6989
2023-10-12 04:27:29,901 - tune.py [line:145] - INFO: Acc on the first split (Test Set): 0.6937
