2023-10-12 04:00:02,307 - tune.py [line:203] - INFO: Namespace(seed=42, model='GPRGNNV2', gpu=0, dataset='geom-chameleon', logging=True, log_detail=True, log_detailedCh=False, id_log=1012014503, optuna_n_trials=202, n_epochs=2000, self_loop=True, udgraph=True, early_stop=True, patience=300, n_hidden=64, n_cv=1, start_cv=0, n_layers=20, lr1=0.05, lr2=0.04, wd1=0.0001, wd2=0.0001, dropout=0.6, dropout2=0.6, alpha=0.6, es_ckpt='TestTuningScript-geom-chameleon_GPRGNNV2-geom-chameleon_trialNo52')
2023-10-12 04:00:03,061 - tune.py [line:128] - INFO: Split_seeds:[1824]
2023-10-12 04:00:03,061 - tune.py [line:129] - INFO: Model_seeds:[409]
2023-10-12 04:00:04,718 - tune.py [line:103] - INFO: Epoch 00020 | Time(s) 0.0812 | Val Loss 1.2550 | Val Acc 0.5297 | ETputs(KTEPS) 8005.85
2023-10-12 04:00:06,221 - tune.py [line:103] - INFO: Epoch 00040 | Time(s) 0.0779 | Val Loss 1.2101 | Val Acc 0.5341 | ETputs(KTEPS) 8347.13
2023-10-12 04:00:07,857 - tune.py [line:103] - INFO: Epoch 00060 | Time(s) 0.0790 | Val Loss 1.1351 | Val Acc 0.5868 | ETputs(KTEPS) 8229.63
2023-10-12 04:00:09,305 - tune.py [line:103] - INFO: Epoch 00080 | Time(s) 0.0773 | Val Loss 1.1263 | Val Acc 0.5824 | ETputs(KTEPS) 8411.49
2023-10-12 04:00:11,010 - tune.py [line:103] - INFO: Epoch 00100 | Time(s) 0.0788 | Val Loss 1.0841 | Val Acc 0.6044 | ETputs(KTEPS) 8248.79
2023-10-12 04:00:12,770 - tune.py [line:103] - INFO: Epoch 00120 | Time(s) 0.0803 | Val Loss 1.0729 | Val Acc 0.6198 | ETputs(KTEPS) 8094.21
2023-10-12 04:00:14,227 - tune.py [line:103] - INFO: Epoch 00140 | Time(s) 0.0792 | Val Loss 1.0898 | Val Acc 0.6176 | ETputs(KTEPS) 8206.64
2023-10-12 04:00:15,719 - tune.py [line:103] - INFO: Epoch 00160 | Time(s) 0.0786 | Val Loss 1.0982 | Val Acc 0.6286 | ETputs(KTEPS) 8270.57
2023-10-12 04:00:17,401 - tune.py [line:103] - INFO: Epoch 00180 | Time(s) 0.0792 | Val Loss 1.0647 | Val Acc 0.6330 | ETputs(KTEPS) 8206.88
2023-10-12 04:00:19,028 - tune.py [line:103] - INFO: Epoch 00200 | Time(s) 0.0794 | Val Loss 1.0343 | Val Acc 0.6549 | ETputs(KTEPS) 8191.88
2023-10-12 04:00:20,593 - tune.py [line:103] - INFO: Epoch 00220 | Time(s) 0.0793 | Val Loss 1.0627 | Val Acc 0.6418 | ETputs(KTEPS) 8202.77
2023-10-12 04:00:22,160 - tune.py [line:103] - INFO: Epoch 00240 | Time(s) 0.0792 | Val Loss 1.0647 | Val Acc 0.6330 | ETputs(KTEPS) 8210.85
2023-10-12 04:00:23,760 - tune.py [line:103] - INFO: Epoch 00260 | Time(s) 0.0792 | Val Loss 1.0511 | Val Acc 0.6462 | ETputs(KTEPS) 8204.50
2023-10-12 04:00:25,587 - tune.py [line:103] - INFO: Epoch 00280 | Time(s) 0.0801 | Val Loss 1.0188 | Val Acc 0.6505 | ETputs(KTEPS) 8117.04
2023-10-12 04:00:27,151 - tune.py [line:103] - INFO: Epoch 00300 | Time(s) 0.0800 | Val Loss 1.0545 | Val Acc 0.6330 | ETputs(KTEPS) 8130.45
2023-10-12 04:00:28,696 - tune.py [line:103] - INFO: Epoch 00320 | Time(s) 0.0798 | Val Loss 1.0243 | Val Acc 0.6440 | ETputs(KTEPS) 8147.85
2023-10-12 04:00:30,145 - tune.py [line:103] - INFO: Epoch 00340 | Time(s) 0.0794 | Val Loss 1.0058 | Val Acc 0.6527 | ETputs(KTEPS) 8192.38
2023-10-12 04:00:31,727 - tune.py [line:103] - INFO: Epoch 00360 | Time(s) 0.0794 | Val Loss 1.0023 | Val Acc 0.6462 | ETputs(KTEPS) 8193.91
2023-10-12 04:00:33,074 - tune.py [line:103] - INFO: Epoch 00380 | Time(s) 0.0787 | Val Loss 1.0353 | Val Acc 0.6484 | ETputs(KTEPS) 8260.63
2023-10-12 04:00:34,118 - tune.py [line:103] - INFO: Epoch 00400 | Time(s) 0.0774 | Val Loss 1.0239 | Val Acc 0.6396 | ETputs(KTEPS) 8402.39
2023-10-12 04:00:35,114 - tune.py [line:103] - INFO: Epoch 00420 | Time(s) 0.0761 | Val Loss 1.0129 | Val Acc 0.6505 | ETputs(KTEPS) 8547.65
2023-10-12 04:00:36,583 - tune.py [line:103] - INFO: Epoch 00440 | Time(s) 0.0759 | Val Loss 1.0295 | Val Acc 0.6484 | ETputs(KTEPS) 8561.30
2023-10-12 04:00:38,430 - tune.py [line:103] - INFO: Epoch 00460 | Time(s) 0.0767 | Val Loss 1.0022 | Val Acc 0.6549 | ETputs(KTEPS) 8481.80
2023-10-12 04:00:40,207 - tune.py [line:103] - INFO: Epoch 00480 | Time(s) 0.0772 | Val Loss 1.0379 | Val Acc 0.6484 | ETputs(KTEPS) 8426.55
2023-10-12 04:00:41,920 - tune.py [line:103] - INFO: Epoch 00500 | Time(s) 0.0775 | Val Loss 1.0422 | Val Acc 0.6571 | ETputs(KTEPS) 8390.28
2023-10-12 04:00:43,542 - tune.py [line:103] - INFO: Epoch 00520 | Time(s) 0.0776 | Val Loss 1.0178 | Val Acc 0.6505 | ETputs(KTEPS) 8375.62
2023-10-12 04:00:45,383 - tune.py [line:103] - INFO: Epoch 00540 | Time(s) 0.0782 | Val Loss 1.0257 | Val Acc 0.6330 | ETputs(KTEPS) 8318.43
2023-10-12 04:00:47,172 - tune.py [line:103] - INFO: Epoch 00560 | Time(s) 0.0786 | Val Loss 1.0041 | Val Acc 0.6659 | ETputs(KTEPS) 8275.88
2023-10-12 04:00:48,801 - tune.py [line:103] - INFO: Epoch 00580 | Time(s) 0.0787 | Val Loss 1.0319 | Val Acc 0.6418 | ETputs(KTEPS) 8265.62
2023-10-12 04:00:50,469 - tune.py [line:103] - INFO: Epoch 00600 | Time(s) 0.0788 | Val Loss 1.0184 | Val Acc 0.6374 | ETputs(KTEPS) 8249.13
2023-10-12 04:00:52,221 - tune.py [line:103] - INFO: Epoch 00620 | Time(s) 0.0791 | Val Loss 1.0117 | Val Acc 0.6571 | ETputs(KTEPS) 8219.68
2023-10-12 04:00:53,829 - tune.py [line:103] - INFO: Epoch 00640 | Time(s) 0.0791 | Val Loss 1.0536 | Val Acc 0.6527 | ETputs(KTEPS) 8215.66
2023-10-12 04:00:55,686 - tune.py [line:103] - INFO: Epoch 00660 | Time(s) 0.0796 | Val Loss 1.0489 | Val Acc 0.6462 | ETputs(KTEPS) 8172.82
2023-10-12 04:00:57,487 - tune.py [line:103] - INFO: Epoch 00680 | Time(s) 0.0799 | Val Loss 1.0464 | Val Acc 0.6527 | ETputs(KTEPS) 8141.39
2023-10-12 04:00:59,318 - tune.py [line:103] - INFO: Epoch 00700 | Time(s) 0.0802 | Val Loss 1.0114 | Val Acc 0.6637 | ETputs(KTEPS) 8107.58
2023-10-12 04:01:01,044 - tune.py [line:103] - INFO: Epoch 00720 | Time(s) 0.0804 | Val Loss 0.9961 | Val Acc 0.6747 | ETputs(KTEPS) 8090.60
2023-10-12 04:01:02,828 - tune.py [line:103] - INFO: Epoch 00740 | Time(s) 0.0806 | Val Loss 1.0000 | Val Acc 0.6374 | ETputs(KTEPS) 8066.67
2023-10-12 04:01:04,624 - tune.py [line:103] - INFO: Epoch 00760 | Time(s) 0.0808 | Val Loss 1.0252 | Val Acc 0.6374 | ETputs(KTEPS) 8042.66
2023-10-12 04:01:06,404 - tune.py [line:103] - INFO: Epoch 00780 | Time(s) 0.0811 | Val Loss 1.0125 | Val Acc 0.6374 | ETputs(KTEPS) 8021.93
2023-10-12 04:01:07,031 - tune.py [line:117] - INFO: [FINAL MODEL] Val accuracy 68.35% \Val loss: 1.0
2023-10-12 04:01:07,045 - tune.py [line:119] - INFO: [FINAL MODEL] Test accuracy 67.18% \Test loss: 0.94
2023-10-12 04:01:07,045 - tune.py [line:144] - INFO: Acc on the first split (Validation Set): 0.6835
2023-10-12 04:01:07,045 - tune.py [line:145] - INFO: Acc on the first split (Test Set): 0.6718
