2023-10-12 04:12:23,973 - tune.py [line:203] - INFO: Namespace(seed=42, model='GPRGNNV2', gpu=0, dataset='geom-chameleon', logging=True, log_detail=True, log_detailedCh=False, id_log=1012014503, optuna_n_trials=202, n_epochs=2000, self_loop=True, udgraph=True, early_stop=True, patience=300, n_hidden=64, n_cv=1, start_cv=0, n_layers=20, lr1=0.04, lr2=0.05, wd1=0.0001, wd2=1e-05, dropout=0.4, dropout2=0.7, alpha=0.4, es_ckpt='TestTuningScript-geom-chameleon_GPRGNNV2-geom-chameleon_trialNo110')
2023-10-12 04:12:24,718 - tune.py [line:128] - INFO: Split_seeds:[1824]
2023-10-12 04:12:24,718 - tune.py [line:129] - INFO: Model_seeds:[409]
2023-10-12 04:12:26,571 - tune.py [line:103] - INFO: Epoch 00020 | Time(s) 0.0905 | Val Loss 1.2197 | Val Acc 0.5582 | ETputs(KTEPS) 7183.49
2023-10-12 04:12:28,433 - tune.py [line:103] - INFO: Epoch 00040 | Time(s) 0.0917 | Val Loss 1.2645 | Val Acc 0.5714 | ETputs(KTEPS) 7092.53
2023-10-12 04:12:30,153 - tune.py [line:103] - INFO: Epoch 00060 | Time(s) 0.0896 | Val Loss 1.2973 | Val Acc 0.6132 | ETputs(KTEPS) 7258.85
2023-10-12 04:12:32,051 - tune.py [line:103] - INFO: Epoch 00080 | Time(s) 0.0909 | Val Loss 1.2423 | Val Acc 0.6044 | ETputs(KTEPS) 7153.35
2023-10-12 04:12:33,837 - tune.py [line:103] - INFO: Epoch 00100 | Time(s) 0.0905 | Val Loss 1.2427 | Val Acc 0.6220 | ETputs(KTEPS) 7182.76
2023-10-12 04:12:35,649 - tune.py [line:103] - INFO: Epoch 00120 | Time(s) 0.0905 | Val Loss 1.3067 | Val Acc 0.6264 | ETputs(KTEPS) 7184.95
2023-10-12 04:12:36,765 - tune.py [line:103] - INFO: Epoch 00140 | Time(s) 0.0855 | Val Loss 1.2737 | Val Acc 0.6308 | ETputs(KTEPS) 7601.11
2023-10-12 04:12:38,153 - tune.py [line:103] - INFO: Epoch 00160 | Time(s) 0.0835 | Val Loss 1.2653 | Val Acc 0.6440 | ETputs(KTEPS) 7784.99
2023-10-12 04:12:39,529 - tune.py [line:103] - INFO: Epoch 00180 | Time(s) 0.0818 | Val Loss 1.2364 | Val Acc 0.6505 | ETputs(KTEPS) 7944.99
2023-10-12 04:12:40,916 - tune.py [line:103] - INFO: Epoch 00200 | Time(s) 0.0806 | Val Loss 1.2810 | Val Acc 0.6462 | ETputs(KTEPS) 8068.45
2023-10-12 04:12:42,317 - tune.py [line:103] - INFO: Epoch 00220 | Time(s) 0.0796 | Val Loss 1.2663 | Val Acc 0.6484 | ETputs(KTEPS) 8167.30
2023-10-12 04:12:43,568 - tune.py [line:103] - INFO: Epoch 00240 | Time(s) 0.0782 | Val Loss 1.2799 | Val Acc 0.6484 | ETputs(KTEPS) 8317.20
2023-10-12 04:12:44,823 - tune.py [line:103] - INFO: Epoch 00260 | Time(s) 0.0770 | Val Loss 1.2275 | Val Acc 0.6549 | ETputs(KTEPS) 8447.76
2023-10-12 04:12:46,222 - tune.py [line:103] - INFO: Epoch 00280 | Time(s) 0.0765 | Val Loss 1.2290 | Val Acc 0.6396 | ETputs(KTEPS) 8503.24
2023-10-12 04:12:47,641 - tune.py [line:103] - INFO: Epoch 00300 | Time(s) 0.0761 | Val Loss 1.2809 | Val Acc 0.6374 | ETputs(KTEPS) 8544.54
2023-10-12 04:12:48,986 - tune.py [line:103] - INFO: Epoch 00320 | Time(s) 0.0755 | Val Loss 1.2503 | Val Acc 0.6396 | ETputs(KTEPS) 8608.05
2023-10-12 04:12:50,277 - tune.py [line:103] - INFO: Epoch 00340 | Time(s) 0.0749 | Val Loss 1.2309 | Val Acc 0.6571 | ETputs(KTEPS) 8682.67
2023-10-12 04:12:51,685 - tune.py [line:103] - INFO: Epoch 00360 | Time(s) 0.0746 | Val Loss 1.2672 | Val Acc 0.6527 | ETputs(KTEPS) 8711.92
2023-10-12 04:12:53,072 - tune.py [line:103] - INFO: Epoch 00380 | Time(s) 0.0743 | Val Loss 1.2468 | Val Acc 0.6571 | ETputs(KTEPS) 8745.24
2023-10-12 04:12:54,373 - tune.py [line:103] - INFO: Epoch 00400 | Time(s) 0.0739 | Val Loss 1.2340 | Val Acc 0.6593 | ETputs(KTEPS) 8801.35
2023-10-12 04:12:55,634 - tune.py [line:103] - INFO: Epoch 00420 | Time(s) 0.0734 | Val Loss 1.2550 | Val Acc 0.6615 | ETputs(KTEPS) 8863.44
2023-10-12 04:12:57,259 - tune.py [line:103] - INFO: Epoch 00440 | Time(s) 0.0737 | Val Loss 1.2306 | Val Acc 0.6659 | ETputs(KTEPS) 8820.52
2023-10-12 04:12:59,028 - tune.py [line:103] - INFO: Epoch 00460 | Time(s) 0.0743 | Val Loss 1.1859 | Val Acc 0.6835 | ETputs(KTEPS) 8745.98
2023-10-12 04:13:00,887 - tune.py [line:103] - INFO: Epoch 00480 | Time(s) 0.0751 | Val Loss 1.1565 | Val Acc 0.6835 | ETputs(KTEPS) 8655.87
2023-10-12 04:13:02,714 - tune.py [line:103] - INFO: Epoch 00500 | Time(s) 0.0758 | Val Loss 1.1279 | Val Acc 0.6725 | ETputs(KTEPS) 8582.31
2023-10-12 04:13:04,433 - tune.py [line:103] - INFO: Epoch 00520 | Time(s) 0.0761 | Val Loss 1.1625 | Val Acc 0.6747 | ETputs(KTEPS) 8538.89
2023-10-12 04:13:06,020 - tune.py [line:103] - INFO: Epoch 00540 | Time(s) 0.0763 | Val Loss 1.1693 | Val Acc 0.6725 | ETputs(KTEPS) 8525.88
2023-10-12 04:13:08,033 - tune.py [line:103] - INFO: Epoch 00560 | Time(s) 0.0771 | Val Loss 1.2001 | Val Acc 0.6703 | ETputs(KTEPS) 8429.58
2023-10-12 04:13:09,842 - tune.py [line:103] - INFO: Epoch 00580 | Time(s) 0.0776 | Val Loss 1.1659 | Val Acc 0.6725 | ETputs(KTEPS) 8379.86
2023-10-12 04:13:11,643 - tune.py [line:103] - INFO: Epoch 00600 | Time(s) 0.0780 | Val Loss 1.1718 | Val Acc 0.6901 | ETputs(KTEPS) 8336.01
2023-10-12 04:13:13,417 - tune.py [line:103] - INFO: Epoch 00620 | Time(s) 0.0783 | Val Loss 1.1788 | Val Acc 0.6615 | ETputs(KTEPS) 8299.36
2023-10-12 04:13:15,135 - tune.py [line:103] - INFO: Epoch 00640 | Time(s) 0.0786 | Val Loss 1.1479 | Val Acc 0.6857 | ETputs(KTEPS) 8274.53
2023-10-12 04:13:16,869 - tune.py [line:103] - INFO: Epoch 00660 | Time(s) 0.0788 | Val Loss 1.1678 | Val Acc 0.6791 | ETputs(KTEPS) 8248.76
2023-10-12 04:13:18,705 - tune.py [line:103] - INFO: Epoch 00680 | Time(s) 0.0792 | Val Loss 1.2175 | Val Acc 0.6571 | ETputs(KTEPS) 8209.12
2023-10-12 04:13:20,606 - tune.py [line:103] - INFO: Epoch 00700 | Time(s) 0.0797 | Val Loss 1.1984 | Val Acc 0.6791 | ETputs(KTEPS) 8162.49
2023-10-12 04:13:22,219 - tune.py [line:103] - INFO: Epoch 00720 | Time(s) 0.0797 | Val Loss 1.1365 | Val Acc 0.6835 | ETputs(KTEPS) 8160.15
2023-10-12 04:13:24,145 - tune.py [line:103] - INFO: Epoch 00740 | Time(s) 0.0801 | Val Loss 1.1905 | Val Acc 0.6703 | ETputs(KTEPS) 8114.51
2023-10-12 04:13:26,152 - tune.py [line:103] - INFO: Epoch 00760 | Time(s) 0.0807 | Val Loss 1.1893 | Val Acc 0.6681 | ETputs(KTEPS) 8061.19
2023-10-12 04:13:27,760 - tune.py [line:103] - INFO: Epoch 00780 | Time(s) 0.0806 | Val Loss 1.1987 | Val Acc 0.6769 | ETputs(KTEPS) 8061.92
2023-10-12 04:13:29,552 - tune.py [line:103] - INFO: Epoch 00800 | Time(s) 0.0809 | Val Loss 1.1197 | Val Acc 0.6747 | ETputs(KTEPS) 8039.64
2023-10-12 04:13:31,397 - tune.py [line:103] - INFO: Epoch 00820 | Time(s) 0.0811 | Val Loss 1.1428 | Val Acc 0.6571 | ETputs(KTEPS) 8012.27
2023-10-12 04:13:33,343 - tune.py [line:103] - INFO: Epoch 00840 | Time(s) 0.0815 | Val Loss 1.1368 | Val Acc 0.6835 | ETputs(KTEPS) 7974.54
2023-10-12 04:13:35,206 - tune.py [line:103] - INFO: Epoch 00860 | Time(s) 0.0818 | Val Loss 1.1289 | Val Acc 0.6593 | ETputs(KTEPS) 7948.30
2023-10-12 04:13:37,009 - tune.py [line:103] - INFO: Epoch 00880 | Time(s) 0.0820 | Val Loss 1.1637 | Val Acc 0.6571 | ETputs(KTEPS) 7929.99
2023-10-12 04:13:38,796 - tune.py [line:103] - INFO: Epoch 00900 | Time(s) 0.0822 | Val Loss 1.1993 | Val Acc 0.6725 | ETputs(KTEPS) 7914.25
2023-10-12 04:13:40,510 - tune.py [line:103] - INFO: Epoch 00920 | Time(s) 0.0822 | Val Loss 1.1993 | Val Acc 0.6593 | ETputs(KTEPS) 7906.91
2023-10-12 04:13:42,419 - tune.py [line:103] - INFO: Epoch 00940 | Time(s) 0.0825 | Val Loss 1.1748 | Val Acc 0.6835 | ETputs(KTEPS) 7880.09
2023-10-12 04:13:44,227 - tune.py [line:103] - INFO: Epoch 00960 | Time(s) 0.0827 | Val Loss 1.1516 | Val Acc 0.6747 | ETputs(KTEPS) 7864.48
2023-10-12 04:13:45,952 - tune.py [line:103] - INFO: Epoch 00980 | Time(s) 0.0827 | Val Loss 1.1688 | Val Acc 0.6725 | ETputs(KTEPS) 7857.63
2023-10-12 04:13:47,956 - tune.py [line:103] - INFO: Epoch 01000 | Time(s) 0.0831 | Val Loss 1.1660 | Val Acc 0.6637 | ETputs(KTEPS) 7824.64
2023-10-12 04:13:48,299 - tune.py [line:117] - INFO: [FINAL MODEL] Val accuracy 70.11% \Val loss: 1.1
2023-10-12 04:13:48,305 - tune.py [line:119] - INFO: [FINAL MODEL] Test accuracy 68.05% \Test loss: 1.1
2023-10-12 04:13:48,306 - tune.py [line:144] - INFO: Acc on the first split (Validation Set): 0.7011
2023-10-12 04:13:48,306 - tune.py [line:145] - INFO: Acc on the first split (Test Set): 0.6805
