2023-10-12 04:20:54,236 - tune.py [line:203] - INFO: Namespace(seed=42, model='GPRGNNV2', gpu=0, dataset='geom-chameleon', logging=True, log_detail=True, log_detailedCh=False, id_log=1012014503, optuna_n_trials=202, n_epochs=2000, self_loop=True, udgraph=True, early_stop=True, patience=300, n_hidden=64, n_cv=1, start_cv=0, n_layers=20, lr1=0.05, lr2=0.05, wd1=0.0001, wd2=0.0001, dropout=0.4, dropout2=0.7, alpha=0.4, es_ckpt='TestTuningScript-geom-chameleon_GPRGNNV2-geom-chameleon_trialNo156')
2023-10-12 04:20:55,006 - tune.py [line:128] - INFO: Split_seeds:[1824]
2023-10-12 04:20:55,006 - tune.py [line:129] - INFO: Model_seeds:[409]
2023-10-12 04:20:56,990 - tune.py [line:103] - INFO: Epoch 00020 | Time(s) 0.0975 | Val Loss 1.2346 | Val Acc 0.5429 | ETputs(KTEPS) 6670.95
2023-10-12 04:20:58,896 - tune.py [line:103] - INFO: Epoch 00040 | Time(s) 0.0961 | Val Loss 1.2470 | Val Acc 0.5714 | ETputs(KTEPS) 6764.37
2023-10-12 04:21:00,803 - tune.py [line:103] - INFO: Epoch 00060 | Time(s) 0.0957 | Val Loss 1.2321 | Val Acc 0.6088 | ETputs(KTEPS) 6793.83
2023-10-12 04:21:02,712 - tune.py [line:103] - INFO: Epoch 00080 | Time(s) 0.0956 | Val Loss 1.1916 | Val Acc 0.6000 | ETputs(KTEPS) 6800.74
2023-10-12 04:21:04,846 - tune.py [line:103] - INFO: Epoch 00100 | Time(s) 0.0977 | Val Loss 1.1797 | Val Acc 0.6308 | ETputs(KTEPS) 6651.75
2023-10-12 04:21:06,638 - tune.py [line:103] - INFO: Epoch 00120 | Time(s) 0.0963 | Val Loss 1.2088 | Val Acc 0.6374 | ETputs(KTEPS) 6751.40
2023-10-12 04:21:07,762 - tune.py [line:103] - INFO: Epoch 00140 | Time(s) 0.0906 | Val Loss 1.1831 | Val Acc 0.6484 | ETputs(KTEPS) 7180.36
2023-10-12 04:21:09,037 - tune.py [line:103] - INFO: Epoch 00160 | Time(s) 0.0872 | Val Loss 1.2328 | Val Acc 0.6527 | ETputs(KTEPS) 7456.48
2023-10-12 04:21:10,362 - tune.py [line:103] - INFO: Epoch 00180 | Time(s) 0.0849 | Val Loss 1.1964 | Val Acc 0.6352 | ETputs(KTEPS) 7661.11
2023-10-12 04:21:11,772 - tune.py [line:103] - INFO: Epoch 00200 | Time(s) 0.0834 | Val Loss 1.1817 | Val Acc 0.6374 | ETputs(KTEPS) 7794.52
2023-10-12 04:21:13,183 - tune.py [line:103] - INFO: Epoch 00220 | Time(s) 0.0822 | Val Loss 1.1450 | Val Acc 0.6527 | ETputs(KTEPS) 7906.80
2023-10-12 04:21:14,543 - tune.py [line:103] - INFO: Epoch 00240 | Time(s) 0.0810 | Val Loss 1.2170 | Val Acc 0.6352 | ETputs(KTEPS) 8023.95
2023-10-12 04:21:15,862 - tune.py [line:103] - INFO: Epoch 00260 | Time(s) 0.0799 | Val Loss 1.1343 | Val Acc 0.6440 | ETputs(KTEPS) 8140.70
2023-10-12 04:21:17,228 - tune.py [line:103] - INFO: Epoch 00280 | Time(s) 0.0790 | Val Loss 1.1891 | Val Acc 0.6440 | ETputs(KTEPS) 8225.95
2023-10-12 04:21:18,668 - tune.py [line:103] - INFO: Epoch 00300 | Time(s) 0.0786 | Val Loss 1.1504 | Val Acc 0.6593 | ETputs(KTEPS) 8275.26
2023-10-12 04:21:20,169 - tune.py [line:103] - INFO: Epoch 00320 | Time(s) 0.0783 | Val Loss 1.1037 | Val Acc 0.6725 | ETputs(KTEPS) 8298.79
2023-10-12 04:21:21,528 - tune.py [line:103] - INFO: Epoch 00340 | Time(s) 0.0777 | Val Loss 1.1170 | Val Acc 0.6527 | ETputs(KTEPS) 8364.36
2023-10-12 04:21:22,910 - tune.py [line:103] - INFO: Epoch 00360 | Time(s) 0.0772 | Val Loss 1.1010 | Val Acc 0.6769 | ETputs(KTEPS) 8417.23
2023-10-12 04:21:24,373 - tune.py [line:103] - INFO: Epoch 00380 | Time(s) 0.0770 | Val Loss 1.1738 | Val Acc 0.6549 | ETputs(KTEPS) 8440.98
2023-10-12 04:21:25,716 - tune.py [line:103] - INFO: Epoch 00400 | Time(s) 0.0765 | Val Loss 1.1362 | Val Acc 0.6593 | ETputs(KTEPS) 8495.57
2023-10-12 04:21:27,138 - tune.py [line:103] - INFO: Epoch 00420 | Time(s) 0.0763 | Val Loss 1.1465 | Val Acc 0.6549 | ETputs(KTEPS) 8524.56
2023-10-12 04:21:28,635 - tune.py [line:103] - INFO: Epoch 00440 | Time(s) 0.0762 | Val Loss 1.1262 | Val Acc 0.6593 | ETputs(KTEPS) 8532.06
2023-10-12 04:21:30,182 - tune.py [line:103] - INFO: Epoch 00460 | Time(s) 0.0763 | Val Loss 1.0957 | Val Acc 0.6681 | ETputs(KTEPS) 8526.48
2023-10-12 04:21:31,628 - tune.py [line:103] - INFO: Epoch 00480 | Time(s) 0.0761 | Val Loss 1.1150 | Val Acc 0.6791 | ETputs(KTEPS) 8545.90
2023-10-12 04:21:33,133 - tune.py [line:103] - INFO: Epoch 00500 | Time(s) 0.0760 | Val Loss 1.1393 | Val Acc 0.6440 | ETputs(KTEPS) 8549.57
2023-10-12 04:21:34,632 - tune.py [line:103] - INFO: Epoch 00520 | Time(s) 0.0760 | Val Loss 1.1205 | Val Acc 0.6571 | ETputs(KTEPS) 8554.61
2023-10-12 04:21:36,020 - tune.py [line:103] - INFO: Epoch 00540 | Time(s) 0.0758 | Val Loss 1.0947 | Val Acc 0.6747 | ETputs(KTEPS) 8582.24
2023-10-12 04:21:37,413 - tune.py [line:103] - INFO: Epoch 00560 | Time(s) 0.0755 | Val Loss 1.1072 | Val Acc 0.6615 | ETputs(KTEPS) 8608.44
2023-10-12 04:21:38,824 - tune.py [line:103] - INFO: Epoch 00580 | Time(s) 0.0754 | Val Loss 1.1396 | Val Acc 0.6527 | ETputs(KTEPS) 8628.16
2023-10-12 04:21:40,391 - tune.py [line:103] - INFO: Epoch 00600 | Time(s) 0.0755 | Val Loss 1.1518 | Val Acc 0.6527 | ETputs(KTEPS) 8616.83
2023-10-12 04:21:41,828 - tune.py [line:103] - INFO: Epoch 00620 | Time(s) 0.0753 | Val Loss 1.1668 | Val Acc 0.6484 | ETputs(KTEPS) 8630.29
2023-10-12 04:21:43,383 - tune.py [line:103] - INFO: Epoch 00640 | Time(s) 0.0754 | Val Loss 1.0559 | Val Acc 0.6571 | ETputs(KTEPS) 8621.75
2023-10-12 04:21:44,867 - tune.py [line:103] - INFO: Epoch 00660 | Time(s) 0.0754 | Val Loss 1.1242 | Val Acc 0.6484 | ETputs(KTEPS) 8626.05
2023-10-12 04:21:46,381 - tune.py [line:103] - INFO: Epoch 00680 | Time(s) 0.0754 | Val Loss 1.1833 | Val Acc 0.6462 | ETputs(KTEPS) 8625.14
2023-10-12 04:21:47,912 - tune.py [line:103] - INFO: Epoch 00700 | Time(s) 0.0754 | Val Loss 1.1352 | Val Acc 0.6615 | ETputs(KTEPS) 8621.44
2023-10-12 04:21:49,714 - tune.py [line:103] - INFO: Epoch 00720 | Time(s) 0.0758 | Val Loss 1.1946 | Val Acc 0.6615 | ETputs(KTEPS) 8575.07
2023-10-12 04:21:51,845 - tune.py [line:103] - INFO: Epoch 00740 | Time(s) 0.0767 | Val Loss 1.1818 | Val Acc 0.6549 | ETputs(KTEPS) 8482.29
2023-10-12 04:21:53,906 - tune.py [line:103] - INFO: Epoch 00760 | Time(s) 0.0773 | Val Loss 1.1435 | Val Acc 0.6593 | ETputs(KTEPS) 8406.26
2023-10-12 04:21:55,914 - tune.py [line:103] - INFO: Epoch 00780 | Time(s) 0.0779 | Val Loss 1.1143 | Val Acc 0.6593 | ETputs(KTEPS) 8342.60
2023-10-12 04:21:57,675 - tune.py [line:103] - INFO: Epoch 00800 | Time(s) 0.0782 | Val Loss 1.0854 | Val Acc 0.6659 | ETputs(KTEPS) 8315.71
2023-10-12 04:21:58,981 - tune.py [line:103] - INFO: Epoch 00820 | Time(s) 0.0779 | Val Loss 1.1189 | Val Acc 0.6637 | ETputs(KTEPS) 8349.72
2023-10-12 04:22:00,463 - tune.py [line:103] - INFO: Epoch 00840 | Time(s) 0.0778 | Val Loss 1.0785 | Val Acc 0.6725 | ETputs(KTEPS) 8359.44
2023-10-12 04:22:01,923 - tune.py [line:103] - INFO: Epoch 00860 | Time(s) 0.0777 | Val Loss 1.1050 | Val Acc 0.6813 | ETputs(KTEPS) 8371.46
2023-10-12 04:22:03,397 - tune.py [line:103] - INFO: Epoch 00880 | Time(s) 0.0776 | Val Loss 1.0938 | Val Acc 0.6725 | ETputs(KTEPS) 8381.70
2023-10-12 04:22:04,997 - tune.py [line:103] - INFO: Epoch 00900 | Time(s) 0.0776 | Val Loss 1.1250 | Val Acc 0.6659 | ETputs(KTEPS) 8375.96
2023-10-12 04:22:06,397 - tune.py [line:103] - INFO: Epoch 00920 | Time(s) 0.0775 | Val Loss 1.1202 | Val Acc 0.6484 | ETputs(KTEPS) 8393.99
2023-10-12 04:22:08,007 - tune.py [line:103] - INFO: Epoch 00940 | Time(s) 0.0775 | Val Loss 1.0870 | Val Acc 0.6703 | ETputs(KTEPS) 8387.04
2023-10-12 04:22:09,405 - tune.py [line:103] - INFO: Epoch 00960 | Time(s) 0.0774 | Val Loss 1.0569 | Val Acc 0.6835 | ETputs(KTEPS) 8404.33
2023-10-12 04:22:10,796 - tune.py [line:103] - INFO: Epoch 00980 | Time(s) 0.0772 | Val Loss 1.1115 | Val Acc 0.6659 | ETputs(KTEPS) 8421.83
2023-10-12 04:22:12,369 - tune.py [line:103] - INFO: Epoch 01000 | Time(s) 0.0772 | Val Loss 1.0918 | Val Acc 0.6725 | ETputs(KTEPS) 8419.07
2023-10-12 04:22:13,687 - tune.py [line:103] - INFO: Epoch 01020 | Time(s) 0.0770 | Val Loss 1.1017 | Val Acc 0.6725 | ETputs(KTEPS) 8443.37
2023-10-12 04:22:15,225 - tune.py [line:103] - INFO: Epoch 01040 | Time(s) 0.0770 | Val Loss 1.1179 | Val Acc 0.6769 | ETputs(KTEPS) 8443.65
2023-10-12 04:22:16,674 - tune.py [line:103] - INFO: Epoch 01060 | Time(s) 0.0769 | Val Loss 1.1397 | Val Acc 0.6549 | ETputs(KTEPS) 8453.20
2023-10-12 04:22:17,893 - tune.py [line:103] - INFO: Epoch 01080 | Time(s) 0.0766 | Val Loss 1.1312 | Val Acc 0.6637 | ETputs(KTEPS) 8485.88
2023-10-12 04:22:19,519 - tune.py [line:103] - INFO: Epoch 01100 | Time(s) 0.0767 | Val Loss 1.1181 | Val Acc 0.6659 | ETputs(KTEPS) 8476.58
2023-10-12 04:22:21,037 - tune.py [line:103] - INFO: Epoch 01120 | Time(s) 0.0767 | Val Loss 1.1293 | Val Acc 0.6681 | ETputs(KTEPS) 8478.31
2023-10-12 04:22:22,571 - tune.py [line:103] - INFO: Epoch 01140 | Time(s) 0.0767 | Val Loss 1.0645 | Val Acc 0.6813 | ETputs(KTEPS) 8478.33
2023-10-12 04:22:24,090 - tune.py [line:103] - INFO: Epoch 01160 | Time(s) 0.0767 | Val Loss 1.0855 | Val Acc 0.6791 | ETputs(KTEPS) 8479.91
2023-10-12 04:22:25,786 - tune.py [line:103] - INFO: Epoch 01180 | Time(s) 0.0768 | Val Loss 1.1116 | Val Acc 0.6747 | ETputs(KTEPS) 8464.83
2023-10-12 04:22:27,441 - tune.py [line:103] - INFO: Epoch 01200 | Time(s) 0.0769 | Val Loss 1.1330 | Val Acc 0.6659 | ETputs(KTEPS) 8453.97
2023-10-12 04:22:28,972 - tune.py [line:103] - INFO: Epoch 01220 | Time(s) 0.0769 | Val Loss 1.1352 | Val Acc 0.6527 | ETputs(KTEPS) 8454.71
2023-10-12 04:22:30,501 - tune.py [line:103] - INFO: Epoch 01240 | Time(s) 0.0769 | Val Loss 1.1300 | Val Acc 0.6681 | ETputs(KTEPS) 8455.83
2023-10-12 04:22:32,145 - tune.py [line:103] - INFO: Epoch 01260 | Time(s) 0.0770 | Val Loss 1.1663 | Val Acc 0.6549 | ETputs(KTEPS) 8446.65
2023-10-12 04:22:33,562 - tune.py [line:103] - INFO: Epoch 01280 | Time(s) 0.0769 | Val Loss 1.1212 | Val Acc 0.6593 | ETputs(KTEPS) 8457.22
2023-10-12 04:22:35,122 - tune.py [line:103] - INFO: Epoch 01300 | Time(s) 0.0769 | Val Loss 1.0952 | Val Acc 0.6659 | ETputs(KTEPS) 8455.36
2023-10-12 04:22:36,782 - tune.py [line:103] - INFO: Epoch 01320 | Time(s) 0.0770 | Val Loss 1.1432 | Val Acc 0.6615 | ETputs(KTEPS) 8445.33
2023-10-12 04:22:38,287 - tune.py [line:103] - INFO: Epoch 01340 | Time(s) 0.0770 | Val Loss 1.1471 | Val Acc 0.6505 | ETputs(KTEPS) 8448.21
2023-10-12 04:22:39,856 - tune.py [line:103] - INFO: Epoch 01360 | Time(s) 0.0770 | Val Loss 1.1479 | Val Acc 0.6637 | ETputs(KTEPS) 8445.93
2023-10-12 04:22:41,506 - tune.py [line:103] - INFO: Epoch 01380 | Time(s) 0.0771 | Val Loss 1.1381 | Val Acc 0.6615 | ETputs(KTEPS) 8437.19
2023-10-12 04:22:42,970 - tune.py [line:103] - INFO: Epoch 01400 | Time(s) 0.0770 | Val Loss 1.1496 | Val Acc 0.6505 | ETputs(KTEPS) 8443.32
2023-10-12 04:22:44,502 - tune.py [line:103] - INFO: Epoch 01420 | Time(s) 0.0770 | Val Loss 1.1860 | Val Acc 0.6484 | ETputs(KTEPS) 8444.00
2023-10-12 04:22:45,997 - tune.py [line:103] - INFO: Epoch 01440 | Time(s) 0.0770 | Val Loss 1.1343 | Val Acc 0.6527 | ETputs(KTEPS) 8447.47
2023-10-12 04:22:47,474 - tune.py [line:103] - INFO: Epoch 01460 | Time(s) 0.0769 | Val Loss 1.1423 | Val Acc 0.6659 | ETputs(KTEPS) 8452.26
2023-10-12 04:22:49,039 - tune.py [line:103] - INFO: Epoch 01480 | Time(s) 0.0769 | Val Loss 1.1329 | Val Acc 0.6659 | ETputs(KTEPS) 8450.34
2023-10-12 04:22:50,586 - tune.py [line:103] - INFO: Epoch 01500 | Time(s) 0.0769 | Val Loss 1.1385 | Val Acc 0.6505 | ETputs(KTEPS) 8449.82
2023-10-12 04:22:52,073 - tune.py [line:103] - INFO: Epoch 01520 | Time(s) 0.0769 | Val Loss 1.1445 | Val Acc 0.6505 | ETputs(KTEPS) 8453.61
2023-10-12 04:22:52,718 - tune.py [line:117] - INFO: [FINAL MODEL] Val accuracy 69.89% \Val loss: 1.1
2023-10-12 04:22:52,725 - tune.py [line:119] - INFO: [FINAL MODEL] Test accuracy 68.05% \Test loss: 1.0
2023-10-12 04:22:52,726 - tune.py [line:144] - INFO: Acc on the first split (Validation Set): 0.6989
2023-10-12 04:22:52,726 - tune.py [line:145] - INFO: Acc on the first split (Test Set): 0.6805
