2023-10-12 04:25:21,312 - tune.py [line:203] - INFO: Namespace(seed=42, model='GPRGNNV2', gpu=0, dataset='geom-chameleon', logging=True, log_detail=True, log_detailedCh=False, id_log=1012014503, optuna_n_trials=202, n_epochs=2000, self_loop=True, udgraph=True, early_stop=True, patience=300, n_hidden=64, n_cv=1, start_cv=0, n_layers=20, lr1=0.04, lr2=0.05, wd1=0.0001, wd2=1e-06, dropout=0.4, dropout2=0.7, alpha=0.5, es_ckpt='TestTuningScript-geom-chameleon_GPRGNNV2-geom-chameleon_trialNo186')
2023-10-12 04:25:22,084 - tune.py [line:128] - INFO: Split_seeds:[1824]
2023-10-12 04:25:22,084 - tune.py [line:129] - INFO: Model_seeds:[409]
2023-10-12 04:25:24,159 - tune.py [line:103] - INFO: Epoch 00020 | Time(s) 0.1014 | Val Loss 1.2010 | Val Acc 0.5714 | ETputs(KTEPS) 6411.38
2023-10-12 04:25:26,239 - tune.py [line:103] - INFO: Epoch 00040 | Time(s) 0.1026 | Val Loss 1.2502 | Val Acc 0.5956 | ETputs(KTEPS) 6338.40
2023-10-12 04:25:28,186 - tune.py [line:103] - INFO: Epoch 00060 | Time(s) 0.1007 | Val Loss 1.2708 | Val Acc 0.5934 | ETputs(KTEPS) 6456.23
2023-10-12 04:25:30,277 - tune.py [line:103] - INFO: Epoch 00080 | Time(s) 0.1016 | Val Loss 1.2193 | Val Acc 0.6330 | ETputs(KTEPS) 6400.70
2023-10-12 04:25:32,224 - tune.py [line:103] - INFO: Epoch 00100 | Time(s) 0.1007 | Val Loss 1.2092 | Val Acc 0.6198 | ETputs(KTEPS) 6456.14
2023-10-12 04:25:34,176 - tune.py [line:103] - INFO: Epoch 00120 | Time(s) 0.1002 | Val Loss 1.2428 | Val Acc 0.6440 | ETputs(KTEPS) 6491.39
2023-10-12 04:25:36,264 - tune.py [line:103] - INFO: Epoch 00140 | Time(s) 0.1007 | Val Loss 1.2225 | Val Acc 0.6505 | ETputs(KTEPS) 6454.56
2023-10-12 04:25:38,260 - tune.py [line:103] - INFO: Epoch 00160 | Time(s) 0.1005 | Val Loss 1.2575 | Val Acc 0.6571 | ETputs(KTEPS) 6467.16
2023-10-12 04:25:40,288 - tune.py [line:103] - INFO: Epoch 00180 | Time(s) 0.1006 | Val Loss 1.2280 | Val Acc 0.6440 | ETputs(KTEPS) 6461.78
2023-10-12 04:25:42,429 - tune.py [line:103] - INFO: Epoch 00200 | Time(s) 0.1013 | Val Loss 1.2104 | Val Acc 0.6571 | ETputs(KTEPS) 6420.79
2023-10-12 04:25:44,521 - tune.py [line:103] - INFO: Epoch 00220 | Time(s) 0.1015 | Val Loss 1.2107 | Val Acc 0.6681 | ETputs(KTEPS) 6403.20
2023-10-12 04:25:46,649 - tune.py [line:103] - INFO: Epoch 00240 | Time(s) 0.1019 | Val Loss 1.2180 | Val Acc 0.6396 | ETputs(KTEPS) 6378.05
2023-10-12 04:25:48,731 - tune.py [line:103] - INFO: Epoch 00260 | Time(s) 0.1021 | Val Loss 1.1797 | Val Acc 0.6527 | ETputs(KTEPS) 6367.79
2023-10-12 04:25:50,744 - tune.py [line:103] - INFO: Epoch 00280 | Time(s) 0.1020 | Val Loss 1.1920 | Val Acc 0.6593 | ETputs(KTEPS) 6374.36
2023-10-12 04:25:52,939 - tune.py [line:103] - INFO: Epoch 00300 | Time(s) 0.1025 | Val Loss 1.2390 | Val Acc 0.6637 | ETputs(KTEPS) 6343.57
2023-10-12 04:25:54,875 - tune.py [line:103] - INFO: Epoch 00320 | Time(s) 0.1021 | Val Loss 1.2213 | Val Acc 0.6747 | ETputs(KTEPS) 6366.53
2023-10-12 04:25:56,916 - tune.py [line:103] - INFO: Epoch 00340 | Time(s) 0.1021 | Val Loss 1.1857 | Val Acc 0.6659 | ETputs(KTEPS) 6366.98
2023-10-12 04:25:59,089 - tune.py [line:103] - INFO: Epoch 00360 | Time(s) 0.1025 | Val Loss 1.1924 | Val Acc 0.6725 | ETputs(KTEPS) 6344.53
2023-10-12 04:26:01,225 - tune.py [line:103] - INFO: Epoch 00380 | Time(s) 0.1027 | Val Loss 1.1655 | Val Acc 0.6791 | ETputs(KTEPS) 6330.64
2023-10-12 04:26:03,330 - tune.py [line:103] - INFO: Epoch 00400 | Time(s) 0.1028 | Val Loss 1.1796 | Val Acc 0.6813 | ETputs(KTEPS) 6322.96
2023-10-12 04:26:05,408 - tune.py [line:103] - INFO: Epoch 00420 | Time(s) 0.1029 | Val Loss 1.2071 | Val Acc 0.6571 | ETputs(KTEPS) 6319.92
2023-10-12 04:26:07,706 - tune.py [line:103] - INFO: Epoch 00440 | Time(s) 0.1034 | Val Loss 1.1623 | Val Acc 0.6725 | ETputs(KTEPS) 6286.51
2023-10-12 04:26:09,852 - tune.py [line:103] - INFO: Epoch 00460 | Time(s) 0.1036 | Val Loss 1.1820 | Val Acc 0.6703 | ETputs(KTEPS) 6276.77
2023-10-12 04:26:12,279 - tune.py [line:103] - INFO: Epoch 00480 | Time(s) 0.1043 | Val Loss 1.2168 | Val Acc 0.6615 | ETputs(KTEPS) 6232.26
2023-10-12 04:26:14,463 - tune.py [line:103] - INFO: Epoch 00500 | Time(s) 0.1045 | Val Loss 1.1568 | Val Acc 0.6681 | ETputs(KTEPS) 6220.82
2023-10-12 04:26:16,638 - tune.py [line:103] - INFO: Epoch 00520 | Time(s) 0.1047 | Val Loss 1.1547 | Val Acc 0.6593 | ETputs(KTEPS) 6211.22
2023-10-12 04:26:19,040 - tune.py [line:103] - INFO: Epoch 00540 | Time(s) 0.1053 | Val Loss 1.1700 | Val Acc 0.6725 | ETputs(KTEPS) 6177.56
2023-10-12 04:26:21,462 - tune.py [line:103] - INFO: Epoch 00560 | Time(s) 0.1058 | Val Loss 1.1430 | Val Acc 0.6703 | ETputs(KTEPS) 6144.67
2023-10-12 04:26:23,707 - tune.py [line:103] - INFO: Epoch 00580 | Time(s) 0.1060 | Val Loss 1.1489 | Val Acc 0.6703 | ETputs(KTEPS) 6131.87
2023-10-12 04:26:26,082 - tune.py [line:103] - INFO: Epoch 00600 | Time(s) 0.1065 | Val Loss 1.1857 | Val Acc 0.6593 | ETputs(KTEPS) 6107.54
2023-10-12 04:26:28,452 - tune.py [line:103] - INFO: Epoch 00620 | Time(s) 0.1068 | Val Loss 1.2480 | Val Acc 0.6659 | ETputs(KTEPS) 6085.37
2023-10-12 04:26:29,952 - tune.py [line:103] - INFO: Epoch 00640 | Time(s) 0.1058 | Val Loss 1.1738 | Val Acc 0.6769 | ETputs(KTEPS) 6142.63
2023-10-12 04:26:31,038 - tune.py [line:103] - INFO: Epoch 00660 | Time(s) 0.1043 | Val Loss 1.1606 | Val Acc 0.6857 | ETputs(KTEPS) 6234.69
2023-10-12 04:26:32,455 - tune.py [line:103] - INFO: Epoch 00680 | Time(s) 0.1033 | Val Loss 1.1839 | Val Acc 0.6462 | ETputs(KTEPS) 6294.13
2023-10-12 04:26:33,634 - tune.py [line:103] - INFO: Epoch 00700 | Time(s) 0.1020 | Val Loss 1.1453 | Val Acc 0.6703 | ETputs(KTEPS) 6372.35
2023-10-12 04:26:34,577 - tune.py [line:103] - INFO: Epoch 00720 | Time(s) 0.1005 | Val Loss 1.1784 | Val Acc 0.6725 | ETputs(KTEPS) 6469.05
2023-10-12 04:26:35,440 - tune.py [line:103] - INFO: Epoch 00740 | Time(s) 0.0990 | Val Loss 1.1859 | Val Acc 0.6879 | ETputs(KTEPS) 6570.44
2023-10-12 04:26:35,976 - tune.py [line:117] - INFO: [FINAL MODEL] Val accuracy 70.11% \Val loss: 1.1
2023-10-12 04:26:35,987 - tune.py [line:119] - INFO: [FINAL MODEL] Test accuracy 70.02% \Test loss: 1.1
2023-10-12 04:26:35,987 - tune.py [line:144] - INFO: Acc on the first split (Validation Set): 0.7011
2023-10-12 04:26:35,988 - tune.py [line:145] - INFO: Acc on the first split (Test Set): 0.7002
