2023-10-12 04:02:58,656 - tune.py [line:203] - INFO: Namespace(seed=42, model='GPRGNNV2', gpu=0, dataset='geom-chameleon', logging=True, log_detail=True, log_detailedCh=False, id_log=1012014503, optuna_n_trials=202, n_epochs=2000, self_loop=True, udgraph=True, early_stop=True, patience=300, n_hidden=64, n_cv=1, start_cv=0, n_layers=20, lr1=0.05, lr2=0.05, wd1=0.0001, wd2=0.0001, dropout=0.5, dropout2=0.5, alpha=0.6, es_ckpt='TestTuningScript-geom-chameleon_GPRGNNV2-geom-chameleon_trialNo64')
2023-10-12 04:02:59,588 - tune.py [line:128] - INFO: Split_seeds:[1824]
2023-10-12 04:02:59,588 - tune.py [line:129] - INFO: Model_seeds:[409]
2023-10-12 04:03:01,356 - tune.py [line:103] - INFO: Epoch 00020 | Time(s) 0.0871 | Val Loss 1.2205 | Val Acc 0.5582 | ETputs(KTEPS) 7468.17
2023-10-12 04:03:03,155 - tune.py [line:103] - INFO: Epoch 00040 | Time(s) 0.0883 | Val Loss 1.3105 | Val Acc 0.5692 | ETputs(KTEPS) 7360.76
2023-10-12 04:03:04,972 - tune.py [line:103] - INFO: Epoch 00060 | Time(s) 0.0890 | Val Loss 1.2302 | Val Acc 0.5956 | ETputs(KTEPS) 7305.36
2023-10-12 04:03:06,807 - tune.py [line:103] - INFO: Epoch 00080 | Time(s) 0.0896 | Val Loss 1.2559 | Val Acc 0.5956 | ETputs(KTEPS) 7254.73
2023-10-12 04:03:08,799 - tune.py [line:103] - INFO: Epoch 00100 | Time(s) 0.0916 | Val Loss 1.2473 | Val Acc 0.6088 | ETputs(KTEPS) 7097.53
2023-10-12 04:03:10,665 - tune.py [line:103] - INFO: Epoch 00120 | Time(s) 0.0918 | Val Loss 1.2490 | Val Acc 0.6242 | ETputs(KTEPS) 7082.22
2023-10-12 04:03:12,390 - tune.py [line:103] - INFO: Epoch 00140 | Time(s) 0.0910 | Val Loss 1.2101 | Val Acc 0.6462 | ETputs(KTEPS) 7146.81
2023-10-12 04:03:14,120 - tune.py [line:103] - INFO: Epoch 00160 | Time(s) 0.0904 | Val Loss 1.2539 | Val Acc 0.6242 | ETputs(KTEPS) 7191.36
2023-10-12 04:03:16,023 - tune.py [line:103] - INFO: Epoch 00180 | Time(s) 0.0909 | Val Loss 1.2008 | Val Acc 0.6198 | ETputs(KTEPS) 7150.03
2023-10-12 04:03:18,080 - tune.py [line:103] - INFO: Epoch 00200 | Time(s) 0.0921 | Val Loss 1.1760 | Val Acc 0.6440 | ETputs(KTEPS) 7060.82
2023-10-12 04:03:20,085 - tune.py [line:103] - INFO: Epoch 00220 | Time(s) 0.0928 | Val Loss 1.1800 | Val Acc 0.6418 | ETputs(KTEPS) 7004.66
2023-10-12 04:03:21,928 - tune.py [line:103] - INFO: Epoch 00240 | Time(s) 0.0928 | Val Loss 1.1980 | Val Acc 0.6396 | ETputs(KTEPS) 7009.86
2023-10-12 04:03:23,844 - tune.py [line:103] - INFO: Epoch 00260 | Time(s) 0.0930 | Val Loss 1.1745 | Val Acc 0.6440 | ETputs(KTEPS) 6992.37
2023-10-12 04:03:25,924 - tune.py [line:103] - INFO: Epoch 00280 | Time(s) 0.0938 | Val Loss 1.1613 | Val Acc 0.6549 | ETputs(KTEPS) 6934.56
2023-10-12 04:03:27,979 - tune.py [line:103] - INFO: Epoch 00300 | Time(s) 0.0944 | Val Loss 1.1758 | Val Acc 0.6330 | ETputs(KTEPS) 6890.63
2023-10-12 04:03:29,935 - tune.py [line:103] - INFO: Epoch 00320 | Time(s) 0.0946 | Val Loss 1.1901 | Val Acc 0.6418 | ETputs(KTEPS) 6875.05
2023-10-12 04:03:31,943 - tune.py [line:103] - INFO: Epoch 00340 | Time(s) 0.0949 | Val Loss 1.1319 | Val Acc 0.6505 | ETputs(KTEPS) 6850.43
2023-10-12 04:03:33,842 - tune.py [line:103] - INFO: Epoch 00360 | Time(s) 0.0949 | Val Loss 1.1232 | Val Acc 0.6615 | ETputs(KTEPS) 6850.29
2023-10-12 04:03:35,889 - tune.py [line:103] - INFO: Epoch 00380 | Time(s) 0.0953 | Val Loss 1.1801 | Val Acc 0.6484 | ETputs(KTEPS) 6822.78
2023-10-12 04:03:38,173 - tune.py [line:103] - INFO: Epoch 00400 | Time(s) 0.0962 | Val Loss 1.1479 | Val Acc 0.6462 | ETputs(KTEPS) 6755.90
2023-10-12 04:03:39,846 - tune.py [line:103] - INFO: Epoch 00420 | Time(s) 0.0956 | Val Loss 1.1407 | Val Acc 0.6462 | ETputs(KTEPS) 6798.40
2023-10-12 04:03:41,495 - tune.py [line:103] - INFO: Epoch 00440 | Time(s) 0.0950 | Val Loss 1.1248 | Val Acc 0.6615 | ETputs(KTEPS) 6841.41
2023-10-12 04:03:43,285 - tune.py [line:103] - INFO: Epoch 00460 | Time(s) 0.0948 | Val Loss 1.1562 | Val Acc 0.6681 | ETputs(KTEPS) 6858.91
2023-10-12 04:03:45,319 - tune.py [line:103] - INFO: Epoch 00480 | Time(s) 0.0951 | Val Loss 1.1033 | Val Acc 0.6769 | ETputs(KTEPS) 6840.33
2023-10-12 04:03:47,518 - tune.py [line:103] - INFO: Epoch 00500 | Time(s) 0.0956 | Val Loss 1.1561 | Val Acc 0.6505 | ETputs(KTEPS) 6797.79
2023-10-12 04:03:49,925 - tune.py [line:103] - INFO: Epoch 00520 | Time(s) 0.0966 | Val Loss 1.1338 | Val Acc 0.6681 | ETputs(KTEPS) 6731.00
2023-10-12 04:03:51,444 - tune.py [line:103] - INFO: Epoch 00540 | Time(s) 0.0958 | Val Loss 1.1301 | Val Acc 0.6791 | ETputs(KTEPS) 6785.11
2023-10-12 04:03:53,002 - tune.py [line:103] - INFO: Epoch 00560 | Time(s) 0.0952 | Val Loss 1.1443 | Val Acc 0.6703 | ETputs(KTEPS) 6830.92
2023-10-12 04:03:54,750 - tune.py [line:103] - INFO: Epoch 00580 | Time(s) 0.0949 | Val Loss 1.1669 | Val Acc 0.6527 | ETputs(KTEPS) 6850.25
2023-10-12 04:03:56,276 - tune.py [line:103] - INFO: Epoch 00600 | Time(s) 0.0943 | Val Loss 1.1318 | Val Acc 0.6462 | ETputs(KTEPS) 6895.43
2023-10-12 04:03:57,796 - tune.py [line:103] - INFO: Epoch 00620 | Time(s) 0.0937 | Val Loss 1.1397 | Val Acc 0.6615 | ETputs(KTEPS) 6938.96
2023-10-12 04:03:59,340 - tune.py [line:103] - INFO: Epoch 00640 | Time(s) 0.0932 | Val Loss 1.1638 | Val Acc 0.6527 | ETputs(KTEPS) 6977.41
2023-10-12 04:04:00,860 - tune.py [line:103] - INFO: Epoch 00660 | Time(s) 0.0927 | Val Loss 1.1308 | Val Acc 0.6615 | ETputs(KTEPS) 7016.69
2023-10-12 04:04:02,592 - tune.py [line:103] - INFO: Epoch 00680 | Time(s) 0.0925 | Val Loss 1.1827 | Val Acc 0.6505 | ETputs(KTEPS) 7030.32
2023-10-12 04:04:04,153 - tune.py [line:103] - INFO: Epoch 00700 | Time(s) 0.0921 | Val Loss 1.1631 | Val Acc 0.6462 | ETputs(KTEPS) 7061.97
2023-10-12 04:04:05,666 - tune.py [line:103] - INFO: Epoch 00720 | Time(s) 0.0916 | Val Loss 1.1885 | Val Acc 0.6505 | ETputs(KTEPS) 7097.23
2023-10-12 04:04:07,273 - tune.py [line:103] - INFO: Epoch 00740 | Time(s) 0.0913 | Val Loss 1.1367 | Val Acc 0.6637 | ETputs(KTEPS) 7120.89
2023-10-12 04:04:08,989 - tune.py [line:103] - INFO: Epoch 00760 | Time(s) 0.0912 | Val Loss 1.1370 | Val Acc 0.6549 | ETputs(KTEPS) 7132.36
2023-10-12 04:04:10,409 - tune.py [line:103] - INFO: Epoch 00780 | Time(s) 0.0906 | Val Loss 1.1193 | Val Acc 0.6681 | ETputs(KTEPS) 7173.10
2023-10-12 04:04:11,946 - tune.py [line:103] - INFO: Epoch 00800 | Time(s) 0.0903 | Val Loss 1.1422 | Val Acc 0.6615 | ETputs(KTEPS) 7200.55
2023-10-12 04:04:13,534 - tune.py [line:103] - INFO: Epoch 00820 | Time(s) 0.0900 | Val Loss 1.1685 | Val Acc 0.6549 | ETputs(KTEPS) 7221.89
2023-10-12 04:04:14,808 - tune.py [line:117] - INFO: [FINAL MODEL] Val accuracy 68.35% \Val loss: 1.1
2023-10-12 04:04:14,833 - tune.py [line:119] - INFO: [FINAL MODEL] Test accuracy 67.40% \Test loss: 1.0
2023-10-12 04:04:14,834 - tune.py [line:144] - INFO: Acc on the first split (Validation Set): 0.6835
2023-10-12 04:04:14,834 - tune.py [line:145] - INFO: Acc on the first split (Test Set): 0.6740
