2023-10-12 04:16:21,287 - tune.py [line:203] - INFO: Namespace(seed=42, model='GPRGNNV2', gpu=0, dataset='geom-chameleon', logging=True, log_detail=True, log_detailedCh=False, id_log=1012014503, optuna_n_trials=202, n_epochs=2000, self_loop=True, udgraph=True, early_stop=True, patience=300, n_hidden=64, n_cv=1, start_cv=0, n_layers=20, lr1=0.04, lr2=0.05, wd1=0.0001, wd2=1e-08, dropout=0.4, dropout2=0.7, alpha=0.5, es_ckpt='TestTuningScript-geom-chameleon_GPRGNNV2-geom-chameleon_trialNo123')
2023-10-12 04:16:22,076 - tune.py [line:128] - INFO: Split_seeds:[1824]
2023-10-12 04:16:22,077 - tune.py [line:129] - INFO: Model_seeds:[409]
2023-10-12 04:16:24,404 - tune.py [line:103] - INFO: Epoch 00020 | Time(s) 0.1140 | Val Loss 1.2018 | Val Acc 0.5626 | ETputs(KTEPS) 5705.34
2023-10-12 04:16:26,754 - tune.py [line:103] - INFO: Epoch 00040 | Time(s) 0.1156 | Val Loss 1.2608 | Val Acc 0.5934 | ETputs(KTEPS) 5626.29
2023-10-12 04:16:28,357 - tune.py [line:103] - INFO: Epoch 00060 | Time(s) 0.1036 | Val Loss 1.2683 | Val Acc 0.5978 | ETputs(KTEPS) 6275.47
2023-10-12 04:16:30,167 - tune.py [line:103] - INFO: Epoch 00080 | Time(s) 0.1002 | Val Loss 1.2136 | Val Acc 0.6352 | ETputs(KTEPS) 6490.82
2023-10-12 04:16:31,815 - tune.py [line:103] - INFO: Epoch 00100 | Time(s) 0.0965 | Val Loss 1.2106 | Val Acc 0.6440 | ETputs(KTEPS) 6737.84
2023-10-12 04:16:33,597 - tune.py [line:103] - INFO: Epoch 00120 | Time(s) 0.0953 | Val Loss 1.2792 | Val Acc 0.6396 | ETputs(KTEPS) 6825.28
2023-10-12 04:16:35,344 - tune.py [line:103] - INFO: Epoch 00140 | Time(s) 0.0941 | Val Loss 1.2715 | Val Acc 0.6352 | ETputs(KTEPS) 6907.16
2023-10-12 04:16:36,997 - tune.py [line:103] - INFO: Epoch 00160 | Time(s) 0.0927 | Val Loss 1.2769 | Val Acc 0.6527 | ETputs(KTEPS) 7015.72
2023-10-12 04:16:38,268 - tune.py [line:103] - INFO: Epoch 00180 | Time(s) 0.0894 | Val Loss 1.2410 | Val Acc 0.6396 | ETputs(KTEPS) 7269.71
2023-10-12 04:16:39,166 - tune.py [line:103] - INFO: Epoch 00200 | Time(s) 0.0850 | Val Loss 1.2261 | Val Acc 0.6418 | ETputs(KTEPS) 7650.73
2023-10-12 04:16:40,201 - tune.py [line:103] - INFO: Epoch 00220 | Time(s) 0.0820 | Val Loss 1.2236 | Val Acc 0.6462 | ETputs(KTEPS) 7933.14
2023-10-12 04:16:41,777 - tune.py [line:103] - INFO: Epoch 00240 | Time(s) 0.0817 | Val Loss 1.1998 | Val Acc 0.6615 | ETputs(KTEPS) 7961.85
2023-10-12 04:16:42,831 - tune.py [line:103] - INFO: Epoch 00260 | Time(s) 0.0794 | Val Loss 1.2205 | Val Acc 0.6462 | ETputs(KTEPS) 8185.47
2023-10-12 04:16:43,866 - tune.py [line:103] - INFO: Epoch 00280 | Time(s) 0.0775 | Val Loss 1.1912 | Val Acc 0.6462 | ETputs(KTEPS) 8394.53
2023-10-12 04:16:44,983 - tune.py [line:103] - INFO: Epoch 00300 | Time(s) 0.0760 | Val Loss 1.2342 | Val Acc 0.6418 | ETputs(KTEPS) 8554.79
2023-10-12 04:16:46,432 - tune.py [line:103] - INFO: Epoch 00320 | Time(s) 0.0758 | Val Loss 1.2095 | Val Acc 0.6659 | ETputs(KTEPS) 8580.83
2023-10-12 04:16:47,979 - tune.py [line:103] - INFO: Epoch 00340 | Time(s) 0.0759 | Val Loss 1.2176 | Val Acc 0.6484 | ETputs(KTEPS) 8570.64
2023-10-12 04:16:49,576 - tune.py [line:103] - INFO: Epoch 00360 | Time(s) 0.0761 | Val Loss 1.1953 | Val Acc 0.6593 | ETputs(KTEPS) 8546.43
2023-10-12 04:16:50,951 - tune.py [line:103] - INFO: Epoch 00380 | Time(s) 0.0757 | Val Loss 1.2339 | Val Acc 0.6615 | ETputs(KTEPS) 8590.20
2023-10-12 04:16:52,164 - tune.py [line:103] - INFO: Epoch 00400 | Time(s) 0.0749 | Val Loss 1.2451 | Val Acc 0.6527 | ETputs(KTEPS) 8676.68
2023-10-12 04:16:53,192 - tune.py [line:103] - INFO: Epoch 00420 | Time(s) 0.0738 | Val Loss 1.2700 | Val Acc 0.6703 | ETputs(KTEPS) 8808.46
2023-10-12 04:16:54,566 - tune.py [line:103] - INFO: Epoch 00440 | Time(s) 0.0736 | Val Loss 1.1931 | Val Acc 0.6330 | ETputs(KTEPS) 8836.46
2023-10-12 04:16:55,950 - tune.py [line:103] - INFO: Epoch 00460 | Time(s) 0.0734 | Val Loss 1.1876 | Val Acc 0.6681 | ETputs(KTEPS) 8859.80
2023-10-12 04:16:57,046 - tune.py [line:103] - INFO: Epoch 00480 | Time(s) 0.0726 | Val Loss 1.1769 | Val Acc 0.6549 | ETputs(KTEPS) 8954.44
2023-10-12 04:16:58,552 - tune.py [line:103] - INFO: Epoch 00500 | Time(s) 0.0727 | Val Loss 1.1966 | Val Acc 0.6725 | ETputs(KTEPS) 8942.12
2023-10-12 04:17:00,007 - tune.py [line:103] - INFO: Epoch 00520 | Time(s) 0.0727 | Val Loss 1.2057 | Val Acc 0.6659 | ETputs(KTEPS) 8943.08
2023-10-12 04:17:01,198 - tune.py [line:103] - INFO: Epoch 00540 | Time(s) 0.0722 | Val Loss 1.2076 | Val Acc 0.6703 | ETputs(KTEPS) 9003.61
2023-10-12 04:17:02,314 - tune.py [line:103] - INFO: Epoch 00560 | Time(s) 0.0716 | Val Loss 1.2362 | Val Acc 0.6747 | ETputs(KTEPS) 9077.79
2023-10-12 04:17:03,919 - tune.py [line:103] - INFO: Epoch 00580 | Time(s) 0.0719 | Val Loss 1.2505 | Val Acc 0.6659 | ETputs(KTEPS) 9040.36
2023-10-12 04:17:05,137 - tune.py [line:103] - INFO: Epoch 00600 | Time(s) 0.0716 | Val Loss 1.2808 | Val Acc 0.6835 | ETputs(KTEPS) 9087.08
2023-10-12 04:17:06,393 - tune.py [line:103] - INFO: Epoch 00620 | Time(s) 0.0713 | Val Loss 1.2883 | Val Acc 0.6659 | ETputs(KTEPS) 9123.16
2023-10-12 04:17:07,947 - tune.py [line:103] - INFO: Epoch 00640 | Time(s) 0.0715 | Val Loss 1.1930 | Val Acc 0.6901 | ETputs(KTEPS) 9097.72
2023-10-12 04:17:09,647 - tune.py [line:103] - INFO: Epoch 00660 | Time(s) 0.0719 | Val Loss 1.1770 | Val Acc 0.6857 | ETputs(KTEPS) 9045.99
2023-10-12 04:17:11,508 - tune.py [line:103] - INFO: Epoch 00680 | Time(s) 0.0725 | Val Loss 1.1970 | Val Acc 0.6703 | ETputs(KTEPS) 8968.41
2023-10-12 04:17:13,452 - tune.py [line:103] - INFO: Epoch 00700 | Time(s) 0.0732 | Val Loss 1.1589 | Val Acc 0.6681 | ETputs(KTEPS) 8882.17
2023-10-12 04:17:14,819 - tune.py [line:103] - INFO: Epoch 00720 | Time(s) 0.0731 | Val Loss 1.2057 | Val Acc 0.6681 | ETputs(KTEPS) 8898.58
2023-10-12 04:17:16,217 - tune.py [line:103] - INFO: Epoch 00740 | Time(s) 0.0730 | Val Loss 1.1367 | Val Acc 0.6901 | ETputs(KTEPS) 8909.09
2023-10-12 04:17:17,577 - tune.py [line:103] - INFO: Epoch 00760 | Time(s) 0.0728 | Val Loss 1.1632 | Val Acc 0.6857 | ETputs(KTEPS) 8925.26
2023-10-12 04:17:19,425 - tune.py [line:103] - INFO: Epoch 00780 | Time(s) 0.0733 | Val Loss 1.1762 | Val Acc 0.6659 | ETputs(KTEPS) 8864.44
2023-10-12 04:17:21,310 - tune.py [line:103] - INFO: Epoch 00800 | Time(s) 0.0739 | Val Loss 1.1874 | Val Acc 0.6901 | ETputs(KTEPS) 8802.28
2023-10-12 04:17:22,675 - tune.py [line:103] - INFO: Epoch 00820 | Time(s) 0.0737 | Val Loss 1.1993 | Val Acc 0.6791 | ETputs(KTEPS) 8818.73
2023-10-12 04:17:24,144 - tune.py [line:103] - INFO: Epoch 00840 | Time(s) 0.0737 | Val Loss 1.1672 | Val Acc 0.6769 | ETputs(KTEPS) 8819.69
2023-10-12 04:17:25,733 - tune.py [line:103] - INFO: Epoch 00860 | Time(s) 0.0739 | Val Loss 1.1501 | Val Acc 0.6791 | ETputs(KTEPS) 8803.90
2023-10-12 04:17:28,037 - tune.py [line:103] - INFO: Epoch 00880 | Time(s) 0.0748 | Val Loss 1.1786 | Val Acc 0.6813 | ETputs(KTEPS) 8693.32
2023-10-12 04:17:30,331 - tune.py [line:103] - INFO: Epoch 00900 | Time(s) 0.0757 | Val Loss 1.1220 | Val Acc 0.6967 | ETputs(KTEPS) 8591.54
2023-10-12 04:17:32,627 - tune.py [line:103] - INFO: Epoch 00920 | Time(s) 0.0765 | Val Loss 1.1525 | Val Acc 0.6791 | ETputs(KTEPS) 8496.11
2023-10-12 04:17:34,700 - tune.py [line:103] - INFO: Epoch 00940 | Time(s) 0.0771 | Val Loss 1.1112 | Val Acc 0.6945 | ETputs(KTEPS) 8432.64
2023-10-12 04:17:36,234 - tune.py [line:103] - INFO: Epoch 00960 | Time(s) 0.0771 | Val Loss 1.1860 | Val Acc 0.6769 | ETputs(KTEPS) 8433.61
2023-10-12 04:17:37,937 - tune.py [line:103] - INFO: Epoch 00980 | Time(s) 0.0773 | Val Loss 1.1684 | Val Acc 0.6769 | ETputs(KTEPS) 8415.74
2023-10-12 04:17:40,008 - tune.py [line:103] - INFO: Epoch 01000 | Time(s) 0.0778 | Val Loss 1.1785 | Val Acc 0.6813 | ETputs(KTEPS) 8358.95
2023-10-12 04:17:42,214 - tune.py [line:103] - INFO: Epoch 01020 | Time(s) 0.0784 | Val Loss 1.1756 | Val Acc 0.6791 | ETputs(KTEPS) 8291.06
2023-10-12 04:17:44,389 - tune.py [line:103] - INFO: Epoch 01040 | Time(s) 0.0790 | Val Loss 1.1907 | Val Acc 0.6769 | ETputs(KTEPS) 8229.91
2023-10-12 04:17:46,425 - tune.py [line:103] - INFO: Epoch 01060 | Time(s) 0.0794 | Val Loss 1.1290 | Val Acc 0.6857 | ETputs(KTEPS) 8185.45
2023-10-12 04:17:48,460 - tune.py [line:103] - INFO: Epoch 01080 | Time(s) 0.0798 | Val Loss 1.1931 | Val Acc 0.6835 | ETputs(KTEPS) 8143.09
2023-10-12 04:17:49,942 - tune.py [line:117] - INFO: [FINAL MODEL] Val accuracy 70.99% \Val loss: 1.2
2023-10-12 04:17:49,949 - tune.py [line:119] - INFO: [FINAL MODEL] Test accuracy 69.37% \Test loss: 1.2
2023-10-12 04:17:49,949 - tune.py [line:144] - INFO: Acc on the first split (Validation Set): 0.7099
2023-10-12 04:17:49,950 - tune.py [line:145] - INFO: Acc on the first split (Test Set): 0.6937
