2023-10-14 03:34:42,377 - train.py [line:198] - INFO: Namespace(seed=42, model='NormalNNV2', gpu=0, dataset='geom-chameleon', ds_split='standard', n_layers=16, n_hidden=64, wd1=1e-07, wd2=0.001, wd3=0.0005, lr1=0.05, lr2=0.02, lr3=0.01, alpha=0.5, momentum=0.9, n_epochs=2000, dropout=0.0, dropout2=0.4, loss='nll', self_loop=False, udgraph=True, early_stop=True, patience=300, es_ckpt='es_checkpoint_device=0', n_cv=20, start_cv=0, logging=False, log_detail=True, log_detailedCh=True, id_log=0)
2023-10-14 03:34:45,765 - train.py [line:121] - INFO: Split_seeds:[1824, 409, 4506, 4012, 3657, 2286, 1679, 8935, 1424, 9674, 6912, 520, 488, 1535, 3582, 3811, 8279, 9863, 434, 9195]
2023-10-14 03:34:45,765 - train.py [line:122] - INFO: Model_seeds:[3257, 8928, 6873, 3611, 7359, 9654, 4557, 106, 2615, 6924, 5574, 4552, 2547, 3527, 5514, 1674, 1519, 6224, 1584, 5881]
2023-10-14 03:34:45,771 - train.py [line:53] - INFO: #Train:1365
2023-10-14 03:34:49,212 - train.py [line:94] - INFO: Epoch 00050 | Time(s) 0.0675 | Val Loss 1.5456 | Val Acc 0.6725 |  Train Acc 0.9480 | ETputs(KTEPS) 9289.09
2023-10-14 03:34:52,232 - train.py [line:94] - INFO: Epoch 00100 | Time(s) 0.0640 | Val Loss 1.5070 | Val Acc 0.6703 |  Train Acc 0.9648 | ETputs(KTEPS) 9809.38
2023-10-14 03:34:54,963 - train.py [line:94] - INFO: Epoch 00150 | Time(s) 0.0608 | Val Loss 1.4972 | Val Acc 0.6835 |  Train Acc 0.9692 | ETputs(KTEPS) 10313.26
2023-10-14 03:34:57,614 - train.py [line:94] - INFO: Epoch 00200 | Time(s) 0.0589 | Val Loss 1.4962 | Val Acc 0.6615 |  Train Acc 0.9788 | ETputs(KTEPS) 10656.67
2023-10-14 03:35:00,288 - train.py [line:94] - INFO: Epoch 00250 | Time(s) 0.0578 | Val Loss 1.4960 | Val Acc 0.6923 |  Train Acc 0.9839 | ETputs(KTEPS) 10856.11
2023-10-14 03:35:03,087 - train.py [line:94] - INFO: Epoch 00300 | Time(s) 0.0575 | Val Loss 1.4956 | Val Acc 0.6857 |  Train Acc 0.9868 | ETputs(KTEPS) 10913.88
2023-10-14 03:35:05,916 - train.py [line:94] - INFO: Epoch 00350 | Time(s) 0.0573 | Val Loss 1.5005 | Val Acc 0.6945 |  Train Acc 0.9883 | ETputs(KTEPS) 10943.56
2023-10-14 03:35:08,510 - train.py [line:94] - INFO: Epoch 00400 | Time(s) 0.0566 | Val Loss 1.5049 | Val Acc 0.6923 |  Train Acc 0.9897 | ETputs(KTEPS) 11075.47
2023-10-14 03:35:11,399 - train.py [line:94] - INFO: Epoch 00450 | Time(s) 0.0568 | Val Loss 1.5071 | Val Acc 0.6835 |  Train Acc 0.9890 | ETputs(KTEPS) 11051.65
2023-10-14 03:35:14,151 - train.py [line:94] - INFO: Epoch 00500 | Time(s) 0.0566 | Val Loss 1.5126 | Val Acc 0.6813 |  Train Acc 0.9897 | ETputs(KTEPS) 11085.68
2023-10-14 03:35:16,772 - train.py [line:94] - INFO: Epoch 00550 | Time(s) 0.0562 | Val Loss 1.5134 | Val Acc 0.6769 |  Train Acc 0.9905 | ETputs(KTEPS) 11161.04
2023-10-14 03:35:19,322 - train.py [line:94] - INFO: Epoch 00600 | Time(s) 0.0558 | Val Loss 1.5100 | Val Acc 0.7077 |  Train Acc 0.9905 | ETputs(KTEPS) 11248.50
2023-10-14 03:35:19,876 - train.py [line:106] - DEBUG: Model Saved by Early Stopper is Loaded!
2023-10-14 03:35:19,886 - train.py [line:108] - INFO: [FINAL MODEL] Run 0 .\Val accuracy 71.65% \Val loss: 1.5
2023-10-14 03:35:19,895 - train.py [line:110] - INFO: [FINAL MODEL] Run 0 .	Test accuracy 70.90% \Test loss: 1.5
2023-10-14 03:35:19,897 - train.py [line:53] - INFO: #Train:1365
2023-10-14 03:35:22,794 - train.py [line:94] - INFO: Epoch 00050 | Time(s) 0.0568 | Val Loss 1.5374 | Val Acc 0.6681 |  Train Acc 0.9465 | ETputs(KTEPS) 11047.11
2023-10-14 03:35:25,353 - train.py [line:94] - INFO: Epoch 00100 | Time(s) 0.0540 | Val Loss 1.4958 | Val Acc 0.7011 |  Train Acc 0.9516 | ETputs(KTEPS) 11623.93
2023-10-14 03:35:28,148 - train.py [line:94] - INFO: Epoch 00150 | Time(s) 0.0546 | Val Loss 1.4826 | Val Acc 0.6791 |  Train Acc 0.9626 | ETputs(KTEPS) 11497.20
2023-10-14 03:35:31,143 - train.py [line:94] - INFO: Epoch 00200 | Time(s) 0.0559 | Val Loss 1.4855 | Val Acc 0.6659 |  Train Acc 0.9766 | ETputs(KTEPS) 11224.11
2023-10-14 03:35:33,734 - train.py [line:94] - INFO: Epoch 00250 | Time(s) 0.0551 | Val Loss 1.4877 | Val Acc 0.6703 |  Train Acc 0.9853 | ETputs(KTEPS) 11391.38
2023-10-14 03:35:36,294 - train.py [line:94] - INFO: Epoch 00300 | Time(s) 0.0544 | Val Loss 1.4957 | Val Acc 0.6791 |  Train Acc 0.9890 | ETputs(KTEPS) 11527.33
2023-10-14 03:35:39,105 - train.py [line:94] - INFO: Epoch 00350 | Time(s) 0.0547 | Val Loss 1.5024 | Val Acc 0.6703 |  Train Acc 0.9912 | ETputs(KTEPS) 11473.92
2023-10-14 03:35:41,805 - train.py [line:94] - INFO: Epoch 00400 | Time(s) 0.0546 | Val Loss 1.5049 | Val Acc 0.6637 |  Train Acc 0.9934 | ETputs(KTEPS) 11492.68
2023-10-14 03:35:43,562 - train.py [line:106] - DEBUG: Model Saved by Early Stopper is Loaded!
2023-10-14 03:35:43,571 - train.py [line:108] - INFO: [FINAL MODEL] Run 1 .\Val accuracy 70.55% \Val loss: 1.5
2023-10-14 03:35:43,581 - train.py [line:110] - INFO: [FINAL MODEL] Run 1 .	Test accuracy 73.30% \Test loss: 1.5
2023-10-14 03:35:43,583 - train.py [line:53] - INFO: #Train:1365
2023-10-14 03:35:46,481 - train.py [line:94] - INFO: Epoch 00050 | Time(s) 0.0568 | Val Loss 1.5321 | Val Acc 0.7429 |  Train Acc 0.9480 | ETputs(KTEPS) 11038.48
2023-10-14 03:35:49,304 - train.py [line:94] - INFO: Epoch 00100 | Time(s) 0.0566 | Val Loss 1.4878 | Val Acc 0.7560 |  Train Acc 0.9619 | ETputs(KTEPS) 11083.87
2023-10-14 03:35:52,122 - train.py [line:94] - INFO: Epoch 00150 | Time(s) 0.0565 | Val Loss 1.4777 | Val Acc 0.7538 |  Train Acc 0.9722 | ETputs(KTEPS) 11104.81
2023-10-14 03:35:54,959 - train.py [line:94] - INFO: Epoch 00200 | Time(s) 0.0565 | Val Loss 1.4748 | Val Acc 0.7538 |  Train Acc 0.9780 | ETputs(KTEPS) 11095.58
2023-10-14 03:35:57,744 - train.py [line:94] - INFO: Epoch 00250 | Time(s) 0.0564 | Val Loss 1.4787 | Val Acc 0.7516 |  Train Acc 0.9810 | ETputs(KTEPS) 11133.65
2023-10-14 03:35:59,987 - train.py [line:94] - INFO: Epoch 00300 | Time(s) 0.0544 | Val Loss 1.4846 | Val Acc 0.7626 |  Train Acc 0.9883 | ETputs(KTEPS) 11526.04
2023-10-14 03:36:02,446 - train.py [line:94] - INFO: Epoch 00350 | Time(s) 0.0537 | Val Loss 1.4917 | Val Acc 0.7319 |  Train Acc 0.9890 | ETputs(KTEPS) 11688.16
2023-10-14 03:36:05,006 - train.py [line:94] - INFO: Epoch 00400 | Time(s) 0.0534 | Val Loss 1.4990 | Val Acc 0.7341 |  Train Acc 0.9875 | ETputs(KTEPS) 11756.16
2023-10-14 03:36:07,590 - train.py [line:94] - INFO: Epoch 00450 | Time(s) 0.0532 | Val Loss 1.5002 | Val Acc 0.7648 |  Train Acc 0.9897 | ETputs(KTEPS) 11798.11
2023-10-14 03:36:10,071 - train.py [line:94] - INFO: Epoch 00500 | Time(s) 0.0528 | Val Loss 1.5050 | Val Acc 0.7626 |  Train Acc 0.9897 | ETputs(KTEPS) 11878.36
2023-10-14 03:36:12,571 - train.py [line:106] - DEBUG: Model Saved by Early Stopper is Loaded!
2023-10-14 03:36:12,583 - train.py [line:108] - INFO: [FINAL MODEL] Run 2 .\Val accuracy 77.80% \Val loss: 1.5
2023-10-14 03:36:12,594 - train.py [line:110] - INFO: [FINAL MODEL] Run 2 .	Test accuracy 73.52% \Test loss: 1.5
2023-10-14 03:36:12,597 - train.py [line:53] - INFO: #Train:1365
2023-10-14 03:36:15,437 - train.py [line:94] - INFO: Epoch 00050 | Time(s) 0.0560 | Val Loss 1.5353 | Val Acc 0.6989 |  Train Acc 0.9443 | ETputs(KTEPS) 11199.01
2023-10-14 03:36:18,096 - train.py [line:94] - INFO: Epoch 00100 | Time(s) 0.0545 | Val Loss 1.4947 | Val Acc 0.6989 |  Train Acc 0.9560 | ETputs(KTEPS) 11501.97
2023-10-14 03:36:20,914 - train.py [line:94] - INFO: Epoch 00150 | Time(s) 0.0551 | Val Loss 1.4810 | Val Acc 0.7187 |  Train Acc 0.9700 | ETputs(KTEPS) 11388.10
2023-10-14 03:36:23,695 - train.py [line:94] - INFO: Epoch 00200 | Time(s) 0.0552 | Val Loss 1.4801 | Val Acc 0.6967 |  Train Acc 0.9824 | ETputs(KTEPS) 11362.21
2023-10-14 03:36:26,278 - train.py [line:94] - INFO: Epoch 00250 | Time(s) 0.0545 | Val Loss 1.4794 | Val Acc 0.7187 |  Train Acc 0.9861 | ETputs(KTEPS) 11511.70
2023-10-14 03:36:28,875 - train.py [line:94] - INFO: Epoch 00300 | Time(s) 0.0541 | Val Loss 1.4893 | Val Acc 0.6989 |  Train Acc 0.9919 | ETputs(KTEPS) 11603.42
2023-10-14 03:36:31,370 - train.py [line:94] - INFO: Epoch 00350 | Time(s) 0.0535 | Val Loss 1.4930 | Val Acc 0.7011 |  Train Acc 0.9919 | ETputs(KTEPS) 11733.16
2023-10-14 03:36:33,966 - train.py [line:94] - INFO: Epoch 00400 | Time(s) 0.0533 | Val Loss 1.4959 | Val Acc 0.7165 |  Train Acc 0.9934 | ETputs(KTEPS) 11776.20
2023-10-14 03:36:35,748 - train.py [line:106] - DEBUG: Model Saved by Early Stopper is Loaded!
2023-10-14 03:36:35,757 - train.py [line:108] - INFO: [FINAL MODEL] Run 3 .\Val accuracy 73.41% \Val loss: 1.5
2023-10-14 03:36:35,766 - train.py [line:110] - INFO: [FINAL MODEL] Run 3 .	Test accuracy 69.37% \Test loss: 1.5
2023-10-14 03:36:35,769 - train.py [line:53] - INFO: #Train:1365
2023-10-14 03:36:38,334 - train.py [line:94] - INFO: Epoch 00050 | Time(s) 0.0505 | Val Loss 1.5401 | Val Acc 0.6747 |  Train Acc 0.9509 | ETputs(KTEPS) 12431.63
2023-10-14 03:36:40,986 - train.py [line:94] - INFO: Epoch 00100 | Time(s) 0.0517 | Val Loss 1.4964 | Val Acc 0.6747 |  Train Acc 0.9546 | ETputs(KTEPS) 12137.94
2023-10-14 03:36:44,201 - train.py [line:94] - INFO: Epoch 00150 | Time(s) 0.0559 | Val Loss 1.4812 | Val Acc 0.6945 |  Train Acc 0.9670 | ETputs(KTEPS) 11227.03
2023-10-14 03:36:46,988 - train.py [line:94] - INFO: Epoch 00200 | Time(s) 0.0558 | Val Loss 1.4800 | Val Acc 0.6989 |  Train Acc 0.9758 | ETputs(KTEPS) 11234.68
2023-10-14 03:36:49,535 - train.py [line:94] - INFO: Epoch 00250 | Time(s) 0.0548 | Val Loss 1.4832 | Val Acc 0.6967 |  Train Acc 0.9795 | ETputs(KTEPS) 11440.84
2023-10-14 03:36:52,095 - train.py [line:94] - INFO: Epoch 00300 | Time(s) 0.0542 | Val Loss 1.4867 | Val Acc 0.6989 |  Train Acc 0.9839 | ETputs(KTEPS) 11571.35
2023-10-14 03:36:54,628 - train.py [line:94] - INFO: Epoch 00350 | Time(s) 0.0537 | Val Loss 1.4953 | Val Acc 0.7165 |  Train Acc 0.9853 | ETputs(KTEPS) 11684.64
2023-10-14 03:36:57,553 - train.py [line:94] - INFO: Epoch 00400 | Time(s) 0.0543 | Val Loss 1.4966 | Val Acc 0.7077 |  Train Acc 0.9868 | ETputs(KTEPS) 11555.81
2023-10-14 03:37:00,150 - train.py [line:94] - INFO: Epoch 00450 | Time(s) 0.0540 | Val Loss 1.4989 | Val Acc 0.7231 |  Train Acc 0.9875 | ETputs(KTEPS) 11612.25
2023-10-14 03:37:02,695 - train.py [line:94] - INFO: Epoch 00500 | Time(s) 0.0537 | Val Loss 1.5034 | Val Acc 0.7209 |  Train Acc 0.9875 | ETputs(KTEPS) 11680.19
2023-10-14 03:37:05,278 - train.py [line:94] - INFO: Epoch 00550 | Time(s) 0.0535 | Val Loss 1.5068 | Val Acc 0.7253 |  Train Acc 0.9868 | ETputs(KTEPS) 11721.83
2023-10-14 03:37:07,872 - train.py [line:94] - INFO: Epoch 00600 | Time(s) 0.0534 | Val Loss 1.5039 | Val Acc 0.7121 |  Train Acc 0.9897 | ETputs(KTEPS) 11752.36
2023-10-14 03:37:08,604 - train.py [line:106] - DEBUG: Model Saved by Early Stopper is Loaded!
2023-10-14 03:37:08,621 - train.py [line:108] - INFO: [FINAL MODEL] Run 4 .\Val accuracy 73.41% \Val loss: 1.5
2023-10-14 03:37:08,632 - train.py [line:110] - INFO: [FINAL MODEL] Run 4 .	Test accuracy 73.09% \Test loss: 1.5
2023-10-14 03:37:08,635 - train.py [line:53] - INFO: #Train:1365
2023-10-14 03:37:11,209 - train.py [line:94] - INFO: Epoch 00050 | Time(s) 0.0507 | Val Loss 1.5334 | Val Acc 0.7209 |  Train Acc 0.9414 | ETputs(KTEPS) 12385.98
2023-10-14 03:37:13,976 - train.py [line:94] - INFO: Epoch 00100 | Time(s) 0.0529 | Val Loss 1.4872 | Val Acc 0.7253 |  Train Acc 0.9516 | ETputs(KTEPS) 11861.28
2023-10-14 03:37:16,769 - train.py [line:94] - INFO: Epoch 00150 | Time(s) 0.0539 | Val Loss 1.4739 | Val Acc 0.7429 |  Train Acc 0.9626 | ETputs(KTEPS) 11648.11
2023-10-14 03:37:19,481 - train.py [line:94] - INFO: Epoch 00200 | Time(s) 0.0539 | Val Loss 1.4734 | Val Acc 0.7385 |  Train Acc 0.9714 | ETputs(KTEPS) 11632.60
2023-10-14 03:37:22,073 - train.py [line:94] - INFO: Epoch 00250 | Time(s) 0.0535 | Val Loss 1.4761 | Val Acc 0.7429 |  Train Acc 0.9846 | ETputs(KTEPS) 11724.67
2023-10-14 03:37:24,637 - train.py [line:94] - INFO: Epoch 00300 | Time(s) 0.0531 | Val Loss 1.4816 | Val Acc 0.7473 |  Train Acc 0.9868 | ETputs(KTEPS) 11807.41
2023-10-14 03:37:27,332 - train.py [line:94] - INFO: Epoch 00350 | Time(s) 0.0532 | Val Loss 1.4933 | Val Acc 0.7253 |  Train Acc 0.9883 | ETputs(KTEPS) 11784.22
2023-10-14 03:37:29,962 - train.py [line:94] - INFO: Epoch 00400 | Time(s) 0.0532 | Val Loss 1.5000 | Val Acc 0.7297 |  Train Acc 0.9890 | ETputs(KTEPS) 11802.68
2023-10-14 03:37:32,626 - train.py [line:94] - INFO: Epoch 00450 | Time(s) 0.0532 | Val Loss 1.5050 | Val Acc 0.7319 |  Train Acc 0.9890 | ETputs(KTEPS) 11799.76
2023-10-14 03:37:33,518 - train.py [line:106] - DEBUG: Model Saved by Early Stopper is Loaded!
2023-10-14 03:37:33,527 - train.py [line:108] - INFO: [FINAL MODEL] Run 5 .\Val accuracy 76.26% \Val loss: 1.5
2023-10-14 03:37:33,536 - train.py [line:110] - INFO: [FINAL MODEL] Run 5 .	Test accuracy 72.87% \Test loss: 1.5
2023-10-14 03:37:33,539 - train.py [line:53] - INFO: #Train:1365
2023-10-14 03:37:36,189 - train.py [line:94] - INFO: Epoch 00050 | Time(s) 0.0518 | Val Loss 1.5403 | Val Acc 0.6857 |  Train Acc 0.9487 | ETputs(KTEPS) 12101.38
2023-10-14 03:37:38,689 - train.py [line:94] - INFO: Epoch 00100 | Time(s) 0.0509 | Val Loss 1.5019 | Val Acc 0.6923 |  Train Acc 0.9524 | ETputs(KTEPS) 12332.98
2023-10-14 03:37:41,666 - train.py [line:94] - INFO: Epoch 00150 | Time(s) 0.0537 | Val Loss 1.4861 | Val Acc 0.7055 |  Train Acc 0.9692 | ETputs(KTEPS) 11674.74
2023-10-14 03:37:44,286 - train.py [line:94] - INFO: Epoch 00200 | Time(s) 0.0534 | Val Loss 1.4804 | Val Acc 0.7099 |  Train Acc 0.9780 | ETputs(KTEPS) 11749.98
2023-10-14 03:37:47,126 - train.py [line:94] - INFO: Epoch 00250 | Time(s) 0.0541 | Val Loss 1.4878 | Val Acc 0.6989 |  Train Acc 0.9883 | ETputs(KTEPS) 11605.67
2023-10-14 03:37:49,996 - train.py [line:94] - INFO: Epoch 00300 | Time(s) 0.0546 | Val Loss 1.4901 | Val Acc 0.7165 |  Train Acc 0.9905 | ETputs(KTEPS) 11490.75
2023-10-14 03:37:52,646 - train.py [line:94] - INFO: Epoch 00350 | Time(s) 0.0544 | Val Loss 1.4931 | Val Acc 0.7143 |  Train Acc 0.9912 | ETputs(KTEPS) 11539.80
2023-10-14 03:37:55,532 - train.py [line:94] - INFO: Epoch 00400 | Time(s) 0.0548 | Val Loss 1.4972 | Val Acc 0.7099 |  Train Acc 0.9912 | ETputs(KTEPS) 11452.51
2023-10-14 03:37:58,205 - train.py [line:94] - INFO: Epoch 00450 | Time(s) 0.0546 | Val Loss 1.5027 | Val Acc 0.7011 |  Train Acc 0.9919 | ETputs(KTEPS) 11483.87
2023-10-14 03:38:00,770 - train.py [line:94] - INFO: Epoch 00500 | Time(s) 0.0543 | Val Loss 1.5038 | Val Acc 0.7143 |  Train Acc 0.9919 | ETputs(KTEPS) 11554.85
2023-10-14 03:38:03,415 - train.py [line:94] - INFO: Epoch 00550 | Time(s) 0.0542 | Val Loss 1.5054 | Val Acc 0.7187 |  Train Acc 0.9912 | ETputs(KTEPS) 11582.28
2023-10-14 03:38:03,683 - train.py [line:106] - DEBUG: Model Saved by Early Stopper is Loaded!
2023-10-14 03:38:03,693 - train.py [line:108] - INFO: [FINAL MODEL] Run 6 .\Val accuracy 73.63% \Val loss: 1.5
2023-10-14 03:38:03,702 - train.py [line:110] - INFO: [FINAL MODEL] Run 6 .	Test accuracy 70.90% \Test loss: 1.5
2023-10-14 03:38:03,705 - train.py [line:53] - INFO: #Train:1365
2023-10-14 03:38:06,540 - train.py [line:94] - INFO: Epoch 00050 | Time(s) 0.0556 | Val Loss 1.5342 | Val Acc 0.7187 |  Train Acc 0.9495 | ETputs(KTEPS) 11280.37
2023-10-14 03:38:09,115 - train.py [line:94] - INFO: Epoch 00100 | Time(s) 0.0535 | Val Loss 1.4919 | Val Acc 0.7077 |  Train Acc 0.9509 | ETputs(KTEPS) 11733.54
2023-10-14 03:38:11,719 - train.py [line:94] - INFO: Epoch 00150 | Time(s) 0.0530 | Val Loss 1.4810 | Val Acc 0.7187 |  Train Acc 0.9648 | ETputs(KTEPS) 11837.61
2023-10-14 03:38:14,254 - train.py [line:94] - INFO: Epoch 00200 | Time(s) 0.0524 | Val Loss 1.4771 | Val Acc 0.7253 |  Train Acc 0.9729 | ETputs(KTEPS) 11968.35
2023-10-14 03:38:16,822 - train.py [line:94] - INFO: Epoch 00250 | Time(s) 0.0522 | Val Loss 1.4800 | Val Acc 0.7253 |  Train Acc 0.9839 | ETputs(KTEPS) 12021.75
2023-10-14 03:38:19,375 - train.py [line:94] - INFO: Epoch 00300 | Time(s) 0.0520 | Val Loss 1.4850 | Val Acc 0.7275 |  Train Acc 0.9875 | ETputs(KTEPS) 12066.87
2023-10-14 03:38:21,957 - train.py [line:94] - INFO: Epoch 00350 | Time(s) 0.0519 | Val Loss 1.4928 | Val Acc 0.7011 |  Train Acc 0.9883 | ETputs(KTEPS) 12079.04
2023-10-14 03:38:24,572 - train.py [line:94] - INFO: Epoch 00400 | Time(s) 0.0520 | Val Loss 1.4995 | Val Acc 0.7231 |  Train Acc 0.9875 | ETputs(KTEPS) 12069.18
2023-10-14 03:38:27,132 - train.py [line:94] - INFO: Epoch 00450 | Time(s) 0.0519 | Val Loss 1.5020 | Val Acc 0.7165 |  Train Acc 0.9875 | ETputs(KTEPS) 12091.64
2023-10-14 03:38:29,590 - train.py [line:94] - INFO: Epoch 00500 | Time(s) 0.0516 | Val Loss 1.5061 | Val Acc 0.7165 |  Train Acc 0.9905 | ETputs(KTEPS) 12155.66
2023-10-14 03:38:32,163 - train.py [line:94] - INFO: Epoch 00550 | Time(s) 0.0516 | Val Loss 1.5058 | Val Acc 0.7231 |  Train Acc 0.9897 | ETputs(KTEPS) 12160.38
2023-10-14 03:38:34,695 - train.py [line:94] - INFO: Epoch 00600 | Time(s) 0.0515 | Val Loss 1.5069 | Val Acc 0.7231 |  Train Acc 0.9883 | ETputs(KTEPS) 12179.84
2023-10-14 03:38:37,100 - train.py [line:94] - INFO: Epoch 00650 | Time(s) 0.0512 | Val Loss 1.5068 | Val Acc 0.7187 |  Train Acc 0.9883 | ETputs(KTEPS) 12242.43
2023-10-14 03:38:39,800 - train.py [line:94] - INFO: Epoch 00700 | Time(s) 0.0514 | Val Loss 1.5086 | Val Acc 0.7121 |  Train Acc 0.9897 | ETputs(KTEPS) 12196.05
2023-10-14 03:38:41,161 - train.py [line:106] - DEBUG: Model Saved by Early Stopper is Loaded!
2023-10-14 03:38:41,171 - train.py [line:108] - INFO: [FINAL MODEL] Run 7 .\Val accuracy 74.51% \Val loss: 1.5
2023-10-14 03:38:41,180 - train.py [line:110] - INFO: [FINAL MODEL] Run 7 .	Test accuracy 71.99% \Test loss: 1.5
2023-10-14 03:38:41,183 - train.py [line:53] - INFO: #Train:1365
2023-10-14 03:38:43,725 - train.py [line:94] - INFO: Epoch 00050 | Time(s) 0.0498 | Val Loss 1.5377 | Val Acc 0.6813 |  Train Acc 0.9304 | ETputs(KTEPS) 12587.22
2023-10-14 03:38:46,339 - train.py [line:94] - INFO: Epoch 00100 | Time(s) 0.0511 | Val Loss 1.4942 | Val Acc 0.6923 |  Train Acc 0.9495 | ETputs(KTEPS) 12288.49
2023-10-14 03:38:49,002 - train.py [line:94] - INFO: Epoch 00150 | Time(s) 0.0518 | Val Loss 1.4817 | Val Acc 0.6967 |  Train Acc 0.9685 | ETputs(KTEPS) 12117.59
2023-10-14 03:38:51,731 - train.py [line:94] - INFO: Epoch 00200 | Time(s) 0.0525 | Val Loss 1.4822 | Val Acc 0.6923 |  Train Acc 0.9773 | ETputs(KTEPS) 11957.45
2023-10-14 03:38:54,731 - train.py [line:94] - INFO: Epoch 00250 | Time(s) 0.0539 | Val Loss 1.4884 | Val Acc 0.7033 |  Train Acc 0.9832 | ETputs(KTEPS) 11633.60
2023-10-14 03:38:57,732 - train.py [line:94] - INFO: Epoch 00300 | Time(s) 0.0549 | Val Loss 1.4932 | Val Acc 0.6923 |  Train Acc 0.9861 | ETputs(KTEPS) 11419.68
2023-10-14 03:39:00,645 - train.py [line:94] - INFO: Epoch 00350 | Time(s) 0.0554 | Val Loss 1.5012 | Val Acc 0.7033 |  Train Acc 0.9883 | ETputs(KTEPS) 11325.16
2023-10-14 03:39:03,210 - train.py [line:94] - INFO: Epoch 00400 | Time(s) 0.0549 | Val Loss 1.5069 | Val Acc 0.6967 |  Train Acc 0.9890 | ETputs(KTEPS) 11431.22
2023-10-14 03:39:05,734 - train.py [line:94] - INFO: Epoch 00450 | Time(s) 0.0544 | Val Loss 1.5047 | Val Acc 0.6989 |  Train Acc 0.9897 | ETputs(KTEPS) 11534.76
2023-10-14 03:39:08,475 - train.py [line:94] - INFO: Epoch 00500 | Time(s) 0.0544 | Val Loss 1.5107 | Val Acc 0.7033 |  Train Acc 0.9905 | ETputs(KTEPS) 11526.60
2023-10-14 03:39:11,016 - train.py [line:94] - INFO: Epoch 00550 | Time(s) 0.0541 | Val Loss 1.5135 | Val Acc 0.6945 |  Train Acc 0.9912 | ETputs(KTEPS) 11597.02
2023-10-14 03:39:13,682 - train.py [line:94] - INFO: Epoch 00600 | Time(s) 0.0540 | Val Loss 1.5125 | Val Acc 0.6879 |  Train Acc 0.9919 | ETputs(KTEPS) 11611.24
2023-10-14 03:39:15,240 - train.py [line:106] - DEBUG: Model Saved by Early Stopper is Loaded!
2023-10-14 03:39:15,253 - train.py [line:108] - INFO: [FINAL MODEL] Run 8 .\Val accuracy 71.65% \Val loss: 1.5
2023-10-14 03:39:15,263 - train.py [line:110] - INFO: [FINAL MODEL] Run 8 .	Test accuracy 76.37% \Test loss: 1.5
2023-10-14 03:39:15,265 - train.py [line:53] - INFO: #Train:1365
2023-10-14 03:39:18,079 - train.py [line:94] - INFO: Epoch 00050 | Time(s) 0.0552 | Val Loss 1.5392 | Val Acc 0.7011 |  Train Acc 0.9509 | ETputs(KTEPS) 11372.85
2023-10-14 03:39:20,789 - train.py [line:94] - INFO: Epoch 00100 | Time(s) 0.0547 | Val Loss 1.5012 | Val Acc 0.7033 |  Train Acc 0.9451 | ETputs(KTEPS) 11475.24
2023-10-14 03:39:23,482 - train.py [line:94] - INFO: Epoch 00150 | Time(s) 0.0544 | Val Loss 1.4865 | Val Acc 0.7209 |  Train Acc 0.9722 | ETputs(KTEPS) 11540.12
2023-10-14 03:39:26,066 - train.py [line:94] - INFO: Epoch 00200 | Time(s) 0.0537 | Val Loss 1.4865 | Val Acc 0.7319 |  Train Acc 0.9817 | ETputs(KTEPS) 11686.60
2023-10-14 03:39:28,501 - train.py [line:94] - INFO: Epoch 00250 | Time(s) 0.0527 | Val Loss 1.4865 | Val Acc 0.7275 |  Train Acc 0.9839 | ETputs(KTEPS) 11908.38
2023-10-14 03:39:31,147 - train.py [line:94] - INFO: Epoch 00300 | Time(s) 0.0527 | Val Loss 1.4922 | Val Acc 0.7341 |  Train Acc 0.9890 | ETputs(KTEPS) 11901.73
2023-10-14 03:39:33,659 - train.py [line:94] - INFO: Epoch 00350 | Time(s) 0.0524 | Val Loss 1.4975 | Val Acc 0.7187 |  Train Acc 0.9912 | ETputs(KTEPS) 11984.94
2023-10-14 03:39:36,114 - train.py [line:94] - INFO: Epoch 00400 | Time(s) 0.0519 | Val Loss 1.5007 | Val Acc 0.7099 |  Train Acc 0.9890 | ETputs(KTEPS) 12079.15
2023-10-14 03:39:38,838 - train.py [line:94] - INFO: Epoch 00450 | Time(s) 0.0522 | Val Loss 1.5038 | Val Acc 0.7099 |  Train Acc 0.9905 | ETputs(KTEPS) 12014.75
2023-10-14 03:39:41,287 - train.py [line:94] - INFO: Epoch 00500 | Time(s) 0.0519 | Val Loss 1.5052 | Val Acc 0.7033 |  Train Acc 0.9912 | ETputs(KTEPS) 12090.09
2023-10-14 03:39:43,951 - train.py [line:94] - INFO: Epoch 00550 | Time(s) 0.0520 | Val Loss 1.5093 | Val Acc 0.7143 |  Train Acc 0.9919 | ETputs(KTEPS) 12061.38
2023-10-14 03:39:46,444 - train.py [line:94] - INFO: Epoch 00600 | Time(s) 0.0518 | Val Loss 1.5091 | Val Acc 0.7165 |  Train Acc 0.9912 | ETputs(KTEPS) 12103.54
2023-10-14 03:39:46,501 - train.py [line:106] - DEBUG: Model Saved by Early Stopper is Loaded!
2023-10-14 03:39:46,511 - train.py [line:108] - INFO: [FINAL MODEL] Run 9 .\Val accuracy 74.73% \Val loss: 1.5
2023-10-14 03:39:46,521 - train.py [line:110] - INFO: [FINAL MODEL] Run 9 .	Test accuracy 72.43% \Test loss: 1.5
2023-10-14 03:39:46,524 - train.py [line:53] - INFO: #Train:1365
2023-10-14 03:39:49,104 - train.py [line:94] - INFO: Epoch 00050 | Time(s) 0.0507 | Val Loss 1.5390 | Val Acc 0.7033 |  Train Acc 0.9560 | ETputs(KTEPS) 12369.77
2023-10-14 03:39:51,666 - train.py [line:94] - INFO: Epoch 00100 | Time(s) 0.0510 | Val Loss 1.4979 | Val Acc 0.7033 |  Train Acc 0.9495 | ETputs(KTEPS) 12309.91
2023-10-14 03:39:54,212 - train.py [line:94] - INFO: Epoch 00150 | Time(s) 0.0509 | Val Loss 1.4850 | Val Acc 0.7231 |  Train Acc 0.9663 | ETputs(KTEPS) 12320.83
2023-10-14 03:39:56,733 - train.py [line:94] - INFO: Epoch 00200 | Time(s) 0.0508 | Val Loss 1.4830 | Val Acc 0.7253 |  Train Acc 0.9766 | ETputs(KTEPS) 12357.05
2023-10-14 03:39:59,321 - train.py [line:94] - INFO: Epoch 00250 | Time(s) 0.0510 | Val Loss 1.4866 | Val Acc 0.7121 |  Train Acc 0.9868 | ETputs(KTEPS) 12310.09
2023-10-14 03:40:01,955 - train.py [line:94] - INFO: Epoch 00300 | Time(s) 0.0513 | Val Loss 1.4939 | Val Acc 0.7297 |  Train Acc 0.9905 | ETputs(KTEPS) 12242.28
2023-10-14 03:40:04,473 - train.py [line:94] - INFO: Epoch 00350 | Time(s) 0.0511 | Val Loss 1.4973 | Val Acc 0.7033 |  Train Acc 0.9919 | ETputs(KTEPS) 12273.50
2023-10-14 03:40:07,040 - train.py [line:94] - INFO: Epoch 00400 | Time(s) 0.0511 | Val Loss 1.5035 | Val Acc 0.7077 |  Train Acc 0.9905 | ETputs(KTEPS) 12267.30
2023-10-14 03:40:09,645 - train.py [line:94] - INFO: Epoch 00450 | Time(s) 0.0512 | Val Loss 1.5088 | Val Acc 0.7165 |  Train Acc 0.9927 | ETputs(KTEPS) 12243.40
2023-10-14 03:40:11,136 - train.py [line:106] - DEBUG: Model Saved by Early Stopper is Loaded!
2023-10-14 03:40:11,153 - train.py [line:108] - INFO: [FINAL MODEL] Run 10 .\Val accuracy 74.29% \Val loss: 1.5
2023-10-14 03:40:11,166 - train.py [line:110] - INFO: [FINAL MODEL] Run 10 .	Test accuracy 73.09% \Test loss: 1.5
2023-10-14 03:40:11,169 - train.py [line:53] - INFO: #Train:1365
2023-10-14 03:40:13,821 - train.py [line:94] - INFO: Epoch 00050 | Time(s) 0.0522 | Val Loss 1.5422 | Val Acc 0.6901 |  Train Acc 0.9524 | ETputs(KTEPS) 12023.53
2023-10-14 03:40:16,497 - train.py [line:94] - INFO: Epoch 00100 | Time(s) 0.0527 | Val Loss 1.4993 | Val Acc 0.6989 |  Train Acc 0.9619 | ETputs(KTEPS) 11895.62
2023-10-14 03:40:18,971 - train.py [line:94] - INFO: Epoch 00150 | Time(s) 0.0517 | Val Loss 1.4855 | Val Acc 0.7121 |  Train Acc 0.9744 | ETputs(KTEPS) 12146.93
2023-10-14 03:40:21,469 - train.py [line:94] - INFO: Epoch 00200 | Time(s) 0.0512 | Val Loss 1.4827 | Val Acc 0.6967 |  Train Acc 0.9773 | ETputs(KTEPS) 12248.34
2023-10-14 03:40:24,354 - train.py [line:94] - INFO: Epoch 00250 | Time(s) 0.0525 | Val Loss 1.4836 | Val Acc 0.7077 |  Train Acc 0.9861 | ETputs(KTEPS) 11947.42
2023-10-14 03:40:26,896 - train.py [line:94] - INFO: Epoch 00300 | Time(s) 0.0522 | Val Loss 1.4894 | Val Acc 0.7165 |  Train Acc 0.9839 | ETputs(KTEPS) 12014.78
2023-10-14 03:40:29,467 - train.py [line:94] - INFO: Epoch 00350 | Time(s) 0.0521 | Val Loss 1.4945 | Val Acc 0.7121 |  Train Acc 0.9883 | ETputs(KTEPS) 12041.89
2023-10-14 03:40:32,243 - train.py [line:94] - INFO: Epoch 00400 | Time(s) 0.0525 | Val Loss 1.4994 | Val Acc 0.7055 |  Train Acc 0.9861 | ETputs(KTEPS) 11944.55
2023-10-14 03:40:34,767 - train.py [line:94] - INFO: Epoch 00450 | Time(s) 0.0523 | Val Loss 1.5035 | Val Acc 0.7165 |  Train Acc 0.9905 | ETputs(KTEPS) 12000.57
2023-10-14 03:40:37,277 - train.py [line:94] - INFO: Epoch 00500 | Time(s) 0.0521 | Val Loss 1.5063 | Val Acc 0.7231 |  Train Acc 0.9912 | ETputs(KTEPS) 12048.88
2023-10-14 03:40:39,840 - train.py [line:94] - INFO: Epoch 00550 | Time(s) 0.0520 | Val Loss 1.5097 | Val Acc 0.7121 |  Train Acc 0.9912 | ETputs(KTEPS) 12066.88
2023-10-14 03:40:42,319 - train.py [line:94] - INFO: Epoch 00600 | Time(s) 0.0518 | Val Loss 1.5104 | Val Acc 0.7011 |  Train Acc 0.9890 | ETputs(KTEPS) 12114.15
2023-10-14 03:40:44,791 - train.py [line:94] - INFO: Epoch 00650 | Time(s) 0.0516 | Val Loss 1.5119 | Val Acc 0.7319 |  Train Acc 0.9897 | ETputs(KTEPS) 12159.98
2023-10-14 03:40:47,559 - train.py [line:94] - INFO: Epoch 00700 | Time(s) 0.0519 | Val Loss 1.5145 | Val Acc 0.6989 |  Train Acc 0.9897 | ETputs(KTEPS) 12097.55
2023-10-14 03:40:50,074 - train.py [line:94] - INFO: Epoch 00750 | Time(s) 0.0518 | Val Loss 1.5107 | Val Acc 0.7099 |  Train Acc 0.9890 | ETputs(KTEPS) 12122.28
2023-10-14 03:40:52,569 - train.py [line:94] - INFO: Epoch 00800 | Time(s) 0.0516 | Val Loss 1.5146 | Val Acc 0.6945 |  Train Acc 0.9890 | ETputs(KTEPS) 12149.92
2023-10-14 03:40:55,137 - train.py [line:94] - INFO: Epoch 00850 | Time(s) 0.0516 | Val Loss 1.5144 | Val Acc 0.7099 |  Train Acc 0.9897 | ETputs(KTEPS) 12154.08
2023-10-14 03:40:57,548 - train.py [line:94] - INFO: Epoch 00900 | Time(s) 0.0514 | Val Loss 1.5152 | Val Acc 0.6989 |  Train Acc 0.9883 | ETputs(KTEPS) 12199.11
2023-10-14 03:40:59,624 - train.py [line:106] - DEBUG: Model Saved by Early Stopper is Loaded!
2023-10-14 03:40:59,634 - train.py [line:108] - INFO: [FINAL MODEL] Run 11 .\Val accuracy 74.95% \Val loss: 1.5
2023-10-14 03:40:59,644 - train.py [line:110] - INFO: [FINAL MODEL] Run 11 .	Test accuracy 73.30% \Test loss: 1.5
2023-10-14 03:40:59,646 - train.py [line:53] - INFO: #Train:1365
2023-10-14 03:41:02,189 - train.py [line:94] - INFO: Epoch 00050 | Time(s) 0.0500 | Val Loss 1.5416 | Val Acc 0.6725 |  Train Acc 0.9363 | ETputs(KTEPS) 12556.05
2023-10-14 03:41:04,657 - train.py [line:94] - INFO: Epoch 00100 | Time(s) 0.0495 | Val Loss 1.5002 | Val Acc 0.6681 |  Train Acc 0.9546 | ETputs(KTEPS) 12670.09
2023-10-14 03:41:07,092 - train.py [line:94] - INFO: Epoch 00150 | Time(s) 0.0492 | Val Loss 1.4850 | Val Acc 0.6857 |  Train Acc 0.9634 | ETputs(KTEPS) 12744.45
2023-10-14 03:41:09,508 - train.py [line:94] - INFO: Epoch 00200 | Time(s) 0.0490 | Val Loss 1.4845 | Val Acc 0.6857 |  Train Acc 0.9758 | ETputs(KTEPS) 12805.11
2023-10-14 03:41:11,971 - train.py [line:94] - INFO: Epoch 00250 | Time(s) 0.0490 | Val Loss 1.4845 | Val Acc 0.6769 |  Train Acc 0.9853 | ETputs(KTEPS) 12794.55
2023-10-14 03:41:14,375 - train.py [line:94] - INFO: Epoch 00300 | Time(s) 0.0489 | Val Loss 1.4903 | Val Acc 0.6835 |  Train Acc 0.9883 | ETputs(KTEPS) 12837.02
2023-10-14 03:41:16,796 - train.py [line:94] - INFO: Epoch 00350 | Time(s) 0.0488 | Val Loss 1.4953 | Val Acc 0.6703 |  Train Acc 0.9897 | ETputs(KTEPS) 12854.81
2023-10-14 03:41:19,292 - train.py [line:94] - INFO: Epoch 00400 | Time(s) 0.0489 | Val Loss 1.5029 | Val Acc 0.6791 |  Train Acc 0.9912 | ETputs(KTEPS) 12818.78
2023-10-14 03:41:21,786 - train.py [line:94] - INFO: Epoch 00450 | Time(s) 0.0490 | Val Loss 1.5091 | Val Acc 0.6769 |  Train Acc 0.9919 | ETputs(KTEPS) 12791.88
2023-10-14 03:41:24,305 - train.py [line:94] - INFO: Epoch 00500 | Time(s) 0.0492 | Val Loss 1.5113 | Val Acc 0.6637 |  Train Acc 0.9927 | ETputs(KTEPS) 12757.73
2023-10-14 03:41:25,272 - train.py [line:106] - DEBUG: Model Saved by Early Stopper is Loaded!
2023-10-14 03:41:25,282 - train.py [line:108] - INFO: [FINAL MODEL] Run 12 .\Val accuracy 71.43% \Val loss: 1.5
2023-10-14 03:41:25,291 - train.py [line:110] - INFO: [FINAL MODEL] Run 12 .	Test accuracy 69.58% \Test loss: 1.5
2023-10-14 03:41:25,293 - train.py [line:53] - INFO: #Train:1365
2023-10-14 03:41:27,845 - train.py [line:94] - INFO: Epoch 00050 | Time(s) 0.0501 | Val Loss 1.5394 | Val Acc 0.6659 |  Train Acc 0.9531 | ETputs(KTEPS) 12515.22
2023-10-14 03:41:30,288 - train.py [line:94] - INFO: Epoch 00100 | Time(s) 0.0494 | Val Loss 1.4982 | Val Acc 0.6857 |  Train Acc 0.9678 | ETputs(KTEPS) 12696.36
2023-10-14 03:41:32,779 - train.py [line:94] - INFO: Epoch 00150 | Time(s) 0.0495 | Val Loss 1.4855 | Val Acc 0.6945 |  Train Acc 0.9707 | ETputs(KTEPS) 12666.52
2023-10-14 03:41:35,277 - train.py [line:94] - INFO: Epoch 00200 | Time(s) 0.0496 | Val Loss 1.4867 | Val Acc 0.6747 |  Train Acc 0.9810 | ETputs(KTEPS) 12641.37
2023-10-14 03:41:37,765 - train.py [line:94] - INFO: Epoch 00250 | Time(s) 0.0496 | Val Loss 1.4889 | Val Acc 0.6989 |  Train Acc 0.9861 | ETputs(KTEPS) 12638.52
2023-10-14 03:41:40,269 - train.py [line:94] - INFO: Epoch 00300 | Time(s) 0.0497 | Val Loss 1.4944 | Val Acc 0.6923 |  Train Acc 0.9890 | ETputs(KTEPS) 12620.20
2023-10-14 03:41:42,710 - train.py [line:94] - INFO: Epoch 00350 | Time(s) 0.0496 | Val Loss 1.4998 | Val Acc 0.6857 |  Train Acc 0.9905 | ETputs(KTEPS) 12653.86
2023-10-14 03:41:45,227 - train.py [line:94] - INFO: Epoch 00400 | Time(s) 0.0497 | Val Loss 1.5034 | Val Acc 0.6857 |  Train Acc 0.9897 | ETputs(KTEPS) 12630.07
2023-10-14 03:41:47,683 - train.py [line:94] - INFO: Epoch 00450 | Time(s) 0.0496 | Val Loss 1.5082 | Val Acc 0.6879 |  Train Acc 0.9912 | ETputs(KTEPS) 12646.32
2023-10-14 03:41:50,096 - train.py [line:94] - INFO: Epoch 00500 | Time(s) 0.0495 | Val Loss 1.5064 | Val Acc 0.6967 |  Train Acc 0.9919 | ETputs(KTEPS) 12680.98
2023-10-14 03:41:52,593 - train.py [line:94] - INFO: Epoch 00550 | Time(s) 0.0495 | Val Loss 1.5127 | Val Acc 0.6769 |  Train Acc 0.9912 | ETputs(KTEPS) 12672.72
2023-10-14 03:41:55,103 - train.py [line:94] - INFO: Epoch 00600 | Time(s) 0.0496 | Val Loss 1.5155 | Val Acc 0.6747 |  Train Acc 0.9905 | ETputs(KTEPS) 12658.43
2023-10-14 03:41:57,703 - train.py [line:94] - INFO: Epoch 00650 | Time(s) 0.0498 | Val Loss 1.5148 | Val Acc 0.6835 |  Train Acc 0.9905 | ETputs(KTEPS) 12611.01
2023-10-14 03:42:00,116 - train.py [line:94] - INFO: Epoch 00700 | Time(s) 0.0496 | Val Loss 1.5126 | Val Acc 0.6879 |  Train Acc 0.9905 | ETputs(KTEPS) 12638.69
2023-10-14 03:42:02,563 - train.py [line:94] - INFO: Epoch 00750 | Time(s) 0.0496 | Val Loss 1.5140 | Val Acc 0.7011 |  Train Acc 0.9919 | ETputs(KTEPS) 12650.81
2023-10-14 03:42:05,006 - train.py [line:94] - INFO: Epoch 00800 | Time(s) 0.0495 | Val Loss 1.5124 | Val Acc 0.6835 |  Train Acc 0.9912 | ETputs(KTEPS) 12662.64
2023-10-14 03:42:06,279 - train.py [line:106] - DEBUG: Model Saved by Early Stopper is Loaded!
2023-10-14 03:42:06,289 - train.py [line:108] - INFO: [FINAL MODEL] Run 13 .\Val accuracy 72.75% \Val loss: 1.5
2023-10-14 03:42:06,299 - train.py [line:110] - INFO: [FINAL MODEL] Run 13 .	Test accuracy 72.43% \Test loss: 1.5
2023-10-14 03:42:06,302 - train.py [line:53] - INFO: #Train:1365
2023-10-14 03:42:08,828 - train.py [line:94] - INFO: Epoch 00050 | Time(s) 0.0496 | Val Loss 1.5359 | Val Acc 0.6989 |  Train Acc 0.9568 | ETputs(KTEPS) 12656.33
2023-10-14 03:42:11,319 - train.py [line:94] - INFO: Epoch 00100 | Time(s) 0.0497 | Val Loss 1.4922 | Val Acc 0.7253 |  Train Acc 0.9612 | ETputs(KTEPS) 12632.41
2023-10-14 03:42:13,925 - train.py [line:94] - INFO: Epoch 00150 | Time(s) 0.0505 | Val Loss 1.4773 | Val Acc 0.7231 |  Train Acc 0.9641 | ETputs(KTEPS) 12429.52
2023-10-14 03:42:16,517 - train.py [line:94] - INFO: Epoch 00200 | Time(s) 0.0508 | Val Loss 1.4768 | Val Acc 0.7297 |  Train Acc 0.9817 | ETputs(KTEPS) 12350.82
2023-10-14 03:42:19,043 - train.py [line:94] - INFO: Epoch 00250 | Time(s) 0.0507 | Val Loss 1.4795 | Val Acc 0.7319 |  Train Acc 0.9846 | ETputs(KTEPS) 12364.95
2023-10-14 03:42:21,576 - train.py [line:94] - INFO: Epoch 00300 | Time(s) 0.0507 | Val Loss 1.4817 | Val Acc 0.7231 |  Train Acc 0.9861 | ETputs(KTEPS) 12368.40
2023-10-14 03:42:24,167 - train.py [line:94] - INFO: Epoch 00350 | Time(s) 0.0509 | Val Loss 1.4900 | Val Acc 0.7319 |  Train Acc 0.9905 | ETputs(KTEPS) 12330.94
2023-10-14 03:42:26,648 - train.py [line:94] - INFO: Epoch 00400 | Time(s) 0.0507 | Val Loss 1.4977 | Val Acc 0.7165 |  Train Acc 0.9905 | ETputs(KTEPS) 12369.83
2023-10-14 03:42:29,126 - train.py [line:94] - INFO: Epoch 00450 | Time(s) 0.0506 | Val Loss 1.5000 | Val Acc 0.7231 |  Train Acc 0.9905 | ETputs(KTEPS) 12402.05
2023-10-14 03:42:29,333 - train.py [line:106] - DEBUG: Model Saved by Early Stopper is Loaded!
2023-10-14 03:42:29,342 - train.py [line:108] - INFO: [FINAL MODEL] Run 14 .\Val accuracy 75.38% \Val loss: 1.5
2023-10-14 03:42:29,351 - train.py [line:110] - INFO: [FINAL MODEL] Run 14 .	Test accuracy 71.12% \Test loss: 1.5
2023-10-14 03:42:29,353 - train.py [line:53] - INFO: #Train:1365
2023-10-14 03:42:31,884 - train.py [line:94] - INFO: Epoch 00050 | Time(s) 0.0498 | Val Loss 1.5393 | Val Acc 0.6967 |  Train Acc 0.9458 | ETputs(KTEPS) 12609.31
2023-10-14 03:42:34,334 - train.py [line:94] - INFO: Epoch 00100 | Time(s) 0.0494 | Val Loss 1.4996 | Val Acc 0.7011 |  Train Acc 0.9531 | ETputs(KTEPS) 12708.49
2023-10-14 03:42:36,837 - train.py [line:94] - INFO: Epoch 00150 | Time(s) 0.0496 | Val Loss 1.4841 | Val Acc 0.7231 |  Train Acc 0.9663 | ETputs(KTEPS) 12654.89
2023-10-14 03:42:39,319 - train.py [line:94] - INFO: Epoch 00200 | Time(s) 0.0496 | Val Loss 1.4834 | Val Acc 0.7209 |  Train Acc 0.9810 | ETputs(KTEPS) 12659.90
2023-10-14 03:42:41,785 - train.py [line:94] - INFO: Epoch 00250 | Time(s) 0.0495 | Val Loss 1.4912 | Val Acc 0.7187 |  Train Acc 0.9875 | ETputs(KTEPS) 12672.00
2023-10-14 03:42:44,253 - train.py [line:94] - INFO: Epoch 00300 | Time(s) 0.0495 | Val Loss 1.4947 | Val Acc 0.7099 |  Train Acc 0.9912 | ETputs(KTEPS) 12682.93
2023-10-14 03:42:46,759 - train.py [line:94] - INFO: Epoch 00350 | Time(s) 0.0496 | Val Loss 1.4966 | Val Acc 0.7209 |  Train Acc 0.9890 | ETputs(KTEPS) 12659.28
2023-10-14 03:42:49,222 - train.py [line:94] - INFO: Epoch 00400 | Time(s) 0.0495 | Val Loss 1.5050 | Val Acc 0.7319 |  Train Acc 0.9912 | ETputs(KTEPS) 12670.88
2023-10-14 03:42:51,722 - train.py [line:94] - INFO: Epoch 00450 | Time(s) 0.0496 | Val Loss 1.5081 | Val Acc 0.7187 |  Train Acc 0.9919 | ETputs(KTEPS) 12657.65
2023-10-14 03:42:54,197 - train.py [line:94] - INFO: Epoch 00500 | Time(s) 0.0496 | Val Loss 1.5084 | Val Acc 0.7451 |  Train Acc 0.9890 | ETputs(KTEPS) 12661.48
2023-10-14 03:42:56,716 - train.py [line:94] - INFO: Epoch 00550 | Time(s) 0.0496 | Val Loss 1.5100 | Val Acc 0.7451 |  Train Acc 0.9897 | ETputs(KTEPS) 12642.47
2023-10-14 03:42:59,245 - train.py [line:94] - INFO: Epoch 00600 | Time(s) 0.0497 | Val Loss 1.5100 | Val Acc 0.7231 |  Train Acc 0.9890 | ETputs(KTEPS) 12622.47
2023-10-14 03:43:01,754 - train.py [line:94] - INFO: Epoch 00650 | Time(s) 0.0497 | Val Loss 1.5122 | Val Acc 0.7253 |  Train Acc 0.9883 | ETputs(KTEPS) 12613.68
2023-10-14 03:43:04,246 - train.py [line:94] - INFO: Epoch 00700 | Time(s) 0.0497 | Val Loss 1.5096 | Val Acc 0.7516 |  Train Acc 0.9890 | ETputs(KTEPS) 12612.92
2023-10-14 03:43:06,723 - train.py [line:94] - INFO: Epoch 00750 | Time(s) 0.0497 | Val Loss 1.5093 | Val Acc 0.7429 |  Train Acc 0.9890 | ETputs(KTEPS) 12616.68
2023-10-14 03:43:09,209 - train.py [line:94] - INFO: Epoch 00800 | Time(s) 0.0497 | Val Loss 1.5122 | Val Acc 0.7407 |  Train Acc 0.9890 | ETputs(KTEPS) 12617.12
2023-10-14 03:43:11,735 - train.py [line:94] - INFO: Epoch 00850 | Time(s) 0.0498 | Val Loss 1.5097 | Val Acc 0.7253 |  Train Acc 0.9890 | ETputs(KTEPS) 12605.35
2023-10-14 03:43:14,231 - train.py [line:94] - INFO: Epoch 00900 | Time(s) 0.0498 | Val Loss 1.5127 | Val Acc 0.7275 |  Train Acc 0.9897 | ETputs(KTEPS) 12603.63
2023-10-14 03:43:16,712 - train.py [line:94] - INFO: Epoch 00950 | Time(s) 0.0498 | Val Loss 1.5139 | Val Acc 0.7275 |  Train Acc 0.9890 | ETputs(KTEPS) 12605.91
2023-10-14 03:43:19,088 - train.py [line:106] - DEBUG: Model Saved by Early Stopper is Loaded!
2023-10-14 03:43:19,097 - train.py [line:108] - INFO: [FINAL MODEL] Run 15 .\Val accuracy 75.38% \Val loss: 1.5
2023-10-14 03:43:19,106 - train.py [line:110] - INFO: [FINAL MODEL] Run 15 .	Test accuracy 71.99% \Test loss: 1.5
2023-10-14 03:43:19,108 - train.py [line:53] - INFO: #Train:1365
2023-10-14 03:43:21,641 - train.py [line:94] - INFO: Epoch 00050 | Time(s) 0.0498 | Val Loss 1.5392 | Val Acc 0.6835 |  Train Acc 0.9546 | ETputs(KTEPS) 12593.66
2023-10-14 03:43:24,090 - train.py [line:94] - INFO: Epoch 00100 | Time(s) 0.0493 | Val Loss 1.4999 | Val Acc 0.6989 |  Train Acc 0.9582 | ETputs(KTEPS) 12718.93
2023-10-14 03:43:26,525 - train.py [line:94] - INFO: Epoch 00150 | Time(s) 0.0491 | Val Loss 1.4808 | Val Acc 0.7253 |  Train Acc 0.9729 | ETputs(KTEPS) 12781.73
2023-10-14 03:43:28,977 - train.py [line:94] - INFO: Epoch 00200 | Time(s) 0.0491 | Val Loss 1.4822 | Val Acc 0.7143 |  Train Acc 0.9795 | ETputs(KTEPS) 12790.83
2023-10-14 03:43:31,483 - train.py [line:94] - INFO: Epoch 00250 | Time(s) 0.0492 | Val Loss 1.4841 | Val Acc 0.7209 |  Train Acc 0.9868 | ETputs(KTEPS) 12740.63
2023-10-14 03:43:33,922 - train.py [line:94] - INFO: Epoch 00300 | Time(s) 0.0492 | Val Loss 1.4871 | Val Acc 0.7231 |  Train Acc 0.9912 | ETputs(KTEPS) 12761.43
2023-10-14 03:43:36,419 - train.py [line:94] - INFO: Epoch 00350 | Time(s) 0.0493 | Val Loss 1.4940 | Val Acc 0.7209 |  Train Acc 0.9949 | ETputs(KTEPS) 12734.79
2023-10-14 03:43:38,943 - train.py [line:94] - INFO: Epoch 00400 | Time(s) 0.0494 | Val Loss 1.4987 | Val Acc 0.7165 |  Train Acc 0.9941 | ETputs(KTEPS) 12695.96
2023-10-14 03:43:41,515 - train.py [line:94] - INFO: Epoch 00450 | Time(s) 0.0496 | Val Loss 1.5032 | Val Acc 0.7077 |  Train Acc 0.9963 | ETputs(KTEPS) 12639.87
2023-10-14 03:43:43,984 - train.py [line:94] - INFO: Epoch 00500 | Time(s) 0.0496 | Val Loss 1.5057 | Val Acc 0.7077 |  Train Acc 0.9963 | ETputs(KTEPS) 12647.08
2023-10-14 03:43:46,458 - train.py [line:94] - INFO: Epoch 00550 | Time(s) 0.0496 | Val Loss 1.5104 | Val Acc 0.7099 |  Train Acc 0.9963 | ETputs(KTEPS) 12650.56
2023-10-14 03:43:48,925 - train.py [line:94] - INFO: Epoch 00600 | Time(s) 0.0496 | Val Loss 1.5089 | Val Acc 0.7055 |  Train Acc 0.9963 | ETputs(KTEPS) 12655.91
2023-10-14 03:43:51,376 - train.py [line:94] - INFO: Epoch 00650 | Time(s) 0.0495 | Val Loss 1.5130 | Val Acc 0.7055 |  Train Acc 0.9963 | ETputs(KTEPS) 12667.21
2023-10-14 03:43:53,887 - train.py [line:94] - INFO: Epoch 00700 | Time(s) 0.0496 | Val Loss 1.5131 | Val Acc 0.6857 |  Train Acc 0.9956 | ETputs(KTEPS) 12654.96
2023-10-14 03:43:54,705 - train.py [line:106] - DEBUG: Model Saved by Early Stopper is Loaded!
2023-10-14 03:43:54,715 - train.py [line:108] - INFO: [FINAL MODEL] Run 16 .\Val accuracy 74.51% \Val loss: 1.5
2023-10-14 03:43:54,724 - train.py [line:110] - INFO: [FINAL MODEL] Run 16 .	Test accuracy 72.65% \Test loss: 1.5
2023-10-14 03:43:54,726 - train.py [line:53] - INFO: #Train:1365
2023-10-14 03:43:57,347 - train.py [line:94] - INFO: Epoch 00050 | Time(s) 0.0516 | Val Loss 1.5337 | Val Acc 0.7121 |  Train Acc 0.9458 | ETputs(KTEPS) 12154.26
2023-10-14 03:43:59,866 - train.py [line:94] - INFO: Epoch 00100 | Time(s) 0.0509 | Val Loss 1.4912 | Val Acc 0.7429 |  Train Acc 0.9590 | ETputs(KTEPS) 12338.54
2023-10-14 03:44:02,366 - train.py [line:94] - INFO: Epoch 00150 | Time(s) 0.0506 | Val Loss 1.4745 | Val Acc 0.7209 |  Train Acc 0.9670 | ETputs(KTEPS) 12408.39
2023-10-14 03:44:04,813 - train.py [line:94] - INFO: Epoch 00200 | Time(s) 0.0501 | Val Loss 1.4762 | Val Acc 0.7297 |  Train Acc 0.9788 | ETputs(KTEPS) 12513.03
2023-10-14 03:44:07,355 - train.py [line:94] - INFO: Epoch 00250 | Time(s) 0.0503 | Val Loss 1.4799 | Val Acc 0.7143 |  Train Acc 0.9817 | ETputs(KTEPS) 12478.46
2023-10-14 03:44:09,829 - train.py [line:94] - INFO: Epoch 00300 | Time(s) 0.0501 | Val Loss 1.4839 | Val Acc 0.7473 |  Train Acc 0.9868 | ETputs(KTEPS) 12512.47
2023-10-14 03:44:12,288 - train.py [line:94] - INFO: Epoch 00350 | Time(s) 0.0500 | Val Loss 1.4930 | Val Acc 0.7363 |  Train Acc 0.9861 | ETputs(KTEPS) 12546.91
2023-10-14 03:44:14,776 - train.py [line:94] - INFO: Epoch 00400 | Time(s) 0.0500 | Val Loss 1.4950 | Val Acc 0.7275 |  Train Acc 0.9883 | ETputs(KTEPS) 12555.50
2023-10-14 03:44:17,284 - train.py [line:94] - INFO: Epoch 00450 | Time(s) 0.0500 | Val Loss 1.4987 | Val Acc 0.7429 |  Train Acc 0.9868 | ETputs(KTEPS) 12550.72
2023-10-14 03:44:19,540 - train.py [line:106] - DEBUG: Model Saved by Early Stopper is Loaded!
2023-10-14 03:44:19,550 - train.py [line:108] - INFO: [FINAL MODEL] Run 17 .\Val accuracy 74.95% \Val loss: 1.5
2023-10-14 03:44:19,559 - train.py [line:110] - INFO: [FINAL MODEL] Run 17 .	Test accuracy 69.58% \Test loss: 1.5
2023-10-14 03:44:19,560 - train.py [line:53] - INFO: #Train:1365
2023-10-14 03:44:22,107 - train.py [line:94] - INFO: Epoch 00050 | Time(s) 0.0500 | Val Loss 1.5311 | Val Acc 0.7143 |  Train Acc 0.9436 | ETputs(KTEPS) 12560.23
2023-10-14 03:44:24,527 - train.py [line:94] - INFO: Epoch 00100 | Time(s) 0.0491 | Val Loss 1.4900 | Val Acc 0.7341 |  Train Acc 0.9516 | ETputs(KTEPS) 12780.28
2023-10-14 03:44:26,941 - train.py [line:94] - INFO: Epoch 00150 | Time(s) 0.0488 | Val Loss 1.4793 | Val Acc 0.7429 |  Train Acc 0.9729 | ETputs(KTEPS) 12852.45
2023-10-14 03:44:29,343 - train.py [line:94] - INFO: Epoch 00200 | Time(s) 0.0486 | Val Loss 1.4752 | Val Acc 0.7363 |  Train Acc 0.9773 | ETputs(KTEPS) 12904.17
2023-10-14 03:44:31,780 - train.py [line:94] - INFO: Epoch 00250 | Time(s) 0.0486 | Val Loss 1.4791 | Val Acc 0.7319 |  Train Acc 0.9861 | ETputs(KTEPS) 12898.88
2023-10-14 03:44:34,270 - train.py [line:94] - INFO: Epoch 00300 | Time(s) 0.0488 | Val Loss 1.4819 | Val Acc 0.7253 |  Train Acc 0.9875 | ETputs(KTEPS) 12850.28
2023-10-14 03:44:36,728 - train.py [line:94] - INFO: Epoch 00350 | Time(s) 0.0489 | Val Loss 1.4897 | Val Acc 0.7297 |  Train Acc 0.9897 | ETputs(KTEPS) 12840.14
2023-10-14 03:44:39,154 - train.py [line:94] - INFO: Epoch 00400 | Time(s) 0.0488 | Val Loss 1.4942 | Val Acc 0.7341 |  Train Acc 0.9897 | ETputs(KTEPS) 12852.01
2023-10-14 03:44:41,563 - train.py [line:94] - INFO: Epoch 00450 | Time(s) 0.0487 | Val Loss 1.4991 | Val Acc 0.7341 |  Train Acc 0.9919 | ETputs(KTEPS) 12870.70
2023-10-14 03:44:43,963 - train.py [line:94] - INFO: Epoch 00500 | Time(s) 0.0487 | Val Loss 1.5021 | Val Acc 0.7385 |  Train Acc 0.9912 | ETputs(KTEPS) 12891.12
2023-10-14 03:44:46,369 - train.py [line:94] - INFO: Epoch 00550 | Time(s) 0.0486 | Val Loss 1.5013 | Val Acc 0.7319 |  Train Acc 0.9927 | ETputs(KTEPS) 12905.55
2023-10-14 03:44:48,775 - train.py [line:94] - INFO: Epoch 00600 | Time(s) 0.0486 | Val Loss 1.5054 | Val Acc 0.7319 |  Train Acc 0.9890 | ETputs(KTEPS) 12916.97
2023-10-14 03:44:51,159 - train.py [line:94] - INFO: Epoch 00650 | Time(s) 0.0485 | Val Loss 1.5059 | Val Acc 0.7407 |  Train Acc 0.9912 | ETputs(KTEPS) 12935.62
2023-10-14 03:44:53,567 - train.py [line:94] - INFO: Epoch 00700 | Time(s) 0.0485 | Val Loss 1.5054 | Val Acc 0.7385 |  Train Acc 0.9927 | ETputs(KTEPS) 12942.11
2023-10-14 03:44:55,932 - train.py [line:94] - INFO: Epoch 00750 | Time(s) 0.0484 | Val Loss 1.5081 | Val Acc 0.7495 |  Train Acc 0.9919 | ETputs(KTEPS) 12963.59
2023-10-14 03:44:58,362 - train.py [line:94] - INFO: Epoch 00800 | Time(s) 0.0484 | Val Loss 1.5091 | Val Acc 0.7385 |  Train Acc 0.9919 | ETputs(KTEPS) 12960.60
2023-10-14 03:44:58,886 - train.py [line:106] - DEBUG: Model Saved by Early Stopper is Loaded!
2023-10-14 03:44:58,895 - train.py [line:108] - INFO: [FINAL MODEL] Run 18 .\Val accuracy 75.60% \Val loss: 1.5
2023-10-14 03:44:58,904 - train.py [line:110] - INFO: [FINAL MODEL] Run 18 .	Test accuracy 70.68% \Test loss: 1.5
2023-10-14 03:44:58,906 - train.py [line:53] - INFO: #Train:1365
2023-10-14 03:45:01,355 - train.py [line:94] - INFO: Epoch 00050 | Time(s) 0.0482 | Val Loss 1.5365 | Val Acc 0.7121 |  Train Acc 0.9487 | ETputs(KTEPS) 13005.37
2023-10-14 03:45:03,770 - train.py [line:94] - INFO: Epoch 00100 | Time(s) 0.0482 | Val Loss 1.4921 | Val Acc 0.7275 |  Train Acc 0.9553 | ETputs(KTEPS) 13021.09
2023-10-14 03:45:06,182 - train.py [line:94] - INFO: Epoch 00150 | Time(s) 0.0482 | Val Loss 1.4794 | Val Acc 0.7077 |  Train Acc 0.9729 | ETputs(KTEPS) 13021.09
2023-10-14 03:45:08,570 - train.py [line:94] - INFO: Epoch 00200 | Time(s) 0.0481 | Val Loss 1.4740 | Val Acc 0.7319 |  Train Acc 0.9773 | ETputs(KTEPS) 13053.86
2023-10-14 03:45:10,962 - train.py [line:94] - INFO: Epoch 00250 | Time(s) 0.0480 | Val Loss 1.4774 | Val Acc 0.7209 |  Train Acc 0.9832 | ETputs(KTEPS) 13070.87
2023-10-14 03:45:13,370 - train.py [line:94] - INFO: Epoch 00300 | Time(s) 0.0480 | Val Loss 1.4845 | Val Acc 0.7319 |  Train Acc 0.9897 | ETputs(KTEPS) 13063.56
2023-10-14 03:45:15,797 - train.py [line:94] - INFO: Epoch 00350 | Time(s) 0.0481 | Val Loss 1.4900 | Val Acc 0.7209 |  Train Acc 0.9912 | ETputs(KTEPS) 13044.47
2023-10-14 03:45:18,220 - train.py [line:94] - INFO: Epoch 00400 | Time(s) 0.0481 | Val Loss 1.4976 | Val Acc 0.7143 |  Train Acc 0.9919 | ETputs(KTEPS) 13032.47
2023-10-14 03:45:20,633 - train.py [line:94] - INFO: Epoch 00450 | Time(s) 0.0482 | Val Loss 1.5025 | Val Acc 0.7209 |  Train Acc 0.9927 | ETputs(KTEPS) 13029.72
2023-10-14 03:45:23,046 - train.py [line:94] - INFO: Epoch 00500 | Time(s) 0.0482 | Val Loss 1.5041 | Val Acc 0.7121 |  Train Acc 0.9927 | ETputs(KTEPS) 13026.82
2023-10-14 03:45:23,148 - train.py [line:106] - DEBUG: Model Saved by Early Stopper is Loaded!
2023-10-14 03:45:23,158 - train.py [line:108] - INFO: [FINAL MODEL] Run 19 .\Val accuracy 74.29% \Val loss: 1.5
2023-10-14 03:45:23,167 - train.py [line:110] - INFO: [FINAL MODEL] Run 19 .	Test accuracy 74.40% \Test loss: 1.5
2023-10-14 03:45:23,187 - train.py [line:140] - INFO: Mean Acc For Cross Validation: 0.7218, STDV: 0.0169
2023-10-14 03:45:23,187 - train.py [line:141] - INFO: Uncertainty: 0.0077
2023-10-14 03:45:23,187 - train.py [line:142] - INFO: [0.7089715536105032, 0.7330415754923414, 0.7352297592997812, 0.6936542669584245, 0.7308533916849015, 0.7286652078774617, 0.7089715536105032, 0.7199124726477024, 0.7636761487964989, 0.7242888402625821, 0.7308533916849015, 0.7330415754923414, 0.6958424507658644, 0.7242888402625821, 0.7111597374179431, 0.7199124726477024, 0.7264770240700219, 0.6958424507658644, 0.7067833698030634, 0.7439824945295405]
