2023-10-14 03:34:42,304 - train.py [line:198] - INFO: Namespace(seed=42, model='NormalNNV2', gpu=1, dataset='geom-squirrel', ds_split='standard', n_layers=12, n_hidden=64, wd1=1e-06, wd2=1e-08, wd3=0.0005, lr1=0.01, lr2=0.03, lr3=0.01, alpha=0.5, momentum=0.9, n_epochs=2000, dropout=0.0, dropout2=0.2, loss='nll', self_loop=False, udgraph=True, early_stop=True, patience=300, es_ckpt='es_checkpoint_device=1', n_cv=20, start_cv=0, logging=False, log_detail=True, log_detailedCh=True, id_log=0)
2023-10-14 03:34:47,578 - train.py [line:121] - INFO: Split_seeds:[1824, 409, 4506, 4012, 3657, 2286, 1679, 8935, 1424, 9674, 6912, 520, 488, 1535, 3582, 3811, 8279, 9863, 434, 9195]
2023-10-14 03:34:47,578 - train.py [line:122] - INFO: Model_seeds:[3257, 8928, 6873, 3611, 7359, 9654, 4557, 106, 2615, 6924, 5574, 4552, 2547, 3527, 5514, 1674, 1519, 6224, 1584, 5881]
2023-10-14 03:34:47,601 - train.py [line:53] - INFO: #Train:3120
2023-10-14 03:34:52,074 - train.py [line:94] - INFO: Epoch 00050 | Time(s) 0.0885 | Val Loss 1.5684 | Val Acc 0.5394 |  Train Acc 0.9256 | ETputs(KTEPS) 44819.71
2023-10-14 03:34:55,062 - train.py [line:94] - INFO: Epoch 00100 | Time(s) 0.0740 | Val Loss 1.5221 | Val Acc 0.5279 |  Train Acc 0.9455 | ETputs(KTEPS) 53613.26
2023-10-14 03:34:59,138 - train.py [line:94] - INFO: Epoch 00150 | Time(s) 0.0765 | Val Loss 1.4827 | Val Acc 0.5413 |  Train Acc 0.9189 | ETputs(KTEPS) 51860.87
2023-10-14 03:35:03,025 - train.py [line:94] - INFO: Epoch 00200 | Time(s) 0.0768 | Val Loss 1.4344 | Val Acc 0.5673 |  Train Acc 0.9542 | ETputs(KTEPS) 51662.10
2023-10-14 03:35:07,035 - train.py [line:94] - INFO: Epoch 00250 | Time(s) 0.0774 | Val Loss 1.3902 | Val Acc 0.5750 |  Train Acc 0.9625 | ETputs(KTEPS) 51236.51
2023-10-14 03:35:11,007 - train.py [line:94] - INFO: Epoch 00300 | Time(s) 0.0777 | Val Loss 1.3564 | Val Acc 0.5596 |  Train Acc 0.9660 | ETputs(KTEPS) 51030.90
2023-10-14 03:35:14,922 - train.py [line:94] - INFO: Epoch 00350 | Time(s) 0.0778 | Val Loss 1.3269 | Val Acc 0.5731 |  Train Acc 0.9715 | ETputs(KTEPS) 50980.68
2023-10-14 03:35:18,929 - train.py [line:94] - INFO: Epoch 00400 | Time(s) 0.0781 | Val Loss 1.3004 | Val Acc 0.5673 |  Train Acc 0.9731 | ETputs(KTEPS) 50795.93
2023-10-14 03:35:22,885 - train.py [line:94] - INFO: Epoch 00450 | Time(s) 0.0782 | Val Loss 1.2660 | Val Acc 0.5952 |  Train Acc 0.9763 | ETputs(KTEPS) 50725.80
2023-10-14 03:35:26,785 - train.py [line:94] - INFO: Epoch 00500 | Time(s) 0.0782 | Val Loss 1.2470 | Val Acc 0.5923 |  Train Acc 0.9782 | ETputs(KTEPS) 50747.23
2023-10-14 03:35:30,657 - train.py [line:94] - INFO: Epoch 00550 | Time(s) 0.0781 | Val Loss 1.2312 | Val Acc 0.5779 |  Train Acc 0.9811 | ETputs(KTEPS) 50791.66
2023-10-14 03:35:34,606 - train.py [line:94] - INFO: Epoch 00600 | Time(s) 0.0782 | Val Loss 1.2099 | Val Acc 0.5846 |  Train Acc 0.9821 | ETputs(KTEPS) 50745.71
2023-10-14 03:35:38,523 - train.py [line:94] - INFO: Epoch 00650 | Time(s) 0.0782 | Val Loss 1.1971 | Val Acc 0.5981 |  Train Acc 0.9846 | ETputs(KTEPS) 50738.45
2023-10-14 03:35:42,452 - train.py [line:94] - INFO: Epoch 00700 | Time(s) 0.0782 | Val Loss 1.1974 | Val Acc 0.5904 |  Train Acc 0.9856 | ETputs(KTEPS) 50720.49
2023-10-14 03:35:46,630 - train.py [line:94] - INFO: Epoch 00750 | Time(s) 0.0786 | Val Loss 1.1780 | Val Acc 0.5923 |  Train Acc 0.9862 | ETputs(KTEPS) 50495.70
2023-10-14 03:35:49,886 - train.py [line:94] - INFO: Epoch 00800 | Time(s) 0.0777 | Val Loss 1.1754 | Val Acc 0.6000 |  Train Acc 0.9872 | ETputs(KTEPS) 51043.14
2023-10-14 03:35:52,301 - train.py [line:94] - INFO: Epoch 00850 | Time(s) 0.0760 | Val Loss 1.1665 | Val Acc 0.6058 |  Train Acc 0.9891 | ETputs(KTEPS) 52209.98
2023-10-14 03:35:56,506 - train.py [line:94] - INFO: Epoch 00900 | Time(s) 0.0764 | Val Loss 1.1680 | Val Acc 0.5885 |  Train Acc 0.9891 | ETputs(KTEPS) 51902.88
2023-10-14 03:36:00,764 - train.py [line:94] - INFO: Epoch 00950 | Time(s) 0.0769 | Val Loss 1.1551 | Val Acc 0.6087 |  Train Acc 0.9891 | ETputs(KTEPS) 51595.10
2023-10-14 03:36:05,030 - train.py [line:94] - INFO: Epoch 01000 | Time(s) 0.0773 | Val Loss 1.1488 | Val Acc 0.6067 |  Train Acc 0.9891 | ETputs(KTEPS) 51320.16
2023-10-14 03:36:09,253 - train.py [line:94] - INFO: Epoch 01050 | Time(s) 0.0776 | Val Loss 1.1515 | Val Acc 0.5904 |  Train Acc 0.9917 | ETputs(KTEPS) 51095.68
2023-10-14 03:36:13,472 - train.py [line:94] - INFO: Epoch 01100 | Time(s) 0.0779 | Val Loss 1.1445 | Val Acc 0.6096 |  Train Acc 0.9917 | ETputs(KTEPS) 50895.08
2023-10-14 03:36:17,662 - train.py [line:94] - INFO: Epoch 01150 | Time(s) 0.0782 | Val Loss 1.1366 | Val Acc 0.6144 |  Train Acc 0.9901 | ETputs(KTEPS) 50730.37
2023-10-14 03:36:21,912 - train.py [line:94] - INFO: Epoch 01200 | Time(s) 0.0785 | Val Loss 1.1562 | Val Acc 0.6038 |  Train Acc 0.9910 | ETputs(KTEPS) 50547.47
2023-10-14 03:36:26,139 - train.py [line:94] - INFO: Epoch 01250 | Time(s) 0.0787 | Val Loss 1.1530 | Val Acc 0.6058 |  Train Acc 0.9923 | ETputs(KTEPS) 50392.40
2023-10-14 03:36:29,258 - train.py [line:106] - DEBUG: Model Saved by Early Stopper is Loaded!
2023-10-14 03:36:29,274 - train.py [line:108] - INFO: [FINAL MODEL] Run 0 .\Val accuracy 61.73% \Val loss: 1.1
2023-10-14 03:36:29,294 - train.py [line:110] - INFO: [FINAL MODEL] Run 0 .	Test accuracy 61.10% \Test loss: 1.1
2023-10-14 03:36:29,318 - train.py [line:53] - INFO: #Train:3120
2023-10-14 03:36:33,547 - train.py [line:94] - INFO: Epoch 00050 | Time(s) 0.0833 | Val Loss 1.5715 | Val Acc 0.4750 |  Train Acc 0.9397 | ETputs(KTEPS) 47602.28
2023-10-14 03:36:37,792 - train.py [line:94] - INFO: Epoch 00100 | Time(s) 0.0840 | Val Loss 1.5342 | Val Acc 0.4885 |  Train Acc 0.9689 | ETputs(KTEPS) 47200.71
2023-10-14 03:36:42,022 - train.py [line:94] - INFO: Epoch 00150 | Time(s) 0.0842 | Val Loss 1.5067 | Val Acc 0.4702 |  Train Acc 0.9734 | ETputs(KTEPS) 47097.45
2023-10-14 03:36:46,087 - train.py [line:94] - INFO: Epoch 00200 | Time(s) 0.0835 | Val Loss 1.4997 | Val Acc 0.4337 |  Train Acc 0.9580 | ETputs(KTEPS) 47513.48
2023-10-14 03:36:50,349 - train.py [line:94] - INFO: Epoch 00250 | Time(s) 0.0838 | Val Loss 1.4408 | Val Acc 0.5183 |  Train Acc 0.9724 | ETputs(KTEPS) 47322.26
2023-10-14 03:36:54,568 - train.py [line:94] - INFO: Epoch 00300 | Time(s) 0.0839 | Val Loss 1.4154 | Val Acc 0.5260 |  Train Acc 0.9808 | ETputs(KTEPS) 47283.33
2023-10-14 03:36:58,845 - train.py [line:94] - INFO: Epoch 00350 | Time(s) 0.0841 | Val Loss 1.4012 | Val Acc 0.5163 |  Train Acc 0.9808 | ETputs(KTEPS) 47153.86
2023-10-14 03:37:03,118 - train.py [line:94] - INFO: Epoch 00400 | Time(s) 0.0843 | Val Loss 1.3830 | Val Acc 0.5240 |  Train Acc 0.9849 | ETputs(KTEPS) 47061.96
2023-10-14 03:37:07,425 - train.py [line:94] - INFO: Epoch 00450 | Time(s) 0.0845 | Val Loss 1.4756 | Val Acc 0.4202 |  Train Acc 0.8772 | ETputs(KTEPS) 46948.08
2023-10-14 03:37:11,802 - train.py [line:94] - INFO: Epoch 00500 | Time(s) 0.0848 | Val Loss 1.3547 | Val Acc 0.5404 |  Train Acc 0.9849 | ETputs(KTEPS) 46783.39
2023-10-14 03:37:16,068 - train.py [line:94] - INFO: Epoch 00550 | Time(s) 0.0848 | Val Loss 1.3553 | Val Acc 0.5183 |  Train Acc 0.9856 | ETputs(KTEPS) 46760.54
2023-10-14 03:37:20,359 - train.py [line:94] - INFO: Epoch 00600 | Time(s) 0.0849 | Val Loss 1.3354 | Val Acc 0.5385 |  Train Acc 0.9888 | ETputs(KTEPS) 46717.13
2023-10-14 03:37:24,613 - train.py [line:94] - INFO: Epoch 00650 | Time(s) 0.0849 | Val Loss 1.3344 | Val Acc 0.5183 |  Train Acc 0.9894 | ETputs(KTEPS) 46710.95
2023-10-14 03:37:28,876 - train.py [line:94] - INFO: Epoch 00700 | Time(s) 0.0850 | Val Loss 1.3260 | Val Acc 0.5337 |  Train Acc 0.9901 | ETputs(KTEPS) 46698.61
2023-10-14 03:37:33,159 - train.py [line:94] - INFO: Epoch 00750 | Time(s) 0.0850 | Val Loss 1.3166 | Val Acc 0.5413 |  Train Acc 0.9901 | ETputs(KTEPS) 46672.80
2023-10-14 03:37:37,497 - train.py [line:94] - INFO: Epoch 00800 | Time(s) 0.0851 | Val Loss 1.3172 | Val Acc 0.5394 |  Train Acc 0.9901 | ETputs(KTEPS) 46616.19
2023-10-14 03:37:41,833 - train.py [line:94] - INFO: Epoch 00850 | Time(s) 0.0852 | Val Loss 1.3169 | Val Acc 0.5462 |  Train Acc 0.9910 | ETputs(KTEPS) 46564.38
2023-10-14 03:37:46,237 - train.py [line:94] - INFO: Epoch 00900 | Time(s) 0.0854 | Val Loss 1.3166 | Val Acc 0.5337 |  Train Acc 0.9907 | ETputs(KTEPS) 46479.14
2023-10-14 03:37:50,476 - train.py [line:94] - INFO: Epoch 00950 | Time(s) 0.0853 | Val Loss 1.3157 | Val Acc 0.5317 |  Train Acc 0.9910 | ETputs(KTEPS) 46497.22
2023-10-14 03:37:54,778 - train.py [line:94] - INFO: Epoch 01000 | Time(s) 0.0854 | Val Loss 1.3146 | Val Acc 0.5356 |  Train Acc 0.9917 | ETputs(KTEPS) 46478.19
2023-10-14 03:37:59,105 - train.py [line:94] - INFO: Epoch 01050 | Time(s) 0.0854 | Val Loss 1.3113 | Val Acc 0.5308 |  Train Acc 0.9913 | ETputs(KTEPS) 46447.99
2023-10-14 03:38:03,382 - train.py [line:94] - INFO: Epoch 01100 | Time(s) 0.0854 | Val Loss 1.3088 | Val Acc 0.5231 |  Train Acc 0.9913 | ETputs(KTEPS) 46446.88
2023-10-14 03:38:07,500 - train.py [line:94] - INFO: Epoch 01150 | Time(s) 0.0853 | Val Loss 1.2982 | Val Acc 0.5481 |  Train Acc 0.9933 | ETputs(KTEPS) 46519.41
2023-10-14 03:38:11,776 - train.py [line:94] - INFO: Epoch 01200 | Time(s) 0.0853 | Val Loss 1.3152 | Val Acc 0.5308 |  Train Acc 0.9933 | ETputs(KTEPS) 46514.29
2023-10-14 03:38:16,035 - train.py [line:94] - INFO: Epoch 01250 | Time(s) 0.0853 | Val Loss 1.3109 | Val Acc 0.5356 |  Train Acc 0.9936 | ETputs(KTEPS) 46516.91
2023-10-14 03:38:20,344 - train.py [line:94] - INFO: Epoch 01300 | Time(s) 0.0853 | Val Loss 1.3010 | Val Acc 0.5337 |  Train Acc 0.9933 | ETputs(KTEPS) 46498.45
2023-10-14 03:38:24,638 - train.py [line:94] - INFO: Epoch 01350 | Time(s) 0.0853 | Val Loss 1.3150 | Val Acc 0.5404 |  Train Acc 0.9939 | ETputs(KTEPS) 46487.61
2023-10-14 03:38:28,533 - train.py [line:106] - DEBUG: Model Saved by Early Stopper is Loaded!
2023-10-14 03:38:28,549 - train.py [line:108] - INFO: [FINAL MODEL] Run 1 .\Val accuracy 55.48% \Val loss: 1.3
2023-10-14 03:38:28,582 - train.py [line:110] - INFO: [FINAL MODEL] Run 1 .	Test accuracy 52.83% \Test loss: 1.3
2023-10-14 03:38:28,598 - train.py [line:53] - INFO: #Train:3120
2023-10-14 03:38:32,900 - train.py [line:94] - INFO: Epoch 00050 | Time(s) 0.0851 | Val Loss 1.5737 | Val Acc 0.5096 |  Train Acc 0.9417 | ETputs(KTEPS) 46595.56
2023-10-14 03:38:37,178 - train.py [line:94] - INFO: Epoch 00100 | Time(s) 0.0853 | Val Loss 1.5327 | Val Acc 0.5096 |  Train Acc 0.9574 | ETputs(KTEPS) 46513.52
2023-10-14 03:38:41,497 - train.py [line:94] - INFO: Epoch 00150 | Time(s) 0.0856 | Val Loss 1.4960 | Val Acc 0.5125 |  Train Acc 0.9660 | ETputs(KTEPS) 46326.48
2023-10-14 03:38:44,157 - train.py [line:94] - INFO: Epoch 00200 | Time(s) 0.0775 | Val Loss 1.4637 | Val Acc 0.5087 |  Train Acc 0.9696 | ETputs(KTEPS) 51175.12
2023-10-14 03:38:46,801 - train.py [line:94] - INFO: Epoch 00250 | Time(s) 0.0726 | Val Loss 1.4343 | Val Acc 0.5288 |  Train Acc 0.9724 | ETputs(KTEPS) 54667.07
2023-10-14 03:38:49,969 - train.py [line:94] - INFO: Epoch 00300 | Time(s) 0.0710 | Val Loss 1.4114 | Val Acc 0.5202 |  Train Acc 0.9721 | ETputs(KTEPS) 55865.61
2023-10-14 03:38:53,309 - train.py [line:94] - INFO: Epoch 00350 | Time(s) 0.0704 | Val Loss 1.3907 | Val Acc 0.5337 |  Train Acc 0.9801 | ETputs(KTEPS) 56349.38
2023-10-14 03:38:56,404 - train.py [line:94] - INFO: Epoch 00400 | Time(s) 0.0693 | Val Loss 1.3836 | Val Acc 0.5163 |  Train Acc 0.9788 | ETputs(KTEPS) 57214.13
2023-10-14 03:38:58,658 - train.py [line:94] - INFO: Epoch 00450 | Time(s) 0.0666 | Val Loss 1.3534 | Val Acc 0.5298 |  Train Acc 0.9821 | ETputs(KTEPS) 59529.87
2023-10-14 03:39:01,015 - train.py [line:94] - INFO: Epoch 00500 | Time(s) 0.0647 | Val Loss 1.3414 | Val Acc 0.5231 |  Train Acc 0.9808 | ETputs(KTEPS) 61329.64
2023-10-14 03:39:04,077 - train.py [line:94] - INFO: Epoch 00550 | Time(s) 0.0644 | Val Loss 1.3299 | Val Acc 0.5269 |  Train Acc 0.9865 | ETputs(KTEPS) 61634.06
2023-10-14 03:39:06,258 - train.py [line:94] - INFO: Epoch 00600 | Time(s) 0.0626 | Val Loss 1.3264 | Val Acc 0.5346 |  Train Acc 0.9875 | ETputs(KTEPS) 63335.53
2023-10-14 03:39:09,647 - train.py [line:94] - INFO: Epoch 00650 | Time(s) 0.0630 | Val Loss 1.3224 | Val Acc 0.5356 |  Train Acc 0.9862 | ETputs(KTEPS) 62946.94
2023-10-14 03:39:13,518 - train.py [line:94] - INFO: Epoch 00700 | Time(s) 0.0640 | Val Loss 1.3072 | Val Acc 0.5317 |  Train Acc 0.9872 | ETputs(KTEPS) 61939.32
2023-10-14 03:39:17,409 - train.py [line:94] - INFO: Epoch 00750 | Time(s) 0.0650 | Val Loss 1.3270 | Val Acc 0.5135 |  Train Acc 0.9888 | ETputs(KTEPS) 61067.29
2023-10-14 03:39:21,296 - train.py [line:94] - INFO: Epoch 00800 | Time(s) 0.0658 | Val Loss 1.2934 | Val Acc 0.5423 |  Train Acc 0.9901 | ETputs(KTEPS) 60331.36
2023-10-14 03:39:25,227 - train.py [line:94] - INFO: Epoch 00850 | Time(s) 0.0665 | Val Loss 1.3135 | Val Acc 0.5462 |  Train Acc 0.9875 | ETputs(KTEPS) 59645.54
2023-10-14 03:39:29,450 - train.py [line:94] - INFO: Epoch 00900 | Time(s) 0.0675 | Val Loss 1.2701 | Val Acc 0.5606 |  Train Acc 0.9913 | ETputs(KTEPS) 58771.07
2023-10-14 03:39:33,436 - train.py [line:94] - INFO: Epoch 00950 | Time(s) 0.0681 | Val Loss 1.2652 | Val Acc 0.5538 |  Train Acc 0.9904 | ETputs(KTEPS) 58221.52
2023-10-14 03:39:37,339 - train.py [line:94] - INFO: Epoch 01000 | Time(s) 0.0686 | Val Loss 1.2768 | Val Acc 0.5558 |  Train Acc 0.9920 | ETputs(KTEPS) 57801.30
2023-10-14 03:39:41,188 - train.py [line:94] - INFO: Epoch 01050 | Time(s) 0.0690 | Val Loss 1.2827 | Val Acc 0.5471 |  Train Acc 0.9901 | ETputs(KTEPS) 57471.01
2023-10-14 03:39:45,189 - train.py [line:94] - INFO: Epoch 01100 | Time(s) 0.0695 | Val Loss 1.2687 | Val Acc 0.5567 |  Train Acc 0.9920 | ETputs(KTEPS) 57058.76
2023-10-14 03:39:49,150 - train.py [line:94] - INFO: Epoch 01150 | Time(s) 0.0699 | Val Loss 1.2828 | Val Acc 0.5471 |  Train Acc 0.9929 | ETputs(KTEPS) 56715.49
2023-10-14 03:39:52,745 - train.py [line:94] - INFO: Epoch 01200 | Time(s) 0.0700 | Val Loss 1.2750 | Val Acc 0.5519 |  Train Acc 0.9926 | ETputs(KTEPS) 56650.28
2023-10-14 03:39:56,570 - train.py [line:94] - INFO: Epoch 01250 | Time(s) 0.0703 | Val Loss 1.2750 | Val Acc 0.5558 |  Train Acc 0.9929 | ETputs(KTEPS) 56441.69
2023-10-14 03:40:00,455 - train.py [line:94] - INFO: Epoch 01300 | Time(s) 0.0706 | Val Loss 1.2758 | Val Acc 0.5635 |  Train Acc 0.9939 | ETputs(KTEPS) 56214.43
2023-10-14 03:40:01,077 - train.py [line:106] - DEBUG: Model Saved by Early Stopper is Loaded!
2023-10-14 03:40:01,091 - train.py [line:108] - INFO: [FINAL MODEL] Run 2 .\Val accuracy 57.31% \Val loss: 1.3
2023-10-14 03:40:01,109 - train.py [line:110] - INFO: [FINAL MODEL] Run 2 .	Test accuracy 52.74% \Test loss: 1.3
2023-10-14 03:40:01,129 - train.py [line:53] - INFO: #Train:3120
2023-10-14 03:40:05,184 - train.py [line:94] - INFO: Epoch 00050 | Time(s) 0.0801 | Val Loss 1.5732 | Val Acc 0.4279 |  Train Acc 0.8875 | ETputs(KTEPS) 49502.03
2023-10-14 03:40:09,244 - train.py [line:94] - INFO: Epoch 00100 | Time(s) 0.0806 | Val Loss 1.5358 | Val Acc 0.4731 |  Train Acc 0.9321 | ETputs(KTEPS) 49192.88
2023-10-14 03:40:13,128 - train.py [line:94] - INFO: Epoch 00150 | Time(s) 0.0796 | Val Loss 1.5018 | Val Acc 0.5000 |  Train Acc 0.9609 | ETputs(KTEPS) 49830.54
2023-10-14 03:40:17,233 - train.py [line:94] - INFO: Epoch 00200 | Time(s) 0.0802 | Val Loss 1.4773 | Val Acc 0.4673 |  Train Acc 0.9660 | ETputs(KTEPS) 49459.01
2023-10-14 03:40:21,252 - train.py [line:94] - INFO: Epoch 00250 | Time(s) 0.0802 | Val Loss 1.4443 | Val Acc 0.4981 |  Train Acc 0.9718 | ETputs(KTEPS) 49439.06
2023-10-14 03:40:23,900 - train.py [line:94] - INFO: Epoch 00300 | Time(s) 0.0757 | Val Loss 1.4158 | Val Acc 0.5087 |  Train Acc 0.9782 | ETputs(KTEPS) 52423.05
2023-10-14 03:40:26,560 - train.py [line:94] - INFO: Epoch 00350 | Time(s) 0.0724 | Val Loss 1.3952 | Val Acc 0.4962 |  Train Acc 0.9814 | ETputs(KTEPS) 54756.31
2023-10-14 03:40:29,524 - train.py [line:94] - INFO: Epoch 00400 | Time(s) 0.0708 | Val Loss 1.3739 | Val Acc 0.5058 |  Train Acc 0.9821 | ETputs(KTEPS) 56035.94
2023-10-14 03:40:31,712 - train.py [line:94] - INFO: Epoch 00450 | Time(s) 0.0678 | Val Loss 1.3480 | Val Acc 0.5135 |  Train Acc 0.9849 | ETputs(KTEPS) 58519.77
2023-10-14 03:40:34,553 - train.py [line:94] - INFO: Epoch 00500 | Time(s) 0.0667 | Val Loss 1.3581 | Val Acc 0.5019 |  Train Acc 0.9795 | ETputs(KTEPS) 59488.01
2023-10-14 03:40:37,304 - train.py [line:94] - INFO: Epoch 00550 | Time(s) 0.0656 | Val Loss 1.3496 | Val Acc 0.4894 |  Train Acc 0.9792 | ETputs(KTEPS) 60450.13
2023-10-14 03:40:39,653 - train.py [line:94] - INFO: Epoch 00600 | Time(s) 0.0641 | Val Loss 1.3231 | Val Acc 0.5154 |  Train Acc 0.9875 | ETputs(KTEPS) 61918.25
2023-10-14 03:40:42,382 - train.py [line:94] - INFO: Epoch 00650 | Time(s) 0.0633 | Val Loss 1.3024 | Val Acc 0.5173 |  Train Acc 0.9881 | ETputs(KTEPS) 62632.45
2023-10-14 03:40:44,996 - train.py [line:94] - INFO: Epoch 00700 | Time(s) 0.0625 | Val Loss 1.3050 | Val Acc 0.5058 |  Train Acc 0.9875 | ETputs(KTEPS) 63423.91
2023-10-14 03:40:47,464 - train.py [line:94] - INFO: Epoch 00750 | Time(s) 0.0617 | Val Loss 1.2992 | Val Acc 0.5019 |  Train Acc 0.9894 | ETputs(KTEPS) 64329.27
2023-10-14 03:40:49,296 - train.py [line:106] - DEBUG: Model Saved by Early Stopper is Loaded!
2023-10-14 03:40:49,305 - train.py [line:108] - INFO: [FINAL MODEL] Run 3 .\Val accuracy 52.98% \Val loss: 1.3
2023-10-14 03:40:49,315 - train.py [line:110] - INFO: [FINAL MODEL] Run 3 .	Test accuracy 49.86% \Test loss: 1.4
2023-10-14 03:40:49,319 - train.py [line:53] - INFO: #Train:3120
2023-10-14 03:40:51,891 - train.py [line:94] - INFO: Epoch 00050 | Time(s) 0.0506 | Val Loss 1.5762 | Val Acc 0.4442 |  Train Acc 0.8891 | ETputs(KTEPS) 78420.13
2023-10-14 03:40:54,158 - train.py [line:94] - INFO: Epoch 00100 | Time(s) 0.0479 | Val Loss 1.5423 | Val Acc 0.4712 |  Train Acc 0.9500 | ETputs(KTEPS) 82774.76
2023-10-14 03:40:56,772 - train.py [line:94] - INFO: Epoch 00150 | Time(s) 0.0493 | Val Loss 1.5103 | Val Acc 0.4692 |  Train Acc 0.9683 | ETputs(KTEPS) 80396.30
2023-10-14 03:40:59,610 - train.py [line:94] - INFO: Epoch 00200 | Time(s) 0.0512 | Val Loss 1.4860 | Val Acc 0.4625 |  Train Acc 0.9744 | ETputs(KTEPS) 77491.29
2023-10-14 03:41:02,112 - train.py [line:94] - INFO: Epoch 00250 | Time(s) 0.0509 | Val Loss 1.4674 | Val Acc 0.4567 |  Train Acc 0.9795 | ETputs(KTEPS) 77868.60
2023-10-14 03:41:04,711 - train.py [line:94] - INFO: Epoch 00300 | Time(s) 0.0511 | Val Loss 1.4424 | Val Acc 0.4702 |  Train Acc 0.9865 | ETputs(KTEPS) 77607.07
2023-10-14 03:41:08,409 - train.py [line:94] - INFO: Epoch 00350 | Time(s) 0.0544 | Val Loss 1.4271 | Val Acc 0.4673 |  Train Acc 0.9843 | ETputs(KTEPS) 72953.61
2023-10-14 03:41:12,668 - train.py [line:94] - INFO: Epoch 00400 | Time(s) 0.0582 | Val Loss 1.4185 | Val Acc 0.4673 |  Train Acc 0.9881 | ETputs(KTEPS) 68130.89
2023-10-14 03:41:16,940 - train.py [line:94] - INFO: Epoch 00450 | Time(s) 0.0612 | Val Loss 1.3935 | Val Acc 0.4769 |  Train Acc 0.9881 | ETputs(KTEPS) 64769.57
2023-10-14 03:41:21,204 - train.py [line:94] - INFO: Epoch 00500 | Time(s) 0.0636 | Val Loss 1.3816 | Val Acc 0.4788 |  Train Acc 0.9907 | ETputs(KTEPS) 62329.71
2023-10-14 03:41:25,534 - train.py [line:94] - INFO: Epoch 00550 | Time(s) 0.0657 | Val Loss 1.3734 | Val Acc 0.4779 |  Train Acc 0.9913 | ETputs(KTEPS) 60355.80
2023-10-14 03:41:29,655 - train.py [line:94] - INFO: Epoch 00600 | Time(s) 0.0671 | Val Loss 1.3715 | Val Acc 0.4827 |  Train Acc 0.9913 | ETputs(KTEPS) 59106.33
2023-10-14 03:41:34,004 - train.py [line:94] - INFO: Epoch 00650 | Time(s) 0.0686 | Val Loss 1.3601 | Val Acc 0.4971 |  Train Acc 0.9929 | ETputs(KTEPS) 57795.61
2023-10-14 03:41:38,271 - train.py [line:94] - INFO: Epoch 00700 | Time(s) 0.0698 | Val Loss 1.3579 | Val Acc 0.4692 |  Train Acc 0.9933 | ETputs(KTEPS) 56809.28
2023-10-14 03:41:42,547 - train.py [line:94] - INFO: Epoch 00750 | Time(s) 0.0709 | Val Loss 1.3366 | Val Acc 0.4837 |  Train Acc 0.9920 | ETputs(KTEPS) 55971.44
2023-10-14 03:41:46,822 - train.py [line:94] - INFO: Epoch 00800 | Time(s) 0.0718 | Val Loss 1.3488 | Val Acc 0.4808 |  Train Acc 0.9939 | ETputs(KTEPS) 55264.07
2023-10-14 03:41:51,074 - train.py [line:94] - INFO: Epoch 00850 | Time(s) 0.0726 | Val Loss 1.3316 | Val Acc 0.4904 |  Train Acc 0.9933 | ETputs(KTEPS) 54670.71
2023-10-14 03:41:55,402 - train.py [line:94] - INFO: Epoch 00900 | Time(s) 0.0733 | Val Loss 1.3345 | Val Acc 0.4952 |  Train Acc 0.9926 | ETputs(KTEPS) 54091.77
2023-10-14 03:41:59,693 - train.py [line:94] - INFO: Epoch 00950 | Time(s) 0.0740 | Val Loss 1.3298 | Val Acc 0.4962 |  Train Acc 0.9939 | ETputs(KTEPS) 53612.29
2023-10-14 03:42:03,959 - train.py [line:94] - INFO: Epoch 01000 | Time(s) 0.0746 | Val Loss 1.3296 | Val Acc 0.4923 |  Train Acc 0.9939 | ETputs(KTEPS) 53211.60
2023-10-14 03:42:08,237 - train.py [line:94] - INFO: Epoch 01050 | Time(s) 0.0751 | Val Loss 1.3264 | Val Acc 0.5048 |  Train Acc 0.9942 | ETputs(KTEPS) 52844.21
2023-10-14 03:42:12,474 - train.py [line:94] - INFO: Epoch 01100 | Time(s) 0.0755 | Val Loss 1.3328 | Val Acc 0.4981 |  Train Acc 0.9939 | ETputs(KTEPS) 52541.43
2023-10-14 03:42:16,731 - train.py [line:94] - INFO: Epoch 01150 | Time(s) 0.0759 | Val Loss 1.3226 | Val Acc 0.4990 |  Train Acc 0.9929 | ETputs(KTEPS) 52252.18
2023-10-14 03:42:21,054 - train.py [line:94] - INFO: Epoch 01200 | Time(s) 0.0764 | Val Loss 1.3447 | Val Acc 0.5038 |  Train Acc 0.9946 | ETputs(KTEPS) 51952.47
2023-10-14 03:42:25,407 - train.py [line:94] - INFO: Epoch 01250 | Time(s) 0.0768 | Val Loss 1.3254 | Val Acc 0.5125 |  Train Acc 0.9942 | ETputs(KTEPS) 51663.50
2023-10-14 03:42:29,513 - train.py [line:94] - INFO: Epoch 01300 | Time(s) 0.0770 | Val Loss 1.3177 | Val Acc 0.5067 |  Train Acc 0.9949 | ETputs(KTEPS) 51531.09
2023-10-14 03:42:33,713 - train.py [line:94] - INFO: Epoch 01350 | Time(s) 0.0772 | Val Loss 1.3247 | Val Acc 0.5096 |  Train Acc 0.9942 | ETputs(KTEPS) 51358.10
2023-10-14 03:42:38,007 - train.py [line:94] - INFO: Epoch 01400 | Time(s) 0.0776 | Val Loss 1.3402 | Val Acc 0.5115 |  Train Acc 0.9949 | ETputs(KTEPS) 51154.63
2023-10-14 03:42:42,281 - train.py [line:94] - INFO: Epoch 01450 | Time(s) 0.0778 | Val Loss 1.3323 | Val Acc 0.5096 |  Train Acc 0.9952 | ETputs(KTEPS) 50976.52
2023-10-14 03:42:46,573 - train.py [line:94] - INFO: Epoch 01500 | Time(s) 0.0781 | Val Loss 1.3440 | Val Acc 0.5144 |  Train Acc 0.9952 | ETputs(KTEPS) 50802.48
2023-10-14 03:42:50,866 - train.py [line:94] - INFO: Epoch 01550 | Time(s) 0.0783 | Val Loss 1.3363 | Val Acc 0.5135 |  Train Acc 0.9949 | ETputs(KTEPS) 50640.38
2023-10-14 03:42:55,147 - train.py [line:94] - INFO: Epoch 01600 | Time(s) 0.0786 | Val Loss 1.3467 | Val Acc 0.5163 |  Train Acc 0.9949 | ETputs(KTEPS) 50493.84
2023-10-14 03:42:59,419 - train.py [line:94] - INFO: Epoch 01650 | Time(s) 0.0788 | Val Loss 1.3408 | Val Acc 0.5240 |  Train Acc 0.9952 | ETputs(KTEPS) 50360.64
2023-10-14 03:43:01,718 - train.py [line:94] - INFO: Epoch 01700 | Time(s) 0.0778 | Val Loss 1.3260 | Val Acc 0.5250 |  Train Acc 0.9949 | ETputs(KTEPS) 50986.21
2023-10-14 03:43:05,468 - train.py [line:94] - INFO: Epoch 01750 | Time(s) 0.0777 | Val Loss 1.3460 | Val Acc 0.5240 |  Train Acc 0.9962 | ETputs(KTEPS) 51041.02
2023-10-14 03:43:09,768 - train.py [line:94] - INFO: Epoch 01800 | Time(s) 0.0780 | Val Loss 1.3487 | Val Acc 0.5173 |  Train Acc 0.9962 | ETputs(KTEPS) 50890.81
2023-10-14 03:43:14,052 - train.py [line:94] - INFO: Epoch 01850 | Time(s) 0.0782 | Val Loss 1.3666 | Val Acc 0.5154 |  Train Acc 0.9965 | ETputs(KTEPS) 50755.08
2023-10-14 03:43:18,168 - train.py [line:94] - INFO: Epoch 01900 | Time(s) 0.0783 | Val Loss 1.3493 | Val Acc 0.5212 |  Train Acc 0.9965 | ETputs(KTEPS) 50684.37
2023-10-14 03:43:22,482 - train.py [line:94] - INFO: Epoch 01950 | Time(s) 0.0785 | Val Loss 1.3756 | Val Acc 0.5096 |  Train Acc 0.9958 | ETputs(KTEPS) 50552.05
2023-10-14 03:43:26,593 - train.py [line:94] - INFO: Epoch 02000 | Time(s) 0.0786 | Val Loss 1.3724 | Val Acc 0.5288 |  Train Acc 0.9974 | ETputs(KTEPS) 50492.12
2023-10-14 03:43:26,596 - train.py [line:106] - DEBUG: Model Saved by Early Stopper is Loaded!
2023-10-14 03:43:26,611 - train.py [line:108] - INFO: [FINAL MODEL] Run 4 .\Val accuracy 54.13% \Val loss: 1.3
2023-10-14 03:43:26,630 - train.py [line:110] - INFO: [FINAL MODEL] Run 4 .	Test accuracy 50.91% \Test loss: 1.4
2023-10-14 03:43:26,652 - train.py [line:53] - INFO: #Train:3120
2023-10-14 03:43:30,842 - train.py [line:94] - INFO: Epoch 00050 | Time(s) 0.0828 | Val Loss 1.5771 | Val Acc 0.4673 |  Train Acc 0.9061 | ETputs(KTEPS) 47927.05
2023-10-14 03:43:35,122 - train.py [line:94] - INFO: Epoch 00100 | Time(s) 0.0842 | Val Loss 1.5348 | Val Acc 0.4827 |  Train Acc 0.9728 | ETputs(KTEPS) 47133.88
2023-10-14 03:43:39,298 - train.py [line:94] - INFO: Epoch 00150 | Time(s) 0.0839 | Val Loss 1.5034 | Val Acc 0.4933 |  Train Acc 0.9766 | ETputs(KTEPS) 47258.06
2023-10-14 03:43:43,456 - train.py [line:94] - INFO: Epoch 00200 | Time(s) 0.0837 | Val Loss 1.4788 | Val Acc 0.4894 |  Train Acc 0.9795 | ETputs(KTEPS) 47377.23
2023-10-14 03:43:47,741 - train.py [line:94] - INFO: Epoch 00250 | Time(s) 0.0841 | Val Loss 1.4457 | Val Acc 0.4962 |  Train Acc 0.9808 | ETputs(KTEPS) 47161.38
2023-10-14 03:43:52,024 - train.py [line:94] - INFO: Epoch 00300 | Time(s) 0.0844 | Val Loss 1.4282 | Val Acc 0.4808 |  Train Acc 0.9811 | ETputs(KTEPS) 47017.99
2023-10-14 03:43:56,289 - train.py [line:94] - INFO: Epoch 00350 | Time(s) 0.0845 | Val Loss 1.4062 | Val Acc 0.4865 |  Train Acc 0.9894 | ETputs(KTEPS) 46946.81
2023-10-14 03:44:00,567 - train.py [line:94] - INFO: Epoch 00400 | Time(s) 0.0846 | Val Loss 1.3856 | Val Acc 0.5058 |  Train Acc 0.9891 | ETputs(KTEPS) 46874.10
2023-10-14 03:44:04,849 - train.py [line:94] - INFO: Epoch 00450 | Time(s) 0.0847 | Val Loss 1.3763 | Val Acc 0.5010 |  Train Acc 0.9894 | ETputs(KTEPS) 46813.01
2023-10-14 03:44:09,183 - train.py [line:94] - INFO: Epoch 00500 | Time(s) 0.0849 | Val Loss 1.3690 | Val Acc 0.4913 |  Train Acc 0.9897 | ETputs(KTEPS) 46707.35
2023-10-14 03:44:09,785 - train.py [line:106] - DEBUG: Model Saved by Early Stopper is Loaded!
2023-10-14 03:44:09,808 - train.py [line:108] - INFO: [FINAL MODEL] Run 5 .\Val accuracy 50.87% \Val loss: 1.5
2023-10-14 03:44:09,836 - train.py [line:110] - INFO: [FINAL MODEL] Run 5 .	Test accuracy 48.41% \Test loss: 1.5
2023-10-14 03:44:09,851 - train.py [line:53] - INFO: #Train:3120
2023-10-14 03:44:14,167 - train.py [line:94] - INFO: Epoch 00050 | Time(s) 0.0853 | Val Loss 1.5620 | Val Acc 0.5519 |  Train Acc 0.9119 | ETputs(KTEPS) 46527.26
2023-10-14 03:44:18,463 - train.py [line:94] - INFO: Epoch 00100 | Time(s) 0.0854 | Val Loss 1.5034 | Val Acc 0.5827 |  Train Acc 0.9381 | ETputs(KTEPS) 46440.75
2023-10-14 03:44:22,749 - train.py [line:94] - INFO: Epoch 00150 | Time(s) 0.0855 | Val Loss 1.4511 | Val Acc 0.5721 |  Train Acc 0.9426 | ETputs(KTEPS) 46404.08
2023-10-14 03:44:27,050 - train.py [line:94] - INFO: Epoch 00200 | Time(s) 0.0856 | Val Loss 1.4080 | Val Acc 0.5712 |  Train Acc 0.9462 | ETputs(KTEPS) 46333.76
2023-10-14 03:44:31,335 - train.py [line:94] - INFO: Epoch 00250 | Time(s) 0.0856 | Val Loss 1.3609 | Val Acc 0.5904 |  Train Acc 0.9500 | ETputs(KTEPS) 46326.54
2023-10-14 03:44:35,647 - train.py [line:94] - INFO: Epoch 00300 | Time(s) 0.0857 | Val Loss 1.3173 | Val Acc 0.5894 |  Train Acc 0.9577 | ETputs(KTEPS) 46276.69
2023-10-14 03:44:39,580 - train.py [line:94] - INFO: Epoch 00350 | Time(s) 0.0847 | Val Loss 1.2807 | Val Acc 0.5894 |  Train Acc 0.9628 | ETputs(KTEPS) 46831.63
2023-10-14 03:44:43,818 - train.py [line:94] - INFO: Epoch 00400 | Time(s) 0.0847 | Val Loss 1.2529 | Val Acc 0.6000 |  Train Acc 0.9660 | ETputs(KTEPS) 46834.59
2023-10-14 03:44:48,104 - train.py [line:94] - INFO: Epoch 00450 | Time(s) 0.0848 | Val Loss 1.2251 | Val Acc 0.6019 |  Train Acc 0.9696 | ETputs(KTEPS) 46776.29
2023-10-14 03:44:52,390 - train.py [line:94] - INFO: Epoch 00500 | Time(s) 0.0849 | Val Loss 1.2099 | Val Acc 0.5971 |  Train Acc 0.9692 | ETputs(KTEPS) 46728.77
2023-10-14 03:44:56,667 - train.py [line:94] - INFO: Epoch 00550 | Time(s) 0.0850 | Val Loss 1.1874 | Val Acc 0.5923 |  Train Acc 0.9718 | ETputs(KTEPS) 46697.03
2023-10-14 03:45:00,957 - train.py [line:94] - INFO: Epoch 00600 | Time(s) 0.0850 | Val Loss 1.1807 | Val Acc 0.5923 |  Train Acc 0.9724 | ETputs(KTEPS) 46659.27
2023-10-14 03:45:05,245 - train.py [line:94] - INFO: Epoch 00650 | Time(s) 0.0851 | Val Loss 1.1544 | Val Acc 0.5933 |  Train Acc 0.9763 | ETputs(KTEPS) 46629.07
2023-10-14 03:45:09,530 - train.py [line:94] - INFO: Epoch 00700 | Time(s) 0.0851 | Val Loss 1.1524 | Val Acc 0.5971 |  Train Acc 0.9785 | ETputs(KTEPS) 46604.78
2023-10-14 03:45:13,807 - train.py [line:94] - INFO: Epoch 00750 | Time(s) 0.0851 | Val Loss 1.1430 | Val Acc 0.5990 |  Train Acc 0.9776 | ETputs(KTEPS) 46590.60
2023-10-14 03:45:14,161 - train.py [line:106] - DEBUG: Model Saved by Early Stopper is Loaded!
2023-10-14 03:45:14,182 - train.py [line:108] - INFO: [FINAL MODEL] Run 6 .\Val accuracy 61.25% \Val loss: 1.2
2023-10-14 03:45:14,212 - train.py [line:110] - INFO: [FINAL MODEL] Run 6 .	Test accuracy 62.63% \Test loss: 1.2
2023-10-14 03:45:14,223 - train.py [line:53] - INFO: #Train:3120
2023-10-14 03:45:18,512 - train.py [line:94] - INFO: Epoch 00050 | Time(s) 0.0846 | Val Loss 1.5751 | Val Acc 0.4817 |  Train Acc 0.8936 | ETputs(KTEPS) 46871.92
2023-10-14 03:45:22,791 - train.py [line:94] - INFO: Epoch 00100 | Time(s) 0.0850 | Val Loss 1.5325 | Val Acc 0.5173 |  Train Acc 0.9388 | ETputs(KTEPS) 46678.37
2023-10-14 03:45:27,079 - train.py [line:94] - INFO: Epoch 00150 | Time(s) 0.0852 | Val Loss 1.4905 | Val Acc 0.5144 |  Train Acc 0.9519 | ETputs(KTEPS) 46547.86
2023-10-14 03:45:31,432 - train.py [line:94] - INFO: Epoch 00200 | Time(s) 0.0857 | Val Loss 1.4496 | Val Acc 0.5288 |  Train Acc 0.9522 | ETputs(KTEPS) 46304.95
2023-10-14 03:45:35,663 - train.py [line:94] - INFO: Epoch 00250 | Time(s) 0.0855 | Val Loss 1.4207 | Val Acc 0.5346 |  Train Acc 0.9641 | ETputs(KTEPS) 46420.26
2023-10-14 03:45:39,980 - train.py [line:94] - INFO: Epoch 00300 | Time(s) 0.0856 | Val Loss 1.4043 | Val Acc 0.5183 |  Train Acc 0.9654 | ETputs(KTEPS) 46342.83
2023-10-14 03:45:43,312 - train.py [line:94] - INFO: Epoch 00350 | Time(s) 0.0829 | Val Loss 1.3791 | Val Acc 0.5221 |  Train Acc 0.9644 | ETputs(KTEPS) 47857.07
2023-10-14 03:45:45,918 - train.py [line:94] - INFO: Epoch 00400 | Time(s) 0.0790 | Val Loss 1.3670 | Val Acc 0.5058 |  Train Acc 0.9696 | ETputs(KTEPS) 50187.79
2023-10-14 03:45:50,208 - train.py [line:94] - INFO: Epoch 00450 | Time(s) 0.0798 | Val Loss 1.3533 | Val Acc 0.5038 |  Train Acc 0.9721 | ETputs(KTEPS) 49716.83
2023-10-14 03:45:50,810 - train.py [line:106] - DEBUG: Model Saved by Early Stopper is Loaded!
2023-10-14 03:45:50,835 - train.py [line:108] - INFO: [FINAL MODEL] Run 7 .\Val accuracy 55.29% \Val loss: 1.5
2023-10-14 03:45:50,865 - train.py [line:110] - INFO: [FINAL MODEL] Run 7 .	Test accuracy 52.26% \Test loss: 1.5
2023-10-14 03:45:50,879 - train.py [line:53] - INFO: #Train:3120
2023-10-14 03:45:55,223 - train.py [line:94] - INFO: Epoch 00050 | Time(s) 0.0860 | Val Loss 1.5712 | Val Acc 0.5077 |  Train Acc 0.9410 | ETputs(KTEPS) 46153.77
2023-10-14 03:45:59,458 - train.py [line:94] - INFO: Epoch 00100 | Time(s) 0.0851 | Val Loss 1.5276 | Val Acc 0.5240 |  Train Acc 0.9609 | ETputs(KTEPS) 46607.85
2023-10-14 03:46:03,642 - train.py [line:94] - INFO: Epoch 00150 | Time(s) 0.0846 | Val Loss 1.4820 | Val Acc 0.5538 |  Train Acc 0.9699 | ETputs(KTEPS) 46891.08
2023-10-14 03:46:07,833 - train.py [line:94] - INFO: Epoch 00200 | Time(s) 0.0844 | Val Loss 1.4461 | Val Acc 0.5394 |  Train Acc 0.9715 | ETputs(KTEPS) 47013.58
2023-10-14 03:46:11,834 - train.py [line:94] - INFO: Epoch 00250 | Time(s) 0.0835 | Val Loss 1.4108 | Val Acc 0.5587 |  Train Acc 0.9782 | ETputs(KTEPS) 47511.89
2023-10-14 03:46:16,153 - train.py [line:94] - INFO: Epoch 00300 | Time(s) 0.0840 | Val Loss 1.3831 | Val Acc 0.5500 |  Train Acc 0.9763 | ETputs(KTEPS) 47241.01
2023-10-14 03:46:20,350 - train.py [line:94] - INFO: Epoch 00350 | Time(s) 0.0840 | Val Loss 1.3612 | Val Acc 0.5433 |  Train Acc 0.9785 | ETputs(KTEPS) 47245.34
2023-10-14 03:46:24,642 - train.py [line:94] - INFO: Epoch 00400 | Time(s) 0.0842 | Val Loss 1.3533 | Val Acc 0.5375 |  Train Acc 0.9776 | ETputs(KTEPS) 47114.65
2023-10-14 03:46:28,946 - train.py [line:94] - INFO: Epoch 00450 | Time(s) 0.0844 | Val Loss 1.3260 | Val Acc 0.5529 |  Train Acc 0.9862 | ETputs(KTEPS) 47001.08
2023-10-14 03:46:33,237 - train.py [line:94] - INFO: Epoch 00500 | Time(s) 0.0845 | Val Loss 1.3034 | Val Acc 0.5567 |  Train Acc 0.9869 | ETputs(KTEPS) 46923.49
2023-10-14 03:46:37,533 - train.py [line:94] - INFO: Epoch 00550 | Time(s) 0.0847 | Val Loss 1.2822 | Val Acc 0.5625 |  Train Acc 0.9891 | ETputs(KTEPS) 46854.28
2023-10-14 03:46:41,648 - train.py [line:94] - INFO: Epoch 00600 | Time(s) 0.0845 | Val Loss 1.2923 | Val Acc 0.5654 |  Train Acc 0.9881 | ETputs(KTEPS) 46970.40
2023-10-14 03:46:45,694 - train.py [line:94] - INFO: Epoch 00650 | Time(s) 0.0842 | Val Loss 1.2822 | Val Acc 0.5462 |  Train Acc 0.9888 | ETputs(KTEPS) 47122.74
2023-10-14 03:46:50,006 - train.py [line:94] - INFO: Epoch 00700 | Time(s) 0.0843 | Val Loss 1.2671 | Val Acc 0.5683 |  Train Acc 0.9904 | ETputs(KTEPS) 47041.53
2023-10-14 03:46:54,389 - train.py [line:94] - INFO: Epoch 00750 | Time(s) 0.0846 | Val Loss 1.2718 | Val Acc 0.5596 |  Train Acc 0.9904 | ETputs(KTEPS) 46918.62
2023-10-14 03:46:58,790 - train.py [line:94] - INFO: Epoch 00800 | Time(s) 0.0848 | Val Loss 1.2647 | Val Acc 0.5635 |  Train Acc 0.9901 | ETputs(KTEPS) 46798.92
2023-10-14 03:47:03,023 - train.py [line:94] - INFO: Epoch 00850 | Time(s) 0.0848 | Val Loss 1.2563 | Val Acc 0.5548 |  Train Acc 0.9926 | ETputs(KTEPS) 46803.06
2023-10-14 03:47:06,975 - train.py [line:106] - DEBUG: Model Saved by Early Stopper is Loaded!
2023-10-14 03:47:06,985 - train.py [line:108] - INFO: [FINAL MODEL] Run 8 .\Val accuracy 57.88% \Val loss: 1.3
2023-10-14 03:47:06,994 - train.py [line:110] - INFO: [FINAL MODEL] Run 8 .	Test accuracy 54.66% \Test loss: 1.3
2023-10-14 03:47:07,003 - train.py [line:53] - INFO: #Train:3120
2023-10-14 03:47:11,258 - train.py [line:94] - INFO: Epoch 00050 | Time(s) 0.0843 | Val Loss 1.5825 | Val Acc 0.4154 |  Train Acc 0.8756 | ETputs(KTEPS) 47083.30
2023-10-14 03:47:15,429 - train.py [line:94] - INFO: Epoch 00100 | Time(s) 0.0837 | Val Loss 1.5458 | Val Acc 0.4750 |  Train Acc 0.9567 | ETputs(KTEPS) 47409.89
2023-10-14 03:47:19,725 - train.py [line:94] - INFO: Epoch 00150 | Time(s) 0.0844 | Val Loss 1.5257 | Val Acc 0.4394 |  Train Acc 0.9224 | ETputs(KTEPS) 46992.63
2023-10-14 03:47:24,030 - train.py [line:94] - INFO: Epoch 00200 | Time(s) 0.0848 | Val Loss 1.4891 | Val Acc 0.4904 |  Train Acc 0.9785 | ETputs(KTEPS) 46762.20
2023-10-14 03:47:28,378 - train.py [line:94] - INFO: Epoch 00250 | Time(s) 0.0853 | Val Loss 1.4702 | Val Acc 0.4731 |  Train Acc 0.9875 | ETputs(KTEPS) 46530.32
2023-10-14 03:47:32,697 - train.py [line:94] - INFO: Epoch 00300 | Time(s) 0.0854 | Val Loss 1.4568 | Val Acc 0.4615 |  Train Acc 0.9901 | ETputs(KTEPS) 46430.21
2023-10-14 03:47:36,997 - train.py [line:94] - INFO: Epoch 00350 | Time(s) 0.0855 | Val Loss 1.4458 | Val Acc 0.4519 |  Train Acc 0.9920 | ETputs(KTEPS) 46387.80
2023-10-14 03:47:39,341 - train.py [line:106] - DEBUG: Model Saved by Early Stopper is Loaded!
2023-10-14 03:47:39,348 - train.py [line:108] - INFO: [FINAL MODEL] Run 9 .\Val accuracy 50.00% \Val loss: 1.5
2023-10-14 03:47:39,358 - train.py [line:110] - INFO: [FINAL MODEL] Run 9 .	Test accuracy 51.49% \Test loss: 1.5
2023-10-14 03:47:39,362 - train.py [line:53] - INFO: #Train:3120
2023-10-14 03:47:42,701 - train.py [line:94] - INFO: Epoch 00050 | Time(s) 0.0659 | Val Loss 1.5806 | Val Acc 0.4500 |  Train Acc 0.7615 | ETputs(KTEPS) 60192.22
2023-10-14 03:47:47,007 - train.py [line:94] - INFO: Epoch 00100 | Time(s) 0.0759 | Val Loss 1.5211 | Val Acc 0.5567 |  Train Acc 0.9244 | ETputs(KTEPS) 52261.28
2023-10-14 03:47:51,317 - train.py [line:94] - INFO: Epoch 00150 | Time(s) 0.0793 | Val Loss 1.4679 | Val Acc 0.5779 |  Train Acc 0.9503 | ETputs(KTEPS) 50039.79
2023-10-14 03:47:55,654 - train.py [line:94] - INFO: Epoch 00200 | Time(s) 0.0811 | Val Loss 1.4383 | Val Acc 0.5721 |  Train Acc 0.9619 | ETputs(KTEPS) 48896.73
2023-10-14 03:47:59,921 - train.py [line:94] - INFO: Epoch 00250 | Time(s) 0.0820 | Val Loss 1.4022 | Val Acc 0.5692 |  Train Acc 0.9689 | ETputs(KTEPS) 48396.28
2023-10-14 03:48:04,233 - train.py [line:94] - INFO: Epoch 00300 | Time(s) 0.0827 | Val Loss 1.3770 | Val Acc 0.5683 |  Train Acc 0.9715 | ETputs(KTEPS) 47982.37
2023-10-14 03:48:08,553 - train.py [line:94] - INFO: Epoch 00350 | Time(s) 0.0832 | Val Loss 1.3551 | Val Acc 0.5538 |  Train Acc 0.9769 | ETputs(KTEPS) 47676.49
2023-10-14 03:48:12,824 - train.py [line:94] - INFO: Epoch 00400 | Time(s) 0.0835 | Val Loss 1.3357 | Val Acc 0.5663 |  Train Acc 0.9728 | ETputs(KTEPS) 47519.91
2023-10-14 03:48:16,857 - train.py [line:94] - INFO: Epoch 00450 | Time(s) 0.0832 | Val Loss 1.3361 | Val Acc 0.5500 |  Train Acc 0.9769 | ETputs(KTEPS) 47700.55
2023-10-14 03:48:18,380 - train.py [line:106] - DEBUG: Model Saved by Early Stopper is Loaded!
2023-10-14 03:48:18,397 - train.py [line:108] - INFO: [FINAL MODEL] Run 10 .\Val accuracy 59.23% \Val loss: 1.4
2023-10-14 03:48:18,419 - train.py [line:110] - INFO: [FINAL MODEL] Run 10 .	Test accuracy 56.10% \Test loss: 1.5
2023-10-14 03:48:18,434 - train.py [line:53] - INFO: #Train:3120
2023-10-14 03:48:22,519 - train.py [line:94] - INFO: Epoch 00050 | Time(s) 0.0807 | Val Loss 1.5725 | Val Acc 0.4865 |  Train Acc 0.9240 | ETputs(KTEPS) 49138.10
2023-10-14 03:48:26,523 - train.py [line:94] - INFO: Epoch 00100 | Time(s) 0.0803 | Val Loss 1.5346 | Val Acc 0.5096 |  Train Acc 0.9580 | ETputs(KTEPS) 49390.19
2023-10-14 03:48:30,583 - train.py [line:94] - INFO: Epoch 00150 | Time(s) 0.0806 | Val Loss 1.5063 | Val Acc 0.4990 |  Train Acc 0.9647 | ETputs(KTEPS) 49215.60
2023-10-14 03:48:34,672 - train.py [line:94] - INFO: Epoch 00200 | Time(s) 0.0809 | Val Loss 1.4851 | Val Acc 0.4596 |  Train Acc 0.9609 | ETputs(KTEPS) 49038.74
2023-10-14 03:48:38,928 - train.py [line:94] - INFO: Epoch 00250 | Time(s) 0.0817 | Val Loss 1.4636 | Val Acc 0.4837 |  Train Acc 0.9737 | ETputs(KTEPS) 48532.07
2023-10-14 03:48:43,238 - train.py [line:94] - INFO: Epoch 00300 | Time(s) 0.0825 | Val Loss 1.4363 | Val Acc 0.4856 |  Train Acc 0.9792 | ETputs(KTEPS) 48096.22
2023-10-14 03:48:47,564 - train.py [line:94] - INFO: Epoch 00350 | Time(s) 0.0831 | Val Loss 1.4269 | Val Acc 0.4856 |  Train Acc 0.9776 | ETputs(KTEPS) 47763.65
2023-10-14 03:48:49,726 - train.py [line:106] - DEBUG: Model Saved by Early Stopper is Loaded!
2023-10-14 03:48:49,746 - train.py [line:108] - INFO: [FINAL MODEL] Run 11 .\Val accuracy 52.50% \Val loss: 1.5
2023-10-14 03:48:49,777 - train.py [line:110] - INFO: [FINAL MODEL] Run 11 .	Test accuracy 51.87% \Test loss: 1.5
2023-10-14 03:48:49,794 - train.py [line:53] - INFO: #Train:3120
2023-10-14 03:48:54,125 - train.py [line:94] - INFO: Epoch 00050 | Time(s) 0.0854 | Val Loss 1.5639 | Val Acc 0.5577 |  Train Acc 0.9228 | ETputs(KTEPS) 46452.51
2023-10-14 03:48:58,433 - train.py [line:94] - INFO: Epoch 00100 | Time(s) 0.0857 | Val Loss 1.5104 | Val Acc 0.5673 |  Train Acc 0.9506 | ETputs(KTEPS) 46307.32
2023-10-14 03:49:02,732 - train.py [line:94] - INFO: Epoch 00150 | Time(s) 0.0857 | Val Loss 1.4582 | Val Acc 0.5779 |  Train Acc 0.9587 | ETputs(KTEPS) 46264.18
2023-10-14 03:49:07,038 - train.py [line:94] - INFO: Epoch 00200 | Time(s) 0.0858 | Val Loss 1.4190 | Val Acc 0.5788 |  Train Acc 0.9625 | ETputs(KTEPS) 46223.08
2023-10-14 03:49:11,356 - train.py [line:94] - INFO: Epoch 00250 | Time(s) 0.0859 | Val Loss 1.3851 | Val Acc 0.5760 |  Train Acc 0.9628 | ETputs(KTEPS) 46165.59
2023-10-14 03:49:15,654 - train.py [line:94] - INFO: Epoch 00300 | Time(s) 0.0859 | Val Loss 1.3541 | Val Acc 0.5615 |  Train Acc 0.9622 | ETputs(KTEPS) 46164.97
2023-10-14 03:49:19,984 - train.py [line:94] - INFO: Epoch 00350 | Time(s) 0.0860 | Val Loss 1.3192 | Val Acc 0.5769 |  Train Acc 0.9660 | ETputs(KTEPS) 46115.32
2023-10-14 03:49:24,174 - train.py [line:94] - INFO: Epoch 00400 | Time(s) 0.0857 | Val Loss 1.2960 | Val Acc 0.5712 |  Train Acc 0.9715 | ETputs(KTEPS) 46265.10
2023-10-14 03:49:28,388 - train.py [line:94] - INFO: Epoch 00450 | Time(s) 0.0856 | Val Loss 1.2815 | Val Acc 0.5635 |  Train Acc 0.9740 | ETputs(KTEPS) 46354.86
2023-10-14 03:49:30,838 - train.py [line:106] - DEBUG: Model Saved by Early Stopper is Loaded!
2023-10-14 03:49:30,858 - train.py [line:108] - INFO: [FINAL MODEL] Run 12 .\Val accuracy 59.52% \Val loss: 1.4
2023-10-14 03:49:30,884 - train.py [line:110] - INFO: [FINAL MODEL] Run 12 .	Test accuracy 56.48% \Test loss: 1.4
2023-10-14 03:49:30,896 - train.py [line:53] - INFO: #Train:3120
2023-10-14 03:49:34,959 - train.py [line:94] - INFO: Epoch 00050 | Time(s) 0.0801 | Val Loss 1.5727 | Val Acc 0.4817 |  Train Acc 0.9141 | ETputs(KTEPS) 49532.70
2023-10-14 03:49:39,038 - train.py [line:94] - INFO: Epoch 00100 | Time(s) 0.0807 | Val Loss 1.5295 | Val Acc 0.5269 |  Train Acc 0.9372 | ETputs(KTEPS) 49128.38
2023-10-14 03:49:43,301 - train.py [line:94] - INFO: Epoch 00150 | Time(s) 0.0822 | Val Loss 1.4929 | Val Acc 0.5221 |  Train Acc 0.9567 | ETputs(KTEPS) 48271.27
2023-10-14 03:49:47,600 - train.py [line:94] - INFO: Epoch 00200 | Time(s) 0.0831 | Val Loss 1.4667 | Val Acc 0.5029 |  Train Acc 0.9558 | ETputs(KTEPS) 47722.46
2023-10-14 03:49:51,910 - train.py [line:94] - INFO: Epoch 00250 | Time(s) 0.0837 | Val Loss 1.4330 | Val Acc 0.5231 |  Train Acc 0.9663 | ETputs(KTEPS) 47373.31
2023-10-14 03:49:56,238 - train.py [line:94] - INFO: Epoch 00300 | Time(s) 0.0842 | Val Loss 1.4129 | Val Acc 0.5106 |  Train Acc 0.9676 | ETputs(KTEPS) 47113.94
2023-10-14 03:50:00,555 - train.py [line:94] - INFO: Epoch 00350 | Time(s) 0.0845 | Val Loss 1.4036 | Val Acc 0.5125 |  Train Acc 0.9734 | ETputs(KTEPS) 46945.52
2023-10-14 03:50:04,858 - train.py [line:94] - INFO: Epoch 00400 | Time(s) 0.0847 | Val Loss 1.3705 | Val Acc 0.5250 |  Train Acc 0.9766 | ETputs(KTEPS) 46838.08
2023-10-14 03:50:09,171 - train.py [line:94] - INFO: Epoch 00450 | Time(s) 0.0849 | Val Loss 1.3701 | Val Acc 0.4952 |  Train Acc 0.9782 | ETputs(KTEPS) 46742.71
2023-10-14 03:50:12,821 - train.py [line:94] - INFO: Epoch 00500 | Time(s) 0.0837 | Val Loss 1.3584 | Val Acc 0.5183 |  Train Acc 0.9792 | ETputs(KTEPS) 47406.83
2023-10-14 03:50:15,489 - train.py [line:94] - INFO: Epoch 00550 | Time(s) 0.0809 | Val Loss 1.3387 | Val Acc 0.5221 |  Train Acc 0.9808 | ETputs(KTEPS) 49023.21
2023-10-14 03:50:17,717 - train.py [line:106] - DEBUG: Model Saved by Early Stopper is Loaded!
2023-10-14 03:50:17,741 - train.py [line:108] - INFO: [FINAL MODEL] Run 13 .\Val accuracy 54.33% \Val loss: 1.4
2023-10-14 03:50:17,757 - train.py [line:110] - INFO: [FINAL MODEL] Run 13 .	Test accuracy 52.93% \Test loss: 1.4
2023-10-14 03:50:17,769 - train.py [line:53] - INFO: #Train:3120
2023-10-14 03:50:22,329 - train.py [line:94] - INFO: Epoch 00050 | Time(s) 0.0901 | Val Loss 1.5696 | Val Acc 0.5298 |  Train Acc 0.9554 | ETputs(KTEPS) 44027.12
2023-10-14 03:50:26,972 - train.py [line:94] - INFO: Epoch 00100 | Time(s) 0.0914 | Val Loss 1.5220 | Val Acc 0.5423 |  Train Acc 0.9657 | ETputs(KTEPS) 43409.47
2023-10-14 03:50:31,212 - train.py [line:94] - INFO: Epoch 00150 | Time(s) 0.0891 | Val Loss 1.4800 | Val Acc 0.5404 |  Train Acc 0.9676 | ETputs(KTEPS) 44506.47
2023-10-14 03:50:35,426 - train.py [line:94] - INFO: Epoch 00200 | Time(s) 0.0879 | Val Loss 1.4382 | Val Acc 0.5606 |  Train Acc 0.9718 | ETputs(KTEPS) 45126.97
2023-10-14 03:50:39,699 - train.py [line:94] - INFO: Epoch 00250 | Time(s) 0.0874 | Val Loss 1.4058 | Val Acc 0.5654 |  Train Acc 0.9747 | ETputs(KTEPS) 45386.49
2023-10-14 03:50:44,191 - train.py [line:94] - INFO: Epoch 00300 | Time(s) 0.0878 | Val Loss 1.3697 | Val Acc 0.5606 |  Train Acc 0.9808 | ETputs(KTEPS) 45177.55
2023-10-14 03:50:48,488 - train.py [line:94] - INFO: Epoch 00350 | Time(s) 0.0875 | Val Loss 1.3481 | Val Acc 0.5615 |  Train Acc 0.9785 | ETputs(KTEPS) 45316.50
2023-10-14 03:50:50,548 - train.py [line:94] - INFO: Epoch 00400 | Time(s) 0.0817 | Val Loss 1.3159 | Val Acc 0.5558 |  Train Acc 0.9821 | ETputs(KTEPS) 48528.15
2023-10-14 03:50:54,586 - train.py [line:94] - INFO: Epoch 00450 | Time(s) 0.0816 | Val Loss 1.2984 | Val Acc 0.5702 |  Train Acc 0.9814 | ETputs(KTEPS) 48595.06
2023-10-14 03:50:58,674 - train.py [line:94] - INFO: Epoch 00500 | Time(s) 0.0816 | Val Loss 1.2762 | Val Acc 0.5760 |  Train Acc 0.9840 | ETputs(KTEPS) 48593.69
2023-10-14 03:51:01,364 - train.py [line:94] - INFO: Epoch 00550 | Time(s) 0.0791 | Val Loss 1.2578 | Val Acc 0.5779 |  Train Acc 0.9849 | ETputs(KTEPS) 50152.69
2023-10-14 03:51:05,514 - train.py [line:94] - INFO: Epoch 00600 | Time(s) 0.0794 | Val Loss 1.2501 | Val Acc 0.5577 |  Train Acc 0.9869 | ETputs(KTEPS) 49948.32
2023-10-14 03:51:09,283 - train.py [line:94] - INFO: Epoch 00650 | Time(s) 0.0791 | Val Loss 1.2374 | Val Acc 0.5875 |  Train Acc 0.9875 | ETputs(KTEPS) 50146.27
2023-10-14 03:51:11,411 - train.py [line:94] - INFO: Epoch 00700 | Time(s) 0.0765 | Val Loss 1.2270 | Val Acc 0.5712 |  Train Acc 0.9875 | ETputs(KTEPS) 51858.17
2023-10-14 03:51:15,236 - train.py [line:94] - INFO: Epoch 00750 | Time(s) 0.0765 | Val Loss 1.2082 | Val Acc 0.5856 |  Train Acc 0.9904 | ETputs(KTEPS) 51858.50
2023-10-14 03:51:19,514 - train.py [line:94] - INFO: Epoch 00800 | Time(s) 0.0771 | Val Loss 1.2101 | Val Acc 0.5702 |  Train Acc 0.9910 | ETputs(KTEPS) 51480.62
2023-10-14 03:51:23,819 - train.py [line:94] - INFO: Epoch 00850 | Time(s) 0.0776 | Val Loss 1.2041 | Val Acc 0.5865 |  Train Acc 0.9907 | ETputs(KTEPS) 51128.54
2023-10-14 03:51:28,100 - train.py [line:94] - INFO: Epoch 00900 | Time(s) 0.0780 | Val Loss 1.1959 | Val Acc 0.5788 |  Train Acc 0.9917 | ETputs(KTEPS) 50837.24
2023-10-14 03:51:32,414 - train.py [line:94] - INFO: Epoch 00950 | Time(s) 0.0785 | Val Loss 1.2010 | Val Acc 0.5760 |  Train Acc 0.9926 | ETputs(KTEPS) 50556.29
2023-10-14 03:51:36,713 - train.py [line:94] - INFO: Epoch 01000 | Time(s) 0.0788 | Val Loss 1.1919 | Val Acc 0.5788 |  Train Acc 0.9926 | ETputs(KTEPS) 50317.24
2023-10-14 03:51:41,015 - train.py [line:94] - INFO: Epoch 01050 | Time(s) 0.0792 | Val Loss 1.1899 | Val Acc 0.5712 |  Train Acc 0.9907 | ETputs(KTEPS) 50099.98
2023-10-14 03:51:45,310 - train.py [line:94] - INFO: Epoch 01100 | Time(s) 0.0795 | Val Loss 1.1833 | Val Acc 0.5846 |  Train Acc 0.9929 | ETputs(KTEPS) 49907.75
2023-10-14 03:51:49,632 - train.py [line:94] - INFO: Epoch 01150 | Time(s) 0.0798 | Val Loss 1.1811 | Val Acc 0.5856 |  Train Acc 0.9929 | ETputs(KTEPS) 49723.42
2023-10-14 03:51:53,915 - train.py [line:94] - INFO: Epoch 01200 | Time(s) 0.0800 | Val Loss 1.1834 | Val Acc 0.5846 |  Train Acc 0.9933 | ETputs(KTEPS) 49571.74
2023-10-14 03:51:58,240 - train.py [line:94] - INFO: Epoch 01250 | Time(s) 0.0803 | Val Loss 1.1870 | Val Acc 0.5923 |  Train Acc 0.9936 | ETputs(KTEPS) 49412.40
2023-10-14 03:52:02,508 - train.py [line:94] - INFO: Epoch 01300 | Time(s) 0.0805 | Val Loss 1.1829 | Val Acc 0.5837 |  Train Acc 0.9929 | ETputs(KTEPS) 49292.71
2023-10-14 03:52:06,817 - train.py [line:94] - INFO: Epoch 01350 | Time(s) 0.0807 | Val Loss 1.1859 | Val Acc 0.5856 |  Train Acc 0.9933 | ETputs(KTEPS) 49164.29
2023-10-14 03:52:11,143 - train.py [line:94] - INFO: Epoch 01400 | Time(s) 0.0809 | Val Loss 1.1887 | Val Acc 0.5817 |  Train Acc 0.9933 | ETputs(KTEPS) 49038.21
2023-10-14 03:52:14,561 - train.py [line:106] - DEBUG: Model Saved by Early Stopper is Loaded!
2023-10-14 03:52:14,582 - train.py [line:108] - INFO: [FINAL MODEL] Run 14 .\Val accuracy 60.77% \Val loss: 1.2
2023-10-14 03:52:14,615 - train.py [line:110] - INFO: [FINAL MODEL] Run 14 .	Test accuracy 60.13% \Test loss: 1.2
2023-10-14 03:52:14,631 - train.py [line:53] - INFO: #Train:3120
2023-10-14 03:52:18,926 - train.py [line:94] - INFO: Epoch 00050 | Time(s) 0.0850 | Val Loss 1.5767 | Val Acc 0.4452 |  Train Acc 0.8990 | ETputs(KTEPS) 46672.16
2023-10-14 03:52:23,249 - train.py [line:94] - INFO: Epoch 00100 | Time(s) 0.0856 | Val Loss 1.5412 | Val Acc 0.4981 |  Train Acc 0.9542 | ETputs(KTEPS) 46345.23
2023-10-14 03:52:27,536 - train.py [line:94] - INFO: Epoch 00150 | Time(s) 0.0856 | Val Loss 1.5125 | Val Acc 0.4510 |  Train Acc 0.9260 | ETputs(KTEPS) 46329.00
2023-10-14 03:52:31,840 - train.py [line:94] - INFO: Epoch 00200 | Time(s) 0.0857 | Val Loss 1.4762 | Val Acc 0.5048 |  Train Acc 0.9663 | ETputs(KTEPS) 46290.30
2023-10-14 03:52:36,010 - train.py [line:94] - INFO: Epoch 00250 | Time(s) 0.0852 | Val Loss 1.4512 | Val Acc 0.5067 |  Train Acc 0.9667 | ETputs(KTEPS) 46557.38
2023-10-14 03:52:40,277 - train.py [line:94] - INFO: Epoch 00300 | Time(s) 0.0852 | Val Loss 1.4085 | Val Acc 0.5519 |  Train Acc 0.9660 | ETputs(KTEPS) 46565.17
2023-10-14 03:52:44,583 - train.py [line:94] - INFO: Epoch 00350 | Time(s) 0.0853 | Val Loss 1.3913 | Val Acc 0.5327 |  Train Acc 0.9696 | ETputs(KTEPS) 46499.39
2023-10-14 03:52:48,902 - train.py [line:94] - INFO: Epoch 00400 | Time(s) 0.0854 | Val Loss 1.3762 | Val Acc 0.5337 |  Train Acc 0.9744 | ETputs(KTEPS) 46428.31
2023-10-14 03:52:53,192 - train.py [line:94] - INFO: Epoch 00450 | Time(s) 0.0855 | Val Loss 1.3777 | Val Acc 0.5038 |  Train Acc 0.9186 | ETputs(KTEPS) 46406.90
2023-10-14 03:52:57,453 - train.py [line:94] - INFO: Epoch 00500 | Time(s) 0.0855 | Val Loss 1.3219 | Val Acc 0.5394 |  Train Acc 0.9673 | ETputs(KTEPS) 46422.15
2023-10-14 03:53:01,787 - train.py [line:94] - INFO: Epoch 00550 | Time(s) 0.0856 | Val Loss 1.2875 | Val Acc 0.5635 |  Train Acc 0.9779 | ETputs(KTEPS) 46367.28
2023-10-14 03:53:06,055 - train.py [line:94] - INFO: Epoch 00600 | Time(s) 0.0855 | Val Loss 1.2850 | Val Acc 0.5663 |  Train Acc 0.9821 | ETputs(KTEPS) 46384.16
2023-10-14 03:53:10,360 - train.py [line:94] - INFO: Epoch 00650 | Time(s) 0.0856 | Val Loss 1.2813 | Val Acc 0.5779 |  Train Acc 0.9827 | ETputs(KTEPS) 46360.53
2023-10-14 03:53:14,641 - train.py [line:94] - INFO: Epoch 00700 | Time(s) 0.0856 | Val Loss 1.2824 | Val Acc 0.5644 |  Train Acc 0.9840 | ETputs(KTEPS) 46359.36
2023-10-14 03:53:18,952 - train.py [line:94] - INFO: Epoch 00750 | Time(s) 0.0856 | Val Loss 1.2731 | Val Acc 0.5702 |  Train Acc 0.9869 | ETputs(KTEPS) 46338.69
2023-10-14 03:53:23,292 - train.py [line:94] - INFO: Epoch 00800 | Time(s) 0.0857 | Val Loss 1.2699 | Val Acc 0.5788 |  Train Acc 0.9878 | ETputs(KTEPS) 46299.36
2023-10-14 03:53:27,611 - train.py [line:94] - INFO: Epoch 00850 | Time(s) 0.0857 | Val Loss 1.2647 | Val Acc 0.5644 |  Train Acc 0.9872 | ETputs(KTEPS) 46277.47
2023-10-14 03:53:31,903 - train.py [line:94] - INFO: Epoch 00900 | Time(s) 0.0857 | Val Loss 1.2631 | Val Acc 0.5692 |  Train Acc 0.9881 | ETputs(KTEPS) 46274.23
2023-10-14 03:53:36,228 - train.py [line:94] - INFO: Epoch 00950 | Time(s) 0.0858 | Val Loss 1.2539 | Val Acc 0.5837 |  Train Acc 0.9904 | ETputs(KTEPS) 46255.61
2023-10-14 03:53:40,487 - train.py [line:94] - INFO: Epoch 01000 | Time(s) 0.0857 | Val Loss 1.2470 | Val Acc 0.5779 |  Train Acc 0.9929 | ETputs(KTEPS) 46271.47
2023-10-14 03:53:44,781 - train.py [line:94] - INFO: Epoch 01050 | Time(s) 0.0857 | Val Loss 1.2394 | Val Acc 0.5692 |  Train Acc 0.9910 | ETputs(KTEPS) 46268.55
2023-10-14 03:53:49,067 - train.py [line:94] - INFO: Epoch 01100 | Time(s) 0.0857 | Val Loss 1.2454 | Val Acc 0.5606 |  Train Acc 0.9933 | ETputs(KTEPS) 46269.15
2023-10-14 03:53:53,235 - train.py [line:94] - INFO: Epoch 01150 | Time(s) 0.0856 | Val Loss 1.2719 | Val Acc 0.5433 |  Train Acc 0.9929 | ETputs(KTEPS) 46325.46
2023-10-14 03:53:57,554 - train.py [line:94] - INFO: Epoch 01200 | Time(s) 0.0857 | Val Loss 1.2644 | Val Acc 0.5779 |  Train Acc 0.9926 | ETputs(KTEPS) 46309.07
2023-10-14 03:54:01,713 - train.py [line:106] - DEBUG: Model Saved by Early Stopper is Loaded!
2023-10-14 03:54:01,735 - train.py [line:108] - INFO: [FINAL MODEL] Run 15 .\Val accuracy 59.23% \Val loss: 1.3
2023-10-14 03:54:01,769 - train.py [line:110] - INFO: [FINAL MODEL] Run 15 .	Test accuracy 56.10% \Test loss: 1.3
2023-10-14 03:54:01,783 - train.py [line:53] - INFO: #Train:3120
2023-10-14 03:54:04,780 - train.py [line:94] - INFO: Epoch 00050 | Time(s) 0.0586 | Val Loss 1.5655 | Val Acc 0.5356 |  Train Acc 0.9247 | ETputs(KTEPS) 67710.74
2023-10-14 03:54:07,996 - train.py [line:94] - INFO: Epoch 00100 | Time(s) 0.0614 | Val Loss 1.5141 | Val Acc 0.5731 |  Train Acc 0.9490 | ETputs(KTEPS) 64644.74
2023-10-14 03:54:10,491 - train.py [line:94] - INFO: Epoch 00150 | Time(s) 0.0575 | Val Loss 1.4703 | Val Acc 0.5433 |  Train Acc 0.9603 | ETputs(KTEPS) 68951.99
2023-10-14 03:54:14,525 - train.py [line:94] - INFO: Epoch 00200 | Time(s) 0.0633 | Val Loss 1.4351 | Val Acc 0.5462 |  Train Acc 0.9667 | ETputs(KTEPS) 62669.34
2023-10-14 03:54:18,816 - train.py [line:94] - INFO: Epoch 00250 | Time(s) 0.0678 | Val Loss 1.3958 | Val Acc 0.5567 |  Train Acc 0.9702 | ETputs(KTEPS) 58509.64
2023-10-14 03:54:23,113 - train.py [line:94] - INFO: Epoch 00300 | Time(s) 0.0708 | Val Loss 1.3752 | Val Acc 0.5615 |  Train Acc 0.9750 | ETputs(KTEPS) 56020.20
2023-10-14 03:54:27,420 - train.py [line:94] - INFO: Epoch 00350 | Time(s) 0.0730 | Val Loss 1.3530 | Val Acc 0.5548 |  Train Acc 0.9776 | ETputs(KTEPS) 54341.31
2023-10-14 03:54:31,744 - train.py [line:94] - INFO: Epoch 00400 | Time(s) 0.0747 | Val Loss 1.3315 | Val Acc 0.5538 |  Train Acc 0.9779 | ETputs(KTEPS) 53117.27
2023-10-14 03:54:36,034 - train.py [line:94] - INFO: Epoch 00450 | Time(s) 0.0759 | Val Loss 1.3142 | Val Acc 0.5413 |  Train Acc 0.9792 | ETputs(KTEPS) 52254.90
2023-10-14 03:54:40,337 - train.py [line:94] - INFO: Epoch 00500 | Time(s) 0.0769 | Val Loss 1.3080 | Val Acc 0.5462 |  Train Acc 0.9814 | ETputs(KTEPS) 51567.67
2023-10-14 03:54:44,657 - train.py [line:94] - INFO: Epoch 00550 | Time(s) 0.0778 | Val Loss 1.2894 | Val Acc 0.5558 |  Train Acc 0.9840 | ETputs(KTEPS) 50997.46
2023-10-14 03:54:48,102 - train.py [line:106] - DEBUG: Model Saved by Early Stopper is Loaded!
2023-10-14 03:54:48,127 - train.py [line:108] - INFO: [FINAL MODEL] Run 16 .\Val accuracy 57.98% \Val loss: 1.4
2023-10-14 03:54:48,156 - train.py [line:110] - INFO: [FINAL MODEL] Run 16 .	Test accuracy 56.20% \Test loss: 1.4
2023-10-14 03:54:48,169 - train.py [line:53] - INFO: #Train:3120
2023-10-14 03:54:52,276 - train.py [line:94] - INFO: Epoch 00050 | Time(s) 0.0808 | Val Loss 1.5608 | Val Acc 0.5587 |  Train Acc 0.9407 | ETputs(KTEPS) 49091.28
2023-10-14 03:54:56,555 - train.py [line:94] - INFO: Epoch 00100 | Time(s) 0.0831 | Val Loss 1.5066 | Val Acc 0.5731 |  Train Acc 0.9462 | ETputs(KTEPS) 47738.35
2023-10-14 03:55:00,882 - train.py [line:94] - INFO: Epoch 00150 | Time(s) 0.0842 | Val Loss 1.4546 | Val Acc 0.5962 |  Train Acc 0.9574 | ETputs(KTEPS) 47103.63
2023-10-14 03:55:05,154 - train.py [line:94] - INFO: Epoch 00200 | Time(s) 0.0845 | Val Loss 1.4065 | Val Acc 0.5981 |  Train Acc 0.9622 | ETputs(KTEPS) 46962.33
2023-10-14 03:55:09,457 - train.py [line:94] - INFO: Epoch 00250 | Time(s) 0.0848 | Val Loss 1.3619 | Val Acc 0.5952 |  Train Acc 0.9583 | ETputs(KTEPS) 46789.44
2023-10-14 03:55:13,744 - train.py [line:94] - INFO: Epoch 00300 | Time(s) 0.0849 | Val Loss 1.3290 | Val Acc 0.5913 |  Train Acc 0.9631 | ETputs(KTEPS) 46709.40
2023-10-14 03:55:18,027 - train.py [line:94] - INFO: Epoch 00350 | Time(s) 0.0850 | Val Loss 1.2909 | Val Acc 0.6144 |  Train Acc 0.9676 | ETputs(KTEPS) 46656.14
2023-10-14 03:55:22,364 - train.py [line:94] - INFO: Epoch 00400 | Time(s) 0.0852 | Val Loss 1.2715 | Val Acc 0.6019 |  Train Acc 0.9699 | ETputs(KTEPS) 46539.94
2023-10-14 03:55:26,697 - train.py [line:94] - INFO: Epoch 00450 | Time(s) 0.0854 | Val Loss 1.2505 | Val Acc 0.5990 |  Train Acc 0.9721 | ETputs(KTEPS) 46456.02
2023-10-14 03:55:31,054 - train.py [line:94] - INFO: Epoch 00500 | Time(s) 0.0856 | Val Loss 1.2326 | Val Acc 0.5981 |  Train Acc 0.9756 | ETputs(KTEPS) 46364.67
2023-10-14 03:55:35,408 - train.py [line:94] - INFO: Epoch 00550 | Time(s) 0.0857 | Val Loss 1.2080 | Val Acc 0.6058 |  Train Acc 0.9788 | ETputs(KTEPS) 46291.00
2023-10-14 03:55:39,728 - train.py [line:94] - INFO: Epoch 00600 | Time(s) 0.0858 | Val Loss 1.1879 | Val Acc 0.6221 |  Train Acc 0.9776 | ETputs(KTEPS) 46259.86
2023-10-14 03:55:44,026 - train.py [line:94] - INFO: Epoch 00650 | Time(s) 0.0857 | Val Loss 1.1889 | Val Acc 0.6019 |  Train Acc 0.9808 | ETputs(KTEPS) 46264.74
2023-10-14 03:55:48,357 - train.py [line:94] - INFO: Epoch 00700 | Time(s) 0.0858 | Val Loss 1.1832 | Val Acc 0.5952 |  Train Acc 0.9808 | ETputs(KTEPS) 46232.10
2023-10-14 03:55:52,646 - train.py [line:94] - INFO: Epoch 00750 | Time(s) 0.0858 | Val Loss 1.1674 | Val Acc 0.5962 |  Train Acc 0.9817 | ETputs(KTEPS) 46233.22
2023-10-14 03:55:56,778 - train.py [line:94] - INFO: Epoch 00800 | Time(s) 0.0856 | Val Loss 1.1598 | Val Acc 0.6144 |  Train Acc 0.9821 | ETputs(KTEPS) 46340.99
2023-10-14 03:56:00,807 - train.py [line:94] - INFO: Epoch 00850 | Time(s) 0.0853 | Val Loss 1.1581 | Val Acc 0.6038 |  Train Acc 0.9862 | ETputs(KTEPS) 46502.31
2023-10-14 03:56:04,984 - train.py [line:94] - INFO: Epoch 00900 | Time(s) 0.0852 | Val Loss 1.1532 | Val Acc 0.6096 |  Train Acc 0.9837 | ETputs(KTEPS) 46556.71
2023-10-14 03:56:05,151 - train.py [line:106] - DEBUG: Model Saved by Early Stopper is Loaded!
2023-10-14 03:56:05,178 - train.py [line:108] - INFO: [FINAL MODEL] Run 17 .\Val accuracy 62.98% \Val loss: 1.2
2023-10-14 03:56:05,194 - train.py [line:110] - INFO: [FINAL MODEL] Run 17 .	Test accuracy 63.59% \Test loss: 1.1
2023-10-14 03:56:05,204 - train.py [line:53] - INFO: #Train:3120
2023-10-14 03:56:09,351 - train.py [line:94] - INFO: Epoch 00050 | Time(s) 0.0816 | Val Loss 1.5660 | Val Acc 0.5500 |  Train Acc 0.9401 | ETputs(KTEPS) 48639.78
2023-10-14 03:56:13,506 - train.py [line:94] - INFO: Epoch 00100 | Time(s) 0.0822 | Val Loss 1.5031 | Val Acc 0.5962 |  Train Acc 0.9513 | ETputs(KTEPS) 48274.09
2023-10-14 03:56:17,797 - train.py [line:94] - INFO: Epoch 00150 | Time(s) 0.0834 | Val Loss 1.4533 | Val Acc 0.5788 |  Train Acc 0.9500 | ETputs(KTEPS) 47587.97
2023-10-14 03:56:22,116 - train.py [line:94] - INFO: Epoch 00200 | Time(s) 0.0841 | Val Loss 1.4129 | Val Acc 0.5990 |  Train Acc 0.9593 | ETputs(KTEPS) 47177.53
2023-10-14 03:56:26,422 - train.py [line:94] - INFO: Epoch 00250 | Time(s) 0.0845 | Val Loss 1.3698 | Val Acc 0.5952 |  Train Acc 0.9631 | ETputs(KTEPS) 46959.21
2023-10-14 03:56:30,759 - train.py [line:94] - INFO: Epoch 00300 | Time(s) 0.0849 | Val Loss 1.3349 | Val Acc 0.6087 |  Train Acc 0.9641 | ETputs(KTEPS) 46752.81
2023-10-14 03:56:35,037 - train.py [line:94] - INFO: Epoch 00350 | Time(s) 0.0850 | Val Loss 1.3043 | Val Acc 0.6154 |  Train Acc 0.9689 | ETputs(KTEPS) 46697.89
2023-10-14 03:56:39,326 - train.py [line:94] - INFO: Epoch 00400 | Time(s) 0.0851 | Val Loss 1.2700 | Val Acc 0.6115 |  Train Acc 0.9731 | ETputs(KTEPS) 46642.62
2023-10-14 03:56:43,601 - train.py [line:94] - INFO: Epoch 00450 | Time(s) 0.0851 | Val Loss 1.2540 | Val Acc 0.6115 |  Train Acc 0.9747 | ETputs(KTEPS) 46619.03
2023-10-14 03:56:47,868 - train.py [line:94] - INFO: Epoch 00500 | Time(s) 0.0851 | Val Loss 1.2395 | Val Acc 0.5971 |  Train Acc 0.9788 | ETputs(KTEPS) 46606.88
2023-10-14 03:56:52,160 - train.py [line:94] - INFO: Epoch 00550 | Time(s) 0.0852 | Val Loss 1.2177 | Val Acc 0.6135 |  Train Acc 0.9792 | ETputs(KTEPS) 46574.41
2023-10-14 03:56:56,435 - train.py [line:94] - INFO: Epoch 00600 | Time(s) 0.0852 | Val Loss 1.2072 | Val Acc 0.6048 |  Train Acc 0.9782 | ETputs(KTEPS) 46560.25
2023-10-14 03:57:00,603 - train.py [line:94] - INFO: Epoch 00650 | Time(s) 0.0851 | Val Loss 1.1927 | Val Acc 0.6048 |  Train Acc 0.9840 | ETputs(KTEPS) 46639.03
2023-10-14 03:57:03,580 - train.py [line:94] - INFO: Epoch 00700 | Time(s) 0.0832 | Val Loss 1.1855 | Val Acc 0.6077 |  Train Acc 0.9830 | ETputs(KTEPS) 47664.68
2023-10-14 03:57:06,331 - train.py [line:94] - INFO: Epoch 00750 | Time(s) 0.0813 | Val Loss 1.1839 | Val Acc 0.6135 |  Train Acc 0.9821 | ETputs(KTEPS) 48767.78
2023-10-14 03:57:09,224 - train.py [line:94] - INFO: Epoch 00800 | Time(s) 0.0799 | Val Loss 1.1606 | Val Acc 0.6135 |  Train Acc 0.9843 | ETputs(KTEPS) 49664.64
2023-10-14 03:57:12,398 - train.py [line:94] - INFO: Epoch 00850 | Time(s) 0.0789 | Val Loss 1.1557 | Val Acc 0.6240 |  Train Acc 0.9865 | ETputs(KTEPS) 50273.29
2023-10-14 03:57:16,693 - train.py [line:94] - INFO: Epoch 00900 | Time(s) 0.0793 | Val Loss 1.1437 | Val Acc 0.6212 |  Train Acc 0.9859 | ETputs(KTEPS) 50027.73
2023-10-14 03:57:20,977 - train.py [line:94] - INFO: Epoch 00950 | Time(s) 0.0796 | Val Loss 1.1245 | Val Acc 0.6154 |  Train Acc 0.9901 | ETputs(KTEPS) 49817.82
2023-10-14 03:57:25,277 - train.py [line:94] - INFO: Epoch 01000 | Time(s) 0.0799 | Val Loss 1.1446 | Val Acc 0.6183 |  Train Acc 0.9891 | ETputs(KTEPS) 49620.08
2023-10-14 03:57:29,548 - train.py [line:94] - INFO: Epoch 01050 | Time(s) 0.0802 | Val Loss 1.1383 | Val Acc 0.6404 |  Train Acc 0.9891 | ETputs(KTEPS) 49459.32
2023-10-14 03:57:33,853 - train.py [line:94] - INFO: Epoch 01100 | Time(s) 0.0805 | Val Loss 1.1317 | Val Acc 0.6183 |  Train Acc 0.9910 | ETputs(KTEPS) 49296.52
2023-10-14 03:57:38,148 - train.py [line:94] - INFO: Epoch 01150 | Time(s) 0.0807 | Val Loss 1.1314 | Val Acc 0.6163 |  Train Acc 0.9926 | ETputs(KTEPS) 49153.07
2023-10-14 03:57:42,401 - train.py [line:94] - INFO: Epoch 01200 | Time(s) 0.0809 | Val Loss 1.1442 | Val Acc 0.6183 |  Train Acc 0.9894 | ETputs(KTEPS) 49043.35
2023-10-14 03:57:46,715 - train.py [line:94] - INFO: Epoch 01250 | Time(s) 0.0811 | Val Loss 1.1384 | Val Acc 0.6240 |  Train Acc 0.9920 | ETputs(KTEPS) 48913.02
2023-10-14 03:57:51,027 - train.py [line:94] - INFO: Epoch 01300 | Time(s) 0.0813 | Val Loss 1.1390 | Val Acc 0.6356 |  Train Acc 0.9933 | ETputs(KTEPS) 48794.74
2023-10-14 03:57:55,377 - train.py [line:94] - INFO: Epoch 01350 | Time(s) 0.0815 | Val Loss 1.1192 | Val Acc 0.6356 |  Train Acc 0.9929 | ETputs(KTEPS) 48668.89
2023-10-14 03:57:55,381 - train.py [line:106] - DEBUG: Model Saved by Early Stopper is Loaded!
2023-10-14 03:57:55,404 - train.py [line:108] - INFO: [FINAL MODEL] Run 18 .\Val accuracy 64.04% \Val loss: 1.1
2023-10-14 03:57:55,436 - train.py [line:110] - INFO: [FINAL MODEL] Run 18 .	Test accuracy 62.34% \Test loss: 1.1
2023-10-14 03:57:55,450 - train.py [line:53] - INFO: #Train:3120
2023-10-14 03:57:59,603 - train.py [line:94] - INFO: Epoch 00050 | Time(s) 0.0822 | Val Loss 1.5785 | Val Acc 0.4663 |  Train Acc 0.9096 | ETputs(KTEPS) 48277.45
2023-10-14 03:58:03,796 - train.py [line:94] - INFO: Epoch 00100 | Time(s) 0.0828 | Val Loss 1.5349 | Val Acc 0.4817 |  Train Acc 0.9615 | ETputs(KTEPS) 47912.23
2023-10-14 03:58:08,031 - train.py [line:94] - INFO: Epoch 00150 | Time(s) 0.0834 | Val Loss 1.4971 | Val Acc 0.5106 |  Train Acc 0.9708 | ETputs(KTEPS) 47580.89
2023-10-14 03:58:12,145 - train.py [line:94] - INFO: Epoch 00200 | Time(s) 0.0831 | Val Loss 1.4700 | Val Acc 0.5038 |  Train Acc 0.9814 | ETputs(KTEPS) 47739.41
2023-10-14 03:58:16,173 - train.py [line:94] - INFO: Epoch 00250 | Time(s) 0.0826 | Val Loss 1.4428 | Val Acc 0.4923 |  Train Acc 0.9843 | ETputs(KTEPS) 48033.89
2023-10-14 03:58:20,278 - train.py [line:94] - INFO: Epoch 00300 | Time(s) 0.0825 | Val Loss 1.4240 | Val Acc 0.5019 |  Train Acc 0.9885 | ETputs(KTEPS) 48082.55
2023-10-14 03:58:24,581 - train.py [line:94] - INFO: Epoch 00350 | Time(s) 0.0830 | Val Loss 1.4164 | Val Acc 0.4990 |  Train Acc 0.9827 | ETputs(KTEPS) 47790.30
2023-10-14 03:58:28,842 - train.py [line:94] - INFO: Epoch 00400 | Time(s) 0.0833 | Val Loss 1.3862 | Val Acc 0.5038 |  Train Acc 0.9917 | ETputs(KTEPS) 47632.89
2023-10-14 03:58:31,848 - train.py [line:106] - DEBUG: Model Saved by Early Stopper is Loaded!
2023-10-14 03:58:31,857 - train.py [line:108] - INFO: [FINAL MODEL] Run 19 .\Val accuracy 52.21% \Val loss: 1.5
2023-10-14 03:58:31,874 - train.py [line:110] - INFO: [FINAL MODEL] Run 19 .	Test accuracy 52.64% \Test loss: 1.5
2023-10-14 03:58:31,894 - train.py [line:140] - INFO: Mean Acc For Cross Validation: 0.5526, STDV: 0.0442
2023-10-14 03:58:31,894 - train.py [line:141] - INFO: Uncertainty: 0.0205
2023-10-14 03:58:31,894 - train.py [line:142] - INFO: [0.6109510086455331, 0.5283381364073007, 0.5273775216138329, 0.49855907780979825, 0.5091258405379443, 0.484149855907781, 0.6263208453410183, 0.5225744476464937, 0.5465898174831892, 0.5148895292987512, 0.5609990393852066, 0.5187319884726225, 0.5648414985590778, 0.5292987512007685, 0.6013448607108549, 0.5609990393852066, 0.5619596541786743, 0.6359269932756965, 0.6234390009606148, 0.526416906820365]
