2023-10-13 14:42:02,526 - tune.py [line:203] - INFO: Namespace(seed=42, model='NormalNNV2', gpu=1, dataset='geom-chameleon', logging=True, log_detail=True, log_detailedCh=False, id_log=1013014502, optuna_n_trials=202, n_epochs=2000, self_loop=False, udgraph=True, early_stop=True, patience=300, n_hidden=64, n_cv=1, start_cv=0, n_layers=16, lr1=0.01, lr2=0.02, wd1=1e-07, wd2=1e-07, dropout=0.0, dropout2=0.4, es_ckpt='woselfloop-geom-chameleon_NormalNNV2-geom-chameleon_trialNo133')
2023-10-13 14:42:03,390 - tune.py [line:128] - INFO: Split_seeds:[1824]
2023-10-13 14:42:03,390 - tune.py [line:129] - INFO: Model_seeds:[409]
2023-10-13 14:42:04,710 - tune.py [line:103] - INFO: Epoch 00020 | Time(s) 0.0642 | Val Loss 1.5778 | Val Acc 0.6879 | ETputs(KTEPS) 9766.07
2023-10-13 14:42:06,003 - tune.py [line:103] - INFO: Epoch 00040 | Time(s) 0.0642 | Val Loss 1.5456 | Val Acc 0.6549 | ETputs(KTEPS) 9765.34
2023-10-13 14:42:07,292 - tune.py [line:103] - INFO: Epoch 00060 | Time(s) 0.0643 | Val Loss 1.5130 | Val Acc 0.6725 | ETputs(KTEPS) 9755.04
2023-10-13 14:42:08,564 - tune.py [line:103] - INFO: Epoch 00080 | Time(s) 0.0641 | Val Loss 1.4873 | Val Acc 0.6462 | ETputs(KTEPS) 9782.74
2023-10-13 14:42:09,910 - tune.py [line:103] - INFO: Epoch 00100 | Time(s) 0.0648 | Val Loss 1.4516 | Val Acc 0.6725 | ETputs(KTEPS) 9687.76
2023-10-13 14:42:11,426 - tune.py [line:103] - INFO: Epoch 00120 | Time(s) 0.0666 | Val Loss 1.4181 | Val Acc 0.6418 | ETputs(KTEPS) 9421.02
2023-10-13 14:42:12,964 - tune.py [line:103] - INFO: Epoch 00140 | Time(s) 0.0681 | Val Loss 1.3970 | Val Acc 0.6462 | ETputs(KTEPS) 9218.02
2023-10-13 14:42:14,490 - tune.py [line:103] - INFO: Epoch 00160 | Time(s) 0.0691 | Val Loss 1.3700 | Val Acc 0.6681 | ETputs(KTEPS) 9081.19
2023-10-13 14:42:15,920 - tune.py [line:103] - INFO: Epoch 00180 | Time(s) 0.0694 | Val Loss 1.3455 | Val Acc 0.6637 | ETputs(KTEPS) 9046.24
2023-10-13 14:42:17,486 - tune.py [line:103] - INFO: Epoch 00200 | Time(s) 0.0702 | Val Loss 1.3253 | Val Acc 0.6681 | ETputs(KTEPS) 8931.80
2023-10-13 14:42:18,897 - tune.py [line:103] - INFO: Epoch 00220 | Time(s) 0.0703 | Val Loss 1.2969 | Val Acc 0.6615 | ETputs(KTEPS) 8928.59
2023-10-13 14:42:20,330 - tune.py [line:103] - INFO: Epoch 00240 | Time(s) 0.0704 | Val Loss 1.2719 | Val Acc 0.6791 | ETputs(KTEPS) 8914.38
2023-10-13 14:42:21,706 - tune.py [line:103] - INFO: Epoch 00260 | Time(s) 0.0703 | Val Loss 1.2580 | Val Acc 0.6505 | ETputs(KTEPS) 8929.95
2023-10-13 14:42:22,991 - tune.py [line:103] - INFO: Epoch 00280 | Time(s) 0.0698 | Val Loss 1.2480 | Val Acc 0.6725 | ETputs(KTEPS) 8985.19
2023-10-13 14:42:24,539 - tune.py [line:103] - INFO: Epoch 00300 | Time(s) 0.0703 | Val Loss 1.2262 | Val Acc 0.6593 | ETputs(KTEPS) 8920.96
2023-10-13 14:42:25,901 - tune.py [line:103] - INFO: Epoch 00320 | Time(s) 0.0702 | Val Loss 1.2158 | Val Acc 0.6769 | ETputs(KTEPS) 8938.88
2023-10-13 14:42:26,562 - tune.py [line:117] - INFO: [FINAL MODEL] Val accuracy 69.67% \Val loss: 1.6
2023-10-13 14:42:26,573 - tune.py [line:119] - INFO: [FINAL MODEL] Test accuracy 69.58% \Test loss: 1.6
2023-10-13 14:42:26,574 - tune.py [line:144] - INFO: Acc on the first split (Validation Set): 0.6967
2023-10-13 14:42:26,574 - tune.py [line:145] - INFO: Acc on the first split (Test Set): 0.6958
