2023-10-13 14:47:32,274 - tune.py [line:203] - INFO: Namespace(seed=42, model='NormalNNV2', gpu=1, dataset='geom-chameleon', logging=True, log_detail=True, log_detailedCh=False, id_log=1013014502, optuna_n_trials=202, n_epochs=2000, self_loop=False, udgraph=True, early_stop=True, patience=300, n_hidden=64, n_cv=1, start_cv=0, n_layers=12, lr1=0.03, lr2=0.02, wd1=1e-07, wd2=0.0001, dropout=0.3, dropout2=0.5, es_ckpt='woselfloop-geom-chameleon_NormalNNV2-geom-chameleon_trialNo180')
2023-10-13 14:47:33,117 - tune.py [line:128] - INFO: Split_seeds:[1824]
2023-10-13 14:47:33,117 - tune.py [line:129] - INFO: Model_seeds:[409]
2023-10-13 14:47:34,393 - tune.py [line:103] - INFO: Epoch 00020 | Time(s) 0.0617 | Val Loss 1.5750 | Val Acc 0.6901 | ETputs(KTEPS) 10173.25
2023-10-13 14:47:35,724 - tune.py [line:103] - INFO: Epoch 00040 | Time(s) 0.0637 | Val Loss 1.5417 | Val Acc 0.7011 | ETputs(KTEPS) 9846.72
2023-10-13 14:47:36,872 - tune.py [line:103] - INFO: Epoch 00060 | Time(s) 0.0616 | Val Loss 1.5146 | Val Acc 0.7011 | ETputs(KTEPS) 10183.22
2023-10-13 14:47:38,179 - tune.py [line:103] - INFO: Epoch 00080 | Time(s) 0.0625 | Val Loss 1.4887 | Val Acc 0.6637 | ETputs(KTEPS) 10032.71
2023-10-13 14:47:39,223 - tune.py [line:103] - INFO: Epoch 00100 | Time(s) 0.0605 | Val Loss 1.4618 | Val Acc 0.6703 | ETputs(KTEPS) 10376.56
2023-10-13 14:47:40,400 - tune.py [line:103] - INFO: Epoch 00120 | Time(s) 0.0602 | Val Loss 1.4386 | Val Acc 0.6681 | ETputs(KTEPS) 10423.05
2023-10-13 14:47:41,421 - tune.py [line:103] - INFO: Epoch 00140 | Time(s) 0.0589 | Val Loss 1.4160 | Val Acc 0.6615 | ETputs(KTEPS) 10654.93
2023-10-13 14:47:42,663 - tune.py [line:103] - INFO: Epoch 00160 | Time(s) 0.0593 | Val Loss 1.3944 | Val Acc 0.6703 | ETputs(KTEPS) 10583.46
2023-10-13 14:47:43,946 - tune.py [line:103] - INFO: Epoch 00180 | Time(s) 0.0598 | Val Loss 1.3839 | Val Acc 0.6571 | ETputs(KTEPS) 10488.10
2023-10-13 14:47:45,068 - tune.py [line:103] - INFO: Epoch 00200 | Time(s) 0.0594 | Val Loss 1.3632 | Val Acc 0.6637 | ETputs(KTEPS) 10554.31
2023-10-13 14:47:46,342 - tune.py [line:103] - INFO: Epoch 00220 | Time(s) 0.0598 | Val Loss 1.3570 | Val Acc 0.6615 | ETputs(KTEPS) 10486.63
2023-10-13 14:47:47,387 - tune.py [line:103] - INFO: Epoch 00240 | Time(s) 0.0592 | Val Loss 1.3427 | Val Acc 0.6396 | ETputs(KTEPS) 10599.02
2023-10-13 14:47:48,535 - tune.py [line:103] - INFO: Epoch 00260 | Time(s) 0.0591 | Val Loss 1.3295 | Val Acc 0.6484 | ETputs(KTEPS) 10624.02
2023-10-13 14:47:49,851 - tune.py [line:103] - INFO: Epoch 00280 | Time(s) 0.0595 | Val Loss 1.3213 | Val Acc 0.6484 | ETputs(KTEPS) 10538.02
2023-10-13 14:47:50,945 - tune.py [line:103] - INFO: Epoch 00300 | Time(s) 0.0592 | Val Loss 1.3095 | Val Acc 0.6286 | ETputs(KTEPS) 10595.83
2023-10-13 14:47:52,074 - tune.py [line:103] - INFO: Epoch 00320 | Time(s) 0.0590 | Val Loss 1.3020 | Val Acc 0.6549 | ETputs(KTEPS) 10627.07
2023-10-13 14:47:52,707 - tune.py [line:117] - INFO: [FINAL MODEL] Val accuracy 71.87% \Val loss: 1.6
2023-10-13 14:47:52,718 - tune.py [line:119] - INFO: [FINAL MODEL] Test accuracy 71.55% \Test loss: 1.6
2023-10-13 14:47:52,718 - tune.py [line:144] - INFO: Acc on the first split (Validation Set): 0.7187
2023-10-13 14:47:52,718 - tune.py [line:145] - INFO: Acc on the first split (Test Set): 0.7155
