2023-10-13 14:34:35,713 - tune.py [line:203] - INFO: Namespace(seed=42, model='NormalNNV2', gpu=1, dataset='geom-chameleon', logging=True, log_detail=True, log_detailedCh=False, id_log=1013014502, optuna_n_trials=202, n_epochs=2000, self_loop=False, udgraph=True, early_stop=True, patience=300, n_hidden=64, n_cv=1, start_cv=0, n_layers=8, lr1=0.01, lr2=0.01, wd1=1e-07, wd2=0.0001, dropout=0.1, dropout2=0.4, es_ckpt='woselfloop-geom-chameleon_NormalNNV2-geom-chameleon_trialNo80')
2023-10-13 14:34:36,449 - tune.py [line:128] - INFO: Split_seeds:[1824]
2023-10-13 14:34:36,449 - tune.py [line:129] - INFO: Model_seeds:[409]
2023-10-13 14:34:37,590 - tune.py [line:103] - INFO: Epoch 00020 | Time(s) 0.0556 | Val Loss 1.5920 | Val Acc 0.5934 | ETputs(KTEPS) 11274.79
2023-10-13 14:34:38,716 - tune.py [line:103] - INFO: Epoch 00040 | Time(s) 0.0554 | Val Loss 1.5813 | Val Acc 0.6681 | ETputs(KTEPS) 11335.13
2023-10-13 14:34:39,725 - tune.py [line:103] - INFO: Epoch 00060 | Time(s) 0.0536 | Val Loss 1.5688 | Val Acc 0.6835 | ETputs(KTEPS) 11709.05
2023-10-13 14:34:40,847 - tune.py [line:103] - INFO: Epoch 00080 | Time(s) 0.0542 | Val Loss 1.5565 | Val Acc 0.6725 | ETputs(KTEPS) 11574.49
2023-10-13 14:34:41,949 - tune.py [line:103] - INFO: Epoch 00100 | Time(s) 0.0544 | Val Loss 1.5401 | Val Acc 0.6813 | ETputs(KTEPS) 11537.22
2023-10-13 14:34:42,945 - tune.py [line:103] - INFO: Epoch 00120 | Time(s) 0.0536 | Val Loss 1.5279 | Val Acc 0.6637 | ETputs(KTEPS) 11701.29
2023-10-13 14:34:44,083 - tune.py [line:103] - INFO: Epoch 00140 | Time(s) 0.0540 | Val Loss 1.5133 | Val Acc 0.6835 | ETputs(KTEPS) 11608.68
2023-10-13 14:34:44,889 - tune.py [line:103] - INFO: Epoch 00160 | Time(s) 0.0523 | Val Loss 1.5003 | Val Acc 0.6703 | ETputs(KTEPS) 11989.90
2023-10-13 14:34:45,969 - tune.py [line:103] - INFO: Epoch 00180 | Time(s) 0.0525 | Val Loss 1.4898 | Val Acc 0.6681 | ETputs(KTEPS) 11947.80
2023-10-13 14:34:47,032 - tune.py [line:103] - INFO: Epoch 00200 | Time(s) 0.0526 | Val Loss 1.4738 | Val Acc 0.6703 | ETputs(KTEPS) 11934.36
2023-10-13 14:34:48,066 - tune.py [line:103] - INFO: Epoch 00220 | Time(s) 0.0525 | Val Loss 1.4612 | Val Acc 0.6879 | ETputs(KTEPS) 11953.26
2023-10-13 14:34:49,158 - tune.py [line:103] - INFO: Epoch 00240 | Time(s) 0.0527 | Val Loss 1.4520 | Val Acc 0.6703 | ETputs(KTEPS) 11913.11
2023-10-13 14:34:50,039 - tune.py [line:103] - INFO: Epoch 00260 | Time(s) 0.0520 | Val Loss 1.4363 | Val Acc 0.6637 | ETputs(KTEPS) 12068.00
2023-10-13 14:34:51,089 - tune.py [line:103] - INFO: Epoch 00280 | Time(s) 0.0520 | Val Loss 1.4260 | Val Acc 0.6659 | ETputs(KTEPS) 12059.72
2023-10-13 14:34:52,122 - tune.py [line:103] - INFO: Epoch 00300 | Time(s) 0.0520 | Val Loss 1.4160 | Val Acc 0.6769 | ETputs(KTEPS) 12066.20
2023-10-13 14:34:53,006 - tune.py [line:103] - INFO: Epoch 00320 | Time(s) 0.0515 | Val Loss 1.4042 | Val Acc 0.6747 | ETputs(KTEPS) 12180.77
2023-10-13 14:34:54,096 - tune.py [line:103] - INFO: Epoch 00340 | Time(s) 0.0517 | Val Loss 1.3953 | Val Acc 0.6747 | ETputs(KTEPS) 12139.53
2023-10-13 14:34:54,977 - tune.py [line:103] - INFO: Epoch 00360 | Time(s) 0.0513 | Val Loss 1.3837 | Val Acc 0.6659 | ETputs(KTEPS) 12240.74
2023-10-13 14:34:55,998 - tune.py [line:103] - INFO: Epoch 00380 | Time(s) 0.0512 | Val Loss 1.3772 | Val Acc 0.6879 | ETputs(KTEPS) 12243.27
2023-10-13 14:34:56,972 - tune.py [line:103] - INFO: Epoch 00400 | Time(s) 0.0511 | Val Loss 1.3653 | Val Acc 0.6791 | ETputs(KTEPS) 12274.00
2023-10-13 14:34:57,984 - tune.py [line:103] - INFO: Epoch 00420 | Time(s) 0.0511 | Val Loss 1.3548 | Val Acc 0.6769 | ETputs(KTEPS) 12280.48
2023-10-13 14:34:59,008 - tune.py [line:103] - INFO: Epoch 00440 | Time(s) 0.0511 | Val Loss 1.3475 | Val Acc 0.6747 | ETputs(KTEPS) 12279.51
2023-10-13 14:34:59,928 - tune.py [line:103] - INFO: Epoch 00460 | Time(s) 0.0509 | Val Loss 1.3430 | Val Acc 0.6527 | ETputs(KTEPS) 12333.13
2023-10-13 14:35:00,866 - tune.py [line:103] - INFO: Epoch 00480 | Time(s) 0.0507 | Val Loss 1.3334 | Val Acc 0.6791 | ETputs(KTEPS) 12373.61
2023-10-13 14:35:01,787 - tune.py [line:103] - INFO: Epoch 00500 | Time(s) 0.0505 | Val Loss 1.3186 | Val Acc 0.6747 | ETputs(KTEPS) 12419.66
2023-10-13 14:35:02,858 - tune.py [line:103] - INFO: Epoch 00520 | Time(s) 0.0506 | Val Loss 1.3221 | Val Acc 0.6703 | ETputs(KTEPS) 12391.33
2023-10-13 14:35:03,955 - tune.py [line:103] - INFO: Epoch 00540 | Time(s) 0.0508 | Val Loss 1.3052 | Val Acc 0.6725 | ETputs(KTEPS) 12353.44
2023-10-13 14:35:04,346 - tune.py [line:117] - INFO: [FINAL MODEL] Val accuracy 70.55% \Val loss: 1.4
2023-10-13 14:35:04,352 - tune.py [line:119] - INFO: [FINAL MODEL] Test accuracy 71.77% \Test loss: 1.4
2023-10-13 14:35:04,352 - tune.py [line:144] - INFO: Acc on the first split (Validation Set): 0.7055
2023-10-13 14:35:04,353 - tune.py [line:145] - INFO: Acc on the first split (Test Set): 0.7177
