2023-10-13 14:45:23,451 - tune.py [line:203] - INFO: Namespace(seed=42, model='NormalNNV2', gpu=1, dataset='geom-chameleon', logging=True, log_detail=True, log_detailedCh=False, id_log=1013014502, optuna_n_trials=202, n_epochs=2000, self_loop=False, udgraph=True, early_stop=True, patience=300, n_hidden=64, n_cv=1, start_cv=0, n_layers=12, lr1=0.02, lr2=0.02, wd1=1e-07, wd2=0.0001, dropout=0.1, dropout2=0.4, es_ckpt='woselfloop-geom-chameleon_NormalNNV2-geom-chameleon_trialNo168')
2023-10-13 14:45:24,247 - tune.py [line:128] - INFO: Split_seeds:[1824]
2023-10-13 14:45:24,248 - tune.py [line:129] - INFO: Model_seeds:[409]
2023-10-13 14:45:25,290 - tune.py [line:103] - INFO: Epoch 00020 | Time(s) 0.0503 | Val Loss 1.5766 | Val Acc 0.6945 | ETputs(KTEPS) 12485.07
2023-10-13 14:45:26,357 - tune.py [line:103] - INFO: Epoch 00040 | Time(s) 0.0517 | Val Loss 1.5477 | Val Acc 0.6505 | ETputs(KTEPS) 12137.94
2023-10-13 14:45:27,476 - tune.py [line:103] - INFO: Epoch 00060 | Time(s) 0.0531 | Val Loss 1.5165 | Val Acc 0.6945 | ETputs(KTEPS) 11815.16
2023-10-13 14:45:28,624 - tune.py [line:103] - INFO: Epoch 00080 | Time(s) 0.0542 | Val Loss 1.4898 | Val Acc 0.6747 | ETputs(KTEPS) 11581.55
2023-10-13 14:45:29,740 - tune.py [line:103] - INFO: Epoch 00100 | Time(s) 0.0545 | Val Loss 1.4584 | Val Acc 0.6725 | ETputs(KTEPS) 11514.02
2023-10-13 14:45:30,748 - tune.py [line:103] - INFO: Epoch 00120 | Time(s) 0.0538 | Val Loss 1.4296 | Val Acc 0.6593 | ETputs(KTEPS) 11660.43
2023-10-13 14:45:31,907 - tune.py [line:103] - INFO: Epoch 00140 | Time(s) 0.0544 | Val Loss 1.4040 | Val Acc 0.6835 | ETputs(KTEPS) 11533.94
2023-10-13 14:45:32,981 - tune.py [line:103] - INFO: Epoch 00160 | Time(s) 0.0543 | Val Loss 1.3757 | Val Acc 0.6879 | ETputs(KTEPS) 11553.36
2023-10-13 14:45:34,152 - tune.py [line:103] - INFO: Epoch 00180 | Time(s) 0.0548 | Val Loss 1.3577 | Val Acc 0.6813 | ETputs(KTEPS) 11454.77
2023-10-13 14:45:35,215 - tune.py [line:103] - INFO: Epoch 00200 | Time(s) 0.0546 | Val Loss 1.3375 | Val Acc 0.6879 | ETputs(KTEPS) 11489.30
2023-10-13 14:45:36,371 - tune.py [line:103] - INFO: Epoch 00220 | Time(s) 0.0549 | Val Loss 1.3158 | Val Acc 0.6725 | ETputs(KTEPS) 11428.68
2023-10-13 14:45:37,480 - tune.py [line:103] - INFO: Epoch 00240 | Time(s) 0.0549 | Val Loss 1.3000 | Val Acc 0.6835 | ETputs(KTEPS) 11421.49
2023-10-13 14:45:38,570 - tune.py [line:103] - INFO: Epoch 00260 | Time(s) 0.0549 | Val Loss 1.2800 | Val Acc 0.6945 | ETputs(KTEPS) 11429.48
2023-10-13 14:45:39,756 - tune.py [line:103] - INFO: Epoch 00280 | Time(s) 0.0552 | Val Loss 1.2583 | Val Acc 0.6945 | ETputs(KTEPS) 11366.20
2023-10-13 14:45:40,809 - tune.py [line:103] - INFO: Epoch 00300 | Time(s) 0.0550 | Val Loss 1.2465 | Val Acc 0.6813 | ETputs(KTEPS) 11401.41
2023-10-13 14:45:41,951 - tune.py [line:103] - INFO: Epoch 00320 | Time(s) 0.0552 | Val Loss 1.2319 | Val Acc 0.7055 | ETputs(KTEPS) 11375.28
2023-10-13 14:45:43,107 - tune.py [line:103] - INFO: Epoch 00340 | Time(s) 0.0553 | Val Loss 1.2196 | Val Acc 0.6857 | ETputs(KTEPS) 11344.71
2023-10-13 14:45:44,235 - tune.py [line:103] - INFO: Epoch 00360 | Time(s) 0.0554 | Val Loss 1.2099 | Val Acc 0.6923 | ETputs(KTEPS) 11332.39
2023-10-13 14:45:45,406 - tune.py [line:103] - INFO: Epoch 00380 | Time(s) 0.0555 | Val Loss 1.2015 | Val Acc 0.6791 | ETputs(KTEPS) 11298.28
2023-10-13 14:45:46,430 - tune.py [line:103] - INFO: Epoch 00400 | Time(s) 0.0553 | Val Loss 1.1851 | Val Acc 0.6967 | ETputs(KTEPS) 11343.08
2023-10-13 14:45:47,593 - tune.py [line:103] - INFO: Epoch 00420 | Time(s) 0.0554 | Val Loss 1.1838 | Val Acc 0.6791 | ETputs(KTEPS) 11315.72
2023-10-13 14:45:48,720 - tune.py [line:103] - INFO: Epoch 00440 | Time(s) 0.0555 | Val Loss 1.1666 | Val Acc 0.7033 | ETputs(KTEPS) 11307.43
2023-10-13 14:45:49,777 - tune.py [line:103] - INFO: Epoch 00460 | Time(s) 0.0554 | Val Loss 1.1611 | Val Acc 0.6967 | ETputs(KTEPS) 11331.32
2023-10-13 14:45:51,085 - tune.py [line:103] - INFO: Epoch 00480 | Time(s) 0.0558 | Val Loss 1.1540 | Val Acc 0.6923 | ETputs(KTEPS) 11246.44
2023-10-13 14:45:52,147 - tune.py [line:103] - INFO: Epoch 00500 | Time(s) 0.0557 | Val Loss 1.1457 | Val Acc 0.6901 | ETputs(KTEPS) 11268.41
2023-10-13 14:45:53,463 - tune.py [line:103] - INFO: Epoch 00520 | Time(s) 0.0561 | Val Loss 1.1445 | Val Acc 0.6989 | ETputs(KTEPS) 11190.52
2023-10-13 14:45:54,673 - tune.py [line:103] - INFO: Epoch 00540 | Time(s) 0.0562 | Val Loss 1.1369 | Val Acc 0.6813 | ETputs(KTEPS) 11157.98
2023-10-13 14:45:55,793 - tune.py [line:103] - INFO: Epoch 00560 | Time(s) 0.0562 | Val Loss 1.1334 | Val Acc 0.6923 | ETputs(KTEPS) 11159.79
2023-10-13 14:45:56,957 - tune.py [line:103] - INFO: Epoch 00580 | Time(s) 0.0563 | Val Loss 1.1306 | Val Acc 0.6835 | ETputs(KTEPS) 11146.60
2023-10-13 14:45:58,066 - tune.py [line:103] - INFO: Epoch 00600 | Time(s) 0.0563 | Val Loss 1.1182 | Val Acc 0.6901 | ETputs(KTEPS) 11152.28
2023-10-13 14:45:59,292 - tune.py [line:103] - INFO: Epoch 00620 | Time(s) 0.0564 | Val Loss 1.1205 | Val Acc 0.6879 | ETputs(KTEPS) 11120.10
2023-10-13 14:46:03,655 - tune.py [line:117] - INFO: [FINAL MODEL] Val accuracy 71.43% \Val loss: 1.2
2023-10-13 14:46:03,665 - tune.py [line:119] - INFO: [FINAL MODEL] Test accuracy 68.49% \Test loss: 1.2
2023-10-13 14:46:03,666 - tune.py [line:144] - INFO: Acc on the first split (Validation Set): 0.7143
2023-10-13 14:46:03,666 - tune.py [line:145] - INFO: Acc on the first split (Test Set): 0.6849
