2023-10-13 14:27:39,438 - tune.py [line:203] - INFO: Namespace(seed=42, model='NormalNNV2', gpu=1, dataset='geom-chameleon', logging=True, log_detail=True, log_detailedCh=False, id_log=1013014502, optuna_n_trials=202, n_epochs=2000, self_loop=False, udgraph=True, early_stop=True, patience=300, n_hidden=64, n_cv=1, start_cv=0, n_layers=4, lr1=0.01, lr2=0.01, wd1=0.0001, wd2=0.0001, dropout=0.3, dropout2=0.6, es_ckpt='woselfloop-geom-chameleon_NormalNNV2-geom-chameleon_trialNo23')
2023-10-13 14:27:40,336 - tune.py [line:128] - INFO: Split_seeds:[1824]
2023-10-13 14:27:40,336 - tune.py [line:129] - INFO: Model_seeds:[409]
2023-10-13 14:27:41,152 - tune.py [line:103] - INFO: Epoch 00020 | Time(s) 0.0396 | Val Loss 1.5918 | Val Acc 0.5736 | ETputs(KTEPS) 15842.81
2023-10-13 14:27:42,022 - tune.py [line:103] - INFO: Epoch 00040 | Time(s) 0.0412 | Val Loss 1.5816 | Val Acc 0.6088 | ETputs(KTEPS) 15245.13
2023-10-13 14:27:42,906 - tune.py [line:103] - INFO: Epoch 00060 | Time(s) 0.0421 | Val Loss 1.5731 | Val Acc 0.6242 | ETputs(KTEPS) 14893.30
2023-10-13 14:27:43,685 - tune.py [line:103] - INFO: Epoch 00080 | Time(s) 0.0413 | Val Loss 1.5617 | Val Acc 0.6308 | ETputs(KTEPS) 15203.37
2023-10-13 14:27:44,525 - tune.py [line:103] - INFO: Epoch 00100 | Time(s) 0.0414 | Val Loss 1.5495 | Val Acc 0.6418 | ETputs(KTEPS) 15149.68
2023-10-13 14:27:45,294 - tune.py [line:103] - INFO: Epoch 00120 | Time(s) 0.0409 | Val Loss 1.5410 | Val Acc 0.6462 | ETputs(KTEPS) 15336.41
2023-10-13 14:27:46,165 - tune.py [line:103] - INFO: Epoch 00140 | Time(s) 0.0413 | Val Loss 1.5320 | Val Acc 0.6286 | ETputs(KTEPS) 15196.57
2023-10-13 14:27:46,903 - tune.py [line:103] - INFO: Epoch 00160 | Time(s) 0.0407 | Val Loss 1.5197 | Val Acc 0.6242 | ETputs(KTEPS) 15403.17
2023-10-13 14:27:47,756 - tune.py [line:103] - INFO: Epoch 00180 | Time(s) 0.0409 | Val Loss 1.5110 | Val Acc 0.6264 | ETputs(KTEPS) 15324.60
2023-10-13 14:27:48,691 - tune.py [line:103] - INFO: Epoch 00200 | Time(s) 0.0415 | Val Loss 1.4994 | Val Acc 0.6352 | ETputs(KTEPS) 15111.63
2023-10-13 14:27:49,475 - tune.py [line:103] - INFO: Epoch 00220 | Time(s) 0.0413 | Val Loss 1.4883 | Val Acc 0.6505 | ETputs(KTEPS) 15192.86
2023-10-13 14:27:50,343 - tune.py [line:103] - INFO: Epoch 00240 | Time(s) 0.0415 | Val Loss 1.4820 | Val Acc 0.6286 | ETputs(KTEPS) 15135.28
2023-10-13 14:27:51,142 - tune.py [line:103] - INFO: Epoch 00260 | Time(s) 0.0413 | Val Loss 1.4771 | Val Acc 0.6330 | ETputs(KTEPS) 15179.28
2023-10-13 14:27:52,030 - tune.py [line:103] - INFO: Epoch 00280 | Time(s) 0.0415 | Val Loss 1.4681 | Val Acc 0.6066 | ETputs(KTEPS) 15100.49
2023-10-13 14:27:52,919 - tune.py [line:103] - INFO: Epoch 00300 | Time(s) 0.0417 | Val Loss 1.4553 | Val Acc 0.6286 | ETputs(KTEPS) 15030.98
2023-10-13 14:27:53,676 - tune.py [line:103] - INFO: Epoch 00320 | Time(s) 0.0415 | Val Loss 1.4505 | Val Acc 0.6374 | ETputs(KTEPS) 15119.31
2023-10-13 14:27:54,590 - tune.py [line:103] - INFO: Epoch 00340 | Time(s) 0.0417 | Val Loss 1.4420 | Val Acc 0.6549 | ETputs(KTEPS) 15030.10
2023-10-13 14:27:55,338 - tune.py [line:103] - INFO: Epoch 00360 | Time(s) 0.0415 | Val Loss 1.4369 | Val Acc 0.6110 | ETputs(KTEPS) 15118.83
2023-10-13 14:27:56,201 - tune.py [line:103] - INFO: Epoch 00380 | Time(s) 0.0416 | Val Loss 1.4312 | Val Acc 0.6593 | ETputs(KTEPS) 15086.97
2023-10-13 14:27:57,058 - tune.py [line:103] - INFO: Epoch 00400 | Time(s) 0.0416 | Val Loss 1.4264 | Val Acc 0.6308 | ETputs(KTEPS) 15064.99
2023-10-13 14:27:57,734 - tune.py [line:103] - INFO: Epoch 00420 | Time(s) 0.0413 | Val Loss 1.4143 | Val Acc 0.6374 | ETputs(KTEPS) 15202.09
2023-10-13 14:27:58,539 - tune.py [line:103] - INFO: Epoch 00440 | Time(s) 0.0412 | Val Loss 1.4099 | Val Acc 0.6396 | ETputs(KTEPS) 15219.17
2023-10-13 14:27:59,300 - tune.py [line:103] - INFO: Epoch 00460 | Time(s) 0.0411 | Val Loss 1.3931 | Val Acc 0.6440 | ETputs(KTEPS) 15270.65
2023-10-13 14:28:00,167 - tune.py [line:103] - INFO: Epoch 00480 | Time(s) 0.0412 | Val Loss 1.3928 | Val Acc 0.6242 | ETputs(KTEPS) 15236.74
2023-10-13 14:28:00,869 - tune.py [line:103] - INFO: Epoch 00500 | Time(s) 0.0409 | Val Loss 1.3787 | Val Acc 0.6484 | ETputs(KTEPS) 15327.15
2023-10-13 14:28:01,736 - tune.py [line:103] - INFO: Epoch 00520 | Time(s) 0.0410 | Val Loss 1.3836 | Val Acc 0.6396 | ETputs(KTEPS) 15293.27
2023-10-13 14:28:01,818 - tune.py [line:117] - INFO: [FINAL MODEL] Val accuracy 67.03% \Val loss: 1.5
2023-10-13 14:28:01,821 - tune.py [line:119] - INFO: [FINAL MODEL] Test accuracy 63.24% \Test loss: 1.5
2023-10-13 14:28:01,822 - tune.py [line:144] - INFO: Acc on the first split (Validation Set): 0.6703
2023-10-13 14:28:01,822 - tune.py [line:145] - INFO: Acc on the first split (Test Set): 0.6324
