2023-10-13 14:13:24,215 - tune.py [line:203] - INFO: Namespace(seed=42, model='NormalNNV2', gpu=1, dataset='geom-chameleon', logging=True, log_detail=True, log_detailedCh=False, id_log=1013014502, optuna_n_trials=202, n_epochs=2000, self_loop=False, udgraph=True, early_stop=True, patience=300, n_hidden=64, n_cv=1, start_cv=0, n_layers=4, lr1=0.05, lr2=0.005, wd1=1e-08, wd2=0.001, dropout=0.1, dropout2=0.4, es_ckpt='woselfloop-geom-chameleon_NormalNNV2-geom-chameleon_trialNo8')
2023-10-13 14:13:27,474 - tune.py [line:128] - INFO: Split_seeds:[1824]
2023-10-13 14:13:27,475 - tune.py [line:129] - INFO: Model_seeds:[409]
2023-10-13 14:13:29,012 - tune.py [line:103] - INFO: Epoch 00020 | Time(s) 0.0753 | Val Loss 1.5992 | Val Acc 0.5451 | ETputs(KTEPS) 8333.39
2023-10-13 14:13:29,693 - tune.py [line:103] - INFO: Epoch 00040 | Time(s) 0.0543 | Val Loss 1.5975 | Val Acc 0.6330 | ETputs(KTEPS) 11561.76
2023-10-13 14:13:30,308 - tune.py [line:103] - INFO: Epoch 00060 | Time(s) 0.0462 | Val Loss 1.5936 | Val Acc 0.6549 | ETputs(KTEPS) 13574.46
2023-10-13 14:13:30,938 - tune.py [line:103] - INFO: Epoch 00080 | Time(s) 0.0425 | Val Loss 1.5898 | Val Acc 0.6681 | ETputs(KTEPS) 14763.24
2023-10-13 14:13:31,559 - tune.py [line:103] - INFO: Epoch 00100 | Time(s) 0.0402 | Val Loss 1.5846 | Val Acc 0.6813 | ETputs(KTEPS) 15612.98
2023-10-13 14:13:32,128 - tune.py [line:103] - INFO: Epoch 00120 | Time(s) 0.0382 | Val Loss 1.5812 | Val Acc 0.6703 | ETputs(KTEPS) 16415.31
2023-10-13 14:13:32,608 - tune.py [line:103] - INFO: Epoch 00140 | Time(s) 0.0362 | Val Loss 1.5771 | Val Acc 0.6659 | ETputs(KTEPS) 17337.49
2023-10-13 14:13:32,997 - tune.py [line:103] - INFO: Epoch 00160 | Time(s) 0.0341 | Val Loss 1.5727 | Val Acc 0.6484 | ETputs(KTEPS) 18412.37
2023-10-13 14:13:33,388 - tune.py [line:103] - INFO: Epoch 00180 | Time(s) 0.0325 | Val Loss 1.5683 | Val Acc 0.6725 | ETputs(KTEPS) 19330.01
2023-10-13 14:13:33,794 - tune.py [line:103] - INFO: Epoch 00200 | Time(s) 0.0312 | Val Loss 1.5651 | Val Acc 0.6725 | ETputs(KTEPS) 20083.28
2023-10-13 14:13:34,289 - tune.py [line:103] - INFO: Epoch 00220 | Time(s) 0.0306 | Val Loss 1.5613 | Val Acc 0.6747 | ETputs(KTEPS) 20472.09
2023-10-13 14:13:34,803 - tune.py [line:103] - INFO: Epoch 00240 | Time(s) 0.0302 | Val Loss 1.5584 | Val Acc 0.6791 | ETputs(KTEPS) 20751.35
2023-10-13 14:13:35,321 - tune.py [line:103] - INFO: Epoch 00260 | Time(s) 0.0299 | Val Loss 1.5544 | Val Acc 0.6484 | ETputs(KTEPS) 20984.73
2023-10-13 14:13:35,840 - tune.py [line:103] - INFO: Epoch 00280 | Time(s) 0.0296 | Val Loss 1.5512 | Val Acc 0.6659 | ETputs(KTEPS) 21184.66
2023-10-13 14:13:36,435 - tune.py [line:103] - INFO: Epoch 00300 | Time(s) 0.0296 | Val Loss 1.5483 | Val Acc 0.6681 | ETputs(KTEPS) 21181.10
2023-10-13 14:13:37,067 - tune.py [line:103] - INFO: Epoch 00320 | Time(s) 0.0297 | Val Loss 1.5441 | Val Acc 0.6813 | ETputs(KTEPS) 21095.99
2023-10-13 14:13:37,720 - tune.py [line:103] - INFO: Epoch 00340 | Time(s) 0.0299 | Val Loss 1.5424 | Val Acc 0.6923 | ETputs(KTEPS) 20976.30
2023-10-13 14:13:38,540 - tune.py [line:103] - INFO: Epoch 00360 | Time(s) 0.0305 | Val Loss 1.5392 | Val Acc 0.6857 | ETputs(KTEPS) 20583.88
2023-10-13 14:13:39,113 - tune.py [line:103] - INFO: Epoch 00380 | Time(s) 0.0304 | Val Loss 1.5381 | Val Acc 0.6681 | ETputs(KTEPS) 20649.44
2023-10-13 14:13:39,693 - tune.py [line:103] - INFO: Epoch 00400 | Time(s) 0.0303 | Val Loss 1.5370 | Val Acc 0.6659 | ETputs(KTEPS) 20696.53
2023-10-13 14:13:40,219 - tune.py [line:103] - INFO: Epoch 00420 | Time(s) 0.0301 | Val Loss 1.5340 | Val Acc 0.6747 | ETputs(KTEPS) 20829.39
2023-10-13 14:13:40,760 - tune.py [line:103] - INFO: Epoch 00440 | Time(s) 0.0300 | Val Loss 1.5335 | Val Acc 0.6681 | ETputs(KTEPS) 20926.52
2023-10-13 14:13:41,285 - tune.py [line:103] - INFO: Epoch 00460 | Time(s) 0.0298 | Val Loss 1.5292 | Val Acc 0.6857 | ETputs(KTEPS) 21041.03
2023-10-13 14:13:41,836 - tune.py [line:103] - INFO: Epoch 00480 | Time(s) 0.0297 | Val Loss 1.5284 | Val Acc 0.6725 | ETputs(KTEPS) 21108.89
2023-10-13 14:13:42,389 - tune.py [line:103] - INFO: Epoch 00500 | Time(s) 0.0296 | Val Loss 1.5266 | Val Acc 0.6769 | ETputs(KTEPS) 21169.10
2023-10-13 14:13:42,934 - tune.py [line:103] - INFO: Epoch 00520 | Time(s) 0.0295 | Val Loss 1.5265 | Val Acc 0.6637 | ETputs(KTEPS) 21235.76
2023-10-13 14:13:43,470 - tune.py [line:103] - INFO: Epoch 00540 | Time(s) 0.0294 | Val Loss 1.5248 | Val Acc 0.6637 | ETputs(KTEPS) 21310.40
2023-10-13 14:13:44,023 - tune.py [line:103] - INFO: Epoch 00560 | Time(s) 0.0294 | Val Loss 1.5221 | Val Acc 0.6857 | ETputs(KTEPS) 21356.94
2023-10-13 14:13:44,660 - tune.py [line:103] - INFO: Epoch 00580 | Time(s) 0.0295 | Val Loss 1.5210 | Val Acc 0.6681 | ETputs(KTEPS) 21295.74
2023-10-13 14:13:45,211 - tune.py [line:103] - INFO: Epoch 00600 | Time(s) 0.0294 | Val Loss 1.5213 | Val Acc 0.6901 | ETputs(KTEPS) 21342.56
2023-10-13 14:13:45,750 - tune.py [line:103] - INFO: Epoch 00620 | Time(s) 0.0293 | Val Loss 1.5182 | Val Acc 0.6703 | ETputs(KTEPS) 21400.37
2023-10-13 14:13:46,311 - tune.py [line:103] - INFO: Epoch 00640 | Time(s) 0.0293 | Val Loss 1.5190 | Val Acc 0.6791 | ETputs(KTEPS) 21430.39
2023-10-13 14:13:46,636 - tune.py [line:117] - INFO: [FINAL MODEL] Val accuracy 69.89% \Val loss: 1.5
2023-10-13 14:13:46,639 - tune.py [line:119] - INFO: [FINAL MODEL] Test accuracy 68.49% \Test loss: 1.5
2023-10-13 14:13:46,640 - tune.py [line:144] - INFO: Acc on the first split (Validation Set): 0.6989
2023-10-13 14:13:46,640 - tune.py [line:145] - INFO: Acc on the first split (Test Set): 0.6849
