2023-10-13 14:36:58,225 - tune.py [line:203] - INFO: Namespace(seed=42, model='NormalNNV2', gpu=1, dataset='geom-chameleon', logging=True, log_detail=True, log_detailedCh=False, id_log=1013014502, optuna_n_trials=202, n_epochs=2000, self_loop=False, udgraph=True, early_stop=True, patience=300, n_hidden=64, n_cv=1, start_cv=0, n_layers=20, lr1=0.01, lr2=0.03, wd1=1e-07, wd2=1e-05, dropout=0.2, dropout2=0.4, es_ckpt='woselfloop-geom-chameleon_NormalNNV2-geom-chameleon_trialNo103')
2023-10-13 14:36:59,114 - tune.py [line:128] - INFO: Split_seeds:[1824]
2023-10-13 14:36:59,114 - tune.py [line:129] - INFO: Model_seeds:[409]
2023-10-13 14:37:00,550 - tune.py [line:103] - INFO: Epoch 00020 | Time(s) 0.0699 | Val Loss 1.5648 | Val Acc 0.6462 | ETputs(KTEPS) 8971.23
2023-10-13 14:37:02,122 - tune.py [line:103] - INFO: Epoch 00040 | Time(s) 0.0741 | Val Loss 1.5110 | Val Acc 0.6593 | ETputs(KTEPS) 8467.69
2023-10-13 14:37:03,711 - tune.py [line:103] - INFO: Epoch 00060 | Time(s) 0.0759 | Val Loss 1.4598 | Val Acc 0.6879 | ETputs(KTEPS) 8270.36
2023-10-13 14:37:05,162 - tune.py [line:103] - INFO: Epoch 00080 | Time(s) 0.0750 | Val Loss 1.4103 | Val Acc 0.6681 | ETputs(KTEPS) 8362.24
2023-10-13 14:37:06,800 - tune.py [line:103] - INFO: Epoch 00100 | Time(s) 0.0764 | Val Loss 1.3716 | Val Acc 0.6615 | ETputs(KTEPS) 8215.15
2023-10-13 14:37:08,271 - tune.py [line:103] - INFO: Epoch 00120 | Time(s) 0.0759 | Val Loss 1.3290 | Val Acc 0.6813 | ETputs(KTEPS) 8266.50
2023-10-13 14:37:09,790 - tune.py [line:103] - INFO: Epoch 00140 | Time(s) 0.0759 | Val Loss 1.2938 | Val Acc 0.6747 | ETputs(KTEPS) 8265.95
2023-10-13 14:37:11,329 - tune.py [line:103] - INFO: Epoch 00160 | Time(s) 0.0760 | Val Loss 1.2724 | Val Acc 0.6769 | ETputs(KTEPS) 8251.78
2023-10-13 14:37:12,829 - tune.py [line:103] - INFO: Epoch 00180 | Time(s) 0.0759 | Val Loss 1.2433 | Val Acc 0.6549 | ETputs(KTEPS) 8264.69
2023-10-13 14:37:14,364 - tune.py [line:103] - INFO: Epoch 00200 | Time(s) 0.0760 | Val Loss 1.2197 | Val Acc 0.6571 | ETputs(KTEPS) 8256.13
2023-10-13 14:37:15,811 - tune.py [line:103] - INFO: Epoch 00220 | Time(s) 0.0757 | Val Loss 1.2131 | Val Acc 0.6462 | ETputs(KTEPS) 8292.65
2023-10-13 14:37:17,488 - tune.py [line:103] - INFO: Epoch 00240 | Time(s) 0.0763 | Val Loss 1.1981 | Val Acc 0.6527 | ETputs(KTEPS) 8218.75
2023-10-13 14:37:18,987 - tune.py [line:103] - INFO: Epoch 00260 | Time(s) 0.0762 | Val Loss 1.1817 | Val Acc 0.6549 | ETputs(KTEPS) 8230.20
2023-10-13 14:37:20,538 - tune.py [line:103] - INFO: Epoch 00280 | Time(s) 0.0763 | Val Loss 1.1654 | Val Acc 0.6418 | ETputs(KTEPS) 8220.21
2023-10-13 14:37:22,180 - tune.py [line:103] - INFO: Epoch 00300 | Time(s) 0.0767 | Val Loss 1.1537 | Val Acc 0.6484 | ETputs(KTEPS) 8179.24
2023-10-13 14:37:23,703 - tune.py [line:103] - INFO: Epoch 00320 | Time(s) 0.0767 | Val Loss 1.1629 | Val Acc 0.6242 | ETputs(KTEPS) 8183.17
2023-10-13 14:37:25,469 - tune.py [line:103] - INFO: Epoch 00340 | Time(s) 0.0774 | Val Loss 1.1454 | Val Acc 0.6374 | ETputs(KTEPS) 8110.90
2023-10-13 14:37:26,968 - tune.py [line:103] - INFO: Epoch 00360 | Time(s) 0.0772 | Val Loss 1.1552 | Val Acc 0.6462 | ETputs(KTEPS) 8125.19
2023-10-13 14:37:28,804 - tune.py [line:103] - INFO: Epoch 00380 | Time(s) 0.0780 | Val Loss 1.1514 | Val Acc 0.6264 | ETputs(KTEPS) 8045.54
2023-10-13 14:37:29,015 - tune.py [line:117] - INFO: [FINAL MODEL] Val accuracy 69.45% \Val loss: 1.4
2023-10-13 14:37:29,027 - tune.py [line:119] - INFO: [FINAL MODEL] Test accuracy 67.83% \Test loss: 1.4
2023-10-13 14:37:29,027 - tune.py [line:144] - INFO: Acc on the first split (Validation Set): 0.6945
2023-10-13 14:37:29,027 - tune.py [line:145] - INFO: Acc on the first split (Test Set): 0.6783
