2023-10-13 14:34:15,020 - tune.py [line:203] - INFO: Namespace(seed=42, model='NormalNNV2', gpu=1, dataset='geom-chameleon', logging=True, log_detail=True, log_detailedCh=False, id_log=1013014502, optuna_n_trials=202, n_epochs=2000, self_loop=False, udgraph=True, early_stop=True, patience=300, n_hidden=64, n_cv=1, start_cv=0, n_layers=8, lr1=0.02, lr2=0.02, wd1=1e-06, wd2=1e-05, dropout=0.3, dropout2=0.5, es_ckpt='woselfloop-geom-chameleon_NormalNNV2-geom-chameleon_trialNo78')
2023-10-13 14:34:15,765 - tune.py [line:128] - INFO: Split_seeds:[1824]
2023-10-13 14:34:15,765 - tune.py [line:129] - INFO: Model_seeds:[409]
2023-10-13 14:34:16,904 - tune.py [line:103] - INFO: Epoch 00020 | Time(s) 0.0548 | Val Loss 1.5789 | Val Acc 0.6440 | ETputs(KTEPS) 11441.82
2023-10-13 14:34:17,900 - tune.py [line:103] - INFO: Epoch 00040 | Time(s) 0.0520 | Val Loss 1.5513 | Val Acc 0.6615 | ETputs(KTEPS) 12071.65
2023-10-13 14:34:18,793 - tune.py [line:103] - INFO: Epoch 00060 | Time(s) 0.0494 | Val Loss 1.5237 | Val Acc 0.6813 | ETputs(KTEPS) 12691.63
2023-10-13 14:34:19,787 - tune.py [line:103] - INFO: Epoch 00080 | Time(s) 0.0495 | Val Loss 1.4977 | Val Acc 0.6703 | ETputs(KTEPS) 12674.49
2023-10-13 14:34:20,635 - tune.py [line:103] - INFO: Epoch 00100 | Time(s) 0.0481 | Val Loss 1.4689 | Val Acc 0.6593 | ETputs(KTEPS) 13050.87
2023-10-13 14:34:21,556 - tune.py [line:103] - INFO: Epoch 00120 | Time(s) 0.0477 | Val Loss 1.4443 | Val Acc 0.6725 | ETputs(KTEPS) 13145.24
2023-10-13 14:34:22,578 - tune.py [line:103] - INFO: Epoch 00140 | Time(s) 0.0482 | Val Loss 1.4236 | Val Acc 0.6659 | ETputs(KTEPS) 13014.50
2023-10-13 14:34:23,464 - tune.py [line:103] - INFO: Epoch 00160 | Time(s) 0.0477 | Val Loss 1.4071 | Val Acc 0.6505 | ETputs(KTEPS) 13148.53
2023-10-13 14:34:24,431 - tune.py [line:103] - INFO: Epoch 00180 | Time(s) 0.0478 | Val Loss 1.3874 | Val Acc 0.6440 | ETputs(KTEPS) 13129.95
2023-10-13 14:34:25,339 - tune.py [line:103] - INFO: Epoch 00200 | Time(s) 0.0475 | Val Loss 1.3669 | Val Acc 0.6484 | ETputs(KTEPS) 13196.51
2023-10-13 14:34:26,344 - tune.py [line:103] - INFO: Epoch 00220 | Time(s) 0.0478 | Val Loss 1.3512 | Val Acc 0.6396 | ETputs(KTEPS) 13129.01
2023-10-13 14:34:27,368 - tune.py [line:103] - INFO: Epoch 00240 | Time(s) 0.0481 | Val Loss 1.3323 | Val Acc 0.6505 | ETputs(KTEPS) 13051.43
2023-10-13 14:34:28,184 - tune.py [line:103] - INFO: Epoch 00260 | Time(s) 0.0475 | Val Loss 1.3199 | Val Acc 0.6418 | ETputs(KTEPS) 13205.86
2023-10-13 14:34:29,121 - tune.py [line:103] - INFO: Epoch 00280 | Time(s) 0.0475 | Val Loss 1.3071 | Val Acc 0.6440 | ETputs(KTEPS) 13219.68
2023-10-13 14:34:30,062 - tune.py [line:103] - INFO: Epoch 00300 | Time(s) 0.0474 | Val Loss 1.2920 | Val Acc 0.6440 | ETputs(KTEPS) 13227.50
2023-10-13 14:34:31,171 - tune.py [line:103] - INFO: Epoch 00320 | Time(s) 0.0479 | Val Loss 1.2839 | Val Acc 0.6571 | ETputs(KTEPS) 13090.13
2023-10-13 14:34:32,285 - tune.py [line:103] - INFO: Epoch 00340 | Time(s) 0.0484 | Val Loss 1.2798 | Val Acc 0.6264 | ETputs(KTEPS) 12966.69
2023-10-13 14:34:33,302 - tune.py [line:117] - INFO: [FINAL MODEL] Val accuracy 69.01% \Val loss: 1.5
2023-10-13 14:34:33,309 - tune.py [line:119] - INFO: [FINAL MODEL] Test accuracy 68.27% \Test loss: 1.5
2023-10-13 14:34:33,309 - tune.py [line:144] - INFO: Acc on the first split (Validation Set): 0.6901
2023-10-13 14:34:33,310 - tune.py [line:145] - INFO: Acc on the first split (Test Set): 0.6827
