2023-10-13 14:49:20,313 - tune.py [line:203] - INFO: Namespace(seed=42, model='NormalNNV2', gpu=1, dataset='geom-chameleon', logging=True, log_detail=True, log_detailedCh=False, id_log=1013014502, optuna_n_trials=202, n_epochs=2000, self_loop=False, udgraph=True, early_stop=True, patience=300, n_hidden=64, n_cv=1, start_cv=0, n_layers=12, lr1=0.02, lr2=0.03, wd1=1e-07, wd2=0.0001, dropout=0.3, dropout2=0.6, es_ckpt='woselfloop-geom-chameleon_NormalNNV2-geom-chameleon_trialNo191')
2023-10-13 14:49:21,067 - tune.py [line:128] - INFO: Split_seeds:[1824]
2023-10-13 14:49:21,067 - tune.py [line:129] - INFO: Model_seeds:[409]
2023-10-13 14:49:22,383 - tune.py [line:103] - INFO: Epoch 00020 | Time(s) 0.0638 | Val Loss 1.5651 | Val Acc 0.6681 | ETputs(KTEPS) 9837.82
2023-10-13 14:49:23,761 - tune.py [line:103] - INFO: Epoch 00040 | Time(s) 0.0660 | Val Loss 1.5181 | Val Acc 0.6725 | ETputs(KTEPS) 9504.71
2023-10-13 14:49:25,015 - tune.py [line:103] - INFO: Epoch 00060 | Time(s) 0.0649 | Val Loss 1.4774 | Val Acc 0.6901 | ETputs(KTEPS) 9674.03
2023-10-13 14:49:26,242 - tune.py [line:103] - INFO: Epoch 00080 | Time(s) 0.0640 | Val Loss 1.4449 | Val Acc 0.6615 | ETputs(KTEPS) 9807.01
2023-10-13 14:49:27,348 - tune.py [line:103] - INFO: Epoch 00100 | Time(s) 0.0622 | Val Loss 1.4106 | Val Acc 0.6681 | ETputs(KTEPS) 10080.84
2023-10-13 14:49:28,576 - tune.py [line:103] - INFO: Epoch 00120 | Time(s) 0.0621 | Val Loss 1.3788 | Val Acc 0.6615 | ETputs(KTEPS) 10105.27
2023-10-13 14:49:29,752 - tune.py [line:103] - INFO: Epoch 00140 | Time(s) 0.0616 | Val Loss 1.3550 | Val Acc 0.6615 | ETputs(KTEPS) 10182.84
2023-10-13 14:49:30,856 - tune.py [line:103] - INFO: Epoch 00160 | Time(s) 0.0608 | Val Loss 1.3312 | Val Acc 0.6637 | ETputs(KTEPS) 10317.75
2023-10-13 14:49:32,176 - tune.py [line:103] - INFO: Epoch 00180 | Time(s) 0.0614 | Val Loss 1.3082 | Val Acc 0.6593 | ETputs(KTEPS) 10221.57
2023-10-13 14:49:33,370 - tune.py [line:103] - INFO: Epoch 00200 | Time(s) 0.0612 | Val Loss 1.2897 | Val Acc 0.6571 | ETputs(KTEPS) 10249.72
2023-10-13 14:49:34,607 - tune.py [line:103] - INFO: Epoch 00220 | Time(s) 0.0613 | Val Loss 1.2761 | Val Acc 0.6505 | ETputs(KTEPS) 10240.51
2023-10-13 14:49:35,855 - tune.py [line:103] - INFO: Epoch 00240 | Time(s) 0.0614 | Val Loss 1.2594 | Val Acc 0.6637 | ETputs(KTEPS) 10224.86
2023-10-13 14:49:36,971 - tune.py [line:103] - INFO: Epoch 00260 | Time(s) 0.0609 | Val Loss 1.2476 | Val Acc 0.6615 | ETputs(KTEPS) 10296.97
2023-10-13 14:49:38,107 - tune.py [line:103] - INFO: Epoch 00280 | Time(s) 0.0606 | Val Loss 1.2338 | Val Acc 0.6527 | ETputs(KTEPS) 10347.79
2023-10-13 14:49:39,145 - tune.py [line:103] - INFO: Epoch 00300 | Time(s) 0.0601 | Val Loss 1.2222 | Val Acc 0.6615 | ETputs(KTEPS) 10448.04
2023-10-13 14:49:40,343 - tune.py [line:103] - INFO: Epoch 00320 | Time(s) 0.0600 | Val Loss 1.2097 | Val Acc 0.6703 | ETputs(KTEPS) 10450.04
2023-10-13 14:49:41,559 - tune.py [line:103] - INFO: Epoch 00340 | Time(s) 0.0601 | Val Loss 1.1985 | Val Acc 0.6615 | ETputs(KTEPS) 10442.30
2023-10-13 14:49:42,425 - tune.py [line:117] - INFO: [FINAL MODEL] Val accuracy 70.99% \Val loss: 1.5
2023-10-13 14:49:42,435 - tune.py [line:119] - INFO: [FINAL MODEL] Test accuracy 67.61% \Test loss: 1.5
2023-10-13 14:49:42,436 - tune.py [line:144] - INFO: Acc on the first split (Validation Set): 0.7099
2023-10-13 14:49:42,436 - tune.py [line:145] - INFO: Acc on the first split (Test Set): 0.6761
