2023-10-13 14:46:52,321 - tune.py [line:203] - INFO: Namespace(seed=42, model='NormalNNV2', gpu=1, dataset='geom-chameleon', logging=True, log_detail=True, log_detailedCh=False, id_log=1013014502, optuna_n_trials=202, n_epochs=2000, self_loop=False, udgraph=True, early_stop=True, patience=300, n_hidden=64, n_cv=1, start_cv=0, n_layers=12, lr1=0.03, lr2=0.02, wd1=1e-07, wd2=0.0001, dropout=0.3, dropout2=0.4, es_ckpt='woselfloop-geom-chameleon_NormalNNV2-geom-chameleon_trialNo176')
2023-10-13 14:46:53,164 - tune.py [line:128] - INFO: Split_seeds:[1824]
2023-10-13 14:46:53,164 - tune.py [line:129] - INFO: Model_seeds:[409]
2023-10-13 14:46:54,421 - tune.py [line:103] - INFO: Epoch 00020 | Time(s) 0.0609 | Val Loss 1.5742 | Val Acc 0.7033 | ETputs(KTEPS) 10299.63
2023-10-13 14:46:55,491 - tune.py [line:103] - INFO: Epoch 00040 | Time(s) 0.0572 | Val Loss 1.5454 | Val Acc 0.7011 | ETputs(KTEPS) 10971.30
2023-10-13 14:46:56,737 - tune.py [line:103] - INFO: Epoch 00060 | Time(s) 0.0589 | Val Loss 1.5156 | Val Acc 0.6989 | ETputs(KTEPS) 10655.94
2023-10-13 14:46:57,987 - tune.py [line:103] - INFO: Epoch 00080 | Time(s) 0.0598 | Val Loss 1.4888 | Val Acc 0.6901 | ETputs(KTEPS) 10495.59
2023-10-13 14:46:59,034 - tune.py [line:103] - INFO: Epoch 00100 | Time(s) 0.0583 | Val Loss 1.4595 | Val Acc 0.6791 | ETputs(KTEPS) 10762.93
2023-10-13 14:47:00,197 - tune.py [line:103] - INFO: Epoch 00120 | Time(s) 0.0583 | Val Loss 1.4324 | Val Acc 0.6747 | ETputs(KTEPS) 10769.28
2023-10-13 14:47:01,332 - tune.py [line:103] - INFO: Epoch 00140 | Time(s) 0.0580 | Val Loss 1.4102 | Val Acc 0.6769 | ETputs(KTEPS) 10809.80
2023-10-13 14:47:02,534 - tune.py [line:103] - INFO: Epoch 00160 | Time(s) 0.0583 | Val Loss 1.3887 | Val Acc 0.6703 | ETputs(KTEPS) 10762.52
2023-10-13 14:47:03,721 - tune.py [line:103] - INFO: Epoch 00180 | Time(s) 0.0584 | Val Loss 1.3709 | Val Acc 0.6703 | ETputs(KTEPS) 10740.67
2023-10-13 14:47:04,740 - tune.py [line:103] - INFO: Epoch 00200 | Time(s) 0.0577 | Val Loss 1.3487 | Val Acc 0.6725 | ETputs(KTEPS) 10880.24
2023-10-13 14:47:06,012 - tune.py [line:103] - INFO: Epoch 00220 | Time(s) 0.0582 | Val Loss 1.3336 | Val Acc 0.6791 | ETputs(KTEPS) 10780.16
2023-10-13 14:47:07,260 - tune.py [line:103] - INFO: Epoch 00240 | Time(s) 0.0585 | Val Loss 1.3253 | Val Acc 0.6681 | ETputs(KTEPS) 10716.21
2023-10-13 14:47:08,475 - tune.py [line:103] - INFO: Epoch 00260 | Time(s) 0.0587 | Val Loss 1.3030 | Val Acc 0.6725 | ETputs(KTEPS) 10685.46
2023-10-13 14:47:09,521 - tune.py [line:103] - INFO: Epoch 00280 | Time(s) 0.0583 | Val Loss 1.2939 | Val Acc 0.6505 | ETputs(KTEPS) 10770.06
2023-10-13 14:47:10,763 - tune.py [line:103] - INFO: Epoch 00300 | Time(s) 0.0585 | Val Loss 1.2834 | Val Acc 0.6549 | ETputs(KTEPS) 10722.93
2023-10-13 14:47:11,918 - tune.py [line:117] - INFO: [FINAL MODEL] Val accuracy 70.33% \Val loss: 1.6
2023-10-13 14:47:11,927 - tune.py [line:119] - INFO: [FINAL MODEL] Test accuracy 68.93% \Test loss: 1.6
2023-10-13 14:47:11,928 - tune.py [line:144] - INFO: Acc on the first split (Validation Set): 0.7033
2023-10-13 14:47:11,928 - tune.py [line:145] - INFO: Acc on the first split (Test Set): 0.6893
