2023-10-13 14:22:42,673 - tune.py [line:203] - INFO: Namespace(seed=42, model='NormalNNV2', gpu=1, dataset='geom-chameleon', logging=True, log_detail=True, log_detailedCh=False, id_log=1013014502, optuna_n_trials=202, n_epochs=2000, self_loop=False, udgraph=True, early_stop=True, patience=300, n_hidden=64, n_cv=1, start_cv=0, n_layers=20, lr1=0.0005, lr2=0.02, wd1=0.001, wd2=0.001, dropout=0.0, dropout2=0.3, es_ckpt='woselfloop-geom-chameleon_NormalNNV2-geom-chameleon_trialNo12')
2023-10-13 14:22:45,911 - tune.py [line:128] - INFO: Split_seeds:[1824]
2023-10-13 14:22:45,911 - tune.py [line:129] - INFO: Model_seeds:[409]
2023-10-13 14:22:48,623 - tune.py [line:103] - INFO: Epoch 00020 | Time(s) 0.1338 | Val Loss 1.5991 | Val Acc 0.3451 | ETputs(KTEPS) 4689.73
2023-10-13 14:22:50,318 - tune.py [line:103] - INFO: Epoch 00040 | Time(s) 0.1086 | Val Loss 1.5868 | Val Acc 0.4374 | ETputs(KTEPS) 5779.65
2023-10-13 14:22:52,003 - tune.py [line:103] - INFO: Epoch 00060 | Time(s) 0.0999 | Val Loss 1.5683 | Val Acc 0.5560 | ETputs(KTEPS) 6282.70
2023-10-13 14:22:53,672 - tune.py [line:103] - INFO: Epoch 00080 | Time(s) 0.0956 | Val Loss 1.5427 | Val Acc 0.6132 | ETputs(KTEPS) 6566.37
2023-10-13 14:22:55,289 - tune.py [line:103] - INFO: Epoch 00100 | Time(s) 0.0925 | Val Loss 1.5166 | Val Acc 0.6264 | ETputs(KTEPS) 6783.86
2023-10-13 14:22:57,037 - tune.py [line:103] - INFO: Epoch 00120 | Time(s) 0.0916 | Val Loss 1.5040 | Val Acc 0.6374 | ETputs(KTEPS) 6851.01
2023-10-13 14:22:58,925 - tune.py [line:103] - INFO: Epoch 00140 | Time(s) 0.0919 | Val Loss 1.4972 | Val Acc 0.6484 | ETputs(KTEPS) 6827.40
2023-10-13 14:23:00,445 - tune.py [line:103] - INFO: Epoch 00160 | Time(s) 0.0899 | Val Loss 1.4997 | Val Acc 0.6396 | ETputs(KTEPS) 6978.72
2023-10-13 14:23:02,177 - tune.py [line:103] - INFO: Epoch 00180 | Time(s) 0.0895 | Val Loss 1.5069 | Val Acc 0.6505 | ETputs(KTEPS) 7007.51
2023-10-13 14:23:03,915 - tune.py [line:103] - INFO: Epoch 00200 | Time(s) 0.0893 | Val Loss 1.5181 | Val Acc 0.6198 | ETputs(KTEPS) 7028.62
2023-10-13 14:23:05,533 - tune.py [line:103] - INFO: Epoch 00220 | Time(s) 0.0885 | Val Loss 1.5287 | Val Acc 0.6110 | ETputs(KTEPS) 7089.06
2023-10-13 14:23:07,124 - tune.py [line:103] - INFO: Epoch 00240 | Time(s) 0.0878 | Val Loss 1.5375 | Val Acc 0.5714 | ETputs(KTEPS) 7149.63
2023-10-13 14:23:08,606 - tune.py [line:103] - INFO: Epoch 00260 | Time(s) 0.0867 | Val Loss 1.5430 | Val Acc 0.5407 | ETputs(KTEPS) 7236.68
2023-10-13 14:23:10,214 - tune.py [line:103] - INFO: Epoch 00280 | Time(s) 0.0863 | Val Loss 1.5471 | Val Acc 0.5758 | ETputs(KTEPS) 7274.42
2023-10-13 14:23:11,713 - tune.py [line:103] - INFO: Epoch 00300 | Time(s) 0.0855 | Val Loss 1.5523 | Val Acc 0.5297 | ETputs(KTEPS) 7338.62
2023-10-13 14:23:13,133 - tune.py [line:103] - INFO: Epoch 00320 | Time(s) 0.0846 | Val Loss 1.5588 | Val Acc 0.5165 | ETputs(KTEPS) 7417.54
2023-10-13 14:23:14,670 - tune.py [line:103] - INFO: Epoch 00340 | Time(s) 0.0841 | Val Loss 1.5531 | Val Acc 0.5275 | ETputs(KTEPS) 7457.82
2023-10-13 14:23:16,174 - tune.py [line:103] - INFO: Epoch 00360 | Time(s) 0.0836 | Val Loss 1.5618 | Val Acc 0.5033 | ETputs(KTEPS) 7502.04
2023-10-13 14:23:17,736 - tune.py [line:103] - INFO: Epoch 00380 | Time(s) 0.0833 | Val Loss 1.5612 | Val Acc 0.5099 | ETputs(KTEPS) 7528.51
2023-10-13 14:23:19,213 - tune.py [line:103] - INFO: Epoch 00400 | Time(s) 0.0829 | Val Loss 1.5627 | Val Acc 0.5033 | ETputs(KTEPS) 7571.62
2023-10-13 14:23:20,810 - tune.py [line:103] - INFO: Epoch 00420 | Time(s) 0.0827 | Val Loss 1.5646 | Val Acc 0.4769 | ETputs(KTEPS) 7585.09
2023-10-13 14:23:21,412 - tune.py [line:117] - INFO: [FINAL MODEL] Val accuracy 66.59% \Val loss: 1.5
2023-10-13 14:23:21,425 - tune.py [line:119] - INFO: [FINAL MODEL] Test accuracy 66.30% \Test loss: 1.5
2023-10-13 14:23:21,426 - tune.py [line:144] - INFO: Acc on the first split (Validation Set): 0.6659
2023-10-13 14:23:21,426 - tune.py [line:145] - INFO: Acc on the first split (Test Set): 0.6630
