2023-10-13 14:48:36,655 - tune.py [line:203] - INFO: Namespace(seed=42, model='NormalNNV2', gpu=1, dataset='geom-chameleon', logging=True, log_detail=True, log_detailedCh=False, id_log=1013014502, optuna_n_trials=202, n_epochs=2000, self_loop=False, udgraph=True, early_stop=True, patience=300, n_hidden=64, n_cv=1, start_cv=0, n_layers=12, lr1=0.02, lr2=0.02, wd1=1e-07, wd2=0.0001, dropout=0.3, dropout2=0.6, es_ckpt='woselfloop-geom-chameleon_NormalNNV2-geom-chameleon_trialNo187')
2023-10-13 14:48:37,394 - tune.py [line:128] - INFO: Split_seeds:[1824]
2023-10-13 14:48:37,395 - tune.py [line:129] - INFO: Model_seeds:[409]
2023-10-13 14:48:38,691 - tune.py [line:103] - INFO: Epoch 00020 | Time(s) 0.0630 | Val Loss 1.5751 | Val Acc 0.6703 | ETputs(KTEPS) 9956.92
2023-10-13 14:48:39,744 - tune.py [line:103] - INFO: Epoch 00040 | Time(s) 0.0574 | Val Loss 1.5441 | Val Acc 0.7077 | ETputs(KTEPS) 10931.20
2023-10-13 14:48:40,812 - tune.py [line:103] - INFO: Epoch 00060 | Time(s) 0.0561 | Val Loss 1.5154 | Val Acc 0.6791 | ETputs(KTEPS) 11192.83
2023-10-13 14:48:41,972 - tune.py [line:103] - INFO: Epoch 00080 | Time(s) 0.0565 | Val Loss 1.4913 | Val Acc 0.6440 | ETputs(KTEPS) 11098.13
2023-10-13 14:48:43,106 - tune.py [line:103] - INFO: Epoch 00100 | Time(s) 0.0566 | Val Loss 1.4637 | Val Acc 0.6681 | ETputs(KTEPS) 11092.12
2023-10-13 14:48:44,154 - tune.py [line:103] - INFO: Epoch 00120 | Time(s) 0.0559 | Val Loss 1.4402 | Val Acc 0.6593 | ETputs(KTEPS) 11230.51
2023-10-13 14:48:45,471 - tune.py [line:103] - INFO: Epoch 00140 | Time(s) 0.0573 | Val Loss 1.4217 | Val Acc 0.6725 | ETputs(KTEPS) 10951.64
2023-10-13 14:48:46,602 - tune.py [line:103] - INFO: Epoch 00160 | Time(s) 0.0572 | Val Loss 1.3990 | Val Acc 0.6747 | ETputs(KTEPS) 10970.50
2023-10-13 14:48:47,658 - tune.py [line:103] - INFO: Epoch 00180 | Time(s) 0.0567 | Val Loss 1.3838 | Val Acc 0.6440 | ETputs(KTEPS) 11064.94
2023-10-13 14:48:48,828 - tune.py [line:103] - INFO: Epoch 00200 | Time(s) 0.0569 | Val Loss 1.3669 | Val Acc 0.6637 | ETputs(KTEPS) 11030.80
2023-10-13 14:48:49,806 - tune.py [line:103] - INFO: Epoch 00220 | Time(s) 0.0562 | Val Loss 1.3537 | Val Acc 0.6593 | ETputs(KTEPS) 11173.33
2023-10-13 14:48:51,078 - tune.py [line:103] - INFO: Epoch 00240 | Time(s) 0.0568 | Val Loss 1.3415 | Val Acc 0.6637 | ETputs(KTEPS) 11052.25
2023-10-13 14:48:52,366 - tune.py [line:103] - INFO: Epoch 00260 | Time(s) 0.0574 | Val Loss 1.3275 | Val Acc 0.6330 | ETputs(KTEPS) 10939.06
2023-10-13 14:48:53,453 - tune.py [line:103] - INFO: Epoch 00280 | Time(s) 0.0571 | Val Loss 1.3178 | Val Acc 0.6462 | ETputs(KTEPS) 10980.76
2023-10-13 14:48:54,674 - tune.py [line:103] - INFO: Epoch 00300 | Time(s) 0.0574 | Val Loss 1.3077 | Val Acc 0.6352 | ETputs(KTEPS) 10931.14
2023-10-13 14:48:55,736 - tune.py [line:103] - INFO: Epoch 00320 | Time(s) 0.0571 | Val Loss 1.2926 | Val Acc 0.6462 | ETputs(KTEPS) 10982.76
2023-10-13 14:48:56,849 - tune.py [line:117] - INFO: [FINAL MODEL] Val accuracy 71.21% \Val loss: 1.5
2023-10-13 14:48:56,857 - tune.py [line:119] - INFO: [FINAL MODEL] Test accuracy 68.93% \Test loss: 1.5
2023-10-13 14:48:56,857 - tune.py [line:144] - INFO: Acc on the first split (Validation Set): 0.7121
2023-10-13 14:48:56,857 - tune.py [line:145] - INFO: Acc on the first split (Test Set): 0.6893
