2023-10-13 14:43:46,824 - tune.py [line:203] - INFO: Namespace(seed=42, model='NormalNNV2', gpu=1, dataset='geom-chameleon', logging=True, log_detail=True, log_detailedCh=False, id_log=1013014502, optuna_n_trials=202, n_epochs=2000, self_loop=False, udgraph=True, early_stop=True, patience=300, n_hidden=64, n_cv=1, start_cv=0, n_layers=16, lr1=0.05, lr2=0.02, wd1=1e-07, wd2=0.001, dropout=0.0, dropout2=0.4, es_ckpt='woselfloop-geom-chameleon_NormalNNV2-geom-chameleon_trialNo163')
2023-10-13 14:43:47,688 - tune.py [line:128] - INFO: Split_seeds:[1824]
2023-10-13 14:43:47,688 - tune.py [line:129] - INFO: Model_seeds:[409]
2023-10-13 14:43:49,189 - tune.py [line:103] - INFO: Epoch 00020 | Time(s) 0.0733 | Val Loss 1.5800 | Val Acc 0.6527 | ETputs(KTEPS) 8557.84
2023-10-13 14:43:50,520 - tune.py [line:103] - INFO: Epoch 00040 | Time(s) 0.0696 | Val Loss 1.5527 | Val Acc 0.6813 | ETputs(KTEPS) 9010.96
2023-10-13 14:43:51,919 - tune.py [line:103] - INFO: Epoch 00060 | Time(s) 0.0697 | Val Loss 1.5291 | Val Acc 0.6967 | ETputs(KTEPS) 8998.45
2023-10-13 14:43:53,346 - tune.py [line:103] - INFO: Epoch 00080 | Time(s) 0.0701 | Val Loss 1.5130 | Val Acc 0.6659 | ETputs(KTEPS) 8951.49
2023-10-13 14:43:54,675 - tune.py [line:103] - INFO: Epoch 00100 | Time(s) 0.0693 | Val Loss 1.5030 | Val Acc 0.6835 | ETputs(KTEPS) 9049.54
2023-10-13 14:43:56,093 - tune.py [line:103] - INFO: Epoch 00120 | Time(s) 0.0696 | Val Loss 1.4954 | Val Acc 0.6835 | ETputs(KTEPS) 9015.65
2023-10-13 14:43:57,335 - tune.py [line:103] - INFO: Epoch 00140 | Time(s) 0.0685 | Val Loss 1.4920 | Val Acc 0.6989 | ETputs(KTEPS) 9156.56
2023-10-13 14:43:58,720 - tune.py [line:103] - INFO: Epoch 00160 | Time(s) 0.0686 | Val Loss 1.4885 | Val Acc 0.7143 | ETputs(KTEPS) 9150.06
2023-10-13 14:44:00,073 - tune.py [line:103] - INFO: Epoch 00180 | Time(s) 0.0685 | Val Loss 1.4825 | Val Acc 0.7011 | ETputs(KTEPS) 9164.41
2023-10-13 14:44:01,477 - tune.py [line:103] - INFO: Epoch 00200 | Time(s) 0.0686 | Val Loss 1.4854 | Val Acc 0.6989 | ETputs(KTEPS) 9141.31
2023-10-13 14:44:03,005 - tune.py [line:103] - INFO: Epoch 00220 | Time(s) 0.0693 | Val Loss 1.4874 | Val Acc 0.6923 | ETputs(KTEPS) 9048.82
2023-10-13 14:44:04,238 - tune.py [line:103] - INFO: Epoch 00240 | Time(s) 0.0687 | Val Loss 1.4890 | Val Acc 0.6945 | ETputs(KTEPS) 9134.43
2023-10-13 14:44:05,612 - tune.py [line:103] - INFO: Epoch 00260 | Time(s) 0.0687 | Val Loss 1.4891 | Val Acc 0.6835 | ETputs(KTEPS) 9134.67
2023-10-13 14:44:06,949 - tune.py [line:103] - INFO: Epoch 00280 | Time(s) 0.0686 | Val Loss 1.4897 | Val Acc 0.6945 | ETputs(KTEPS) 9152.36
2023-10-13 14:44:08,429 - tune.py [line:103] - INFO: Epoch 00300 | Time(s) 0.0689 | Val Loss 1.4920 | Val Acc 0.7099 | ETputs(KTEPS) 9104.26
2023-10-13 14:44:10,013 - tune.py [line:103] - INFO: Epoch 00320 | Time(s) 0.0696 | Val Loss 1.4922 | Val Acc 0.7011 | ETputs(KTEPS) 9020.29
2023-10-13 14:44:11,303 - tune.py [line:103] - INFO: Epoch 00340 | Time(s) 0.0693 | Val Loss 1.4950 | Val Acc 0.6901 | ETputs(KTEPS) 9059.30
2023-10-13 14:44:12,616 - tune.py [line:103] - INFO: Epoch 00360 | Time(s) 0.0691 | Val Loss 1.4972 | Val Acc 0.6835 | ETputs(KTEPS) 9086.00
2023-10-13 14:44:14,122 - tune.py [line:103] - INFO: Epoch 00380 | Time(s) 0.0694 | Val Loss 1.5006 | Val Acc 0.6901 | ETputs(KTEPS) 9043.01
2023-10-13 14:44:15,666 - tune.py [line:103] - INFO: Epoch 00400 | Time(s) 0.0698 | Val Loss 1.5014 | Val Acc 0.6967 | ETputs(KTEPS) 8992.48
2023-10-13 14:44:17,222 - tune.py [line:103] - INFO: Epoch 00420 | Time(s) 0.0702 | Val Loss 1.5010 | Val Acc 0.6989 | ETputs(KTEPS) 8943.72
2023-10-13 14:44:18,489 - tune.py [line:103] - INFO: Epoch 00440 | Time(s) 0.0698 | Val Loss 1.5036 | Val Acc 0.6835 | ETputs(KTEPS) 8983.51
2023-10-13 14:44:19,800 - tune.py [line:103] - INFO: Epoch 00460 | Time(s) 0.0697 | Val Loss 1.5052 | Val Acc 0.6879 | ETputs(KTEPS) 9007.62
2023-10-13 14:44:21,064 - tune.py [line:103] - INFO: Epoch 00480 | Time(s) 0.0694 | Val Loss 1.5062 | Val Acc 0.6989 | ETputs(KTEPS) 9042.67
2023-10-13 14:44:22,518 - tune.py [line:103] - INFO: Epoch 00500 | Time(s) 0.0695 | Val Loss 1.5039 | Val Acc 0.6901 | ETputs(KTEPS) 9025.46
2023-10-13 14:44:23,896 - tune.py [line:103] - INFO: Epoch 00520 | Time(s) 0.0695 | Val Loss 1.5083 | Val Acc 0.6945 | ETputs(KTEPS) 9028.91
2023-10-13 14:44:24,816 - tune.py [line:117] - INFO: [FINAL MODEL] Val accuracy 72.31% \Val loss: 1.5
2023-10-13 14:44:24,825 - tune.py [line:119] - INFO: [FINAL MODEL] Test accuracy 69.15% \Test loss: 1.5
2023-10-13 14:44:24,826 - tune.py [line:144] - INFO: Acc on the first split (Validation Set): 0.7231
2023-10-13 14:44:24,826 - tune.py [line:145] - INFO: Acc on the first split (Test Set): 0.6915
