2023-10-13 14:40:08,939 - tune.py [line:203] - INFO: Namespace(seed=42, model='NormalNNV2', gpu=1, dataset='geom-chameleon', logging=True, log_detail=True, log_detailedCh=False, id_log=1013014502, optuna_n_trials=202, n_epochs=2000, self_loop=False, udgraph=True, early_stop=True, patience=300, n_hidden=64, n_cv=1, start_cv=0, n_layers=16, lr1=0.01, lr2=0.03, wd1=1e-07, wd2=1e-05, dropout=0.1, dropout2=0.4, es_ckpt='woselfloop-geom-chameleon_NormalNNV2-geom-chameleon_trialNo116')
2023-10-13 14:40:09,690 - tune.py [line:128] - INFO: Split_seeds:[1824]
2023-10-13 14:40:09,690 - tune.py [line:129] - INFO: Model_seeds:[409]
2023-10-13 14:40:11,049 - tune.py [line:103] - INFO: Epoch 00020 | Time(s) 0.0665 | Val Loss 1.5645 | Val Acc 0.6747 | ETputs(KTEPS) 9435.47
2023-10-13 14:40:12,293 - tune.py [line:103] - INFO: Epoch 00040 | Time(s) 0.0641 | Val Loss 1.5142 | Val Acc 0.6791 | ETputs(KTEPS) 9788.82
2023-10-13 14:40:13,496 - tune.py [line:103] - INFO: Epoch 00060 | Time(s) 0.0628 | Val Loss 1.4653 | Val Acc 0.7077 | ETputs(KTEPS) 9998.22
2023-10-13 14:40:14,750 - tune.py [line:103] - INFO: Epoch 00080 | Time(s) 0.0627 | Val Loss 1.4223 | Val Acc 0.6813 | ETputs(KTEPS) 10005.83
2023-10-13 14:40:15,988 - tune.py [line:103] - INFO: Epoch 00100 | Time(s) 0.0625 | Val Loss 1.3780 | Val Acc 0.6703 | ETputs(KTEPS) 10032.24
2023-10-13 14:40:17,224 - tune.py [line:103] - INFO: Epoch 00120 | Time(s) 0.0624 | Val Loss 1.3397 | Val Acc 0.6725 | ETputs(KTEPS) 10053.19
2023-10-13 14:40:18,603 - tune.py [line:103] - INFO: Epoch 00140 | Time(s) 0.0633 | Val Loss 1.3059 | Val Acc 0.6813 | ETputs(KTEPS) 9905.13
2023-10-13 14:40:20,023 - tune.py [line:103] - INFO: Epoch 00160 | Time(s) 0.0643 | Val Loss 1.2703 | Val Acc 0.6879 | ETputs(KTEPS) 9757.91
2023-10-13 14:40:21,408 - tune.py [line:103] - INFO: Epoch 00180 | Time(s) 0.0648 | Val Loss 1.2496 | Val Acc 0.6659 | ETputs(KTEPS) 9676.11
2023-10-13 14:40:22,759 - tune.py [line:103] - INFO: Epoch 00200 | Time(s) 0.0651 | Val Loss 1.2122 | Val Acc 0.6725 | ETputs(KTEPS) 9635.81
2023-10-13 14:40:24,167 - tune.py [line:103] - INFO: Epoch 00220 | Time(s) 0.0656 | Val Loss 1.1935 | Val Acc 0.6901 | ETputs(KTEPS) 9565.65
2023-10-13 14:40:25,438 - tune.py [line:103] - INFO: Epoch 00240 | Time(s) 0.0654 | Val Loss 1.1768 | Val Acc 0.6769 | ETputs(KTEPS) 9590.71
2023-10-13 14:40:26,822 - tune.py [line:103] - INFO: Epoch 00260 | Time(s) 0.0657 | Val Loss 1.1645 | Val Acc 0.6769 | ETputs(KTEPS) 9548.54
2023-10-13 14:40:28,256 - tune.py [line:103] - INFO: Epoch 00280 | Time(s) 0.0661 | Val Loss 1.1490 | Val Acc 0.6703 | ETputs(KTEPS) 9486.90
2023-10-13 14:40:29,617 - tune.py [line:103] - INFO: Epoch 00300 | Time(s) 0.0663 | Val Loss 1.1387 | Val Acc 0.6615 | ETputs(KTEPS) 9469.01
2023-10-13 14:40:31,044 - tune.py [line:103] - INFO: Epoch 00320 | Time(s) 0.0666 | Val Loss 1.1392 | Val Acc 0.6440 | ETputs(KTEPS) 9424.06
2023-10-13 14:40:32,411 - tune.py [line:103] - INFO: Epoch 00340 | Time(s) 0.0667 | Val Loss 1.1201 | Val Acc 0.6484 | ETputs(KTEPS) 9409.55
2023-10-13 14:40:33,921 - tune.py [line:103] - INFO: Epoch 00360 | Time(s) 0.0672 | Val Loss 1.1276 | Val Acc 0.6440 | ETputs(KTEPS) 9341.16
2023-10-13 14:40:33,937 - tune.py [line:117] - INFO: [FINAL MODEL] Val accuracy 70.77% \Val loss: 1.5
2023-10-13 14:40:33,952 - tune.py [line:119] - INFO: [FINAL MODEL] Test accuracy 71.33% \Test loss: 1.5
2023-10-13 14:40:33,952 - tune.py [line:144] - INFO: Acc on the first split (Validation Set): 0.7077
2023-10-13 14:40:33,952 - tune.py [line:145] - INFO: Acc on the first split (Test Set): 0.7133
