2023-10-13 14:48:17,353 - tune.py [line:203] - INFO: Namespace(seed=42, model='NormalNNV2', gpu=1, dataset='geom-chameleon', logging=True, log_detail=True, log_detailedCh=False, id_log=1013014502, optuna_n_trials=202, n_epochs=2000, self_loop=False, udgraph=True, early_stop=True, patience=300, n_hidden=64, n_cv=1, start_cv=0, n_layers=12, lr1=0.02, lr2=0.02, wd1=1e-07, wd2=0.0001, dropout=0.3, dropout2=0.5, es_ckpt='woselfloop-geom-chameleon_NormalNNV2-geom-chameleon_trialNo186')
2023-10-13 14:48:18,141 - tune.py [line:128] - INFO: Split_seeds:[1824]
2023-10-13 14:48:18,141 - tune.py [line:129] - INFO: Model_seeds:[409]
2023-10-13 14:48:19,383 - tune.py [line:103] - INFO: Epoch 00020 | Time(s) 0.0599 | Val Loss 1.5757 | Val Acc 0.6703 | ETputs(KTEPS) 10469.60
2023-10-13 14:48:20,451 - tune.py [line:103] - INFO: Epoch 00040 | Time(s) 0.0564 | Val Loss 1.5435 | Val Acc 0.6989 | ETputs(KTEPS) 11124.50
2023-10-13 14:48:21,578 - tune.py [line:103] - INFO: Epoch 00060 | Time(s) 0.0564 | Val Loss 1.5147 | Val Acc 0.7055 | ETputs(KTEPS) 11128.71
2023-10-13 14:48:22,706 - tune.py [line:103] - INFO: Epoch 00080 | Time(s) 0.0564 | Val Loss 1.4900 | Val Acc 0.6615 | ETputs(KTEPS) 11130.20
2023-10-13 14:48:23,769 - tune.py [line:103] - INFO: Epoch 00100 | Time(s) 0.0557 | Val Loss 1.4627 | Val Acc 0.6945 | ETputs(KTEPS) 11258.58
2023-10-13 14:48:24,795 - tune.py [line:103] - INFO: Epoch 00120 | Time(s) 0.0550 | Val Loss 1.4391 | Val Acc 0.6681 | ETputs(KTEPS) 11410.74
2023-10-13 14:48:25,926 - tune.py [line:103] - INFO: Epoch 00140 | Time(s) 0.0552 | Val Loss 1.4186 | Val Acc 0.6637 | ETputs(KTEPS) 11365.04
2023-10-13 14:48:26,982 - tune.py [line:103] - INFO: Epoch 00160 | Time(s) 0.0549 | Val Loss 1.3919 | Val Acc 0.6769 | ETputs(KTEPS) 11427.92
2023-10-13 14:48:28,161 - tune.py [line:103] - INFO: Epoch 00180 | Time(s) 0.0553 | Val Loss 1.3767 | Val Acc 0.6615 | ETputs(KTEPS) 11336.08
2023-10-13 14:48:29,225 - tune.py [line:103] - INFO: Epoch 00200 | Time(s) 0.0551 | Val Loss 1.3570 | Val Acc 0.6725 | ETputs(KTEPS) 11380.38
2023-10-13 14:48:30,397 - tune.py [line:103] - INFO: Epoch 00220 | Time(s) 0.0554 | Val Loss 1.3514 | Val Acc 0.6571 | ETputs(KTEPS) 11315.89
2023-10-13 14:48:31,571 - tune.py [line:103] - INFO: Epoch 00240 | Time(s) 0.0557 | Val Loss 1.3322 | Val Acc 0.6747 | ETputs(KTEPS) 11261.35
2023-10-13 14:48:32,533 - tune.py [line:103] - INFO: Epoch 00260 | Time(s) 0.0551 | Val Loss 1.3172 | Val Acc 0.6747 | ETputs(KTEPS) 11381.62
2023-10-13 14:48:33,591 - tune.py [line:103] - INFO: Epoch 00280 | Time(s) 0.0550 | Val Loss 1.3093 | Val Acc 0.6527 | ETputs(KTEPS) 11414.93
2023-10-13 14:48:34,520 - tune.py [line:103] - INFO: Epoch 00300 | Time(s) 0.0544 | Val Loss 1.3026 | Val Acc 0.6505 | ETputs(KTEPS) 11534.56
2023-10-13 14:48:35,723 - tune.py [line:103] - INFO: Epoch 00320 | Time(s) 0.0548 | Val Loss 1.2882 | Val Acc 0.6505 | ETputs(KTEPS) 11459.13
2023-10-13 14:48:36,329 - tune.py [line:117] - INFO: [FINAL MODEL] Val accuracy 72.09% \Val loss: 1.6
2023-10-13 14:48:36,336 - tune.py [line:119] - INFO: [FINAL MODEL] Test accuracy 69.80% \Test loss: 1.6
2023-10-13 14:48:36,337 - tune.py [line:144] - INFO: Acc on the first split (Validation Set): 0.7209
2023-10-13 14:48:36,337 - tune.py [line:145] - INFO: Acc on the first split (Test Set): 0.6980
