2023-10-13 14:28:49,440 - tune.py [line:203] - INFO: Namespace(seed=42, model='NormalNNV2', gpu=1, dataset='geom-chameleon', logging=True, log_detail=True, log_detailedCh=False, id_log=1013014502, optuna_n_trials=202, n_epochs=2000, self_loop=False, udgraph=True, early_stop=True, patience=300, n_hidden=64, n_cv=1, start_cv=0, n_layers=12, lr1=0.005, lr2=0.03, wd1=0.0001, wd2=1e-07, dropout=0.5, dropout2=0.0, es_ckpt='woselfloop-geom-chameleon_NormalNNV2-geom-chameleon_trialNo28')
2023-10-13 14:28:50,285 - tune.py [line:128] - INFO: Split_seeds:[1824]
2023-10-13 14:28:50,286 - tune.py [line:129] - INFO: Model_seeds:[409]
2023-10-13 14:28:51,472 - tune.py [line:103] - INFO: Epoch 00020 | Time(s) 0.0577 | Val Loss 1.5764 | Val Acc 0.5626 | ETputs(KTEPS) 10880.67
2023-10-13 14:28:52,541 - tune.py [line:103] - INFO: Epoch 00040 | Time(s) 0.0550 | Val Loss 1.5352 | Val Acc 0.6725 | ETputs(KTEPS) 11400.55
2023-10-13 14:28:53,756 - tune.py [line:103] - INFO: Epoch 00060 | Time(s) 0.0569 | Val Loss 1.4947 | Val Acc 0.6681 | ETputs(KTEPS) 11021.35
2023-10-13 14:28:54,909 - tune.py [line:103] - INFO: Epoch 00080 | Time(s) 0.0571 | Val Loss 1.4557 | Val Acc 0.6571 | ETputs(KTEPS) 10993.24
2023-10-13 14:28:56,182 - tune.py [line:103] - INFO: Epoch 00100 | Time(s) 0.0584 | Val Loss 1.4223 | Val Acc 0.6286 | ETputs(KTEPS) 10745.97
2023-10-13 14:28:57,304 - tune.py [line:103] - INFO: Epoch 00120 | Time(s) 0.0580 | Val Loss 1.3828 | Val Acc 0.6571 | ETputs(KTEPS) 10817.41
2023-10-13 14:28:58,324 - tune.py [line:103] - INFO: Epoch 00140 | Time(s) 0.0570 | Val Loss 1.3495 | Val Acc 0.6725 | ETputs(KTEPS) 11008.34
2023-10-13 14:28:59,575 - tune.py [line:103] - INFO: Epoch 00160 | Time(s) 0.0577 | Val Loss 1.3214 | Val Acc 0.6769 | ETputs(KTEPS) 10875.47
2023-10-13 14:29:00,660 - tune.py [line:103] - INFO: Epoch 00180 | Time(s) 0.0573 | Val Loss 1.2983 | Val Acc 0.6484 | ETputs(KTEPS) 10951.64
2023-10-13 14:29:01,864 - tune.py [line:103] - INFO: Epoch 00200 | Time(s) 0.0576 | Val Loss 1.2711 | Val Acc 0.6505 | ETputs(KTEPS) 10897.13
2023-10-13 14:29:03,192 - tune.py [line:103] - INFO: Epoch 00220 | Time(s) 0.0584 | Val Loss 1.2555 | Val Acc 0.6505 | ETputs(KTEPS) 10747.74
2023-10-13 14:29:04,287 - tune.py [line:103] - INFO: Epoch 00240 | Time(s) 0.0581 | Val Loss 1.2291 | Val Acc 0.6462 | ETputs(KTEPS) 10804.24
2023-10-13 14:29:05,339 - tune.py [line:103] - INFO: Epoch 00260 | Time(s) 0.0576 | Val Loss 1.2140 | Val Acc 0.6308 | ETputs(KTEPS) 10883.30
2023-10-13 14:29:06,239 - tune.py [line:103] - INFO: Epoch 00280 | Time(s) 0.0567 | Val Loss 1.1839 | Val Acc 0.6703 | ETputs(KTEPS) 11056.84
2023-10-13 14:29:07,566 - tune.py [line:103] - INFO: Epoch 00300 | Time(s) 0.0574 | Val Loss 1.1651 | Val Acc 0.6440 | ETputs(KTEPS) 10933.74
2023-10-13 14:29:08,718 - tune.py [line:103] - INFO: Epoch 00320 | Time(s) 0.0574 | Val Loss 1.1656 | Val Acc 0.6484 | ETputs(KTEPS) 10931.61
2023-10-13 14:29:10,050 - tune.py [line:103] - INFO: Epoch 00340 | Time(s) 0.0579 | Val Loss 1.1379 | Val Acc 0.6505 | ETputs(KTEPS) 10829.67
2023-10-13 14:29:11,169 - tune.py [line:103] - INFO: Epoch 00360 | Time(s) 0.0578 | Val Loss 1.1345 | Val Acc 0.6374 | ETputs(KTEPS) 10850.30
2023-10-13 14:29:12,396 - tune.py [line:103] - INFO: Epoch 00380 | Time(s) 0.0580 | Val Loss 1.0999 | Val Acc 0.6593 | ETputs(KTEPS) 10816.26
2023-10-13 14:29:13,534 - tune.py [line:103] - INFO: Epoch 00400 | Time(s) 0.0580 | Val Loss 1.0975 | Val Acc 0.6549 | ETputs(KTEPS) 10826.74
2023-10-13 14:29:14,549 - tune.py [line:103] - INFO: Epoch 00420 | Time(s) 0.0576 | Val Loss 1.0808 | Val Acc 0.6352 | ETputs(KTEPS) 10891.25
2023-10-13 14:29:15,877 - tune.py [line:103] - INFO: Epoch 00440 | Time(s) 0.0580 | Val Loss 1.0735 | Val Acc 0.6505 | ETputs(KTEPS) 10817.93
2023-10-13 14:29:17,182 - tune.py [line:103] - INFO: Epoch 00460 | Time(s) 0.0583 | Val Loss 1.0645 | Val Acc 0.6374 | ETputs(KTEPS) 10759.43
2023-10-13 14:29:17,807 - tune.py [line:117] - INFO: [FINAL MODEL] Val accuracy 68.13% \Val loss: 1.3
2023-10-13 14:29:17,814 - tune.py [line:119] - INFO: [FINAL MODEL] Test accuracy 68.93% \Test loss: 1.3
2023-10-13 14:29:17,814 - tune.py [line:144] - INFO: Acc on the first split (Validation Set): 0.6813
2023-10-13 14:29:17,815 - tune.py [line:145] - INFO: Acc on the first split (Test Set): 0.6893
