2023-10-13 14:31:25,538 - tune.py [line:203] - INFO: Namespace(seed=42, model='NormalNNV2', gpu=1, dataset='geom-chameleon', logging=True, log_detail=True, log_detailedCh=False, id_log=1013014502, optuna_n_trials=202, n_epochs=2000, self_loop=False, udgraph=True, early_stop=True, patience=300, n_hidden=64, n_cv=1, start_cv=0, n_layers=12, lr1=0.02, lr2=0.01, wd1=0.0001, wd2=1e-08, dropout=0.2, dropout2=0.7, es_ckpt='woselfloop-geom-chameleon_NormalNNV2-geom-chameleon_trialNo39')
2023-10-13 14:31:26,456 - tune.py [line:128] - INFO: Split_seeds:[1824]
2023-10-13 14:31:26,456 - tune.py [line:129] - INFO: Model_seeds:[409]
2023-10-13 14:31:27,556 - tune.py [line:103] - INFO: Epoch 00020 | Time(s) 0.0536 | Val Loss 1.5887 | Val Acc 0.5780 | ETputs(KTEPS) 11712.69
2023-10-13 14:31:28,572 - tune.py [line:103] - INFO: Epoch 00040 | Time(s) 0.0519 | Val Loss 1.5738 | Val Acc 0.6681 | ETputs(KTEPS) 12096.43
2023-10-13 14:31:29,587 - tune.py [line:103] - INFO: Epoch 00060 | Time(s) 0.0514 | Val Loss 1.5603 | Val Acc 0.6681 | ETputs(KTEPS) 12202.24
2023-10-13 14:31:30,896 - tune.py [line:103] - INFO: Epoch 00080 | Time(s) 0.0549 | Val Loss 1.5477 | Val Acc 0.6549 | ETputs(KTEPS) 11429.46
2023-10-13 14:31:32,153 - tune.py [line:103] - INFO: Epoch 00100 | Time(s) 0.0565 | Val Loss 1.5305 | Val Acc 0.6681 | ETputs(KTEPS) 11109.04
2023-10-13 14:31:33,271 - tune.py [line:103] - INFO: Epoch 00120 | Time(s) 0.0564 | Val Loss 1.5180 | Val Acc 0.6418 | ETputs(KTEPS) 11128.21
2023-10-13 14:31:34,530 - tune.py [line:103] - INFO: Epoch 00140 | Time(s) 0.0573 | Val Loss 1.5095 | Val Acc 0.6352 | ETputs(KTEPS) 10947.11
2023-10-13 14:31:35,653 - tune.py [line:103] - INFO: Epoch 00160 | Time(s) 0.0572 | Val Loss 1.4885 | Val Acc 0.6593 | ETputs(KTEPS) 10975.15
2023-10-13 14:31:36,695 - tune.py [line:103] - INFO: Epoch 00180 | Time(s) 0.0566 | Val Loss 1.4835 | Val Acc 0.6549 | ETputs(KTEPS) 11085.40
2023-10-13 14:31:37,914 - tune.py [line:103] - INFO: Epoch 00200 | Time(s) 0.0570 | Val Loss 1.4656 | Val Acc 0.6593 | ETputs(KTEPS) 11001.23
2023-10-13 14:31:38,957 - tune.py [line:103] - INFO: Epoch 00220 | Time(s) 0.0566 | Val Loss 1.4546 | Val Acc 0.6462 | ETputs(KTEPS) 11087.23
2023-10-13 14:31:40,119 - tune.py [line:103] - INFO: Epoch 00240 | Time(s) 0.0567 | Val Loss 1.4415 | Val Acc 0.6484 | ETputs(KTEPS) 11062.96
2023-10-13 14:31:41,283 - tune.py [line:103] - INFO: Epoch 00260 | Time(s) 0.0568 | Val Loss 1.4424 | Val Acc 0.6132 | ETputs(KTEPS) 11041.24
2023-10-13 14:31:42,527 - tune.py [line:103] - INFO: Epoch 00280 | Time(s) 0.0572 | Val Loss 1.4268 | Val Acc 0.6418 | ETputs(KTEPS) 10967.34
2023-10-13 14:31:43,788 - tune.py [line:103] - INFO: Epoch 00300 | Time(s) 0.0576 | Val Loss 1.4057 | Val Acc 0.6659 | ETputs(KTEPS) 10894.01
2023-10-13 14:31:44,925 - tune.py [line:103] - INFO: Epoch 00320 | Time(s) 0.0575 | Val Loss 1.4026 | Val Acc 0.6352 | ETputs(KTEPS) 10902.91
2023-10-13 14:31:45,951 - tune.py [line:103] - INFO: Epoch 00340 | Time(s) 0.0572 | Val Loss 1.3918 | Val Acc 0.6308 | ETputs(KTEPS) 10973.08
2023-10-13 14:31:46,972 - tune.py [line:103] - INFO: Epoch 00360 | Time(s) 0.0568 | Val Loss 1.3746 | Val Acc 0.6440 | ETputs(KTEPS) 11039.21
2023-10-13 14:31:47,458 - tune.py [line:117] - INFO: [FINAL MODEL] Val accuracy 68.79% \Val loss: 1.6
2023-10-13 14:31:47,466 - tune.py [line:119] - INFO: [FINAL MODEL] Test accuracy 66.52% \Test loss: 1.6
2023-10-13 14:31:47,467 - tune.py [line:144] - INFO: Acc on the first split (Validation Set): 0.6879
2023-10-13 14:31:47,467 - tune.py [line:145] - INFO: Acc on the first split (Test Set): 0.6652
