2023-10-13 14:32:18,102 - tune.py [line:203] - INFO: Namespace(seed=42, model='NormalNNV2', gpu=1, dataset='geom-chameleon', logging=True, log_detail=True, log_detailedCh=False, id_log=1013014502, optuna_n_trials=202, n_epochs=2000, self_loop=False, udgraph=True, early_stop=True, patience=300, n_hidden=64, n_cv=1, start_cv=0, n_layers=8, lr1=0.01, lr2=0.01, wd1=1e-06, wd2=0.0001, dropout=0.2, dropout2=0.3, es_ckpt='woselfloop-geom-chameleon_NormalNNV2-geom-chameleon_trialNo56')
2023-10-13 14:32:19,004 - tune.py [line:128] - INFO: Split_seeds:[1824]
2023-10-13 14:32:19,004 - tune.py [line:129] - INFO: Model_seeds:[409]
2023-10-13 14:32:20,004 - tune.py [line:103] - INFO: Epoch 00020 | Time(s) 0.0481 | Val Loss 1.5918 | Val Acc 0.6044 | ETputs(KTEPS) 13047.90
2023-10-13 14:32:21,081 - tune.py [line:103] - INFO: Epoch 00040 | Time(s) 0.0507 | Val Loss 1.5820 | Val Acc 0.6527 | ETputs(KTEPS) 12380.17
2023-10-13 14:32:22,095 - tune.py [line:103] - INFO: Epoch 00060 | Time(s) 0.0506 | Val Loss 1.5705 | Val Acc 0.6681 | ETputs(KTEPS) 12411.03
2023-10-13 14:32:23,015 - tune.py [line:103] - INFO: Epoch 00080 | Time(s) 0.0494 | Val Loss 1.5575 | Val Acc 0.6681 | ETputs(KTEPS) 12699.80
2023-10-13 14:32:24,052 - tune.py [line:103] - INFO: Epoch 00100 | Time(s) 0.0499 | Val Loss 1.5418 | Val Acc 0.6791 | ETputs(KTEPS) 12576.22
2023-10-13 14:32:24,953 - tune.py [line:103] - INFO: Epoch 00120 | Time(s) 0.0491 | Val Loss 1.5308 | Val Acc 0.6571 | ETputs(KTEPS) 12782.84
2023-10-13 14:32:25,960 - tune.py [line:103] - INFO: Epoch 00140 | Time(s) 0.0493 | Val Loss 1.5169 | Val Acc 0.6659 | ETputs(KTEPS) 12737.92
2023-10-13 14:32:27,057 - tune.py [line:103] - INFO: Epoch 00160 | Time(s) 0.0500 | Val Loss 1.5062 | Val Acc 0.6945 | ETputs(KTEPS) 12560.02
2023-10-13 14:32:27,960 - tune.py [line:103] - INFO: Epoch 00180 | Time(s) 0.0494 | Val Loss 1.4911 | Val Acc 0.6571 | ETputs(KTEPS) 12695.37
2023-10-13 14:32:29,047 - tune.py [line:103] - INFO: Epoch 00200 | Time(s) 0.0499 | Val Loss 1.4797 | Val Acc 0.6747 | ETputs(KTEPS) 12570.64
2023-10-13 14:32:29,966 - tune.py [line:103] - INFO: Epoch 00220 | Time(s) 0.0495 | Val Loss 1.4654 | Val Acc 0.6615 | ETputs(KTEPS) 12662.90
2023-10-13 14:32:31,035 - tune.py [line:103] - INFO: Epoch 00240 | Time(s) 0.0499 | Val Loss 1.4538 | Val Acc 0.6637 | ETputs(KTEPS) 12581.33
2023-10-13 14:32:32,134 - tune.py [line:103] - INFO: Epoch 00260 | Time(s) 0.0503 | Val Loss 1.4413 | Val Acc 0.6637 | ETputs(KTEPS) 12483.53
2023-10-13 14:32:33,026 - tune.py [line:103] - INFO: Epoch 00280 | Time(s) 0.0499 | Val Loss 1.4321 | Val Acc 0.6484 | ETputs(KTEPS) 12584.84
2023-10-13 14:32:34,091 - tune.py [line:103] - INFO: Epoch 00300 | Time(s) 0.0501 | Val Loss 1.4239 | Val Acc 0.6440 | ETputs(KTEPS) 12529.13
2023-10-13 14:32:34,949 - tune.py [line:103] - INFO: Epoch 00320 | Time(s) 0.0496 | Val Loss 1.4093 | Val Acc 0.6484 | ETputs(KTEPS) 12642.27
2023-10-13 14:32:35,951 - tune.py [line:103] - INFO: Epoch 00340 | Time(s) 0.0497 | Val Loss 1.3985 | Val Acc 0.6703 | ETputs(KTEPS) 12636.16
2023-10-13 14:32:36,354 - tune.py [line:117] - INFO: [FINAL MODEL] Val accuracy 69.67% \Val loss: 1.6
2023-10-13 14:32:36,360 - tune.py [line:119] - INFO: [FINAL MODEL] Test accuracy 70.68% \Test loss: 1.6
2023-10-13 14:32:36,360 - tune.py [line:144] - INFO: Acc on the first split (Validation Set): 0.6967
2023-10-13 14:32:36,360 - tune.py [line:145] - INFO: Acc on the first split (Test Set): 0.7068
