2023-10-13 14:38:56,407 - tune.py [line:203] - INFO: Namespace(seed=42, model='NormalNNV2', gpu=1, dataset='geom-chameleon', logging=True, log_detail=True, log_detailedCh=False, id_log=1013014502, optuna_n_trials=202, n_epochs=2000, self_loop=False, udgraph=True, early_stop=True, patience=300, n_hidden=64, n_cv=1, start_cv=0, n_layers=16, lr1=0.01, lr2=0.02, wd1=1e-07, wd2=1e-05, dropout=0.1, dropout2=0.4, es_ckpt='woselfloop-geom-chameleon_NormalNNV2-geom-chameleon_trialNo111')
2023-10-13 14:38:57,172 - tune.py [line:128] - INFO: Split_seeds:[1824]
2023-10-13 14:38:57,172 - tune.py [line:129] - INFO: Model_seeds:[409]
2023-10-13 14:38:58,598 - tune.py [line:103] - INFO: Epoch 00020 | Time(s) 0.0697 | Val Loss 1.5764 | Val Acc 0.6703 | ETputs(KTEPS) 9007.98
2023-10-13 14:38:59,967 - tune.py [line:103] - INFO: Epoch 00040 | Time(s) 0.0687 | Val Loss 1.5447 | Val Acc 0.6659 | ETputs(KTEPS) 9130.12
2023-10-13 14:39:01,285 - tune.py [line:103] - INFO: Epoch 00060 | Time(s) 0.0678 | Val Loss 1.5105 | Val Acc 0.6879 | ETputs(KTEPS) 9258.81
2023-10-13 14:39:02,668 - tune.py [line:103] - INFO: Epoch 00080 | Time(s) 0.0681 | Val Loss 1.4805 | Val Acc 0.6725 | ETputs(KTEPS) 9211.44
2023-10-13 14:39:04,003 - tune.py [line:103] - INFO: Epoch 00100 | Time(s) 0.0678 | Val Loss 1.4478 | Val Acc 0.6659 | ETputs(KTEPS) 9249.54
2023-10-13 14:39:05,238 - tune.py [line:103] - INFO: Epoch 00120 | Time(s) 0.0668 | Val Loss 1.4147 | Val Acc 0.6703 | ETputs(KTEPS) 9390.66
2023-10-13 14:39:06,657 - tune.py [line:103] - INFO: Epoch 00140 | Time(s) 0.0674 | Val Loss 1.3915 | Val Acc 0.6637 | ETputs(KTEPS) 9308.31
2023-10-13 14:39:07,897 - tune.py [line:103] - INFO: Epoch 00160 | Time(s) 0.0667 | Val Loss 1.3657 | Val Acc 0.6637 | ETputs(KTEPS) 9403.50
2023-10-13 14:39:09,323 - tune.py [line:103] - INFO: Epoch 00180 | Time(s) 0.0672 | Val Loss 1.3395 | Val Acc 0.6615 | ETputs(KTEPS) 9332.31
2023-10-13 14:39:10,568 - tune.py [line:103] - INFO: Epoch 00200 | Time(s) 0.0667 | Val Loss 1.3200 | Val Acc 0.6527 | ETputs(KTEPS) 9402.34
2023-10-13 14:39:11,995 - tune.py [line:103] - INFO: Epoch 00220 | Time(s) 0.0671 | Val Loss 1.3007 | Val Acc 0.6593 | ETputs(KTEPS) 9343.91
2023-10-13 14:39:13,366 - tune.py [line:103] - INFO: Epoch 00240 | Time(s) 0.0673 | Val Loss 1.2889 | Val Acc 0.6374 | ETputs(KTEPS) 9327.90
2023-10-13 14:39:14,600 - tune.py [line:103] - INFO: Epoch 00260 | Time(s) 0.0668 | Val Loss 1.2793 | Val Acc 0.6352 | ETputs(KTEPS) 9387.92
2023-10-13 14:39:16,050 - tune.py [line:103] - INFO: Epoch 00280 | Time(s) 0.0672 | Val Loss 1.2587 | Val Acc 0.6505 | ETputs(KTEPS) 9331.87
2023-10-13 14:39:17,363 - tune.py [line:103] - INFO: Epoch 00300 | Time(s) 0.0671 | Val Loss 1.2411 | Val Acc 0.6440 | ETputs(KTEPS) 9346.47
2023-10-13 14:39:18,741 - tune.py [line:103] - INFO: Epoch 00320 | Time(s) 0.0672 | Val Loss 1.2193 | Val Acc 0.6418 | ETputs(KTEPS) 9331.34
2023-10-13 14:39:19,850 - tune.py [line:117] - INFO: [FINAL MODEL] Val accuracy 69.67% \Val loss: 1.5
2023-10-13 14:39:19,861 - tune.py [line:119] - INFO: [FINAL MODEL] Test accuracy 68.93% \Test loss: 1.5
2023-10-13 14:39:19,862 - tune.py [line:144] - INFO: Acc on the first split (Validation Set): 0.6967
2023-10-13 14:39:19,862 - tune.py [line:145] - INFO: Acc on the first split (Test Set): 0.6893
