2023-10-13 14:50:15,682 - tune.py [line:203] - INFO: Namespace(seed=42, model='NormalNNV2', gpu=1, dataset='geom-chameleon', logging=True, log_detail=True, log_detailedCh=False, id_log=1013014502, optuna_n_trials=202, n_epochs=2000, self_loop=False, udgraph=True, early_stop=True, patience=300, n_hidden=64, n_cv=1, start_cv=0, n_layers=12, lr1=0.02, lr2=0.03, wd1=1e-07, wd2=0.0001, dropout=0.4, dropout2=0.5, es_ckpt='woselfloop-geom-chameleon_NormalNNV2-geom-chameleon_trialNo207')
2023-10-13 14:50:16,592 - tune.py [line:128] - INFO: Split_seeds:[1824]
2023-10-13 14:50:16,592 - tune.py [line:129] - INFO: Model_seeds:[409]
2023-10-13 14:50:17,803 - tune.py [line:103] - INFO: Epoch 00020 | Time(s) 0.0586 | Val Loss 1.5662 | Val Acc 0.6681 | ETputs(KTEPS) 10710.52
2023-10-13 14:50:18,961 - tune.py [line:103] - INFO: Epoch 00040 | Time(s) 0.0581 | Val Loss 1.5208 | Val Acc 0.6703 | ETputs(KTEPS) 10794.92
2023-10-13 14:50:20,075 - tune.py [line:103] - INFO: Epoch 00060 | Time(s) 0.0573 | Val Loss 1.4787 | Val Acc 0.6857 | ETputs(KTEPS) 10950.25
2023-10-13 14:50:21,332 - tune.py [line:103] - INFO: Epoch 00080 | Time(s) 0.0587 | Val Loss 1.4433 | Val Acc 0.6637 | ETputs(KTEPS) 10691.38
2023-10-13 14:50:22,521 - tune.py [line:103] - INFO: Epoch 00100 | Time(s) 0.0588 | Val Loss 1.4069 | Val Acc 0.6571 | ETputs(KTEPS) 10665.36
2023-10-13 14:50:23,807 - tune.py [line:103] - INFO: Epoch 00120 | Time(s) 0.0597 | Val Loss 1.3754 | Val Acc 0.6681 | ETputs(KTEPS) 10503.14
2023-10-13 14:50:24,938 - tune.py [line:103] - INFO: Epoch 00140 | Time(s) 0.0593 | Val Loss 1.3489 | Val Acc 0.6593 | ETputs(KTEPS) 10584.50
2023-10-13 14:50:25,968 - tune.py [line:103] - INFO: Epoch 00160 | Time(s) 0.0583 | Val Loss 1.3206 | Val Acc 0.6659 | ETputs(KTEPS) 10761.61
2023-10-13 14:50:27,177 - tune.py [line:103] - INFO: Epoch 00180 | Time(s) 0.0585 | Val Loss 1.3018 | Val Acc 0.6857 | ETputs(KTEPS) 10717.78
2023-10-13 14:50:28,442 - tune.py [line:103] - INFO: Epoch 00200 | Time(s) 0.0590 | Val Loss 1.2894 | Val Acc 0.6681 | ETputs(KTEPS) 10633.40
2023-10-13 14:50:29,792 - tune.py [line:103] - INFO: Epoch 00220 | Time(s) 0.0598 | Val Loss 1.2737 | Val Acc 0.6637 | ETputs(KTEPS) 10496.33
2023-10-13 14:50:31,009 - tune.py [line:103] - INFO: Epoch 00240 | Time(s) 0.0599 | Val Loss 1.2544 | Val Acc 0.6769 | ETputs(KTEPS) 10480.68
2023-10-13 14:50:32,111 - tune.py [line:103] - INFO: Epoch 00260 | Time(s) 0.0595 | Val Loss 1.2386 | Val Acc 0.6615 | ETputs(KTEPS) 10545.64
2023-10-13 14:50:33,230 - tune.py [line:103] - INFO: Epoch 00280 | Time(s) 0.0592 | Val Loss 1.2288 | Val Acc 0.6549 | ETputs(KTEPS) 10591.41
2023-10-13 14:50:34,359 - tune.py [line:103] - INFO: Epoch 00300 | Time(s) 0.0591 | Val Loss 1.2166 | Val Acc 0.6725 | ETputs(KTEPS) 10624.92
2023-10-13 14:50:35,512 - tune.py [line:103] - INFO: Epoch 00320 | Time(s) 0.0590 | Val Loss 1.1995 | Val Acc 0.6769 | ETputs(KTEPS) 10640.90
2023-10-13 14:50:35,629 - tune.py [line:117] - INFO: [FINAL MODEL] Val accuracy 70.55% \Val loss: 1.6
2023-10-13 14:50:35,639 - tune.py [line:119] - INFO: [FINAL MODEL] Test accuracy 67.18% \Test loss: 1.6
2023-10-13 14:50:35,639 - tune.py [line:144] - INFO: Acc on the first split (Validation Set): 0.7055
2023-10-13 14:50:35,639 - tune.py [line:145] - INFO: Acc on the first split (Test Set): 0.6718
