2023-10-13 14:27:23,941 - tune.py [line:203] - INFO: Namespace(seed=42, model='NormalNNV2', gpu=1, dataset='geom-chameleon', logging=True, log_detail=True, log_detailedCh=False, id_log=1013014502, optuna_n_trials=202, n_epochs=2000, self_loop=False, udgraph=True, early_stop=True, patience=300, n_hidden=64, n_cv=1, start_cv=0, n_layers=4, lr1=0.05, lr2=0.05, wd1=1e-06, wd2=0.001, dropout=0.5, dropout2=0.0, es_ckpt='woselfloop-geom-chameleon_NormalNNV2-geom-chameleon_trialNo22')
2023-10-13 14:27:24,852 - tune.py [line:128] - INFO: Split_seeds:[1824]
2023-10-13 14:27:24,852 - tune.py [line:129] - INFO: Model_seeds:[409]
2023-10-13 14:27:25,672 - tune.py [line:103] - INFO: Epoch 00020 | Time(s) 0.0392 | Val Loss 1.5689 | Val Acc 0.6484 | ETputs(KTEPS) 16004.30
2023-10-13 14:27:26,526 - tune.py [line:103] - INFO: Epoch 00040 | Time(s) 0.0408 | Val Loss 1.5370 | Val Acc 0.6615 | ETputs(KTEPS) 15395.58
2023-10-13 14:27:27,277 - tune.py [line:103] - INFO: Epoch 00060 | Time(s) 0.0396 | Val Loss 1.5169 | Val Acc 0.6835 | ETputs(KTEPS) 15826.51
2023-10-13 14:27:28,045 - tune.py [line:103] - INFO: Epoch 00080 | Time(s) 0.0392 | Val Loss 1.5093 | Val Acc 0.6703 | ETputs(KTEPS) 15986.24
2023-10-13 14:27:28,918 - tune.py [line:103] - INFO: Epoch 00100 | Time(s) 0.0401 | Val Loss 1.5086 | Val Acc 0.6659 | ETputs(KTEPS) 15637.85
2023-10-13 14:27:29,649 - tune.py [line:103] - INFO: Epoch 00120 | Time(s) 0.0395 | Val Loss 1.5080 | Val Acc 0.6813 | ETputs(KTEPS) 15873.85
2023-10-13 14:27:30,513 - tune.py [line:103] - INFO: Epoch 00140 | Time(s) 0.0400 | Val Loss 1.5130 | Val Acc 0.6571 | ETputs(KTEPS) 15666.67
2023-10-13 14:27:31,288 - tune.py [line:103] - INFO: Epoch 00160 | Time(s) 0.0399 | Val Loss 1.5135 | Val Acc 0.6593 | ETputs(KTEPS) 15732.39
2023-10-13 14:27:32,205 - tune.py [line:103] - INFO: Epoch 00180 | Time(s) 0.0405 | Val Loss 1.5160 | Val Acc 0.6681 | ETputs(KTEPS) 15476.13
2023-10-13 14:27:32,948 - tune.py [line:103] - INFO: Epoch 00200 | Time(s) 0.0402 | Val Loss 1.5190 | Val Acc 0.6725 | ETputs(KTEPS) 15607.42
2023-10-13 14:27:33,803 - tune.py [line:103] - INFO: Epoch 00220 | Time(s) 0.0404 | Val Loss 1.5188 | Val Acc 0.6747 | ETputs(KTEPS) 15518.56
2023-10-13 14:27:34,551 - tune.py [line:103] - INFO: Epoch 00240 | Time(s) 0.0402 | Val Loss 1.5189 | Val Acc 0.6527 | ETputs(KTEPS) 15617.08
2023-10-13 14:27:35,470 - tune.py [line:103] - INFO: Epoch 00260 | Time(s) 0.0406 | Val Loss 1.5202 | Val Acc 0.6549 | ETputs(KTEPS) 15447.39
2023-10-13 14:27:36,219 - tune.py [line:103] - INFO: Epoch 00280 | Time(s) 0.0404 | Val Loss 1.5215 | Val Acc 0.6527 | ETputs(KTEPS) 15534.24
2023-10-13 14:27:36,907 - tune.py [line:103] - INFO: Epoch 00300 | Time(s) 0.0400 | Val Loss 1.5235 | Val Acc 0.6462 | ETputs(KTEPS) 15690.19
2023-10-13 14:27:37,591 - tune.py [line:103] - INFO: Epoch 00320 | Time(s) 0.0396 | Val Loss 1.5203 | Val Acc 0.6462 | ETputs(KTEPS) 15833.74
2023-10-13 14:27:38,198 - tune.py [line:103] - INFO: Epoch 00340 | Time(s) 0.0391 | Val Loss 1.5215 | Val Acc 0.6659 | ETputs(KTEPS) 16055.84
2023-10-13 14:27:39,078 - tune.py [line:103] - INFO: Epoch 00360 | Time(s) 0.0394 | Val Loss 1.5233 | Val Acc 0.6593 | ETputs(KTEPS) 15944.18
2023-10-13 14:27:39,170 - tune.py [line:117] - INFO: [FINAL MODEL] Val accuracy 69.67% \Val loss: 1.5
2023-10-13 14:27:39,176 - tune.py [line:119] - INFO: [FINAL MODEL] Test accuracy 66.74% \Test loss: 1.5
2023-10-13 14:27:39,176 - tune.py [line:144] - INFO: Acc on the first split (Validation Set): 0.6967
2023-10-13 14:27:39,176 - tune.py [line:145] - INFO: Acc on the first split (Test Set): 0.6674
