2023-10-13 14:33:24,473 - tune.py [line:203] - INFO: Namespace(seed=42, model='NormalNNV2', gpu=1, dataset='geom-chameleon', logging=True, log_detail=True, log_detailedCh=False, id_log=1013014502, optuna_n_trials=202, n_epochs=2000, self_loop=False, udgraph=True, early_stop=True, patience=300, n_hidden=64, n_cv=1, start_cv=0, n_layers=4, lr1=0.05, lr2=0.05, wd1=1e-05, wd2=0.001, dropout=0.5, dropout2=0.0, es_ckpt='woselfloop-geom-chameleon_NormalNNV2-geom-chameleon_trialNo73')
2023-10-13 14:33:25,290 - tune.py [line:128] - INFO: Split_seeds:[1824]
2023-10-13 14:33:25,290 - tune.py [line:129] - INFO: Model_seeds:[409]
2023-10-13 14:33:26,052 - tune.py [line:103] - INFO: Epoch 00020 | Time(s) 0.0365 | Val Loss 1.5705 | Val Acc 0.6198 | ETputs(KTEPS) 17167.78
2023-10-13 14:33:26,917 - tune.py [line:103] - INFO: Epoch 00040 | Time(s) 0.0397 | Val Loss 1.5335 | Val Acc 0.6549 | ETputs(KTEPS) 15812.24
2023-10-13 14:33:27,589 - tune.py [line:103] - INFO: Epoch 00060 | Time(s) 0.0377 | Val Loss 1.5116 | Val Acc 0.6637 | ETputs(KTEPS) 16664.37
2023-10-13 14:33:28,473 - tune.py [line:103] - INFO: Epoch 00080 | Time(s) 0.0392 | Val Loss 1.5056 | Val Acc 0.6484 | ETputs(KTEPS) 16015.86
2023-10-13 14:33:29,234 - tune.py [line:103] - INFO: Epoch 00100 | Time(s) 0.0389 | Val Loss 1.5057 | Val Acc 0.6527 | ETputs(KTEPS) 16109.92
2023-10-13 14:33:30,054 - tune.py [line:103] - INFO: Epoch 00120 | Time(s) 0.0393 | Val Loss 1.5055 | Val Acc 0.6352 | ETputs(KTEPS) 15968.84
2023-10-13 14:33:30,881 - tune.py [line:103] - INFO: Epoch 00140 | Time(s) 0.0396 | Val Loss 1.5081 | Val Acc 0.6615 | ETputs(KTEPS) 15852.80
2023-10-13 14:33:31,785 - tune.py [line:103] - INFO: Epoch 00160 | Time(s) 0.0403 | Val Loss 1.5082 | Val Acc 0.6352 | ETputs(KTEPS) 15578.69
2023-10-13 14:33:32,567 - tune.py [line:103] - INFO: Epoch 00180 | Time(s) 0.0401 | Val Loss 1.5101 | Val Acc 0.6725 | ETputs(KTEPS) 15629.78
2023-10-13 14:33:33,444 - tune.py [line:103] - INFO: Epoch 00200 | Time(s) 0.0405 | Val Loss 1.5106 | Val Acc 0.6462 | ETputs(KTEPS) 15486.40
2023-10-13 14:33:34,108 - tune.py [line:103] - INFO: Epoch 00220 | Time(s) 0.0398 | Val Loss 1.5159 | Val Acc 0.6505 | ETputs(KTEPS) 15746.63
2023-10-13 14:33:34,792 - tune.py [line:103] - INFO: Epoch 00240 | Time(s) 0.0394 | Val Loss 1.5137 | Val Acc 0.6527 | ETputs(KTEPS) 15934.78
2023-10-13 14:33:35,652 - tune.py [line:103] - INFO: Epoch 00260 | Time(s) 0.0397 | Val Loss 1.5133 | Val Acc 0.6527 | ETputs(KTEPS) 15823.38
2023-10-13 14:33:36,417 - tune.py [line:103] - INFO: Epoch 00280 | Time(s) 0.0395 | Val Loss 1.5130 | Val Acc 0.6374 | ETputs(KTEPS) 15864.99
2023-10-13 14:33:37,280 - tune.py [line:103] - INFO: Epoch 00300 | Time(s) 0.0398 | Val Loss 1.5165 | Val Acc 0.6330 | ETputs(KTEPS) 15769.40
2023-10-13 14:33:38,055 - tune.py [line:103] - INFO: Epoch 00320 | Time(s) 0.0397 | Val Loss 1.5159 | Val Acc 0.6308 | ETputs(KTEPS) 15796.36
2023-10-13 14:33:38,944 - tune.py [line:103] - INFO: Epoch 00340 | Time(s) 0.0400 | Val Loss 1.5143 | Val Acc 0.6374 | ETputs(KTEPS) 15686.87
2023-10-13 14:33:39,769 - tune.py [line:103] - INFO: Epoch 00360 | Time(s) 0.0401 | Val Loss 1.5163 | Val Acc 0.6659 | ETputs(KTEPS) 15660.67
2023-10-13 14:33:39,995 - tune.py [line:117] - INFO: [FINAL MODEL] Val accuracy 69.67% \Val loss: 1.5
2023-10-13 14:33:40,000 - tune.py [line:119] - INFO: [FINAL MODEL] Test accuracy 67.40% \Test loss: 1.5
2023-10-13 14:33:40,000 - tune.py [line:144] - INFO: Acc on the first split (Validation Set): 0.6967
2023-10-13 14:33:40,000 - tune.py [line:145] - INFO: Acc on the first split (Test Set): 0.6740
