2023-10-12 03:09:31,440 - tune.py [line:203] - INFO: Namespace(seed=42, model='NormalNNV2', gpu=0, dataset='geom-squirrel', logging=True, log_detail=True, log_detailedCh=False, id_log=1012014502, optuna_n_trials=202, n_epochs=2000, self_loop=True, udgraph=True, early_stop=True, patience=300, n_hidden=64, n_cv=1, start_cv=0, n_layers=8, lr1=0.01, lr2=0.05, wd1=1e-07, wd2=1e-08, dropout=0.0, dropout2=0.7, es_ckpt='TestTuningScript-geom-squirrel_NormalNNV2-geom-squirrel_trialNo52')
2023-10-12 03:09:34,142 - tune.py [line:128] - INFO: Split_seeds:[1824]
2023-10-12 03:09:34,142 - tune.py [line:129] - INFO: Model_seeds:[409]
2023-10-12 03:09:35,079 - tune.py [line:103] - INFO: Epoch 00020 | Time(s) 0.0452 | Val Loss 1.5920 | Val Acc 0.3923 | ETputs(KTEPS) 88832.33
2023-10-12 03:09:36,019 - tune.py [line:103] - INFO: Epoch 00040 | Time(s) 0.0457 | Val Loss 1.5676 | Val Acc 0.4538 | ETputs(KTEPS) 88000.52
2023-10-12 03:09:37,029 - tune.py [line:103] - INFO: Epoch 00060 | Time(s) 0.0471 | Val Loss 1.5371 | Val Acc 0.4942 | ETputs(KTEPS) 85358.31
2023-10-12 03:09:37,939 - tune.py [line:103] - INFO: Epoch 00080 | Time(s) 0.0467 | Val Loss 1.5163 | Val Acc 0.4827 | ETputs(KTEPS) 86109.11
2023-10-12 03:09:38,922 - tune.py [line:103] - INFO: Epoch 00100 | Time(s) 0.0472 | Val Loss 1.4891 | Val Acc 0.5087 | ETputs(KTEPS) 85202.76
2023-10-12 03:09:40,030 - tune.py [line:103] - INFO: Epoch 00120 | Time(s) 0.0485 | Val Loss 1.4580 | Val Acc 0.5212 | ETputs(KTEPS) 82844.95
2023-10-12 03:09:41,018 - tune.py [line:103] - INFO: Epoch 00140 | Time(s) 0.0486 | Val Loss 1.4375 | Val Acc 0.5202 | ETputs(KTEPS) 82692.61
2023-10-12 03:09:41,988 - tune.py [line:103] - INFO: Epoch 00160 | Time(s) 0.0486 | Val Loss 1.4187 | Val Acc 0.5115 | ETputs(KTEPS) 82719.15
2023-10-12 03:09:43,090 - tune.py [line:103] - INFO: Epoch 00180 | Time(s) 0.0493 | Val Loss 1.4080 | Val Acc 0.5106 | ETputs(KTEPS) 81512.21
2023-10-12 03:09:44,177 - tune.py [line:103] - INFO: Epoch 00200 | Time(s) 0.0498 | Val Loss 1.3832 | Val Acc 0.5192 | ETputs(KTEPS) 80689.11
2023-10-12 03:09:45,142 - tune.py [line:103] - INFO: Epoch 00220 | Time(s) 0.0497 | Val Loss 1.3750 | Val Acc 0.4981 | ETputs(KTEPS) 80920.65
2023-10-12 03:09:46,106 - tune.py [line:103] - INFO: Epoch 00240 | Time(s) 0.0495 | Val Loss 1.3531 | Val Acc 0.5260 | ETputs(KTEPS) 81153.09
2023-10-12 03:09:47,176 - tune.py [line:103] - INFO: Epoch 00260 | Time(s) 0.0498 | Val Loss 1.3338 | Val Acc 0.5356 | ETputs(KTEPS) 80683.10
2023-10-12 03:09:48,146 - tune.py [line:103] - INFO: Epoch 00280 | Time(s) 0.0497 | Val Loss 1.3405 | Val Acc 0.5202 | ETputs(KTEPS) 80841.64
2023-10-12 03:09:49,220 - tune.py [line:103] - INFO: Epoch 00300 | Time(s) 0.0500 | Val Loss 1.3295 | Val Acc 0.5202 | ETputs(KTEPS) 80412.72
2023-10-12 03:09:50,175 - tune.py [line:103] - INFO: Epoch 00320 | Time(s) 0.0498 | Val Loss 1.3095 | Val Acc 0.5317 | ETputs(KTEPS) 80640.12
2023-10-12 03:09:51,193 - tune.py [line:103] - INFO: Epoch 00340 | Time(s) 0.0499 | Val Loss 1.3124 | Val Acc 0.5327 | ETputs(KTEPS) 80542.66
2023-10-12 03:09:52,266 - tune.py [line:103] - INFO: Epoch 00360 | Time(s) 0.0501 | Val Loss 1.2996 | Val Acc 0.5385 | ETputs(KTEPS) 80210.14
2023-10-12 03:09:53,377 - tune.py [line:103] - INFO: Epoch 00380 | Time(s) 0.0504 | Val Loss 1.2857 | Val Acc 0.5308 | ETputs(KTEPS) 79755.18
2023-10-12 03:09:54,488 - tune.py [line:103] - INFO: Epoch 00400 | Time(s) 0.0506 | Val Loss 1.2824 | Val Acc 0.5337 | ETputs(KTEPS) 79351.02
2023-10-12 03:09:55,800 - tune.py [line:103] - INFO: Epoch 00420 | Time(s) 0.0514 | Val Loss 1.3035 | Val Acc 0.5212 | ETputs(KTEPS) 78255.35
2023-10-12 03:09:56,901 - tune.py [line:103] - INFO: Epoch 00440 | Time(s) 0.0515 | Val Loss 1.2797 | Val Acc 0.5279 | ETputs(KTEPS) 78003.35
2023-10-12 03:09:58,166 - tune.py [line:103] - INFO: Epoch 00460 | Time(s) 0.0520 | Val Loss 1.2735 | Val Acc 0.5308 | ETputs(KTEPS) 77243.33
2023-10-12 03:09:59,371 - tune.py [line:103] - INFO: Epoch 00480 | Time(s) 0.0524 | Val Loss 1.2619 | Val Acc 0.5356 | ETputs(KTEPS) 76738.47
2023-10-12 03:10:00,555 - tune.py [line:103] - INFO: Epoch 00500 | Time(s) 0.0526 | Val Loss 1.2720 | Val Acc 0.5269 | ETputs(KTEPS) 76342.54
2023-10-12 03:10:01,744 - tune.py [line:103] - INFO: Epoch 00520 | Time(s) 0.0529 | Val Loss 1.2647 | Val Acc 0.5413 | ETputs(KTEPS) 75967.34
2023-10-12 03:10:02,933 - tune.py [line:103] - INFO: Epoch 00540 | Time(s) 0.0531 | Val Loss 1.2684 | Val Acc 0.5356 | ETputs(KTEPS) 75628.74
2023-10-12 03:10:04,285 - tune.py [line:103] - INFO: Epoch 00560 | Time(s) 0.0537 | Val Loss 1.2681 | Val Acc 0.5288 | ETputs(KTEPS) 74902.66
2023-10-12 03:10:05,486 - tune.py [line:103] - INFO: Epoch 00580 | Time(s) 0.0539 | Val Loss 1.2692 | Val Acc 0.5317 | ETputs(KTEPS) 74598.65
2023-10-12 03:10:06,895 - tune.py [line:103] - INFO: Epoch 00600 | Time(s) 0.0544 | Val Loss 1.2600 | Val Acc 0.5452 | ETputs(KTEPS) 73841.52
2023-10-12 03:10:08,098 - tune.py [line:103] - INFO: Epoch 00620 | Time(s) 0.0546 | Val Loss 1.2597 | Val Acc 0.5298 | ETputs(KTEPS) 73595.13
2023-10-12 03:10:09,364 - tune.py [line:103] - INFO: Epoch 00640 | Time(s) 0.0549 | Val Loss 1.2613 | Val Acc 0.5240 | ETputs(KTEPS) 73230.89
2023-10-12 03:10:10,534 - tune.py [line:103] - INFO: Epoch 00660 | Time(s) 0.0550 | Val Loss 1.2602 | Val Acc 0.5346 | ETputs(KTEPS) 73086.31
2023-10-12 03:10:11,832 - tune.py [line:103] - INFO: Epoch 00680 | Time(s) 0.0553 | Val Loss 1.2616 | Val Acc 0.5423 | ETputs(KTEPS) 72703.05
2023-10-12 03:10:12,937 - tune.py [line:103] - INFO: Epoch 00700 | Time(s) 0.0553 | Val Loss 1.2644 | Val Acc 0.5327 | ETputs(KTEPS) 72704.39
2023-10-12 03:10:13,818 - tune.py [line:103] - INFO: Epoch 00720 | Time(s) 0.0550 | Val Loss 1.2630 | Val Acc 0.5404 | ETputs(KTEPS) 73120.10
2023-10-12 03:10:14,677 - tune.py [line:103] - INFO: Epoch 00740 | Time(s) 0.0546 | Val Loss 1.2635 | Val Acc 0.5337 | ETputs(KTEPS) 73556.60
2023-10-12 03:10:15,642 - tune.py [line:103] - INFO: Epoch 00760 | Time(s) 0.0545 | Val Loss 1.2725 | Val Acc 0.5308 | ETputs(KTEPS) 73785.25
2023-10-12 03:10:16,529 - tune.py [line:103] - INFO: Epoch 00780 | Time(s) 0.0542 | Val Loss 1.2673 | Val Acc 0.5394 | ETputs(KTEPS) 74138.13
2023-10-12 03:10:17,446 - tune.py [line:103] - INFO: Epoch 00800 | Time(s) 0.0540 | Val Loss 1.2692 | Val Acc 0.5337 | ETputs(KTEPS) 74427.75
2023-10-12 03:10:18,237 - tune.py [line:103] - INFO: Epoch 00820 | Time(s) 0.0536 | Val Loss 1.2728 | Val Acc 0.5365 | ETputs(KTEPS) 74921.25
2023-10-12 03:10:19,014 - tune.py [line:103] - INFO: Epoch 00840 | Time(s) 0.0533 | Val Loss 1.2753 | Val Acc 0.5327 | ETputs(KTEPS) 75417.45
2023-10-12 03:10:19,804 - tune.py [line:103] - INFO: Epoch 00860 | Time(s) 0.0530 | Val Loss 1.2761 | Val Acc 0.5433 | ETputs(KTEPS) 75875.54
2023-10-12 03:10:20,677 - tune.py [line:103] - INFO: Epoch 00880 | Time(s) 0.0528 | Val Loss 1.3264 | Val Acc 0.5115 | ETputs(KTEPS) 76181.79
2023-10-12 03:10:21,522 - tune.py [line:103] - INFO: Epoch 00900 | Time(s) 0.0525 | Val Loss 1.3162 | Val Acc 0.5250 | ETputs(KTEPS) 76521.64
2023-10-12 03:10:22,447 - tune.py [line:103] - INFO: Epoch 00920 | Time(s) 0.0524 | Val Loss 1.2932 | Val Acc 0.5327 | ETputs(KTEPS) 76722.02
2023-10-12 03:10:23,336 - tune.py [line:103] - INFO: Epoch 00940 | Time(s) 0.0522 | Val Loss 1.2818 | Val Acc 0.5462 | ETputs(KTEPS) 76979.75
2023-10-12 03:10:24,112 - tune.py [line:103] - INFO: Epoch 00960 | Time(s) 0.0519 | Val Loss 1.2887 | Val Acc 0.5365 | ETputs(KTEPS) 77405.93
2023-10-12 03:10:24,994 - tune.py [line:103] - INFO: Epoch 00980 | Time(s) 0.0518 | Val Loss 1.2885 | Val Acc 0.5375 | ETputs(KTEPS) 77645.56
2023-10-12 03:10:25,880 - tune.py [line:103] - INFO: Epoch 01000 | Time(s) 0.0516 | Val Loss 1.3071 | Val Acc 0.5433 | ETputs(KTEPS) 77870.74
2023-10-12 03:10:26,668 - tune.py [line:103] - INFO: Epoch 01020 | Time(s) 0.0514 | Val Loss 1.3030 | Val Acc 0.5462 | ETputs(KTEPS) 78234.92
2023-10-12 03:10:27,521 - tune.py [line:103] - INFO: Epoch 01040 | Time(s) 0.0512 | Val Loss 1.3082 | Val Acc 0.5423 | ETputs(KTEPS) 78492.81
2023-10-12 03:10:28,334 - tune.py [line:103] - INFO: Epoch 01060 | Time(s) 0.0510 | Val Loss 1.3011 | Val Acc 0.5490 | ETputs(KTEPS) 78801.03
2023-10-12 03:10:29,151 - tune.py [line:103] - INFO: Epoch 01080 | Time(s) 0.0508 | Val Loss 1.3051 | Val Acc 0.5442 | ETputs(KTEPS) 79093.12
2023-10-12 03:10:29,999 - tune.py [line:103] - INFO: Epoch 01100 | Time(s) 0.0507 | Val Loss 1.3083 | Val Acc 0.5404 | ETputs(KTEPS) 79333.51
2023-10-12 03:10:30,861 - tune.py [line:103] - INFO: Epoch 01120 | Time(s) 0.0505 | Val Loss 1.3087 | Val Acc 0.5567 | ETputs(KTEPS) 79545.93
2023-10-12 03:10:31,745 - tune.py [line:103] - INFO: Epoch 01140 | Time(s) 0.0504 | Val Loss 1.3103 | Val Acc 0.5413 | ETputs(KTEPS) 79726.48
2023-10-12 03:10:32,645 - tune.py [line:103] - INFO: Epoch 01160 | Time(s) 0.0503 | Val Loss 1.3134 | Val Acc 0.5423 | ETputs(KTEPS) 79874.89
2023-10-12 03:10:33,497 - tune.py [line:103] - INFO: Epoch 01180 | Time(s) 0.0502 | Val Loss 1.3208 | Val Acc 0.5423 | ETputs(KTEPS) 80083.94
2023-10-12 03:10:34,272 - tune.py [line:103] - INFO: Epoch 01200 | Time(s) 0.0500 | Val Loss 1.3265 | Val Acc 0.5500 | ETputs(KTEPS) 80390.09
2023-10-12 03:10:35,122 - tune.py [line:103] - INFO: Epoch 01220 | Time(s) 0.0499 | Val Loss 1.3347 | Val Acc 0.5481 | ETputs(KTEPS) 80590.15
2023-10-12 03:10:35,964 - tune.py [line:103] - INFO: Epoch 01240 | Time(s) 0.0497 | Val Loss 1.3263 | Val Acc 0.5538 | ETputs(KTEPS) 80794.05
2023-10-12 03:10:36,848 - tune.py [line:103] - INFO: Epoch 01260 | Time(s) 0.0497 | Val Loss 1.3220 | Val Acc 0.5471 | ETputs(KTEPS) 80937.81
2023-10-12 03:10:37,708 - tune.py [line:103] - INFO: Epoch 01280 | Time(s) 0.0496 | Val Loss 1.3384 | Val Acc 0.5471 | ETputs(KTEPS) 81108.63
2023-10-12 03:10:38,659 - tune.py [line:103] - INFO: Epoch 01300 | Time(s) 0.0495 | Val Loss 1.3731 | Val Acc 0.5327 | ETputs(KTEPS) 81160.84
2023-10-12 03:10:39,584 - tune.py [line:103] - INFO: Epoch 01320 | Time(s) 0.0495 | Val Loss 1.3563 | Val Acc 0.5452 | ETputs(KTEPS) 81242.16
2023-10-12 03:10:40,594 - tune.py [line:103] - INFO: Epoch 01340 | Time(s) 0.0495 | Val Loss 1.3565 | Val Acc 0.5548 | ETputs(KTEPS) 81218.23
2023-10-12 03:10:41,461 - tune.py [line:103] - INFO: Epoch 01360 | Time(s) 0.0494 | Val Loss 1.3485 | Val Acc 0.5471 | ETputs(KTEPS) 81374.93
2023-10-12 03:10:42,271 - tune.py [line:103] - INFO: Epoch 01380 | Time(s) 0.0493 | Val Loss 1.3698 | Val Acc 0.5423 | ETputs(KTEPS) 81588.15
2023-10-12 03:10:43,058 - tune.py [line:103] - INFO: Epoch 01400 | Time(s) 0.0491 | Val Loss 1.4043 | Val Acc 0.5375 | ETputs(KTEPS) 81824.68
2023-10-12 03:10:43,825 - tune.py [line:103] - INFO: Epoch 01420 | Time(s) 0.0490 | Val Loss 1.3854 | Val Acc 0.5423 | ETputs(KTEPS) 82081.00
2023-10-12 03:10:44,801 - tune.py [line:103] - INFO: Epoch 01440 | Time(s) 0.0490 | Val Loss 1.3711 | Val Acc 0.5500 | ETputs(KTEPS) 82086.15
2023-10-12 03:10:45,773 - tune.py [line:103] - INFO: Epoch 01460 | Time(s) 0.0490 | Val Loss 1.3838 | Val Acc 0.5500 | ETputs(KTEPS) 82096.57
2023-10-12 03:10:46,659 - tune.py [line:103] - INFO: Epoch 01480 | Time(s) 0.0489 | Val Loss 1.3670 | Val Acc 0.5490 | ETputs(KTEPS) 82202.97
2023-10-12 03:10:47,519 - tune.py [line:103] - INFO: Epoch 01500 | Time(s) 0.0488 | Val Loss 1.3909 | Val Acc 0.5481 | ETputs(KTEPS) 82336.25
2023-10-12 03:10:48,289 - tune.py [line:103] - INFO: Epoch 01520 | Time(s) 0.0487 | Val Loss 1.3879 | Val Acc 0.5558 | ETputs(KTEPS) 82565.55
2023-10-12 03:10:49,127 - tune.py [line:103] - INFO: Epoch 01540 | Time(s) 0.0486 | Val Loss 1.3840 | Val Acc 0.5490 | ETputs(KTEPS) 82716.90
2023-10-12 03:10:50,026 - tune.py [line:103] - INFO: Epoch 01560 | Time(s) 0.0485 | Val Loss 1.3828 | Val Acc 0.5625 | ETputs(KTEPS) 82797.29
2023-10-12 03:10:50,883 - tune.py [line:103] - INFO: Epoch 01580 | Time(s) 0.0485 | Val Loss 1.3964 | Val Acc 0.5548 | ETputs(KTEPS) 82920.44
2023-10-12 03:10:51,608 - tune.py [line:103] - INFO: Epoch 01600 | Time(s) 0.0483 | Val Loss 1.4159 | Val Acc 0.5462 | ETputs(KTEPS) 83184.02
2023-10-12 03:10:52,314 - tune.py [line:103] - INFO: Epoch 01620 | Time(s) 0.0482 | Val Loss 1.3880 | Val Acc 0.5510 | ETputs(KTEPS) 83461.75
2023-10-12 03:10:53,010 - tune.py [line:103] - INFO: Epoch 01640 | Time(s) 0.0480 | Val Loss 1.3939 | Val Acc 0.5644 | ETputs(KTEPS) 83745.56
2023-10-12 03:10:53,751 - tune.py [line:103] - INFO: Epoch 01660 | Time(s) 0.0479 | Val Loss 1.3947 | Val Acc 0.5538 | ETputs(KTEPS) 83977.37
2023-10-12 03:10:54,503 - tune.py [line:103] - INFO: Epoch 01680 | Time(s) 0.0477 | Val Loss 1.4016 | Val Acc 0.5529 | ETputs(KTEPS) 84197.47
2023-10-12 03:10:55,212 - tune.py [line:103] - INFO: Epoch 01700 | Time(s) 0.0476 | Val Loss 1.4196 | Val Acc 0.5471 | ETputs(KTEPS) 84453.90
2023-10-12 03:10:55,981 - tune.py [line:103] - INFO: Epoch 01720 | Time(s) 0.0475 | Val Loss 1.4270 | Val Acc 0.5481 | ETputs(KTEPS) 84643.83
2023-10-12 03:10:56,689 - tune.py [line:103] - INFO: Epoch 01740 | Time(s) 0.0473 | Val Loss 1.4125 | Val Acc 0.5529 | ETputs(KTEPS) 84893.10
2023-10-12 03:10:57,384 - tune.py [line:103] - INFO: Epoch 01760 | Time(s) 0.0472 | Val Loss 1.4237 | Val Acc 0.5625 | ETputs(KTEPS) 85151.10
2023-10-12 03:10:58,114 - tune.py [line:103] - INFO: Epoch 01780 | Time(s) 0.0471 | Val Loss 1.4443 | Val Acc 0.5529 | ETputs(KTEPS) 85368.98
2023-10-12 03:10:58,821 - tune.py [line:103] - INFO: Epoch 01800 | Time(s) 0.0469 | Val Loss 1.4202 | Val Acc 0.5625 | ETputs(KTEPS) 85605.90
2023-10-12 03:10:59,747 - tune.py [line:103] - INFO: Epoch 01820 | Time(s) 0.0469 | Val Loss 1.4317 | Val Acc 0.5654 | ETputs(KTEPS) 85620.40
2023-10-12 03:11:00,611 - tune.py [line:103] - INFO: Epoch 01840 | Time(s) 0.0469 | Val Loss 1.4661 | Val Acc 0.5519 | ETputs(KTEPS) 85695.10
2023-10-12 03:11:01,417 - tune.py [line:103] - INFO: Epoch 01860 | Time(s) 0.0468 | Val Loss 1.4787 | Val Acc 0.5548 | ETputs(KTEPS) 85825.90
2023-10-12 03:11:02,227 - tune.py [line:103] - INFO: Epoch 01880 | Time(s) 0.0468 | Val Loss 1.4535 | Val Acc 0.5558 | ETputs(KTEPS) 85949.57
2023-10-12 03:11:03,078 - tune.py [line:103] - INFO: Epoch 01900 | Time(s) 0.0467 | Val Loss 1.4422 | Val Acc 0.5558 | ETputs(KTEPS) 86032.23
2023-10-12 03:11:03,947 - tune.py [line:103] - INFO: Epoch 01920 | Time(s) 0.0467 | Val Loss 1.4721 | Val Acc 0.5452 | ETputs(KTEPS) 86095.20
2023-10-12 03:11:04,860 - tune.py [line:103] - INFO: Epoch 01940 | Time(s) 0.0467 | Val Loss 1.4545 | Val Acc 0.5596 | ETputs(KTEPS) 86115.81
2023-10-12 03:11:05,705 - tune.py [line:103] - INFO: Epoch 01960 | Time(s) 0.0466 | Val Loss 1.4517 | Val Acc 0.5615 | ETputs(KTEPS) 86200.08
2023-10-12 03:11:05,887 - tune.py [line:117] - INFO: [FINAL MODEL] Val accuracy 56.83% \Val loss: 1.4
2023-10-12 03:11:05,893 - tune.py [line:119] - INFO: [FINAL MODEL] Test accuracy 58.12% \Test loss: 1.3
2023-10-12 03:11:05,894 - tune.py [line:144] - INFO: Acc on the first split (Validation Set): 0.5683
2023-10-12 03:11:05,894 - tune.py [line:145] - INFO: Acc on the first split (Test Set): 0.5812
