2023-10-12 03:18:11,107 - tune.py [line:203] - INFO: Namespace(seed=42, model='NormalNNV2', gpu=0, dataset='geom-squirrel', logging=True, log_detail=True, log_detailedCh=False, id_log=1012014502, optuna_n_trials=202, n_epochs=2000, self_loop=True, udgraph=True, early_stop=True, patience=300, n_hidden=64, n_cv=1, start_cv=0, n_layers=4, lr1=0.01, lr2=0.04, wd1=1e-06, wd2=1e-08, dropout=0.0, dropout2=0.6, es_ckpt='TestTuningScript-geom-squirrel_NormalNNV2-geom-squirrel_trialNo153')
2023-10-12 03:18:13,442 - tune.py [line:128] - INFO: Split_seeds:[1824]
2023-10-12 03:18:13,442 - tune.py [line:129] - INFO: Model_seeds:[409]
2023-10-12 03:18:14,424 - tune.py [line:103] - INFO: Epoch 00020 | Time(s) 0.0476 | Val Loss 1.5972 | Val Acc 0.4106 | ETputs(KTEPS) 84370.21
2023-10-12 03:18:15,434 - tune.py [line:103] - INFO: Epoch 00040 | Time(s) 0.0487 | Val Loss 1.5802 | Val Acc 0.4942 | ETputs(KTEPS) 82512.12
2023-10-12 03:18:16,370 - tune.py [line:103] - INFO: Epoch 00060 | Time(s) 0.0480 | Val Loss 1.5618 | Val Acc 0.4923 | ETputs(KTEPS) 83728.49
2023-10-12 03:18:17,287 - tune.py [line:103] - INFO: Epoch 00080 | Time(s) 0.0474 | Val Loss 1.5414 | Val Acc 0.5452 | ETputs(KTEPS) 84776.45
2023-10-12 03:18:18,295 - tune.py [line:103] - INFO: Epoch 00100 | Time(s) 0.0480 | Val Loss 1.5247 | Val Acc 0.5240 | ETputs(KTEPS) 83754.55
2023-10-12 03:18:19,240 - tune.py [line:103] - INFO: Epoch 00120 | Time(s) 0.0479 | Val Loss 1.5139 | Val Acc 0.4933 | ETputs(KTEPS) 83977.91
2023-10-12 03:18:20,297 - tune.py [line:103] - INFO: Epoch 00140 | Time(s) 0.0486 | Val Loss 1.4902 | Val Acc 0.5154 | ETputs(KTEPS) 82752.79
2023-10-12 03:18:21,069 - tune.py [line:103] - INFO: Epoch 00160 | Time(s) 0.0473 | Val Loss 1.4774 | Val Acc 0.5077 | ETputs(KTEPS) 84933.91
2023-10-12 03:18:21,659 - tune.py [line:103] - INFO: Epoch 00180 | Time(s) 0.0453 | Val Loss 1.4616 | Val Acc 0.5221 | ETputs(KTEPS) 88665.42
2023-10-12 03:18:22,326 - tune.py [line:103] - INFO: Epoch 00200 | Time(s) 0.0441 | Val Loss 1.4460 | Val Acc 0.5202 | ETputs(KTEPS) 91082.83
2023-10-12 03:18:22,924 - tune.py [line:103] - INFO: Epoch 00220 | Time(s) 0.0428 | Val Loss 1.4334 | Val Acc 0.5260 | ETputs(KTEPS) 93837.69
2023-10-12 03:18:23,514 - tune.py [line:103] - INFO: Epoch 00240 | Time(s) 0.0417 | Val Loss 1.4264 | Val Acc 0.5115 | ETputs(KTEPS) 96338.69
2023-10-12 03:18:24,134 - tune.py [line:103] - INFO: Epoch 00260 | Time(s) 0.0409 | Val Loss 1.4135 | Val Acc 0.5240 | ETputs(KTEPS) 98279.72
2023-10-12 03:18:24,713 - tune.py [line:103] - INFO: Epoch 00280 | Time(s) 0.0400 | Val Loss 1.3987 | Val Acc 0.5260 | ETputs(KTEPS) 100378.68
2023-10-12 03:18:25,304 - tune.py [line:103] - INFO: Epoch 00300 | Time(s) 0.0393 | Val Loss 1.3888 | Val Acc 0.5288 | ETputs(KTEPS) 102165.65
2023-10-12 03:18:25,888 - tune.py [line:103] - INFO: Epoch 00320 | Time(s) 0.0387 | Val Loss 1.3846 | Val Acc 0.5433 | ETputs(KTEPS) 103844.04
2023-10-12 03:18:26,482 - tune.py [line:103] - INFO: Epoch 00340 | Time(s) 0.0382 | Val Loss 1.3702 | Val Acc 0.5279 | ETputs(KTEPS) 105317.54
2023-10-12 03:18:27,092 - tune.py [line:103] - INFO: Epoch 00360 | Time(s) 0.0377 | Val Loss 1.3576 | Val Acc 0.5442 | ETputs(KTEPS) 106507.81
2023-10-12 03:18:27,702 - tune.py [line:103] - INFO: Epoch 00380 | Time(s) 0.0373 | Val Loss 1.3457 | Val Acc 0.5375 | ETputs(KTEPS) 107610.86
2023-10-12 03:18:28,293 - tune.py [line:103] - INFO: Epoch 00400 | Time(s) 0.0370 | Val Loss 1.3404 | Val Acc 0.5288 | ETputs(KTEPS) 108752.79
2023-10-12 03:18:28,891 - tune.py [line:103] - INFO: Epoch 00420 | Time(s) 0.0366 | Val Loss 1.3407 | Val Acc 0.5327 | ETputs(KTEPS) 109749.50
2023-10-12 03:18:29,525 - tune.py [line:103] - INFO: Epoch 00440 | Time(s) 0.0364 | Val Loss 1.3332 | Val Acc 0.5298 | ETputs(KTEPS) 110429.84
2023-10-12 03:18:30,155 - tune.py [line:103] - INFO: Epoch 00460 | Time(s) 0.0362 | Val Loss 1.3229 | Val Acc 0.5327 | ETputs(KTEPS) 111079.18
2023-10-12 03:18:30,826 - tune.py [line:103] - INFO: Epoch 00480 | Time(s) 0.0361 | Val Loss 1.3218 | Val Acc 0.5163 | ETputs(KTEPS) 111421.01
2023-10-12 03:18:31,438 - tune.py [line:103] - INFO: Epoch 00500 | Time(s) 0.0359 | Val Loss 1.3121 | Val Acc 0.5356 | ETputs(KTEPS) 112107.55
2023-10-12 03:18:32,045 - tune.py [line:103] - INFO: Epoch 00520 | Time(s) 0.0356 | Val Loss 1.2989 | Val Acc 0.5490 | ETputs(KTEPS) 112773.59
2023-10-12 03:18:32,684 - tune.py [line:103] - INFO: Epoch 00540 | Time(s) 0.0355 | Val Loss 1.2984 | Val Acc 0.5337 | ETputs(KTEPS) 113208.68
2023-10-12 03:18:33,309 - tune.py [line:103] - INFO: Epoch 00560 | Time(s) 0.0353 | Val Loss 1.2923 | Val Acc 0.5375 | ETputs(KTEPS) 113707.63
2023-10-12 03:18:33,953 - tune.py [line:103] - INFO: Epoch 00580 | Time(s) 0.0352 | Val Loss 1.2978 | Val Acc 0.5356 | ETputs(KTEPS) 114059.29
2023-10-12 03:18:34,592 - tune.py [line:103] - INFO: Epoch 00600 | Time(s) 0.0351 | Val Loss 1.2923 | Val Acc 0.5250 | ETputs(KTEPS) 114417.61
2023-10-12 03:18:35,289 - tune.py [line:103] - INFO: Epoch 00620 | Time(s) 0.0351 | Val Loss 1.2760 | Val Acc 0.5471 | ETputs(KTEPS) 114449.44
2023-10-12 03:18:36,119 - tune.py [line:103] - INFO: Epoch 00640 | Time(s) 0.0353 | Val Loss 1.2791 | Val Acc 0.5385 | ETputs(KTEPS) 113807.25
2023-10-12 03:18:36,822 - tune.py [line:103] - INFO: Epoch 00660 | Time(s) 0.0353 | Val Loss 1.2714 | Val Acc 0.5385 | ETputs(KTEPS) 113827.09
2023-10-12 03:18:37,643 - tune.py [line:103] - INFO: Epoch 00680 | Time(s) 0.0355 | Val Loss 1.2614 | Val Acc 0.5413 | ETputs(KTEPS) 113298.20
2023-10-12 03:18:38,360 - tune.py [line:103] - INFO: Epoch 00700 | Time(s) 0.0355 | Val Loss 1.2702 | Val Acc 0.5481 | ETputs(KTEPS) 113266.70
2023-10-12 03:18:39,091 - tune.py [line:103] - INFO: Epoch 00720 | Time(s) 0.0355 | Val Loss 1.2633 | Val Acc 0.5490 | ETputs(KTEPS) 113175.71
2023-10-12 03:18:39,934 - tune.py [line:103] - INFO: Epoch 00740 | Time(s) 0.0357 | Val Loss 1.2647 | Val Acc 0.5404 | ETputs(KTEPS) 112613.59
2023-10-12 03:18:40,691 - tune.py [line:103] - INFO: Epoch 00760 | Time(s) 0.0357 | Val Loss 1.2550 | Val Acc 0.5260 | ETputs(KTEPS) 112436.60
2023-10-12 03:18:41,416 - tune.py [line:103] - INFO: Epoch 00780 | Time(s) 0.0358 | Val Loss 1.2511 | Val Acc 0.5442 | ETputs(KTEPS) 112400.32
2023-10-12 03:18:42,231 - tune.py [line:103] - INFO: Epoch 00800 | Time(s) 0.0359 | Val Loss 1.2427 | Val Acc 0.5442 | ETputs(KTEPS) 112010.11
2023-10-12 03:18:43,081 - tune.py [line:103] - INFO: Epoch 00820 | Time(s) 0.0360 | Val Loss 1.2403 | Val Acc 0.5529 | ETputs(KTEPS) 111510.70
2023-10-12 03:18:43,972 - tune.py [line:103] - INFO: Epoch 00840 | Time(s) 0.0362 | Val Loss 1.2438 | Val Acc 0.5404 | ETputs(KTEPS) 110890.06
2023-10-12 03:18:44,721 - tune.py [line:103] - INFO: Epoch 00860 | Time(s) 0.0363 | Val Loss 1.2413 | Val Acc 0.5442 | ETputs(KTEPS) 110803.63
2023-10-12 03:18:45,556 - tune.py [line:103] - INFO: Epoch 00880 | Time(s) 0.0364 | Val Loss 1.2410 | Val Acc 0.5471 | ETputs(KTEPS) 110429.49
2023-10-12 03:18:46,317 - tune.py [line:103] - INFO: Epoch 00900 | Time(s) 0.0364 | Val Loss 1.2447 | Val Acc 0.5327 | ETputs(KTEPS) 110319.38
2023-10-12 03:18:47,342 - tune.py [line:103] - INFO: Epoch 00920 | Time(s) 0.0368 | Val Loss 1.2309 | Val Acc 0.5519 | ETputs(KTEPS) 109353.48
2023-10-12 03:18:48,219 - tune.py [line:103] - INFO: Epoch 00940 | Time(s) 0.0369 | Val Loss 1.2394 | Val Acc 0.5510 | ETputs(KTEPS) 108906.87
2023-10-12 03:18:49,102 - tune.py [line:103] - INFO: Epoch 00960 | Time(s) 0.0371 | Val Loss 1.2344 | Val Acc 0.5529 | ETputs(KTEPS) 108466.22
2023-10-12 03:18:49,896 - tune.py [line:103] - INFO: Epoch 00980 | Time(s) 0.0371 | Val Loss 1.2407 | Val Acc 0.5481 | ETputs(KTEPS) 108315.16
2023-10-12 03:18:50,778 - tune.py [line:103] - INFO: Epoch 01000 | Time(s) 0.0372 | Val Loss 1.2390 | Val Acc 0.5510 | ETputs(KTEPS) 107910.23
2023-10-12 03:18:51,676 - tune.py [line:103] - INFO: Epoch 01020 | Time(s) 0.0374 | Val Loss 1.2309 | Val Acc 0.5510 | ETputs(KTEPS) 107480.18
2023-10-12 03:18:52,485 - tune.py [line:103] - INFO: Epoch 01040 | Time(s) 0.0375 | Val Loss 1.2368 | Val Acc 0.5558 | ETputs(KTEPS) 107312.88
2023-10-12 03:18:53,457 - tune.py [line:103] - INFO: Epoch 01060 | Time(s) 0.0377 | Val Loss 1.2395 | Val Acc 0.5394 | ETputs(KTEPS) 106714.72
2023-10-12 03:18:54,581 - tune.py [line:103] - INFO: Epoch 01080 | Time(s) 0.0380 | Val Loss 1.2407 | Val Acc 0.5452 | ETputs(KTEPS) 105754.12
2023-10-12 03:18:55,739 - tune.py [line:103] - INFO: Epoch 01100 | Time(s) 0.0384 | Val Loss 1.2273 | Val Acc 0.5558 | ETputs(KTEPS) 104759.17
2023-10-12 03:18:56,978 - tune.py [line:103] - INFO: Epoch 01120 | Time(s) 0.0388 | Val Loss 1.2413 | Val Acc 0.5519 | ETputs(KTEPS) 103644.14
2023-10-12 03:18:58,057 - tune.py [line:103] - INFO: Epoch 01140 | Time(s) 0.0390 | Val Loss 1.2379 | Val Acc 0.5490 | ETputs(KTEPS) 102940.36
2023-10-12 03:18:58,910 - tune.py [line:103] - INFO: Epoch 01160 | Time(s) 0.0391 | Val Loss 1.2290 | Val Acc 0.5510 | ETputs(KTEPS) 102778.67
2023-10-12 03:18:59,512 - tune.py [line:103] - INFO: Epoch 01180 | Time(s) 0.0390 | Val Loss 1.2285 | Val Acc 0.5548 | ETputs(KTEPS) 103182.50
2023-10-12 03:19:00,104 - tune.py [line:103] - INFO: Epoch 01200 | Time(s) 0.0388 | Val Loss 1.2430 | Val Acc 0.5529 | ETputs(KTEPS) 103596.87
2023-10-12 03:19:00,688 - tune.py [line:103] - INFO: Epoch 01220 | Time(s) 0.0386 | Val Loss 1.2313 | Val Acc 0.5490 | ETputs(KTEPS) 104025.08
2023-10-12 03:19:01,267 - tune.py [line:103] - INFO: Epoch 01240 | Time(s) 0.0385 | Val Loss 1.2330 | Val Acc 0.5538 | ETputs(KTEPS) 104448.21
2023-10-12 03:19:01,841 - tune.py [line:103] - INFO: Epoch 01260 | Time(s) 0.0383 | Val Loss 1.2396 | Val Acc 0.5577 | ETputs(KTEPS) 104873.67
2023-10-12 03:19:02,407 - tune.py [line:103] - INFO: Epoch 01280 | Time(s) 0.0382 | Val Loss 1.2408 | Val Acc 0.5519 | ETputs(KTEPS) 105303.51
2023-10-12 03:19:03,085 - tune.py [line:103] - INFO: Epoch 01300 | Time(s) 0.0381 | Val Loss 1.2336 | Val Acc 0.5442 | ETputs(KTEPS) 105486.67
2023-10-12 03:19:03,620 - tune.py [line:103] - INFO: Epoch 01320 | Time(s) 0.0379 | Val Loss 1.2364 | Val Acc 0.5577 | ETputs(KTEPS) 105966.60
2023-10-12 03:19:04,228 - tune.py [line:103] - INFO: Epoch 01340 | Time(s) 0.0378 | Val Loss 1.2356 | Val Acc 0.5394 | ETputs(KTEPS) 106281.16
2023-10-12 03:19:04,826 - tune.py [line:103] - INFO: Epoch 01360 | Time(s) 0.0377 | Val Loss 1.2442 | Val Acc 0.5481 | ETputs(KTEPS) 106611.71
2023-10-12 03:19:05,433 - tune.py [line:103] - INFO: Epoch 01380 | Time(s) 0.0376 | Val Loss 1.2387 | Val Acc 0.5606 | ETputs(KTEPS) 106913.81
2023-10-12 03:19:05,984 - tune.py [line:103] - INFO: Epoch 01400 | Time(s) 0.0374 | Val Loss 1.2560 | Val Acc 0.5529 | ETputs(KTEPS) 107324.56
2023-10-12 03:19:06,533 - tune.py [line:103] - INFO: Epoch 01420 | Time(s) 0.0373 | Val Loss 1.2398 | Val Acc 0.5481 | ETputs(KTEPS) 107730.79
2023-10-12 03:19:07,118 - tune.py [line:103] - INFO: Epoch 01440 | Time(s) 0.0372 | Val Loss 1.2451 | Val Acc 0.5577 | ETputs(KTEPS) 108057.41
2023-10-12 03:19:07,693 - tune.py [line:103] - INFO: Epoch 01460 | Time(s) 0.0371 | Val Loss 1.2441 | Val Acc 0.5615 | ETputs(KTEPS) 108394.62
2023-10-12 03:19:08,297 - tune.py [line:103] - INFO: Epoch 01480 | Time(s) 0.0370 | Val Loss 1.2335 | Val Acc 0.5721 | ETputs(KTEPS) 108669.13
2023-10-12 03:19:08,895 - tune.py [line:103] - INFO: Epoch 01500 | Time(s) 0.0369 | Val Loss 1.2429 | Val Acc 0.5596 | ETputs(KTEPS) 108947.15
2023-10-12 03:19:09,015 - tune.py [line:117] - INFO: [FINAL MODEL] Val accuracy 57.88% \Val loss: 1.2
2023-10-12 03:19:09,018 - tune.py [line:119] - INFO: [FINAL MODEL] Test accuracy 57.06% \Test loss: 1.2
2023-10-12 03:19:09,019 - tune.py [line:144] - INFO: Acc on the first split (Validation Set): 0.5788
2023-10-12 03:19:09,019 - tune.py [line:145] - INFO: Acc on the first split (Test Set): 0.5706
