2023-10-12 03:05:20,253 - tune.py [line:203] - INFO: Namespace(seed=42, model='NormalNNV2', gpu=0, dataset='geom-squirrel', logging=True, log_detail=True, log_detailedCh=False, id_log=1012014502, optuna_n_trials=202, n_epochs=2000, self_loop=True, udgraph=True, early_stop=True, patience=300, n_hidden=64, n_cv=1, start_cv=0, n_layers=4, lr1=0.02, lr2=0.04, wd1=1e-06, wd2=1e-07, dropout=0.1, dropout2=0.6, es_ckpt='TestTuningScript-geom-squirrel_NormalNNV2-geom-squirrel_trialNo25')
2023-10-12 03:05:22,932 - tune.py [line:128] - INFO: Split_seeds:[1824]
2023-10-12 03:05:22,932 - tune.py [line:129] - INFO: Model_seeds:[409]
2023-10-12 03:05:23,701 - tune.py [line:103] - INFO: Epoch 00020 | Time(s) 0.0369 | Val Loss 1.5974 | Val Acc 0.3856 | ETputs(KTEPS) 109019.54
2023-10-12 03:05:24,452 - tune.py [line:103] - INFO: Epoch 00040 | Time(s) 0.0367 | Val Loss 1.5811 | Val Acc 0.4788 | ETputs(KTEPS) 109533.61
2023-10-12 03:05:25,255 - tune.py [line:103] - INFO: Epoch 00060 | Time(s) 0.0376 | Val Loss 1.5648 | Val Acc 0.4962 | ETputs(KTEPS) 106756.51
2023-10-12 03:05:26,035 - tune.py [line:103] - INFO: Epoch 00080 | Time(s) 0.0380 | Val Loss 1.5458 | Val Acc 0.5250 | ETputs(KTEPS) 105839.54
2023-10-12 03:05:26,817 - tune.py [line:103] - INFO: Epoch 00100 | Time(s) 0.0381 | Val Loss 1.5310 | Val Acc 0.5279 | ETputs(KTEPS) 105457.44
2023-10-12 03:05:27,560 - tune.py [line:103] - INFO: Epoch 00120 | Time(s) 0.0380 | Val Loss 1.5137 | Val Acc 0.5038 | ETputs(KTEPS) 105900.38
2023-10-12 03:05:28,516 - tune.py [line:103] - INFO: Epoch 00140 | Time(s) 0.0394 | Val Loss 1.4950 | Val Acc 0.5346 | ETputs(KTEPS) 102132.25
2023-10-12 03:05:29,315 - tune.py [line:103] - INFO: Epoch 00160 | Time(s) 0.0394 | Val Loss 1.4860 | Val Acc 0.5000 | ETputs(KTEPS) 101938.30
2023-10-12 03:05:30,082 - tune.py [line:103] - INFO: Epoch 00180 | Time(s) 0.0393 | Val Loss 1.4689 | Val Acc 0.5048 | ETputs(KTEPS) 102265.30
2023-10-12 03:05:31,056 - tune.py [line:103] - INFO: Epoch 00200 | Time(s) 0.0402 | Val Loss 1.4513 | Val Acc 0.5356 | ETputs(KTEPS) 99880.39
2023-10-12 03:05:31,850 - tune.py [line:103] - INFO: Epoch 00220 | Time(s) 0.0402 | Val Loss 1.4410 | Val Acc 0.5173 | ETputs(KTEPS) 100006.89
2023-10-12 03:05:32,888 - tune.py [line:103] - INFO: Epoch 00240 | Time(s) 0.0412 | Val Loss 1.4281 | Val Acc 0.5087 | ETputs(KTEPS) 97665.87
2023-10-12 03:05:33,877 - tune.py [line:103] - INFO: Epoch 00260 | Time(s) 0.0418 | Val Loss 1.4149 | Val Acc 0.5221 | ETputs(KTEPS) 96178.08
2023-10-12 03:05:34,744 - tune.py [line:103] - INFO: Epoch 00280 | Time(s) 0.0419 | Val Loss 1.3964 | Val Acc 0.5452 | ETputs(KTEPS) 95963.01
2023-10-12 03:05:35,862 - tune.py [line:103] - INFO: Epoch 00300 | Time(s) 0.0428 | Val Loss 1.3884 | Val Acc 0.5240 | ETputs(KTEPS) 93874.88
2023-10-12 03:05:36,815 - tune.py [line:103] - INFO: Epoch 00320 | Time(s) 0.0431 | Val Loss 1.3836 | Val Acc 0.5240 | ETputs(KTEPS) 93222.92
2023-10-12 03:05:37,762 - tune.py [line:103] - INFO: Epoch 00340 | Time(s) 0.0434 | Val Loss 1.3634 | Val Acc 0.5288 | ETputs(KTEPS) 92684.59
2023-10-12 03:05:38,696 - tune.py [line:103] - INFO: Epoch 00360 | Time(s) 0.0435 | Val Loss 1.3574 | Val Acc 0.5404 | ETputs(KTEPS) 92294.45
2023-10-12 03:05:39,694 - tune.py [line:103] - INFO: Epoch 00380 | Time(s) 0.0439 | Val Loss 1.3435 | Val Acc 0.5327 | ETputs(KTEPS) 91593.41
2023-10-12 03:05:40,785 - tune.py [line:103] - INFO: Epoch 00400 | Time(s) 0.0444 | Val Loss 1.3417 | Val Acc 0.5375 | ETputs(KTEPS) 90498.40
2023-10-12 03:05:41,761 - tune.py [line:103] - INFO: Epoch 00420 | Time(s) 0.0446 | Val Loss 1.3313 | Val Acc 0.5221 | ETputs(KTEPS) 90076.46
2023-10-12 03:05:42,857 - tune.py [line:103] - INFO: Epoch 00440 | Time(s) 0.0451 | Val Loss 1.3225 | Val Acc 0.5413 | ETputs(KTEPS) 89153.44
2023-10-12 03:05:43,867 - tune.py [line:103] - INFO: Epoch 00460 | Time(s) 0.0453 | Val Loss 1.3264 | Val Acc 0.5135 | ETputs(KTEPS) 88691.19
2023-10-12 03:05:45,086 - tune.py [line:103] - INFO: Epoch 00480 | Time(s) 0.0460 | Val Loss 1.3104 | Val Acc 0.5269 | ETputs(KTEPS) 87437.73
2023-10-12 03:05:46,120 - tune.py [line:103] - INFO: Epoch 00500 | Time(s) 0.0462 | Val Loss 1.3064 | Val Acc 0.5385 | ETputs(KTEPS) 87007.57
2023-10-12 03:05:47,315 - tune.py [line:103] - INFO: Epoch 00520 | Time(s) 0.0467 | Val Loss 1.2989 | Val Acc 0.5269 | ETputs(KTEPS) 86037.64
2023-10-12 03:05:48,441 - tune.py [line:103] - INFO: Epoch 00540 | Time(s) 0.0471 | Val Loss 1.2962 | Val Acc 0.5462 | ETputs(KTEPS) 85403.25
2023-10-12 03:05:49,632 - tune.py [line:103] - INFO: Epoch 00560 | Time(s) 0.0475 | Val Loss 1.2876 | Val Acc 0.5346 | ETputs(KTEPS) 84604.69
2023-10-12 03:05:50,758 - tune.py [line:103] - INFO: Epoch 00580 | Time(s) 0.0478 | Val Loss 1.2771 | Val Acc 0.5279 | ETputs(KTEPS) 84068.72
2023-10-12 03:05:51,952 - tune.py [line:103] - INFO: Epoch 00600 | Time(s) 0.0482 | Val Loss 1.2681 | Val Acc 0.5471 | ETputs(KTEPS) 83379.86
2023-10-12 03:05:53,121 - tune.py [line:103] - INFO: Epoch 00620 | Time(s) 0.0485 | Val Loss 1.2682 | Val Acc 0.5500 | ETputs(KTEPS) 82814.47
2023-10-12 03:05:54,258 - tune.py [line:103] - INFO: Epoch 00640 | Time(s) 0.0488 | Val Loss 1.2640 | Val Acc 0.5567 | ETputs(KTEPS) 82373.55
2023-10-12 03:05:55,544 - tune.py [line:103] - INFO: Epoch 00660 | Time(s) 0.0493 | Val Loss 1.2657 | Val Acc 0.5385 | ETputs(KTEPS) 81590.29
2023-10-12 03:05:56,775 - tune.py [line:103] - INFO: Epoch 00680 | Time(s) 0.0496 | Val Loss 1.2651 | Val Acc 0.5548 | ETputs(KTEPS) 80997.61
2023-10-12 03:05:57,944 - tune.py [line:103] - INFO: Epoch 00700 | Time(s) 0.0499 | Val Loss 1.2683 | Val Acc 0.5442 | ETputs(KTEPS) 80587.62
2023-10-12 03:05:59,283 - tune.py [line:103] - INFO: Epoch 00720 | Time(s) 0.0503 | Val Loss 1.2699 | Val Acc 0.5269 | ETputs(KTEPS) 79829.46
2023-10-12 03:06:00,483 - tune.py [line:103] - INFO: Epoch 00740 | Time(s) 0.0506 | Val Loss 1.2492 | Val Acc 0.5481 | ETputs(KTEPS) 79420.33
2023-10-12 03:06:01,802 - tune.py [line:103] - INFO: Epoch 00760 | Time(s) 0.0510 | Val Loss 1.2448 | Val Acc 0.5577 | ETputs(KTEPS) 78792.95
2023-10-12 03:06:03,042 - tune.py [line:103] - INFO: Epoch 00780 | Time(s) 0.0513 | Val Loss 1.2432 | Val Acc 0.5519 | ETputs(KTEPS) 78360.46
2023-10-12 03:06:04,411 - tune.py [line:103] - INFO: Epoch 00800 | Time(s) 0.0517 | Val Loss 1.2447 | Val Acc 0.5529 | ETputs(KTEPS) 77712.33
2023-10-12 03:06:05,712 - tune.py [line:103] - INFO: Epoch 00820 | Time(s) 0.0520 | Val Loss 1.2311 | Val Acc 0.5577 | ETputs(KTEPS) 77232.12
2023-10-12 03:06:07,025 - tune.py [line:103] - INFO: Epoch 00840 | Time(s) 0.0524 | Val Loss 1.2415 | Val Acc 0.5596 | ETputs(KTEPS) 76758.39
2023-10-12 03:06:08,336 - tune.py [line:103] - INFO: Epoch 00860 | Time(s) 0.0527 | Val Loss 1.2390 | Val Acc 0.5490 | ETputs(KTEPS) 76311.82
2023-10-12 03:06:09,703 - tune.py [line:103] - INFO: Epoch 00880 | Time(s) 0.0530 | Val Loss 1.2390 | Val Acc 0.5423 | ETputs(KTEPS) 75800.89
2023-10-12 03:06:11,141 - tune.py [line:103] - INFO: Epoch 00900 | Time(s) 0.0534 | Val Loss 1.2386 | Val Acc 0.5587 | ETputs(KTEPS) 75205.79
2023-10-12 03:06:12,632 - tune.py [line:103] - INFO: Epoch 00920 | Time(s) 0.0539 | Val Loss 1.2386 | Val Acc 0.5442 | ETputs(KTEPS) 74567.54
2023-10-12 03:06:14,199 - tune.py [line:103] - INFO: Epoch 00940 | Time(s) 0.0544 | Val Loss 1.2270 | Val Acc 0.5452 | ETputs(KTEPS) 73856.01
2023-10-12 03:06:15,720 - tune.py [line:103] - INFO: Epoch 00960 | Time(s) 0.0549 | Val Loss 1.2332 | Val Acc 0.5538 | ETputs(KTEPS) 73250.32
2023-10-12 03:06:17,078 - tune.py [line:103] - INFO: Epoch 00980 | Time(s) 0.0551 | Val Loss 1.2304 | Val Acc 0.5548 | ETputs(KTEPS) 72897.98
2023-10-12 03:06:18,465 - tune.py [line:103] - INFO: Epoch 01000 | Time(s) 0.0554 | Val Loss 1.2236 | Val Acc 0.5452 | ETputs(KTEPS) 72524.74
2023-10-12 03:06:20,003 - tune.py [line:103] - INFO: Epoch 01020 | Time(s) 0.0558 | Val Loss 1.2169 | Val Acc 0.5606 | ETputs(KTEPS) 71978.00
2023-10-12 03:06:21,523 - tune.py [line:103] - INFO: Epoch 01040 | Time(s) 0.0562 | Val Loss 1.2314 | Val Acc 0.5337 | ETputs(KTEPS) 71482.31
2023-10-12 03:06:22,984 - tune.py [line:103] - INFO: Epoch 01060 | Time(s) 0.0565 | Val Loss 1.2223 | Val Acc 0.5558 | ETputs(KTEPS) 71085.18
2023-10-12 03:06:24,522 - tune.py [line:103] - INFO: Epoch 01080 | Time(s) 0.0569 | Val Loss 1.2272 | Val Acc 0.5490 | ETputs(KTEPS) 70614.62
2023-10-12 03:06:26,140 - tune.py [line:103] - INFO: Epoch 01100 | Time(s) 0.0574 | Val Loss 1.2316 | Val Acc 0.5519 | ETputs(KTEPS) 70078.89
2023-10-12 03:06:27,717 - tune.py [line:103] - INFO: Epoch 01120 | Time(s) 0.0577 | Val Loss 1.2125 | Val Acc 0.5548 | ETputs(KTEPS) 69615.79
2023-10-12 03:06:29,520 - tune.py [line:103] - INFO: Epoch 01140 | Time(s) 0.0583 | Val Loss 1.2350 | Val Acc 0.5510 | ETputs(KTEPS) 68938.01
2023-10-12 03:06:31,133 - tune.py [line:103] - INFO: Epoch 01160 | Time(s) 0.0587 | Val Loss 1.2316 | Val Acc 0.5365 | ETputs(KTEPS) 68485.53
2023-10-12 03:06:33,000 - tune.py [line:103] - INFO: Epoch 01180 | Time(s) 0.0593 | Val Loss 1.2193 | Val Acc 0.5529 | ETputs(KTEPS) 67807.81
2023-10-12 03:06:34,808 - tune.py [line:103] - INFO: Epoch 01200 | Time(s) 0.0598 | Val Loss 1.2164 | Val Acc 0.5481 | ETputs(KTEPS) 67220.55
2023-10-12 03:06:36,175 - tune.py [line:103] - INFO: Epoch 01220 | Time(s) 0.0599 | Val Loss 1.2245 | Val Acc 0.5423 | ETputs(KTEPS) 67063.82
2023-10-12 03:06:36,774 - tune.py [line:103] - INFO: Epoch 01240 | Time(s) 0.0594 | Val Loss 1.2270 | Val Acc 0.5442 | ETputs(KTEPS) 67609.36
2023-10-12 03:06:37,406 - tune.py [line:103] - INFO: Epoch 01260 | Time(s) 0.0590 | Val Loss 1.2330 | Val Acc 0.5519 | ETputs(KTEPS) 68116.80
2023-10-12 03:06:38,008 - tune.py [line:103] - INFO: Epoch 01280 | Time(s) 0.0586 | Val Loss 1.2211 | Val Acc 0.5500 | ETputs(KTEPS) 68642.97
2023-10-12 03:06:38,599 - tune.py [line:103] - INFO: Epoch 01300 | Time(s) 0.0581 | Val Loss 1.2117 | Val Acc 0.5702 | ETputs(KTEPS) 69170.79
2023-10-12 03:06:39,366 - tune.py [line:103] - INFO: Epoch 01320 | Time(s) 0.0578 | Val Loss 1.2135 | Val Acc 0.5548 | ETputs(KTEPS) 69531.85
2023-10-12 03:06:40,046 - tune.py [line:103] - INFO: Epoch 01340 | Time(s) 0.0574 | Val Loss 1.2189 | Val Acc 0.5548 | ETputs(KTEPS) 69962.67
2023-10-12 03:06:40,696 - tune.py [line:103] - INFO: Epoch 01360 | Time(s) 0.0571 | Val Loss 1.2345 | Val Acc 0.5519 | ETputs(KTEPS) 70413.59
2023-10-12 03:06:41,324 - tune.py [line:103] - INFO: Epoch 01380 | Time(s) 0.0567 | Val Loss 1.2355 | Val Acc 0.5462 | ETputs(KTEPS) 70876.51
2023-10-12 03:06:41,982 - tune.py [line:103] - INFO: Epoch 01400 | Time(s) 0.0564 | Val Loss 1.2397 | Val Acc 0.5404 | ETputs(KTEPS) 71304.35
2023-10-12 03:06:42,598 - tune.py [line:103] - INFO: Epoch 01420 | Time(s) 0.0560 | Val Loss 1.2307 | Val Acc 0.5587 | ETputs(KTEPS) 71763.53
2023-10-12 03:06:43,199 - tune.py [line:103] - INFO: Epoch 01440 | Time(s) 0.0556 | Val Loss 1.2292 | Val Acc 0.5577 | ETputs(KTEPS) 72229.05
2023-10-12 03:06:43,876 - tune.py [line:103] - INFO: Epoch 01460 | Time(s) 0.0553 | Val Loss 1.2280 | Val Acc 0.5558 | ETputs(KTEPS) 72619.06
2023-10-12 03:06:44,559 - tune.py [line:103] - INFO: Epoch 01480 | Time(s) 0.0551 | Val Loss 1.2339 | Val Acc 0.5567 | ETputs(KTEPS) 72997.62
2023-10-12 03:06:45,230 - tune.py [line:103] - INFO: Epoch 01500 | Time(s) 0.0548 | Val Loss 1.2416 | Val Acc 0.5452 | ETputs(KTEPS) 73381.17
2023-10-12 03:06:45,878 - tune.py [line:103] - INFO: Epoch 01520 | Time(s) 0.0545 | Val Loss 1.2497 | Val Acc 0.5442 | ETputs(KTEPS) 73778.46
2023-10-12 03:06:46,705 - tune.py [line:103] - INFO: Epoch 01540 | Time(s) 0.0543 | Val Loss 1.2570 | Val Acc 0.5510 | ETputs(KTEPS) 74011.56
2023-10-12 03:06:47,453 - tune.py [line:103] - INFO: Epoch 01560 | Time(s) 0.0541 | Val Loss 1.2505 | Val Acc 0.5529 | ETputs(KTEPS) 74308.04
2023-10-12 03:06:48,169 - tune.py [line:103] - INFO: Epoch 01580 | Time(s) 0.0539 | Val Loss 1.2352 | Val Acc 0.5654 | ETputs(KTEPS) 74628.57
2023-10-12 03:06:48,812 - tune.py [line:103] - INFO: Epoch 01600 | Time(s) 0.0536 | Val Loss 1.2471 | Val Acc 0.5606 | ETputs(KTEPS) 75007.25
2023-10-12 03:06:49,009 - tune.py [line:117] - INFO: [FINAL MODEL] Val accuracy 57.31% \Val loss: 1.2
2023-10-12 03:06:49,012 - tune.py [line:119] - INFO: [FINAL MODEL] Test accuracy 57.54% \Test loss: 1.2
2023-10-12 03:06:49,013 - tune.py [line:144] - INFO: Acc on the first split (Validation Set): 0.5731
2023-10-12 03:06:49,013 - tune.py [line:145] - INFO: Acc on the first split (Test Set): 0.5754
