2023-10-12 03:04:28,301 - tune.py [line:203] - INFO: Namespace(seed=42, model='NormalNNV2', gpu=0, dataset='geom-squirrel', logging=True, log_detail=True, log_detailedCh=False, id_log=1012014502, optuna_n_trials=202, n_epochs=2000, self_loop=True, udgraph=True, early_stop=True, patience=300, n_hidden=64, n_cv=1, start_cv=0, n_layers=8, lr1=0.005, lr2=0.01, wd1=1e-08, wd2=1e-06, dropout=0.2, dropout2=0.0, es_ckpt='TestTuningScript-geom-squirrel_NormalNNV2-geom-squirrel_trialNo19')
2023-10-12 03:04:30,941 - tune.py [line:128] - INFO: Split_seeds:[1824]
2023-10-12 03:04:30,941 - tune.py [line:129] - INFO: Model_seeds:[409]
2023-10-12 03:04:32,670 - tune.py [line:103] - INFO: Epoch 00020 | Time(s) 0.0849 | Val Loss 1.6052 | Val Acc 0.3279 | ETputs(KTEPS) 47311.10
2023-10-12 03:04:34,413 - tune.py [line:103] - INFO: Epoch 00040 | Time(s) 0.0853 | Val Loss 1.6011 | Val Acc 0.4260 | ETputs(KTEPS) 47120.22
2023-10-12 03:04:36,046 - tune.py [line:103] - INFO: Epoch 00060 | Time(s) 0.0839 | Val Loss 1.5969 | Val Acc 0.4635 | ETputs(KTEPS) 47919.49
2023-10-12 03:04:37,611 - tune.py [line:103] - INFO: Epoch 00080 | Time(s) 0.0823 | Val Loss 1.5922 | Val Acc 0.4673 | ETputs(KTEPS) 48824.13
2023-10-12 03:04:39,720 - tune.py [line:103] - INFO: Epoch 00100 | Time(s) 0.0869 | Val Loss 1.5861 | Val Acc 0.5029 | ETputs(KTEPS) 46252.30
2023-10-12 03:04:41,753 - tune.py [line:103] - INFO: Epoch 00120 | Time(s) 0.0893 | Val Loss 1.5801 | Val Acc 0.4990 | ETputs(KTEPS) 44999.63
2023-10-12 03:04:42,546 - tune.py [line:103] - INFO: Epoch 00140 | Time(s) 0.0822 | Val Loss 1.5759 | Val Acc 0.5010 | ETputs(KTEPS) 48884.22
2023-10-12 03:04:43,409 - tune.py [line:103] - INFO: Epoch 00160 | Time(s) 0.0773 | Val Loss 1.5705 | Val Acc 0.5019 | ETputs(KTEPS) 51972.73
2023-10-12 03:04:44,305 - tune.py [line:103] - INFO: Epoch 00180 | Time(s) 0.0737 | Val Loss 1.5645 | Val Acc 0.5096 | ETputs(KTEPS) 54525.98
2023-10-12 03:04:45,221 - tune.py [line:103] - INFO: Epoch 00200 | Time(s) 0.0709 | Val Loss 1.5613 | Val Acc 0.5048 | ETputs(KTEPS) 56670.88
2023-10-12 03:04:46,090 - tune.py [line:103] - INFO: Epoch 00220 | Time(s) 0.0684 | Val Loss 1.5568 | Val Acc 0.5173 | ETputs(KTEPS) 58752.55
2023-10-12 03:04:46,888 - tune.py [line:103] - INFO: Epoch 00240 | Time(s) 0.0660 | Val Loss 1.5525 | Val Acc 0.5096 | ETputs(KTEPS) 60869.21
2023-10-12 03:04:47,666 - tune.py [line:103] - INFO: Epoch 00260 | Time(s) 0.0639 | Val Loss 1.5488 | Val Acc 0.5125 | ETputs(KTEPS) 62857.63
2023-10-12 03:04:48,440 - tune.py [line:103] - INFO: Epoch 00280 | Time(s) 0.0621 | Val Loss 1.5421 | Val Acc 0.5183 | ETputs(KTEPS) 64682.16
2023-10-12 03:04:49,354 - tune.py [line:103] - INFO: Epoch 00300 | Time(s) 0.0610 | Val Loss 1.5386 | Val Acc 0.5135 | ETputs(KTEPS) 65846.70
2023-10-12 03:04:50,236 - tune.py [line:103] - INFO: Epoch 00320 | Time(s) 0.0600 | Val Loss 1.5353 | Val Acc 0.5115 | ETputs(KTEPS) 67009.15
2023-10-12 03:04:51,083 - tune.py [line:103] - INFO: Epoch 00340 | Time(s) 0.0589 | Val Loss 1.5321 | Val Acc 0.5067 | ETputs(KTEPS) 68190.13
2023-10-12 03:04:51,928 - tune.py [line:103] - INFO: Epoch 00360 | Time(s) 0.0580 | Val Loss 1.5288 | Val Acc 0.5038 | ETputs(KTEPS) 69284.17
2023-10-12 03:04:52,763 - tune.py [line:103] - INFO: Epoch 00380 | Time(s) 0.0572 | Val Loss 1.5222 | Val Acc 0.5096 | ETputs(KTEPS) 70320.56
2023-10-12 03:04:53,703 - tune.py [line:103] - INFO: Epoch 00400 | Time(s) 0.0566 | Val Loss 1.5218 | Val Acc 0.5029 | ETputs(KTEPS) 70954.12
2023-10-12 03:04:54,555 - tune.py [line:103] - INFO: Epoch 00420 | Time(s) 0.0560 | Val Loss 1.5130 | Val Acc 0.5192 | ETputs(KTEPS) 71804.26
2023-10-12 03:04:55,365 - tune.py [line:103] - INFO: Epoch 00440 | Time(s) 0.0553 | Val Loss 1.5128 | Val Acc 0.5115 | ETputs(KTEPS) 72717.34
2023-10-12 03:04:56,309 - tune.py [line:103] - INFO: Epoch 00460 | Time(s) 0.0549 | Val Loss 1.5052 | Val Acc 0.5212 | ETputs(KTEPS) 73185.71
2023-10-12 03:04:57,252 - tune.py [line:103] - INFO: Epoch 00480 | Time(s) 0.0546 | Val Loss 1.5059 | Val Acc 0.5029 | ETputs(KTEPS) 73628.34
2023-10-12 03:04:58,139 - tune.py [line:103] - INFO: Epoch 00500 | Time(s) 0.0542 | Val Loss 1.4998 | Val Acc 0.5163 | ETputs(KTEPS) 74184.87
2023-10-12 03:04:59,062 - tune.py [line:103] - INFO: Epoch 00520 | Time(s) 0.0539 | Val Loss 1.4964 | Val Acc 0.5125 | ETputs(KTEPS) 74611.57
2023-10-12 03:05:00,083 - tune.py [line:103] - INFO: Epoch 00540 | Time(s) 0.0538 | Val Loss 1.4960 | Val Acc 0.5058 | ETputs(KTEPS) 74759.31
2023-10-12 03:05:01,061 - tune.py [line:103] - INFO: Epoch 00560 | Time(s) 0.0536 | Val Loss 1.4891 | Val Acc 0.5163 | ETputs(KTEPS) 75003.10
2023-10-12 03:05:02,112 - tune.py [line:103] - INFO: Epoch 00580 | Time(s) 0.0535 | Val Loss 1.4852 | Val Acc 0.5125 | ETputs(KTEPS) 75052.75
2023-10-12 03:05:03,102 - tune.py [line:103] - INFO: Epoch 00600 | Time(s) 0.0534 | Val Loss 1.4826 | Val Acc 0.5067 | ETputs(KTEPS) 75244.16
2023-10-12 03:05:04,197 - tune.py [line:103] - INFO: Epoch 00620 | Time(s) 0.0535 | Val Loss 1.4772 | Val Acc 0.5048 | ETputs(KTEPS) 75185.29
2023-10-12 03:05:05,325 - tune.py [line:103] - INFO: Epoch 00640 | Time(s) 0.0535 | Val Loss 1.4785 | Val Acc 0.5135 | ETputs(KTEPS) 75057.41
2023-10-12 03:05:06,268 - tune.py [line:103] - INFO: Epoch 00660 | Time(s) 0.0534 | Val Loss 1.4697 | Val Acc 0.5183 | ETputs(KTEPS) 75331.78
2023-10-12 03:05:07,178 - tune.py [line:103] - INFO: Epoch 00680 | Time(s) 0.0531 | Val Loss 1.4692 | Val Acc 0.5183 | ETputs(KTEPS) 75661.36
2023-10-12 03:05:08,275 - tune.py [line:103] - INFO: Epoch 00700 | Time(s) 0.0532 | Val Loss 1.4660 | Val Acc 0.5135 | ETputs(KTEPS) 75590.48
2023-10-12 03:05:09,366 - tune.py [line:103] - INFO: Epoch 00720 | Time(s) 0.0532 | Val Loss 1.4606 | Val Acc 0.5269 | ETputs(KTEPS) 75538.14
2023-10-12 03:05:10,372 - tune.py [line:103] - INFO: Epoch 00740 | Time(s) 0.0531 | Val Loss 1.4568 | Val Acc 0.5269 | ETputs(KTEPS) 75651.24
2023-10-12 03:05:11,416 - tune.py [line:103] - INFO: Epoch 00760 | Time(s) 0.0531 | Val Loss 1.4600 | Val Acc 0.5144 | ETputs(KTEPS) 75686.18
2023-10-12 03:05:11,673 - tune.py [line:117] - INFO: [FINAL MODEL] Val accuracy 53.37% \Val loss: 1.5
2023-10-12 03:05:11,681 - tune.py [line:119] - INFO: [FINAL MODEL] Test accuracy 50.24% \Test loss: 1.5
2023-10-12 03:05:11,682 - tune.py [line:144] - INFO: Acc on the first split (Validation Set): 0.5337
2023-10-12 03:05:11,682 - tune.py [line:145] - INFO: Acc on the first split (Test Set): 0.5024
