2023-10-12 03:14:14,959 - tune.py [line:203] - INFO: Namespace(seed=42, model='NormalNNV2', gpu=0, dataset='geom-squirrel', logging=True, log_detail=True, log_detailedCh=False, id_log=1012014502, optuna_n_trials=202, n_epochs=2000, self_loop=True, udgraph=True, early_stop=True, patience=300, n_hidden=64, n_cv=1, start_cv=0, n_layers=4, lr1=0.02, lr2=0.04, wd1=1e-05, wd2=1e-07, dropout=0.1, dropout2=0.7, es_ckpt='TestTuningScript-geom-squirrel_NormalNNV2-geom-squirrel_trialNo85')
2023-10-12 03:14:17,455 - tune.py [line:128] - INFO: Split_seeds:[1824]
2023-10-12 03:14:17,455 - tune.py [line:129] - INFO: Model_seeds:[409]
2023-10-12 03:14:17,557 - tune.py [line:103] - INFO: Epoch 00020 | Time(s) 0.0277 | Val Loss 1.5989 | Val Acc 0.3683 | ETputs(KTEPS) 145185.53
2023-10-12 03:14:18,317 - tune.py [line:103] - INFO: Epoch 00040 | Time(s) 0.0324 | Val Loss 1.5843 | Val Acc 0.4423 | ETputs(KTEPS) 123888.66
2023-10-12 03:14:18,962 - tune.py [line:103] - INFO: Epoch 00060 | Time(s) 0.0321 | Val Loss 1.5642 | Val Acc 0.4769 | ETputs(KTEPS) 125147.17
2023-10-12 03:14:19,533 - tune.py [line:103] - INFO: Epoch 00080 | Time(s) 0.0311 | Val Loss 1.5455 | Val Acc 0.4971 | ETputs(KTEPS) 129038.44
2023-10-12 03:14:20,128 - tune.py [line:103] - INFO: Epoch 00100 | Time(s) 0.0309 | Val Loss 1.5269 | Val Acc 0.5019 | ETputs(KTEPS) 130233.89
2023-10-12 03:14:20,720 - tune.py [line:103] - INFO: Epoch 00120 | Time(s) 0.0306 | Val Loss 1.5132 | Val Acc 0.4865 | ETputs(KTEPS) 131219.27
2023-10-12 03:14:21,329 - tune.py [line:103] - INFO: Epoch 00140 | Time(s) 0.0306 | Val Loss 1.4907 | Val Acc 0.5298 | ETputs(KTEPS) 131479.34
2023-10-12 03:14:21,994 - tune.py [line:103] - INFO: Epoch 00160 | Time(s) 0.0309 | Val Loss 1.4791 | Val Acc 0.5250 | ETputs(KTEPS) 130062.31
2023-10-12 03:14:22,660 - tune.py [line:103] - INFO: Epoch 00180 | Time(s) 0.0312 | Val Loss 1.4629 | Val Acc 0.5212 | ETputs(KTEPS) 129016.12
2023-10-12 03:14:23,326 - tune.py [line:103] - INFO: Epoch 00200 | Time(s) 0.0314 | Val Loss 1.4473 | Val Acc 0.5115 | ETputs(KTEPS) 128127.79
2023-10-12 03:14:24,030 - tune.py [line:103] - INFO: Epoch 00220 | Time(s) 0.0317 | Val Loss 1.4323 | Val Acc 0.5269 | ETputs(KTEPS) 126774.50
2023-10-12 03:14:24,712 - tune.py [line:103] - INFO: Epoch 00240 | Time(s) 0.0319 | Val Loss 1.4214 | Val Acc 0.5135 | ETputs(KTEPS) 125988.57
2023-10-12 03:14:25,382 - tune.py [line:103] - INFO: Epoch 00260 | Time(s) 0.0320 | Val Loss 1.4176 | Val Acc 0.5173 | ETputs(KTEPS) 125510.92
2023-10-12 03:14:26,060 - tune.py [line:103] - INFO: Epoch 00280 | Time(s) 0.0322 | Val Loss 1.4025 | Val Acc 0.5375 | ETputs(KTEPS) 124984.36
2023-10-12 03:14:26,738 - tune.py [line:103] - INFO: Epoch 00300 | Time(s) 0.0323 | Val Loss 1.3897 | Val Acc 0.5356 | ETputs(KTEPS) 124547.25
2023-10-12 03:14:27,406 - tune.py [line:103] - INFO: Epoch 00320 | Time(s) 0.0323 | Val Loss 1.3873 | Val Acc 0.5221 | ETputs(KTEPS) 124277.62
2023-10-12 03:14:28,062 - tune.py [line:103] - INFO: Epoch 00340 | Time(s) 0.0324 | Val Loss 1.3622 | Val Acc 0.5308 | ETputs(KTEPS) 124175.65
2023-10-12 03:14:28,759 - tune.py [line:103] - INFO: Epoch 00360 | Time(s) 0.0325 | Val Loss 1.3614 | Val Acc 0.5413 | ETputs(KTEPS) 123679.96
2023-10-12 03:14:29,521 - tune.py [line:103] - INFO: Epoch 00380 | Time(s) 0.0328 | Val Loss 1.3475 | Val Acc 0.5442 | ETputs(KTEPS) 122568.59
2023-10-12 03:14:30,261 - tune.py [line:103] - INFO: Epoch 00400 | Time(s) 0.0330 | Val Loss 1.3443 | Val Acc 0.5346 | ETputs(KTEPS) 121792.65
2023-10-12 03:14:30,983 - tune.py [line:103] - INFO: Epoch 00420 | Time(s) 0.0331 | Val Loss 1.3409 | Val Acc 0.5163 | ETputs(KTEPS) 121257.63
2023-10-12 03:14:31,931 - tune.py [line:103] - INFO: Epoch 00440 | Time(s) 0.0338 | Val Loss 1.3371 | Val Acc 0.5115 | ETputs(KTEPS) 118936.14
2023-10-12 03:14:32,736 - tune.py [line:103] - INFO: Epoch 00460 | Time(s) 0.0341 | Val Loss 1.3232 | Val Acc 0.5173 | ETputs(KTEPS) 117960.54
2023-10-12 03:14:33,551 - tune.py [line:103] - INFO: Epoch 00480 | Time(s) 0.0343 | Val Loss 1.3148 | Val Acc 0.5183 | ETputs(KTEPS) 117004.40
2023-10-12 03:14:34,441 - tune.py [line:103] - INFO: Epoch 00500 | Time(s) 0.0348 | Val Loss 1.3137 | Val Acc 0.5327 | ETputs(KTEPS) 115643.00
2023-10-12 03:14:35,384 - tune.py [line:103] - INFO: Epoch 00520 | Time(s) 0.0352 | Val Loss 1.3000 | Val Acc 0.5394 | ETputs(KTEPS) 114090.33
2023-10-12 03:14:36,379 - tune.py [line:103] - INFO: Epoch 00540 | Time(s) 0.0357 | Val Loss 1.2952 | Val Acc 0.5288 | ETputs(KTEPS) 112436.09
2023-10-12 03:14:37,259 - tune.py [line:103] - INFO: Epoch 00560 | Time(s) 0.0360 | Val Loss 1.2985 | Val Acc 0.5250 | ETputs(KTEPS) 111520.03
2023-10-12 03:14:38,269 - tune.py [line:103] - INFO: Epoch 00580 | Time(s) 0.0365 | Val Loss 1.2923 | Val Acc 0.5308 | ETputs(KTEPS) 110004.74
2023-10-12 03:14:39,086 - tune.py [line:103] - INFO: Epoch 00600 | Time(s) 0.0367 | Val Loss 1.2966 | Val Acc 0.5327 | ETputs(KTEPS) 109588.36
2023-10-12 03:14:39,728 - tune.py [line:103] - INFO: Epoch 00620 | Time(s) 0.0365 | Val Loss 1.2791 | Val Acc 0.5337 | ETputs(KTEPS) 110033.07
2023-10-12 03:14:40,336 - tune.py [line:103] - INFO: Epoch 00640 | Time(s) 0.0363 | Val Loss 1.2715 | Val Acc 0.5433 | ETputs(KTEPS) 110614.28
2023-10-12 03:14:40,934 - tune.py [line:103] - INFO: Epoch 00660 | Time(s) 0.0361 | Val Loss 1.2796 | Val Acc 0.5529 | ETputs(KTEPS) 111213.42
2023-10-12 03:14:41,596 - tune.py [line:103] - INFO: Epoch 00680 | Time(s) 0.0360 | Val Loss 1.2690 | Val Acc 0.5346 | ETputs(KTEPS) 111493.71
2023-10-12 03:14:42,228 - tune.py [line:103] - INFO: Epoch 00700 | Time(s) 0.0359 | Val Loss 1.2641 | Val Acc 0.5404 | ETputs(KTEPS) 111901.24
2023-10-12 03:14:42,823 - tune.py [line:103] - INFO: Epoch 00720 | Time(s) 0.0357 | Val Loss 1.2746 | Val Acc 0.5346 | ETputs(KTEPS) 112442.41
2023-10-12 03:14:43,425 - tune.py [line:103] - INFO: Epoch 00740 | Time(s) 0.0356 | Val Loss 1.2661 | Val Acc 0.5462 | ETputs(KTEPS) 112924.86
2023-10-12 03:14:44,036 - tune.py [line:103] - INFO: Epoch 00760 | Time(s) 0.0355 | Val Loss 1.2560 | Val Acc 0.5481 | ETputs(KTEPS) 113350.32
2023-10-12 03:14:44,693 - tune.py [line:103] - INFO: Epoch 00780 | Time(s) 0.0354 | Val Loss 1.2507 | Val Acc 0.5673 | ETputs(KTEPS) 113568.66
2023-10-12 03:14:45,271 - tune.py [line:103] - INFO: Epoch 00800 | Time(s) 0.0352 | Val Loss 1.2501 | Val Acc 0.5423 | ETputs(KTEPS) 114090.40
2023-10-12 03:14:45,852 - tune.py [line:103] - INFO: Epoch 00820 | Time(s) 0.0351 | Val Loss 1.2523 | Val Acc 0.5423 | ETputs(KTEPS) 114584.52
2023-10-12 03:14:46,460 - tune.py [line:103] - INFO: Epoch 00840 | Time(s) 0.0350 | Val Loss 1.2581 | Val Acc 0.5356 | ETputs(KTEPS) 114951.91
2023-10-12 03:14:47,148 - tune.py [line:103] - INFO: Epoch 00860 | Time(s) 0.0349 | Val Loss 1.2388 | Val Acc 0.5567 | ETputs(KTEPS) 114997.85
2023-10-12 03:14:47,754 - tune.py [line:103] - INFO: Epoch 00880 | Time(s) 0.0348 | Val Loss 1.2436 | Val Acc 0.5471 | ETputs(KTEPS) 115349.41
2023-10-12 03:14:48,347 - tune.py [line:103] - INFO: Epoch 00900 | Time(s) 0.0347 | Val Loss 1.2555 | Val Acc 0.5404 | ETputs(KTEPS) 115732.98
2023-10-12 03:14:48,941 - tune.py [line:103] - INFO: Epoch 00920 | Time(s) 0.0346 | Val Loss 1.2426 | Val Acc 0.5404 | ETputs(KTEPS) 116102.48
2023-10-12 03:14:49,536 - tune.py [line:103] - INFO: Epoch 00940 | Time(s) 0.0345 | Val Loss 1.2554 | Val Acc 0.5462 | ETputs(KTEPS) 116453.64
2023-10-12 03:14:50,054 - tune.py [line:103] - INFO: Epoch 00960 | Time(s) 0.0343 | Val Loss 1.2444 | Val Acc 0.5471 | ETputs(KTEPS) 117062.44
2023-10-12 03:14:50,636 - tune.py [line:103] - INFO: Epoch 00980 | Time(s) 0.0342 | Val Loss 1.2492 | Val Acc 0.5558 | ETputs(KTEPS) 117429.88
2023-10-12 03:14:50,993 - tune.py [line:117] - INFO: [FINAL MODEL] Val accuracy 56.83% \Val loss: 1.3
2023-10-12 03:14:50,996 - tune.py [line:119] - INFO: [FINAL MODEL] Test accuracy 55.33% \Test loss: 1.3
2023-10-12 03:14:50,997 - tune.py [line:144] - INFO: Acc on the first split (Validation Set): 0.5683
2023-10-12 03:14:50,997 - tune.py [line:145] - INFO: Acc on the first split (Test Set): 0.5533
