2023-10-12 03:19:21,516 - tune.py [line:203] - INFO: Namespace(seed=42, model='NormalNNV2', gpu=0, dataset='geom-squirrel', logging=True, log_detail=True, log_detailedCh=False, id_log=1012014502, optuna_n_trials=202, n_epochs=2000, self_loop=True, udgraph=True, early_stop=True, patience=300, n_hidden=64, n_cv=1, start_cv=0, n_layers=16, lr1=0.02, lr2=0.04, wd1=1e-08, wd2=1e-07, dropout=0.2, dropout2=0.2, es_ckpt='TestTuningScript-geom-squirrel_NormalNNV2-geom-squirrel_trialNo171')
2023-10-12 03:19:23,993 - tune.py [line:128] - INFO: Split_seeds:[1824]
2023-10-12 03:19:23,993 - tune.py [line:129] - INFO: Model_seeds:[409]
2023-10-12 03:19:25,088 - tune.py [line:103] - INFO: Epoch 00020 | Time(s) 0.0531 | Val Loss 1.5899 | Val Acc 0.4346 | ETputs(KTEPS) 75650.15
2023-10-12 03:19:26,246 - tune.py [line:103] - INFO: Epoch 00040 | Time(s) 0.0549 | Val Loss 1.5613 | Val Acc 0.5077 | ETputs(KTEPS) 73167.89
2023-10-12 03:19:27,376 - tune.py [line:103] - INFO: Epoch 00060 | Time(s) 0.0553 | Val Loss 1.5331 | Val Acc 0.5231 | ETputs(KTEPS) 72714.01
2023-10-12 03:19:28,533 - tune.py [line:103] - INFO: Epoch 00080 | Time(s) 0.0559 | Val Loss 1.5093 | Val Acc 0.5212 | ETputs(KTEPS) 71919.51
2023-10-12 03:19:29,739 - tune.py [line:103] - INFO: Epoch 00100 | Time(s) 0.0567 | Val Loss 1.4842 | Val Acc 0.5192 | ETputs(KTEPS) 70892.55
2023-10-12 03:19:30,868 - tune.py [line:103] - INFO: Epoch 00120 | Time(s) 0.0566 | Val Loss 1.4642 | Val Acc 0.5231 | ETputs(KTEPS) 70966.39
2023-10-12 03:19:31,945 - tune.py [line:103] - INFO: Epoch 00140 | Time(s) 0.0562 | Val Loss 1.4354 | Val Acc 0.5404 | ETputs(KTEPS) 71477.21
2023-10-12 03:19:33,031 - tune.py [line:103] - INFO: Epoch 00160 | Time(s) 0.0560 | Val Loss 1.4231 | Val Acc 0.5260 | ETputs(KTEPS) 71784.33
2023-10-12 03:19:34,146 - tune.py [line:103] - INFO: Epoch 00180 | Time(s) 0.0560 | Val Loss 1.4173 | Val Acc 0.5106 | ETputs(KTEPS) 71821.09
2023-10-12 03:19:35,244 - tune.py [line:103] - INFO: Epoch 00200 | Time(s) 0.0559 | Val Loss 1.3942 | Val Acc 0.5250 | ETputs(KTEPS) 71957.49
2023-10-12 03:19:36,333 - tune.py [line:103] - INFO: Epoch 00220 | Time(s) 0.0557 | Val Loss 1.3798 | Val Acc 0.5221 | ETputs(KTEPS) 72125.83
2023-10-12 03:19:37,370 - tune.py [line:103] - INFO: Epoch 00240 | Time(s) 0.0554 | Val Loss 1.3727 | Val Acc 0.5144 | ETputs(KTEPS) 72549.80
2023-10-12 03:19:38,462 - tune.py [line:103] - INFO: Epoch 00260 | Time(s) 0.0553 | Val Loss 1.3670 | Val Acc 0.5115 | ETputs(KTEPS) 72633.91
2023-10-12 03:19:39,731 - tune.py [line:103] - INFO: Epoch 00280 | Time(s) 0.0559 | Val Loss 1.3555 | Val Acc 0.5077 | ETputs(KTEPS) 71882.12
2023-10-12 03:19:40,942 - tune.py [line:103] - INFO: Epoch 00300 | Time(s) 0.0562 | Val Loss 1.3540 | Val Acc 0.5154 | ETputs(KTEPS) 71487.02
2023-10-12 03:19:42,193 - tune.py [line:103] - INFO: Epoch 00320 | Time(s) 0.0566 | Val Loss 1.3356 | Val Acc 0.5077 | ETputs(KTEPS) 70990.19
2023-10-12 03:19:43,459 - tune.py [line:103] - INFO: Epoch 00340 | Time(s) 0.0570 | Val Loss 1.3399 | Val Acc 0.5144 | ETputs(KTEPS) 70503.69
2023-10-12 03:19:44,524 - tune.py [line:103] - INFO: Epoch 00360 | Time(s) 0.0568 | Val Loss 1.3388 | Val Acc 0.5067 | ETputs(KTEPS) 70764.75
2023-10-12 03:19:45,598 - tune.py [line:103] - INFO: Epoch 00380 | Time(s) 0.0566 | Val Loss 1.3312 | Val Acc 0.5135 | ETputs(KTEPS) 70968.50
2023-10-12 03:19:46,748 - tune.py [line:103] - INFO: Epoch 00400 | Time(s) 0.0567 | Val Loss 1.3438 | Val Acc 0.5106 | ETputs(KTEPS) 70916.84
2023-10-12 03:19:47,626 - tune.py [line:117] - INFO: [FINAL MODEL] Val accuracy 54.52% \Val loss: 1.5
2023-10-12 03:19:47,636 - tune.py [line:119] - INFO: [FINAL MODEL] Test accuracy 50.82% \Test loss: 1.5
2023-10-12 03:19:47,637 - tune.py [line:144] - INFO: Acc on the first split (Validation Set): 0.5452
2023-10-12 03:19:47,637 - tune.py [line:145] - INFO: Acc on the first split (Test Set): 0.5082
