2023-10-12 03:00:59,885 - tune.py [line:203] - INFO: Namespace(seed=42, model='NormalNNV2', gpu=0, dataset='geom-squirrel', logging=True, log_detail=True, log_detailedCh=False, id_log=1012014502, optuna_n_trials=202, n_epochs=2000, self_loop=True, udgraph=True, early_stop=True, patience=300, n_hidden=64, n_cv=1, start_cv=0, n_layers=16, lr1=0.001, lr2=0.04, wd1=1e-08, wd2=0.001, dropout=0.7, dropout2=0.1, es_ckpt='TestTuningScript-geom-squirrel_NormalNNV2-geom-squirrel_trialNo6')
2023-10-12 03:01:02,415 - tune.py [line:128] - INFO: Split_seeds:[1824]
2023-10-12 03:01:02,415 - tune.py [line:129] - INFO: Model_seeds:[409]
2023-10-12 03:01:04,200 - tune.py [line:103] - INFO: Epoch 00020 | Time(s) 0.0873 | Val Loss 1.6017 | Val Acc 0.3221 | ETputs(KTEPS) 46025.57
2023-10-12 03:01:06,010 - tune.py [line:103] - INFO: Epoch 00040 | Time(s) 0.0881 | Val Loss 1.5972 | Val Acc 0.4077 | ETputs(KTEPS) 45615.91
2023-10-12 03:01:07,723 - tune.py [line:103] - INFO: Epoch 00060 | Time(s) 0.0870 | Val Loss 1.5946 | Val Acc 0.4452 | ETputs(KTEPS) 46181.61
2023-10-12 03:01:09,402 - tune.py [line:103] - INFO: Epoch 00080 | Time(s) 0.0862 | Val Loss 1.5927 | Val Acc 0.4529 | ETputs(KTEPS) 46641.89
2023-10-12 03:01:10,954 - tune.py [line:103] - INFO: Epoch 00100 | Time(s) 0.0843 | Val Loss 1.5915 | Val Acc 0.4760 | ETputs(KTEPS) 47658.87
2023-10-12 03:01:12,914 - tune.py [line:103] - INFO: Epoch 00120 | Time(s) 0.0864 | Val Loss 1.5901 | Val Acc 0.4904 | ETputs(KTEPS) 46499.36
2023-10-12 03:01:14,647 - tune.py [line:103] - INFO: Epoch 00140 | Time(s) 0.0864 | Val Loss 1.5891 | Val Acc 0.4856 | ETputs(KTEPS) 46494.56
2023-10-12 03:01:16,397 - tune.py [line:103] - INFO: Epoch 00160 | Time(s) 0.0866 | Val Loss 1.5889 | Val Acc 0.4808 | ETputs(KTEPS) 46424.44
2023-10-12 03:01:18,269 - tune.py [line:103] - INFO: Epoch 00180 | Time(s) 0.0873 | Val Loss 1.5886 | Val Acc 0.4875 | ETputs(KTEPS) 46011.49
2023-10-12 03:01:19,603 - tune.py [line:103] - INFO: Epoch 00200 | Time(s) 0.0853 | Val Loss 1.5877 | Val Acc 0.4962 | ETputs(KTEPS) 47127.72
2023-10-12 03:01:20,835 - tune.py [line:103] - INFO: Epoch 00220 | Time(s) 0.0831 | Val Loss 1.5875 | Val Acc 0.4885 | ETputs(KTEPS) 48349.80
2023-10-12 03:01:22,113 - tune.py [line:103] - INFO: Epoch 00240 | Time(s) 0.0815 | Val Loss 1.5877 | Val Acc 0.4808 | ETputs(KTEPS) 49301.79
2023-10-12 03:01:23,292 - tune.py [line:103] - INFO: Epoch 00260 | Time(s) 0.0798 | Val Loss 1.5869 | Val Acc 0.4865 | ETputs(KTEPS) 50375.86
2023-10-12 03:01:24,501 - tune.py [line:103] - INFO: Epoch 00280 | Time(s) 0.0784 | Val Loss 1.5876 | Val Acc 0.4923 | ETputs(KTEPS) 51264.31
2023-10-12 03:01:25,792 - tune.py [line:103] - INFO: Epoch 00300 | Time(s) 0.0775 | Val Loss 1.5868 | Val Acc 0.4904 | ETputs(KTEPS) 51874.56
2023-10-12 03:01:27,001 - tune.py [line:103] - INFO: Epoch 00320 | Time(s) 0.0764 | Val Loss 1.5865 | Val Acc 0.4808 | ETputs(KTEPS) 52598.78
2023-10-12 03:01:28,358 - tune.py [line:103] - INFO: Epoch 00340 | Time(s) 0.0759 | Val Loss 1.5869 | Val Acc 0.4808 | ETputs(KTEPS) 52949.07
2023-10-12 03:01:29,762 - tune.py [line:103] - INFO: Epoch 00360 | Time(s) 0.0756 | Val Loss 1.5866 | Val Acc 0.4808 | ETputs(KTEPS) 53173.00
2023-10-12 03:01:31,099 - tune.py [line:103] - INFO: Epoch 00380 | Time(s) 0.0751 | Val Loss 1.5865 | Val Acc 0.4952 | ETputs(KTEPS) 53498.99
2023-10-12 03:01:32,431 - tune.py [line:103] - INFO: Epoch 00400 | Time(s) 0.0747 | Val Loss 1.5864 | Val Acc 0.4904 | ETputs(KTEPS) 53805.78
2023-10-12 03:01:33,827 - tune.py [line:103] - INFO: Epoch 00420 | Time(s) 0.0745 | Val Loss 1.5866 | Val Acc 0.4846 | ETputs(KTEPS) 53980.25
2023-10-12 03:01:35,163 - tune.py [line:103] - INFO: Epoch 00440 | Time(s) 0.0741 | Val Loss 1.5860 | Val Acc 0.4952 | ETputs(KTEPS) 54238.04
2023-10-12 03:01:36,536 - tune.py [line:103] - INFO: Epoch 00460 | Time(s) 0.0739 | Val Loss 1.5857 | Val Acc 0.4933 | ETputs(KTEPS) 54412.86
2023-10-12 03:01:38,051 - tune.py [line:103] - INFO: Epoch 00480 | Time(s) 0.0739 | Val Loss 1.5855 | Val Acc 0.4971 | ETputs(KTEPS) 54356.87
2023-10-12 03:01:39,440 - tune.py [line:103] - INFO: Epoch 00500 | Time(s) 0.0738 | Val Loss 1.5864 | Val Acc 0.4846 | ETputs(KTEPS) 54488.91
2023-10-12 03:01:40,720 - tune.py [line:103] - INFO: Epoch 00520 | Time(s) 0.0734 | Val Loss 1.5857 | Val Acc 0.4933 | ETputs(KTEPS) 54769.16
2023-10-12 03:01:42,185 - tune.py [line:103] - INFO: Epoch 00540 | Time(s) 0.0734 | Val Loss 1.5856 | Val Acc 0.5029 | ETputs(KTEPS) 54773.76
2023-10-12 03:01:43,624 - tune.py [line:103] - INFO: Epoch 00560 | Time(s) 0.0733 | Val Loss 1.5856 | Val Acc 0.4962 | ETputs(KTEPS) 54813.24
2023-10-12 03:01:45,074 - tune.py [line:103] - INFO: Epoch 00580 | Time(s) 0.0733 | Val Loss 1.5865 | Val Acc 0.4760 | ETputs(KTEPS) 54833.99
2023-10-12 03:01:46,525 - tune.py [line:103] - INFO: Epoch 00600 | Time(s) 0.0733 | Val Loss 1.5863 | Val Acc 0.4788 | ETputs(KTEPS) 54859.81
2023-10-12 03:01:48,046 - tune.py [line:103] - INFO: Epoch 00620 | Time(s) 0.0733 | Val Loss 1.5865 | Val Acc 0.4971 | ETputs(KTEPS) 54794.00
2023-10-12 03:01:49,473 - tune.py [line:103] - INFO: Epoch 00640 | Time(s) 0.0733 | Val Loss 1.5855 | Val Acc 0.4981 | ETputs(KTEPS) 54841.05
2023-10-12 03:01:51,041 - tune.py [line:103] - INFO: Epoch 00660 | Time(s) 0.0734 | Val Loss 1.5860 | Val Acc 0.4913 | ETputs(KTEPS) 54726.09
2023-10-12 03:01:52,738 - tune.py [line:103] - INFO: Epoch 00680 | Time(s) 0.0738 | Val Loss 1.5864 | Val Acc 0.5029 | ETputs(KTEPS) 54477.58
2023-10-12 03:01:54,391 - tune.py [line:103] - INFO: Epoch 00700 | Time(s) 0.0740 | Val Loss 1.5852 | Val Acc 0.5038 | ETputs(KTEPS) 54291.85
2023-10-12 03:01:55,902 - tune.py [line:103] - INFO: Epoch 00720 | Time(s) 0.0741 | Val Loss 1.5864 | Val Acc 0.4990 | ETputs(KTEPS) 54261.45
2023-10-12 03:01:57,416 - tune.py [line:103] - INFO: Epoch 00740 | Time(s) 0.0741 | Val Loss 1.5870 | Val Acc 0.4933 | ETputs(KTEPS) 54230.59
2023-10-12 03:01:58,999 - tune.py [line:103] - INFO: Epoch 00760 | Time(s) 0.0742 | Val Loss 1.5868 | Val Acc 0.5038 | ETputs(KTEPS) 54133.55
2023-10-12 03:02:00,467 - tune.py [line:103] - INFO: Epoch 00780 | Time(s) 0.0742 | Val Loss 1.5864 | Val Acc 0.5019 | ETputs(KTEPS) 54150.11
2023-10-12 03:02:02,060 - tune.py [line:103] - INFO: Epoch 00800 | Time(s) 0.0744 | Val Loss 1.5857 | Val Acc 0.5048 | ETputs(KTEPS) 54052.38
2023-10-12 03:02:03,678 - tune.py [line:103] - INFO: Epoch 00820 | Time(s) 0.0745 | Val Loss 1.5860 | Val Acc 0.4933 | ETputs(KTEPS) 53936.70
2023-10-12 03:02:05,104 - tune.py [line:103] - INFO: Epoch 00840 | Time(s) 0.0744 | Val Loss 1.5853 | Val Acc 0.4894 | ETputs(KTEPS) 53992.85
2023-10-12 03:02:06,686 - tune.py [line:103] - INFO: Epoch 00860 | Time(s) 0.0745 | Val Loss 1.5861 | Val Acc 0.4990 | ETputs(KTEPS) 53915.23
2023-10-12 03:02:08,215 - tune.py [line:103] - INFO: Epoch 00880 | Time(s) 0.0746 | Val Loss 1.5858 | Val Acc 0.5058 | ETputs(KTEPS) 53884.16
2023-10-12 03:02:08,672 - tune.py [line:117] - INFO: [FINAL MODEL] Val accuracy 51.54% \Val loss: 1.6
2023-10-12 03:02:08,687 - tune.py [line:119] - INFO: [FINAL MODEL] Test accuracy 53.60% \Test loss: 1.6
2023-10-12 03:02:08,689 - tune.py [line:144] - INFO: Acc on the first split (Validation Set): 0.5154
2023-10-12 03:02:08,689 - tune.py [line:145] - INFO: Acc on the first split (Test Set): 0.5360
