2023-10-12 03:10:55,120 - tune.py [line:203] - INFO: Namespace(seed=42, model='NormalNNV2', gpu=0, dataset='geom-squirrel', logging=True, log_detail=True, log_detailedCh=False, id_log=1012014502, optuna_n_trials=202, n_epochs=2000, self_loop=True, udgraph=True, early_stop=True, patience=300, n_hidden=64, n_cv=1, start_cv=0, n_layers=8, lr1=0.01, lr2=0.04, wd1=1e-05, wd2=1e-05, dropout=0.3, dropout2=0.1, es_ckpt='TestTuningScript-geom-squirrel_NormalNNV2-geom-squirrel_trialNo62')
2023-10-12 03:10:57,576 - tune.py [line:128] - INFO: Split_seeds:[1824]
2023-10-12 03:10:57,577 - tune.py [line:129] - INFO: Model_seeds:[409]
2023-10-12 03:10:59,594 - tune.py [line:103] - INFO: Epoch 00020 | Time(s) 0.0993 | Val Loss 1.5937 | Val Acc 0.4173 | ETputs(KTEPS) 40467.53
2023-10-12 03:11:01,659 - tune.py [line:103] - INFO: Epoch 00040 | Time(s) 0.1008 | Val Loss 1.5738 | Val Acc 0.4702 | ETputs(KTEPS) 39890.32
2023-10-12 03:11:03,700 - tune.py [line:103] - INFO: Epoch 00060 | Time(s) 0.1009 | Val Loss 1.5545 | Val Acc 0.4913 | ETputs(KTEPS) 39820.12
2023-10-12 03:11:05,753 - tune.py [line:103] - INFO: Epoch 00080 | Time(s) 0.1013 | Val Loss 1.5336 | Val Acc 0.5038 | ETputs(KTEPS) 39663.48
2023-10-12 03:11:06,748 - tune.py [line:103] - INFO: Epoch 00100 | Time(s) 0.0909 | Val Loss 1.5142 | Val Acc 0.5192 | ETputs(KTEPS) 44192.58
2023-10-12 03:11:07,526 - tune.py [line:103] - INFO: Epoch 00120 | Time(s) 0.0822 | Val Loss 1.4964 | Val Acc 0.5135 | ETputs(KTEPS) 48866.43
2023-10-12 03:11:08,307 - tune.py [line:103] - INFO: Epoch 00140 | Time(s) 0.0761 | Val Loss 1.4736 | Val Acc 0.5260 | ETputs(KTEPS) 52837.68
2023-10-12 03:11:09,061 - tune.py [line:103] - INFO: Epoch 00160 | Time(s) 0.0713 | Val Loss 1.4611 | Val Acc 0.5154 | ETputs(KTEPS) 56396.50
2023-10-12 03:11:09,908 - tune.py [line:103] - INFO: Epoch 00180 | Time(s) 0.0680 | Val Loss 1.4396 | Val Acc 0.5269 | ETputs(KTEPS) 59064.59
2023-10-12 03:11:10,733 - tune.py [line:103] - INFO: Epoch 00200 | Time(s) 0.0653 | Val Loss 1.4284 | Val Acc 0.5288 | ETputs(KTEPS) 61504.37
2023-10-12 03:11:11,490 - tune.py [line:103] - INFO: Epoch 00220 | Time(s) 0.0628 | Val Loss 1.4120 | Val Acc 0.5288 | ETputs(KTEPS) 63972.87
2023-10-12 03:11:12,255 - tune.py [line:103] - INFO: Epoch 00240 | Time(s) 0.0608 | Val Loss 1.4005 | Val Acc 0.5308 | ETputs(KTEPS) 66126.70
2023-10-12 03:11:13,023 - tune.py [line:103] - INFO: Epoch 00260 | Time(s) 0.0591 | Val Loss 1.3860 | Val Acc 0.5308 | ETputs(KTEPS) 68057.60
2023-10-12 03:11:13,783 - tune.py [line:103] - INFO: Epoch 00280 | Time(s) 0.0575 | Val Loss 1.3804 | Val Acc 0.5240 | ETputs(KTEPS) 69839.26
2023-10-12 03:11:14,561 - tune.py [line:103] - INFO: Epoch 00300 | Time(s) 0.0563 | Val Loss 1.3613 | Val Acc 0.5375 | ETputs(KTEPS) 71379.86
2023-10-12 03:11:15,346 - tune.py [line:103] - INFO: Epoch 00320 | Time(s) 0.0552 | Val Loss 1.3560 | Val Acc 0.5365 | ETputs(KTEPS) 72761.24
2023-10-12 03:11:16,097 - tune.py [line:103] - INFO: Epoch 00340 | Time(s) 0.0542 | Val Loss 1.3420 | Val Acc 0.5538 | ETputs(KTEPS) 74186.27
2023-10-12 03:11:16,852 - tune.py [line:103] - INFO: Epoch 00360 | Time(s) 0.0533 | Val Loss 1.3316 | Val Acc 0.5404 | ETputs(KTEPS) 75459.58
2023-10-12 03:11:17,615 - tune.py [line:103] - INFO: Epoch 00380 | Time(s) 0.0525 | Val Loss 1.3362 | Val Acc 0.5298 | ETputs(KTEPS) 76604.54
2023-10-12 03:11:18,447 - tune.py [line:103] - INFO: Epoch 00400 | Time(s) 0.0519 | Val Loss 1.3152 | Val Acc 0.5500 | ETputs(KTEPS) 77408.32
2023-10-12 03:11:19,330 - tune.py [line:103] - INFO: Epoch 00420 | Time(s) 0.0515 | Val Loss 1.3130 | Val Acc 0.5567 | ETputs(KTEPS) 77967.91
2023-10-12 03:11:20,239 - tune.py [line:103] - INFO: Epoch 00440 | Time(s) 0.0513 | Val Loss 1.3100 | Val Acc 0.5452 | ETputs(KTEPS) 78391.68
2023-10-12 03:11:21,083 - tune.py [line:103] - INFO: Epoch 00460 | Time(s) 0.0509 | Val Loss 1.3124 | Val Acc 0.5346 | ETputs(KTEPS) 79001.32
2023-10-12 03:11:22,005 - tune.py [line:103] - INFO: Epoch 00480 | Time(s) 0.0507 | Val Loss 1.2987 | Val Acc 0.5538 | ETputs(KTEPS) 79315.90
2023-10-12 03:11:22,789 - tune.py [line:103] - INFO: Epoch 00500 | Time(s) 0.0502 | Val Loss 1.2923 | Val Acc 0.5519 | ETputs(KTEPS) 80040.64
2023-10-12 03:11:23,596 - tune.py [line:103] - INFO: Epoch 00520 | Time(s) 0.0498 | Val Loss 1.2886 | Val Acc 0.5529 | ETputs(KTEPS) 80659.60
2023-10-12 03:11:24,657 - tune.py [line:103] - INFO: Epoch 00540 | Time(s) 0.0499 | Val Loss 1.2892 | Val Acc 0.5471 | ETputs(KTEPS) 80468.80
2023-10-12 03:11:25,788 - tune.py [line:103] - INFO: Epoch 00560 | Time(s) 0.0502 | Val Loss 1.2770 | Val Acc 0.5558 | ETputs(KTEPS) 80095.13
2023-10-12 03:11:26,904 - tune.py [line:103] - INFO: Epoch 00580 | Time(s) 0.0504 | Val Loss 1.2740 | Val Acc 0.5606 | ETputs(KTEPS) 79787.59
2023-10-12 03:11:28,073 - tune.py [line:103] - INFO: Epoch 00600 | Time(s) 0.0506 | Val Loss 1.2698 | Val Acc 0.5567 | ETputs(KTEPS) 79377.72
2023-10-12 03:11:29,391 - tune.py [line:103] - INFO: Epoch 00620 | Time(s) 0.0511 | Val Loss 1.2697 | Val Acc 0.5510 | ETputs(KTEPS) 78615.07
2023-10-12 03:11:30,390 - tune.py [line:103] - INFO: Epoch 00640 | Time(s) 0.0511 | Val Loss 1.2662 | Val Acc 0.5471 | ETputs(KTEPS) 78674.58
2023-10-12 03:11:31,195 - tune.py [line:103] - INFO: Epoch 00660 | Time(s) 0.0508 | Val Loss 1.2642 | Val Acc 0.5548 | ETputs(KTEPS) 79183.57
2023-10-12 03:11:32,092 - tune.py [line:103] - INFO: Epoch 00680 | Time(s) 0.0506 | Val Loss 1.2651 | Val Acc 0.5538 | ETputs(KTEPS) 79457.56
2023-10-12 03:11:32,908 - tune.py [line:103] - INFO: Epoch 00700 | Time(s) 0.0503 | Val Loss 1.2705 | Val Acc 0.5452 | ETputs(KTEPS) 79900.14
2023-10-12 03:11:33,743 - tune.py [line:103] - INFO: Epoch 00720 | Time(s) 0.0501 | Val Loss 1.2595 | Val Acc 0.5548 | ETputs(KTEPS) 80280.22
2023-10-12 03:11:34,640 - tune.py [line:103] - INFO: Epoch 00740 | Time(s) 0.0499 | Val Loss 1.2614 | Val Acc 0.5471 | ETputs(KTEPS) 80507.25
2023-10-12 03:11:35,454 - tune.py [line:103] - INFO: Epoch 00760 | Time(s) 0.0497 | Val Loss 1.2509 | Val Acc 0.5433 | ETputs(KTEPS) 80900.48
2023-10-12 03:11:36,258 - tune.py [line:103] - INFO: Epoch 00780 | Time(s) 0.0494 | Val Loss 1.2478 | Val Acc 0.5615 | ETputs(KTEPS) 81299.64
2023-10-12 03:11:37,163 - tune.py [line:103] - INFO: Epoch 00800 | Time(s) 0.0493 | Val Loss 1.2513 | Val Acc 0.5519 | ETputs(KTEPS) 81474.12
2023-10-12 03:11:38,021 - tune.py [line:103] - INFO: Epoch 00820 | Time(s) 0.0492 | Val Loss 1.2471 | Val Acc 0.5481 | ETputs(KTEPS) 81733.32
2023-10-12 03:11:38,977 - tune.py [line:103] - INFO: Epoch 00840 | Time(s) 0.0491 | Val Loss 1.2424 | Val Acc 0.5692 | ETputs(KTEPS) 81797.92
2023-10-12 03:11:39,979 - tune.py [line:103] - INFO: Epoch 00860 | Time(s) 0.0492 | Val Loss 1.2394 | Val Acc 0.5490 | ETputs(KTEPS) 81761.80
2023-10-12 03:11:41,163 - tune.py [line:103] - INFO: Epoch 00880 | Time(s) 0.0494 | Val Loss 1.2526 | Val Acc 0.5587 | ETputs(KTEPS) 81384.33
2023-10-12 03:11:42,189 - tune.py [line:103] - INFO: Epoch 00900 | Time(s) 0.0494 | Val Loss 1.2327 | Val Acc 0.5663 | ETputs(KTEPS) 81315.64
2023-10-12 03:11:43,275 - tune.py [line:103] - INFO: Epoch 00920 | Time(s) 0.0495 | Val Loss 1.2286 | Val Acc 0.5606 | ETputs(KTEPS) 81143.42
2023-10-12 03:11:44,362 - tune.py [line:103] - INFO: Epoch 00940 | Time(s) 0.0496 | Val Loss 1.2394 | Val Acc 0.5596 | ETputs(KTEPS) 80976.82
2023-10-12 03:11:45,814 - tune.py [line:103] - INFO: Epoch 00960 | Time(s) 0.0501 | Val Loss 1.2361 | Val Acc 0.5577 | ETputs(KTEPS) 80205.23
2023-10-12 03:11:46,772 - tune.py [line:103] - INFO: Epoch 00980 | Time(s) 0.0501 | Val Loss 1.2271 | Val Acc 0.5740 | ETputs(KTEPS) 80277.83
2023-10-12 03:11:47,926 - tune.py [line:103] - INFO: Epoch 01000 | Time(s) 0.0502 | Val Loss 1.2242 | Val Acc 0.5663 | ETputs(KTEPS) 80041.36
2023-10-12 03:11:49,149 - tune.py [line:103] - INFO: Epoch 01020 | Time(s) 0.0504 | Val Loss 1.2343 | Val Acc 0.5577 | ETputs(KTEPS) 79702.37
2023-10-12 03:11:50,275 - tune.py [line:103] - INFO: Epoch 01040 | Time(s) 0.0505 | Val Loss 1.2290 | Val Acc 0.5577 | ETputs(KTEPS) 79523.82
2023-10-12 03:11:51,362 - tune.py [line:103] - INFO: Epoch 01060 | Time(s) 0.0506 | Val Loss 1.2185 | Val Acc 0.5654 | ETputs(KTEPS) 79412.60
2023-10-12 03:11:52,464 - tune.py [line:103] - INFO: Epoch 01080 | Time(s) 0.0507 | Val Loss 1.2204 | Val Acc 0.5548 | ETputs(KTEPS) 79283.47
2023-10-12 03:11:53,778 - tune.py [line:103] - INFO: Epoch 01100 | Time(s) 0.0510 | Val Loss 1.2347 | Val Acc 0.5558 | ETputs(KTEPS) 78860.51
2023-10-12 03:11:54,984 - tune.py [line:103] - INFO: Epoch 01120 | Time(s) 0.0511 | Val Loss 1.2332 | Val Acc 0.5635 | ETputs(KTEPS) 78605.69
2023-10-12 03:11:56,197 - tune.py [line:103] - INFO: Epoch 01140 | Time(s) 0.0513 | Val Loss 1.2249 | Val Acc 0.5567 | ETputs(KTEPS) 78350.12
2023-10-12 03:11:57,281 - tune.py [line:103] - INFO: Epoch 01160 | Time(s) 0.0513 | Val Loss 1.2154 | Val Acc 0.5683 | ETputs(KTEPS) 78274.34
2023-10-12 03:11:58,480 - tune.py [line:103] - INFO: Epoch 01180 | Time(s) 0.0515 | Val Loss 1.2324 | Val Acc 0.5452 | ETputs(KTEPS) 78053.39
2023-10-12 03:11:59,568 - tune.py [line:103] - INFO: Epoch 01200 | Time(s) 0.0515 | Val Loss 1.2298 | Val Acc 0.5481 | ETputs(KTEPS) 77980.21
2023-10-12 03:12:00,811 - tune.py [line:103] - INFO: Epoch 01220 | Time(s) 0.0517 | Val Loss 1.2205 | Val Acc 0.5529 | ETputs(KTEPS) 77719.46
2023-10-12 03:12:02,082 - tune.py [line:103] - INFO: Epoch 01240 | Time(s) 0.0519 | Val Loss 1.2331 | Val Acc 0.5654 | ETputs(KTEPS) 77434.13
2023-10-12 03:12:03,016 - tune.py [line:103] - INFO: Epoch 01260 | Time(s) 0.0518 | Val Loss 1.2168 | Val Acc 0.5625 | ETputs(KTEPS) 77558.20
2023-10-12 03:12:03,792 - tune.py [line:103] - INFO: Epoch 01280 | Time(s) 0.0516 | Val Loss 1.2249 | Val Acc 0.5538 | ETputs(KTEPS) 77864.55
2023-10-12 03:12:03,962 - tune.py [line:117] - INFO: [FINAL MODEL] Val accuracy 57.50% \Val loss: 1.2
2023-10-12 03:12:03,968 - tune.py [line:119] - INFO: [FINAL MODEL] Test accuracy 57.16% \Test loss: 1.3
2023-10-12 03:12:03,969 - tune.py [line:144] - INFO: Acc on the first split (Validation Set): 0.5750
2023-10-12 03:12:03,969 - tune.py [line:145] - INFO: Acc on the first split (Test Set): 0.5716
