2023-10-12 03:20:44,253 - tune.py [line:203] - INFO: Namespace(seed=42, model='NormalNNV2', gpu=0, dataset='geom-squirrel', logging=True, log_detail=True, log_detailedCh=False, id_log=1012014502, optuna_n_trials=202, n_epochs=2000, self_loop=True, udgraph=True, early_stop=True, patience=300, n_hidden=64, n_cv=1, start_cv=0, n_layers=4, lr1=0.02, lr2=0.05, wd1=1e-06, wd2=1e-08, dropout=0.0, dropout2=0.6, es_ckpt='TestTuningScript-geom-squirrel_NormalNNV2-geom-squirrel_trialNo203')
2023-10-12 03:20:46,628 - tune.py [line:128] - INFO: Split_seeds:[1824]
2023-10-12 03:20:46,628 - tune.py [line:129] - INFO: Model_seeds:[409]
2023-10-12 03:20:47,626 - tune.py [line:103] - INFO: Epoch 00020 | Time(s) 0.0487 | Val Loss 1.5952 | Val Acc 0.4279 | ETputs(KTEPS) 82607.87
2023-10-12 03:20:48,667 - tune.py [line:103] - INFO: Epoch 00040 | Time(s) 0.0500 | Val Loss 1.5738 | Val Acc 0.4808 | ETputs(KTEPS) 80373.96
2023-10-12 03:20:49,728 - tune.py [line:103] - INFO: Epoch 00060 | Time(s) 0.0509 | Val Loss 1.5470 | Val Acc 0.5308 | ETputs(KTEPS) 78931.06
2023-10-12 03:20:50,682 - tune.py [line:103] - INFO: Epoch 00080 | Time(s) 0.0501 | Val Loss 1.5243 | Val Acc 0.5087 | ETputs(KTEPS) 80291.69
2023-10-12 03:20:51,673 - tune.py [line:103] - INFO: Epoch 00100 | Time(s) 0.0499 | Val Loss 1.5048 | Val Acc 0.5202 | ETputs(KTEPS) 80464.69
2023-10-12 03:20:52,780 - tune.py [line:103] - INFO: Epoch 00120 | Time(s) 0.0508 | Val Loss 1.4899 | Val Acc 0.5096 | ETputs(KTEPS) 79064.54
2023-10-12 03:20:53,887 - tune.py [line:103] - INFO: Epoch 00140 | Time(s) 0.0515 | Val Loss 1.4612 | Val Acc 0.5288 | ETputs(KTEPS) 78081.00
2023-10-12 03:20:55,104 - tune.py [line:103] - INFO: Epoch 00160 | Time(s) 0.0526 | Val Loss 1.4463 | Val Acc 0.5192 | ETputs(KTEPS) 76374.56
2023-10-12 03:20:56,178 - tune.py [line:103] - INFO: Epoch 00180 | Time(s) 0.0527 | Val Loss 1.4265 | Val Acc 0.5433 | ETputs(KTEPS) 76197.07
2023-10-12 03:20:57,236 - tune.py [line:103] - INFO: Epoch 00200 | Time(s) 0.0528 | Val Loss 1.4117 | Val Acc 0.5144 | ETputs(KTEPS) 76180.50
2023-10-12 03:20:58,419 - tune.py [line:103] - INFO: Epoch 00220 | Time(s) 0.0533 | Val Loss 1.3967 | Val Acc 0.5288 | ETputs(KTEPS) 75355.77
2023-10-12 03:20:59,740 - tune.py [line:103] - INFO: Epoch 00240 | Time(s) 0.0544 | Val Loss 1.3904 | Val Acc 0.5125 | ETputs(KTEPS) 73890.06
2023-10-12 03:21:00,883 - tune.py [line:103] - INFO: Epoch 00260 | Time(s) 0.0546 | Val Loss 1.3779 | Val Acc 0.5231 | ETputs(KTEPS) 73616.78
2023-10-12 03:21:01,998 - tune.py [line:103] - INFO: Epoch 00280 | Time(s) 0.0547 | Val Loss 1.3649 | Val Acc 0.5240 | ETputs(KTEPS) 73506.26
2023-10-12 03:21:03,199 - tune.py [line:103] - INFO: Epoch 00300 | Time(s) 0.0550 | Val Loss 1.3499 | Val Acc 0.5260 | ETputs(KTEPS) 73033.65
2023-10-12 03:21:04,419 - tune.py [line:103] - INFO: Epoch 00320 | Time(s) 0.0554 | Val Loss 1.3499 | Val Acc 0.5144 | ETputs(KTEPS) 72542.24
2023-10-12 03:21:05,749 - tune.py [line:103] - INFO: Epoch 00340 | Time(s) 0.0561 | Val Loss 1.3323 | Val Acc 0.5279 | ETputs(KTEPS) 71697.75
2023-10-12 03:21:07,120 - tune.py [line:103] - INFO: Epoch 00360 | Time(s) 0.0567 | Val Loss 1.3215 | Val Acc 0.5375 | ETputs(KTEPS) 70823.45
2023-10-12 03:21:08,436 - tune.py [line:103] - INFO: Epoch 00380 | Time(s) 0.0572 | Val Loss 1.3121 | Val Acc 0.5404 | ETputs(KTEPS) 70236.20
2023-10-12 03:21:09,812 - tune.py [line:103] - INFO: Epoch 00400 | Time(s) 0.0578 | Val Loss 1.3065 | Val Acc 0.5288 | ETputs(KTEPS) 69547.35
2023-10-12 03:21:11,205 - tune.py [line:103] - INFO: Epoch 00420 | Time(s) 0.0584 | Val Loss 1.3058 | Val Acc 0.5288 | ETputs(KTEPS) 68874.83
2023-10-12 03:21:12,718 - tune.py [line:103] - INFO: Epoch 00440 | Time(s) 0.0591 | Val Loss 1.2992 | Val Acc 0.5317 | ETputs(KTEPS) 67961.41
2023-10-12 03:21:13,988 - tune.py [line:103] - INFO: Epoch 00460 | Time(s) 0.0593 | Val Loss 1.2861 | Val Acc 0.5317 | ETputs(KTEPS) 67746.50
2023-10-12 03:21:15,507 - tune.py [line:103] - INFO: Epoch 00480 | Time(s) 0.0600 | Val Loss 1.2980 | Val Acc 0.5087 | ETputs(KTEPS) 66965.44
2023-10-12 03:21:16,995 - tune.py [line:103] - INFO: Epoch 00500 | Time(s) 0.0606 | Val Loss 1.2759 | Val Acc 0.5317 | ETputs(KTEPS) 66329.43
2023-10-12 03:21:18,508 - tune.py [line:103] - INFO: Epoch 00520 | Time(s) 0.0612 | Val Loss 1.2670 | Val Acc 0.5385 | ETputs(KTEPS) 65703.99
2023-10-12 03:21:19,430 - tune.py [line:103] - INFO: Epoch 00540 | Time(s) 0.0606 | Val Loss 1.2651 | Val Acc 0.5279 | ETputs(KTEPS) 66309.13
2023-10-12 03:21:19,886 - tune.py [line:103] - INFO: Epoch 00560 | Time(s) 0.0593 | Val Loss 1.2621 | Val Acc 0.5404 | ETputs(KTEPS) 67820.86
2023-10-12 03:21:20,354 - tune.py [line:103] - INFO: Epoch 00580 | Time(s) 0.0580 | Val Loss 1.2662 | Val Acc 0.5394 | ETputs(KTEPS) 69267.68
2023-10-12 03:21:20,784 - tune.py [line:103] - INFO: Epoch 00600 | Time(s) 0.0568 | Val Loss 1.2658 | Val Acc 0.5269 | ETputs(KTEPS) 70753.32
2023-10-12 03:21:21,277 - tune.py [line:103] - INFO: Epoch 00620 | Time(s) 0.0558 | Val Loss 1.2437 | Val Acc 0.5538 | ETputs(KTEPS) 72069.46
2023-10-12 03:21:21,737 - tune.py [line:103] - INFO: Epoch 00640 | Time(s) 0.0547 | Val Loss 1.2530 | Val Acc 0.5279 | ETputs(KTEPS) 73419.76
2023-10-12 03:21:22,208 - tune.py [line:103] - INFO: Epoch 00660 | Time(s) 0.0538 | Val Loss 1.2455 | Val Acc 0.5413 | ETputs(KTEPS) 74709.04
2023-10-12 03:21:22,636 - tune.py [line:103] - INFO: Epoch 00680 | Time(s) 0.0528 | Val Loss 1.2355 | Val Acc 0.5548 | ETputs(KTEPS) 76061.93
2023-10-12 03:21:23,056 - tune.py [line:103] - INFO: Epoch 00700 | Time(s) 0.0519 | Val Loss 1.2498 | Val Acc 0.5510 | ETputs(KTEPS) 77396.97
2023-10-12 03:21:23,527 - tune.py [line:103] - INFO: Epoch 00720 | Time(s) 0.0511 | Val Loss 1.2525 | Val Acc 0.5279 | ETputs(KTEPS) 78591.86
2023-10-12 03:21:24,102 - tune.py [line:103] - INFO: Epoch 00740 | Time(s) 0.0505 | Val Loss 1.2443 | Val Acc 0.5529 | ETputs(KTEPS) 79533.32
2023-10-12 03:21:24,776 - tune.py [line:103] - INFO: Epoch 00760 | Time(s) 0.0501 | Val Loss 1.2343 | Val Acc 0.5385 | ETputs(KTEPS) 80239.32
2023-10-12 03:21:25,410 - tune.py [line:103] - INFO: Epoch 00780 | Time(s) 0.0496 | Val Loss 1.2293 | Val Acc 0.5490 | ETputs(KTEPS) 81002.77
2023-10-12 03:21:26,029 - tune.py [line:103] - INFO: Epoch 00800 | Time(s) 0.0491 | Val Loss 1.2305 | Val Acc 0.5452 | ETputs(KTEPS) 81772.93
2023-10-12 03:21:26,663 - tune.py [line:103] - INFO: Epoch 00820 | Time(s) 0.0487 | Val Loss 1.2280 | Val Acc 0.5606 | ETputs(KTEPS) 82487.89
2023-10-12 03:21:27,252 - tune.py [line:103] - INFO: Epoch 00840 | Time(s) 0.0483 | Val Loss 1.2267 | Val Acc 0.5587 | ETputs(KTEPS) 83273.26
2023-10-12 03:21:27,885 - tune.py [line:103] - INFO: Epoch 00860 | Time(s) 0.0479 | Val Loss 1.2340 | Val Acc 0.5375 | ETputs(KTEPS) 83946.76
2023-10-12 03:21:28,510 - tune.py [line:103] - INFO: Epoch 00880 | Time(s) 0.0475 | Val Loss 1.2256 | Val Acc 0.5471 | ETputs(KTEPS) 84614.94
2023-10-12 03:21:29,103 - tune.py [line:103] - INFO: Epoch 00900 | Time(s) 0.0471 | Val Loss 1.2332 | Val Acc 0.5433 | ETputs(KTEPS) 85328.10
2023-10-12 03:21:29,635 - tune.py [line:103] - INFO: Epoch 00920 | Time(s) 0.0467 | Val Loss 1.2268 | Val Acc 0.5356 | ETputs(KTEPS) 86145.60
2023-10-12 03:21:30,091 - tune.py [line:103] - INFO: Epoch 00940 | Time(s) 0.0461 | Val Loss 1.2442 | Val Acc 0.5404 | ETputs(KTEPS) 87094.39
2023-10-12 03:21:30,544 - tune.py [line:103] - INFO: Epoch 00960 | Time(s) 0.0457 | Val Loss 1.2303 | Val Acc 0.5471 | ETputs(KTEPS) 88028.80
2023-10-12 03:21:30,747 - tune.py [line:117] - INFO: [FINAL MODEL] Val accuracy 56.54% \Val loss: 1.2
2023-10-12 03:21:30,750 - tune.py [line:119] - INFO: [FINAL MODEL] Test accuracy 58.02% \Test loss: 1.2
2023-10-12 03:21:30,751 - tune.py [line:144] - INFO: Acc on the first split (Validation Set): 0.5654
2023-10-12 03:21:30,751 - tune.py [line:145] - INFO: Acc on the first split (Test Set): 0.5802
