2023-10-12 03:12:54,361 - tune.py [line:203] - INFO: Namespace(seed=42, model='NormalNNV2', gpu=0, dataset='geom-squirrel', logging=True, log_detail=True, log_detailedCh=False, id_log=1012014502, optuna_n_trials=202, n_epochs=2000, self_loop=True, udgraph=True, early_stop=True, patience=300, n_hidden=64, n_cv=1, start_cv=0, n_layers=4, lr1=0.03, lr2=0.04, wd1=1e-06, wd2=1e-07, dropout=0.1, dropout2=0.6, es_ckpt='TestTuningScript-geom-squirrel_NormalNNV2-geom-squirrel_trialNo78')
2023-10-12 03:12:56,774 - tune.py [line:128] - INFO: Split_seeds:[1824]
2023-10-12 03:12:56,774 - tune.py [line:129] - INFO: Model_seeds:[409]
2023-10-12 03:12:57,373 - tune.py [line:103] - INFO: Epoch 00020 | Time(s) 0.0286 | Val Loss 1.5974 | Val Acc 0.3962 | ETputs(KTEPS) 140552.69
2023-10-12 03:12:58,022 - tune.py [line:103] - INFO: Epoch 00040 | Time(s) 0.0300 | Val Loss 1.5816 | Val Acc 0.4673 | ETputs(KTEPS) 134115.63
2023-10-12 03:12:58,634 - tune.py [line:103] - INFO: Epoch 00060 | Time(s) 0.0301 | Val Loss 1.5633 | Val Acc 0.4952 | ETputs(KTEPS) 133461.51
2023-10-12 03:12:59,275 - tune.py [line:103] - INFO: Epoch 00080 | Time(s) 0.0305 | Val Loss 1.5458 | Val Acc 0.5288 | ETputs(KTEPS) 131667.40
2023-10-12 03:12:59,902 - tune.py [line:103] - INFO: Epoch 00100 | Time(s) 0.0307 | Val Loss 1.5274 | Val Acc 0.5240 | ETputs(KTEPS) 131018.48
2023-10-12 03:13:00,554 - tune.py [line:103] - INFO: Epoch 00120 | Time(s) 0.0310 | Val Loss 1.5133 | Val Acc 0.5212 | ETputs(KTEPS) 129746.29
2023-10-12 03:13:01,173 - tune.py [line:103] - INFO: Epoch 00140 | Time(s) 0.0310 | Val Loss 1.4947 | Val Acc 0.5067 | ETputs(KTEPS) 129789.09
2023-10-12 03:13:01,848 - tune.py [line:103] - INFO: Epoch 00160 | Time(s) 0.0313 | Val Loss 1.4803 | Val Acc 0.5183 | ETputs(KTEPS) 128341.80
2023-10-12 03:13:02,637 - tune.py [line:103] - INFO: Epoch 00180 | Time(s) 0.0322 | Val Loss 1.4629 | Val Acc 0.5173 | ETputs(KTEPS) 124750.87
2023-10-12 03:13:03,304 - tune.py [line:103] - INFO: Epoch 00200 | Time(s) 0.0323 | Val Loss 1.4503 | Val Acc 0.5221 | ETputs(KTEPS) 124334.51
2023-10-12 03:13:04,024 - tune.py [line:103] - INFO: Epoch 00220 | Time(s) 0.0327 | Val Loss 1.4382 | Val Acc 0.5144 | ETputs(KTEPS) 123073.20
2023-10-12 03:13:04,906 - tune.py [line:103] - INFO: Epoch 00240 | Time(s) 0.0336 | Val Loss 1.4350 | Val Acc 0.4990 | ETputs(KTEPS) 119579.23
2023-10-12 03:13:05,724 - tune.py [line:103] - INFO: Epoch 00260 | Time(s) 0.0342 | Val Loss 1.4156 | Val Acc 0.5288 | ETputs(KTEPS) 117631.29
2023-10-12 03:13:06,580 - tune.py [line:103] - INFO: Epoch 00280 | Time(s) 0.0348 | Val Loss 1.4007 | Val Acc 0.5288 | ETputs(KTEPS) 115629.97
2023-10-12 03:13:07,393 - tune.py [line:103] - INFO: Epoch 00300 | Time(s) 0.0351 | Val Loss 1.4018 | Val Acc 0.5010 | ETputs(KTEPS) 114344.76
2023-10-12 03:13:08,067 - tune.py [line:103] - INFO: Epoch 00320 | Time(s) 0.0351 | Val Loss 1.3889 | Val Acc 0.4971 | ETputs(KTEPS) 114640.62
2023-10-12 03:13:08,984 - tune.py [line:103] - INFO: Epoch 00340 | Time(s) 0.0357 | Val Loss 1.3714 | Val Acc 0.5154 | ETputs(KTEPS) 112607.96
2023-10-12 03:13:09,962 - tune.py [line:103] - INFO: Epoch 00360 | Time(s) 0.0364 | Val Loss 1.3595 | Val Acc 0.5260 | ETputs(KTEPS) 110338.61
2023-10-12 03:13:10,721 - tune.py [line:103] - INFO: Epoch 00380 | Time(s) 0.0366 | Val Loss 1.3481 | Val Acc 0.5404 | ETputs(KTEPS) 109664.61
2023-10-12 03:13:11,514 - tune.py [line:103] - INFO: Epoch 00400 | Time(s) 0.0368 | Val Loss 1.3457 | Val Acc 0.5231 | ETputs(KTEPS) 109222.40
2023-10-12 03:13:12,507 - tune.py [line:103] - INFO: Epoch 00420 | Time(s) 0.0374 | Val Loss 1.3422 | Val Acc 0.5163 | ETputs(KTEPS) 107438.69
2023-10-12 03:13:13,667 - tune.py [line:103] - INFO: Epoch 00440 | Time(s) 0.0383 | Val Loss 1.3318 | Val Acc 0.5356 | ETputs(KTEPS) 104819.52
2023-10-12 03:13:14,669 - tune.py [line:103] - INFO: Epoch 00460 | Time(s) 0.0389 | Val Loss 1.3267 | Val Acc 0.5212 | ETputs(KTEPS) 103445.69
2023-10-12 03:13:15,728 - tune.py [line:103] - INFO: Epoch 00480 | Time(s) 0.0394 | Val Loss 1.3193 | Val Acc 0.5192 | ETputs(KTEPS) 101905.02
2023-10-12 03:13:16,689 - tune.py [line:103] - INFO: Epoch 00500 | Time(s) 0.0398 | Val Loss 1.3117 | Val Acc 0.5404 | ETputs(KTEPS) 101030.01
2023-10-12 03:13:17,568 - tune.py [line:103] - INFO: Epoch 00520 | Time(s) 0.0399 | Val Loss 1.3043 | Val Acc 0.5298 | ETputs(KTEPS) 100625.90
2023-10-12 03:13:18,496 - tune.py [line:103] - INFO: Epoch 00540 | Time(s) 0.0402 | Val Loss 1.2963 | Val Acc 0.5337 | ETputs(KTEPS) 100026.51
2023-10-12 03:13:19,612 - tune.py [line:103] - INFO: Epoch 00560 | Time(s) 0.0407 | Val Loss 1.3123 | Val Acc 0.5067 | ETputs(KTEPS) 98662.61
2023-10-12 03:13:20,907 - tune.py [line:103] - INFO: Epoch 00580 | Time(s) 0.0416 | Val Loss 1.2896 | Val Acc 0.5346 | ETputs(KTEPS) 96699.29
2023-10-12 03:13:22,030 - tune.py [line:103] - INFO: Epoch 00600 | Time(s) 0.0420 | Val Loss 1.2902 | Val Acc 0.5327 | ETputs(KTEPS) 95584.15
2023-10-12 03:13:23,253 - tune.py [line:103] - INFO: Epoch 00620 | Time(s) 0.0427 | Val Loss 1.2770 | Val Acc 0.5375 | ETputs(KTEPS) 94216.17
2023-10-12 03:13:24,517 - tune.py [line:103] - INFO: Epoch 00640 | Time(s) 0.0433 | Val Loss 1.2711 | Val Acc 0.5577 | ETputs(KTEPS) 92820.88
2023-10-12 03:13:25,585 - tune.py [line:103] - INFO: Epoch 00660 | Time(s) 0.0436 | Val Loss 1.2845 | Val Acc 0.5442 | ETputs(KTEPS) 92171.74
2023-10-12 03:13:26,746 - tune.py [line:103] - INFO: Epoch 00680 | Time(s) 0.0440 | Val Loss 1.2693 | Val Acc 0.5404 | ETputs(KTEPS) 91284.41
2023-10-12 03:13:28,016 - tune.py [line:103] - INFO: Epoch 00700 | Time(s) 0.0446 | Val Loss 1.2703 | Val Acc 0.5452 | ETputs(KTEPS) 90147.61
2023-10-12 03:13:29,399 - tune.py [line:103] - INFO: Epoch 00720 | Time(s) 0.0453 | Val Loss 1.2772 | Val Acc 0.5365 | ETputs(KTEPS) 88788.17
2023-10-12 03:13:30,669 - tune.py [line:103] - INFO: Epoch 00740 | Time(s) 0.0458 | Val Loss 1.2731 | Val Acc 0.5423 | ETputs(KTEPS) 87834.46
2023-10-12 03:13:31,878 - tune.py [line:103] - INFO: Epoch 00760 | Time(s) 0.0461 | Val Loss 1.2603 | Val Acc 0.5529 | ETputs(KTEPS) 87099.60
2023-10-12 03:13:33,165 - tune.py [line:103] - INFO: Epoch 00780 | Time(s) 0.0466 | Val Loss 1.2563 | Val Acc 0.5510 | ETputs(KTEPS) 86230.03
2023-10-12 03:13:34,339 - tune.py [line:103] - INFO: Epoch 00800 | Time(s) 0.0469 | Val Loss 1.2606 | Val Acc 0.5288 | ETputs(KTEPS) 85676.27
2023-10-12 03:13:35,585 - tune.py [line:103] - INFO: Epoch 00820 | Time(s) 0.0473 | Val Loss 1.2492 | Val Acc 0.5404 | ETputs(KTEPS) 84997.99
2023-10-12 03:13:36,836 - tune.py [line:103] - INFO: Epoch 00840 | Time(s) 0.0476 | Val Loss 1.2464 | Val Acc 0.5356 | ETputs(KTEPS) 84350.51
2023-10-12 03:13:38,192 - tune.py [line:103] - INFO: Epoch 00860 | Time(s) 0.0481 | Val Loss 1.2456 | Val Acc 0.5519 | ETputs(KTEPS) 83541.81
2023-10-12 03:13:39,553 - tune.py [line:103] - INFO: Epoch 00880 | Time(s) 0.0486 | Val Loss 1.2438 | Val Acc 0.5404 | ETputs(KTEPS) 82763.17
2023-10-12 03:13:41,101 - tune.py [line:103] - INFO: Epoch 00900 | Time(s) 0.0492 | Val Loss 1.2546 | Val Acc 0.5510 | ETputs(KTEPS) 81685.92
2023-10-12 03:13:42,412 - tune.py [line:103] - INFO: Epoch 00920 | Time(s) 0.0496 | Val Loss 1.2452 | Val Acc 0.5452 | ETputs(KTEPS) 81101.40
2023-10-12 03:13:43,812 - tune.py [line:103] - INFO: Epoch 00940 | Time(s) 0.0500 | Val Loss 1.2584 | Val Acc 0.5442 | ETputs(KTEPS) 80397.41
2023-10-12 03:13:45,028 - tune.py [line:103] - INFO: Epoch 00960 | Time(s) 0.0502 | Val Loss 1.2480 | Val Acc 0.5337 | ETputs(KTEPS) 80036.93
2023-10-12 03:13:46,331 - tune.py [line:103] - INFO: Epoch 00980 | Time(s) 0.0505 | Val Loss 1.2396 | Val Acc 0.5558 | ETputs(KTEPS) 79555.00
2023-10-12 03:13:47,585 - tune.py [line:103] - INFO: Epoch 01000 | Time(s) 0.0508 | Val Loss 1.2403 | Val Acc 0.5538 | ETputs(KTEPS) 79174.12
2023-10-12 03:13:48,924 - tune.py [line:103] - INFO: Epoch 01020 | Time(s) 0.0511 | Val Loss 1.2299 | Val Acc 0.5413 | ETputs(KTEPS) 78683.84
2023-10-12 03:13:50,382 - tune.py [line:103] - INFO: Epoch 01040 | Time(s) 0.0515 | Val Loss 1.2550 | Val Acc 0.5365 | ETputs(KTEPS) 78043.97
2023-10-12 03:13:51,843 - tune.py [line:103] - INFO: Epoch 01060 | Time(s) 0.0519 | Val Loss 1.2480 | Val Acc 0.5481 | ETputs(KTEPS) 77433.41
2023-10-12 03:13:53,113 - tune.py [line:103] - INFO: Epoch 01080 | Time(s) 0.0521 | Val Loss 1.2530 | Val Acc 0.5442 | ETputs(KTEPS) 77114.61
2023-10-12 03:13:54,392 - tune.py [line:103] - INFO: Epoch 01100 | Time(s) 0.0523 | Val Loss 1.2363 | Val Acc 0.5538 | ETputs(KTEPS) 76798.23
2023-10-12 03:13:55,708 - tune.py [line:103] - INFO: Epoch 01120 | Time(s) 0.0526 | Val Loss 1.2453 | Val Acc 0.5471 | ETputs(KTEPS) 76447.92
2023-10-12 03:13:57,162 - tune.py [line:103] - INFO: Epoch 01140 | Time(s) 0.0529 | Val Loss 1.2597 | Val Acc 0.5452 | ETputs(KTEPS) 75939.02
2023-10-12 03:13:58,366 - tune.py [line:117] - INFO: [FINAL MODEL] Val accuracy 57.12% \Val loss: 1.2
2023-10-12 03:13:58,371 - tune.py [line:119] - INFO: [FINAL MODEL] Test accuracy 55.62% \Test loss: 1.2
2023-10-12 03:13:58,371 - tune.py [line:144] - INFO: Acc on the first split (Validation Set): 0.5712
2023-10-12 03:13:58,371 - tune.py [line:145] - INFO: Acc on the first split (Test Set): 0.5562
5442 | ETputs(KTEPS) 82625.51
2023-10-12 03:13:56,532 - tune.py [line:103] - INFO: Epoch 01220 | Time(s) 0.0489 | Val Loss 1.2319 | Val Acc 0.5346 | ETputs(KTEPS) 82206.04
2023-10-12 03:13:57,819 - tune.py [line:103] - INFO: Epoch 01240 | Time(s) 0.0491 | Val Loss 1.2278 | Val Acc 0.5442 | ETputs(KTEPS) 81789.93
2023-10-12 03:13:58,706 - tune.py [line:103] - INFO: Epoch 01260 | Time(s) 0.0491 | Val Loss 1.2360 | Val Acc 0.5433 | ETputs(KTEPS) 81917.88
2023-10-12 03:13:59,323 - tune.py [line:103] - INFO: Epoch 01280 | Time(s) 0.0488 | Val Loss 1.2198 | Val Acc 0.5510 | ETputs(KTEPS) 82396.59
2023-10-12 03:14:00,062 - tune.py [line:103] - INFO: Epoch 01300 | Time(s) 0.0486 | Val Loss 1.2320 | Val Acc 0.5702 | ETputs(KTEPS) 82712.89
2023-10-12 03:14:00,675 - tune.py [line:103] - INFO: Epoch 01320 | Time(s) 0.0483 | Val Loss 1.2239 | Val Acc 0.5577 | ETputs(KTEPS) 83178.85
2023-10-12 03:14:01,220 - tune.py [line:103] - INFO: Epoch 01340 | Time(s) 0.0480 | Val Loss 1.2334 | Val Acc 0.5510 | ETputs(KTEPS) 83725.08
2023-10-12 03:14:01,763 - tune.py [line:103] - INFO: Epoch 01360 | Time(s) 0.0477 | Val Loss 1.2366 | Val Acc 0.5606 | ETputs(KTEPS) 84263.17
2023-10-12 03:14:02,343 - tune.py [line:103] - INFO: Epoch 01380 | Time(s) 0.0474 | Val Loss 1.2448 | Val Acc 0.5481 | ETputs(KTEPS) 84749.10
2023-10-12 03:14:03,036 - tune.py [line:103] - INFO: Epoch 01400 | Time(s) 0.0472 | Val Loss 1.2289 | Val Acc 0.5606 | ETputs(KTEPS) 85076.62
2023-10-12 03:14:03,653 - tune.py [line:103] - INFO: Epoch 01420 | Time(s) 0.0470 | Val Loss 1.2335 | Val Acc 0.5510 | ETputs(KTEPS) 85495.66
2023-10-12 03:14:04,230 - tune.py [line:103] - INFO: Epoch 01440 | Time(s) 0.0468 | Val Loss 1.2222 | Val Acc 0.5519 | ETputs(KTEPS) 85957.01
2023-10-12 03:14:04,842 - tune.py [line:103] - INFO: Epoch 01460 | Time(s) 0.0465 | Val Loss 1.2364 | Val Acc 0.5471 | ETputs(KTEPS) 86367.42
2023-10-12 03:14:05,442 - tune.py [line:103] - INFO: Epoch 01480 | Time(s) 0.0463 | Val Loss 1.2365 | Val Acc 0.5606 | ETputs(KTEPS) 86785.39
2023-10-12 03:14:06,062 - tune.py [line:103] - INFO: Epoch 01500 | Time(s) 0.0461 | Val Loss 1.2381 | Val Acc 0.5462 | ETputs(KTEPS) 87171.81
2023-10-12 03:14:06,634 - tune.py [line:103] - INFO: Epoch 01520 | Time(s) 0.0459 | Val Loss 1.2516 | Val Acc 0.5538 | ETputs(KTEPS) 87610.66
2023-10-12 03:14:07,235 - tune.py [line:103] - INFO: Epoch 01540 | Time(s) 0.0457 | Val Loss 1.2445 | Val Acc 0.5548 | ETputs(KTEPS) 88005.06
2023-10-12 03:14:07,811 - tune.py [line:103] - INFO: Epoch 01560 | Time(s) 0.0455 | Val Loss 1.2431 | Val Acc 0.5567 | ETputs(KTEPS) 88425.01
2023-10-12 03:14:08,381 - tune.py [line:103] - INFO: Epoch 01580 | Time(s) 0.0452 | Val Loss 1.2275 | Val Acc 0.5538 | ETputs(KTEPS) 88844.53
2023-10-12 03:14:08,962 - tune.py [line:103] - INFO: Epoch 01600 | Time(s) 0.0450 | Val Loss 1.2395 | Val Acc 0.5462 | ETputs(KTEPS) 89244.88
2023-10-12 03:14:09,541 - tune.py [line:103] - INFO: Epoch 01620 | Time(s) 0.0448 | Val Loss 1.2419 | Val Acc 0.5423 | ETputs(KTEPS) 89640.57
2023-10-12 03:14:10,145 - tune.py [line:103] - INFO: Epoch 01640 | Time(s) 0.0447 | Val Loss 1.2450 | Val Acc 0.5558 | ETputs(KTEPS) 90000.47
2023-10-12 03:14:10,748 - tune.py [line:103] - INFO: Epoch 01660 | Time(s) 0.0445 | Val Loss 1.2349 | Val Acc 0.5587 | ETputs(KTEPS) 90354.35
2023-10-12 03:14:11,025 - tune.py [line:117] - INFO: [FINAL MODEL] Val accuracy 57.31% \Val loss: 1.2
2023-10-12 03:14:11,028 - tune.py [line:119] - INFO: [FINAL MODEL] Test accuracy 56.68% \Test loss: 1.2
2023-10-12 03:14:11,029 - tune.py [line:144] - INFO: Acc on the first split (Validation Set): 0.5731
2023-10-12 03:14:11,029 - tune.py [line:145] - INFO: Acc on the first split (Test Set): 0.5668
