2023-10-12 03:00:23,044 - tune.py [line:203] - INFO: Namespace(seed=42, model='NormalNNV2', gpu=0, dataset='geom-squirrel', logging=True, log_detail=True, log_detailedCh=False, id_log=1012014502, optuna_n_trials=202, n_epochs=2000, self_loop=True, udgraph=True, early_stop=True, patience=300, n_hidden=64, n_cv=1, start_cv=0, n_layers=8, lr1=0.005, lr2=0.05, wd1=1e-07, wd2=1e-05, dropout=0.5, dropout2=0.0, es_ckpt='TestTuningScript-geom-squirrel_NormalNNV2-geom-squirrel_trialNo5')
2023-10-12 03:00:25,639 - tune.py [line:128] - INFO: Split_seeds:[1824]
2023-10-12 03:00:25,639 - tune.py [line:129] - INFO: Model_seeds:[409]
2023-10-12 03:00:26,850 - tune.py [line:103] - INFO: Epoch 00020 | Time(s) 0.0588 | Val Loss 1.5920 | Val Acc 0.4115 | ETputs(KTEPS) 68334.04
2023-10-12 03:00:27,894 - tune.py [line:103] - INFO: Epoch 00040 | Time(s) 0.0548 | Val Loss 1.5690 | Val Acc 0.4683 | ETputs(KTEPS) 73365.39
2023-10-12 03:00:29,140 - tune.py [line:103] - INFO: Epoch 00060 | Time(s) 0.0570 | Val Loss 1.5495 | Val Acc 0.4721 | ETputs(KTEPS) 70471.01
2023-10-12 03:00:30,259 - tune.py [line:103] - INFO: Epoch 00080 | Time(s) 0.0567 | Val Loss 1.5268 | Val Acc 0.4827 | ETputs(KTEPS) 70895.89
2023-10-12 03:00:31,420 - tune.py [line:103] - INFO: Epoch 00100 | Time(s) 0.0569 | Val Loss 1.5024 | Val Acc 0.4952 | ETputs(KTEPS) 70648.84
2023-10-12 03:00:32,433 - tune.py [line:103] - INFO: Epoch 00120 | Time(s) 0.0558 | Val Loss 1.4778 | Val Acc 0.5019 | ETputs(KTEPS) 72035.88
2023-10-12 03:00:33,559 - tune.py [line:103] - INFO: Epoch 00140 | Time(s) 0.0558 | Val Loss 1.4630 | Val Acc 0.5250 | ETputs(KTEPS) 72027.09
2023-10-12 03:00:34,670 - tune.py [line:103] - INFO: Epoch 00160 | Time(s) 0.0558 | Val Loss 1.4401 | Val Acc 0.5096 | ETputs(KTEPS) 72069.29
2023-10-12 03:00:35,652 - tune.py [line:103] - INFO: Epoch 00180 | Time(s) 0.0550 | Val Loss 1.4258 | Val Acc 0.5154 | ETputs(KTEPS) 73041.79
2023-10-12 03:00:36,998 - tune.py [line:103] - INFO: Epoch 00200 | Time(s) 0.0562 | Val Loss 1.4072 | Val Acc 0.5260 | ETputs(KTEPS) 71473.32
2023-10-12 03:00:38,256 - tune.py [line:103] - INFO: Epoch 00220 | Time(s) 0.0568 | Val Loss 1.3951 | Val Acc 0.5298 | ETputs(KTEPS) 70715.44
2023-10-12 03:00:39,660 - tune.py [line:103] - INFO: Epoch 00240 | Time(s) 0.0579 | Val Loss 1.3856 | Val Acc 0.5260 | ETputs(KTEPS) 69356.74
2023-10-12 03:00:40,907 - tune.py [line:103] - INFO: Epoch 00260 | Time(s) 0.0583 | Val Loss 1.3728 | Val Acc 0.5221 | ETputs(KTEPS) 68959.29
2023-10-12 03:00:42,226 - tune.py [line:103] - INFO: Epoch 00280 | Time(s) 0.0588 | Val Loss 1.3600 | Val Acc 0.5337 | ETputs(KTEPS) 68336.29
2023-10-12 03:00:43,500 - tune.py [line:103] - INFO: Epoch 00300 | Time(s) 0.0591 | Val Loss 1.3486 | Val Acc 0.5298 | ETputs(KTEPS) 67964.68
2023-10-12 03:00:44,691 - tune.py [line:103] - INFO: Epoch 00320 | Time(s) 0.0591 | Val Loss 1.3444 | Val Acc 0.5423 | ETputs(KTEPS) 67948.72
2023-10-12 03:00:45,815 - tune.py [line:103] - INFO: Epoch 00340 | Time(s) 0.0590 | Val Loss 1.3336 | Val Acc 0.5462 | ETputs(KTEPS) 68147.59
2023-10-12 03:00:47,159 - tune.py [line:103] - INFO: Epoch 00360 | Time(s) 0.0594 | Val Loss 1.3218 | Val Acc 0.5481 | ETputs(KTEPS) 67646.20
2023-10-12 03:00:48,462 - tune.py [line:103] - INFO: Epoch 00380 | Time(s) 0.0597 | Val Loss 1.3186 | Val Acc 0.5433 | ETputs(KTEPS) 67306.91
2023-10-12 03:00:49,937 - tune.py [line:103] - INFO: Epoch 00400 | Time(s) 0.0604 | Val Loss 1.3110 | Val Acc 0.5452 | ETputs(KTEPS) 66526.95
2023-10-12 03:00:51,226 - tune.py [line:103] - INFO: Epoch 00420 | Time(s) 0.0606 | Val Loss 1.3124 | Val Acc 0.5462 | ETputs(KTEPS) 66316.85
2023-10-12 03:00:52,559 - tune.py [line:103] - INFO: Epoch 00440 | Time(s) 0.0609 | Val Loss 1.3099 | Val Acc 0.5404 | ETputs(KTEPS) 66019.24
2023-10-12 03:00:53,752 - tune.py [line:103] - INFO: Epoch 00460 | Time(s) 0.0608 | Val Loss 1.3006 | Val Acc 0.5404 | ETputs(KTEPS) 66080.19
2023-10-12 03:00:54,992 - tune.py [line:103] - INFO: Epoch 00480 | Time(s) 0.0609 | Val Loss 1.2916 | Val Acc 0.5442 | ETputs(KTEPS) 66027.66
2023-10-12 03:00:56,336 - tune.py [line:103] - INFO: Epoch 00500 | Time(s) 0.0611 | Val Loss 1.2932 | Val Acc 0.5423 | ETputs(KTEPS) 65755.08
2023-10-12 03:00:57,854 - tune.py [line:103] - INFO: Epoch 00520 | Time(s) 0.0617 | Val Loss 1.2877 | Val Acc 0.5375 | ETputs(KTEPS) 65150.87
2023-10-12 03:00:59,239 - tune.py [line:103] - INFO: Epoch 00540 | Time(s) 0.0620 | Val Loss 1.2838 | Val Acc 0.5337 | ETputs(KTEPS) 64857.54
2023-10-12 03:01:00,185 - tune.py [line:103] - INFO: Epoch 00560 | Time(s) 0.0614 | Val Loss 1.2771 | Val Acc 0.5481 | ETputs(KTEPS) 65411.03
2023-10-12 03:01:00,993 - tune.py [line:103] - INFO: Epoch 00580 | Time(s) 0.0607 | Val Loss 1.2753 | Val Acc 0.5481 | ETputs(KTEPS) 66194.46
2023-10-12 03:01:01,889 - tune.py [line:103] - INFO: Epoch 00600 | Time(s) 0.0602 | Val Loss 1.2750 | Val Acc 0.5442 | ETputs(KTEPS) 66779.00
2023-10-12 03:01:02,697 - tune.py [line:103] - INFO: Epoch 00620 | Time(s) 0.0595 | Val Loss 1.2729 | Val Acc 0.5442 | ETputs(KTEPS) 67503.01
2023-10-12 03:01:03,560 - tune.py [line:103] - INFO: Epoch 00640 | Time(s) 0.0590 | Val Loss 1.2713 | Val Acc 0.5577 | ETputs(KTEPS) 68088.75
2023-10-12 03:01:04,591 - tune.py [line:103] - INFO: Epoch 00660 | Time(s) 0.0588 | Val Loss 1.2670 | Val Acc 0.5510 | ETputs(KTEPS) 68377.90
2023-10-12 03:01:05,523 - tune.py [line:103] - INFO: Epoch 00680 | Time(s) 0.0584 | Val Loss 1.2705 | Val Acc 0.5558 | ETputs(KTEPS) 68799.29
2023-10-12 03:01:06,555 - tune.py [line:103] - INFO: Epoch 00700 | Time(s) 0.0582 | Val Loss 1.2636 | Val Acc 0.5423 | ETputs(KTEPS) 69031.18
2023-10-12 03:01:07,418 - tune.py [line:103] - INFO: Epoch 00720 | Time(s) 0.0578 | Val Loss 1.2650 | Val Acc 0.5481 | ETputs(KTEPS) 69532.23
2023-10-12 03:01:08,408 - tune.py [line:103] - INFO: Epoch 00740 | Time(s) 0.0576 | Val Loss 1.2665 | Val Acc 0.5490 | ETputs(KTEPS) 69805.55
2023-10-12 03:01:09,294 - tune.py [line:103] - INFO: Epoch 00760 | Time(s) 0.0572 | Val Loss 1.2622 | Val Acc 0.5423 | ETputs(KTEPS) 70232.68
2023-10-12 03:01:10,305 - tune.py [line:103] - INFO: Epoch 00780 | Time(s) 0.0571 | Val Loss 1.2583 | Val Acc 0.5442 | ETputs(KTEPS) 70444.32
2023-10-12 03:01:11,314 - tune.py [line:103] - INFO: Epoch 00800 | Time(s) 0.0569 | Val Loss 1.2562 | Val Acc 0.5615 | ETputs(KTEPS) 70650.10
2023-10-12 03:01:12,340 - tune.py [line:103] - INFO: Epoch 00820 | Time(s) 0.0567 | Val Loss 1.2566 | Val Acc 0.5385 | ETputs(KTEPS) 70820.74
2023-10-12 03:01:13,223 - tune.py [line:103] - INFO: Epoch 00840 | Time(s) 0.0564 | Val Loss 1.2494 | Val Acc 0.5394 | ETputs(KTEPS) 71198.49
2023-10-12 03:01:14,182 - tune.py [line:103] - INFO: Epoch 00860 | Time(s) 0.0563 | Val Loss 1.2442 | Val Acc 0.5558 | ETputs(KTEPS) 71449.77
2023-10-12 03:01:15,116 - tune.py [line:103] - INFO: Epoch 00880 | Time(s) 0.0560 | Val Loss 1.2448 | Val Acc 0.5548 | ETputs(KTEPS) 71728.02
2023-10-12 03:01:15,919 - tune.py [line:103] - INFO: Epoch 00900 | Time(s) 0.0557 | Val Loss 1.2474 | Val Acc 0.5481 | ETputs(KTEPS) 72184.14
2023-10-12 03:01:16,876 - tune.py [line:103] - INFO: Epoch 00920 | Time(s) 0.0555 | Val Loss 1.2526 | Val Acc 0.5519 | ETputs(KTEPS) 72406.30
2023-10-12 03:01:17,808 - tune.py [line:103] - INFO: Epoch 00940 | Time(s) 0.0553 | Val Loss 1.2485 | Val Acc 0.5510 | ETputs(KTEPS) 72655.17
2023-10-12 03:01:17,969 - tune.py [line:117] - INFO: [FINAL MODEL] Val accuracy 56.63% \Val loss: 1.3
2023-10-12 03:01:17,976 - tune.py [line:119] - INFO: [FINAL MODEL] Test accuracy 56.10% \Test loss: 1.3
2023-10-12 03:01:17,977 - tune.py [line:144] - INFO: Acc on the first split (Validation Set): 0.5663
2023-10-12 03:01:17,978 - tune.py [line:145] - INFO: Acc on the first split (Test Set): 0.5610
