2023-10-12 03:16:38,575 - tune.py [line:203] - INFO: Namespace(seed=42, model='NormalNNV2', gpu=0, dataset='geom-squirrel', logging=True, log_detail=True, log_detailedCh=False, id_log=1012014502, optuna_n_trials=202, n_epochs=2000, self_loop=True, udgraph=True, early_stop=True, patience=300, n_hidden=64, n_cv=1, start_cv=0, n_layers=4, lr1=0.01, lr2=0.05, wd1=1e-06, wd2=1e-08, dropout=0.0, dropout2=0.6, es_ckpt='TestTuningScript-geom-squirrel_NormalNNV2-geom-squirrel_trialNo124')
2023-10-12 03:16:41,087 - tune.py [line:128] - INFO: Split_seeds:[1824]
2023-10-12 03:16:41,087 - tune.py [line:129] - INFO: Model_seeds:[409]
2023-10-12 03:16:41,782 - tune.py [line:103] - INFO: Epoch 00020 | Time(s) 0.0331 | Val Loss 1.5956 | Val Acc 0.4058 | ETputs(KTEPS) 121274.83
2023-10-12 03:16:42,495 - tune.py [line:103] - INFO: Epoch 00040 | Time(s) 0.0339 | Val Loss 1.5738 | Val Acc 0.4760 | ETputs(KTEPS) 118600.62
2023-10-12 03:16:43,149 - tune.py [line:103] - INFO: Epoch 00060 | Time(s) 0.0333 | Val Loss 1.5483 | Val Acc 0.5269 | ETputs(KTEPS) 120619.28
2023-10-12 03:16:43,792 - tune.py [line:103] - INFO: Epoch 00080 | Time(s) 0.0330 | Val Loss 1.5283 | Val Acc 0.5135 | ETputs(KTEPS) 121808.38
2023-10-12 03:16:44,473 - tune.py [line:103] - INFO: Epoch 00100 | Time(s) 0.0332 | Val Loss 1.5074 | Val Acc 0.5231 | ETputs(KTEPS) 121187.31
2023-10-12 03:16:45,339 - tune.py [line:103] - INFO: Epoch 00120 | Time(s) 0.0348 | Val Loss 1.4960 | Val Acc 0.4885 | ETputs(KTEPS) 115336.48
2023-10-12 03:16:46,119 - tune.py [line:103] - INFO: Epoch 00140 | Time(s) 0.0354 | Val Loss 1.4653 | Val Acc 0.5212 | ETputs(KTEPS) 113410.47
2023-10-12 03:16:46,875 - tune.py [line:103] - INFO: Epoch 00160 | Time(s) 0.0357 | Val Loss 1.4485 | Val Acc 0.5337 | ETputs(KTEPS) 112488.51
2023-10-12 03:16:47,661 - tune.py [line:103] - INFO: Epoch 00180 | Time(s) 0.0361 | Val Loss 1.4300 | Val Acc 0.5269 | ETputs(KTEPS) 111295.85
2023-10-12 03:16:48,481 - tune.py [line:103] - INFO: Epoch 00200 | Time(s) 0.0366 | Val Loss 1.4130 | Val Acc 0.5250 | ETputs(KTEPS) 109818.83
2023-10-12 03:16:49,336 - tune.py [line:103] - INFO: Epoch 00220 | Time(s) 0.0372 | Val Loss 1.4002 | Val Acc 0.5288 | ETputs(KTEPS) 108175.68
2023-10-12 03:16:50,191 - tune.py [line:103] - INFO: Epoch 00240 | Time(s) 0.0376 | Val Loss 1.3925 | Val Acc 0.5154 | ETputs(KTEPS) 106840.64
2023-10-12 03:16:50,984 - tune.py [line:103] - INFO: Epoch 00260 | Time(s) 0.0378 | Val Loss 1.3784 | Val Acc 0.5298 | ETputs(KTEPS) 106396.88
2023-10-12 03:16:51,921 - tune.py [line:103] - INFO: Epoch 00280 | Time(s) 0.0384 | Val Loss 1.3654 | Val Acc 0.5250 | ETputs(KTEPS) 104609.08
2023-10-12 03:16:52,749 - tune.py [line:103] - INFO: Epoch 00300 | Time(s) 0.0386 | Val Loss 1.3487 | Val Acc 0.5385 | ETputs(KTEPS) 104079.25
2023-10-12 03:16:53,675 - tune.py [line:103] - INFO: Epoch 00320 | Time(s) 0.0391 | Val Loss 1.3465 | Val Acc 0.5337 | ETputs(KTEPS) 102817.27
2023-10-12 03:16:54,612 - tune.py [line:103] - INFO: Epoch 00340 | Time(s) 0.0395 | Val Loss 1.3300 | Val Acc 0.5317 | ETputs(KTEPS) 101652.81
2023-10-12 03:16:55,490 - tune.py [line:103] - INFO: Epoch 00360 | Time(s) 0.0398 | Val Loss 1.3252 | Val Acc 0.5413 | ETputs(KTEPS) 101038.74
2023-10-12 03:16:56,355 - tune.py [line:103] - INFO: Epoch 00380 | Time(s) 0.0400 | Val Loss 1.3146 | Val Acc 0.5365 | ETputs(KTEPS) 100596.36
2023-10-12 03:16:57,380 - tune.py [line:103] - INFO: Epoch 00400 | Time(s) 0.0405 | Val Loss 1.3044 | Val Acc 0.5231 | ETputs(KTEPS) 99205.14
2023-10-12 03:16:58,344 - tune.py [line:103] - INFO: Epoch 00420 | Time(s) 0.0409 | Val Loss 1.2977 | Val Acc 0.5442 | ETputs(KTEPS) 98333.08
2023-10-12 03:16:59,276 - tune.py [line:103] - INFO: Epoch 00440 | Time(s) 0.0411 | Val Loss 1.2879 | Val Acc 0.5481 | ETputs(KTEPS) 97737.40
2023-10-12 03:17:00,154 - tune.py [line:103] - INFO: Epoch 00460 | Time(s) 0.0412 | Val Loss 1.2832 | Val Acc 0.5250 | ETputs(KTEPS) 97455.75
2023-10-12 03:17:01,148 - tune.py [line:103] - INFO: Epoch 00480 | Time(s) 0.0416 | Val Loss 1.2882 | Val Acc 0.5288 | ETputs(KTEPS) 96630.74
2023-10-12 03:17:02,058 - tune.py [line:103] - INFO: Epoch 00500 | Time(s) 0.0417 | Val Loss 1.2759 | Val Acc 0.5327 | ETputs(KTEPS) 96270.46
2023-10-12 03:17:03,050 - tune.py [line:103] - INFO: Epoch 00520 | Time(s) 0.0420 | Val Loss 1.2618 | Val Acc 0.5462 | ETputs(KTEPS) 95579.93
2023-10-12 03:17:04,096 - tune.py [line:103] - INFO: Epoch 00540 | Time(s) 0.0424 | Val Loss 1.2658 | Val Acc 0.5481 | ETputs(KTEPS) 94728.50
2023-10-12 03:17:05,027 - tune.py [line:103] - INFO: Epoch 00560 | Time(s) 0.0426 | Val Loss 1.2590 | Val Acc 0.5462 | ETputs(KTEPS) 94403.12
2023-10-12 03:17:06,057 - tune.py [line:103] - INFO: Epoch 00580 | Time(s) 0.0429 | Val Loss 1.2641 | Val Acc 0.5365 | ETputs(KTEPS) 93727.08
2023-10-12 03:17:06,889 - tune.py [line:103] - INFO: Epoch 00600 | Time(s) 0.0428 | Val Loss 1.2574 | Val Acc 0.5346 | ETputs(KTEPS) 93820.59
2023-10-12 03:17:07,529 - tune.py [line:103] - INFO: Epoch 00620 | Time(s) 0.0425 | Val Loss 1.2430 | Val Acc 0.5538 | ETputs(KTEPS) 94595.95
2023-10-12 03:17:08,219 - tune.py [line:103] - INFO: Epoch 00640 | Time(s) 0.0422 | Val Loss 1.2460 | Val Acc 0.5442 | ETputs(KTEPS) 95158.85
2023-10-12 03:17:08,860 - tune.py [line:103] - INFO: Epoch 00660 | Time(s) 0.0419 | Val Loss 1.2452 | Val Acc 0.5587 | ETputs(KTEPS) 95861.13
2023-10-12 03:17:09,309 - tune.py [line:103] - INFO: Epoch 00680 | Time(s) 0.0414 | Val Loss 1.2375 | Val Acc 0.5471 | ETputs(KTEPS) 97191.17
2023-10-12 03:17:09,758 - tune.py [line:103] - INFO: Epoch 00700 | Time(s) 0.0408 | Val Loss 1.2478 | Val Acc 0.5471 | ETputs(KTEPS) 98478.50
2023-10-12 03:17:10,389 - tune.py [line:103] - INFO: Epoch 00720 | Time(s) 0.0406 | Val Loss 1.2365 | Val Acc 0.5471 | ETputs(KTEPS) 99105.41
2023-10-12 03:17:10,919 - tune.py [line:117] - INFO: [FINAL MODEL] Val accuracy 56.92% \Val loss: 1.3
2023-10-12 03:17:10,922 - tune.py [line:119] - INFO: [FINAL MODEL] Test accuracy 55.72% \Test loss: 1.3
2023-10-12 03:17:10,923 - tune.py [line:144] - INFO: Acc on the first split (Validation Set): 0.5692
2023-10-12 03:17:10,923 - tune.py [line:145] - INFO: Acc on the first split (Test Set): 0.5572
