2023-10-12 03:11:18,831 - tune.py [line:203] - INFO: Namespace(seed=42, model='NormalNNV2', gpu=0, dataset='geom-squirrel', logging=True, log_detail=True, log_detailedCh=False, id_log=1012014502, optuna_n_trials=202, n_epochs=2000, self_loop=True, udgraph=True, early_stop=True, patience=300, n_hidden=64, n_cv=1, start_cv=0, n_layers=4, lr1=0.02, lr2=0.05, wd1=1e-07, wd2=1e-08, dropout=0.0, dropout2=0.6, es_ckpt='TestTuningScript-geom-squirrel_NormalNNV2-geom-squirrel_trialNo66')
2023-10-12 03:11:21,433 - tune.py [line:128] - INFO: Split_seeds:[1824]
2023-10-12 03:11:21,433 - tune.py [line:129] - INFO: Model_seeds:[409]
2023-10-12 03:11:22,418 - tune.py [line:103] - INFO: Epoch 00020 | Time(s) 0.0478 | Val Loss 1.5966 | Val Acc 0.3817 | ETputs(KTEPS) 84076.70
2023-10-12 03:11:23,335 - tune.py [line:103] - INFO: Epoch 00040 | Time(s) 0.0464 | Val Loss 1.5749 | Val Acc 0.4865 | ETputs(KTEPS) 86608.81
2023-10-12 03:11:24,150 - tune.py [line:103] - INFO: Epoch 00060 | Time(s) 0.0443 | Val Loss 1.5520 | Val Acc 0.4913 | ETputs(KTEPS) 90780.13
2023-10-12 03:11:24,892 - tune.py [line:103] - INFO: Epoch 00080 | Time(s) 0.0424 | Val Loss 1.5279 | Val Acc 0.5308 | ETputs(KTEPS) 94742.29
2023-10-12 03:11:25,654 - tune.py [line:103] - INFO: Epoch 00100 | Time(s) 0.0415 | Val Loss 1.5056 | Val Acc 0.4990 | ETputs(KTEPS) 96860.84
2023-10-12 03:11:26,399 - tune.py [line:103] - INFO: Epoch 00120 | Time(s) 0.0408 | Val Loss 1.4877 | Val Acc 0.4885 | ETputs(KTEPS) 98592.23
2023-10-12 03:11:27,249 - tune.py [line:103] - INFO: Epoch 00140 | Time(s) 0.0410 | Val Loss 1.4619 | Val Acc 0.5404 | ETputs(KTEPS) 98053.32
2023-10-12 03:11:28,005 - tune.py [line:103] - INFO: Epoch 00160 | Time(s) 0.0406 | Val Loss 1.4474 | Val Acc 0.5212 | ETputs(KTEPS) 99012.67
2023-10-12 03:11:28,990 - tune.py [line:103] - INFO: Epoch 00180 | Time(s) 0.0415 | Val Loss 1.4254 | Val Acc 0.5394 | ETputs(KTEPS) 96736.13
2023-10-12 03:11:29,938 - tune.py [line:103] - INFO: Epoch 00200 | Time(s) 0.0421 | Val Loss 1.4117 | Val Acc 0.5221 | ETputs(KTEPS) 95391.61
2023-10-12 03:11:30,906 - tune.py [line:103] - INFO: Epoch 00220 | Time(s) 0.0427 | Val Loss 1.3994 | Val Acc 0.5269 | ETputs(KTEPS) 94127.46
2023-10-12 03:11:31,682 - tune.py [line:103] - INFO: Epoch 00240 | Time(s) 0.0424 | Val Loss 1.3910 | Val Acc 0.5125 | ETputs(KTEPS) 94851.74
2023-10-12 03:11:32,567 - tune.py [line:103] - INFO: Epoch 00260 | Time(s) 0.0425 | Val Loss 1.3732 | Val Acc 0.5365 | ETputs(KTEPS) 94553.35
2023-10-12 03:11:33,362 - tune.py [line:103] - INFO: Epoch 00280 | Time(s) 0.0423 | Val Loss 1.3587 | Val Acc 0.5385 | ETputs(KTEPS) 94992.50
2023-10-12 03:11:34,291 - tune.py [line:103] - INFO: Epoch 00300 | Time(s) 0.0426 | Val Loss 1.3491 | Val Acc 0.5231 | ETputs(KTEPS) 94380.00
2023-10-12 03:11:35,328 - tune.py [line:103] - INFO: Epoch 00320 | Time(s) 0.0432 | Val Loss 1.3531 | Val Acc 0.5221 | ETputs(KTEPS) 93121.47
2023-10-12 03:11:36,584 - tune.py [line:103] - INFO: Epoch 00340 | Time(s) 0.0443 | Val Loss 1.3310 | Val Acc 0.5250 | ETputs(KTEPS) 90709.29
2023-10-12 03:11:37,832 - tune.py [line:103] - INFO: Epoch 00360 | Time(s) 0.0453 | Val Loss 1.3225 | Val Acc 0.5500 | ETputs(KTEPS) 88697.75
2023-10-12 03:11:38,963 - tune.py [line:103] - INFO: Epoch 00380 | Time(s) 0.0459 | Val Loss 1.3098 | Val Acc 0.5317 | ETputs(KTEPS) 87558.35
2023-10-12 03:11:40,237 - tune.py [line:103] - INFO: Epoch 00400 | Time(s) 0.0468 | Val Loss 1.3054 | Val Acc 0.5452 | ETputs(KTEPS) 85898.40
2023-10-12 03:11:41,484 - tune.py [line:103] - INFO: Epoch 00420 | Time(s) 0.0475 | Val Loss 1.2948 | Val Acc 0.5500 | ETputs(KTEPS) 84560.44
2023-10-12 03:11:42,755 - tune.py [line:103] - INFO: Epoch 00440 | Time(s) 0.0483 | Val Loss 1.2995 | Val Acc 0.5577 | ETputs(KTEPS) 83292.29
2023-10-12 03:11:44,044 - tune.py [line:103] - INFO: Epoch 00460 | Time(s) 0.0490 | Val Loss 1.2884 | Val Acc 0.5433 | ETputs(KTEPS) 82098.16
2023-10-12 03:11:45,322 - tune.py [line:103] - INFO: Epoch 00480 | Time(s) 0.0496 | Val Loss 1.2879 | Val Acc 0.5269 | ETputs(KTEPS) 81068.33
2023-10-12 03:11:46,497 - tune.py [line:103] - INFO: Epoch 00500 | Time(s) 0.0499 | Val Loss 1.2746 | Val Acc 0.5385 | ETputs(KTEPS) 80473.50
2023-10-12 03:11:47,813 - tune.py [line:103] - INFO: Epoch 00520 | Time(s) 0.0506 | Val Loss 1.2659 | Val Acc 0.5394 | ETputs(KTEPS) 79505.49
2023-10-12 03:11:49,068 - tune.py [line:103] - INFO: Epoch 00540 | Time(s) 0.0510 | Val Loss 1.2621 | Val Acc 0.5519 | ETputs(KTEPS) 78801.43
2023-10-12 03:11:50,337 - tune.py [line:103] - INFO: Epoch 00560 | Time(s) 0.0514 | Val Loss 1.2639 | Val Acc 0.5519 | ETputs(KTEPS) 78123.25
2023-10-12 03:11:51,495 - tune.py [line:103] - INFO: Epoch 00580 | Time(s) 0.0517 | Val Loss 1.2591 | Val Acc 0.5404 | ETputs(KTEPS) 77786.57
2023-10-12 03:11:52,926 - tune.py [line:103] - INFO: Epoch 00600 | Time(s) 0.0523 | Val Loss 1.2577 | Val Acc 0.5423 | ETputs(KTEPS) 76803.41
2023-10-12 03:11:54,277 - tune.py [line:103] - INFO: Epoch 00620 | Time(s) 0.0528 | Val Loss 1.2520 | Val Acc 0.5548 | ETputs(KTEPS) 76091.31
2023-10-12 03:11:55,574 - tune.py [line:103] - INFO: Epoch 00640 | Time(s) 0.0532 | Val Loss 1.2465 | Val Acc 0.5452 | ETputs(KTEPS) 75553.52
2023-10-12 03:11:56,871 - tune.py [line:103] - INFO: Epoch 00660 | Time(s) 0.0535 | Val Loss 1.2404 | Val Acc 0.5481 | ETputs(KTEPS) 75055.84
2023-10-12 03:11:58,235 - tune.py [line:103] - INFO: Epoch 00680 | Time(s) 0.0540 | Val Loss 1.2308 | Val Acc 0.5433 | ETputs(KTEPS) 74457.87
2023-10-12 03:11:59,551 - tune.py [line:103] - INFO: Epoch 00700 | Time(s) 0.0543 | Val Loss 1.2436 | Val Acc 0.5519 | ETputs(KTEPS) 73995.67
2023-10-12 03:12:00,969 - tune.py [line:103] - INFO: Epoch 00720 | Time(s) 0.0548 | Val Loss 1.2351 | Val Acc 0.5442 | ETputs(KTEPS) 73374.41
2023-10-12 03:12:02,309 - tune.py [line:117] - INFO: [FINAL MODEL] Val accuracy 57.02% \Val loss: 1.3
2023-10-12 03:12:02,313 - tune.py [line:119] - INFO: [FINAL MODEL] Test accuracy 56.68% \Test loss: 1.3
2023-10-12 03:12:02,314 - tune.py [line:144] - INFO: Acc on the first split (Validation Set): 0.5702
2023-10-12 03:12:02,314 - tune.py [line:145] - INFO: Acc on the first split (Test Set): 0.5668
