2023-10-12 03:07:26,639 - tune.py [line:203] - INFO: Namespace(seed=42, model='NormalNNV2', gpu=0, dataset='geom-squirrel', logging=True, log_detail=True, log_detailedCh=False, id_log=1012014502, optuna_n_trials=202, n_epochs=2000, self_loop=True, udgraph=True, early_stop=True, patience=300, n_hidden=64, n_cv=1, start_cv=0, n_layers=4, lr1=0.02, lr2=0.04, wd1=1e-05, wd2=1e-08, dropout=0.0, dropout2=0.6, es_ckpt='TestTuningScript-geom-squirrel_NormalNNV2-geom-squirrel_trialNo34')
2023-10-12 03:07:29,265 - tune.py [line:128] - INFO: Split_seeds:[1824]
2023-10-12 03:07:29,265 - tune.py [line:129] - INFO: Model_seeds:[409]
2023-10-12 03:07:30,028 - tune.py [line:103] - INFO: Epoch 00020 | Time(s) 0.0364 | Val Loss 1.5989 | Val Acc 0.3644 | ETputs(KTEPS) 110361.87
2023-10-12 03:07:30,791 - tune.py [line:103] - INFO: Epoch 00040 | Time(s) 0.0367 | Val Loss 1.5809 | Val Acc 0.4760 | ETputs(KTEPS) 109419.38
2023-10-12 03:07:31,539 - tune.py [line:103] - INFO: Epoch 00060 | Time(s) 0.0367 | Val Loss 1.5648 | Val Acc 0.5000 | ETputs(KTEPS) 109466.81
2023-10-12 03:07:32,276 - tune.py [line:103] - INFO: Epoch 00080 | Time(s) 0.0367 | Val Loss 1.5453 | Val Acc 0.4788 | ETputs(KTEPS) 109369.10
2023-10-12 03:07:32,909 - tune.py [line:103] - INFO: Epoch 00100 | Time(s) 0.0357 | Val Loss 1.5281 | Val Acc 0.4875 | ETputs(KTEPS) 112516.96
2023-10-12 03:07:33,538 - tune.py [line:103] - INFO: Epoch 00120 | Time(s) 0.0350 | Val Loss 1.5102 | Val Acc 0.5327 | ETputs(KTEPS) 114825.77
2023-10-12 03:07:34,250 - tune.py [line:103] - INFO: Epoch 00140 | Time(s) 0.0350 | Val Loss 1.4936 | Val Acc 0.5240 | ETputs(KTEPS) 114708.20
2023-10-12 03:07:34,965 - tune.py [line:103] - INFO: Epoch 00160 | Time(s) 0.0351 | Val Loss 1.4803 | Val Acc 0.4962 | ETputs(KTEPS) 114430.63
2023-10-12 03:07:35,713 - tune.py [line:103] - INFO: Epoch 00180 | Time(s) 0.0354 | Val Loss 1.4659 | Val Acc 0.4962 | ETputs(KTEPS) 113649.02
2023-10-12 03:07:36,435 - tune.py [line:103] - INFO: Epoch 00200 | Time(s) 0.0354 | Val Loss 1.4482 | Val Acc 0.5125 | ETputs(KTEPS) 113418.77
2023-10-12 03:07:37,398 - tune.py [line:103] - INFO: Epoch 00220 | Time(s) 0.0366 | Val Loss 1.4318 | Val Acc 0.5163 | ETputs(KTEPS) 109845.12
2023-10-12 03:07:38,137 - tune.py [line:103] - INFO: Epoch 00240 | Time(s) 0.0366 | Val Loss 1.4230 | Val Acc 0.5029 | ETputs(KTEPS) 109766.44
2023-10-12 03:07:38,967 - tune.py [line:103] - INFO: Epoch 00260 | Time(s) 0.0370 | Val Loss 1.4169 | Val Acc 0.5173 | ETputs(KTEPS) 108656.60
2023-10-12 03:07:39,858 - tune.py [line:103] - INFO: Epoch 00280 | Time(s) 0.0375 | Val Loss 1.3951 | Val Acc 0.5452 | ETputs(KTEPS) 107097.20
2023-10-12 03:07:40,602 - tune.py [line:103] - INFO: Epoch 00300 | Time(s) 0.0375 | Val Loss 1.3900 | Val Acc 0.5346 | ETputs(KTEPS) 107161.17
2023-10-12 03:07:41,346 - tune.py [line:103] - INFO: Epoch 00320 | Time(s) 0.0375 | Val Loss 1.3859 | Val Acc 0.5260 | ETputs(KTEPS) 107225.85
2023-10-12 03:07:42,240 - tune.py [line:103] - INFO: Epoch 00340 | Time(s) 0.0379 | Val Loss 1.3673 | Val Acc 0.5250 | ETputs(KTEPS) 106049.49
2023-10-12 03:07:43,070 - tune.py [line:103] - INFO: Epoch 00360 | Time(s) 0.0381 | Val Loss 1.3655 | Val Acc 0.5356 | ETputs(KTEPS) 105496.18
2023-10-12 03:07:43,989 - tune.py [line:103] - INFO: Epoch 00380 | Time(s) 0.0385 | Val Loss 1.3503 | Val Acc 0.5154 | ETputs(KTEPS) 104366.08
2023-10-12 03:07:44,831 - tune.py [line:103] - INFO: Epoch 00400 | Time(s) 0.0387 | Val Loss 1.3445 | Val Acc 0.5240 | ETputs(KTEPS) 103920.74
2023-10-12 03:07:45,736 - tune.py [line:103] - INFO: Epoch 00420 | Time(s) 0.0390 | Val Loss 1.3441 | Val Acc 0.5135 | ETputs(KTEPS) 103084.81
2023-10-12 03:07:46,711 - tune.py [line:103] - INFO: Epoch 00440 | Time(s) 0.0394 | Val Loss 1.3366 | Val Acc 0.5163 | ETputs(KTEPS) 101944.12
2023-10-12 03:07:47,539 - tune.py [line:103] - INFO: Epoch 00460 | Time(s) 0.0395 | Val Loss 1.3295 | Val Acc 0.5154 | ETputs(KTEPS) 101728.08
2023-10-12 03:07:48,456 - tune.py [line:103] - INFO: Epoch 00480 | Time(s) 0.0398 | Val Loss 1.3219 | Val Acc 0.5163 | ETputs(KTEPS) 101056.53
2023-10-12 03:07:49,311 - tune.py [line:103] - INFO: Epoch 00500 | Time(s) 0.0399 | Val Loss 1.3090 | Val Acc 0.5240 | ETputs(KTEPS) 100757.49
2023-10-12 03:07:50,292 - tune.py [line:103] - INFO: Epoch 00520 | Time(s) 0.0402 | Val Loss 1.3003 | Val Acc 0.5337 | ETputs(KTEPS) 99876.82
2023-10-12 03:07:51,214 - tune.py [line:103] - INFO: Epoch 00540 | Time(s) 0.0405 | Val Loss 1.2980 | Val Acc 0.5240 | ETputs(KTEPS) 99341.80
2023-10-12 03:07:52,282 - tune.py [line:103] - INFO: Epoch 00560 | Time(s) 0.0409 | Val Loss 1.2984 | Val Acc 0.5154 | ETputs(KTEPS) 98223.07
2023-10-12 03:07:53,284 - tune.py [line:103] - INFO: Epoch 00580 | Time(s) 0.0412 | Val Loss 1.2877 | Val Acc 0.5356 | ETputs(KTEPS) 97471.75
2023-10-12 03:07:54,250 - tune.py [line:103] - INFO: Epoch 00600 | Time(s) 0.0415 | Val Loss 1.2933 | Val Acc 0.5288 | ETputs(KTEPS) 96919.58
2023-10-12 03:07:55,244 - tune.py [line:103] - INFO: Epoch 00620 | Time(s) 0.0417 | Val Loss 1.2681 | Val Acc 0.5413 | ETputs(KTEPS) 96315.50
2023-10-12 03:07:56,367 - tune.py [line:103] - INFO: Epoch 00640 | Time(s) 0.0422 | Val Loss 1.2754 | Val Acc 0.5356 | ETputs(KTEPS) 95300.98
2023-10-12 03:07:57,475 - tune.py [line:103] - INFO: Epoch 00660 | Time(s) 0.0426 | Val Loss 1.2824 | Val Acc 0.5587 | ETputs(KTEPS) 94409.69
2023-10-12 03:07:58,507 - tune.py [line:103] - INFO: Epoch 00680 | Time(s) 0.0428 | Val Loss 1.2637 | Val Acc 0.5519 | ETputs(KTEPS) 93841.27
2023-10-12 03:07:59,757 - tune.py [line:103] - INFO: Epoch 00700 | Time(s) 0.0434 | Val Loss 1.2634 | Val Acc 0.5558 | ETputs(KTEPS) 92629.23
2023-10-12 03:08:00,801 - tune.py [line:103] - INFO: Epoch 00720 | Time(s) 0.0436 | Val Loss 1.2666 | Val Acc 0.5413 | ETputs(KTEPS) 92109.23
2023-10-12 03:08:02,009 - tune.py [line:103] - INFO: Epoch 00740 | Time(s) 0.0441 | Val Loss 1.2650 | Val Acc 0.5413 | ETputs(KTEPS) 91164.41
2023-10-12 03:08:03,116 - tune.py [line:103] - INFO: Epoch 00760 | Time(s) 0.0444 | Val Loss 1.2519 | Val Acc 0.5433 | ETputs(KTEPS) 90556.50
2023-10-12 03:08:04,321 - tune.py [line:103] - INFO: Epoch 00780 | Time(s) 0.0448 | Val Loss 1.2516 | Val Acc 0.5413 | ETputs(KTEPS) 89736.74
2023-10-12 03:08:05,480 - tune.py [line:103] - INFO: Epoch 00800 | Time(s) 0.0451 | Val Loss 1.2595 | Val Acc 0.5423 | ETputs(KTEPS) 89085.12
2023-10-12 03:08:06,667 - tune.py [line:103] - INFO: Epoch 00820 | Time(s) 0.0455 | Val Loss 1.2480 | Val Acc 0.5365 | ETputs(KTEPS) 88405.23
2023-10-12 03:08:07,828 - tune.py [line:103] - INFO: Epoch 00840 | Time(s) 0.0458 | Val Loss 1.2519 | Val Acc 0.5375 | ETputs(KTEPS) 87829.43
2023-10-12 03:08:09,057 - tune.py [line:103] - INFO: Epoch 00860 | Time(s) 0.0461 | Val Loss 1.2468 | Val Acc 0.5615 | ETputs(KTEPS) 87135.44
2023-10-12 03:08:10,420 - tune.py [line:103] - INFO: Epoch 00880 | Time(s) 0.0466 | Val Loss 1.2440 | Val Acc 0.5394 | ETputs(KTEPS) 86212.21
2023-10-12 03:08:11,607 - tune.py [line:103] - INFO: Epoch 00900 | Time(s) 0.0469 | Val Loss 1.2501 | Val Acc 0.5404 | ETputs(KTEPS) 85693.14
2023-10-12 03:08:12,840 - tune.py [line:103] - INFO: Epoch 00920 | Time(s) 0.0472 | Val Loss 1.2372 | Val Acc 0.5423 | ETputs(KTEPS) 85112.84
2023-10-12 03:08:14,284 - tune.py [line:103] - INFO: Epoch 00940 | Time(s) 0.0478 | Val Loss 1.2506 | Val Acc 0.5481 | ETputs(KTEPS) 84166.80
2023-10-12 03:08:15,583 - tune.py [line:103] - INFO: Epoch 00960 | Time(s) 0.0481 | Val Loss 1.2442 | Val Acc 0.5538 | ETputs(KTEPS) 83545.82
2023-10-12 03:08:17,066 - tune.py [line:103] - INFO: Epoch 00980 | Time(s) 0.0486 | Val Loss 1.2449 | Val Acc 0.5385 | ETputs(KTEPS) 82633.68
2023-10-12 03:08:18,528 - tune.py [line:103] - INFO: Epoch 01000 | Time(s) 0.0491 | Val Loss 1.2551 | Val Acc 0.5423 | ETputs(KTEPS) 81812.80
2023-10-12 03:08:20,014 - tune.py [line:103] - INFO: Epoch 01020 | Time(s) 0.0496 | Val Loss 1.2296 | Val Acc 0.5481 | ETputs(KTEPS) 80999.78
2023-10-12 03:08:21,464 - tune.py [line:103] - INFO: Epoch 01040 | Time(s) 0.0501 | Val Loss 1.2489 | Val Acc 0.5317 | ETputs(KTEPS) 80289.00
2023-10-12 03:08:22,690 - tune.py [line:103] - INFO: Epoch 01060 | Time(s) 0.0503 | Val Loss 1.2396 | Val Acc 0.5462 | ETputs(KTEPS) 79950.04
2023-10-12 03:08:23,298 - tune.py [line:103] - INFO: Epoch 01080 | Time(s) 0.0499 | Val Loss 1.2388 | Val Acc 0.5500 | ETputs(KTEPS) 80541.96
2023-10-12 03:08:23,901 - tune.py [line:103] - INFO: Epoch 01100 | Time(s) 0.0495 | Val Loss 1.2273 | Val Acc 0.5663 | ETputs(KTEPS) 81126.84
2023-10-12 03:08:24,552 - tune.py [line:103] - INFO: Epoch 01120 | Time(s) 0.0492 | Val Loss 1.2298 | Val Acc 0.5587 | ETputs(KTEPS) 81631.59
2023-10-12 03:08:25,308 - tune.py [line:103] - INFO: Epoch 01140 | Time(s) 0.0490 | Val Loss 1.2453 | Val Acc 0.5375 | ETputs(KTEPS) 81967.44
2023-10-12 03:08:25,930 - tune.py [line:103] - INFO: Epoch 01160 | Time(s) 0.0487 | Val Loss 1.2373 | Val Acc 0.5471 | ETputs(KTEPS) 82488.72
2023-10-12 03:08:26,605 - tune.py [line:103] - INFO: Epoch 01180 | Time(s) 0.0485 | Val Loss 1.2350 | Val Acc 0.5519 | ETputs(KTEPS) 82921.38
2023-10-12 03:08:27,284 - tune.py [line:103] - INFO: Epoch 01200 | Time(s) 0.0482 | Val Loss 1.2437 | Val Acc 0.5500 | ETputs(KTEPS) 83337.78
2023-10-12 03:08:27,827 - tune.py [line:103] - INFO: Epoch 01220 | Time(s) 0.0479 | Val Loss 1.2428 | Val Acc 0.5481 | ETputs(KTEPS) 83940.54
2023-10-12 03:08:28,444 - tune.py [line:103] - INFO: Epoch 01240 | Time(s) 0.0476 | Val Loss 1.2423 | Val Acc 0.5462 | ETputs(KTEPS) 84430.05
2023-10-12 03:08:29,076 - tune.py [line:103] - INFO: Epoch 01260 | Time(s) 0.0473 | Val Loss 1.2531 | Val Acc 0.5500 | ETputs(KTEPS) 84884.52
2023-10-12 03:08:29,725 - tune.py [line:103] - INFO: Epoch 01280 | Time(s) 0.0471 | Val Loss 1.2359 | Val Acc 0.5510 | ETputs(KTEPS) 85305.70
2023-10-12 03:08:30,338 - tune.py [line:103] - INFO: Epoch 01300 | Time(s) 0.0469 | Val Loss 1.2393 | Val Acc 0.5452 | ETputs(KTEPS) 85767.59
2023-10-12 03:08:30,919 - tune.py [line:103] - INFO: Epoch 01320 | Time(s) 0.0466 | Val Loss 1.2236 | Val Acc 0.5548 | ETputs(KTEPS) 86266.27
2023-10-12 03:08:31,448 - tune.py [line:103] - INFO: Epoch 01340 | Time(s) 0.0463 | Val Loss 1.2516 | Val Acc 0.5462 | ETputs(KTEPS) 86827.83
2023-10-12 03:08:32,044 - tune.py [line:103] - INFO: Epoch 01360 | Time(s) 0.0460 | Val Loss 1.2512 | Val Acc 0.5567 | ETputs(KTEPS) 87285.55
2023-10-12 03:08:32,749 - tune.py [line:103] - INFO: Epoch 01380 | Time(s) 0.0459 | Val Loss 1.2458 | Val Acc 0.5462 | ETputs(KTEPS) 87584.08
2023-10-12 03:08:33,324 - tune.py [line:103] - INFO: Epoch 01400 | Time(s) 0.0456 | Val Loss 1.2409 | Val Acc 0.5615 | ETputs(KTEPS) 88055.31
2023-10-12 03:08:33,904 - tune.py [line:103] - INFO: Epoch 01420 | Time(s) 0.0454 | Val Loss 1.2643 | Val Acc 0.5500 | ETputs(KTEPS) 88513.99
2023-10-12 03:08:34,526 - tune.py [line:103] - INFO: Epoch 01440 | Time(s) 0.0452 | Val Loss 1.2417 | Val Acc 0.5577 | ETputs(KTEPS) 88905.31
2023-10-12 03:08:35,186 - tune.py [line:103] - INFO: Epoch 01460 | Time(s) 0.0450 | Val Loss 1.2581 | Val Acc 0.5394 | ETputs(KTEPS) 89239.01
2023-10-12 03:08:35,850 - tune.py [line:103] - INFO: Epoch 01480 | Time(s) 0.0449 | Val Loss 1.2477 | Val Acc 0.5510 | ETputs(KTEPS) 89558.15
2023-10-12 03:08:36,509 - tune.py [line:103] - INFO: Epoch 01500 | Time(s) 0.0447 | Val Loss 1.2411 | Val Acc 0.5596 | ETputs(KTEPS) 89878.38
2023-10-12 03:08:37,250 - tune.py [line:103] - INFO: Epoch 01520 | Time(s) 0.0446 | Val Loss 1.2415 | Val Acc 0.5452 | ETputs(KTEPS) 90082.56
2023-10-12 03:08:38,036 - tune.py [line:103] - INFO: Epoch 01540 | Time(s) 0.0445 | Val Loss 1.2431 | Val Acc 0.5577 | ETputs(KTEPS) 90223.33
2023-10-12 03:08:38,872 - tune.py [line:103] - INFO: Epoch 01560 | Time(s) 0.0445 | Val Loss 1.2421 | Val Acc 0.5615 | ETputs(KTEPS) 90295.03
2023-10-12 03:08:39,602 - tune.py [line:103] - INFO: Epoch 01580 | Time(s) 0.0444 | Val Loss 1.2572 | Val Acc 0.5529 | ETputs(KTEPS) 90502.44
2023-10-12 03:08:40,312 - tune.py [line:103] - INFO: Epoch 01600 | Time(s) 0.0443 | Val Loss 1.2585 | Val Acc 0.5596 | ETputs(KTEPS) 90730.79
2023-10-12 03:08:40,967 - tune.py [line:103] - INFO: Epoch 01620 | Time(s) 0.0442 | Val Loss 1.2599 | Val Acc 0.5471 | ETputs(KTEPS) 91025.45
2023-10-12 03:08:41,667 - tune.py [line:103] - INFO: Epoch 01640 | Time(s) 0.0440 | Val Loss 1.2445 | Val Acc 0.5615 | ETputs(KTEPS) 91257.77
2023-10-12 03:08:42,375 - tune.py [line:103] - INFO: Epoch 01660 | Time(s) 0.0439 | Val Loss 1.2496 | Val Acc 0.5548 | ETputs(KTEPS) 91475.08
2023-10-12 03:08:43,040 - tune.py [line:103] - INFO: Epoch 01680 | Time(s) 0.0438 | Val Loss 1.2701 | Val Acc 0.5490 | ETputs(KTEPS) 91741.50
2023-10-12 03:08:43,715 - tune.py [line:103] - INFO: Epoch 01700 | Time(s) 0.0437 | Val Loss 1.2574 | Val Acc 0.5606 | ETputs(KTEPS) 91990.87
2023-10-12 03:08:44,404 - tune.py [line:103] - INFO: Epoch 01720 | Time(s) 0.0436 | Val Loss 1.2516 | Val Acc 0.5558 | ETputs(KTEPS) 92217.80
2023-10-12 03:08:45,096 - tune.py [line:103] - INFO: Epoch 01740 | Time(s) 0.0435 | Val Loss 1.2755 | Val Acc 0.5615 | ETputs(KTEPS) 92437.88
2023-10-12 03:08:45,207 - tune.py [line:117] - INFO: [FINAL MODEL] Val accuracy 57.60% \Val loss: 1.2
2023-10-12 03:08:45,211 - tune.py [line:119] - INFO: [FINAL MODEL] Test accuracy 56.00% \Test loss: 1.2
2023-10-12 03:08:45,212 - tune.py [line:144] - INFO: Acc on the first split (Validation Set): 0.5760
2023-10-12 03:08:45,212 - tune.py [line:145] - INFO: Acc on the first split (Test Set): 0.5600
