2023-10-12 03:15:55,360 - tune.py [line:203] - INFO: Namespace(seed=42, model='NormalNNV2', gpu=0, dataset='geom-squirrel', logging=True, log_detail=True, log_detailedCh=False, id_log=1012014502, optuna_n_trials=202, n_epochs=2000, self_loop=True, udgraph=True, early_stop=True, patience=300, n_hidden=64, n_cv=1, start_cv=0, n_layers=4, lr1=0.01, lr2=0.05, wd1=1e-06, wd2=1e-08, dropout=0.0, dropout2=0.6, es_ckpt='TestTuningScript-geom-squirrel_NormalNNV2-geom-squirrel_trialNo113')
2023-10-12 03:15:58,057 - tune.py [line:128] - INFO: Split_seeds:[1824]
2023-10-12 03:15:58,058 - tune.py [line:129] - INFO: Model_seeds:[409]
2023-10-12 03:15:58,749 - tune.py [line:103] - INFO: Epoch 00020 | Time(s) 0.0328 | Val Loss 1.5956 | Val Acc 0.4048 | ETputs(KTEPS) 122699.78
2023-10-12 03:15:59,414 - tune.py [line:103] - INFO: Epoch 00040 | Time(s) 0.0325 | Val Loss 1.5738 | Val Acc 0.4875 | ETputs(KTEPS) 123803.97
2023-10-12 03:16:00,005 - tune.py [line:103] - INFO: Epoch 00060 | Time(s) 0.0312 | Val Loss 1.5489 | Val Acc 0.5115 | ETputs(KTEPS) 128855.23
2023-10-12 03:16:00,596 - tune.py [line:103] - INFO: Epoch 00080 | Time(s) 0.0308 | Val Loss 1.5263 | Val Acc 0.5192 | ETputs(KTEPS) 130601.92
2023-10-12 03:16:01,166 - tune.py [line:103] - INFO: Epoch 00100 | Time(s) 0.0303 | Val Loss 1.5073 | Val Acc 0.5077 | ETputs(KTEPS) 132665.95
2023-10-12 03:16:01,782 - tune.py [line:103] - INFO: Epoch 00120 | Time(s) 0.0304 | Val Loss 1.4909 | Val Acc 0.5048 | ETputs(KTEPS) 132320.73
2023-10-12 03:16:02,395 - tune.py [line:103] - INFO: Epoch 00140 | Time(s) 0.0304 | Val Loss 1.4635 | Val Acc 0.5308 | ETputs(KTEPS) 132247.71
2023-10-12 03:16:03,151 - tune.py [line:103] - INFO: Epoch 00160 | Time(s) 0.0313 | Val Loss 1.4471 | Val Acc 0.5154 | ETputs(KTEPS) 128364.43
2023-10-12 03:16:03,818 - tune.py [line:103] - INFO: Epoch 00180 | Time(s) 0.0315 | Val Loss 1.4257 | Val Acc 0.5298 | ETputs(KTEPS) 127441.05
2023-10-12 03:16:04,545 - tune.py [line:103] - INFO: Epoch 00200 | Time(s) 0.0320 | Val Loss 1.4168 | Val Acc 0.5125 | ETputs(KTEPS) 125547.97
2023-10-12 03:16:05,261 - tune.py [line:103] - INFO: Epoch 00220 | Time(s) 0.0324 | Val Loss 1.3981 | Val Acc 0.5250 | ETputs(KTEPS) 124220.93
2023-10-12 03:16:05,952 - tune.py [line:103] - INFO: Epoch 00240 | Time(s) 0.0325 | Val Loss 1.3879 | Val Acc 0.5212 | ETputs(KTEPS) 123533.42
2023-10-12 03:16:06,590 - tune.py [line:103] - INFO: Epoch 00260 | Time(s) 0.0325 | Val Loss 1.3741 | Val Acc 0.5490 | ETputs(KTEPS) 123715.44
2023-10-12 03:16:07,263 - tune.py [line:103] - INFO: Epoch 00280 | Time(s) 0.0326 | Val Loss 1.3608 | Val Acc 0.5356 | ETputs(KTEPS) 123455.16
2023-10-12 03:16:08,184 - tune.py [line:103] - INFO: Epoch 00300 | Time(s) 0.0335 | Val Loss 1.3493 | Val Acc 0.5462 | ETputs(KTEPS) 120138.34
2023-10-12 03:16:08,847 - tune.py [line:103] - INFO: Epoch 00320 | Time(s) 0.0334 | Val Loss 1.3480 | Val Acc 0.5375 | ETputs(KTEPS) 120210.64
2023-10-12 03:16:09,543 - tune.py [line:103] - INFO: Epoch 00340 | Time(s) 0.0335 | Val Loss 1.3304 | Val Acc 0.5365 | ETputs(KTEPS) 120001.03
2023-10-12 03:16:10,199 - tune.py [line:103] - INFO: Epoch 00360 | Time(s) 0.0335 | Val Loss 1.3255 | Val Acc 0.5538 | ETputs(KTEPS) 120140.84
2023-10-12 03:16:10,911 - tune.py [line:103] - INFO: Epoch 00380 | Time(s) 0.0336 | Val Loss 1.3145 | Val Acc 0.5240 | ETputs(KTEPS) 119741.18
2023-10-12 03:16:11,640 - tune.py [line:103] - INFO: Epoch 00400 | Time(s) 0.0337 | Val Loss 1.3074 | Val Acc 0.5317 | ETputs(KTEPS) 119241.65
2023-10-12 03:16:12,373 - tune.py [line:103] - INFO: Epoch 00420 | Time(s) 0.0338 | Val Loss 1.3003 | Val Acc 0.5481 | ETputs(KTEPS) 118753.12
2023-10-12 03:16:13,135 - tune.py [line:103] - INFO: Epoch 00440 | Time(s) 0.0340 | Val Loss 1.2913 | Val Acc 0.5538 | ETputs(KTEPS) 118096.23
2023-10-12 03:16:13,846 - tune.py [line:103] - INFO: Epoch 00460 | Time(s) 0.0341 | Val Loss 1.2866 | Val Acc 0.5346 | ETputs(KTEPS) 117874.74
2023-10-12 03:16:14,705 - tune.py [line:103] - INFO: Epoch 00480 | Time(s) 0.0345 | Val Loss 1.2864 | Val Acc 0.5221 | ETputs(KTEPS) 116620.37
2023-10-12 03:16:15,444 - tune.py [line:103] - INFO: Epoch 00500 | Time(s) 0.0346 | Val Loss 1.2714 | Val Acc 0.5471 | ETputs(KTEPS) 116285.02
2023-10-12 03:16:16,304 - tune.py [line:103] - INFO: Epoch 00520 | Time(s) 0.0349 | Val Loss 1.2632 | Val Acc 0.5500 | ETputs(KTEPS) 115204.35
2023-10-12 03:16:17,077 - tune.py [line:103] - INFO: Epoch 00540 | Time(s) 0.0350 | Val Loss 1.2655 | Val Acc 0.5346 | ETputs(KTEPS) 114750.35
2023-10-12 03:16:17,941 - tune.py [line:103] - INFO: Epoch 00560 | Time(s) 0.0353 | Val Loss 1.2615 | Val Acc 0.5385 | ETputs(KTEPS) 113806.77
2023-10-12 03:16:18,805 - tune.py [line:103] - INFO: Epoch 00580 | Time(s) 0.0356 | Val Loss 1.2610 | Val Acc 0.5337 | ETputs(KTEPS) 112938.18
2023-10-12 03:16:23,541 - tune.py [line:103] - INFO: Epoch 00600 | Time(s) 0.0423 | Val Loss 1.2530 | Val Acc 0.5490 | ETputs(KTEPS) 95029.80
2023-10-12 03:16:24,226 - tune.py [line:103] - INFO: Epoch 00620 | Time(s) 0.0420 | Val Loss 1.2533 | Val Acc 0.5452 | ETputs(KTEPS) 95619.42
2023-10-12 03:16:24,924 - tune.py [line:103] - INFO: Epoch 00640 | Time(s) 0.0418 | Val Loss 1.2513 | Val Acc 0.5471 | ETputs(KTEPS) 96132.78
2023-10-12 03:16:25,640 - tune.py [line:103] - INFO: Epoch 00660 | Time(s) 0.0416 | Val Loss 1.2494 | Val Acc 0.5615 | ETputs(KTEPS) 96555.47
2023-10-12 03:16:26,403 - tune.py [line:103] - INFO: Epoch 00680 | Time(s) 0.0415 | Val Loss 1.2356 | Val Acc 0.5481 | ETputs(KTEPS) 96793.67
2023-10-12 03:16:27,137 - tune.py [line:103] - INFO: Epoch 00700 | Time(s) 0.0414 | Val Loss 1.2613 | Val Acc 0.5500 | ETputs(KTEPS) 97118.54
2023-10-12 03:16:27,828 - tune.py [line:103] - INFO: Epoch 00720 | Time(s) 0.0412 | Val Loss 1.2419 | Val Acc 0.5490 | ETputs(KTEPS) 97568.28
2023-10-12 03:16:28,385 - tune.py [line:117] - INFO: [FINAL MODEL] Val accuracy 56.63% \Val loss: 1.3
2023-10-12 03:16:28,390 - tune.py [line:119] - INFO: [FINAL MODEL] Test accuracy 55.81% \Test loss: 1.3
2023-10-12 03:16:28,391 - tune.py [line:144] - INFO: Acc on the first split (Validation Set): 0.5663
2023-10-12 03:16:28,391 - tune.py [line:145] - INFO: Acc on the first split (Test Set): 0.5581
