2023-10-11 09:59:51,587 - tune.py [line:203] - INFO: Namespace(seed=42, model='GPRGNN', gpu=0, dataset='geom-chameleon', logging=True, log_detail=True, log_detailedCh=False, id_log=1011014503, optuna_n_trials=202, n_epochs=2000, self_loop=True, udgraph=True, early_stop=True, patience=300, n_hidden=64, n_cv=1, start_cv=0, n_layers=4, lr1=0.05, lr2=0.05, wd1=1e-05, wd2=0.0001, dropout=0.4, dropout2=0.4, alpha=0.4, es_ckpt='TestTuningScript-geom-chameleon_geom-chameleon_trialNo137')
2023-10-11 09:59:52,304 - tune.py [line:128] - INFO: Split_seeds:[1824]
2023-10-11 09:59:52,304 - tune.py [line:129] - INFO: Model_seeds:[409]
2023-10-11 09:59:52,624 - tune.py [line:103] - INFO: Epoch 00020 | Time(s) 0.0146 | Val Loss 1.2970 | Val Acc 0.5912 | ETputs(KTEPS) 44470.63
2023-10-11 09:59:52,888 - tune.py [line:103] - INFO: Epoch 00040 | Time(s) 0.0138 | Val Loss 1.7129 | Val Acc 0.6088 | ETputs(KTEPS) 47156.95
2023-10-11 09:59:53,145 - tune.py [line:103] - INFO: Epoch 00060 | Time(s) 0.0134 | Val Loss 1.8620 | Val Acc 0.6000 | ETputs(KTEPS) 48442.41
2023-10-11 09:59:53,427 - tune.py [line:103] - INFO: Epoch 00080 | Time(s) 0.0135 | Val Loss 1.9666 | Val Acc 0.5868 | ETputs(KTEPS) 48096.74
2023-10-11 09:59:53,711 - tune.py [line:103] - INFO: Epoch 00100 | Time(s) 0.0136 | Val Loss 1.8145 | Val Acc 0.6374 | ETputs(KTEPS) 47705.38
2023-10-11 09:59:53,974 - tune.py [line:103] - INFO: Epoch 00120 | Time(s) 0.0135 | Val Loss 1.8471 | Val Acc 0.6418 | ETputs(KTEPS) 48099.03
2023-10-11 09:59:54,221 - tune.py [line:103] - INFO: Epoch 00140 | Time(s) 0.0133 | Val Loss 1.7761 | Val Acc 0.6440 | ETputs(KTEPS) 48850.42
2023-10-11 09:59:54,484 - tune.py [line:103] - INFO: Epoch 00160 | Time(s) 0.0133 | Val Loss 1.7926 | Val Acc 0.6505 | ETputs(KTEPS) 48938.15
2023-10-11 09:59:54,770 - tune.py [line:103] - INFO: Epoch 00180 | Time(s) 0.0134 | Val Loss 1.7141 | Val Acc 0.6593 | ETputs(KTEPS) 48635.34
2023-10-11 09:59:55,091 - tune.py [line:103] - INFO: Epoch 00200 | Time(s) 0.0136 | Val Loss 1.7908 | Val Acc 0.6440 | ETputs(KTEPS) 47743.17
2023-10-11 09:59:55,372 - tune.py [line:103] - INFO: Epoch 00220 | Time(s) 0.0136 | Val Loss 1.7804 | Val Acc 0.6659 | ETputs(KTEPS) 47639.02
2023-10-11 09:59:55,669 - tune.py [line:103] - INFO: Epoch 00240 | Time(s) 0.0137 | Val Loss 1.6954 | Val Acc 0.6703 | ETputs(KTEPS) 47394.97
2023-10-11 09:59:55,947 - tune.py [line:103] - INFO: Epoch 00260 | Time(s) 0.0137 | Val Loss 1.6995 | Val Acc 0.6681 | ETputs(KTEPS) 47424.84
2023-10-11 09:59:56,292 - tune.py [line:103] - INFO: Epoch 00280 | Time(s) 0.0140 | Val Loss 1.7372 | Val Acc 0.6835 | ETputs(KTEPS) 46576.02
2023-10-11 09:59:56,577 - tune.py [line:103] - INFO: Epoch 00300 | Time(s) 0.0140 | Val Loss 1.6766 | Val Acc 0.6725 | ETputs(KTEPS) 46510.69
2023-10-11 09:59:56,912 - tune.py [line:103] - INFO: Epoch 00320 | Time(s) 0.0142 | Val Loss 1.7356 | Val Acc 0.6791 | ETputs(KTEPS) 45946.31
2023-10-11 09:59:57,211 - tune.py [line:103] - INFO: Epoch 00340 | Time(s) 0.0142 | Val Loss 1.6899 | Val Acc 0.6791 | ETputs(KTEPS) 45839.72
2023-10-11 09:59:57,469 - tune.py [line:103] - INFO: Epoch 00360 | Time(s) 0.0141 | Val Loss 1.8159 | Val Acc 0.6835 | ETputs(KTEPS) 46075.84
2023-10-11 09:59:57,747 - tune.py [line:103] - INFO: Epoch 00380 | Time(s) 0.0141 | Val Loss 1.7409 | Val Acc 0.6835 | ETputs(KTEPS) 46116.58
2023-10-11 09:59:58,014 - tune.py [line:103] - INFO: Epoch 00400 | Time(s) 0.0141 | Val Loss 1.6598 | Val Acc 0.6901 | ETputs(KTEPS) 46240.15
2023-10-11 09:59:58,309 - tune.py [line:103] - INFO: Epoch 00420 | Time(s) 0.0141 | Val Loss 1.6226 | Val Acc 0.6945 | ETputs(KTEPS) 46176.67
2023-10-11 09:59:58,646 - tune.py [line:103] - INFO: Epoch 00440 | Time(s) 0.0142 | Val Loss 1.6438 | Val Acc 0.6791 | ETputs(KTEPS) 45768.35
2023-10-11 09:59:58,929 - tune.py [line:103] - INFO: Epoch 00460 | Time(s) 0.0142 | Val Loss 1.7587 | Val Acc 0.6615 | ETputs(KTEPS) 45778.86
2023-10-11 09:59:59,178 - tune.py [line:103] - INFO: Epoch 00480 | Time(s) 0.0141 | Val Loss 1.7196 | Val Acc 0.6747 | ETputs(KTEPS) 46023.83
2023-10-11 09:59:59,436 - tune.py [line:103] - INFO: Epoch 00500 | Time(s) 0.0141 | Val Loss 1.7302 | Val Acc 0.6747 | ETputs(KTEPS) 46187.26
2023-10-11 09:59:59,689 - tune.py [line:103] - INFO: Epoch 00520 | Time(s) 0.0140 | Val Loss 1.6928 | Val Acc 0.6659 | ETputs(KTEPS) 46369.14
2023-10-11 09:59:59,961 - tune.py [line:103] - INFO: Epoch 00540 | Time(s) 0.0140 | Val Loss 1.7448 | Val Acc 0.6747 | ETputs(KTEPS) 46422.77
2023-10-11 10:00:00,173 - tune.py [line:103] - INFO: Epoch 00560 | Time(s) 0.0139 | Val Loss 1.6856 | Val Acc 0.6857 | ETputs(KTEPS) 46834.89
2023-10-11 10:00:00,382 - tune.py [line:103] - INFO: Epoch 00580 | Time(s) 0.0138 | Val Loss 1.6629 | Val Acc 0.7033 | ETputs(KTEPS) 47237.65
2023-10-11 10:00:00,619 - tune.py [line:103] - INFO: Epoch 00600 | Time(s) 0.0137 | Val Loss 1.6630 | Val Acc 0.7033 | ETputs(KTEPS) 47458.58
2023-10-11 10:00:00,906 - tune.py [line:103] - INFO: Epoch 00620 | Time(s) 0.0137 | Val Loss 1.6767 | Val Acc 0.6857 | ETputs(KTEPS) 47393.26
2023-10-11 10:00:01,200 - tune.py [line:103] - INFO: Epoch 00640 | Time(s) 0.0137 | Val Loss 1.7359 | Val Acc 0.6813 | ETputs(KTEPS) 47287.47
2023-10-11 10:00:01,512 - tune.py [line:103] - INFO: Epoch 00660 | Time(s) 0.0138 | Val Loss 1.6765 | Val Acc 0.6945 | ETputs(KTEPS) 47099.70
2023-10-11 10:00:01,789 - tune.py [line:103] - INFO: Epoch 00680 | Time(s) 0.0138 | Val Loss 1.7881 | Val Acc 0.7033 | ETputs(KTEPS) 47097.09
2023-10-11 10:00:02,080 - tune.py [line:103] - INFO: Epoch 00700 | Time(s) 0.0138 | Val Loss 1.7714 | Val Acc 0.6857 | ETputs(KTEPS) 47029.33
2023-10-11 10:00:02,124 - tune.py [line:117] - INFO: [FINAL MODEL] Val accuracy 71.21% \Val loss: 1.6
2023-10-11 10:00:02,126 - tune.py [line:119] - INFO: [FINAL MODEL] Test accuracy 67.61% \Test loss: 1.7
2023-10-11 10:00:02,127 - tune.py [line:144] - INFO: Acc on the first split (Validation Set): 0.7121
2023-10-11 10:00:02,127 - tune.py [line:145] - INFO: Acc on the first split (Test Set): 0.6761
