2023-10-11 10:01:22,294 - tune.py [line:203] - INFO: Namespace(seed=42, model='GPRGNN', gpu=0, dataset='geom-chameleon', logging=True, log_detail=True, log_detailedCh=False, id_log=1011014503, optuna_n_trials=202, n_epochs=2000, self_loop=True, udgraph=True, early_stop=True, patience=300, n_hidden=64, n_cv=1, start_cv=0, n_layers=4, lr1=0.05, lr2=0.05, wd1=1e-06, wd2=1e-05, dropout=0.5, dropout2=0.4, alpha=0.30000000000000004, es_ckpt='TestTuningScript-geom-chameleon_geom-chameleon_trialNo151')
2023-10-11 10:01:23,036 - tune.py [line:128] - INFO: Split_seeds:[1824]
2023-10-11 10:01:23,036 - tune.py [line:129] - INFO: Model_seeds:[409]
2023-10-11 10:01:23,395 - tune.py [line:103] - INFO: Epoch 00020 | Time(s) 0.0164 | Val Loss 1.1971 | Val Acc 0.5956 | ETputs(KTEPS) 39747.51
2023-10-11 10:01:23,699 - tune.py [line:103] - INFO: Epoch 00040 | Time(s) 0.0156 | Val Loss 1.5353 | Val Acc 0.5912 | ETputs(KTEPS) 41552.89
2023-10-11 10:01:24,037 - tune.py [line:103] - INFO: Epoch 00060 | Time(s) 0.0158 | Val Loss 1.5344 | Val Acc 0.6132 | ETputs(KTEPS) 41054.42
2023-10-11 10:01:24,344 - tune.py [line:103] - INFO: Epoch 00080 | Time(s) 0.0157 | Val Loss 1.6192 | Val Acc 0.6110 | ETputs(KTEPS) 41395.76
2023-10-11 10:01:24,638 - tune.py [line:103] - INFO: Epoch 00100 | Time(s) 0.0155 | Val Loss 1.5971 | Val Acc 0.6396 | ETputs(KTEPS) 42059.28
2023-10-11 10:01:24,944 - tune.py [line:103] - INFO: Epoch 00120 | Time(s) 0.0153 | Val Loss 1.5304 | Val Acc 0.6418 | ETputs(KTEPS) 42396.16
2023-10-11 10:01:25,238 - tune.py [line:103] - INFO: Epoch 00140 | Time(s) 0.0152 | Val Loss 1.4548 | Val Acc 0.6681 | ETputs(KTEPS) 42754.99
2023-10-11 10:01:25,530 - tune.py [line:103] - INFO: Epoch 00160 | Time(s) 0.0151 | Val Loss 1.5945 | Val Acc 0.6637 | ETputs(KTEPS) 42970.63
2023-10-11 10:01:25,880 - tune.py [line:103] - INFO: Epoch 00180 | Time(s) 0.0154 | Val Loss 1.5473 | Val Acc 0.6637 | ETputs(KTEPS) 42248.32
2023-10-11 10:01:26,239 - tune.py [line:103] - INFO: Epoch 00200 | Time(s) 0.0156 | Val Loss 1.5904 | Val Acc 0.6593 | ETputs(KTEPS) 41560.78
2023-10-11 10:01:26,560 - tune.py [line:103] - INFO: Epoch 00220 | Time(s) 0.0157 | Val Loss 1.5260 | Val Acc 0.6725 | ETputs(KTEPS) 41472.06
2023-10-11 10:01:26,878 - tune.py [line:103] - INFO: Epoch 00240 | Time(s) 0.0157 | Val Loss 1.6690 | Val Acc 0.6747 | ETputs(KTEPS) 41432.06
2023-10-11 10:01:27,180 - tune.py [line:103] - INFO: Epoch 00260 | Time(s) 0.0156 | Val Loss 1.6378 | Val Acc 0.6769 | ETputs(KTEPS) 41649.70
2023-10-11 10:01:27,436 - tune.py [line:103] - INFO: Epoch 00280 | Time(s) 0.0154 | Val Loss 1.5497 | Val Acc 0.6967 | ETputs(KTEPS) 42217.57
2023-10-11 10:01:27,748 - tune.py [line:103] - INFO: Epoch 00300 | Time(s) 0.0154 | Val Loss 1.6381 | Val Acc 0.6901 | ETputs(KTEPS) 42231.17
2023-10-11 10:01:28,061 - tune.py [line:103] - INFO: Epoch 00320 | Time(s) 0.0154 | Val Loss 1.5995 | Val Acc 0.6967 | ETputs(KTEPS) 42214.33
2023-10-11 10:01:28,386 - tune.py [line:103] - INFO: Epoch 00340 | Time(s) 0.0155 | Val Loss 1.6826 | Val Acc 0.6813 | ETputs(KTEPS) 42082.77
2023-10-11 10:01:28,681 - tune.py [line:103] - INFO: Epoch 00360 | Time(s) 0.0154 | Val Loss 1.6351 | Val Acc 0.6857 | ETputs(KTEPS) 42186.86
2023-10-11 10:01:28,970 - tune.py [line:103] - INFO: Epoch 00380 | Time(s) 0.0154 | Val Loss 1.6284 | Val Acc 0.6835 | ETputs(KTEPS) 42334.90
2023-10-11 10:01:29,275 - tune.py [line:103] - INFO: Epoch 00400 | Time(s) 0.0154 | Val Loss 1.6665 | Val Acc 0.6923 | ETputs(KTEPS) 42350.97
2023-10-11 10:01:29,565 - tune.py [line:103] - INFO: Epoch 00420 | Time(s) 0.0153 | Val Loss 1.6286 | Val Acc 0.6923 | ETputs(KTEPS) 42469.63
2023-10-11 10:01:29,897 - tune.py [line:103] - INFO: Epoch 00440 | Time(s) 0.0154 | Val Loss 1.5870 | Val Acc 0.6835 | ETputs(KTEPS) 42305.84
2023-10-11 10:01:30,213 - tune.py [line:103] - INFO: Epoch 00460 | Time(s) 0.0154 | Val Loss 1.6735 | Val Acc 0.6835 | ETputs(KTEPS) 42262.79
2023-10-11 10:01:30,582 - tune.py [line:103] - INFO: Epoch 00480 | Time(s) 0.0155 | Val Loss 1.6292 | Val Acc 0.7099 | ETputs(KTEPS) 41916.57
2023-10-11 10:01:30,842 - tune.py [line:103] - INFO: Epoch 00500 | Time(s) 0.0154 | Val Loss 1.6665 | Val Acc 0.6835 | ETputs(KTEPS) 42218.36
2023-10-11 10:01:31,106 - tune.py [line:103] - INFO: Epoch 00520 | Time(s) 0.0153 | Val Loss 1.6364 | Val Acc 0.6813 | ETputs(KTEPS) 42454.14
2023-10-11 10:01:31,383 - tune.py [line:103] - INFO: Epoch 00540 | Time(s) 0.0153 | Val Loss 1.6373 | Val Acc 0.6791 | ETputs(KTEPS) 42606.51
2023-10-11 10:01:31,716 - tune.py [line:103] - INFO: Epoch 00560 | Time(s) 0.0153 | Val Loss 1.6443 | Val Acc 0.6945 | ETputs(KTEPS) 42472.37
2023-10-11 10:01:32,027 - tune.py [line:103] - INFO: Epoch 00580 | Time(s) 0.0153 | Val Loss 1.6012 | Val Acc 0.6923 | ETputs(KTEPS) 42450.20
2023-10-11 10:01:32,320 - tune.py [line:103] - INFO: Epoch 00600 | Time(s) 0.0153 | Val Loss 1.6382 | Val Acc 0.6791 | ETputs(KTEPS) 42512.83
2023-10-11 10:01:32,617 - tune.py [line:103] - INFO: Epoch 00620 | Time(s) 0.0153 | Val Loss 1.7431 | Val Acc 0.6857 | ETputs(KTEPS) 42555.84
2023-10-11 10:01:32,851 - tune.py [line:103] - INFO: Epoch 00640 | Time(s) 0.0152 | Val Loss 1.5727 | Val Acc 0.6857 | ETputs(KTEPS) 42871.08
2023-10-11 10:01:33,086 - tune.py [line:103] - INFO: Epoch 00660 | Time(s) 0.0151 | Val Loss 1.6707 | Val Acc 0.6769 | ETputs(KTEPS) 43166.67
2023-10-11 10:01:33,327 - tune.py [line:103] - INFO: Epoch 00680 | Time(s) 0.0150 | Val Loss 1.6474 | Val Acc 0.6747 | ETputs(KTEPS) 43426.25
2023-10-11 10:01:33,572 - tune.py [line:103] - INFO: Epoch 00700 | Time(s) 0.0149 | Val Loss 1.7011 | Val Acc 0.6857 | ETputs(KTEPS) 43653.93
2023-10-11 10:01:33,850 - tune.py [line:103] - INFO: Epoch 00720 | Time(s) 0.0149 | Val Loss 1.7549 | Val Acc 0.6857 | ETputs(KTEPS) 43738.34
2023-10-11 10:01:34,118 - tune.py [line:103] - INFO: Epoch 00740 | Time(s) 0.0148 | Val Loss 1.7198 | Val Acc 0.6923 | ETputs(KTEPS) 43856.00
2023-10-11 10:01:34,420 - tune.py [line:103] - INFO: Epoch 00760 | Time(s) 0.0148 | Val Loss 1.7300 | Val Acc 0.6923 | ETputs(KTEPS) 43834.20
2023-10-11 10:01:34,701 - tune.py [line:103] - INFO: Epoch 00780 | Time(s) 0.0148 | Val Loss 1.7862 | Val Acc 0.6813 | ETputs(KTEPS) 43895.16
2023-10-11 10:01:34,705 - tune.py [line:117] - INFO: [FINAL MODEL] Val accuracy 70.99% \Val loss: 1.6
2023-10-11 10:01:34,707 - tune.py [line:119] - INFO: [FINAL MODEL] Test accuracy 66.52% \Test loss: 1.7
2023-10-11 10:01:34,707 - tune.py [line:144] - INFO: Acc on the first split (Validation Set): 0.7099
2023-10-11 10:01:34,707 - tune.py [line:145] - INFO: Acc on the first split (Test Set): 0.6652
