2023-10-11 09:55:45,064 - tune.py [line:203] - INFO: Namespace(seed=42, model='GPRGNN', gpu=0, dataset='geom-chameleon', logging=True, log_detail=True, log_detailedCh=False, id_log=1011014503, optuna_n_trials=202, n_epochs=2000, self_loop=True, udgraph=True, early_stop=True, patience=300, n_hidden=64, n_cv=1, start_cv=0, n_layers=4, lr1=0.05, lr2=0.04, wd1=1e-05, wd2=0.0001, dropout=0.1, dropout2=0.5, alpha=0.30000000000000004, es_ckpt='TestTuningScript-geom-chameleon_geom-chameleon_trialNo92')
2023-10-11 09:55:45,812 - tune.py [line:128] - INFO: Split_seeds:[1824]
2023-10-11 09:55:45,812 - tune.py [line:129] - INFO: Model_seeds:[409]
2023-10-11 09:55:46,151 - tune.py [line:103] - INFO: Epoch 00020 | Time(s) 0.0152 | Val Loss 1.4015 | Val Acc 0.5626 | ETputs(KTEPS) 42641.77
2023-10-11 09:55:46,426 - tune.py [line:103] - INFO: Epoch 00040 | Time(s) 0.0142 | Val Loss 2.0029 | Val Acc 0.5956 | ETputs(KTEPS) 45858.24
2023-10-11 09:55:46,755 - tune.py [line:103] - INFO: Epoch 00060 | Time(s) 0.0149 | Val Loss 1.9688 | Val Acc 0.6242 | ETputs(KTEPS) 43635.60
2023-10-11 09:55:47,052 - tune.py [line:103] - INFO: Epoch 00080 | Time(s) 0.0148 | Val Loss 2.0858 | Val Acc 0.6462 | ETputs(KTEPS) 43788.14
2023-10-11 09:55:47,319 - tune.py [line:103] - INFO: Epoch 00100 | Time(s) 0.0145 | Val Loss 2.2418 | Val Acc 0.6418 | ETputs(KTEPS) 44803.53
2023-10-11 09:55:47,577 - tune.py [line:103] - INFO: Epoch 00120 | Time(s) 0.0142 | Val Loss 2.3111 | Val Acc 0.6615 | ETputs(KTEPS) 45779.57
2023-10-11 09:55:47,833 - tune.py [line:103] - INFO: Epoch 00140 | Time(s) 0.0140 | Val Loss 2.4166 | Val Acc 0.6549 | ETputs(KTEPS) 46432.85
2023-10-11 09:55:48,104 - tune.py [line:103] - INFO: Epoch 00160 | Time(s) 0.0139 | Val Loss 2.4866 | Val Acc 0.6418 | ETputs(KTEPS) 46639.90
2023-10-11 09:55:48,388 - tune.py [line:103] - INFO: Epoch 00180 | Time(s) 0.0140 | Val Loss 2.5198 | Val Acc 0.6418 | ETputs(KTEPS) 46549.97
2023-10-11 09:55:48,642 - tune.py [line:103] - INFO: Epoch 00200 | Time(s) 0.0138 | Val Loss 2.4543 | Val Acc 0.6725 | ETputs(KTEPS) 46968.25
2023-10-11 09:55:48,900 - tune.py [line:103] - INFO: Epoch 00220 | Time(s) 0.0138 | Val Loss 2.6003 | Val Acc 0.6308 | ETputs(KTEPS) 47281.71
2023-10-11 09:55:49,174 - tune.py [line:103] - INFO: Epoch 00240 | Time(s) 0.0137 | Val Loss 2.4858 | Val Acc 0.6747 | ETputs(KTEPS) 47291.56
2023-10-11 09:55:49,430 - tune.py [line:103] - INFO: Epoch 00260 | Time(s) 0.0137 | Val Loss 2.4878 | Val Acc 0.6791 | ETputs(KTEPS) 47615.44
2023-10-11 09:55:49,721 - tune.py [line:103] - INFO: Epoch 00280 | Time(s) 0.0137 | Val Loss 2.3260 | Val Acc 0.6791 | ETputs(KTEPS) 47461.08
2023-10-11 09:55:50,038 - tune.py [line:103] - INFO: Epoch 00300 | Time(s) 0.0138 | Val Loss 2.4491 | Val Acc 0.6813 | ETputs(KTEPS) 46995.01
2023-10-11 09:55:50,350 - tune.py [line:103] - INFO: Epoch 00320 | Time(s) 0.0139 | Val Loss 2.6016 | Val Acc 0.6659 | ETputs(KTEPS) 46631.65
2023-10-11 09:55:50,669 - tune.py [line:103] - INFO: Epoch 00340 | Time(s) 0.0141 | Val Loss 2.6053 | Val Acc 0.6769 | ETputs(KTEPS) 46243.80
2023-10-11 09:55:50,987 - tune.py [line:103] - INFO: Epoch 00360 | Time(s) 0.0142 | Val Loss 2.6070 | Val Acc 0.6659 | ETputs(KTEPS) 45914.04
2023-10-11 09:55:51,277 - tune.py [line:103] - INFO: Epoch 00380 | Time(s) 0.0142 | Val Loss 2.6303 | Val Acc 0.6725 | ETputs(KTEPS) 45855.09
2023-10-11 09:55:51,536 - tune.py [line:103] - INFO: Epoch 00400 | Time(s) 0.0141 | Val Loss 2.4641 | Val Acc 0.6747 | ETputs(KTEPS) 46083.85
2023-10-11 09:55:51,809 - tune.py [line:103] - INFO: Epoch 00420 | Time(s) 0.0141 | Val Loss 2.5686 | Val Acc 0.6835 | ETputs(KTEPS) 46159.18
2023-10-11 09:55:52,072 - tune.py [line:103] - INFO: Epoch 00440 | Time(s) 0.0140 | Val Loss 2.3752 | Val Acc 0.6879 | ETputs(KTEPS) 46301.28
2023-10-11 09:55:52,333 - tune.py [line:103] - INFO: Epoch 00460 | Time(s) 0.0140 | Val Loss 2.6062 | Val Acc 0.6835 | ETputs(KTEPS) 46475.52
2023-10-11 09:55:52,595 - tune.py [line:103] - INFO: Epoch 00480 | Time(s) 0.0140 | Val Loss 2.5562 | Val Acc 0.6637 | ETputs(KTEPS) 46602.38
2023-10-11 09:55:52,862 - tune.py [line:103] - INFO: Epoch 00500 | Time(s) 0.0139 | Val Loss 2.4542 | Val Acc 0.6703 | ETputs(KTEPS) 46688.53
2023-10-11 09:55:53,124 - tune.py [line:103] - INFO: Epoch 00520 | Time(s) 0.0139 | Val Loss 2.6497 | Val Acc 0.6791 | ETputs(KTEPS) 46799.17
2023-10-11 09:55:53,388 - tune.py [line:103] - INFO: Epoch 00540 | Time(s) 0.0139 | Val Loss 2.5964 | Val Acc 0.6835 | ETputs(KTEPS) 46890.32
2023-10-11 09:55:53,650 - tune.py [line:103] - INFO: Epoch 00560 | Time(s) 0.0138 | Val Loss 2.6493 | Val Acc 0.6593 | ETputs(KTEPS) 46979.93
2023-10-11 09:55:53,915 - tune.py [line:103] - INFO: Epoch 00580 | Time(s) 0.0138 | Val Loss 2.6308 | Val Acc 0.6791 | ETputs(KTEPS) 47054.05
2023-10-11 09:55:54,158 - tune.py [line:103] - INFO: Epoch 00600 | Time(s) 0.0138 | Val Loss 2.6974 | Val Acc 0.6791 | ETputs(KTEPS) 47245.89
2023-10-11 09:55:54,423 - tune.py [line:103] - INFO: Epoch 00620 | Time(s) 0.0137 | Val Loss 2.5864 | Val Acc 0.6901 | ETputs(KTEPS) 47308.21
2023-10-11 09:55:54,715 - tune.py [line:103] - INFO: Epoch 00640 | Time(s) 0.0138 | Val Loss 2.7328 | Val Acc 0.6813 | ETputs(KTEPS) 47218.89
2023-10-11 09:55:54,984 - tune.py [line:103] - INFO: Epoch 00660 | Time(s) 0.0138 | Val Loss 2.7368 | Val Acc 0.6725 | ETputs(KTEPS) 47255.06
2023-10-11 09:55:55,242 - tune.py [line:103] - INFO: Epoch 00680 | Time(s) 0.0137 | Val Loss 2.5925 | Val Acc 0.6769 | ETputs(KTEPS) 47340.09
2023-10-11 09:55:55,480 - tune.py [line:103] - INFO: Epoch 00700 | Time(s) 0.0137 | Val Loss 2.9036 | Val Acc 0.6725 | ETputs(KTEPS) 47526.53
2023-10-11 09:55:55,699 - tune.py [line:103] - INFO: Epoch 00720 | Time(s) 0.0136 | Val Loss 2.7102 | Val Acc 0.6769 | ETputs(KTEPS) 47806.12
2023-10-11 09:55:55,902 - tune.py [line:103] - INFO: Epoch 00740 | Time(s) 0.0135 | Val Loss 3.0155 | Val Acc 0.6659 | ETputs(KTEPS) 48136.09
2023-10-11 09:55:56,123 - tune.py [line:103] - INFO: Epoch 00760 | Time(s) 0.0134 | Val Loss 2.9628 | Val Acc 0.6637 | ETputs(KTEPS) 48368.94
2023-10-11 09:55:56,353 - tune.py [line:103] - INFO: Epoch 00780 | Time(s) 0.0134 | Val Loss 2.8780 | Val Acc 0.6571 | ETputs(KTEPS) 48554.85
2023-10-11 09:55:56,613 - tune.py [line:103] - INFO: Epoch 00800 | Time(s) 0.0134 | Val Loss 2.8514 | Val Acc 0.6791 | ETputs(KTEPS) 48590.74
2023-10-11 09:55:56,872 - tune.py [line:103] - INFO: Epoch 00820 | Time(s) 0.0134 | Val Loss 2.6898 | Val Acc 0.6879 | ETputs(KTEPS) 48629.72
2023-10-11 09:55:57,162 - tune.py [line:103] - INFO: Epoch 00840 | Time(s) 0.0134 | Val Loss 2.7977 | Val Acc 0.7033 | ETputs(KTEPS) 48537.04
2023-10-11 09:55:57,429 - tune.py [line:103] - INFO: Epoch 00860 | Time(s) 0.0134 | Val Loss 2.9366 | Val Acc 0.6703 | ETputs(KTEPS) 48539.63
2023-10-11 09:55:57,703 - tune.py [line:103] - INFO: Epoch 00880 | Time(s) 0.0134 | Val Loss 2.9967 | Val Acc 0.6835 | ETputs(KTEPS) 48519.03
2023-10-11 09:55:58,005 - tune.py [line:103] - INFO: Epoch 00900 | Time(s) 0.0134 | Val Loss 3.0368 | Val Acc 0.6505 | ETputs(KTEPS) 48389.60
2023-10-11 09:55:58,262 - tune.py [line:103] - INFO: Epoch 00920 | Time(s) 0.0134 | Val Loss 2.8620 | Val Acc 0.6857 | ETputs(KTEPS) 48434.73
2023-10-11 09:55:58,532 - tune.py [line:103] - INFO: Epoch 00940 | Time(s) 0.0134 | Val Loss 2.7474 | Val Acc 0.6879 | ETputs(KTEPS) 48433.07
2023-10-11 09:55:58,799 - tune.py [line:103] - INFO: Epoch 00960 | Time(s) 0.0134 | Val Loss 2.9246 | Val Acc 0.6791 | ETputs(KTEPS) 48438.56
2023-10-11 09:55:59,079 - tune.py [line:103] - INFO: Epoch 00980 | Time(s) 0.0134 | Val Loss 2.8835 | Val Acc 0.6791 | ETputs(KTEPS) 48400.00
2023-10-11 09:55:59,352 - tune.py [line:103] - INFO: Epoch 01000 | Time(s) 0.0134 | Val Loss 2.8741 | Val Acc 0.6791 | ETputs(KTEPS) 48385.63
2023-10-11 09:55:59,459 - tune.py [line:117] - INFO: [FINAL MODEL] Val accuracy 71.43% \Val loss: 2.7
2023-10-11 09:55:59,460 - tune.py [line:119] - INFO: [FINAL MODEL] Test accuracy 67.61% \Test loss: 2.8
2023-10-11 09:55:59,460 - tune.py [line:144] - INFO: Acc on the first split (Validation Set): 0.7143
2023-10-11 09:55:59,460 - tune.py [line:145] - INFO: Acc on the first split (Test Set): 0.6761
