2023-10-11 09:44:56,180 - tune.py [line:203] - INFO: Namespace(seed=42, model='GPRGNN', gpu=0, dataset='geom-chameleon', logging=True, log_detail=True, log_detailedCh=False, id_log=1011014503, optuna_n_trials=202, n_epochs=2000, self_loop=True, udgraph=True, early_stop=True, patience=300, n_hidden=64, n_cv=1, start_cv=0, n_layers=8, lr1=0.04, lr2=0.04, wd1=1e-05, wd2=1e-06, dropout=0.4, dropout2=0.4, alpha=0.30000000000000004, es_ckpt='TestTuningScript-geom-chameleon_geom-chameleon_trialNo16')
2023-10-11 09:44:56,908 - tune.py [line:128] - INFO: Split_seeds:[1824]
2023-10-11 09:44:56,908 - tune.py [line:129] - INFO: Model_seeds:[409]
2023-10-11 09:44:57,279 - tune.py [line:103] - INFO: Epoch 00020 | Time(s) 0.0172 | Val Loss 1.2603 | Val Acc 0.5626 | ETputs(KTEPS) 37743.24
2023-10-11 09:44:57,644 - tune.py [line:103] - INFO: Epoch 00040 | Time(s) 0.0175 | Val Loss 1.6564 | Val Acc 0.5868 | ETputs(KTEPS) 37099.74
2023-10-11 09:44:58,002 - tune.py [line:103] - INFO: Epoch 00060 | Time(s) 0.0175 | Val Loss 1.7539 | Val Acc 0.6022 | ETputs(KTEPS) 37106.70
2023-10-11 09:44:58,281 - tune.py [line:103] - INFO: Epoch 00080 | Time(s) 0.0166 | Val Loss 1.8897 | Val Acc 0.6110 | ETputs(KTEPS) 39225.70
2023-10-11 09:44:58,543 - tune.py [line:103] - INFO: Epoch 00100 | Time(s) 0.0158 | Val Loss 1.7422 | Val Acc 0.6286 | ETputs(KTEPS) 41259.40
2023-10-11 09:44:58,836 - tune.py [line:103] - INFO: Epoch 00120 | Time(s) 0.0156 | Val Loss 1.7458 | Val Acc 0.6593 | ETputs(KTEPS) 41808.73
2023-10-11 09:44:59,183 - tune.py [line:103] - INFO: Epoch 00140 | Time(s) 0.0157 | Val Loss 1.6677 | Val Acc 0.6703 | ETputs(KTEPS) 41351.99
2023-10-11 09:44:59,538 - tune.py [line:103] - INFO: Epoch 00160 | Time(s) 0.0160 | Val Loss 1.7251 | Val Acc 0.6484 | ETputs(KTEPS) 40696.67
2023-10-11 09:44:59,833 - tune.py [line:103] - INFO: Epoch 00180 | Time(s) 0.0158 | Val Loss 1.6576 | Val Acc 0.6857 | ETputs(KTEPS) 41109.66
2023-10-11 09:45:00,094 - tune.py [line:103] - INFO: Epoch 00200 | Time(s) 0.0155 | Val Loss 1.7670 | Val Acc 0.6593 | ETputs(KTEPS) 41851.71
2023-10-11 09:45:00,413 - tune.py [line:103] - INFO: Epoch 00220 | Time(s) 0.0156 | Val Loss 1.7786 | Val Acc 0.6747 | ETputs(KTEPS) 41805.83
2023-10-11 09:45:00,745 - tune.py [line:103] - INFO: Epoch 00240 | Time(s) 0.0156 | Val Loss 1.8332 | Val Acc 0.6791 | ETputs(KTEPS) 41581.08
2023-10-11 09:45:01,132 - tune.py [line:103] - INFO: Epoch 00260 | Time(s) 0.0159 | Val Loss 1.7754 | Val Acc 0.6637 | ETputs(KTEPS) 40834.54
2023-10-11 09:45:01,445 - tune.py [line:103] - INFO: Epoch 00280 | Time(s) 0.0159 | Val Loss 1.6861 | Val Acc 0.6901 | ETputs(KTEPS) 40920.67
2023-10-11 09:45:01,765 - tune.py [line:103] - INFO: Epoch 00300 | Time(s) 0.0159 | Val Loss 1.7038 | Val Acc 0.6813 | ETputs(KTEPS) 40900.02
2023-10-11 09:45:02,155 - tune.py [line:103] - INFO: Epoch 00320 | Time(s) 0.0161 | Val Loss 1.8044 | Val Acc 0.6835 | ETputs(KTEPS) 40333.77
2023-10-11 09:45:02,480 - tune.py [line:103] - INFO: Epoch 00340 | Time(s) 0.0161 | Val Loss 1.7905 | Val Acc 0.6725 | ETputs(KTEPS) 40318.47
2023-10-11 09:45:02,787 - tune.py [line:103] - INFO: Epoch 00360 | Time(s) 0.0161 | Val Loss 1.8132 | Val Acc 0.6725 | ETputs(KTEPS) 40430.34
2023-10-11 09:45:03,129 - tune.py [line:103] - INFO: Epoch 00380 | Time(s) 0.0161 | Val Loss 1.7498 | Val Acc 0.6703 | ETputs(KTEPS) 40297.71
2023-10-11 09:45:03,539 - tune.py [line:103] - INFO: Epoch 00400 | Time(s) 0.0164 | Val Loss 1.7716 | Val Acc 0.6835 | ETputs(KTEPS) 39766.65
2023-10-11 09:45:03,954 - tune.py [line:103] - INFO: Epoch 00420 | Time(s) 0.0166 | Val Loss 1.7140 | Val Acc 0.6813 | ETputs(KTEPS) 39267.69
2023-10-11 09:45:04,324 - tune.py [line:103] - INFO: Epoch 00440 | Time(s) 0.0166 | Val Loss 1.7338 | Val Acc 0.6703 | ETputs(KTEPS) 39060.50
2023-10-11 09:45:04,685 - tune.py [line:103] - INFO: Epoch 00460 | Time(s) 0.0167 | Val Loss 1.8188 | Val Acc 0.6593 | ETputs(KTEPS) 38921.85
2023-10-11 09:45:05,083 - tune.py [line:103] - INFO: Epoch 00480 | Time(s) 0.0168 | Val Loss 1.8427 | Val Acc 0.6747 | ETputs(KTEPS) 38614.08
2023-10-11 09:45:05,452 - tune.py [line:103] - INFO: Epoch 00500 | Time(s) 0.0169 | Val Loss 1.7823 | Val Acc 0.6725 | ETputs(KTEPS) 38471.24
2023-10-11 09:45:05,823 - tune.py [line:103] - INFO: Epoch 00520 | Time(s) 0.0170 | Val Loss 1.7869 | Val Acc 0.6725 | ETputs(KTEPS) 38331.10
2023-10-11 09:45:06,205 - tune.py [line:103] - INFO: Epoch 00540 | Time(s) 0.0170 | Val Loss 1.7912 | Val Acc 0.6791 | ETputs(KTEPS) 38156.97
2023-10-11 09:45:06,585 - tune.py [line:103] - INFO: Epoch 00560 | Time(s) 0.0171 | Val Loss 1.7387 | Val Acc 0.6681 | ETputs(KTEPS) 38000.28
2023-10-11 09:45:06,739 - tune.py [line:117] - INFO: [FINAL MODEL] Val accuracy 69.67% \Val loss: 1.7
2023-10-11 09:45:06,741 - tune.py [line:119] - INFO: [FINAL MODEL] Test accuracy 67.61% \Test loss: 1.6
2023-10-11 09:45:06,742 - tune.py [line:144] - INFO: Acc on the first split (Validation Set): 0.6967
2023-10-11 09:45:06,742 - tune.py [line:145] - INFO: Acc on the first split (Test Set): 0.6761
