2023-10-11 09:49:13,753 - tune.py [line:203] - INFO: Namespace(seed=42, model='GPRGNN', gpu=0, dataset='geom-chameleon', logging=True, log_detail=True, log_detailedCh=False, id_log=1011014503, optuna_n_trials=202, n_epochs=2000, self_loop=True, udgraph=True, early_stop=True, patience=300, n_hidden=64, n_cv=1, start_cv=0, n_layers=8, lr1=0.04, lr2=0.05, wd1=0.0001, wd2=1e-07, dropout=0.3, dropout2=0.6, alpha=0.6, es_ckpt='TestTuningScript-geom-chameleon_geom-chameleon_trialNo51')
2023-10-11 09:49:14,489 - tune.py [line:128] - INFO: Split_seeds:[1824]
2023-10-11 09:49:14,489 - tune.py [line:129] - INFO: Model_seeds:[409]
2023-10-11 09:49:14,905 - tune.py [line:103] - INFO: Epoch 00020 | Time(s) 0.0193 | Val Loss 1.2537 | Val Acc 0.5297 | ETputs(KTEPS) 33628.29
2023-10-11 09:49:15,238 - tune.py [line:103] - INFO: Epoch 00040 | Time(s) 0.0178 | Val Loss 1.3293 | Val Acc 0.5890 | ETputs(KTEPS) 36580.72
2023-10-11 09:49:15,593 - tune.py [line:103] - INFO: Epoch 00060 | Time(s) 0.0177 | Val Loss 1.4233 | Val Acc 0.5846 | ETputs(KTEPS) 36720.00
2023-10-11 09:49:15,953 - tune.py [line:103] - INFO: Epoch 00080 | Time(s) 0.0177 | Val Loss 1.4422 | Val Acc 0.6110 | ETputs(KTEPS) 36737.16
2023-10-11 09:49:16,253 - tune.py [line:103] - INFO: Epoch 00100 | Time(s) 0.0172 | Val Loss 1.2844 | Val Acc 0.6330 | ETputs(KTEPS) 37903.09
2023-10-11 09:49:16,578 - tune.py [line:103] - INFO: Epoch 00120 | Time(s) 0.0169 | Val Loss 1.4099 | Val Acc 0.6352 | ETputs(KTEPS) 38371.76
2023-10-11 09:49:16,890 - tune.py [line:103] - INFO: Epoch 00140 | Time(s) 0.0168 | Val Loss 1.4835 | Val Acc 0.6066 | ETputs(KTEPS) 38813.02
2023-10-11 09:49:17,234 - tune.py [line:103] - INFO: Epoch 00160 | Time(s) 0.0168 | Val Loss 1.3649 | Val Acc 0.6352 | ETputs(KTEPS) 38752.97
2023-10-11 09:49:17,622 - tune.py [line:103] - INFO: Epoch 00180 | Time(s) 0.0171 | Val Loss 1.3375 | Val Acc 0.6286 | ETputs(KTEPS) 38092.97
2023-10-11 09:49:17,977 - tune.py [line:103] - INFO: Epoch 00200 | Time(s) 0.0171 | Val Loss 1.2925 | Val Acc 0.6549 | ETputs(KTEPS) 37977.14
2023-10-11 09:49:18,340 - tune.py [line:103] - INFO: Epoch 00220 | Time(s) 0.0172 | Val Loss 1.3037 | Val Acc 0.6549 | ETputs(KTEPS) 37770.52
2023-10-11 09:49:18,691 - tune.py [line:103] - INFO: Epoch 00240 | Time(s) 0.0172 | Val Loss 1.2846 | Val Acc 0.6593 | ETputs(KTEPS) 37717.75
2023-10-11 09:49:19,039 - tune.py [line:103] - INFO: Epoch 00260 | Time(s) 0.0172 | Val Loss 1.2329 | Val Acc 0.6615 | ETputs(KTEPS) 37694.31
2023-10-11 09:49:19,531 - tune.py [line:103] - INFO: Epoch 00280 | Time(s) 0.0177 | Val Loss 1.2949 | Val Acc 0.6637 | ETputs(KTEPS) 36643.58
2023-10-11 09:49:19,872 - tune.py [line:103] - INFO: Epoch 00300 | Time(s) 0.0177 | Val Loss 1.2930 | Val Acc 0.6659 | ETputs(KTEPS) 36741.97
2023-10-11 09:49:20,232 - tune.py [line:103] - INFO: Epoch 00320 | Time(s) 0.0177 | Val Loss 1.3275 | Val Acc 0.6637 | ETputs(KTEPS) 36706.68
2023-10-11 09:49:20,574 - tune.py [line:103] - INFO: Epoch 00340 | Time(s) 0.0177 | Val Loss 1.3357 | Val Acc 0.6352 | ETputs(KTEPS) 36784.65
2023-10-11 09:49:20,884 - tune.py [line:103] - INFO: Epoch 00360 | Time(s) 0.0176 | Val Loss 1.3186 | Val Acc 0.6615 | ETputs(KTEPS) 37040.69
2023-10-11 09:49:21,153 - tune.py [line:103] - INFO: Epoch 00380 | Time(s) 0.0173 | Val Loss 1.3534 | Val Acc 0.6396 | ETputs(KTEPS) 37503.63
2023-10-11 09:49:21,445 - tune.py [line:103] - INFO: Epoch 00400 | Time(s) 0.0172 | Val Loss 1.3136 | Val Acc 0.6527 | ETputs(KTEPS) 37805.03
2023-10-11 09:49:21,757 - tune.py [line:103] - INFO: Epoch 00420 | Time(s) 0.0171 | Val Loss 1.2931 | Val Acc 0.6571 | ETputs(KTEPS) 37974.23
2023-10-11 09:49:22,073 - tune.py [line:103] - INFO: Epoch 00440 | Time(s) 0.0171 | Val Loss 1.2939 | Val Acc 0.6418 | ETputs(KTEPS) 38109.23
2023-10-11 09:49:22,370 - tune.py [line:103] - INFO: Epoch 00460 | Time(s) 0.0170 | Val Loss 1.3058 | Val Acc 0.6703 | ETputs(KTEPS) 38327.58
2023-10-11 09:49:22,727 - tune.py [line:103] - INFO: Epoch 00480 | Time(s) 0.0170 | Val Loss 1.2796 | Val Acc 0.6549 | ETputs(KTEPS) 38248.36
2023-10-11 09:49:23,091 - tune.py [line:103] - INFO: Epoch 00500 | Time(s) 0.0170 | Val Loss 1.3019 | Val Acc 0.6637 | ETputs(KTEPS) 38142.59
2023-10-11 09:49:23,347 - tune.py [line:103] - INFO: Epoch 00520 | Time(s) 0.0169 | Val Loss 1.3643 | Val Acc 0.6659 | ETputs(KTEPS) 38510.74
2023-10-11 09:49:23,600 - tune.py [line:103] - INFO: Epoch 00540 | Time(s) 0.0167 | Val Loss 1.3512 | Val Acc 0.6527 | ETputs(KTEPS) 38876.87
2023-10-11 09:49:23,858 - tune.py [line:103] - INFO: Epoch 00560 | Time(s) 0.0166 | Val Loss 1.3501 | Val Acc 0.6615 | ETputs(KTEPS) 39205.87
2023-10-11 09:49:24,148 - tune.py [line:103] - INFO: Epoch 00580 | Time(s) 0.0165 | Val Loss 1.2725 | Val Acc 0.6593 | ETputs(KTEPS) 39386.91
2023-10-11 09:49:24,465 - tune.py [line:103] - INFO: Epoch 00600 | Time(s) 0.0165 | Val Loss 1.2578 | Val Acc 0.6637 | ETputs(KTEPS) 39442.44
2023-10-11 09:49:24,788 - tune.py [line:103] - INFO: Epoch 00620 | Time(s) 0.0165 | Val Loss 1.3852 | Val Acc 0.6352 | ETputs(KTEPS) 39470.78
2023-10-11 09:49:25,092 - tune.py [line:103] - INFO: Epoch 00640 | Time(s) 0.0164 | Val Loss 1.3980 | Val Acc 0.6549 | ETputs(KTEPS) 39567.81
2023-10-11 09:49:25,415 - tune.py [line:103] - INFO: Epoch 00660 | Time(s) 0.0164 | Val Loss 1.2924 | Val Acc 0.6725 | ETputs(KTEPS) 39589.95
2023-10-11 09:49:25,773 - tune.py [line:103] - INFO: Epoch 00680 | Time(s) 0.0165 | Val Loss 1.3502 | Val Acc 0.6527 | ETputs(KTEPS) 39497.52
2023-10-11 09:49:26,121 - tune.py [line:103] - INFO: Epoch 00700 | Time(s) 0.0165 | Val Loss 1.3881 | Val Acc 0.6571 | ETputs(KTEPS) 39435.68
2023-10-11 09:49:26,445 - tune.py [line:103] - INFO: Epoch 00720 | Time(s) 0.0165 | Val Loss 1.3713 | Val Acc 0.6571 | ETputs(KTEPS) 39455.29
2023-10-11 09:49:26,781 - tune.py [line:103] - INFO: Epoch 00740 | Time(s) 0.0165 | Val Loss 1.2938 | Val Acc 0.6505 | ETputs(KTEPS) 39435.43
2023-10-11 09:49:27,139 - tune.py [line:103] - INFO: Epoch 00760 | Time(s) 0.0165 | Val Loss 1.3101 | Val Acc 0.6637 | ETputs(KTEPS) 39349.59
2023-10-11 09:49:27,484 - tune.py [line:103] - INFO: Epoch 00780 | Time(s) 0.0165 | Val Loss 1.3509 | Val Acc 0.6659 | ETputs(KTEPS) 39305.66
2023-10-11 09:49:27,880 - tune.py [line:103] - INFO: Epoch 00800 | Time(s) 0.0166 | Val Loss 1.3661 | Val Acc 0.6659 | ETputs(KTEPS) 39114.87
2023-10-11 09:49:28,236 - tune.py [line:103] - INFO: Epoch 00820 | Time(s) 0.0167 | Val Loss 1.3730 | Val Acc 0.6484 | ETputs(KTEPS) 39048.92
2023-10-11 09:49:28,595 - tune.py [line:103] - INFO: Epoch 00840 | Time(s) 0.0167 | Val Loss 1.3952 | Val Acc 0.6725 | ETputs(KTEPS) 38977.34
2023-10-11 09:49:28,926 - tune.py [line:103] - INFO: Epoch 00860 | Time(s) 0.0167 | Val Loss 1.3718 | Val Acc 0.6505 | ETputs(KTEPS) 38986.49
2023-10-11 09:49:29,270 - tune.py [line:103] - INFO: Epoch 00880 | Time(s) 0.0167 | Val Loss 1.3295 | Val Acc 0.6835 | ETputs(KTEPS) 38960.70
2023-10-11 09:49:29,622 - tune.py [line:103] - INFO: Epoch 00900 | Time(s) 0.0167 | Val Loss 1.3968 | Val Acc 0.6505 | ETputs(KTEPS) 38916.36
2023-10-11 09:49:29,969 - tune.py [line:103] - INFO: Epoch 00920 | Time(s) 0.0167 | Val Loss 1.3150 | Val Acc 0.6549 | ETputs(KTEPS) 38883.49
2023-10-11 09:49:30,273 - tune.py [line:103] - INFO: Epoch 00940 | Time(s) 0.0167 | Val Loss 1.3747 | Val Acc 0.6703 | ETputs(KTEPS) 38960.19
2023-10-11 09:49:30,594 - tune.py [line:103] - INFO: Epoch 00960 | Time(s) 0.0167 | Val Loss 1.3237 | Val Acc 0.6637 | ETputs(KTEPS) 38993.06
2023-10-11 09:49:30,679 - tune.py [line:117] - INFO: [FINAL MODEL] Val accuracy 69.45% \Val loss: 1.3
2023-10-11 09:49:30,682 - tune.py [line:119] - INFO: [FINAL MODEL] Test accuracy 67.61% \Test loss: 1.3
2023-10-11 09:49:30,682 - tune.py [line:144] - INFO: Acc on the first split (Validation Set): 0.6945
2023-10-11 09:49:30,682 - tune.py [line:145] - INFO: Acc on the first split (Test Set): 0.6761
