2023-10-11 09:46:41,802 - tune.py [line:203] - INFO: Namespace(seed=42, model='GPRGNN', gpu=0, dataset='geom-chameleon', logging=True, log_detail=True, log_detailedCh=False, id_log=1011014503, optuna_n_trials=202, n_epochs=2000, self_loop=True, udgraph=True, early_stop=True, patience=300, n_hidden=64, n_cv=1, start_cv=0, n_layers=4, lr1=0.04, lr2=0.04, wd1=0.0001, wd2=1e-06, dropout=0.3, dropout2=0.6, alpha=0.6, es_ckpt='TestTuningScript-geom-chameleon_geom-chameleon_trialNo27')
2023-10-11 09:46:42,562 - tune.py [line:128] - INFO: Split_seeds:[1824]
2023-10-11 09:46:42,563 - tune.py [line:129] - INFO: Model_seeds:[409]
2023-10-11 09:46:42,845 - tune.py [line:103] - INFO: Epoch 00020 | Time(s) 0.0131 | Val Loss 1.2396 | Val Acc 0.5604 | ETputs(KTEPS) 49523.70
2023-10-11 09:46:43,110 - tune.py [line:103] - INFO: Epoch 00040 | Time(s) 0.0131 | Val Loss 1.3550 | Val Acc 0.5758 | ETputs(KTEPS) 49498.49
2023-10-11 09:46:43,359 - tune.py [line:103] - INFO: Epoch 00060 | Time(s) 0.0129 | Val Loss 1.4467 | Val Acc 0.5714 | ETputs(KTEPS) 50395.16
2023-10-11 09:46:43,632 - tune.py [line:103] - INFO: Epoch 00080 | Time(s) 0.0131 | Val Loss 1.4516 | Val Acc 0.6242 | ETputs(KTEPS) 49797.05
2023-10-11 09:46:43,897 - tune.py [line:103] - INFO: Epoch 00100 | Time(s) 0.0131 | Val Loss 1.3374 | Val Acc 0.6286 | ETputs(KTEPS) 49763.35
2023-10-11 09:46:44,178 - tune.py [line:103] - INFO: Epoch 00120 | Time(s) 0.0132 | Val Loss 1.4038 | Val Acc 0.6374 | ETputs(KTEPS) 49220.85
2023-10-11 09:46:44,480 - tune.py [line:103] - INFO: Epoch 00140 | Time(s) 0.0135 | Val Loss 1.5824 | Val Acc 0.5868 | ETputs(KTEPS) 48307.17
2023-10-11 09:46:44,780 - tune.py [line:103] - INFO: Epoch 00160 | Time(s) 0.0136 | Val Loss 1.4518 | Val Acc 0.6198 | ETputs(KTEPS) 47726.26
2023-10-11 09:46:45,076 - tune.py [line:103] - INFO: Epoch 00180 | Time(s) 0.0138 | Val Loss 1.4192 | Val Acc 0.6176 | ETputs(KTEPS) 47281.93
2023-10-11 09:46:45,431 - tune.py [line:103] - INFO: Epoch 00200 | Time(s) 0.0141 | Val Loss 1.4969 | Val Acc 0.6176 | ETputs(KTEPS) 45951.73
2023-10-11 09:46:45,728 - tune.py [line:103] - INFO: Epoch 00220 | Time(s) 0.0142 | Val Loss 1.3910 | Val Acc 0.6330 | ETputs(KTEPS) 45756.17
2023-10-11 09:46:46,035 - tune.py [line:103] - INFO: Epoch 00240 | Time(s) 0.0143 | Val Loss 1.4070 | Val Acc 0.6220 | ETputs(KTEPS) 45521.85
2023-10-11 09:46:46,306 - tune.py [line:103] - INFO: Epoch 00260 | Time(s) 0.0142 | Val Loss 1.4150 | Val Acc 0.6286 | ETputs(KTEPS) 45710.89
2023-10-11 09:46:46,569 - tune.py [line:103] - INFO: Epoch 00280 | Time(s) 0.0141 | Val Loss 1.4146 | Val Acc 0.6374 | ETputs(KTEPS) 45966.78
2023-10-11 09:46:46,864 - tune.py [line:103] - INFO: Epoch 00300 | Time(s) 0.0142 | Val Loss 1.4152 | Val Acc 0.6308 | ETputs(KTEPS) 45834.33
2023-10-11 09:46:47,187 - tune.py [line:103] - INFO: Epoch 00320 | Time(s) 0.0143 | Val Loss 1.3801 | Val Acc 0.6681 | ETputs(KTEPS) 45516.12
2023-10-11 09:46:47,435 - tune.py [line:103] - INFO: Epoch 00340 | Time(s) 0.0142 | Val Loss 1.3273 | Val Acc 0.6549 | ETputs(KTEPS) 45873.96
2023-10-11 09:46:47,723 - tune.py [line:103] - INFO: Epoch 00360 | Time(s) 0.0142 | Val Loss 1.4252 | Val Acc 0.6527 | ETputs(KTEPS) 45838.89
2023-10-11 09:46:48,005 - tune.py [line:103] - INFO: Epoch 00380 | Time(s) 0.0142 | Val Loss 1.3771 | Val Acc 0.6484 | ETputs(KTEPS) 45862.69
2023-10-11 09:46:48,323 - tune.py [line:103] - INFO: Epoch 00400 | Time(s) 0.0143 | Val Loss 1.3804 | Val Acc 0.6637 | ETputs(KTEPS) 45588.95
2023-10-11 09:46:48,631 - tune.py [line:103] - INFO: Epoch 00420 | Time(s) 0.0143 | Val Loss 1.3354 | Val Acc 0.6418 | ETputs(KTEPS) 45417.80
2023-10-11 09:46:48,970 - tune.py [line:103] - INFO: Epoch 00440 | Time(s) 0.0144 | Val Loss 1.3111 | Val Acc 0.6527 | ETputs(KTEPS) 45045.39
2023-10-11 09:46:49,269 - tune.py [line:103] - INFO: Epoch 00460 | Time(s) 0.0145 | Val Loss 1.3467 | Val Acc 0.6681 | ETputs(KTEPS) 44981.41
2023-10-11 09:46:49,550 - tune.py [line:103] - INFO: Epoch 00480 | Time(s) 0.0144 | Val Loss 1.4570 | Val Acc 0.6264 | ETputs(KTEPS) 45036.75
2023-10-11 09:46:49,815 - tune.py [line:103] - INFO: Epoch 00500 | Time(s) 0.0144 | Val Loss 1.3353 | Val Acc 0.6505 | ETputs(KTEPS) 45183.71
2023-10-11 09:46:50,079 - tune.py [line:103] - INFO: Epoch 00520 | Time(s) 0.0143 | Val Loss 1.3541 | Val Acc 0.6549 | ETputs(KTEPS) 45330.95
2023-10-11 09:46:50,348 - tune.py [line:103] - INFO: Epoch 00540 | Time(s) 0.0143 | Val Loss 1.3803 | Val Acc 0.6593 | ETputs(KTEPS) 45439.98
2023-10-11 09:46:50,608 - tune.py [line:103] - INFO: Epoch 00560 | Time(s) 0.0143 | Val Loss 1.3899 | Val Acc 0.6549 | ETputs(KTEPS) 45592.22
2023-10-11 09:46:50,871 - tune.py [line:103] - INFO: Epoch 00580 | Time(s) 0.0142 | Val Loss 1.2936 | Val Acc 0.6769 | ETputs(KTEPS) 45732.29
2023-10-11 09:46:51,136 - tune.py [line:103] - INFO: Epoch 00600 | Time(s) 0.0142 | Val Loss 1.2331 | Val Acc 0.6857 | ETputs(KTEPS) 45839.01
2023-10-11 09:46:51,388 - tune.py [line:103] - INFO: Epoch 00620 | Time(s) 0.0141 | Val Loss 1.2939 | Val Acc 0.6659 | ETputs(KTEPS) 46005.74
2023-10-11 09:46:51,665 - tune.py [line:103] - INFO: Epoch 00640 | Time(s) 0.0141 | Val Loss 1.3738 | Val Acc 0.6505 | ETputs(KTEPS) 46038.09
2023-10-11 09:46:51,896 - tune.py [line:103] - INFO: Epoch 00660 | Time(s) 0.0140 | Val Loss 1.3277 | Val Acc 0.6549 | ETputs(KTEPS) 46292.59
2023-10-11 09:46:52,126 - tune.py [line:103] - INFO: Epoch 00680 | Time(s) 0.0140 | Val Loss 1.3858 | Val Acc 0.6593 | ETputs(KTEPS) 46544.74
2023-10-11 09:46:52,398 - tune.py [line:103] - INFO: Epoch 00700 | Time(s) 0.0139 | Val Loss 1.3365 | Val Acc 0.6527 | ETputs(KTEPS) 46621.13
2023-10-11 09:46:52,711 - tune.py [line:103] - INFO: Epoch 00720 | Time(s) 0.0140 | Val Loss 1.4049 | Val Acc 0.6440 | ETputs(KTEPS) 46475.43
2023-10-11 09:46:52,974 - tune.py [line:103] - INFO: Epoch 00740 | Time(s) 0.0140 | Val Loss 1.2972 | Val Acc 0.6791 | ETputs(KTEPS) 46554.09
2023-10-11 09:46:53,229 - tune.py [line:103] - INFO: Epoch 00760 | Time(s) 0.0139 | Val Loss 1.3622 | Val Acc 0.6593 | ETputs(KTEPS) 46662.05
2023-10-11 09:46:53,501 - tune.py [line:103] - INFO: Epoch 00780 | Time(s) 0.0139 | Val Loss 1.3450 | Val Acc 0.6791 | ETputs(KTEPS) 46692.46
2023-10-11 09:46:53,780 - tune.py [line:103] - INFO: Epoch 00800 | Time(s) 0.0139 | Val Loss 1.3242 | Val Acc 0.6791 | ETputs(KTEPS) 46696.01
2023-10-11 09:46:54,040 - tune.py [line:103] - INFO: Epoch 00820 | Time(s) 0.0139 | Val Loss 1.3211 | Val Acc 0.6462 | ETputs(KTEPS) 46772.55
2023-10-11 09:46:54,338 - tune.py [line:103] - INFO: Epoch 00840 | Time(s) 0.0139 | Val Loss 1.2854 | Val Acc 0.6901 | ETputs(KTEPS) 46692.57
2023-10-11 09:46:54,616 - tune.py [line:103] - INFO: Epoch 00860 | Time(s) 0.0139 | Val Loss 1.3121 | Val Acc 0.6659 | ETputs(KTEPS) 46697.90
2023-10-11 09:46:54,899 - tune.py [line:103] - INFO: Epoch 00880 | Time(s) 0.0139 | Val Loss 1.2916 | Val Acc 0.6725 | ETputs(KTEPS) 46683.00
2023-10-11 09:46:55,198 - tune.py [line:103] - INFO: Epoch 00900 | Time(s) 0.0139 | Val Loss 1.2913 | Val Acc 0.6725 | ETputs(KTEPS) 46610.75
2023-10-11 09:46:55,521 - tune.py [line:103] - INFO: Epoch 00920 | Time(s) 0.0140 | Val Loss 1.2928 | Val Acc 0.6549 | ETputs(KTEPS) 46453.96
2023-10-11 09:46:55,823 - tune.py [line:103] - INFO: Epoch 00940 | Time(s) 0.0140 | Val Loss 1.3990 | Val Acc 0.6725 | ETputs(KTEPS) 46375.17
2023-10-11 09:46:56,099 - tune.py [line:103] - INFO: Epoch 00960 | Time(s) 0.0140 | Val Loss 1.3821 | Val Acc 0.6637 | ETputs(KTEPS) 46394.18
2023-10-11 09:46:56,364 - tune.py [line:103] - INFO: Epoch 00980 | Time(s) 0.0140 | Val Loss 1.3853 | Val Acc 0.6659 | ETputs(KTEPS) 46446.65
2023-10-11 09:46:56,650 - tune.py [line:103] - INFO: Epoch 01000 | Time(s) 0.0140 | Val Loss 1.4610 | Val Acc 0.6484 | ETputs(KTEPS) 46429.37
2023-10-11 09:46:56,681 - tune.py [line:117] - INFO: [FINAL MODEL] Val accuracy 70.55% \Val loss: 1.3
2023-10-11 09:46:56,683 - tune.py [line:119] - INFO: [FINAL MODEL] Test accuracy 65.65% \Test loss: 1.3
2023-10-11 09:46:56,683 - tune.py [line:144] - INFO: Acc on the first split (Validation Set): 0.7055
2023-10-11 09:46:56,683 - tune.py [line:145] - INFO: Acc on the first split (Test Set): 0.6565
