2023-10-11 09:58:54,237 - tune.py [line:203] - INFO: Namespace(seed=42, model='GPRGNN', gpu=0, dataset='geom-chameleon', logging=True, log_detail=True, log_detailedCh=False, id_log=1011014503, optuna_n_trials=202, n_epochs=2000, self_loop=True, udgraph=True, early_stop=True, patience=300, n_hidden=64, n_cv=1, start_cv=0, n_layers=4, lr1=0.05, lr2=0.03, wd1=1e-05, wd2=1e-08, dropout=0.1, dropout2=0.5, alpha=0.2, es_ckpt='TestTuningScript-geom-chameleon_geom-chameleon_trialNo128')
2023-10-11 09:58:55,127 - tune.py [line:128] - INFO: Split_seeds:[1824]
2023-10-11 09:58:55,127 - tune.py [line:129] - INFO: Model_seeds:[409]
2023-10-11 09:58:55,446 - tune.py [line:103] - INFO: Epoch 00020 | Time(s) 0.0147 | Val Loss 1.3181 | Val Acc 0.5451 | ETputs(KTEPS) 44217.04
2023-10-11 09:58:55,714 - tune.py [line:103] - INFO: Epoch 00040 | Time(s) 0.0139 | Val Loss 1.9407 | Val Acc 0.5758 | ETputs(KTEPS) 46869.15
2023-10-11 09:58:55,986 - tune.py [line:103] - INFO: Epoch 00060 | Time(s) 0.0137 | Val Loss 1.9640 | Val Acc 0.6110 | ETputs(KTEPS) 47356.24
2023-10-11 09:58:56,341 - tune.py [line:103] - INFO: Epoch 00080 | Time(s) 0.0147 | Val Loss 2.0191 | Val Acc 0.6374 | ETputs(KTEPS) 44255.71
2023-10-11 09:58:56,667 - tune.py [line:103] - INFO: Epoch 00100 | Time(s) 0.0150 | Val Loss 2.1595 | Val Acc 0.6308 | ETputs(KTEPS) 43375.29
2023-10-11 09:58:56,981 - tune.py [line:103] - INFO: Epoch 00120 | Time(s) 0.0151 | Val Loss 2.2215 | Val Acc 0.6549 | ETputs(KTEPS) 43195.11
2023-10-11 09:58:57,309 - tune.py [line:103] - INFO: Epoch 00140 | Time(s) 0.0152 | Val Loss 2.3760 | Val Acc 0.6549 | ETputs(KTEPS) 42694.13
2023-10-11 09:58:57,579 - tune.py [line:103] - INFO: Epoch 00160 | Time(s) 0.0150 | Val Loss 2.4293 | Val Acc 0.6484 | ETputs(KTEPS) 43362.28
2023-10-11 09:58:57,846 - tune.py [line:103] - INFO: Epoch 00180 | Time(s) 0.0148 | Val Loss 2.3510 | Val Acc 0.6615 | ETputs(KTEPS) 43900.59
2023-10-11 09:58:58,123 - tune.py [line:103] - INFO: Epoch 00200 | Time(s) 0.0147 | Val Loss 2.4289 | Val Acc 0.6681 | ETputs(KTEPS) 44199.28
2023-10-11 09:58:58,421 - tune.py [line:103] - INFO: Epoch 00220 | Time(s) 0.0147 | Val Loss 2.6421 | Val Acc 0.6396 | ETputs(KTEPS) 44150.89
2023-10-11 09:58:58,709 - tune.py [line:103] - INFO: Epoch 00240 | Time(s) 0.0147 | Val Loss 2.6296 | Val Acc 0.6703 | ETputs(KTEPS) 44238.39
2023-10-11 09:58:58,994 - tune.py [line:103] - INFO: Epoch 00260 | Time(s) 0.0147 | Val Loss 2.4934 | Val Acc 0.6681 | ETputs(KTEPS) 44345.18
2023-10-11 09:58:59,281 - tune.py [line:103] - INFO: Epoch 00280 | Time(s) 0.0146 | Val Loss 2.2732 | Val Acc 0.6879 | ETputs(KTEPS) 44463.27
2023-10-11 09:58:59,573 - tune.py [line:103] - INFO: Epoch 00300 | Time(s) 0.0146 | Val Loss 2.3116 | Val Acc 0.6989 | ETputs(KTEPS) 44530.45
2023-10-11 09:58:59,844 - tune.py [line:103] - INFO: Epoch 00320 | Time(s) 0.0145 | Val Loss 2.4921 | Val Acc 0.6813 | ETputs(KTEPS) 44752.88
2023-10-11 09:59:00,147 - tune.py [line:103] - INFO: Epoch 00340 | Time(s) 0.0146 | Val Loss 2.5505 | Val Acc 0.6505 | ETputs(KTEPS) 44652.24
2023-10-11 09:59:00,448 - tune.py [line:103] - INFO: Epoch 00360 | Time(s) 0.0146 | Val Loss 2.5187 | Val Acc 0.6725 | ETputs(KTEPS) 44572.76
2023-10-11 09:59:00,714 - tune.py [line:103] - INFO: Epoch 00380 | Time(s) 0.0145 | Val Loss 2.5662 | Val Acc 0.6593 | ETputs(KTEPS) 44780.34
2023-10-11 09:59:00,982 - tune.py [line:103] - INFO: Epoch 00400 | Time(s) 0.0145 | Val Loss 2.4590 | Val Acc 0.6747 | ETputs(KTEPS) 44956.39
2023-10-11 09:59:01,255 - tune.py [line:103] - INFO: Epoch 00420 | Time(s) 0.0144 | Val Loss 2.6148 | Val Acc 0.6637 | ETputs(KTEPS) 45080.27
2023-10-11 09:59:01,561 - tune.py [line:103] - INFO: Epoch 00440 | Time(s) 0.0145 | Val Loss 2.4817 | Val Acc 0.6791 | ETputs(KTEPS) 44958.84
2023-10-11 09:59:01,823 - tune.py [line:103] - INFO: Epoch 00460 | Time(s) 0.0144 | Val Loss 2.6584 | Val Acc 0.6791 | ETputs(KTEPS) 45147.26
2023-10-11 09:59:02,089 - tune.py [line:103] - INFO: Epoch 00480 | Time(s) 0.0144 | Val Loss 2.7152 | Val Acc 0.6659 | ETputs(KTEPS) 45298.67
2023-10-11 09:59:02,361 - tune.py [line:103] - INFO: Epoch 00500 | Time(s) 0.0143 | Val Loss 2.5183 | Val Acc 0.6769 | ETputs(KTEPS) 45395.51
2023-10-11 09:59:02,645 - tune.py [line:103] - INFO: Epoch 00520 | Time(s) 0.0143 | Val Loss 2.5276 | Val Acc 0.6879 | ETputs(KTEPS) 45415.22
2023-10-11 09:59:02,899 - tune.py [line:103] - INFO: Epoch 00540 | Time(s) 0.0143 | Val Loss 2.6229 | Val Acc 0.6835 | ETputs(KTEPS) 45608.49
2023-10-11 09:59:03,165 - tune.py [line:103] - INFO: Epoch 00560 | Time(s) 0.0142 | Val Loss 2.5283 | Val Acc 0.7011 | ETputs(KTEPS) 45717.57
2023-10-11 09:59:03,441 - tune.py [line:103] - INFO: Epoch 00580 | Time(s) 0.0142 | Val Loss 2.5844 | Val Acc 0.6901 | ETputs(KTEPS) 45782.24
2023-10-11 09:59:03,722 - tune.py [line:103] - INFO: Epoch 00600 | Time(s) 0.0142 | Val Loss 2.5640 | Val Acc 0.6725 | ETputs(KTEPS) 45801.94
2023-10-11 09:59:04,005 - tune.py [line:103] - INFO: Epoch 00620 | Time(s) 0.0142 | Val Loss 2.7019 | Val Acc 0.6659 | ETputs(KTEPS) 45813.34
2023-10-11 09:59:04,280 - tune.py [line:103] - INFO: Epoch 00640 | Time(s) 0.0142 | Val Loss 2.6660 | Val Acc 0.6813 | ETputs(KTEPS) 45856.49
2023-10-11 09:59:04,554 - tune.py [line:103] - INFO: Epoch 00660 | Time(s) 0.0142 | Val Loss 2.6657 | Val Acc 0.6747 | ETputs(KTEPS) 45905.16
2023-10-11 09:59:04,859 - tune.py [line:103] - INFO: Epoch 00680 | Time(s) 0.0142 | Val Loss 2.6489 | Val Acc 0.6813 | ETputs(KTEPS) 45806.21
2023-10-11 09:59:05,194 - tune.py [line:103] - INFO: Epoch 00700 | Time(s) 0.0143 | Val Loss 2.8938 | Val Acc 0.6637 | ETputs(KTEPS) 45574.52
2023-10-11 09:59:05,398 - tune.py [line:103] - INFO: Epoch 00720 | Time(s) 0.0142 | Val Loss 2.8216 | Val Acc 0.6813 | ETputs(KTEPS) 45941.67
2023-10-11 09:59:05,631 - tune.py [line:103] - INFO: Epoch 00740 | Time(s) 0.0141 | Val Loss 2.9355 | Val Acc 0.6637 | ETputs(KTEPS) 46163.54
2023-10-11 09:59:05,909 - tune.py [line:103] - INFO: Epoch 00760 | Time(s) 0.0141 | Val Loss 2.8258 | Val Acc 0.6747 | ETputs(KTEPS) 46182.81
2023-10-11 09:59:06,264 - tune.py [line:103] - INFO: Epoch 00780 | Time(s) 0.0142 | Val Loss 2.8173 | Val Acc 0.6659 | ETputs(KTEPS) 45880.04
2023-10-11 09:59:06,577 - tune.py [line:103] - INFO: Epoch 00800 | Time(s) 0.0142 | Val Loss 2.7548 | Val Acc 0.6593 | ETputs(KTEPS) 45760.93
2023-10-11 09:59:06,869 - tune.py [line:103] - INFO: Epoch 00820 | Time(s) 0.0142 | Val Loss 2.6031 | Val Acc 0.6813 | ETputs(KTEPS) 45735.53
2023-10-11 09:59:07,205 - tune.py [line:103] - INFO: Epoch 00840 | Time(s) 0.0143 | Val Loss 2.7745 | Val Acc 0.6945 | ETputs(KTEPS) 45541.32
2023-10-11 09:59:07,560 - tune.py [line:103] - INFO: Epoch 00860 | Time(s) 0.0144 | Val Loss 2.7773 | Val Acc 0.6681 | ETputs(KTEPS) 45290.03
2023-10-11 09:59:07,707 - tune.py [line:117] - INFO: [FINAL MODEL] Val accuracy 70.99% \Val loss: 2.4
2023-10-11 09:59:07,709 - tune.py [line:119] - INFO: [FINAL MODEL] Test accuracy 68.93% \Test loss: 2.6
2023-10-11 09:59:07,709 - tune.py [line:144] - INFO: Acc on the first split (Validation Set): 0.7099
2023-10-11 09:59:07,709 - tune.py [line:145] - INFO: Acc on the first split (Test Set): 0.6893
