2023-10-11 10:04:11,166 - tune.py [line:203] - INFO: Namespace(seed=42, model='GPRGNN', gpu=0, dataset='geom-chameleon', logging=True, log_detail=True, log_detailedCh=False, id_log=1011014503, optuna_n_trials=202, n_epochs=2000, self_loop=True, udgraph=True, early_stop=True, patience=300, n_hidden=64, n_cv=1, start_cv=0, n_layers=4, lr1=0.04, lr2=0.05, wd1=1e-06, wd2=1e-05, dropout=0.4, dropout2=0.5, alpha=0.4, es_ckpt='TestTuningScript-geom-chameleon_geom-chameleon_trialNo180')
2023-10-11 10:04:12,042 - tune.py [line:128] - INFO: Split_seeds:[1824]
2023-10-11 10:04:12,043 - tune.py [line:129] - INFO: Model_seeds:[409]
2023-10-11 10:04:12,421 - tune.py [line:103] - INFO: Epoch 00020 | Time(s) 0.0172 | Val Loss 1.2246 | Val Acc 0.5692 | ETputs(KTEPS) 37820.48
2023-10-11 10:04:12,745 - tune.py [line:103] - INFO: Epoch 00040 | Time(s) 0.0165 | Val Loss 1.6503 | Val Acc 0.6000 | ETputs(KTEPS) 39380.31
2023-10-11 10:04:13,063 - tune.py [line:103] - INFO: Epoch 00060 | Time(s) 0.0162 | Val Loss 1.7264 | Val Acc 0.5956 | ETputs(KTEPS) 40076.76
2023-10-11 10:04:13,404 - tune.py [line:103] - INFO: Epoch 00080 | Time(s) 0.0163 | Val Loss 1.8146 | Val Acc 0.5890 | ETputs(KTEPS) 39807.77
2023-10-11 10:04:13,710 - tune.py [line:103] - INFO: Epoch 00100 | Time(s) 0.0161 | Val Loss 1.7306 | Val Acc 0.6418 | ETputs(KTEPS) 40496.32
2023-10-11 10:04:14,032 - tune.py [line:103] - INFO: Epoch 00120 | Time(s) 0.0160 | Val Loss 1.7398 | Val Acc 0.6352 | ETputs(KTEPS) 40589.06
2023-10-11 10:04:14,380 - tune.py [line:103] - INFO: Epoch 00140 | Time(s) 0.0162 | Val Loss 1.7639 | Val Acc 0.6615 | ETputs(KTEPS) 40177.00
2023-10-11 10:04:14,737 - tune.py [line:103] - INFO: Epoch 00160 | Time(s) 0.0164 | Val Loss 1.7728 | Val Acc 0.6681 | ETputs(KTEPS) 39714.37
2023-10-11 10:04:15,096 - tune.py [line:103] - INFO: Epoch 00180 | Time(s) 0.0165 | Val Loss 1.6725 | Val Acc 0.6747 | ETputs(KTEPS) 39400.16
2023-10-11 10:04:15,474 - tune.py [line:103] - INFO: Epoch 00200 | Time(s) 0.0167 | Val Loss 1.7510 | Val Acc 0.6725 | ETputs(KTEPS) 38905.61
2023-10-11 10:04:15,793 - tune.py [line:103] - INFO: Epoch 00220 | Time(s) 0.0166 | Val Loss 1.7828 | Val Acc 0.6857 | ETputs(KTEPS) 39118.55
2023-10-11 10:04:16,121 - tune.py [line:103] - INFO: Epoch 00240 | Time(s) 0.0166 | Val Loss 1.8059 | Val Acc 0.6923 | ETputs(KTEPS) 39184.97
2023-10-11 10:04:16,411 - tune.py [line:103] - INFO: Epoch 00260 | Time(s) 0.0164 | Val Loss 1.8251 | Val Acc 0.7011 | ETputs(KTEPS) 39617.96
2023-10-11 10:04:16,720 - tune.py [line:103] - INFO: Epoch 00280 | Time(s) 0.0163 | Val Loss 1.7307 | Val Acc 0.6879 | ETputs(KTEPS) 39800.67
2023-10-11 10:04:17,028 - tune.py [line:103] - INFO: Epoch 00300 | Time(s) 0.0163 | Val Loss 1.8855 | Val Acc 0.6879 | ETputs(KTEPS) 39962.98
2023-10-11 10:04:17,321 - tune.py [line:103] - INFO: Epoch 00320 | Time(s) 0.0162 | Val Loss 1.8949 | Val Acc 0.6901 | ETputs(KTEPS) 40215.46
2023-10-11 10:04:17,623 - tune.py [line:103] - INFO: Epoch 00340 | Time(s) 0.0161 | Val Loss 1.7868 | Val Acc 0.6879 | ETputs(KTEPS) 40403.32
2023-10-11 10:04:17,965 - tune.py [line:103] - INFO: Epoch 00360 | Time(s) 0.0161 | Val Loss 2.0269 | Val Acc 0.6923 | ETputs(KTEPS) 40269.10
2023-10-11 10:04:18,330 - tune.py [line:103] - INFO: Epoch 00380 | Time(s) 0.0163 | Val Loss 1.9265 | Val Acc 0.6813 | ETputs(KTEPS) 39998.59
2023-10-11 10:04:18,664 - tune.py [line:103] - INFO: Epoch 00400 | Time(s) 0.0163 | Val Loss 1.8018 | Val Acc 0.6857 | ETputs(KTEPS) 39947.58
2023-10-11 10:04:19,050 - tune.py [line:103] - INFO: Epoch 00420 | Time(s) 0.0164 | Val Loss 1.7969 | Val Acc 0.7099 | ETputs(KTEPS) 39601.68
2023-10-11 10:04:19,318 - tune.py [line:103] - INFO: Epoch 00440 | Time(s) 0.0163 | Val Loss 1.8405 | Val Acc 0.6879 | ETputs(KTEPS) 39954.81
2023-10-11 10:04:19,594 - tune.py [line:103] - INFO: Epoch 00460 | Time(s) 0.0162 | Val Loss 1.8631 | Val Acc 0.7011 | ETputs(KTEPS) 40236.64
2023-10-11 10:04:19,913 - tune.py [line:103] - INFO: Epoch 00480 | Time(s) 0.0161 | Val Loss 1.7385 | Val Acc 0.6967 | ETputs(KTEPS) 40260.70
2023-10-11 10:04:20,230 - tune.py [line:103] - INFO: Epoch 00500 | Time(s) 0.0161 | Val Loss 1.9228 | Val Acc 0.6989 | ETputs(KTEPS) 40293.66
2023-10-11 10:04:20,503 - tune.py [line:103] - INFO: Epoch 00520 | Time(s) 0.0160 | Val Loss 1.8795 | Val Acc 0.6857 | ETputs(KTEPS) 40534.82
2023-10-11 10:04:20,794 - tune.py [line:103] - INFO: Epoch 00540 | Time(s) 0.0160 | Val Loss 2.0136 | Val Acc 0.6923 | ETputs(KTEPS) 40676.73
2023-10-11 10:04:21,118 - tune.py [line:103] - INFO: Epoch 00560 | Time(s) 0.0160 | Val Loss 1.7751 | Val Acc 0.7055 | ETputs(KTEPS) 40670.77
2023-10-11 10:04:21,413 - tune.py [line:103] - INFO: Epoch 00580 | Time(s) 0.0159 | Val Loss 1.8801 | Val Acc 0.7055 | ETputs(KTEPS) 40782.90
2023-10-11 10:04:21,744 - tune.py [line:103] - INFO: Epoch 00600 | Time(s) 0.0159 | Val Loss 1.9252 | Val Acc 0.6967 | ETputs(KTEPS) 40767.87
2023-10-11 10:04:22,045 - tune.py [line:103] - INFO: Epoch 00620 | Time(s) 0.0159 | Val Loss 1.8974 | Val Acc 0.6945 | ETputs(KTEPS) 40842.42
2023-10-11 10:04:22,337 - tune.py [line:103] - INFO: Epoch 00640 | Time(s) 0.0159 | Val Loss 1.8831 | Val Acc 0.7165 | ETputs(KTEPS) 40948.57
2023-10-11 10:04:22,639 - tune.py [line:103] - INFO: Epoch 00660 | Time(s) 0.0159 | Val Loss 2.1098 | Val Acc 0.6835 | ETputs(KTEPS) 41014.30
2023-10-11 10:04:22,964 - tune.py [line:103] - INFO: Epoch 00680 | Time(s) 0.0159 | Val Loss 2.0419 | Val Acc 0.7077 | ETputs(KTEPS) 40983.44
2023-10-11 10:04:23,262 - tune.py [line:103] - INFO: Epoch 00700 | Time(s) 0.0158 | Val Loss 1.9410 | Val Acc 0.6967 | ETputs(KTEPS) 41056.07
2023-10-11 10:04:23,623 - tune.py [line:103] - INFO: Epoch 00720 | Time(s) 0.0159 | Val Loss 2.0490 | Val Acc 0.6945 | ETputs(KTEPS) 40901.98
2023-10-11 10:04:23,999 - tune.py [line:103] - INFO: Epoch 00740 | Time(s) 0.0160 | Val Loss 1.9692 | Val Acc 0.6945 | ETputs(KTEPS) 40702.73
2023-10-11 10:04:24,356 - tune.py [line:103] - INFO: Epoch 00760 | Time(s) 0.0160 | Val Loss 1.9489 | Val Acc 0.6945 | ETputs(KTEPS) 40577.34
2023-10-11 10:04:24,662 - tune.py [line:103] - INFO: Epoch 00780 | Time(s) 0.0160 | Val Loss 1.9958 | Val Acc 0.6923 | ETputs(KTEPS) 40627.80
2023-10-11 10:04:25,031 - tune.py [line:103] - INFO: Epoch 00800 | Time(s) 0.0161 | Val Loss 1.8488 | Val Acc 0.6835 | ETputs(KTEPS) 40476.85
2023-10-11 10:04:25,362 - tune.py [line:103] - INFO: Epoch 00820 | Time(s) 0.0161 | Val Loss 1.9481 | Val Acc 0.6901 | ETputs(KTEPS) 40447.93
2023-10-11 10:04:25,676 - tune.py [line:103] - INFO: Epoch 00840 | Time(s) 0.0161 | Val Loss 2.0170 | Val Acc 0.6901 | ETputs(KTEPS) 40472.41
2023-10-11 10:04:25,983 - tune.py [line:103] - INFO: Epoch 00860 | Time(s) 0.0160 | Val Loss 2.0685 | Val Acc 0.6901 | ETputs(KTEPS) 40515.98
2023-10-11 10:04:26,285 - tune.py [line:103] - INFO: Epoch 00880 | Time(s) 0.0160 | Val Loss 2.0098 | Val Acc 0.6923 | ETputs(KTEPS) 40570.98
2023-10-11 10:04:26,451 - tune.py [line:117] - INFO: [FINAL MODEL] Val accuracy 72.09% \Val loss: 1.8
2023-10-11 10:04:26,453 - tune.py [line:119] - INFO: [FINAL MODEL] Test accuracy 68.49% \Test loss: 1.9
2023-10-11 10:04:26,454 - tune.py [line:144] - INFO: Acc on the first split (Validation Set): 0.7209
2023-10-11 10:04:26,454 - tune.py [line:145] - INFO: Acc on the first split (Test Set): 0.6849
