2023-10-11 09:53:20,575 - tune.py [line:203] - INFO: Namespace(seed=42, model='GPRGNN', gpu=0, dataset='geom-chameleon', logging=True, log_detail=True, log_detailedCh=False, id_log=1011014503, optuna_n_trials=202, n_epochs=2000, self_loop=True, udgraph=True, early_stop=True, patience=300, n_hidden=64, n_cv=1, start_cv=0, n_layers=12, lr1=0.04, lr2=0.04, wd1=1e-06, wd2=1e-08, dropout=0.3, dropout2=0.5, alpha=0.30000000000000004, es_ckpt='TestTuningScript-geom-chameleon_geom-chameleon_trialNo72')
2023-10-11 09:53:21,469 - tune.py [line:128] - INFO: Split_seeds:[1824]
2023-10-11 09:53:21,469 - tune.py [line:129] - INFO: Model_seeds:[409]
2023-10-11 09:53:21,883 - tune.py [line:103] - INFO: Epoch 00020 | Time(s) 0.0194 | Val Loss 1.2057 | Val Acc 0.5780 | ETputs(KTEPS) 33461.90
2023-10-11 09:53:22,295 - tune.py [line:103] - INFO: Epoch 00040 | Time(s) 0.0197 | Val Loss 1.6465 | Val Acc 0.5890 | ETputs(KTEPS) 32931.03
2023-10-11 09:53:22,719 - tune.py [line:103] - INFO: Epoch 00060 | Time(s) 0.0201 | Val Loss 1.8061 | Val Acc 0.6176 | ETputs(KTEPS) 32416.98
2023-10-11 09:53:23,161 - tune.py [line:103] - INFO: Epoch 00080 | Time(s) 0.0204 | Val Loss 1.9369 | Val Acc 0.6374 | ETputs(KTEPS) 31822.74
2023-10-11 09:53:23,552 - tune.py [line:103] - INFO: Epoch 00100 | Time(s) 0.0203 | Val Loss 1.9596 | Val Acc 0.6374 | ETputs(KTEPS) 32107.02
2023-10-11 09:53:23,978 - tune.py [line:103] - INFO: Epoch 00120 | Time(s) 0.0204 | Val Loss 1.9105 | Val Acc 0.6440 | ETputs(KTEPS) 31877.95
2023-10-11 09:53:24,417 - tune.py [line:103] - INFO: Epoch 00140 | Time(s) 0.0205 | Val Loss 2.0234 | Val Acc 0.6725 | ETputs(KTEPS) 31640.31
2023-10-11 09:53:24,854 - tune.py [line:103] - INFO: Epoch 00160 | Time(s) 0.0206 | Val Loss 2.0394 | Val Acc 0.6681 | ETputs(KTEPS) 31490.04
2023-10-11 09:53:25,246 - tune.py [line:103] - INFO: Epoch 00180 | Time(s) 0.0205 | Val Loss 2.0992 | Val Acc 0.6681 | ETputs(KTEPS) 31675.60
2023-10-11 09:53:25,641 - tune.py [line:103] - INFO: Epoch 00200 | Time(s) 0.0205 | Val Loss 2.0918 | Val Acc 0.6703 | ETputs(KTEPS) 31793.11
2023-10-11 09:53:26,044 - tune.py [line:103] - INFO: Epoch 00220 | Time(s) 0.0204 | Val Loss 2.2377 | Val Acc 0.6835 | ETputs(KTEPS) 31854.60
2023-10-11 09:53:26,449 - tune.py [line:103] - INFO: Epoch 00240 | Time(s) 0.0204 | Val Loss 2.2206 | Val Acc 0.6879 | ETputs(KTEPS) 31880.98
2023-10-11 09:53:26,846 - tune.py [line:103] - INFO: Epoch 00260 | Time(s) 0.0203 | Val Loss 2.2247 | Val Acc 0.6813 | ETputs(KTEPS) 31972.72
2023-10-11 09:53:27,320 - tune.py [line:103] - INFO: Epoch 00280 | Time(s) 0.0206 | Val Loss 2.2451 | Val Acc 0.6901 | ETputs(KTEPS) 31602.84
2023-10-11 09:53:27,706 - tune.py [line:103] - INFO: Epoch 00300 | Time(s) 0.0205 | Val Loss 2.3510 | Val Acc 0.6835 | ETputs(KTEPS) 31756.21
2023-10-11 09:53:28,081 - tune.py [line:103] - INFO: Epoch 00320 | Time(s) 0.0204 | Val Loss 2.4914 | Val Acc 0.6791 | ETputs(KTEPS) 31925.10
2023-10-11 09:53:28,485 - tune.py [line:103] - INFO: Epoch 00340 | Time(s) 0.0204 | Val Loss 2.3057 | Val Acc 0.6857 | ETputs(KTEPS) 31944.29
2023-10-11 09:53:28,914 - tune.py [line:103] - INFO: Epoch 00360 | Time(s) 0.0204 | Val Loss 2.4580 | Val Acc 0.6703 | ETputs(KTEPS) 31848.79
2023-10-11 09:53:29,322 - tune.py [line:103] - INFO: Epoch 00380 | Time(s) 0.0204 | Val Loss 2.4907 | Val Acc 0.6835 | ETputs(KTEPS) 31853.53
2023-10-11 09:53:29,720 - tune.py [line:103] - INFO: Epoch 00400 | Time(s) 0.0204 | Val Loss 2.3286 | Val Acc 0.6681 | ETputs(KTEPS) 31894.95
2023-10-11 09:53:30,143 - tune.py [line:103] - INFO: Epoch 00420 | Time(s) 0.0204 | Val Loss 2.3742 | Val Acc 0.6857 | ETputs(KTEPS) 31838.55
2023-10-11 09:53:30,535 - tune.py [line:103] - INFO: Epoch 00440 | Time(s) 0.0204 | Val Loss 2.3868 | Val Acc 0.6769 | ETputs(KTEPS) 31899.71
2023-10-11 09:53:30,928 - tune.py [line:103] - INFO: Epoch 00460 | Time(s) 0.0204 | Val Loss 2.4868 | Val Acc 0.6769 | ETputs(KTEPS) 31950.26
2023-10-11 09:53:31,393 - tune.py [line:103] - INFO: Epoch 00480 | Time(s) 0.0205 | Val Loss 2.3697 | Val Acc 0.6879 | ETputs(KTEPS) 31764.34
2023-10-11 09:53:31,820 - tune.py [line:103] - INFO: Epoch 00500 | Time(s) 0.0205 | Val Loss 2.4881 | Val Acc 0.6813 | ETputs(KTEPS) 31711.43
2023-10-11 09:53:32,270 - tune.py [line:103] - INFO: Epoch 00520 | Time(s) 0.0206 | Val Loss 2.5466 | Val Acc 0.6659 | ETputs(KTEPS) 31595.76
2023-10-11 09:53:32,706 - tune.py [line:103] - INFO: Epoch 00540 | Time(s) 0.0206 | Val Loss 2.4205 | Val Acc 0.6857 | ETputs(KTEPS) 31527.11
2023-10-11 09:53:33,161 - tune.py [line:103] - INFO: Epoch 00560 | Time(s) 0.0207 | Val Loss 2.4208 | Val Acc 0.6813 | ETputs(KTEPS) 31412.81
2023-10-11 09:53:33,614 - tune.py [line:103] - INFO: Epoch 00580 | Time(s) 0.0208 | Val Loss 2.5084 | Val Acc 0.6857 | ETputs(KTEPS) 31311.60
2023-10-11 09:53:33,660 - tune.py [line:117] - INFO: [FINAL MODEL] Val accuracy 70.11% \Val loss: 2.3
2023-10-11 09:53:33,663 - tune.py [line:119] - INFO: [FINAL MODEL] Test accuracy 66.74% \Test loss: 2.2
2023-10-11 09:53:33,663 - tune.py [line:144] - INFO: Acc on the first split (Validation Set): 0.7011
2023-10-11 09:53:33,663 - tune.py [line:145] - INFO: Acc on the first split (Test Set): 0.6674
