2023-10-11 09:45:11,936 - tune.py [line:203] - INFO: Namespace(seed=42, model='GPRGNN', gpu=0, dataset='geom-chameleon', logging=True, log_detail=True, log_detailedCh=False, id_log=1011014503, optuna_n_trials=202, n_epochs=2000, self_loop=True, udgraph=True, early_stop=True, patience=300, n_hidden=64, n_cv=1, start_cv=0, n_layers=16, lr1=0.04, lr2=0.03, wd1=1e-07, wd2=1e-05, dropout=0.1, dropout2=0.2, alpha=0.1, es_ckpt='TestTuningScript-geom-chameleon_geom-chameleon_trialNo20')
2023-10-11 09:45:12,654 - tune.py [line:128] - INFO: Split_seeds:[1824]
2023-10-11 09:45:12,654 - tune.py [line:129] - INFO: Model_seeds:[409]
2023-10-11 09:45:13,169 - tune.py [line:103] - INFO: Epoch 00020 | Time(s) 0.0248 | Val Loss 1.3975 | Val Acc 0.5275 | ETputs(KTEPS) 26182.64
2023-10-11 09:45:13,653 - tune.py [line:103] - INFO: Epoch 00040 | Time(s) 0.0242 | Val Loss 2.5697 | Val Acc 0.6066 | ETputs(KTEPS) 26908.38
2023-10-11 09:45:14,116 - tune.py [line:103] - INFO: Epoch 00060 | Time(s) 0.0238 | Val Loss 2.9046 | Val Acc 0.5912 | ETputs(KTEPS) 27337.69
2023-10-11 09:45:14,572 - tune.py [line:103] - INFO: Epoch 00080 | Time(s) 0.0235 | Val Loss 3.0097 | Val Acc 0.5846 | ETputs(KTEPS) 27624.36
2023-10-11 09:45:15,147 - tune.py [line:103] - INFO: Epoch 00100 | Time(s) 0.0245 | Val Loss 3.1538 | Val Acc 0.6110 | ETputs(KTEPS) 26505.26
2023-10-11 09:45:15,598 - tune.py [line:103] - INFO: Epoch 00120 | Time(s) 0.0241 | Val Loss 3.2053 | Val Acc 0.6066 | ETputs(KTEPS) 26955.20
2023-10-11 09:45:16,015 - tune.py [line:103] - INFO: Epoch 00140 | Time(s) 0.0236 | Val Loss 3.4400 | Val Acc 0.6286 | ETputs(KTEPS) 27540.25
2023-10-11 09:45:16,557 - tune.py [line:103] - INFO: Epoch 00160 | Time(s) 0.0240 | Val Loss 3.5052 | Val Acc 0.6440 | ETputs(KTEPS) 27084.14
2023-10-11 09:45:17,089 - tune.py [line:103] - INFO: Epoch 00180 | Time(s) 0.0243 | Val Loss 3.6847 | Val Acc 0.6418 | ETputs(KTEPS) 26780.46
2023-10-11 09:45:17,580 - tune.py [line:103] - INFO: Epoch 00200 | Time(s) 0.0243 | Val Loss 4.0139 | Val Acc 0.6396 | ETputs(KTEPS) 26753.16
2023-10-11 09:45:18,134 - tune.py [line:103] - INFO: Epoch 00220 | Time(s) 0.0246 | Val Loss 3.9741 | Val Acc 0.6374 | ETputs(KTEPS) 26419.49
2023-10-11 09:45:18,699 - tune.py [line:103] - INFO: Epoch 00240 | Time(s) 0.0249 | Val Loss 4.1486 | Val Acc 0.6396 | ETputs(KTEPS) 26098.14
2023-10-11 09:45:19,225 - tune.py [line:103] - INFO: Epoch 00260 | Time(s) 0.0250 | Val Loss 4.2604 | Val Acc 0.6549 | ETputs(KTEPS) 25999.13
2023-10-11 09:45:19,775 - tune.py [line:103] - INFO: Epoch 00280 | Time(s) 0.0252 | Val Loss 4.3153 | Val Acc 0.6330 | ETputs(KTEPS) 25817.36
2023-10-11 09:45:20,363 - tune.py [line:103] - INFO: Epoch 00300 | Time(s) 0.0255 | Val Loss 4.5107 | Val Acc 0.6352 | ETputs(KTEPS) 25534.62
2023-10-11 09:45:20,881 - tune.py [line:103] - INFO: Epoch 00320 | Time(s) 0.0255 | Val Loss 4.4838 | Val Acc 0.6571 | ETputs(KTEPS) 25522.35
2023-10-11 09:45:21,402 - tune.py [line:103] - INFO: Epoch 00340 | Time(s) 0.0255 | Val Loss 4.6178 | Val Acc 0.6440 | ETputs(KTEPS) 25498.83
2023-10-11 09:45:21,860 - tune.py [line:103] - INFO: Epoch 00360 | Time(s) 0.0254 | Val Loss 4.6440 | Val Acc 0.6418 | ETputs(KTEPS) 25644.50
2023-10-11 09:45:22,333 - tune.py [line:103] - INFO: Epoch 00380 | Time(s) 0.0253 | Val Loss 4.6929 | Val Acc 0.6505 | ETputs(KTEPS) 25737.96
2023-10-11 09:45:22,847 - tune.py [line:103] - INFO: Epoch 00400 | Time(s) 0.0253 | Val Loss 4.8616 | Val Acc 0.6571 | ETputs(KTEPS) 25717.67
2023-10-11 09:45:23,355 - tune.py [line:103] - INFO: Epoch 00420 | Time(s) 0.0253 | Val Loss 5.0293 | Val Acc 0.6308 | ETputs(KTEPS) 25713.43
2023-10-11 09:45:23,807 - tune.py [line:103] - INFO: Epoch 00440 | Time(s) 0.0252 | Val Loss 5.0693 | Val Acc 0.6352 | ETputs(KTEPS) 25837.38
2023-10-11 09:45:24,284 - tune.py [line:103] - INFO: Epoch 00460 | Time(s) 0.0251 | Val Loss 5.0515 | Val Acc 0.6418 | ETputs(KTEPS) 25897.91
2023-10-11 09:45:24,695 - tune.py [line:103] - INFO: Epoch 00480 | Time(s) 0.0249 | Val Loss 5.2524 | Val Acc 0.6527 | ETputs(KTEPS) 26096.99
2023-10-11 09:45:25,146 - tune.py [line:103] - INFO: Epoch 00500 | Time(s) 0.0248 | Val Loss 5.2495 | Val Acc 0.6440 | ETputs(KTEPS) 26196.65
2023-10-11 09:45:25,573 - tune.py [line:103] - INFO: Epoch 00520 | Time(s) 0.0247 | Val Loss 5.3769 | Val Acc 0.6527 | ETputs(KTEPS) 26338.91
2023-10-11 09:45:26,069 - tune.py [line:103] - INFO: Epoch 00540 | Time(s) 0.0247 | Val Loss 5.5396 | Val Acc 0.6505 | ETputs(KTEPS) 26334.85
2023-10-11 09:45:26,559 - tune.py [line:103] - INFO: Epoch 00560 | Time(s) 0.0247 | Val Loss 5.7262 | Val Acc 0.6418 | ETputs(KTEPS) 26344.23
2023-10-11 09:45:26,997 - tune.py [line:103] - INFO: Epoch 00580 | Time(s) 0.0246 | Val Loss 5.8692 | Val Acc 0.6440 | ETputs(KTEPS) 26446.65
2023-10-11 09:45:27,580 - tune.py [line:103] - INFO: Epoch 00600 | Time(s) 0.0247 | Val Loss 5.8173 | Val Acc 0.6418 | ETputs(KTEPS) 26286.00
2023-10-11 09:45:28,101 - tune.py [line:103] - INFO: Epoch 00620 | Time(s) 0.0248 | Val Loss 5.5539 | Val Acc 0.6549 | ETputs(KTEPS) 26243.41
2023-10-11 09:45:28,232 - tune.py [line:117] - INFO: [FINAL MODEL] Val accuracy 66.59% \Val loss: 4.6
2023-10-11 09:45:28,237 - tune.py [line:119] - INFO: [FINAL MODEL] Test accuracy 63.46% \Test loss: 5.2
2023-10-11 09:45:28,237 - tune.py [line:144] - INFO: Acc on the first split (Validation Set): 0.6659
2023-10-11 09:45:28,237 - tune.py [line:145] - INFO: Acc on the first split (Test Set): 0.6346
