2023-10-11 09:53:35,200 - tune.py [line:203] - INFO: Namespace(seed=42, model='GPRGNN', gpu=0, dataset='geom-chameleon', logging=True, log_detail=True, log_detailedCh=False, id_log=1011014503, optuna_n_trials=202, n_epochs=2000, self_loop=True, udgraph=True, early_stop=True, patience=300, n_hidden=64, n_cv=1, start_cv=0, n_layers=12, lr1=0.03, lr2=0.05, wd1=1e-05, wd2=1e-06, dropout=0.4, dropout2=0.5, alpha=0.30000000000000004, es_ckpt='TestTuningScript-geom-chameleon_geom-chameleon_trialNo74')
2023-10-11 09:53:36,078 - tune.py [line:128] - INFO: Split_seeds:[1824]
2023-10-11 09:53:36,078 - tune.py [line:129] - INFO: Model_seeds:[409]
2023-10-11 09:53:36,496 - tune.py [line:103] - INFO: Epoch 00020 | Time(s) 0.0197 | Val Loss 1.1813 | Val Acc 0.5692 | ETputs(KTEPS) 32950.41
2023-10-11 09:53:36,934 - tune.py [line:103] - INFO: Epoch 00040 | Time(s) 0.0207 | Val Loss 1.4382 | Val Acc 0.5912 | ETputs(KTEPS) 31479.06
2023-10-11 09:53:37,389 - tune.py [line:103] - INFO: Epoch 00060 | Time(s) 0.0212 | Val Loss 1.5388 | Val Acc 0.6000 | ETputs(KTEPS) 30616.05
2023-10-11 09:53:37,764 - tune.py [line:103] - INFO: Epoch 00080 | Time(s) 0.0205 | Val Loss 1.7084 | Val Acc 0.6000 | ETputs(KTEPS) 31706.80
2023-10-11 09:53:38,157 - tune.py [line:103] - INFO: Epoch 00100 | Time(s) 0.0203 | Val Loss 1.6222 | Val Acc 0.6330 | ETputs(KTEPS) 32047.79
2023-10-11 09:53:38,548 - tune.py [line:103] - INFO: Epoch 00120 | Time(s) 0.0201 | Val Loss 1.6435 | Val Acc 0.6374 | ETputs(KTEPS) 32352.89
2023-10-11 09:53:38,946 - tune.py [line:103] - INFO: Epoch 00140 | Time(s) 0.0201 | Val Loss 1.6317 | Val Acc 0.6549 | ETputs(KTEPS) 32396.85
2023-10-11 09:53:39,404 - tune.py [line:103] - INFO: Epoch 00160 | Time(s) 0.0204 | Val Loss 1.6189 | Val Acc 0.6725 | ETputs(KTEPS) 31930.21
2023-10-11 09:53:39,843 - tune.py [line:103] - INFO: Epoch 00180 | Time(s) 0.0205 | Val Loss 1.5857 | Val Acc 0.6571 | ETputs(KTEPS) 31731.79
2023-10-11 09:53:40,333 - tune.py [line:103] - INFO: Epoch 00200 | Time(s) 0.0209 | Val Loss 1.6288 | Val Acc 0.6681 | ETputs(KTEPS) 31121.42
2023-10-11 09:53:40,712 - tune.py [line:103] - INFO: Epoch 00220 | Time(s) 0.0207 | Val Loss 1.5883 | Val Acc 0.6703 | ETputs(KTEPS) 31393.41
2023-10-11 09:53:41,120 - tune.py [line:103] - INFO: Epoch 00240 | Time(s) 0.0207 | Val Loss 1.6131 | Val Acc 0.6769 | ETputs(KTEPS) 31431.92
2023-10-11 09:53:41,527 - tune.py [line:103] - INFO: Epoch 00260 | Time(s) 0.0206 | Val Loss 1.5415 | Val Acc 0.6967 | ETputs(KTEPS) 31500.38
2023-10-11 09:53:41,983 - tune.py [line:103] - INFO: Epoch 00280 | Time(s) 0.0208 | Val Loss 1.5915 | Val Acc 0.6879 | ETputs(KTEPS) 31267.11
2023-10-11 09:53:42,360 - tune.py [line:103] - INFO: Epoch 00300 | Time(s) 0.0206 | Val Loss 1.5907 | Val Acc 0.7055 | ETputs(KTEPS) 31487.73
2023-10-11 09:53:42,756 - tune.py [line:103] - INFO: Epoch 00320 | Time(s) 0.0206 | Val Loss 1.6443 | Val Acc 0.6835 | ETputs(KTEPS) 31581.91
2023-10-11 09:53:43,119 - tune.py [line:103] - INFO: Epoch 00340 | Time(s) 0.0204 | Val Loss 1.5819 | Val Acc 0.6879 | ETputs(KTEPS) 31801.87
2023-10-11 09:53:43,506 - tune.py [line:103] - INFO: Epoch 00360 | Time(s) 0.0204 | Val Loss 1.6899 | Val Acc 0.6681 | ETputs(KTEPS) 31898.10
2023-10-11 09:53:43,937 - tune.py [line:103] - INFO: Epoch 00380 | Time(s) 0.0204 | Val Loss 1.5624 | Val Acc 0.6659 | ETputs(KTEPS) 31805.59
2023-10-11 09:53:44,372 - tune.py [line:103] - INFO: Epoch 00400 | Time(s) 0.0205 | Val Loss 1.5393 | Val Acc 0.6681 | ETputs(KTEPS) 31707.57
2023-10-11 09:53:44,745 - tune.py [line:103] - INFO: Epoch 00420 | Time(s) 0.0204 | Val Loss 1.5763 | Val Acc 0.6769 | ETputs(KTEPS) 31846.88
2023-10-11 09:53:45,151 - tune.py [line:103] - INFO: Epoch 00440 | Time(s) 0.0204 | Val Loss 1.5952 | Val Acc 0.6791 | ETputs(KTEPS) 31854.12
2023-10-11 09:53:45,553 - tune.py [line:103] - INFO: Epoch 00460 | Time(s) 0.0204 | Val Loss 1.7287 | Val Acc 0.6659 | ETputs(KTEPS) 31879.61
2023-10-11 09:53:45,936 - tune.py [line:103] - INFO: Epoch 00480 | Time(s) 0.0203 | Val Loss 1.6081 | Val Acc 0.6923 | ETputs(KTEPS) 31960.64
2023-10-11 09:53:46,344 - tune.py [line:103] - INFO: Epoch 00500 | Time(s) 0.0203 | Val Loss 1.6434 | Val Acc 0.6791 | ETputs(KTEPS) 31959.14
2023-10-11 09:53:46,737 - tune.py [line:103] - INFO: Epoch 00520 | Time(s) 0.0203 | Val Loss 1.6307 | Val Acc 0.6769 | ETputs(KTEPS) 32000.93
2023-10-11 09:53:47,133 - tune.py [line:103] - INFO: Epoch 00540 | Time(s) 0.0203 | Val Loss 1.6722 | Val Acc 0.6725 | ETputs(KTEPS) 32033.13
2023-10-11 09:53:47,556 - tune.py [line:103] - INFO: Epoch 00560 | Time(s) 0.0203 | Val Loss 1.5816 | Val Acc 0.6725 | ETputs(KTEPS) 31986.26
2023-10-11 09:53:47,999 - tune.py [line:103] - INFO: Epoch 00580 | Time(s) 0.0204 | Val Loss 1.5945 | Val Acc 0.6791 | ETputs(KTEPS) 31890.04
2023-10-11 09:53:48,397 - tune.py [line:103] - INFO: Epoch 00600 | Time(s) 0.0204 | Val Loss 1.6264 | Val Acc 0.6835 | ETputs(KTEPS) 31917.33
2023-10-11 09:53:48,420 - tune.py [line:117] - INFO: [FINAL MODEL] Val accuracy 70.77% \Val loss: 1.6
2023-10-11 09:53:48,423 - tune.py [line:119] - INFO: [FINAL MODEL] Test accuracy 68.49% \Test loss: 1.5
2023-10-11 09:53:48,423 - tune.py [line:144] - INFO: Acc on the first split (Validation Set): 0.7077
2023-10-11 09:53:48,423 - tune.py [line:145] - INFO: Acc on the first split (Test Set): 0.6849
