2023-10-11 09:57:12,543 - tune.py [line:203] - INFO: Namespace(seed=42, model='GPRGNN', gpu=0, dataset='geom-chameleon', logging=True, log_detail=True, log_detailedCh=False, id_log=1011014503, optuna_n_trials=202, n_epochs=2000, self_loop=True, udgraph=True, early_stop=True, patience=300, n_hidden=64, n_cv=1, start_cv=0, n_layers=4, lr1=0.05, lr2=0.04, wd1=1e-05, wd2=0.0001, dropout=0.1, dropout2=0.6, alpha=0.4, es_ckpt='TestTuningScript-geom-chameleon_geom-chameleon_trialNo103')
2023-10-11 09:57:13,288 - tune.py [line:128] - INFO: Split_seeds:[1824]
2023-10-11 09:57:13,288 - tune.py [line:129] - INFO: Model_seeds:[409]
2023-10-11 09:57:13,606 - tune.py [line:103] - INFO: Epoch 00020 | Time(s) 0.0143 | Val Loss 1.4491 | Val Acc 0.5538 | ETputs(KTEPS) 45467.56
2023-10-11 09:57:13,900 - tune.py [line:103] - INFO: Epoch 00040 | Time(s) 0.0141 | Val Loss 1.7730 | Val Acc 0.6110 | ETputs(KTEPS) 45977.11
2023-10-11 09:57:14,197 - tune.py [line:103] - INFO: Epoch 00060 | Time(s) 0.0143 | Val Loss 1.9418 | Val Acc 0.6088 | ETputs(KTEPS) 45374.06
2023-10-11 09:57:14,519 - tune.py [line:103] - INFO: Epoch 00080 | Time(s) 0.0147 | Val Loss 1.9641 | Val Acc 0.6000 | ETputs(KTEPS) 44353.02
2023-10-11 09:57:14,815 - tune.py [line:103] - INFO: Epoch 00100 | Time(s) 0.0146 | Val Loss 1.8324 | Val Acc 0.6615 | ETputs(KTEPS) 44426.13
2023-10-11 09:57:15,107 - tune.py [line:103] - INFO: Epoch 00120 | Time(s) 0.0145 | Val Loss 2.0396 | Val Acc 0.6571 | ETputs(KTEPS) 44695.71
2023-10-11 09:57:15,393 - tune.py [line:103] - INFO: Epoch 00140 | Time(s) 0.0145 | Val Loss 2.1516 | Val Acc 0.6571 | ETputs(KTEPS) 44801.11
2023-10-11 09:57:15,690 - tune.py [line:103] - INFO: Epoch 00160 | Time(s) 0.0146 | Val Loss 2.1381 | Val Acc 0.6681 | ETputs(KTEPS) 44685.63
2023-10-11 09:57:15,988 - tune.py [line:103] - INFO: Epoch 00180 | Time(s) 0.0146 | Val Loss 2.0569 | Val Acc 0.6659 | ETputs(KTEPS) 44565.90
2023-10-11 09:57:16,296 - tune.py [line:103] - INFO: Epoch 00200 | Time(s) 0.0147 | Val Loss 2.1192 | Val Acc 0.6725 | ETputs(KTEPS) 44330.01
2023-10-11 09:57:16,599 - tune.py [line:103] - INFO: Epoch 00220 | Time(s) 0.0147 | Val Loss 2.1724 | Val Acc 0.6637 | ETputs(KTEPS) 44204.20
2023-10-11 09:57:16,917 - tune.py [line:103] - INFO: Epoch 00240 | Time(s) 0.0148 | Val Loss 2.0596 | Val Acc 0.6725 | ETputs(KTEPS) 43953.56
2023-10-11 09:57:17,254 - tune.py [line:103] - INFO: Epoch 00260 | Time(s) 0.0149 | Val Loss 2.0979 | Val Acc 0.6967 | ETputs(KTEPS) 43618.92
2023-10-11 09:57:17,582 - tune.py [line:103] - INFO: Epoch 00280 | Time(s) 0.0150 | Val Loss 2.0406 | Val Acc 0.6945 | ETputs(KTEPS) 43312.39
2023-10-11 09:57:17,902 - tune.py [line:103] - INFO: Epoch 00300 | Time(s) 0.0151 | Val Loss 2.1681 | Val Acc 0.6725 | ETputs(KTEPS) 43125.22
2023-10-11 09:57:18,200 - tune.py [line:103] - INFO: Epoch 00320 | Time(s) 0.0151 | Val Loss 2.0901 | Val Acc 0.6747 | ETputs(KTEPS) 43167.85
2023-10-11 09:57:18,522 - tune.py [line:103] - INFO: Epoch 00340 | Time(s) 0.0151 | Val Loss 2.1596 | Val Acc 0.6637 | ETputs(KTEPS) 42997.94
2023-10-11 09:57:18,839 - tune.py [line:103] - INFO: Epoch 00360 | Time(s) 0.0152 | Val Loss 2.1857 | Val Acc 0.6769 | ETputs(KTEPS) 42880.26
2023-10-11 09:57:19,170 - tune.py [line:103] - INFO: Epoch 00380 | Time(s) 0.0152 | Val Loss 2.1406 | Val Acc 0.6725 | ETputs(KTEPS) 42681.54
2023-10-11 09:57:19,486 - tune.py [line:103] - INFO: Epoch 00400 | Time(s) 0.0153 | Val Loss 2.1841 | Val Acc 0.6879 | ETputs(KTEPS) 42607.55
2023-10-11 09:57:19,778 - tune.py [line:103] - INFO: Epoch 00420 | Time(s) 0.0152 | Val Loss 2.1049 | Val Acc 0.6791 | ETputs(KTEPS) 42716.55
2023-10-11 09:57:20,116 - tune.py [line:103] - INFO: Epoch 00440 | Time(s) 0.0153 | Val Loss 2.1112 | Val Acc 0.6791 | ETputs(KTEPS) 42521.58
2023-10-11 09:57:20,429 - tune.py [line:103] - INFO: Epoch 00460 | Time(s) 0.0153 | Val Loss 2.2863 | Val Acc 0.6857 | ETputs(KTEPS) 42493.52
2023-10-11 09:57:20,775 - tune.py [line:103] - INFO: Epoch 00480 | Time(s) 0.0154 | Val Loss 2.1353 | Val Acc 0.6769 | ETputs(KTEPS) 42268.43
2023-10-11 09:57:21,054 - tune.py [line:103] - INFO: Epoch 00500 | Time(s) 0.0153 | Val Loss 2.1098 | Val Acc 0.6769 | ETputs(KTEPS) 42431.54
2023-10-11 09:57:21,334 - tune.py [line:103] - INFO: Epoch 00520 | Time(s) 0.0153 | Val Loss 2.1973 | Val Acc 0.6835 | ETputs(KTEPS) 42574.56
2023-10-11 09:57:21,668 - tune.py [line:103] - INFO: Epoch 00540 | Time(s) 0.0153 | Val Loss 2.1084 | Val Acc 0.6725 | ETputs(KTEPS) 42430.18
2023-10-11 09:57:21,959 - tune.py [line:103] - INFO: Epoch 00560 | Time(s) 0.0153 | Val Loss 2.2672 | Val Acc 0.6813 | ETputs(KTEPS) 42506.61
2023-10-11 09:57:22,244 - tune.py [line:103] - INFO: Epoch 00580 | Time(s) 0.0153 | Val Loss 2.1789 | Val Acc 0.7055 | ETputs(KTEPS) 42610.63
2023-10-11 09:57:22,509 - tune.py [line:103] - INFO: Epoch 00600 | Time(s) 0.0152 | Val Loss 2.1342 | Val Acc 0.6769 | ETputs(KTEPS) 42804.16
2023-10-11 09:57:22,787 - tune.py [line:103] - INFO: Epoch 00620 | Time(s) 0.0151 | Val Loss 2.1690 | Val Acc 0.6901 | ETputs(KTEPS) 42922.84
2023-10-11 09:57:23,043 - tune.py [line:103] - INFO: Epoch 00640 | Time(s) 0.0151 | Val Loss 2.2237 | Val Acc 0.6835 | ETputs(KTEPS) 43133.49
2023-10-11 09:57:23,310 - tune.py [line:103] - INFO: Epoch 00660 | Time(s) 0.0150 | Val Loss 2.2398 | Val Acc 0.6791 | ETputs(KTEPS) 43283.63
2023-10-11 09:57:23,576 - tune.py [line:103] - INFO: Epoch 00680 | Time(s) 0.0150 | Val Loss 2.2341 | Val Acc 0.6659 | ETputs(KTEPS) 43434.78
2023-10-11 09:57:23,837 - tune.py [line:103] - INFO: Epoch 00700 | Time(s) 0.0149 | Val Loss 2.4872 | Val Acc 0.6725 | ETputs(KTEPS) 43595.06
2023-10-11 09:57:24,111 - tune.py [line:103] - INFO: Epoch 00720 | Time(s) 0.0149 | Val Loss 2.2043 | Val Acc 0.6549 | ETputs(KTEPS) 43696.95
2023-10-11 09:57:24,412 - tune.py [line:103] - INFO: Epoch 00740 | Time(s) 0.0149 | Val Loss 2.3142 | Val Acc 0.6593 | ETputs(KTEPS) 43686.05
2023-10-11 09:57:24,612 - tune.py [line:117] - INFO: [FINAL MODEL] Val accuracy 70.99% \Val loss: 2.0
2023-10-11 09:57:24,613 - tune.py [line:119] - INFO: [FINAL MODEL] Test accuracy 69.37% \Test loss: 2.1
2023-10-11 09:57:24,614 - tune.py [line:144] - INFO: Acc on the first split (Validation Set): 0.7099
2023-10-11 09:57:24,614 - tune.py [line:145] - INFO: Acc on the first split (Test Set): 0.6937
