2023-10-11 09:54:09,709 - tune.py [line:203] - INFO: Namespace(seed=42, model='GPRGNN', gpu=0, dataset='geom-chameleon', logging=True, log_detail=True, log_detailedCh=False, id_log=1011014503, optuna_n_trials=202, n_epochs=2000, self_loop=True, udgraph=True, early_stop=True, patience=300, n_hidden=64, n_cv=1, start_cv=0, n_layers=8, lr1=0.04, lr2=0.04, wd1=1e-05, wd2=1e-08, dropout=0.3, dropout2=0.4, alpha=0.30000000000000004, es_ckpt='TestTuningScript-geom-chameleon_geom-chameleon_trialNo81')
2023-10-11 09:54:10,434 - tune.py [line:128] - INFO: Split_seeds:[1824]
2023-10-11 09:54:10,434 - tune.py [line:129] - INFO: Model_seeds:[409]
2023-10-11 09:54:10,799 - tune.py [line:103] - INFO: Epoch 00020 | Time(s) 0.0168 | Val Loss 1.2790 | Val Acc 0.5736 | ETputs(KTEPS) 38694.68
2023-10-11 09:54:11,203 - tune.py [line:103] - INFO: Epoch 00040 | Time(s) 0.0183 | Val Loss 1.7968 | Val Acc 0.5846 | ETputs(KTEPS) 35558.19
2023-10-11 09:54:11,559 - tune.py [line:103] - INFO: Epoch 00060 | Time(s) 0.0180 | Val Loss 1.8728 | Val Acc 0.6132 | ETputs(KTEPS) 36161.48
2023-10-11 09:54:11,915 - tune.py [line:103] - INFO: Epoch 00080 | Time(s) 0.0179 | Val Loss 1.9482 | Val Acc 0.6242 | ETputs(KTEPS) 36369.24
2023-10-11 09:54:12,275 - tune.py [line:103] - INFO: Epoch 00100 | Time(s) 0.0178 | Val Loss 1.9131 | Val Acc 0.6242 | ETputs(KTEPS) 36487.12
2023-10-11 09:54:12,612 - tune.py [line:103] - INFO: Epoch 00120 | Time(s) 0.0176 | Val Loss 1.8967 | Val Acc 0.6593 | ETputs(KTEPS) 36974.54
2023-10-11 09:54:13,037 - tune.py [line:103] - INFO: Epoch 00140 | Time(s) 0.0180 | Val Loss 1.8945 | Val Acc 0.6725 | ETputs(KTEPS) 36024.10
2023-10-11 09:54:13,407 - tune.py [line:103] - INFO: Epoch 00160 | Time(s) 0.0181 | Val Loss 2.0754 | Val Acc 0.6505 | ETputs(KTEPS) 35946.71
2023-10-11 09:54:13,710 - tune.py [line:103] - INFO: Epoch 00180 | Time(s) 0.0178 | Val Loss 2.0212 | Val Acc 0.6505 | ETputs(KTEPS) 36603.46
2023-10-11 09:54:13,960 - tune.py [line:103] - INFO: Epoch 00200 | Time(s) 0.0172 | Val Loss 2.0053 | Val Acc 0.6659 | ETputs(KTEPS) 37726.67
2023-10-11 09:54:14,222 - tune.py [line:103] - INFO: Epoch 00220 | Time(s) 0.0169 | Val Loss 2.0008 | Val Acc 0.6791 | ETputs(KTEPS) 38571.75
2023-10-11 09:54:14,572 - tune.py [line:103] - INFO: Epoch 00240 | Time(s) 0.0169 | Val Loss 2.0005 | Val Acc 0.6791 | ETputs(KTEPS) 38486.09
2023-10-11 09:54:14,932 - tune.py [line:103] - INFO: Epoch 00260 | Time(s) 0.0170 | Val Loss 1.9701 | Val Acc 0.6967 | ETputs(KTEPS) 38320.82
2023-10-11 09:54:15,294 - tune.py [line:103] - INFO: Epoch 00280 | Time(s) 0.0170 | Val Loss 2.0299 | Val Acc 0.7033 | ETputs(KTEPS) 38228.83
2023-10-11 09:54:15,665 - tune.py [line:103] - INFO: Epoch 00300 | Time(s) 0.0171 | Val Loss 2.1196 | Val Acc 0.6923 | ETputs(KTEPS) 38000.80
2023-10-11 09:54:16,011 - tune.py [line:103] - INFO: Epoch 00320 | Time(s) 0.0171 | Val Loss 2.1132 | Val Acc 0.6791 | ETputs(KTEPS) 37982.41
2023-10-11 09:54:16,376 - tune.py [line:103] - INFO: Epoch 00340 | Time(s) 0.0172 | Val Loss 2.1216 | Val Acc 0.6791 | ETputs(KTEPS) 37839.91
2023-10-11 09:54:16,733 - tune.py [line:103] - INFO: Epoch 00360 | Time(s) 0.0172 | Val Loss 2.1929 | Val Acc 0.6769 | ETputs(KTEPS) 37758.45
2023-10-11 09:54:17,087 - tune.py [line:103] - INFO: Epoch 00380 | Time(s) 0.0172 | Val Loss 2.1185 | Val Acc 0.6879 | ETputs(KTEPS) 37705.07
2023-10-11 09:54:17,443 - tune.py [line:103] - INFO: Epoch 00400 | Time(s) 0.0173 | Val Loss 2.1462 | Val Acc 0.6813 | ETputs(KTEPS) 37649.46
2023-10-11 09:54:17,828 - tune.py [line:103] - INFO: Epoch 00420 | Time(s) 0.0174 | Val Loss 2.2077 | Val Acc 0.6769 | ETputs(KTEPS) 37446.23
2023-10-11 09:54:18,181 - tune.py [line:103] - INFO: Epoch 00440 | Time(s) 0.0174 | Val Loss 1.9934 | Val Acc 0.6857 | ETputs(KTEPS) 37420.56
2023-10-11 09:54:18,561 - tune.py [line:103] - INFO: Epoch 00460 | Time(s) 0.0174 | Val Loss 2.2307 | Val Acc 0.6593 | ETputs(KTEPS) 37269.54
2023-10-11 09:54:18,865 - tune.py [line:103] - INFO: Epoch 00480 | Time(s) 0.0173 | Val Loss 2.4374 | Val Acc 0.6352 | ETputs(KTEPS) 37475.05
2023-10-11 09:54:19,181 - tune.py [line:103] - INFO: Epoch 00500 | Time(s) 0.0173 | Val Loss 2.2649 | Val Acc 0.6549 | ETputs(KTEPS) 37608.83
2023-10-11 09:54:19,522 - tune.py [line:103] - INFO: Epoch 00520 | Time(s) 0.0173 | Val Loss 2.2752 | Val Acc 0.6549 | ETputs(KTEPS) 37631.71
2023-10-11 09:54:19,871 - tune.py [line:103] - INFO: Epoch 00540 | Time(s) 0.0173 | Val Loss 2.2351 | Val Acc 0.6835 | ETputs(KTEPS) 37618.02
2023-10-11 09:54:20,209 - tune.py [line:103] - INFO: Epoch 00560 | Time(s) 0.0173 | Val Loss 2.1895 | Val Acc 0.6725 | ETputs(KTEPS) 37652.29
2023-10-11 09:54:20,586 - tune.py [line:117] - INFO: [FINAL MODEL] Val accuracy 70.55% \Val loss: 2.0
2023-10-11 09:54:20,588 - tune.py [line:119] - INFO: [FINAL MODEL] Test accuracy 66.08% \Test loss: 2.1
2023-10-11 09:54:20,589 - tune.py [line:144] - INFO: Acc on the first split (Validation Set): 0.7055
2023-10-11 09:54:20,589 - tune.py [line:145] - INFO: Acc on the first split (Test Set): 0.6608
