2023-10-11 09:42:53,059 - tune.py [line:203] - INFO: Namespace(seed=42, model='GPRGNN', gpu=0, dataset='geom-chameleon', logging=True, log_detail=True, log_detailedCh=False, id_log=1011014503, optuna_n_trials=202, n_epochs=2000, self_loop=True, udgraph=True, early_stop=True, patience=300, n_hidden=64, n_cv=1, start_cv=0, n_layers=20, lr1=0.03, lr2=0.03, wd1=1e-05, wd2=1e-08, dropout=0.3, dropout2=0.8, alpha=0.30000000000000004, es_ckpt='TestTuningScript-geom-chameleon_geom-chameleon_trialNo9')
2023-10-11 09:42:53,819 - tune.py [line:128] - INFO: Split_seeds:[1824]
2023-10-11 09:42:53,819 - tune.py [line:129] - INFO: Model_seeds:[409]
2023-10-11 09:42:54,314 - tune.py [line:103] - INFO: Epoch 00020 | Time(s) 0.0239 | Val Loss 1.2949 | Val Acc 0.4681 | ETputs(KTEPS) 27259.89
2023-10-11 09:42:54,819 - tune.py [line:103] - INFO: Epoch 00040 | Time(s) 0.0243 | Val Loss 1.2148 | Val Acc 0.5692 | ETputs(KTEPS) 26715.42
2023-10-11 09:42:55,329 - tune.py [line:103] - INFO: Epoch 00060 | Time(s) 0.0246 | Val Loss 1.2156 | Val Acc 0.5407 | ETputs(KTEPS) 26383.06
2023-10-11 09:42:55,866 - tune.py [line:103] - INFO: Epoch 00080 | Time(s) 0.0251 | Val Loss 1.1453 | Val Acc 0.6132 | ETputs(KTEPS) 25855.58
2023-10-11 09:42:56,448 - tune.py [line:103] - INFO: Epoch 00100 | Time(s) 0.0259 | Val Loss 1.1295 | Val Acc 0.6286 | ETputs(KTEPS) 25138.80
2023-10-11 09:42:57,033 - tune.py [line:103] - INFO: Epoch 00120 | Time(s) 0.0264 | Val Loss 1.1427 | Val Acc 0.6220 | ETputs(KTEPS) 24657.82
2023-10-11 09:42:57,562 - tune.py [line:103] - INFO: Epoch 00140 | Time(s) 0.0263 | Val Loss 1.1086 | Val Acc 0.6527 | ETputs(KTEPS) 24703.58
2023-10-11 09:42:58,154 - tune.py [line:103] - INFO: Epoch 00160 | Time(s) 0.0267 | Val Loss 1.1575 | Val Acc 0.6396 | ETputs(KTEPS) 24371.66
2023-10-11 09:42:58,697 - tune.py [line:103] - INFO: Epoch 00180 | Time(s) 0.0267 | Val Loss 1.1416 | Val Acc 0.6527 | ETputs(KTEPS) 24335.05
2023-10-11 09:42:59,278 - tune.py [line:103] - INFO: Epoch 00200 | Time(s) 0.0269 | Val Loss 1.1452 | Val Acc 0.6396 | ETputs(KTEPS) 24126.96
2023-10-11 09:42:59,908 - tune.py [line:103] - INFO: Epoch 00220 | Time(s) 0.0274 | Val Loss 1.1317 | Val Acc 0.6527 | ETputs(KTEPS) 23763.27
2023-10-11 09:43:00,484 - tune.py [line:103] - INFO: Epoch 00240 | Time(s) 0.0275 | Val Loss 1.0638 | Val Acc 0.6835 | ETputs(KTEPS) 23677.40
2023-10-11 09:43:01,002 - tune.py [line:103] - INFO: Epoch 00260 | Time(s) 0.0273 | Val Loss 1.0610 | Val Acc 0.6901 | ETputs(KTEPS) 23795.34
2023-10-11 09:43:01,502 - tune.py [line:103] - INFO: Epoch 00280 | Time(s) 0.0272 | Val Loss 1.0597 | Val Acc 0.6879 | ETputs(KTEPS) 23944.94
2023-10-11 09:43:01,968 - tune.py [line:103] - INFO: Epoch 00300 | Time(s) 0.0269 | Val Loss 1.0724 | Val Acc 0.6725 | ETputs(KTEPS) 24174.79
2023-10-11 09:43:02,554 - tune.py [line:103] - INFO: Epoch 00320 | Time(s) 0.0270 | Val Loss 1.0939 | Val Acc 0.6769 | ETputs(KTEPS) 24040.10
2023-10-11 09:43:03,135 - tune.py [line:103] - INFO: Epoch 00340 | Time(s) 0.0272 | Val Loss 1.0711 | Val Acc 0.6396 | ETputs(KTEPS) 23938.66
2023-10-11 09:43:03,660 - tune.py [line:103] - INFO: Epoch 00360 | Time(s) 0.0271 | Val Loss 1.0802 | Val Acc 0.6637 | ETputs(KTEPS) 23984.28
2023-10-11 09:43:04,130 - tune.py [line:103] - INFO: Epoch 00380 | Time(s) 0.0269 | Val Loss 1.0691 | Val Acc 0.6615 | ETputs(KTEPS) 24153.40
2023-10-11 09:43:04,611 - tune.py [line:103] - INFO: Epoch 00400 | Time(s) 0.0268 | Val Loss 1.0740 | Val Acc 0.6769 | ETputs(KTEPS) 24284.21
2023-10-11 09:43:05,127 - tune.py [line:103] - INFO: Epoch 00420 | Time(s) 0.0267 | Val Loss 1.0530 | Val Acc 0.6505 | ETputs(KTEPS) 24328.16
2023-10-11 09:43:05,698 - tune.py [line:103] - INFO: Epoch 00440 | Time(s) 0.0268 | Val Loss 1.0799 | Val Acc 0.6659 | ETputs(KTEPS) 24253.47
2023-10-11 09:43:06,281 - tune.py [line:103] - INFO: Epoch 00460 | Time(s) 0.0269 | Val Loss 1.0709 | Val Acc 0.6637 | ETputs(KTEPS) 24163.84
2023-10-11 09:43:06,850 - tune.py [line:103] - INFO: Epoch 00480 | Time(s) 0.0270 | Val Loss 1.0570 | Val Acc 0.6835 | ETputs(KTEPS) 24106.04
2023-10-11 09:43:07,376 - tune.py [line:103] - INFO: Epoch 00500 | Time(s) 0.0269 | Val Loss 1.0321 | Val Acc 0.6703 | ETputs(KTEPS) 24131.84
2023-10-11 09:43:07,842 - tune.py [line:103] - INFO: Epoch 00520 | Time(s) 0.0268 | Val Loss 1.0472 | Val Acc 0.6769 | ETputs(KTEPS) 24258.45
2023-10-11 09:43:08,427 - tune.py [line:103] - INFO: Epoch 00540 | Time(s) 0.0269 | Val Loss 1.0444 | Val Acc 0.6725 | ETputs(KTEPS) 24178.29
2023-10-11 09:43:08,917 - tune.py [line:117] - INFO: [FINAL MODEL] Val accuracy 69.45% \Val loss: 1.1
2023-10-11 09:43:08,922 - tune.py [line:119] - INFO: [FINAL MODEL] Test accuracy 64.99% \Test loss: 1.0
2023-10-11 09:43:08,922 - tune.py [line:144] - INFO: Acc on the first split (Validation Set): 0.6945
2023-10-11 09:43:08,922 - tune.py [line:145] - INFO: Acc on the first split (Test Set): 0.6499
