2023-10-11 10:02:58,371 - tune.py [line:203] - INFO: Namespace(seed=42, model='GPRGNN', gpu=0, dataset='geom-chameleon', logging=True, log_detail=True, log_detailedCh=False, id_log=1011014503, optuna_n_trials=202, n_epochs=2000, self_loop=True, udgraph=True, early_stop=True, patience=300, n_hidden=64, n_cv=1, start_cv=0, n_layers=4, lr1=0.04, lr2=0.05, wd1=1e-07, wd2=1e-05, dropout=0.4, dropout2=0.5, alpha=0.30000000000000004, es_ckpt='TestTuningScript-geom-chameleon_geom-chameleon_trialNo165')
2023-10-11 10:02:59,109 - tune.py [line:128] - INFO: Split_seeds:[1824]
2023-10-11 10:02:59,109 - tune.py [line:129] - INFO: Model_seeds:[409]
2023-10-11 10:02:59,381 - tune.py [line:103] - INFO: Epoch 00020 | Time(s) 0.0125 | Val Loss 1.1767 | Val Acc 0.5692 | ETputs(KTEPS) 51916.87
2023-10-11 10:02:59,652 - tune.py [line:103] - INFO: Epoch 00040 | Time(s) 0.0129 | Val Loss 1.5631 | Val Acc 0.5912 | ETputs(KTEPS) 50431.31
2023-10-11 10:02:59,900 - tune.py [line:103] - INFO: Epoch 00060 | Time(s) 0.0127 | Val Loss 1.6933 | Val Acc 0.5956 | ETputs(KTEPS) 51271.57
2023-10-11 10:03:00,190 - tune.py [line:103] - INFO: Epoch 00080 | Time(s) 0.0130 | Val Loss 1.7421 | Val Acc 0.6110 | ETputs(KTEPS) 49973.60
2023-10-11 10:03:00,485 - tune.py [line:103] - INFO: Epoch 00100 | Time(s) 0.0134 | Val Loss 1.7205 | Val Acc 0.6374 | ETputs(KTEPS) 48688.89
2023-10-11 10:03:00,768 - tune.py [line:103] - INFO: Epoch 00120 | Time(s) 0.0134 | Val Loss 1.7332 | Val Acc 0.6374 | ETputs(KTEPS) 48368.06
2023-10-11 10:03:01,043 - tune.py [line:103] - INFO: Epoch 00140 | Time(s) 0.0135 | Val Loss 1.7355 | Val Acc 0.6527 | ETputs(KTEPS) 48295.74
2023-10-11 10:03:01,362 - tune.py [line:103] - INFO: Epoch 00160 | Time(s) 0.0137 | Val Loss 1.7973 | Val Acc 0.6593 | ETputs(KTEPS) 47310.24
2023-10-11 10:03:01,655 - tune.py [line:103] - INFO: Epoch 00180 | Time(s) 0.0138 | Val Loss 1.6586 | Val Acc 0.6791 | ETputs(KTEPS) 47086.49
2023-10-11 10:03:01,937 - tune.py [line:103] - INFO: Epoch 00200 | Time(s) 0.0138 | Val Loss 1.8272 | Val Acc 0.6725 | ETputs(KTEPS) 47076.44
2023-10-11 10:03:02,223 - tune.py [line:103] - INFO: Epoch 00220 | Time(s) 0.0139 | Val Loss 1.7740 | Val Acc 0.6813 | ETputs(KTEPS) 46925.94
2023-10-11 10:03:02,504 - tune.py [line:103] - INFO: Epoch 00240 | Time(s) 0.0138 | Val Loss 1.8503 | Val Acc 0.6945 | ETputs(KTEPS) 46994.23
2023-10-11 10:03:02,781 - tune.py [line:103] - INFO: Epoch 00260 | Time(s) 0.0138 | Val Loss 1.8962 | Val Acc 0.7055 | ETputs(KTEPS) 47037.50
2023-10-11 10:03:03,068 - tune.py [line:103] - INFO: Epoch 00280 | Time(s) 0.0138 | Val Loss 1.7830 | Val Acc 0.7099 | ETputs(KTEPS) 46967.94
2023-10-11 10:03:03,359 - tune.py [line:103] - INFO: Epoch 00300 | Time(s) 0.0139 | Val Loss 1.9331 | Val Acc 0.6945 | ETputs(KTEPS) 46831.25
2023-10-11 10:03:03,620 - tune.py [line:103] - INFO: Epoch 00320 | Time(s) 0.0138 | Val Loss 1.9275 | Val Acc 0.6989 | ETputs(KTEPS) 47015.54
2023-10-11 10:03:03,918 - tune.py [line:103] - INFO: Epoch 00340 | Time(s) 0.0139 | Val Loss 1.9206 | Val Acc 0.6879 | ETputs(KTEPS) 46809.28
2023-10-11 10:03:04,176 - tune.py [line:103] - INFO: Epoch 00360 | Time(s) 0.0138 | Val Loss 2.0639 | Val Acc 0.6989 | ETputs(KTEPS) 46992.61
2023-10-11 10:03:04,447 - tune.py [line:103] - INFO: Epoch 00380 | Time(s) 0.0138 | Val Loss 2.0227 | Val Acc 0.6857 | ETputs(KTEPS) 47048.11
2023-10-11 10:03:04,706 - tune.py [line:103] - INFO: Epoch 00400 | Time(s) 0.0138 | Val Loss 1.9957 | Val Acc 0.6901 | ETputs(KTEPS) 47203.06
2023-10-11 10:03:04,980 - tune.py [line:103] - INFO: Epoch 00420 | Time(s) 0.0138 | Val Loss 1.9691 | Val Acc 0.6945 | ETputs(KTEPS) 47223.81
2023-10-11 10:03:05,263 - tune.py [line:103] - INFO: Epoch 00440 | Time(s) 0.0138 | Val Loss 1.9785 | Val Acc 0.6901 | ETputs(KTEPS) 47166.29
2023-10-11 10:03:05,537 - tune.py [line:103] - INFO: Epoch 00460 | Time(s) 0.0138 | Val Loss 2.0180 | Val Acc 0.6989 | ETputs(KTEPS) 47201.67
2023-10-11 10:03:05,834 - tune.py [line:103] - INFO: Epoch 00480 | Time(s) 0.0138 | Val Loss 2.0281 | Val Acc 0.7011 | ETputs(KTEPS) 47054.01
2023-10-11 10:03:06,143 - tune.py [line:103] - INFO: Epoch 00500 | Time(s) 0.0139 | Val Loss 2.1118 | Val Acc 0.6769 | ETputs(KTEPS) 46835.56
2023-10-11 10:03:06,494 - tune.py [line:103] - INFO: Epoch 00520 | Time(s) 0.0140 | Val Loss 2.1734 | Val Acc 0.6879 | ETputs(KTEPS) 46367.03
2023-10-11 10:03:06,788 - tune.py [line:103] - INFO: Epoch 00540 | Time(s) 0.0140 | Val Loss 2.2504 | Val Acc 0.6769 | ETputs(KTEPS) 46290.16
2023-10-11 10:03:07,092 - tune.py [line:103] - INFO: Epoch 00560 | Time(s) 0.0141 | Val Loss 2.0023 | Val Acc 0.7033 | ETputs(KTEPS) 46157.34
2023-10-11 10:03:07,361 - tune.py [line:103] - INFO: Epoch 00580 | Time(s) 0.0141 | Val Loss 2.2454 | Val Acc 0.6923 | ETputs(KTEPS) 46228.92
2023-10-11 10:03:07,635 - tune.py [line:103] - INFO: Epoch 00600 | Time(s) 0.0141 | Val Loss 2.2632 | Val Acc 0.6901 | ETputs(KTEPS) 46273.49
2023-10-11 10:03:07,893 - tune.py [line:103] - INFO: Epoch 00620 | Time(s) 0.0140 | Val Loss 2.1281 | Val Acc 0.6967 | ETputs(KTEPS) 46394.38
2023-10-11 10:03:08,203 - tune.py [line:103] - INFO: Epoch 00640 | Time(s) 0.0141 | Val Loss 2.1878 | Val Acc 0.7033 | ETputs(KTEPS) 46245.65
2023-10-11 10:03:08,491 - tune.py [line:103] - INFO: Epoch 00660 | Time(s) 0.0141 | Val Loss 2.2635 | Val Acc 0.7055 | ETputs(KTEPS) 46214.69
2023-10-11 10:03:08,793 - tune.py [line:103] - INFO: Epoch 00680 | Time(s) 0.0141 | Val Loss 2.2815 | Val Acc 0.7011 | ETputs(KTEPS) 46115.86
2023-10-11 10:03:09,083 - tune.py [line:103] - INFO: Epoch 00700 | Time(s) 0.0141 | Val Loss 2.2891 | Val Acc 0.6967 | ETputs(KTEPS) 46080.46
2023-10-11 10:03:09,350 - tune.py [line:103] - INFO: Epoch 00720 | Time(s) 0.0141 | Val Loss 2.3277 | Val Acc 0.7055 | ETputs(KTEPS) 46152.06
2023-10-11 10:03:09,621 - tune.py [line:103] - INFO: Epoch 00740 | Time(s) 0.0141 | Val Loss 2.3272 | Val Acc 0.6901 | ETputs(KTEPS) 46212.50
2023-10-11 10:03:09,915 - tune.py [line:103] - INFO: Epoch 00760 | Time(s) 0.0141 | Val Loss 2.3315 | Val Acc 0.7099 | ETputs(KTEPS) 46158.57
2023-10-11 10:03:10,297 - tune.py [line:103] - INFO: Epoch 00780 | Time(s) 0.0142 | Val Loss 2.4239 | Val Acc 0.6945 | ETputs(KTEPS) 45743.19
2023-10-11 10:03:10,659 - tune.py [line:103] - INFO: Epoch 00800 | Time(s) 0.0143 | Val Loss 2.2632 | Val Acc 0.6945 | ETputs(KTEPS) 45438.27
2023-10-11 10:03:10,952 - tune.py [line:103] - INFO: Epoch 00820 | Time(s) 0.0143 | Val Loss 2.2889 | Val Acc 0.6989 | ETputs(KTEPS) 45412.48
2023-10-11 10:03:11,218 - tune.py [line:103] - INFO: Epoch 00840 | Time(s) 0.0143 | Val Loss 2.3599 | Val Acc 0.6967 | ETputs(KTEPS) 45491.54
2023-10-11 10:03:11,485 - tune.py [line:103] - INFO: Epoch 00860 | Time(s) 0.0143 | Val Loss 2.4976 | Val Acc 0.6967 | ETputs(KTEPS) 45563.94
2023-10-11 10:03:11,778 - tune.py [line:103] - INFO: Epoch 00880 | Time(s) 0.0143 | Val Loss 2.4121 | Val Acc 0.6989 | ETputs(KTEPS) 45537.05
2023-10-11 10:03:12,033 - tune.py [line:103] - INFO: Epoch 00900 | Time(s) 0.0142 | Val Loss 2.4396 | Val Acc 0.7033 | ETputs(KTEPS) 45648.42
2023-10-11 10:03:12,444 - tune.py [line:103] - INFO: Epoch 00920 | Time(s) 0.0144 | Val Loss 2.4413 | Val Acc 0.6857 | ETputs(KTEPS) 45216.08
2023-10-11 10:03:12,764 - tune.py [line:103] - INFO: Epoch 00940 | Time(s) 0.0144 | Val Loss 2.4657 | Val Acc 0.6989 | ETputs(KTEPS) 45111.19
2023-10-11 10:03:13,048 - tune.py [line:103] - INFO: Epoch 00960 | Time(s) 0.0144 | Val Loss 2.4580 | Val Acc 0.6923 | ETputs(KTEPS) 45126.10
2023-10-11 10:03:13,316 - tune.py [line:103] - INFO: Epoch 00980 | Time(s) 0.0144 | Val Loss 2.3993 | Val Acc 0.6901 | ETputs(KTEPS) 45191.64
2023-10-11 10:03:13,592 - tune.py [line:103] - INFO: Epoch 01000 | Time(s) 0.0144 | Val Loss 2.5203 | Val Acc 0.6945 | ETputs(KTEPS) 45231.03
2023-10-11 10:03:13,871 - tune.py [line:103] - INFO: Epoch 01020 | Time(s) 0.0144 | Val Loss 2.6257 | Val Acc 0.6923 | ETputs(KTEPS) 45259.72
2023-10-11 10:03:14,008 - tune.py [line:117] - INFO: [FINAL MODEL] Val accuracy 71.65% \Val loss: 2.3
2023-10-11 10:03:14,009 - tune.py [line:119] - INFO: [FINAL MODEL] Test accuracy 67.61% \Test loss: 2.4
2023-10-11 10:03:14,010 - tune.py [line:144] - INFO: Acc on the first split (Validation Set): 0.7165
2023-10-11 10:03:14,010 - tune.py [line:145] - INFO: Acc on the first split (Test Set): 0.6761
