2023-10-11 09:49:44,354 - tune.py [line:203] - INFO: Namespace(seed=42, model='GPRGNN', gpu=0, dataset='geom-chameleon', logging=True, log_detail=True, log_detailedCh=False, id_log=1011014503, optuna_n_trials=202, n_epochs=2000, self_loop=True, udgraph=True, early_stop=True, patience=300, n_hidden=64, n_cv=1, start_cv=0, n_layers=12, lr1=0.05, lr2=0.04, wd1=1e-05, wd2=1e-08, dropout=0.4, dropout2=0.5, alpha=0.7000000000000001, es_ckpt='TestTuningScript-geom-chameleon_geom-chameleon_trialNo53')
2023-10-11 09:49:45,229 - tune.py [line:128] - INFO: Split_seeds:[1824]
2023-10-11 09:49:45,230 - tune.py [line:129] - INFO: Model_seeds:[409]
2023-10-11 09:49:45,612 - tune.py [line:103] - INFO: Epoch 00020 | Time(s) 0.0183 | Val Loss 1.3170 | Val Acc 0.5429 | ETputs(KTEPS) 35558.05
2023-10-11 09:49:45,992 - tune.py [line:103] - INFO: Epoch 00040 | Time(s) 0.0186 | Val Loss 1.6440 | Val Acc 0.6000 | ETputs(KTEPS) 35039.57
2023-10-11 09:49:46,360 - tune.py [line:103] - INFO: Epoch 00060 | Time(s) 0.0184 | Val Loss 1.6322 | Val Acc 0.6110 | ETputs(KTEPS) 35372.97
2023-10-11 09:49:46,735 - tune.py [line:103] - INFO: Epoch 00080 | Time(s) 0.0184 | Val Loss 1.5880 | Val Acc 0.6154 | ETputs(KTEPS) 35395.18
2023-10-11 09:49:47,124 - tune.py [line:103] - INFO: Epoch 00100 | Time(s) 0.0185 | Val Loss 1.5539 | Val Acc 0.6418 | ETputs(KTEPS) 35095.56
2023-10-11 09:49:47,508 - tune.py [line:103] - INFO: Epoch 00120 | Time(s) 0.0186 | Val Loss 1.4970 | Val Acc 0.6462 | ETputs(KTEPS) 34919.32
2023-10-11 09:49:47,930 - tune.py [line:103] - INFO: Epoch 00140 | Time(s) 0.0190 | Val Loss 1.4712 | Val Acc 0.6527 | ETputs(KTEPS) 34300.76
2023-10-11 09:49:48,342 - tune.py [line:103] - INFO: Epoch 00160 | Time(s) 0.0192 | Val Loss 1.5266 | Val Acc 0.6549 | ETputs(KTEPS) 33937.29
2023-10-11 09:49:48,714 - tune.py [line:103] - INFO: Epoch 00180 | Time(s) 0.0191 | Val Loss 1.4307 | Val Acc 0.6769 | ETputs(KTEPS) 34092.91
2023-10-11 09:49:49,128 - tune.py [line:103] - INFO: Epoch 00200 | Time(s) 0.0192 | Val Loss 1.4557 | Val Acc 0.6527 | ETputs(KTEPS) 33845.73
2023-10-11 09:49:49,545 - tune.py [line:103] - INFO: Epoch 00220 | Time(s) 0.0194 | Val Loss 1.4685 | Val Acc 0.6615 | ETputs(KTEPS) 33586.25
2023-10-11 09:49:49,959 - tune.py [line:103] - INFO: Epoch 00240 | Time(s) 0.0195 | Val Loss 1.5049 | Val Acc 0.6703 | ETputs(KTEPS) 33398.43
2023-10-11 09:49:50,466 - tune.py [line:103] - INFO: Epoch 00260 | Time(s) 0.0199 | Val Loss 1.4385 | Val Acc 0.6791 | ETputs(KTEPS) 32643.52
2023-10-11 09:49:50,886 - tune.py [line:103] - INFO: Epoch 00280 | Time(s) 0.0200 | Val Loss 1.4778 | Val Acc 0.6879 | ETputs(KTEPS) 32541.76
2023-10-11 09:49:51,277 - tune.py [line:103] - INFO: Epoch 00300 | Time(s) 0.0199 | Val Loss 1.4778 | Val Acc 0.6747 | ETputs(KTEPS) 32593.28
2023-10-11 09:49:51,667 - tune.py [line:103] - INFO: Epoch 00320 | Time(s) 0.0199 | Val Loss 1.5493 | Val Acc 0.6747 | ETputs(KTEPS) 32643.00
2023-10-11 09:49:52,071 - tune.py [line:103] - INFO: Epoch 00340 | Time(s) 0.0199 | Val Loss 1.5629 | Val Acc 0.6615 | ETputs(KTEPS) 32617.53
2023-10-11 09:49:52,450 - tune.py [line:103] - INFO: Epoch 00360 | Time(s) 0.0199 | Val Loss 1.6681 | Val Acc 0.6637 | ETputs(KTEPS) 32709.62
2023-10-11 09:49:52,858 - tune.py [line:103] - INFO: Epoch 00380 | Time(s) 0.0199 | Val Loss 1.4511 | Val Acc 0.6615 | ETputs(KTEPS) 32665.49
2023-10-11 09:49:53,326 - tune.py [line:103] - INFO: Epoch 00400 | Time(s) 0.0201 | Val Loss 1.4843 | Val Acc 0.6725 | ETputs(KTEPS) 32383.36
2023-10-11 09:49:53,799 - tune.py [line:103] - INFO: Epoch 00420 | Time(s) 0.0202 | Val Loss 1.4954 | Val Acc 0.6813 | ETputs(KTEPS) 32121.38
2023-10-11 09:49:54,197 - tune.py [line:103] - INFO: Epoch 00440 | Time(s) 0.0202 | Val Loss 1.4320 | Val Acc 0.6857 | ETputs(KTEPS) 32156.80
2023-10-11 09:49:54,569 - tune.py [line:103] - INFO: Epoch 00460 | Time(s) 0.0201 | Val Loss 1.5274 | Val Acc 0.6901 | ETputs(KTEPS) 32268.56
2023-10-11 09:49:55,048 - tune.py [line:103] - INFO: Epoch 00480 | Time(s) 0.0203 | Val Loss 1.4342 | Val Acc 0.6725 | ETputs(KTEPS) 32020.46
2023-10-11 09:49:55,512 - tune.py [line:103] - INFO: Epoch 00500 | Time(s) 0.0204 | Val Loss 1.4416 | Val Acc 0.6637 | ETputs(KTEPS) 31840.66
2023-10-11 09:49:56,026 - tune.py [line:103] - INFO: Epoch 00520 | Time(s) 0.0206 | Val Loss 1.5049 | Val Acc 0.6703 | ETputs(KTEPS) 31527.54
2023-10-11 09:49:56,500 - tune.py [line:103] - INFO: Epoch 00540 | Time(s) 0.0207 | Val Loss 1.4804 | Val Acc 0.6615 | ETputs(KTEPS) 31356.62
2023-10-11 09:49:56,972 - tune.py [line:103] - INFO: Epoch 00560 | Time(s) 0.0208 | Val Loss 1.4438 | Val Acc 0.6725 | ETputs(KTEPS) 31205.16
2023-10-11 09:49:57,434 - tune.py [line:103] - INFO: Epoch 00580 | Time(s) 0.0209 | Val Loss 1.4891 | Val Acc 0.6637 | ETputs(KTEPS) 31090.85
2023-10-11 09:49:57,842 - tune.py [line:103] - INFO: Epoch 00600 | Time(s) 0.0209 | Val Loss 1.4818 | Val Acc 0.6879 | ETputs(KTEPS) 31115.79
2023-10-11 09:49:58,240 - tune.py [line:103] - INFO: Epoch 00620 | Time(s) 0.0209 | Val Loss 1.4887 | Val Acc 0.6659 | ETputs(KTEPS) 31165.67
2023-10-11 09:49:58,616 - tune.py [line:103] - INFO: Epoch 00640 | Time(s) 0.0208 | Val Loss 1.5729 | Val Acc 0.6791 | ETputs(KTEPS) 31264.24
2023-10-11 09:49:59,003 - tune.py [line:103] - INFO: Epoch 00660 | Time(s) 0.0208 | Val Loss 1.4653 | Val Acc 0.6901 | ETputs(KTEPS) 31331.78
2023-10-11 09:49:59,385 - tune.py [line:103] - INFO: Epoch 00680 | Time(s) 0.0207 | Val Loss 1.4671 | Val Acc 0.6791 | ETputs(KTEPS) 31405.34
2023-10-11 09:49:59,774 - tune.py [line:103] - INFO: Epoch 00700 | Time(s) 0.0207 | Val Loss 1.5030 | Val Acc 0.6549 | ETputs(KTEPS) 31461.86
2023-10-11 09:50:00,169 - tune.py [line:103] - INFO: Epoch 00720 | Time(s) 0.0206 | Val Loss 1.4611 | Val Acc 0.6901 | ETputs(KTEPS) 31501.90
2023-10-11 09:50:00,262 - tune.py [line:117] - INFO: [FINAL MODEL] Val accuracy 71.21% \Val loss: 1.4
2023-10-11 09:50:00,266 - tune.py [line:119] - INFO: [FINAL MODEL] Test accuracy 68.05% \Test loss: 1.4
2023-10-11 09:50:00,266 - tune.py [line:144] - INFO: Acc on the first split (Validation Set): 0.7121
2023-10-11 09:50:00,267 - tune.py [line:145] - INFO: Acc on the first split (Test Set): 0.6805
