2023-10-11 09:51:12,195 - tune.py [line:203] - INFO: Namespace(seed=42, model='GPRGNN', gpu=0, dataset='geom-chameleon', logging=True, log_detail=True, log_detailedCh=False, id_log=1011014503, optuna_n_trials=202, n_epochs=2000, self_loop=True, udgraph=True, early_stop=True, patience=300, n_hidden=64, n_cv=1, start_cv=0, n_layers=12, lr1=0.05, lr2=0.04, wd1=1e-05, wd2=1e-07, dropout=0.3, dropout2=0.5, alpha=0.30000000000000004, es_ckpt='TestTuningScript-geom-chameleon_geom-chameleon_trialNo62')
2023-10-11 09:51:13,099 - tune.py [line:128] - INFO: Split_seeds:[1824]
2023-10-11 09:51:13,099 - tune.py [line:129] - INFO: Model_seeds:[409]
2023-10-11 09:51:13,510 - tune.py [line:103] - INFO: Epoch 00020 | Time(s) 0.0193 | Val Loss 1.2688 | Val Acc 0.5714 | ETputs(KTEPS) 33698.06
2023-10-11 09:51:13,888 - tune.py [line:103] - INFO: Epoch 00040 | Time(s) 0.0189 | Val Loss 1.7378 | Val Acc 0.6000 | ETputs(KTEPS) 34488.07
2023-10-11 09:51:14,253 - tune.py [line:103] - INFO: Epoch 00060 | Time(s) 0.0187 | Val Loss 1.7962 | Val Acc 0.6088 | ETputs(KTEPS) 34851.40
2023-10-11 09:51:14,631 - tune.py [line:103] - INFO: Epoch 00080 | Time(s) 0.0186 | Val Loss 1.7754 | Val Acc 0.6374 | ETputs(KTEPS) 34928.00
2023-10-11 09:51:15,027 - tune.py [line:103] - INFO: Epoch 00100 | Time(s) 0.0188 | Val Loss 1.6917 | Val Acc 0.6440 | ETputs(KTEPS) 34532.65
2023-10-11 09:51:15,420 - tune.py [line:103] - INFO: Epoch 00120 | Time(s) 0.0189 | Val Loss 1.7805 | Val Acc 0.6440 | ETputs(KTEPS) 34344.72
2023-10-11 09:51:15,802 - tune.py [line:103] - INFO: Epoch 00140 | Time(s) 0.0189 | Val Loss 1.7164 | Val Acc 0.6505 | ETputs(KTEPS) 34377.27
2023-10-11 09:51:16,192 - tune.py [line:103] - INFO: Epoch 00160 | Time(s) 0.0190 | Val Loss 1.7719 | Val Acc 0.6703 | ETputs(KTEPS) 34274.36
2023-10-11 09:51:16,642 - tune.py [line:103] - INFO: Epoch 00180 | Time(s) 0.0193 | Val Loss 1.7484 | Val Acc 0.6637 | ETputs(KTEPS) 33609.84
2023-10-11 09:51:17,020 - tune.py [line:103] - INFO: Epoch 00200 | Time(s) 0.0193 | Val Loss 1.7300 | Val Acc 0.6703 | ETputs(KTEPS) 33689.70
2023-10-11 09:51:17,449 - tune.py [line:103] - INFO: Epoch 00220 | Time(s) 0.0195 | Val Loss 1.7554 | Val Acc 0.6813 | ETputs(KTEPS) 33377.17
2023-10-11 09:51:17,844 - tune.py [line:103] - INFO: Epoch 00240 | Time(s) 0.0195 | Val Loss 1.7658 | Val Acc 0.6857 | ETputs(KTEPS) 33341.10
2023-10-11 09:51:18,239 - tune.py [line:103] - INFO: Epoch 00260 | Time(s) 0.0195 | Val Loss 1.6787 | Val Acc 0.6879 | ETputs(KTEPS) 33335.99
2023-10-11 09:51:18,632 - tune.py [line:103] - INFO: Epoch 00280 | Time(s) 0.0195 | Val Loss 1.7557 | Val Acc 0.6923 | ETputs(KTEPS) 33336.11
2023-10-11 09:51:19,015 - tune.py [line:103] - INFO: Epoch 00300 | Time(s) 0.0195 | Val Loss 1.8295 | Val Acc 0.7055 | ETputs(KTEPS) 33375.61
2023-10-11 09:51:19,411 - tune.py [line:103] - INFO: Epoch 00320 | Time(s) 0.0195 | Val Loss 1.8890 | Val Acc 0.6571 | ETputs(KTEPS) 33344.78
2023-10-11 09:51:19,843 - tune.py [line:103] - INFO: Epoch 00340 | Time(s) 0.0196 | Val Loss 1.8809 | Val Acc 0.6901 | ETputs(KTEPS) 33139.77
2023-10-11 09:51:20,278 - tune.py [line:103] - INFO: Epoch 00360 | Time(s) 0.0197 | Val Loss 1.9686 | Val Acc 0.6835 | ETputs(KTEPS) 32939.52
2023-10-11 09:51:20,713 - tune.py [line:103] - INFO: Epoch 00380 | Time(s) 0.0198 | Val Loss 1.8699 | Val Acc 0.6615 | ETputs(KTEPS) 32769.97
2023-10-11 09:51:21,133 - tune.py [line:103] - INFO: Epoch 00400 | Time(s) 0.0199 | Val Loss 1.6976 | Val Acc 0.6835 | ETputs(KTEPS) 32677.36
2023-10-11 09:51:21,510 - tune.py [line:103] - INFO: Epoch 00420 | Time(s) 0.0198 | Val Loss 1.7362 | Val Acc 0.6725 | ETputs(KTEPS) 32760.41
2023-10-11 09:51:21,883 - tune.py [line:103] - INFO: Epoch 00440 | Time(s) 0.0198 | Val Loss 1.6804 | Val Acc 0.6989 | ETputs(KTEPS) 32852.08
2023-10-11 09:51:22,272 - tune.py [line:103] - INFO: Epoch 00460 | Time(s) 0.0198 | Val Loss 1.8511 | Val Acc 0.6791 | ETputs(KTEPS) 32877.45
2023-10-11 09:51:22,660 - tune.py [line:103] - INFO: Epoch 00480 | Time(s) 0.0198 | Val Loss 1.7151 | Val Acc 0.6791 | ETputs(KTEPS) 32916.22
2023-10-11 09:51:23,055 - tune.py [line:103] - INFO: Epoch 00500 | Time(s) 0.0198 | Val Loss 1.7395 | Val Acc 0.6791 | ETputs(KTEPS) 32919.24
2023-10-11 09:51:23,470 - tune.py [line:103] - INFO: Epoch 00520 | Time(s) 0.0198 | Val Loss 1.8351 | Val Acc 0.6637 | ETputs(KTEPS) 32853.97
2023-10-11 09:51:23,830 - tune.py [line:103] - INFO: Epoch 00540 | Time(s) 0.0197 | Val Loss 1.8500 | Val Acc 0.6857 | ETputs(KTEPS) 32966.14
2023-10-11 09:51:24,191 - tune.py [line:103] - INFO: Epoch 00560 | Time(s) 0.0197 | Val Loss 1.8856 | Val Acc 0.6615 | ETputs(KTEPS) 33068.16
2023-10-11 09:51:24,624 - tune.py [line:103] - INFO: Epoch 00580 | Time(s) 0.0197 | Val Loss 1.7586 | Val Acc 0.6967 | ETputs(KTEPS) 32954.67
2023-10-11 09:51:25,069 - tune.py [line:103] - INFO: Epoch 00600 | Time(s) 0.0198 | Val Loss 1.8286 | Val Acc 0.6901 | ETputs(KTEPS) 32817.61
2023-10-11 09:51:25,481 - tune.py [line:103] - INFO: Epoch 00620 | Time(s) 0.0198 | Val Loss 1.8010 | Val Acc 0.6835 | ETputs(KTEPS) 32777.96
2023-10-11 09:51:25,869 - tune.py [line:103] - INFO: Epoch 00640 | Time(s) 0.0198 | Val Loss 1.9108 | Val Acc 0.6769 | ETputs(KTEPS) 32802.42
2023-10-11 09:51:26,258 - tune.py [line:103] - INFO: Epoch 00660 | Time(s) 0.0198 | Val Loss 1.8048 | Val Acc 0.6879 | ETputs(KTEPS) 32822.34
2023-10-11 09:51:26,639 - tune.py [line:103] - INFO: Epoch 00680 | Time(s) 0.0198 | Val Loss 1.9741 | Val Acc 0.6901 | ETputs(KTEPS) 32859.48
2023-10-11 09:51:26,934 - tune.py [line:103] - INFO: Epoch 00700 | Time(s) 0.0196 | Val Loss 1.9378 | Val Acc 0.6857 | ETputs(KTEPS) 33103.25
2023-10-11 09:51:27,243 - tune.py [line:103] - INFO: Epoch 00720 | Time(s) 0.0195 | Val Loss 1.9413 | Val Acc 0.6725 | ETputs(KTEPS) 33302.33
2023-10-11 09:51:27,648 - tune.py [line:103] - INFO: Epoch 00740 | Time(s) 0.0195 | Val Loss 1.8690 | Val Acc 0.6835 | ETputs(KTEPS) 33270.79
2023-10-11 09:51:28,033 - tune.py [line:103] - INFO: Epoch 00760 | Time(s) 0.0195 | Val Loss 1.9162 | Val Acc 0.6659 | ETputs(KTEPS) 33284.19
2023-10-11 09:51:28,113 - tune.py [line:117] - INFO: [FINAL MODEL] Val accuracy 70.77% \Val loss: 1.7
2023-10-11 09:51:28,116 - tune.py [line:119] - INFO: [FINAL MODEL] Test accuracy 66.30% \Test loss: 1.7
2023-10-11 09:51:28,116 - tune.py [line:144] - INFO: Acc on the first split (Validation Set): 0.7077
2023-10-11 09:51:28,117 - tune.py [line:145] - INFO: Acc on the first split (Test Set): 0.6630
