2023-10-11 09:53:07,281 - tune.py [line:203] - INFO: Namespace(seed=42, model='GPRGNN', gpu=0, dataset='geom-chameleon', logging=True, log_detail=True, log_detailedCh=False, id_log=1011014503, optuna_n_trials=202, n_epochs=2000, self_loop=True, udgraph=True, early_stop=True, patience=300, n_hidden=64, n_cv=1, start_cv=0, n_layers=12, lr1=0.04, lr2=0.04, wd1=1e-05, wd2=1e-06, dropout=0.3, dropout2=0.4, alpha=0.2, es_ckpt='TestTuningScript-geom-chameleon_geom-chameleon_trialNo71')
2023-10-11 09:53:08,211 - tune.py [line:128] - INFO: Split_seeds:[1824]
2023-10-11 09:53:08,211 - tune.py [line:129] - INFO: Model_seeds:[409]
2023-10-11 09:53:08,661 - tune.py [line:103] - INFO: Epoch 00020 | Time(s) 0.0205 | Val Loss 1.2540 | Val Acc 0.5736 | ETputs(KTEPS) 31680.08
2023-10-11 09:53:09,068 - tune.py [line:103] - INFO: Epoch 00040 | Time(s) 0.0202 | Val Loss 1.7520 | Val Acc 0.6000 | ETputs(KTEPS) 32211.20
2023-10-11 09:53:09,494 - tune.py [line:103] - INFO: Epoch 00060 | Time(s) 0.0206 | Val Loss 1.9041 | Val Acc 0.6110 | ETputs(KTEPS) 31631.98
2023-10-11 09:53:09,950 - tune.py [line:103] - INFO: Epoch 00080 | Time(s) 0.0209 | Val Loss 1.9075 | Val Acc 0.6308 | ETputs(KTEPS) 31046.09
2023-10-11 09:53:10,367 - tune.py [line:103] - INFO: Epoch 00100 | Time(s) 0.0209 | Val Loss 1.8945 | Val Acc 0.6396 | ETputs(KTEPS) 31147.37
2023-10-11 09:53:10,790 - tune.py [line:103] - INFO: Epoch 00120 | Time(s) 0.0209 | Val Loss 1.9398 | Val Acc 0.6571 | ETputs(KTEPS) 31109.97
2023-10-11 09:53:11,203 - tune.py [line:103] - INFO: Epoch 00140 | Time(s) 0.0208 | Val Loss 1.9860 | Val Acc 0.6725 | ETputs(KTEPS) 31264.74
2023-10-11 09:53:11,577 - tune.py [line:103] - INFO: Epoch 00160 | Time(s) 0.0205 | Val Loss 2.0879 | Val Acc 0.6396 | ETputs(KTEPS) 31661.51
2023-10-11 09:53:11,963 - tune.py [line:103] - INFO: Epoch 00180 | Time(s) 0.0204 | Val Loss 2.0592 | Val Acc 0.6505 | ETputs(KTEPS) 31896.67
2023-10-11 09:53:12,354 - tune.py [line:103] - INFO: Epoch 00200 | Time(s) 0.0203 | Val Loss 2.1455 | Val Acc 0.6418 | ETputs(KTEPS) 32030.36
2023-10-11 09:53:12,764 - tune.py [line:103] - INFO: Epoch 00220 | Time(s) 0.0203 | Val Loss 2.0873 | Val Acc 0.6791 | ETputs(KTEPS) 32042.89
2023-10-11 09:53:13,181 - tune.py [line:103] - INFO: Epoch 00240 | Time(s) 0.0203 | Val Loss 2.2417 | Val Acc 0.6615 | ETputs(KTEPS) 31966.90
2023-10-11 09:53:13,633 - tune.py [line:103] - INFO: Epoch 00260 | Time(s) 0.0205 | Val Loss 2.1092 | Val Acc 0.6923 | ETputs(KTEPS) 31717.08
2023-10-11 09:53:14,082 - tune.py [line:103] - INFO: Epoch 00280 | Time(s) 0.0206 | Val Loss 2.1652 | Val Acc 0.6967 | ETputs(KTEPS) 31503.19
2023-10-11 09:53:14,601 - tune.py [line:103] - INFO: Epoch 00300 | Time(s) 0.0210 | Val Loss 2.1997 | Val Acc 0.6857 | ETputs(KTEPS) 30999.04
2023-10-11 09:53:15,019 - tune.py [line:103] - INFO: Epoch 00320 | Time(s) 0.0210 | Val Loss 2.1642 | Val Acc 0.6879 | ETputs(KTEPS) 31005.44
2023-10-11 09:53:15,428 - tune.py [line:103] - INFO: Epoch 00340 | Time(s) 0.0209 | Val Loss 2.2201 | Val Acc 0.6659 | ETputs(KTEPS) 31055.45
2023-10-11 09:53:15,722 - tune.py [line:103] - INFO: Epoch 00360 | Time(s) 0.0206 | Val Loss 2.3374 | Val Acc 0.6681 | ETputs(KTEPS) 31579.06
2023-10-11 09:53:16,130 - tune.py [line:103] - INFO: Epoch 00380 | Time(s) 0.0206 | Val Loss 2.1565 | Val Acc 0.6901 | ETputs(KTEPS) 31594.82
2023-10-11 09:53:16,515 - tune.py [line:103] - INFO: Epoch 00400 | Time(s) 0.0205 | Val Loss 2.0818 | Val Acc 0.6747 | ETputs(KTEPS) 31700.23
2023-10-11 09:53:16,910 - tune.py [line:103] - INFO: Epoch 00420 | Time(s) 0.0205 | Val Loss 2.1649 | Val Acc 0.6791 | ETputs(KTEPS) 31757.08
2023-10-11 09:53:17,305 - tune.py [line:103] - INFO: Epoch 00440 | Time(s) 0.0204 | Val Loss 2.0822 | Val Acc 0.6791 | ETputs(KTEPS) 31810.85
2023-10-11 09:53:17,745 - tune.py [line:103] - INFO: Epoch 00460 | Time(s) 0.0205 | Val Loss 2.2454 | Val Acc 0.6659 | ETputs(KTEPS) 31706.74
2023-10-11 09:53:18,163 - tune.py [line:103] - INFO: Epoch 00480 | Time(s) 0.0205 | Val Loss 2.3615 | Val Acc 0.6813 | ETputs(KTEPS) 31682.29
2023-10-11 09:53:18,599 - tune.py [line:103] - INFO: Epoch 00500 | Time(s) 0.0206 | Val Loss 2.2062 | Val Acc 0.6637 | ETputs(KTEPS) 31604.73
2023-10-11 09:53:19,051 - tune.py [line:103] - INFO: Epoch 00520 | Time(s) 0.0206 | Val Loss 2.3615 | Val Acc 0.6418 | ETputs(KTEPS) 31487.11
2023-10-11 09:53:19,502 - tune.py [line:103] - INFO: Epoch 00540 | Time(s) 0.0207 | Val Loss 2.3113 | Val Acc 0.6659 | ETputs(KTEPS) 31382.15
2023-10-11 09:53:19,991 - tune.py [line:103] - INFO: Epoch 00560 | Time(s) 0.0209 | Val Loss 2.3344 | Val Acc 0.6527 | ETputs(KTEPS) 31182.87
2023-10-11 09:53:20,392 - tune.py [line:103] - INFO: Epoch 00580 | Time(s) 0.0208 | Val Loss 2.2028 | Val Acc 0.6659 | ETputs(KTEPS) 31225.83
2023-10-11 09:53:20,420 - tune.py [line:117] - INFO: [FINAL MODEL] Val accuracy 69.89% \Val loss: 2.2
2023-10-11 09:53:20,424 - tune.py [line:119] - INFO: [FINAL MODEL] Test accuracy 66.08% \Test loss: 2.2
2023-10-11 09:53:20,424 - tune.py [line:144] - INFO: Acc on the first split (Validation Set): 0.6989
2023-10-11 09:53:20,424 - tune.py [line:145] - INFO: Acc on the first split (Test Set): 0.6608
