2023-10-11 09:50:59,806 - tune.py [line:203] - INFO: Namespace(seed=42, model='GPRGNN', gpu=0, dataset='geom-chameleon', logging=True, log_detail=True, log_detailedCh=False, id_log=1011014503, optuna_n_trials=202, n_epochs=2000, self_loop=True, udgraph=True, early_stop=True, patience=300, n_hidden=64, n_cv=1, start_cv=0, n_layers=12, lr1=0.05, lr2=0.04, wd1=1e-05, wd2=1e-07, dropout=0.4, dropout2=0.5, alpha=0.7000000000000001, es_ckpt='TestTuningScript-geom-chameleon_geom-chameleon_trialNo61')
2023-10-11 09:51:00,529 - tune.py [line:128] - INFO: Split_seeds:[1824]
2023-10-11 09:51:00,529 - tune.py [line:129] - INFO: Model_seeds:[409]
2023-10-11 09:51:00,950 - tune.py [line:103] - INFO: Epoch 00020 | Time(s) 0.0202 | Val Loss 1.3170 | Val Acc 0.5429 | ETputs(KTEPS) 32182.66
2023-10-11 09:51:01,333 - tune.py [line:103] - INFO: Epoch 00040 | Time(s) 0.0196 | Val Loss 1.6440 | Val Acc 0.6000 | ETputs(KTEPS) 33228.04
2023-10-11 09:51:01,714 - tune.py [line:103] - INFO: Epoch 00060 | Time(s) 0.0193 | Val Loss 1.6309 | Val Acc 0.6132 | ETputs(KTEPS) 33728.21
2023-10-11 09:51:02,141 - tune.py [line:103] - INFO: Epoch 00080 | Time(s) 0.0197 | Val Loss 1.5890 | Val Acc 0.6132 | ETputs(KTEPS) 33028.46
2023-10-11 09:51:02,544 - tune.py [line:103] - INFO: Epoch 00100 | Time(s) 0.0197 | Val Loss 1.5459 | Val Acc 0.6418 | ETputs(KTEPS) 33034.22
2023-10-11 09:51:03,021 - tune.py [line:103] - INFO: Epoch 00120 | Time(s) 0.0203 | Val Loss 1.4963 | Val Acc 0.6462 | ETputs(KTEPS) 31954.07
2023-10-11 09:51:03,462 - tune.py [line:103] - INFO: Epoch 00140 | Time(s) 0.0206 | Val Loss 1.4598 | Val Acc 0.6571 | ETputs(KTEPS) 31637.62
2023-10-11 09:51:03,954 - tune.py [line:103] - INFO: Epoch 00160 | Time(s) 0.0210 | Val Loss 1.4938 | Val Acc 0.6527 | ETputs(KTEPS) 30902.31
2023-10-11 09:51:04,377 - tune.py [line:103] - INFO: Epoch 00180 | Time(s) 0.0210 | Val Loss 1.4328 | Val Acc 0.6769 | ETputs(KTEPS) 30923.09
2023-10-11 09:51:04,804 - tune.py [line:103] - INFO: Epoch 00200 | Time(s) 0.0211 | Val Loss 1.4842 | Val Acc 0.6505 | ETputs(KTEPS) 30874.14
2023-10-11 09:51:05,187 - tune.py [line:103] - INFO: Epoch 00220 | Time(s) 0.0209 | Val Loss 1.4794 | Val Acc 0.6637 | ETputs(KTEPS) 31135.89
2023-10-11 09:51:05,616 - tune.py [line:103] - INFO: Epoch 00240 | Time(s) 0.0209 | Val Loss 1.5122 | Val Acc 0.6703 | ETputs(KTEPS) 31067.11
2023-10-11 09:51:06,053 - tune.py [line:103] - INFO: Epoch 00260 | Time(s) 0.0210 | Val Loss 1.4638 | Val Acc 0.6791 | ETputs(KTEPS) 31001.03
2023-10-11 09:51:06,474 - tune.py [line:103] - INFO: Epoch 00280 | Time(s) 0.0210 | Val Loss 1.5126 | Val Acc 0.6703 | ETputs(KTEPS) 31019.97
2023-10-11 09:51:06,890 - tune.py [line:103] - INFO: Epoch 00300 | Time(s) 0.0209 | Val Loss 1.4885 | Val Acc 0.6747 | ETputs(KTEPS) 31037.74
2023-10-11 09:51:07,312 - tune.py [line:103] - INFO: Epoch 00320 | Time(s) 0.0210 | Val Loss 1.5375 | Val Acc 0.6769 | ETputs(KTEPS) 31024.15
2023-10-11 09:51:07,727 - tune.py [line:103] - INFO: Epoch 00340 | Time(s) 0.0209 | Val Loss 1.5457 | Val Acc 0.6769 | ETputs(KTEPS) 31046.23
2023-10-11 09:51:08,182 - tune.py [line:103] - INFO: Epoch 00360 | Time(s) 0.0210 | Val Loss 1.6172 | Val Acc 0.6659 | ETputs(KTEPS) 30900.06
2023-10-11 09:51:08,594 - tune.py [line:103] - INFO: Epoch 00380 | Time(s) 0.0210 | Val Loss 1.4545 | Val Acc 0.6571 | ETputs(KTEPS) 30935.56
2023-10-11 09:51:08,986 - tune.py [line:103] - INFO: Epoch 00400 | Time(s) 0.0209 | Val Loss 1.4677 | Val Acc 0.6703 | ETputs(KTEPS) 31041.22
2023-10-11 09:51:09,359 - tune.py [line:103] - INFO: Epoch 00420 | Time(s) 0.0208 | Val Loss 1.5085 | Val Acc 0.6659 | ETputs(KTEPS) 31204.34
2023-10-11 09:51:09,646 - tune.py [line:103] - INFO: Epoch 00440 | Time(s) 0.0205 | Val Loss 1.4446 | Val Acc 0.6725 | ETputs(KTEPS) 31653.16
2023-10-11 09:51:09,950 - tune.py [line:103] - INFO: Epoch 00460 | Time(s) 0.0203 | Val Loss 1.4565 | Val Acc 0.6615 | ETputs(KTEPS) 32016.43
2023-10-11 09:51:10,313 - tune.py [line:103] - INFO: Epoch 00480 | Time(s) 0.0202 | Val Loss 1.4559 | Val Acc 0.6747 | ETputs(KTEPS) 32160.87
2023-10-11 09:51:10,709 - tune.py [line:103] - INFO: Epoch 00500 | Time(s) 0.0202 | Val Loss 1.4614 | Val Acc 0.6835 | ETputs(KTEPS) 32190.54
2023-10-11 09:51:11,135 - tune.py [line:103] - INFO: Epoch 00520 | Time(s) 0.0202 | Val Loss 1.5159 | Val Acc 0.6703 | ETputs(KTEPS) 32124.45
2023-10-11 09:51:11,520 - tune.py [line:103] - INFO: Epoch 00540 | Time(s) 0.0202 | Val Loss 1.4696 | Val Acc 0.6725 | ETputs(KTEPS) 32184.58
2023-10-11 09:51:11,915 - tune.py [line:103] - INFO: Epoch 00560 | Time(s) 0.0202 | Val Loss 1.4561 | Val Acc 0.6769 | ETputs(KTEPS) 32209.61
2023-10-11 09:51:12,049 - tune.py [line:117] - INFO: [FINAL MODEL] Val accuracy 69.89% \Val loss: 1.5
2023-10-11 09:51:12,053 - tune.py [line:119] - INFO: [FINAL MODEL] Test accuracy 65.65% \Test loss: 1.4
2023-10-11 09:51:12,053 - tune.py [line:144] - INFO: Acc on the first split (Validation Set): 0.6989
2023-10-11 09:51:12,053 - tune.py [line:145] - INFO: Acc on the first split (Test Set): 0.6565
