2023-10-11 09:54:22,117 - tune.py [line:203] - INFO: Namespace(seed=42, model='GPRGNN', gpu=0, dataset='geom-chameleon', logging=True, log_detail=True, log_detailedCh=False, id_log=1011014503, optuna_n_trials=202, n_epochs=2000, self_loop=True, udgraph=True, early_stop=True, patience=300, n_hidden=64, n_cv=1, start_cv=0, n_layers=4, lr1=0.05, lr2=0.04, wd1=1e-05, wd2=1e-05, dropout=0.4, dropout2=0.5, alpha=0.4, es_ckpt='TestTuningScript-geom-chameleon_geom-chameleon_trialNo83')
2023-10-11 09:54:22,870 - tune.py [line:128] - INFO: Split_seeds:[1824]
2023-10-11 09:54:22,871 - tune.py [line:129] - INFO: Model_seeds:[409]
2023-10-11 09:54:23,198 - tune.py [line:103] - INFO: Epoch 00020 | Time(s) 0.0151 | Val Loss 1.2503 | Val Acc 0.5736 | ETputs(KTEPS) 43145.96
2023-10-11 09:54:23,481 - tune.py [line:103] - INFO: Epoch 00040 | Time(s) 0.0146 | Val Loss 1.6062 | Val Acc 0.6110 | ETputs(KTEPS) 44636.64
2023-10-11 09:54:23,734 - tune.py [line:103] - INFO: Epoch 00060 | Time(s) 0.0138 | Val Loss 1.6023 | Val Acc 0.6154 | ETputs(KTEPS) 46946.16
2023-10-11 09:54:24,002 - tune.py [line:103] - INFO: Epoch 00080 | Time(s) 0.0137 | Val Loss 1.7560 | Val Acc 0.5846 | ETputs(KTEPS) 47488.26
2023-10-11 09:54:24,275 - tune.py [line:103] - INFO: Epoch 00100 | Time(s) 0.0136 | Val Loss 1.5609 | Val Acc 0.6549 | ETputs(KTEPS) 47824.74
2023-10-11 09:54:24,486 - tune.py [line:103] - INFO: Epoch 00120 | Time(s) 0.0131 | Val Loss 1.5891 | Val Acc 0.6440 | ETputs(KTEPS) 49741.10
2023-10-11 09:54:24,778 - tune.py [line:103] - INFO: Epoch 00140 | Time(s) 0.0133 | Val Loss 1.5471 | Val Acc 0.6615 | ETputs(KTEPS) 49056.43
2023-10-11 09:54:25,061 - tune.py [line:103] - INFO: Epoch 00160 | Time(s) 0.0134 | Val Loss 1.6206 | Val Acc 0.6505 | ETputs(KTEPS) 48692.15
2023-10-11 09:54:25,323 - tune.py [line:103] - INFO: Epoch 00180 | Time(s) 0.0133 | Val Loss 1.4930 | Val Acc 0.6747 | ETputs(KTEPS) 48799.81
2023-10-11 09:54:25,586 - tune.py [line:103] - INFO: Epoch 00200 | Time(s) 0.0133 | Val Loss 1.5711 | Val Acc 0.6549 | ETputs(KTEPS) 48873.28
2023-10-11 09:54:25,815 - tune.py [line:103] - INFO: Epoch 00220 | Time(s) 0.0131 | Val Loss 1.5422 | Val Acc 0.6791 | ETputs(KTEPS) 49622.00
2023-10-11 09:54:26,077 - tune.py [line:103] - INFO: Epoch 00240 | Time(s) 0.0131 | Val Loss 1.5504 | Val Acc 0.6681 | ETputs(KTEPS) 49629.39
2023-10-11 09:54:26,332 - tune.py [line:103] - INFO: Epoch 00260 | Time(s) 0.0130 | Val Loss 1.4164 | Val Acc 0.6879 | ETputs(KTEPS) 49828.57
2023-10-11 09:54:26,596 - tune.py [line:103] - INFO: Epoch 00280 | Time(s) 0.0131 | Val Loss 1.4578 | Val Acc 0.6835 | ETputs(KTEPS) 49789.48
2023-10-11 09:54:26,879 - tune.py [line:103] - INFO: Epoch 00300 | Time(s) 0.0131 | Val Loss 1.3929 | Val Acc 0.6923 | ETputs(KTEPS) 49516.83
2023-10-11 09:54:27,125 - tune.py [line:103] - INFO: Epoch 00320 | Time(s) 0.0131 | Val Loss 1.5564 | Val Acc 0.6967 | ETputs(KTEPS) 49723.68
2023-10-11 09:54:27,405 - tune.py [line:103] - INFO: Epoch 00340 | Time(s) 0.0131 | Val Loss 1.4854 | Val Acc 0.6923 | ETputs(KTEPS) 49573.71
2023-10-11 09:54:27,684 - tune.py [line:103] - INFO: Epoch 00360 | Time(s) 0.0132 | Val Loss 1.6260 | Val Acc 0.6703 | ETputs(KTEPS) 49410.00
2023-10-11 09:54:28,035 - tune.py [line:103] - INFO: Epoch 00380 | Time(s) 0.0134 | Val Loss 1.5679 | Val Acc 0.6769 | ETputs(KTEPS) 48560.88
2023-10-11 09:54:28,311 - tune.py [line:103] - INFO: Epoch 00400 | Time(s) 0.0134 | Val Loss 1.5280 | Val Acc 0.6703 | ETputs(KTEPS) 48491.98
2023-10-11 09:54:28,598 - tune.py [line:103] - INFO: Epoch 00420 | Time(s) 0.0135 | Val Loss 1.4353 | Val Acc 0.6813 | ETputs(KTEPS) 48335.19
2023-10-11 09:54:28,853 - tune.py [line:103] - INFO: Epoch 00440 | Time(s) 0.0134 | Val Loss 1.4334 | Val Acc 0.6747 | ETputs(KTEPS) 48453.32
2023-10-11 09:54:29,129 - tune.py [line:103] - INFO: Epoch 00460 | Time(s) 0.0134 | Val Loss 1.5390 | Val Acc 0.6791 | ETputs(KTEPS) 48391.26
2023-10-11 09:54:29,392 - tune.py [line:103] - INFO: Epoch 00480 | Time(s) 0.0134 | Val Loss 1.5379 | Val Acc 0.6791 | ETputs(KTEPS) 48438.88
2023-10-11 09:54:29,699 - tune.py [line:103] - INFO: Epoch 00500 | Time(s) 0.0135 | Val Loss 1.4967 | Val Acc 0.6813 | ETputs(KTEPS) 48170.95
2023-10-11 09:54:29,994 - tune.py [line:103] - INFO: Epoch 00520 | Time(s) 0.0135 | Val Loss 1.4667 | Val Acc 0.6571 | ETputs(KTEPS) 47997.09
2023-10-11 09:54:30,308 - tune.py [line:103] - INFO: Epoch 00540 | Time(s) 0.0136 | Val Loss 1.5441 | Val Acc 0.6857 | ETputs(KTEPS) 47720.51
2023-10-11 09:54:30,580 - tune.py [line:103] - INFO: Epoch 00560 | Time(s) 0.0136 | Val Loss 1.4129 | Val Acc 0.6879 | ETputs(KTEPS) 47726.49
2023-10-11 09:54:30,836 - tune.py [line:103] - INFO: Epoch 00580 | Time(s) 0.0136 | Val Loss 1.4810 | Val Acc 0.6967 | ETputs(KTEPS) 47829.49
2023-10-11 09:54:31,107 - tune.py [line:103] - INFO: Epoch 00600 | Time(s) 0.0136 | Val Loss 1.4759 | Val Acc 0.6769 | ETputs(KTEPS) 47836.78
2023-10-11 09:54:31,372 - tune.py [line:103] - INFO: Epoch 00620 | Time(s) 0.0136 | Val Loss 1.5386 | Val Acc 0.6725 | ETputs(KTEPS) 47879.97
2023-10-11 09:54:31,554 - tune.py [line:117] - INFO: [FINAL MODEL] Val accuracy 71.21% \Val loss: 1.4
2023-10-11 09:54:31,555 - tune.py [line:119] - INFO: [FINAL MODEL] Test accuracy 67.83% \Test loss: 1.4
2023-10-11 09:54:31,556 - tune.py [line:144] - INFO: Acc on the first split (Validation Set): 0.7121
2023-10-11 09:54:31,556 - tune.py [line:145] - INFO: Acc on the first split (Test Set): 0.6783
