2023-10-11 10:03:16,561 - tune.py [line:203] - INFO: Namespace(seed=42, model='GPRGNN', gpu=0, dataset='geom-chameleon', logging=True, log_detail=True, log_detailedCh=False, id_log=1011014503, optuna_n_trials=202, n_epochs=2000, self_loop=True, udgraph=True, early_stop=True, patience=300, n_hidden=64, n_cv=1, start_cv=0, n_layers=4, lr1=0.04, lr2=0.05, wd1=1e-07, wd2=1e-05, dropout=0.4, dropout2=0.5, alpha=0.30000000000000004, es_ckpt='TestTuningScript-geom-chameleon_geom-chameleon_trialNo168')
2023-10-11 10:03:17,399 - tune.py [line:128] - INFO: Split_seeds:[1824]
2023-10-11 10:03:17,399 - tune.py [line:129] - INFO: Model_seeds:[409]
2023-10-11 10:03:17,729 - tune.py [line:103] - INFO: Epoch 00020 | Time(s) 0.0150 | Val Loss 1.1767 | Val Acc 0.5692 | ETputs(KTEPS) 43207.08
2023-10-11 10:03:18,075 - tune.py [line:103] - INFO: Epoch 00040 | Time(s) 0.0158 | Val Loss 1.5631 | Val Acc 0.5912 | ETputs(KTEPS) 41107.58
2023-10-11 10:03:18,378 - tune.py [line:103] - INFO: Epoch 00060 | Time(s) 0.0155 | Val Loss 1.6933 | Val Acc 0.5956 | ETputs(KTEPS) 41820.31
2023-10-11 10:03:18,681 - tune.py [line:103] - INFO: Epoch 00080 | Time(s) 0.0153 | Val Loss 1.7421 | Val Acc 0.6110 | ETputs(KTEPS) 42464.23
2023-10-11 10:03:18,977 - tune.py [line:103] - INFO: Epoch 00100 | Time(s) 0.0152 | Val Loss 1.7205 | Val Acc 0.6374 | ETputs(KTEPS) 42774.22
2023-10-11 10:03:19,269 - tune.py [line:103] - INFO: Epoch 00120 | Time(s) 0.0151 | Val Loss 1.7332 | Val Acc 0.6374 | ETputs(KTEPS) 43175.34
2023-10-11 10:03:19,532 - tune.py [line:103] - INFO: Epoch 00140 | Time(s) 0.0148 | Val Loss 1.7355 | Val Acc 0.6527 | ETputs(KTEPS) 44013.83
2023-10-11 10:03:19,843 - tune.py [line:103] - INFO: Epoch 00160 | Time(s) 0.0148 | Val Loss 1.7973 | Val Acc 0.6593 | ETputs(KTEPS) 43797.67
2023-10-11 10:03:20,138 - tune.py [line:103] - INFO: Epoch 00180 | Time(s) 0.0148 | Val Loss 1.6586 | Val Acc 0.6791 | ETputs(KTEPS) 43946.22
2023-10-11 10:03:20,455 - tune.py [line:103] - INFO: Epoch 00200 | Time(s) 0.0149 | Val Loss 1.8272 | Val Acc 0.6725 | ETputs(KTEPS) 43708.10
2023-10-11 10:03:20,720 - tune.py [line:103] - INFO: Epoch 00220 | Time(s) 0.0147 | Val Loss 1.7740 | Val Acc 0.6813 | ETputs(KTEPS) 44151.79
2023-10-11 10:03:20,997 - tune.py [line:103] - INFO: Epoch 00240 | Time(s) 0.0146 | Val Loss 1.8503 | Val Acc 0.6945 | ETputs(KTEPS) 44472.70
2023-10-11 10:03:21,267 - tune.py [line:103] - INFO: Epoch 00260 | Time(s) 0.0145 | Val Loss 1.8962 | Val Acc 0.7055 | ETputs(KTEPS) 44796.98
2023-10-11 10:03:21,527 - tune.py [line:103] - INFO: Epoch 00280 | Time(s) 0.0144 | Val Loss 1.7830 | Val Acc 0.7099 | ETputs(KTEPS) 45169.33
2023-10-11 10:03:21,788 - tune.py [line:103] - INFO: Epoch 00300 | Time(s) 0.0143 | Val Loss 1.9331 | Val Acc 0.6945 | ETputs(KTEPS) 45474.48
2023-10-11 10:03:22,043 - tune.py [line:103] - INFO: Epoch 00320 | Time(s) 0.0142 | Val Loss 1.9275 | Val Acc 0.6989 | ETputs(KTEPS) 45795.02
2023-10-11 10:03:22,355 - tune.py [line:103] - INFO: Epoch 00340 | Time(s) 0.0143 | Val Loss 1.9206 | Val Acc 0.6879 | ETputs(KTEPS) 45532.44
2023-10-11 10:03:22,647 - tune.py [line:103] - INFO: Epoch 00360 | Time(s) 0.0143 | Val Loss 2.0639 | Val Acc 0.6989 | ETputs(KTEPS) 45480.93
2023-10-11 10:03:22,929 - tune.py [line:103] - INFO: Epoch 00380 | Time(s) 0.0143 | Val Loss 2.0227 | Val Acc 0.6857 | ETputs(KTEPS) 45515.75
2023-10-11 10:03:23,204 - tune.py [line:103] - INFO: Epoch 00400 | Time(s) 0.0143 | Val Loss 1.9957 | Val Acc 0.6901 | ETputs(KTEPS) 45600.33
2023-10-11 10:03:23,468 - tune.py [line:103] - INFO: Epoch 00420 | Time(s) 0.0142 | Val Loss 1.9691 | Val Acc 0.6945 | ETputs(KTEPS) 45765.39
2023-10-11 10:03:23,743 - tune.py [line:103] - INFO: Epoch 00440 | Time(s) 0.0142 | Val Loss 1.9785 | Val Acc 0.6901 | ETputs(KTEPS) 45835.17
2023-10-11 10:03:24,051 - tune.py [line:103] - INFO: Epoch 00460 | Time(s) 0.0142 | Val Loss 2.0174 | Val Acc 0.6989 | ETputs(KTEPS) 45690.68
2023-10-11 10:03:24,324 - tune.py [line:103] - INFO: Epoch 00480 | Time(s) 0.0142 | Val Loss 2.0248 | Val Acc 0.7011 | ETputs(KTEPS) 45770.92
2023-10-11 10:03:24,572 - tune.py [line:103] - INFO: Epoch 00500 | Time(s) 0.0141 | Val Loss 2.1072 | Val Acc 0.6813 | ETputs(KTEPS) 46003.92
2023-10-11 10:03:24,834 - tune.py [line:103] - INFO: Epoch 00520 | Time(s) 0.0141 | Val Loss 2.1783 | Val Acc 0.6835 | ETputs(KTEPS) 46141.14
2023-10-11 10:03:25,129 - tune.py [line:103] - INFO: Epoch 00540 | Time(s) 0.0141 | Val Loss 2.2488 | Val Acc 0.6791 | ETputs(KTEPS) 46058.43
2023-10-11 10:03:25,404 - tune.py [line:103] - INFO: Epoch 00560 | Time(s) 0.0141 | Val Loss 2.0097 | Val Acc 0.6989 | ETputs(KTEPS) 46105.69
2023-10-11 10:03:25,658 - tune.py [line:103] - INFO: Epoch 00580 | Time(s) 0.0141 | Val Loss 2.2497 | Val Acc 0.6901 | ETputs(KTEPS) 46266.65
2023-10-11 10:03:25,926 - tune.py [line:103] - INFO: Epoch 00600 | Time(s) 0.0140 | Val Loss 2.2349 | Val Acc 0.6923 | ETputs(KTEPS) 46340.16
2023-10-11 10:03:26,182 - tune.py [line:103] - INFO: Epoch 00620 | Time(s) 0.0140 | Val Loss 2.1610 | Val Acc 0.6857 | ETputs(KTEPS) 46473.37
2023-10-11 10:03:26,457 - tune.py [line:103] - INFO: Epoch 00640 | Time(s) 0.0140 | Val Loss 2.2294 | Val Acc 0.7011 | ETputs(KTEPS) 46502.91
2023-10-11 10:03:26,706 - tune.py [line:103] - INFO: Epoch 00660 | Time(s) 0.0139 | Val Loss 2.2671 | Val Acc 0.6989 | ETputs(KTEPS) 46658.68
2023-10-11 10:03:26,958 - tune.py [line:103] - INFO: Epoch 00680 | Time(s) 0.0139 | Val Loss 2.2949 | Val Acc 0.7099 | ETputs(KTEPS) 46794.57
2023-10-11 10:03:27,220 - tune.py [line:103] - INFO: Epoch 00700 | Time(s) 0.0139 | Val Loss 2.2748 | Val Acc 0.7077 | ETputs(KTEPS) 46871.82
2023-10-11 10:03:27,485 - tune.py [line:103] - INFO: Epoch 00720 | Time(s) 0.0139 | Val Loss 2.3180 | Val Acc 0.7011 | ETputs(KTEPS) 46932.05
2023-10-11 10:03:27,757 - tune.py [line:103] - INFO: Epoch 00740 | Time(s) 0.0138 | Val Loss 2.3529 | Val Acc 0.6945 | ETputs(KTEPS) 46969.08
2023-10-11 10:03:28,041 - tune.py [line:103] - INFO: Epoch 00760 | Time(s) 0.0139 | Val Loss 2.2813 | Val Acc 0.7033 | ETputs(KTEPS) 46937.26
2023-10-11 10:03:28,325 - tune.py [line:103] - INFO: Epoch 00780 | Time(s) 0.0139 | Val Loss 2.4529 | Val Acc 0.6989 | ETputs(KTEPS) 46909.92
2023-10-11 10:03:28,593 - tune.py [line:103] - INFO: Epoch 00800 | Time(s) 0.0138 | Val Loss 2.2064 | Val Acc 0.6923 | ETputs(KTEPS) 46950.14
2023-10-11 10:03:28,841 - tune.py [line:103] - INFO: Epoch 00820 | Time(s) 0.0138 | Val Loss 2.2663 | Val Acc 0.6923 | ETputs(KTEPS) 47075.85
2023-10-11 10:03:29,151 - tune.py [line:103] - INFO: Epoch 00840 | Time(s) 0.0139 | Val Loss 2.3340 | Val Acc 0.6967 | ETputs(KTEPS) 46940.59
2023-10-11 10:03:29,461 - tune.py [line:103] - INFO: Epoch 00860 | Time(s) 0.0139 | Val Loss 2.5205 | Val Acc 0.6923 | ETputs(KTEPS) 46812.91
2023-10-11 10:03:29,739 - tune.py [line:103] - INFO: Epoch 00880 | Time(s) 0.0139 | Val Loss 2.3962 | Val Acc 0.7011 | ETputs(KTEPS) 46811.43
2023-10-11 10:03:30,019 - tune.py [line:103] - INFO: Epoch 00900 | Time(s) 0.0139 | Val Loss 2.4228 | Val Acc 0.7033 | ETputs(KTEPS) 46806.74
2023-10-11 10:03:30,306 - tune.py [line:103] - INFO: Epoch 00920 | Time(s) 0.0139 | Val Loss 2.4225 | Val Acc 0.6857 | ETputs(KTEPS) 46776.50
2023-10-11 10:03:30,573 - tune.py [line:103] - INFO: Epoch 00940 | Time(s) 0.0139 | Val Loss 2.4775 | Val Acc 0.6945 | ETputs(KTEPS) 46817.68
2023-10-11 10:03:30,873 - tune.py [line:103] - INFO: Epoch 00960 | Time(s) 0.0139 | Val Loss 2.4955 | Val Acc 0.6923 | ETputs(KTEPS) 46741.31
2023-10-11 10:03:31,180 - tune.py [line:103] - INFO: Epoch 00980 | Time(s) 0.0139 | Val Loss 2.4599 | Val Acc 0.6967 | ETputs(KTEPS) 46645.82
2023-10-11 10:03:31,479 - tune.py [line:103] - INFO: Epoch 01000 | Time(s) 0.0140 | Val Loss 2.5263 | Val Acc 0.6901 | ETputs(KTEPS) 46578.96
2023-10-11 10:03:31,771 - tune.py [line:103] - INFO: Epoch 01020 | Time(s) 0.0140 | Val Loss 2.5474 | Val Acc 0.6901 | ETputs(KTEPS) 46539.94
2023-10-11 10:03:31,868 - tune.py [line:117] - INFO: [FINAL MODEL] Val accuracy 71.65% \Val loss: 2.3
2023-10-11 10:03:31,870 - tune.py [line:119] - INFO: [FINAL MODEL] Test accuracy 68.71% \Test loss: 2.5
2023-10-11 10:03:31,870 - tune.py [line:144] - INFO: Acc on the first split (Validation Set): 0.7165
2023-10-11 10:03:31,870 - tune.py [line:145] - INFO: Acc on the first split (Test Set): 0.6871
