2023-10-11 09:39:48,868 - tune.py [line:203] - INFO: Namespace(seed=42, model='GPRGNN', gpu=0, dataset='geom-chameleon', logging=True, log_detail=True, log_detailedCh=False, id_log=1011014503, optuna_n_trials=202, n_epochs=2000, self_loop=True, udgraph=True, early_stop=True, patience=300, n_hidden=64, n_cv=1, start_cv=0, n_layers=4, lr1=0.005, lr2=0.01, wd1=1e-08, wd2=0.001, dropout=0.5, dropout2=0.7, alpha=0.5, es_ckpt='TestTuningScript-geom-chameleon_geom-chameleon_trialNo1')
2023-10-11 09:39:49,624 - tune.py [line:128] - INFO: Split_seeds:[1824]
2023-10-11 09:39:49,625 - tune.py [line:129] - INFO: Model_seeds:[409]
2023-10-11 09:39:49,921 - tune.py [line:103] - INFO: Epoch 00020 | Time(s) 0.0137 | Val Loss 1.5404 | Val Acc 0.2901 | ETputs(KTEPS) 47494.47
2023-10-11 09:39:50,205 - tune.py [line:103] - INFO: Epoch 00040 | Time(s) 0.0134 | Val Loss 1.3448 | Val Acc 0.4615 | ETputs(KTEPS) 48390.79
2023-10-11 09:39:50,487 - tune.py [line:103] - INFO: Epoch 00060 | Time(s) 0.0135 | Val Loss 1.2482 | Val Acc 0.4813 | ETputs(KTEPS) 48051.44
2023-10-11 09:39:50,718 - tune.py [line:103] - INFO: Epoch 00080 | Time(s) 0.0129 | Val Loss 1.2040 | Val Acc 0.5231 | ETputs(KTEPS) 50250.14
2023-10-11 09:39:50,961 - tune.py [line:103] - INFO: Epoch 00100 | Time(s) 0.0128 | Val Loss 1.2121 | Val Acc 0.5516 | ETputs(KTEPS) 50985.85
2023-10-11 09:39:51,223 - tune.py [line:103] - INFO: Epoch 00120 | Time(s) 0.0127 | Val Loss 1.2054 | Val Acc 0.5648 | ETputs(KTEPS) 51037.30
2023-10-11 09:39:51,499 - tune.py [line:103] - INFO: Epoch 00140 | Time(s) 0.0129 | Val Loss 1.1787 | Val Acc 0.5846 | ETputs(KTEPS) 50576.47
2023-10-11 09:39:51,764 - tune.py [line:103] - INFO: Epoch 00160 | Time(s) 0.0129 | Val Loss 1.1895 | Val Acc 0.6022 | ETputs(KTEPS) 50452.79
2023-10-11 09:39:52,013 - tune.py [line:103] - INFO: Epoch 00180 | Time(s) 0.0128 | Val Loss 1.2462 | Val Acc 0.5604 | ETputs(KTEPS) 50722.81
2023-10-11 09:39:52,257 - tune.py [line:103] - INFO: Epoch 00200 | Time(s) 0.0128 | Val Loss 1.2461 | Val Acc 0.5626 | ETputs(KTEPS) 50990.18
2023-10-11 09:39:52,516 - tune.py [line:103] - INFO: Epoch 00220 | Time(s) 0.0128 | Val Loss 1.2433 | Val Acc 0.6110 | ETputs(KTEPS) 50925.91
2023-10-11 09:39:52,799 - tune.py [line:103] - INFO: Epoch 00240 | Time(s) 0.0129 | Val Loss 1.2693 | Val Acc 0.5978 | ETputs(KTEPS) 50481.43
2023-10-11 09:39:53,086 - tune.py [line:103] - INFO: Epoch 00260 | Time(s) 0.0130 | Val Loss 1.2659 | Val Acc 0.5802 | ETputs(KTEPS) 50050.53
2023-10-11 09:39:53,443 - tune.py [line:103] - INFO: Epoch 00280 | Time(s) 0.0133 | Val Loss 1.2572 | Val Acc 0.6066 | ETputs(KTEPS) 48761.06
2023-10-11 09:39:53,732 - tune.py [line:103] - INFO: Epoch 00300 | Time(s) 0.0134 | Val Loss 1.2865 | Val Acc 0.5978 | ETputs(KTEPS) 48496.78
2023-10-11 09:39:54,017 - tune.py [line:103] - INFO: Epoch 00320 | Time(s) 0.0135 | Val Loss 1.2576 | Val Acc 0.6110 | ETputs(KTEPS) 48315.29
2023-10-11 09:39:54,321 - tune.py [line:103] - INFO: Epoch 00340 | Time(s) 0.0136 | Val Loss 1.3011 | Val Acc 0.6022 | ETputs(KTEPS) 47979.86
2023-10-11 09:39:54,588 - tune.py [line:103] - INFO: Epoch 00360 | Time(s) 0.0135 | Val Loss 1.2881 | Val Acc 0.6000 | ETputs(KTEPS) 48022.14
2023-10-11 09:39:54,835 - tune.py [line:103] - INFO: Epoch 00380 | Time(s) 0.0135 | Val Loss 1.2610 | Val Acc 0.6176 | ETputs(KTEPS) 48257.55
2023-10-11 09:39:55,095 - tune.py [line:103] - INFO: Epoch 00400 | Time(s) 0.0134 | Val Loss 1.2662 | Val Acc 0.6220 | ETputs(KTEPS) 48345.49
2023-10-11 09:39:55,338 - tune.py [line:103] - INFO: Epoch 00420 | Time(s) 0.0134 | Val Loss 1.2266 | Val Acc 0.6440 | ETputs(KTEPS) 48573.85
2023-10-11 09:39:55,650 - tune.py [line:103] - INFO: Epoch 00440 | Time(s) 0.0135 | Val Loss 1.2867 | Val Acc 0.6110 | ETputs(KTEPS) 48209.62
2023-10-11 09:39:55,905 - tune.py [line:103] - INFO: Epoch 00460 | Time(s) 0.0134 | Val Loss 1.2591 | Val Acc 0.6242 | ETputs(KTEPS) 48367.99
2023-10-11 09:39:56,167 - tune.py [line:103] - INFO: Epoch 00480 | Time(s) 0.0134 | Val Loss 1.2835 | Val Acc 0.6154 | ETputs(KTEPS) 48420.13
2023-10-11 09:39:56,440 - tune.py [line:103] - INFO: Epoch 00500 | Time(s) 0.0134 | Val Loss 1.2447 | Val Acc 0.6418 | ETputs(KTEPS) 48391.86
2023-10-11 09:39:56,716 - tune.py [line:103] - INFO: Epoch 00520 | Time(s) 0.0134 | Val Loss 1.2576 | Val Acc 0.6418 | ETputs(KTEPS) 48345.43
2023-10-11 09:39:56,998 - tune.py [line:103] - INFO: Epoch 00540 | Time(s) 0.0135 | Val Loss 1.2425 | Val Acc 0.6418 | ETputs(KTEPS) 48263.22
2023-10-11 09:39:57,254 - tune.py [line:103] - INFO: Epoch 00560 | Time(s) 0.0134 | Val Loss 1.2595 | Val Acc 0.6220 | ETputs(KTEPS) 48355.29
2023-10-11 09:39:57,540 - tune.py [line:103] - INFO: Epoch 00580 | Time(s) 0.0135 | Val Loss 1.2896 | Val Acc 0.6308 | ETputs(KTEPS) 48249.92
2023-10-11 09:39:57,810 - tune.py [line:103] - INFO: Epoch 00600 | Time(s) 0.0135 | Val Loss 1.2729 | Val Acc 0.6352 | ETputs(KTEPS) 48252.81
2023-10-11 09:39:58,094 - tune.py [line:103] - INFO: Epoch 00620 | Time(s) 0.0135 | Val Loss 1.2688 | Val Acc 0.6484 | ETputs(KTEPS) 48173.68
2023-10-11 09:39:58,339 - tune.py [line:103] - INFO: Epoch 00640 | Time(s) 0.0135 | Val Loss 1.2862 | Val Acc 0.6286 | ETputs(KTEPS) 48316.52
2023-10-11 09:39:58,580 - tune.py [line:103] - INFO: Epoch 00660 | Time(s) 0.0134 | Val Loss 1.2960 | Val Acc 0.6220 | ETputs(KTEPS) 48470.35
2023-10-11 09:39:58,843 - tune.py [line:103] - INFO: Epoch 00680 | Time(s) 0.0134 | Val Loss 1.3005 | Val Acc 0.6286 | ETputs(KTEPS) 48502.88
2023-10-11 09:39:59,101 - tune.py [line:103] - INFO: Epoch 00700 | Time(s) 0.0134 | Val Loss 1.2923 | Val Acc 0.6418 | ETputs(KTEPS) 48556.69
2023-10-11 09:39:59,385 - tune.py [line:103] - INFO: Epoch 00720 | Time(s) 0.0134 | Val Loss 1.2799 | Val Acc 0.6418 | ETputs(KTEPS) 48481.67
2023-10-11 09:39:59,658 - tune.py [line:103] - INFO: Epoch 00740 | Time(s) 0.0134 | Val Loss 1.2598 | Val Acc 0.6374 | ETputs(KTEPS) 48471.98
2023-10-11 09:39:59,920 - tune.py [line:103] - INFO: Epoch 00760 | Time(s) 0.0134 | Val Loss 1.3093 | Val Acc 0.6549 | ETputs(KTEPS) 48504.92
2023-10-11 09:40:00,188 - tune.py [line:103] - INFO: Epoch 00780 | Time(s) 0.0134 | Val Loss 1.2896 | Val Acc 0.6484 | ETputs(KTEPS) 48527.14
2023-10-11 09:40:00,489 - tune.py [line:103] - INFO: Epoch 00800 | Time(s) 0.0134 | Val Loss 1.2924 | Val Acc 0.6571 | ETputs(KTEPS) 48378.86
2023-10-11 09:40:00,787 - tune.py [line:103] - INFO: Epoch 00820 | Time(s) 0.0135 | Val Loss 1.2685 | Val Acc 0.6571 | ETputs(KTEPS) 48274.82
2023-10-11 09:40:01,033 - tune.py [line:103] - INFO: Epoch 00840 | Time(s) 0.0134 | Val Loss 1.3089 | Val Acc 0.6549 | ETputs(KTEPS) 48377.36
2023-10-11 09:40:01,300 - tune.py [line:103] - INFO: Epoch 00860 | Time(s) 0.0134 | Val Loss 1.3079 | Val Acc 0.6527 | ETputs(KTEPS) 48388.18
2023-10-11 09:40:01,575 - tune.py [line:103] - INFO: Epoch 00880 | Time(s) 0.0134 | Val Loss 1.2950 | Val Acc 0.6484 | ETputs(KTEPS) 48363.07
2023-10-11 09:40:01,823 - tune.py [line:103] - INFO: Epoch 00900 | Time(s) 0.0134 | Val Loss 1.3296 | Val Acc 0.6505 | ETputs(KTEPS) 48448.96
2023-10-11 09:40:02,080 - tune.py [line:103] - INFO: Epoch 00920 | Time(s) 0.0134 | Val Loss 1.3040 | Val Acc 0.6462 | ETputs(KTEPS) 48494.85
2023-10-11 09:40:02,409 - tune.py [line:103] - INFO: Epoch 00940 | Time(s) 0.0135 | Val Loss 1.3069 | Val Acc 0.6571 | ETputs(KTEPS) 48284.19
2023-10-11 09:40:02,716 - tune.py [line:103] - INFO: Epoch 00960 | Time(s) 0.0135 | Val Loss 1.2840 | Val Acc 0.6549 | ETputs(KTEPS) 48156.00
2023-10-11 09:40:02,976 - tune.py [line:103] - INFO: Epoch 00980 | Time(s) 0.0135 | Val Loss 1.2887 | Val Acc 0.6440 | ETputs(KTEPS) 48196.36
2023-10-11 09:40:03,236 - tune.py [line:103] - INFO: Epoch 01000 | Time(s) 0.0135 | Val Loss 1.3009 | Val Acc 0.6593 | ETputs(KTEPS) 48232.66
2023-10-11 09:40:03,505 - tune.py [line:103] - INFO: Epoch 01020 | Time(s) 0.0135 | Val Loss 1.2788 | Val Acc 0.6615 | ETputs(KTEPS) 48237.74
2023-10-11 09:40:03,781 - tune.py [line:103] - INFO: Epoch 01040 | Time(s) 0.0135 | Val Loss 1.2570 | Val Acc 0.6571 | ETputs(KTEPS) 48227.91
2023-10-11 09:40:04,048 - tune.py [line:103] - INFO: Epoch 01060 | Time(s) 0.0135 | Val Loss 1.2539 | Val Acc 0.6615 | ETputs(KTEPS) 48237.33
2023-10-11 09:40:04,308 - tune.py [line:103] - INFO: Epoch 01080 | Time(s) 0.0135 | Val Loss 1.2833 | Val Acc 0.6659 | ETputs(KTEPS) 48270.69
2023-10-11 09:40:04,580 - tune.py [line:103] - INFO: Epoch 01100 | Time(s) 0.0135 | Val Loss 1.3062 | Val Acc 0.6637 | ETputs(KTEPS) 48266.84
2023-10-11 09:40:04,838 - tune.py [line:103] - INFO: Epoch 01120 | Time(s) 0.0135 | Val Loss 1.3053 | Val Acc 0.6615 | ETputs(KTEPS) 48311.49
2023-10-11 09:40:05,098 - tune.py [line:103] - INFO: Epoch 01140 | Time(s) 0.0134 | Val Loss 1.2734 | Val Acc 0.6637 | ETputs(KTEPS) 48342.02
2023-10-11 09:40:05,357 - tune.py [line:103] - INFO: Epoch 01160 | Time(s) 0.0134 | Val Loss 1.2973 | Val Acc 0.6593 | ETputs(KTEPS) 48374.62
2023-10-11 09:40:05,644 - tune.py [line:103] - INFO: Epoch 01180 | Time(s) 0.0135 | Val Loss 1.2577 | Val Acc 0.6791 | ETputs(KTEPS) 48331.68
2023-10-11 09:40:05,890 - tune.py [line:103] - INFO: Epoch 01200 | Time(s) 0.0134 | Val Loss 1.2562 | Val Acc 0.6791 | ETputs(KTEPS) 48402.28
2023-10-11 09:40:06,155 - tune.py [line:103] - INFO: Epoch 01220 | Time(s) 0.0134 | Val Loss 1.2711 | Val Acc 0.6681 | ETputs(KTEPS) 48420.28
2023-10-11 09:40:06,435 - tune.py [line:103] - INFO: Epoch 01240 | Time(s) 0.0134 | Val Loss 1.3037 | Val Acc 0.6637 | ETputs(KTEPS) 48390.15
2023-10-11 09:40:06,730 - tune.py [line:103] - INFO: Epoch 01260 | Time(s) 0.0135 | Val Loss 1.2911 | Val Acc 0.6703 | ETputs(KTEPS) 48321.21
2023-10-11 09:40:07,010 - tune.py [line:103] - INFO: Epoch 01280 | Time(s) 0.0135 | Val Loss 1.2810 | Val Acc 0.6747 | ETputs(KTEPS) 48293.70
2023-10-11 09:40:07,262 - tune.py [line:103] - INFO: Epoch 01300 | Time(s) 0.0134 | Val Loss 1.2514 | Val Acc 0.6747 | ETputs(KTEPS) 48342.00
2023-10-11 09:40:07,568 - tune.py [line:103] - INFO: Epoch 01320 | Time(s) 0.0135 | Val Loss 1.2725 | Val Acc 0.6703 | ETputs(KTEPS) 48243.74
2023-10-11 09:40:07,809 - tune.py [line:103] - INFO: Epoch 01340 | Time(s) 0.0135 | Val Loss 1.2822 | Val Acc 0.6835 | ETputs(KTEPS) 48322.87
2023-10-11 09:40:08,114 - tune.py [line:103] - INFO: Epoch 01360 | Time(s) 0.0135 | Val Loss 1.2744 | Val Acc 0.6813 | ETputs(KTEPS) 48255.66
2023-10-11 09:40:08,397 - tune.py [line:103] - INFO: Epoch 01380 | Time(s) 0.0135 | Val Loss 1.2524 | Val Acc 0.6769 | ETputs(KTEPS) 48221.37
2023-10-11 09:40:08,663 - tune.py [line:103] - INFO: Epoch 01400 | Time(s) 0.0135 | Val Loss 1.2347 | Val Acc 0.6747 | ETputs(KTEPS) 48233.18
2023-10-11 09:40:08,894 - tune.py [line:103] - INFO: Epoch 01420 | Time(s) 0.0135 | Val Loss 1.2661 | Val Acc 0.6747 | ETputs(KTEPS) 48330.99
2023-10-11 09:40:09,155 - tune.py [line:103] - INFO: Epoch 01440 | Time(s) 0.0134 | Val Loss 1.2889 | Val Acc 0.6813 | ETputs(KTEPS) 48353.62
2023-10-11 09:40:09,415 - tune.py [line:103] - INFO: Epoch 01460 | Time(s) 0.0134 | Val Loss 1.2772 | Val Acc 0.6813 | ETputs(KTEPS) 48376.21
2023-10-11 09:40:09,689 - tune.py [line:103] - INFO: Epoch 01480 | Time(s) 0.0134 | Val Loss 1.2753 | Val Acc 0.6703 | ETputs(KTEPS) 48365.05
2023-10-11 09:40:09,969 - tune.py [line:103] - INFO: Epoch 01500 | Time(s) 0.0134 | Val Loss 1.3000 | Val Acc 0.6681 | ETputs(KTEPS) 48341.93
2023-10-11 09:40:10,261 - tune.py [line:103] - INFO: Epoch 01520 | Time(s) 0.0135 | Val Loss 1.2944 | Val Acc 0.6835 | ETputs(KTEPS) 48296.14
2023-10-11 09:40:10,547 - tune.py [line:103] - INFO: Epoch 01540 | Time(s) 0.0135 | Val Loss 1.3021 | Val Acc 0.6703 | ETputs(KTEPS) 48257.75
2023-10-11 09:40:10,818 - tune.py [line:103] - INFO: Epoch 01560 | Time(s) 0.0135 | Val Loss 1.2911 | Val Acc 0.6791 | ETputs(KTEPS) 48255.84
2023-10-11 09:40:11,063 - tune.py [line:103] - INFO: Epoch 01580 | Time(s) 0.0135 | Val Loss 1.2897 | Val Acc 0.6769 | ETputs(KTEPS) 48311.60
2023-10-11 09:40:11,313 - tune.py [line:103] - INFO: Epoch 01600 | Time(s) 0.0134 | Val Loss 1.2877 | Val Acc 0.6835 | ETputs(KTEPS) 48358.02
2023-10-11 09:40:11,565 - tune.py [line:103] - INFO: Epoch 01620 | Time(s) 0.0134 | Val Loss 1.2991 | Val Acc 0.6769 | ETputs(KTEPS) 48395.37
2023-10-11 09:40:11,822 - tune.py [line:103] - INFO: Epoch 01640 | Time(s) 0.0134 | Val Loss 1.2749 | Val Acc 0.6835 | ETputs(KTEPS) 48423.54
2023-10-11 09:40:12,091 - tune.py [line:103] - INFO: Epoch 01660 | Time(s) 0.0134 | Val Loss 1.2747 | Val Acc 0.6769 | ETputs(KTEPS) 48424.33
2023-10-11 09:40:12,336 - tune.py [line:103] - INFO: Epoch 01680 | Time(s) 0.0134 | Val Loss 1.2796 | Val Acc 0.6725 | ETputs(KTEPS) 48476.79
2023-10-11 09:40:12,565 - tune.py [line:103] - INFO: Epoch 01700 | Time(s) 0.0134 | Val Loss 1.2567 | Val Acc 0.6813 | ETputs(KTEPS) 48560.31
2023-10-11 09:40:12,865 - tune.py [line:103] - INFO: Epoch 01720 | Time(s) 0.0134 | Val Loss 1.2885 | Val Acc 0.6615 | ETputs(KTEPS) 48495.08
2023-10-11 09:40:13,193 - tune.py [line:103] - INFO: Epoch 01740 | Time(s) 0.0134 | Val Loss 1.2809 | Val Acc 0.6813 | ETputs(KTEPS) 48372.27
2023-10-11 09:40:13,441 - tune.py [line:103] - INFO: Epoch 01760 | Time(s) 0.0134 | Val Loss 1.3010 | Val Acc 0.6725 | ETputs(KTEPS) 48416.71
2023-10-11 09:40:13,696 - tune.py [line:103] - INFO: Epoch 01780 | Time(s) 0.0134 | Val Loss 1.3037 | Val Acc 0.6791 | ETputs(KTEPS) 48445.86
2023-10-11 09:40:14,007 - tune.py [line:103] - INFO: Epoch 01800 | Time(s) 0.0134 | Val Loss 1.2756 | Val Acc 0.6703 | ETputs(KTEPS) 48363.50
2023-10-11 09:40:14,192 - tune.py [line:117] - INFO: [FINAL MODEL] Val accuracy 69.23% \Val loss: 1.3
2023-10-11 09:40:14,193 - tune.py [line:119] - INFO: [FINAL MODEL] Test accuracy 66.52% \Test loss: 1.2
2023-10-11 09:40:14,194 - tune.py [line:144] - INFO: Acc on the first split (Validation Set): 0.6923
2023-10-11 09:40:14,194 - tune.py [line:145] - INFO: Acc on the first split (Test Set): 0.6652
