2023-10-11 10:00:28,527 - tune.py [line:203] - INFO: Namespace(seed=42, model='GPRGNN', gpu=0, dataset='geom-chameleon', logging=True, log_detail=True, log_detailedCh=False, id_log=1011014503, optuna_n_trials=202, n_epochs=2000, self_loop=True, udgraph=True, early_stop=True, patience=300, n_hidden=64, n_cv=1, start_cv=0, n_layers=4, lr1=0.05, lr2=0.05, wd1=1e-06, wd2=1e-05, dropout=0.5, dropout2=0.4, alpha=0.2, es_ckpt='TestTuningScript-geom-chameleon_geom-chameleon_trialNo142')
2023-10-11 10:00:29,425 - tune.py [line:128] - INFO: Split_seeds:[1824]
2023-10-11 10:00:29,425 - tune.py [line:129] - INFO: Model_seeds:[409]
2023-10-11 10:00:29,721 - tune.py [line:103] - INFO: Epoch 00020 | Time(s) 0.0134 | Val Loss 1.2011 | Val Acc 0.5758 | ETputs(KTEPS) 48426.11
2023-10-11 10:00:30,064 - tune.py [line:103] - INFO: Epoch 00040 | Time(s) 0.0151 | Val Loss 1.4724 | Val Acc 0.5978 | ETputs(KTEPS) 43169.78
2023-10-11 10:00:30,364 - tune.py [line:103] - INFO: Epoch 00060 | Time(s) 0.0149 | Val Loss 1.4910 | Val Acc 0.6308 | ETputs(KTEPS) 43770.80
2023-10-11 10:00:30,636 - tune.py [line:103] - INFO: Epoch 00080 | Time(s) 0.0144 | Val Loss 1.6114 | Val Acc 0.6220 | ETputs(KTEPS) 45022.27
2023-10-11 10:00:30,902 - tune.py [line:103] - INFO: Epoch 00100 | Time(s) 0.0142 | Val Loss 1.5707 | Val Acc 0.6484 | ETputs(KTEPS) 45939.34
2023-10-11 10:00:31,157 - tune.py [line:103] - INFO: Epoch 00120 | Time(s) 0.0139 | Val Loss 1.4747 | Val Acc 0.6527 | ETputs(KTEPS) 46883.58
2023-10-11 10:00:31,432 - tune.py [line:103] - INFO: Epoch 00140 | Time(s) 0.0138 | Val Loss 1.4903 | Val Acc 0.6703 | ETputs(KTEPS) 47034.38
2023-10-11 10:00:31,769 - tune.py [line:103] - INFO: Epoch 00160 | Time(s) 0.0142 | Val Loss 1.5940 | Val Acc 0.6484 | ETputs(KTEPS) 45896.41
2023-10-11 10:00:32,147 - tune.py [line:103] - INFO: Epoch 00180 | Time(s) 0.0147 | Val Loss 1.5315 | Val Acc 0.6857 | ETputs(KTEPS) 44357.17
2023-10-11 10:00:32,452 - tune.py [line:103] - INFO: Epoch 00200 | Time(s) 0.0147 | Val Loss 1.6062 | Val Acc 0.6615 | ETputs(KTEPS) 44176.91
2023-10-11 10:00:32,726 - tune.py [line:103] - INFO: Epoch 00220 | Time(s) 0.0146 | Val Loss 1.6036 | Val Acc 0.6747 | ETputs(KTEPS) 44476.41
2023-10-11 10:00:33,018 - tune.py [line:103] - INFO: Epoch 00240 | Time(s) 0.0146 | Val Loss 1.6334 | Val Acc 0.6813 | ETputs(KTEPS) 44486.34
2023-10-11 10:00:33,279 - tune.py [line:103] - INFO: Epoch 00260 | Time(s) 0.0145 | Val Loss 1.5872 | Val Acc 0.6857 | ETputs(KTEPS) 44923.14
2023-10-11 10:00:33,589 - tune.py [line:103] - INFO: Epoch 00280 | Time(s) 0.0145 | Val Loss 1.5331 | Val Acc 0.6901 | ETputs(KTEPS) 44709.75
2023-10-11 10:00:33,919 - tune.py [line:103] - INFO: Epoch 00300 | Time(s) 0.0147 | Val Loss 1.6000 | Val Acc 0.6813 | ETputs(KTEPS) 44319.10
2023-10-11 10:00:34,222 - tune.py [line:103] - INFO: Epoch 00320 | Time(s) 0.0147 | Val Loss 1.6537 | Val Acc 0.6791 | ETputs(KTEPS) 44228.11
2023-10-11 10:00:34,498 - tune.py [line:103] - INFO: Epoch 00340 | Time(s) 0.0146 | Val Loss 1.7506 | Val Acc 0.6681 | ETputs(KTEPS) 44396.29
2023-10-11 10:00:34,763 - tune.py [line:103] - INFO: Epoch 00360 | Time(s) 0.0146 | Val Loss 1.6313 | Val Acc 0.6791 | ETputs(KTEPS) 44632.25
2023-10-11 10:00:35,053 - tune.py [line:103] - INFO: Epoch 00380 | Time(s) 0.0146 | Val Loss 1.6678 | Val Acc 0.6857 | ETputs(KTEPS) 44646.84
2023-10-11 10:00:35,369 - tune.py [line:103] - INFO: Epoch 00400 | Time(s) 0.0146 | Val Loss 1.6468 | Val Acc 0.6813 | ETputs(KTEPS) 44460.93
2023-10-11 10:00:35,686 - tune.py [line:103] - INFO: Epoch 00420 | Time(s) 0.0147 | Val Loss 1.5767 | Val Acc 0.6813 | ETputs(KTEPS) 44293.30
2023-10-11 10:00:35,963 - tune.py [line:103] - INFO: Epoch 00440 | Time(s) 0.0146 | Val Loss 1.5982 | Val Acc 0.6791 | ETputs(KTEPS) 44407.95
2023-10-11 10:00:36,232 - tune.py [line:103] - INFO: Epoch 00460 | Time(s) 0.0146 | Val Loss 1.6923 | Val Acc 0.6681 | ETputs(KTEPS) 44572.20
2023-10-11 10:00:36,509 - tune.py [line:103] - INFO: Epoch 00480 | Time(s) 0.0146 | Val Loss 1.5618 | Val Acc 0.6835 | ETputs(KTEPS) 44665.82
2023-10-11 10:00:36,794 - tune.py [line:103] - INFO: Epoch 00500 | Time(s) 0.0145 | Val Loss 1.6458 | Val Acc 0.6725 | ETputs(KTEPS) 44707.18
2023-10-11 10:00:37,109 - tune.py [line:103] - INFO: Epoch 00520 | Time(s) 0.0146 | Val Loss 1.5845 | Val Acc 0.6791 | ETputs(KTEPS) 44570.76
2023-10-11 10:00:37,393 - tune.py [line:103] - INFO: Epoch 00540 | Time(s) 0.0146 | Val Loss 1.6337 | Val Acc 0.6835 | ETputs(KTEPS) 44618.41
2023-10-11 10:00:37,541 - tune.py [line:117] - INFO: [FINAL MODEL] Val accuracy 70.55% \Val loss: 1.6
2023-10-11 10:00:37,543 - tune.py [line:119] - INFO: [FINAL MODEL] Test accuracy 66.74% \Test loss: 1.6
2023-10-11 10:00:37,543 - tune.py [line:144] - INFO: Acc on the first split (Validation Set): 0.7055
2023-10-11 10:00:37,543 - tune.py [line:145] - INFO: Acc on the first split (Test Set): 0.6674
