2023-10-11 09:48:16,529 - tune.py [line:203] - INFO: Namespace(seed=42, model='GPRGNN', gpu=0, dataset='geom-chameleon', logging=True, log_detail=True, log_detailedCh=False, id_log=1011014503, optuna_n_trials=202, n_epochs=2000, self_loop=True, udgraph=True, early_stop=True, patience=300, n_hidden=64, n_cv=1, start_cv=0, n_layers=12, lr1=0.03, lr2=0.04, wd1=1e-05, wd2=1e-07, dropout=0.3, dropout2=0.4, alpha=0.5, es_ckpt='TestTuningScript-geom-chameleon_geom-chameleon_trialNo41')
2023-10-11 09:48:17,423 - tune.py [line:128] - INFO: Split_seeds:[1824]
2023-10-11 09:48:17,424 - tune.py [line:129] - INFO: Model_seeds:[409]
2023-10-11 09:48:17,822 - tune.py [line:103] - INFO: Epoch 00020 | Time(s) 0.0189 | Val Loss 1.2719 | Val Acc 0.5363 | ETputs(KTEPS) 34475.28
2023-10-11 09:48:18,188 - tune.py [line:103] - INFO: Epoch 00040 | Time(s) 0.0184 | Val Loss 1.6010 | Val Acc 0.5956 | ETputs(KTEPS) 35287.15
2023-10-11 09:48:18,640 - tune.py [line:103] - INFO: Epoch 00060 | Time(s) 0.0196 | Val Loss 1.7878 | Val Acc 0.6154 | ETputs(KTEPS) 33177.40
2023-10-11 09:48:19,064 - tune.py [line:103] - INFO: Epoch 00080 | Time(s) 0.0199 | Val Loss 1.8416 | Val Acc 0.6176 | ETputs(KTEPS) 32649.12
2023-10-11 09:48:19,532 - tune.py [line:103] - INFO: Epoch 00100 | Time(s) 0.0205 | Val Loss 1.8269 | Val Acc 0.6352 | ETputs(KTEPS) 31676.10
2023-10-11 09:48:19,962 - tune.py [line:103] - INFO: Epoch 00120 | Time(s) 0.0206 | Val Loss 1.9206 | Val Acc 0.6286 | ETputs(KTEPS) 31534.23
2023-10-11 09:48:20,369 - tune.py [line:103] - INFO: Epoch 00140 | Time(s) 0.0205 | Val Loss 1.9454 | Val Acc 0.6637 | ETputs(KTEPS) 31709.55
2023-10-11 09:48:20,788 - tune.py [line:103] - INFO: Epoch 00160 | Time(s) 0.0205 | Val Loss 1.9787 | Val Acc 0.6659 | ETputs(KTEPS) 31695.69
2023-10-11 09:48:21,167 - tune.py [line:103] - INFO: Epoch 00180 | Time(s) 0.0203 | Val Loss 2.0405 | Val Acc 0.6791 | ETputs(KTEPS) 31963.10
2023-10-11 09:48:21,608 - tune.py [line:103] - INFO: Epoch 00200 | Time(s) 0.0205 | Val Loss 2.0469 | Val Acc 0.6571 | ETputs(KTEPS) 31720.10
2023-10-11 09:48:22,148 - tune.py [line:103] - INFO: Epoch 00220 | Time(s) 0.0211 | Val Loss 2.0461 | Val Acc 0.6549 | ETputs(KTEPS) 30836.48
2023-10-11 09:48:22,601 - tune.py [line:103] - INFO: Epoch 00240 | Time(s) 0.0212 | Val Loss 2.1137 | Val Acc 0.6747 | ETputs(KTEPS) 30670.74
2023-10-11 09:48:23,019 - tune.py [line:103] - INFO: Epoch 00260 | Time(s) 0.0212 | Val Loss 2.0505 | Val Acc 0.6769 | ETputs(KTEPS) 30732.08
2023-10-11 09:48:23,430 - tune.py [line:103] - INFO: Epoch 00280 | Time(s) 0.0211 | Val Loss 2.0964 | Val Acc 0.6835 | ETputs(KTEPS) 30796.77
2023-10-11 09:48:23,822 - tune.py [line:103] - INFO: Epoch 00300 | Time(s) 0.0210 | Val Loss 2.1265 | Val Acc 0.6901 | ETputs(KTEPS) 30945.10
2023-10-11 09:48:24,264 - tune.py [line:103] - INFO: Epoch 00320 | Time(s) 0.0211 | Val Loss 2.2177 | Val Acc 0.6791 | ETputs(KTEPS) 30851.16
2023-10-11 09:48:24,659 - tune.py [line:103] - INFO: Epoch 00340 | Time(s) 0.0210 | Val Loss 2.2833 | Val Acc 0.6571 | ETputs(KTEPS) 30967.56
2023-10-11 09:48:25,078 - tune.py [line:103] - INFO: Epoch 00360 | Time(s) 0.0210 | Val Loss 2.2923 | Val Acc 0.6637 | ETputs(KTEPS) 30971.72
2023-10-11 09:48:25,514 - tune.py [line:103] - INFO: Epoch 00380 | Time(s) 0.0210 | Val Loss 2.1519 | Val Acc 0.6857 | ETputs(KTEPS) 30909.33
2023-10-11 09:48:25,916 - tune.py [line:103] - INFO: Epoch 00400 | Time(s) 0.0210 | Val Loss 2.1653 | Val Acc 0.6879 | ETputs(KTEPS) 30996.92
2023-10-11 09:48:26,336 - tune.py [line:103] - INFO: Epoch 00420 | Time(s) 0.0210 | Val Loss 2.2261 | Val Acc 0.6593 | ETputs(KTEPS) 30995.43
2023-10-11 09:48:26,809 - tune.py [line:103] - INFO: Epoch 00440 | Time(s) 0.0211 | Val Loss 2.1832 | Val Acc 0.6791 | ETputs(KTEPS) 30819.08
2023-10-11 09:48:27,217 - tune.py [line:103] - INFO: Epoch 00460 | Time(s) 0.0211 | Val Loss 2.2510 | Val Acc 0.6769 | ETputs(KTEPS) 30872.20
2023-10-11 09:48:27,611 - tune.py [line:103] - INFO: Epoch 00480 | Time(s) 0.0210 | Val Loss 2.4004 | Val Acc 0.6549 | ETputs(KTEPS) 30956.74
2023-10-11 09:48:27,994 - tune.py [line:103] - INFO: Epoch 00500 | Time(s) 0.0209 | Val Loss 2.2733 | Val Acc 0.6725 | ETputs(KTEPS) 31066.93
2023-10-11 09:48:28,388 - tune.py [line:103] - INFO: Epoch 00520 | Time(s) 0.0209 | Val Loss 2.3610 | Val Acc 0.6615 | ETputs(KTEPS) 31140.79
2023-10-11 09:48:28,785 - tune.py [line:103] - INFO: Epoch 00540 | Time(s) 0.0208 | Val Loss 2.3231 | Val Acc 0.6703 | ETputs(KTEPS) 31198.65
2023-10-11 09:48:29,183 - tune.py [line:103] - INFO: Epoch 00560 | Time(s) 0.0208 | Val Loss 2.3945 | Val Acc 0.6747 | ETputs(KTEPS) 31250.39
2023-10-11 09:48:29,578 - tune.py [line:103] - INFO: Epoch 00580 | Time(s) 0.0208 | Val Loss 2.3154 | Val Acc 0.6637 | ETputs(KTEPS) 31305.62
2023-10-11 09:48:29,985 - tune.py [line:103] - INFO: Epoch 00600 | Time(s) 0.0208 | Val Loss 2.3166 | Val Acc 0.6769 | ETputs(KTEPS) 31327.62
2023-10-11 09:48:30,392 - tune.py [line:103] - INFO: Epoch 00620 | Time(s) 0.0207 | Val Loss 2.3292 | Val Acc 0.6791 | ETputs(KTEPS) 31349.06
2023-10-11 09:48:30,850 - tune.py [line:103] - INFO: Epoch 00640 | Time(s) 0.0208 | Val Loss 2.3926 | Val Acc 0.6725 | ETputs(KTEPS) 31250.21
2023-10-11 09:48:31,274 - tune.py [line:103] - INFO: Epoch 00660 | Time(s) 0.0208 | Val Loss 2.4058 | Val Acc 0.6681 | ETputs(KTEPS) 31247.89
2023-10-11 09:48:31,682 - tune.py [line:103] - INFO: Epoch 00680 | Time(s) 0.0208 | Val Loss 2.4218 | Val Acc 0.6769 | ETputs(KTEPS) 31267.06
2023-10-11 09:48:32,153 - tune.py [line:103] - INFO: Epoch 00700 | Time(s) 0.0209 | Val Loss 2.3708 | Val Acc 0.6791 | ETputs(KTEPS) 31151.38
2023-10-11 09:48:32,566 - tune.py [line:103] - INFO: Epoch 00720 | Time(s) 0.0209 | Val Loss 2.4414 | Val Acc 0.6747 | ETputs(KTEPS) 31162.03
2023-10-11 09:48:32,969 - tune.py [line:103] - INFO: Epoch 00740 | Time(s) 0.0208 | Val Loss 2.4857 | Val Acc 0.6769 | ETputs(KTEPS) 31191.87
2023-10-11 09:48:33,314 - tune.py [line:103] - INFO: Epoch 00760 | Time(s) 0.0207 | Val Loss 2.5134 | Val Acc 0.6637 | ETputs(KTEPS) 31334.96
2023-10-11 09:48:33,698 - tune.py [line:103] - INFO: Epoch 00780 | Time(s) 0.0207 | Val Loss 2.6118 | Val Acc 0.6703 | ETputs(KTEPS) 31396.31
2023-10-11 09:48:34,110 - tune.py [line:103] - INFO: Epoch 00800 | Time(s) 0.0207 | Val Loss 2.5353 | Val Acc 0.6637 | ETputs(KTEPS) 31399.94
2023-10-11 09:48:34,562 - tune.py [line:103] - INFO: Epoch 00820 | Time(s) 0.0208 | Val Loss 2.5911 | Val Acc 0.6462 | ETputs(KTEPS) 31331.57
2023-10-11 09:48:34,996 - tune.py [line:103] - INFO: Epoch 00840 | Time(s) 0.0208 | Val Loss 2.4606 | Val Acc 0.6857 | ETputs(KTEPS) 31299.11
2023-10-11 09:48:35,434 - tune.py [line:103] - INFO: Epoch 00860 | Time(s) 0.0208 | Val Loss 2.4491 | Val Acc 0.6659 | ETputs(KTEPS) 31261.32
2023-10-11 09:48:35,925 - tune.py [line:103] - INFO: Epoch 00880 | Time(s) 0.0209 | Val Loss 2.4533 | Val Acc 0.6747 | ETputs(KTEPS) 31134.05
2023-10-11 09:48:36,417 - tune.py [line:103] - INFO: Epoch 00900 | Time(s) 0.0210 | Val Loss 2.5898 | Val Acc 0.6769 | ETputs(KTEPS) 31013.05
2023-10-11 09:48:36,854 - tune.py [line:103] - INFO: Epoch 00920 | Time(s) 0.0210 | Val Loss 2.5454 | Val Acc 0.6769 | ETputs(KTEPS) 30984.83
2023-10-11 09:48:37,232 - tune.py [line:103] - INFO: Epoch 00940 | Time(s) 0.0209 | Val Loss 2.4410 | Val Acc 0.6901 | ETputs(KTEPS) 31051.86
2023-10-11 09:48:37,377 - tune.py [line:117] - INFO: [FINAL MODEL] Val accuracy 70.55% \Val loss: 2.3
2023-10-11 09:48:37,383 - tune.py [line:119] - INFO: [FINAL MODEL] Test accuracy 66.30% \Test loss: 2.4
2023-10-11 09:48:37,383 - tune.py [line:144] - INFO: Acc on the first split (Validation Set): 0.7055
2023-10-11 09:48:37,383 - tune.py [line:145] - INFO: Acc on the first split (Test Set): 0.6630
