2023-10-11 09:40:14,356 - tune.py [line:203] - INFO: Namespace(seed=42, model='GPRGNN', gpu=0, dataset='geom-chameleon', logging=True, log_detail=True, log_detailedCh=False, id_log=1011014503, optuna_n_trials=202, n_epochs=2000, self_loop=True, udgraph=True, early_stop=True, patience=300, n_hidden=64, n_cv=1, start_cv=0, n_layers=12, lr1=0.04, lr2=0.001, wd1=1e-08, wd2=1e-07, dropout=0.8, dropout2=0.9, alpha=0.9, es_ckpt='TestTuningScript-geom-chameleon_geom-chameleon_trialNo2')
2023-10-11 09:40:15,330 - tune.py [line:128] - INFO: Split_seeds:[1824]
2023-10-11 09:40:15,331 - tune.py [line:129] - INFO: Model_seeds:[409]
2023-10-11 09:40:15,788 - tune.py [line:103] - INFO: Epoch 00020 | Time(s) 0.0220 | Val Loss 1.6073 | Val Acc 0.1714 | ETputs(KTEPS) 29598.63
2023-10-11 09:40:16,178 - tune.py [line:103] - INFO: Epoch 00040 | Time(s) 0.0207 | Val Loss 1.6088 | Val Acc 0.1560 | ETputs(KTEPS) 31365.43
2023-10-11 09:40:16,582 - tune.py [line:103] - INFO: Epoch 00060 | Time(s) 0.0205 | Val Loss 1.5979 | Val Acc 0.3341 | ETputs(KTEPS) 31659.23
2023-10-11 09:40:16,972 - tune.py [line:103] - INFO: Epoch 00080 | Time(s) 0.0202 | Val Loss 1.5959 | Val Acc 0.3187 | ETputs(KTEPS) 32236.83
2023-10-11 09:40:17,443 - tune.py [line:103] - INFO: Epoch 00100 | Time(s) 0.0208 | Val Loss 1.5892 | Val Acc 0.3209 | ETputs(KTEPS) 31198.75
2023-10-11 09:40:17,837 - tune.py [line:103] - INFO: Epoch 00120 | Time(s) 0.0206 | Val Loss 1.5860 | Val Acc 0.3077 | ETputs(KTEPS) 31494.86
2023-10-11 09:40:18,211 - tune.py [line:103] - INFO: Epoch 00140 | Time(s) 0.0204 | Val Loss 1.5962 | Val Acc 0.1560 | ETputs(KTEPS) 31926.71
2023-10-11 09:40:18,612 - tune.py [line:103] - INFO: Epoch 00160 | Time(s) 0.0203 | Val Loss 1.5949 | Val Acc 0.1582 | ETputs(KTEPS) 32000.11
2023-10-11 09:40:18,959 - tune.py [line:103] - INFO: Epoch 00180 | Time(s) 0.0200 | Val Loss 1.5804 | Val Acc 0.1692 | ETputs(KTEPS) 32528.87
2023-10-11 09:40:19,357 - tune.py [line:103] - INFO: Epoch 00200 | Time(s) 0.0200 | Val Loss 1.5909 | Val Acc 0.1560 | ETputs(KTEPS) 32544.07
2023-10-11 09:40:19,761 - tune.py [line:103] - INFO: Epoch 00220 | Time(s) 0.0200 | Val Loss 1.5912 | Val Acc 0.1582 | ETputs(KTEPS) 32521.79
2023-10-11 09:40:20,155 - tune.py [line:103] - INFO: Epoch 00240 | Time(s) 0.0200 | Val Loss 1.5937 | Val Acc 0.1780 | ETputs(KTEPS) 32565.05
2023-10-11 09:40:20,571 - tune.py [line:103] - INFO: Epoch 00260 | Time(s) 0.0200 | Val Loss 1.5952 | Val Acc 0.2440 | ETputs(KTEPS) 32463.67
2023-10-11 09:40:20,978 - tune.py [line:103] - INFO: Epoch 00280 | Time(s) 0.0201 | Val Loss 1.6007 | Val Acc 0.2308 | ETputs(KTEPS) 32426.57
2023-10-11 09:40:21,357 - tune.py [line:103] - INFO: Epoch 00300 | Time(s) 0.0200 | Val Loss 1.5979 | Val Acc 0.1429 | ETputs(KTEPS) 32549.59
2023-10-11 09:40:21,769 - tune.py [line:103] - INFO: Epoch 00320 | Time(s) 0.0200 | Val Loss 1.6027 | Val Acc 0.1429 | ETputs(KTEPS) 32488.72
2023-10-11 09:40:22,182 - tune.py [line:103] - INFO: Epoch 00340 | Time(s) 0.0200 | Val Loss 1.6053 | Val Acc 0.1407 | ETputs(KTEPS) 32429.39
2023-10-11 09:40:22,620 - tune.py [line:103] - INFO: Epoch 00360 | Time(s) 0.0201 | Val Loss 1.5987 | Val Acc 0.2396 | ETputs(KTEPS) 32278.65
2023-10-11 09:40:22,720 - tune.py [line:117] - INFO: [FINAL MODEL] Val accuracy 34.07% \Val loss: 1.6
2023-10-11 09:40:22,724 - tune.py [line:119] - INFO: [FINAL MODEL] Test accuracy 33.04% \Test loss: 1.6
2023-10-11 09:40:22,724 - tune.py [line:144] - INFO: Acc on the first split (Validation Set): 0.3407
2023-10-11 09:40:22,724 - tune.py [line:145] - INFO: Acc on the first split (Test Set): 0.3304
