2023-10-11 09:59:41,300 - tune.py [line:203] - INFO: Namespace(seed=42, model='GPRGNN', gpu=0, dataset='geom-chameleon', logging=True, log_detail=True, log_detailedCh=False, id_log=1011014503, optuna_n_trials=202, n_epochs=2000, self_loop=True, udgraph=True, early_stop=True, patience=300, n_hidden=64, n_cv=1, start_cv=0, n_layers=4, lr1=0.05, lr2=0.05, wd1=1e-05, wd2=0.0001, dropout=0.4, dropout2=0.4, alpha=0.4, es_ckpt='TestTuningScript-geom-chameleon_geom-chameleon_trialNo134')
2023-10-11 09:59:42,050 - tune.py [line:128] - INFO: Split_seeds:[1824]
2023-10-11 09:59:42,050 - tune.py [line:129] - INFO: Model_seeds:[409]
2023-10-11 09:59:42,358 - tune.py [line:103] - INFO: Epoch 00020 | Time(s) 0.0141 | Val Loss 1.2970 | Val Acc 0.5912 | ETputs(KTEPS) 46208.94
2023-10-11 09:59:42,615 - tune.py [line:103] - INFO: Epoch 00040 | Time(s) 0.0133 | Val Loss 1.7129 | Val Acc 0.6088 | ETputs(KTEPS) 48929.13
2023-10-11 09:59:42,901 - tune.py [line:103] - INFO: Epoch 00060 | Time(s) 0.0136 | Val Loss 1.8620 | Val Acc 0.6000 | ETputs(KTEPS) 47812.07
2023-10-11 09:59:43,167 - tune.py [line:103] - INFO: Epoch 00080 | Time(s) 0.0134 | Val Loss 1.9666 | Val Acc 0.5868 | ETputs(KTEPS) 48465.84
2023-10-11 09:59:43,427 - tune.py [line:103] - INFO: Epoch 00100 | Time(s) 0.0133 | Val Loss 1.8142 | Val Acc 0.6374 | ETputs(KTEPS) 48830.08
2023-10-11 09:59:43,685 - tune.py [line:103] - INFO: Epoch 00120 | Time(s) 0.0132 | Val Loss 1.8479 | Val Acc 0.6440 | ETputs(KTEPS) 49152.08
2023-10-11 09:59:43,959 - tune.py [line:103] - INFO: Epoch 00140 | Time(s) 0.0133 | Val Loss 1.7800 | Val Acc 0.6440 | ETputs(KTEPS) 49064.73
2023-10-11 09:59:44,301 - tune.py [line:103] - INFO: Epoch 00160 | Time(s) 0.0137 | Val Loss 1.7804 | Val Acc 0.6527 | ETputs(KTEPS) 47348.21
2023-10-11 09:59:44,568 - tune.py [line:103] - INFO: Epoch 00180 | Time(s) 0.0137 | Val Loss 1.7225 | Val Acc 0.6549 | ETputs(KTEPS) 47583.86
2023-10-11 09:59:44,827 - tune.py [line:103] - INFO: Epoch 00200 | Time(s) 0.0136 | Val Loss 1.7927 | Val Acc 0.6527 | ETputs(KTEPS) 47903.45
2023-10-11 09:59:45,095 - tune.py [line:103] - INFO: Epoch 00220 | Time(s) 0.0135 | Val Loss 1.7856 | Val Acc 0.6549 | ETputs(KTEPS) 48002.52
2023-10-11 09:59:45,346 - tune.py [line:103] - INFO: Epoch 00240 | Time(s) 0.0135 | Val Loss 1.6895 | Val Acc 0.6835 | ETputs(KTEPS) 48306.80
2023-10-11 09:59:45,603 - tune.py [line:103] - INFO: Epoch 00260 | Time(s) 0.0134 | Val Loss 1.6545 | Val Acc 0.6791 | ETputs(KTEPS) 48534.20
2023-10-11 09:59:45,875 - tune.py [line:103] - INFO: Epoch 00280 | Time(s) 0.0134 | Val Loss 1.6471 | Val Acc 0.7011 | ETputs(KTEPS) 48485.87
2023-10-11 09:59:46,133 - tune.py [line:103] - INFO: Epoch 00300 | Time(s) 0.0134 | Val Loss 1.6731 | Val Acc 0.6857 | ETputs(KTEPS) 48656.61
2023-10-11 09:59:46,386 - tune.py [line:103] - INFO: Epoch 00320 | Time(s) 0.0133 | Val Loss 1.8285 | Val Acc 0.6615 | ETputs(KTEPS) 48822.91
2023-10-11 09:59:46,671 - tune.py [line:103] - INFO: Epoch 00340 | Time(s) 0.0134 | Val Loss 1.7533 | Val Acc 0.6769 | ETputs(KTEPS) 48632.76
2023-10-11 09:59:46,947 - tune.py [line:103] - INFO: Epoch 00360 | Time(s) 0.0134 | Val Loss 1.8866 | Val Acc 0.6747 | ETputs(KTEPS) 48545.47
2023-10-11 09:59:47,216 - tune.py [line:103] - INFO: Epoch 00380 | Time(s) 0.0134 | Val Loss 1.7145 | Val Acc 0.6615 | ETputs(KTEPS) 48537.80
2023-10-11 09:59:47,512 - tune.py [line:103] - INFO: Epoch 00400 | Time(s) 0.0135 | Val Loss 1.6421 | Val Acc 0.6725 | ETputs(KTEPS) 48288.44
2023-10-11 09:59:47,872 - tune.py [line:103] - INFO: Epoch 00420 | Time(s) 0.0137 | Val Loss 1.5551 | Val Acc 0.6923 | ETputs(KTEPS) 47535.40
2023-10-11 09:59:48,108 - tune.py [line:103] - INFO: Epoch 00440 | Time(s) 0.0136 | Val Loss 1.6418 | Val Acc 0.6725 | ETputs(KTEPS) 47837.68
2023-10-11 09:59:48,343 - tune.py [line:103] - INFO: Epoch 00460 | Time(s) 0.0135 | Val Loss 1.7563 | Val Acc 0.6725 | ETputs(KTEPS) 48122.33
2023-10-11 09:59:48,598 - tune.py [line:103] - INFO: Epoch 00480 | Time(s) 0.0135 | Val Loss 1.7614 | Val Acc 0.6879 | ETputs(KTEPS) 48238.25
2023-10-11 09:59:48,894 - tune.py [line:103] - INFO: Epoch 00500 | Time(s) 0.0135 | Val Loss 1.7343 | Val Acc 0.6945 | ETputs(KTEPS) 48057.39
2023-10-11 09:59:49,160 - tune.py [line:103] - INFO: Epoch 00520 | Time(s) 0.0135 | Val Loss 1.6228 | Val Acc 0.6681 | ETputs(KTEPS) 48088.27
2023-10-11 09:59:49,417 - tune.py [line:103] - INFO: Epoch 00540 | Time(s) 0.0135 | Val Loss 1.7805 | Val Acc 0.6593 | ETputs(KTEPS) 48183.17
2023-10-11 09:59:49,689 - tune.py [line:103] - INFO: Epoch 00560 | Time(s) 0.0135 | Val Loss 1.7356 | Val Acc 0.6791 | ETputs(KTEPS) 48168.69
2023-10-11 09:59:49,994 - tune.py [line:103] - INFO: Epoch 00580 | Time(s) 0.0136 | Val Loss 1.6913 | Val Acc 0.6791 | ETputs(KTEPS) 47957.53
2023-10-11 09:59:50,019 - tune.py [line:117] - INFO: [FINAL MODEL] Val accuracy 70.55% \Val loss: 1.6
2023-10-11 09:59:50,022 - tune.py [line:119] - INFO: [FINAL MODEL] Test accuracy 67.18% \Test loss: 1.6
2023-10-11 09:59:50,023 - tune.py [line:144] - INFO: Acc on the first split (Validation Set): 0.7055
2023-10-11 09:59:50,023 - tune.py [line:145] - INFO: Acc on the first split (Test Set): 0.6718
