2023-10-11 10:04:51,125 - tune.py [line:203] - INFO: Namespace(seed=42, model='GPRGNN', gpu=0, dataset='geom-chameleon', logging=True, log_detail=True, log_detailedCh=False, id_log=1011014503, optuna_n_trials=202, n_epochs=2000, self_loop=True, udgraph=True, early_stop=True, patience=300, n_hidden=64, n_cv=1, start_cv=0, n_layers=4, lr1=0.05, lr2=0.05, wd1=1e-07, wd2=1e-05, dropout=0.5, dropout2=0.5, alpha=0.4, es_ckpt='TestTuningScript-geom-chameleon_geom-chameleon_trialNo189')
2023-10-11 10:04:52,067 - tune.py [line:128] - INFO: Split_seeds:[1824]
2023-10-11 10:04:52,067 - tune.py [line:129] - INFO: Model_seeds:[409]
2023-10-11 10:04:52,409 - tune.py [line:103] - INFO: Epoch 00020 | Time(s) 0.0155 | Val Loss 1.2336 | Val Acc 0.5582 | ETputs(KTEPS) 41898.13
2023-10-11 10:04:52,732 - tune.py [line:103] - INFO: Epoch 00040 | Time(s) 0.0156 | Val Loss 1.4875 | Val Acc 0.5473 | ETputs(KTEPS) 41572.85
2023-10-11 10:04:53,042 - tune.py [line:103] - INFO: Epoch 00060 | Time(s) 0.0155 | Val Loss 1.4307 | Val Acc 0.5868 | ETputs(KTEPS) 41890.98
2023-10-11 10:04:53,350 - tune.py [line:103] - INFO: Epoch 00080 | Time(s) 0.0154 | Val Loss 1.4508 | Val Acc 0.6198 | ETputs(KTEPS) 42129.54
2023-10-11 10:04:53,673 - tune.py [line:103] - INFO: Epoch 00100 | Time(s) 0.0155 | Val Loss 1.4338 | Val Acc 0.6374 | ETputs(KTEPS) 41862.03
2023-10-11 10:04:53,999 - tune.py [line:103] - INFO: Epoch 00120 | Time(s) 0.0156 | Val Loss 1.4326 | Val Acc 0.6308 | ETputs(KTEPS) 41546.21
2023-10-11 10:04:54,328 - tune.py [line:103] - INFO: Epoch 00140 | Time(s) 0.0157 | Val Loss 1.4153 | Val Acc 0.6549 | ETputs(KTEPS) 41345.01
2023-10-11 10:04:54,621 - tune.py [line:103] - INFO: Epoch 00160 | Time(s) 0.0156 | Val Loss 1.4478 | Val Acc 0.6637 | ETputs(KTEPS) 41748.08
2023-10-11 10:04:54,939 - tune.py [line:103] - INFO: Epoch 00180 | Time(s) 0.0156 | Val Loss 1.4420 | Val Acc 0.6418 | ETputs(KTEPS) 41654.47
2023-10-11 10:04:55,308 - tune.py [line:103] - INFO: Epoch 00200 | Time(s) 0.0159 | Val Loss 1.4674 | Val Acc 0.6813 | ETputs(KTEPS) 40946.82
2023-10-11 10:04:55,641 - tune.py [line:103] - INFO: Epoch 00220 | Time(s) 0.0159 | Val Loss 1.4195 | Val Acc 0.6571 | ETputs(KTEPS) 40800.35
2023-10-11 10:04:55,920 - tune.py [line:103] - INFO: Epoch 00240 | Time(s) 0.0158 | Val Loss 1.5141 | Val Acc 0.6703 | ETputs(KTEPS) 41226.19
2023-10-11 10:04:56,223 - tune.py [line:103] - INFO: Epoch 00260 | Time(s) 0.0157 | Val Loss 1.5111 | Val Acc 0.6791 | ETputs(KTEPS) 41378.33
2023-10-11 10:04:56,593 - tune.py [line:103] - INFO: Epoch 00280 | Time(s) 0.0159 | Val Loss 1.4822 | Val Acc 0.6857 | ETputs(KTEPS) 40897.95
2023-10-11 10:04:56,922 - tune.py [line:103] - INFO: Epoch 00300 | Time(s) 0.0159 | Val Loss 1.5469 | Val Acc 0.6879 | ETputs(KTEPS) 40851.44
2023-10-11 10:04:57,231 - tune.py [line:103] - INFO: Epoch 00320 | Time(s) 0.0159 | Val Loss 1.5095 | Val Acc 0.7011 | ETputs(KTEPS) 40925.28
2023-10-11 10:04:57,596 - tune.py [line:103] - INFO: Epoch 00340 | Time(s) 0.0160 | Val Loss 1.5798 | Val Acc 0.6879 | ETputs(KTEPS) 40589.93
2023-10-11 10:04:57,946 - tune.py [line:103] - INFO: Epoch 00360 | Time(s) 0.0161 | Val Loss 1.5428 | Val Acc 0.6879 | ETputs(KTEPS) 40407.40
2023-10-11 10:04:58,235 - tune.py [line:103] - INFO: Epoch 00380 | Time(s) 0.0160 | Val Loss 1.5721 | Val Acc 0.6967 | ETputs(KTEPS) 40624.65
2023-10-11 10:04:58,493 - tune.py [line:103] - INFO: Epoch 00400 | Time(s) 0.0158 | Val Loss 1.5587 | Val Acc 0.6857 | ETputs(KTEPS) 41024.52
2023-10-11 10:04:58,756 - tune.py [line:103] - INFO: Epoch 00420 | Time(s) 0.0157 | Val Loss 1.4897 | Val Acc 0.6967 | ETputs(KTEPS) 41365.11
2023-10-11 10:05:03,454 - tune.py [line:103] - INFO: Epoch 00440 | Time(s) 0.0257 | Val Loss 1.4992 | Val Acc 0.6901 | ETputs(KTEPS) 25319.64
2023-10-11 10:05:03,754 - tune.py [line:103] - INFO: Epoch 00460 | Time(s) 0.0252 | Val Loss 1.5799 | Val Acc 0.6857 | ETputs(KTEPS) 25785.20
2023-10-11 10:05:04,077 - tune.py [line:103] - INFO: Epoch 00480 | Time(s) 0.0248 | Val Loss 1.5309 | Val Acc 0.6835 | ETputs(KTEPS) 26179.36
2023-10-11 10:05:04,387 - tune.py [line:103] - INFO: Epoch 00500 | Time(s) 0.0245 | Val Loss 1.5298 | Val Acc 0.6967 | ETputs(KTEPS) 26579.71
2023-10-11 10:05:04,715 - tune.py [line:103] - INFO: Epoch 00520 | Time(s) 0.0242 | Val Loss 1.5590 | Val Acc 0.6857 | ETputs(KTEPS) 26922.42
2023-10-11 10:05:05,056 - tune.py [line:103] - INFO: Epoch 00540 | Time(s) 0.0239 | Val Loss 1.6380 | Val Acc 0.6901 | ETputs(KTEPS) 27218.99
2023-10-11 10:05:05,375 - tune.py [line:103] - INFO: Epoch 00560 | Time(s) 0.0236 | Val Loss 1.5665 | Val Acc 0.7011 | ETputs(KTEPS) 27547.93
2023-10-11 10:05:05,680 - tune.py [line:103] - INFO: Epoch 00580 | Time(s) 0.0233 | Val Loss 1.5399 | Val Acc 0.7011 | ETputs(KTEPS) 27899.80
2023-10-11 10:05:06,035 - tune.py [line:103] - INFO: Epoch 00600 | Time(s) 0.0231 | Val Loss 1.5582 | Val Acc 0.6835 | ETputs(KTEPS) 28131.60
2023-10-11 10:05:06,333 - tune.py [line:103] - INFO: Epoch 00620 | Time(s) 0.0228 | Val Loss 1.6024 | Val Acc 0.6945 | ETputs(KTEPS) 28460.21
2023-10-11 10:05:06,653 - tune.py [line:103] - INFO: Epoch 00640 | Time(s) 0.0226 | Val Loss 1.5473 | Val Acc 0.6923 | ETputs(KTEPS) 28729.54
2023-10-11 10:05:06,962 - tune.py [line:103] - INFO: Epoch 00660 | Time(s) 0.0224 | Val Loss 1.7066 | Val Acc 0.6901 | ETputs(KTEPS) 29009.38
2023-10-11 10:05:07,255 - tune.py [line:103] - INFO: Epoch 00680 | Time(s) 0.0222 | Val Loss 1.5997 | Val Acc 0.7165 | ETputs(KTEPS) 29313.12
2023-10-11 10:05:07,530 - tune.py [line:103] - INFO: Epoch 00700 | Time(s) 0.0219 | Val Loss 1.6200 | Val Acc 0.6835 | ETputs(KTEPS) 29635.44
2023-10-11 10:05:07,826 - tune.py [line:103] - INFO: Epoch 00720 | Time(s) 0.0217 | Val Loss 1.5934 | Val Acc 0.6945 | ETputs(KTEPS) 29908.01
2023-10-11 10:05:08,132 - tune.py [line:103] - INFO: Epoch 00740 | Time(s) 0.0216 | Val Loss 1.6519 | Val Acc 0.6967 | ETputs(KTEPS) 30150.06
2023-10-11 10:05:08,442 - tune.py [line:103] - INFO: Epoch 00760 | Time(s) 0.0214 | Val Loss 1.6218 | Val Acc 0.6967 | ETputs(KTEPS) 30376.69
2023-10-11 10:05:08,748 - tune.py [line:103] - INFO: Epoch 00780 | Time(s) 0.0212 | Val Loss 1.7675 | Val Acc 0.6747 | ETputs(KTEPS) 30600.22
2023-10-11 10:05:09,041 - tune.py [line:103] - INFO: Epoch 00800 | Time(s) 0.0211 | Val Loss 1.5604 | Val Acc 0.6989 | ETputs(KTEPS) 30840.48
2023-10-11 10:05:09,329 - tune.py [line:103] - INFO: Epoch 00820 | Time(s) 0.0209 | Val Loss 1.5886 | Val Acc 0.7011 | ETputs(KTEPS) 31082.69
2023-10-11 10:05:09,604 - tune.py [line:103] - INFO: Epoch 00840 | Time(s) 0.0207 | Val Loss 1.6405 | Val Acc 0.7011 | ETputs(KTEPS) 31339.14
2023-10-11 10:05:09,946 - tune.py [line:103] - INFO: Epoch 00860 | Time(s) 0.0207 | Val Loss 1.6591 | Val Acc 0.7077 | ETputs(KTEPS) 31468.17
2023-10-11 10:05:10,288 - tune.py [line:103] - INFO: Epoch 00880 | Time(s) 0.0206 | Val Loss 1.6630 | Val Acc 0.7055 | ETputs(KTEPS) 31593.79
2023-10-11 10:05:10,593 - tune.py [line:103] - INFO: Epoch 00900 | Time(s) 0.0205 | Val Loss 1.6178 | Val Acc 0.6967 | ETputs(KTEPS) 31776.43
2023-10-11 10:05:10,890 - tune.py [line:103] - INFO: Epoch 00920 | Time(s) 0.0203 | Val Loss 1.7077 | Val Acc 0.6945 | ETputs(KTEPS) 31967.96
2023-10-11 10:05:11,162 - tune.py [line:103] - INFO: Epoch 00940 | Time(s) 0.0202 | Val Loss 1.7558 | Val Acc 0.6835 | ETputs(KTEPS) 32196.36
2023-10-11 10:05:11,474 - tune.py [line:103] - INFO: Epoch 00960 | Time(s) 0.0201 | Val Loss 1.5738 | Val Acc 0.6857 | ETputs(KTEPS) 32351.04
2023-10-11 10:05:11,773 - tune.py [line:117] - INFO: [FINAL MODEL] Val accuracy 72.31% \Val loss: 1.7
2023-10-11 10:05:11,775 - tune.py [line:119] - INFO: [FINAL MODEL] Test accuracy 67.18% \Test loss: 1.7
2023-10-11 10:05:11,775 - tune.py [line:144] - INFO: Acc on the first split (Validation Set): 0.7231
2023-10-11 10:05:11,775 - tune.py [line:145] - INFO: Acc on the first split (Test Set): 0.6718
