2023-10-11 10:02:28,983 - tune.py [line:203] - INFO: Namespace(seed=42, model='GPRGNN', gpu=0, dataset='geom-chameleon', logging=True, log_detail=True, log_detailedCh=False, id_log=1011014503, optuna_n_trials=202, n_epochs=2000, self_loop=True, udgraph=True, early_stop=True, patience=300, n_hidden=64, n_cv=1, start_cv=0, n_layers=4, lr1=0.05, lr2=0.05, wd1=1e-07, wd2=1e-05, dropout=0.5, dropout2=0.5, alpha=0.30000000000000004, es_ckpt='TestTuningScript-geom-chameleon_geom-chameleon_trialNo159')
2023-10-11 10:02:29,870 - tune.py [line:128] - INFO: Split_seeds:[1824]
2023-10-11 10:02:29,870 - tune.py [line:129] - INFO: Model_seeds:[409]
2023-10-11 10:02:30,206 - tune.py [line:103] - INFO: Epoch 00020 | Time(s) 0.0154 | Val Loss 1.1861 | Val Acc 0.5670 | ETputs(KTEPS) 42293.03
2023-10-11 10:02:30,481 - tune.py [line:103] - INFO: Epoch 00040 | Time(s) 0.0144 | Val Loss 1.4582 | Val Acc 0.5604 | ETputs(KTEPS) 45016.77
2023-10-11 10:02:30,758 - tune.py [line:103] - INFO: Epoch 00060 | Time(s) 0.0141 | Val Loss 1.3810 | Val Acc 0.6044 | ETputs(KTEPS) 46038.42
2023-10-11 10:02:31,039 - tune.py [line:103] - INFO: Epoch 00080 | Time(s) 0.0140 | Val Loss 1.4812 | Val Acc 0.6154 | ETputs(KTEPS) 46281.76
2023-10-11 10:02:31,316 - tune.py [line:103] - INFO: Epoch 00100 | Time(s) 0.0140 | Val Loss 1.3882 | Val Acc 0.6418 | ETputs(KTEPS) 46577.35
2023-10-11 10:02:31,618 - tune.py [line:103] - INFO: Epoch 00120 | Time(s) 0.0141 | Val Loss 1.3667 | Val Acc 0.6549 | ETputs(KTEPS) 46137.38
2023-10-11 10:02:31,892 - tune.py [line:103] - INFO: Epoch 00140 | Time(s) 0.0140 | Val Loss 1.4195 | Val Acc 0.6791 | ETputs(KTEPS) 46431.78
2023-10-11 10:02:32,281 - tune.py [line:103] - INFO: Epoch 00160 | Time(s) 0.0147 | Val Loss 1.4474 | Val Acc 0.6703 | ETputs(KTEPS) 44300.54
2023-10-11 10:02:32,619 - tune.py [line:103] - INFO: Epoch 00180 | Time(s) 0.0149 | Val Loss 1.4251 | Val Acc 0.6615 | ETputs(KTEPS) 43570.54
2023-10-11 10:02:32,934 - tune.py [line:103] - INFO: Epoch 00200 | Time(s) 0.0150 | Val Loss 1.4715 | Val Acc 0.6747 | ETputs(KTEPS) 43338.08
2023-10-11 10:02:33,237 - tune.py [line:103] - INFO: Epoch 00220 | Time(s) 0.0150 | Val Loss 1.4042 | Val Acc 0.6813 | ETputs(KTEPS) 43357.00
2023-10-11 10:02:33,537 - tune.py [line:103] - INFO: Epoch 00240 | Time(s) 0.0150 | Val Loss 1.4882 | Val Acc 0.6901 | ETputs(KTEPS) 43406.57
2023-10-11 10:02:33,803 - tune.py [line:103] - INFO: Epoch 00260 | Time(s) 0.0148 | Val Loss 1.5125 | Val Acc 0.6923 | ETputs(KTEPS) 43816.91
2023-10-11 10:02:34,053 - tune.py [line:103] - INFO: Epoch 00280 | Time(s) 0.0147 | Val Loss 1.4746 | Val Acc 0.6967 | ETputs(KTEPS) 44336.89
2023-10-11 10:02:34,352 - tune.py [line:103] - INFO: Epoch 00300 | Time(s) 0.0147 | Val Loss 1.5083 | Val Acc 0.6989 | ETputs(KTEPS) 44282.72
2023-10-11 10:02:34,609 - tune.py [line:103] - INFO: Epoch 00320 | Time(s) 0.0146 | Val Loss 1.5769 | Val Acc 0.6923 | ETputs(KTEPS) 44637.79
2023-10-11 10:02:34,909 - tune.py [line:103] - INFO: Epoch 00340 | Time(s) 0.0146 | Val Loss 1.6051 | Val Acc 0.6813 | ETputs(KTEPS) 44559.50
2023-10-11 10:02:35,189 - tune.py [line:103] - INFO: Epoch 00360 | Time(s) 0.0146 | Val Loss 1.5980 | Val Acc 0.6879 | ETputs(KTEPS) 44667.12
2023-10-11 10:02:35,458 - tune.py [line:103] - INFO: Epoch 00380 | Time(s) 0.0145 | Val Loss 1.5436 | Val Acc 0.6835 | ETputs(KTEPS) 44846.19
2023-10-11 10:02:35,721 - tune.py [line:103] - INFO: Epoch 00400 | Time(s) 0.0144 | Val Loss 1.5374 | Val Acc 0.6835 | ETputs(KTEPS) 45060.70
2023-10-11 10:02:35,993 - tune.py [line:103] - INFO: Epoch 00420 | Time(s) 0.0144 | Val Loss 1.4948 | Val Acc 0.6857 | ETputs(KTEPS) 45192.06
2023-10-11 10:02:36,264 - tune.py [line:103] - INFO: Epoch 00440 | Time(s) 0.0143 | Val Loss 1.5359 | Val Acc 0.6901 | ETputs(KTEPS) 45311.57
2023-10-11 10:02:36,539 - tune.py [line:103] - INFO: Epoch 00460 | Time(s) 0.0143 | Val Loss 1.5160 | Val Acc 0.6945 | ETputs(KTEPS) 45397.94
2023-10-11 10:02:36,815 - tune.py [line:103] - INFO: Epoch 00480 | Time(s) 0.0143 | Val Loss 1.5422 | Val Acc 0.6923 | ETputs(KTEPS) 45488.18
2023-10-11 10:02:37,107 - tune.py [line:103] - INFO: Epoch 00500 | Time(s) 0.0143 | Val Loss 1.4939 | Val Acc 0.6879 | ETputs(KTEPS) 45451.90
2023-10-11 10:02:37,397 - tune.py [line:103] - INFO: Epoch 00520 | Time(s) 0.0143 | Val Loss 1.6416 | Val Acc 0.6791 | ETputs(KTEPS) 45426.68
2023-10-11 10:02:37,726 - tune.py [line:103] - INFO: Epoch 00540 | Time(s) 0.0144 | Val Loss 1.6284 | Val Acc 0.6901 | ETputs(KTEPS) 45178.90
2023-10-11 10:02:38,015 - tune.py [line:103] - INFO: Epoch 00560 | Time(s) 0.0144 | Val Loss 1.5401 | Val Acc 0.6989 | ETputs(KTEPS) 45187.66
2023-10-11 10:02:38,277 - tune.py [line:103] - INFO: Epoch 00580 | Time(s) 0.0143 | Val Loss 1.5692 | Val Acc 0.6901 | ETputs(KTEPS) 45331.98
2023-10-11 10:02:38,555 - tune.py [line:103] - INFO: Epoch 00600 | Time(s) 0.0143 | Val Loss 1.5446 | Val Acc 0.6901 | ETputs(KTEPS) 45383.74
2023-10-11 10:02:38,832 - tune.py [line:103] - INFO: Epoch 00620 | Time(s) 0.0143 | Val Loss 1.5937 | Val Acc 0.6967 | ETputs(KTEPS) 45432.54
2023-10-11 10:02:39,126 - tune.py [line:103] - INFO: Epoch 00640 | Time(s) 0.0143 | Val Loss 1.5678 | Val Acc 0.6945 | ETputs(KTEPS) 45419.71
2023-10-11 10:02:39,403 - tune.py [line:103] - INFO: Epoch 00660 | Time(s) 0.0143 | Val Loss 1.6585 | Val Acc 0.6835 | ETputs(KTEPS) 45466.76
2023-10-11 10:02:39,676 - tune.py [line:103] - INFO: Epoch 00680 | Time(s) 0.0143 | Val Loss 1.6637 | Val Acc 0.7011 | ETputs(KTEPS) 45532.28
2023-10-11 10:02:39,948 - tune.py [line:103] - INFO: Epoch 00700 | Time(s) 0.0143 | Val Loss 1.5361 | Val Acc 0.6857 | ETputs(KTEPS) 45596.17
2023-10-11 10:02:40,239 - tune.py [line:103] - INFO: Epoch 00720 | Time(s) 0.0143 | Val Loss 1.6063 | Val Acc 0.6857 | ETputs(KTEPS) 45570.95
2023-10-11 10:02:40,504 - tune.py [line:103] - INFO: Epoch 00740 | Time(s) 0.0142 | Val Loss 1.6556 | Val Acc 0.6879 | ETputs(KTEPS) 45662.19
2023-10-11 10:02:40,786 - tune.py [line:103] - INFO: Epoch 00760 | Time(s) 0.0142 | Val Loss 1.6080 | Val Acc 0.6923 | ETputs(KTEPS) 45672.45
2023-10-11 10:02:41,086 - tune.py [line:103] - INFO: Epoch 00780 | Time(s) 0.0143 | Val Loss 1.6835 | Val Acc 0.6769 | ETputs(KTEPS) 45614.50
2023-10-11 10:02:41,351 - tune.py [line:103] - INFO: Epoch 00800 | Time(s) 0.0142 | Val Loss 1.5852 | Val Acc 0.6945 | ETputs(KTEPS) 45695.63
2023-10-11 10:02:41,608 - tune.py [line:103] - INFO: Epoch 00820 | Time(s) 0.0142 | Val Loss 1.5796 | Val Acc 0.6923 | ETputs(KTEPS) 45807.09
2023-10-11 10:02:41,879 - tune.py [line:103] - INFO: Epoch 00840 | Time(s) 0.0142 | Val Loss 1.6496 | Val Acc 0.6989 | ETputs(KTEPS) 45855.32
2023-10-11 10:02:42,151 - tune.py [line:103] - INFO: Epoch 00860 | Time(s) 0.0142 | Val Loss 1.6637 | Val Acc 0.7011 | ETputs(KTEPS) 45903.03
2023-10-11 10:02:42,458 - tune.py [line:103] - INFO: Epoch 00880 | Time(s) 0.0142 | Val Loss 1.7422 | Val Acc 0.7055 | ETputs(KTEPS) 45817.56
2023-10-11 10:02:42,745 - tune.py [line:103] - INFO: Epoch 00900 | Time(s) 0.0142 | Val Loss 1.6793 | Val Acc 0.6945 | ETputs(KTEPS) 45808.46
2023-10-11 10:02:43,006 - tune.py [line:103] - INFO: Epoch 00920 | Time(s) 0.0142 | Val Loss 1.7289 | Val Acc 0.6857 | ETputs(KTEPS) 45889.41
2023-10-11 10:02:43,168 - tune.py [line:117] - INFO: [FINAL MODEL] Val accuracy 71.21% \Val loss: 1.7
2023-10-11 10:02:43,169 - tune.py [line:119] - INFO: [FINAL MODEL] Test accuracy 67.18% \Test loss: 1.8
2023-10-11 10:02:43,169 - tune.py [line:144] - INFO: Acc on the first split (Validation Set): 0.7121
2023-10-11 10:02:43,170 - tune.py [line:145] - INFO: Acc on the first split (Test Set): 0.6718
