2023-10-11 10:05:11,940 - tune.py [line:203] - INFO: Namespace(seed=42, model='GPRGNN', gpu=0, dataset='geom-chameleon', logging=True, log_detail=True, log_detailedCh=False, id_log=1011014503, optuna_n_trials=202, n_epochs=2000, self_loop=True, udgraph=True, early_stop=True, patience=300, n_hidden=64, n_cv=1, start_cv=0, n_layers=4, lr1=0.04, lr2=0.05, wd1=1e-06, wd2=1e-05, dropout=0.4, dropout2=0.4, alpha=0.4, es_ckpt='TestTuningScript-geom-chameleon_geom-chameleon_trialNo190')
2023-10-11 10:05:12,742 - tune.py [line:128] - INFO: Split_seeds:[1824]
2023-10-11 10:05:12,742 - tune.py [line:129] - INFO: Model_seeds:[409]
2023-10-11 10:05:13,070 - tune.py [line:103] - INFO: Epoch 00020 | Time(s) 0.0149 | Val Loss 1.2392 | Val Acc 0.5956 | ETputs(KTEPS) 43514.14
2023-10-11 10:05:13,399 - tune.py [line:103] - INFO: Epoch 00040 | Time(s) 0.0156 | Val Loss 1.7542 | Val Acc 0.6022 | ETputs(KTEPS) 41682.55
2023-10-11 10:05:13,763 - tune.py [line:103] - INFO: Epoch 00060 | Time(s) 0.0162 | Val Loss 1.8644 | Val Acc 0.6132 | ETputs(KTEPS) 40096.54
2023-10-11 10:05:14,024 - tune.py [line:103] - INFO: Epoch 00080 | Time(s) 0.0153 | Val Loss 2.0375 | Val Acc 0.5978 | ETputs(KTEPS) 42390.32
2023-10-11 10:05:14,340 - tune.py [line:103] - INFO: Epoch 00100 | Time(s) 0.0154 | Val Loss 2.0026 | Val Acc 0.6286 | ETputs(KTEPS) 42261.71
2023-10-11 10:05:14,643 - tune.py [line:103] - INFO: Epoch 00120 | Time(s) 0.0153 | Val Loss 1.9785 | Val Acc 0.6352 | ETputs(KTEPS) 42489.80
2023-10-11 10:05:14,928 - tune.py [line:103] - INFO: Epoch 00140 | Time(s) 0.0151 | Val Loss 1.9721 | Val Acc 0.6681 | ETputs(KTEPS) 43016.14
2023-10-11 10:05:15,214 - tune.py [line:103] - INFO: Epoch 00160 | Time(s) 0.0150 | Val Loss 2.0453 | Val Acc 0.6571 | ETputs(KTEPS) 43344.39
2023-10-11 10:05:15,515 - tune.py [line:103] - INFO: Epoch 00180 | Time(s) 0.0150 | Val Loss 1.9825 | Val Acc 0.6703 | ETputs(KTEPS) 43345.50
2023-10-11 10:05:15,831 - tune.py [line:103] - INFO: Epoch 00200 | Time(s) 0.0151 | Val Loss 2.0763 | Val Acc 0.6659 | ETputs(KTEPS) 43115.98
2023-10-11 10:05:16,128 - tune.py [line:103] - INFO: Epoch 00220 | Time(s) 0.0150 | Val Loss 2.1449 | Val Acc 0.6637 | ETputs(KTEPS) 43234.69
2023-10-11 10:05:16,429 - tune.py [line:103] - INFO: Epoch 00240 | Time(s) 0.0150 | Val Loss 2.0872 | Val Acc 0.6835 | ETputs(KTEPS) 43264.89
2023-10-11 10:05:16,793 - tune.py [line:103] - INFO: Epoch 00260 | Time(s) 0.0152 | Val Loss 2.1385 | Val Acc 0.6725 | ETputs(KTEPS) 42659.11
2023-10-11 10:05:17,102 - tune.py [line:103] - INFO: Epoch 00280 | Time(s) 0.0153 | Val Loss 2.0738 | Val Acc 0.6747 | ETputs(KTEPS) 42618.37
2023-10-11 10:05:17,432 - tune.py [line:103] - INFO: Epoch 00300 | Time(s) 0.0153 | Val Loss 2.1876 | Val Acc 0.6791 | ETputs(KTEPS) 42416.88
2023-10-11 10:05:17,776 - tune.py [line:103] - INFO: Epoch 00320 | Time(s) 0.0154 | Val Loss 2.1315 | Val Acc 0.6813 | ETputs(KTEPS) 42120.71
2023-10-11 10:05:18,075 - tune.py [line:103] - INFO: Epoch 00340 | Time(s) 0.0154 | Val Loss 2.1512 | Val Acc 0.6791 | ETputs(KTEPS) 42195.93
2023-10-11 10:05:18,394 - tune.py [line:103] - INFO: Epoch 00360 | Time(s) 0.0154 | Val Loss 2.2758 | Val Acc 0.6835 | ETputs(KTEPS) 42118.10
2023-10-11 10:05:18,697 - tune.py [line:103] - INFO: Epoch 00380 | Time(s) 0.0154 | Val Loss 2.2952 | Val Acc 0.6769 | ETputs(KTEPS) 42160.73
2023-10-11 10:05:19,027 - tune.py [line:103] - INFO: Epoch 00400 | Time(s) 0.0155 | Val Loss 2.1915 | Val Acc 0.6813 | ETputs(KTEPS) 42038.82
2023-10-11 10:05:19,343 - tune.py [line:103] - INFO: Epoch 00420 | Time(s) 0.0155 | Val Loss 2.1535 | Val Acc 0.6879 | ETputs(KTEPS) 41997.24
2023-10-11 10:05:19,706 - tune.py [line:103] - INFO: Epoch 00440 | Time(s) 0.0156 | Val Loss 2.2547 | Val Acc 0.6791 | ETputs(KTEPS) 41671.09
2023-10-11 10:05:20,007 - tune.py [line:103] - INFO: Epoch 00460 | Time(s) 0.0156 | Val Loss 2.1649 | Val Acc 0.6813 | ETputs(KTEPS) 41740.56
2023-10-11 10:05:20,302 - tune.py [line:103] - INFO: Epoch 00480 | Time(s) 0.0155 | Val Loss 2.1765 | Val Acc 0.6967 | ETputs(KTEPS) 41836.10
2023-10-11 10:05:20,620 - tune.py [line:103] - INFO: Epoch 00500 | Time(s) 0.0156 | Val Loss 2.3893 | Val Acc 0.6813 | ETputs(KTEPS) 41800.14
2023-10-11 10:05:20,936 - tune.py [line:103] - INFO: Epoch 00520 | Time(s) 0.0156 | Val Loss 2.1750 | Val Acc 0.7011 | ETputs(KTEPS) 41776.05
2023-10-11 10:05:21,254 - tune.py [line:103] - INFO: Epoch 00540 | Time(s) 0.0156 | Val Loss 2.3718 | Val Acc 0.6967 | ETputs(KTEPS) 41763.11
2023-10-11 10:05:21,557 - tune.py [line:103] - INFO: Epoch 00560 | Time(s) 0.0155 | Val Loss 2.2141 | Val Acc 0.6967 | ETputs(KTEPS) 41816.28
2023-10-11 10:05:21,878 - tune.py [line:103] - INFO: Epoch 00580 | Time(s) 0.0156 | Val Loss 2.2694 | Val Acc 0.6967 | ETputs(KTEPS) 41771.05
2023-10-11 10:05:22,256 - tune.py [line:103] - INFO: Epoch 00600 | Time(s) 0.0157 | Val Loss 2.2360 | Val Acc 0.6879 | ETputs(KTEPS) 41478.72
2023-10-11 10:05:22,624 - tune.py [line:103] - INFO: Epoch 00620 | Time(s) 0.0158 | Val Loss 2.2934 | Val Acc 0.6813 | ETputs(KTEPS) 41249.39
2023-10-11 10:05:22,941 - tune.py [line:103] - INFO: Epoch 00640 | Time(s) 0.0158 | Val Loss 2.2078 | Val Acc 0.6923 | ETputs(KTEPS) 41247.05
2023-10-11 10:05:23,191 - tune.py [line:103] - INFO: Epoch 00660 | Time(s) 0.0157 | Val Loss 2.3633 | Val Acc 0.6879 | ETputs(KTEPS) 41507.78
2023-10-11 10:05:23,440 - tune.py [line:103] - INFO: Epoch 00680 | Time(s) 0.0156 | Val Loss 2.3615 | Val Acc 0.6989 | ETputs(KTEPS) 41763.66
2023-10-11 10:05:23,729 - tune.py [line:103] - INFO: Epoch 00700 | Time(s) 0.0155 | Val Loss 2.3485 | Val Acc 0.7033 | ETputs(KTEPS) 41859.06
2023-10-11 10:05:24,039 - tune.py [line:103] - INFO: Epoch 00720 | Time(s) 0.0155 | Val Loss 2.3827 | Val Acc 0.6967 | ETputs(KTEPS) 41861.94
2023-10-11 10:05:24,346 - tune.py [line:103] - INFO: Epoch 00740 | Time(s) 0.0155 | Val Loss 2.3644 | Val Acc 0.6967 | ETputs(KTEPS) 41878.26
2023-10-11 10:05:24,649 - tune.py [line:103] - INFO: Epoch 00760 | Time(s) 0.0155 | Val Loss 2.3199 | Val Acc 0.6989 | ETputs(KTEPS) 41905.28
2023-10-11 10:05:24,961 - tune.py [line:103] - INFO: Epoch 00780 | Time(s) 0.0155 | Val Loss 2.3866 | Val Acc 0.6725 | ETputs(KTEPS) 41900.34
2023-10-11 10:05:25,291 - tune.py [line:103] - INFO: Epoch 00800 | Time(s) 0.0155 | Val Loss 2.3100 | Val Acc 0.6835 | ETputs(KTEPS) 41836.29
2023-10-11 10:05:25,604 - tune.py [line:103] - INFO: Epoch 00820 | Time(s) 0.0155 | Val Loss 2.2500 | Val Acc 0.6857 | ETputs(KTEPS) 41832.88
2023-10-11 10:05:25,904 - tune.py [line:103] - INFO: Epoch 00840 | Time(s) 0.0155 | Val Loss 2.3457 | Val Acc 0.6901 | ETputs(KTEPS) 41868.88
2023-10-11 10:05:26,229 - tune.py [line:103] - INFO: Epoch 00860 | Time(s) 0.0155 | Val Loss 2.3538 | Val Acc 0.6879 | ETputs(KTEPS) 41826.67
2023-10-11 10:05:26,527 - tune.py [line:103] - INFO: Epoch 00880 | Time(s) 0.0155 | Val Loss 2.3773 | Val Acc 0.6923 | ETputs(KTEPS) 41866.60
2023-10-11 10:05:26,888 - tune.py [line:103] - INFO: Epoch 00900 | Time(s) 0.0156 | Val Loss 2.3307 | Val Acc 0.6901 | ETputs(KTEPS) 41719.56
2023-10-11 10:05:27,210 - tune.py [line:103] - INFO: Epoch 00920 | Time(s) 0.0156 | Val Loss 2.5513 | Val Acc 0.6747 | ETputs(KTEPS) 41690.15
2023-10-11 10:05:27,514 - tune.py [line:103] - INFO: Epoch 00940 | Time(s) 0.0156 | Val Loss 2.3892 | Val Acc 0.6879 | ETputs(KTEPS) 41716.04
2023-10-11 10:05:27,836 - tune.py [line:103] - INFO: Epoch 00960 | Time(s) 0.0156 | Val Loss 2.5245 | Val Acc 0.6769 | ETputs(KTEPS) 41687.59
2023-10-11 10:05:28,174 - tune.py [line:103] - INFO: Epoch 00980 | Time(s) 0.0156 | Val Loss 2.4410 | Val Acc 0.6879 | ETputs(KTEPS) 41618.67
2023-10-11 10:05:28,457 - tune.py [line:117] - INFO: [FINAL MODEL] Val accuracy 70.77% \Val loss: 2.4
2023-10-11 10:05:28,459 - tune.py [line:119] - INFO: [FINAL MODEL] Test accuracy 67.40% \Test loss: 2.6
2023-10-11 10:05:28,459 - tune.py [line:144] - INFO: Acc on the first split (Validation Set): 0.7077
2023-10-11 10:05:28,459 - tune.py [line:145] - INFO: Acc on the first split (Test Set): 0.6740
