2023-10-11 10:04:01,145 - tune.py [line:203] - INFO: Namespace(seed=42, model='GPRGNN', gpu=0, dataset='geom-chameleon', logging=True, log_detail=True, log_detailedCh=False, id_log=1011014503, optuna_n_trials=202, n_epochs=2000, self_loop=True, udgraph=True, early_stop=True, patience=300, n_hidden=64, n_cv=1, start_cv=0, n_layers=4, lr1=0.05, lr2=0.05, wd1=1e-06, wd2=1e-05, dropout=0.4, dropout2=0.5, alpha=0.2, es_ckpt='TestTuningScript-geom-chameleon_geom-chameleon_trialNo179')
2023-10-11 10:04:01,945 - tune.py [line:128] - INFO: Split_seeds:[1824]
2023-10-11 10:04:01,945 - tune.py [line:129] - INFO: Model_seeds:[409]
2023-10-11 10:04:02,298 - tune.py [line:103] - INFO: Epoch 00020 | Time(s) 0.0164 | Val Loss 1.1772 | Val Acc 0.5802 | ETputs(KTEPS) 39549.99
2023-10-11 10:04:02,630 - tune.py [line:103] - INFO: Epoch 00040 | Time(s) 0.0164 | Val Loss 1.5698 | Val Acc 0.5912 | ETputs(KTEPS) 39666.76
2023-10-11 10:04:02,946 - tune.py [line:103] - INFO: Epoch 00060 | Time(s) 0.0162 | Val Loss 1.6244 | Val Acc 0.6044 | ETputs(KTEPS) 40170.96
2023-10-11 10:04:03,283 - tune.py [line:103] - INFO: Epoch 00080 | Time(s) 0.0162 | Val Loss 1.6715 | Val Acc 0.6220 | ETputs(KTEPS) 40054.20
2023-10-11 10:04:03,588 - tune.py [line:103] - INFO: Epoch 00100 | Time(s) 0.0160 | Val Loss 1.7255 | Val Acc 0.6484 | ETputs(KTEPS) 40562.36
2023-10-11 10:04:03,892 - tune.py [line:103] - INFO: Epoch 00120 | Time(s) 0.0158 | Val Loss 1.7093 | Val Acc 0.6571 | ETputs(KTEPS) 41074.28
2023-10-11 10:04:04,203 - tune.py [line:103] - INFO: Epoch 00140 | Time(s) 0.0157 | Val Loss 1.7162 | Val Acc 0.6703 | ETputs(KTEPS) 41297.99
2023-10-11 10:04:04,535 - tune.py [line:103] - INFO: Epoch 00160 | Time(s) 0.0158 | Val Loss 1.7530 | Val Acc 0.6703 | ETputs(KTEPS) 41036.74
2023-10-11 10:04:04,867 - tune.py [line:103] - INFO: Epoch 00180 | Time(s) 0.0159 | Val Loss 1.7027 | Val Acc 0.6769 | ETputs(KTEPS) 40853.89
2023-10-11 10:04:05,166 - tune.py [line:103] - INFO: Epoch 00200 | Time(s) 0.0158 | Val Loss 1.7629 | Val Acc 0.6681 | ETputs(KTEPS) 41104.48
2023-10-11 10:04:05,466 - tune.py [line:103] - INFO: Epoch 00220 | Time(s) 0.0157 | Val Loss 1.7754 | Val Acc 0.6769 | ETputs(KTEPS) 41307.13
2023-10-11 10:04:05,796 - tune.py [line:103] - INFO: Epoch 00240 | Time(s) 0.0158 | Val Loss 1.8004 | Val Acc 0.6879 | ETputs(KTEPS) 41142.77
2023-10-11 10:04:06,117 - tune.py [line:103] - INFO: Epoch 00260 | Time(s) 0.0158 | Val Loss 1.7995 | Val Acc 0.7099 | ETputs(KTEPS) 41220.76
2023-10-11 10:04:06,451 - tune.py [line:103] - INFO: Epoch 00280 | Time(s) 0.0158 | Val Loss 1.6947 | Val Acc 0.6945 | ETputs(KTEPS) 41084.62
2023-10-11 10:04:06,757 - tune.py [line:103] - INFO: Epoch 00300 | Time(s) 0.0158 | Val Loss 1.8128 | Val Acc 0.7011 | ETputs(KTEPS) 41179.09
2023-10-11 10:04:07,081 - tune.py [line:103] - INFO: Epoch 00320 | Time(s) 0.0158 | Val Loss 1.8210 | Val Acc 0.6901 | ETputs(KTEPS) 41116.61
2023-10-11 10:04:07,402 - tune.py [line:103] - INFO: Epoch 00340 | Time(s) 0.0158 | Val Loss 1.7683 | Val Acc 0.6857 | ETputs(KTEPS) 41085.95
2023-10-11 10:04:07,696 - tune.py [line:103] - INFO: Epoch 00360 | Time(s) 0.0158 | Val Loss 1.9250 | Val Acc 0.6791 | ETputs(KTEPS) 41250.43
2023-10-11 10:04:07,994 - tune.py [line:103] - INFO: Epoch 00380 | Time(s) 0.0157 | Val Loss 1.8393 | Val Acc 0.6813 | ETputs(KTEPS) 41369.07
2023-10-11 10:04:08,314 - tune.py [line:103] - INFO: Epoch 00400 | Time(s) 0.0157 | Val Loss 1.8141 | Val Acc 0.6659 | ETputs(KTEPS) 41338.21
2023-10-11 10:04:08,621 - tune.py [line:103] - INFO: Epoch 00420 | Time(s) 0.0157 | Val Loss 1.7754 | Val Acc 0.6989 | ETputs(KTEPS) 41390.49
2023-10-11 10:04:08,948 - tune.py [line:103] - INFO: Epoch 00440 | Time(s) 0.0157 | Val Loss 1.7385 | Val Acc 0.6835 | ETputs(KTEPS) 41316.88
2023-10-11 10:04:09,261 - tune.py [line:103] - INFO: Epoch 00460 | Time(s) 0.0157 | Val Loss 1.8749 | Val Acc 0.6945 | ETputs(KTEPS) 41329.10
2023-10-11 10:04:09,632 - tune.py [line:103] - INFO: Epoch 00480 | Time(s) 0.0159 | Val Loss 1.7253 | Val Acc 0.7033 | ETputs(KTEPS) 41021.36
2023-10-11 10:04:09,999 - tune.py [line:103] - INFO: Epoch 00500 | Time(s) 0.0159 | Val Loss 1.8388 | Val Acc 0.6835 | ETputs(KTEPS) 40767.01
2023-10-11 10:04:10,305 - tune.py [line:103] - INFO: Epoch 00520 | Time(s) 0.0159 | Val Loss 1.8370 | Val Acc 0.6813 | ETputs(KTEPS) 40834.39
2023-10-11 10:04:10,631 - tune.py [line:103] - INFO: Epoch 00540 | Time(s) 0.0159 | Val Loss 1.9214 | Val Acc 0.6703 | ETputs(KTEPS) 40804.17
2023-10-11 10:04:10,979 - tune.py [line:103] - INFO: Epoch 00560 | Time(s) 0.0160 | Val Loss 1.7580 | Val Acc 0.7011 | ETputs(KTEPS) 40670.50
2023-10-11 10:04:11,001 - tune.py [line:117] - INFO: [FINAL MODEL] Val accuracy 71.21% \Val loss: 1.8
2023-10-11 10:04:11,004 - tune.py [line:119] - INFO: [FINAL MODEL] Test accuracy 68.93% \Test loss: 1.7
2023-10-11 10:04:11,004 - tune.py [line:144] - INFO: Acc on the first split (Validation Set): 0.7121
2023-10-11 10:04:11,004 - tune.py [line:145] - INFO: Acc on the first split (Test Set): 0.6893
