2023-10-11 10:00:06,426 - tune.py [line:203] - INFO: Namespace(seed=42, model='GPRGNN', gpu=0, dataset='geom-chameleon', logging=True, log_detail=True, log_detailedCh=False, id_log=1011014503, optuna_n_trials=202, n_epochs=2000, self_loop=True, udgraph=True, early_stop=True, patience=300, n_hidden=64, n_cv=1, start_cv=0, n_layers=4, lr1=0.05, lr2=0.05, wd1=1e-06, wd2=1e-05, dropout=0.5, dropout2=0.4, alpha=0.30000000000000004, es_ckpt='TestTuningScript-geom-chameleon_geom-chameleon_trialNo140')
2023-10-11 10:00:07,283 - tune.py [line:128] - INFO: Split_seeds:[1824]
2023-10-11 10:00:07,283 - tune.py [line:129] - INFO: Model_seeds:[409]
2023-10-11 10:00:07,559 - tune.py [line:103] - INFO: Epoch 00020 | Time(s) 0.0127 | Val Loss 1.1971 | Val Acc 0.5956 | ETputs(KTEPS) 51299.26
2023-10-11 10:00:07,817 - tune.py [line:103] - INFO: Epoch 00040 | Time(s) 0.0127 | Val Loss 1.5353 | Val Acc 0.5912 | ETputs(KTEPS) 51169.90
2023-10-11 10:00:08,096 - tune.py [line:103] - INFO: Epoch 00060 | Time(s) 0.0129 | Val Loss 1.5344 | Val Acc 0.6132 | ETputs(KTEPS) 50227.82
2023-10-11 10:00:08,367 - tune.py [line:103] - INFO: Epoch 00080 | Time(s) 0.0131 | Val Loss 1.6192 | Val Acc 0.6110 | ETputs(KTEPS) 49652.51
2023-10-11 10:00:08,628 - tune.py [line:103] - INFO: Epoch 00100 | Time(s) 0.0130 | Val Loss 1.5971 | Val Acc 0.6396 | ETputs(KTEPS) 49868.75
2023-10-11 10:00:08,896 - tune.py [line:103] - INFO: Epoch 00120 | Time(s) 0.0130 | Val Loss 1.5305 | Val Acc 0.6396 | ETputs(KTEPS) 49929.67
2023-10-11 10:00:09,166 - tune.py [line:103] - INFO: Epoch 00140 | Time(s) 0.0131 | Val Loss 1.4492 | Val Acc 0.6791 | ETputs(KTEPS) 49793.15
2023-10-11 10:00:09,432 - tune.py [line:103] - INFO: Epoch 00160 | Time(s) 0.0131 | Val Loss 1.6023 | Val Acc 0.6659 | ETputs(KTEPS) 49670.73
2023-10-11 10:00:09,693 - tune.py [line:103] - INFO: Epoch 00180 | Time(s) 0.0131 | Val Loss 1.5375 | Val Acc 0.6659 | ETputs(KTEPS) 49698.95
2023-10-11 10:00:09,957 - tune.py [line:103] - INFO: Epoch 00200 | Time(s) 0.0131 | Val Loss 1.6015 | Val Acc 0.6593 | ETputs(KTEPS) 49658.01
2023-10-11 10:00:10,274 - tune.py [line:103] - INFO: Epoch 00220 | Time(s) 0.0133 | Val Loss 1.5226 | Val Acc 0.6725 | ETputs(KTEPS) 48736.37
2023-10-11 10:00:10,653 - tune.py [line:103] - INFO: Epoch 00240 | Time(s) 0.0138 | Val Loss 1.6814 | Val Acc 0.6769 | ETputs(KTEPS) 47093.65
2023-10-11 10:00:10,970 - tune.py [line:103] - INFO: Epoch 00260 | Time(s) 0.0139 | Val Loss 1.6370 | Val Acc 0.6769 | ETputs(KTEPS) 46767.68
2023-10-11 10:00:11,242 - tune.py [line:103] - INFO: Epoch 00280 | Time(s) 0.0139 | Val Loss 1.5408 | Val Acc 0.7055 | ETputs(KTEPS) 46896.91
2023-10-11 10:00:11,516 - tune.py [line:103] - INFO: Epoch 00300 | Time(s) 0.0138 | Val Loss 1.6478 | Val Acc 0.6879 | ETputs(KTEPS) 46999.64
2023-10-11 10:00:11,774 - tune.py [line:103] - INFO: Epoch 00320 | Time(s) 0.0138 | Val Loss 1.5837 | Val Acc 0.6967 | ETputs(KTEPS) 47198.35
2023-10-11 10:00:12,043 - tune.py [line:103] - INFO: Epoch 00340 | Time(s) 0.0138 | Val Loss 1.6249 | Val Acc 0.6791 | ETputs(KTEPS) 47274.27
2023-10-11 10:00:12,310 - tune.py [line:103] - INFO: Epoch 00360 | Time(s) 0.0137 | Val Loss 1.6114 | Val Acc 0.6879 | ETputs(KTEPS) 47354.37
2023-10-11 10:00:12,645 - tune.py [line:103] - INFO: Epoch 00380 | Time(s) 0.0139 | Val Loss 1.6242 | Val Acc 0.6813 | ETputs(KTEPS) 46811.40
2023-10-11 10:00:12,991 - tune.py [line:103] - INFO: Epoch 00400 | Time(s) 0.0141 | Val Loss 1.6447 | Val Acc 0.6791 | ETputs(KTEPS) 46249.18
2023-10-11 10:00:13,273 - tune.py [line:103] - INFO: Epoch 00420 | Time(s) 0.0141 | Val Loss 1.6508 | Val Acc 0.6879 | ETputs(KTEPS) 46252.26
2023-10-11 10:00:13,566 - tune.py [line:103] - INFO: Epoch 00440 | Time(s) 0.0141 | Val Loss 1.5566 | Val Acc 0.6747 | ETputs(KTEPS) 46165.03
2023-10-11 10:00:13,870 - tune.py [line:103] - INFO: Epoch 00460 | Time(s) 0.0141 | Val Loss 1.6533 | Val Acc 0.6901 | ETputs(KTEPS) 46011.15
2023-10-11 10:00:14,178 - tune.py [line:103] - INFO: Epoch 00480 | Time(s) 0.0142 | Val Loss 1.6323 | Val Acc 0.6835 | ETputs(KTEPS) 45843.03
2023-10-11 10:00:14,459 - tune.py [line:103] - INFO: Epoch 00500 | Time(s) 0.0142 | Val Loss 1.6243 | Val Acc 0.6703 | ETputs(KTEPS) 45859.68
2023-10-11 10:00:14,737 - tune.py [line:103] - INFO: Epoch 00520 | Time(s) 0.0142 | Val Loss 1.6004 | Val Acc 0.6747 | ETputs(KTEPS) 45900.67
2023-10-11 10:00:15,005 - tune.py [line:103] - INFO: Epoch 00540 | Time(s) 0.0141 | Val Loss 1.5649 | Val Acc 0.6857 | ETputs(KTEPS) 46005.70
2023-10-11 10:00:15,281 - tune.py [line:103] - INFO: Epoch 00560 | Time(s) 0.0141 | Val Loss 1.6148 | Val Acc 0.7077 | ETputs(KTEPS) 46049.58
2023-10-11 10:00:15,793 - tune.py [line:103] - INFO: Epoch 00580 | Time(s) 0.0145 | Val Loss 1.6344 | Val Acc 0.6923 | ETputs(KTEPS) 44799.50
2023-10-11 10:00:16,106 - tune.py [line:103] - INFO: Epoch 00600 | Time(s) 0.0145 | Val Loss 1.5931 | Val Acc 0.6791 | ETputs(KTEPS) 44687.41
2023-10-11 10:00:16,441 - tune.py [line:103] - INFO: Epoch 00620 | Time(s) 0.0146 | Val Loss 1.7831 | Val Acc 0.6747 | ETputs(KTEPS) 44471.66
2023-10-11 10:00:16,810 - tune.py [line:103] - INFO: Epoch 00640 | Time(s) 0.0147 | Val Loss 1.5852 | Val Acc 0.6901 | ETputs(KTEPS) 44115.25
2023-10-11 10:00:17,121 - tune.py [line:103] - INFO: Epoch 00660 | Time(s) 0.0148 | Val Loss 1.6982 | Val Acc 0.6659 | ETputs(KTEPS) 44044.48
2023-10-11 10:00:17,414 - tune.py [line:103] - INFO: Epoch 00680 | Time(s) 0.0148 | Val Loss 1.5677 | Val Acc 0.6923 | ETputs(KTEPS) 44055.66
2023-10-11 10:00:17,699 - tune.py [line:103] - INFO: Epoch 00700 | Time(s) 0.0147 | Val Loss 1.6742 | Val Acc 0.6813 | ETputs(KTEPS) 44102.06
2023-10-11 10:00:17,987 - tune.py [line:103] - INFO: Epoch 00720 | Time(s) 0.0147 | Val Loss 1.7149 | Val Acc 0.6901 | ETputs(KTEPS) 44131.66
2023-10-11 10:00:18,283 - tune.py [line:103] - INFO: Epoch 00740 | Time(s) 0.0147 | Val Loss 1.7124 | Val Acc 0.7055 | ETputs(KTEPS) 44130.85
2023-10-11 10:00:18,603 - tune.py [line:103] - INFO: Epoch 00760 | Time(s) 0.0148 | Val Loss 1.7312 | Val Acc 0.7055 | ETputs(KTEPS) 44030.17
2023-10-11 10:00:18,893 - tune.py [line:103] - INFO: Epoch 00780 | Time(s) 0.0148 | Val Loss 1.7449 | Val Acc 0.6901 | ETputs(KTEPS) 44053.71
2023-10-11 10:00:19,178 - tune.py [line:103] - INFO: Epoch 00800 | Time(s) 0.0147 | Val Loss 1.6033 | Val Acc 0.6989 | ETputs(KTEPS) 44094.37
2023-10-11 10:00:19,427 - tune.py [line:103] - INFO: Epoch 00820 | Time(s) 0.0147 | Val Loss 1.6250 | Val Acc 0.6923 | ETputs(KTEPS) 44262.66
2023-10-11 10:00:19,548 - tune.py [line:117] - INFO: [FINAL MODEL] Val accuracy 71.43% \Val loss: 1.7
2023-10-11 10:00:19,550 - tune.py [line:119] - INFO: [FINAL MODEL] Test accuracy 65.86% \Test loss: 1.9
2023-10-11 10:00:19,550 - tune.py [line:144] - INFO: Acc on the first split (Validation Set): 0.7143
2023-10-11 10:00:19,550 - tune.py [line:145] - INFO: Acc on the first split (Test Set): 0.6586
