2023-10-11 10:00:19,700 - tune.py [line:203] - INFO: Namespace(seed=42, model='GPRGNN', gpu=0, dataset='geom-chameleon', logging=True, log_detail=True, log_detailedCh=False, id_log=1011014503, optuna_n_trials=202, n_epochs=2000, self_loop=True, udgraph=True, early_stop=True, patience=300, n_hidden=64, n_cv=1, start_cv=0, n_layers=4, lr1=0.05, lr2=0.05, wd1=1e-06, wd2=1e-05, dropout=0.5, dropout2=0.4, alpha=0.2, es_ckpt='TestTuningScript-geom-chameleon_geom-chameleon_trialNo141')
2023-10-11 10:00:20,503 - tune.py [line:128] - INFO: Split_seeds:[1824]
2023-10-11 10:00:20,503 - tune.py [line:129] - INFO: Model_seeds:[409]
2023-10-11 10:00:20,815 - tune.py [line:103] - INFO: Epoch 00020 | Time(s) 0.0140 | Val Loss 1.2011 | Val Acc 0.5758 | ETputs(KTEPS) 46521.45
2023-10-11 10:00:21,100 - tune.py [line:103] - INFO: Epoch 00040 | Time(s) 0.0139 | Val Loss 1.4724 | Val Acc 0.5978 | ETputs(KTEPS) 46778.83
2023-10-11 10:00:21,362 - tune.py [line:103] - INFO: Epoch 00060 | Time(s) 0.0135 | Val Loss 1.4910 | Val Acc 0.6308 | ETputs(KTEPS) 48324.32
2023-10-11 10:00:21,635 - tune.py [line:103] - INFO: Epoch 00080 | Time(s) 0.0134 | Val Loss 1.6114 | Val Acc 0.6220 | ETputs(KTEPS) 48480.52
2023-10-11 10:00:21,902 - tune.py [line:103] - INFO: Epoch 00100 | Time(s) 0.0133 | Val Loss 1.5707 | Val Acc 0.6484 | ETputs(KTEPS) 48766.03
2023-10-11 10:00:22,189 - tune.py [line:103] - INFO: Epoch 00120 | Time(s) 0.0135 | Val Loss 1.4747 | Val Acc 0.6527 | ETputs(KTEPS) 48339.35
2023-10-11 10:00:22,473 - tune.py [line:103] - INFO: Epoch 00140 | Time(s) 0.0135 | Val Loss 1.4903 | Val Acc 0.6703 | ETputs(KTEPS) 48097.55
2023-10-11 10:00:22,753 - tune.py [line:103] - INFO: Epoch 00160 | Time(s) 0.0135 | Val Loss 1.5941 | Val Acc 0.6484 | ETputs(KTEPS) 47992.68
2023-10-11 10:00:23,029 - tune.py [line:103] - INFO: Epoch 00180 | Time(s) 0.0136 | Val Loss 1.5316 | Val Acc 0.6857 | ETputs(KTEPS) 47978.12
2023-10-11 10:00:23,302 - tune.py [line:103] - INFO: Epoch 00200 | Time(s) 0.0136 | Val Loss 1.6062 | Val Acc 0.6615 | ETputs(KTEPS) 47951.02
2023-10-11 10:00:23,562 - tune.py [line:103] - INFO: Epoch 00220 | Time(s) 0.0135 | Val Loss 1.6046 | Val Acc 0.6747 | ETputs(KTEPS) 48134.34
2023-10-11 10:00:23,827 - tune.py [line:103] - INFO: Epoch 00240 | Time(s) 0.0135 | Val Loss 1.6363 | Val Acc 0.6835 | ETputs(KTEPS) 48216.88
2023-10-11 10:00:24,106 - tune.py [line:103] - INFO: Epoch 00260 | Time(s) 0.0135 | Val Loss 1.5879 | Val Acc 0.6923 | ETputs(KTEPS) 48161.62
2023-10-11 10:00:24,390 - tune.py [line:103] - INFO: Epoch 00280 | Time(s) 0.0135 | Val Loss 1.5361 | Val Acc 0.6879 | ETputs(KTEPS) 47986.02
2023-10-11 10:00:24,712 - tune.py [line:103] - INFO: Epoch 00300 | Time(s) 0.0137 | Val Loss 1.5949 | Val Acc 0.6857 | ETputs(KTEPS) 47402.56
2023-10-11 10:00:25,007 - tune.py [line:103] - INFO: Epoch 00320 | Time(s) 0.0138 | Val Loss 1.6550 | Val Acc 0.6791 | ETputs(KTEPS) 47177.26
2023-10-11 10:00:25,297 - tune.py [line:103] - INFO: Epoch 00340 | Time(s) 0.0138 | Val Loss 1.7540 | Val Acc 0.6681 | ETputs(KTEPS) 47037.08
2023-10-11 10:00:25,556 - tune.py [line:103] - INFO: Epoch 00360 | Time(s) 0.0138 | Val Loss 1.6785 | Val Acc 0.6747 | ETputs(KTEPS) 47209.12
2023-10-11 10:00:25,834 - tune.py [line:103] - INFO: Epoch 00380 | Time(s) 0.0138 | Val Loss 1.6732 | Val Acc 0.6813 | ETputs(KTEPS) 47192.86
2023-10-11 10:00:26,133 - tune.py [line:103] - INFO: Epoch 00400 | Time(s) 0.0138 | Val Loss 1.6072 | Val Acc 0.6813 | ETputs(KTEPS) 46999.51
2023-10-11 10:00:26,450 - tune.py [line:103] - INFO: Epoch 00420 | Time(s) 0.0139 | Val Loss 1.5611 | Val Acc 0.6791 | ETputs(KTEPS) 46678.55
2023-10-11 10:00:26,836 - tune.py [line:103] - INFO: Epoch 00440 | Time(s) 0.0142 | Val Loss 1.5364 | Val Acc 0.6791 | ETputs(KTEPS) 45878.05
2023-10-11 10:00:27,187 - tune.py [line:103] - INFO: Epoch 00460 | Time(s) 0.0143 | Val Loss 1.6794 | Val Acc 0.6681 | ETputs(KTEPS) 45415.82
2023-10-11 10:00:27,447 - tune.py [line:103] - INFO: Epoch 00480 | Time(s) 0.0143 | Val Loss 1.5500 | Val Acc 0.6857 | ETputs(KTEPS) 45591.88
2023-10-11 10:00:27,713 - tune.py [line:103] - INFO: Epoch 00500 | Time(s) 0.0142 | Val Loss 1.6240 | Val Acc 0.6769 | ETputs(KTEPS) 45716.92
2023-10-11 10:00:27,993 - tune.py [line:103] - INFO: Epoch 00520 | Time(s) 0.0142 | Val Loss 1.5715 | Val Acc 0.6835 | ETputs(KTEPS) 45747.61
2023-10-11 10:00:28,277 - tune.py [line:103] - INFO: Epoch 00540 | Time(s) 0.0142 | Val Loss 1.6670 | Val Acc 0.6879 | ETputs(KTEPS) 45748.73
2023-10-11 10:00:28,383 - tune.py [line:117] - INFO: [FINAL MODEL] Val accuracy 70.99% \Val loss: 1.6
2023-10-11 10:00:28,385 - tune.py [line:119] - INFO: [FINAL MODEL] Test accuracy 66.52% \Test loss: 1.6
2023-10-11 10:00:28,385 - tune.py [line:144] - INFO: Acc on the first split (Validation Set): 0.7099
2023-10-11 10:00:28,385 - tune.py [line:145] - INFO: Acc on the first split (Test Set): 0.6652
