2023-10-11 09:48:51,722 - tune.py [line:203] - INFO: Namespace(seed=42, model='GPRGNN', gpu=0, dataset='geom-chameleon', logging=True, log_detail=True, log_detailedCh=False, id_log=1011014503, optuna_n_trials=202, n_epochs=2000, self_loop=True, udgraph=True, early_stop=True, patience=300, n_hidden=64, n_cv=1, start_cv=0, n_layers=12, lr1=0.03, lr2=0.04, wd1=1e-05, wd2=1e-06, dropout=0.4, dropout2=0.5, alpha=0.7000000000000001, es_ckpt='TestTuningScript-geom-chameleon_geom-chameleon_trialNo44')
2023-10-11 09:48:52,459 - tune.py [line:128] - INFO: Split_seeds:[1824]
2023-10-11 09:48:52,459 - tune.py [line:129] - INFO: Model_seeds:[409]
2023-10-11 09:48:52,971 - tune.py [line:103] - INFO: Epoch 00020 | Time(s) 0.0239 | Val Loss 1.1900 | Val Acc 0.5670 | ETputs(KTEPS) 27261.14
2023-10-11 09:48:53,430 - tune.py [line:103] - INFO: Epoch 00040 | Time(s) 0.0232 | Val Loss 1.4127 | Val Acc 0.5934 | ETputs(KTEPS) 28083.80
2023-10-11 09:48:53,843 - tune.py [line:103] - INFO: Epoch 00060 | Time(s) 0.0223 | Val Loss 1.5319 | Val Acc 0.5890 | ETputs(KTEPS) 29187.27
2023-10-11 09:48:54,293 - tune.py [line:103] - INFO: Epoch 00080 | Time(s) 0.0223 | Val Loss 1.6501 | Val Acc 0.5802 | ETputs(KTEPS) 29201.63
2023-10-11 09:48:54,623 - tune.py [line:103] - INFO: Epoch 00100 | Time(s) 0.0210 | Val Loss 1.6214 | Val Acc 0.6484 | ETputs(KTEPS) 30984.15
2023-10-11 09:48:55,016 - tune.py [line:103] - INFO: Epoch 00120 | Time(s) 0.0207 | Val Loss 1.6388 | Val Acc 0.6264 | ETputs(KTEPS) 31339.74
2023-10-11 09:48:55,403 - tune.py [line:103] - INFO: Epoch 00140 | Time(s) 0.0205 | Val Loss 1.6153 | Val Acc 0.6352 | ETputs(KTEPS) 31721.51
2023-10-11 09:48:55,729 - tune.py [line:103] - INFO: Epoch 00160 | Time(s) 0.0200 | Val Loss 1.5954 | Val Acc 0.6571 | ETputs(KTEPS) 32552.29
2023-10-11 09:48:56,104 - tune.py [line:103] - INFO: Epoch 00180 | Time(s) 0.0198 | Val Loss 1.6185 | Val Acc 0.6505 | ETputs(KTEPS) 32827.54
2023-10-11 09:48:56,399 - tune.py [line:103] - INFO: Epoch 00200 | Time(s) 0.0193 | Val Loss 1.6266 | Val Acc 0.6527 | ETputs(KTEPS) 33690.39
2023-10-11 09:48:56,715 - tune.py [line:103] - INFO: Epoch 00220 | Time(s) 0.0190 | Val Loss 1.6049 | Val Acc 0.6615 | ETputs(KTEPS) 34298.90
2023-10-11 09:48:57,111 - tune.py [line:103] - INFO: Epoch 00240 | Time(s) 0.0190 | Val Loss 1.5810 | Val Acc 0.6813 | ETputs(KTEPS) 34174.15
2023-10-11 09:48:57,501 - tune.py [line:103] - INFO: Epoch 00260 | Time(s) 0.0190 | Val Loss 1.6008 | Val Acc 0.6747 | ETputs(KTEPS) 34135.54
2023-10-11 09:48:57,900 - tune.py [line:103] - INFO: Epoch 00280 | Time(s) 0.0191 | Val Loss 1.6246 | Val Acc 0.6923 | ETputs(KTEPS) 34059.55
2023-10-11 09:48:58,317 - tune.py [line:103] - INFO: Epoch 00300 | Time(s) 0.0192 | Val Loss 1.7160 | Val Acc 0.6879 | ETputs(KTEPS) 33854.41
2023-10-11 09:48:58,693 - tune.py [line:103] - INFO: Epoch 00320 | Time(s) 0.0192 | Val Loss 1.7695 | Val Acc 0.6791 | ETputs(KTEPS) 33902.49
2023-10-11 09:48:59,083 - tune.py [line:103] - INFO: Epoch 00340 | Time(s) 0.0192 | Val Loss 1.6952 | Val Acc 0.6637 | ETputs(KTEPS) 33871.40
2023-10-11 09:48:59,507 - tune.py [line:103] - INFO: Epoch 00360 | Time(s) 0.0193 | Val Loss 1.6868 | Val Acc 0.6813 | ETputs(KTEPS) 33677.66
2023-10-11 09:48:59,932 - tune.py [line:103] - INFO: Epoch 00380 | Time(s) 0.0194 | Val Loss 1.6249 | Val Acc 0.6769 | ETputs(KTEPS) 33501.18
2023-10-11 09:49:00,335 - tune.py [line:103] - INFO: Epoch 00400 | Time(s) 0.0194 | Val Loss 1.6081 | Val Acc 0.6769 | ETputs(KTEPS) 33440.18
2023-10-11 09:49:00,769 - tune.py [line:103] - INFO: Epoch 00420 | Time(s) 0.0195 | Val Loss 1.6395 | Val Acc 0.6791 | ETputs(KTEPS) 33259.76
2023-10-11 09:49:01,157 - tune.py [line:103] - INFO: Epoch 00440 | Time(s) 0.0195 | Val Loss 1.6355 | Val Acc 0.6769 | ETputs(KTEPS) 33271.57
2023-10-11 09:49:01,560 - tune.py [line:103] - INFO: Epoch 00460 | Time(s) 0.0196 | Val Loss 1.7353 | Val Acc 0.6549 | ETputs(KTEPS) 33228.76
2023-10-11 09:49:01,980 - tune.py [line:103] - INFO: Epoch 00480 | Time(s) 0.0196 | Val Loss 1.6151 | Val Acc 0.6923 | ETputs(KTEPS) 33129.84
2023-10-11 09:49:02,375 - tune.py [line:103] - INFO: Epoch 00500 | Time(s) 0.0196 | Val Loss 1.6190 | Val Acc 0.6725 | ETputs(KTEPS) 33121.40
2023-10-11 09:49:02,841 - tune.py [line:103] - INFO: Epoch 00520 | Time(s) 0.0198 | Val Loss 1.7310 | Val Acc 0.6615 | ETputs(KTEPS) 32887.61
2023-10-11 09:49:03,236 - tune.py [line:103] - INFO: Epoch 00540 | Time(s) 0.0198 | Val Loss 1.7134 | Val Acc 0.6725 | ETputs(KTEPS) 32890.27
2023-10-11 09:49:03,699 - tune.py [line:103] - INFO: Epoch 00560 | Time(s) 0.0199 | Val Loss 1.5892 | Val Acc 0.6769 | ETputs(KTEPS) 32692.04
2023-10-11 09:49:03,917 - tune.py [line:117] - INFO: [FINAL MODEL] Val accuracy 70.55% \Val loss: 1.6
2023-10-11 09:49:03,922 - tune.py [line:119] - INFO: [FINAL MODEL] Test accuracy 67.61% \Test loss: 1.5
2023-10-11 09:49:03,922 - tune.py [line:144] - INFO: Acc on the first split (Validation Set): 0.7055
2023-10-11 09:49:03,923 - tune.py [line:145] - INFO: Acc on the first split (Test Set): 0.6761
