2023-10-14 04:41:09,683 - tune.py [line:203] - INFO: Namespace(seed=42, model='GPRGNNV2', gpu=1, dataset='geom-squirrel', logging=True, log_detail=True, log_detailedCh=False, id_log=1014014501, optuna_n_trials=202, n_epochs=2000, self_loop=False, udgraph=True, early_stop=True, patience=300, n_hidden=64, n_cv=1, start_cv=0, n_layers=8, lr1=0.04, lr2=0.04, wd1=1e-05, wd2=1e-05, dropout=0.2, dropout2=0.9, alpha=0.30000000000000004, es_ckpt='woselfloop-geom-squirrel_GPRGNNV2-geom-squirrel_trialNo97')
2023-10-14 04:41:12,149 - tune.py [line:128] - INFO: Split_seeds:[1824]
2023-10-14 04:41:12,149 - tune.py [line:129] - INFO: Model_seeds:[409]
2023-10-14 04:41:12,849 - tune.py [line:103] - INFO: Epoch 00020 | Time(s) 0.0340 | Val Loss 1.4720 | Val Acc 0.3519 | ETputs(KTEPS) 116724.96
2023-10-14 04:41:13,526 - tune.py [line:103] - INFO: Epoch 00040 | Time(s) 0.0336 | Val Loss 1.3601 | Val Acc 0.4212 | ETputs(KTEPS) 118214.70
2023-10-14 04:41:14,189 - tune.py [line:103] - INFO: Epoch 00060 | Time(s) 0.0333 | Val Loss 1.3276 | Val Acc 0.4288 | ETputs(KTEPS) 119000.27
2023-10-14 04:41:14,859 - tune.py [line:103] - INFO: Epoch 00080 | Time(s) 0.0333 | Val Loss 1.3028 | Val Acc 0.4529 | ETputs(KTEPS) 119146.25
2023-10-14 04:41:15,527 - tune.py [line:103] - INFO: Epoch 00100 | Time(s) 0.0333 | Val Loss 1.3043 | Val Acc 0.4788 | ETputs(KTEPS) 119225.85
2023-10-14 04:41:16,192 - tune.py [line:103] - INFO: Epoch 00120 | Time(s) 0.0332 | Val Loss 1.2800 | Val Acc 0.4673 | ETputs(KTEPS) 119338.22
2023-10-14 04:41:16,859 - tune.py [line:103] - INFO: Epoch 00140 | Time(s) 0.0332 | Val Loss 1.2943 | Val Acc 0.4760 | ETputs(KTEPS) 119426.15
2023-10-14 04:41:17,523 - tune.py [line:103] - INFO: Epoch 00160 | Time(s) 0.0332 | Val Loss 1.2602 | Val Acc 0.5010 | ETputs(KTEPS) 119469.47
2023-10-14 04:41:18,190 - tune.py [line:103] - INFO: Epoch 00180 | Time(s) 0.0332 | Val Loss 1.2446 | Val Acc 0.5000 | ETputs(KTEPS) 119525.96
2023-10-14 04:41:18,856 - tune.py [line:103] - INFO: Epoch 00200 | Time(s) 0.0332 | Val Loss 1.2415 | Val Acc 0.4952 | ETputs(KTEPS) 119539.74
2023-10-14 04:41:19,527 - tune.py [line:103] - INFO: Epoch 00220 | Time(s) 0.0332 | Val Loss 1.2350 | Val Acc 0.5154 | ETputs(KTEPS) 119501.00
2023-10-14 04:41:20,201 - tune.py [line:103] - INFO: Epoch 00240 | Time(s) 0.0332 | Val Loss 1.2496 | Val Acc 0.5135 | ETputs(KTEPS) 119435.80
2023-10-14 04:41:20,868 - tune.py [line:103] - INFO: Epoch 00260 | Time(s) 0.0332 | Val Loss 1.2665 | Val Acc 0.4865 | ETputs(KTEPS) 119475.15
2023-10-14 04:41:21,535 - tune.py [line:103] - INFO: Epoch 00280 | Time(s) 0.0332 | Val Loss 1.2200 | Val Acc 0.5221 | ETputs(KTEPS) 119458.95
2023-10-14 04:41:22,197 - tune.py [line:103] - INFO: Epoch 00300 | Time(s) 0.0332 | Val Loss 1.2112 | Val Acc 0.5231 | ETputs(KTEPS) 119506.32
2023-10-14 04:41:22,862 - tune.py [line:103] - INFO: Epoch 00320 | Time(s) 0.0332 | Val Loss 1.2099 | Val Acc 0.5346 | ETputs(KTEPS) 119534.06
2023-10-14 04:41:23,530 - tune.py [line:103] - INFO: Epoch 00340 | Time(s) 0.0332 | Val Loss 1.2000 | Val Acc 0.5394 | ETputs(KTEPS) 119545.77
2023-10-14 04:41:24,196 - tune.py [line:103] - INFO: Epoch 00360 | Time(s) 0.0332 | Val Loss 1.2215 | Val Acc 0.5279 | ETputs(KTEPS) 119533.38
2023-10-14 04:41:24,857 - tune.py [line:103] - INFO: Epoch 00380 | Time(s) 0.0332 | Val Loss 1.2228 | Val Acc 0.5250 | ETputs(KTEPS) 119553.67
2023-10-14 04:41:25,518 - tune.py [line:103] - INFO: Epoch 00400 | Time(s) 0.0332 | Val Loss 1.1969 | Val Acc 0.5423 | ETputs(KTEPS) 119587.08
2023-10-14 04:41:26,181 - tune.py [line:103] - INFO: Epoch 00420 | Time(s) 0.0332 | Val Loss 1.1975 | Val Acc 0.5385 | ETputs(KTEPS) 119593.07
2023-10-14 04:41:26,866 - tune.py [line:103] - INFO: Epoch 00440 | Time(s) 0.0332 | Val Loss 1.1820 | Val Acc 0.5452 | ETputs(KTEPS) 119423.03
2023-10-14 04:41:27,531 - tune.py [line:103] - INFO: Epoch 00460 | Time(s) 0.0332 | Val Loss 1.1931 | Val Acc 0.5346 | ETputs(KTEPS) 119419.09
2023-10-14 04:41:28,204 - tune.py [line:103] - INFO: Epoch 00480 | Time(s) 0.0332 | Val Loss 1.1952 | Val Acc 0.5548 | ETputs(KTEPS) 119371.21
2023-10-14 04:41:28,877 - tune.py [line:103] - INFO: Epoch 00500 | Time(s) 0.0332 | Val Loss 1.1837 | Val Acc 0.5596 | ETputs(KTEPS) 119356.59
2023-10-14 04:41:29,545 - tune.py [line:103] - INFO: Epoch 00520 | Time(s) 0.0332 | Val Loss 1.2056 | Val Acc 0.5471 | ETputs(KTEPS) 119345.86
2023-10-14 04:41:30,211 - tune.py [line:103] - INFO: Epoch 00540 | Time(s) 0.0332 | Val Loss 1.2053 | Val Acc 0.5413 | ETputs(KTEPS) 119342.12
2023-10-14 04:41:30,877 - tune.py [line:103] - INFO: Epoch 00560 | Time(s) 0.0332 | Val Loss 1.1853 | Val Acc 0.5423 | ETputs(KTEPS) 119338.48
2023-10-14 04:41:31,546 - tune.py [line:103] - INFO: Epoch 00580 | Time(s) 0.0332 | Val Loss 1.1628 | Val Acc 0.5577 | ETputs(KTEPS) 119312.57
2023-10-14 04:41:32,212 - tune.py [line:103] - INFO: Epoch 00600 | Time(s) 0.0333 | Val Loss 1.1688 | Val Acc 0.5519 | ETputs(KTEPS) 119308.23
2023-10-14 04:41:32,878 - tune.py [line:103] - INFO: Epoch 00620 | Time(s) 0.0333 | Val Loss 1.1971 | Val Acc 0.5510 | ETputs(KTEPS) 119305.21
2023-10-14 04:41:33,544 - tune.py [line:103] - INFO: Epoch 00640 | Time(s) 0.0333 | Val Loss 1.1723 | Val Acc 0.5615 | ETputs(KTEPS) 119306.33
2023-10-14 04:41:34,209 - tune.py [line:103] - INFO: Epoch 00660 | Time(s) 0.0333 | Val Loss 1.1755 | Val Acc 0.5548 | ETputs(KTEPS) 119309.17
2023-10-14 04:41:34,874 - tune.py [line:103] - INFO: Epoch 00680 | Time(s) 0.0332 | Val Loss 1.1770 | Val Acc 0.5558 | ETputs(KTEPS) 119310.17
2023-10-14 04:41:35,540 - tune.py [line:103] - INFO: Epoch 00700 | Time(s) 0.0333 | Val Loss 1.1736 | Val Acc 0.5702 | ETputs(KTEPS) 119305.54
2023-10-14 04:41:36,209 - tune.py [line:103] - INFO: Epoch 00720 | Time(s) 0.0333 | Val Loss 1.1790 | Val Acc 0.5587 | ETputs(KTEPS) 119305.17
2023-10-14 04:41:36,875 - tune.py [line:103] - INFO: Epoch 00740 | Time(s) 0.0333 | Val Loss 1.1838 | Val Acc 0.5596 | ETputs(KTEPS) 119301.58
2023-10-14 04:41:37,546 - tune.py [line:103] - INFO: Epoch 00760 | Time(s) 0.0333 | Val Loss 1.1833 | Val Acc 0.5654 | ETputs(KTEPS) 119278.47
2023-10-14 04:41:38,211 - tune.py [line:103] - INFO: Epoch 00780 | Time(s) 0.0333 | Val Loss 1.1713 | Val Acc 0.5625 | ETputs(KTEPS) 119281.12
2023-10-14 04:41:38,877 - tune.py [line:103] - INFO: Epoch 00800 | Time(s) 0.0333 | Val Loss 1.1747 | Val Acc 0.5567 | ETputs(KTEPS) 119278.99
2023-10-14 04:41:39,545 - tune.py [line:103] - INFO: Epoch 00820 | Time(s) 0.0333 | Val Loss 1.1564 | Val Acc 0.5702 | ETputs(KTEPS) 119267.51
2023-10-14 04:41:40,214 - tune.py [line:103] - INFO: Epoch 00840 | Time(s) 0.0333 | Val Loss 1.2388 | Val Acc 0.5423 | ETputs(KTEPS) 119261.39
2023-10-14 04:41:40,880 - tune.py [line:103] - INFO: Epoch 00860 | Time(s) 0.0333 | Val Loss 1.1806 | Val Acc 0.5567 | ETputs(KTEPS) 119259.32
2023-10-14 04:41:41,547 - tune.py [line:103] - INFO: Epoch 00880 | Time(s) 0.0333 | Val Loss 1.1762 | Val Acc 0.5635 | ETputs(KTEPS) 119254.43
2023-10-14 04:41:42,217 - tune.py [line:103] - INFO: Epoch 00900 | Time(s) 0.0333 | Val Loss 1.1769 | Val Acc 0.5538 | ETputs(KTEPS) 119240.20
2023-10-14 04:41:42,886 - tune.py [line:103] - INFO: Epoch 00920 | Time(s) 0.0333 | Val Loss 1.1808 | Val Acc 0.5615 | ETputs(KTEPS) 119226.70
2023-10-14 04:41:43,561 - tune.py [line:103] - INFO: Epoch 00940 | Time(s) 0.0333 | Val Loss 1.1630 | Val Acc 0.5615 | ETputs(KTEPS) 119201.29
2023-10-14 04:41:44,230 - tune.py [line:103] - INFO: Epoch 00960 | Time(s) 0.0333 | Val Loss 1.1794 | Val Acc 0.5673 | ETputs(KTEPS) 119188.29
2023-10-14 04:41:44,898 - tune.py [line:103] - INFO: Epoch 00980 | Time(s) 0.0333 | Val Loss 1.1753 | Val Acc 0.5538 | ETputs(KTEPS) 119180.77
2023-10-14 04:41:45,570 - tune.py [line:103] - INFO: Epoch 01000 | Time(s) 0.0333 | Val Loss 1.1844 | Val Acc 0.5462 | ETputs(KTEPS) 119160.03
2023-10-14 04:41:46,245 - tune.py [line:103] - INFO: Epoch 01020 | Time(s) 0.0333 | Val Loss 1.1557 | Val Acc 0.5673 | ETputs(KTEPS) 119147.93
2023-10-14 04:41:46,920 - tune.py [line:103] - INFO: Epoch 01040 | Time(s) 0.0333 | Val Loss 1.1783 | Val Acc 0.5625 | ETputs(KTEPS) 119125.95
2023-10-14 04:41:47,590 - tune.py [line:103] - INFO: Epoch 01060 | Time(s) 0.0333 | Val Loss 1.1601 | Val Acc 0.5750 | ETputs(KTEPS) 119113.18
2023-10-14 04:41:48,259 - tune.py [line:103] - INFO: Epoch 01080 | Time(s) 0.0333 | Val Loss 1.1578 | Val Acc 0.5712 | ETputs(KTEPS) 119104.07
2023-10-14 04:41:48,933 - tune.py [line:103] - INFO: Epoch 01100 | Time(s) 0.0333 | Val Loss 1.1752 | Val Acc 0.5692 | ETputs(KTEPS) 119081.80
2023-10-14 04:41:49,601 - tune.py [line:103] - INFO: Epoch 01120 | Time(s) 0.0333 | Val Loss 1.1870 | Val Acc 0.5635 | ETputs(KTEPS) 119078.44
2023-10-14 04:41:50,274 - tune.py [line:103] - INFO: Epoch 01140 | Time(s) 0.0333 | Val Loss 1.1538 | Val Acc 0.5750 | ETputs(KTEPS) 119063.48
2023-10-14 04:41:50,942 - tune.py [line:103] - INFO: Epoch 01160 | Time(s) 0.0333 | Val Loss 1.2047 | Val Acc 0.5740 | ETputs(KTEPS) 119061.24
2023-10-14 04:41:51,615 - tune.py [line:103] - INFO: Epoch 01180 | Time(s) 0.0333 | Val Loss 1.1605 | Val Acc 0.5808 | ETputs(KTEPS) 119050.47
2023-10-14 04:41:52,282 - tune.py [line:103] - INFO: Epoch 01200 | Time(s) 0.0333 | Val Loss 1.1574 | Val Acc 0.5798 | ETputs(KTEPS) 119050.88
2023-10-14 04:41:52,952 - tune.py [line:103] - INFO: Epoch 01220 | Time(s) 0.0333 | Val Loss 1.1666 | Val Acc 0.5663 | ETputs(KTEPS) 119043.55
2023-10-14 04:41:53,630 - tune.py [line:103] - INFO: Epoch 01240 | Time(s) 0.0333 | Val Loss 1.1488 | Val Acc 0.5760 | ETputs(KTEPS) 119010.60
2023-10-14 04:41:54,297 - tune.py [line:103] - INFO: Epoch 01260 | Time(s) 0.0333 | Val Loss 1.1597 | Val Acc 0.5683 | ETputs(KTEPS) 119011.47
2023-10-14 04:41:54,966 - tune.py [line:103] - INFO: Epoch 01280 | Time(s) 0.0333 | Val Loss 1.1813 | Val Acc 0.5721 | ETputs(KTEPS) 119006.90
2023-10-14 04:41:55,632 - tune.py [line:103] - INFO: Epoch 01300 | Time(s) 0.0333 | Val Loss 1.1427 | Val Acc 0.5837 | ETputs(KTEPS) 119008.23
2023-10-14 04:41:56,303 - tune.py [line:103] - INFO: Epoch 01320 | Time(s) 0.0333 | Val Loss 1.1476 | Val Acc 0.5856 | ETputs(KTEPS) 119000.08
2023-10-14 04:41:56,972 - tune.py [line:103] - INFO: Epoch 01340 | Time(s) 0.0333 | Val Loss 1.1531 | Val Acc 0.5846 | ETputs(KTEPS) 118998.77
2023-10-14 04:41:57,640 - tune.py [line:103] - INFO: Epoch 01360 | Time(s) 0.0333 | Val Loss 1.1521 | Val Acc 0.5798 | ETputs(KTEPS) 118997.86
2023-10-14 04:41:58,308 - tune.py [line:103] - INFO: Epoch 01380 | Time(s) 0.0333 | Val Loss 1.1749 | Val Acc 0.5606 | ETputs(KTEPS) 118994.82
2023-10-14 04:41:58,977 - tune.py [line:103] - INFO: Epoch 01400 | Time(s) 0.0333 | Val Loss 1.1692 | Val Acc 0.5692 | ETputs(KTEPS) 118990.17
2023-10-14 04:41:59,648 - tune.py [line:103] - INFO: Epoch 01420 | Time(s) 0.0333 | Val Loss 1.1743 | Val Acc 0.5606 | ETputs(KTEPS) 118981.30
2023-10-14 04:42:00,325 - tune.py [line:103] - INFO: Epoch 01440 | Time(s) 0.0333 | Val Loss 1.1731 | Val Acc 0.5721 | ETputs(KTEPS) 118959.33
2023-10-14 04:42:00,997 - tune.py [line:103] - INFO: Epoch 01460 | Time(s) 0.0334 | Val Loss 1.1517 | Val Acc 0.5779 | ETputs(KTEPS) 118947.10
2023-10-14 04:42:01,667 - tune.py [line:103] - INFO: Epoch 01480 | Time(s) 0.0334 | Val Loss 1.1488 | Val Acc 0.5808 | ETputs(KTEPS) 118941.58
2023-10-14 04:42:02,361 - tune.py [line:103] - INFO: Epoch 01500 | Time(s) 0.0334 | Val Loss 1.1737 | Val Acc 0.5635 | ETputs(KTEPS) 118877.93
2023-10-14 04:42:03,035 - tune.py [line:103] - INFO: Epoch 01520 | Time(s) 0.0334 | Val Loss 1.1429 | Val Acc 0.5971 | ETputs(KTEPS) 118864.77
2023-10-14 04:42:03,712 - tune.py [line:103] - INFO: Epoch 01540 | Time(s) 0.0334 | Val Loss 1.1457 | Val Acc 0.5913 | ETputs(KTEPS) 118849.79
2023-10-14 04:42:04,384 - tune.py [line:103] - INFO: Epoch 01560 | Time(s) 0.0334 | Val Loss 1.1783 | Val Acc 0.5654 | ETputs(KTEPS) 118839.48
2023-10-14 04:42:05,057 - tune.py [line:103] - INFO: Epoch 01580 | Time(s) 0.0334 | Val Loss 1.1791 | Val Acc 0.5625 | ETputs(KTEPS) 118829.59
2023-10-14 04:42:05,733 - tune.py [line:103] - INFO: Epoch 01600 | Time(s) 0.0334 | Val Loss 1.1635 | Val Acc 0.5673 | ETputs(KTEPS) 118812.79
2023-10-14 04:42:06,403 - tune.py [line:103] - INFO: Epoch 01620 | Time(s) 0.0334 | Val Loss 1.1742 | Val Acc 0.5625 | ETputs(KTEPS) 118808.05
2023-10-14 04:42:07,086 - tune.py [line:103] - INFO: Epoch 01640 | Time(s) 0.0334 | Val Loss 1.1571 | Val Acc 0.5721 | ETputs(KTEPS) 118776.59
2023-10-14 04:42:07,759 - tune.py [line:103] - INFO: Epoch 01660 | Time(s) 0.0334 | Val Loss 1.1760 | Val Acc 0.5606 | ETputs(KTEPS) 118766.44
2023-10-14 04:42:08,426 - tune.py [line:103] - INFO: Epoch 01680 | Time(s) 0.0334 | Val Loss 1.1456 | Val Acc 0.5846 | ETputs(KTEPS) 118769.40
2023-10-14 04:42:09,102 - tune.py [line:103] - INFO: Epoch 01700 | Time(s) 0.0334 | Val Loss 1.1336 | Val Acc 0.5779 | ETputs(KTEPS) 118754.34
2023-10-14 04:42:09,779 - tune.py [line:103] - INFO: Epoch 01720 | Time(s) 0.0334 | Val Loss 1.1414 | Val Acc 0.5750 | ETputs(KTEPS) 118738.53
2023-10-14 04:42:10,450 - tune.py [line:103] - INFO: Epoch 01740 | Time(s) 0.0334 | Val Loss 1.1541 | Val Acc 0.5692 | ETputs(KTEPS) 118733.91
2023-10-14 04:42:11,121 - tune.py [line:103] - INFO: Epoch 01760 | Time(s) 0.0334 | Val Loss 1.1711 | Val Acc 0.5760 | ETputs(KTEPS) 118728.74
2023-10-14 04:42:11,823 - tune.py [line:103] - INFO: Epoch 01780 | Time(s) 0.0334 | Val Loss 1.1822 | Val Acc 0.5712 | ETputs(KTEPS) 118664.18
2023-10-14 04:42:12,518 - tune.py [line:103] - INFO: Epoch 01800 | Time(s) 0.0334 | Val Loss 1.1253 | Val Acc 0.5885 | ETputs(KTEPS) 118612.00
2023-10-14 04:42:13,205 - tune.py [line:103] - INFO: Epoch 01820 | Time(s) 0.0335 | Val Loss 1.1535 | Val Acc 0.5740 | ETputs(KTEPS) 118579.20
2023-10-14 04:42:13,216 - tune.py [line:117] - INFO: [FINAL MODEL] Val accuracy 59.71% \Val loss: 1.1
2023-10-14 04:42:13,226 - tune.py [line:119] - INFO: [FINAL MODEL] Test accuracy 57.93% \Test loss: 1.2
2023-10-14 04:42:13,226 - tune.py [line:144] - INFO: Acc on the first split (Validation Set): 0.5971
2023-10-14 04:42:13,226 - tune.py [line:145] - INFO: Acc on the first split (Test Set): 0.5793
