2023-10-14 03:33:08,578 - tune.py [line:203] - INFO: Namespace(seed=42, model='GPRGNNV2', gpu=1, dataset='geom-squirrel', logging=True, log_detail=True, log_detailedCh=False, id_log=1014014501, optuna_n_trials=202, n_epochs=2000, self_loop=False, udgraph=True, early_stop=True, patience=300, n_hidden=64, n_cv=1, start_cv=0, n_layers=12, lr1=0.001, lr2=0.02, wd1=0.0001, wd2=1e-05, dropout=0.3, dropout2=0.2, alpha=0.1, es_ckpt='woselfloop-geom-squirrel_GPRGNNV2-geom-squirrel_trialNo2')
2023-10-14 03:33:11,335 - tune.py [line:128] - INFO: Split_seeds:[1824]
2023-10-14 03:33:11,335 - tune.py [line:129] - INFO: Model_seeds:[409]
2023-10-14 03:33:12,828 - tune.py [line:103] - INFO: Epoch 00020 | Time(s) 0.0733 | Val Loss 1.5903 | Val Acc 0.2019 | ETputs(KTEPS) 54102.67
2023-10-14 03:33:14,301 - tune.py [line:103] - INFO: Epoch 00040 | Time(s) 0.0735 | Val Loss 1.5791 | Val Acc 0.2817 | ETputs(KTEPS) 53985.10
2023-10-14 03:33:15,799 - tune.py [line:103] - INFO: Epoch 00060 | Time(s) 0.0736 | Val Loss 1.5492 | Val Acc 0.3125 | ETputs(KTEPS) 53867.59
2023-10-14 03:33:17,308 - tune.py [line:103] - INFO: Epoch 00080 | Time(s) 0.0738 | Val Loss 1.5054 | Val Acc 0.3394 | ETputs(KTEPS) 53782.60
2023-10-14 03:33:18,814 - tune.py [line:103] - INFO: Epoch 00100 | Time(s) 0.0739 | Val Loss 1.4773 | Val Acc 0.3519 | ETputs(KTEPS) 53675.81
2023-10-14 03:33:20,292 - tune.py [line:103] - INFO: Epoch 00120 | Time(s) 0.0739 | Val Loss 1.4769 | Val Acc 0.3452 | ETputs(KTEPS) 53694.93
2023-10-14 03:33:21,762 - tune.py [line:103] - INFO: Epoch 00140 | Time(s) 0.0738 | Val Loss 1.4952 | Val Acc 0.3481 | ETputs(KTEPS) 53738.30
2023-10-14 03:33:23,231 - tune.py [line:103] - INFO: Epoch 00160 | Time(s) 0.0738 | Val Loss 1.5201 | Val Acc 0.3442 | ETputs(KTEPS) 53774.04
2023-10-14 03:33:24,692 - tune.py [line:103] - INFO: Epoch 00180 | Time(s) 0.0737 | Val Loss 1.5461 | Val Acc 0.3471 | ETputs(KTEPS) 53833.04
2023-10-14 03:33:26,174 - tune.py [line:103] - INFO: Epoch 00200 | Time(s) 0.0737 | Val Loss 1.5738 | Val Acc 0.3596 | ETputs(KTEPS) 53820.77
2023-10-14 03:33:27,666 - tune.py [line:103] - INFO: Epoch 00220 | Time(s) 0.0737 | Val Loss 1.5994 | Val Acc 0.3663 | ETputs(KTEPS) 53805.07
2023-10-14 03:33:29,122 - tune.py [line:103] - INFO: Epoch 00240 | Time(s) 0.0736 | Val Loss 1.6264 | Val Acc 0.3654 | ETputs(KTEPS) 53864.63
2023-10-14 03:33:30,523 - tune.py [line:103] - INFO: Epoch 00260 | Time(s) 0.0733 | Val Loss 1.6441 | Val Acc 0.3683 | ETputs(KTEPS) 54086.40
2023-10-14 03:33:32,010 - tune.py [line:103] - INFO: Epoch 00280 | Time(s) 0.0734 | Val Loss 1.6666 | Val Acc 0.3750 | ETputs(KTEPS) 54060.41
2023-10-14 03:33:33,528 - tune.py [line:103] - INFO: Epoch 00300 | Time(s) 0.0735 | Val Loss 1.6865 | Val Acc 0.3837 | ETputs(KTEPS) 53958.06
2023-10-14 03:33:35,047 - tune.py [line:103] - INFO: Epoch 00320 | Time(s) 0.0737 | Val Loss 1.6988 | Val Acc 0.3827 | ETputs(KTEPS) 53854.97
2023-10-14 03:33:36,567 - tune.py [line:103] - INFO: Epoch 00340 | Time(s) 0.0738 | Val Loss 1.7216 | Val Acc 0.3913 | ETputs(KTEPS) 53781.64
2023-10-14 03:33:38,076 - tune.py [line:103] - INFO: Epoch 00360 | Time(s) 0.0739 | Val Loss 1.7252 | Val Acc 0.3885 | ETputs(KTEPS) 53717.55
2023-10-14 03:33:39,623 - tune.py [line:103] - INFO: Epoch 00380 | Time(s) 0.0740 | Val Loss 1.7395 | Val Acc 0.3913 | ETputs(KTEPS) 53585.73
2023-10-14 03:33:41,137 - tune.py [line:103] - INFO: Epoch 00400 | Time(s) 0.0741 | Val Loss 1.7531 | Val Acc 0.3933 | ETputs(KTEPS) 53531.27
2023-10-14 03:33:42,668 - tune.py [line:103] - INFO: Epoch 00420 | Time(s) 0.0742 | Val Loss 1.7737 | Val Acc 0.3952 | ETputs(KTEPS) 53458.86
2023-10-14 03:33:44,191 - tune.py [line:103] - INFO: Epoch 00440 | Time(s) 0.0743 | Val Loss 1.7790 | Val Acc 0.4000 | ETputs(KTEPS) 53403.26
2023-10-14 03:33:45,711 - tune.py [line:103] - INFO: Epoch 00460 | Time(s) 0.0744 | Val Loss 1.7922 | Val Acc 0.4038 | ETputs(KTEPS) 53353.40
2023-10-14 03:33:47,233 - tune.py [line:103] - INFO: Epoch 00480 | Time(s) 0.0744 | Val Loss 1.8071 | Val Acc 0.4038 | ETputs(KTEPS) 53311.23
2023-10-14 03:33:48,748 - tune.py [line:103] - INFO: Epoch 00500 | Time(s) 0.0745 | Val Loss 1.8189 | Val Acc 0.4048 | ETputs(KTEPS) 53276.68
2023-10-14 03:33:50,279 - tune.py [line:103] - INFO: Epoch 00520 | Time(s) 0.0745 | Val Loss 1.8291 | Val Acc 0.4106 | ETputs(KTEPS) 53233.62
2023-10-14 03:33:51,803 - tune.py [line:103] - INFO: Epoch 00540 | Time(s) 0.0746 | Val Loss 1.8429 | Val Acc 0.4154 | ETputs(KTEPS) 53198.80
2023-10-14 03:33:53,336 - tune.py [line:103] - INFO: Epoch 00560 | Time(s) 0.0746 | Val Loss 1.8515 | Val Acc 0.4106 | ETputs(KTEPS) 53146.93
2023-10-14 03:33:54,907 - tune.py [line:103] - INFO: Epoch 00580 | Time(s) 0.0748 | Val Loss 1.8598 | Val Acc 0.4115 | ETputs(KTEPS) 53051.77
2023-10-14 03:33:56,459 - tune.py [line:103] - INFO: Epoch 00600 | Time(s) 0.0749 | Val Loss 1.8667 | Val Acc 0.4154 | ETputs(KTEPS) 52989.08
2023-10-14 03:33:57,984 - tune.py [line:103] - INFO: Epoch 00620 | Time(s) 0.0749 | Val Loss 1.8709 | Val Acc 0.4192 | ETputs(KTEPS) 52957.81
2023-10-14 03:33:59,522 - tune.py [line:103] - INFO: Epoch 00640 | Time(s) 0.0750 | Val Loss 1.8776 | Val Acc 0.4231 | ETputs(KTEPS) 52924.47
2023-10-14 03:34:01,040 - tune.py [line:103] - INFO: Epoch 00660 | Time(s) 0.0750 | Val Loss 1.8918 | Val Acc 0.4260 | ETputs(KTEPS) 52909.41
2023-10-14 03:34:02,597 - tune.py [line:103] - INFO: Epoch 00680 | Time(s) 0.0751 | Val Loss 1.8834 | Val Acc 0.4202 | ETputs(KTEPS) 52850.93
2023-10-14 03:34:04,143 - tune.py [line:103] - INFO: Epoch 00700 | Time(s) 0.0751 | Val Loss 1.8916 | Val Acc 0.4212 | ETputs(KTEPS) 52806.09
2023-10-14 03:34:05,708 - tune.py [line:103] - INFO: Epoch 00720 | Time(s) 0.0752 | Val Loss 1.9041 | Val Acc 0.4269 | ETputs(KTEPS) 52749.45
2023-10-14 03:34:07,231 - tune.py [line:103] - INFO: Epoch 00740 | Time(s) 0.0752 | Val Loss 1.9111 | Val Acc 0.4269 | ETputs(KTEPS) 52736.72
2023-10-14 03:34:08,740 - tune.py [line:103] - INFO: Epoch 00760 | Time(s) 0.0752 | Val Loss 1.9169 | Val Acc 0.4298 | ETputs(KTEPS) 52733.35
2023-10-14 03:34:10,281 - tune.py [line:103] - INFO: Epoch 00780 | Time(s) 0.0753 | Val Loss 1.9307 | Val Acc 0.4240 | ETputs(KTEPS) 52701.43
2023-10-14 03:34:11,709 - tune.py [line:103] - INFO: Epoch 00800 | Time(s) 0.0752 | Val Loss 1.9360 | Val Acc 0.4269 | ETputs(KTEPS) 52770.22
2023-10-14 03:34:13,027 - tune.py [line:103] - INFO: Epoch 00820 | Time(s) 0.0749 | Val Loss 1.9176 | Val Acc 0.4308 | ETputs(KTEPS) 52929.78
2023-10-14 03:34:14,351 - tune.py [line:103] - INFO: Epoch 00840 | Time(s) 0.0747 | Val Loss 1.9382 | Val Acc 0.4317 | ETputs(KTEPS) 53081.69
2023-10-14 03:34:15,679 - tune.py [line:103] - INFO: Epoch 00860 | Time(s) 0.0745 | Val Loss 1.9339 | Val Acc 0.4346 | ETputs(KTEPS) 53219.73
2023-10-14 03:34:17,015 - tune.py [line:103] - INFO: Epoch 00880 | Time(s) 0.0744 | Val Loss 1.9308 | Val Acc 0.4346 | ETputs(KTEPS) 53348.57
2023-10-14 03:34:18,349 - tune.py [line:103] - INFO: Epoch 00900 | Time(s) 0.0742 | Val Loss 1.9343 | Val Acc 0.4433 | ETputs(KTEPS) 53476.07
2023-10-14 03:34:19,667 - tune.py [line:103] - INFO: Epoch 00920 | Time(s) 0.0740 | Val Loss 1.9485 | Val Acc 0.4404 | ETputs(KTEPS) 53606.50
2023-10-14 03:34:20,994 - tune.py [line:103] - INFO: Epoch 00940 | Time(s) 0.0738 | Val Loss 1.9511 | Val Acc 0.4385 | ETputs(KTEPS) 53725.47
2023-10-14 03:34:22,330 - tune.py [line:103] - INFO: Epoch 00960 | Time(s) 0.0737 | Val Loss 1.9547 | Val Acc 0.4404 | ETputs(KTEPS) 53833.00
2023-10-14 03:34:23,663 - tune.py [line:103] - INFO: Epoch 00980 | Time(s) 0.0735 | Val Loss 1.9571 | Val Acc 0.4433 | ETputs(KTEPS) 53940.28
2023-10-14 03:34:24,989 - tune.py [line:103] - INFO: Epoch 01000 | Time(s) 0.0734 | Val Loss 1.9594 | Val Acc 0.4394 | ETputs(KTEPS) 54048.43
2023-10-14 03:34:26,204 - tune.py [line:103] - INFO: Epoch 01020 | Time(s) 0.0731 | Val Loss 1.9747 | Val Acc 0.4462 | ETputs(KTEPS) 54232.19
2023-10-14 03:34:27,337 - tune.py [line:103] - INFO: Epoch 01040 | Time(s) 0.0728 | Val Loss 1.9699 | Val Acc 0.4452 | ETputs(KTEPS) 54470.52
2023-10-14 03:34:28,295 - tune.py [line:103] - INFO: Epoch 01060 | Time(s) 0.0724 | Val Loss 1.9673 | Val Acc 0.4452 | ETputs(KTEPS) 54826.36
2023-10-14 03:34:29,367 - tune.py [line:103] - INFO: Epoch 01080 | Time(s) 0.0720 | Val Loss 1.9729 | Val Acc 0.4452 | ETputs(KTEPS) 55091.53
2023-10-14 03:34:30,504 - tune.py [line:103] - INFO: Epoch 01100 | Time(s) 0.0717 | Val Loss 1.9781 | Val Acc 0.4404 | ETputs(KTEPS) 55305.46
2023-10-14 03:34:31,611 - tune.py [line:103] - INFO: Epoch 01120 | Time(s) 0.0714 | Val Loss 1.9860 | Val Acc 0.4404 | ETputs(KTEPS) 55531.93
2023-10-14 03:34:32,730 - tune.py [line:103] - INFO: Epoch 01140 | Time(s) 0.0712 | Val Loss 1.9835 | Val Acc 0.4462 | ETputs(KTEPS) 55746.58
2023-10-14 03:34:33,891 - tune.py [line:103] - INFO: Epoch 01160 | Time(s) 0.0709 | Val Loss 1.9844 | Val Acc 0.4481 | ETputs(KTEPS) 55930.31
2023-10-14 03:34:35,065 - tune.py [line:103] - INFO: Epoch 01180 | Time(s) 0.0707 | Val Loss 1.9995 | Val Acc 0.4510 | ETputs(KTEPS) 56094.76
2023-10-14 03:34:36,246 - tune.py [line:103] - INFO: Epoch 01200 | Time(s) 0.0705 | Val Loss 1.9985 | Val Acc 0.4404 | ETputs(KTEPS) 56249.47
2023-10-14 03:34:37,401 - tune.py [line:103] - INFO: Epoch 01220 | Time(s) 0.0703 | Val Loss 1.9905 | Val Acc 0.4452 | ETputs(KTEPS) 56417.77
2023-10-14 03:34:38,517 - tune.py [line:103] - INFO: Epoch 01240 | Time(s) 0.0701 | Val Loss 1.9995 | Val Acc 0.4433 | ETputs(KTEPS) 56606.64
2023-10-14 03:34:39,702 - tune.py [line:103] - INFO: Epoch 01260 | Time(s) 0.0699 | Val Loss 1.9955 | Val Acc 0.4471 | ETputs(KTEPS) 56746.29
2023-10-14 03:34:40,846 - tune.py [line:103] - INFO: Epoch 01280 | Time(s) 0.0697 | Val Loss 2.0068 | Val Acc 0.4423 | ETputs(KTEPS) 56908.85
2023-10-14 03:34:41,984 - tune.py [line:103] - INFO: Epoch 01300 | Time(s) 0.0695 | Val Loss 2.0112 | Val Acc 0.4385 | ETputs(KTEPS) 57070.28
2023-10-14 03:34:43,140 - tune.py [line:103] - INFO: Epoch 01320 | Time(s) 0.0693 | Val Loss 2.0085 | Val Acc 0.4433 | ETputs(KTEPS) 57217.47
2023-10-14 03:34:44,301 - tune.py [line:103] - INFO: Epoch 01340 | Time(s) 0.0692 | Val Loss 2.0030 | Val Acc 0.4452 | ETputs(KTEPS) 57357.09
2023-10-14 03:34:45,482 - tune.py [line:103] - INFO: Epoch 01360 | Time(s) 0.0690 | Val Loss 2.0078 | Val Acc 0.4385 | ETputs(KTEPS) 57481.44
2023-10-14 03:34:46,649 - tune.py [line:103] - INFO: Epoch 01380 | Time(s) 0.0689 | Val Loss 2.0149 | Val Acc 0.4404 | ETputs(KTEPS) 57610.74
2023-10-14 03:34:47,794 - tune.py [line:103] - INFO: Epoch 01400 | Time(s) 0.0687 | Val Loss 2.0113 | Val Acc 0.4423 | ETputs(KTEPS) 57750.33
2023-10-14 03:34:49,016 - tune.py [line:103] - INFO: Epoch 01420 | Time(s) 0.0686 | Val Loss 2.0075 | Val Acc 0.4423 | ETputs(KTEPS) 57840.62
2023-10-14 03:34:50,357 - tune.py [line:103] - INFO: Epoch 01440 | Time(s) 0.0686 | Val Loss 2.0178 | Val Acc 0.4481 | ETputs(KTEPS) 57859.35
2023-10-14 03:34:51,065 - tune.py [line:117] - INFO: [FINAL MODEL] Val accuracy 45.38% \Val loss: 2.0
2023-10-14 03:34:51,089 - tune.py [line:119] - INFO: [FINAL MODEL] Test accuracy 44.09% \Test loss: 2.2
2023-10-14 03:34:51,090 - tune.py [line:144] - INFO: Acc on the first split (Validation Set): 0.4538
2023-10-14 03:34:51,090 - tune.py [line:145] - INFO: Acc on the first split (Test Set): 0.4409
