2023-10-14 04:05:36,684 - tune.py [line:203] - INFO: Namespace(seed=42, model='GPRGNNV2', gpu=1, dataset='geom-squirrel', logging=True, log_detail=True, log_detailedCh=False, id_log=1014014501, optuna_n_trials=202, n_epochs=2000, self_loop=False, udgraph=True, early_stop=True, patience=300, n_hidden=64, n_cv=1, start_cv=0, n_layers=16, lr1=0.04, lr2=0.01, wd1=1e-08, wd2=1e-07, dropout=0.4, dropout2=0.6, alpha=0.7000000000000001, es_ckpt='woselfloop-geom-squirrel_GPRGNNV2-geom-squirrel_trialNo41')
2023-10-14 04:05:39,344 - tune.py [line:128] - INFO: Split_seeds:[1824]
2023-10-14 04:05:39,344 - tune.py [line:129] - INFO: Model_seeds:[409]
2023-10-14 04:05:40,859 - tune.py [line:103] - INFO: Epoch 00020 | Time(s) 0.0740 | Val Loss 1.4693 | Val Acc 0.3702 | ETputs(KTEPS) 53637.53
2023-10-14 04:05:42,238 - tune.py [line:103] - INFO: Epoch 00040 | Time(s) 0.0713 | Val Loss 1.5337 | Val Acc 0.3615 | ETputs(KTEPS) 55611.58
2023-10-14 04:05:43,514 - tune.py [line:103] - INFO: Epoch 00060 | Time(s) 0.0686 | Val Loss 1.5764 | Val Acc 0.3760 | ETputs(KTEPS) 57802.02
2023-10-14 04:05:44,905 - tune.py [line:103] - INFO: Epoch 00080 | Time(s) 0.0689 | Val Loss 1.5987 | Val Acc 0.3952 | ETputs(KTEPS) 57615.30
2023-10-14 04:05:46,290 - tune.py [line:103] - INFO: Epoch 00100 | Time(s) 0.0688 | Val Loss 1.6280 | Val Acc 0.4029 | ETputs(KTEPS) 57638.37
2023-10-14 04:05:47,802 - tune.py [line:103] - INFO: Epoch 00120 | Time(s) 0.0699 | Val Loss 1.6412 | Val Acc 0.4154 | ETputs(KTEPS) 56755.20
2023-10-14 04:05:49,346 - tune.py [line:103] - INFO: Epoch 00140 | Time(s) 0.0708 | Val Loss 1.6479 | Val Acc 0.4183 | ETputs(KTEPS) 56006.77
2023-10-14 04:05:50,829 - tune.py [line:103] - INFO: Epoch 00160 | Time(s) 0.0712 | Val Loss 1.6290 | Val Acc 0.4394 | ETputs(KTEPS) 55700.12
2023-10-14 04:05:52,340 - tune.py [line:103] - INFO: Epoch 00180 | Time(s) 0.0716 | Val Loss 1.6618 | Val Acc 0.4442 | ETputs(KTEPS) 55381.50
2023-10-14 04:05:53,877 - tune.py [line:103] - INFO: Epoch 00200 | Time(s) 0.0721 | Val Loss 1.6540 | Val Acc 0.4452 | ETputs(KTEPS) 55020.05
2023-10-14 04:05:55,400 - tune.py [line:103] - INFO: Epoch 00220 | Time(s) 0.0724 | Val Loss 1.6368 | Val Acc 0.4538 | ETputs(KTEPS) 54758.00
2023-10-14 04:05:56,913 - tune.py [line:103] - INFO: Epoch 00240 | Time(s) 0.0727 | Val Loss 1.6419 | Val Acc 0.4529 | ETputs(KTEPS) 54579.13
2023-10-14 04:05:58,416 - tune.py [line:103] - INFO: Epoch 00260 | Time(s) 0.0729 | Val Loss 1.6337 | Val Acc 0.4654 | ETputs(KTEPS) 54450.48
2023-10-14 04:05:59,920 - tune.py [line:103] - INFO: Epoch 00280 | Time(s) 0.0730 | Val Loss 1.6186 | Val Acc 0.4683 | ETputs(KTEPS) 54332.91
2023-10-14 04:06:01,427 - tune.py [line:103] - INFO: Epoch 00300 | Time(s) 0.0731 | Val Loss 1.6219 | Val Acc 0.4731 | ETputs(KTEPS) 54247.77
2023-10-14 04:06:02,995 - tune.py [line:103] - INFO: Epoch 00320 | Time(s) 0.0734 | Val Loss 1.6186 | Val Acc 0.4750 | ETputs(KTEPS) 54020.19
2023-10-14 04:06:04,502 - tune.py [line:103] - INFO: Epoch 00340 | Time(s) 0.0735 | Val Loss 1.6359 | Val Acc 0.4740 | ETputs(KTEPS) 53963.73
2023-10-14 04:06:06,009 - tune.py [line:103] - INFO: Epoch 00360 | Time(s) 0.0736 | Val Loss 1.6210 | Val Acc 0.4769 | ETputs(KTEPS) 53900.26
2023-10-14 04:06:07,497 - tune.py [line:103] - INFO: Epoch 00380 | Time(s) 0.0736 | Val Loss 1.5989 | Val Acc 0.4875 | ETputs(KTEPS) 53885.76
2023-10-14 04:06:08,995 - tune.py [line:103] - INFO: Epoch 00400 | Time(s) 0.0737 | Val Loss 1.6278 | Val Acc 0.4827 | ETputs(KTEPS) 53840.04
2023-10-14 04:06:10,488 - tune.py [line:103] - INFO: Epoch 00420 | Time(s) 0.0737 | Val Loss 1.6111 | Val Acc 0.4846 | ETputs(KTEPS) 53813.27
2023-10-14 04:06:12,030 - tune.py [line:103] - INFO: Epoch 00440 | Time(s) 0.0739 | Val Loss 1.6281 | Val Acc 0.4865 | ETputs(KTEPS) 53706.49
2023-10-14 04:06:13,522 - tune.py [line:103] - INFO: Epoch 00460 | Time(s) 0.0739 | Val Loss 1.6162 | Val Acc 0.5029 | ETputs(KTEPS) 53687.37
2023-10-14 04:06:15,009 - tune.py [line:103] - INFO: Epoch 00480 | Time(s) 0.0739 | Val Loss 1.6134 | Val Acc 0.5010 | ETputs(KTEPS) 53681.96
2023-10-14 04:06:16,506 - tune.py [line:103] - INFO: Epoch 00500 | Time(s) 0.0739 | Val Loss 1.6155 | Val Acc 0.4971 | ETputs(KTEPS) 53664.37
2023-10-14 04:06:17,991 - tune.py [line:103] - INFO: Epoch 00520 | Time(s) 0.0739 | Val Loss 1.6187 | Val Acc 0.4990 | ETputs(KTEPS) 53660.12
2023-10-14 04:06:19,507 - tune.py [line:103] - INFO: Epoch 00540 | Time(s) 0.0740 | Val Loss 1.6145 | Val Acc 0.5058 | ETputs(KTEPS) 53613.55
2023-10-14 04:06:20,954 - tune.py [line:103] - INFO: Epoch 00560 | Time(s) 0.0739 | Val Loss 1.6229 | Val Acc 0.5029 | ETputs(KTEPS) 53657.78
2023-10-14 04:06:22,325 - tune.py [line:103] - INFO: Epoch 00580 | Time(s) 0.0737 | Val Loss 1.6210 | Val Acc 0.5144 | ETputs(KTEPS) 53797.83
2023-10-14 04:06:23,819 - tune.py [line:103] - INFO: Epoch 00600 | Time(s) 0.0738 | Val Loss 1.6052 | Val Acc 0.5096 | ETputs(KTEPS) 53777.83
2023-10-14 04:06:25,197 - tune.py [line:103] - INFO: Epoch 00620 | Time(s) 0.0736 | Val Loss 1.6124 | Val Acc 0.5173 | ETputs(KTEPS) 53894.22
2023-10-14 04:06:26,668 - tune.py [line:103] - INFO: Epoch 00640 | Time(s) 0.0736 | Val Loss 1.6173 | Val Acc 0.5154 | ETputs(KTEPS) 53899.94
2023-10-14 04:06:28,166 - tune.py [line:103] - INFO: Epoch 00660 | Time(s) 0.0736 | Val Loss 1.6069 | Val Acc 0.5240 | ETputs(KTEPS) 53879.67
2023-10-14 04:06:29,471 - tune.py [line:103] - INFO: Epoch 00680 | Time(s) 0.0734 | Val Loss 1.6059 | Val Acc 0.5221 | ETputs(KTEPS) 54070.19
2023-10-14 04:06:30,856 - tune.py [line:103] - INFO: Epoch 00700 | Time(s) 0.0733 | Val Loss 1.5643 | Val Acc 0.5298 | ETputs(KTEPS) 54157.36
2023-10-14 04:06:32,179 - tune.py [line:103] - INFO: Epoch 00720 | Time(s) 0.0731 | Val Loss 1.5747 | Val Acc 0.5269 | ETputs(KTEPS) 54303.99
2023-10-14 04:06:33,499 - tune.py [line:103] - INFO: Epoch 00740 | Time(s) 0.0729 | Val Loss 1.5883 | Val Acc 0.5288 | ETputs(KTEPS) 54449.86
2023-10-14 04:06:34,990 - tune.py [line:103] - INFO: Epoch 00760 | Time(s) 0.0729 | Val Loss 1.6203 | Val Acc 0.5240 | ETputs(KTEPS) 54417.81
2023-10-14 04:06:36,491 - tune.py [line:103] - INFO: Epoch 00780 | Time(s) 0.0729 | Val Loss 1.5990 | Val Acc 0.5433 | ETputs(KTEPS) 54386.00
2023-10-14 04:06:37,967 - tune.py [line:103] - INFO: Epoch 00800 | Time(s) 0.0730 | Val Loss 1.6155 | Val Acc 0.5500 | ETputs(KTEPS) 54372.94
2023-10-14 04:06:39,433 - tune.py [line:103] - INFO: Epoch 00820 | Time(s) 0.0730 | Val Loss 1.6082 | Val Acc 0.5356 | ETputs(KTEPS) 54371.08
2023-10-14 04:06:40,941 - tune.py [line:103] - INFO: Epoch 00840 | Time(s) 0.0730 | Val Loss 1.6077 | Val Acc 0.5433 | ETputs(KTEPS) 54328.43
2023-10-14 04:06:42,404 - tune.py [line:103] - INFO: Epoch 00860 | Time(s) 0.0730 | Val Loss 1.6080 | Val Acc 0.5365 | ETputs(KTEPS) 54327.02
2023-10-14 04:06:43,903 - tune.py [line:103] - INFO: Epoch 00880 | Time(s) 0.0731 | Val Loss 1.6040 | Val Acc 0.5452 | ETputs(KTEPS) 54295.15
2023-10-14 04:06:45,371 - tune.py [line:103] - INFO: Epoch 00900 | Time(s) 0.0731 | Val Loss 1.6118 | Val Acc 0.5452 | ETputs(KTEPS) 54293.34
2023-10-14 04:06:46,852 - tune.py [line:103] - INFO: Epoch 00920 | Time(s) 0.0731 | Val Loss 1.6050 | Val Acc 0.5577 | ETputs(KTEPS) 54279.65
2023-10-14 04:06:48,366 - tune.py [line:103] - INFO: Epoch 00940 | Time(s) 0.0731 | Val Loss 1.5914 | Val Acc 0.5635 | ETputs(KTEPS) 54244.12
2023-10-14 04:06:49,818 - tune.py [line:103] - INFO: Epoch 00960 | Time(s) 0.0731 | Val Loss 1.5679 | Val Acc 0.5481 | ETputs(KTEPS) 54253.74
2023-10-14 04:06:51,290 - tune.py [line:103] - INFO: Epoch 00980 | Time(s) 0.0731 | Val Loss 1.5880 | Val Acc 0.5519 | ETputs(KTEPS) 54247.25
2023-10-14 04:06:52,767 - tune.py [line:103] - INFO: Epoch 01000 | Time(s) 0.0731 | Val Loss 1.5905 | Val Acc 0.5538 | ETputs(KTEPS) 54236.89
2023-10-14 04:06:54,274 - tune.py [line:103] - INFO: Epoch 01020 | Time(s) 0.0732 | Val Loss 1.6167 | Val Acc 0.5500 | ETputs(KTEPS) 54205.73
2023-10-14 04:06:55,795 - tune.py [line:103] - INFO: Epoch 01040 | Time(s) 0.0732 | Val Loss 1.6202 | Val Acc 0.5481 | ETputs(KTEPS) 54166.05
2023-10-14 04:06:57,306 - tune.py [line:103] - INFO: Epoch 01060 | Time(s) 0.0733 | Val Loss 1.6124 | Val Acc 0.5452 | ETputs(KTEPS) 54135.11
2023-10-14 04:06:58,757 - tune.py [line:103] - INFO: Epoch 01080 | Time(s) 0.0733 | Val Loss 1.6453 | Val Acc 0.5452 | ETputs(KTEPS) 54145.67
2023-10-14 04:07:00,224 - tune.py [line:103] - INFO: Epoch 01100 | Time(s) 0.0733 | Val Loss 1.6484 | Val Acc 0.5442 | ETputs(KTEPS) 54144.75
2023-10-14 04:07:01,730 - tune.py [line:103] - INFO: Epoch 01120 | Time(s) 0.0733 | Val Loss 1.6369 | Val Acc 0.5471 | ETputs(KTEPS) 54118.81
2023-10-14 04:07:03,210 - tune.py [line:103] - INFO: Epoch 01140 | Time(s) 0.0733 | Val Loss 1.6277 | Val Acc 0.5452 | ETputs(KTEPS) 54111.28
2023-10-14 04:07:04,737 - tune.py [line:103] - INFO: Epoch 01160 | Time(s) 0.0734 | Val Loss 1.6321 | Val Acc 0.5442 | ETputs(KTEPS) 54073.81
2023-10-14 04:07:06,270 - tune.py [line:103] - INFO: Epoch 01180 | Time(s) 0.0734 | Val Loss 1.6377 | Val Acc 0.5471 | ETputs(KTEPS) 54033.61
2023-10-14 04:07:07,755 - tune.py [line:103] - INFO: Epoch 01200 | Time(s) 0.0734 | Val Loss 1.6424 | Val Acc 0.5394 | ETputs(KTEPS) 54024.08
2023-10-14 04:07:09,258 - tune.py [line:103] - INFO: Epoch 01220 | Time(s) 0.0735 | Val Loss 1.6479 | Val Acc 0.5587 | ETputs(KTEPS) 54003.89
2023-10-14 04:07:10,767 - tune.py [line:103] - INFO: Epoch 01240 | Time(s) 0.0735 | Val Loss 1.6280 | Val Acc 0.5548 | ETputs(KTEPS) 53980.93
2023-10-14 04:07:10,797 - tune.py [line:117] - INFO: [FINAL MODEL] Val accuracy 56.35% \Val loss: 1.6
2023-10-14 04:07:10,818 - tune.py [line:119] - INFO: [FINAL MODEL] Test accuracy 54.76% \Test loss: 1.7
2023-10-14 04:07:10,818 - tune.py [line:144] - INFO: Acc on the first split (Validation Set): 0.5635
2023-10-14 04:07:10,818 - tune.py [line:145] - INFO: Acc on the first split (Test Set): 0.5476
