2023-10-14 04:59:42,918 - tune.py [line:203] - INFO: Namespace(seed=42, model='GPRGNNV2', gpu=1, dataset='geom-squirrel', logging=True, log_detail=True, log_detailedCh=False, id_log=1014014501, optuna_n_trials=202, n_epochs=2000, self_loop=False, udgraph=True, early_stop=True, patience=300, n_hidden=64, n_cv=1, start_cv=0, n_layers=8, lr1=0.05, lr2=0.05, wd1=1e-06, wd2=1e-05, dropout=0.3, dropout2=0.8, alpha=0.1, es_ckpt='woselfloop-geom-squirrel_GPRGNNV2-geom-squirrel_trialNo150')
2023-10-14 04:59:45,527 - tune.py [line:128] - INFO: Split_seeds:[1824]
2023-10-14 04:59:45,527 - tune.py [line:129] - INFO: Model_seeds:[409]
2023-10-14 04:59:46,357 - tune.py [line:103] - INFO: Epoch 00020 | Time(s) 0.0404 | Val Loss 1.4298 | Val Acc 0.3856 | ETputs(KTEPS) 98111.89
2023-10-14 04:59:47,186 - tune.py [line:103] - INFO: Epoch 00040 | Time(s) 0.0405 | Val Loss 1.3559 | Val Acc 0.4115 | ETputs(KTEPS) 98015.20
2023-10-14 04:59:48,006 - tune.py [line:103] - INFO: Epoch 00060 | Time(s) 0.0406 | Val Loss 1.3317 | Val Acc 0.4279 | ETputs(KTEPS) 97805.98
2023-10-14 04:59:48,833 - tune.py [line:103] - INFO: Epoch 00080 | Time(s) 0.0406 | Val Loss 1.3195 | Val Acc 0.4587 | ETputs(KTEPS) 97640.92
2023-10-14 04:59:49,677 - tune.py [line:103] - INFO: Epoch 00100 | Time(s) 0.0408 | Val Loss 1.2877 | Val Acc 0.4779 | ETputs(KTEPS) 97238.21
2023-10-14 04:59:50,494 - tune.py [line:103] - INFO: Epoch 00120 | Time(s) 0.0407 | Val Loss 1.2933 | Val Acc 0.4933 | ETputs(KTEPS) 97385.16
2023-10-14 04:59:51,310 - tune.py [line:103] - INFO: Epoch 00140 | Time(s) 0.0407 | Val Loss 1.2814 | Val Acc 0.5087 | ETputs(KTEPS) 97469.56
2023-10-14 04:59:52,181 - tune.py [line:103] - INFO: Epoch 00160 | Time(s) 0.0410 | Val Loss 1.2758 | Val Acc 0.5144 | ETputs(KTEPS) 96735.71
2023-10-14 04:59:52,995 - tune.py [line:103] - INFO: Epoch 00180 | Time(s) 0.0410 | Val Loss 1.2652 | Val Acc 0.5240 | ETputs(KTEPS) 96872.95
2023-10-14 04:59:53,813 - tune.py [line:103] - INFO: Epoch 00200 | Time(s) 0.0409 | Val Loss 1.2706 | Val Acc 0.5279 | ETputs(KTEPS) 96891.60
2023-10-14 04:59:54,628 - tune.py [line:103] - INFO: Epoch 00220 | Time(s) 0.0409 | Val Loss 1.2689 | Val Acc 0.5317 | ETputs(KTEPS) 96992.14
2023-10-14 04:59:55,423 - tune.py [line:103] - INFO: Epoch 00240 | Time(s) 0.0408 | Val Loss 1.2716 | Val Acc 0.5317 | ETputs(KTEPS) 97217.01
2023-10-14 04:59:56,248 - tune.py [line:103] - INFO: Epoch 00260 | Time(s) 0.0408 | Val Loss 1.2631 | Val Acc 0.5365 | ETputs(KTEPS) 97146.93
2023-10-14 04:59:57,068 - tune.py [line:103] - INFO: Epoch 00280 | Time(s) 0.0408 | Val Loss 1.2465 | Val Acc 0.5433 | ETputs(KTEPS) 97165.48
2023-10-14 04:59:57,875 - tune.py [line:103] - INFO: Epoch 00300 | Time(s) 0.0408 | Val Loss 1.2539 | Val Acc 0.5385 | ETputs(KTEPS) 97245.03
2023-10-14 04:59:58,681 - tune.py [line:103] - INFO: Epoch 00320 | Time(s) 0.0408 | Val Loss 1.2547 | Val Acc 0.5404 | ETputs(KTEPS) 97327.07
2023-10-14 04:59:59,486 - tune.py [line:103] - INFO: Epoch 00340 | Time(s) 0.0407 | Val Loss 1.2735 | Val Acc 0.5490 | ETputs(KTEPS) 97411.41
2023-10-14 05:00:00,307 - tune.py [line:103] - INFO: Epoch 00360 | Time(s) 0.0407 | Val Loss 1.2628 | Val Acc 0.5510 | ETputs(KTEPS) 97396.18
2023-10-14 05:00:01,116 - tune.py [line:103] - INFO: Epoch 00380 | Time(s) 0.0407 | Val Loss 1.2722 | Val Acc 0.5510 | ETputs(KTEPS) 97438.96
2023-10-14 05:00:01,929 - tune.py [line:103] - INFO: Epoch 00400 | Time(s) 0.0407 | Val Loss 1.2616 | Val Acc 0.5548 | ETputs(KTEPS) 97446.71
2023-10-14 05:00:02,747 - tune.py [line:103] - INFO: Epoch 00420 | Time(s) 0.0407 | Val Loss 1.2458 | Val Acc 0.5510 | ETputs(KTEPS) 97429.97
2023-10-14 05:00:03,556 - tune.py [line:103] - INFO: Epoch 00440 | Time(s) 0.0407 | Val Loss 1.2797 | Val Acc 0.5442 | ETputs(KTEPS) 97461.16
2023-10-14 05:00:04,395 - tune.py [line:103] - INFO: Epoch 00460 | Time(s) 0.0408 | Val Loss 1.2642 | Val Acc 0.5510 | ETputs(KTEPS) 97332.25
2023-10-14 05:00:05,228 - tune.py [line:103] - INFO: Epoch 00480 | Time(s) 0.0408 | Val Loss 1.2691 | Val Acc 0.5548 | ETputs(KTEPS) 97247.62
2023-10-14 05:00:06,047 - tune.py [line:103] - INFO: Epoch 00500 | Time(s) 0.0408 | Val Loss 1.3240 | Val Acc 0.5337 | ETputs(KTEPS) 97233.26
2023-10-14 05:00:06,870 - tune.py [line:103] - INFO: Epoch 00520 | Time(s) 0.0408 | Val Loss 1.2768 | Val Acc 0.5481 | ETputs(KTEPS) 97207.71
2023-10-14 05:00:07,685 - tune.py [line:103] - INFO: Epoch 00540 | Time(s) 0.0408 | Val Loss 1.2498 | Val Acc 0.5452 | ETputs(KTEPS) 97212.80
2023-10-14 05:00:08,492 - tune.py [line:103] - INFO: Epoch 00560 | Time(s) 0.0408 | Val Loss 1.2618 | Val Acc 0.5538 | ETputs(KTEPS) 97256.18
2023-10-14 05:00:09,304 - tune.py [line:103] - INFO: Epoch 00580 | Time(s) 0.0408 | Val Loss 1.2911 | Val Acc 0.5433 | ETputs(KTEPS) 97270.59
2023-10-14 05:00:10,120 - tune.py [line:103] - INFO: Epoch 00600 | Time(s) 0.0408 | Val Loss 1.2602 | Val Acc 0.5442 | ETputs(KTEPS) 97273.02
2023-10-14 05:00:10,961 - tune.py [line:103] - INFO: Epoch 00620 | Time(s) 0.0408 | Val Loss 1.2706 | Val Acc 0.5394 | ETputs(KTEPS) 97178.58
2023-10-14 05:00:11,783 - tune.py [line:103] - INFO: Epoch 00640 | Time(s) 0.0408 | Val Loss 1.2790 | Val Acc 0.5490 | ETputs(KTEPS) 97158.72
2023-10-14 05:00:12,038 - tune.py [line:117] - INFO: [FINAL MODEL] Val accuracy 56.63% \Val loss: 1.3
2023-10-14 05:00:12,052 - tune.py [line:119] - INFO: [FINAL MODEL] Test accuracy 55.72% \Test loss: 1.3
2023-10-14 05:00:12,052 - tune.py [line:144] - INFO: Acc on the first split (Validation Set): 0.5663
2023-10-14 05:00:12,052 - tune.py [line:145] - INFO: Acc on the first split (Test Set): 0.5572
