2023-10-14 05:16:11,978 - tune.py [line:203] - INFO: Namespace(seed=42, model='GPRGNNV2', gpu=1, dataset='geom-squirrel', logging=True, log_detail=True, log_detailedCh=False, id_log=1014014501, optuna_n_trials=202, n_epochs=2000, self_loop=False, udgraph=True, early_stop=True, patience=300, n_hidden=64, n_cv=1, start_cv=0, n_layers=8, lr1=0.05, lr2=0.05, wd1=1e-05, wd2=1e-05, dropout=0.4, dropout2=0.7, alpha=0.30000000000000004, es_ckpt='woselfloop-geom-squirrel_GPRGNNV2-geom-squirrel_trialNo195')
2023-10-14 05:16:14,406 - tune.py [line:128] - INFO: Split_seeds:[1824]
2023-10-14 05:16:14,406 - tune.py [line:129] - INFO: Model_seeds:[409]
2023-10-14 05:16:15,296 - tune.py [line:103] - INFO: Epoch 00020 | Time(s) 0.0430 | Val Loss 1.4418 | Val Acc 0.3702 | ETputs(KTEPS) 92169.91
2023-10-14 05:16:16,158 - tune.py [line:103] - INFO: Epoch 00040 | Time(s) 0.0428 | Val Loss 1.3898 | Val Acc 0.4029 | ETputs(KTEPS) 92692.71
2023-10-14 05:16:16,972 - tune.py [line:103] - INFO: Epoch 00060 | Time(s) 0.0420 | Val Loss 1.3362 | Val Acc 0.4462 | ETputs(KTEPS) 94522.97
2023-10-14 05:16:17,793 - tune.py [line:103] - INFO: Epoch 00080 | Time(s) 0.0417 | Val Loss 1.3268 | Val Acc 0.4529 | ETputs(KTEPS) 95139.59
2023-10-14 05:16:18,609 - tune.py [line:103] - INFO: Epoch 00100 | Time(s) 0.0414 | Val Loss 1.2819 | Val Acc 0.4731 | ETputs(KTEPS) 95725.60
2023-10-14 05:16:19,428 - tune.py [line:103] - INFO: Epoch 00120 | Time(s) 0.0412 | Val Loss 1.2648 | Val Acc 0.4942 | ETputs(KTEPS) 96176.15
2023-10-14 05:16:20,271 - tune.py [line:103] - INFO: Epoch 00140 | Time(s) 0.0413 | Val Loss 1.2684 | Val Acc 0.4942 | ETputs(KTEPS) 96094.42
2023-10-14 05:16:21,108 - tune.py [line:103] - INFO: Epoch 00160 | Time(s) 0.0413 | Val Loss 1.2428 | Val Acc 0.5212 | ETputs(KTEPS) 96018.61
2023-10-14 05:16:21,960 - tune.py [line:103] - INFO: Epoch 00180 | Time(s) 0.0414 | Val Loss 1.2185 | Val Acc 0.5337 | ETputs(KTEPS) 95779.59
2023-10-14 05:16:22,796 - tune.py [line:103] - INFO: Epoch 00200 | Time(s) 0.0414 | Val Loss 1.2481 | Val Acc 0.5221 | ETputs(KTEPS) 95753.51
2023-10-14 05:16:23,601 - tune.py [line:103] - INFO: Epoch 00220 | Time(s) 0.0413 | Val Loss 1.2186 | Val Acc 0.5394 | ETputs(KTEPS) 96001.69
2023-10-14 05:16:24,328 - tune.py [line:103] - INFO: Epoch 00240 | Time(s) 0.0409 | Val Loss 1.2129 | Val Acc 0.5423 | ETputs(KTEPS) 97049.43
2023-10-14 05:16:25,017 - tune.py [line:103] - INFO: Epoch 00260 | Time(s) 0.0404 | Val Loss 1.2037 | Val Acc 0.5519 | ETputs(KTEPS) 98259.32
2023-10-14 05:16:25,713 - tune.py [line:103] - INFO: Epoch 00280 | Time(s) 0.0400 | Val Loss 1.2046 | Val Acc 0.5346 | ETputs(KTEPS) 99248.03
2023-10-14 05:16:26,439 - tune.py [line:103] - INFO: Epoch 00300 | Time(s) 0.0397 | Val Loss 1.2017 | Val Acc 0.5481 | ETputs(KTEPS) 99892.91
2023-10-14 05:16:27,216 - tune.py [line:103] - INFO: Epoch 00320 | Time(s) 0.0397 | Val Loss 1.1981 | Val Acc 0.5558 | ETputs(KTEPS) 100030.28
2023-10-14 05:16:28,037 - tune.py [line:103] - INFO: Epoch 00340 | Time(s) 0.0397 | Val Loss 1.1746 | Val Acc 0.5644 | ETputs(KTEPS) 99830.77
2023-10-14 05:16:28,853 - tune.py [line:103] - INFO: Epoch 00360 | Time(s) 0.0398 | Val Loss 1.1940 | Val Acc 0.5529 | ETputs(KTEPS) 99690.25
2023-10-14 05:16:29,676 - tune.py [line:103] - INFO: Epoch 00380 | Time(s) 0.0399 | Val Loss 1.2092 | Val Acc 0.5567 | ETputs(KTEPS) 99513.07
2023-10-14 05:16:30,488 - tune.py [line:103] - INFO: Epoch 00400 | Time(s) 0.0399 | Val Loss 1.1994 | Val Acc 0.5538 | ETputs(KTEPS) 99447.94
2023-10-14 05:16:31,318 - tune.py [line:103] - INFO: Epoch 00420 | Time(s) 0.0400 | Val Loss 1.1845 | Val Acc 0.5663 | ETputs(KTEPS) 99272.11
2023-10-14 05:16:32,106 - tune.py [line:103] - INFO: Epoch 00440 | Time(s) 0.0399 | Val Loss 1.1785 | Val Acc 0.5625 | ETputs(KTEPS) 99365.27
2023-10-14 05:16:32,916 - tune.py [line:103] - INFO: Epoch 00460 | Time(s) 0.0399 | Val Loss 1.1673 | Val Acc 0.5567 | ETputs(KTEPS) 99306.39
2023-10-14 05:16:33,748 - tune.py [line:103] - INFO: Epoch 00480 | Time(s) 0.0400 | Val Loss 1.1643 | Val Acc 0.5683 | ETputs(KTEPS) 99149.29
2023-10-14 05:16:34,590 - tune.py [line:103] - INFO: Epoch 00500 | Time(s) 0.0401 | Val Loss 1.1724 | Val Acc 0.5721 | ETputs(KTEPS) 98957.69
2023-10-14 05:16:35,417 - tune.py [line:103] - INFO: Epoch 00520 | Time(s) 0.0401 | Val Loss 1.1749 | Val Acc 0.5683 | ETputs(KTEPS) 98843.36
2023-10-14 05:16:36,233 - tune.py [line:103] - INFO: Epoch 00540 | Time(s) 0.0402 | Val Loss 1.1827 | Val Acc 0.5740 | ETputs(KTEPS) 98783.82
2023-10-14 05:16:37,052 - tune.py [line:103] - INFO: Epoch 00560 | Time(s) 0.0402 | Val Loss 1.1949 | Val Acc 0.5529 | ETputs(KTEPS) 98715.46
2023-10-14 05:16:37,855 - tune.py [line:103] - INFO: Epoch 00580 | Time(s) 0.0402 | Val Loss 1.1771 | Val Acc 0.5635 | ETputs(KTEPS) 98722.72
2023-10-14 05:16:38,646 - tune.py [line:103] - INFO: Epoch 00600 | Time(s) 0.0402 | Val Loss 1.1809 | Val Acc 0.5712 | ETputs(KTEPS) 98773.57
2023-10-14 05:16:39,443 - tune.py [line:103] - INFO: Epoch 00620 | Time(s) 0.0401 | Val Loss 1.1642 | Val Acc 0.5702 | ETputs(KTEPS) 98820.92
2023-10-14 05:16:40,285 - tune.py [line:103] - INFO: Epoch 00640 | Time(s) 0.0402 | Val Loss 1.1892 | Val Acc 0.5529 | ETputs(KTEPS) 98673.85
2023-10-14 05:16:41,110 - tune.py [line:103] - INFO: Epoch 00660 | Time(s) 0.0402 | Val Loss 1.1770 | Val Acc 0.5721 | ETputs(KTEPS) 98605.95
2023-10-14 05:16:41,932 - tune.py [line:103] - INFO: Epoch 00680 | Time(s) 0.0403 | Val Loss 1.1431 | Val Acc 0.5817 | ETputs(KTEPS) 98546.79
2023-10-14 05:16:42,738 - tune.py [line:103] - INFO: Epoch 00700 | Time(s) 0.0402 | Val Loss 1.1564 | Val Acc 0.5817 | ETputs(KTEPS) 98563.82
2023-10-14 05:16:43,523 - tune.py [line:103] - INFO: Epoch 00720 | Time(s) 0.0402 | Val Loss 1.1285 | Val Acc 0.5904 | ETputs(KTEPS) 98631.73
2023-10-14 05:16:44,346 - tune.py [line:103] - INFO: Epoch 00740 | Time(s) 0.0402 | Val Loss 1.1735 | Val Acc 0.5587 | ETputs(KTEPS) 98573.79
2023-10-14 05:16:45,202 - tune.py [line:103] - INFO: Epoch 00760 | Time(s) 0.0403 | Val Loss 1.1775 | Val Acc 0.5673 | ETputs(KTEPS) 98411.07
2023-10-14 05:16:46,001 - tune.py [line:103] - INFO: Epoch 00780 | Time(s) 0.0403 | Val Loss 1.1694 | Val Acc 0.5817 | ETputs(KTEPS) 98435.40
2023-10-14 05:16:46,812 - tune.py [line:103] - INFO: Epoch 00800 | Time(s) 0.0403 | Val Loss 1.1500 | Val Acc 0.5875 | ETputs(KTEPS) 98422.09
2023-10-14 05:16:47,653 - tune.py [line:103] - INFO: Epoch 00820 | Time(s) 0.0403 | Val Loss 1.1430 | Val Acc 0.5981 | ETputs(KTEPS) 98342.53
2023-10-14 05:16:48,461 - tune.py [line:103] - INFO: Epoch 00840 | Time(s) 0.0403 | Val Loss 1.1560 | Val Acc 0.5865 | ETputs(KTEPS) 98341.80
2023-10-14 05:16:49,250 - tune.py [line:103] - INFO: Epoch 00860 | Time(s) 0.0403 | Val Loss 1.1744 | Val Acc 0.5750 | ETputs(KTEPS) 98393.16
2023-10-14 05:16:50,065 - tune.py [line:103] - INFO: Epoch 00880 | Time(s) 0.0403 | Val Loss 1.1497 | Val Acc 0.5885 | ETputs(KTEPS) 98371.94
2023-10-14 05:16:50,866 - tune.py [line:103] - INFO: Epoch 00900 | Time(s) 0.0403 | Val Loss 1.1537 | Val Acc 0.5769 | ETputs(KTEPS) 98387.46
2023-10-14 05:16:51,672 - tune.py [line:103] - INFO: Epoch 00920 | Time(s) 0.0403 | Val Loss 1.1577 | Val Acc 0.5673 | ETputs(KTEPS) 98390.17
2023-10-14 05:16:52,475 - tune.py [line:103] - INFO: Epoch 00940 | Time(s) 0.0403 | Val Loss 1.1532 | Val Acc 0.5740 | ETputs(KTEPS) 98399.47
2023-10-14 05:16:53,270 - tune.py [line:103] - INFO: Epoch 00960 | Time(s) 0.0403 | Val Loss 1.1624 | Val Acc 0.5875 | ETputs(KTEPS) 98429.92
2023-10-14 05:16:54,077 - tune.py [line:103] - INFO: Epoch 00980 | Time(s) 0.0403 | Val Loss 1.1389 | Val Acc 0.5904 | ETputs(KTEPS) 98428.51
2023-10-14 05:16:54,876 - tune.py [line:103] - INFO: Epoch 01000 | Time(s) 0.0403 | Val Loss 1.1644 | Val Acc 0.5587 | ETputs(KTEPS) 98447.86
2023-10-14 05:16:55,683 - tune.py [line:103] - INFO: Epoch 01020 | Time(s) 0.0403 | Val Loss 1.1519 | Val Acc 0.5740 | ETputs(KTEPS) 98446.50
2023-10-14 05:16:56,527 - tune.py [line:103] - INFO: Epoch 01040 | Time(s) 0.0403 | Val Loss 1.1699 | Val Acc 0.5740 | ETputs(KTEPS) 98357.65
2023-10-14 05:16:57,357 - tune.py [line:103] - INFO: Epoch 01060 | Time(s) 0.0404 | Val Loss 1.1563 | Val Acc 0.5731 | ETputs(KTEPS) 98306.15
2023-10-14 05:16:58,177 - tune.py [line:103] - INFO: Epoch 01080 | Time(s) 0.0404 | Val Loss 1.1535 | Val Acc 0.5904 | ETputs(KTEPS) 98278.71
2023-10-14 05:16:59,007 - tune.py [line:103] - INFO: Epoch 01100 | Time(s) 0.0404 | Val Loss 1.1640 | Val Acc 0.5769 | ETputs(KTEPS) 98228.34
2023-10-14 05:16:59,438 - tune.py [line:117] - INFO: [FINAL MODEL] Val accuracy 60.77% \Val loss: 1.1
2023-10-14 05:16:59,450 - tune.py [line:119] - INFO: [FINAL MODEL] Test accuracy 59.17% \Test loss: 1.1
2023-10-14 05:16:59,450 - tune.py [line:144] - INFO: Acc on the first split (Validation Set): 0.6077
2023-10-14 05:16:59,451 - tune.py [line:145] - INFO: Acc on the first split (Test Set): 0.5917
