2023-10-14 04:38:14,017 - tune.py [line:203] - INFO: Namespace(seed=42, model='GPRGNNV2', gpu=1, dataset='geom-squirrel', logging=True, log_detail=True, log_detailedCh=False, id_log=1014014501, optuna_n_trials=202, n_epochs=2000, self_loop=False, udgraph=True, early_stop=True, patience=300, n_hidden=64, n_cv=1, start_cv=0, n_layers=8, lr1=0.03, lr2=0.04, wd1=1e-06, wd2=1e-06, dropout=0.3, dropout2=0.8, alpha=0.30000000000000004, es_ckpt='woselfloop-geom-squirrel_GPRGNNV2-geom-squirrel_trialNo89')
2023-10-14 04:38:16,430 - tune.py [line:128] - INFO: Split_seeds:[1824]
2023-10-14 04:38:16,430 - tune.py [line:129] - INFO: Model_seeds:[409]
2023-10-14 04:38:17,180 - tune.py [line:103] - INFO: Epoch 00020 | Time(s) 0.0361 | Val Loss 1.4569 | Val Acc 0.3587 | ETputs(KTEPS) 109803.60
2023-10-14 04:38:17,887 - tune.py [line:103] - INFO: Epoch 00040 | Time(s) 0.0355 | Val Loss 1.3990 | Val Acc 0.3923 | ETputs(KTEPS) 111758.48
2023-10-14 04:38:18,579 - tune.py [line:103] - INFO: Epoch 00060 | Time(s) 0.0350 | Val Loss 1.3823 | Val Acc 0.4192 | ETputs(KTEPS) 113297.38
2023-10-14 04:38:19,257 - tune.py [line:103] - INFO: Epoch 00080 | Time(s) 0.0346 | Val Loss 1.3653 | Val Acc 0.4452 | ETputs(KTEPS) 114652.53
2023-10-14 04:38:19,927 - tune.py [line:103] - INFO: Epoch 00100 | Time(s) 0.0343 | Val Loss 1.3736 | Val Acc 0.4635 | ETputs(KTEPS) 115570.09
2023-10-14 04:38:20,608 - tune.py [line:103] - INFO: Epoch 00120 | Time(s) 0.0342 | Val Loss 1.3684 | Val Acc 0.4779 | ETputs(KTEPS) 116093.25
2023-10-14 04:38:21,284 - tune.py [line:103] - INFO: Epoch 00140 | Time(s) 0.0341 | Val Loss 1.3627 | Val Acc 0.4885 | ETputs(KTEPS) 116463.51
2023-10-14 04:38:21,948 - tune.py [line:103] - INFO: Epoch 00160 | Time(s) 0.0340 | Val Loss 1.3785 | Val Acc 0.4885 | ETputs(KTEPS) 116822.88
2023-10-14 04:38:22,636 - tune.py [line:103] - INFO: Epoch 00180 | Time(s) 0.0340 | Val Loss 1.3731 | Val Acc 0.5010 | ETputs(KTEPS) 116790.77
2023-10-14 04:38:23,313 - tune.py [line:103] - INFO: Epoch 00200 | Time(s) 0.0340 | Val Loss 1.3811 | Val Acc 0.5000 | ETputs(KTEPS) 116842.42
2023-10-14 04:38:23,978 - tune.py [line:103] - INFO: Epoch 00220 | Time(s) 0.0339 | Val Loss 1.3669 | Val Acc 0.4990 | ETputs(KTEPS) 117065.78
2023-10-14 04:38:24,646 - tune.py [line:103] - INFO: Epoch 00240 | Time(s) 0.0338 | Val Loss 1.3744 | Val Acc 0.5125 | ETputs(KTEPS) 117238.86
2023-10-14 04:38:25,312 - tune.py [line:103] - INFO: Epoch 00260 | Time(s) 0.0338 | Val Loss 1.3758 | Val Acc 0.5058 | ETputs(KTEPS) 117397.54
2023-10-14 04:38:25,978 - tune.py [line:103] - INFO: Epoch 00280 | Time(s) 0.0337 | Val Loss 1.3665 | Val Acc 0.5154 | ETputs(KTEPS) 117545.64
2023-10-14 04:38:26,640 - tune.py [line:103] - INFO: Epoch 00300 | Time(s) 0.0337 | Val Loss 1.3657 | Val Acc 0.5279 | ETputs(KTEPS) 117700.38
2023-10-14 04:38:27,303 - tune.py [line:103] - INFO: Epoch 00320 | Time(s) 0.0337 | Val Loss 1.3589 | Val Acc 0.5183 | ETputs(KTEPS) 117856.52
2023-10-14 04:38:27,967 - tune.py [line:103] - INFO: Epoch 00340 | Time(s) 0.0336 | Val Loss 1.3635 | Val Acc 0.5221 | ETputs(KTEPS) 117961.42
2023-10-14 04:38:28,639 - tune.py [line:103] - INFO: Epoch 00360 | Time(s) 0.0336 | Val Loss 1.3803 | Val Acc 0.5192 | ETputs(KTEPS) 117985.94
2023-10-14 04:38:29,302 - tune.py [line:103] - INFO: Epoch 00380 | Time(s) 0.0336 | Val Loss 1.3732 | Val Acc 0.5231 | ETputs(KTEPS) 118080.79
2023-10-14 04:38:29,972 - tune.py [line:103] - INFO: Epoch 00400 | Time(s) 0.0336 | Val Loss 1.3594 | Val Acc 0.5279 | ETputs(KTEPS) 118135.78
2023-10-14 04:38:30,636 - tune.py [line:103] - INFO: Epoch 00420 | Time(s) 0.0336 | Val Loss 1.3496 | Val Acc 0.5346 | ETputs(KTEPS) 118196.54
2023-10-14 04:38:31,303 - tune.py [line:103] - INFO: Epoch 00440 | Time(s) 0.0335 | Val Loss 1.3703 | Val Acc 0.5356 | ETputs(KTEPS) 118261.20
2023-10-14 04:38:31,965 - tune.py [line:103] - INFO: Epoch 00460 | Time(s) 0.0335 | Val Loss 1.3698 | Val Acc 0.5192 | ETputs(KTEPS) 118335.54
2023-10-14 04:38:32,627 - tune.py [line:103] - INFO: Epoch 00480 | Time(s) 0.0335 | Val Loss 1.3746 | Val Acc 0.5308 | ETputs(KTEPS) 118398.36
2023-10-14 04:38:33,291 - tune.py [line:103] - INFO: Epoch 00500 | Time(s) 0.0335 | Val Loss 1.3478 | Val Acc 0.5346 | ETputs(KTEPS) 118445.32
2023-10-14 04:38:33,958 - tune.py [line:103] - INFO: Epoch 00520 | Time(s) 0.0335 | Val Loss 1.3639 | Val Acc 0.5375 | ETputs(KTEPS) 118496.65
2023-10-14 04:38:34,627 - tune.py [line:103] - INFO: Epoch 00540 | Time(s) 0.0335 | Val Loss 1.3570 | Val Acc 0.5365 | ETputs(KTEPS) 118504.27
2023-10-14 04:38:35,291 - tune.py [line:103] - INFO: Epoch 00560 | Time(s) 0.0335 | Val Loss 1.3513 | Val Acc 0.5385 | ETputs(KTEPS) 118537.37
2023-10-14 04:38:35,965 - tune.py [line:103] - INFO: Epoch 00580 | Time(s) 0.0335 | Val Loss 1.3607 | Val Acc 0.5308 | ETputs(KTEPS) 118511.33
2023-10-14 04:38:36,629 - tune.py [line:103] - INFO: Epoch 00600 | Time(s) 0.0335 | Val Loss 1.3474 | Val Acc 0.5385 | ETputs(KTEPS) 118548.55
2023-10-14 04:38:37,293 - tune.py [line:103] - INFO: Epoch 00620 | Time(s) 0.0335 | Val Loss 1.3620 | Val Acc 0.5404 | ETputs(KTEPS) 118582.36
2023-10-14 04:38:37,963 - tune.py [line:103] - INFO: Epoch 00640 | Time(s) 0.0334 | Val Loss 1.3166 | Val Acc 0.5481 | ETputs(KTEPS) 118602.18
2023-10-14 04:38:38,628 - tune.py [line:103] - INFO: Epoch 00660 | Time(s) 0.0334 | Val Loss 1.3310 | Val Acc 0.5442 | ETputs(KTEPS) 118624.17
2023-10-14 04:38:39,291 - tune.py [line:103] - INFO: Epoch 00680 | Time(s) 0.0334 | Val Loss 1.3378 | Val Acc 0.5510 | ETputs(KTEPS) 118658.08
2023-10-14 04:38:39,952 - tune.py [line:103] - INFO: Epoch 00700 | Time(s) 0.0334 | Val Loss 1.3201 | Val Acc 0.5500 | ETputs(KTEPS) 118694.72
2023-10-14 04:38:40,617 - tune.py [line:103] - INFO: Epoch 00720 | Time(s) 0.0334 | Val Loss 1.3436 | Val Acc 0.5385 | ETputs(KTEPS) 118717.17
2023-10-14 04:38:41,285 - tune.py [line:103] - INFO: Epoch 00740 | Time(s) 0.0334 | Val Loss 1.3479 | Val Acc 0.5337 | ETputs(KTEPS) 118717.70
2023-10-14 04:38:41,953 - tune.py [line:103] - INFO: Epoch 00760 | Time(s) 0.0334 | Val Loss 1.3811 | Val Acc 0.5375 | ETputs(KTEPS) 118724.37
2023-10-14 04:38:42,620 - tune.py [line:103] - INFO: Epoch 00780 | Time(s) 0.0334 | Val Loss 1.3311 | Val Acc 0.5481 | ETputs(KTEPS) 118729.37
2023-10-14 04:38:43,289 - tune.py [line:103] - INFO: Epoch 00800 | Time(s) 0.0334 | Val Loss 1.3351 | Val Acc 0.5510 | ETputs(KTEPS) 118728.10
2023-10-14 04:38:43,957 - tune.py [line:103] - INFO: Epoch 00820 | Time(s) 0.0334 | Val Loss 1.3575 | Val Acc 0.5519 | ETputs(KTEPS) 118743.45
2023-10-14 04:38:44,622 - tune.py [line:103] - INFO: Epoch 00840 | Time(s) 0.0334 | Val Loss 1.3502 | Val Acc 0.5423 | ETputs(KTEPS) 118758.06
2023-10-14 04:38:45,298 - tune.py [line:103] - INFO: Epoch 00860 | Time(s) 0.0334 | Val Loss 1.3437 | Val Acc 0.5490 | ETputs(KTEPS) 118732.70
2023-10-14 04:38:45,964 - tune.py [line:103] - INFO: Epoch 00880 | Time(s) 0.0334 | Val Loss 1.3529 | Val Acc 0.5471 | ETputs(KTEPS) 118743.93
2023-10-14 04:38:46,634 - tune.py [line:103] - INFO: Epoch 00900 | Time(s) 0.0334 | Val Loss 1.3513 | Val Acc 0.5538 | ETputs(KTEPS) 118741.13
2023-10-14 04:38:47,305 - tune.py [line:103] - INFO: Epoch 00920 | Time(s) 0.0334 | Val Loss 1.3437 | Val Acc 0.5471 | ETputs(KTEPS) 118738.66
2023-10-14 04:38:47,975 - tune.py [line:103] - INFO: Epoch 00940 | Time(s) 0.0334 | Val Loss 1.3204 | Val Acc 0.5490 | ETputs(KTEPS) 118734.37
2023-10-14 04:38:48,641 - tune.py [line:103] - INFO: Epoch 00960 | Time(s) 0.0334 | Val Loss 1.3333 | Val Acc 0.5567 | ETputs(KTEPS) 118743.56
2023-10-14 04:38:49,306 - tune.py [line:103] - INFO: Epoch 00980 | Time(s) 0.0334 | Val Loss 1.3292 | Val Acc 0.5587 | ETputs(KTEPS) 118757.31
2023-10-14 04:38:49,976 - tune.py [line:103] - INFO: Epoch 01000 | Time(s) 0.0334 | Val Loss 1.3223 | Val Acc 0.5625 | ETputs(KTEPS) 118761.19
2023-10-14 04:38:50,643 - tune.py [line:103] - INFO: Epoch 01020 | Time(s) 0.0334 | Val Loss 1.3477 | Val Acc 0.5481 | ETputs(KTEPS) 118767.64
2023-10-14 04:38:51,317 - tune.py [line:103] - INFO: Epoch 01040 | Time(s) 0.0334 | Val Loss 1.3510 | Val Acc 0.5558 | ETputs(KTEPS) 118750.32
2023-10-14 04:38:51,984 - tune.py [line:103] - INFO: Epoch 01060 | Time(s) 0.0334 | Val Loss 1.3478 | Val Acc 0.5548 | ETputs(KTEPS) 118754.07
2023-10-14 04:38:52,655 - tune.py [line:103] - INFO: Epoch 01080 | Time(s) 0.0334 | Val Loss 1.3625 | Val Acc 0.5538 | ETputs(KTEPS) 118746.36
2023-10-14 04:38:53,321 - tune.py [line:103] - INFO: Epoch 01100 | Time(s) 0.0334 | Val Loss 1.3273 | Val Acc 0.5606 | ETputs(KTEPS) 118754.81
2023-10-14 04:38:53,992 - tune.py [line:103] - INFO: Epoch 01120 | Time(s) 0.0334 | Val Loss 1.3486 | Val Acc 0.5577 | ETputs(KTEPS) 118753.29
2023-10-14 04:38:54,659 - tune.py [line:103] - INFO: Epoch 01140 | Time(s) 0.0334 | Val Loss 1.3067 | Val Acc 0.5635 | ETputs(KTEPS) 118757.79
2023-10-14 04:38:55,328 - tune.py [line:103] - INFO: Epoch 01160 | Time(s) 0.0334 | Val Loss 1.3353 | Val Acc 0.5519 | ETputs(KTEPS) 118757.84
2023-10-14 04:38:56,001 - tune.py [line:103] - INFO: Epoch 01180 | Time(s) 0.0334 | Val Loss 1.3583 | Val Acc 0.5596 | ETputs(KTEPS) 118744.75
2023-10-14 04:38:56,673 - tune.py [line:103] - INFO: Epoch 01200 | Time(s) 0.0334 | Val Loss 1.3525 | Val Acc 0.5606 | ETputs(KTEPS) 118735.87
2023-10-14 04:38:57,346 - tune.py [line:103] - INFO: Epoch 01220 | Time(s) 0.0334 | Val Loss 1.3326 | Val Acc 0.5635 | ETputs(KTEPS) 118728.37
2023-10-14 04:38:58,013 - tune.py [line:103] - INFO: Epoch 01240 | Time(s) 0.0334 | Val Loss 1.3283 | Val Acc 0.5673 | ETputs(KTEPS) 118731.56
2023-10-14 04:38:58,684 - tune.py [line:103] - INFO: Epoch 01260 | Time(s) 0.0334 | Val Loss 1.3020 | Val Acc 0.5808 | ETputs(KTEPS) 118730.80
2023-10-14 04:38:59,355 - tune.py [line:103] - INFO: Epoch 01280 | Time(s) 0.0334 | Val Loss 1.3107 | Val Acc 0.5654 | ETputs(KTEPS) 118730.88
2023-10-14 04:39:00,020 - tune.py [line:103] - INFO: Epoch 01300 | Time(s) 0.0334 | Val Loss 1.3318 | Val Acc 0.5635 | ETputs(KTEPS) 118739.37
2023-10-14 04:39:00,689 - tune.py [line:103] - INFO: Epoch 01320 | Time(s) 0.0334 | Val Loss 1.3249 | Val Acc 0.5712 | ETputs(KTEPS) 118738.32
2023-10-14 04:39:01,357 - tune.py [line:103] - INFO: Epoch 01340 | Time(s) 0.0334 | Val Loss 1.3234 | Val Acc 0.5712 | ETputs(KTEPS) 118742.31
2023-10-14 04:39:02,024 - tune.py [line:103] - INFO: Epoch 01360 | Time(s) 0.0334 | Val Loss 1.3274 | Val Acc 0.5683 | ETputs(KTEPS) 118744.68
2023-10-14 04:39:02,695 - tune.py [line:103] - INFO: Epoch 01380 | Time(s) 0.0334 | Val Loss 1.3338 | Val Acc 0.5635 | ETputs(KTEPS) 118738.62
2023-10-14 04:39:03,368 - tune.py [line:103] - INFO: Epoch 01400 | Time(s) 0.0334 | Val Loss 1.3582 | Val Acc 0.5529 | ETputs(KTEPS) 118729.46
2023-10-14 04:39:04,034 - tune.py [line:103] - INFO: Epoch 01420 | Time(s) 0.0334 | Val Loss 1.3577 | Val Acc 0.5635 | ETputs(KTEPS) 118735.44
2023-10-14 04:39:04,702 - tune.py [line:103] - INFO: Epoch 01440 | Time(s) 0.0334 | Val Loss 1.3535 | Val Acc 0.5538 | ETputs(KTEPS) 118737.30
2023-10-14 04:39:05,369 - tune.py [line:103] - INFO: Epoch 01460 | Time(s) 0.0334 | Val Loss 1.3095 | Val Acc 0.5644 | ETputs(KTEPS) 118741.48
2023-10-14 04:39:06,037 - tune.py [line:103] - INFO: Epoch 01480 | Time(s) 0.0334 | Val Loss 1.3169 | Val Acc 0.5615 | ETputs(KTEPS) 118745.36
2023-10-14 04:39:06,694 - tune.py [line:103] - INFO: Epoch 01500 | Time(s) 0.0334 | Val Loss 1.3175 | Val Acc 0.5587 | ETputs(KTEPS) 118771.95
2023-10-14 04:39:07,333 - tune.py [line:103] - INFO: Epoch 01520 | Time(s) 0.0334 | Val Loss 1.3351 | Val Acc 0.5577 | ETputs(KTEPS) 118841.96
2023-10-14 04:39:07,971 - tune.py [line:103] - INFO: Epoch 01540 | Time(s) 0.0334 | Val Loss 1.3295 | Val Acc 0.5635 | ETputs(KTEPS) 118910.19
2023-10-14 04:39:08,610 - tune.py [line:103] - INFO: Epoch 01560 | Time(s) 0.0333 | Val Loss 1.3300 | Val Acc 0.5567 | ETputs(KTEPS) 118976.44
2023-10-14 04:39:08,621 - tune.py [line:117] - INFO: [FINAL MODEL] Val accuracy 58.08% \Val loss: 1.3
2023-10-14 04:39:08,630 - tune.py [line:119] - INFO: [FINAL MODEL] Test accuracy 57.54% \Test loss: 1.4
2023-10-14 04:39:08,631 - tune.py [line:144] - INFO: Acc on the first split (Validation Set): 0.5808
2023-10-14 04:39:08,631 - tune.py [line:145] - INFO: Acc on the first split (Test Set): 0.5754
