2023-10-14 05:08:14,301 - tune.py [line:203] - INFO: Namespace(seed=42, model='GPRGNNV2', gpu=1, dataset='geom-squirrel', logging=True, log_detail=True, log_detailedCh=False, id_log=1014014501, optuna_n_trials=202, n_epochs=2000, self_loop=False, udgraph=True, early_stop=True, patience=300, n_hidden=64, n_cv=1, start_cv=0, n_layers=8, lr1=0.05, lr2=0.05, wd1=1e-05, wd2=1e-06, dropout=0.2, dropout2=0.9, alpha=0.4, es_ckpt='woselfloop-geom-squirrel_GPRGNNV2-geom-squirrel_trialNo175')
2023-10-14 05:08:16,916 - tune.py [line:128] - INFO: Split_seeds:[1824]
2023-10-14 05:08:16,916 - tune.py [line:129] - INFO: Model_seeds:[409]
2023-10-14 05:08:17,776 - tune.py [line:103] - INFO: Epoch 00020 | Time(s) 0.0417 | Val Loss 1.4496 | Val Acc 0.3798 | ETputs(KTEPS) 95188.45
2023-10-14 05:08:18,597 - tune.py [line:103] - INFO: Epoch 00040 | Time(s) 0.0410 | Val Loss 1.3509 | Val Acc 0.4183 | ETputs(KTEPS) 96739.16
2023-10-14 05:08:19,419 - tune.py [line:103] - INFO: Epoch 00060 | Time(s) 0.0409 | Val Loss 1.3359 | Val Acc 0.4404 | ETputs(KTEPS) 96910.88
2023-10-14 05:08:20,228 - tune.py [line:103] - INFO: Epoch 00080 | Time(s) 0.0407 | Val Loss 1.3039 | Val Acc 0.4654 | ETputs(KTEPS) 97373.72
2023-10-14 05:08:21,050 - tune.py [line:103] - INFO: Epoch 00100 | Time(s) 0.0408 | Val Loss 1.2938 | Val Acc 0.4721 | ETputs(KTEPS) 97298.64
2023-10-14 05:08:21,863 - tune.py [line:103] - INFO: Epoch 00120 | Time(s) 0.0407 | Val Loss 1.2734 | Val Acc 0.4837 | ETputs(KTEPS) 97398.92
2023-10-14 05:08:22,686 - tune.py [line:103] - INFO: Epoch 00140 | Time(s) 0.0407 | Val Loss 1.2684 | Val Acc 0.4760 | ETputs(KTEPS) 97431.18
2023-10-14 05:08:23,504 - tune.py [line:103] - INFO: Epoch 00160 | Time(s) 0.0407 | Val Loss 1.2624 | Val Acc 0.4865 | ETputs(KTEPS) 97459.38
2023-10-14 05:08:24,335 - tune.py [line:103] - INFO: Epoch 00180 | Time(s) 0.0408 | Val Loss 1.2327 | Val Acc 0.5125 | ETputs(KTEPS) 97344.53
2023-10-14 05:08:25,185 - tune.py [line:103] - INFO: Epoch 00200 | Time(s) 0.0409 | Val Loss 1.2335 | Val Acc 0.5154 | ETputs(KTEPS) 97073.72
2023-10-14 05:08:25,999 - tune.py [line:103] - INFO: Epoch 00220 | Time(s) 0.0408 | Val Loss 1.2123 | Val Acc 0.5221 | ETputs(KTEPS) 97120.51
2023-10-14 05:08:26,856 - tune.py [line:103] - INFO: Epoch 00240 | Time(s) 0.0410 | Val Loss 1.2201 | Val Acc 0.5154 | ETputs(KTEPS) 96744.85
2023-10-14 05:08:27,676 - tune.py [line:103] - INFO: Epoch 00260 | Time(s) 0.0410 | Val Loss 1.2550 | Val Acc 0.5048 | ETputs(KTEPS) 96768.01
2023-10-14 05:08:28,507 - tune.py [line:103] - INFO: Epoch 00280 | Time(s) 0.0410 | Val Loss 1.2095 | Val Acc 0.5375 | ETputs(KTEPS) 96694.36
2023-10-14 05:08:29,325 - tune.py [line:103] - INFO: Epoch 00300 | Time(s) 0.0410 | Val Loss 1.2178 | Val Acc 0.5308 | ETputs(KTEPS) 96735.18
2023-10-14 05:08:30,129 - tune.py [line:103] - INFO: Epoch 00320 | Time(s) 0.0410 | Val Loss 1.2020 | Val Acc 0.5269 | ETputs(KTEPS) 96873.75
2023-10-14 05:08:30,975 - tune.py [line:103] - INFO: Epoch 00340 | Time(s) 0.0410 | Val Loss 1.1871 | Val Acc 0.5538 | ETputs(KTEPS) 96721.23
2023-10-14 05:08:31,781 - tune.py [line:103] - INFO: Epoch 00360 | Time(s) 0.0410 | Val Loss 1.2014 | Val Acc 0.5471 | ETputs(KTEPS) 96812.70
2023-10-14 05:08:32,615 - tune.py [line:103] - INFO: Epoch 00380 | Time(s) 0.0410 | Val Loss 1.2100 | Val Acc 0.5404 | ETputs(KTEPS) 96758.86
2023-10-14 05:08:33,428 - tune.py [line:103] - INFO: Epoch 00400 | Time(s) 0.0410 | Val Loss 1.2118 | Val Acc 0.5442 | ETputs(KTEPS) 96826.21
2023-10-14 05:08:34,258 - tune.py [line:103] - INFO: Epoch 00420 | Time(s) 0.0410 | Val Loss 1.2025 | Val Acc 0.5346 | ETputs(KTEPS) 96770.34
2023-10-14 05:08:35,069 - tune.py [line:103] - INFO: Epoch 00440 | Time(s) 0.0410 | Val Loss 1.1869 | Val Acc 0.5423 | ETputs(KTEPS) 96819.43
2023-10-14 05:08:35,880 - tune.py [line:103] - INFO: Epoch 00460 | Time(s) 0.0410 | Val Loss 1.1724 | Val Acc 0.5452 | ETputs(KTEPS) 96865.26
2023-10-14 05:08:36,726 - tune.py [line:103] - INFO: Epoch 00480 | Time(s) 0.0410 | Val Loss 1.2235 | Val Acc 0.5356 | ETputs(KTEPS) 96735.58
2023-10-14 05:08:37,548 - tune.py [line:103] - INFO: Epoch 00500 | Time(s) 0.0410 | Val Loss 1.1869 | Val Acc 0.5577 | ETputs(KTEPS) 96732.07
2023-10-14 05:08:38,366 - tune.py [line:103] - INFO: Epoch 00520 | Time(s) 0.0410 | Val Loss 1.1957 | Val Acc 0.5558 | ETputs(KTEPS) 96741.48
2023-10-14 05:08:39,194 - tune.py [line:103] - INFO: Epoch 00540 | Time(s) 0.0410 | Val Loss 1.1866 | Val Acc 0.5577 | ETputs(KTEPS) 96737.10
2023-10-14 05:08:40,000 - tune.py [line:103] - INFO: Epoch 00560 | Time(s) 0.0410 | Val Loss 1.1644 | Val Acc 0.5548 | ETputs(KTEPS) 96797.90
2023-10-14 05:08:40,839 - tune.py [line:103] - INFO: Epoch 00580 | Time(s) 0.0410 | Val Loss 1.1590 | Val Acc 0.5654 | ETputs(KTEPS) 96718.86
2023-10-14 05:08:41,644 - tune.py [line:103] - INFO: Epoch 00600 | Time(s) 0.0410 | Val Loss 1.1845 | Val Acc 0.5596 | ETputs(KTEPS) 96783.87
2023-10-14 05:08:42,454 - tune.py [line:103] - INFO: Epoch 00620 | Time(s) 0.0410 | Val Loss 1.1688 | Val Acc 0.5683 | ETputs(KTEPS) 96822.99
2023-10-14 05:08:43,296 - tune.py [line:103] - INFO: Epoch 00640 | Time(s) 0.0410 | Val Loss 1.1841 | Val Acc 0.5635 | ETputs(KTEPS) 96740.35
2023-10-14 05:08:44,114 - tune.py [line:103] - INFO: Epoch 00660 | Time(s) 0.0410 | Val Loss 1.1648 | Val Acc 0.5750 | ETputs(KTEPS) 96751.74
2023-10-14 05:08:44,942 - tune.py [line:103] - INFO: Epoch 00680 | Time(s) 0.0410 | Val Loss 1.1793 | Val Acc 0.5577 | ETputs(KTEPS) 96735.85
2023-10-14 05:08:45,757 - tune.py [line:103] - INFO: Epoch 00700 | Time(s) 0.0410 | Val Loss 1.1509 | Val Acc 0.5606 | ETputs(KTEPS) 96755.42
2023-10-14 05:08:46,561 - tune.py [line:103] - INFO: Epoch 00720 | Time(s) 0.0410 | Val Loss 1.1561 | Val Acc 0.5654 | ETputs(KTEPS) 96806.74
2023-10-14 05:08:47,372 - tune.py [line:103] - INFO: Epoch 00740 | Time(s) 0.0410 | Val Loss 1.1634 | Val Acc 0.5596 | ETputs(KTEPS) 96838.24
2023-10-14 05:08:48,185 - tune.py [line:103] - INFO: Epoch 00760 | Time(s) 0.0410 | Val Loss 1.2078 | Val Acc 0.5625 | ETputs(KTEPS) 96856.53
2023-10-14 05:08:49,001 - tune.py [line:103] - INFO: Epoch 00780 | Time(s) 0.0410 | Val Loss 1.1742 | Val Acc 0.5615 | ETputs(KTEPS) 96867.80
2023-10-14 05:08:49,863 - tune.py [line:103] - INFO: Epoch 00800 | Time(s) 0.0410 | Val Loss 1.1460 | Val Acc 0.5635 | ETputs(KTEPS) 96745.27
2023-10-14 05:08:50,703 - tune.py [line:103] - INFO: Epoch 00820 | Time(s) 0.0410 | Val Loss 1.1693 | Val Acc 0.5625 | ETputs(KTEPS) 96689.98
2023-10-14 05:08:51,524 - tune.py [line:103] - INFO: Epoch 00840 | Time(s) 0.0410 | Val Loss 1.1706 | Val Acc 0.5673 | ETputs(KTEPS) 96689.34
2023-10-14 05:08:52,353 - tune.py [line:103] - INFO: Epoch 00860 | Time(s) 0.0410 | Val Loss 1.1524 | Val Acc 0.5846 | ETputs(KTEPS) 96678.96
2023-10-14 05:08:53,167 - tune.py [line:103] - INFO: Epoch 00880 | Time(s) 0.0410 | Val Loss 1.1479 | Val Acc 0.5808 | ETputs(KTEPS) 96703.62
2023-10-14 05:08:53,977 - tune.py [line:103] - INFO: Epoch 00900 | Time(s) 0.0410 | Val Loss 1.1438 | Val Acc 0.5798 | ETputs(KTEPS) 96732.59
2023-10-14 05:08:54,797 - tune.py [line:103] - INFO: Epoch 00920 | Time(s) 0.0410 | Val Loss 1.1941 | Val Acc 0.5510 | ETputs(KTEPS) 96733.52
2023-10-14 05:08:55,616 - tune.py [line:103] - INFO: Epoch 00940 | Time(s) 0.0410 | Val Loss 1.1348 | Val Acc 0.5817 | ETputs(KTEPS) 96738.11
2023-10-14 05:08:56,470 - tune.py [line:103] - INFO: Epoch 00960 | Time(s) 0.0410 | Val Loss 1.1604 | Val Acc 0.5760 | ETputs(KTEPS) 96658.05
2023-10-14 05:08:57,297 - tune.py [line:103] - INFO: Epoch 00980 | Time(s) 0.0410 | Val Loss 1.1707 | Val Acc 0.5788 | ETputs(KTEPS) 96643.98
2023-10-14 05:08:58,113 - tune.py [line:103] - INFO: Epoch 01000 | Time(s) 0.0410 | Val Loss 1.1499 | Val Acc 0.5760 | ETputs(KTEPS) 96661.25
2023-10-14 05:08:58,925 - tune.py [line:103] - INFO: Epoch 01020 | Time(s) 0.0410 | Val Loss 1.1397 | Val Acc 0.5760 | ETputs(KTEPS) 96682.84
2023-10-14 05:08:59,732 - tune.py [line:103] - INFO: Epoch 01040 | Time(s) 0.0410 | Val Loss 1.1702 | Val Acc 0.5625 | ETputs(KTEPS) 96714.41
2023-10-14 05:09:00,547 - tune.py [line:103] - INFO: Epoch 01060 | Time(s) 0.0410 | Val Loss 1.1336 | Val Acc 0.5740 | ETputs(KTEPS) 96729.11
2023-10-14 05:09:01,372 - tune.py [line:103] - INFO: Epoch 01080 | Time(s) 0.0410 | Val Loss 1.1434 | Val Acc 0.5856 | ETputs(KTEPS) 96718.42
2023-10-14 05:09:02,209 - tune.py [line:103] - INFO: Epoch 01100 | Time(s) 0.0410 | Val Loss 1.1496 | Val Acc 0.5625 | ETputs(KTEPS) 96684.26
2023-10-14 05:09:03,028 - tune.py [line:103] - INFO: Epoch 01120 | Time(s) 0.0410 | Val Loss 1.1557 | Val Acc 0.5587 | ETputs(KTEPS) 96689.87
2023-10-14 05:09:03,856 - tune.py [line:103] - INFO: Epoch 01140 | Time(s) 0.0410 | Val Loss 1.1464 | Val Acc 0.5865 | ETputs(KTEPS) 96675.75
2023-10-14 05:09:04,701 - tune.py [line:103] - INFO: Epoch 01160 | Time(s) 0.0411 | Val Loss 1.2155 | Val Acc 0.5462 | ETputs(KTEPS) 96627.89
2023-10-14 05:09:05,539 - tune.py [line:103] - INFO: Epoch 01180 | Time(s) 0.0411 | Val Loss 1.1451 | Val Acc 0.5913 | ETputs(KTEPS) 96599.38
2023-10-14 05:09:06,360 - tune.py [line:103] - INFO: Epoch 01200 | Time(s) 0.0411 | Val Loss 1.1434 | Val Acc 0.5865 | ETputs(KTEPS) 96602.59
2023-10-14 05:09:07,178 - tune.py [line:103] - INFO: Epoch 01220 | Time(s) 0.0411 | Val Loss 1.1636 | Val Acc 0.5856 | ETputs(KTEPS) 96610.49
2023-10-14 05:09:07,993 - tune.py [line:103] - INFO: Epoch 01240 | Time(s) 0.0411 | Val Loss 1.1431 | Val Acc 0.5827 | ETputs(KTEPS) 96623.40
2023-10-14 05:09:08,793 - tune.py [line:103] - INFO: Epoch 01260 | Time(s) 0.0410 | Val Loss 1.1417 | Val Acc 0.5933 | ETputs(KTEPS) 96673.23
2023-10-14 05:09:09,591 - tune.py [line:103] - INFO: Epoch 01280 | Time(s) 0.0410 | Val Loss 1.1583 | Val Acc 0.5808 | ETputs(KTEPS) 96716.03
2023-10-14 05:09:10,394 - tune.py [line:103] - INFO: Epoch 01300 | Time(s) 0.0410 | Val Loss 1.1124 | Val Acc 0.5846 | ETputs(KTEPS) 96747.19
2023-10-14 05:09:11,222 - tune.py [line:103] - INFO: Epoch 01320 | Time(s) 0.0410 | Val Loss 1.1513 | Val Acc 0.5865 | ETputs(KTEPS) 96734.41
2023-10-14 05:09:12,033 - tune.py [line:103] - INFO: Epoch 01340 | Time(s) 0.0410 | Val Loss 1.1458 | Val Acc 0.5731 | ETputs(KTEPS) 96752.02
2023-10-14 05:09:12,849 - tune.py [line:103] - INFO: Epoch 01360 | Time(s) 0.0410 | Val Loss 1.1356 | Val Acc 0.5827 | ETputs(KTEPS) 96760.75
2023-10-14 05:09:13,690 - tune.py [line:103] - INFO: Epoch 01380 | Time(s) 0.0410 | Val Loss 1.1655 | Val Acc 0.5673 | ETputs(KTEPS) 96726.21
2023-10-14 05:09:14,505 - tune.py [line:103] - INFO: Epoch 01400 | Time(s) 0.0410 | Val Loss 1.1440 | Val Acc 0.5808 | ETputs(KTEPS) 96736.21
2023-10-14 05:09:15,335 - tune.py [line:103] - INFO: Epoch 01420 | Time(s) 0.0410 | Val Loss 1.1770 | Val Acc 0.5673 | ETputs(KTEPS) 96720.94
2023-10-14 05:09:16,153 - tune.py [line:103] - INFO: Epoch 01440 | Time(s) 0.0410 | Val Loss 1.1749 | Val Acc 0.5577 | ETputs(KTEPS) 96725.05
2023-10-14 05:09:16,997 - tune.py [line:103] - INFO: Epoch 01460 | Time(s) 0.0410 | Val Loss 1.1406 | Val Acc 0.5788 | ETputs(KTEPS) 96687.62
2023-10-14 05:09:17,826 - tune.py [line:103] - INFO: Epoch 01480 | Time(s) 0.0410 | Val Loss 1.1334 | Val Acc 0.5913 | ETputs(KTEPS) 96675.24
2023-10-14 05:09:18,647 - tune.py [line:103] - INFO: Epoch 01500 | Time(s) 0.0410 | Val Loss 1.1532 | Val Acc 0.5856 | ETputs(KTEPS) 96676.45
2023-10-14 05:09:19,477 - tune.py [line:103] - INFO: Epoch 01520 | Time(s) 0.0410 | Val Loss 1.1446 | Val Acc 0.5856 | ETputs(KTEPS) 96662.32
2023-10-14 05:09:20,289 - tune.py [line:103] - INFO: Epoch 01540 | Time(s) 0.0410 | Val Loss 1.1377 | Val Acc 0.5904 | ETputs(KTEPS) 96676.37
2023-10-14 05:09:21,047 - tune.py [line:117] - INFO: [FINAL MODEL] Val accuracy 60.00% \Val loss: 1.1
2023-10-14 05:09:21,058 - tune.py [line:119] - INFO: [FINAL MODEL] Test accuracy 57.06% \Test loss: 1.2
2023-10-14 05:09:21,059 - tune.py [line:144] - INFO: Acc on the first split (Validation Set): 0.6000
2023-10-14 05:09:21,059 - tune.py [line:145] - INFO: Acc on the first split (Test Set): 0.5706
