2023-10-14 04:09:03,187 - tune.py [line:203] - INFO: Namespace(seed=42, model='GPRGNNV2', gpu=1, dataset='geom-squirrel', logging=True, log_detail=True, log_detailedCh=False, id_log=1014014501, optuna_n_trials=202, n_epochs=2000, self_loop=False, udgraph=True, early_stop=True, patience=300, n_hidden=64, n_cv=1, start_cv=0, n_layers=16, lr1=0.03, lr2=0.02, wd1=1e-08, wd2=1e-08, dropout=0.5, dropout2=0.6, alpha=0.6, es_ckpt='woselfloop-geom-squirrel_GPRGNNV2-geom-squirrel_trialNo45')
2023-10-14 04:09:05,660 - tune.py [line:128] - INFO: Split_seeds:[1824]
2023-10-14 04:09:05,661 - tune.py [line:129] - INFO: Model_seeds:[409]
2023-10-14 04:09:06,918 - tune.py [line:103] - INFO: Epoch 00020 | Time(s) 0.0615 | Val Loss 1.4652 | Val Acc 0.3606 | ETputs(KTEPS) 64492.40
2023-10-14 04:09:08,137 - tune.py [line:103] - INFO: Epoch 00040 | Time(s) 0.0612 | Val Loss 1.4534 | Val Acc 0.3692 | ETputs(KTEPS) 64822.90
2023-10-14 04:09:09,457 - tune.py [line:103] - INFO: Epoch 00060 | Time(s) 0.0625 | Val Loss 1.4291 | Val Acc 0.3808 | ETputs(KTEPS) 63499.62
2023-10-14 04:09:10,689 - tune.py [line:103] - INFO: Epoch 00080 | Time(s) 0.0620 | Val Loss 1.3903 | Val Acc 0.4154 | ETputs(KTEPS) 63946.47
2023-10-14 04:09:11,870 - tune.py [line:103] - INFO: Epoch 00100 | Time(s) 0.0614 | Val Loss 1.3764 | Val Acc 0.4250 | ETputs(KTEPS) 64645.74
2023-10-14 04:09:13,048 - tune.py [line:103] - INFO: Epoch 00120 | Time(s) 0.0609 | Val Loss 1.3631 | Val Acc 0.4413 | ETputs(KTEPS) 65144.36
2023-10-14 04:09:14,223 - tune.py [line:103] - INFO: Epoch 00140 | Time(s) 0.0605 | Val Loss 1.3535 | Val Acc 0.4490 | ETputs(KTEPS) 65517.41
2023-10-14 04:09:15,407 - tune.py [line:103] - INFO: Epoch 00160 | Time(s) 0.0603 | Val Loss 1.3422 | Val Acc 0.4663 | ETputs(KTEPS) 65745.77
2023-10-14 04:09:16,577 - tune.py [line:103] - INFO: Epoch 00180 | Time(s) 0.0601 | Val Loss 1.3378 | Val Acc 0.4644 | ETputs(KTEPS) 65971.94
2023-10-14 04:09:17,764 - tune.py [line:103] - INFO: Epoch 00200 | Time(s) 0.0601 | Val Loss 1.3401 | Val Acc 0.4712 | ETputs(KTEPS) 66056.08
2023-10-14 04:09:18,944 - tune.py [line:103] - INFO: Epoch 00220 | Time(s) 0.0599 | Val Loss 1.3284 | Val Acc 0.4942 | ETputs(KTEPS) 66203.64
2023-10-14 04:09:20,121 - tune.py [line:103] - INFO: Epoch 00240 | Time(s) 0.0598 | Val Loss 1.3399 | Val Acc 0.5019 | ETputs(KTEPS) 66325.58
2023-10-14 04:09:21,295 - tune.py [line:103] - INFO: Epoch 00260 | Time(s) 0.0597 | Val Loss 1.3292 | Val Acc 0.4894 | ETputs(KTEPS) 66434.22
2023-10-14 04:09:22,472 - tune.py [line:103] - INFO: Epoch 00280 | Time(s) 0.0596 | Val Loss 1.3213 | Val Acc 0.4990 | ETputs(KTEPS) 66522.88
2023-10-14 04:09:23,658 - tune.py [line:103] - INFO: Epoch 00300 | Time(s) 0.0596 | Val Loss 1.3211 | Val Acc 0.5000 | ETputs(KTEPS) 66564.92
2023-10-14 04:09:24,845 - tune.py [line:103] - INFO: Epoch 00320 | Time(s) 0.0596 | Val Loss 1.3075 | Val Acc 0.5029 | ETputs(KTEPS) 66588.06
2023-10-14 04:09:26,025 - tune.py [line:103] - INFO: Epoch 00340 | Time(s) 0.0595 | Val Loss 1.3006 | Val Acc 0.5154 | ETputs(KTEPS) 66650.30
2023-10-14 04:09:27,210 - tune.py [line:103] - INFO: Epoch 00360 | Time(s) 0.0595 | Val Loss 1.3161 | Val Acc 0.5096 | ETputs(KTEPS) 66671.01
2023-10-14 04:09:28,393 - tune.py [line:103] - INFO: Epoch 00380 | Time(s) 0.0595 | Val Loss 1.3021 | Val Acc 0.5260 | ETputs(KTEPS) 66714.04
2023-10-14 04:09:29,569 - tune.py [line:103] - INFO: Epoch 00400 | Time(s) 0.0594 | Val Loss 1.3016 | Val Acc 0.5192 | ETputs(KTEPS) 66756.41
2023-10-14 04:09:30,751 - tune.py [line:103] - INFO: Epoch 00420 | Time(s) 0.0594 | Val Loss 1.2959 | Val Acc 0.5221 | ETputs(KTEPS) 66779.30
2023-10-14 04:09:31,933 - tune.py [line:103] - INFO: Epoch 00440 | Time(s) 0.0594 | Val Loss 1.3134 | Val Acc 0.5308 | ETputs(KTEPS) 66797.62
2023-10-14 04:09:33,117 - tune.py [line:103] - INFO: Epoch 00460 | Time(s) 0.0594 | Val Loss 1.3033 | Val Acc 0.5337 | ETputs(KTEPS) 66811.76
2023-10-14 04:09:34,307 - tune.py [line:103] - INFO: Epoch 00480 | Time(s) 0.0594 | Val Loss 1.3063 | Val Acc 0.5317 | ETputs(KTEPS) 66813.23
2023-10-14 04:09:35,493 - tune.py [line:103] - INFO: Epoch 00500 | Time(s) 0.0594 | Val Loss 1.3222 | Val Acc 0.5298 | ETputs(KTEPS) 66825.38
2023-10-14 04:09:36,670 - tune.py [line:103] - INFO: Epoch 00520 | Time(s) 0.0593 | Val Loss 1.3107 | Val Acc 0.5346 | ETputs(KTEPS) 66848.33
2023-10-14 04:09:37,851 - tune.py [line:103] - INFO: Epoch 00540 | Time(s) 0.0593 | Val Loss 1.2961 | Val Acc 0.5298 | ETputs(KTEPS) 66862.55
2023-10-14 04:09:39,035 - tune.py [line:103] - INFO: Epoch 00560 | Time(s) 0.0593 | Val Loss 1.3136 | Val Acc 0.5250 | ETputs(KTEPS) 66868.58
2023-10-14 04:09:40,224 - tune.py [line:103] - INFO: Epoch 00580 | Time(s) 0.0593 | Val Loss 1.2827 | Val Acc 0.5356 | ETputs(KTEPS) 66865.02
2023-10-14 04:09:41,410 - tune.py [line:103] - INFO: Epoch 00600 | Time(s) 0.0593 | Val Loss 1.3147 | Val Acc 0.5365 | ETputs(KTEPS) 66870.20
2023-10-14 04:09:42,591 - tune.py [line:103] - INFO: Epoch 00620 | Time(s) 0.0593 | Val Loss 1.3005 | Val Acc 0.5404 | ETputs(KTEPS) 66880.91
2023-10-14 04:09:43,775 - tune.py [line:103] - INFO: Epoch 00640 | Time(s) 0.0593 | Val Loss 1.3047 | Val Acc 0.5385 | ETputs(KTEPS) 66885.55
2023-10-14 04:09:44,957 - tune.py [line:103] - INFO: Epoch 00660 | Time(s) 0.0593 | Val Loss 1.2949 | Val Acc 0.5404 | ETputs(KTEPS) 66896.42
2023-10-14 04:09:46,144 - tune.py [line:103] - INFO: Epoch 00680 | Time(s) 0.0593 | Val Loss 1.2979 | Val Acc 0.5404 | ETputs(KTEPS) 66895.75
2023-10-14 04:09:47,334 - tune.py [line:103] - INFO: Epoch 00700 | Time(s) 0.0593 | Val Loss 1.2866 | Val Acc 0.5462 | ETputs(KTEPS) 66891.23
2023-10-14 04:09:48,514 - tune.py [line:103] - INFO: Epoch 00720 | Time(s) 0.0593 | Val Loss 1.3016 | Val Acc 0.5327 | ETputs(KTEPS) 66901.75
2023-10-14 04:09:49,703 - tune.py [line:103] - INFO: Epoch 00740 | Time(s) 0.0593 | Val Loss 1.2904 | Val Acc 0.5375 | ETputs(KTEPS) 66900.81
2023-10-14 04:09:50,882 - tune.py [line:103] - INFO: Epoch 00760 | Time(s) 0.0593 | Val Loss 1.3052 | Val Acc 0.5375 | ETputs(KTEPS) 66911.40
2023-10-14 04:09:52,069 - tune.py [line:103] - INFO: Epoch 00780 | Time(s) 0.0593 | Val Loss 1.2946 | Val Acc 0.5462 | ETputs(KTEPS) 66910.93
2023-10-14 04:09:53,257 - tune.py [line:103] - INFO: Epoch 00800 | Time(s) 0.0593 | Val Loss 1.2939 | Val Acc 0.5481 | ETputs(KTEPS) 66908.11
2023-10-14 04:09:54,440 - tune.py [line:103] - INFO: Epoch 00820 | Time(s) 0.0593 | Val Loss 1.2973 | Val Acc 0.5317 | ETputs(KTEPS) 66913.13
2023-10-14 04:09:55,623 - tune.py [line:103] - INFO: Epoch 00840 | Time(s) 0.0593 | Val Loss 1.2973 | Val Acc 0.5385 | ETputs(KTEPS) 66917.59
2023-10-14 04:09:56,801 - tune.py [line:103] - INFO: Epoch 00860 | Time(s) 0.0593 | Val Loss 1.3016 | Val Acc 0.5385 | ETputs(KTEPS) 66928.01
2023-10-14 04:09:57,987 - tune.py [line:103] - INFO: Epoch 00880 | Time(s) 0.0593 | Val Loss 1.2991 | Val Acc 0.5500 | ETputs(KTEPS) 66928.84
2023-10-14 04:09:59,169 - tune.py [line:103] - INFO: Epoch 00900 | Time(s) 0.0593 | Val Loss 1.2932 | Val Acc 0.5471 | ETputs(KTEPS) 66937.71
2023-10-14 04:10:00,353 - tune.py [line:103] - INFO: Epoch 00920 | Time(s) 0.0593 | Val Loss 1.2988 | Val Acc 0.5471 | ETputs(KTEPS) 66939.97
2023-10-14 04:10:01,539 - tune.py [line:103] - INFO: Epoch 00940 | Time(s) 0.0593 | Val Loss 1.2854 | Val Acc 0.5471 | ETputs(KTEPS) 66940.23
2023-10-14 04:10:02,721 - tune.py [line:103] - INFO: Epoch 00960 | Time(s) 0.0593 | Val Loss 1.2817 | Val Acc 0.5558 | ETputs(KTEPS) 66944.68
2023-10-14 04:10:03,898 - tune.py [line:103] - INFO: Epoch 00980 | Time(s) 0.0593 | Val Loss 1.2944 | Val Acc 0.5500 | ETputs(KTEPS) 66953.85
2023-10-14 04:10:05,083 - tune.py [line:103] - INFO: Epoch 01000 | Time(s) 0.0592 | Val Loss 1.2970 | Val Acc 0.5442 | ETputs(KTEPS) 66954.68
2023-10-14 04:10:06,269 - tune.py [line:103] - INFO: Epoch 01020 | Time(s) 0.0593 | Val Loss 1.2758 | Val Acc 0.5413 | ETputs(KTEPS) 66954.10
2023-10-14 04:10:07,451 - tune.py [line:103] - INFO: Epoch 01040 | Time(s) 0.0592 | Val Loss 1.2989 | Val Acc 0.5490 | ETputs(KTEPS) 66958.00
2023-10-14 04:10:08,636 - tune.py [line:103] - INFO: Epoch 01060 | Time(s) 0.0592 | Val Loss 1.2712 | Val Acc 0.5596 | ETputs(KTEPS) 66959.30
2023-10-14 04:10:09,822 - tune.py [line:103] - INFO: Epoch 01080 | Time(s) 0.0592 | Val Loss 1.2968 | Val Acc 0.5538 | ETputs(KTEPS) 66960.63
2023-10-14 04:10:11,008 - tune.py [line:103] - INFO: Epoch 01100 | Time(s) 0.0592 | Val Loss 1.2954 | Val Acc 0.5577 | ETputs(KTEPS) 66962.42
2023-10-14 04:10:12,222 - tune.py [line:103] - INFO: Epoch 01120 | Time(s) 0.0593 | Val Loss 1.3019 | Val Acc 0.5500 | ETputs(KTEPS) 66933.58
2023-10-14 04:10:13,416 - tune.py [line:103] - INFO: Epoch 01140 | Time(s) 0.0593 | Val Loss 1.2984 | Val Acc 0.5558 | ETputs(KTEPS) 66925.32
2023-10-14 04:10:14,598 - tune.py [line:103] - INFO: Epoch 01160 | Time(s) 0.0593 | Val Loss 1.2795 | Val Acc 0.5558 | ETputs(KTEPS) 66929.56
2023-10-14 04:10:15,784 - tune.py [line:103] - INFO: Epoch 01180 | Time(s) 0.0593 | Val Loss 1.3029 | Val Acc 0.5596 | ETputs(KTEPS) 66934.13
2023-10-14 04:10:16,968 - tune.py [line:103] - INFO: Epoch 01200 | Time(s) 0.0593 | Val Loss 1.3019 | Val Acc 0.5615 | ETputs(KTEPS) 66937.46
2023-10-14 04:10:18,149 - tune.py [line:103] - INFO: Epoch 01220 | Time(s) 0.0593 | Val Loss 1.3013 | Val Acc 0.5567 | ETputs(KTEPS) 66942.03
2023-10-14 04:10:19,345 - tune.py [line:103] - INFO: Epoch 01240 | Time(s) 0.0593 | Val Loss 1.2933 | Val Acc 0.5654 | ETputs(KTEPS) 66934.36
2023-10-14 04:10:20,572 - tune.py [line:103] - INFO: Epoch 01260 | Time(s) 0.0593 | Val Loss 1.2970 | Val Acc 0.5663 | ETputs(KTEPS) 66897.80
2023-10-14 04:10:21,819 - tune.py [line:103] - INFO: Epoch 01280 | Time(s) 0.0593 | Val Loss 1.3004 | Val Acc 0.5606 | ETputs(KTEPS) 66844.77
2023-10-14 04:10:23,001 - tune.py [line:103] - INFO: Epoch 01300 | Time(s) 0.0593 | Val Loss 1.2956 | Val Acc 0.5721 | ETputs(KTEPS) 66849.68
2023-10-14 04:10:24,215 - tune.py [line:103] - INFO: Epoch 01320 | Time(s) 0.0594 | Val Loss 1.3060 | Val Acc 0.5558 | ETputs(KTEPS) 66828.95
2023-10-14 04:10:25,415 - tune.py [line:103] - INFO: Epoch 01340 | Time(s) 0.0594 | Val Loss 1.3141 | Val Acc 0.5606 | ETputs(KTEPS) 66818.94
2023-10-14 04:10:26,625 - tune.py [line:103] - INFO: Epoch 01360 | Time(s) 0.0594 | Val Loss 1.2792 | Val Acc 0.5692 | ETputs(KTEPS) 66800.43
2023-10-14 04:10:27,825 - tune.py [line:103] - INFO: Epoch 01380 | Time(s) 0.0594 | Val Loss 1.2768 | Val Acc 0.5644 | ETputs(KTEPS) 66790.84
2023-10-14 04:10:29,084 - tune.py [line:103] - INFO: Epoch 01400 | Time(s) 0.0594 | Val Loss 1.2730 | Val Acc 0.5683 | ETputs(KTEPS) 66734.53
2023-10-14 04:10:30,282 - tune.py [line:103] - INFO: Epoch 01420 | Time(s) 0.0595 | Val Loss 1.3034 | Val Acc 0.5577 | ETputs(KTEPS) 66728.07
2023-10-14 04:10:31,469 - tune.py [line:103] - INFO: Epoch 01440 | Time(s) 0.0594 | Val Loss 1.2806 | Val Acc 0.5683 | ETputs(KTEPS) 66729.60
2023-10-14 04:10:32,661 - tune.py [line:103] - INFO: Epoch 01460 | Time(s) 0.0595 | Val Loss 1.2908 | Val Acc 0.5683 | ETputs(KTEPS) 66728.41
2023-10-14 04:10:33,855 - tune.py [line:103] - INFO: Epoch 01480 | Time(s) 0.0595 | Val Loss 1.2896 | Val Acc 0.5663 | ETputs(KTEPS) 66724.67
2023-10-14 04:10:35,038 - tune.py [line:103] - INFO: Epoch 01500 | Time(s) 0.0594 | Val Loss 1.2849 | Val Acc 0.5673 | ETputs(KTEPS) 66729.77
2023-10-14 04:10:36,220 - tune.py [line:103] - INFO: Epoch 01520 | Time(s) 0.0594 | Val Loss 1.2794 | Val Acc 0.5721 | ETputs(KTEPS) 66735.17
2023-10-14 04:10:37,401 - tune.py [line:103] - INFO: Epoch 01540 | Time(s) 0.0594 | Val Loss 1.2853 | Val Acc 0.5692 | ETputs(KTEPS) 66741.81
2023-10-14 04:10:38,587 - tune.py [line:103] - INFO: Epoch 01560 | Time(s) 0.0594 | Val Loss 1.3137 | Val Acc 0.5654 | ETputs(KTEPS) 66743.69
2023-10-14 04:10:39,880 - tune.py [line:103] - INFO: Epoch 01580 | Time(s) 0.0595 | Val Loss 1.2893 | Val Acc 0.5750 | ETputs(KTEPS) 66673.99
2023-10-14 04:10:41,082 - tune.py [line:103] - INFO: Epoch 01600 | Time(s) 0.0595 | Val Loss 1.2869 | Val Acc 0.5769 | ETputs(KTEPS) 66667.14
2023-10-14 04:10:42,285 - tune.py [line:103] - INFO: Epoch 01620 | Time(s) 0.0595 | Val Loss 1.2761 | Val Acc 0.5692 | ETputs(KTEPS) 66658.69
2023-10-14 04:10:43,481 - tune.py [line:103] - INFO: Epoch 01640 | Time(s) 0.0595 | Val Loss 1.2856 | Val Acc 0.5712 | ETputs(KTEPS) 66655.25
2023-10-14 04:10:44,694 - tune.py [line:103] - INFO: Epoch 01660 | Time(s) 0.0595 | Val Loss 1.2759 | Val Acc 0.5740 | ETputs(KTEPS) 66640.28
2023-10-14 04:10:45,938 - tune.py [line:103] - INFO: Epoch 01680 | Time(s) 0.0596 | Val Loss 1.2940 | Val Acc 0.5712 | ETputs(KTEPS) 66605.20
2023-10-14 04:10:47,145 - tune.py [line:103] - INFO: Epoch 01700 | Time(s) 0.0596 | Val Loss 1.2844 | Val Acc 0.5663 | ETputs(KTEPS) 66595.40
2023-10-14 04:10:48,344 - tune.py [line:103] - INFO: Epoch 01720 | Time(s) 0.0596 | Val Loss 1.2762 | Val Acc 0.5740 | ETputs(KTEPS) 66590.83
2023-10-14 04:10:49,542 - tune.py [line:103] - INFO: Epoch 01740 | Time(s) 0.0596 | Val Loss 1.2717 | Val Acc 0.5779 | ETputs(KTEPS) 66587.00
2023-10-14 04:10:50,738 - tune.py [line:103] - INFO: Epoch 01760 | Time(s) 0.0596 | Val Loss 1.2832 | Val Acc 0.5673 | ETputs(KTEPS) 66584.30
2023-10-14 04:10:51,952 - tune.py [line:103] - INFO: Epoch 01780 | Time(s) 0.0596 | Val Loss 1.2707 | Val Acc 0.5779 | ETputs(KTEPS) 66571.23
2023-10-14 04:10:53,172 - tune.py [line:103] - INFO: Epoch 01800 | Time(s) 0.0596 | Val Loss 1.2803 | Val Acc 0.5683 | ETputs(KTEPS) 66555.24
2023-10-14 04:10:54,367 - tune.py [line:103] - INFO: Epoch 01820 | Time(s) 0.0596 | Val Loss 1.2840 | Val Acc 0.5644 | ETputs(KTEPS) 66554.36
2023-10-14 04:10:55,561 - tune.py [line:103] - INFO: Epoch 01840 | Time(s) 0.0596 | Val Loss 1.2828 | Val Acc 0.5721 | ETputs(KTEPS) 66553.14
2023-10-14 04:10:56,773 - tune.py [line:103] - INFO: Epoch 01860 | Time(s) 0.0596 | Val Loss 1.2857 | Val Acc 0.5673 | ETputs(KTEPS) 66542.02
2023-10-14 04:10:58,036 - tune.py [line:103] - INFO: Epoch 01880 | Time(s) 0.0597 | Val Loss 1.2934 | Val Acc 0.5750 | ETputs(KTEPS) 66500.76
2023-10-14 04:10:59,312 - tune.py [line:103] - INFO: Epoch 01900 | Time(s) 0.0597 | Val Loss 1.2675 | Val Acc 0.5846 | ETputs(KTEPS) 66452.93
2023-10-14 04:11:00,489 - tune.py [line:103] - INFO: Epoch 01920 | Time(s) 0.0597 | Val Loss 1.3050 | Val Acc 0.5740 | ETputs(KTEPS) 66463.00
2023-10-14 04:11:01,665 - tune.py [line:103] - INFO: Epoch 01940 | Time(s) 0.0597 | Val Loss 1.3149 | Val Acc 0.5606 | ETputs(KTEPS) 66473.65
2023-10-14 04:11:02,842 - tune.py [line:103] - INFO: Epoch 01960 | Time(s) 0.0597 | Val Loss 1.2979 | Val Acc 0.5740 | ETputs(KTEPS) 66483.70
2023-10-14 04:11:04,019 - tune.py [line:103] - INFO: Epoch 01980 | Time(s) 0.0597 | Val Loss 1.2940 | Val Acc 0.5712 | ETputs(KTEPS) 66493.18
2023-10-14 04:11:05,204 - tune.py [line:103] - INFO: Epoch 02000 | Time(s) 0.0597 | Val Loss 1.3116 | Val Acc 0.5558 | ETputs(KTEPS) 66497.86
2023-10-14 04:11:05,224 - tune.py [line:117] - INFO: [FINAL MODEL] Val accuracy 58.75% \Val loss: 1.3
2023-10-14 04:11:05,242 - tune.py [line:119] - INFO: [FINAL MODEL] Test accuracy 58.69% \Test loss: 1.3
2023-10-14 04:11:05,242 - tune.py [line:144] - INFO: Acc on the first split (Validation Set): 0.5875
2023-10-14 04:11:05,242 - tune.py [line:145] - INFO: Acc on the first split (Test Set): 0.5869
