2023-10-14 04:19:33,877 - tune.py [line:203] - INFO: Namespace(seed=42, model='GPRGNNV2', gpu=1, dataset='geom-squirrel', logging=True, log_detail=True, log_detailedCh=False, id_log=1014014501, optuna_n_trials=202, n_epochs=2000, self_loop=False, udgraph=True, early_stop=True, patience=300, n_hidden=64, n_cv=1, start_cv=0, n_layers=16, lr1=0.02, lr2=0.05, wd1=1e-07, wd2=1e-08, dropout=0.4, dropout2=0.4, alpha=0.4, es_ckpt='woselfloop-geom-squirrel_GPRGNNV2-geom-squirrel_trialNo58')
2023-10-14 04:19:36,290 - tune.py [line:128] - INFO: Split_seeds:[1824]
2023-10-14 04:19:36,290 - tune.py [line:129] - INFO: Model_seeds:[409]
2023-10-14 04:19:37,504 - tune.py [line:103] - INFO: Epoch 00020 | Time(s) 0.0596 | Val Loss 1.4714 | Val Acc 0.3587 | ETputs(KTEPS) 66511.10
2023-10-14 04:19:38,683 - tune.py [line:103] - INFO: Epoch 00040 | Time(s) 0.0592 | Val Loss 1.5605 | Val Acc 0.3692 | ETputs(KTEPS) 66969.32
2023-10-14 04:19:39,871 - tune.py [line:103] - INFO: Epoch 00060 | Time(s) 0.0591 | Val Loss 1.6264 | Val Acc 0.4019 | ETputs(KTEPS) 67139.82
2023-10-14 04:19:41,063 - tune.py [line:103] - INFO: Epoch 00080 | Time(s) 0.0590 | Val Loss 1.6639 | Val Acc 0.4183 | ETputs(KTEPS) 67188.95
2023-10-14 04:19:42,301 - tune.py [line:103] - INFO: Epoch 00100 | Time(s) 0.0596 | Val Loss 1.7108 | Val Acc 0.4260 | ETputs(KTEPS) 66568.04
2023-10-14 04:19:43,522 - tune.py [line:103] - INFO: Epoch 00120 | Time(s) 0.0597 | Val Loss 1.7212 | Val Acc 0.4481 | ETputs(KTEPS) 66445.55
2023-10-14 04:19:44,732 - tune.py [line:103] - INFO: Epoch 00140 | Time(s) 0.0598 | Val Loss 1.7545 | Val Acc 0.4644 | ETputs(KTEPS) 66371.78
2023-10-14 04:19:45,921 - tune.py [line:103] - INFO: Epoch 00160 | Time(s) 0.0597 | Val Loss 1.7353 | Val Acc 0.4683 | ETputs(KTEPS) 66445.35
2023-10-14 04:19:47,112 - tune.py [line:103] - INFO: Epoch 00180 | Time(s) 0.0597 | Val Loss 1.7753 | Val Acc 0.4769 | ETputs(KTEPS) 66493.27
2023-10-14 04:19:48,305 - tune.py [line:103] - INFO: Epoch 00200 | Time(s) 0.0596 | Val Loss 1.7657 | Val Acc 0.4952 | ETputs(KTEPS) 66540.94
2023-10-14 04:19:49,494 - tune.py [line:103] - INFO: Epoch 00220 | Time(s) 0.0596 | Val Loss 1.7830 | Val Acc 0.4962 | ETputs(KTEPS) 66575.54
2023-10-14 04:19:50,688 - tune.py [line:103] - INFO: Epoch 00240 | Time(s) 0.0596 | Val Loss 1.8070 | Val Acc 0.4933 | ETputs(KTEPS) 66567.03
2023-10-14 04:19:51,875 - tune.py [line:103] - INFO: Epoch 00260 | Time(s) 0.0596 | Val Loss 1.7979 | Val Acc 0.4942 | ETputs(KTEPS) 66606.53
2023-10-14 04:19:53,059 - tune.py [line:103] - INFO: Epoch 00280 | Time(s) 0.0595 | Val Loss 1.8131 | Val Acc 0.5038 | ETputs(KTEPS) 66643.42
2023-10-14 04:19:54,241 - tune.py [line:103] - INFO: Epoch 00300 | Time(s) 0.0595 | Val Loss 1.7889 | Val Acc 0.5087 | ETputs(KTEPS) 66685.22
2023-10-14 04:19:55,432 - tune.py [line:103] - INFO: Epoch 00320 | Time(s) 0.0595 | Val Loss 1.7947 | Val Acc 0.5096 | ETputs(KTEPS) 66696.26
2023-10-14 04:19:56,630 - tune.py [line:103] - INFO: Epoch 00340 | Time(s) 0.0595 | Val Loss 1.8371 | Val Acc 0.5106 | ETputs(KTEPS) 66675.27
2023-10-14 04:19:57,814 - tune.py [line:103] - INFO: Epoch 00360 | Time(s) 0.0595 | Val Loss 1.8212 | Val Acc 0.5212 | ETputs(KTEPS) 66707.35
2023-10-14 04:19:58,996 - tune.py [line:103] - INFO: Epoch 00380 | Time(s) 0.0594 | Val Loss 1.8386 | Val Acc 0.5240 | ETputs(KTEPS) 66739.97
2023-10-14 04:20:00,181 - tune.py [line:103] - INFO: Epoch 00400 | Time(s) 0.0594 | Val Loss 1.8358 | Val Acc 0.5212 | ETputs(KTEPS) 66756.90
2023-10-14 04:20:01,370 - tune.py [line:103] - INFO: Epoch 00420 | Time(s) 0.0594 | Val Loss 1.8540 | Val Acc 0.5212 | ETputs(KTEPS) 66757.88
2023-10-14 04:20:02,562 - tune.py [line:103] - INFO: Epoch 00440 | Time(s) 0.0594 | Val Loss 1.8350 | Val Acc 0.5317 | ETputs(KTEPS) 66761.80
2023-10-14 04:20:03,786 - tune.py [line:103] - INFO: Epoch 00460 | Time(s) 0.0595 | Val Loss 1.8291 | Val Acc 0.5317 | ETputs(KTEPS) 66683.56
2023-10-14 04:20:04,975 - tune.py [line:103] - INFO: Epoch 00480 | Time(s) 0.0595 | Val Loss 1.8389 | Val Acc 0.5337 | ETputs(KTEPS) 66687.36
2023-10-14 04:20:06,156 - tune.py [line:103] - INFO: Epoch 00500 | Time(s) 0.0595 | Val Loss 1.8747 | Val Acc 0.5433 | ETputs(KTEPS) 66706.61
2023-10-14 04:20:07,343 - tune.py [line:103] - INFO: Epoch 00520 | Time(s) 0.0595 | Val Loss 1.8724 | Val Acc 0.5413 | ETputs(KTEPS) 66728.13
2023-10-14 04:20:08,523 - tune.py [line:103] - INFO: Epoch 00540 | Time(s) 0.0594 | Val Loss 1.8612 | Val Acc 0.5385 | ETputs(KTEPS) 66751.50
2023-10-14 04:20:09,712 - tune.py [line:103] - INFO: Epoch 00560 | Time(s) 0.0594 | Val Loss 1.8663 | Val Acc 0.5481 | ETputs(KTEPS) 66761.50
2023-10-14 04:20:10,910 - tune.py [line:103] - INFO: Epoch 00580 | Time(s) 0.0594 | Val Loss 1.8549 | Val Acc 0.5538 | ETputs(KTEPS) 66750.74
2023-10-14 04:20:12,100 - tune.py [line:103] - INFO: Epoch 00600 | Time(s) 0.0594 | Val Loss 1.8439 | Val Acc 0.5548 | ETputs(KTEPS) 66749.94
2023-10-14 04:20:13,286 - tune.py [line:103] - INFO: Epoch 00620 | Time(s) 0.0594 | Val Loss 1.8596 | Val Acc 0.5548 | ETputs(KTEPS) 66763.15
2023-10-14 04:20:14,464 - tune.py [line:103] - INFO: Epoch 00640 | Time(s) 0.0594 | Val Loss 1.8373 | Val Acc 0.5548 | ETputs(KTEPS) 66781.78
2023-10-14 04:20:15,646 - tune.py [line:103] - INFO: Epoch 00660 | Time(s) 0.0594 | Val Loss 1.8521 | Val Acc 0.5510 | ETputs(KTEPS) 66793.84
2023-10-14 04:20:16,829 - tune.py [line:103] - INFO: Epoch 00680 | Time(s) 0.0594 | Val Loss 1.8858 | Val Acc 0.5606 | ETputs(KTEPS) 66802.53
2023-10-14 04:20:18,019 - tune.py [line:103] - INFO: Epoch 00700 | Time(s) 0.0594 | Val Loss 1.8567 | Val Acc 0.5587 | ETputs(KTEPS) 66799.94
2023-10-14 04:20:19,201 - tune.py [line:103] - INFO: Epoch 00720 | Time(s) 0.0594 | Val Loss 1.8869 | Val Acc 0.5529 | ETputs(KTEPS) 66809.68
2023-10-14 04:20:20,383 - tune.py [line:103] - INFO: Epoch 00740 | Time(s) 0.0594 | Val Loss 1.8914 | Val Acc 0.5625 | ETputs(KTEPS) 66817.68
2023-10-14 04:20:21,573 - tune.py [line:103] - INFO: Epoch 00760 | Time(s) 0.0594 | Val Loss 1.8988 | Val Acc 0.5510 | ETputs(KTEPS) 66818.85
2023-10-14 04:20:22,751 - tune.py [line:103] - INFO: Epoch 00780 | Time(s) 0.0594 | Val Loss 1.8865 | Val Acc 0.5654 | ETputs(KTEPS) 66833.11
2023-10-14 04:20:23,930 - tune.py [line:103] - INFO: Epoch 00800 | Time(s) 0.0593 | Val Loss 1.8844 | Val Acc 0.5529 | ETputs(KTEPS) 66844.74
2023-10-14 04:20:25,113 - tune.py [line:103] - INFO: Epoch 00820 | Time(s) 0.0593 | Val Loss 1.9049 | Val Acc 0.5548 | ETputs(KTEPS) 66851.77
2023-10-14 04:20:26,300 - tune.py [line:103] - INFO: Epoch 00840 | Time(s) 0.0593 | Val Loss 1.9134 | Val Acc 0.5596 | ETputs(KTEPS) 66851.51
2023-10-14 04:20:27,491 - tune.py [line:103] - INFO: Epoch 00860 | Time(s) 0.0593 | Val Loss 1.9253 | Val Acc 0.5587 | ETputs(KTEPS) 66847.01
2023-10-14 04:20:28,672 - tune.py [line:103] - INFO: Epoch 00880 | Time(s) 0.0593 | Val Loss 1.9449 | Val Acc 0.5548 | ETputs(KTEPS) 66855.66
2023-10-14 04:20:29,854 - tune.py [line:103] - INFO: Epoch 00900 | Time(s) 0.0593 | Val Loss 1.9293 | Val Acc 0.5673 | ETputs(KTEPS) 66862.30
2023-10-14 04:20:31,035 - tune.py [line:103] - INFO: Epoch 00920 | Time(s) 0.0593 | Val Loss 1.9235 | Val Acc 0.5683 | ETputs(KTEPS) 66868.84
2023-10-14 04:20:32,222 - tune.py [line:103] - INFO: Epoch 00940 | Time(s) 0.0593 | Val Loss 1.9025 | Val Acc 0.5750 | ETputs(KTEPS) 66872.28
2023-10-14 04:20:33,408 - tune.py [line:103] - INFO: Epoch 00960 | Time(s) 0.0593 | Val Loss 1.8879 | Val Acc 0.5692 | ETputs(KTEPS) 66875.01
2023-10-14 04:20:34,590 - tune.py [line:103] - INFO: Epoch 00980 | Time(s) 0.0593 | Val Loss 1.9271 | Val Acc 0.5731 | ETputs(KTEPS) 66880.90
2023-10-14 04:20:35,770 - tune.py [line:103] - INFO: Epoch 01000 | Time(s) 0.0593 | Val Loss 1.9253 | Val Acc 0.5615 | ETputs(KTEPS) 66888.65
2023-10-14 04:20:36,947 - tune.py [line:103] - INFO: Epoch 01020 | Time(s) 0.0593 | Val Loss 1.9025 | Val Acc 0.5683 | ETputs(KTEPS) 66899.51
2023-10-14 04:20:38,127 - tune.py [line:103] - INFO: Epoch 01040 | Time(s) 0.0593 | Val Loss 1.9050 | Val Acc 0.5740 | ETputs(KTEPS) 66905.70
2023-10-14 04:20:39,315 - tune.py [line:103] - INFO: Epoch 01060 | Time(s) 0.0593 | Val Loss 1.9218 | Val Acc 0.5577 | ETputs(KTEPS) 66904.78
2023-10-14 04:20:40,499 - tune.py [line:103] - INFO: Epoch 01080 | Time(s) 0.0593 | Val Loss 1.9022 | Val Acc 0.5692 | ETputs(KTEPS) 66906.70
2023-10-14 04:20:41,691 - tune.py [line:103] - INFO: Epoch 01100 | Time(s) 0.0593 | Val Loss 1.9192 | Val Acc 0.5615 | ETputs(KTEPS) 66900.96
2023-10-14 04:20:42,874 - tune.py [line:103] - INFO: Epoch 01120 | Time(s) 0.0593 | Val Loss 1.9346 | Val Acc 0.5635 | ETputs(KTEPS) 66904.56
2023-10-14 04:20:44,065 - tune.py [line:103] - INFO: Epoch 01140 | Time(s) 0.0593 | Val Loss 1.9560 | Val Acc 0.5644 | ETputs(KTEPS) 66899.78
2023-10-14 04:20:45,258 - tune.py [line:103] - INFO: Epoch 01160 | Time(s) 0.0593 | Val Loss 1.9227 | Val Acc 0.5635 | ETputs(KTEPS) 66893.73
2023-10-14 04:20:46,438 - tune.py [line:103] - INFO: Epoch 01180 | Time(s) 0.0593 | Val Loss 1.9469 | Val Acc 0.5558 | ETputs(KTEPS) 66900.16
2023-10-14 04:20:47,621 - tune.py [line:103] - INFO: Epoch 01200 | Time(s) 0.0593 | Val Loss 1.9296 | Val Acc 0.5625 | ETputs(KTEPS) 66903.45
2023-10-14 04:20:48,805 - tune.py [line:103] - INFO: Epoch 01220 | Time(s) 0.0593 | Val Loss 1.9481 | Val Acc 0.5673 | ETputs(KTEPS) 66905.52
2023-10-14 04:20:49,985 - tune.py [line:103] - INFO: Epoch 01240 | Time(s) 0.0593 | Val Loss 1.9130 | Val Acc 0.5644 | ETputs(KTEPS) 66913.11
2023-10-14 04:20:51,173 - tune.py [line:103] - INFO: Epoch 01260 | Time(s) 0.0593 | Val Loss 1.9711 | Val Acc 0.5635 | ETputs(KTEPS) 66912.22
2023-10-14 04:20:52,351 - tune.py [line:103] - INFO: Epoch 01280 | Time(s) 0.0593 | Val Loss 1.9579 | Val Acc 0.5606 | ETputs(KTEPS) 66919.07
2023-10-14 04:20:53,534 - tune.py [line:103] - INFO: Epoch 01300 | Time(s) 0.0593 | Val Loss 1.9375 | Val Acc 0.5702 | ETputs(KTEPS) 66921.87
2023-10-14 04:20:54,717 - tune.py [line:103] - INFO: Epoch 01320 | Time(s) 0.0593 | Val Loss 1.9562 | Val Acc 0.5721 | ETputs(KTEPS) 66925.04
2023-10-14 04:20:55,895 - tune.py [line:103] - INFO: Epoch 01340 | Time(s) 0.0593 | Val Loss 1.9587 | Val Acc 0.5702 | ETputs(KTEPS) 66931.61
2023-10-14 04:20:57,081 - tune.py [line:103] - INFO: Epoch 01360 | Time(s) 0.0593 | Val Loss 1.9356 | Val Acc 0.5721 | ETputs(KTEPS) 66931.94
2023-10-14 04:20:58,264 - tune.py [line:103] - INFO: Epoch 01380 | Time(s) 0.0593 | Val Loss 1.9557 | Val Acc 0.5750 | ETputs(KTEPS) 66934.34
2023-10-14 04:20:59,444 - tune.py [line:103] - INFO: Epoch 01400 | Time(s) 0.0593 | Val Loss 1.9715 | Val Acc 0.5731 | ETputs(KTEPS) 66938.79
2023-10-14 04:21:00,635 - tune.py [line:103] - INFO: Epoch 01420 | Time(s) 0.0593 | Val Loss 1.9329 | Val Acc 0.5837 | ETputs(KTEPS) 66937.60
2023-10-14 04:21:01,828 - tune.py [line:103] - INFO: Epoch 01440 | Time(s) 0.0593 | Val Loss 1.9208 | Val Acc 0.5827 | ETputs(KTEPS) 66933.55
2023-10-14 04:21:03,021 - tune.py [line:103] - INFO: Epoch 01460 | Time(s) 0.0593 | Val Loss 1.9084 | Val Acc 0.5798 | ETputs(KTEPS) 66928.29
2023-10-14 04:21:04,202 - tune.py [line:103] - INFO: Epoch 01480 | Time(s) 0.0593 | Val Loss 1.9734 | Val Acc 0.5760 | ETputs(KTEPS) 66932.03
2023-10-14 04:21:05,384 - tune.py [line:103] - INFO: Epoch 01500 | Time(s) 0.0593 | Val Loss 1.9557 | Val Acc 0.5644 | ETputs(KTEPS) 66935.28
2023-10-14 04:21:06,562 - tune.py [line:103] - INFO: Epoch 01520 | Time(s) 0.0593 | Val Loss 1.9344 | Val Acc 0.5692 | ETputs(KTEPS) 66941.23
2023-10-14 04:21:07,736 - tune.py [line:103] - INFO: Epoch 01540 | Time(s) 0.0593 | Val Loss 1.9552 | Val Acc 0.5769 | ETputs(KTEPS) 66949.71
2023-10-14 04:21:08,916 - tune.py [line:103] - INFO: Epoch 01560 | Time(s) 0.0593 | Val Loss 1.9627 | Val Acc 0.5740 | ETputs(KTEPS) 66953.96
2023-10-14 04:21:10,105 - tune.py [line:103] - INFO: Epoch 01580 | Time(s) 0.0593 | Val Loss 1.9839 | Val Acc 0.5702 | ETputs(KTEPS) 66951.24
2023-10-14 04:21:11,288 - tune.py [line:103] - INFO: Epoch 01600 | Time(s) 0.0593 | Val Loss 1.9322 | Val Acc 0.5702 | ETputs(KTEPS) 66953.56
2023-10-14 04:21:12,470 - tune.py [line:103] - INFO: Epoch 01620 | Time(s) 0.0592 | Val Loss 1.9512 | Val Acc 0.5663 | ETputs(KTEPS) 66955.85
2023-10-14 04:21:13,647 - tune.py [line:103] - INFO: Epoch 01640 | Time(s) 0.0592 | Val Loss 1.9593 | Val Acc 0.5702 | ETputs(KTEPS) 66961.76
2023-10-14 04:21:14,821 - tune.py [line:103] - INFO: Epoch 01660 | Time(s) 0.0592 | Val Loss 1.9697 | Val Acc 0.5663 | ETputs(KTEPS) 66969.86
2023-10-14 04:21:15,995 - tune.py [line:103] - INFO: Epoch 01680 | Time(s) 0.0592 | Val Loss 1.9537 | Val Acc 0.5721 | ETputs(KTEPS) 66977.42
2023-10-14 04:21:17,172 - tune.py [line:103] - INFO: Epoch 01700 | Time(s) 0.0592 | Val Loss 1.9449 | Val Acc 0.5702 | ETputs(KTEPS) 66982.55
2023-10-14 04:21:18,353 - tune.py [line:103] - INFO: Epoch 01720 | Time(s) 0.0592 | Val Loss 1.9537 | Val Acc 0.5606 | ETputs(KTEPS) 66985.36
2023-10-14 04:21:19,426 - tune.py [line:117] - INFO: [FINAL MODEL] Val accuracy 58.56% \Val loss: 1.9
2023-10-14 04:21:19,444 - tune.py [line:119] - INFO: [FINAL MODEL] Test accuracy 55.91% \Test loss: 2.1
2023-10-14 04:21:19,444 - tune.py [line:144] - INFO: Acc on the first split (Validation Set): 0.5856
2023-10-14 04:21:19,444 - tune.py [line:145] - INFO: Acc on the first split (Test Set): 0.5591
