2023-10-14 05:07:22,427 - tune.py [line:203] - INFO: Namespace(seed=42, model='GPRGNNV2', gpu=1, dataset='geom-squirrel', logging=True, log_detail=True, log_detailedCh=False, id_log=1014014501, optuna_n_trials=202, n_epochs=2000, self_loop=False, udgraph=True, early_stop=True, patience=300, n_hidden=64, n_cv=1, start_cv=0, n_layers=8, lr1=0.05, lr2=0.05, wd1=1e-06, wd2=1e-05, dropout=0.2, dropout2=0.8, alpha=0.30000000000000004, es_ckpt='woselfloop-geom-squirrel_GPRGNNV2-geom-squirrel_trialNo174')
2023-10-14 05:07:25,041 - tune.py [line:128] - INFO: Split_seeds:[1824]
2023-10-14 05:07:25,041 - tune.py [line:129] - INFO: Model_seeds:[409]
2023-10-14 05:07:25,901 - tune.py [line:103] - INFO: Epoch 00020 | Time(s) 0.0418 | Val Loss 1.4486 | Val Acc 0.3673 | ETputs(KTEPS) 94859.97
2023-10-14 05:07:26,723 - tune.py [line:103] - INFO: Epoch 00040 | Time(s) 0.0409 | Val Loss 1.4296 | Val Acc 0.4096 | ETputs(KTEPS) 96923.95
2023-10-14 05:07:27,535 - tune.py [line:103] - INFO: Epoch 00060 | Time(s) 0.0407 | Val Loss 1.4702 | Val Acc 0.4240 | ETputs(KTEPS) 97436.07
2023-10-14 05:07:28,379 - tune.py [line:103] - INFO: Epoch 00080 | Time(s) 0.0409 | Val Loss 1.4884 | Val Acc 0.4538 | ETputs(KTEPS) 96903.78
2023-10-14 05:07:29,216 - tune.py [line:103] - INFO: Epoch 00100 | Time(s) 0.0410 | Val Loss 1.4837 | Val Acc 0.4683 | ETputs(KTEPS) 96694.99
2023-10-14 05:07:30,036 - tune.py [line:103] - INFO: Epoch 00120 | Time(s) 0.0410 | Val Loss 1.4913 | Val Acc 0.4981 | ETputs(KTEPS) 96861.15
2023-10-14 05:07:30,858 - tune.py [line:103] - INFO: Epoch 00140 | Time(s) 0.0410 | Val Loss 1.5332 | Val Acc 0.4875 | ETputs(KTEPS) 96852.58
2023-10-14 05:07:31,665 - tune.py [line:103] - INFO: Epoch 00160 | Time(s) 0.0408 | Val Loss 1.4988 | Val Acc 0.5000 | ETputs(KTEPS) 97123.74
2023-10-14 05:07:32,474 - tune.py [line:103] - INFO: Epoch 00180 | Time(s) 0.0407 | Val Loss 1.5007 | Val Acc 0.5106 | ETputs(KTEPS) 97373.56
2023-10-14 05:07:33,339 - tune.py [line:103] - INFO: Epoch 00200 | Time(s) 0.0409 | Val Loss 1.5008 | Val Acc 0.5173 | ETputs(KTEPS) 96895.31
2023-10-14 05:07:34,178 - tune.py [line:103] - INFO: Epoch 00220 | Time(s) 0.0410 | Val Loss 1.4869 | Val Acc 0.5375 | ETputs(KTEPS) 96782.30
2023-10-14 05:07:35,010 - tune.py [line:103] - INFO: Epoch 00240 | Time(s) 0.0410 | Val Loss 1.4924 | Val Acc 0.5346 | ETputs(KTEPS) 96711.66
2023-10-14 05:07:35,835 - tune.py [line:103] - INFO: Epoch 00260 | Time(s) 0.0410 | Val Loss 1.4935 | Val Acc 0.5250 | ETputs(KTEPS) 96670.17
2023-10-14 05:07:36,636 - tune.py [line:103] - INFO: Epoch 00280 | Time(s) 0.0410 | Val Loss 1.5070 | Val Acc 0.5250 | ETputs(KTEPS) 96838.29
2023-10-14 05:07:37,463 - tune.py [line:103] - INFO: Epoch 00300 | Time(s) 0.0410 | Val Loss 1.5116 | Val Acc 0.5337 | ETputs(KTEPS) 96800.27
2023-10-14 05:07:38,276 - tune.py [line:103] - INFO: Epoch 00320 | Time(s) 0.0410 | Val Loss 1.5409 | Val Acc 0.5192 | ETputs(KTEPS) 96869.68
2023-10-14 05:07:39,093 - tune.py [line:103] - INFO: Epoch 00340 | Time(s) 0.0409 | Val Loss 1.5153 | Val Acc 0.5385 | ETputs(KTEPS) 96896.08
2023-10-14 05:07:39,977 - tune.py [line:103] - INFO: Epoch 00360 | Time(s) 0.0411 | Val Loss 1.5527 | Val Acc 0.5433 | ETputs(KTEPS) 96474.64
2023-10-14 05:07:40,783 - tune.py [line:103] - INFO: Epoch 00380 | Time(s) 0.0411 | Val Loss 1.5234 | Val Acc 0.5288 | ETputs(KTEPS) 96579.85
2023-10-14 05:07:41,604 - tune.py [line:103] - INFO: Epoch 00400 | Time(s) 0.0411 | Val Loss 1.5163 | Val Acc 0.5452 | ETputs(KTEPS) 96626.44
2023-10-14 05:07:42,421 - tune.py [line:103] - INFO: Epoch 00420 | Time(s) 0.0410 | Val Loss 1.5432 | Val Acc 0.5471 | ETputs(KTEPS) 96650.48
2023-10-14 05:07:43,241 - tune.py [line:103] - INFO: Epoch 00440 | Time(s) 0.0410 | Val Loss 1.5478 | Val Acc 0.5356 | ETputs(KTEPS) 96670.27
2023-10-14 05:07:44,054 - tune.py [line:103] - INFO: Epoch 00460 | Time(s) 0.0410 | Val Loss 1.4998 | Val Acc 0.5538 | ETputs(KTEPS) 96722.20
2023-10-14 05:07:44,902 - tune.py [line:103] - INFO: Epoch 00480 | Time(s) 0.0411 | Val Loss 1.5438 | Val Acc 0.5529 | ETputs(KTEPS) 96604.94
2023-10-14 05:07:45,718 - tune.py [line:103] - INFO: Epoch 00500 | Time(s) 0.0411 | Val Loss 1.5557 | Val Acc 0.5337 | ETputs(KTEPS) 96630.99
2023-10-14 05:07:46,524 - tune.py [line:103] - INFO: Epoch 00520 | Time(s) 0.0410 | Val Loss 1.5099 | Val Acc 0.5452 | ETputs(KTEPS) 96699.90
2023-10-14 05:07:47,313 - tune.py [line:103] - INFO: Epoch 00540 | Time(s) 0.0410 | Val Loss 1.5582 | Val Acc 0.5385 | ETputs(KTEPS) 96842.37
2023-10-14 05:07:48,157 - tune.py [line:103] - INFO: Epoch 00560 | Time(s) 0.0410 | Val Loss 1.5597 | Val Acc 0.5404 | ETputs(KTEPS) 96740.48
2023-10-14 05:07:48,984 - tune.py [line:103] - INFO: Epoch 00580 | Time(s) 0.0410 | Val Loss 1.5781 | Val Acc 0.5413 | ETputs(KTEPS) 96712.40
2023-10-14 05:07:49,794 - tune.py [line:103] - INFO: Epoch 00600 | Time(s) 0.0410 | Val Loss 1.5372 | Val Acc 0.5481 | ETputs(KTEPS) 96757.87
2023-10-14 05:07:50,589 - tune.py [line:103] - INFO: Epoch 00620 | Time(s) 0.0410 | Val Loss 1.5983 | Val Acc 0.5423 | ETputs(KTEPS) 96854.97
2023-10-14 05:07:51,423 - tune.py [line:103] - INFO: Epoch 00640 | Time(s) 0.0410 | Val Loss 1.5693 | Val Acc 0.5452 | ETputs(KTEPS) 96801.35
2023-10-14 05:07:52,263 - tune.py [line:103] - INFO: Epoch 00660 | Time(s) 0.0410 | Val Loss 1.5913 | Val Acc 0.5385 | ETputs(KTEPS) 96730.09
2023-10-14 05:07:53,073 - tune.py [line:103] - INFO: Epoch 00680 | Time(s) 0.0410 | Val Loss 1.5832 | Val Acc 0.5452 | ETputs(KTEPS) 96769.11
2023-10-14 05:07:53,878 - tune.py [line:103] - INFO: Epoch 00700 | Time(s) 0.0410 | Val Loss 1.5397 | Val Acc 0.5481 | ETputs(KTEPS) 96821.10
2023-10-14 05:07:54,685 - tune.py [line:103] - INFO: Epoch 00720 | Time(s) 0.0410 | Val Loss 1.5519 | Val Acc 0.5490 | ETputs(KTEPS) 96863.80
2023-10-14 05:07:55,483 - tune.py [line:103] - INFO: Epoch 00740 | Time(s) 0.0409 | Val Loss 1.5495 | Val Acc 0.5558 | ETputs(KTEPS) 96932.87
2023-10-14 05:07:56,294 - tune.py [line:103] - INFO: Epoch 00760 | Time(s) 0.0409 | Val Loss 1.5213 | Val Acc 0.5606 | ETputs(KTEPS) 96964.92
2023-10-14 05:07:57,110 - tune.py [line:103] - INFO: Epoch 00780 | Time(s) 0.0409 | Val Loss 1.5422 | Val Acc 0.5625 | ETputs(KTEPS) 96980.84
2023-10-14 05:07:57,949 - tune.py [line:103] - INFO: Epoch 00800 | Time(s) 0.0409 | Val Loss 1.5531 | Val Acc 0.5500 | ETputs(KTEPS) 96920.30
2023-10-14 05:07:58,763 - tune.py [line:103] - INFO: Epoch 00820 | Time(s) 0.0409 | Val Loss 1.5263 | Val Acc 0.5471 | ETputs(KTEPS) 96935.99
2023-10-14 05:07:59,609 - tune.py [line:103] - INFO: Epoch 00840 | Time(s) 0.0410 | Val Loss 1.5483 | Val Acc 0.5519 | ETputs(KTEPS) 96860.42
2023-10-14 05:08:00,448 - tune.py [line:103] - INFO: Epoch 00860 | Time(s) 0.0410 | Val Loss 1.5653 | Val Acc 0.5500 | ETputs(KTEPS) 96814.34
2023-10-14 05:08:01,269 - tune.py [line:103] - INFO: Epoch 00880 | Time(s) 0.0410 | Val Loss 1.5568 | Val Acc 0.5644 | ETputs(KTEPS) 96821.73
2023-10-14 05:08:02,092 - tune.py [line:103] - INFO: Epoch 00900 | Time(s) 0.0410 | Val Loss 1.5184 | Val Acc 0.5519 | ETputs(KTEPS) 96813.86
2023-10-14 05:08:02,912 - tune.py [line:103] - INFO: Epoch 00920 | Time(s) 0.0410 | Val Loss 1.5476 | Val Acc 0.5712 | ETputs(KTEPS) 96820.29
2023-10-14 05:08:03,751 - tune.py [line:103] - INFO: Epoch 00940 | Time(s) 0.0410 | Val Loss 1.5378 | Val Acc 0.5635 | ETputs(KTEPS) 96771.99
2023-10-14 05:08:04,582 - tune.py [line:103] - INFO: Epoch 00960 | Time(s) 0.0410 | Val Loss 1.5690 | Val Acc 0.5577 | ETputs(KTEPS) 96747.29
2023-10-14 05:08:05,403 - tune.py [line:103] - INFO: Epoch 00980 | Time(s) 0.0410 | Val Loss 1.5396 | Val Acc 0.5558 | ETputs(KTEPS) 96746.90
2023-10-14 05:08:06,195 - tune.py [line:103] - INFO: Epoch 01000 | Time(s) 0.0410 | Val Loss 1.5299 | Val Acc 0.5635 | ETputs(KTEPS) 96813.77
2023-10-14 05:08:06,926 - tune.py [line:103] - INFO: Epoch 01020 | Time(s) 0.0409 | Val Loss 1.5278 | Val Acc 0.5615 | ETputs(KTEPS) 97020.68
2023-10-14 05:08:07,648 - tune.py [line:103] - INFO: Epoch 01040 | Time(s) 0.0408 | Val Loss 1.5534 | Val Acc 0.5462 | ETputs(KTEPS) 97241.79
2023-10-14 05:08:08,360 - tune.py [line:103] - INFO: Epoch 01060 | Time(s) 0.0407 | Val Loss 1.5375 | Val Acc 0.5596 | ETputs(KTEPS) 97477.24
2023-10-14 05:08:09,076 - tune.py [line:103] - INFO: Epoch 01080 | Time(s) 0.0406 | Val Loss 1.5335 | Val Acc 0.5529 | ETputs(KTEPS) 97697.82
2023-10-14 05:08:09,928 - tune.py [line:103] - INFO: Epoch 01100 | Time(s) 0.0406 | Val Loss 1.5438 | Val Acc 0.5625 | ETputs(KTEPS) 97611.76
2023-10-14 05:08:10,748 - tune.py [line:103] - INFO: Epoch 01120 | Time(s) 0.0406 | Val Loss 1.6010 | Val Acc 0.5385 | ETputs(KTEPS) 97598.05
2023-10-14 05:08:11,561 - tune.py [line:103] - INFO: Epoch 01140 | Time(s) 0.0406 | Val Loss 1.5733 | Val Acc 0.5481 | ETputs(KTEPS) 97598.49
2023-10-14 05:08:12,390 - tune.py [line:103] - INFO: Epoch 01160 | Time(s) 0.0407 | Val Loss 1.5065 | Val Acc 0.5731 | ETputs(KTEPS) 97567.31
2023-10-14 05:08:13,201 - tune.py [line:103] - INFO: Epoch 01180 | Time(s) 0.0407 | Val Loss 1.5657 | Val Acc 0.5558 | ETputs(KTEPS) 97573.04
2023-10-14 05:08:14,013 - tune.py [line:103] - INFO: Epoch 01200 | Time(s) 0.0407 | Val Loss 1.5413 | Val Acc 0.5644 | ETputs(KTEPS) 97575.62
2023-10-14 05:08:14,110 - tune.py [line:117] - INFO: [FINAL MODEL] Val accuracy 58.27% \Val loss: 1.5
2023-10-14 05:08:14,121 - tune.py [line:119] - INFO: [FINAL MODEL] Test accuracy 57.25% \Test loss: 1.6
2023-10-14 05:08:14,122 - tune.py [line:144] - INFO: Acc on the first split (Validation Set): 0.5827
2023-10-14 05:08:14,122 - tune.py [line:145] - INFO: Acc on the first split (Test Set): 0.5725
