2023-10-14 05:01:38,429 - tune.py [line:203] - INFO: Namespace(seed=42, model='GPRGNNV2', gpu=1, dataset='geom-squirrel', logging=True, log_detail=True, log_detailedCh=False, id_log=1014014501, optuna_n_trials=202, n_epochs=2000, self_loop=False, udgraph=True, early_stop=True, patience=300, n_hidden=64, n_cv=1, start_cv=0, n_layers=8, lr1=0.04, lr2=0.04, wd1=1e-06, wd2=1e-05, dropout=0.4, dropout2=0.8, alpha=0.4, es_ckpt='woselfloop-geom-squirrel_GPRGNNV2-geom-squirrel_trialNo160')
2023-10-14 05:01:40,996 - tune.py [line:128] - INFO: Split_seeds:[1824]
2023-10-14 05:01:40,996 - tune.py [line:129] - INFO: Model_seeds:[409]
2023-10-14 05:01:41,864 - tune.py [line:103] - INFO: Epoch 00020 | Time(s) 0.0417 | Val Loss 1.4526 | Val Acc 0.3817 | ETputs(KTEPS) 95047.30
2023-10-14 05:01:42,680 - tune.py [line:103] - INFO: Epoch 00040 | Time(s) 0.0410 | Val Loss 1.3721 | Val Acc 0.4135 | ETputs(KTEPS) 96723.72
2023-10-14 05:01:43,529 - tune.py [line:103] - INFO: Epoch 00060 | Time(s) 0.0412 | Val Loss 1.3276 | Val Acc 0.4385 | ETputs(KTEPS) 96210.75
2023-10-14 05:01:44,377 - tune.py [line:103] - INFO: Epoch 00080 | Time(s) 0.0414 | Val Loss 1.2942 | Val Acc 0.4635 | ETputs(KTEPS) 95907.53
2023-10-14 05:01:45,205 - tune.py [line:103] - INFO: Epoch 00100 | Time(s) 0.0413 | Val Loss 1.2872 | Val Acc 0.4702 | ETputs(KTEPS) 96109.06
2023-10-14 05:01:46,035 - tune.py [line:103] - INFO: Epoch 00120 | Time(s) 0.0412 | Val Loss 1.2541 | Val Acc 0.4817 | ETputs(KTEPS) 96179.05
2023-10-14 05:01:46,848 - tune.py [line:103] - INFO: Epoch 00140 | Time(s) 0.0411 | Val Loss 1.2540 | Val Acc 0.4971 | ETputs(KTEPS) 96425.98
2023-10-14 05:01:47,700 - tune.py [line:103] - INFO: Epoch 00160 | Time(s) 0.0413 | Val Loss 1.2439 | Val Acc 0.5087 | ETputs(KTEPS) 96112.88
2023-10-14 05:01:48,529 - tune.py [line:103] - INFO: Epoch 00180 | Time(s) 0.0413 | Val Loss 1.2383 | Val Acc 0.5058 | ETputs(KTEPS) 96075.15
2023-10-14 05:01:49,344 - tune.py [line:103] - INFO: Epoch 00200 | Time(s) 0.0412 | Val Loss 1.2447 | Val Acc 0.5067 | ETputs(KTEPS) 96211.30
2023-10-14 05:01:50,171 - tune.py [line:103] - INFO: Epoch 00220 | Time(s) 0.0412 | Val Loss 1.2238 | Val Acc 0.5087 | ETputs(KTEPS) 96269.01
2023-10-14 05:01:50,990 - tune.py [line:103] - INFO: Epoch 00240 | Time(s) 0.0412 | Val Loss 1.2204 | Val Acc 0.5202 | ETputs(KTEPS) 96367.15
2023-10-14 05:01:51,800 - tune.py [line:103] - INFO: Epoch 00260 | Time(s) 0.0411 | Val Loss 1.2044 | Val Acc 0.5298 | ETputs(KTEPS) 96502.57
2023-10-14 05:01:52,636 - tune.py [line:103] - INFO: Epoch 00280 | Time(s) 0.0411 | Val Loss 1.2102 | Val Acc 0.5202 | ETputs(KTEPS) 96431.11
2023-10-14 05:01:53,435 - tune.py [line:103] - INFO: Epoch 00300 | Time(s) 0.0411 | Val Loss 1.2211 | Val Acc 0.5202 | ETputs(KTEPS) 96631.13
2023-10-14 05:01:54,243 - tune.py [line:103] - INFO: Epoch 00320 | Time(s) 0.0410 | Val Loss 1.2237 | Val Acc 0.5308 | ETputs(KTEPS) 96761.82
2023-10-14 05:01:55,053 - tune.py [line:103] - INFO: Epoch 00340 | Time(s) 0.0410 | Val Loss 1.1953 | Val Acc 0.5452 | ETputs(KTEPS) 96848.47
2023-10-14 05:01:55,863 - tune.py [line:103] - INFO: Epoch 00360 | Time(s) 0.0409 | Val Loss 1.2101 | Val Acc 0.5327 | ETputs(KTEPS) 96908.18
2023-10-14 05:01:56,681 - tune.py [line:103] - INFO: Epoch 00380 | Time(s) 0.0409 | Val Loss 1.2087 | Val Acc 0.5433 | ETputs(KTEPS) 96955.07
2023-10-14 05:01:57,497 - tune.py [line:103] - INFO: Epoch 00400 | Time(s) 0.0409 | Val Loss 1.1864 | Val Acc 0.5442 | ETputs(KTEPS) 96974.70
2023-10-14 05:01:58,321 - tune.py [line:103] - INFO: Epoch 00420 | Time(s) 0.0409 | Val Loss 1.1953 | Val Acc 0.5471 | ETputs(KTEPS) 96940.87
2023-10-14 05:01:59,149 - tune.py [line:103] - INFO: Epoch 00440 | Time(s) 0.0409 | Val Loss 1.1902 | Val Acc 0.5462 | ETputs(KTEPS) 96895.21
2023-10-14 05:02:00,029 - tune.py [line:103] - INFO: Epoch 00460 | Time(s) 0.0411 | Val Loss 1.1965 | Val Acc 0.5404 | ETputs(KTEPS) 96615.13
2023-10-14 05:02:00,830 - tune.py [line:103] - INFO: Epoch 00480 | Time(s) 0.0410 | Val Loss 1.1946 | Val Acc 0.5433 | ETputs(KTEPS) 96717.65
2023-10-14 05:02:01,712 - tune.py [line:103] - INFO: Epoch 00500 | Time(s) 0.0411 | Val Loss 1.2175 | Val Acc 0.5356 | ETputs(KTEPS) 96441.47
2023-10-14 05:02:02,528 - tune.py [line:103] - INFO: Epoch 00520 | Time(s) 0.0411 | Val Loss 1.1722 | Val Acc 0.5635 | ETputs(KTEPS) 96482.89
2023-10-14 05:02:03,346 - tune.py [line:103] - INFO: Epoch 00540 | Time(s) 0.0411 | Val Loss 1.1782 | Val Acc 0.5538 | ETputs(KTEPS) 96521.87
2023-10-14 05:02:04,177 - tune.py [line:103] - INFO: Epoch 00560 | Time(s) 0.0411 | Val Loss 1.1907 | Val Acc 0.5471 | ETputs(KTEPS) 96486.80
2023-10-14 05:02:04,993 - tune.py [line:103] - INFO: Epoch 00580 | Time(s) 0.0411 | Val Loss 1.1738 | Val Acc 0.5500 | ETputs(KTEPS) 96514.23
2023-10-14 05:02:05,863 - tune.py [line:103] - INFO: Epoch 00600 | Time(s) 0.0412 | Val Loss 1.1929 | Val Acc 0.5433 | ETputs(KTEPS) 96330.26
2023-10-14 05:02:06,736 - tune.py [line:103] - INFO: Epoch 00620 | Time(s) 0.0413 | Val Loss 1.1867 | Val Acc 0.5519 | ETputs(KTEPS) 96143.87
2023-10-14 05:02:07,608 - tune.py [line:103] - INFO: Epoch 00640 | Time(s) 0.0413 | Val Loss 1.1848 | Val Acc 0.5538 | ETputs(KTEPS) 95979.05
2023-10-14 05:02:08,411 - tune.py [line:103] - INFO: Epoch 00660 | Time(s) 0.0413 | Val Loss 1.1765 | Val Acc 0.5635 | ETputs(KTEPS) 96064.02
2023-10-14 05:02:09,259 - tune.py [line:103] - INFO: Epoch 00680 | Time(s) 0.0413 | Val Loss 1.1897 | Val Acc 0.5471 | ETputs(KTEPS) 95990.76
2023-10-14 05:02:10,107 - tune.py [line:103] - INFO: Epoch 00700 | Time(s) 0.0414 | Val Loss 1.1664 | Val Acc 0.5654 | ETputs(KTEPS) 95934.71
2023-10-14 05:02:10,928 - tune.py [line:103] - INFO: Epoch 00720 | Time(s) 0.0413 | Val Loss 1.1946 | Val Acc 0.5558 | ETputs(KTEPS) 95961.43
2023-10-14 05:02:11,740 - tune.py [line:103] - INFO: Epoch 00740 | Time(s) 0.0413 | Val Loss 1.1879 | Val Acc 0.5510 | ETputs(KTEPS) 96009.38
2023-10-14 05:02:12,560 - tune.py [line:103] - INFO: Epoch 00760 | Time(s) 0.0413 | Val Loss 1.1861 | Val Acc 0.5538 | ETputs(KTEPS) 96032.18
2023-10-14 05:02:13,376 - tune.py [line:103] - INFO: Epoch 00780 | Time(s) 0.0413 | Val Loss 1.1676 | Val Acc 0.5731 | ETputs(KTEPS) 96062.38
2023-10-14 05:02:14,192 - tune.py [line:103] - INFO: Epoch 00800 | Time(s) 0.0413 | Val Loss 1.1884 | Val Acc 0.5644 | ETputs(KTEPS) 96094.82
2023-10-14 05:02:15,006 - tune.py [line:103] - INFO: Epoch 00820 | Time(s) 0.0413 | Val Loss 1.1829 | Val Acc 0.5577 | ETputs(KTEPS) 96134.98
2023-10-14 05:02:15,875 - tune.py [line:103] - INFO: Epoch 00840 | Time(s) 0.0413 | Val Loss 1.1989 | Val Acc 0.5567 | ETputs(KTEPS) 96018.20
2023-10-14 05:02:16,690 - tune.py [line:103] - INFO: Epoch 00860 | Time(s) 0.0413 | Val Loss 1.1730 | Val Acc 0.5721 | ETputs(KTEPS) 96050.41
2023-10-14 05:02:17,555 - tune.py [line:103] - INFO: Epoch 00880 | Time(s) 0.0413 | Val Loss 1.1843 | Val Acc 0.5692 | ETputs(KTEPS) 95947.79
2023-10-14 05:02:18,380 - tune.py [line:103] - INFO: Epoch 00900 | Time(s) 0.0413 | Val Loss 1.1836 | Val Acc 0.5635 | ETputs(KTEPS) 95956.10
2023-10-14 05:02:19,200 - tune.py [line:103] - INFO: Epoch 00920 | Time(s) 0.0413 | Val Loss 1.1731 | Val Acc 0.5712 | ETputs(KTEPS) 95975.61
2023-10-14 05:02:20,031 - tune.py [line:103] - INFO: Epoch 00940 | Time(s) 0.0413 | Val Loss 1.1754 | Val Acc 0.5663 | ETputs(KTEPS) 95965.06
2023-10-14 05:02:20,900 - tune.py [line:103] - INFO: Epoch 00960 | Time(s) 0.0414 | Val Loss 1.1811 | Val Acc 0.5663 | ETputs(KTEPS) 95866.64
2023-10-14 05:02:21,736 - tune.py [line:103] - INFO: Epoch 00980 | Time(s) 0.0414 | Val Loss 1.1733 | Val Acc 0.5635 | ETputs(KTEPS) 95848.44
2023-10-14 05:02:22,565 - tune.py [line:103] - INFO: Epoch 01000 | Time(s) 0.0414 | Val Loss 1.1760 | Val Acc 0.5558 | ETputs(KTEPS) 95847.45
2023-10-14 05:02:23,397 - tune.py [line:103] - INFO: Epoch 01020 | Time(s) 0.0414 | Val Loss 1.1586 | Val Acc 0.5712 | ETputs(KTEPS) 95839.29
2023-10-14 05:02:24,239 - tune.py [line:103] - INFO: Epoch 01040 | Time(s) 0.0414 | Val Loss 1.1835 | Val Acc 0.5692 | ETputs(KTEPS) 95809.54
2023-10-14 05:02:25,069 - tune.py [line:103] - INFO: Epoch 01060 | Time(s) 0.0414 | Val Loss 1.1689 | Val Acc 0.5721 | ETputs(KTEPS) 95806.14
2023-10-14 05:02:25,893 - tune.py [line:103] - INFO: Epoch 01080 | Time(s) 0.0414 | Val Loss 1.1685 | Val Acc 0.5673 | ETputs(KTEPS) 95816.64
2023-10-14 05:02:26,705 - tune.py [line:103] - INFO: Epoch 01100 | Time(s) 0.0414 | Val Loss 1.1599 | Val Acc 0.5721 | ETputs(KTEPS) 95855.41
2023-10-14 05:02:27,551 - tune.py [line:103] - INFO: Epoch 01120 | Time(s) 0.0414 | Val Loss 1.1930 | Val Acc 0.5635 | ETputs(KTEPS) 95818.63
2023-10-14 05:02:28,377 - tune.py [line:103] - INFO: Epoch 01140 | Time(s) 0.0414 | Val Loss 1.1569 | Val Acc 0.5721 | ETputs(KTEPS) 95825.65
2023-10-14 05:02:29,195 - tune.py [line:103] - INFO: Epoch 01160 | Time(s) 0.0414 | Val Loss 1.1771 | Val Acc 0.5596 | ETputs(KTEPS) 95846.24
2023-10-14 05:02:30,045 - tune.py [line:103] - INFO: Epoch 01180 | Time(s) 0.0414 | Val Loss 1.1874 | Val Acc 0.5558 | ETputs(KTEPS) 95804.29
2023-10-14 05:02:30,892 - tune.py [line:103] - INFO: Epoch 01200 | Time(s) 0.0414 | Val Loss 1.1635 | Val Acc 0.5798 | ETputs(KTEPS) 95769.32
2023-10-14 05:02:31,688 - tune.py [line:103] - INFO: Epoch 01220 | Time(s) 0.0414 | Val Loss 1.1734 | Val Acc 0.5615 | ETputs(KTEPS) 95832.08
2023-10-14 05:02:32,537 - tune.py [line:103] - INFO: Epoch 01240 | Time(s) 0.0414 | Val Loss 1.1696 | Val Acc 0.5654 | ETputs(KTEPS) 95793.88
2023-10-14 05:02:33,383 - tune.py [line:103] - INFO: Epoch 01260 | Time(s) 0.0414 | Val Loss 1.1640 | Val Acc 0.5769 | ETputs(KTEPS) 95762.05
2023-10-14 05:02:34,198 - tune.py [line:103] - INFO: Epoch 01280 | Time(s) 0.0414 | Val Loss 1.1645 | Val Acc 0.5635 | ETputs(KTEPS) 95792.53
2023-10-14 05:02:35,028 - tune.py [line:103] - INFO: Epoch 01300 | Time(s) 0.0414 | Val Loss 1.1802 | Val Acc 0.5587 | ETputs(KTEPS) 95789.66
2023-10-14 05:02:35,859 - tune.py [line:103] - INFO: Epoch 01320 | Time(s) 0.0414 | Val Loss 1.1683 | Val Acc 0.5683 | ETputs(KTEPS) 95786.22
2023-10-14 05:02:36,694 - tune.py [line:103] - INFO: Epoch 01340 | Time(s) 0.0414 | Val Loss 1.1671 | Val Acc 0.5740 | ETputs(KTEPS) 95776.83
2023-10-14 05:02:37,513 - tune.py [line:103] - INFO: Epoch 01360 | Time(s) 0.0414 | Val Loss 1.2024 | Val Acc 0.5519 | ETputs(KTEPS) 95792.95
2023-10-14 05:02:38,338 - tune.py [line:103] - INFO: Epoch 01380 | Time(s) 0.0414 | Val Loss 1.1461 | Val Acc 0.5827 | ETputs(KTEPS) 95803.74
2023-10-14 05:02:39,157 - tune.py [line:103] - INFO: Epoch 01400 | Time(s) 0.0414 | Val Loss 1.1563 | Val Acc 0.5856 | ETputs(KTEPS) 95824.00
2023-10-14 05:02:39,979 - tune.py [line:103] - INFO: Epoch 01420 | Time(s) 0.0414 | Val Loss 1.1595 | Val Acc 0.5769 | ETputs(KTEPS) 95835.04
2023-10-14 05:02:40,810 - tune.py [line:103] - INFO: Epoch 01440 | Time(s) 0.0414 | Val Loss 1.1664 | Val Acc 0.5769 | ETputs(KTEPS) 95830.95
2023-10-14 05:02:41,648 - tune.py [line:103] - INFO: Epoch 01460 | Time(s) 0.0414 | Val Loss 1.1752 | Val Acc 0.5663 | ETputs(KTEPS) 95815.04
2023-10-14 05:02:42,379 - tune.py [line:103] - INFO: Epoch 01480 | Time(s) 0.0413 | Val Loss 1.1692 | Val Acc 0.5663 | ETputs(KTEPS) 95967.81
2023-10-14 05:02:43,108 - tune.py [line:103] - INFO: Epoch 01500 | Time(s) 0.0413 | Val Loss 1.1634 | Val Acc 0.5779 | ETputs(KTEPS) 96121.25
2023-10-14 05:02:43,814 - tune.py [line:103] - INFO: Epoch 01520 | Time(s) 0.0412 | Val Loss 1.1637 | Val Acc 0.5721 | ETputs(KTEPS) 96305.45
2023-10-14 05:02:44,529 - tune.py [line:103] - INFO: Epoch 01540 | Time(s) 0.0411 | Val Loss 1.1681 | Val Acc 0.5683 | ETputs(KTEPS) 96472.16
2023-10-14 05:02:45,327 - tune.py [line:103] - INFO: Epoch 01560 | Time(s) 0.0411 | Val Loss 1.1846 | Val Acc 0.5654 | ETputs(KTEPS) 96510.12
2023-10-14 05:02:46,114 - tune.py [line:103] - INFO: Epoch 01580 | Time(s) 0.0411 | Val Loss 1.1686 | Val Acc 0.5760 | ETputs(KTEPS) 96563.81
2023-10-14 05:02:46,884 - tune.py [line:103] - INFO: Epoch 01600 | Time(s) 0.0410 | Val Loss 1.1536 | Val Acc 0.5808 | ETputs(KTEPS) 96640.64
2023-10-14 05:02:47,668 - tune.py [line:103] - INFO: Epoch 01620 | Time(s) 0.0410 | Val Loss 1.1552 | Val Acc 0.5731 | ETputs(KTEPS) 96694.88
2023-10-14 05:02:48,450 - tune.py [line:103] - INFO: Epoch 01640 | Time(s) 0.0410 | Val Loss 1.1743 | Val Acc 0.5712 | ETputs(KTEPS) 96750.76
2023-10-14 05:02:49,241 - tune.py [line:103] - INFO: Epoch 01660 | Time(s) 0.0410 | Val Loss 1.1564 | Val Acc 0.5788 | ETputs(KTEPS) 96793.48
2023-10-14 05:02:50,036 - tune.py [line:103] - INFO: Epoch 01680 | Time(s) 0.0410 | Val Loss 1.1723 | Val Acc 0.5683 | ETputs(KTEPS) 96829.09
2023-10-14 05:02:50,826 - tune.py [line:117] - INFO: [FINAL MODEL] Val accuracy 58.75% \Val loss: 1.2
2023-10-14 05:02:50,837 - tune.py [line:119] - INFO: [FINAL MODEL] Test accuracy 58.41% \Test loss: 1.2
2023-10-14 05:02:50,838 - tune.py [line:144] - INFO: Acc on the first split (Validation Set): 0.5875
2023-10-14 05:02:50,838 - tune.py [line:145] - INFO: Acc on the first split (Test Set): 0.5841
