2023-10-14 04:32:13,067 - tune.py [line:203] - INFO: Namespace(seed=42, model='GPRGNNV2', gpu=1, dataset='geom-squirrel', logging=True, log_detail=True, log_detailedCh=False, id_log=1014014501, optuna_n_trials=202, n_epochs=2000, self_loop=False, udgraph=True, early_stop=True, patience=300, n_hidden=64, n_cv=1, start_cv=0, n_layers=12, lr1=0.04, lr2=0.05, wd1=1e-07, wd2=1e-06, dropout=0.5, dropout2=0.4, alpha=0.30000000000000004, es_ckpt='woselfloop-geom-squirrel_GPRGNNV2-geom-squirrel_trialNo82')
2023-10-14 04:32:15,529 - tune.py [line:128] - INFO: Split_seeds:[1824]
2023-10-14 04:32:15,529 - tune.py [line:129] - INFO: Model_seeds:[409]
2023-10-14 04:32:16,486 - tune.py [line:103] - INFO: Epoch 00020 | Time(s) 0.0470 | Val Loss 1.4556 | Val Acc 0.3529 | ETputs(KTEPS) 84446.87
2023-10-14 04:32:17,409 - tune.py [line:103] - INFO: Epoch 00040 | Time(s) 0.0463 | Val Loss 1.4363 | Val Acc 0.3981 | ETputs(KTEPS) 85645.54
2023-10-14 04:32:18,343 - tune.py [line:103] - INFO: Epoch 00060 | Time(s) 0.0462 | Val Loss 1.4125 | Val Acc 0.4288 | ETputs(KTEPS) 85930.91
2023-10-14 04:32:19,269 - tune.py [line:103] - INFO: Epoch 00080 | Time(s) 0.0461 | Val Loss 1.3862 | Val Acc 0.4596 | ETputs(KTEPS) 86075.55
2023-10-14 04:32:20,191 - tune.py [line:103] - INFO: Epoch 00100 | Time(s) 0.0460 | Val Loss 1.3740 | Val Acc 0.4721 | ETputs(KTEPS) 86207.73
2023-10-14 04:32:21,115 - tune.py [line:103] - INFO: Epoch 00120 | Time(s) 0.0460 | Val Loss 1.3557 | Val Acc 0.4827 | ETputs(KTEPS) 86225.31
2023-10-14 04:32:22,041 - tune.py [line:103] - INFO: Epoch 00140 | Time(s) 0.0460 | Val Loss 1.3549 | Val Acc 0.4971 | ETputs(KTEPS) 86270.92
2023-10-14 04:32:22,963 - tune.py [line:103] - INFO: Epoch 00160 | Time(s) 0.0460 | Val Loss 1.3481 | Val Acc 0.5135 | ETputs(KTEPS) 86287.82
2023-10-14 04:32:23,883 - tune.py [line:103] - INFO: Epoch 00180 | Time(s) 0.0460 | Val Loss 1.3506 | Val Acc 0.5125 | ETputs(KTEPS) 86315.42
2023-10-14 04:32:24,804 - tune.py [line:103] - INFO: Epoch 00200 | Time(s) 0.0460 | Val Loss 1.3487 | Val Acc 0.5250 | ETputs(KTEPS) 86319.08
2023-10-14 04:32:25,723 - tune.py [line:103] - INFO: Epoch 00220 | Time(s) 0.0460 | Val Loss 1.3481 | Val Acc 0.5317 | ETputs(KTEPS) 86327.17
2023-10-14 04:32:26,646 - tune.py [line:103] - INFO: Epoch 00240 | Time(s) 0.0460 | Val Loss 1.3588 | Val Acc 0.5288 | ETputs(KTEPS) 86316.11
2023-10-14 04:32:27,569 - tune.py [line:103] - INFO: Epoch 00260 | Time(s) 0.0460 | Val Loss 1.3481 | Val Acc 0.5250 | ETputs(KTEPS) 86324.54
2023-10-14 04:32:28,495 - tune.py [line:103] - INFO: Epoch 00280 | Time(s) 0.0460 | Val Loss 1.3462 | Val Acc 0.5394 | ETputs(KTEPS) 86290.87
2023-10-14 04:32:29,418 - tune.py [line:103] - INFO: Epoch 00300 | Time(s) 0.0460 | Val Loss 1.3546 | Val Acc 0.5404 | ETputs(KTEPS) 86300.83
2023-10-14 04:32:30,335 - tune.py [line:103] - INFO: Epoch 00320 | Time(s) 0.0460 | Val Loss 1.3462 | Val Acc 0.5471 | ETputs(KTEPS) 86315.91
2023-10-14 04:32:31,258 - tune.py [line:103] - INFO: Epoch 00340 | Time(s) 0.0460 | Val Loss 1.3481 | Val Acc 0.5240 | ETputs(KTEPS) 86306.55
2023-10-14 04:32:32,172 - tune.py [line:103] - INFO: Epoch 00360 | Time(s) 0.0459 | Val Loss 1.3378 | Val Acc 0.5471 | ETputs(KTEPS) 86337.07
2023-10-14 04:32:33,100 - tune.py [line:103] - INFO: Epoch 00380 | Time(s) 0.0460 | Val Loss 1.3239 | Val Acc 0.5577 | ETputs(KTEPS) 86309.30
2023-10-14 04:32:34,027 - tune.py [line:103] - INFO: Epoch 00400 | Time(s) 0.0460 | Val Loss 1.3375 | Val Acc 0.5577 | ETputs(KTEPS) 86285.91
2023-10-14 04:32:34,956 - tune.py [line:103] - INFO: Epoch 00420 | Time(s) 0.0460 | Val Loss 1.3373 | Val Acc 0.5490 | ETputs(KTEPS) 86278.63
2023-10-14 04:32:35,877 - tune.py [line:103] - INFO: Epoch 00440 | Time(s) 0.0460 | Val Loss 1.3454 | Val Acc 0.5538 | ETputs(KTEPS) 86287.92
2023-10-14 04:32:36,793 - tune.py [line:103] - INFO: Epoch 00460 | Time(s) 0.0460 | Val Loss 1.3328 | Val Acc 0.5596 | ETputs(KTEPS) 86305.62
2023-10-14 04:32:37,707 - tune.py [line:103] - INFO: Epoch 00480 | Time(s) 0.0460 | Val Loss 1.3418 | Val Acc 0.5500 | ETputs(KTEPS) 86329.57
2023-10-14 04:32:38,621 - tune.py [line:103] - INFO: Epoch 00500 | Time(s) 0.0459 | Val Loss 1.3479 | Val Acc 0.5615 | ETputs(KTEPS) 86347.44
2023-10-14 04:32:39,536 - tune.py [line:103] - INFO: Epoch 00520 | Time(s) 0.0459 | Val Loss 1.3379 | Val Acc 0.5654 | ETputs(KTEPS) 86365.75
2023-10-14 04:32:40,457 - tune.py [line:103] - INFO: Epoch 00540 | Time(s) 0.0459 | Val Loss 1.3397 | Val Acc 0.5615 | ETputs(KTEPS) 86357.26
2023-10-14 04:32:41,371 - tune.py [line:103] - INFO: Epoch 00560 | Time(s) 0.0459 | Val Loss 1.3508 | Val Acc 0.5548 | ETputs(KTEPS) 86373.97
2023-10-14 04:32:42,288 - tune.py [line:103] - INFO: Epoch 00580 | Time(s) 0.0459 | Val Loss 1.3572 | Val Acc 0.5490 | ETputs(KTEPS) 86383.10
2023-10-14 04:32:43,205 - tune.py [line:103] - INFO: Epoch 00600 | Time(s) 0.0459 | Val Loss 1.3447 | Val Acc 0.5538 | ETputs(KTEPS) 86389.65
2023-10-14 04:32:44,124 - tune.py [line:103] - INFO: Epoch 00620 | Time(s) 0.0459 | Val Loss 1.3338 | Val Acc 0.5587 | ETputs(KTEPS) 86387.35
2023-10-14 04:32:45,045 - tune.py [line:103] - INFO: Epoch 00640 | Time(s) 0.0459 | Val Loss 1.3571 | Val Acc 0.5548 | ETputs(KTEPS) 86386.24
2023-10-14 04:32:45,964 - tune.py [line:103] - INFO: Epoch 00660 | Time(s) 0.0459 | Val Loss 1.3547 | Val Acc 0.5587 | ETputs(KTEPS) 86386.54
2023-10-14 04:32:46,881 - tune.py [line:103] - INFO: Epoch 00680 | Time(s) 0.0459 | Val Loss 1.3650 | Val Acc 0.5673 | ETputs(KTEPS) 86391.15
2023-10-14 04:32:47,798 - tune.py [line:103] - INFO: Epoch 00700 | Time(s) 0.0459 | Val Loss 1.3553 | Val Acc 0.5615 | ETputs(KTEPS) 86395.69
2023-10-14 04:32:48,723 - tune.py [line:103] - INFO: Epoch 00720 | Time(s) 0.0459 | Val Loss 1.3644 | Val Acc 0.5721 | ETputs(KTEPS) 86380.11
2023-10-14 04:32:49,639 - tune.py [line:103] - INFO: Epoch 00740 | Time(s) 0.0459 | Val Loss 1.3496 | Val Acc 0.5615 | ETputs(KTEPS) 86387.98
2023-10-14 04:32:50,559 - tune.py [line:103] - INFO: Epoch 00760 | Time(s) 0.0459 | Val Loss 1.3502 | Val Acc 0.5635 | ETputs(KTEPS) 86385.41
2023-10-14 04:32:51,479 - tune.py [line:103] - INFO: Epoch 00780 | Time(s) 0.0459 | Val Loss 1.3546 | Val Acc 0.5587 | ETputs(KTEPS) 86384.03
2023-10-14 04:32:52,398 - tune.py [line:103] - INFO: Epoch 00800 | Time(s) 0.0459 | Val Loss 1.3665 | Val Acc 0.5683 | ETputs(KTEPS) 86382.28
2023-10-14 04:32:53,316 - tune.py [line:103] - INFO: Epoch 00820 | Time(s) 0.0459 | Val Loss 1.3695 | Val Acc 0.5654 | ETputs(KTEPS) 86384.79
2023-10-14 04:32:54,236 - tune.py [line:103] - INFO: Epoch 00840 | Time(s) 0.0459 | Val Loss 1.3837 | Val Acc 0.5529 | ETputs(KTEPS) 86381.92
2023-10-14 04:32:55,155 - tune.py [line:103] - INFO: Epoch 00860 | Time(s) 0.0459 | Val Loss 1.3717 | Val Acc 0.5587 | ETputs(KTEPS) 86383.07
2023-10-14 04:32:56,076 - tune.py [line:103] - INFO: Epoch 00880 | Time(s) 0.0459 | Val Loss 1.3838 | Val Acc 0.5654 | ETputs(KTEPS) 86378.15
2023-10-14 04:32:56,993 - tune.py [line:103] - INFO: Epoch 00900 | Time(s) 0.0459 | Val Loss 1.3859 | Val Acc 0.5721 | ETputs(KTEPS) 86381.37
2023-10-14 04:32:57,910 - tune.py [line:103] - INFO: Epoch 00920 | Time(s) 0.0459 | Val Loss 1.3844 | Val Acc 0.5692 | ETputs(KTEPS) 86386.67
2023-10-14 04:32:58,430 - tune.py [line:117] - INFO: [FINAL MODEL] Val accuracy 57.69% \Val loss: 1.3
2023-10-14 04:32:58,443 - tune.py [line:119] - INFO: [FINAL MODEL] Test accuracy 57.83% \Test loss: 1.4
2023-10-14 04:32:58,443 - tune.py [line:144] - INFO: Acc on the first split (Validation Set): 0.5769
2023-10-14 04:32:58,444 - tune.py [line:145] - INFO: Acc on the first split (Test Set): 0.5783
