2023-10-14 05:03:59,008 - tune.py [line:203] - INFO: Namespace(seed=42, model='GPRGNNV2', gpu=1, dataset='geom-squirrel', logging=True, log_detail=True, log_detailedCh=False, id_log=1014014501, optuna_n_trials=202, n_epochs=2000, self_loop=False, udgraph=True, early_stop=True, patience=300, n_hidden=64, n_cv=1, start_cv=0, n_layers=8, lr1=0.05, lr2=0.05, wd1=1e-06, wd2=1e-05, dropout=0.2, dropout2=0.9, alpha=0.30000000000000004, es_ckpt='woselfloop-geom-squirrel_GPRGNNV2-geom-squirrel_trialNo164')
2023-10-14 05:04:01,795 - tune.py [line:128] - INFO: Split_seeds:[1824]
2023-10-14 05:04:01,795 - tune.py [line:129] - INFO: Model_seeds:[409]
2023-10-14 05:04:02,636 - tune.py [line:103] - INFO: Epoch 00020 | Time(s) 0.0408 | Val Loss 1.4478 | Val Acc 0.3673 | ETputs(KTEPS) 97225.90
2023-10-14 05:04:03,457 - tune.py [line:103] - INFO: Epoch 00040 | Time(s) 0.0406 | Val Loss 1.3314 | Val Acc 0.4279 | ETputs(KTEPS) 97807.83
2023-10-14 05:04:04,311 - tune.py [line:103] - INFO: Epoch 00060 | Time(s) 0.0410 | Val Loss 1.2948 | Val Acc 0.4548 | ETputs(KTEPS) 96714.40
2023-10-14 05:04:05,112 - tune.py [line:103] - INFO: Epoch 00080 | Time(s) 0.0407 | Val Loss 1.2737 | Val Acc 0.4808 | ETputs(KTEPS) 97520.03
2023-10-14 05:04:05,978 - tune.py [line:103] - INFO: Epoch 00100 | Time(s) 0.0411 | Val Loss 1.2552 | Val Acc 0.4769 | ETputs(KTEPS) 96576.56
2023-10-14 05:04:06,800 - tune.py [line:103] - INFO: Epoch 00120 | Time(s) 0.0410 | Val Loss 1.2496 | Val Acc 0.4981 | ETputs(KTEPS) 96649.26
2023-10-14 05:04:07,679 - tune.py [line:103] - INFO: Epoch 00140 | Time(s) 0.0414 | Val Loss 1.2498 | Val Acc 0.5058 | ETputs(KTEPS) 95880.74
2023-10-14 05:04:08,561 - tune.py [line:103] - INFO: Epoch 00160 | Time(s) 0.0417 | Val Loss 1.2537 | Val Acc 0.5135 | ETputs(KTEPS) 95169.44
2023-10-14 05:04:09,371 - tune.py [line:103] - INFO: Epoch 00180 | Time(s) 0.0415 | Val Loss 1.2367 | Val Acc 0.5106 | ETputs(KTEPS) 95477.81
2023-10-14 05:04:10,172 - tune.py [line:103] - INFO: Epoch 00200 | Time(s) 0.0414 | Val Loss 1.2142 | Val Acc 0.5202 | ETputs(KTEPS) 95864.75
2023-10-14 05:04:10,970 - tune.py [line:103] - INFO: Epoch 00220 | Time(s) 0.0412 | Val Loss 1.2335 | Val Acc 0.5260 | ETputs(KTEPS) 96188.14
2023-10-14 05:04:11,781 - tune.py [line:103] - INFO: Epoch 00240 | Time(s) 0.0412 | Val Loss 1.2427 | Val Acc 0.5221 | ETputs(KTEPS) 96319.90
2023-10-14 05:04:12,591 - tune.py [line:103] - INFO: Epoch 00260 | Time(s) 0.0411 | Val Loss 1.2258 | Val Acc 0.5298 | ETputs(KTEPS) 96511.29
2023-10-14 05:04:13,378 - tune.py [line:103] - INFO: Epoch 00280 | Time(s) 0.0410 | Val Loss 1.2067 | Val Acc 0.5308 | ETputs(KTEPS) 96806.58
2023-10-14 05:04:14,216 - tune.py [line:103] - INFO: Epoch 00300 | Time(s) 0.0410 | Val Loss 1.2243 | Val Acc 0.5298 | ETputs(KTEPS) 96681.73
2023-10-14 05:04:15,030 - tune.py [line:103] - INFO: Epoch 00320 | Time(s) 0.0410 | Val Loss 1.2269 | Val Acc 0.5346 | ETputs(KTEPS) 96779.28
2023-10-14 05:04:15,830 - tune.py [line:103] - INFO: Epoch 00340 | Time(s) 0.0409 | Val Loss 1.2107 | Val Acc 0.5519 | ETputs(KTEPS) 96918.70
2023-10-14 05:04:16,693 - tune.py [line:103] - INFO: Epoch 00360 | Time(s) 0.0410 | Val Loss 1.2353 | Val Acc 0.5269 | ETputs(KTEPS) 96657.65
2023-10-14 05:04:17,527 - tune.py [line:103] - INFO: Epoch 00380 | Time(s) 0.0411 | Val Loss 1.2209 | Val Acc 0.5423 | ETputs(KTEPS) 96578.94
2023-10-14 05:04:18,316 - tune.py [line:103] - INFO: Epoch 00400 | Time(s) 0.0410 | Val Loss 1.2148 | Val Acc 0.5356 | ETputs(KTEPS) 96784.04
2023-10-14 05:04:19,138 - tune.py [line:103] - INFO: Epoch 00420 | Time(s) 0.0410 | Val Loss 1.1940 | Val Acc 0.5452 | ETputs(KTEPS) 96772.19
2023-10-14 05:04:19,934 - tune.py [line:103] - INFO: Epoch 00440 | Time(s) 0.0409 | Val Loss 1.1999 | Val Acc 0.5462 | ETputs(KTEPS) 96905.92
2023-10-14 05:04:20,755 - tune.py [line:103] - INFO: Epoch 00460 | Time(s) 0.0409 | Val Loss 1.2114 | Val Acc 0.5490 | ETputs(KTEPS) 96894.84
2023-10-14 05:04:21,551 - tune.py [line:103] - INFO: Epoch 00480 | Time(s) 0.0409 | Val Loss 1.2088 | Val Acc 0.5365 | ETputs(KTEPS) 97022.28
2023-10-14 05:04:22,370 - tune.py [line:103] - INFO: Epoch 00500 | Time(s) 0.0409 | Val Loss 1.2113 | Val Acc 0.5375 | ETputs(KTEPS) 97043.36
2023-10-14 05:04:23,187 - tune.py [line:103] - INFO: Epoch 00520 | Time(s) 0.0409 | Val Loss 1.2140 | Val Acc 0.5481 | ETputs(KTEPS) 97060.11
2023-10-14 05:04:24,007 - tune.py [line:103] - INFO: Epoch 00540 | Time(s) 0.0409 | Val Loss 1.1949 | Val Acc 0.5635 | ETputs(KTEPS) 97051.88
2023-10-14 05:04:24,818 - tune.py [line:103] - INFO: Epoch 00560 | Time(s) 0.0409 | Val Loss 1.1859 | Val Acc 0.5558 | ETputs(KTEPS) 97080.70
2023-10-14 05:04:25,640 - tune.py [line:103] - INFO: Epoch 00580 | Time(s) 0.0409 | Val Loss 1.1781 | Val Acc 0.5673 | ETputs(KTEPS) 97060.25
2023-10-14 05:04:26,444 - tune.py [line:103] - INFO: Epoch 00600 | Time(s) 0.0408 | Val Loss 1.2025 | Val Acc 0.5500 | ETputs(KTEPS) 97117.05
2023-10-14 05:04:27,279 - tune.py [line:103] - INFO: Epoch 00620 | Time(s) 0.0409 | Val Loss 1.2163 | Val Acc 0.5538 | ETputs(KTEPS) 97064.29
2023-10-14 05:04:28,101 - tune.py [line:103] - INFO: Epoch 00640 | Time(s) 0.0409 | Val Loss 1.1916 | Val Acc 0.5692 | ETputs(KTEPS) 97062.05
2023-10-14 05:04:28,889 - tune.py [line:103] - INFO: Epoch 00660 | Time(s) 0.0408 | Val Loss 1.1910 | Val Acc 0.5788 | ETputs(KTEPS) 97179.46
2023-10-14 05:04:29,665 - tune.py [line:103] - INFO: Epoch 00680 | Time(s) 0.0408 | Val Loss 1.2074 | Val Acc 0.5596 | ETputs(KTEPS) 97332.45
2023-10-14 05:04:30,464 - tune.py [line:103] - INFO: Epoch 00700 | Time(s) 0.0407 | Val Loss 1.2073 | Val Acc 0.5644 | ETputs(KTEPS) 97395.16
2023-10-14 05:04:31,293 - tune.py [line:103] - INFO: Epoch 00720 | Time(s) 0.0408 | Val Loss 1.1686 | Val Acc 0.5615 | ETputs(KTEPS) 97349.61
2023-10-14 05:04:32,126 - tune.py [line:103] - INFO: Epoch 00740 | Time(s) 0.0408 | Val Loss 1.1978 | Val Acc 0.5673 | ETputs(KTEPS) 97291.12
2023-10-14 05:04:32,943 - tune.py [line:103] - INFO: Epoch 00760 | Time(s) 0.0408 | Val Loss 1.2201 | Val Acc 0.5471 | ETputs(KTEPS) 97289.91
2023-10-14 05:04:33,750 - tune.py [line:103] - INFO: Epoch 00780 | Time(s) 0.0408 | Val Loss 1.1890 | Val Acc 0.5750 | ETputs(KTEPS) 97316.03
2023-10-14 05:04:34,543 - tune.py [line:103] - INFO: Epoch 00800 | Time(s) 0.0407 | Val Loss 1.1854 | Val Acc 0.5837 | ETputs(KTEPS) 97385.30
2023-10-14 05:04:35,403 - tune.py [line:103] - INFO: Epoch 00820 | Time(s) 0.0408 | Val Loss 1.1897 | Val Acc 0.5779 | ETputs(KTEPS) 97264.28
2023-10-14 05:04:36,217 - tune.py [line:103] - INFO: Epoch 00840 | Time(s) 0.0408 | Val Loss 1.2096 | Val Acc 0.5740 | ETputs(KTEPS) 97271.93
2023-10-14 05:04:37,026 - tune.py [line:103] - INFO: Epoch 00860 | Time(s) 0.0408 | Val Loss 1.1925 | Val Acc 0.5731 | ETputs(KTEPS) 97291.70
2023-10-14 05:04:37,858 - tune.py [line:103] - INFO: Epoch 00880 | Time(s) 0.0408 | Val Loss 1.1882 | Val Acc 0.5654 | ETputs(KTEPS) 97249.24
2023-10-14 05:04:38,657 - tune.py [line:103] - INFO: Epoch 00900 | Time(s) 0.0408 | Val Loss 1.1517 | Val Acc 0.5817 | ETputs(KTEPS) 97295.11
2023-10-14 05:04:39,491 - tune.py [line:103] - INFO: Epoch 00920 | Time(s) 0.0408 | Val Loss 1.2268 | Val Acc 0.5587 | ETputs(KTEPS) 97255.61
2023-10-14 05:04:40,312 - tune.py [line:103] - INFO: Epoch 00940 | Time(s) 0.0408 | Val Loss 1.1632 | Val Acc 0.5731 | ETputs(KTEPS) 97244.26
2023-10-14 05:04:41,150 - tune.py [line:103] - INFO: Epoch 00960 | Time(s) 0.0408 | Val Loss 1.1952 | Val Acc 0.5673 | ETputs(KTEPS) 97190.56
2023-10-14 05:04:41,999 - tune.py [line:103] - INFO: Epoch 00980 | Time(s) 0.0408 | Val Loss 1.1892 | Val Acc 0.5663 | ETputs(KTEPS) 97114.02
2023-10-14 05:04:42,825 - tune.py [line:103] - INFO: Epoch 01000 | Time(s) 0.0409 | Val Loss 1.1681 | Val Acc 0.5865 | ETputs(KTEPS) 97099.14
2023-10-14 05:04:43,632 - tune.py [line:103] - INFO: Epoch 01020 | Time(s) 0.0408 | Val Loss 1.1812 | Val Acc 0.5788 | ETputs(KTEPS) 97123.49
2023-10-14 05:04:44,342 - tune.py [line:103] - INFO: Epoch 01040 | Time(s) 0.0407 | Val Loss 1.1727 | Val Acc 0.5808 | ETputs(KTEPS) 97371.87
2023-10-14 05:04:45,038 - tune.py [line:103] - INFO: Epoch 01060 | Time(s) 0.0406 | Val Loss 1.1524 | Val Acc 0.5942 | ETputs(KTEPS) 97642.50
2023-10-14 05:04:45,763 - tune.py [line:103] - INFO: Epoch 01080 | Time(s) 0.0405 | Val Loss 1.1773 | Val Acc 0.5673 | ETputs(KTEPS) 97838.62
2023-10-14 05:04:46,542 - tune.py [line:103] - INFO: Epoch 01100 | Time(s) 0.0405 | Val Loss 1.1451 | Val Acc 0.5856 | ETputs(KTEPS) 97910.86
2023-10-14 05:04:47,359 - tune.py [line:103] - INFO: Epoch 01120 | Time(s) 0.0405 | Val Loss 1.2044 | Val Acc 0.5625 | ETputs(KTEPS) 97896.11
2023-10-14 05:04:48,132 - tune.py [line:103] - INFO: Epoch 01140 | Time(s) 0.0405 | Val Loss 1.1600 | Val Acc 0.5952 | ETputs(KTEPS) 97976.77
2023-10-14 05:04:48,817 - tune.py [line:103] - INFO: Epoch 01160 | Time(s) 0.0404 | Val Loss 1.2338 | Val Acc 0.5442 | ETputs(KTEPS) 98239.83
2023-10-14 05:04:49,560 - tune.py [line:103] - INFO: Epoch 01180 | Time(s) 0.0403 | Val Loss 1.1522 | Val Acc 0.5894 | ETputs(KTEPS) 98374.32
2023-10-14 05:04:50,290 - tune.py [line:103] - INFO: Epoch 01200 | Time(s) 0.0403 | Val Loss 1.2105 | Val Acc 0.5702 | ETputs(KTEPS) 98531.91
2023-10-14 05:04:51,049 - tune.py [line:103] - INFO: Epoch 01220 | Time(s) 0.0402 | Val Loss 1.2092 | Val Acc 0.5740 | ETputs(KTEPS) 98626.82
2023-10-14 05:04:51,799 - tune.py [line:103] - INFO: Epoch 01240 | Time(s) 0.0402 | Val Loss 1.1917 | Val Acc 0.5702 | ETputs(KTEPS) 98735.31
2023-10-14 05:04:52,558 - tune.py [line:103] - INFO: Epoch 01260 | Time(s) 0.0401 | Val Loss 1.2112 | Val Acc 0.5558 | ETputs(KTEPS) 98823.34
2023-10-14 05:04:53,270 - tune.py [line:103] - INFO: Epoch 01280 | Time(s) 0.0401 | Val Loss 1.2063 | Val Acc 0.5702 | ETputs(KTEPS) 99000.51
2023-10-14 05:04:53,670 - tune.py [line:117] - INFO: [FINAL MODEL] Val accuracy 59.81% \Val loss: 1.2
2023-10-14 05:04:53,680 - tune.py [line:119] - INFO: [FINAL MODEL] Test accuracy 58.41% \Test loss: 1.2
2023-10-14 05:04:53,680 - tune.py [line:144] - INFO: Acc on the first split (Validation Set): 0.5981
2023-10-14 05:04:53,680 - tune.py [line:145] - INFO: Acc on the first split (Test Set): 0.5841
