2023-10-14 03:47:37,746 - tune.py [line:203] - INFO: Namespace(seed=42, model='GPRGNNV2', gpu=1, dataset='geom-squirrel', logging=True, log_detail=True, log_detailedCh=False, id_log=1014014501, optuna_n_trials=202, n_epochs=2000, self_loop=False, udgraph=True, early_stop=True, patience=300, n_hidden=64, n_cv=1, start_cv=0, n_layers=16, lr1=0.04, lr2=0.01, wd1=1e-08, wd2=1e-06, dropout=0.4, dropout2=0.1, alpha=0.6, es_ckpt='woselfloop-geom-squirrel_GPRGNNV2-geom-squirrel_trialNo23')
2023-10-14 03:47:40,535 - tune.py [line:128] - INFO: Split_seeds:[1824]
2023-10-14 03:47:40,535 - tune.py [line:129] - INFO: Model_seeds:[409]
2023-10-14 03:47:42,274 - tune.py [line:103] - INFO: Epoch 00020 | Time(s) 0.0856 | Val Loss 1.5805 | Val Acc 0.3452 | ETputs(KTEPS) 46364.26
2023-10-14 03:47:43,990 - tune.py [line:103] - INFO: Epoch 00040 | Time(s) 0.0855 | Val Loss 1.8255 | Val Acc 0.3635 | ETputs(KTEPS) 46383.08
2023-10-14 03:47:45,719 - tune.py [line:103] - INFO: Epoch 00060 | Time(s) 0.0856 | Val Loss 1.9739 | Val Acc 0.3846 | ETputs(KTEPS) 46331.50
2023-10-14 03:47:47,446 - tune.py [line:103] - INFO: Epoch 00080 | Time(s) 0.0857 | Val Loss 2.0845 | Val Acc 0.4029 | ETputs(KTEPS) 46283.15
2023-10-14 03:47:49,177 - tune.py [line:103] - INFO: Epoch 00100 | Time(s) 0.0858 | Val Loss 2.1529 | Val Acc 0.3962 | ETputs(KTEPS) 46217.50
2023-10-14 03:47:50,897 - tune.py [line:103] - INFO: Epoch 00120 | Time(s) 0.0858 | Val Loss 2.1859 | Val Acc 0.4058 | ETputs(KTEPS) 46244.53
2023-10-14 03:47:52,610 - tune.py [line:103] - INFO: Epoch 00140 | Time(s) 0.0857 | Val Loss 2.2259 | Val Acc 0.4125 | ETputs(KTEPS) 46301.34
2023-10-14 03:47:54,375 - tune.py [line:103] - INFO: Epoch 00160 | Time(s) 0.0859 | Val Loss 2.1776 | Val Acc 0.4433 | ETputs(KTEPS) 46174.39
2023-10-14 03:47:56,086 - tune.py [line:103] - INFO: Epoch 00180 | Time(s) 0.0858 | Val Loss 2.2240 | Val Acc 0.4404 | ETputs(KTEPS) 46212.39
2023-10-14 03:47:57,785 - tune.py [line:103] - INFO: Epoch 00200 | Time(s) 0.0858 | Val Loss 2.2373 | Val Acc 0.4433 | ETputs(KTEPS) 46261.89
2023-10-14 03:47:59,499 - tune.py [line:103] - INFO: Epoch 00220 | Time(s) 0.0857 | Val Loss 2.2375 | Val Acc 0.4529 | ETputs(KTEPS) 46293.30
2023-10-14 03:48:01,218 - tune.py [line:103] - INFO: Epoch 00240 | Time(s) 0.0857 | Val Loss 2.2571 | Val Acc 0.4596 | ETputs(KTEPS) 46283.59
2023-10-14 03:48:02,944 - tune.py [line:103] - INFO: Epoch 00260 | Time(s) 0.0857 | Val Loss 2.2889 | Val Acc 0.4587 | ETputs(KTEPS) 46270.69
2023-10-14 03:48:04,682 - tune.py [line:103] - INFO: Epoch 00280 | Time(s) 0.0858 | Val Loss 2.2743 | Val Acc 0.4635 | ETputs(KTEPS) 46235.56
2023-10-14 03:48:06,413 - tune.py [line:103] - INFO: Epoch 00300 | Time(s) 0.0858 | Val Loss 2.2467 | Val Acc 0.4712 | ETputs(KTEPS) 46223.39
2023-10-14 03:48:08,124 - tune.py [line:103] - INFO: Epoch 00320 | Time(s) 0.0858 | Val Loss 2.2633 | Val Acc 0.4760 | ETputs(KTEPS) 46239.89
2023-10-14 03:48:09,852 - tune.py [line:103] - INFO: Epoch 00340 | Time(s) 0.0858 | Val Loss 2.3121 | Val Acc 0.4817 | ETputs(KTEPS) 46221.70
2023-10-14 03:48:11,570 - tune.py [line:103] - INFO: Epoch 00360 | Time(s) 0.0858 | Val Loss 2.3107 | Val Acc 0.4798 | ETputs(KTEPS) 46221.34
2023-10-14 03:48:13,204 - tune.py [line:103] - INFO: Epoch 00380 | Time(s) 0.0856 | Val Loss 2.3157 | Val Acc 0.4808 | ETputs(KTEPS) 46347.84
2023-10-14 03:48:14,880 - tune.py [line:103] - INFO: Epoch 00400 | Time(s) 0.0855 | Val Loss 2.3087 | Val Acc 0.4913 | ETputs(KTEPS) 46413.72
2023-10-14 03:48:16,453 - tune.py [line:103] - INFO: Epoch 00420 | Time(s) 0.0851 | Val Loss 2.3233 | Val Acc 0.4933 | ETputs(KTEPS) 46593.62
2023-10-14 03:48:18,164 - tune.py [line:103] - INFO: Epoch 00440 | Time(s) 0.0852 | Val Loss 2.3478 | Val Acc 0.5000 | ETputs(KTEPS) 46584.93
2023-10-14 03:48:19,765 - tune.py [line:103] - INFO: Epoch 00460 | Time(s) 0.0849 | Val Loss 2.3019 | Val Acc 0.5038 | ETputs(KTEPS) 46712.92
2023-10-14 03:48:21,320 - tune.py [line:103] - INFO: Epoch 00480 | Time(s) 0.0846 | Val Loss 2.3068 | Val Acc 0.5038 | ETputs(KTEPS) 46883.18
2023-10-14 03:48:22,980 - tune.py [line:103] - INFO: Epoch 00500 | Time(s) 0.0845 | Val Loss 2.3285 | Val Acc 0.5163 | ETputs(KTEPS) 46922.76
2023-10-14 03:48:24,593 - tune.py [line:103] - INFO: Epoch 00520 | Time(s) 0.0844 | Val Loss 2.3825 | Val Acc 0.5115 | ETputs(KTEPS) 47014.80
2023-10-14 03:48:26,185 - tune.py [line:103] - INFO: Epoch 00540 | Time(s) 0.0842 | Val Loss 2.3421 | Val Acc 0.5144 | ETputs(KTEPS) 47114.75
2023-10-14 03:48:27,855 - tune.py [line:103] - INFO: Epoch 00560 | Time(s) 0.0842 | Val Loss 2.3171 | Val Acc 0.5221 | ETputs(KTEPS) 47131.25
2023-10-14 03:48:29,521 - tune.py [line:103] - INFO: Epoch 00580 | Time(s) 0.0841 | Val Loss 2.3644 | Val Acc 0.5260 | ETputs(KTEPS) 47159.90
2023-10-14 03:48:31,037 - tune.py [line:103] - INFO: Epoch 00600 | Time(s) 0.0838 | Val Loss 2.3983 | Val Acc 0.5173 | ETputs(KTEPS) 47315.69
2023-10-14 03:48:32,685 - tune.py [line:103] - INFO: Epoch 00620 | Time(s) 0.0838 | Val Loss 2.3805 | Val Acc 0.5144 | ETputs(KTEPS) 47342.93
2023-10-14 03:48:34,333 - tune.py [line:103] - INFO: Epoch 00640 | Time(s) 0.0837 | Val Loss 2.3956 | Val Acc 0.5183 | ETputs(KTEPS) 47368.17
2023-10-14 03:48:36,042 - tune.py [line:103] - INFO: Epoch 00660 | Time(s) 0.0838 | Val Loss 2.3641 | Val Acc 0.5183 | ETputs(KTEPS) 47340.32
2023-10-14 03:48:37,749 - tune.py [line:103] - INFO: Epoch 00680 | Time(s) 0.0838 | Val Loss 2.3563 | Val Acc 0.5269 | ETputs(KTEPS) 47314.68
2023-10-14 03:48:39,442 - tune.py [line:103] - INFO: Epoch 00700 | Time(s) 0.0839 | Val Loss 2.3575 | Val Acc 0.5163 | ETputs(KTEPS) 47302.03
2023-10-14 03:48:41,195 - tune.py [line:103] - INFO: Epoch 00720 | Time(s) 0.0840 | Val Loss 2.3723 | Val Acc 0.5250 | ETputs(KTEPS) 47243.80
2023-10-14 03:48:42,903 - tune.py [line:103] - INFO: Epoch 00740 | Time(s) 0.0840 | Val Loss 2.3515 | Val Acc 0.5279 | ETputs(KTEPS) 47224.51
2023-10-14 03:48:44,646 - tune.py [line:103] - INFO: Epoch 00760 | Time(s) 0.0841 | Val Loss 2.3746 | Val Acc 0.5250 | ETputs(KTEPS) 47180.50
2023-10-14 03:48:46,370 - tune.py [line:103] - INFO: Epoch 00780 | Time(s) 0.0841 | Val Loss 2.3985 | Val Acc 0.5231 | ETputs(KTEPS) 47150.89
2023-10-14 03:48:48,083 - tune.py [line:103] - INFO: Epoch 00800 | Time(s) 0.0842 | Val Loss 2.3837 | Val Acc 0.5231 | ETputs(KTEPS) 47130.49
2023-10-14 03:48:49,802 - tune.py [line:103] - INFO: Epoch 00820 | Time(s) 0.0842 | Val Loss 2.3892 | Val Acc 0.5202 | ETputs(KTEPS) 47106.58
2023-10-14 03:48:51,522 - tune.py [line:103] - INFO: Epoch 00840 | Time(s) 0.0843 | Val Loss 2.3927 | Val Acc 0.5250 | ETputs(KTEPS) 47083.14
2023-10-14 03:48:53,265 - tune.py [line:103] - INFO: Epoch 00860 | Time(s) 0.0843 | Val Loss 2.4018 | Val Acc 0.5279 | ETputs(KTEPS) 47046.16
2023-10-14 03:48:54,997 - tune.py [line:103] - INFO: Epoch 00880 | Time(s) 0.0844 | Val Loss 2.3899 | Val Acc 0.5375 | ETputs(KTEPS) 47023.45
2023-10-14 03:48:56,715 - tune.py [line:103] - INFO: Epoch 00900 | Time(s) 0.0844 | Val Loss 2.4139 | Val Acc 0.5288 | ETputs(KTEPS) 47006.29
2023-10-14 03:48:58,437 - tune.py [line:103] - INFO: Epoch 00920 | Time(s) 0.0844 | Val Loss 2.4338 | Val Acc 0.5327 | ETputs(KTEPS) 46986.06
2023-10-14 03:49:00,164 - tune.py [line:103] - INFO: Epoch 00940 | Time(s) 0.0845 | Val Loss 2.4198 | Val Acc 0.5260 | ETputs(KTEPS) 46963.83
2023-10-14 03:49:01,870 - tune.py [line:103] - INFO: Epoch 00960 | Time(s) 0.0845 | Val Loss 2.4145 | Val Acc 0.5337 | ETputs(KTEPS) 46954.60
2023-10-14 03:49:03,588 - tune.py [line:103] - INFO: Epoch 00980 | Time(s) 0.0845 | Val Loss 2.3986 | Val Acc 0.5346 | ETputs(KTEPS) 46938.75
2023-10-14 03:49:05,327 - tune.py [line:103] - INFO: Epoch 01000 | Time(s) 0.0846 | Val Loss 2.3630 | Val Acc 0.5365 | ETputs(KTEPS) 46912.17
2023-10-14 03:49:07,039 - tune.py [line:103] - INFO: Epoch 01020 | Time(s) 0.0846 | Val Loss 2.3922 | Val Acc 0.5404 | ETputs(KTEPS) 46901.46
2023-10-14 03:49:08,760 - tune.py [line:103] - INFO: Epoch 01040 | Time(s) 0.0846 | Val Loss 2.4711 | Val Acc 0.5317 | ETputs(KTEPS) 46886.19
2023-10-14 03:49:10,485 - tune.py [line:103] - INFO: Epoch 01060 | Time(s) 0.0846 | Val Loss 2.4722 | Val Acc 0.5404 | ETputs(KTEPS) 46868.97
2023-10-14 03:49:12,226 - tune.py [line:103] - INFO: Epoch 01080 | Time(s) 0.0847 | Val Loss 2.4713 | Val Acc 0.5404 | ETputs(KTEPS) 46848.08
2023-10-14 03:49:13,929 - tune.py [line:103] - INFO: Epoch 01100 | Time(s) 0.0847 | Val Loss 2.5093 | Val Acc 0.5327 | ETputs(KTEPS) 46843.79
2023-10-14 03:49:15,663 - tune.py [line:103] - INFO: Epoch 01120 | Time(s) 0.0847 | Val Loss 2.5017 | Val Acc 0.5365 | ETputs(KTEPS) 46826.41
2023-10-14 03:49:17,398 - tune.py [line:103] - INFO: Epoch 01140 | Time(s) 0.0848 | Val Loss 2.4508 | Val Acc 0.5433 | ETputs(KTEPS) 46808.04
2023-10-14 03:49:19,131 - tune.py [line:103] - INFO: Epoch 01160 | Time(s) 0.0848 | Val Loss 2.4568 | Val Acc 0.5510 | ETputs(KTEPS) 46791.89
2023-10-14 03:49:20,844 - tune.py [line:103] - INFO: Epoch 01180 | Time(s) 0.0848 | Val Loss 2.4879 | Val Acc 0.5442 | ETputs(KTEPS) 46784.00
2023-10-14 03:49:22,550 - tune.py [line:103] - INFO: Epoch 01200 | Time(s) 0.0848 | Val Loss 2.4839 | Val Acc 0.5375 | ETputs(KTEPS) 46779.42
2023-10-14 03:49:24,186 - tune.py [line:103] - INFO: Epoch 01220 | Time(s) 0.0848 | Val Loss 2.4986 | Val Acc 0.5385 | ETputs(KTEPS) 46806.94
2023-10-14 03:49:25,830 - tune.py [line:103] - INFO: Epoch 01240 | Time(s) 0.0847 | Val Loss 2.4682 | Val Acc 0.5433 | ETputs(KTEPS) 46830.18
2023-10-14 03:49:27,535 - tune.py [line:103] - INFO: Epoch 01260 | Time(s) 0.0847 | Val Loss 2.5019 | Val Acc 0.5327 | ETputs(KTEPS) 46825.80
2023-10-14 03:49:29,250 - tune.py [line:103] - INFO: Epoch 01280 | Time(s) 0.0847 | Val Loss 2.5227 | Val Acc 0.5481 | ETputs(KTEPS) 46817.16
2023-10-14 03:49:30,904 - tune.py [line:103] - INFO: Epoch 01300 | Time(s) 0.0847 | Val Loss 2.5101 | Val Acc 0.5433 | ETputs(KTEPS) 46834.80
2023-10-14 03:49:32,542 - tune.py [line:103] - INFO: Epoch 01320 | Time(s) 0.0847 | Val Loss 2.5460 | Val Acc 0.5481 | ETputs(KTEPS) 46861.08
2023-10-14 03:49:34,214 - tune.py [line:103] - INFO: Epoch 01340 | Time(s) 0.0846 | Val Loss 2.5430 | Val Acc 0.5433 | ETputs(KTEPS) 46870.33
2023-10-14 03:49:35,749 - tune.py [line:103] - INFO: Epoch 01360 | Time(s) 0.0845 | Val Loss 2.5092 | Val Acc 0.5413 | ETputs(KTEPS) 46934.76
2023-10-14 03:49:37,340 - tune.py [line:103] - INFO: Epoch 01380 | Time(s) 0.0844 | Val Loss 2.4947 | Val Acc 0.5529 | ETputs(KTEPS) 46975.26
2023-10-14 03:49:39,041 - tune.py [line:103] - INFO: Epoch 01400 | Time(s) 0.0845 | Val Loss 2.5113 | Val Acc 0.5433 | ETputs(KTEPS) 46971.87
2023-10-14 03:49:40,743 - tune.py [line:103] - INFO: Epoch 01420 | Time(s) 0.0845 | Val Loss 2.4931 | Val Acc 0.5423 | ETputs(KTEPS) 46967.14
2023-10-14 03:49:42,448 - tune.py [line:103] - INFO: Epoch 01440 | Time(s) 0.0845 | Val Loss 2.5082 | Val Acc 0.5567 | ETputs(KTEPS) 46962.05
2023-10-14 03:49:44,163 - tune.py [line:103] - INFO: Epoch 01460 | Time(s) 0.0845 | Val Loss 2.4427 | Val Acc 0.5567 | ETputs(KTEPS) 46954.82
2023-10-14 03:49:45,871 - tune.py [line:103] - INFO: Epoch 01480 | Time(s) 0.0845 | Val Loss 2.4409 | Val Acc 0.5596 | ETputs(KTEPS) 46948.19
2023-10-14 03:49:47,603 - tune.py [line:103] - INFO: Epoch 01500 | Time(s) 0.0845 | Val Loss 2.4658 | Val Acc 0.5529 | ETputs(KTEPS) 46934.99
2023-10-14 03:49:49,313 - tune.py [line:103] - INFO: Epoch 01520 | Time(s) 0.0845 | Val Loss 2.4805 | Val Acc 0.5490 | ETputs(KTEPS) 46928.08
2023-10-14 03:49:51,048 - tune.py [line:103] - INFO: Epoch 01540 | Time(s) 0.0846 | Val Loss 2.4660 | Val Acc 0.5538 | ETputs(KTEPS) 46912.41
2023-10-14 03:49:52,789 - tune.py [line:103] - INFO: Epoch 01560 | Time(s) 0.0846 | Val Loss 2.5083 | Val Acc 0.5471 | ETputs(KTEPS) 46895.13
2023-10-14 03:49:54,525 - tune.py [line:103] - INFO: Epoch 01580 | Time(s) 0.0846 | Val Loss 2.4934 | Val Acc 0.5500 | ETputs(KTEPS) 46880.06
2023-10-14 03:49:56,242 - tune.py [line:103] - INFO: Epoch 01600 | Time(s) 0.0846 | Val Loss 2.5533 | Val Acc 0.5538 | ETputs(KTEPS) 46872.00
2023-10-14 03:49:57,966 - tune.py [line:103] - INFO: Epoch 01620 | Time(s) 0.0847 | Val Loss 2.5405 | Val Acc 0.5500 | ETputs(KTEPS) 46861.52
2023-10-14 03:49:59,696 - tune.py [line:103] - INFO: Epoch 01640 | Time(s) 0.0847 | Val Loss 2.5543 | Val Acc 0.5452 | ETputs(KTEPS) 46849.50
2023-10-14 03:50:01,433 - tune.py [line:103] - INFO: Epoch 01660 | Time(s) 0.0847 | Val Loss 2.5714 | Val Acc 0.5490 | ETputs(KTEPS) 46836.36
2023-10-14 03:50:03,147 - tune.py [line:103] - INFO: Epoch 01680 | Time(s) 0.0847 | Val Loss 2.5532 | Val Acc 0.5462 | ETputs(KTEPS) 46830.04
2023-10-14 03:50:04,860 - tune.py [line:103] - INFO: Epoch 01700 | Time(s) 0.0847 | Val Loss 2.5591 | Val Acc 0.5500 | ETputs(KTEPS) 46824.24
2023-10-14 03:50:06,585 - tune.py [line:103] - INFO: Epoch 01720 | Time(s) 0.0847 | Val Loss 2.5449 | Val Acc 0.5558 | ETputs(KTEPS) 46814.61
2023-10-14 03:50:08,308 - tune.py [line:103] - INFO: Epoch 01740 | Time(s) 0.0848 | Val Loss 2.5559 | Val Acc 0.5596 | ETputs(KTEPS) 46806.05
2023-10-14 03:50:10,033 - tune.py [line:103] - INFO: Epoch 01760 | Time(s) 0.0848 | Val Loss 2.5571 | Val Acc 0.5500 | ETputs(KTEPS) 46796.91
2023-10-14 03:50:11,742 - tune.py [line:103] - INFO: Epoch 01780 | Time(s) 0.0848 | Val Loss 2.5998 | Val Acc 0.5471 | ETputs(KTEPS) 46793.05
2023-10-14 03:50:12,039 - tune.py [line:117] - INFO: [FINAL MODEL] Val accuracy 57.21% \Val loss: 2.4
2023-10-14 03:50:12,065 - tune.py [line:119] - INFO: [FINAL MODEL] Test accuracy 55.62% \Test loss: 2.8
2023-10-14 03:50:12,066 - tune.py [line:144] - INFO: Acc on the first split (Validation Set): 0.5721
2023-10-14 03:50:12,066 - tune.py [line:145] - INFO: Acc on the first split (Test Set): 0.5562
