2023-10-14 04:49:35,523 - tune.py [line:203] - INFO: Namespace(seed=42, model='GPRGNNV2', gpu=1, dataset='geom-squirrel', logging=True, log_detail=True, log_detailedCh=False, id_log=1014014501, optuna_n_trials=202, n_epochs=2000, self_loop=False, udgraph=True, early_stop=True, patience=300, n_hidden=64, n_cv=1, start_cv=0, n_layers=8, lr1=0.05, lr2=0.05, wd1=1e-05, wd2=0.0001, dropout=0.1, dropout2=0.9, alpha=0.4, es_ckpt='woselfloop-geom-squirrel_GPRGNNV2-geom-squirrel_trialNo118')
2023-10-14 04:49:38,047 - tune.py [line:128] - INFO: Split_seeds:[1824]
2023-10-14 04:49:38,047 - tune.py [line:129] - INFO: Model_seeds:[409]
2023-10-14 04:49:38,754 - tune.py [line:103] - INFO: Epoch 00020 | Time(s) 0.0344 | Val Loss 1.4457 | Val Acc 0.3712 | ETputs(KTEPS) 115166.43
2023-10-14 04:49:39,445 - tune.py [line:103] - INFO: Epoch 00040 | Time(s) 0.0341 | Val Loss 1.3611 | Val Acc 0.4115 | ETputs(KTEPS) 116228.00
2023-10-14 04:49:40,118 - tune.py [line:103] - INFO: Epoch 00060 | Time(s) 0.0338 | Val Loss 1.3502 | Val Acc 0.4317 | ETputs(KTEPS) 117203.82
2023-10-14 04:49:40,805 - tune.py [line:103] - INFO: Epoch 00080 | Time(s) 0.0339 | Val Loss 1.3294 | Val Acc 0.4510 | ETputs(KTEPS) 117076.76
2023-10-14 04:49:41,479 - tune.py [line:103] - INFO: Epoch 00100 | Time(s) 0.0338 | Val Loss 1.3552 | Val Acc 0.4529 | ETputs(KTEPS) 117327.40
2023-10-14 04:49:42,160 - tune.py [line:103] - INFO: Epoch 00120 | Time(s) 0.0338 | Val Loss 1.3346 | Val Acc 0.4644 | ETputs(KTEPS) 117438.09
2023-10-14 04:49:42,831 - tune.py [line:103] - INFO: Epoch 00140 | Time(s) 0.0337 | Val Loss 1.3102 | Val Acc 0.4798 | ETputs(KTEPS) 117615.17
2023-10-14 04:49:43,502 - tune.py [line:103] - INFO: Epoch 00160 | Time(s) 0.0337 | Val Loss 1.3442 | Val Acc 0.4692 | ETputs(KTEPS) 117738.60
2023-10-14 04:49:44,170 - tune.py [line:103] - INFO: Epoch 00180 | Time(s) 0.0337 | Val Loss 1.3356 | Val Acc 0.4808 | ETputs(KTEPS) 117850.23
2023-10-14 04:49:44,839 - tune.py [line:103] - INFO: Epoch 00200 | Time(s) 0.0336 | Val Loss 1.3063 | Val Acc 0.4990 | ETputs(KTEPS) 117964.09
2023-10-14 04:49:45,512 - tune.py [line:103] - INFO: Epoch 00220 | Time(s) 0.0336 | Val Loss 1.3023 | Val Acc 0.5038 | ETputs(KTEPS) 118027.04
2023-10-14 04:49:46,184 - tune.py [line:103] - INFO: Epoch 00240 | Time(s) 0.0336 | Val Loss 1.3354 | Val Acc 0.4913 | ETputs(KTEPS) 118065.21
2023-10-14 04:49:46,852 - tune.py [line:103] - INFO: Epoch 00260 | Time(s) 0.0336 | Val Loss 1.3208 | Val Acc 0.4894 | ETputs(KTEPS) 118116.08
2023-10-14 04:49:47,521 - tune.py [line:103] - INFO: Epoch 00280 | Time(s) 0.0336 | Val Loss 1.2984 | Val Acc 0.5038 | ETputs(KTEPS) 118160.70
2023-10-14 04:49:48,191 - tune.py [line:103] - INFO: Epoch 00300 | Time(s) 0.0336 | Val Loss 1.2903 | Val Acc 0.5163 | ETputs(KTEPS) 118179.10
2023-10-14 04:49:48,867 - tune.py [line:103] - INFO: Epoch 00320 | Time(s) 0.0336 | Val Loss 1.3386 | Val Acc 0.4942 | ETputs(KTEPS) 118189.61
2023-10-14 04:49:49,538 - tune.py [line:103] - INFO: Epoch 00340 | Time(s) 0.0336 | Val Loss 1.2673 | Val Acc 0.5298 | ETputs(KTEPS) 118217.00
2023-10-14 04:49:50,212 - tune.py [line:103] - INFO: Epoch 00360 | Time(s) 0.0336 | Val Loss 1.3233 | Val Acc 0.5048 | ETputs(KTEPS) 118212.36
2023-10-14 04:49:50,884 - tune.py [line:103] - INFO: Epoch 00380 | Time(s) 0.0336 | Val Loss 1.3032 | Val Acc 0.5144 | ETputs(KTEPS) 118217.57
2023-10-14 04:49:51,559 - tune.py [line:103] - INFO: Epoch 00400 | Time(s) 0.0336 | Val Loss 1.2839 | Val Acc 0.5192 | ETputs(KTEPS) 118188.50
2023-10-14 04:49:52,230 - tune.py [line:103] - INFO: Epoch 00420 | Time(s) 0.0336 | Val Loss 1.2530 | Val Acc 0.5337 | ETputs(KTEPS) 118196.33
2023-10-14 04:49:52,901 - tune.py [line:103] - INFO: Epoch 00440 | Time(s) 0.0336 | Val Loss 1.2666 | Val Acc 0.5183 | ETputs(KTEPS) 118203.96
2023-10-14 04:49:53,570 - tune.py [line:103] - INFO: Epoch 00460 | Time(s) 0.0336 | Val Loss 1.2734 | Val Acc 0.5269 | ETputs(KTEPS) 118224.50
2023-10-14 04:49:54,242 - tune.py [line:103] - INFO: Epoch 00480 | Time(s) 0.0336 | Val Loss 1.2891 | Val Acc 0.5221 | ETputs(KTEPS) 118223.22
2023-10-14 04:49:54,911 - tune.py [line:103] - INFO: Epoch 00500 | Time(s) 0.0336 | Val Loss 1.2917 | Val Acc 0.5346 | ETputs(KTEPS) 118238.75
2023-10-14 04:49:55,583 - tune.py [line:103] - INFO: Epoch 00520 | Time(s) 0.0336 | Val Loss 1.2657 | Val Acc 0.5375 | ETputs(KTEPS) 118233.62
2023-10-14 04:49:56,251 - tune.py [line:103] - INFO: Epoch 00540 | Time(s) 0.0335 | Val Loss 1.2965 | Val Acc 0.5288 | ETputs(KTEPS) 118258.27
2023-10-14 04:49:56,926 - tune.py [line:103] - INFO: Epoch 00560 | Time(s) 0.0335 | Val Loss 1.2552 | Val Acc 0.5356 | ETputs(KTEPS) 118243.91
2023-10-14 04:49:57,596 - tune.py [line:103] - INFO: Epoch 00580 | Time(s) 0.0335 | Val Loss 1.2683 | Val Acc 0.5423 | ETputs(KTEPS) 118258.56
2023-10-14 04:49:58,268 - tune.py [line:103] - INFO: Epoch 00600 | Time(s) 0.0335 | Val Loss 1.2593 | Val Acc 0.5471 | ETputs(KTEPS) 118263.02
2023-10-14 04:49:58,940 - tune.py [line:103] - INFO: Epoch 00620 | Time(s) 0.0335 | Val Loss 1.2549 | Val Acc 0.5413 | ETputs(KTEPS) 118270.21
2023-10-14 04:49:59,613 - tune.py [line:103] - INFO: Epoch 00640 | Time(s) 0.0335 | Val Loss 1.2629 | Val Acc 0.5356 | ETputs(KTEPS) 118260.00
2023-10-14 04:50:00,286 - tune.py [line:103] - INFO: Epoch 00660 | Time(s) 0.0335 | Val Loss 1.2829 | Val Acc 0.5269 | ETputs(KTEPS) 118251.31
2023-10-14 04:50:00,965 - tune.py [line:103] - INFO: Epoch 00680 | Time(s) 0.0336 | Val Loss 1.2436 | Val Acc 0.5269 | ETputs(KTEPS) 118215.19
2023-10-14 04:50:01,636 - tune.py [line:103] - INFO: Epoch 00700 | Time(s) 0.0336 | Val Loss 1.2429 | Val Acc 0.5394 | ETputs(KTEPS) 118215.27
2023-10-14 04:50:02,323 - tune.py [line:103] - INFO: Epoch 00720 | Time(s) 0.0336 | Val Loss 1.2338 | Val Acc 0.5279 | ETputs(KTEPS) 118141.28
2023-10-14 04:50:02,994 - tune.py [line:103] - INFO: Epoch 00740 | Time(s) 0.0336 | Val Loss 1.2624 | Val Acc 0.5356 | ETputs(KTEPS) 118145.39
2023-10-14 04:50:03,665 - tune.py [line:103] - INFO: Epoch 00760 | Time(s) 0.0336 | Val Loss 1.2441 | Val Acc 0.5413 | ETputs(KTEPS) 118149.74
2023-10-14 04:50:04,335 - tune.py [line:103] - INFO: Epoch 00780 | Time(s) 0.0336 | Val Loss 1.2782 | Val Acc 0.5337 | ETputs(KTEPS) 118160.22
2023-10-14 04:50:05,004 - tune.py [line:103] - INFO: Epoch 00800 | Time(s) 0.0336 | Val Loss 1.2661 | Val Acc 0.5337 | ETputs(KTEPS) 118172.27
2023-10-14 04:50:05,672 - tune.py [line:103] - INFO: Epoch 00820 | Time(s) 0.0336 | Val Loss 1.2555 | Val Acc 0.5548 | ETputs(KTEPS) 118189.84
2023-10-14 04:50:06,350 - tune.py [line:103] - INFO: Epoch 00840 | Time(s) 0.0336 | Val Loss 1.2441 | Val Acc 0.5500 | ETputs(KTEPS) 118185.92
2023-10-14 04:50:07,015 - tune.py [line:103] - INFO: Epoch 00860 | Time(s) 0.0336 | Val Loss 1.2751 | Val Acc 0.5413 | ETputs(KTEPS) 118211.33
2023-10-14 04:50:07,688 - tune.py [line:103] - INFO: Epoch 00880 | Time(s) 0.0336 | Val Loss 1.2436 | Val Acc 0.5481 | ETputs(KTEPS) 118207.94
2023-10-14 04:50:08,359 - tune.py [line:103] - INFO: Epoch 00900 | Time(s) 0.0336 | Val Loss 1.2322 | Val Acc 0.5413 | ETputs(KTEPS) 118208.52
2023-10-14 04:50:09,026 - tune.py [line:103] - INFO: Epoch 00920 | Time(s) 0.0336 | Val Loss 1.2321 | Val Acc 0.5519 | ETputs(KTEPS) 118227.38
2023-10-14 04:50:09,697 - tune.py [line:103] - INFO: Epoch 00940 | Time(s) 0.0336 | Val Loss 1.2624 | Val Acc 0.5356 | ETputs(KTEPS) 118228.44
2023-10-14 04:50:10,373 - tune.py [line:103] - INFO: Epoch 00960 | Time(s) 0.0336 | Val Loss 1.2691 | Val Acc 0.5308 | ETputs(KTEPS) 118215.82
2023-10-14 04:50:11,050 - tune.py [line:103] - INFO: Epoch 00980 | Time(s) 0.0336 | Val Loss 1.2373 | Val Acc 0.5452 | ETputs(KTEPS) 118194.20
2023-10-14 04:50:11,776 - tune.py [line:103] - INFO: Epoch 01000 | Time(s) 0.0336 | Val Loss 1.2559 | Val Acc 0.5462 | ETputs(KTEPS) 118005.17
2023-10-14 04:50:12,524 - tune.py [line:103] - INFO: Epoch 01020 | Time(s) 0.0337 | Val Loss 1.2770 | Val Acc 0.5510 | ETputs(KTEPS) 117749.59
2023-10-14 04:50:13,211 - tune.py [line:103] - INFO: Epoch 01040 | Time(s) 0.0337 | Val Loss 1.2275 | Val Acc 0.5519 | ETputs(KTEPS) 117705.32
2023-10-14 04:50:13,900 - tune.py [line:103] - INFO: Epoch 01060 | Time(s) 0.0337 | Val Loss 1.2313 | Val Acc 0.5385 | ETputs(KTEPS) 117658.81
2023-10-14 04:50:14,589 - tune.py [line:103] - INFO: Epoch 01080 | Time(s) 0.0337 | Val Loss 1.2406 | Val Acc 0.5385 | ETputs(KTEPS) 117614.36
2023-10-14 04:50:15,268 - tune.py [line:103] - INFO: Epoch 01100 | Time(s) 0.0337 | Val Loss 1.2408 | Val Acc 0.5587 | ETputs(KTEPS) 117601.15
2023-10-14 04:50:15,955 - tune.py [line:103] - INFO: Epoch 01120 | Time(s) 0.0337 | Val Loss 1.2680 | Val Acc 0.5327 | ETputs(KTEPS) 117565.48
2023-10-14 04:50:16,639 - tune.py [line:103] - INFO: Epoch 01140 | Time(s) 0.0337 | Val Loss 1.2460 | Val Acc 0.5587 | ETputs(KTEPS) 117547.33
2023-10-14 04:50:17,317 - tune.py [line:103] - INFO: Epoch 01160 | Time(s) 0.0338 | Val Loss 1.2881 | Val Acc 0.5365 | ETputs(KTEPS) 117538.74
2023-10-14 04:50:17,994 - tune.py [line:103] - INFO: Epoch 01180 | Time(s) 0.0338 | Val Loss 1.2488 | Val Acc 0.5587 | ETputs(KTEPS) 117534.94
2023-10-14 04:50:18,674 - tune.py [line:103] - INFO: Epoch 01200 | Time(s) 0.0338 | Val Loss 1.2333 | Val Acc 0.5712 | ETputs(KTEPS) 117521.63
2023-10-14 04:50:19,355 - tune.py [line:103] - INFO: Epoch 01220 | Time(s) 0.0338 | Val Loss 1.2203 | Val Acc 0.5490 | ETputs(KTEPS) 117507.98
2023-10-14 04:50:20,032 - tune.py [line:103] - INFO: Epoch 01240 | Time(s) 0.0338 | Val Loss 1.2594 | Val Acc 0.5548 | ETputs(KTEPS) 117503.09
2023-10-14 04:50:20,710 - tune.py [line:103] - INFO: Epoch 01260 | Time(s) 0.0338 | Val Loss 1.2959 | Val Acc 0.5183 | ETputs(KTEPS) 117497.26
2023-10-14 04:50:21,396 - tune.py [line:103] - INFO: Epoch 01280 | Time(s) 0.0338 | Val Loss 1.2358 | Val Acc 0.5567 | ETputs(KTEPS) 117470.92
2023-10-14 04:50:22,082 - tune.py [line:103] - INFO: Epoch 01300 | Time(s) 0.0338 | Val Loss 1.2198 | Val Acc 0.5567 | ETputs(KTEPS) 117443.81
2023-10-14 04:50:22,761 - tune.py [line:103] - INFO: Epoch 01320 | Time(s) 0.0338 | Val Loss 1.2307 | Val Acc 0.5529 | ETputs(KTEPS) 117435.53
2023-10-14 04:50:23,441 - tune.py [line:103] - INFO: Epoch 01340 | Time(s) 0.0338 | Val Loss 1.2476 | Val Acc 0.5394 | ETputs(KTEPS) 117425.89
2023-10-14 04:50:24,123 - tune.py [line:103] - INFO: Epoch 01360 | Time(s) 0.0338 | Val Loss 1.1952 | Val Acc 0.5596 | ETputs(KTEPS) 117412.84
2023-10-14 04:50:24,805 - tune.py [line:103] - INFO: Epoch 01380 | Time(s) 0.0338 | Val Loss 1.2334 | Val Acc 0.5577 | ETputs(KTEPS) 117399.05
2023-10-14 04:50:25,482 - tune.py [line:103] - INFO: Epoch 01400 | Time(s) 0.0338 | Val Loss 1.2266 | Val Acc 0.5615 | ETputs(KTEPS) 117396.69
2023-10-14 04:50:26,157 - tune.py [line:103] - INFO: Epoch 01420 | Time(s) 0.0338 | Val Loss 1.2791 | Val Acc 0.5337 | ETputs(KTEPS) 117400.41
2023-10-14 04:50:26,304 - tune.py [line:117] - INFO: [FINAL MODEL] Val accuracy 57.12% \Val loss: 1.2
2023-10-14 04:50:26,313 - tune.py [line:119] - INFO: [FINAL MODEL] Test accuracy 56.29% \Test loss: 1.3
2023-10-14 04:50:26,313 - tune.py [line:144] - INFO: Acc on the first split (Validation Set): 0.5712
2023-10-14 04:50:26,313 - tune.py [line:145] - INFO: Acc on the first split (Test Set): 0.5629
