2023-10-14 04:22:38,910 - tune.py [line:203] - INFO: Namespace(seed=42, model='GPRGNNV2', gpu=1, dataset='geom-squirrel', logging=True, log_detail=True, log_detailedCh=False, id_log=1014014501, optuna_n_trials=202, n_epochs=2000, self_loop=False, udgraph=True, early_stop=True, patience=300, n_hidden=64, n_cv=1, start_cv=0, n_layers=16, lr1=0.02, lr2=0.04, wd1=1e-07, wd2=1e-08, dropout=0.5, dropout2=0.3, alpha=0.4, es_ckpt='woselfloop-geom-squirrel_GPRGNNV2-geom-squirrel_trialNo62')
2023-10-14 04:22:41,344 - tune.py [line:128] - INFO: Split_seeds:[1824]
2023-10-14 04:22:41,344 - tune.py [line:129] - INFO: Model_seeds:[409]
2023-10-14 04:22:42,543 - tune.py [line:103] - INFO: Epoch 00020 | Time(s) 0.0590 | Val Loss 1.4766 | Val Acc 0.3529 | ETputs(KTEPS) 67248.67
2023-10-14 04:22:43,715 - tune.py [line:103] - INFO: Epoch 00040 | Time(s) 0.0587 | Val Loss 1.5045 | Val Acc 0.3654 | ETputs(KTEPS) 67562.31
2023-10-14 04:22:44,901 - tune.py [line:103] - INFO: Epoch 00060 | Time(s) 0.0587 | Val Loss 1.4839 | Val Acc 0.4144 | ETputs(KTEPS) 67596.32
2023-10-14 04:22:46,080 - tune.py [line:103] - INFO: Epoch 00080 | Time(s) 0.0586 | Val Loss 1.5055 | Val Acc 0.4202 | ETputs(KTEPS) 67654.72
2023-10-14 04:22:47,249 - tune.py [line:103] - INFO: Epoch 00100 | Time(s) 0.0586 | Val Loss 1.5075 | Val Acc 0.4346 | ETputs(KTEPS) 67718.59
2023-10-14 04:22:48,426 - tune.py [line:103] - INFO: Epoch 00120 | Time(s) 0.0586 | Val Loss 1.4962 | Val Acc 0.4423 | ETputs(KTEPS) 67748.63
2023-10-14 04:22:49,607 - tune.py [line:103] - INFO: Epoch 00140 | Time(s) 0.0586 | Val Loss 1.4868 | Val Acc 0.4529 | ETputs(KTEPS) 67733.46
2023-10-14 04:22:50,793 - tune.py [line:103] - INFO: Epoch 00160 | Time(s) 0.0586 | Val Loss 1.4682 | Val Acc 0.4788 | ETputs(KTEPS) 67729.30
2023-10-14 04:22:51,966 - tune.py [line:103] - INFO: Epoch 00180 | Time(s) 0.0586 | Val Loss 1.4840 | Val Acc 0.4750 | ETputs(KTEPS) 67748.21
2023-10-14 04:22:53,145 - tune.py [line:103] - INFO: Epoch 00200 | Time(s) 0.0586 | Val Loss 1.4825 | Val Acc 0.4894 | ETputs(KTEPS) 67718.36
2023-10-14 04:22:54,318 - tune.py [line:103] - INFO: Epoch 00220 | Time(s) 0.0586 | Val Loss 1.4797 | Val Acc 0.4923 | ETputs(KTEPS) 67740.01
2023-10-14 04:22:55,492 - tune.py [line:103] - INFO: Epoch 00240 | Time(s) 0.0586 | Val Loss 1.4675 | Val Acc 0.4990 | ETputs(KTEPS) 67752.88
2023-10-14 04:22:56,668 - tune.py [line:103] - INFO: Epoch 00260 | Time(s) 0.0586 | Val Loss 1.4665 | Val Acc 0.5058 | ETputs(KTEPS) 67745.85
2023-10-14 04:22:57,846 - tune.py [line:103] - INFO: Epoch 00280 | Time(s) 0.0586 | Val Loss 1.4693 | Val Acc 0.5125 | ETputs(KTEPS) 67743.75
2023-10-14 04:22:59,025 - tune.py [line:103] - INFO: Epoch 00300 | Time(s) 0.0586 | Val Loss 1.4625 | Val Acc 0.5288 | ETputs(KTEPS) 67741.98
2023-10-14 04:23:00,203 - tune.py [line:103] - INFO: Epoch 00320 | Time(s) 0.0586 | Val Loss 1.4554 | Val Acc 0.5288 | ETputs(KTEPS) 67733.27
2023-10-14 04:23:01,373 - tune.py [line:103] - INFO: Epoch 00340 | Time(s) 0.0586 | Val Loss 1.4687 | Val Acc 0.5183 | ETputs(KTEPS) 67744.85
2023-10-14 04:23:02,544 - tune.py [line:103] - INFO: Epoch 00360 | Time(s) 0.0586 | Val Loss 1.4525 | Val Acc 0.5298 | ETputs(KTEPS) 67746.01
2023-10-14 04:23:03,714 - tune.py [line:103] - INFO: Epoch 00380 | Time(s) 0.0586 | Val Loss 1.4639 | Val Acc 0.5212 | ETputs(KTEPS) 67749.81
2023-10-14 04:23:04,885 - tune.py [line:103] - INFO: Epoch 00400 | Time(s) 0.0585 | Val Loss 1.4547 | Val Acc 0.5288 | ETputs(KTEPS) 67757.25
2023-10-14 04:23:06,058 - tune.py [line:103] - INFO: Epoch 00420 | Time(s) 0.0585 | Val Loss 1.4611 | Val Acc 0.5365 | ETputs(KTEPS) 67758.01
2023-10-14 04:23:07,230 - tune.py [line:103] - INFO: Epoch 00440 | Time(s) 0.0585 | Val Loss 1.4806 | Val Acc 0.5385 | ETputs(KTEPS) 67759.40
2023-10-14 04:23:08,407 - tune.py [line:103] - INFO: Epoch 00460 | Time(s) 0.0585 | Val Loss 1.4672 | Val Acc 0.5442 | ETputs(KTEPS) 67760.80
2023-10-14 04:23:09,579 - tune.py [line:103] - INFO: Epoch 00480 | Time(s) 0.0585 | Val Loss 1.4703 | Val Acc 0.5462 | ETputs(KTEPS) 67759.32
2023-10-14 04:23:10,753 - tune.py [line:103] - INFO: Epoch 00500 | Time(s) 0.0585 | Val Loss 1.4627 | Val Acc 0.5577 | ETputs(KTEPS) 67762.28
2023-10-14 04:23:11,927 - tune.py [line:103] - INFO: Epoch 00520 | Time(s) 0.0585 | Val Loss 1.4770 | Val Acc 0.5538 | ETputs(KTEPS) 67759.56
2023-10-14 04:23:13,098 - tune.py [line:103] - INFO: Epoch 00540 | Time(s) 0.0585 | Val Loss 1.4627 | Val Acc 0.5510 | ETputs(KTEPS) 67758.78
2023-10-14 04:23:14,270 - tune.py [line:103] - INFO: Epoch 00560 | Time(s) 0.0585 | Val Loss 1.4745 | Val Acc 0.5433 | ETputs(KTEPS) 67759.16
2023-10-14 04:23:15,439 - tune.py [line:103] - INFO: Epoch 00580 | Time(s) 0.0585 | Val Loss 1.4835 | Val Acc 0.5510 | ETputs(KTEPS) 67762.49
2023-10-14 04:23:16,611 - tune.py [line:103] - INFO: Epoch 00600 | Time(s) 0.0585 | Val Loss 1.4862 | Val Acc 0.5481 | ETputs(KTEPS) 67764.70
2023-10-14 04:23:17,786 - tune.py [line:103] - INFO: Epoch 00620 | Time(s) 0.0585 | Val Loss 1.4831 | Val Acc 0.5442 | ETputs(KTEPS) 67769.04
2023-10-14 04:23:18,958 - tune.py [line:103] - INFO: Epoch 00640 | Time(s) 0.0585 | Val Loss 1.4890 | Val Acc 0.5462 | ETputs(KTEPS) 67771.16
2023-10-14 04:23:20,131 - tune.py [line:103] - INFO: Epoch 00660 | Time(s) 0.0585 | Val Loss 1.4871 | Val Acc 0.5538 | ETputs(KTEPS) 67768.59
2023-10-14 04:23:21,303 - tune.py [line:103] - INFO: Epoch 00680 | Time(s) 0.0585 | Val Loss 1.4891 | Val Acc 0.5577 | ETputs(KTEPS) 67767.17
2023-10-14 04:23:22,475 - tune.py [line:103] - INFO: Epoch 00700 | Time(s) 0.0585 | Val Loss 1.4588 | Val Acc 0.5558 | ETputs(KTEPS) 67764.84
2023-10-14 04:23:23,648 - tune.py [line:103] - INFO: Epoch 00720 | Time(s) 0.0585 | Val Loss 1.5009 | Val Acc 0.5519 | ETputs(KTEPS) 67763.59
2023-10-14 04:23:24,818 - tune.py [line:103] - INFO: Epoch 00740 | Time(s) 0.0585 | Val Loss 1.5017 | Val Acc 0.5481 | ETputs(KTEPS) 67764.17
2023-10-14 04:23:26,002 - tune.py [line:103] - INFO: Epoch 00760 | Time(s) 0.0586 | Val Loss 1.5097 | Val Acc 0.5413 | ETputs(KTEPS) 67745.88
2023-10-14 04:23:27,172 - tune.py [line:103] - INFO: Epoch 00780 | Time(s) 0.0586 | Val Loss 1.4932 | Val Acc 0.5596 | ETputs(KTEPS) 67747.93
2023-10-14 04:23:28,341 - tune.py [line:103] - INFO: Epoch 00800 | Time(s) 0.0586 | Val Loss 1.5024 | Val Acc 0.5558 | ETputs(KTEPS) 67751.85
2023-10-14 04:23:29,516 - tune.py [line:103] - INFO: Epoch 00820 | Time(s) 0.0586 | Val Loss 1.5286 | Val Acc 0.5500 | ETputs(KTEPS) 67747.33
2023-10-14 04:23:30,685 - tune.py [line:103] - INFO: Epoch 00840 | Time(s) 0.0586 | Val Loss 1.5107 | Val Acc 0.5577 | ETputs(KTEPS) 67750.79
2023-10-14 04:23:31,855 - tune.py [line:103] - INFO: Epoch 00860 | Time(s) 0.0586 | Val Loss 1.5227 | Val Acc 0.5529 | ETputs(KTEPS) 67752.42
2023-10-14 04:23:33,028 - tune.py [line:103] - INFO: Epoch 00880 | Time(s) 0.0586 | Val Loss 1.5481 | Val Acc 0.5538 | ETputs(KTEPS) 67750.01
2023-10-14 04:23:34,200 - tune.py [line:103] - INFO: Epoch 00900 | Time(s) 0.0586 | Val Loss 1.5305 | Val Acc 0.5462 | ETputs(KTEPS) 67749.50
2023-10-14 04:23:35,380 - tune.py [line:103] - INFO: Epoch 00920 | Time(s) 0.0586 | Val Loss 1.5577 | Val Acc 0.5365 | ETputs(KTEPS) 67739.45
2023-10-14 04:23:35,999 - tune.py [line:117] - INFO: [FINAL MODEL] Val accuracy 56.73% \Val loss: 1.5
2023-10-14 04:23:36,016 - tune.py [line:119] - INFO: [FINAL MODEL] Test accuracy 55.81% \Test loss: 1.7
2023-10-14 04:23:36,016 - tune.py [line:144] - INFO: Acc on the first split (Validation Set): 0.5673
2023-10-14 04:23:36,016 - tune.py [line:145] - INFO: Acc on the first split (Test Set): 0.5581
