2023-10-14 04:40:23,611 - tune.py [line:203] - INFO: Namespace(seed=42, model='GPRGNNV2', gpu=1, dataset='geom-squirrel', logging=True, log_detail=True, log_detailedCh=False, id_log=1014014501, optuna_n_trials=202, n_epochs=2000, self_loop=False, udgraph=True, early_stop=True, patience=300, n_hidden=64, n_cv=1, start_cv=0, n_layers=8, lr1=0.04, lr2=0.04, wd1=1e-06, wd2=1e-05, dropout=0.4, dropout2=0.8, alpha=0.2, es_ckpt='woselfloop-geom-squirrel_GPRGNNV2-geom-squirrel_trialNo94')
2023-10-14 04:40:26,126 - tune.py [line:128] - INFO: Split_seeds:[1824]
2023-10-14 04:40:26,126 - tune.py [line:129] - INFO: Model_seeds:[409]
2023-10-14 04:40:26,837 - tune.py [line:103] - INFO: Epoch 00020 | Time(s) 0.0342 | Val Loss 1.4668 | Val Acc 0.3683 | ETputs(KTEPS) 116042.58
2023-10-14 04:40:27,508 - tune.py [line:103] - INFO: Epoch 00040 | Time(s) 0.0337 | Val Loss 1.3687 | Val Acc 0.4260 | ETputs(KTEPS) 117758.13
2023-10-14 04:40:28,179 - tune.py [line:103] - INFO: Epoch 00060 | Time(s) 0.0335 | Val Loss 1.3260 | Val Acc 0.4317 | ETputs(KTEPS) 118386.69
2023-10-14 04:40:28,857 - tune.py [line:103] - INFO: Epoch 00080 | Time(s) 0.0335 | Val Loss 1.2979 | Val Acc 0.4673 | ETputs(KTEPS) 118545.71
2023-10-14 04:40:29,529 - tune.py [line:103] - INFO: Epoch 00100 | Time(s) 0.0334 | Val Loss 1.2588 | Val Acc 0.4894 | ETputs(KTEPS) 118755.60
2023-10-14 04:40:30,200 - tune.py [line:103] - INFO: Epoch 00120 | Time(s) 0.0334 | Val Loss 1.2425 | Val Acc 0.5067 | ETputs(KTEPS) 118888.75
2023-10-14 04:40:30,871 - tune.py [line:103] - INFO: Epoch 00140 | Time(s) 0.0334 | Val Loss 1.2411 | Val Acc 0.5135 | ETputs(KTEPS) 118951.52
2023-10-14 04:40:31,541 - tune.py [line:103] - INFO: Epoch 00160 | Time(s) 0.0333 | Val Loss 1.2273 | Val Acc 0.5106 | ETputs(KTEPS) 118999.91
2023-10-14 04:40:32,213 - tune.py [line:103] - INFO: Epoch 00180 | Time(s) 0.0333 | Val Loss 1.2232 | Val Acc 0.5192 | ETputs(KTEPS) 118975.26
2023-10-14 04:40:32,879 - tune.py [line:103] - INFO: Epoch 00200 | Time(s) 0.0333 | Val Loss 1.2197 | Val Acc 0.5067 | ETputs(KTEPS) 118992.59
2023-10-14 04:40:33,548 - tune.py [line:103] - INFO: Epoch 00220 | Time(s) 0.0333 | Val Loss 1.2273 | Val Acc 0.5163 | ETputs(KTEPS) 118958.65
2023-10-14 04:40:34,216 - tune.py [line:103] - INFO: Epoch 00240 | Time(s) 0.0333 | Val Loss 1.2067 | Val Acc 0.5288 | ETputs(KTEPS) 118985.36
2023-10-14 04:40:34,887 - tune.py [line:103] - INFO: Epoch 00260 | Time(s) 0.0334 | Val Loss 1.2130 | Val Acc 0.5298 | ETputs(KTEPS) 118926.42
2023-10-14 04:40:35,557 - tune.py [line:103] - INFO: Epoch 00280 | Time(s) 0.0334 | Val Loss 1.2104 | Val Acc 0.5346 | ETputs(KTEPS) 118922.63
2023-10-14 04:40:36,223 - tune.py [line:103] - INFO: Epoch 00300 | Time(s) 0.0333 | Val Loss 1.2336 | Val Acc 0.5288 | ETputs(KTEPS) 118954.60
2023-10-14 04:40:36,893 - tune.py [line:103] - INFO: Epoch 00320 | Time(s) 0.0333 | Val Loss 1.2019 | Val Acc 0.5558 | ETputs(KTEPS) 118978.37
2023-10-14 04:40:37,566 - tune.py [line:103] - INFO: Epoch 00340 | Time(s) 0.0334 | Val Loss 1.2030 | Val Acc 0.5462 | ETputs(KTEPS) 118923.81
2023-10-14 04:40:38,230 - tune.py [line:103] - INFO: Epoch 00360 | Time(s) 0.0333 | Val Loss 1.2155 | Val Acc 0.5385 | ETputs(KTEPS) 118955.78
2023-10-14 04:40:38,896 - tune.py [line:103] - INFO: Epoch 00380 | Time(s) 0.0333 | Val Loss 1.2104 | Val Acc 0.5510 | ETputs(KTEPS) 118972.00
2023-10-14 04:40:39,563 - tune.py [line:103] - INFO: Epoch 00400 | Time(s) 0.0333 | Val Loss 1.2052 | Val Acc 0.5442 | ETputs(KTEPS) 118977.34
2023-10-14 04:40:40,229 - tune.py [line:103] - INFO: Epoch 00420 | Time(s) 0.0333 | Val Loss 1.1966 | Val Acc 0.5587 | ETputs(KTEPS) 118982.19
2023-10-14 04:40:40,895 - tune.py [line:103] - INFO: Epoch 00440 | Time(s) 0.0333 | Val Loss 1.2066 | Val Acc 0.5500 | ETputs(KTEPS) 119005.69
2023-10-14 04:40:41,564 - tune.py [line:103] - INFO: Epoch 00460 | Time(s) 0.0333 | Val Loss 1.1932 | Val Acc 0.5529 | ETputs(KTEPS) 118996.30
2023-10-14 04:40:42,231 - tune.py [line:103] - INFO: Epoch 00480 | Time(s) 0.0333 | Val Loss 1.1866 | Val Acc 0.5548 | ETputs(KTEPS) 118994.51
2023-10-14 04:40:42,904 - tune.py [line:103] - INFO: Epoch 00500 | Time(s) 0.0333 | Val Loss 1.2506 | Val Acc 0.5240 | ETputs(KTEPS) 118979.69
2023-10-14 04:40:43,573 - tune.py [line:103] - INFO: Epoch 00520 | Time(s) 0.0333 | Val Loss 1.2004 | Val Acc 0.5510 | ETputs(KTEPS) 118967.05
2023-10-14 04:40:44,240 - tune.py [line:103] - INFO: Epoch 00540 | Time(s) 0.0333 | Val Loss 1.1843 | Val Acc 0.5558 | ETputs(KTEPS) 118980.31
2023-10-14 04:40:44,908 - tune.py [line:103] - INFO: Epoch 00560 | Time(s) 0.0333 | Val Loss 1.1913 | Val Acc 0.5490 | ETputs(KTEPS) 118970.39
2023-10-14 04:40:45,582 - tune.py [line:103] - INFO: Epoch 00580 | Time(s) 0.0333 | Val Loss 1.1808 | Val Acc 0.5548 | ETputs(KTEPS) 118953.83
2023-10-14 04:40:46,251 - tune.py [line:103] - INFO: Epoch 00600 | Time(s) 0.0334 | Val Loss 1.1965 | Val Acc 0.5452 | ETputs(KTEPS) 118946.56
2023-10-14 04:40:46,917 - tune.py [line:103] - INFO: Epoch 00620 | Time(s) 0.0334 | Val Loss 1.1761 | Val Acc 0.5615 | ETputs(KTEPS) 118949.68
2023-10-14 04:40:47,585 - tune.py [line:103] - INFO: Epoch 00640 | Time(s) 0.0334 | Val Loss 1.1844 | Val Acc 0.5500 | ETputs(KTEPS) 118948.25
2023-10-14 04:40:48,253 - tune.py [line:103] - INFO: Epoch 00660 | Time(s) 0.0334 | Val Loss 1.1852 | Val Acc 0.5490 | ETputs(KTEPS) 118944.72
2023-10-14 04:40:48,921 - tune.py [line:103] - INFO: Epoch 00680 | Time(s) 0.0334 | Val Loss 1.1814 | Val Acc 0.5702 | ETputs(KTEPS) 118943.17
2023-10-14 04:40:49,588 - tune.py [line:103] - INFO: Epoch 00700 | Time(s) 0.0334 | Val Loss 1.1855 | Val Acc 0.5683 | ETputs(KTEPS) 118944.02
2023-10-14 04:40:50,262 - tune.py [line:103] - INFO: Epoch 00720 | Time(s) 0.0334 | Val Loss 1.1845 | Val Acc 0.5654 | ETputs(KTEPS) 118932.99
2023-10-14 04:40:50,929 - tune.py [line:103] - INFO: Epoch 00740 | Time(s) 0.0334 | Val Loss 1.1908 | Val Acc 0.5606 | ETputs(KTEPS) 118931.83
2023-10-14 04:40:51,601 - tune.py [line:103] - INFO: Epoch 00760 | Time(s) 0.0334 | Val Loss 1.1732 | Val Acc 0.5663 | ETputs(KTEPS) 118922.82
2023-10-14 04:40:52,266 - tune.py [line:103] - INFO: Epoch 00780 | Time(s) 0.0334 | Val Loss 1.1747 | Val Acc 0.5731 | ETputs(KTEPS) 118930.56
2023-10-14 04:40:52,940 - tune.py [line:103] - INFO: Epoch 00800 | Time(s) 0.0334 | Val Loss 1.1987 | Val Acc 0.5702 | ETputs(KTEPS) 118913.71
2023-10-14 04:40:53,616 - tune.py [line:103] - INFO: Epoch 00820 | Time(s) 0.0334 | Val Loss 1.1932 | Val Acc 0.5644 | ETputs(KTEPS) 118883.10
2023-10-14 04:40:54,288 - tune.py [line:103] - INFO: Epoch 00840 | Time(s) 0.0334 | Val Loss 1.1927 | Val Acc 0.5702 | ETputs(KTEPS) 118864.96
2023-10-14 04:40:54,957 - tune.py [line:103] - INFO: Epoch 00860 | Time(s) 0.0334 | Val Loss 1.1899 | Val Acc 0.5731 | ETputs(KTEPS) 118861.57
2023-10-14 04:40:55,629 - tune.py [line:103] - INFO: Epoch 00880 | Time(s) 0.0334 | Val Loss 1.1936 | Val Acc 0.5625 | ETputs(KTEPS) 118844.34
2023-10-14 04:40:56,301 - tune.py [line:103] - INFO: Epoch 00900 | Time(s) 0.0334 | Val Loss 1.1934 | Val Acc 0.5548 | ETputs(KTEPS) 118828.78
2023-10-14 04:40:56,974 - tune.py [line:103] - INFO: Epoch 00920 | Time(s) 0.0334 | Val Loss 1.1679 | Val Acc 0.5721 | ETputs(KTEPS) 118808.96
2023-10-14 04:40:57,640 - tune.py [line:103] - INFO: Epoch 00940 | Time(s) 0.0334 | Val Loss 1.2078 | Val Acc 0.5519 | ETputs(KTEPS) 118817.24
2023-10-14 04:40:58,304 - tune.py [line:103] - INFO: Epoch 00960 | Time(s) 0.0334 | Val Loss 1.1906 | Val Acc 0.5500 | ETputs(KTEPS) 118836.55
2023-10-14 04:40:58,967 - tune.py [line:103] - INFO: Epoch 00980 | Time(s) 0.0334 | Val Loss 1.1756 | Val Acc 0.5635 | ETputs(KTEPS) 118852.48
2023-10-14 04:40:59,636 - tune.py [line:103] - INFO: Epoch 01000 | Time(s) 0.0334 | Val Loss 1.1729 | Val Acc 0.5538 | ETputs(KTEPS) 118851.61
2023-10-14 04:41:00,309 - tune.py [line:103] - INFO: Epoch 01020 | Time(s) 0.0334 | Val Loss 1.1599 | Val Acc 0.5750 | ETputs(KTEPS) 118832.21
2023-10-14 04:41:00,979 - tune.py [line:103] - INFO: Epoch 01040 | Time(s) 0.0334 | Val Loss 1.1667 | Val Acc 0.5740 | ETputs(KTEPS) 118827.88
2023-10-14 04:41:01,660 - tune.py [line:103] - INFO: Epoch 01060 | Time(s) 0.0334 | Val Loss 1.1764 | Val Acc 0.5673 | ETputs(KTEPS) 118785.13
2023-10-14 04:41:02,332 - tune.py [line:103] - INFO: Epoch 01080 | Time(s) 0.0334 | Val Loss 1.1671 | Val Acc 0.5673 | ETputs(KTEPS) 118772.89
2023-10-14 04:41:03,010 - tune.py [line:103] - INFO: Epoch 01100 | Time(s) 0.0334 | Val Loss 1.1670 | Val Acc 0.5731 | ETputs(KTEPS) 118740.06
2023-10-14 04:41:03,124 - tune.py [line:117] - INFO: [FINAL MODEL] Val accuracy 58.65% \Val loss: 1.2
2023-10-14 04:41:03,133 - tune.py [line:119] - INFO: [FINAL MODEL] Test accuracy 57.16% \Test loss: 1.2
2023-10-14 04:41:03,133 - tune.py [line:144] - INFO: Acc on the first split (Validation Set): 0.5865
2023-10-14 04:41:03,133 - tune.py [line:145] - INFO: Acc on the first split (Test Set): 0.5716
