2023-10-14 04:23:36,179 - tune.py [line:203] - INFO: Namespace(seed=42, model='GPRGNNV2', gpu=1, dataset='geom-squirrel', logging=True, log_detail=True, log_detailedCh=False, id_log=1014014501, optuna_n_trials=202, n_epochs=2000, self_loop=False, udgraph=True, early_stop=True, patience=300, n_hidden=64, n_cv=1, start_cv=0, n_layers=16, lr1=0.02, lr2=0.04, wd1=1e-07, wd2=1e-08, dropout=0.5, dropout2=0.4, alpha=0.30000000000000004, es_ckpt='woselfloop-geom-squirrel_GPRGNNV2-geom-squirrel_trialNo63')
2023-10-14 04:23:38,840 - tune.py [line:128] - INFO: Split_seeds:[1824]
2023-10-14 04:23:38,840 - tune.py [line:129] - INFO: Model_seeds:[409]
2023-10-14 04:23:40,040 - tune.py [line:103] - INFO: Epoch 00020 | Time(s) 0.0591 | Val Loss 1.4773 | Val Acc 0.3519 | ETputs(KTEPS) 67104.72
2023-10-14 04:23:41,212 - tune.py [line:103] - INFO: Epoch 00040 | Time(s) 0.0587 | Val Loss 1.4722 | Val Acc 0.3683 | ETputs(KTEPS) 67554.40
2023-10-14 04:23:42,396 - tune.py [line:103] - INFO: Epoch 00060 | Time(s) 0.0587 | Val Loss 1.4464 | Val Acc 0.3990 | ETputs(KTEPS) 67535.54
2023-10-14 04:23:43,572 - tune.py [line:103] - INFO: Epoch 00080 | Time(s) 0.0587 | Val Loss 1.4327 | Val Acc 0.4115 | ETputs(KTEPS) 67637.89
2023-10-14 04:23:44,746 - tune.py [line:103] - INFO: Epoch 00100 | Time(s) 0.0586 | Val Loss 1.4268 | Val Acc 0.4202 | ETputs(KTEPS) 67694.34
2023-10-14 04:23:45,921 - tune.py [line:103] - INFO: Epoch 00120 | Time(s) 0.0586 | Val Loss 1.4481 | Val Acc 0.4337 | ETputs(KTEPS) 67735.84
2023-10-14 04:23:47,097 - tune.py [line:103] - INFO: Epoch 00140 | Time(s) 0.0586 | Val Loss 1.4282 | Val Acc 0.4529 | ETputs(KTEPS) 67751.54
2023-10-14 04:23:48,277 - tune.py [line:103] - INFO: Epoch 00160 | Time(s) 0.0585 | Val Loss 1.4198 | Val Acc 0.4663 | ETputs(KTEPS) 67770.33
2023-10-14 04:23:49,443 - tune.py [line:103] - INFO: Epoch 00180 | Time(s) 0.0585 | Val Loss 1.4348 | Val Acc 0.4587 | ETputs(KTEPS) 67814.75
2023-10-14 04:23:50,633 - tune.py [line:103] - INFO: Epoch 00200 | Time(s) 0.0586 | Val Loss 1.4289 | Val Acc 0.4788 | ETputs(KTEPS) 67742.82
2023-10-14 04:23:51,814 - tune.py [line:103] - INFO: Epoch 00220 | Time(s) 0.0586 | Val Loss 1.4112 | Val Acc 0.4885 | ETputs(KTEPS) 67701.62
2023-10-14 04:23:53,006 - tune.py [line:103] - INFO: Epoch 00240 | Time(s) 0.0586 | Val Loss 1.4181 | Val Acc 0.4942 | ETputs(KTEPS) 67657.43
2023-10-14 04:23:54,201 - tune.py [line:103] - INFO: Epoch 00260 | Time(s) 0.0587 | Val Loss 1.4016 | Val Acc 0.5019 | ETputs(KTEPS) 67605.04
2023-10-14 04:23:55,375 - tune.py [line:103] - INFO: Epoch 00280 | Time(s) 0.0587 | Val Loss 1.3981 | Val Acc 0.5163 | ETputs(KTEPS) 67616.32
2023-10-14 04:23:56,548 - tune.py [line:103] - INFO: Epoch 00300 | Time(s) 0.0587 | Val Loss 1.3911 | Val Acc 0.5163 | ETputs(KTEPS) 67634.32
2023-10-14 04:23:57,722 - tune.py [line:103] - INFO: Epoch 00320 | Time(s) 0.0586 | Val Loss 1.4198 | Val Acc 0.5192 | ETputs(KTEPS) 67642.97
2023-10-14 04:23:58,892 - tune.py [line:103] - INFO: Epoch 00340 | Time(s) 0.0586 | Val Loss 1.4056 | Val Acc 0.5058 | ETputs(KTEPS) 67652.86
2023-10-14 04:24:00,066 - tune.py [line:103] - INFO: Epoch 00360 | Time(s) 0.0586 | Val Loss 1.4186 | Val Acc 0.5183 | ETputs(KTEPS) 67657.13
2023-10-14 04:24:01,244 - tune.py [line:103] - INFO: Epoch 00380 | Time(s) 0.0586 | Val Loss 1.4146 | Val Acc 0.5115 | ETputs(KTEPS) 67654.02
2023-10-14 04:24:02,418 - tune.py [line:103] - INFO: Epoch 00400 | Time(s) 0.0586 | Val Loss 1.4274 | Val Acc 0.5144 | ETputs(KTEPS) 67651.15
2023-10-14 04:24:03,591 - tune.py [line:103] - INFO: Epoch 00420 | Time(s) 0.0586 | Val Loss 1.4244 | Val Acc 0.5298 | ETputs(KTEPS) 67652.25
2023-10-14 04:24:04,761 - tune.py [line:103] - INFO: Epoch 00440 | Time(s) 0.0586 | Val Loss 1.4209 | Val Acc 0.5183 | ETputs(KTEPS) 67663.69
2023-10-14 04:24:05,940 - tune.py [line:103] - INFO: Epoch 00460 | Time(s) 0.0586 | Val Loss 1.4044 | Val Acc 0.5375 | ETputs(KTEPS) 67657.01
2023-10-14 04:24:07,082 - tune.py [line:103] - INFO: Epoch 00480 | Time(s) 0.0586 | Val Loss 1.4113 | Val Acc 0.5269 | ETputs(KTEPS) 67733.26
2023-10-14 04:24:08,223 - tune.py [line:103] - INFO: Epoch 00500 | Time(s) 0.0585 | Val Loss 1.4122 | Val Acc 0.5337 | ETputs(KTEPS) 67802.52
2023-10-14 04:24:09,368 - tune.py [line:103] - INFO: Epoch 00520 | Time(s) 0.0585 | Val Loss 1.4166 | Val Acc 0.5337 | ETputs(KTEPS) 67859.71
2023-10-14 04:24:10,512 - tune.py [line:103] - INFO: Epoch 00540 | Time(s) 0.0584 | Val Loss 1.4274 | Val Acc 0.5327 | ETputs(KTEPS) 67916.53
2023-10-14 04:24:11,659 - tune.py [line:103] - INFO: Epoch 00560 | Time(s) 0.0584 | Val Loss 1.4243 | Val Acc 0.5279 | ETputs(KTEPS) 67968.64
2023-10-14 04:24:12,807 - tune.py [line:103] - INFO: Epoch 00580 | Time(s) 0.0583 | Val Loss 1.4304 | Val Acc 0.5192 | ETputs(KTEPS) 68014.86
2023-10-14 04:24:13,950 - tune.py [line:103] - INFO: Epoch 00600 | Time(s) 0.0583 | Val Loss 1.4150 | Val Acc 0.5346 | ETputs(KTEPS) 68063.63
2023-10-14 04:24:15,101 - tune.py [line:103] - INFO: Epoch 00620 | Time(s) 0.0583 | Val Loss 1.4206 | Val Acc 0.5375 | ETputs(KTEPS) 68093.25
2023-10-14 04:24:16,265 - tune.py [line:103] - INFO: Epoch 00640 | Time(s) 0.0583 | Val Loss 1.4473 | Val Acc 0.5317 | ETputs(KTEPS) 68095.06
2023-10-14 04:24:17,430 - tune.py [line:103] - INFO: Epoch 00660 | Time(s) 0.0583 | Val Loss 1.4362 | Val Acc 0.5356 | ETputs(KTEPS) 68096.66
2023-10-14 04:24:18,597 - tune.py [line:103] - INFO: Epoch 00680 | Time(s) 0.0583 | Val Loss 1.4189 | Val Acc 0.5337 | ETputs(KTEPS) 68094.46
2023-10-14 04:24:19,767 - tune.py [line:103] - INFO: Epoch 00700 | Time(s) 0.0583 | Val Loss 1.3956 | Val Acc 0.5452 | ETputs(KTEPS) 68089.61
2023-10-14 04:24:20,930 - tune.py [line:103] - INFO: Epoch 00720 | Time(s) 0.0583 | Val Loss 1.4378 | Val Acc 0.5356 | ETputs(KTEPS) 68093.45
2023-10-14 04:24:22,106 - tune.py [line:103] - INFO: Epoch 00740 | Time(s) 0.0583 | Val Loss 1.4306 | Val Acc 0.5308 | ETputs(KTEPS) 68076.87
2023-10-14 04:24:23,275 - tune.py [line:103] - INFO: Epoch 00760 | Time(s) 0.0583 | Val Loss 1.4482 | Val Acc 0.5260 | ETputs(KTEPS) 68072.77
2023-10-14 04:24:24,453 - tune.py [line:103] - INFO: Epoch 00780 | Time(s) 0.0583 | Val Loss 1.4257 | Val Acc 0.5385 | ETputs(KTEPS) 68054.59
2023-10-14 04:24:25,627 - tune.py [line:103] - INFO: Epoch 00800 | Time(s) 0.0583 | Val Loss 1.4282 | Val Acc 0.5423 | ETputs(KTEPS) 68043.05
2023-10-14 04:24:26,802 - tune.py [line:103] - INFO: Epoch 00820 | Time(s) 0.0583 | Val Loss 1.4440 | Val Acc 0.5346 | ETputs(KTEPS) 68031.86
2023-10-14 04:24:27,972 - tune.py [line:103] - INFO: Epoch 00840 | Time(s) 0.0583 | Val Loss 1.4489 | Val Acc 0.5423 | ETputs(KTEPS) 68030.10
2023-10-14 04:24:29,154 - tune.py [line:103] - INFO: Epoch 00860 | Time(s) 0.0583 | Val Loss 1.4368 | Val Acc 0.5510 | ETputs(KTEPS) 68014.40
2023-10-14 04:24:30,327 - tune.py [line:103] - INFO: Epoch 00880 | Time(s) 0.0583 | Val Loss 1.4364 | Val Acc 0.5385 | ETputs(KTEPS) 68005.82
2023-10-14 04:24:31,494 - tune.py [line:103] - INFO: Epoch 00900 | Time(s) 0.0583 | Val Loss 1.4346 | Val Acc 0.5433 | ETputs(KTEPS) 68005.89
2023-10-14 04:24:32,664 - tune.py [line:103] - INFO: Epoch 00920 | Time(s) 0.0583 | Val Loss 1.4556 | Val Acc 0.5385 | ETputs(KTEPS) 68002.54
2023-10-14 04:24:33,830 - tune.py [line:103] - INFO: Epoch 00940 | Time(s) 0.0583 | Val Loss 1.4156 | Val Acc 0.5500 | ETputs(KTEPS) 68004.29
2023-10-14 04:24:34,976 - tune.py [line:103] - INFO: Epoch 00960 | Time(s) 0.0583 | Val Loss 1.4071 | Val Acc 0.5462 | ETputs(KTEPS) 68031.85
2023-10-14 04:24:36,125 - tune.py [line:103] - INFO: Epoch 00980 | Time(s) 0.0583 | Val Loss 1.4362 | Val Acc 0.5385 | ETputs(KTEPS) 68053.10
2023-10-14 04:24:37,286 - tune.py [line:103] - INFO: Epoch 01000 | Time(s) 0.0583 | Val Loss 1.4480 | Val Acc 0.5500 | ETputs(KTEPS) 68061.74
2023-10-14 04:24:38,454 - tune.py [line:103] - INFO: Epoch 01020 | Time(s) 0.0583 | Val Loss 1.4456 | Val Acc 0.5433 | ETputs(KTEPS) 68060.20
2023-10-14 04:24:39,628 - tune.py [line:103] - INFO: Epoch 01040 | Time(s) 0.0583 | Val Loss 1.4421 | Val Acc 0.5490 | ETputs(KTEPS) 68051.55
2023-10-14 04:24:40,798 - tune.py [line:103] - INFO: Epoch 01060 | Time(s) 0.0583 | Val Loss 1.4308 | Val Acc 0.5538 | ETputs(KTEPS) 68047.03
2023-10-14 04:24:41,972 - tune.py [line:103] - INFO: Epoch 01080 | Time(s) 0.0583 | Val Loss 1.4382 | Val Acc 0.5538 | ETputs(KTEPS) 68041.35
2023-10-14 04:24:43,140 - tune.py [line:103] - INFO: Epoch 01100 | Time(s) 0.0583 | Val Loss 1.4330 | Val Acc 0.5510 | ETputs(KTEPS) 68039.43
2023-10-14 04:24:44,309 - tune.py [line:103] - INFO: Epoch 01120 | Time(s) 0.0583 | Val Loss 1.4467 | Val Acc 0.5606 | ETputs(KTEPS) 68036.96
2023-10-14 04:24:45,481 - tune.py [line:103] - INFO: Epoch 01140 | Time(s) 0.0583 | Val Loss 1.4411 | Val Acc 0.5471 | ETputs(KTEPS) 68031.36
2023-10-14 04:24:46,652 - tune.py [line:103] - INFO: Epoch 01160 | Time(s) 0.0583 | Val Loss 1.4199 | Val Acc 0.5481 | ETputs(KTEPS) 68027.58
2023-10-14 04:24:47,822 - tune.py [line:103] - INFO: Epoch 01180 | Time(s) 0.0583 | Val Loss 1.4595 | Val Acc 0.5481 | ETputs(KTEPS) 68024.26
2023-10-14 04:24:49,002 - tune.py [line:103] - INFO: Epoch 01200 | Time(s) 0.0583 | Val Loss 1.4354 | Val Acc 0.5558 | ETputs(KTEPS) 68011.44
2023-10-14 04:24:50,176 - tune.py [line:103] - INFO: Epoch 01220 | Time(s) 0.0583 | Val Loss 1.4614 | Val Acc 0.5471 | ETputs(KTEPS) 68005.06
2023-10-14 04:24:51,347 - tune.py [line:103] - INFO: Epoch 01240 | Time(s) 0.0583 | Val Loss 1.4436 | Val Acc 0.5587 | ETputs(KTEPS) 68001.03
2023-10-14 04:24:52,523 - tune.py [line:103] - INFO: Epoch 01260 | Time(s) 0.0583 | Val Loss 1.4450 | Val Acc 0.5625 | ETputs(KTEPS) 67994.67
2023-10-14 04:24:53,697 - tune.py [line:103] - INFO: Epoch 01280 | Time(s) 0.0583 | Val Loss 1.4451 | Val Acc 0.5635 | ETputs(KTEPS) 67989.12
2023-10-14 04:24:54,874 - tune.py [line:103] - INFO: Epoch 01300 | Time(s) 0.0584 | Val Loss 1.4521 | Val Acc 0.5615 | ETputs(KTEPS) 67983.46
2023-10-14 04:24:56,048 - tune.py [line:103] - INFO: Epoch 01320 | Time(s) 0.0584 | Val Loss 1.4394 | Val Acc 0.5548 | ETputs(KTEPS) 67977.89
2023-10-14 04:24:57,221 - tune.py [line:103] - INFO: Epoch 01340 | Time(s) 0.0584 | Val Loss 1.4541 | Val Acc 0.5644 | ETputs(KTEPS) 67973.30
2023-10-14 04:24:58,394 - tune.py [line:103] - INFO: Epoch 01360 | Time(s) 0.0584 | Val Loss 1.4400 | Val Acc 0.5567 | ETputs(KTEPS) 67968.72
2023-10-14 04:24:59,567 - tune.py [line:103] - INFO: Epoch 01380 | Time(s) 0.0584 | Val Loss 1.4548 | Val Acc 0.5644 | ETputs(KTEPS) 67964.25
2023-10-14 04:25:00,742 - tune.py [line:103] - INFO: Epoch 01400 | Time(s) 0.0584 | Val Loss 1.4416 | Val Acc 0.5596 | ETputs(KTEPS) 67958.80
2023-10-14 04:25:01,917 - tune.py [line:103] - INFO: Epoch 01420 | Time(s) 0.0584 | Val Loss 1.4292 | Val Acc 0.5760 | ETputs(KTEPS) 67955.11
2023-10-14 04:25:03,090 - tune.py [line:103] - INFO: Epoch 01440 | Time(s) 0.0584 | Val Loss 1.4062 | Val Acc 0.5769 | ETputs(KTEPS) 67951.20
2023-10-14 04:25:04,267 - tune.py [line:103] - INFO: Epoch 01460 | Time(s) 0.0584 | Val Loss 1.4223 | Val Acc 0.5625 | ETputs(KTEPS) 67944.23
2023-10-14 04:25:05,445 - tune.py [line:103] - INFO: Epoch 01480 | Time(s) 0.0584 | Val Loss 1.4171 | Val Acc 0.5692 | ETputs(KTEPS) 67936.41
2023-10-14 04:25:06,615 - tune.py [line:103] - INFO: Epoch 01500 | Time(s) 0.0584 | Val Loss 1.4124 | Val Acc 0.5712 | ETputs(KTEPS) 67935.81
2023-10-14 04:25:07,785 - tune.py [line:103] - INFO: Epoch 01520 | Time(s) 0.0584 | Val Loss 1.4186 | Val Acc 0.5712 | ETputs(KTEPS) 67934.70
2023-10-14 04:25:08,951 - tune.py [line:103] - INFO: Epoch 01540 | Time(s) 0.0584 | Val Loss 1.4358 | Val Acc 0.5615 | ETputs(KTEPS) 67936.03
2023-10-14 04:25:10,120 - tune.py [line:103] - INFO: Epoch 01560 | Time(s) 0.0584 | Val Loss 1.4356 | Val Acc 0.5548 | ETputs(KTEPS) 67935.51
2023-10-14 04:25:11,293 - tune.py [line:103] - INFO: Epoch 01580 | Time(s) 0.0584 | Val Loss 1.4254 | Val Acc 0.5625 | ETputs(KTEPS) 67932.13
2023-10-14 04:25:12,465 - tune.py [line:103] - INFO: Epoch 01600 | Time(s) 0.0584 | Val Loss 1.4313 | Val Acc 0.5606 | ETputs(KTEPS) 67929.68
2023-10-14 04:25:13,643 - tune.py [line:103] - INFO: Epoch 01620 | Time(s) 0.0584 | Val Loss 1.4333 | Val Acc 0.5558 | ETputs(KTEPS) 67923.19
2023-10-14 04:25:14,814 - tune.py [line:103] - INFO: Epoch 01640 | Time(s) 0.0584 | Val Loss 1.4574 | Val Acc 0.5567 | ETputs(KTEPS) 67921.27
2023-10-14 04:25:15,993 - tune.py [line:103] - INFO: Epoch 01660 | Time(s) 0.0584 | Val Loss 1.4399 | Val Acc 0.5567 | ETputs(KTEPS) 67914.28
2023-10-14 04:25:17,167 - tune.py [line:103] - INFO: Epoch 01680 | Time(s) 0.0584 | Val Loss 1.4306 | Val Acc 0.5558 | ETputs(KTEPS) 67910.81
2023-10-14 04:25:18,343 - tune.py [line:103] - INFO: Epoch 01700 | Time(s) 0.0584 | Val Loss 1.4323 | Val Acc 0.5644 | ETputs(KTEPS) 67905.79
2023-10-14 04:25:19,474 - tune.py [line:117] - INFO: [FINAL MODEL] Val accuracy 57.69% \Val loss: 1.4
2023-10-14 04:25:19,492 - tune.py [line:119] - INFO: [FINAL MODEL] Test accuracy 58.98% \Test loss: 1.5
2023-10-14 04:25:19,492 - tune.py [line:144] - INFO: Acc on the first split (Validation Set): 0.5769
2023-10-14 04:25:19,492 - tune.py [line:145] - INFO: Acc on the first split (Test Set): 0.5898
