2023-10-14 05:02:51,033 - tune.py [line:203] - INFO: Namespace(seed=42, model='GPRGNNV2', gpu=1, dataset='geom-squirrel', logging=True, log_detail=True, log_detailedCh=False, id_log=1014014501, optuna_n_trials=202, n_epochs=2000, self_loop=False, udgraph=True, early_stop=True, patience=300, n_hidden=64, n_cv=1, start_cv=0, n_layers=8, lr1=0.05, lr2=0.05, wd1=1e-05, wd2=1e-05, dropout=0.2, dropout2=0.8, alpha=0.30000000000000004, es_ckpt='woselfloop-geom-squirrel_GPRGNNV2-geom-squirrel_trialNo161')
2023-10-14 05:02:53,672 - tune.py [line:128] - INFO: Split_seeds:[1824]
2023-10-14 05:02:53,672 - tune.py [line:129] - INFO: Model_seeds:[409]
2023-10-14 05:02:54,520 - tune.py [line:103] - INFO: Epoch 00020 | Time(s) 0.0413 | Val Loss 1.4531 | Val Acc 0.3654 | ETputs(KTEPS) 96084.26
2023-10-14 05:02:55,312 - tune.py [line:103] - INFO: Epoch 00040 | Time(s) 0.0401 | Val Loss 1.4261 | Val Acc 0.4154 | ETputs(KTEPS) 98891.22
2023-10-14 05:02:56,092 - tune.py [line:103] - INFO: Epoch 00060 | Time(s) 0.0397 | Val Loss 1.4299 | Val Acc 0.4308 | ETputs(KTEPS) 99904.99
2023-10-14 05:02:56,781 - tune.py [line:103] - INFO: Epoch 00080 | Time(s) 0.0383 | Val Loss 1.4409 | Val Acc 0.4433 | ETputs(KTEPS) 103637.46
2023-10-14 05:02:57,521 - tune.py [line:103] - INFO: Epoch 00100 | Time(s) 0.0380 | Val Loss 1.4415 | Val Acc 0.4577 | ETputs(KTEPS) 104494.56
2023-10-14 05:02:58,262 - tune.py [line:103] - INFO: Epoch 00120 | Time(s) 0.0377 | Val Loss 1.4465 | Val Acc 0.4615 | ETputs(KTEPS) 105176.35
2023-10-14 05:02:58,971 - tune.py [line:103] - INFO: Epoch 00140 | Time(s) 0.0373 | Val Loss 1.4358 | Val Acc 0.4817 | ETputs(KTEPS) 106281.30
2023-10-14 05:02:59,770 - tune.py [line:103] - INFO: Epoch 00160 | Time(s) 0.0376 | Val Loss 1.4357 | Val Acc 0.4933 | ETputs(KTEPS) 105458.25
2023-10-14 05:03:00,577 - tune.py [line:103] - INFO: Epoch 00180 | Time(s) 0.0379 | Val Loss 1.4236 | Val Acc 0.5010 | ETputs(KTEPS) 104681.45
2023-10-14 05:03:01,403 - tune.py [line:103] - INFO: Epoch 00200 | Time(s) 0.0382 | Val Loss 1.4247 | Val Acc 0.5038 | ETputs(KTEPS) 103839.40
2023-10-14 05:03:02,200 - tune.py [line:103] - INFO: Epoch 00220 | Time(s) 0.0383 | Val Loss 1.3969 | Val Acc 0.5183 | ETputs(KTEPS) 103466.81
2023-10-14 05:03:03,019 - tune.py [line:103] - INFO: Epoch 00240 | Time(s) 0.0385 | Val Loss 1.4045 | Val Acc 0.5250 | ETputs(KTEPS) 102948.52
2023-10-14 05:03:03,810 - tune.py [line:103] - INFO: Epoch 00260 | Time(s) 0.0386 | Val Loss 1.3811 | Val Acc 0.5298 | ETputs(KTEPS) 102746.44
2023-10-14 05:03:04,613 - tune.py [line:103] - INFO: Epoch 00280 | Time(s) 0.0387 | Val Loss 1.3814 | Val Acc 0.5317 | ETputs(KTEPS) 102458.76
2023-10-14 05:03:05,426 - tune.py [line:103] - INFO: Epoch 00300 | Time(s) 0.0388 | Val Loss 1.3605 | Val Acc 0.5308 | ETputs(KTEPS) 102136.62
2023-10-14 05:03:06,242 - tune.py [line:103] - INFO: Epoch 00320 | Time(s) 0.0390 | Val Loss 1.3895 | Val Acc 0.5346 | ETputs(KTEPS) 101817.89
2023-10-14 05:03:07,030 - tune.py [line:103] - INFO: Epoch 00340 | Time(s) 0.0390 | Val Loss 1.3896 | Val Acc 0.5346 | ETputs(KTEPS) 101755.40
2023-10-14 05:03:07,841 - tune.py [line:103] - INFO: Epoch 00360 | Time(s) 0.0391 | Val Loss 1.4033 | Val Acc 0.5212 | ETputs(KTEPS) 101538.12
2023-10-14 05:03:08,900 - tune.py [line:103] - INFO: Epoch 00380 | Time(s) 0.0398 | Val Loss 1.3805 | Val Acc 0.5337 | ETputs(KTEPS) 99681.03
2023-10-14 05:03:09,705 - tune.py [line:103] - INFO: Epoch 00400 | Time(s) 0.0398 | Val Loss 1.3906 | Val Acc 0.5269 | ETputs(KTEPS) 99649.10
2023-10-14 05:03:10,505 - tune.py [line:103] - INFO: Epoch 00420 | Time(s) 0.0398 | Val Loss 1.3691 | Val Acc 0.5356 | ETputs(KTEPS) 99644.29
2023-10-14 05:03:11,326 - tune.py [line:103] - INFO: Epoch 00440 | Time(s) 0.0399 | Val Loss 1.3967 | Val Acc 0.5346 | ETputs(KTEPS) 99540.21
2023-10-14 05:03:12,131 - tune.py [line:103] - INFO: Epoch 00460 | Time(s) 0.0399 | Val Loss 1.3479 | Val Acc 0.5327 | ETputs(KTEPS) 99510.61
2023-10-14 05:03:12,951 - tune.py [line:103] - INFO: Epoch 00480 | Time(s) 0.0399 | Val Loss 1.3996 | Val Acc 0.5413 | ETputs(KTEPS) 99396.72
2023-10-14 05:03:13,768 - tune.py [line:103] - INFO: Epoch 00500 | Time(s) 0.0399 | Val Loss 1.3774 | Val Acc 0.5433 | ETputs(KTEPS) 99315.27
2023-10-14 05:03:14,584 - tune.py [line:103] - INFO: Epoch 00520 | Time(s) 0.0400 | Val Loss 1.3829 | Val Acc 0.5452 | ETputs(KTEPS) 99232.88
2023-10-14 05:03:15,428 - tune.py [line:103] - INFO: Epoch 00540 | Time(s) 0.0400 | Val Loss 1.3682 | Val Acc 0.5529 | ETputs(KTEPS) 99052.90
2023-10-14 05:03:16,227 - tune.py [line:103] - INFO: Epoch 00560 | Time(s) 0.0400 | Val Loss 1.3553 | Val Acc 0.5577 | ETputs(KTEPS) 99065.71
2023-10-14 05:03:17,032 - tune.py [line:103] - INFO: Epoch 00580 | Time(s) 0.0400 | Val Loss 1.3896 | Val Acc 0.5413 | ETputs(KTEPS) 99057.30
2023-10-14 05:03:17,829 - tune.py [line:103] - INFO: Epoch 00600 | Time(s) 0.0400 | Val Loss 1.3496 | Val Acc 0.5587 | ETputs(KTEPS) 99083.78
2023-10-14 05:03:18,640 - tune.py [line:103] - INFO: Epoch 00620 | Time(s) 0.0401 | Val Loss 1.3727 | Val Acc 0.5548 | ETputs(KTEPS) 99046.88
2023-10-14 05:03:19,425 - tune.py [line:103] - INFO: Epoch 00640 | Time(s) 0.0400 | Val Loss 1.3471 | Val Acc 0.5452 | ETputs(KTEPS) 99110.24
2023-10-14 05:03:20,252 - tune.py [line:103] - INFO: Epoch 00660 | Time(s) 0.0401 | Val Loss 1.3658 | Val Acc 0.5394 | ETputs(KTEPS) 99014.21
2023-10-14 05:03:21,044 - tune.py [line:103] - INFO: Epoch 00680 | Time(s) 0.0400 | Val Loss 1.3423 | Val Acc 0.5567 | ETputs(KTEPS) 99055.26
2023-10-14 05:03:21,858 - tune.py [line:103] - INFO: Epoch 00700 | Time(s) 0.0401 | Val Loss 1.3562 | Val Acc 0.5577 | ETputs(KTEPS) 99012.81
2023-10-14 05:03:22,690 - tune.py [line:103] - INFO: Epoch 00720 | Time(s) 0.0401 | Val Loss 1.3492 | Val Acc 0.5538 | ETputs(KTEPS) 98912.70
2023-10-14 05:03:23,499 - tune.py [line:103] - INFO: Epoch 00740 | Time(s) 0.0401 | Val Loss 1.3387 | Val Acc 0.5500 | ETputs(KTEPS) 98891.41
2023-10-14 05:03:24,313 - tune.py [line:103] - INFO: Epoch 00760 | Time(s) 0.0401 | Val Loss 1.3337 | Val Acc 0.5538 | ETputs(KTEPS) 98856.53
2023-10-14 05:03:25,133 - tune.py [line:103] - INFO: Epoch 00780 | Time(s) 0.0402 | Val Loss 1.3216 | Val Acc 0.5567 | ETputs(KTEPS) 98803.80
2023-10-14 05:03:25,936 - tune.py [line:103] - INFO: Epoch 00800 | Time(s) 0.0401 | Val Loss 1.3492 | Val Acc 0.5404 | ETputs(KTEPS) 98814.23
2023-10-14 05:03:26,730 - tune.py [line:103] - INFO: Epoch 00820 | Time(s) 0.0401 | Val Loss 1.3311 | Val Acc 0.5692 | ETputs(KTEPS) 98841.06
2023-10-14 05:03:27,522 - tune.py [line:103] - INFO: Epoch 00840 | Time(s) 0.0401 | Val Loss 1.3437 | Val Acc 0.5587 | ETputs(KTEPS) 98875.48
2023-10-14 05:03:28,307 - tune.py [line:103] - INFO: Epoch 00860 | Time(s) 0.0401 | Val Loss 1.3588 | Val Acc 0.5490 | ETputs(KTEPS) 98924.42
2023-10-14 05:03:29,114 - tune.py [line:103] - INFO: Epoch 00880 | Time(s) 0.0401 | Val Loss 1.3257 | Val Acc 0.5663 | ETputs(KTEPS) 98913.69
2023-10-14 05:03:29,990 - tune.py [line:103] - INFO: Epoch 00900 | Time(s) 0.0402 | Val Loss 1.3324 | Val Acc 0.5635 | ETputs(KTEPS) 98719.82
2023-10-14 05:03:30,806 - tune.py [line:103] - INFO: Epoch 00920 | Time(s) 0.0402 | Val Loss 1.2973 | Val Acc 0.5519 | ETputs(KTEPS) 98694.91
2023-10-14 05:03:31,634 - tune.py [line:103] - INFO: Epoch 00940 | Time(s) 0.0402 | Val Loss 1.3262 | Val Acc 0.5673 | ETputs(KTEPS) 98631.61
2023-10-14 05:03:32,431 - tune.py [line:103] - INFO: Epoch 00960 | Time(s) 0.0402 | Val Loss 1.3620 | Val Acc 0.5481 | ETputs(KTEPS) 98653.12
2023-10-14 05:03:33,241 - tune.py [line:103] - INFO: Epoch 00980 | Time(s) 0.0402 | Val Loss 1.3147 | Val Acc 0.5625 | ETputs(KTEPS) 98639.40
2023-10-14 05:03:34,044 - tune.py [line:103] - INFO: Epoch 01000 | Time(s) 0.0402 | Val Loss 1.3318 | Val Acc 0.5654 | ETputs(KTEPS) 98645.50
2023-10-14 05:03:34,861 - tune.py [line:103] - INFO: Epoch 01020 | Time(s) 0.0402 | Val Loss 1.3490 | Val Acc 0.5615 | ETputs(KTEPS) 98616.62
2023-10-14 05:03:35,684 - tune.py [line:103] - INFO: Epoch 01040 | Time(s) 0.0402 | Val Loss 1.3075 | Val Acc 0.5606 | ETputs(KTEPS) 98576.24
2023-10-14 05:03:36,487 - tune.py [line:103] - INFO: Epoch 01060 | Time(s) 0.0402 | Val Loss 1.3213 | Val Acc 0.5567 | ETputs(KTEPS) 98580.55
2023-10-14 05:03:37,312 - tune.py [line:103] - INFO: Epoch 01080 | Time(s) 0.0403 | Val Loss 1.2957 | Val Acc 0.5760 | ETputs(KTEPS) 98537.65
2023-10-14 05:03:38,147 - tune.py [line:103] - INFO: Epoch 01100 | Time(s) 0.0403 | Val Loss 1.3303 | Val Acc 0.5625 | ETputs(KTEPS) 98477.17
2023-10-14 05:03:38,973 - tune.py [line:103] - INFO: Epoch 01120 | Time(s) 0.0403 | Val Loss 1.3558 | Val Acc 0.5529 | ETputs(KTEPS) 98435.24
2023-10-14 05:03:39,796 - tune.py [line:103] - INFO: Epoch 01140 | Time(s) 0.0403 | Val Loss 1.3071 | Val Acc 0.5731 | ETputs(KTEPS) 98399.85
2023-10-14 05:03:40,591 - tune.py [line:103] - INFO: Epoch 01160 | Time(s) 0.0403 | Val Loss 1.3191 | Val Acc 0.5606 | ETputs(KTEPS) 98425.68
2023-10-14 05:03:41,400 - tune.py [line:103] - INFO: Epoch 01180 | Time(s) 0.0403 | Val Loss 1.3318 | Val Acc 0.5500 | ETputs(KTEPS) 98421.45
2023-10-14 05:03:42,220 - tune.py [line:103] - INFO: Epoch 01200 | Time(s) 0.0403 | Val Loss 1.3219 | Val Acc 0.5702 | ETputs(KTEPS) 98393.86
2023-10-14 05:03:43,025 - tune.py [line:103] - INFO: Epoch 01220 | Time(s) 0.0403 | Val Loss 1.2864 | Val Acc 0.5769 | ETputs(KTEPS) 98398.65
2023-10-14 05:03:43,851 - tune.py [line:103] - INFO: Epoch 01240 | Time(s) 0.0403 | Val Loss 1.3372 | Val Acc 0.5750 | ETputs(KTEPS) 98365.45
2023-10-14 05:03:44,681 - tune.py [line:103] - INFO: Epoch 01260 | Time(s) 0.0403 | Val Loss 1.3327 | Val Acc 0.5644 | ETputs(KTEPS) 98320.70
2023-10-14 05:03:45,508 - tune.py [line:103] - INFO: Epoch 01280 | Time(s) 0.0404 | Val Loss 1.3315 | Val Acc 0.5731 | ETputs(KTEPS) 98283.74
2023-10-14 05:03:46,328 - tune.py [line:103] - INFO: Epoch 01300 | Time(s) 0.0404 | Val Loss 1.3092 | Val Acc 0.5731 | ETputs(KTEPS) 98265.63
2023-10-14 05:03:47,132 - tune.py [line:103] - INFO: Epoch 01320 | Time(s) 0.0404 | Val Loss 1.2909 | Val Acc 0.5817 | ETputs(KTEPS) 98276.91
2023-10-14 05:03:47,920 - tune.py [line:103] - INFO: Epoch 01340 | Time(s) 0.0404 | Val Loss 1.3134 | Val Acc 0.5692 | ETputs(KTEPS) 98313.23
2023-10-14 05:03:48,725 - tune.py [line:103] - INFO: Epoch 01360 | Time(s) 0.0403 | Val Loss 1.3134 | Val Acc 0.5673 | ETputs(KTEPS) 98318.48
2023-10-14 05:03:49,560 - tune.py [line:103] - INFO: Epoch 01380 | Time(s) 0.0404 | Val Loss 1.3198 | Val Acc 0.5587 | ETputs(KTEPS) 98269.33
2023-10-14 05:03:50,377 - tune.py [line:103] - INFO: Epoch 01400 | Time(s) 0.0404 | Val Loss 1.3045 | Val Acc 0.5721 | ETputs(KTEPS) 98254.55
2023-10-14 05:03:51,203 - tune.py [line:103] - INFO: Epoch 01420 | Time(s) 0.0404 | Val Loss 1.3294 | Val Acc 0.5587 | ETputs(KTEPS) 98224.54
2023-10-14 05:03:52,021 - tune.py [line:103] - INFO: Epoch 01440 | Time(s) 0.0404 | Val Loss 1.3459 | Val Acc 0.5644 | ETputs(KTEPS) 98208.31
2023-10-14 05:03:52,838 - tune.py [line:103] - INFO: Epoch 01460 | Time(s) 0.0404 | Val Loss 1.3060 | Val Acc 0.5769 | ETputs(KTEPS) 98193.83
2023-10-14 05:03:53,654 - tune.py [line:103] - INFO: Epoch 01480 | Time(s) 0.0404 | Val Loss 1.3174 | Val Acc 0.5702 | ETputs(KTEPS) 98181.40
2023-10-14 05:03:54,443 - tune.py [line:103] - INFO: Epoch 01500 | Time(s) 0.0404 | Val Loss 1.3184 | Val Acc 0.5683 | ETputs(KTEPS) 98214.28
2023-10-14 05:03:55,231 - tune.py [line:103] - INFO: Epoch 01520 | Time(s) 0.0404 | Val Loss 1.3228 | Val Acc 0.5596 | ETputs(KTEPS) 98246.16
2023-10-14 05:03:56,024 - tune.py [line:103] - INFO: Epoch 01540 | Time(s) 0.0404 | Val Loss 1.3138 | Val Acc 0.5683 | ETputs(KTEPS) 98270.64
2023-10-14 05:03:56,759 - tune.py [line:103] - INFO: Epoch 01560 | Time(s) 0.0403 | Val Loss 1.2822 | Val Acc 0.5731 | ETputs(KTEPS) 98385.54
2023-10-14 05:03:57,463 - tune.py [line:103] - INFO: Epoch 01580 | Time(s) 0.0403 | Val Loss 1.2772 | Val Acc 0.5692 | ETputs(KTEPS) 98545.70
2023-10-14 05:03:58,193 - tune.py [line:103] - INFO: Epoch 01600 | Time(s) 0.0402 | Val Loss 1.2893 | Val Acc 0.5692 | ETputs(KTEPS) 98661.52
2023-10-14 05:03:58,504 - tune.py [line:117] - INFO: [FINAL MODEL] Val accuracy 59.71% \Val loss: 1.3
2023-10-14 05:03:58,514 - tune.py [line:119] - INFO: [FINAL MODEL] Test accuracy 57.25% \Test loss: 1.3
2023-10-14 05:03:58,514 - tune.py [line:144] - INFO: Acc on the first split (Validation Set): 0.5971
2023-10-14 05:03:58,515 - tune.py [line:145] - INFO: Acc on the first split (Test Set): 0.5725
