2023-10-14 04:17:43,010 - tune.py [line:203] - INFO: Namespace(seed=42, model='GPRGNNV2', gpu=1, dataset='geom-squirrel', logging=True, log_detail=True, log_detailedCh=False, id_log=1014014501, optuna_n_trials=202, n_epochs=2000, self_loop=False, udgraph=True, early_stop=True, patience=300, n_hidden=64, n_cv=1, start_cv=0, n_layers=16, lr1=0.03, lr2=0.05, wd1=1e-07, wd2=1e-07, dropout=0.5, dropout2=0.4, alpha=0.5, es_ckpt='woselfloop-geom-squirrel_GPRGNNV2-geom-squirrel_trialNo57')
2023-10-14 04:17:45,428 - tune.py [line:128] - INFO: Split_seeds:[1824]
2023-10-14 04:17:45,428 - tune.py [line:129] - INFO: Model_seeds:[409]
2023-10-14 04:17:46,635 - tune.py [line:103] - INFO: Epoch 00020 | Time(s) 0.0593 | Val Loss 1.4655 | Val Acc 0.3500 | ETputs(KTEPS) 66904.02
2023-10-14 04:17:47,819 - tune.py [line:103] - INFO: Epoch 00040 | Time(s) 0.0590 | Val Loss 1.4615 | Val Acc 0.3913 | ETputs(KTEPS) 67185.86
2023-10-14 04:17:49,001 - tune.py [line:103] - INFO: Epoch 00060 | Time(s) 0.0589 | Val Loss 1.4429 | Val Acc 0.4221 | ETputs(KTEPS) 67360.85
2023-10-14 04:17:50,191 - tune.py [line:103] - INFO: Epoch 00080 | Time(s) 0.0589 | Val Loss 1.4155 | Val Acc 0.4375 | ETputs(KTEPS) 67321.21
2023-10-14 04:17:51,373 - tune.py [line:103] - INFO: Epoch 00100 | Time(s) 0.0589 | Val Loss 1.4072 | Val Acc 0.4433 | ETputs(KTEPS) 67393.98
2023-10-14 04:17:52,555 - tune.py [line:103] - INFO: Epoch 00120 | Time(s) 0.0588 | Val Loss 1.4107 | Val Acc 0.4577 | ETputs(KTEPS) 67426.56
2023-10-14 04:17:53,741 - tune.py [line:103] - INFO: Epoch 00140 | Time(s) 0.0588 | Val Loss 1.3961 | Val Acc 0.4654 | ETputs(KTEPS) 67423.92
2023-10-14 04:17:54,926 - tune.py [line:103] - INFO: Epoch 00160 | Time(s) 0.0589 | Val Loss 1.3621 | Val Acc 0.4846 | ETputs(KTEPS) 67398.14
2023-10-14 04:17:56,102 - tune.py [line:103] - INFO: Epoch 00180 | Time(s) 0.0589 | Val Loss 1.3802 | Val Acc 0.4875 | ETputs(KTEPS) 67408.70
2023-10-14 04:17:57,279 - tune.py [line:103] - INFO: Epoch 00200 | Time(s) 0.0588 | Val Loss 1.3658 | Val Acc 0.4846 | ETputs(KTEPS) 67412.08
2023-10-14 04:17:58,460 - tune.py [line:103] - INFO: Epoch 00220 | Time(s) 0.0589 | Val Loss 1.3507 | Val Acc 0.4971 | ETputs(KTEPS) 67407.84
2023-10-14 04:17:59,643 - tune.py [line:103] - INFO: Epoch 00240 | Time(s) 0.0589 | Val Loss 1.3608 | Val Acc 0.4990 | ETputs(KTEPS) 67401.65
2023-10-14 04:18:00,829 - tune.py [line:103] - INFO: Epoch 00260 | Time(s) 0.0588 | Val Loss 1.3731 | Val Acc 0.5019 | ETputs(KTEPS) 67410.10
2023-10-14 04:18:02,009 - tune.py [line:103] - INFO: Epoch 00280 | Time(s) 0.0589 | Val Loss 1.3695 | Val Acc 0.5163 | ETputs(KTEPS) 67402.13
2023-10-14 04:18:03,186 - tune.py [line:103] - INFO: Epoch 00300 | Time(s) 0.0588 | Val Loss 1.3497 | Val Acc 0.5106 | ETputs(KTEPS) 67416.45
2023-10-14 04:18:04,362 - tune.py [line:103] - INFO: Epoch 00320 | Time(s) 0.0588 | Val Loss 1.3571 | Val Acc 0.5144 | ETputs(KTEPS) 67420.58
2023-10-14 04:18:05,536 - tune.py [line:103] - INFO: Epoch 00340 | Time(s) 0.0588 | Val Loss 1.3661 | Val Acc 0.5212 | ETputs(KTEPS) 67430.11
2023-10-14 04:18:06,713 - tune.py [line:103] - INFO: Epoch 00360 | Time(s) 0.0588 | Val Loss 1.3582 | Val Acc 0.5154 | ETputs(KTEPS) 67431.53
2023-10-14 04:18:07,892 - tune.py [line:103] - INFO: Epoch 00380 | Time(s) 0.0588 | Val Loss 1.3655 | Val Acc 0.5221 | ETputs(KTEPS) 67424.76
2023-10-14 04:18:09,064 - tune.py [line:103] - INFO: Epoch 00400 | Time(s) 0.0588 | Val Loss 1.3812 | Val Acc 0.5250 | ETputs(KTEPS) 67440.57
2023-10-14 04:18:10,241 - tune.py [line:103] - INFO: Epoch 00420 | Time(s) 0.0588 | Val Loss 1.3700 | Val Acc 0.5231 | ETputs(KTEPS) 67447.98
2023-10-14 04:18:11,430 - tune.py [line:103] - INFO: Epoch 00440 | Time(s) 0.0588 | Val Loss 1.3676 | Val Acc 0.5385 | ETputs(KTEPS) 67435.57
2023-10-14 04:18:12,637 - tune.py [line:103] - INFO: Epoch 00460 | Time(s) 0.0589 | Val Loss 1.3543 | Val Acc 0.5385 | ETputs(KTEPS) 67361.71
2023-10-14 04:18:13,816 - tune.py [line:103] - INFO: Epoch 00480 | Time(s) 0.0589 | Val Loss 1.3691 | Val Acc 0.5356 | ETputs(KTEPS) 67358.07
2023-10-14 04:18:15,007 - tune.py [line:103] - INFO: Epoch 00500 | Time(s) 0.0589 | Val Loss 1.3846 | Val Acc 0.5288 | ETputs(KTEPS) 67329.34
2023-10-14 04:18:16,232 - tune.py [line:103] - INFO: Epoch 00520 | Time(s) 0.0590 | Val Loss 1.3731 | Val Acc 0.5375 | ETputs(KTEPS) 67229.47
2023-10-14 04:18:17,422 - tune.py [line:103] - INFO: Epoch 00540 | Time(s) 0.0590 | Val Loss 1.3572 | Val Acc 0.5404 | ETputs(KTEPS) 67219.01
2023-10-14 04:18:18,613 - tune.py [line:103] - INFO: Epoch 00560 | Time(s) 0.0590 | Val Loss 1.3697 | Val Acc 0.5375 | ETputs(KTEPS) 67205.08
2023-10-14 04:18:19,797 - tune.py [line:103] - INFO: Epoch 00580 | Time(s) 0.0590 | Val Loss 1.3827 | Val Acc 0.5356 | ETputs(KTEPS) 67199.72
2023-10-14 04:18:20,990 - tune.py [line:103] - INFO: Epoch 00600 | Time(s) 0.0591 | Val Loss 1.3808 | Val Acc 0.5279 | ETputs(KTEPS) 67176.78
2023-10-14 04:18:22,178 - tune.py [line:103] - INFO: Epoch 00620 | Time(s) 0.0591 | Val Loss 1.3808 | Val Acc 0.5260 | ETputs(KTEPS) 67165.98
2023-10-14 04:18:23,367 - tune.py [line:103] - INFO: Epoch 00640 | Time(s) 0.0591 | Val Loss 1.3910 | Val Acc 0.5260 | ETputs(KTEPS) 67152.56
2023-10-14 04:18:24,551 - tune.py [line:103] - INFO: Epoch 00660 | Time(s) 0.0591 | Val Loss 1.4060 | Val Acc 0.5308 | ETputs(KTEPS) 67149.79
2023-10-14 04:18:25,737 - tune.py [line:103] - INFO: Epoch 00680 | Time(s) 0.0591 | Val Loss 1.3873 | Val Acc 0.5404 | ETputs(KTEPS) 67143.34
2023-10-14 04:18:26,931 - tune.py [line:103] - INFO: Epoch 00700 | Time(s) 0.0591 | Val Loss 1.3889 | Val Acc 0.5481 | ETputs(KTEPS) 67128.15
2023-10-14 04:18:28,135 - tune.py [line:103] - INFO: Epoch 00720 | Time(s) 0.0591 | Val Loss 1.3826 | Val Acc 0.5529 | ETputs(KTEPS) 67094.46
2023-10-14 04:18:29,329 - tune.py [line:103] - INFO: Epoch 00740 | Time(s) 0.0591 | Val Loss 1.3851 | Val Acc 0.5500 | ETputs(KTEPS) 67079.93
2023-10-14 04:18:30,513 - tune.py [line:103] - INFO: Epoch 00760 | Time(s) 0.0591 | Val Loss 1.3878 | Val Acc 0.5404 | ETputs(KTEPS) 67079.06
2023-10-14 04:18:31,702 - tune.py [line:103] - INFO: Epoch 00780 | Time(s) 0.0591 | Val Loss 1.3887 | Val Acc 0.5442 | ETputs(KTEPS) 67074.65
2023-10-14 04:18:32,895 - tune.py [line:103] - INFO: Epoch 00800 | Time(s) 0.0592 | Val Loss 1.3928 | Val Acc 0.5500 | ETputs(KTEPS) 67060.56
2023-10-14 04:18:34,083 - tune.py [line:103] - INFO: Epoch 00820 | Time(s) 0.0592 | Val Loss 1.4054 | Val Acc 0.5490 | ETputs(KTEPS) 67058.68
2023-10-14 04:18:35,263 - tune.py [line:103] - INFO: Epoch 00840 | Time(s) 0.0592 | Val Loss 1.3930 | Val Acc 0.5548 | ETputs(KTEPS) 67062.92
2023-10-14 04:18:36,449 - tune.py [line:103] - INFO: Epoch 00860 | Time(s) 0.0592 | Val Loss 1.3985 | Val Acc 0.5548 | ETputs(KTEPS) 67061.87
2023-10-14 04:18:37,631 - tune.py [line:103] - INFO: Epoch 00880 | Time(s) 0.0592 | Val Loss 1.4250 | Val Acc 0.5538 | ETputs(KTEPS) 67063.92
2023-10-14 04:18:38,820 - tune.py [line:103] - INFO: Epoch 00900 | Time(s) 0.0592 | Val Loss 1.4095 | Val Acc 0.5462 | ETputs(KTEPS) 67056.99
2023-10-14 04:18:40,011 - tune.py [line:103] - INFO: Epoch 00920 | Time(s) 0.0592 | Val Loss 1.4040 | Val Acc 0.5567 | ETputs(KTEPS) 67048.94
2023-10-14 04:18:41,197 - tune.py [line:103] - INFO: Epoch 00940 | Time(s) 0.0592 | Val Loss 1.3959 | Val Acc 0.5596 | ETputs(KTEPS) 67045.35
2023-10-14 04:18:42,390 - tune.py [line:103] - INFO: Epoch 00960 | Time(s) 0.0592 | Val Loss 1.3875 | Val Acc 0.5519 | ETputs(KTEPS) 67035.43
2023-10-14 04:18:43,571 - tune.py [line:103] - INFO: Epoch 00980 | Time(s) 0.0592 | Val Loss 1.4292 | Val Acc 0.5519 | ETputs(KTEPS) 67038.48
2023-10-14 04:18:44,757 - tune.py [line:103] - INFO: Epoch 01000 | Time(s) 0.0592 | Val Loss 1.4386 | Val Acc 0.5510 | ETputs(KTEPS) 67036.56
2023-10-14 04:18:45,940 - tune.py [line:103] - INFO: Epoch 01020 | Time(s) 0.0592 | Val Loss 1.4375 | Val Acc 0.5548 | ETputs(KTEPS) 67038.08
2023-10-14 04:18:47,135 - tune.py [line:103] - INFO: Epoch 01040 | Time(s) 0.0592 | Val Loss 1.4262 | Val Acc 0.5644 | ETputs(KTEPS) 67033.79
2023-10-14 04:18:48,322 - tune.py [line:103] - INFO: Epoch 01060 | Time(s) 0.0592 | Val Loss 1.4271 | Val Acc 0.5558 | ETputs(KTEPS) 67031.06
2023-10-14 04:18:49,515 - tune.py [line:103] - INFO: Epoch 01080 | Time(s) 0.0592 | Val Loss 1.4449 | Val Acc 0.5577 | ETputs(KTEPS) 67021.62
2023-10-14 04:18:50,706 - tune.py [line:103] - INFO: Epoch 01100 | Time(s) 0.0592 | Val Loss 1.4496 | Val Acc 0.5567 | ETputs(KTEPS) 67014.87
2023-10-14 04:18:51,890 - tune.py [line:103] - INFO: Epoch 01120 | Time(s) 0.0592 | Val Loss 1.4298 | Val Acc 0.5635 | ETputs(KTEPS) 67014.99
2023-10-14 04:18:53,072 - tune.py [line:103] - INFO: Epoch 01140 | Time(s) 0.0592 | Val Loss 1.4114 | Val Acc 0.5644 | ETputs(KTEPS) 67017.55
2023-10-14 04:18:54,265 - tune.py [line:103] - INFO: Epoch 01160 | Time(s) 0.0592 | Val Loss 1.4020 | Val Acc 0.5587 | ETputs(KTEPS) 67009.24
2023-10-14 04:18:55,458 - tune.py [line:103] - INFO: Epoch 01180 | Time(s) 0.0592 | Val Loss 1.4207 | Val Acc 0.5587 | ETputs(KTEPS) 67003.46
2023-10-14 04:18:56,654 - tune.py [line:103] - INFO: Epoch 01200 | Time(s) 0.0592 | Val Loss 1.4392 | Val Acc 0.5510 | ETputs(KTEPS) 66993.17
2023-10-14 04:18:57,845 - tune.py [line:103] - INFO: Epoch 01220 | Time(s) 0.0592 | Val Loss 1.4241 | Val Acc 0.5567 | ETputs(KTEPS) 66987.72
2023-10-14 04:18:59,035 - tune.py [line:103] - INFO: Epoch 01240 | Time(s) 0.0592 | Val Loss 1.4130 | Val Acc 0.5654 | ETputs(KTEPS) 66983.23
2023-10-14 04:19:00,225 - tune.py [line:103] - INFO: Epoch 01260 | Time(s) 0.0592 | Val Loss 1.4280 | Val Acc 0.5663 | ETputs(KTEPS) 66978.73
2023-10-14 04:19:01,412 - tune.py [line:103] - INFO: Epoch 01280 | Time(s) 0.0592 | Val Loss 1.4150 | Val Acc 0.5663 | ETputs(KTEPS) 66977.37
2023-10-14 04:19:02,597 - tune.py [line:103] - INFO: Epoch 01300 | Time(s) 0.0592 | Val Loss 1.4235 | Val Acc 0.5625 | ETputs(KTEPS) 66977.08
2023-10-14 04:19:03,778 - tune.py [line:103] - INFO: Epoch 01320 | Time(s) 0.0592 | Val Loss 1.4174 | Val Acc 0.5654 | ETputs(KTEPS) 66980.34
2023-10-14 04:19:04,966 - tune.py [line:103] - INFO: Epoch 01340 | Time(s) 0.0592 | Val Loss 1.4197 | Val Acc 0.5692 | ETputs(KTEPS) 66980.14
2023-10-14 04:19:06,153 - tune.py [line:103] - INFO: Epoch 01360 | Time(s) 0.0592 | Val Loss 1.4222 | Val Acc 0.5702 | ETputs(KTEPS) 66978.71
2023-10-14 04:19:07,342 - tune.py [line:103] - INFO: Epoch 01380 | Time(s) 0.0592 | Val Loss 1.4148 | Val Acc 0.5731 | ETputs(KTEPS) 66975.50
2023-10-14 04:19:08,529 - tune.py [line:103] - INFO: Epoch 01400 | Time(s) 0.0592 | Val Loss 1.4118 | Val Acc 0.5731 | ETputs(KTEPS) 66974.26
2023-10-14 04:19:09,713 - tune.py [line:103] - INFO: Epoch 01420 | Time(s) 0.0592 | Val Loss 1.4159 | Val Acc 0.5683 | ETputs(KTEPS) 66975.37
2023-10-14 04:19:10,895 - tune.py [line:103] - INFO: Epoch 01440 | Time(s) 0.0592 | Val Loss 1.4011 | Val Acc 0.5750 | ETputs(KTEPS) 66977.34
2023-10-14 04:19:12,089 - tune.py [line:103] - INFO: Epoch 01460 | Time(s) 0.0592 | Val Loss 1.3881 | Val Acc 0.5788 | ETputs(KTEPS) 66975.79
2023-10-14 04:19:13,284 - tune.py [line:103] - INFO: Epoch 01480 | Time(s) 0.0592 | Val Loss 1.4059 | Val Acc 0.5702 | ETputs(KTEPS) 66968.71
2023-10-14 04:19:14,481 - tune.py [line:103] - INFO: Epoch 01500 | Time(s) 0.0592 | Val Loss 1.3942 | Val Acc 0.5769 | ETputs(KTEPS) 66959.84
2023-10-14 04:19:15,669 - tune.py [line:103] - INFO: Epoch 01520 | Time(s) 0.0592 | Val Loss 1.4080 | Val Acc 0.5798 | ETputs(KTEPS) 66961.12
2023-10-14 04:19:16,854 - tune.py [line:103] - INFO: Epoch 01540 | Time(s) 0.0592 | Val Loss 1.4115 | Val Acc 0.5760 | ETputs(KTEPS) 66961.51
2023-10-14 04:19:18,064 - tune.py [line:103] - INFO: Epoch 01560 | Time(s) 0.0593 | Val Loss 1.3939 | Val Acc 0.5760 | ETputs(KTEPS) 66944.04
2023-10-14 04:19:19,259 - tune.py [line:103] - INFO: Epoch 01580 | Time(s) 0.0593 | Val Loss 1.4153 | Val Acc 0.5644 | ETputs(KTEPS) 66936.79
2023-10-14 04:19:20,446 - tune.py [line:103] - INFO: Epoch 01600 | Time(s) 0.0593 | Val Loss 1.3903 | Val Acc 0.5750 | ETputs(KTEPS) 66936.53
2023-10-14 04:19:21,630 - tune.py [line:103] - INFO: Epoch 01620 | Time(s) 0.0593 | Val Loss 1.4251 | Val Acc 0.5673 | ETputs(KTEPS) 66937.74
2023-10-14 04:19:22,822 - tune.py [line:103] - INFO: Epoch 01640 | Time(s) 0.0593 | Val Loss 1.4012 | Val Acc 0.5654 | ETputs(KTEPS) 66933.33
2023-10-14 04:19:24,007 - tune.py [line:103] - INFO: Epoch 01660 | Time(s) 0.0593 | Val Loss 1.4021 | Val Acc 0.5731 | ETputs(KTEPS) 66934.47
2023-10-14 04:19:25,195 - tune.py [line:103] - INFO: Epoch 01680 | Time(s) 0.0593 | Val Loss 1.4079 | Val Acc 0.5692 | ETputs(KTEPS) 66933.02
2023-10-14 04:19:26,382 - tune.py [line:103] - INFO: Epoch 01700 | Time(s) 0.0593 | Val Loss 1.3984 | Val Acc 0.5750 | ETputs(KTEPS) 66932.07
2023-10-14 04:19:27,570 - tune.py [line:103] - INFO: Epoch 01720 | Time(s) 0.0593 | Val Loss 1.4054 | Val Acc 0.5683 | ETputs(KTEPS) 66930.95
2023-10-14 04:19:28,761 - tune.py [line:103] - INFO: Epoch 01740 | Time(s) 0.0593 | Val Loss 1.4127 | Val Acc 0.5731 | ETputs(KTEPS) 66927.62
2023-10-14 04:19:29,954 - tune.py [line:103] - INFO: Epoch 01760 | Time(s) 0.0593 | Val Loss 1.4023 | Val Acc 0.5712 | ETputs(KTEPS) 66923.06
2023-10-14 04:19:31,138 - tune.py [line:103] - INFO: Epoch 01780 | Time(s) 0.0593 | Val Loss 1.3980 | Val Acc 0.5750 | ETputs(KTEPS) 66924.41
2023-10-14 04:19:32,324 - tune.py [line:103] - INFO: Epoch 01800 | Time(s) 0.0593 | Val Loss 1.4013 | Val Acc 0.5654 | ETputs(KTEPS) 66924.71
2023-10-14 04:19:33,469 - tune.py [line:117] - INFO: [FINAL MODEL] Val accuracy 58.85% \Val loss: 1.4
2023-10-14 04:19:33,486 - tune.py [line:119] - INFO: [FINAL MODEL] Test accuracy 57.16% \Test loss: 1.5
2023-10-14 04:19:33,487 - tune.py [line:144] - INFO: Acc on the first split (Validation Set): 0.5885
2023-10-14 04:19:33,487 - tune.py [line:145] - INFO: Acc on the first split (Test Set): 0.5716
