2023-10-14 04:55:30,026 - tune.py [line:203] - INFO: Namespace(seed=42, model='GPRGNNV2', gpu=1, dataset='geom-squirrel', logging=True, log_detail=True, log_detailedCh=False, id_log=1014014501, optuna_n_trials=202, n_epochs=2000, self_loop=False, udgraph=True, early_stop=True, patience=300, n_hidden=64, n_cv=1, start_cv=0, n_layers=8, lr1=0.05, lr2=0.05, wd1=1e-05, wd2=0.0001, dropout=0.2, dropout2=0.8, alpha=0.1, es_ckpt='woselfloop-geom-squirrel_GPRGNNV2-geom-squirrel_trialNo133')
2023-10-14 04:55:32,515 - tune.py [line:128] - INFO: Split_seeds:[1824]
2023-10-14 04:55:32,516 - tune.py [line:129] - INFO: Model_seeds:[409]
2023-10-14 04:55:33,218 - tune.py [line:103] - INFO: Epoch 00020 | Time(s) 0.0341 | Val Loss 1.4635 | Val Acc 0.3760 | ETputs(KTEPS) 116185.80
2023-10-14 04:55:33,896 - tune.py [line:103] - INFO: Epoch 00040 | Time(s) 0.0337 | Val Loss 1.3895 | Val Acc 0.4087 | ETputs(KTEPS) 117550.48
2023-10-14 04:55:34,559 - tune.py [line:103] - INFO: Epoch 00060 | Time(s) 0.0335 | Val Loss 1.4188 | Val Acc 0.4192 | ETputs(KTEPS) 118393.23
2023-10-14 04:55:35,236 - tune.py [line:103] - INFO: Epoch 00080 | Time(s) 0.0334 | Val Loss 1.4075 | Val Acc 0.4490 | ETputs(KTEPS) 118606.26
2023-10-14 04:55:35,907 - tune.py [line:103] - INFO: Epoch 00100 | Time(s) 0.0334 | Val Loss 1.3785 | Val Acc 0.4654 | ETputs(KTEPS) 118776.93
2023-10-14 04:55:36,576 - tune.py [line:103] - INFO: Epoch 00120 | Time(s) 0.0334 | Val Loss 1.3969 | Val Acc 0.4827 | ETputs(KTEPS) 118892.28
2023-10-14 04:55:37,242 - tune.py [line:103] - INFO: Epoch 00140 | Time(s) 0.0333 | Val Loss 1.3692 | Val Acc 0.4827 | ETputs(KTEPS) 119020.35
2023-10-14 04:55:37,910 - tune.py [line:103] - INFO: Epoch 00160 | Time(s) 0.0333 | Val Loss 1.3747 | Val Acc 0.4885 | ETputs(KTEPS) 119000.13
2023-10-14 04:55:38,579 - tune.py [line:103] - INFO: Epoch 00180 | Time(s) 0.0333 | Val Loss 1.3583 | Val Acc 0.4894 | ETputs(KTEPS) 119032.79
2023-10-14 04:55:39,250 - tune.py [line:103] - INFO: Epoch 00200 | Time(s) 0.0333 | Val Loss 1.3293 | Val Acc 0.5067 | ETputs(KTEPS) 119056.16
2023-10-14 04:55:39,915 - tune.py [line:103] - INFO: Epoch 00220 | Time(s) 0.0333 | Val Loss 1.3161 | Val Acc 0.5192 | ETputs(KTEPS) 119103.93
2023-10-14 04:55:40,586 - tune.py [line:103] - INFO: Epoch 00240 | Time(s) 0.0333 | Val Loss 1.3546 | Val Acc 0.5144 | ETputs(KTEPS) 119137.83
2023-10-14 04:55:41,250 - tune.py [line:103] - INFO: Epoch 00260 | Time(s) 0.0333 | Val Loss 1.3255 | Val Acc 0.5173 | ETputs(KTEPS) 119178.11
2023-10-14 04:55:41,913 - tune.py [line:103] - INFO: Epoch 00280 | Time(s) 0.0333 | Val Loss 1.3235 | Val Acc 0.5173 | ETputs(KTEPS) 119208.16
2023-10-14 04:55:42,577 - tune.py [line:103] - INFO: Epoch 00300 | Time(s) 0.0333 | Val Loss 1.3272 | Val Acc 0.5279 | ETputs(KTEPS) 119231.40
2023-10-14 04:55:43,241 - tune.py [line:103] - INFO: Epoch 00320 | Time(s) 0.0333 | Val Loss 1.3290 | Val Acc 0.5250 | ETputs(KTEPS) 119257.07
2023-10-14 04:55:43,905 - tune.py [line:103] - INFO: Epoch 00340 | Time(s) 0.0333 | Val Loss 1.3161 | Val Acc 0.5260 | ETputs(KTEPS) 119271.78
2023-10-14 04:55:44,589 - tune.py [line:103] - INFO: Epoch 00360 | Time(s) 0.0333 | Val Loss 1.2909 | Val Acc 0.5471 | ETputs(KTEPS) 119157.33
2023-10-14 04:55:45,259 - tune.py [line:103] - INFO: Epoch 00380 | Time(s) 0.0333 | Val Loss 1.3087 | Val Acc 0.5317 | ETputs(KTEPS) 119138.19
2023-10-14 04:55:45,922 - tune.py [line:103] - INFO: Epoch 00400 | Time(s) 0.0333 | Val Loss 1.3097 | Val Acc 0.5337 | ETputs(KTEPS) 119164.76
2023-10-14 04:55:46,591 - tune.py [line:103] - INFO: Epoch 00420 | Time(s) 0.0333 | Val Loss 1.3302 | Val Acc 0.5279 | ETputs(KTEPS) 119140.29
2023-10-14 04:55:47,259 - tune.py [line:103] - INFO: Epoch 00440 | Time(s) 0.0333 | Val Loss 1.3156 | Val Acc 0.5404 | ETputs(KTEPS) 119127.64
2023-10-14 04:55:47,931 - tune.py [line:103] - INFO: Epoch 00460 | Time(s) 0.0333 | Val Loss 1.2994 | Val Acc 0.5433 | ETputs(KTEPS) 119102.63
2023-10-14 04:55:48,598 - tune.py [line:103] - INFO: Epoch 00480 | Time(s) 0.0333 | Val Loss 1.2725 | Val Acc 0.5423 | ETputs(KTEPS) 119108.90
2023-10-14 04:55:49,263 - tune.py [line:103] - INFO: Epoch 00500 | Time(s) 0.0333 | Val Loss 1.2773 | Val Acc 0.5423 | ETputs(KTEPS) 119122.34
2023-10-14 04:55:49,934 - tune.py [line:103] - INFO: Epoch 00520 | Time(s) 0.0333 | Val Loss 1.2863 | Val Acc 0.5288 | ETputs(KTEPS) 119092.49
2023-10-14 04:55:50,604 - tune.py [line:103] - INFO: Epoch 00540 | Time(s) 0.0333 | Val Loss 1.2891 | Val Acc 0.5365 | ETputs(KTEPS) 119066.31
2023-10-14 04:55:51,270 - tune.py [line:103] - INFO: Epoch 00560 | Time(s) 0.0333 | Val Loss 1.2894 | Val Acc 0.5394 | ETputs(KTEPS) 119071.86
2023-10-14 04:55:51,936 - tune.py [line:103] - INFO: Epoch 00580 | Time(s) 0.0333 | Val Loss 1.2913 | Val Acc 0.5452 | ETputs(KTEPS) 119081.44
2023-10-14 04:55:52,606 - tune.py [line:103] - INFO: Epoch 00600 | Time(s) 0.0333 | Val Loss 1.2830 | Val Acc 0.5548 | ETputs(KTEPS) 119082.45
2023-10-14 04:55:53,279 - tune.py [line:103] - INFO: Epoch 00620 | Time(s) 0.0333 | Val Loss 1.2717 | Val Acc 0.5529 | ETputs(KTEPS) 119052.63
2023-10-14 04:55:53,944 - tune.py [line:103] - INFO: Epoch 00640 | Time(s) 0.0333 | Val Loss 1.3134 | Val Acc 0.5462 | ETputs(KTEPS) 119064.83
2023-10-14 04:55:54,612 - tune.py [line:103] - INFO: Epoch 00660 | Time(s) 0.0333 | Val Loss 1.3384 | Val Acc 0.5452 | ETputs(KTEPS) 119064.89
2023-10-14 04:55:55,280 - tune.py [line:103] - INFO: Epoch 00680 | Time(s) 0.0333 | Val Loss 1.2970 | Val Acc 0.5558 | ETputs(KTEPS) 119061.40
2023-10-14 04:55:55,949 - tune.py [line:103] - INFO: Epoch 00700 | Time(s) 0.0333 | Val Loss 1.2699 | Val Acc 0.5587 | ETputs(KTEPS) 119049.39
2023-10-14 04:55:56,644 - tune.py [line:103] - INFO: Epoch 00720 | Time(s) 0.0334 | Val Loss 1.2515 | Val Acc 0.5692 | ETputs(KTEPS) 118945.60
2023-10-14 04:55:57,330 - tune.py [line:103] - INFO: Epoch 00740 | Time(s) 0.0334 | Val Loss 1.2617 | Val Acc 0.5577 | ETputs(KTEPS) 118882.91
2023-10-14 04:55:58,004 - tune.py [line:103] - INFO: Epoch 00760 | Time(s) 0.0334 | Val Loss 1.2867 | Val Acc 0.5548 | ETputs(KTEPS) 118856.01
2023-10-14 04:55:58,682 - tune.py [line:103] - INFO: Epoch 00780 | Time(s) 0.0334 | Val Loss 1.2834 | Val Acc 0.5490 | ETputs(KTEPS) 118807.61
2023-10-14 04:55:59,353 - tune.py [line:103] - INFO: Epoch 00800 | Time(s) 0.0334 | Val Loss 1.2872 | Val Acc 0.5519 | ETputs(KTEPS) 118795.43
2023-10-14 04:56:00,025 - tune.py [line:103] - INFO: Epoch 00820 | Time(s) 0.0334 | Val Loss 1.2810 | Val Acc 0.5529 | ETputs(KTEPS) 118782.08
2023-10-14 04:56:00,701 - tune.py [line:103] - INFO: Epoch 00840 | Time(s) 0.0334 | Val Loss 1.2876 | Val Acc 0.5567 | ETputs(KTEPS) 118750.76
2023-10-14 04:56:01,373 - tune.py [line:103] - INFO: Epoch 00860 | Time(s) 0.0334 | Val Loss 1.3243 | Val Acc 0.5510 | ETputs(KTEPS) 118736.41
2023-10-14 04:56:02,062 - tune.py [line:103] - INFO: Epoch 00880 | Time(s) 0.0334 | Val Loss 1.2952 | Val Acc 0.5529 | ETputs(KTEPS) 118654.28
2023-10-14 04:56:02,741 - tune.py [line:103] - INFO: Epoch 00900 | Time(s) 0.0334 | Val Loss 1.3385 | Val Acc 0.5394 | ETputs(KTEPS) 118614.79
2023-10-14 04:56:03,411 - tune.py [line:103] - INFO: Epoch 00920 | Time(s) 0.0334 | Val Loss 1.3013 | Val Acc 0.5683 | ETputs(KTEPS) 118614.13
2023-10-14 04:56:04,080 - tune.py [line:103] - INFO: Epoch 00940 | Time(s) 0.0334 | Val Loss 1.2889 | Val Acc 0.5654 | ETputs(KTEPS) 118615.09
2023-10-14 04:56:04,750 - tune.py [line:103] - INFO: Epoch 00960 | Time(s) 0.0334 | Val Loss 1.3022 | Val Acc 0.5538 | ETputs(KTEPS) 118609.74
2023-10-14 04:56:05,428 - tune.py [line:103] - INFO: Epoch 00980 | Time(s) 0.0335 | Val Loss 1.3197 | Val Acc 0.5577 | ETputs(KTEPS) 118581.12
2023-10-14 04:56:06,095 - tune.py [line:103] - INFO: Epoch 01000 | Time(s) 0.0335 | Val Loss 1.2796 | Val Acc 0.5644 | ETputs(KTEPS) 118588.68
2023-10-14 04:56:06,769 - tune.py [line:103] - INFO: Epoch 01020 | Time(s) 0.0335 | Val Loss 1.2903 | Val Acc 0.5567 | ETputs(KTEPS) 118574.41
2023-10-14 04:56:07,282 - tune.py [line:117] - INFO: [FINAL MODEL] Val accuracy 57.79% \Val loss: 1.3
2023-10-14 04:56:07,291 - tune.py [line:119] - INFO: [FINAL MODEL] Test accuracy 56.77% \Test loss: 1.3
2023-10-14 04:56:07,291 - tune.py [line:144] - INFO: Acc on the first split (Validation Set): 0.5779
2023-10-14 04:56:07,291 - tune.py [line:145] - INFO: Acc on the first split (Test Set): 0.5677
