2023-10-14 04:42:13,416 - tune.py [line:203] - INFO: Namespace(seed=42, model='GPRGNNV2', gpu=1, dataset='geom-squirrel', logging=True, log_detail=True, log_detailedCh=False, id_log=1014014501, optuna_n_trials=202, n_epochs=2000, self_loop=False, udgraph=True, early_stop=True, patience=300, n_hidden=64, n_cv=1, start_cv=0, n_layers=4, lr1=0.04, lr2=0.04, wd1=1e-05, wd2=1e-05, dropout=0.1, dropout2=0.9, alpha=0.30000000000000004, es_ckpt='woselfloop-geom-squirrel_GPRGNNV2-geom-squirrel_trialNo98')
2023-10-14 04:42:16,114 - tune.py [line:128] - INFO: Split_seeds:[1824]
2023-10-14 04:42:16,114 - tune.py [line:129] - INFO: Model_seeds:[409]
2023-10-14 04:42:16,567 - tune.py [line:103] - INFO: Epoch 00020 | Time(s) 0.0217 | Val Loss 1.4519 | Val Acc 0.3760 | ETputs(KTEPS) 182431.48
2023-10-14 04:42:17,001 - tune.py [line:103] - INFO: Epoch 00040 | Time(s) 0.0215 | Val Loss 1.3536 | Val Acc 0.4269 | ETputs(KTEPS) 184384.25
2023-10-14 04:42:17,422 - tune.py [line:103] - INFO: Epoch 00060 | Time(s) 0.0213 | Val Loss 1.3239 | Val Acc 0.4510 | ETputs(KTEPS) 186425.76
2023-10-14 04:42:17,853 - tune.py [line:103] - INFO: Epoch 00080 | Time(s) 0.0212 | Val Loss 1.3151 | Val Acc 0.4712 | ETputs(KTEPS) 186733.57
2023-10-14 04:42:18,275 - tune.py [line:103] - INFO: Epoch 00100 | Time(s) 0.0212 | Val Loss 1.3600 | Val Acc 0.4683 | ETputs(KTEPS) 187325.72
2023-10-14 04:42:18,692 - tune.py [line:103] - INFO: Epoch 00120 | Time(s) 0.0211 | Val Loss 1.3194 | Val Acc 0.4894 | ETputs(KTEPS) 187847.22
2023-10-14 04:42:19,109 - tune.py [line:103] - INFO: Epoch 00140 | Time(s) 0.0211 | Val Loss 1.3355 | Val Acc 0.4779 | ETputs(KTEPS) 188355.36
2023-10-14 04:42:19,523 - tune.py [line:103] - INFO: Epoch 00160 | Time(s) 0.0210 | Val Loss 1.3340 | Val Acc 0.4837 | ETputs(KTEPS) 188769.79
2023-10-14 04:42:19,941 - tune.py [line:103] - INFO: Epoch 00180 | Time(s) 0.0210 | Val Loss 1.3223 | Val Acc 0.4885 | ETputs(KTEPS) 188997.35
2023-10-14 04:42:20,369 - tune.py [line:103] - INFO: Epoch 00200 | Time(s) 0.0210 | Val Loss 1.3342 | Val Acc 0.4933 | ETputs(KTEPS) 188784.86
2023-10-14 04:42:20,788 - tune.py [line:103] - INFO: Epoch 00220 | Time(s) 0.0210 | Val Loss 1.3726 | Val Acc 0.4827 | ETputs(KTEPS) 188992.88
2023-10-14 04:42:21,210 - tune.py [line:103] - INFO: Epoch 00240 | Time(s) 0.0210 | Val Loss 1.3362 | Val Acc 0.5000 | ETputs(KTEPS) 189045.03
2023-10-14 04:42:21,640 - tune.py [line:103] - INFO: Epoch 00260 | Time(s) 0.0210 | Val Loss 1.3284 | Val Acc 0.5096 | ETputs(KTEPS) 188892.98
2023-10-14 04:42:22,060 - tune.py [line:103] - INFO: Epoch 00280 | Time(s) 0.0210 | Val Loss 1.3090 | Val Acc 0.5154 | ETputs(KTEPS) 188955.63
2023-10-14 04:42:22,483 - tune.py [line:103] - INFO: Epoch 00300 | Time(s) 0.0210 | Val Loss 1.3191 | Val Acc 0.5144 | ETputs(KTEPS) 188932.35
2023-10-14 04:42:22,901 - tune.py [line:103] - INFO: Epoch 00320 | Time(s) 0.0210 | Val Loss 1.3310 | Val Acc 0.5000 | ETputs(KTEPS) 188999.83
2023-10-14 04:42:23,318 - tune.py [line:103] - INFO: Epoch 00340 | Time(s) 0.0210 | Val Loss 1.2894 | Val Acc 0.5019 | ETputs(KTEPS) 189074.45
2023-10-14 04:42:23,740 - tune.py [line:103] - INFO: Epoch 00360 | Time(s) 0.0210 | Val Loss 1.2843 | Val Acc 0.5173 | ETputs(KTEPS) 189073.62
2023-10-14 04:42:24,163 - tune.py [line:103] - INFO: Epoch 00380 | Time(s) 0.0210 | Val Loss 1.3130 | Val Acc 0.5106 | ETputs(KTEPS) 189003.57
2023-10-14 04:42:24,585 - tune.py [line:103] - INFO: Epoch 00400 | Time(s) 0.0210 | Val Loss 1.2949 | Val Acc 0.5144 | ETputs(KTEPS) 188962.15
2023-10-14 04:42:25,010 - tune.py [line:103] - INFO: Epoch 00420 | Time(s) 0.0210 | Val Loss 1.2914 | Val Acc 0.5183 | ETputs(KTEPS) 188859.92
2023-10-14 04:42:25,437 - tune.py [line:103] - INFO: Epoch 00440 | Time(s) 0.0210 | Val Loss 1.2621 | Val Acc 0.5288 | ETputs(KTEPS) 188829.88
2023-10-14 04:42:25,866 - tune.py [line:103] - INFO: Epoch 00460 | Time(s) 0.0210 | Val Loss 1.2944 | Val Acc 0.5260 | ETputs(KTEPS) 188728.89
2023-10-14 04:42:26,288 - tune.py [line:103] - INFO: Epoch 00480 | Time(s) 0.0210 | Val Loss 1.3006 | Val Acc 0.5240 | ETputs(KTEPS) 188714.11
2023-10-14 04:42:26,711 - tune.py [line:103] - INFO: Epoch 00500 | Time(s) 0.0210 | Val Loss 1.2523 | Val Acc 0.5240 | ETputs(KTEPS) 188674.86
2023-10-14 04:42:27,138 - tune.py [line:103] - INFO: Epoch 00520 | Time(s) 0.0210 | Val Loss 1.2828 | Val Acc 0.5317 | ETputs(KTEPS) 188564.69
2023-10-14 04:42:27,558 - tune.py [line:103] - INFO: Epoch 00540 | Time(s) 0.0210 | Val Loss 1.2948 | Val Acc 0.5269 | ETputs(KTEPS) 188588.69
2023-10-14 04:42:27,990 - tune.py [line:103] - INFO: Epoch 00560 | Time(s) 0.0211 | Val Loss 1.2639 | Val Acc 0.5452 | ETputs(KTEPS) 188441.43
2023-10-14 04:42:28,422 - tune.py [line:103] - INFO: Epoch 00580 | Time(s) 0.0211 | Val Loss 1.2761 | Val Acc 0.5365 | ETputs(KTEPS) 188307.41
2023-10-14 04:42:28,856 - tune.py [line:103] - INFO: Epoch 00600 | Time(s) 0.0211 | Val Loss 1.2525 | Val Acc 0.5538 | ETputs(KTEPS) 188171.24
2023-10-14 04:42:29,289 - tune.py [line:103] - INFO: Epoch 00620 | Time(s) 0.0211 | Val Loss 1.2859 | Val Acc 0.5462 | ETputs(KTEPS) 188048.65
2023-10-14 04:42:29,722 - tune.py [line:103] - INFO: Epoch 00640 | Time(s) 0.0211 | Val Loss 1.2545 | Val Acc 0.5481 | ETputs(KTEPS) 187893.01
2023-10-14 04:42:30,153 - tune.py [line:103] - INFO: Epoch 00660 | Time(s) 0.0211 | Val Loss 1.2392 | Val Acc 0.5394 | ETputs(KTEPS) 187786.13
2023-10-14 04:42:30,581 - tune.py [line:103] - INFO: Epoch 00680 | Time(s) 0.0211 | Val Loss 1.2561 | Val Acc 0.5346 | ETputs(KTEPS) 187724.73
2023-10-14 04:42:31,014 - tune.py [line:103] - INFO: Epoch 00700 | Time(s) 0.0211 | Val Loss 1.2616 | Val Acc 0.5452 | ETputs(KTEPS) 187599.54
2023-10-14 04:42:31,455 - tune.py [line:103] - INFO: Epoch 00720 | Time(s) 0.0212 | Val Loss 1.2672 | Val Acc 0.5298 | ETputs(KTEPS) 187378.69
2023-10-14 04:42:31,883 - tune.py [line:103] - INFO: Epoch 00740 | Time(s) 0.0212 | Val Loss 1.2567 | Val Acc 0.5404 | ETputs(KTEPS) 187330.15
2023-10-14 04:42:32,320 - tune.py [line:103] - INFO: Epoch 00760 | Time(s) 0.0212 | Val Loss 1.2357 | Val Acc 0.5500 | ETputs(KTEPS) 187214.23
2023-10-14 04:42:32,752 - tune.py [line:103] - INFO: Epoch 00780 | Time(s) 0.0212 | Val Loss 1.2378 | Val Acc 0.5538 | ETputs(KTEPS) 187126.18
2023-10-14 04:42:33,179 - tune.py [line:103] - INFO: Epoch 00800 | Time(s) 0.0212 | Val Loss 1.2526 | Val Acc 0.5404 | ETputs(KTEPS) 187098.05
2023-10-14 04:42:33,607 - tune.py [line:103] - INFO: Epoch 00820 | Time(s) 0.0212 | Val Loss 1.2593 | Val Acc 0.5442 | ETputs(KTEPS) 187057.70
2023-10-14 04:42:34,038 - tune.py [line:103] - INFO: Epoch 00840 | Time(s) 0.0212 | Val Loss 1.3125 | Val Acc 0.5183 | ETputs(KTEPS) 186990.98
2023-10-14 04:42:34,466 - tune.py [line:103] - INFO: Epoch 00860 | Time(s) 0.0212 | Val Loss 1.2681 | Val Acc 0.5404 | ETputs(KTEPS) 186957.17
2023-10-14 04:42:34,905 - tune.py [line:103] - INFO: Epoch 00880 | Time(s) 0.0212 | Val Loss 1.2515 | Val Acc 0.5452 | ETputs(KTEPS) 186819.04
2023-10-14 04:42:35,336 - tune.py [line:103] - INFO: Epoch 00900 | Time(s) 0.0212 | Val Loss 1.2349 | Val Acc 0.5558 | ETputs(KTEPS) 186810.32
2023-10-14 04:42:35,760 - tune.py [line:103] - INFO: Epoch 00920 | Time(s) 0.0212 | Val Loss 1.2319 | Val Acc 0.5577 | ETputs(KTEPS) 186822.17
2023-10-14 04:42:36,184 - tune.py [line:103] - INFO: Epoch 00940 | Time(s) 0.0212 | Val Loss 1.2400 | Val Acc 0.5538 | ETputs(KTEPS) 186831.93
2023-10-14 04:42:36,609 - tune.py [line:103] - INFO: Epoch 00960 | Time(s) 0.0212 | Val Loss 1.2740 | Val Acc 0.5587 | ETputs(KTEPS) 186832.94
2023-10-14 04:42:37,050 - tune.py [line:103] - INFO: Epoch 00980 | Time(s) 0.0212 | Val Loss 1.2648 | Val Acc 0.5567 | ETputs(KTEPS) 186688.73
2023-10-14 04:42:37,474 - tune.py [line:103] - INFO: Epoch 01000 | Time(s) 0.0212 | Val Loss 1.2604 | Val Acc 0.5567 | ETputs(KTEPS) 186702.51
2023-10-14 04:42:37,898 - tune.py [line:103] - INFO: Epoch 01020 | Time(s) 0.0212 | Val Loss 1.2292 | Val Acc 0.5596 | ETputs(KTEPS) 186739.27
2023-10-14 04:42:38,320 - tune.py [line:103] - INFO: Epoch 01040 | Time(s) 0.0212 | Val Loss 1.2335 | Val Acc 0.5663 | ETputs(KTEPS) 186766.56
2023-10-14 04:42:38,751 - tune.py [line:103] - INFO: Epoch 01060 | Time(s) 0.0212 | Val Loss 1.2465 | Val Acc 0.5452 | ETputs(KTEPS) 186721.13
2023-10-14 04:42:39,168 - tune.py [line:103] - INFO: Epoch 01080 | Time(s) 0.0212 | Val Loss 1.2362 | Val Acc 0.5615 | ETputs(KTEPS) 186790.62
2023-10-14 04:42:39,586 - tune.py [line:103] - INFO: Epoch 01100 | Time(s) 0.0212 | Val Loss 1.2425 | Val Acc 0.5510 | ETputs(KTEPS) 186850.78
2023-10-14 04:42:40,003 - tune.py [line:103] - INFO: Epoch 01120 | Time(s) 0.0212 | Val Loss 1.2335 | Val Acc 0.5615 | ETputs(KTEPS) 186914.06
2023-10-14 04:42:40,420 - tune.py [line:103] - INFO: Epoch 01140 | Time(s) 0.0212 | Val Loss 1.2118 | Val Acc 0.5635 | ETputs(KTEPS) 186975.37
2023-10-14 04:42:40,842 - tune.py [line:103] - INFO: Epoch 01160 | Time(s) 0.0212 | Val Loss 1.2065 | Val Acc 0.5740 | ETputs(KTEPS) 187011.75
2023-10-14 04:42:41,263 - tune.py [line:103] - INFO: Epoch 01180 | Time(s) 0.0212 | Val Loss 1.2084 | Val Acc 0.5740 | ETputs(KTEPS) 187037.69
2023-10-14 04:42:41,684 - tune.py [line:103] - INFO: Epoch 01200 | Time(s) 0.0212 | Val Loss 1.2224 | Val Acc 0.5683 | ETputs(KTEPS) 187064.80
2023-10-14 04:42:42,100 - tune.py [line:103] - INFO: Epoch 01220 | Time(s) 0.0212 | Val Loss 1.2407 | Val Acc 0.5596 | ETputs(KTEPS) 187126.18
2023-10-14 04:42:42,519 - tune.py [line:103] - INFO: Epoch 01240 | Time(s) 0.0212 | Val Loss 1.2367 | Val Acc 0.5625 | ETputs(KTEPS) 187170.00
2023-10-14 04:42:42,939 - tune.py [line:103] - INFO: Epoch 01260 | Time(s) 0.0212 | Val Loss 1.2360 | Val Acc 0.5683 | ETputs(KTEPS) 187195.06
2023-10-14 04:42:43,362 - tune.py [line:103] - INFO: Epoch 01280 | Time(s) 0.0212 | Val Loss 1.2452 | Val Acc 0.5654 | ETputs(KTEPS) 187209.47
2023-10-14 04:42:43,783 - tune.py [line:103] - INFO: Epoch 01300 | Time(s) 0.0212 | Val Loss 1.2319 | Val Acc 0.5692 | ETputs(KTEPS) 187231.46
2023-10-14 04:42:44,205 - tune.py [line:103] - INFO: Epoch 01320 | Time(s) 0.0212 | Val Loss 1.2514 | Val Acc 0.5769 | ETputs(KTEPS) 187244.32
2023-10-14 04:42:44,628 - tune.py [line:103] - INFO: Epoch 01340 | Time(s) 0.0212 | Val Loss 1.2553 | Val Acc 0.5663 | ETputs(KTEPS) 187284.29
2023-10-14 04:42:45,049 - tune.py [line:103] - INFO: Epoch 01360 | Time(s) 0.0212 | Val Loss 1.2129 | Val Acc 0.5808 | ETputs(KTEPS) 187308.68
2023-10-14 04:42:45,467 - tune.py [line:103] - INFO: Epoch 01380 | Time(s) 0.0212 | Val Loss 1.2133 | Val Acc 0.5625 | ETputs(KTEPS) 187350.03
2023-10-14 04:42:45,893 - tune.py [line:103] - INFO: Epoch 01400 | Time(s) 0.0212 | Val Loss 1.2450 | Val Acc 0.5740 | ETputs(KTEPS) 187338.45
2023-10-14 04:42:46,309 - tune.py [line:103] - INFO: Epoch 01420 | Time(s) 0.0212 | Val Loss 1.2428 | Val Acc 0.5731 | ETputs(KTEPS) 187389.15
2023-10-14 04:42:46,726 - tune.py [line:103] - INFO: Epoch 01440 | Time(s) 0.0212 | Val Loss 1.2262 | Val Acc 0.5721 | ETputs(KTEPS) 187426.79
2023-10-14 04:42:47,150 - tune.py [line:103] - INFO: Epoch 01460 | Time(s) 0.0212 | Val Loss 1.2443 | Val Acc 0.5548 | ETputs(KTEPS) 187442.90
2023-10-14 04:42:47,570 - tune.py [line:103] - INFO: Epoch 01480 | Time(s) 0.0212 | Val Loss 1.2411 | Val Acc 0.5673 | ETputs(KTEPS) 187467.46
2023-10-14 04:42:47,991 - tune.py [line:103] - INFO: Epoch 01500 | Time(s) 0.0212 | Val Loss 1.2133 | Val Acc 0.5865 | ETputs(KTEPS) 187481.60
2023-10-14 04:42:48,414 - tune.py [line:103] - INFO: Epoch 01520 | Time(s) 0.0212 | Val Loss 1.2090 | Val Acc 0.5760 | ETputs(KTEPS) 187488.98
2023-10-14 04:42:48,832 - tune.py [line:103] - INFO: Epoch 01540 | Time(s) 0.0212 | Val Loss 1.2131 | Val Acc 0.5692 | ETputs(KTEPS) 187519.56
2023-10-14 04:42:49,258 - tune.py [line:103] - INFO: Epoch 01560 | Time(s) 0.0212 | Val Loss 1.2042 | Val Acc 0.5692 | ETputs(KTEPS) 187507.00
2023-10-14 04:42:49,680 - tune.py [line:103] - INFO: Epoch 01580 | Time(s) 0.0212 | Val Loss 1.2183 | Val Acc 0.5721 | ETputs(KTEPS) 187515.71
2023-10-14 04:42:50,103 - tune.py [line:103] - INFO: Epoch 01600 | Time(s) 0.0212 | Val Loss 1.2121 | Val Acc 0.5760 | ETputs(KTEPS) 187520.22
2023-10-14 04:42:50,526 - tune.py [line:103] - INFO: Epoch 01620 | Time(s) 0.0212 | Val Loss 1.2214 | Val Acc 0.5788 | ETputs(KTEPS) 187525.37
2023-10-14 04:42:50,950 - tune.py [line:103] - INFO: Epoch 01640 | Time(s) 0.0212 | Val Loss 1.2065 | Val Acc 0.5731 | ETputs(KTEPS) 187525.51
2023-10-14 04:42:51,373 - tune.py [line:103] - INFO: Epoch 01660 | Time(s) 0.0212 | Val Loss 1.2354 | Val Acc 0.5731 | ETputs(KTEPS) 187526.71
2023-10-14 04:42:51,795 - tune.py [line:103] - INFO: Epoch 01680 | Time(s) 0.0212 | Val Loss 1.2106 | Val Acc 0.5712 | ETputs(KTEPS) 187534.46
2023-10-14 04:42:52,219 - tune.py [line:103] - INFO: Epoch 01700 | Time(s) 0.0212 | Val Loss 1.2115 | Val Acc 0.5712 | ETputs(KTEPS) 187536.67
2023-10-14 04:42:52,642 - tune.py [line:103] - INFO: Epoch 01720 | Time(s) 0.0212 | Val Loss 1.2132 | Val Acc 0.5788 | ETputs(KTEPS) 187535.44
2023-10-14 04:42:53,071 - tune.py [line:103] - INFO: Epoch 01740 | Time(s) 0.0212 | Val Loss 1.2117 | Val Acc 0.5702 | ETputs(KTEPS) 187508.56
2023-10-14 04:42:53,270 - tune.py [line:117] - INFO: [FINAL MODEL] Val accuracy 58.85% \Val loss: 1.2
2023-10-14 04:42:53,275 - tune.py [line:119] - INFO: [FINAL MODEL] Test accuracy 56.39% \Test loss: 1.3
2023-10-14 04:42:53,275 - tune.py [line:144] - INFO: Acc on the first split (Validation Set): 0.5885
2023-10-14 04:42:53,275 - tune.py [line:145] - INFO: Acc on the first split (Test Set): 0.5639
