2023-10-14 04:14:55,982 - tune.py [line:203] - INFO: Namespace(seed=42, model='GPRGNNV2', gpu=1, dataset='geom-squirrel', logging=True, log_detail=True, log_detailedCh=False, id_log=1014014501, optuna_n_trials=202, n_epochs=2000, self_loop=False, udgraph=True, early_stop=True, patience=300, n_hidden=64, n_cv=1, start_cv=0, n_layers=16, lr1=0.02, lr2=0.03, wd1=1e-07, wd2=1e-08, dropout=0.5, dropout2=0.5, alpha=0.5, es_ckpt='woselfloop-geom-squirrel_GPRGNNV2-geom-squirrel_trialNo53')
2023-10-14 04:14:58,385 - tune.py [line:128] - INFO: Split_seeds:[1824]
2023-10-14 04:14:58,386 - tune.py [line:129] - INFO: Model_seeds:[409]
2023-10-14 04:14:59,597 - tune.py [line:103] - INFO: Epoch 00020 | Time(s) 0.0597 | Val Loss 1.4797 | Val Acc 0.3500 | ETputs(KTEPS) 66450.46
2023-10-14 04:15:00,776 - tune.py [line:103] - INFO: Epoch 00040 | Time(s) 0.0591 | Val Loss 1.4683 | Val Acc 0.3692 | ETputs(KTEPS) 67069.70
2023-10-14 04:15:01,957 - tune.py [line:103] - INFO: Epoch 00060 | Time(s) 0.0589 | Val Loss 1.4516 | Val Acc 0.3933 | ETputs(KTEPS) 67324.18
2023-10-14 04:15:03,141 - tune.py [line:103] - INFO: Epoch 00080 | Time(s) 0.0588 | Val Loss 1.4376 | Val Acc 0.4269 | ETputs(KTEPS) 67466.42
2023-10-14 04:15:04,322 - tune.py [line:103] - INFO: Epoch 00100 | Time(s) 0.0588 | Val Loss 1.4265 | Val Acc 0.4356 | ETputs(KTEPS) 67496.36
2023-10-14 04:15:05,502 - tune.py [line:103] - INFO: Epoch 00120 | Time(s) 0.0587 | Val Loss 1.4239 | Val Acc 0.4481 | ETputs(KTEPS) 67570.65
2023-10-14 04:15:06,675 - tune.py [line:103] - INFO: Epoch 00140 | Time(s) 0.0587 | Val Loss 1.4054 | Val Acc 0.4606 | ETputs(KTEPS) 67620.43
2023-10-14 04:15:07,851 - tune.py [line:103] - INFO: Epoch 00160 | Time(s) 0.0587 | Val Loss 1.4025 | Val Acc 0.4654 | ETputs(KTEPS) 67624.06
2023-10-14 04:15:09,035 - tune.py [line:103] - INFO: Epoch 00180 | Time(s) 0.0587 | Val Loss 1.4079 | Val Acc 0.4683 | ETputs(KTEPS) 67591.60
2023-10-14 04:15:10,208 - tune.py [line:103] - INFO: Epoch 00200 | Time(s) 0.0587 | Val Loss 1.3971 | Val Acc 0.4721 | ETputs(KTEPS) 67595.81
2023-10-14 04:15:11,392 - tune.py [line:103] - INFO: Epoch 00220 | Time(s) 0.0587 | Val Loss 1.3909 | Val Acc 0.4913 | ETputs(KTEPS) 67572.72
2023-10-14 04:15:12,570 - tune.py [line:103] - INFO: Epoch 00240 | Time(s) 0.0587 | Val Loss 1.3964 | Val Acc 0.4875 | ETputs(KTEPS) 67556.49
2023-10-14 04:15:13,745 - tune.py [line:103] - INFO: Epoch 00260 | Time(s) 0.0587 | Val Loss 1.3743 | Val Acc 0.4904 | ETputs(KTEPS) 67575.79
2023-10-14 04:15:14,932 - tune.py [line:103] - INFO: Epoch 00280 | Time(s) 0.0587 | Val Loss 1.3839 | Val Acc 0.4933 | ETputs(KTEPS) 67554.39
2023-10-14 04:15:16,110 - tune.py [line:103] - INFO: Epoch 00300 | Time(s) 0.0587 | Val Loss 1.3805 | Val Acc 0.4990 | ETputs(KTEPS) 67558.48
2023-10-14 04:15:17,287 - tune.py [line:103] - INFO: Epoch 00320 | Time(s) 0.0587 | Val Loss 1.3739 | Val Acc 0.5106 | ETputs(KTEPS) 67569.91
2023-10-14 04:15:18,465 - tune.py [line:103] - INFO: Epoch 00340 | Time(s) 0.0587 | Val Loss 1.3885 | Val Acc 0.5077 | ETputs(KTEPS) 67568.16
2023-10-14 04:15:19,642 - tune.py [line:103] - INFO: Epoch 00360 | Time(s) 0.0587 | Val Loss 1.3885 | Val Acc 0.5115 | ETputs(KTEPS) 67569.45
2023-10-14 04:15:20,816 - tune.py [line:103] - INFO: Epoch 00380 | Time(s) 0.0587 | Val Loss 1.3764 | Val Acc 0.5192 | ETputs(KTEPS) 67573.21
2023-10-14 04:15:21,990 - tune.py [line:103] - INFO: Epoch 00400 | Time(s) 0.0587 | Val Loss 1.3667 | Val Acc 0.5192 | ETputs(KTEPS) 67574.23
2023-10-14 04:15:23,170 - tune.py [line:103] - INFO: Epoch 00420 | Time(s) 0.0587 | Val Loss 1.3717 | Val Acc 0.5221 | ETputs(KTEPS) 67558.76
2023-10-14 04:15:24,344 - tune.py [line:103] - INFO: Epoch 00440 | Time(s) 0.0587 | Val Loss 1.3911 | Val Acc 0.5231 | ETputs(KTEPS) 67563.70
2023-10-14 04:15:25,524 - tune.py [line:103] - INFO: Epoch 00460 | Time(s) 0.0587 | Val Loss 1.3678 | Val Acc 0.5279 | ETputs(KTEPS) 67556.26
2023-10-14 04:15:26,699 - tune.py [line:103] - INFO: Epoch 00480 | Time(s) 0.0587 | Val Loss 1.3686 | Val Acc 0.5240 | ETputs(KTEPS) 67556.03
2023-10-14 04:15:27,878 - tune.py [line:103] - INFO: Epoch 00500 | Time(s) 0.0587 | Val Loss 1.3764 | Val Acc 0.5462 | ETputs(KTEPS) 67552.23
2023-10-14 04:15:29,059 - tune.py [line:103] - INFO: Epoch 00520 | Time(s) 0.0587 | Val Loss 1.3925 | Val Acc 0.5337 | ETputs(KTEPS) 67542.17
2023-10-14 04:15:30,237 - tune.py [line:103] - INFO: Epoch 00540 | Time(s) 0.0587 | Val Loss 1.3675 | Val Acc 0.5356 | ETputs(KTEPS) 67537.73
2023-10-14 04:15:31,410 - tune.py [line:103] - INFO: Epoch 00560 | Time(s) 0.0587 | Val Loss 1.3794 | Val Acc 0.5327 | ETputs(KTEPS) 67541.74
2023-10-14 04:15:32,586 - tune.py [line:103] - INFO: Epoch 00580 | Time(s) 0.0587 | Val Loss 1.3840 | Val Acc 0.5452 | ETputs(KTEPS) 67539.08
2023-10-14 04:15:33,761 - tune.py [line:103] - INFO: Epoch 00600 | Time(s) 0.0587 | Val Loss 1.3876 | Val Acc 0.5365 | ETputs(KTEPS) 67540.48
2023-10-14 04:15:34,941 - tune.py [line:103] - INFO: Epoch 00620 | Time(s) 0.0587 | Val Loss 1.3802 | Val Acc 0.5452 | ETputs(KTEPS) 67540.91
2023-10-14 04:15:36,119 - tune.py [line:103] - INFO: Epoch 00640 | Time(s) 0.0587 | Val Loss 1.3891 | Val Acc 0.5423 | ETputs(KTEPS) 67538.33
2023-10-14 04:15:37,297 - tune.py [line:103] - INFO: Epoch 00660 | Time(s) 0.0587 | Val Loss 1.3924 | Val Acc 0.5375 | ETputs(KTEPS) 67535.74
2023-10-14 04:15:38,474 - tune.py [line:103] - INFO: Epoch 00680 | Time(s) 0.0587 | Val Loss 1.3816 | Val Acc 0.5442 | ETputs(KTEPS) 67533.33
2023-10-14 04:15:39,650 - tune.py [line:103] - INFO: Epoch 00700 | Time(s) 0.0587 | Val Loss 1.3550 | Val Acc 0.5587 | ETputs(KTEPS) 67534.65
2023-10-14 04:15:40,829 - tune.py [line:103] - INFO: Epoch 00720 | Time(s) 0.0587 | Val Loss 1.3883 | Val Acc 0.5433 | ETputs(KTEPS) 67531.80
2023-10-14 04:15:42,003 - tune.py [line:103] - INFO: Epoch 00740 | Time(s) 0.0587 | Val Loss 1.3917 | Val Acc 0.5462 | ETputs(KTEPS) 67533.15
2023-10-14 04:15:43,181 - tune.py [line:103] - INFO: Epoch 00760 | Time(s) 0.0587 | Val Loss 1.3898 | Val Acc 0.5452 | ETputs(KTEPS) 67531.14
2023-10-14 04:15:44,356 - tune.py [line:103] - INFO: Epoch 00780 | Time(s) 0.0587 | Val Loss 1.3826 | Val Acc 0.5452 | ETputs(KTEPS) 67532.06
2023-10-14 04:15:45,535 - tune.py [line:103] - INFO: Epoch 00800 | Time(s) 0.0587 | Val Loss 1.3772 | Val Acc 0.5529 | ETputs(KTEPS) 67527.02
2023-10-14 04:15:46,716 - tune.py [line:103] - INFO: Epoch 00820 | Time(s) 0.0588 | Val Loss 1.3962 | Val Acc 0.5442 | ETputs(KTEPS) 67518.91
2023-10-14 04:15:47,897 - tune.py [line:103] - INFO: Epoch 00840 | Time(s) 0.0588 | Val Loss 1.3736 | Val Acc 0.5519 | ETputs(KTEPS) 67512.26
2023-10-14 04:15:49,073 - tune.py [line:103] - INFO: Epoch 00860 | Time(s) 0.0588 | Val Loss 1.4049 | Val Acc 0.5500 | ETputs(KTEPS) 67511.54
2023-10-14 04:15:50,254 - tune.py [line:103] - INFO: Epoch 00880 | Time(s) 0.0588 | Val Loss 1.3681 | Val Acc 0.5625 | ETputs(KTEPS) 67509.56
2023-10-14 04:15:51,437 - tune.py [line:103] - INFO: Epoch 00900 | Time(s) 0.0588 | Val Loss 1.3790 | Val Acc 0.5606 | ETputs(KTEPS) 67502.56
2023-10-14 04:15:52,618 - tune.py [line:103] - INFO: Epoch 00920 | Time(s) 0.0588 | Val Loss 1.3784 | Val Acc 0.5567 | ETputs(KTEPS) 67497.95
2023-10-14 04:15:53,790 - tune.py [line:103] - INFO: Epoch 00940 | Time(s) 0.0588 | Val Loss 1.3642 | Val Acc 0.5538 | ETputs(KTEPS) 67502.48
2023-10-14 04:15:54,970 - tune.py [line:103] - INFO: Epoch 00960 | Time(s) 0.0588 | Val Loss 1.3645 | Val Acc 0.5558 | ETputs(KTEPS) 67499.86
2023-10-14 04:15:56,146 - tune.py [line:103] - INFO: Epoch 00980 | Time(s) 0.0588 | Val Loss 1.3847 | Val Acc 0.5519 | ETputs(KTEPS) 67500.35
2023-10-14 04:15:57,320 - tune.py [line:103] - INFO: Epoch 01000 | Time(s) 0.0588 | Val Loss 1.3757 | Val Acc 0.5558 | ETputs(KTEPS) 67502.30
2023-10-14 04:15:58,497 - tune.py [line:103] - INFO: Epoch 01020 | Time(s) 0.0588 | Val Loss 1.3638 | Val Acc 0.5519 | ETputs(KTEPS) 67500.59
2023-10-14 04:15:59,686 - tune.py [line:103] - INFO: Epoch 01040 | Time(s) 0.0588 | Val Loss 1.3882 | Val Acc 0.5510 | ETputs(KTEPS) 67486.17
2023-10-14 04:16:00,867 - tune.py [line:103] - INFO: Epoch 01060 | Time(s) 0.0588 | Val Loss 1.3698 | Val Acc 0.5663 | ETputs(KTEPS) 67484.37
2023-10-14 04:16:02,049 - tune.py [line:103] - INFO: Epoch 01080 | Time(s) 0.0588 | Val Loss 1.3869 | Val Acc 0.5567 | ETputs(KTEPS) 67480.75
2023-10-14 04:16:03,222 - tune.py [line:103] - INFO: Epoch 01100 | Time(s) 0.0588 | Val Loss 1.4003 | Val Acc 0.5548 | ETputs(KTEPS) 67484.09
2023-10-14 04:16:04,398 - tune.py [line:103] - INFO: Epoch 01120 | Time(s) 0.0588 | Val Loss 1.3877 | Val Acc 0.5558 | ETputs(KTEPS) 67483.98
2023-10-14 04:16:05,575 - tune.py [line:103] - INFO: Epoch 01140 | Time(s) 0.0588 | Val Loss 1.3972 | Val Acc 0.5663 | ETputs(KTEPS) 67482.79
2023-10-14 04:16:06,750 - tune.py [line:103] - INFO: Epoch 01160 | Time(s) 0.0588 | Val Loss 1.3699 | Val Acc 0.5663 | ETputs(KTEPS) 67484.34
2023-10-14 04:16:07,929 - tune.py [line:103] - INFO: Epoch 01180 | Time(s) 0.0588 | Val Loss 1.4001 | Val Acc 0.5538 | ETputs(KTEPS) 67481.70
2023-10-14 04:16:09,106 - tune.py [line:103] - INFO: Epoch 01200 | Time(s) 0.0588 | Val Loss 1.3658 | Val Acc 0.5644 | ETputs(KTEPS) 67482.78
2023-10-14 04:16:10,281 - tune.py [line:103] - INFO: Epoch 01220 | Time(s) 0.0588 | Val Loss 1.3875 | Val Acc 0.5654 | ETputs(KTEPS) 67484.09
2023-10-14 04:16:11,455 - tune.py [line:103] - INFO: Epoch 01240 | Time(s) 0.0588 | Val Loss 1.3960 | Val Acc 0.5625 | ETputs(KTEPS) 67485.88
2023-10-14 04:16:12,629 - tune.py [line:103] - INFO: Epoch 01260 | Time(s) 0.0588 | Val Loss 1.3939 | Val Acc 0.5606 | ETputs(KTEPS) 67487.86
2023-10-14 04:16:13,803 - tune.py [line:103] - INFO: Epoch 01280 | Time(s) 0.0588 | Val Loss 1.3855 | Val Acc 0.5558 | ETputs(KTEPS) 67489.54
2023-10-14 04:16:14,983 - tune.py [line:103] - INFO: Epoch 01300 | Time(s) 0.0588 | Val Loss 1.3891 | Val Acc 0.5625 | ETputs(KTEPS) 67485.95
2023-10-14 04:16:16,157 - tune.py [line:103] - INFO: Epoch 01320 | Time(s) 0.0588 | Val Loss 1.3800 | Val Acc 0.5625 | ETputs(KTEPS) 67487.80
2023-10-14 04:16:17,332 - tune.py [line:103] - INFO: Epoch 01340 | Time(s) 0.0588 | Val Loss 1.3925 | Val Acc 0.5577 | ETputs(KTEPS) 67488.58
2023-10-14 04:16:18,508 - tune.py [line:103] - INFO: Epoch 01360 | Time(s) 0.0588 | Val Loss 1.3717 | Val Acc 0.5692 | ETputs(KTEPS) 67489.19
2023-10-14 04:16:19,686 - tune.py [line:103] - INFO: Epoch 01380 | Time(s) 0.0588 | Val Loss 1.3849 | Val Acc 0.5625 | ETputs(KTEPS) 67487.18
2023-10-14 04:16:20,862 - tune.py [line:103] - INFO: Epoch 01400 | Time(s) 0.0588 | Val Loss 1.3783 | Val Acc 0.5654 | ETputs(KTEPS) 67487.79
2023-10-14 04:16:22,045 - tune.py [line:103] - INFO: Epoch 01420 | Time(s) 0.0588 | Val Loss 1.3736 | Val Acc 0.5712 | ETputs(KTEPS) 67482.11
2023-10-14 04:16:23,225 - tune.py [line:103] - INFO: Epoch 01440 | Time(s) 0.0588 | Val Loss 1.3793 | Val Acc 0.5683 | ETputs(KTEPS) 67478.86
2023-10-14 04:16:24,401 - tune.py [line:103] - INFO: Epoch 01460 | Time(s) 0.0588 | Val Loss 1.3900 | Val Acc 0.5625 | ETputs(KTEPS) 67479.56
2023-10-14 04:16:25,579 - tune.py [line:103] - INFO: Epoch 01480 | Time(s) 0.0588 | Val Loss 1.3724 | Val Acc 0.5721 | ETputs(KTEPS) 67477.77
2023-10-14 04:16:26,766 - tune.py [line:103] - INFO: Epoch 01500 | Time(s) 0.0588 | Val Loss 1.3744 | Val Acc 0.5663 | ETputs(KTEPS) 67471.14
2023-10-14 04:16:27,946 - tune.py [line:103] - INFO: Epoch 01520 | Time(s) 0.0588 | Val Loss 1.3803 | Val Acc 0.5731 | ETputs(KTEPS) 67468.28
2023-10-14 04:16:29,128 - tune.py [line:103] - INFO: Epoch 01540 | Time(s) 0.0588 | Val Loss 1.3807 | Val Acc 0.5625 | ETputs(KTEPS) 67464.14
2023-10-14 04:16:30,309 - tune.py [line:103] - INFO: Epoch 01560 | Time(s) 0.0588 | Val Loss 1.3921 | Val Acc 0.5596 | ETputs(KTEPS) 67460.98
2023-10-14 04:16:31,490 - tune.py [line:103] - INFO: Epoch 01580 | Time(s) 0.0588 | Val Loss 1.3622 | Val Acc 0.5683 | ETputs(KTEPS) 67458.31
2023-10-14 04:16:32,670 - tune.py [line:103] - INFO: Epoch 01600 | Time(s) 0.0588 | Val Loss 1.3842 | Val Acc 0.5683 | ETputs(KTEPS) 67455.51
2023-10-14 04:16:33,851 - tune.py [line:103] - INFO: Epoch 01620 | Time(s) 0.0588 | Val Loss 1.3833 | Val Acc 0.5731 | ETputs(KTEPS) 67452.58
2023-10-14 04:16:35,030 - tune.py [line:103] - INFO: Epoch 01640 | Time(s) 0.0588 | Val Loss 1.3939 | Val Acc 0.5625 | ETputs(KTEPS) 67451.28
2023-10-14 04:16:36,211 - tune.py [line:103] - INFO: Epoch 01660 | Time(s) 0.0588 | Val Loss 1.3939 | Val Acc 0.5663 | ETputs(KTEPS) 67448.44
2023-10-14 04:16:37,390 - tune.py [line:103] - INFO: Epoch 01680 | Time(s) 0.0588 | Val Loss 1.3957 | Val Acc 0.5654 | ETputs(KTEPS) 67446.70
2023-10-14 04:16:38,579 - tune.py [line:103] - INFO: Epoch 01700 | Time(s) 0.0588 | Val Loss 1.3852 | Val Acc 0.5606 | ETputs(KTEPS) 67438.55
2023-10-14 04:16:39,761 - tune.py [line:103] - INFO: Epoch 01720 | Time(s) 0.0588 | Val Loss 1.3854 | Val Acc 0.5673 | ETputs(KTEPS) 67435.81
2023-10-14 04:16:40,943 - tune.py [line:103] - INFO: Epoch 01740 | Time(s) 0.0588 | Val Loss 1.3822 | Val Acc 0.5663 | ETputs(KTEPS) 67432.11
2023-10-14 04:16:42,126 - tune.py [line:103] - INFO: Epoch 01760 | Time(s) 0.0588 | Val Loss 1.3767 | Val Acc 0.5635 | ETputs(KTEPS) 67428.80
2023-10-14 04:16:43,311 - tune.py [line:103] - INFO: Epoch 01780 | Time(s) 0.0588 | Val Loss 1.3838 | Val Acc 0.5644 | ETputs(KTEPS) 67423.63
2023-10-14 04:16:43,628 - tune.py [line:117] - INFO: [FINAL MODEL] Val accuracy 57.88% \Val loss: 1.4
2023-10-14 04:16:43,646 - tune.py [line:119] - INFO: [FINAL MODEL] Test accuracy 57.93% \Test loss: 1.4
2023-10-14 04:16:43,646 - tune.py [line:144] - INFO: Acc on the first split (Validation Set): 0.5788
2023-10-14 04:16:43,646 - tune.py [line:145] - INFO: Acc on the first split (Test Set): 0.5793
