2023-10-14 04:57:50,530 - tune.py [line:203] - INFO: Namespace(seed=42, model='GPRGNNV2', gpu=1, dataset='geom-squirrel', logging=True, log_detail=True, log_detailedCh=False, id_log=1014014501, optuna_n_trials=202, n_epochs=2000, self_loop=False, udgraph=True, early_stop=True, patience=300, n_hidden=64, n_cv=1, start_cv=0, n_layers=8, lr1=0.05, lr2=0.05, wd1=1e-05, wd2=1e-05, dropout=0.2, dropout2=0.8, alpha=0.30000000000000004, es_ckpt='woselfloop-geom-squirrel_GPRGNNV2-geom-squirrel_trialNo144')
2023-10-14 04:57:53,134 - tune.py [line:128] - INFO: Split_seeds:[1824]
2023-10-14 04:57:53,134 - tune.py [line:129] - INFO: Model_seeds:[409]
2023-10-14 04:57:53,853 - tune.py [line:103] - INFO: Epoch 00020 | Time(s) 0.0351 | Val Loss 1.4531 | Val Acc 0.3654 | ETputs(KTEPS) 113094.46
2023-10-14 04:57:54,530 - tune.py [line:103] - INFO: Epoch 00040 | Time(s) 0.0342 | Val Loss 1.4261 | Val Acc 0.4154 | ETputs(KTEPS) 116081.10
2023-10-14 04:57:55,204 - tune.py [line:103] - INFO: Epoch 00060 | Time(s) 0.0340 | Val Loss 1.4299 | Val Acc 0.4308 | ETputs(KTEPS) 116766.18
2023-10-14 04:57:55,885 - tune.py [line:103] - INFO: Epoch 00080 | Time(s) 0.0339 | Val Loss 1.4409 | Val Acc 0.4433 | ETputs(KTEPS) 117098.75
2023-10-14 04:57:56,570 - tune.py [line:103] - INFO: Epoch 00100 | Time(s) 0.0339 | Val Loss 1.4415 | Val Acc 0.4577 | ETputs(KTEPS) 116989.96
2023-10-14 04:57:57,264 - tune.py [line:103] - INFO: Epoch 00120 | Time(s) 0.0340 | Val Loss 1.4465 | Val Acc 0.4615 | ETputs(KTEPS) 116825.02
2023-10-14 04:57:57,964 - tune.py [line:103] - INFO: Epoch 00140 | Time(s) 0.0340 | Val Loss 1.4363 | Val Acc 0.4817 | ETputs(KTEPS) 116558.03
2023-10-14 04:57:58,647 - tune.py [line:103] - INFO: Epoch 00160 | Time(s) 0.0340 | Val Loss 1.4370 | Val Acc 0.4962 | ETputs(KTEPS) 116737.75
2023-10-14 04:57:59,315 - tune.py [line:103] - INFO: Epoch 00180 | Time(s) 0.0339 | Val Loss 1.4223 | Val Acc 0.4981 | ETputs(KTEPS) 116975.30
2023-10-14 04:57:59,991 - tune.py [line:103] - INFO: Epoch 00200 | Time(s) 0.0339 | Val Loss 1.4337 | Val Acc 0.4990 | ETputs(KTEPS) 117120.83
2023-10-14 04:58:00,661 - tune.py [line:103] - INFO: Epoch 00220 | Time(s) 0.0338 | Val Loss 1.4018 | Val Acc 0.5346 | ETputs(KTEPS) 117273.83
2023-10-14 04:58:01,336 - tune.py [line:103] - INFO: Epoch 00240 | Time(s) 0.0338 | Val Loss 1.3988 | Val Acc 0.5096 | ETputs(KTEPS) 117326.97
2023-10-14 04:58:02,002 - tune.py [line:103] - INFO: Epoch 00260 | Time(s) 0.0338 | Val Loss 1.3924 | Val Acc 0.5154 | ETputs(KTEPS) 117472.99
2023-10-14 04:58:02,671 - tune.py [line:103] - INFO: Epoch 00280 | Time(s) 0.0337 | Val Loss 1.3634 | Val Acc 0.5481 | ETputs(KTEPS) 117604.86
2023-10-14 04:58:03,346 - tune.py [line:103] - INFO: Epoch 00300 | Time(s) 0.0337 | Val Loss 1.3705 | Val Acc 0.5346 | ETputs(KTEPS) 117625.38
2023-10-14 04:58:04,015 - tune.py [line:103] - INFO: Epoch 00320 | Time(s) 0.0337 | Val Loss 1.3810 | Val Acc 0.5375 | ETputs(KTEPS) 117683.13
2023-10-14 04:58:04,696 - tune.py [line:103] - INFO: Epoch 00340 | Time(s) 0.0337 | Val Loss 1.3814 | Val Acc 0.5365 | ETputs(KTEPS) 117626.84
2023-10-14 04:58:08,594 - tune.py [line:103] - INFO: Epoch 00360 | Time(s) 0.0427 | Val Loss 1.3934 | Val Acc 0.5337 | ETputs(KTEPS) 92950.06
2023-10-14 04:58:09,264 - tune.py [line:103] - INFO: Epoch 00380 | Time(s) 0.0422 | Val Loss 1.3709 | Val Acc 0.5404 | ETputs(KTEPS) 94028.27
2023-10-14 04:58:09,939 - tune.py [line:103] - INFO: Epoch 00400 | Time(s) 0.0418 | Val Loss 1.3774 | Val Acc 0.5375 | ETputs(KTEPS) 95000.55
2023-10-14 04:58:10,717 - tune.py [line:103] - INFO: Epoch 00420 | Time(s) 0.0416 | Val Loss 1.3697 | Val Acc 0.5346 | ETputs(KTEPS) 95312.87
2023-10-14 04:58:11,428 - tune.py [line:103] - INFO: Epoch 00440 | Time(s) 0.0413 | Val Loss 1.3515 | Val Acc 0.5404 | ETputs(KTEPS) 95967.91
2023-10-14 04:58:12,145 - tune.py [line:103] - INFO: Epoch 00460 | Time(s) 0.0411 | Val Loss 1.3330 | Val Acc 0.5442 | ETputs(KTEPS) 96530.14
2023-10-14 04:58:12,848 - tune.py [line:103] - INFO: Epoch 00480 | Time(s) 0.0408 | Val Loss 1.3616 | Val Acc 0.5423 | ETputs(KTEPS) 97114.76
2023-10-14 04:58:13,538 - tune.py [line:103] - INFO: Epoch 00500 | Time(s) 0.0406 | Val Loss 1.3364 | Val Acc 0.5365 | ETputs(KTEPS) 97735.50
2023-10-14 04:58:14,211 - tune.py [line:103] - INFO: Epoch 00520 | Time(s) 0.0403 | Val Loss 1.3610 | Val Acc 0.5308 | ETputs(KTEPS) 98385.95
2023-10-14 04:58:14,944 - tune.py [line:103] - INFO: Epoch 00540 | Time(s) 0.0402 | Val Loss 1.3972 | Val Acc 0.5490 | ETputs(KTEPS) 98721.80
2023-10-14 04:58:15,687 - tune.py [line:103] - INFO: Epoch 00560 | Time(s) 0.0401 | Val Loss 1.3481 | Val Acc 0.5510 | ETputs(KTEPS) 98991.34
2023-10-14 04:58:16,454 - tune.py [line:103] - INFO: Epoch 00580 | Time(s) 0.0400 | Val Loss 1.3781 | Val Acc 0.5462 | ETputs(KTEPS) 99157.91
2023-10-14 04:58:17,190 - tune.py [line:103] - INFO: Epoch 00600 | Time(s) 0.0399 | Val Loss 1.3402 | Val Acc 0.5548 | ETputs(KTEPS) 99436.09
2023-10-14 04:58:17,937 - tune.py [line:103] - INFO: Epoch 00620 | Time(s) 0.0398 | Val Loss 1.3526 | Val Acc 0.5558 | ETputs(KTEPS) 99643.31
2023-10-14 04:58:18,692 - tune.py [line:103] - INFO: Epoch 00640 | Time(s) 0.0397 | Val Loss 1.2977 | Val Acc 0.5510 | ETputs(KTEPS) 99809.80
2023-10-14 04:58:19,484 - tune.py [line:103] - INFO: Epoch 00660 | Time(s) 0.0397 | Val Loss 1.3532 | Val Acc 0.5442 | ETputs(KTEPS) 99823.40
2023-10-14 04:58:20,318 - tune.py [line:103] - INFO: Epoch 00680 | Time(s) 0.0398 | Val Loss 1.3261 | Val Acc 0.5615 | ETputs(KTEPS) 99680.98
2023-10-14 04:58:21,130 - tune.py [line:103] - INFO: Epoch 00700 | Time(s) 0.0398 | Val Loss 1.3444 | Val Acc 0.5587 | ETputs(KTEPS) 99630.64
2023-10-14 04:58:21,967 - tune.py [line:103] - INFO: Epoch 00720 | Time(s) 0.0399 | Val Loss 1.3195 | Val Acc 0.5519 | ETputs(KTEPS) 99491.18
2023-10-14 04:58:22,828 - tune.py [line:103] - INFO: Epoch 00740 | Time(s) 0.0400 | Val Loss 1.3375 | Val Acc 0.5529 | ETputs(KTEPS) 99289.37
2023-10-14 04:58:23,652 - tune.py [line:103] - INFO: Epoch 00760 | Time(s) 0.0400 | Val Loss 1.3529 | Val Acc 0.5654 | ETputs(KTEPS) 99209.09
2023-10-14 04:58:24,463 - tune.py [line:103] - INFO: Epoch 00780 | Time(s) 0.0400 | Val Loss 1.3503 | Val Acc 0.5673 | ETputs(KTEPS) 99174.21
2023-10-14 04:58:25,278 - tune.py [line:103] - INFO: Epoch 00800 | Time(s) 0.0400 | Val Loss 1.3541 | Val Acc 0.5452 | ETputs(KTEPS) 99131.66
2023-10-14 04:58:26,081 - tune.py [line:103] - INFO: Epoch 00820 | Time(s) 0.0400 | Val Loss 1.3436 | Val Acc 0.5519 | ETputs(KTEPS) 99130.88
2023-10-14 04:58:26,882 - tune.py [line:103] - INFO: Epoch 00840 | Time(s) 0.0400 | Val Loss 1.3525 | Val Acc 0.5606 | ETputs(KTEPS) 99130.57
2023-10-14 04:58:27,690 - tune.py [line:103] - INFO: Epoch 00860 | Time(s) 0.0400 | Val Loss 1.3432 | Val Acc 0.5538 | ETputs(KTEPS) 99110.18
2023-10-14 04:58:28,504 - tune.py [line:103] - INFO: Epoch 00880 | Time(s) 0.0400 | Val Loss 1.3273 | Val Acc 0.5606 | ETputs(KTEPS) 99079.33
2023-10-14 04:58:29,329 - tune.py [line:103] - INFO: Epoch 00900 | Time(s) 0.0401 | Val Loss 1.3075 | Val Acc 0.5654 | ETputs(KTEPS) 99014.64
2023-10-14 04:58:30,148 - tune.py [line:103] - INFO: Epoch 00920 | Time(s) 0.0401 | Val Loss 1.3165 | Val Acc 0.5635 | ETputs(KTEPS) 98975.22
2023-10-14 04:58:30,967 - tune.py [line:103] - INFO: Epoch 00940 | Time(s) 0.0401 | Val Loss 1.3188 | Val Acc 0.5721 | ETputs(KTEPS) 98931.92
2023-10-14 04:58:31,779 - tune.py [line:103] - INFO: Epoch 00960 | Time(s) 0.0401 | Val Loss 1.3356 | Val Acc 0.5615 | ETputs(KTEPS) 98905.33
2023-10-14 04:58:32,590 - tune.py [line:103] - INFO: Epoch 00980 | Time(s) 0.0401 | Val Loss 1.3371 | Val Acc 0.5644 | ETputs(KTEPS) 98886.84
2023-10-14 04:58:33,410 - tune.py [line:103] - INFO: Epoch 01000 | Time(s) 0.0401 | Val Loss 1.3379 | Val Acc 0.5558 | ETputs(KTEPS) 98844.55
2023-10-14 04:58:34,236 - tune.py [line:103] - INFO: Epoch 01020 | Time(s) 0.0402 | Val Loss 1.3159 | Val Acc 0.5702 | ETputs(KTEPS) 98796.11
2023-10-14 04:58:35,062 - tune.py [line:103] - INFO: Epoch 01040 | Time(s) 0.0402 | Val Loss 1.2911 | Val Acc 0.5538 | ETputs(KTEPS) 98743.06
2023-10-14 04:58:35,890 - tune.py [line:103] - INFO: Epoch 01060 | Time(s) 0.0402 | Val Loss 1.3117 | Val Acc 0.5635 | ETputs(KTEPS) 98689.31
2023-10-14 04:58:36,727 - tune.py [line:103] - INFO: Epoch 01080 | Time(s) 0.0402 | Val Loss 1.3085 | Val Acc 0.5769 | ETputs(KTEPS) 98618.67
2023-10-14 04:58:37,562 - tune.py [line:103] - INFO: Epoch 01100 | Time(s) 0.0403 | Val Loss 1.3093 | Val Acc 0.5721 | ETputs(KTEPS) 98557.22
2023-10-14 04:58:38,398 - tune.py [line:103] - INFO: Epoch 01120 | Time(s) 0.0403 | Val Loss 1.3336 | Val Acc 0.5615 | ETputs(KTEPS) 98491.68
2023-10-14 04:58:39,231 - tune.py [line:103] - INFO: Epoch 01140 | Time(s) 0.0403 | Val Loss 1.3061 | Val Acc 0.5712 | ETputs(KTEPS) 98433.42
2023-10-14 04:58:40,082 - tune.py [line:103] - INFO: Epoch 01160 | Time(s) 0.0403 | Val Loss 1.2915 | Val Acc 0.5798 | ETputs(KTEPS) 98344.47
2023-10-14 04:58:40,913 - tune.py [line:103] - INFO: Epoch 01180 | Time(s) 0.0404 | Val Loss 1.3125 | Val Acc 0.5683 | ETputs(KTEPS) 98296.28
2023-10-14 04:58:41,732 - tune.py [line:103] - INFO: Epoch 01200 | Time(s) 0.0404 | Val Loss 1.2913 | Val Acc 0.5788 | ETputs(KTEPS) 98273.04
2023-10-14 04:58:42,555 - tune.py [line:103] - INFO: Epoch 01220 | Time(s) 0.0404 | Val Loss 1.2540 | Val Acc 0.5760 | ETputs(KTEPS) 98242.48
2023-10-14 04:58:43,375 - tune.py [line:103] - INFO: Epoch 01240 | Time(s) 0.0404 | Val Loss 1.2981 | Val Acc 0.5760 | ETputs(KTEPS) 98220.29
2023-10-14 04:58:44,198 - tune.py [line:103] - INFO: Epoch 01260 | Time(s) 0.0404 | Val Loss 1.3136 | Val Acc 0.5663 | ETputs(KTEPS) 98192.72
2023-10-14 04:58:45,014 - tune.py [line:103] - INFO: Epoch 01280 | Time(s) 0.0404 | Val Loss 1.3472 | Val Acc 0.5635 | ETputs(KTEPS) 98177.66
2023-10-14 04:58:45,834 - tune.py [line:103] - INFO: Epoch 01300 | Time(s) 0.0404 | Val Loss 1.3194 | Val Acc 0.5663 | ETputs(KTEPS) 98157.65
2023-10-14 04:58:46,652 - tune.py [line:103] - INFO: Epoch 01320 | Time(s) 0.0404 | Val Loss 1.3185 | Val Acc 0.5635 | ETputs(KTEPS) 98140.77
2023-10-14 04:58:47,487 - tune.py [line:103] - INFO: Epoch 01340 | Time(s) 0.0404 | Val Loss 1.2991 | Val Acc 0.5712 | ETputs(KTEPS) 98093.61
2023-10-14 04:58:48,328 - tune.py [line:103] - INFO: Epoch 01360 | Time(s) 0.0405 | Val Loss 1.3178 | Val Acc 0.5702 | ETputs(KTEPS) 98038.49
2023-10-14 04:58:49,163 - tune.py [line:103] - INFO: Epoch 01380 | Time(s) 0.0405 | Val Loss 1.2881 | Val Acc 0.5596 | ETputs(KTEPS) 97993.54
2023-10-14 04:58:50,006 - tune.py [line:103] - INFO: Epoch 01400 | Time(s) 0.0405 | Val Loss 1.2804 | Val Acc 0.5731 | ETputs(KTEPS) 97938.28
2023-10-14 04:58:50,851 - tune.py [line:103] - INFO: Epoch 01420 | Time(s) 0.0405 | Val Loss 1.2826 | Val Acc 0.5587 | ETputs(KTEPS) 97878.95
2023-10-14 04:58:51,660 - tune.py [line:103] - INFO: Epoch 01440 | Time(s) 0.0405 | Val Loss 1.3268 | Val Acc 0.5538 | ETputs(KTEPS) 97882.74
2023-10-14 04:58:52,298 - tune.py [line:117] - INFO: [FINAL MODEL] Val accuracy 58.46% \Val loss: 1.3
2023-10-14 04:58:52,309 - tune.py [line:119] - INFO: [FINAL MODEL] Test accuracy 58.31% \Test loss: 1.3
2023-10-14 04:58:52,310 - tune.py [line:144] - INFO: Acc on the first split (Validation Set): 0.5846
2023-10-14 04:58:52,310 - tune.py [line:145] - INFO: Acc on the first split (Test Set): 0.5831
