2023-10-14 04:25:58,272 - tune.py [line:203] - INFO: Namespace(seed=42, model='GPRGNNV2', gpu=1, dataset='geom-squirrel', logging=True, log_detail=True, log_detailedCh=False, id_log=1014014501, optuna_n_trials=202, n_epochs=2000, self_loop=False, udgraph=True, early_stop=True, patience=300, n_hidden=64, n_cv=1, start_cv=0, n_layers=16, lr1=0.03, lr2=0.03, wd1=1e-06, wd2=1e-05, dropout=0.5, dropout2=0.7, alpha=0.30000000000000004, es_ckpt='woselfloop-geom-squirrel_GPRGNNV2-geom-squirrel_trialNo70')
2023-10-14 04:26:00,699 - tune.py [line:128] - INFO: Split_seeds:[1824]
2023-10-14 04:26:00,699 - tune.py [line:129] - INFO: Model_seeds:[409]
2023-10-14 04:26:01,891 - tune.py [line:103] - INFO: Epoch 00020 | Time(s) 0.0585 | Val Loss 1.4690 | Val Acc 0.3500 | ETputs(KTEPS) 67757.90
2023-10-14 04:26:03,059 - tune.py [line:103] - INFO: Epoch 00040 | Time(s) 0.0583 | Val Loss 1.3936 | Val Acc 0.3750 | ETputs(KTEPS) 67990.68
2023-10-14 04:26:04,237 - tune.py [line:103] - INFO: Epoch 00060 | Time(s) 0.0583 | Val Loss 1.3436 | Val Acc 0.4115 | ETputs(KTEPS) 68023.64
2023-10-14 04:26:05,418 - tune.py [line:103] - INFO: Epoch 00080 | Time(s) 0.0583 | Val Loss 1.3101 | Val Acc 0.4490 | ETputs(KTEPS) 68027.07
2023-10-14 04:26:06,589 - tune.py [line:103] - INFO: Epoch 00100 | Time(s) 0.0583 | Val Loss 1.2985 | Val Acc 0.4625 | ETputs(KTEPS) 68027.95
2023-10-14 04:26:07,762 - tune.py [line:103] - INFO: Epoch 00120 | Time(s) 0.0583 | Val Loss 1.2826 | Val Acc 0.4750 | ETputs(KTEPS) 68017.02
2023-10-14 04:26:08,927 - tune.py [line:103] - INFO: Epoch 00140 | Time(s) 0.0583 | Val Loss 1.2671 | Val Acc 0.4865 | ETputs(KTEPS) 68045.54
2023-10-14 04:26:10,099 - tune.py [line:103] - INFO: Epoch 00160 | Time(s) 0.0583 | Val Loss 1.2620 | Val Acc 0.5058 | ETputs(KTEPS) 68039.27
2023-10-14 04:26:11,274 - tune.py [line:103] - INFO: Epoch 00180 | Time(s) 0.0583 | Val Loss 1.2483 | Val Acc 0.5115 | ETputs(KTEPS) 68035.08
2023-10-14 04:26:12,514 - tune.py [line:103] - INFO: Epoch 00200 | Time(s) 0.0587 | Val Loss 1.2518 | Val Acc 0.5106 | ETputs(KTEPS) 67613.35
2023-10-14 04:26:13,734 - tune.py [line:103] - INFO: Epoch 00220 | Time(s) 0.0589 | Val Loss 1.2357 | Val Acc 0.5231 | ETputs(KTEPS) 67382.19
2023-10-14 04:26:14,920 - tune.py [line:103] - INFO: Epoch 00240 | Time(s) 0.0589 | Val Loss 1.2519 | Val Acc 0.5240 | ETputs(KTEPS) 67354.31
2023-10-14 04:26:16,088 - tune.py [line:103] - INFO: Epoch 00260 | Time(s) 0.0588 | Val Loss 1.2292 | Val Acc 0.5202 | ETputs(KTEPS) 67412.66
2023-10-14 04:26:17,255 - tune.py [line:103] - INFO: Epoch 00280 | Time(s) 0.0588 | Val Loss 1.2259 | Val Acc 0.5202 | ETputs(KTEPS) 67458.64
2023-10-14 04:26:18,419 - tune.py [line:103] - INFO: Epoch 00300 | Time(s) 0.0588 | Val Loss 1.2242 | Val Acc 0.5240 | ETputs(KTEPS) 67505.40
2023-10-14 04:26:19,593 - tune.py [line:103] - INFO: Epoch 00320 | Time(s) 0.0588 | Val Loss 1.2327 | Val Acc 0.5240 | ETputs(KTEPS) 67517.23
2023-10-14 04:26:20,764 - tune.py [line:103] - INFO: Epoch 00340 | Time(s) 0.0587 | Val Loss 1.2108 | Val Acc 0.5346 | ETputs(KTEPS) 67538.80
2023-10-14 04:26:21,936 - tune.py [line:103] - INFO: Epoch 00360 | Time(s) 0.0587 | Val Loss 1.2135 | Val Acc 0.5394 | ETputs(KTEPS) 67567.56
2023-10-14 04:26:23,109 - tune.py [line:103] - INFO: Epoch 00380 | Time(s) 0.0587 | Val Loss 1.2145 | Val Acc 0.5490 | ETputs(KTEPS) 67585.67
2023-10-14 04:26:24,280 - tune.py [line:103] - INFO: Epoch 00400 | Time(s) 0.0587 | Val Loss 1.2317 | Val Acc 0.5404 | ETputs(KTEPS) 67596.66
2023-10-14 04:26:25,454 - tune.py [line:103] - INFO: Epoch 00420 | Time(s) 0.0587 | Val Loss 1.2131 | Val Acc 0.5452 | ETputs(KTEPS) 67597.50
2023-10-14 04:26:26,623 - tune.py [line:103] - INFO: Epoch 00440 | Time(s) 0.0587 | Val Loss 1.1969 | Val Acc 0.5538 | ETputs(KTEPS) 67611.27
2023-10-14 04:26:27,791 - tune.py [line:103] - INFO: Epoch 00460 | Time(s) 0.0587 | Val Loss 1.2086 | Val Acc 0.5375 | ETputs(KTEPS) 67626.07
2023-10-14 04:26:28,958 - tune.py [line:103] - INFO: Epoch 00480 | Time(s) 0.0586 | Val Loss 1.1963 | Val Acc 0.5596 | ETputs(KTEPS) 67642.38
2023-10-14 04:26:30,139 - tune.py [line:103] - INFO: Epoch 00500 | Time(s) 0.0587 | Val Loss 1.2183 | Val Acc 0.5442 | ETputs(KTEPS) 67628.59
2023-10-14 04:26:31,318 - tune.py [line:103] - INFO: Epoch 00520 | Time(s) 0.0587 | Val Loss 1.2117 | Val Acc 0.5413 | ETputs(KTEPS) 67619.84
2023-10-14 04:26:32,501 - tune.py [line:103] - INFO: Epoch 00540 | Time(s) 0.0587 | Val Loss 1.1981 | Val Acc 0.5490 | ETputs(KTEPS) 67609.05
2023-10-14 04:26:33,679 - tune.py [line:103] - INFO: Epoch 00560 | Time(s) 0.0587 | Val Loss 1.1982 | Val Acc 0.5538 | ETputs(KTEPS) 67601.37
2023-10-14 04:26:34,846 - tune.py [line:103] - INFO: Epoch 00580 | Time(s) 0.0587 | Val Loss 1.1894 | Val Acc 0.5577 | ETputs(KTEPS) 67615.89
2023-10-14 04:26:36,016 - tune.py [line:103] - INFO: Epoch 00600 | Time(s) 0.0587 | Val Loss 1.1987 | Val Acc 0.5510 | ETputs(KTEPS) 67626.95
2023-10-14 04:26:37,184 - tune.py [line:103] - INFO: Epoch 00620 | Time(s) 0.0587 | Val Loss 1.1929 | Val Acc 0.5490 | ETputs(KTEPS) 67637.91
2023-10-14 04:26:38,353 - tune.py [line:103] - INFO: Epoch 00640 | Time(s) 0.0586 | Val Loss 1.2044 | Val Acc 0.5500 | ETputs(KTEPS) 67644.78
2023-10-14 04:26:39,534 - tune.py [line:103] - INFO: Epoch 00660 | Time(s) 0.0587 | Val Loss 1.1993 | Val Acc 0.5529 | ETputs(KTEPS) 67631.62
2023-10-14 04:26:40,708 - tune.py [line:103] - INFO: Epoch 00680 | Time(s) 0.0587 | Val Loss 1.1885 | Val Acc 0.5529 | ETputs(KTEPS) 67631.19
2023-10-14 04:26:41,890 - tune.py [line:103] - INFO: Epoch 00700 | Time(s) 0.0587 | Val Loss 1.2134 | Val Acc 0.5413 | ETputs(KTEPS) 67617.44
2023-10-14 04:26:43,070 - tune.py [line:103] - INFO: Epoch 00720 | Time(s) 0.0587 | Val Loss 1.1920 | Val Acc 0.5519 | ETputs(KTEPS) 67608.72
2023-10-14 04:26:44,254 - tune.py [line:103] - INFO: Epoch 00740 | Time(s) 0.0587 | Val Loss 1.1755 | Val Acc 0.5558 | ETputs(KTEPS) 67596.95
2023-10-14 04:26:45,425 - tune.py [line:103] - INFO: Epoch 00760 | Time(s) 0.0587 | Val Loss 1.1635 | Val Acc 0.5644 | ETputs(KTEPS) 67601.04
2023-10-14 04:26:46,599 - tune.py [line:103] - INFO: Epoch 00780 | Time(s) 0.0587 | Val Loss 1.1716 | Val Acc 0.5625 | ETputs(KTEPS) 67601.77
2023-10-14 04:26:47,771 - tune.py [line:103] - INFO: Epoch 00800 | Time(s) 0.0587 | Val Loss 1.1774 | Val Acc 0.5625 | ETputs(KTEPS) 67606.64
2023-10-14 04:26:48,945 - tune.py [line:103] - INFO: Epoch 00820 | Time(s) 0.0587 | Val Loss 1.2026 | Val Acc 0.5587 | ETputs(KTEPS) 67609.62
2023-10-14 04:26:50,119 - tune.py [line:103] - INFO: Epoch 00840 | Time(s) 0.0587 | Val Loss 1.1954 | Val Acc 0.5548 | ETputs(KTEPS) 67609.93
2023-10-14 04:26:51,290 - tune.py [line:103] - INFO: Epoch 00860 | Time(s) 0.0587 | Val Loss 1.2354 | Val Acc 0.5327 | ETputs(KTEPS) 67613.57
2023-10-14 04:26:52,461 - tune.py [line:103] - INFO: Epoch 00880 | Time(s) 0.0587 | Val Loss 1.1860 | Val Acc 0.5423 | ETputs(KTEPS) 67617.76
2023-10-14 04:26:53,642 - tune.py [line:103] - INFO: Epoch 00900 | Time(s) 0.0587 | Val Loss 1.1794 | Val Acc 0.5577 | ETputs(KTEPS) 67607.84
2023-10-14 04:26:54,828 - tune.py [line:103] - INFO: Epoch 00920 | Time(s) 0.0587 | Val Loss 1.1831 | Val Acc 0.5462 | ETputs(KTEPS) 67593.18
2023-10-14 04:26:56,007 - tune.py [line:103] - INFO: Epoch 00940 | Time(s) 0.0587 | Val Loss 1.1754 | Val Acc 0.5577 | ETputs(KTEPS) 67588.22
2023-10-14 04:26:57,204 - tune.py [line:103] - INFO: Epoch 00960 | Time(s) 0.0587 | Val Loss 1.1841 | Val Acc 0.5519 | ETputs(KTEPS) 67560.28
2023-10-14 04:26:58,379 - tune.py [line:103] - INFO: Epoch 00980 | Time(s) 0.0587 | Val Loss 1.2090 | Val Acc 0.5423 | ETputs(KTEPS) 67561.00
2023-10-14 04:26:59,555 - tune.py [line:103] - INFO: Epoch 01000 | Time(s) 0.0587 | Val Loss 1.1875 | Val Acc 0.5462 | ETputs(KTEPS) 67558.98
2023-10-14 04:27:00,732 - tune.py [line:103] - INFO: Epoch 01020 | Time(s) 0.0587 | Val Loss 1.1819 | Val Acc 0.5577 | ETputs(KTEPS) 67557.06
2023-10-14 04:27:01,907 - tune.py [line:103] - INFO: Epoch 01040 | Time(s) 0.0587 | Val Loss 1.1761 | Val Acc 0.5683 | ETputs(KTEPS) 67556.46
2023-10-14 04:27:03,087 - tune.py [line:103] - INFO: Epoch 01060 | Time(s) 0.0587 | Val Loss 1.1613 | Val Acc 0.5577 | ETputs(KTEPS) 67551.75
2023-10-14 04:27:04,263 - tune.py [line:103] - INFO: Epoch 01080 | Time(s) 0.0587 | Val Loss 1.1711 | Val Acc 0.5548 | ETputs(KTEPS) 67550.83
2023-10-14 04:27:05,441 - tune.py [line:103] - INFO: Epoch 01100 | Time(s) 0.0587 | Val Loss 1.1680 | Val Acc 0.5587 | ETputs(KTEPS) 67547.48
2023-10-14 04:27:05,519 - tune.py [line:117] - INFO: [FINAL MODEL] Val accuracy 57.50% \Val loss: 1.2
2023-10-14 04:27:05,537 - tune.py [line:119] - INFO: [FINAL MODEL] Test accuracy 57.25% \Test loss: 1.2
2023-10-14 04:27:05,537 - tune.py [line:144] - INFO: Acc on the first split (Validation Set): 0.5750
2023-10-14 04:27:05,537 - tune.py [line:145] - INFO: Acc on the first split (Test Set): 0.5725
