2023-10-14 04:45:10,930 - tune.py [line:203] - INFO: Namespace(seed=42, model='GPRGNNV2', gpu=1, dataset='geom-squirrel', logging=True, log_detail=True, log_detailedCh=False, id_log=1014014501, optuna_n_trials=202, n_epochs=2000, self_loop=False, udgraph=True, early_stop=True, patience=300, n_hidden=64, n_cv=1, start_cv=0, n_layers=8, lr1=0.05, lr2=0.05, wd1=1e-05, wd2=1e-05, dropout=0.2, dropout2=0.9, alpha=0.4, es_ckpt='woselfloop-geom-squirrel_GPRGNNV2-geom-squirrel_trialNo108')
2023-10-14 04:45:13,482 - tune.py [line:128] - INFO: Split_seeds:[1824]
2023-10-14 04:45:13,482 - tune.py [line:129] - INFO: Model_seeds:[409]
2023-10-14 04:45:14,186 - tune.py [line:103] - INFO: Epoch 00020 | Time(s) 0.0342 | Val Loss 1.4543 | Val Acc 0.3731 | ETputs(KTEPS) 115865.45
2023-10-14 04:45:14,867 - tune.py [line:103] - INFO: Epoch 00040 | Time(s) 0.0338 | Val Loss 1.3561 | Val Acc 0.4269 | ETputs(KTEPS) 117223.40
2023-10-14 04:45:15,542 - tune.py [line:103] - INFO: Epoch 00060 | Time(s) 0.0337 | Val Loss 1.3200 | Val Acc 0.4317 | ETputs(KTEPS) 117705.52
2023-10-14 04:45:16,219 - tune.py [line:103] - INFO: Epoch 00080 | Time(s) 0.0336 | Val Loss 1.2934 | Val Acc 0.4538 | ETputs(KTEPS) 117910.97
2023-10-14 04:45:16,887 - tune.py [line:103] - INFO: Epoch 00100 | Time(s) 0.0335 | Val Loss 1.2750 | Val Acc 0.4740 | ETputs(KTEPS) 118253.16
2023-10-14 04:45:17,551 - tune.py [line:103] - INFO: Epoch 00120 | Time(s) 0.0335 | Val Loss 1.2715 | Val Acc 0.4635 | ETputs(KTEPS) 118524.38
2023-10-14 04:45:18,217 - tune.py [line:103] - INFO: Epoch 00140 | Time(s) 0.0334 | Val Loss 1.2665 | Val Acc 0.4933 | ETputs(KTEPS) 118782.49
2023-10-14 04:45:18,887 - tune.py [line:103] - INFO: Epoch 00160 | Time(s) 0.0334 | Val Loss 1.2557 | Val Acc 0.4962 | ETputs(KTEPS) 118853.73
2023-10-14 04:45:19,552 - tune.py [line:103] - INFO: Epoch 00180 | Time(s) 0.0334 | Val Loss 1.2452 | Val Acc 0.4962 | ETputs(KTEPS) 118938.69
2023-10-14 04:45:20,219 - tune.py [line:103] - INFO: Epoch 00200 | Time(s) 0.0333 | Val Loss 1.2286 | Val Acc 0.5144 | ETputs(KTEPS) 119015.48
2023-10-14 04:45:20,887 - tune.py [line:103] - INFO: Epoch 00220 | Time(s) 0.0333 | Val Loss 1.2186 | Val Acc 0.5250 | ETputs(KTEPS) 119076.21
2023-10-14 04:45:21,548 - tune.py [line:103] - INFO: Epoch 00240 | Time(s) 0.0333 | Val Loss 1.2224 | Val Acc 0.5173 | ETputs(KTEPS) 119154.15
2023-10-14 04:45:22,213 - tune.py [line:103] - INFO: Epoch 00260 | Time(s) 0.0333 | Val Loss 1.2322 | Val Acc 0.5010 | ETputs(KTEPS) 119173.88
2023-10-14 04:45:22,885 - tune.py [line:103] - INFO: Epoch 00280 | Time(s) 0.0333 | Val Loss 1.2081 | Val Acc 0.5269 | ETputs(KTEPS) 119149.74
2023-10-14 04:45:23,547 - tune.py [line:103] - INFO: Epoch 00300 | Time(s) 0.0333 | Val Loss 1.2292 | Val Acc 0.5260 | ETputs(KTEPS) 119198.62
2023-10-14 04:45:24,216 - tune.py [line:103] - INFO: Epoch 00320 | Time(s) 0.0333 | Val Loss 1.2085 | Val Acc 0.5423 | ETputs(KTEPS) 119201.08
2023-10-14 04:45:24,884 - tune.py [line:103] - INFO: Epoch 00340 | Time(s) 0.0333 | Val Loss 1.1973 | Val Acc 0.5394 | ETputs(KTEPS) 119182.43
2023-10-14 04:45:25,548 - tune.py [line:103] - INFO: Epoch 00360 | Time(s) 0.0333 | Val Loss 1.2090 | Val Acc 0.5538 | ETputs(KTEPS) 119216.14
2023-10-14 04:45:26,213 - tune.py [line:103] - INFO: Epoch 00380 | Time(s) 0.0333 | Val Loss 1.2052 | Val Acc 0.5471 | ETputs(KTEPS) 119239.04
2023-10-14 04:45:26,876 - tune.py [line:103] - INFO: Epoch 00400 | Time(s) 0.0333 | Val Loss 1.2096 | Val Acc 0.5471 | ETputs(KTEPS) 119280.55
2023-10-14 04:45:27,542 - tune.py [line:103] - INFO: Epoch 00420 | Time(s) 0.0333 | Val Loss 1.2107 | Val Acc 0.5346 | ETputs(KTEPS) 119274.46
2023-10-14 04:45:28,212 - tune.py [line:103] - INFO: Epoch 00440 | Time(s) 0.0333 | Val Loss 1.1758 | Val Acc 0.5606 | ETputs(KTEPS) 119259.17
2023-10-14 04:45:28,881 - tune.py [line:103] - INFO: Epoch 00460 | Time(s) 0.0333 | Val Loss 1.2091 | Val Acc 0.5481 | ETputs(KTEPS) 119255.55
2023-10-14 04:45:29,547 - tune.py [line:103] - INFO: Epoch 00480 | Time(s) 0.0333 | Val Loss 1.2013 | Val Acc 0.5567 | ETputs(KTEPS) 119256.31
2023-10-14 04:45:30,215 - tune.py [line:103] - INFO: Epoch 00500 | Time(s) 0.0333 | Val Loss 1.1901 | Val Acc 0.5606 | ETputs(KTEPS) 119260.21
2023-10-14 04:45:30,883 - tune.py [line:103] - INFO: Epoch 00520 | Time(s) 0.0333 | Val Loss 1.1994 | Val Acc 0.5644 | ETputs(KTEPS) 119267.43
2023-10-14 04:45:31,545 - tune.py [line:103] - INFO: Epoch 00540 | Time(s) 0.0333 | Val Loss 1.1987 | Val Acc 0.5548 | ETputs(KTEPS) 119290.09
2023-10-14 04:45:32,210 - tune.py [line:103] - INFO: Epoch 00560 | Time(s) 0.0333 | Val Loss 1.1833 | Val Acc 0.5587 | ETputs(KTEPS) 119308.13
2023-10-14 04:45:32,894 - tune.py [line:103] - INFO: Epoch 00580 | Time(s) 0.0333 | Val Loss 1.1669 | Val Acc 0.5587 | ETputs(KTEPS) 119193.84
2023-10-14 04:45:33,560 - tune.py [line:103] - INFO: Epoch 00600 | Time(s) 0.0333 | Val Loss 1.1912 | Val Acc 0.5673 | ETputs(KTEPS) 119190.72
2023-10-14 04:45:34,226 - tune.py [line:103] - INFO: Epoch 00620 | Time(s) 0.0333 | Val Loss 1.1842 | Val Acc 0.5510 | ETputs(KTEPS) 119191.10
2023-10-14 04:45:34,897 - tune.py [line:103] - INFO: Epoch 00640 | Time(s) 0.0333 | Val Loss 1.1804 | Val Acc 0.5635 | ETputs(KTEPS) 119167.47
2023-10-14 04:45:35,567 - tune.py [line:103] - INFO: Epoch 00660 | Time(s) 0.0333 | Val Loss 1.1751 | Val Acc 0.5702 | ETputs(KTEPS) 119157.30
2023-10-14 04:45:36,234 - tune.py [line:103] - INFO: Epoch 00680 | Time(s) 0.0333 | Val Loss 1.1587 | Val Acc 0.5587 | ETputs(KTEPS) 119149.34
2023-10-14 04:45:36,905 - tune.py [line:103] - INFO: Epoch 00700 | Time(s) 0.0333 | Val Loss 1.1783 | Val Acc 0.5644 | ETputs(KTEPS) 119128.75
2023-10-14 04:45:37,574 - tune.py [line:103] - INFO: Epoch 00720 | Time(s) 0.0333 | Val Loss 1.1577 | Val Acc 0.5481 | ETputs(KTEPS) 119112.40
2023-10-14 04:45:38,243 - tune.py [line:103] - INFO: Epoch 00740 | Time(s) 0.0333 | Val Loss 1.1869 | Val Acc 0.5510 | ETputs(KTEPS) 119102.51
2023-10-14 04:45:38,912 - tune.py [line:103] - INFO: Epoch 00760 | Time(s) 0.0333 | Val Loss 1.2051 | Val Acc 0.5548 | ETputs(KTEPS) 119093.68
2023-10-14 04:45:39,584 - tune.py [line:103] - INFO: Epoch 00780 | Time(s) 0.0333 | Val Loss 1.1762 | Val Acc 0.5577 | ETputs(KTEPS) 119067.20
2023-10-14 04:45:40,258 - tune.py [line:103] - INFO: Epoch 00800 | Time(s) 0.0333 | Val Loss 1.1562 | Val Acc 0.5702 | ETputs(KTEPS) 119033.71
2023-10-14 04:45:40,932 - tune.py [line:103] - INFO: Epoch 00820 | Time(s) 0.0333 | Val Loss 1.1708 | Val Acc 0.5663 | ETputs(KTEPS) 119006.52
2023-10-14 04:45:41,601 - tune.py [line:103] - INFO: Epoch 00840 | Time(s) 0.0333 | Val Loss 1.1988 | Val Acc 0.5567 | ETputs(KTEPS) 118994.96
2023-10-14 04:45:42,275 - tune.py [line:103] - INFO: Epoch 00860 | Time(s) 0.0333 | Val Loss 1.1973 | Val Acc 0.5481 | ETputs(KTEPS) 118969.64
2023-10-14 04:45:42,945 - tune.py [line:103] - INFO: Epoch 00880 | Time(s) 0.0333 | Val Loss 1.1540 | Val Acc 0.5702 | ETputs(KTEPS) 118958.34
2023-10-14 04:45:43,614 - tune.py [line:103] - INFO: Epoch 00900 | Time(s) 0.0334 | Val Loss 1.1604 | Val Acc 0.5625 | ETputs(KTEPS) 118950.99
2023-10-14 04:45:44,287 - tune.py [line:103] - INFO: Epoch 00920 | Time(s) 0.0334 | Val Loss 1.1893 | Val Acc 0.5577 | ETputs(KTEPS) 118932.56
2023-10-14 04:45:44,954 - tune.py [line:103] - INFO: Epoch 00940 | Time(s) 0.0334 | Val Loss 1.1465 | Val Acc 0.5712 | ETputs(KTEPS) 118932.19
2023-10-14 04:45:45,626 - tune.py [line:103] - INFO: Epoch 00960 | Time(s) 0.0334 | Val Loss 1.1771 | Val Acc 0.5673 | ETputs(KTEPS) 118925.93
2023-10-14 04:45:46,295 - tune.py [line:103] - INFO: Epoch 00980 | Time(s) 0.0334 | Val Loss 1.1786 | Val Acc 0.5673 | ETputs(KTEPS) 118921.24
2023-10-14 04:45:46,966 - tune.py [line:103] - INFO: Epoch 01000 | Time(s) 0.0334 | Val Loss 1.1465 | Val Acc 0.5837 | ETputs(KTEPS) 118908.11
2023-10-14 04:45:47,635 - tune.py [line:103] - INFO: Epoch 01020 | Time(s) 0.0334 | Val Loss 1.1530 | Val Acc 0.5760 | ETputs(KTEPS) 118910.27
2023-10-14 04:45:48,303 - tune.py [line:103] - INFO: Epoch 01040 | Time(s) 0.0334 | Val Loss 1.1717 | Val Acc 0.5683 | ETputs(KTEPS) 118913.51
2023-10-14 04:45:48,970 - tune.py [line:103] - INFO: Epoch 01060 | Time(s) 0.0334 | Val Loss 1.1596 | Val Acc 0.5654 | ETputs(KTEPS) 118917.38
2023-10-14 04:45:49,638 - tune.py [line:103] - INFO: Epoch 01080 | Time(s) 0.0334 | Val Loss 1.1624 | Val Acc 0.5683 | ETputs(KTEPS) 118916.86
2023-10-14 04:45:50,306 - tune.py [line:103] - INFO: Epoch 01100 | Time(s) 0.0334 | Val Loss 1.1613 | Val Acc 0.5750 | ETputs(KTEPS) 118913.83
2023-10-14 04:45:50,975 - tune.py [line:103] - INFO: Epoch 01120 | Time(s) 0.0334 | Val Loss 1.1929 | Val Acc 0.5548 | ETputs(KTEPS) 118911.55
2023-10-14 04:45:51,645 - tune.py [line:103] - INFO: Epoch 01140 | Time(s) 0.0334 | Val Loss 1.1578 | Val Acc 0.5683 | ETputs(KTEPS) 118903.09
2023-10-14 04:45:52,321 - tune.py [line:103] - INFO: Epoch 01160 | Time(s) 0.0334 | Val Loss 1.2135 | Val Acc 0.5452 | ETputs(KTEPS) 118878.69
2023-10-14 04:45:52,992 - tune.py [line:103] - INFO: Epoch 01180 | Time(s) 0.0334 | Val Loss 1.1576 | Val Acc 0.5721 | ETputs(KTEPS) 118870.53
2023-10-14 04:45:53,661 - tune.py [line:103] - INFO: Epoch 01200 | Time(s) 0.0334 | Val Loss 1.1485 | Val Acc 0.5654 | ETputs(KTEPS) 118865.71
2023-10-14 04:45:54,330 - tune.py [line:103] - INFO: Epoch 01220 | Time(s) 0.0334 | Val Loss 1.1496 | Val Acc 0.5788 | ETputs(KTEPS) 118864.14
2023-10-14 04:45:54,999 - tune.py [line:103] - INFO: Epoch 01240 | Time(s) 0.0334 | Val Loss 1.1583 | Val Acc 0.5615 | ETputs(KTEPS) 118861.60
2023-10-14 04:45:55,668 - tune.py [line:103] - INFO: Epoch 01260 | Time(s) 0.0334 | Val Loss 1.1807 | Val Acc 0.5760 | ETputs(KTEPS) 118856.47
2023-10-14 04:45:56,343 - tune.py [line:103] - INFO: Epoch 01280 | Time(s) 0.0334 | Val Loss 1.1594 | Val Acc 0.5702 | ETputs(KTEPS) 118838.27
2023-10-14 04:45:57,013 - tune.py [line:103] - INFO: Epoch 01300 | Time(s) 0.0334 | Val Loss 1.1397 | Val Acc 0.5885 | ETputs(KTEPS) 118833.42
2023-10-14 04:45:57,685 - tune.py [line:103] - INFO: Epoch 01320 | Time(s) 0.0334 | Val Loss 1.1644 | Val Acc 0.5808 | ETputs(KTEPS) 118826.62
2023-10-14 04:45:58,355 - tune.py [line:103] - INFO: Epoch 01340 | Time(s) 0.0334 | Val Loss 1.1754 | Val Acc 0.5635 | ETputs(KTEPS) 118822.24
2023-10-14 04:45:59,027 - tune.py [line:103] - INFO: Epoch 01360 | Time(s) 0.0334 | Val Loss 1.1657 | Val Acc 0.5558 | ETputs(KTEPS) 118814.39
2023-10-14 04:45:59,697 - tune.py [line:103] - INFO: Epoch 01380 | Time(s) 0.0334 | Val Loss 1.1510 | Val Acc 0.5692 | ETputs(KTEPS) 118808.84
2023-10-14 04:46:00,375 - tune.py [line:103] - INFO: Epoch 01400 | Time(s) 0.0334 | Val Loss 1.1720 | Val Acc 0.5519 | ETputs(KTEPS) 118783.74
2023-10-14 04:46:01,046 - tune.py [line:103] - INFO: Epoch 01420 | Time(s) 0.0334 | Val Loss 1.1615 | Val Acc 0.5798 | ETputs(KTEPS) 118781.59
2023-10-14 04:46:01,717 - tune.py [line:103] - INFO: Epoch 01440 | Time(s) 0.0334 | Val Loss 1.1583 | Val Acc 0.5673 | ETputs(KTEPS) 118777.59
2023-10-14 04:46:02,389 - tune.py [line:103] - INFO: Epoch 01460 | Time(s) 0.0334 | Val Loss 1.1490 | Val Acc 0.5846 | ETputs(KTEPS) 118768.97
2023-10-14 04:46:03,062 - tune.py [line:103] - INFO: Epoch 01480 | Time(s) 0.0334 | Val Loss 1.1389 | Val Acc 0.5683 | ETputs(KTEPS) 118758.64
2023-10-14 04:46:03,731 - tune.py [line:103] - INFO: Epoch 01500 | Time(s) 0.0334 | Val Loss 1.1491 | Val Acc 0.5721 | ETputs(KTEPS) 118756.50
2023-10-14 04:46:04,408 - tune.py [line:103] - INFO: Epoch 01520 | Time(s) 0.0334 | Val Loss 1.1403 | Val Acc 0.5913 | ETputs(KTEPS) 118736.88
2023-10-14 04:46:05,079 - tune.py [line:103] - INFO: Epoch 01540 | Time(s) 0.0334 | Val Loss 1.1530 | Val Acc 0.5769 | ETputs(KTEPS) 118731.42
2023-10-14 04:46:05,751 - tune.py [line:103] - INFO: Epoch 01560 | Time(s) 0.0334 | Val Loss 1.1449 | Val Acc 0.5769 | ETputs(KTEPS) 118725.64
2023-10-14 04:46:06,419 - tune.py [line:103] - INFO: Epoch 01580 | Time(s) 0.0334 | Val Loss 1.1426 | Val Acc 0.5635 | ETputs(KTEPS) 118727.15
2023-10-14 04:46:07,091 - tune.py [line:103] - INFO: Epoch 01600 | Time(s) 0.0334 | Val Loss 1.1428 | Val Acc 0.5788 | ETputs(KTEPS) 118719.16
2023-10-14 04:46:07,763 - tune.py [line:103] - INFO: Epoch 01620 | Time(s) 0.0334 | Val Loss 1.1455 | Val Acc 0.5683 | ETputs(KTEPS) 118717.19
2023-10-14 04:46:08,435 - tune.py [line:103] - INFO: Epoch 01640 | Time(s) 0.0334 | Val Loss 1.1854 | Val Acc 0.5596 | ETputs(KTEPS) 118710.12
2023-10-14 04:46:09,105 - tune.py [line:103] - INFO: Epoch 01660 | Time(s) 0.0334 | Val Loss 1.1628 | Val Acc 0.5808 | ETputs(KTEPS) 118707.05
2023-10-14 04:46:09,776 - tune.py [line:103] - INFO: Epoch 01680 | Time(s) 0.0334 | Val Loss 1.1385 | Val Acc 0.5923 | ETputs(KTEPS) 118703.38
2023-10-14 04:46:10,447 - tune.py [line:103] - INFO: Epoch 01700 | Time(s) 0.0334 | Val Loss 1.1362 | Val Acc 0.5750 | ETputs(KTEPS) 118699.16
2023-10-14 04:46:11,117 - tune.py [line:103] - INFO: Epoch 01720 | Time(s) 0.0334 | Val Loss 1.1516 | Val Acc 0.5769 | ETputs(KTEPS) 118697.24
2023-10-14 04:46:11,791 - tune.py [line:103] - INFO: Epoch 01740 | Time(s) 0.0334 | Val Loss 1.1531 | Val Acc 0.5760 | ETputs(KTEPS) 118690.77
2023-10-14 04:46:12,463 - tune.py [line:103] - INFO: Epoch 01760 | Time(s) 0.0334 | Val Loss 1.1518 | Val Acc 0.5692 | ETputs(KTEPS) 118683.81
2023-10-14 04:46:13,135 - tune.py [line:103] - INFO: Epoch 01780 | Time(s) 0.0334 | Val Loss 1.1289 | Val Acc 0.5798 | ETputs(KTEPS) 118678.76
2023-10-14 04:46:13,806 - tune.py [line:103] - INFO: Epoch 01800 | Time(s) 0.0334 | Val Loss 1.1664 | Val Acc 0.5779 | ETputs(KTEPS) 118674.30
2023-10-14 04:46:14,476 - tune.py [line:103] - INFO: Epoch 01820 | Time(s) 0.0334 | Val Loss 1.1410 | Val Acc 0.5750 | ETputs(KTEPS) 118672.47
2023-10-14 04:46:15,142 - tune.py [line:103] - INFO: Epoch 01840 | Time(s) 0.0334 | Val Loss 1.1583 | Val Acc 0.5683 | ETputs(KTEPS) 118679.73
2023-10-14 04:46:15,819 - tune.py [line:103] - INFO: Epoch 01860 | Time(s) 0.0334 | Val Loss 1.1606 | Val Acc 0.5731 | ETputs(KTEPS) 118668.33
2023-10-14 04:46:16,493 - tune.py [line:103] - INFO: Epoch 01880 | Time(s) 0.0334 | Val Loss 1.1392 | Val Acc 0.5817 | ETputs(KTEPS) 118658.38
2023-10-14 04:46:17,165 - tune.py [line:103] - INFO: Epoch 01900 | Time(s) 0.0334 | Val Loss 1.1301 | Val Acc 0.5875 | ETputs(KTEPS) 118654.38
2023-10-14 04:46:17,836 - tune.py [line:103] - INFO: Epoch 01920 | Time(s) 0.0334 | Val Loss 1.1521 | Val Acc 0.5827 | ETputs(KTEPS) 118649.97
2023-10-14 04:46:18,505 - tune.py [line:103] - INFO: Epoch 01940 | Time(s) 0.0334 | Val Loss 1.1249 | Val Acc 0.5865 | ETputs(KTEPS) 118650.02
2023-10-14 04:46:19,181 - tune.py [line:103] - INFO: Epoch 01960 | Time(s) 0.0334 | Val Loss 1.1376 | Val Acc 0.5827 | ETputs(KTEPS) 118639.54
2023-10-14 04:46:19,859 - tune.py [line:103] - INFO: Epoch 01980 | Time(s) 0.0334 | Val Loss 1.1526 | Val Acc 0.5712 | ETputs(KTEPS) 118623.83
2023-10-14 04:46:20,532 - tune.py [line:103] - INFO: Epoch 02000 | Time(s) 0.0334 | Val Loss 1.1561 | Val Acc 0.5721 | ETputs(KTEPS) 118617.82
2023-10-14 04:46:20,543 - tune.py [line:117] - INFO: [FINAL MODEL] Val accuracy 60.10% \Val loss: 1.1
2023-10-14 04:46:20,552 - tune.py [line:119] - INFO: [FINAL MODEL] Test accuracy 58.60% \Test loss: 1.2
2023-10-14 04:46:20,552 - tune.py [line:144] - INFO: Acc on the first split (Validation Set): 0.6010
2023-10-14 04:46:20,553 - tune.py [line:145] - INFO: Acc on the first split (Test Set): 0.5860
