2023-10-14 03:54:08,138 - tune.py [line:203] - INFO: Namespace(seed=42, model='GPRGNNV2', gpu=1, dataset='geom-squirrel', logging=True, log_detail=True, log_detailedCh=False, id_log=1014014501, optuna_n_trials=202, n_epochs=2000, self_loop=False, udgraph=True, early_stop=True, patience=300, n_hidden=64, n_cv=1, start_cv=0, n_layers=16, lr1=0.04, lr2=0.01, wd1=1e-07, wd2=1e-08, dropout=0.5, dropout2=0.6, alpha=0.7000000000000001, es_ckpt='woselfloop-geom-squirrel_GPRGNNV2-geom-squirrel_trialNo28')
2023-10-14 03:54:10,921 - tune.py [line:128] - INFO: Split_seeds:[1824]
2023-10-14 03:54:10,922 - tune.py [line:129] - INFO: Model_seeds:[409]
2023-10-14 03:54:12,703 - tune.py [line:103] - INFO: Epoch 00020 | Time(s) 0.0873 | Val Loss 1.4588 | Val Acc 0.3587 | ETputs(KTEPS) 45421.44
2023-10-14 03:54:14,440 - tune.py [line:103] - INFO: Epoch 00040 | Time(s) 0.0871 | Val Loss 1.4591 | Val Acc 0.3663 | ETputs(KTEPS) 45548.78
2023-10-14 03:54:16,151 - tune.py [line:103] - INFO: Epoch 00060 | Time(s) 0.0865 | Val Loss 1.4613 | Val Acc 0.3615 | ETputs(KTEPS) 45866.90
2023-10-14 03:54:17,873 - tune.py [line:103] - INFO: Epoch 00080 | Time(s) 0.0863 | Val Loss 1.4550 | Val Acc 0.3856 | ETputs(KTEPS) 45980.54
2023-10-14 03:54:19,589 - tune.py [line:103] - INFO: Epoch 00100 | Time(s) 0.0861 | Val Loss 1.4440 | Val Acc 0.3990 | ETputs(KTEPS) 46056.80
2023-10-14 03:54:21,316 - tune.py [line:103] - INFO: Epoch 00120 | Time(s) 0.0861 | Val Loss 1.4288 | Val Acc 0.4096 | ETputs(KTEPS) 46081.35
2023-10-14 03:54:23,030 - tune.py [line:103] - INFO: Epoch 00140 | Time(s) 0.0859 | Val Loss 1.4037 | Val Acc 0.4269 | ETputs(KTEPS) 46168.09
2023-10-14 03:54:24,750 - tune.py [line:103] - INFO: Epoch 00160 | Time(s) 0.0859 | Val Loss 1.3957 | Val Acc 0.4413 | ETputs(KTEPS) 46183.07
2023-10-14 03:54:26,484 - tune.py [line:103] - INFO: Epoch 00180 | Time(s) 0.0859 | Val Loss 1.3933 | Val Acc 0.4404 | ETputs(KTEPS) 46172.33
2023-10-14 03:54:28,192 - tune.py [line:103] - INFO: Epoch 00200 | Time(s) 0.0858 | Val Loss 1.3805 | Val Acc 0.4462 | ETputs(KTEPS) 46211.06
2023-10-14 03:54:29,917 - tune.py [line:103] - INFO: Epoch 00220 | Time(s) 0.0859 | Val Loss 1.3716 | Val Acc 0.4587 | ETputs(KTEPS) 46198.07
2023-10-14 03:54:31,658 - tune.py [line:103] - INFO: Epoch 00240 | Time(s) 0.0859 | Val Loss 1.3622 | Val Acc 0.4712 | ETputs(KTEPS) 46156.86
2023-10-14 03:54:33,370 - tune.py [line:103] - INFO: Epoch 00260 | Time(s) 0.0859 | Val Loss 1.3626 | Val Acc 0.4731 | ETputs(KTEPS) 46179.61
2023-10-14 03:54:35,086 - tune.py [line:103] - INFO: Epoch 00280 | Time(s) 0.0859 | Val Loss 1.3465 | Val Acc 0.4846 | ETputs(KTEPS) 46201.66
2023-10-14 03:54:36,811 - tune.py [line:103] - INFO: Epoch 00300 | Time(s) 0.0859 | Val Loss 1.3485 | Val Acc 0.4913 | ETputs(KTEPS) 46188.85
2023-10-14 03:54:38,537 - tune.py [line:103] - INFO: Epoch 00320 | Time(s) 0.0859 | Val Loss 1.3275 | Val Acc 0.4904 | ETputs(KTEPS) 46176.71
2023-10-14 03:54:40,253 - tune.py [line:103] - INFO: Epoch 00340 | Time(s) 0.0859 | Val Loss 1.3377 | Val Acc 0.4971 | ETputs(KTEPS) 46181.68
2023-10-14 03:54:41,984 - tune.py [line:103] - INFO: Epoch 00360 | Time(s) 0.0859 | Val Loss 1.3444 | Val Acc 0.4933 | ETputs(KTEPS) 46171.42
2023-10-14 03:54:43,717 - tune.py [line:103] - INFO: Epoch 00380 | Time(s) 0.0859 | Val Loss 1.3256 | Val Acc 0.5067 | ETputs(KTEPS) 46158.43
2023-10-14 03:54:45,442 - tune.py [line:103] - INFO: Epoch 00400 | Time(s) 0.0860 | Val Loss 1.3253 | Val Acc 0.5106 | ETputs(KTEPS) 46151.26
2023-10-14 03:54:47,163 - tune.py [line:103] - INFO: Epoch 00420 | Time(s) 0.0859 | Val Loss 1.3137 | Val Acc 0.5212 | ETputs(KTEPS) 46157.10
2023-10-14 03:54:48,868 - tune.py [line:103] - INFO: Epoch 00440 | Time(s) 0.0859 | Val Loss 1.3230 | Val Acc 0.5192 | ETputs(KTEPS) 46177.25
2023-10-14 03:54:50,511 - tune.py [line:103] - INFO: Epoch 00460 | Time(s) 0.0857 | Val Loss 1.3183 | Val Acc 0.5192 | ETputs(KTEPS) 46266.13
2023-10-14 03:54:52,110 - tune.py [line:103] - INFO: Epoch 00480 | Time(s) 0.0855 | Val Loss 1.3187 | Val Acc 0.5192 | ETputs(KTEPS) 46397.54
2023-10-14 03:54:53,819 - tune.py [line:103] - INFO: Epoch 00500 | Time(s) 0.0855 | Val Loss 1.3161 | Val Acc 0.5115 | ETputs(KTEPS) 46404.52
2023-10-14 03:54:55,530 - tune.py [line:103] - INFO: Epoch 00520 | Time(s) 0.0855 | Val Loss 1.3274 | Val Acc 0.5250 | ETputs(KTEPS) 46403.81
2023-10-14 03:54:57,245 - tune.py [line:103] - INFO: Epoch 00540 | Time(s) 0.0855 | Val Loss 1.3136 | Val Acc 0.5240 | ETputs(KTEPS) 46400.77
2023-10-14 03:54:58,982 - tune.py [line:103] - INFO: Epoch 00560 | Time(s) 0.0855 | Val Loss 1.3186 | Val Acc 0.5192 | ETputs(KTEPS) 46375.68
2023-10-14 03:55:00,719 - tune.py [line:103] - INFO: Epoch 00580 | Time(s) 0.0856 | Val Loss 1.3105 | Val Acc 0.5317 | ETputs(KTEPS) 46354.56
2023-10-14 03:55:02,428 - tune.py [line:103] - INFO: Epoch 00600 | Time(s) 0.0856 | Val Loss 1.3233 | Val Acc 0.5385 | ETputs(KTEPS) 46362.95
2023-10-14 03:55:04,136 - tune.py [line:103] - INFO: Epoch 00620 | Time(s) 0.0856 | Val Loss 1.3118 | Val Acc 0.5404 | ETputs(KTEPS) 46367.88
2023-10-14 03:55:05,839 - tune.py [line:103] - INFO: Epoch 00640 | Time(s) 0.0855 | Val Loss 1.3066 | Val Acc 0.5356 | ETputs(KTEPS) 46377.12
2023-10-14 03:55:07,573 - tune.py [line:103] - INFO: Epoch 00660 | Time(s) 0.0856 | Val Loss 1.2991 | Val Acc 0.5365 | ETputs(KTEPS) 46358.84
2023-10-14 03:55:09,291 - tune.py [line:103] - INFO: Epoch 00680 | Time(s) 0.0856 | Val Loss 1.3016 | Val Acc 0.5269 | ETputs(KTEPS) 46354.28
2023-10-14 03:55:10,993 - tune.py [line:103] - INFO: Epoch 00700 | Time(s) 0.0856 | Val Loss 1.2837 | Val Acc 0.5423 | ETputs(KTEPS) 46361.97
2023-10-14 03:55:12,705 - tune.py [line:103] - INFO: Epoch 00720 | Time(s) 0.0856 | Val Loss 1.3189 | Val Acc 0.5433 | ETputs(KTEPS) 46362.00
2023-10-14 03:55:14,443 - tune.py [line:103] - INFO: Epoch 00740 | Time(s) 0.0856 | Val Loss 1.3039 | Val Acc 0.5346 | ETputs(KTEPS) 46342.77
2023-10-14 03:55:16,150 - tune.py [line:103] - INFO: Epoch 00760 | Time(s) 0.0856 | Val Loss 1.3149 | Val Acc 0.5404 | ETputs(KTEPS) 46347.04
2023-10-14 03:55:17,879 - tune.py [line:103] - INFO: Epoch 00780 | Time(s) 0.0856 | Val Loss 1.3036 | Val Acc 0.5442 | ETputs(KTEPS) 46335.56
2023-10-14 03:55:19,625 - tune.py [line:103] - INFO: Epoch 00800 | Time(s) 0.0857 | Val Loss 1.2990 | Val Acc 0.5490 | ETputs(KTEPS) 46313.38
2023-10-14 03:55:21,345 - tune.py [line:103] - INFO: Epoch 00820 | Time(s) 0.0857 | Val Loss 1.3090 | Val Acc 0.5365 | ETputs(KTEPS) 46309.55
2023-10-14 03:55:23,063 - tune.py [line:103] - INFO: Epoch 00840 | Time(s) 0.0857 | Val Loss 1.2952 | Val Acc 0.5490 | ETputs(KTEPS) 46306.85
2023-10-14 03:55:24,793 - tune.py [line:103] - INFO: Epoch 00860 | Time(s) 0.0857 | Val Loss 1.3140 | Val Acc 0.5442 | ETputs(KTEPS) 46296.57
2023-10-14 03:55:26,528 - tune.py [line:103] - INFO: Epoch 00880 | Time(s) 0.0857 | Val Loss 1.2831 | Val Acc 0.5510 | ETputs(KTEPS) 46284.36
2023-10-14 03:55:28,297 - tune.py [line:103] - INFO: Epoch 00900 | Time(s) 0.0858 | Val Loss 1.2967 | Val Acc 0.5548 | ETputs(KTEPS) 46252.15
2023-10-14 03:55:30,017 - tune.py [line:103] - INFO: Epoch 00920 | Time(s) 0.0858 | Val Loss 1.3093 | Val Acc 0.5529 | ETputs(KTEPS) 46251.37
2023-10-14 03:55:31,767 - tune.py [line:103] - INFO: Epoch 00940 | Time(s) 0.0858 | Val Loss 1.2973 | Val Acc 0.5433 | ETputs(KTEPS) 46231.64
2023-10-14 03:55:33,522 - tune.py [line:103] - INFO: Epoch 00960 | Time(s) 0.0858 | Val Loss 1.2901 | Val Acc 0.5442 | ETputs(KTEPS) 46210.51
2023-10-14 03:55:35,260 - tune.py [line:103] - INFO: Epoch 00980 | Time(s) 0.0859 | Val Loss 1.3014 | Val Acc 0.5433 | ETputs(KTEPS) 46199.90
2023-10-14 03:55:36,983 - tune.py [line:103] - INFO: Epoch 01000 | Time(s) 0.0859 | Val Loss 1.2969 | Val Acc 0.5471 | ETputs(KTEPS) 46197.14
2023-10-14 03:55:38,697 - tune.py [line:103] - INFO: Epoch 01020 | Time(s) 0.0859 | Val Loss 1.2836 | Val Acc 0.5490 | ETputs(KTEPS) 46199.17
2023-10-14 03:55:40,435 - tune.py [line:103] - INFO: Epoch 01040 | Time(s) 0.0859 | Val Loss 1.3016 | Val Acc 0.5471 | ETputs(KTEPS) 46189.20
2023-10-14 03:55:42,162 - tune.py [line:103] - INFO: Epoch 01060 | Time(s) 0.0859 | Val Loss 1.2866 | Val Acc 0.5548 | ETputs(KTEPS) 46187.97
2023-10-14 03:55:43,877 - tune.py [line:103] - INFO: Epoch 01080 | Time(s) 0.0859 | Val Loss 1.3101 | Val Acc 0.5558 | ETputs(KTEPS) 46191.70
2023-10-14 03:55:45,609 - tune.py [line:103] - INFO: Epoch 01100 | Time(s) 0.0859 | Val Loss 1.2815 | Val Acc 0.5558 | ETputs(KTEPS) 46185.09
2023-10-14 03:55:47,329 - tune.py [line:103] - INFO: Epoch 01120 | Time(s) 0.0859 | Val Loss 1.2876 | Val Acc 0.5442 | ETputs(KTEPS) 46184.05
2023-10-14 03:55:49,044 - tune.py [line:103] - INFO: Epoch 01140 | Time(s) 0.0859 | Val Loss 1.2963 | Val Acc 0.5510 | ETputs(KTEPS) 46185.75
2023-10-14 03:55:50,749 - tune.py [line:103] - INFO: Epoch 01160 | Time(s) 0.0859 | Val Loss 1.2793 | Val Acc 0.5510 | ETputs(KTEPS) 46192.41
2023-10-14 03:55:52,491 - tune.py [line:103] - INFO: Epoch 01180 | Time(s) 0.0859 | Val Loss 1.2924 | Val Acc 0.5433 | ETputs(KTEPS) 46181.48
2023-10-14 03:55:54,208 - tune.py [line:103] - INFO: Epoch 01200 | Time(s) 0.0859 | Val Loss 1.2791 | Val Acc 0.5538 | ETputs(KTEPS) 46182.12
2023-10-14 03:55:55,841 - tune.py [line:103] - INFO: Epoch 01220 | Time(s) 0.0858 | Val Loss 1.2670 | Val Acc 0.5567 | ETputs(KTEPS) 46219.97
2023-10-14 03:55:57,483 - tune.py [line:103] - INFO: Epoch 01240 | Time(s) 0.0858 | Val Loss 1.2760 | Val Acc 0.5606 | ETputs(KTEPS) 46252.81
2023-10-14 03:55:59,094 - tune.py [line:103] - INFO: Epoch 01260 | Time(s) 0.0857 | Val Loss 1.2718 | Val Acc 0.5558 | ETputs(KTEPS) 46299.86
2023-10-14 03:56:00,775 - tune.py [line:103] - INFO: Epoch 01280 | Time(s) 0.0857 | Val Loss 1.2767 | Val Acc 0.5529 | ETputs(KTEPS) 46313.94
2023-10-14 03:56:02,510 - tune.py [line:103] - INFO: Epoch 01300 | Time(s) 0.0857 | Val Loss 1.2646 | Val Acc 0.5577 | ETputs(KTEPS) 46305.22
2023-10-14 03:56:04,242 - tune.py [line:103] - INFO: Epoch 01320 | Time(s) 0.0857 | Val Loss 1.2651 | Val Acc 0.5635 | ETputs(KTEPS) 46297.83
2023-10-14 03:56:05,961 - tune.py [line:103] - INFO: Epoch 01340 | Time(s) 0.0857 | Val Loss 1.2921 | Val Acc 0.5558 | ETputs(KTEPS) 46296.21
2023-10-14 03:56:07,553 - tune.py [line:103] - INFO: Epoch 01360 | Time(s) 0.0856 | Val Loss 1.2529 | Val Acc 0.5673 | ETputs(KTEPS) 46344.82
2023-10-14 03:56:09,264 - tune.py [line:103] - INFO: Epoch 01380 | Time(s) 0.0856 | Val Loss 1.2552 | Val Acc 0.5683 | ETputs(KTEPS) 46346.78
2023-10-14 03:56:10,996 - tune.py [line:103] - INFO: Epoch 01400 | Time(s) 0.0856 | Val Loss 1.2582 | Val Acc 0.5712 | ETputs(KTEPS) 46340.65
2023-10-14 03:56:12,647 - tune.py [line:103] - INFO: Epoch 01420 | Time(s) 0.0856 | Val Loss 1.2689 | Val Acc 0.5615 | ETputs(KTEPS) 46364.39
2023-10-14 03:56:14,274 - tune.py [line:103] - INFO: Epoch 01440 | Time(s) 0.0855 | Val Loss 1.2576 | Val Acc 0.5769 | ETputs(KTEPS) 46396.55
2023-10-14 03:56:15,982 - tune.py [line:103] - INFO: Epoch 01460 | Time(s) 0.0855 | Val Loss 1.2798 | Val Acc 0.5683 | ETputs(KTEPS) 46397.28
2023-10-14 03:56:17,720 - tune.py [line:103] - INFO: Epoch 01480 | Time(s) 0.0855 | Val Loss 1.2722 | Val Acc 0.5625 | ETputs(KTEPS) 46387.58
2023-10-14 03:56:19,442 - tune.py [line:103] - INFO: Epoch 01500 | Time(s) 0.0855 | Val Loss 1.2710 | Val Acc 0.5577 | ETputs(KTEPS) 46383.67
2023-10-14 03:56:21,168 - tune.py [line:103] - INFO: Epoch 01520 | Time(s) 0.0855 | Val Loss 1.2608 | Val Acc 0.5663 | ETputs(KTEPS) 46378.45
2023-10-14 03:56:22,887 - tune.py [line:103] - INFO: Epoch 01540 | Time(s) 0.0855 | Val Loss 1.2590 | Val Acc 0.5606 | ETputs(KTEPS) 46375.69
2023-10-14 03:56:24,608 - tune.py [line:103] - INFO: Epoch 01560 | Time(s) 0.0855 | Val Loss 1.2835 | Val Acc 0.5567 | ETputs(KTEPS) 46372.52
2023-10-14 03:56:26,357 - tune.py [line:103] - INFO: Epoch 01580 | Time(s) 0.0856 | Val Loss 1.2665 | Val Acc 0.5740 | ETputs(KTEPS) 46359.76
2023-10-14 03:56:28,101 - tune.py [line:103] - INFO: Epoch 01600 | Time(s) 0.0856 | Val Loss 1.2706 | Val Acc 0.5635 | ETputs(KTEPS) 46349.31
2023-10-14 03:56:29,816 - tune.py [line:103] - INFO: Epoch 01620 | Time(s) 0.0856 | Val Loss 1.2644 | Val Acc 0.5731 | ETputs(KTEPS) 46348.72
2023-10-14 03:56:31,542 - tune.py [line:103] - INFO: Epoch 01640 | Time(s) 0.0856 | Val Loss 1.2496 | Val Acc 0.5760 | ETputs(KTEPS) 46345.03
2023-10-14 03:56:33,250 - tune.py [line:103] - INFO: Epoch 01660 | Time(s) 0.0856 | Val Loss 1.2522 | Val Acc 0.5683 | ETputs(KTEPS) 46346.62
2023-10-14 03:56:34,973 - tune.py [line:103] - INFO: Epoch 01680 | Time(s) 0.0856 | Val Loss 1.2694 | Val Acc 0.5625 | ETputs(KTEPS) 46343.37
2023-10-14 03:56:36,675 - tune.py [line:103] - INFO: Epoch 01700 | Time(s) 0.0856 | Val Loss 1.2638 | Val Acc 0.5538 | ETputs(KTEPS) 46346.63
2023-10-14 03:56:38,391 - tune.py [line:103] - INFO: Epoch 01720 | Time(s) 0.0856 | Val Loss 1.2597 | Val Acc 0.5596 | ETputs(KTEPS) 46345.82
2023-10-14 03:56:40,107 - tune.py [line:103] - INFO: Epoch 01740 | Time(s) 0.0856 | Val Loss 1.2538 | Val Acc 0.5712 | ETputs(KTEPS) 46344.74
2023-10-14 03:56:41,810 - tune.py [line:103] - INFO: Epoch 01760 | Time(s) 0.0856 | Val Loss 1.2461 | Val Acc 0.5712 | ETputs(KTEPS) 46348.40
2023-10-14 03:56:43,519 - tune.py [line:103] - INFO: Epoch 01780 | Time(s) 0.0856 | Val Loss 1.2602 | Val Acc 0.5606 | ETputs(KTEPS) 46349.55
2023-10-14 03:56:45,229 - tune.py [line:103] - INFO: Epoch 01800 | Time(s) 0.0856 | Val Loss 1.2534 | Val Acc 0.5673 | ETputs(KTEPS) 46350.40
2023-10-14 03:56:46,941 - tune.py [line:103] - INFO: Epoch 01820 | Time(s) 0.0856 | Val Loss 1.2607 | Val Acc 0.5615 | ETputs(KTEPS) 46350.42
2023-10-14 03:56:48,636 - tune.py [line:103] - INFO: Epoch 01840 | Time(s) 0.0856 | Val Loss 1.2624 | Val Acc 0.5606 | ETputs(KTEPS) 46355.76
2023-10-14 03:56:50,359 - tune.py [line:103] - INFO: Epoch 01860 | Time(s) 0.0856 | Val Loss 1.2463 | Val Acc 0.5721 | ETputs(KTEPS) 46352.63
2023-10-14 03:56:52,076 - tune.py [line:103] - INFO: Epoch 01880 | Time(s) 0.0856 | Val Loss 1.2457 | Val Acc 0.5663 | ETputs(KTEPS) 46351.31
2023-10-14 03:56:53,787 - tune.py [line:103] - INFO: Epoch 01900 | Time(s) 0.0856 | Val Loss 1.2458 | Val Acc 0.5644 | ETputs(KTEPS) 46351.83
2023-10-14 03:56:55,499 - tune.py [line:103] - INFO: Epoch 01920 | Time(s) 0.0856 | Val Loss 1.2548 | Val Acc 0.5663 | ETputs(KTEPS) 46351.99
2023-10-14 03:56:57,225 - tune.py [line:103] - INFO: Epoch 01940 | Time(s) 0.0856 | Val Loss 1.2573 | Val Acc 0.5625 | ETputs(KTEPS) 46348.10
2023-10-14 03:56:58,903 - tune.py [line:103] - INFO: Epoch 01960 | Time(s) 0.0856 | Val Loss 1.2547 | Val Acc 0.5577 | ETputs(KTEPS) 46357.83
2023-10-14 03:57:00,519 - tune.py [line:103] - INFO: Epoch 01980 | Time(s) 0.0855 | Val Loss 1.2495 | Val Acc 0.5673 | ETputs(KTEPS) 46384.19
2023-10-14 03:57:02,245 - tune.py [line:103] - INFO: Epoch 02000 | Time(s) 0.0855 | Val Loss 1.2592 | Val Acc 0.5615 | ETputs(KTEPS) 46380.34
2023-10-14 03:57:02,278 - tune.py [line:117] - INFO: [FINAL MODEL] Val accuracy 58.65% \Val loss: 1.2
2023-10-14 03:57:02,303 - tune.py [line:119] - INFO: [FINAL MODEL] Test accuracy 58.98% \Test loss: 1.3
2023-10-14 03:57:02,304 - tune.py [line:144] - INFO: Acc on the first split (Validation Set): 0.5865
2023-10-14 03:57:02,304 - tune.py [line:145] - INFO: Acc on the first split (Test Set): 0.5898
