2023-10-14 04:56:10,949 - tune.py [line:203] - INFO: Namespace(seed=42, model='GPRGNNV2', gpu=1, dataset='geom-squirrel', logging=True, log_detail=True, log_detailedCh=False, id_log=1014014501, optuna_n_trials=202, n_epochs=2000, self_loop=False, udgraph=True, early_stop=True, patience=300, n_hidden=64, n_cv=1, start_cv=0, n_layers=8, lr1=0.05, lr2=0.05, wd1=1e-05, wd2=0.0001, dropout=0.3, dropout2=0.8, alpha=0.2, es_ckpt='woselfloop-geom-squirrel_GPRGNNV2-geom-squirrel_trialNo136')
2023-10-14 04:56:13,388 - tune.py [line:128] - INFO: Split_seeds:[1824]
2023-10-14 04:56:13,388 - tune.py [line:129] - INFO: Model_seeds:[409]
2023-10-14 04:56:14,078 - tune.py [line:103] - INFO: Epoch 00020 | Time(s) 0.0336 | Val Loss 1.4589 | Val Acc 0.3567 | ETputs(KTEPS) 118088.18
2023-10-14 04:56:14,747 - tune.py [line:103] - INFO: Epoch 00040 | Time(s) 0.0334 | Val Loss 1.3732 | Val Acc 0.4010 | ETputs(KTEPS) 118937.90
2023-10-14 04:56:15,421 - tune.py [line:103] - INFO: Epoch 00060 | Time(s) 0.0333 | Val Loss 1.3283 | Val Acc 0.4413 | ETputs(KTEPS) 119151.11
2023-10-14 04:56:16,096 - tune.py [line:103] - INFO: Epoch 00080 | Time(s) 0.0333 | Val Loss 1.2969 | Val Acc 0.4740 | ETputs(KTEPS) 119302.24
2023-10-14 04:56:16,768 - tune.py [line:103] - INFO: Epoch 00100 | Time(s) 0.0332 | Val Loss 1.2813 | Val Acc 0.4837 | ETputs(KTEPS) 119370.97
2023-10-14 04:56:17,438 - tune.py [line:103] - INFO: Epoch 00120 | Time(s) 0.0333 | Val Loss 1.2605 | Val Acc 0.5019 | ETputs(KTEPS) 119301.19
2023-10-14 04:56:18,108 - tune.py [line:103] - INFO: Epoch 00140 | Time(s) 0.0332 | Val Loss 1.2357 | Val Acc 0.5154 | ETputs(KTEPS) 119351.47
2023-10-14 04:56:18,784 - tune.py [line:103] - INFO: Epoch 00160 | Time(s) 0.0333 | Val Loss 1.2348 | Val Acc 0.5106 | ETputs(KTEPS) 119207.18
2023-10-14 04:56:19,452 - tune.py [line:103] - INFO: Epoch 00180 | Time(s) 0.0333 | Val Loss 1.2288 | Val Acc 0.5269 | ETputs(KTEPS) 119213.10
2023-10-14 04:56:20,123 - tune.py [line:103] - INFO: Epoch 00200 | Time(s) 0.0333 | Val Loss 1.2393 | Val Acc 0.5308 | ETputs(KTEPS) 119141.60
2023-10-14 04:56:20,799 - tune.py [line:103] - INFO: Epoch 00220 | Time(s) 0.0333 | Val Loss 1.2071 | Val Acc 0.5394 | ETputs(KTEPS) 119038.53
2023-10-14 04:56:21,472 - tune.py [line:103] - INFO: Epoch 00240 | Time(s) 0.0333 | Val Loss 1.2083 | Val Acc 0.5490 | ETputs(KTEPS) 119030.57
2023-10-14 04:56:22,142 - tune.py [line:103] - INFO: Epoch 00260 | Time(s) 0.0333 | Val Loss 1.2079 | Val Acc 0.5510 | ETputs(KTEPS) 119014.93
2023-10-14 04:56:22,813 - tune.py [line:103] - INFO: Epoch 00280 | Time(s) 0.0333 | Val Loss 1.2149 | Val Acc 0.5365 | ETputs(KTEPS) 119003.61
2023-10-14 04:56:23,477 - tune.py [line:103] - INFO: Epoch 00300 | Time(s) 0.0333 | Val Loss 1.1903 | Val Acc 0.5462 | ETputs(KTEPS) 119036.35
2023-10-14 04:56:24,144 - tune.py [line:103] - INFO: Epoch 00320 | Time(s) 0.0333 | Val Loss 1.1990 | Val Acc 0.5375 | ETputs(KTEPS) 119043.72
2023-10-14 04:56:24,809 - tune.py [line:103] - INFO: Epoch 00340 | Time(s) 0.0333 | Val Loss 1.2062 | Val Acc 0.5519 | ETputs(KTEPS) 119061.33
2023-10-14 04:56:25,480 - tune.py [line:103] - INFO: Epoch 00360 | Time(s) 0.0333 | Val Loss 1.2047 | Val Acc 0.5654 | ETputs(KTEPS) 119031.24
2023-10-14 04:56:26,148 - tune.py [line:103] - INFO: Epoch 00380 | Time(s) 0.0333 | Val Loss 1.1831 | Val Acc 0.5663 | ETputs(KTEPS) 119038.27
2023-10-14 04:56:26,818 - tune.py [line:103] - INFO: Epoch 00400 | Time(s) 0.0333 | Val Loss 1.2113 | Val Acc 0.5558 | ETputs(KTEPS) 119009.62
2023-10-14 04:56:27,487 - tune.py [line:103] - INFO: Epoch 00420 | Time(s) 0.0333 | Val Loss 1.1841 | Val Acc 0.5663 | ETputs(KTEPS) 119011.67
2023-10-14 04:56:28,154 - tune.py [line:103] - INFO: Epoch 00440 | Time(s) 0.0333 | Val Loss 1.1919 | Val Acc 0.5606 | ETputs(KTEPS) 119028.95
2023-10-14 04:56:28,826 - tune.py [line:103] - INFO: Epoch 00460 | Time(s) 0.0333 | Val Loss 1.1640 | Val Acc 0.5635 | ETputs(KTEPS) 118986.93
2023-10-14 04:56:29,493 - tune.py [line:103] - INFO: Epoch 00480 | Time(s) 0.0333 | Val Loss 1.1639 | Val Acc 0.5673 | ETputs(KTEPS) 118988.65
2023-10-14 04:56:30,165 - tune.py [line:103] - INFO: Epoch 00500 | Time(s) 0.0333 | Val Loss 1.1886 | Val Acc 0.5644 | ETputs(KTEPS) 118969.04
2023-10-14 04:56:30,837 - tune.py [line:103] - INFO: Epoch 00520 | Time(s) 0.0333 | Val Loss 1.1620 | Val Acc 0.5731 | ETputs(KTEPS) 118956.86
2023-10-14 04:56:31,507 - tune.py [line:103] - INFO: Epoch 00540 | Time(s) 0.0334 | Val Loss 1.1795 | Val Acc 0.5606 | ETputs(KTEPS) 118941.07
2023-10-14 04:56:32,173 - tune.py [line:103] - INFO: Epoch 00560 | Time(s) 0.0333 | Val Loss 1.1642 | Val Acc 0.5644 | ETputs(KTEPS) 118952.52
2023-10-14 04:56:32,841 - tune.py [line:103] - INFO: Epoch 00580 | Time(s) 0.0334 | Val Loss 1.1737 | Val Acc 0.5760 | ETputs(KTEPS) 118950.43
2023-10-14 04:56:33,510 - tune.py [line:103] - INFO: Epoch 00600 | Time(s) 0.0334 | Val Loss 1.1968 | Val Acc 0.5548 | ETputs(KTEPS) 118942.00
2023-10-14 04:56:34,177 - tune.py [line:103] - INFO: Epoch 00620 | Time(s) 0.0334 | Val Loss 1.2212 | Val Acc 0.5442 | ETputs(KTEPS) 118945.18
2023-10-14 04:56:34,846 - tune.py [line:103] - INFO: Epoch 00640 | Time(s) 0.0334 | Val Loss 1.1974 | Val Acc 0.5635 | ETputs(KTEPS) 118932.39
2023-10-14 04:56:35,517 - tune.py [line:103] - INFO: Epoch 00660 | Time(s) 0.0334 | Val Loss 1.2046 | Val Acc 0.5596 | ETputs(KTEPS) 118918.25
2023-10-14 04:56:36,192 - tune.py [line:103] - INFO: Epoch 00680 | Time(s) 0.0334 | Val Loss 1.1711 | Val Acc 0.5673 | ETputs(KTEPS) 118878.53
2023-10-14 04:56:36,872 - tune.py [line:103] - INFO: Epoch 00700 | Time(s) 0.0334 | Val Loss 1.1791 | Val Acc 0.5808 | ETputs(KTEPS) 118823.47
2023-10-14 04:56:37,540 - tune.py [line:103] - INFO: Epoch 00720 | Time(s) 0.0334 | Val Loss 1.1835 | Val Acc 0.5712 | ETputs(KTEPS) 118824.86
2023-10-14 04:56:38,205 - tune.py [line:103] - INFO: Epoch 00740 | Time(s) 0.0334 | Val Loss 1.1854 | Val Acc 0.5567 | ETputs(KTEPS) 118840.04
2023-10-14 04:56:38,877 - tune.py [line:103] - INFO: Epoch 00760 | Time(s) 0.0334 | Val Loss 1.1760 | Val Acc 0.5798 | ETputs(KTEPS) 118829.24
2023-10-14 04:56:39,541 - tune.py [line:103] - INFO: Epoch 00780 | Time(s) 0.0334 | Val Loss 1.1595 | Val Acc 0.5721 | ETputs(KTEPS) 118849.94
2023-10-14 04:56:40,207 - tune.py [line:103] - INFO: Epoch 00800 | Time(s) 0.0334 | Val Loss 1.1850 | Val Acc 0.5625 | ETputs(KTEPS) 118857.38
2023-10-14 04:56:40,873 - tune.py [line:103] - INFO: Epoch 00820 | Time(s) 0.0334 | Val Loss 1.1942 | Val Acc 0.5644 | ETputs(KTEPS) 118868.37
2023-10-14 04:56:41,541 - tune.py [line:103] - INFO: Epoch 00840 | Time(s) 0.0334 | Val Loss 1.1993 | Val Acc 0.5731 | ETputs(KTEPS) 118868.44
2023-10-14 04:56:42,210 - tune.py [line:103] - INFO: Epoch 00860 | Time(s) 0.0334 | Val Loss 1.1697 | Val Acc 0.5712 | ETputs(KTEPS) 118862.69
2023-10-14 04:56:42,879 - tune.py [line:103] - INFO: Epoch 00880 | Time(s) 0.0334 | Val Loss 1.1892 | Val Acc 0.5750 | ETputs(KTEPS) 118858.40
2023-10-14 04:56:43,547 - tune.py [line:103] - INFO: Epoch 00900 | Time(s) 0.0334 | Val Loss 1.1757 | Val Acc 0.5769 | ETputs(KTEPS) 118858.63
2023-10-14 04:56:44,216 - tune.py [line:103] - INFO: Epoch 00920 | Time(s) 0.0334 | Val Loss 1.1730 | Val Acc 0.5760 | ETputs(KTEPS) 118856.16
2023-10-14 04:56:44,882 - tune.py [line:103] - INFO: Epoch 00940 | Time(s) 0.0334 | Val Loss 1.1639 | Val Acc 0.5740 | ETputs(KTEPS) 118863.03
2023-10-14 04:56:45,551 - tune.py [line:103] - INFO: Epoch 00960 | Time(s) 0.0334 | Val Loss 1.1737 | Val Acc 0.5673 | ETputs(KTEPS) 118859.90
2023-10-14 04:56:46,220 - tune.py [line:103] - INFO: Epoch 00980 | Time(s) 0.0334 | Val Loss 1.1853 | Val Acc 0.5558 | ETputs(KTEPS) 118854.62
2023-10-14 04:56:46,895 - tune.py [line:103] - INFO: Epoch 01000 | Time(s) 0.0334 | Val Loss 1.1946 | Val Acc 0.5731 | ETputs(KTEPS) 118830.64
2023-10-14 04:56:47,564 - tune.py [line:103] - INFO: Epoch 01020 | Time(s) 0.0334 | Val Loss 1.1678 | Val Acc 0.5894 | ETputs(KTEPS) 118828.53
2023-10-14 04:56:48,232 - tune.py [line:103] - INFO: Epoch 01040 | Time(s) 0.0334 | Val Loss 1.1615 | Val Acc 0.5654 | ETputs(KTEPS) 118828.26
2023-10-14 04:56:48,579 - tune.py [line:117] - INFO: [FINAL MODEL] Val accuracy 58.94% \Val loss: 1.2
2023-10-14 04:56:48,588 - tune.py [line:119] - INFO: [FINAL MODEL] Test accuracy 56.39% \Test loss: 1.2
2023-10-14 04:56:48,588 - tune.py [line:144] - INFO: Acc on the first split (Validation Set): 0.5894
2023-10-14 04:56:48,588 - tune.py [line:145] - INFO: Acc on the first split (Test Set): 0.5639
