2023-10-14 04:37:04,286 - tune.py [line:203] - INFO: Namespace(seed=42, model='GPRGNNV2', gpu=1, dataset='geom-squirrel', logging=True, log_detail=True, log_detailedCh=False, id_log=1014014501, optuna_n_trials=202, n_epochs=2000, self_loop=False, udgraph=True, early_stop=True, patience=300, n_hidden=64, n_cv=1, start_cv=0, n_layers=8, lr1=0.03, lr2=0.04, wd1=1e-06, wd2=1e-06, dropout=0.4, dropout2=0.8, alpha=0.30000000000000004, es_ckpt='woselfloop-geom-squirrel_GPRGNNV2-geom-squirrel_trialNo88')
2023-10-14 04:37:06,775 - tune.py [line:128] - INFO: Split_seeds:[1824]
2023-10-14 04:37:06,775 - tune.py [line:129] - INFO: Model_seeds:[409]
2023-10-14 04:37:07,502 - tune.py [line:103] - INFO: Epoch 00020 | Time(s) 0.0350 | Val Loss 1.4686 | Val Acc 0.3587 | ETputs(KTEPS) 113482.05
2023-10-14 04:37:08,173 - tune.py [line:103] - INFO: Epoch 00040 | Time(s) 0.0340 | Val Loss 1.3717 | Val Acc 0.4077 | ETputs(KTEPS) 116539.38
2023-10-14 04:37:08,852 - tune.py [line:103] - INFO: Epoch 00060 | Time(s) 0.0338 | Val Loss 1.3287 | Val Acc 0.4250 | ETputs(KTEPS) 117421.63
2023-10-14 04:37:09,524 - tune.py [line:103] - INFO: Epoch 00080 | Time(s) 0.0336 | Val Loss 1.2940 | Val Acc 0.4548 | ETputs(KTEPS) 117913.00
2023-10-14 04:37:10,197 - tune.py [line:103] - INFO: Epoch 00100 | Time(s) 0.0336 | Val Loss 1.2635 | Val Acc 0.4721 | ETputs(KTEPS) 118212.20
2023-10-14 04:37:10,871 - tune.py [line:103] - INFO: Epoch 00120 | Time(s) 0.0335 | Val Loss 1.2440 | Val Acc 0.4904 | ETputs(KTEPS) 118421.85
2023-10-14 04:37:11,544 - tune.py [line:103] - INFO: Epoch 00140 | Time(s) 0.0335 | Val Loss 1.2288 | Val Acc 0.5135 | ETputs(KTEPS) 118568.78
2023-10-14 04:37:12,215 - tune.py [line:103] - INFO: Epoch 00160 | Time(s) 0.0334 | Val Loss 1.2285 | Val Acc 0.5077 | ETputs(KTEPS) 118651.64
2023-10-14 04:37:12,890 - tune.py [line:103] - INFO: Epoch 00180 | Time(s) 0.0334 | Val Loss 1.2157 | Val Acc 0.5087 | ETputs(KTEPS) 118607.01
2023-10-14 04:37:13,556 - tune.py [line:103] - INFO: Epoch 00200 | Time(s) 0.0334 | Val Loss 1.2253 | Val Acc 0.5173 | ETputs(KTEPS) 118678.09
2023-10-14 04:37:14,228 - tune.py [line:103] - INFO: Epoch 00220 | Time(s) 0.0334 | Val Loss 1.2144 | Val Acc 0.5144 | ETputs(KTEPS) 118731.33
2023-10-14 04:37:14,892 - tune.py [line:103] - INFO: Epoch 00240 | Time(s) 0.0334 | Val Loss 1.2076 | Val Acc 0.5212 | ETputs(KTEPS) 118804.83
2023-10-14 04:37:15,562 - tune.py [line:103] - INFO: Epoch 00260 | Time(s) 0.0334 | Val Loss 1.2017 | Val Acc 0.5288 | ETputs(KTEPS) 118829.04
2023-10-14 04:37:16,233 - tune.py [line:103] - INFO: Epoch 00280 | Time(s) 0.0334 | Val Loss 1.2056 | Val Acc 0.5442 | ETputs(KTEPS) 118869.86
2023-10-14 04:37:16,912 - tune.py [line:103] - INFO: Epoch 00300 | Time(s) 0.0334 | Val Loss 1.2161 | Val Acc 0.5462 | ETputs(KTEPS) 118839.08
2023-10-14 04:37:17,577 - tune.py [line:103] - INFO: Epoch 00320 | Time(s) 0.0334 | Val Loss 1.2072 | Val Acc 0.5519 | ETputs(KTEPS) 118906.83
2023-10-14 04:37:18,242 - tune.py [line:103] - INFO: Epoch 00340 | Time(s) 0.0334 | Val Loss 1.2007 | Val Acc 0.5490 | ETputs(KTEPS) 118933.75
2023-10-14 04:37:18,914 - tune.py [line:103] - INFO: Epoch 00360 | Time(s) 0.0334 | Val Loss 1.1931 | Val Acc 0.5500 | ETputs(KTEPS) 118884.71
2023-10-14 04:37:19,587 - tune.py [line:103] - INFO: Epoch 00380 | Time(s) 0.0334 | Val Loss 1.2154 | Val Acc 0.5404 | ETputs(KTEPS) 118859.26
2023-10-14 04:37:20,266 - tune.py [line:103] - INFO: Epoch 00400 | Time(s) 0.0334 | Val Loss 1.1965 | Val Acc 0.5510 | ETputs(KTEPS) 118760.37
2023-10-14 04:37:20,932 - tune.py [line:103] - INFO: Epoch 00420 | Time(s) 0.0334 | Val Loss 1.1896 | Val Acc 0.5452 | ETputs(KTEPS) 118785.77
2023-10-14 04:37:21,597 - tune.py [line:103] - INFO: Epoch 00440 | Time(s) 0.0334 | Val Loss 1.1939 | Val Acc 0.5442 | ETputs(KTEPS) 118808.92
2023-10-14 04:37:22,263 - tune.py [line:103] - INFO: Epoch 00460 | Time(s) 0.0334 | Val Loss 1.1933 | Val Acc 0.5490 | ETputs(KTEPS) 118829.89
2023-10-14 04:37:22,926 - tune.py [line:103] - INFO: Epoch 00480 | Time(s) 0.0334 | Val Loss 1.1917 | Val Acc 0.5596 | ETputs(KTEPS) 118882.96
2023-10-14 04:37:23,590 - tune.py [line:103] - INFO: Epoch 00500 | Time(s) 0.0334 | Val Loss 1.1956 | Val Acc 0.5606 | ETputs(KTEPS) 118905.03
2023-10-14 04:37:24,262 - tune.py [line:103] - INFO: Epoch 00520 | Time(s) 0.0334 | Val Loss 1.2044 | Val Acc 0.5538 | ETputs(KTEPS) 118890.86
2023-10-14 04:37:24,931 - tune.py [line:103] - INFO: Epoch 00540 | Time(s) 0.0334 | Val Loss 1.1966 | Val Acc 0.5538 | ETputs(KTEPS) 118884.66
2023-10-14 04:37:25,602 - tune.py [line:103] - INFO: Epoch 00560 | Time(s) 0.0334 | Val Loss 1.1975 | Val Acc 0.5471 | ETputs(KTEPS) 118864.39
2023-10-14 04:37:26,271 - tune.py [line:103] - INFO: Epoch 00580 | Time(s) 0.0334 | Val Loss 1.1880 | Val Acc 0.5471 | ETputs(KTEPS) 118857.90
2023-10-14 04:37:26,931 - tune.py [line:103] - INFO: Epoch 00600 | Time(s) 0.0334 | Val Loss 1.1885 | Val Acc 0.5587 | ETputs(KTEPS) 118903.76
2023-10-14 04:37:27,593 - tune.py [line:103] - INFO: Epoch 00620 | Time(s) 0.0334 | Val Loss 1.1919 | Val Acc 0.5587 | ETputs(KTEPS) 118936.11
2023-10-14 04:37:28,256 - tune.py [line:103] - INFO: Epoch 00640 | Time(s) 0.0333 | Val Loss 1.1776 | Val Acc 0.5644 | ETputs(KTEPS) 118961.48
2023-10-14 04:37:28,929 - tune.py [line:103] - INFO: Epoch 00660 | Time(s) 0.0334 | Val Loss 1.1736 | Val Acc 0.5721 | ETputs(KTEPS) 118931.94
2023-10-14 04:37:29,592 - tune.py [line:103] - INFO: Epoch 00680 | Time(s) 0.0333 | Val Loss 1.1860 | Val Acc 0.5558 | ETputs(KTEPS) 118953.63
2023-10-14 04:37:30,262 - tune.py [line:103] - INFO: Epoch 00700 | Time(s) 0.0333 | Val Loss 1.1701 | Val Acc 0.5702 | ETputs(KTEPS) 118955.91
2023-10-14 04:37:30,905 - tune.py [line:103] - INFO: Epoch 00720 | Time(s) 0.0333 | Val Loss 1.1942 | Val Acc 0.5615 | ETputs(KTEPS) 119084.89
2023-10-14 04:37:31,544 - tune.py [line:103] - INFO: Epoch 00740 | Time(s) 0.0333 | Val Loss 1.1723 | Val Acc 0.5740 | ETputs(KTEPS) 119216.66
2023-10-14 04:37:32,192 - tune.py [line:103] - INFO: Epoch 00760 | Time(s) 0.0332 | Val Loss 1.2148 | Val Acc 0.5471 | ETputs(KTEPS) 119311.18
2023-10-14 04:37:32,834 - tune.py [line:103] - INFO: Epoch 00780 | Time(s) 0.0332 | Val Loss 1.1897 | Val Acc 0.5692 | ETputs(KTEPS) 119419.21
2023-10-14 04:37:33,478 - tune.py [line:103] - INFO: Epoch 00800 | Time(s) 0.0332 | Val Loss 1.1816 | Val Acc 0.5692 | ETputs(KTEPS) 119512.64
2023-10-14 04:37:34,122 - tune.py [line:103] - INFO: Epoch 00820 | Time(s) 0.0332 | Val Loss 1.2020 | Val Acc 0.5558 | ETputs(KTEPS) 119604.70
2023-10-14 04:37:34,773 - tune.py [line:103] - INFO: Epoch 00840 | Time(s) 0.0332 | Val Loss 1.1967 | Val Acc 0.5654 | ETputs(KTEPS) 119668.85
2023-10-14 04:37:35,414 - tune.py [line:103] - INFO: Epoch 00860 | Time(s) 0.0331 | Val Loss 1.1830 | Val Acc 0.5740 | ETputs(KTEPS) 119762.79
2023-10-14 04:37:36,059 - tune.py [line:103] - INFO: Epoch 00880 | Time(s) 0.0331 | Val Loss 1.1863 | Val Acc 0.5635 | ETputs(KTEPS) 119834.50
2023-10-14 04:37:36,702 - tune.py [line:103] - INFO: Epoch 00900 | Time(s) 0.0331 | Val Loss 1.2046 | Val Acc 0.5519 | ETputs(KTEPS) 119915.22
2023-10-14 04:37:37,342 - tune.py [line:103] - INFO: Epoch 00920 | Time(s) 0.0331 | Val Loss 1.1753 | Val Acc 0.5683 | ETputs(KTEPS) 120001.10
2023-10-14 04:37:37,985 - tune.py [line:103] - INFO: Epoch 00940 | Time(s) 0.0330 | Val Loss 1.1666 | Val Acc 0.5779 | ETputs(KTEPS) 120075.28
2023-10-14 04:37:38,631 - tune.py [line:103] - INFO: Epoch 00960 | Time(s) 0.0330 | Val Loss 1.1655 | Val Acc 0.5760 | ETputs(KTEPS) 120131.78
2023-10-14 04:37:39,278 - tune.py [line:103] - INFO: Epoch 00980 | Time(s) 0.0330 | Val Loss 1.1715 | Val Acc 0.5750 | ETputs(KTEPS) 120185.17
2023-10-14 04:37:39,926 - tune.py [line:103] - INFO: Epoch 01000 | Time(s) 0.0330 | Val Loss 1.1734 | Val Acc 0.5644 | ETputs(KTEPS) 120230.44
2023-10-14 04:37:40,605 - tune.py [line:103] - INFO: Epoch 01020 | Time(s) 0.0330 | Val Loss 1.1704 | Val Acc 0.5740 | ETputs(KTEPS) 120163.42
2023-10-14 04:37:41,279 - tune.py [line:103] - INFO: Epoch 01040 | Time(s) 0.0330 | Val Loss 1.1758 | Val Acc 0.5625 | ETputs(KTEPS) 120116.89
2023-10-14 04:37:41,964 - tune.py [line:103] - INFO: Epoch 01060 | Time(s) 0.0330 | Val Loss 1.1670 | Val Acc 0.5673 | ETputs(KTEPS) 120034.42
2023-10-14 04:37:42,640 - tune.py [line:103] - INFO: Epoch 01080 | Time(s) 0.0331 | Val Loss 1.1703 | Val Acc 0.5740 | ETputs(KTEPS) 119986.72
2023-10-14 04:37:43,314 - tune.py [line:103] - INFO: Epoch 01100 | Time(s) 0.0331 | Val Loss 1.1648 | Val Acc 0.5692 | ETputs(KTEPS) 119952.73
2023-10-14 04:37:43,985 - tune.py [line:103] - INFO: Epoch 01120 | Time(s) 0.0331 | Val Loss 1.1792 | Val Acc 0.5760 | ETputs(KTEPS) 119924.91
2023-10-14 04:37:44,656 - tune.py [line:103] - INFO: Epoch 01140 | Time(s) 0.0331 | Val Loss 1.1536 | Val Acc 0.5817 | ETputs(KTEPS) 119895.05
2023-10-14 04:37:45,330 - tune.py [line:103] - INFO: Epoch 01160 | Time(s) 0.0331 | Val Loss 1.1837 | Val Acc 0.5663 | ETputs(KTEPS) 119865.61
2023-10-14 04:37:46,007 - tune.py [line:103] - INFO: Epoch 01180 | Time(s) 0.0331 | Val Loss 1.1822 | Val Acc 0.5654 | ETputs(KTEPS) 119820.54
2023-10-14 04:37:46,684 - tune.py [line:103] - INFO: Epoch 01200 | Time(s) 0.0331 | Val Loss 1.1730 | Val Acc 0.5683 | ETputs(KTEPS) 119778.36
2023-10-14 04:37:47,353 - tune.py [line:103] - INFO: Epoch 01220 | Time(s) 0.0331 | Val Loss 1.1822 | Val Acc 0.5683 | ETputs(KTEPS) 119759.29
2023-10-14 04:37:48,028 - tune.py [line:103] - INFO: Epoch 01240 | Time(s) 0.0331 | Val Loss 1.1635 | Val Acc 0.5817 | ETputs(KTEPS) 119726.06
2023-10-14 04:37:48,697 - tune.py [line:103] - INFO: Epoch 01260 | Time(s) 0.0331 | Val Loss 1.1570 | Val Acc 0.5798 | ETputs(KTEPS) 119707.39
2023-10-14 04:37:49,365 - tune.py [line:103] - INFO: Epoch 01280 | Time(s) 0.0331 | Val Loss 1.1752 | Val Acc 0.5750 | ETputs(KTEPS) 119693.65
2023-10-14 04:37:50,032 - tune.py [line:103] - INFO: Epoch 01300 | Time(s) 0.0331 | Val Loss 1.1675 | Val Acc 0.5817 | ETputs(KTEPS) 119684.68
2023-10-14 04:37:50,698 - tune.py [line:103] - INFO: Epoch 01320 | Time(s) 0.0331 | Val Loss 1.1875 | Val Acc 0.5635 | ETputs(KTEPS) 119678.41
2023-10-14 04:37:51,367 - tune.py [line:103] - INFO: Epoch 01340 | Time(s) 0.0332 | Val Loss 1.1712 | Val Acc 0.5769 | ETputs(KTEPS) 119667.62
2023-10-14 04:37:52,045 - tune.py [line:103] - INFO: Epoch 01360 | Time(s) 0.0332 | Val Loss 1.1559 | Val Acc 0.5913 | ETputs(KTEPS) 119631.91
2023-10-14 04:37:52,711 - tune.py [line:103] - INFO: Epoch 01380 | Time(s) 0.0332 | Val Loss 1.1587 | Val Acc 0.5923 | ETputs(KTEPS) 119624.12
2023-10-14 04:37:53,379 - tune.py [line:103] - INFO: Epoch 01400 | Time(s) 0.0332 | Val Loss 1.1566 | Val Acc 0.5808 | ETputs(KTEPS) 119621.57
2023-10-14 04:37:54,051 - tune.py [line:103] - INFO: Epoch 01420 | Time(s) 0.0332 | Val Loss 1.1630 | Val Acc 0.5904 | ETputs(KTEPS) 119602.89
2023-10-14 04:37:54,720 - tune.py [line:103] - INFO: Epoch 01440 | Time(s) 0.0332 | Val Loss 1.1769 | Val Acc 0.5606 | ETputs(KTEPS) 119589.15
2023-10-14 04:37:55,397 - tune.py [line:103] - INFO: Epoch 01460 | Time(s) 0.0332 | Val Loss 1.1642 | Val Acc 0.5721 | ETputs(KTEPS) 119558.17
2023-10-14 04:37:56,069 - tune.py [line:103] - INFO: Epoch 01480 | Time(s) 0.0332 | Val Loss 1.1500 | Val Acc 0.5856 | ETputs(KTEPS) 119538.70
2023-10-14 04:37:56,738 - tune.py [line:103] - INFO: Epoch 01500 | Time(s) 0.0332 | Val Loss 1.1643 | Val Acc 0.5837 | ETputs(KTEPS) 119527.65
2023-10-14 04:37:57,407 - tune.py [line:103] - INFO: Epoch 01520 | Time(s) 0.0332 | Val Loss 1.1883 | Val Acc 0.5615 | ETputs(KTEPS) 119517.21
2023-10-14 04:37:58,080 - tune.py [line:103] - INFO: Epoch 01540 | Time(s) 0.0332 | Val Loss 1.1804 | Val Acc 0.5721 | ETputs(KTEPS) 119496.88
2023-10-14 04:37:58,753 - tune.py [line:103] - INFO: Epoch 01560 | Time(s) 0.0332 | Val Loss 1.1932 | Val Acc 0.5683 | ETputs(KTEPS) 119476.80
2023-10-14 04:37:59,424 - tune.py [line:103] - INFO: Epoch 01580 | Time(s) 0.0332 | Val Loss 1.1651 | Val Acc 0.5865 | ETputs(KTEPS) 119461.83
2023-10-14 04:38:00,099 - tune.py [line:103] - INFO: Epoch 01600 | Time(s) 0.0332 | Val Loss 1.1643 | Val Acc 0.5779 | ETputs(KTEPS) 119439.10
2023-10-14 04:38:00,773 - tune.py [line:103] - INFO: Epoch 01620 | Time(s) 0.0332 | Val Loss 1.1772 | Val Acc 0.5740 | ETputs(KTEPS) 119419.61
2023-10-14 04:38:01,443 - tune.py [line:103] - INFO: Epoch 01640 | Time(s) 0.0332 | Val Loss 1.1726 | Val Acc 0.5817 | ETputs(KTEPS) 119407.73
2023-10-14 04:38:02,132 - tune.py [line:103] - INFO: Epoch 01660 | Time(s) 0.0332 | Val Loss 1.1625 | Val Acc 0.5740 | ETputs(KTEPS) 119357.03
2023-10-14 04:38:02,806 - tune.py [line:103] - INFO: Epoch 01680 | Time(s) 0.0332 | Val Loss 1.1690 | Val Acc 0.5817 | ETputs(KTEPS) 119337.82
2023-10-14 04:38:03,482 - tune.py [line:103] - INFO: Epoch 01700 | Time(s) 0.0332 | Val Loss 1.1809 | Val Acc 0.5798 | ETputs(KTEPS) 119320.55
2023-10-14 04:38:04,155 - tune.py [line:103] - INFO: Epoch 01720 | Time(s) 0.0333 | Val Loss 1.1601 | Val Acc 0.5875 | ETputs(KTEPS) 119305.52
2023-10-14 04:38:04,836 - tune.py [line:103] - INFO: Epoch 01740 | Time(s) 0.0333 | Val Loss 1.1476 | Val Acc 0.5875 | ETputs(KTEPS) 119273.38
2023-10-14 04:38:05,510 - tune.py [line:103] - INFO: Epoch 01760 | Time(s) 0.0333 | Val Loss 1.1587 | Val Acc 0.5769 | ETputs(KTEPS) 119257.60
2023-10-14 04:38:06,179 - tune.py [line:103] - INFO: Epoch 01780 | Time(s) 0.0333 | Val Loss 1.1602 | Val Acc 0.5827 | ETputs(KTEPS) 119252.49
2023-10-14 04:38:06,852 - tune.py [line:103] - INFO: Epoch 01800 | Time(s) 0.0333 | Val Loss 1.1620 | Val Acc 0.5837 | ETputs(KTEPS) 119238.14
2023-10-14 04:38:07,525 - tune.py [line:103] - INFO: Epoch 01820 | Time(s) 0.0333 | Val Loss 1.1710 | Val Acc 0.5798 | ETputs(KTEPS) 119224.30
2023-10-14 04:38:08,193 - tune.py [line:103] - INFO: Epoch 01840 | Time(s) 0.0333 | Val Loss 1.1620 | Val Acc 0.5779 | ETputs(KTEPS) 119223.25
2023-10-14 04:38:08,861 - tune.py [line:103] - INFO: Epoch 01860 | Time(s) 0.0333 | Val Loss 1.1644 | Val Acc 0.5885 | ETputs(KTEPS) 119219.55
2023-10-14 04:38:09,529 - tune.py [line:103] - INFO: Epoch 01880 | Time(s) 0.0333 | Val Loss 1.1791 | Val Acc 0.5760 | ETputs(KTEPS) 119217.24
2023-10-14 04:38:10,198 - tune.py [line:103] - INFO: Epoch 01900 | Time(s) 0.0333 | Val Loss 1.1552 | Val Acc 0.5894 | ETputs(KTEPS) 119210.91
2023-10-14 04:38:10,864 - tune.py [line:103] - INFO: Epoch 01920 | Time(s) 0.0333 | Val Loss 1.1697 | Val Acc 0.5712 | ETputs(KTEPS) 119211.19
2023-10-14 04:38:11,534 - tune.py [line:103] - INFO: Epoch 01940 | Time(s) 0.0333 | Val Loss 1.1610 | Val Acc 0.5817 | ETputs(KTEPS) 119204.94
2023-10-14 04:38:12,210 - tune.py [line:103] - INFO: Epoch 01960 | Time(s) 0.0333 | Val Loss 1.1568 | Val Acc 0.5798 | ETputs(KTEPS) 119186.00
2023-10-14 04:38:12,893 - tune.py [line:103] - INFO: Epoch 01980 | Time(s) 0.0333 | Val Loss 1.1572 | Val Acc 0.5808 | ETputs(KTEPS) 119156.59
2023-10-14 04:38:13,569 - tune.py [line:103] - INFO: Epoch 02000 | Time(s) 0.0333 | Val Loss 1.1646 | Val Acc 0.5788 | ETputs(KTEPS) 119139.89
2023-10-14 04:38:13,580 - tune.py [line:117] - INFO: [FINAL MODEL] Val accuracy 60.10% \Val loss: 1.2
2023-10-14 04:38:13,589 - tune.py [line:119] - INFO: [FINAL MODEL] Test accuracy 58.31% \Test loss: 1.2
2023-10-14 04:38:13,589 - tune.py [line:144] - INFO: Acc on the first split (Validation Set): 0.6010
2023-10-14 04:38:13,590 - tune.py [line:145] - INFO: Acc on the first split (Test Set): 0.5831
