2023-10-14 05:14:06,964 - tune.py [line:203] - INFO: Namespace(seed=42, model='GPRGNNV2', gpu=1, dataset='geom-squirrel', logging=True, log_detail=True, log_detailedCh=False, id_log=1014014501, optuna_n_trials=202, n_epochs=2000, self_loop=False, udgraph=True, early_stop=True, patience=300, n_hidden=64, n_cv=1, start_cv=0, n_layers=8, lr1=0.05, lr2=0.05, wd1=1e-05, wd2=1e-05, dropout=0.3, dropout2=0.8, alpha=0.30000000000000004, es_ckpt='woselfloop-geom-squirrel_GPRGNNV2-geom-squirrel_trialNo193')
2023-10-14 05:14:09,714 - tune.py [line:128] - INFO: Split_seeds:[1824]
2023-10-14 05:14:09,714 - tune.py [line:129] - INFO: Model_seeds:[409]
2023-10-14 05:14:10,622 - tune.py [line:103] - INFO: Epoch 00020 | Time(s) 0.0442 | Val Loss 1.4483 | Val Acc 0.3740 | ETputs(KTEPS) 89825.38
2023-10-14 05:14:11,493 - tune.py [line:103] - INFO: Epoch 00040 | Time(s) 0.0432 | Val Loss 1.3693 | Val Acc 0.4212 | ETputs(KTEPS) 91852.25
2023-10-14 05:14:12,374 - tune.py [line:103] - INFO: Epoch 00060 | Time(s) 0.0433 | Val Loss 1.3434 | Val Acc 0.4365 | ETputs(KTEPS) 91620.27
2023-10-14 05:14:13,219 - tune.py [line:103] - INFO: Epoch 00080 | Time(s) 0.0429 | Val Loss 1.3229 | Val Acc 0.4548 | ETputs(KTEPS) 92403.69
2023-10-14 05:14:14,073 - tune.py [line:103] - INFO: Epoch 00100 | Time(s) 0.0428 | Val Loss 1.2987 | Val Acc 0.4683 | ETputs(KTEPS) 92704.88
2023-10-14 05:14:14,867 - tune.py [line:103] - INFO: Epoch 00120 | Time(s) 0.0422 | Val Loss 1.2810 | Val Acc 0.4846 | ETputs(KTEPS) 93940.17
2023-10-14 05:14:15,695 - tune.py [line:103] - INFO: Epoch 00140 | Time(s) 0.0421 | Val Loss 1.2808 | Val Acc 0.4962 | ETputs(KTEPS) 94255.91
2023-10-14 05:14:16,526 - tune.py [line:103] - INFO: Epoch 00160 | Time(s) 0.0420 | Val Loss 1.2555 | Val Acc 0.5000 | ETputs(KTEPS) 94441.64
2023-10-14 05:14:17,339 - tune.py [line:103] - INFO: Epoch 00180 | Time(s) 0.0418 | Val Loss 1.2382 | Val Acc 0.5096 | ETputs(KTEPS) 94885.23
2023-10-14 05:14:18,156 - tune.py [line:103] - INFO: Epoch 00200 | Time(s) 0.0417 | Val Loss 1.2610 | Val Acc 0.5221 | ETputs(KTEPS) 95197.97
2023-10-14 05:14:18,971 - tune.py [line:103] - INFO: Epoch 00220 | Time(s) 0.0416 | Val Loss 1.2268 | Val Acc 0.5240 | ETputs(KTEPS) 95444.77
2023-10-14 05:14:19,777 - tune.py [line:103] - INFO: Epoch 00240 | Time(s) 0.0415 | Val Loss 1.2138 | Val Acc 0.5250 | ETputs(KTEPS) 95693.37
2023-10-14 05:14:20,559 - tune.py [line:103] - INFO: Epoch 00260 | Time(s) 0.0413 | Val Loss 1.2150 | Val Acc 0.5212 | ETputs(KTEPS) 96116.44
2023-10-14 05:14:21,363 - tune.py [line:103] - INFO: Epoch 00280 | Time(s) 0.0412 | Val Loss 1.2138 | Val Acc 0.5423 | ETputs(KTEPS) 96378.35
2023-10-14 05:14:22,181 - tune.py [line:103] - INFO: Epoch 00300 | Time(s) 0.0411 | Val Loss 1.2186 | Val Acc 0.5327 | ETputs(KTEPS) 96432.61
2023-10-14 05:14:22,991 - tune.py [line:103] - INFO: Epoch 00320 | Time(s) 0.0411 | Val Loss 1.2057 | Val Acc 0.5481 | ETputs(KTEPS) 96562.18
2023-10-14 05:14:23,811 - tune.py [line:103] - INFO: Epoch 00340 | Time(s) 0.0411 | Val Loss 1.2045 | Val Acc 0.5481 | ETputs(KTEPS) 96602.90
2023-10-14 05:14:24,619 - tune.py [line:103] - INFO: Epoch 00360 | Time(s) 0.0410 | Val Loss 1.2096 | Val Acc 0.5337 | ETputs(KTEPS) 96692.35
2023-10-14 05:14:25,414 - tune.py [line:103] - INFO: Epoch 00380 | Time(s) 0.0410 | Val Loss 1.2138 | Val Acc 0.5433 | ETputs(KTEPS) 96854.79
2023-10-14 05:14:26,214 - tune.py [line:103] - INFO: Epoch 00400 | Time(s) 0.0409 | Val Loss 1.2016 | Val Acc 0.5404 | ETputs(KTEPS) 96981.15
2023-10-14 05:14:27,024 - tune.py [line:103] - INFO: Epoch 00420 | Time(s) 0.0409 | Val Loss 1.1894 | Val Acc 0.5558 | ETputs(KTEPS) 97048.27
2023-10-14 05:14:27,832 - tune.py [line:103] - INFO: Epoch 00440 | Time(s) 0.0408 | Val Loss 1.1736 | Val Acc 0.5644 | ETputs(KTEPS) 97124.28
2023-10-14 05:14:28,646 - tune.py [line:103] - INFO: Epoch 00460 | Time(s) 0.0408 | Val Loss 1.1778 | Val Acc 0.5490 | ETputs(KTEPS) 97140.10
2023-10-14 05:14:29,470 - tune.py [line:103] - INFO: Epoch 00480 | Time(s) 0.0409 | Val Loss 1.1981 | Val Acc 0.5490 | ETputs(KTEPS) 97109.37
2023-10-14 05:14:30,278 - tune.py [line:103] - INFO: Epoch 00500 | Time(s) 0.0408 | Val Loss 1.2110 | Val Acc 0.5548 | ETputs(KTEPS) 97154.66
2023-10-14 05:14:31,092 - tune.py [line:103] - INFO: Epoch 00520 | Time(s) 0.0408 | Val Loss 1.1897 | Val Acc 0.5558 | ETputs(KTEPS) 97169.28
2023-10-14 05:14:31,905 - tune.py [line:103] - INFO: Epoch 00540 | Time(s) 0.0408 | Val Loss 1.1981 | Val Acc 0.5567 | ETputs(KTEPS) 97188.11
2023-10-14 05:14:32,716 - tune.py [line:103] - INFO: Epoch 00560 | Time(s) 0.0408 | Val Loss 1.1948 | Val Acc 0.5529 | ETputs(KTEPS) 97211.26
2023-10-14 05:14:33,524 - tune.py [line:103] - INFO: Epoch 00580 | Time(s) 0.0408 | Val Loss 1.1928 | Val Acc 0.5683 | ETputs(KTEPS) 97245.01
2023-10-14 05:14:34,334 - tune.py [line:103] - INFO: Epoch 00600 | Time(s) 0.0408 | Val Loss 1.1844 | Val Acc 0.5635 | ETputs(KTEPS) 97282.37
2023-10-14 05:14:35,147 - tune.py [line:103] - INFO: Epoch 00620 | Time(s) 0.0408 | Val Loss 1.1881 | Val Acc 0.5529 | ETputs(KTEPS) 97299.69
2023-10-14 05:14:35,965 - tune.py [line:103] - INFO: Epoch 00640 | Time(s) 0.0408 | Val Loss 1.1606 | Val Acc 0.5644 | ETputs(KTEPS) 97293.97
2023-10-14 05:14:36,785 - tune.py [line:103] - INFO: Epoch 00660 | Time(s) 0.0408 | Val Loss 1.1706 | Val Acc 0.5712 | ETputs(KTEPS) 97287.90
2023-10-14 05:14:37,601 - tune.py [line:103] - INFO: Epoch 00680 | Time(s) 0.0408 | Val Loss 1.1618 | Val Acc 0.5788 | ETputs(KTEPS) 97295.28
2023-10-14 05:14:38,419 - tune.py [line:103] - INFO: Epoch 00700 | Time(s) 0.0408 | Val Loss 1.1663 | Val Acc 0.5702 | ETputs(KTEPS) 97287.23
2023-10-14 05:14:39,233 - tune.py [line:103] - INFO: Epoch 00720 | Time(s) 0.0408 | Val Loss 1.1583 | Val Acc 0.5798 | ETputs(KTEPS) 97292.76
2023-10-14 05:14:40,092 - tune.py [line:103] - INFO: Epoch 00740 | Time(s) 0.0408 | Val Loss 1.1843 | Val Acc 0.5635 | ETputs(KTEPS) 97156.28
2023-10-14 05:14:40,900 - tune.py [line:103] - INFO: Epoch 00760 | Time(s) 0.0408 | Val Loss 1.1761 | Val Acc 0.5567 | ETputs(KTEPS) 97184.82
2023-10-14 05:14:41,732 - tune.py [line:103] - INFO: Epoch 00780 | Time(s) 0.0408 | Val Loss 1.1713 | Val Acc 0.5731 | ETputs(KTEPS) 97138.85
2023-10-14 05:14:42,543 - tune.py [line:103] - INFO: Epoch 00800 | Time(s) 0.0408 | Val Loss 1.1652 | Val Acc 0.5673 | ETputs(KTEPS) 97158.73
2023-10-14 05:14:43,360 - tune.py [line:103] - INFO: Epoch 00820 | Time(s) 0.0408 | Val Loss 1.1611 | Val Acc 0.5779 | ETputs(KTEPS) 97173.39
2023-10-14 05:14:44,184 - tune.py [line:103] - INFO: Epoch 00840 | Time(s) 0.0408 | Val Loss 1.1846 | Val Acc 0.5712 | ETputs(KTEPS) 97151.37
2023-10-14 05:14:45,017 - tune.py [line:103] - INFO: Epoch 00860 | Time(s) 0.0409 | Val Loss 1.1807 | Val Acc 0.5538 | ETputs(KTEPS) 97110.17
2023-10-14 05:14:45,831 - tune.py [line:103] - INFO: Epoch 00880 | Time(s) 0.0408 | Val Loss 1.1655 | Val Acc 0.5837 | ETputs(KTEPS) 97123.00
2023-10-14 05:14:46,640 - tune.py [line:103] - INFO: Epoch 00900 | Time(s) 0.0408 | Val Loss 1.1508 | Val Acc 0.5856 | ETputs(KTEPS) 97147.32
2023-10-14 05:14:47,463 - tune.py [line:103] - INFO: Epoch 00920 | Time(s) 0.0408 | Val Loss 1.1541 | Val Acc 0.5904 | ETputs(KTEPS) 97137.31
2023-10-14 05:14:48,280 - tune.py [line:103] - INFO: Epoch 00940 | Time(s) 0.0408 | Val Loss 1.1572 | Val Acc 0.5856 | ETputs(KTEPS) 97139.56
2023-10-14 05:14:49,091 - tune.py [line:103] - INFO: Epoch 00960 | Time(s) 0.0408 | Val Loss 1.1862 | Val Acc 0.5644 | ETputs(KTEPS) 97155.17
2023-10-14 05:14:49,929 - tune.py [line:103] - INFO: Epoch 00980 | Time(s) 0.0409 | Val Loss 1.1507 | Val Acc 0.5913 | ETputs(KTEPS) 97105.14
2023-10-14 05:14:50,738 - tune.py [line:103] - INFO: Epoch 01000 | Time(s) 0.0408 | Val Loss 1.1600 | Val Acc 0.5798 | ETputs(KTEPS) 97125.16
2023-10-14 05:14:51,563 - tune.py [line:103] - INFO: Epoch 01020 | Time(s) 0.0409 | Val Loss 1.1497 | Val Acc 0.5788 | ETputs(KTEPS) 97107.57
2023-10-14 05:14:52,399 - tune.py [line:103] - INFO: Epoch 01040 | Time(s) 0.0409 | Val Loss 1.1500 | Val Acc 0.5875 | ETputs(KTEPS) 97067.89
2023-10-14 05:14:53,271 - tune.py [line:103] - INFO: Epoch 01060 | Time(s) 0.0409 | Val Loss 1.1437 | Val Acc 0.5798 | ETputs(KTEPS) 96948.52
2023-10-14 05:14:54,112 - tune.py [line:103] - INFO: Epoch 01080 | Time(s) 0.0409 | Val Loss 1.1573 | Val Acc 0.5760 | ETputs(KTEPS) 96905.56
2023-10-14 05:14:54,931 - tune.py [line:103] - INFO: Epoch 01100 | Time(s) 0.0409 | Val Loss 1.1617 | Val Acc 0.5894 | ETputs(KTEPS) 96905.65
2023-10-14 05:14:55,753 - tune.py [line:103] - INFO: Epoch 01120 | Time(s) 0.0409 | Val Loss 1.1672 | Val Acc 0.5827 | ETputs(KTEPS) 96901.73
2023-10-14 05:14:56,607 - tune.py [line:103] - INFO: Epoch 01140 | Time(s) 0.0410 | Val Loss 1.1321 | Val Acc 0.5981 | ETputs(KTEPS) 96830.44
2023-10-14 05:14:57,470 - tune.py [line:103] - INFO: Epoch 01160 | Time(s) 0.0410 | Val Loss 1.1561 | Val Acc 0.5846 | ETputs(KTEPS) 96743.50
2023-10-14 05:14:58,296 - tune.py [line:103] - INFO: Epoch 01180 | Time(s) 0.0410 | Val Loss 1.1683 | Val Acc 0.5731 | ETputs(KTEPS) 96733.07
2023-10-14 05:14:59,125 - tune.py [line:103] - INFO: Epoch 01200 | Time(s) 0.0410 | Val Loss 1.1786 | Val Acc 0.5760 | ETputs(KTEPS) 96717.53
2023-10-14 05:14:59,955 - tune.py [line:103] - INFO: Epoch 01220 | Time(s) 0.0410 | Val Loss 1.1513 | Val Acc 0.5981 | ETputs(KTEPS) 96699.74
2023-10-14 05:15:00,790 - tune.py [line:103] - INFO: Epoch 01240 | Time(s) 0.0410 | Val Loss 1.1490 | Val Acc 0.5913 | ETputs(KTEPS) 96681.91
2023-10-14 05:15:01,604 - tune.py [line:103] - INFO: Epoch 01260 | Time(s) 0.0410 | Val Loss 1.1476 | Val Acc 0.5788 | ETputs(KTEPS) 96696.04
2023-10-14 05:15:02,425 - tune.py [line:103] - INFO: Epoch 01280 | Time(s) 0.0410 | Val Loss 1.1796 | Val Acc 0.5731 | ETputs(KTEPS) 96695.29
2023-10-14 05:15:03,241 - tune.py [line:103] - INFO: Epoch 01300 | Time(s) 0.0410 | Val Loss 1.1585 | Val Acc 0.5837 | ETputs(KTEPS) 96705.60
2023-10-14 05:15:04,067 - tune.py [line:103] - INFO: Epoch 01320 | Time(s) 0.0410 | Val Loss 1.1673 | Val Acc 0.5808 | ETputs(KTEPS) 96697.06
2023-10-14 05:15:04,890 - tune.py [line:103] - INFO: Epoch 01340 | Time(s) 0.0410 | Val Loss 1.1406 | Val Acc 0.5846 | ETputs(KTEPS) 96693.67
2023-10-14 05:15:05,730 - tune.py [line:103] - INFO: Epoch 01360 | Time(s) 0.0410 | Val Loss 1.1529 | Val Acc 0.5865 | ETputs(KTEPS) 96662.16
2023-10-14 05:15:06,578 - tune.py [line:103] - INFO: Epoch 01380 | Time(s) 0.0411 | Val Loss 1.1543 | Val Acc 0.5856 | ETputs(KTEPS) 96617.23
2023-10-14 05:15:07,263 - tune.py [line:103] - INFO: Epoch 01400 | Time(s) 0.0410 | Val Loss 1.1524 | Val Acc 0.5962 | ETputs(KTEPS) 96846.55
2023-10-14 05:15:07,950 - tune.py [line:103] - INFO: Epoch 01420 | Time(s) 0.0409 | Val Loss 1.1532 | Val Acc 0.5913 | ETputs(KTEPS) 97068.27
2023-10-14 05:15:08,646 - tune.py [line:103] - INFO: Epoch 01440 | Time(s) 0.0408 | Val Loss 1.1694 | Val Acc 0.5837 | ETputs(KTEPS) 97275.04
2023-10-14 05:15:09,340 - tune.py [line:103] - INFO: Epoch 01460 | Time(s) 0.0407 | Val Loss 1.1325 | Val Acc 0.6010 | ETputs(KTEPS) 97474.68
2023-10-14 05:15:10,149 - tune.py [line:103] - INFO: Epoch 01480 | Time(s) 0.0407 | Val Loss 1.1430 | Val Acc 0.5933 | ETputs(KTEPS) 97484.18
2023-10-14 05:15:10,914 - tune.py [line:103] - INFO: Epoch 01500 | Time(s) 0.0407 | Val Loss 1.1353 | Val Acc 0.6096 | ETputs(KTEPS) 97563.73
2023-10-14 05:15:11,619 - tune.py [line:103] - INFO: Epoch 01520 | Time(s) 0.0406 | Val Loss 1.1498 | Val Acc 0.5990 | ETputs(KTEPS) 97737.00
2023-10-14 05:15:12,326 - tune.py [line:103] - INFO: Epoch 01540 | Time(s) 0.0405 | Val Loss 1.1422 | Val Acc 0.5923 | ETputs(KTEPS) 97905.49
2023-10-14 05:15:13,028 - tune.py [line:103] - INFO: Epoch 01560 | Time(s) 0.0404 | Val Loss 1.1393 | Val Acc 0.5942 | ETputs(KTEPS) 98074.47
2023-10-14 05:15:13,827 - tune.py [line:103] - INFO: Epoch 01580 | Time(s) 0.0404 | Val Loss 1.1322 | Val Acc 0.5904 | ETputs(KTEPS) 98092.04
2023-10-14 05:15:14,583 - tune.py [line:103] - INFO: Epoch 01600 | Time(s) 0.0404 | Val Loss 1.1393 | Val Acc 0.5827 | ETputs(KTEPS) 98172.28
2023-10-14 05:15:15,282 - tune.py [line:103] - INFO: Epoch 01620 | Time(s) 0.0403 | Val Loss 1.1564 | Val Acc 0.5904 | ETputs(KTEPS) 98338.29
2023-10-14 05:15:15,976 - tune.py [line:103] - INFO: Epoch 01640 | Time(s) 0.0403 | Val Loss 1.1720 | Val Acc 0.5933 | ETputs(KTEPS) 98507.42
2023-10-14 05:15:16,666 - tune.py [line:103] - INFO: Epoch 01660 | Time(s) 0.0402 | Val Loss 1.1552 | Val Acc 0.5875 | ETputs(KTEPS) 98678.41
2023-10-14 05:15:17,451 - tune.py [line:103] - INFO: Epoch 01680 | Time(s) 0.0402 | Val Loss 1.1309 | Val Acc 0.5913 | ETputs(KTEPS) 98706.99
2023-10-14 05:15:18,275 - tune.py [line:103] - INFO: Epoch 01700 | Time(s) 0.0402 | Val Loss 1.1440 | Val Acc 0.5808 | ETputs(KTEPS) 98679.45
2023-10-14 05:15:19,100 - tune.py [line:103] - INFO: Epoch 01720 | Time(s) 0.0402 | Val Loss 1.1580 | Val Acc 0.5654 | ETputs(KTEPS) 98651.01
2023-10-14 05:15:19,914 - tune.py [line:103] - INFO: Epoch 01740 | Time(s) 0.0402 | Val Loss 1.1607 | Val Acc 0.5712 | ETputs(KTEPS) 98637.94
2023-10-14 05:15:20,727 - tune.py [line:103] - INFO: Epoch 01760 | Time(s) 0.0402 | Val Loss 1.1659 | Val Acc 0.5721 | ETputs(KTEPS) 98626.37
2023-10-14 05:15:21,552 - tune.py [line:103] - INFO: Epoch 01780 | Time(s) 0.0402 | Val Loss 1.1668 | Val Acc 0.5808 | ETputs(KTEPS) 98599.88
2023-10-14 05:15:22,377 - tune.py [line:103] - INFO: Epoch 01800 | Time(s) 0.0402 | Val Loss 1.1371 | Val Acc 0.5904 | ETputs(KTEPS) 98572.83
2023-10-14 05:15:23,202 - tune.py [line:103] - INFO: Epoch 01820 | Time(s) 0.0403 | Val Loss 1.1351 | Val Acc 0.5827 | ETputs(KTEPS) 98546.51
2023-10-14 05:15:23,866 - tune.py [line:117] - INFO: [FINAL MODEL] Val accuracy 61.63% \Val loss: 1.1
2023-10-14 05:15:23,877 - tune.py [line:119] - INFO: [FINAL MODEL] Test accuracy 59.37% \Test loss: 1.2
2023-10-14 05:15:23,878 - tune.py [line:144] - INFO: Acc on the first split (Validation Set): 0.6163
2023-10-14 05:15:23,878 - tune.py [line:145] - INFO: Acc on the first split (Test Set): 0.5937
