2023-10-13 16:05:30,550 - tune.py [line:203] - INFO: Namespace(seed=42, model='GPRGNN', gpu=1, dataset='geom-squirrel', logging=True, log_detail=True, log_detailedCh=False, id_log=1013014505, optuna_n_trials=202, n_epochs=2000, self_loop=False, udgraph=True, early_stop=True, patience=300, n_hidden=64, n_cv=1, start_cv=0, n_layers=20, lr1=0.05, lr2=0.05, wd1=1e-06, wd2=0.001, dropout=0.1, dropout2=0.8, alpha=0.7000000000000001, es_ckpt='woselfloop-geom-squirrel_GPRGNN-geom-squirrel_trialNo192')
2023-10-13 16:05:33,035 - tune.py [line:128] - INFO: Split_seeds:[1824]
2023-10-13 16:05:33,036 - tune.py [line:129] - INFO: Model_seeds:[409]
2023-10-13 16:05:33,584 - tune.py [line:103] - INFO: Epoch 00020 | Time(s) 0.0262 | Val Loss 1.5348 | Val Acc 0.3356 | ETputs(KTEPS) 151611.06
2023-10-13 16:05:34,138 - tune.py [line:103] - INFO: Epoch 00040 | Time(s) 0.0266 | Val Loss 1.5664 | Val Acc 0.3846 | ETputs(KTEPS) 149293.07
2023-10-13 16:05:34,711 - tune.py [line:103] - INFO: Epoch 00060 | Time(s) 0.0270 | Val Loss 1.5770 | Val Acc 0.4452 | ETputs(KTEPS) 147138.86
2023-10-13 16:05:35,270 - tune.py [line:103] - INFO: Epoch 00080 | Time(s) 0.0271 | Val Loss 1.5803 | Val Acc 0.4606 | ETputs(KTEPS) 146628.48
2023-10-13 16:05:35,851 - tune.py [line:103] - INFO: Epoch 00100 | Time(s) 0.0273 | Val Loss 1.5565 | Val Acc 0.4740 | ETputs(KTEPS) 145194.14
2023-10-13 16:05:36,432 - tune.py [line:103] - INFO: Epoch 00120 | Time(s) 0.0276 | Val Loss 1.6143 | Val Acc 0.4913 | ETputs(KTEPS) 143901.37
2023-10-13 16:05:36,959 - tune.py [line:103] - INFO: Epoch 00140 | Time(s) 0.0273 | Val Loss 1.5116 | Val Acc 0.4990 | ETputs(KTEPS) 145212.39
2023-10-13 16:05:37,427 - tune.py [line:103] - INFO: Epoch 00160 | Time(s) 0.0268 | Val Loss 1.5348 | Val Acc 0.5154 | ETputs(KTEPS) 148012.25
2023-10-13 16:05:37,973 - tune.py [line:103] - INFO: Epoch 00180 | Time(s) 0.0268 | Val Loss 1.4902 | Val Acc 0.5106 | ETputs(KTEPS) 147874.65
2023-10-13 16:05:38,512 - tune.py [line:103] - INFO: Epoch 00200 | Time(s) 0.0268 | Val Loss 1.5149 | Val Acc 0.5346 | ETputs(KTEPS) 147964.83
2023-10-13 16:05:39,035 - tune.py [line:103] - INFO: Epoch 00220 | Time(s) 0.0267 | Val Loss 1.5240 | Val Acc 0.5240 | ETputs(KTEPS) 148315.42
2023-10-13 16:05:39,582 - tune.py [line:103] - INFO: Epoch 00240 | Time(s) 0.0268 | Val Loss 1.5135 | Val Acc 0.5413 | ETputs(KTEPS) 148209.44
2023-10-13 16:05:40,127 - tune.py [line:103] - INFO: Epoch 00260 | Time(s) 0.0268 | Val Loss 1.4802 | Val Acc 0.5567 | ETputs(KTEPS) 148142.89
2023-10-13 16:05:40,632 - tune.py [line:103] - INFO: Epoch 00280 | Time(s) 0.0267 | Val Loss 1.5150 | Val Acc 0.5394 | ETputs(KTEPS) 148759.40
2023-10-13 16:05:41,173 - tune.py [line:103] - INFO: Epoch 00300 | Time(s) 0.0267 | Val Loss 1.5121 | Val Acc 0.5452 | ETputs(KTEPS) 148612.51
2023-10-13 16:05:41,729 - tune.py [line:103] - INFO: Epoch 00320 | Time(s) 0.0268 | Val Loss 1.4932 | Val Acc 0.5462 | ETputs(KTEPS) 148248.97
2023-10-13 16:05:42,280 - tune.py [line:103] - INFO: Epoch 00340 | Time(s) 0.0268 | Val Loss 1.5144 | Val Acc 0.5442 | ETputs(KTEPS) 147994.28
2023-10-13 16:05:42,827 - tune.py [line:103] - INFO: Epoch 00360 | Time(s) 0.0268 | Val Loss 1.5037 | Val Acc 0.5462 | ETputs(KTEPS) 147829.66
2023-10-13 16:05:43,378 - tune.py [line:103] - INFO: Epoch 00380 | Time(s) 0.0269 | Val Loss 1.4689 | Val Acc 0.5510 | ETputs(KTEPS) 147632.25
2023-10-13 16:05:43,975 - tune.py [line:103] - INFO: Epoch 00400 | Time(s) 0.0270 | Val Loss 1.5202 | Val Acc 0.5510 | ETputs(KTEPS) 146830.37
2023-10-13 16:05:44,556 - tune.py [line:103] - INFO: Epoch 00420 | Time(s) 0.0271 | Val Loss 1.6037 | Val Acc 0.5433 | ETputs(KTEPS) 146331.53
2023-10-13 16:05:45,106 - tune.py [line:103] - INFO: Epoch 00440 | Time(s) 0.0271 | Val Loss 1.5738 | Val Acc 0.5433 | ETputs(KTEPS) 146246.63
2023-10-13 16:05:45,633 - tune.py [line:103] - INFO: Epoch 00460 | Time(s) 0.0271 | Val Loss 1.5630 | Val Acc 0.5510 | ETputs(KTEPS) 146429.57
2023-10-13 16:05:46,144 - tune.py [line:103] - INFO: Epoch 00480 | Time(s) 0.0270 | Val Loss 1.5326 | Val Acc 0.5548 | ETputs(KTEPS) 146787.46
2023-10-13 16:05:46,648 - tune.py [line:103] - INFO: Epoch 00500 | Time(s) 0.0269 | Val Loss 1.5317 | Val Acc 0.5471 | ETputs(KTEPS) 147212.37
2023-10-13 16:05:47,204 - tune.py [line:103] - INFO: Epoch 00520 | Time(s) 0.0270 | Val Loss 1.5206 | Val Acc 0.5673 | ETputs(KTEPS) 147078.75
2023-10-13 16:05:47,786 - tune.py [line:103] - INFO: Epoch 00540 | Time(s) 0.0271 | Val Loss 1.5466 | Val Acc 0.5510 | ETputs(KTEPS) 146653.01
2023-10-13 16:05:48,382 - tune.py [line:103] - INFO: Epoch 00560 | Time(s) 0.0271 | Val Loss 1.5472 | Val Acc 0.5462 | ETputs(KTEPS) 146132.71
2023-10-13 16:05:48,957 - tune.py [line:103] - INFO: Epoch 00580 | Time(s) 0.0272 | Val Loss 1.5400 | Val Acc 0.5615 | ETputs(KTEPS) 145845.70
2023-10-13 16:05:49,483 - tune.py [line:103] - INFO: Epoch 00600 | Time(s) 0.0272 | Val Loss 1.5291 | Val Acc 0.5529 | ETputs(KTEPS) 146002.78
2023-10-13 16:05:50,064 - tune.py [line:103] - INFO: Epoch 00620 | Time(s) 0.0272 | Val Loss 1.5023 | Val Acc 0.5519 | ETputs(KTEPS) 145688.43
2023-10-13 16:05:50,635 - tune.py [line:103] - INFO: Epoch 00640 | Time(s) 0.0273 | Val Loss 1.5926 | Val Acc 0.5615 | ETputs(KTEPS) 145527.03
2023-10-13 16:05:51,206 - tune.py [line:103] - INFO: Epoch 00660 | Time(s) 0.0273 | Val Loss 1.5867 | Val Acc 0.5558 | ETputs(KTEPS) 145321.88
2023-10-13 16:05:51,807 - tune.py [line:103] - INFO: Epoch 00680 | Time(s) 0.0274 | Val Loss 1.5481 | Val Acc 0.5606 | ETputs(KTEPS) 144893.29
2023-10-13 16:05:52,349 - tune.py [line:103] - INFO: Epoch 00700 | Time(s) 0.0274 | Val Loss 1.5352 | Val Acc 0.5635 | ETputs(KTEPS) 144942.36
2023-10-13 16:05:52,900 - tune.py [line:103] - INFO: Epoch 00720 | Time(s) 0.0274 | Val Loss 1.5841 | Val Acc 0.5606 | ETputs(KTEPS) 144921.18
2023-10-13 16:05:53,467 - tune.py [line:103] - INFO: Epoch 00740 | Time(s) 0.0274 | Val Loss 1.5197 | Val Acc 0.5644 | ETputs(KTEPS) 144785.94
2023-10-13 16:05:54,015 - tune.py [line:103] - INFO: Epoch 00760 | Time(s) 0.0274 | Val Loss 1.6266 | Val Acc 0.5577 | ETputs(KTEPS) 144783.25
2023-10-13 16:05:54,577 - tune.py [line:103] - INFO: Epoch 00780 | Time(s) 0.0274 | Val Loss 1.5839 | Val Acc 0.5606 | ETputs(KTEPS) 144693.12
2023-10-13 16:05:55,121 - tune.py [line:103] - INFO: Epoch 00800 | Time(s) 0.0274 | Val Loss 1.5557 | Val Acc 0.5635 | ETputs(KTEPS) 144724.79
2023-10-13 16:05:55,645 - tune.py [line:103] - INFO: Epoch 00820 | Time(s) 0.0274 | Val Loss 1.5456 | Val Acc 0.5558 | ETputs(KTEPS) 144885.91
2023-10-13 16:05:56,176 - tune.py [line:103] - INFO: Epoch 00840 | Time(s) 0.0274 | Val Loss 1.5678 | Val Acc 0.5635 | ETputs(KTEPS) 144993.18
2023-10-13 16:05:56,733 - tune.py [line:103] - INFO: Epoch 00860 | Time(s) 0.0274 | Val Loss 1.5853 | Val Acc 0.5702 | ETputs(KTEPS) 144948.73
2023-10-13 16:05:57,260 - tune.py [line:103] - INFO: Epoch 00880 | Time(s) 0.0273 | Val Loss 1.5907 | Val Acc 0.5702 | ETputs(KTEPS) 145077.69
2023-10-13 16:05:57,797 - tune.py [line:103] - INFO: Epoch 00900 | Time(s) 0.0273 | Val Loss 1.6275 | Val Acc 0.5625 | ETputs(KTEPS) 145135.65
2023-10-13 16:05:58,342 - tune.py [line:103] - INFO: Epoch 00920 | Time(s) 0.0273 | Val Loss 1.5324 | Val Acc 0.5712 | ETputs(KTEPS) 145148.81
2023-10-13 16:05:58,914 - tune.py [line:103] - INFO: Epoch 00940 | Time(s) 0.0274 | Val Loss 1.5881 | Val Acc 0.5702 | ETputs(KTEPS) 145010.64
2023-10-13 16:05:59,469 - tune.py [line:103] - INFO: Epoch 00960 | Time(s) 0.0274 | Val Loss 1.5484 | Val Acc 0.5577 | ETputs(KTEPS) 144968.73
2023-10-13 16:06:00,078 - tune.py [line:103] - INFO: Epoch 00980 | Time(s) 0.0274 | Val Loss 1.5558 | Val Acc 0.5596 | ETputs(KTEPS) 144637.13
2023-10-13 16:06:00,665 - tune.py [line:103] - INFO: Epoch 01000 | Time(s) 0.0275 | Val Loss 1.5638 | Val Acc 0.5606 | ETputs(KTEPS) 144437.53
2023-10-13 16:06:01,243 - tune.py [line:103] - INFO: Epoch 01020 | Time(s) 0.0275 | Val Loss 1.5605 | Val Acc 0.5673 | ETputs(KTEPS) 144292.17
2023-10-13 16:06:01,854 - tune.py [line:103] - INFO: Epoch 01040 | Time(s) 0.0276 | Val Loss 1.5359 | Val Acc 0.5538 | ETputs(KTEPS) 143989.37
2023-10-13 16:06:02,418 - tune.py [line:103] - INFO: Epoch 01060 | Time(s) 0.0276 | Val Loss 1.5694 | Val Acc 0.5490 | ETputs(KTEPS) 143928.15
2023-10-13 16:06:02,930 - tune.py [line:103] - INFO: Epoch 01080 | Time(s) 0.0275 | Val Loss 1.6049 | Val Acc 0.5587 | ETputs(KTEPS) 144121.56
2023-10-13 16:06:03,450 - tune.py [line:103] - INFO: Epoch 01100 | Time(s) 0.0275 | Val Loss 1.5439 | Val Acc 0.5644 | ETputs(KTEPS) 144265.98
2023-10-13 16:06:03,983 - tune.py [line:103] - INFO: Epoch 01120 | Time(s) 0.0275 | Val Loss 1.5420 | Val Acc 0.5702 | ETputs(KTEPS) 144351.67
2023-10-13 16:06:04,505 - tune.py [line:103] - INFO: Epoch 01140 | Time(s) 0.0275 | Val Loss 1.6348 | Val Acc 0.5702 | ETputs(KTEPS) 144480.83
2023-10-13 16:06:04,669 - tune.py [line:117] - INFO: [FINAL MODEL] Val accuracy 57.98% \Val loss: 1.5
2023-10-13 16:06:04,674 - tune.py [line:119] - INFO: [FINAL MODEL] Test accuracy 56.58% \Test loss: 1.6
2023-10-13 16:06:04,674 - tune.py [line:144] - INFO: Acc on the first split (Validation Set): 0.5798
2023-10-13 16:06:04,674 - tune.py [line:145] - INFO: Acc on the first split (Test Set): 0.5658
