2023-10-13 15:55:33,672 - tune.py [line:203] - INFO: Namespace(seed=42, model='GPRGNN', gpu=1, dataset='geom-squirrel', logging=True, log_detail=True, log_detailedCh=False, id_log=1013014505, optuna_n_trials=202, n_epochs=2000, self_loop=False, udgraph=True, early_stop=True, patience=300, n_hidden=64, n_cv=1, start_cv=0, n_layers=16, lr1=0.05, lr2=0.05, wd1=1e-06, wd2=1e-06, dropout=0.1, dropout2=0.8, alpha=0.5, es_ckpt='woselfloop-geom-squirrel_GPRGNN-geom-squirrel_trialNo64')
2023-10-13 15:55:36,469 - tune.py [line:128] - INFO: Split_seeds:[1824]
2023-10-13 15:55:36,470 - tune.py [line:129] - INFO: Model_seeds:[409]
2023-10-13 15:55:36,995 - tune.py [line:103] - INFO: Epoch 00020 | Time(s) 0.0253 | Val Loss 1.5257 | Val Acc 0.3375 | ETputs(KTEPS) 156671.66
2023-10-13 15:55:37,489 - tune.py [line:103] - INFO: Epoch 00040 | Time(s) 0.0245 | Val Loss 1.5830 | Val Acc 0.3750 | ETputs(KTEPS) 161626.42
2023-10-13 15:55:37,975 - tune.py [line:103] - INFO: Epoch 00060 | Time(s) 0.0241 | Val Loss 1.6185 | Val Acc 0.4375 | ETputs(KTEPS) 164508.58
2023-10-13 15:55:38,405 - tune.py [line:103] - INFO: Epoch 00080 | Time(s) 0.0233 | Val Loss 1.6283 | Val Acc 0.4452 | ETputs(KTEPS) 169974.45
2023-10-13 15:55:38,937 - tune.py [line:103] - INFO: Epoch 00100 | Time(s) 0.0239 | Val Loss 1.6066 | Val Acc 0.4625 | ETputs(KTEPS) 165951.80
2023-10-13 15:55:39,409 - tune.py [line:103] - INFO: Epoch 00120 | Time(s) 0.0238 | Val Loss 1.6713 | Val Acc 0.4731 | ETputs(KTEPS) 166430.87
2023-10-13 15:55:39,918 - tune.py [line:103] - INFO: Epoch 00140 | Time(s) 0.0240 | Val Loss 1.5441 | Val Acc 0.4894 | ETputs(KTEPS) 165216.84
2023-10-13 15:55:40,385 - tune.py [line:103] - INFO: Epoch 00160 | Time(s) 0.0239 | Val Loss 1.5313 | Val Acc 0.5125 | ETputs(KTEPS) 165972.70
2023-10-13 15:55:40,880 - tune.py [line:103] - INFO: Epoch 00180 | Time(s) 0.0240 | Val Loss 1.5368 | Val Acc 0.5212 | ETputs(KTEPS) 165408.47
2023-10-13 15:55:41,330 - tune.py [line:103] - INFO: Epoch 00200 | Time(s) 0.0238 | Val Loss 1.5855 | Val Acc 0.5202 | ETputs(KTEPS) 166578.88
2023-10-13 15:55:41,819 - tune.py [line:103] - INFO: Epoch 00220 | Time(s) 0.0239 | Val Loss 1.5246 | Val Acc 0.5221 | ETputs(KTEPS) 166182.56
2023-10-13 15:55:42,313 - tune.py [line:103] - INFO: Epoch 00240 | Time(s) 0.0239 | Val Loss 1.5176 | Val Acc 0.5288 | ETputs(KTEPS) 165864.84
2023-10-13 15:55:42,790 - tune.py [line:103] - INFO: Epoch 00260 | Time(s) 0.0239 | Val Loss 1.4960 | Val Acc 0.5317 | ETputs(KTEPS) 166064.88
2023-10-13 15:55:43,273 - tune.py [line:103] - INFO: Epoch 00280 | Time(s) 0.0239 | Val Loss 1.5318 | Val Acc 0.5288 | ETputs(KTEPS) 165937.43
2023-10-13 15:55:43,764 - tune.py [line:103] - INFO: Epoch 00300 | Time(s) 0.0239 | Val Loss 1.5636 | Val Acc 0.5327 | ETputs(KTEPS) 165692.97
2023-10-13 15:55:44,210 - tune.py [line:103] - INFO: Epoch 00320 | Time(s) 0.0238 | Val Loss 1.5034 | Val Acc 0.5394 | ETputs(KTEPS) 166460.69
2023-10-13 15:55:44,670 - tune.py [line:103] - INFO: Epoch 00340 | Time(s) 0.0238 | Val Loss 1.5040 | Val Acc 0.5462 | ETputs(KTEPS) 166804.48
2023-10-13 15:55:45,118 - tune.py [line:103] - INFO: Epoch 00360 | Time(s) 0.0237 | Val Loss 1.5423 | Val Acc 0.5452 | ETputs(KTEPS) 167400.76
2023-10-13 15:55:45,462 - tune.py [line:103] - INFO: Epoch 00380 | Time(s) 0.0234 | Val Loss 1.5079 | Val Acc 0.5452 | ETputs(KTEPS) 169851.49
2023-10-13 15:55:45,938 - tune.py [line:103] - INFO: Epoch 00400 | Time(s) 0.0234 | Val Loss 1.5483 | Val Acc 0.5394 | ETputs(KTEPS) 169711.05
2023-10-13 15:55:46,404 - tune.py [line:103] - INFO: Epoch 00420 | Time(s) 0.0234 | Val Loss 1.5770 | Val Acc 0.5413 | ETputs(KTEPS) 169777.59
2023-10-13 15:55:46,965 - tune.py [line:103] - INFO: Epoch 00440 | Time(s) 0.0236 | Val Loss 1.5672 | Val Acc 0.5423 | ETputs(KTEPS) 168250.13
2023-10-13 15:55:47,467 - tune.py [line:103] - INFO: Epoch 00460 | Time(s) 0.0236 | Val Loss 1.5107 | Val Acc 0.5404 | ETputs(KTEPS) 167782.20
2023-10-13 15:55:47,953 - tune.py [line:103] - INFO: Epoch 00480 | Time(s) 0.0237 | Val Loss 1.5491 | Val Acc 0.5413 | ETputs(KTEPS) 167602.29
2023-10-13 15:55:48,429 - tune.py [line:103] - INFO: Epoch 00500 | Time(s) 0.0237 | Val Loss 1.5202 | Val Acc 0.5490 | ETputs(KTEPS) 167625.72
2023-10-13 15:55:48,893 - tune.py [line:103] - INFO: Epoch 00520 | Time(s) 0.0236 | Val Loss 1.5318 | Val Acc 0.5500 | ETputs(KTEPS) 167757.08
2023-10-13 15:55:49,385 - tune.py [line:103] - INFO: Epoch 00540 | Time(s) 0.0237 | Val Loss 1.5316 | Val Acc 0.5490 | ETputs(KTEPS) 167520.57
2023-10-13 15:55:49,851 - tune.py [line:103] - INFO: Epoch 00560 | Time(s) 0.0237 | Val Loss 1.4757 | Val Acc 0.5596 | ETputs(KTEPS) 167623.28
2023-10-13 15:55:50,304 - tune.py [line:103] - INFO: Epoch 00580 | Time(s) 0.0236 | Val Loss 1.5701 | Val Acc 0.5673 | ETputs(KTEPS) 167925.49
2023-10-13 15:55:50,777 - tune.py [line:103] - INFO: Epoch 00600 | Time(s) 0.0236 | Val Loss 1.5602 | Val Acc 0.5606 | ETputs(KTEPS) 167947.71
2023-10-13 15:55:51,301 - tune.py [line:103] - INFO: Epoch 00620 | Time(s) 0.0237 | Val Loss 1.5845 | Val Acc 0.5615 | ETputs(KTEPS) 167360.96
2023-10-13 15:55:51,831 - tune.py [line:103] - INFO: Epoch 00640 | Time(s) 0.0238 | Val Loss 1.5360 | Val Acc 0.5558 | ETputs(KTEPS) 166802.81
2023-10-13 15:55:52,338 - tune.py [line:103] - INFO: Epoch 00660 | Time(s) 0.0238 | Val Loss 1.5438 | Val Acc 0.5596 | ETputs(KTEPS) 166479.35
2023-10-13 15:55:52,824 - tune.py [line:103] - INFO: Epoch 00680 | Time(s) 0.0238 | Val Loss 1.5376 | Val Acc 0.5538 | ETputs(KTEPS) 166381.19
2023-10-13 15:55:53,315 - tune.py [line:103] - INFO: Epoch 00700 | Time(s) 0.0239 | Val Loss 1.5285 | Val Acc 0.5625 | ETputs(KTEPS) 166250.38
2023-10-13 15:55:53,772 - tune.py [line:103] - INFO: Epoch 00720 | Time(s) 0.0238 | Val Loss 1.5034 | Val Acc 0.5625 | ETputs(KTEPS) 166444.57
2023-10-13 15:55:54,243 - tune.py [line:103] - INFO: Epoch 00740 | Time(s) 0.0238 | Val Loss 1.5782 | Val Acc 0.5587 | ETputs(KTEPS) 166502.38
2023-10-13 15:55:54,739 - tune.py [line:103] - INFO: Epoch 00760 | Time(s) 0.0238 | Val Loss 1.5437 | Val Acc 0.5702 | ETputs(KTEPS) 166390.60
2023-10-13 15:55:55,236 - tune.py [line:103] - INFO: Epoch 00780 | Time(s) 0.0239 | Val Loss 1.5865 | Val Acc 0.5654 | ETputs(KTEPS) 166210.65
2023-10-13 15:55:55,703 - tune.py [line:103] - INFO: Epoch 00800 | Time(s) 0.0239 | Val Loss 1.5480 | Val Acc 0.5712 | ETputs(KTEPS) 166304.43
2023-10-13 15:55:56,243 - tune.py [line:103] - INFO: Epoch 00820 | Time(s) 0.0239 | Val Loss 1.5305 | Val Acc 0.5683 | ETputs(KTEPS) 165776.30
2023-10-13 15:55:56,774 - tune.py [line:103] - INFO: Epoch 00840 | Time(s) 0.0240 | Val Loss 1.4931 | Val Acc 0.5644 | ETputs(KTEPS) 165371.64
2023-10-13 15:55:57,290 - tune.py [line:103] - INFO: Epoch 00860 | Time(s) 0.0240 | Val Loss 1.6067 | Val Acc 0.5635 | ETputs(KTEPS) 165102.15
2023-10-13 15:55:57,814 - tune.py [line:103] - INFO: Epoch 00880 | Time(s) 0.0241 | Val Loss 1.5088 | Val Acc 0.5635 | ETputs(KTEPS) 164764.44
2023-10-13 15:55:58,274 - tune.py [line:103] - INFO: Epoch 00900 | Time(s) 0.0241 | Val Loss 1.5974 | Val Acc 0.5654 | ETputs(KTEPS) 164937.21
2023-10-13 15:55:58,747 - tune.py [line:103] - INFO: Epoch 00920 | Time(s) 0.0240 | Val Loss 1.5836 | Val Acc 0.5625 | ETputs(KTEPS) 165000.57
2023-10-13 15:55:59,333 - tune.py [line:103] - INFO: Epoch 00940 | Time(s) 0.0242 | Val Loss 1.5620 | Val Acc 0.5596 | ETputs(KTEPS) 164238.66
2023-10-13 15:55:59,820 - tune.py [line:103] - INFO: Epoch 00960 | Time(s) 0.0242 | Val Loss 1.6018 | Val Acc 0.5606 | ETputs(KTEPS) 164216.02
2023-10-13 15:56:00,284 - tune.py [line:103] - INFO: Epoch 00980 | Time(s) 0.0241 | Val Loss 1.4920 | Val Acc 0.5615 | ETputs(KTEPS) 164356.03
2023-10-13 15:56:00,735 - tune.py [line:103] - INFO: Epoch 01000 | Time(s) 0.0241 | Val Loss 1.5455 | Val Acc 0.5673 | ETputs(KTEPS) 164574.39
2023-10-13 15:56:01,185 - tune.py [line:103] - INFO: Epoch 01020 | Time(s) 0.0241 | Val Loss 1.5693 | Val Acc 0.5644 | ETputs(KTEPS) 164791.74
2023-10-13 15:56:01,717 - tune.py [line:103] - INFO: Epoch 01040 | Time(s) 0.0241 | Val Loss 1.5659 | Val Acc 0.5692 | ETputs(KTEPS) 164464.61
2023-10-13 15:56:02,188 - tune.py [line:103] - INFO: Epoch 01060 | Time(s) 0.0241 | Val Loss 1.5001 | Val Acc 0.5683 | ETputs(KTEPS) 164539.97
2023-10-13 15:56:02,662 - tune.py [line:103] - INFO: Epoch 01080 | Time(s) 0.0241 | Val Loss 1.5774 | Val Acc 0.5663 | ETputs(KTEPS) 164599.53
2023-10-13 15:56:03,141 - tune.py [line:103] - INFO: Epoch 01100 | Time(s) 0.0241 | Val Loss 1.5058 | Val Acc 0.5721 | ETputs(KTEPS) 164619.50
2023-10-13 15:56:03,600 - tune.py [line:103] - INFO: Epoch 01120 | Time(s) 0.0241 | Val Loss 1.5009 | Val Acc 0.5731 | ETputs(KTEPS) 164782.24
2023-10-13 15:56:04,109 - tune.py [line:103] - INFO: Epoch 01140 | Time(s) 0.0241 | Val Loss 1.5975 | Val Acc 0.5779 | ETputs(KTEPS) 164619.80
2023-10-13 15:56:04,593 - tune.py [line:103] - INFO: Epoch 01160 | Time(s) 0.0241 | Val Loss 1.5533 | Val Acc 0.5721 | ETputs(KTEPS) 164607.35
2023-10-13 15:56:05,077 - tune.py [line:103] - INFO: Epoch 01180 | Time(s) 0.0241 | Val Loss 1.5689 | Val Acc 0.5837 | ETputs(KTEPS) 164614.37
2023-10-13 15:56:05,586 - tune.py [line:103] - INFO: Epoch 01200 | Time(s) 0.0241 | Val Loss 1.5509 | Val Acc 0.5769 | ETputs(KTEPS) 164460.75
2023-10-13 15:56:06,008 - tune.py [line:103] - INFO: Epoch 01220 | Time(s) 0.0241 | Val Loss 1.5178 | Val Acc 0.5827 | ETputs(KTEPS) 164806.06
2023-10-13 15:56:06,488 - tune.py [line:103] - INFO: Epoch 01240 | Time(s) 0.0241 | Val Loss 1.5784 | Val Acc 0.5760 | ETputs(KTEPS) 164846.69
2023-10-13 15:56:06,953 - tune.py [line:103] - INFO: Epoch 01260 | Time(s) 0.0241 | Val Loss 1.5130 | Val Acc 0.5702 | ETputs(KTEPS) 164941.24
2023-10-13 15:56:07,364 - tune.py [line:103] - INFO: Epoch 01280 | Time(s) 0.0240 | Val Loss 1.4708 | Val Acc 0.5827 | ETputs(KTEPS) 165319.11
2023-10-13 15:56:07,774 - tune.py [line:103] - INFO: Epoch 01300 | Time(s) 0.0239 | Val Loss 1.5140 | Val Acc 0.5846 | ETputs(KTEPS) 165702.07
2023-10-13 15:56:08,222 - tune.py [line:103] - INFO: Epoch 01320 | Time(s) 0.0239 | Val Loss 1.5768 | Val Acc 0.5827 | ETputs(KTEPS) 165866.60
2023-10-13 15:56:08,720 - tune.py [line:103] - INFO: Epoch 01340 | Time(s) 0.0239 | Val Loss 1.5760 | Val Acc 0.5808 | ETputs(KTEPS) 165767.05
2023-10-13 15:56:09,235 - tune.py [line:103] - INFO: Epoch 01360 | Time(s) 0.0240 | Val Loss 1.6104 | Val Acc 0.5808 | ETputs(KTEPS) 165585.86
2023-10-13 15:56:09,699 - tune.py [line:103] - INFO: Epoch 01380 | Time(s) 0.0239 | Val Loss 1.5484 | Val Acc 0.5712 | ETputs(KTEPS) 165664.52
2023-10-13 15:56:10,164 - tune.py [line:103] - INFO: Epoch 01400 | Time(s) 0.0239 | Val Loss 1.5701 | Val Acc 0.5788 | ETputs(KTEPS) 165739.97
2023-10-13 15:56:10,632 - tune.py [line:103] - INFO: Epoch 01420 | Time(s) 0.0239 | Val Loss 1.5745 | Val Acc 0.5885 | ETputs(KTEPS) 165792.06
2023-10-13 15:56:11,101 - tune.py [line:103] - INFO: Epoch 01440 | Time(s) 0.0239 | Val Loss 1.5049 | Val Acc 0.5779 | ETputs(KTEPS) 165840.78
2023-10-13 15:56:11,586 - tune.py [line:103] - INFO: Epoch 01460 | Time(s) 0.0239 | Val Loss 1.5931 | Val Acc 0.5692 | ETputs(KTEPS) 165811.42
2023-10-13 15:56:12,085 - tune.py [line:103] - INFO: Epoch 01480 | Time(s) 0.0239 | Val Loss 1.6544 | Val Acc 0.5683 | ETputs(KTEPS) 165720.92
2023-10-13 15:56:12,538 - tune.py [line:103] - INFO: Epoch 01500 | Time(s) 0.0239 | Val Loss 1.5578 | Val Acc 0.5788 | ETputs(KTEPS) 165843.64
2023-10-13 15:56:12,935 - tune.py [line:103] - INFO: Epoch 01520 | Time(s) 0.0239 | Val Loss 1.5733 | Val Acc 0.5798 | ETputs(KTEPS) 166217.86
2023-10-13 15:56:13,390 - tune.py [line:103] - INFO: Epoch 01540 | Time(s) 0.0239 | Val Loss 1.5292 | Val Acc 0.5721 | ETputs(KTEPS) 166321.47
2023-10-13 15:56:13,837 - tune.py [line:103] - INFO: Epoch 01560 | Time(s) 0.0238 | Val Loss 1.6878 | Val Acc 0.5788 | ETputs(KTEPS) 166457.94
2023-10-13 15:56:14,327 - tune.py [line:103] - INFO: Epoch 01580 | Time(s) 0.0238 | Val Loss 1.5664 | Val Acc 0.5837 | ETputs(KTEPS) 166402.61
2023-10-13 15:56:14,383 - tune.py [line:117] - INFO: [FINAL MODEL] Val accuracy 59.71% \Val loss: 1.5
2023-10-13 15:56:14,387 - tune.py [line:119] - INFO: [FINAL MODEL] Test accuracy 58.98% \Test loss: 1.5
2023-10-13 15:56:14,387 - tune.py [line:144] - INFO: Acc on the first split (Validation Set): 0.5971
2023-10-13 15:56:14,388 - tune.py [line:145] - INFO: Acc on the first split (Test Set): 0.5898
