2023-10-13 15:47:42,512 - tune.py [line:203] - INFO: Namespace(seed=42, model='GPRGNN', gpu=1, dataset='geom-squirrel', logging=True, log_detail=True, log_detailedCh=False, id_log=1013014505, optuna_n_trials=202, n_epochs=2000, self_loop=False, udgraph=True, early_stop=True, patience=300, n_hidden=64, n_cv=1, start_cv=0, n_layers=16, lr1=0.05, lr2=0.05, wd1=1e-08, wd2=0.001, dropout=0.0, dropout2=0.9, alpha=0.9, es_ckpt='woselfloop-geom-squirrel_GPRGNN-geom-squirrel_trialNo11')
2023-10-13 15:47:45,198 - tune.py [line:128] - INFO: Split_seeds:[1824]
2023-10-13 15:47:45,198 - tune.py [line:129] - INFO: Model_seeds:[409]
2023-10-13 15:47:45,673 - tune.py [line:103] - INFO: Epoch 00020 | Time(s) 0.0226 | Val Loss 1.5620 | Val Acc 0.3173 | ETputs(KTEPS) 175319.67
2023-10-13 15:47:46,258 - tune.py [line:103] - INFO: Epoch 00040 | Time(s) 0.0252 | Val Loss 1.4611 | Val Acc 0.3817 | ETputs(KTEPS) 157361.88
2023-10-13 15:47:46,788 - tune.py [line:103] - INFO: Epoch 00060 | Time(s) 0.0254 | Val Loss 1.4240 | Val Acc 0.4096 | ETputs(KTEPS) 156429.00
2023-10-13 15:47:47,269 - tune.py [line:103] - INFO: Epoch 00080 | Time(s) 0.0249 | Val Loss 1.4001 | Val Acc 0.4356 | ETputs(KTEPS) 159527.69
2023-10-13 15:47:47,774 - tune.py [line:103] - INFO: Epoch 00100 | Time(s) 0.0249 | Val Loss 1.3820 | Val Acc 0.4702 | ETputs(KTEPS) 159556.47
2023-10-13 15:47:48,264 - tune.py [line:103] - INFO: Epoch 00120 | Time(s) 0.0248 | Val Loss 1.4026 | Val Acc 0.4683 | ETputs(KTEPS) 160260.16
2023-10-13 15:47:48,761 - tune.py [line:103] - INFO: Epoch 00140 | Time(s) 0.0248 | Val Loss 1.4091 | Val Acc 0.4760 | ETputs(KTEPS) 160172.22
2023-10-13 15:47:49,273 - tune.py [line:103] - INFO: Epoch 00160 | Time(s) 0.0248 | Val Loss 1.4193 | Val Acc 0.5000 | ETputs(KTEPS) 160022.77
2023-10-13 15:47:49,733 - tune.py [line:103] - INFO: Epoch 00180 | Time(s) 0.0246 | Val Loss 1.3946 | Val Acc 0.4962 | ETputs(KTEPS) 161379.86
2023-10-13 15:47:50,214 - tune.py [line:103] - INFO: Epoch 00200 | Time(s) 0.0245 | Val Loss 1.3672 | Val Acc 0.5125 | ETputs(KTEPS) 161906.81
2023-10-13 15:47:50,712 - tune.py [line:103] - INFO: Epoch 00220 | Time(s) 0.0245 | Val Loss 1.4687 | Val Acc 0.5125 | ETputs(KTEPS) 161870.79
2023-10-13 15:47:51,144 - tune.py [line:103] - INFO: Epoch 00240 | Time(s) 0.0243 | Val Loss 1.4377 | Val Acc 0.5231 | ETputs(KTEPS) 163475.23
2023-10-13 15:47:51,648 - tune.py [line:103] - INFO: Epoch 00260 | Time(s) 0.0243 | Val Loss 1.4127 | Val Acc 0.5317 | ETputs(KTEPS) 163107.68
2023-10-13 15:47:52,147 - tune.py [line:103] - INFO: Epoch 00280 | Time(s) 0.0244 | Val Loss 1.4121 | Val Acc 0.5317 | ETputs(KTEPS) 162896.48
2023-10-13 15:47:52,633 - tune.py [line:103] - INFO: Epoch 00300 | Time(s) 0.0243 | Val Loss 1.4103 | Val Acc 0.5308 | ETputs(KTEPS) 162927.32
2023-10-13 15:47:53,155 - tune.py [line:103] - INFO: Epoch 00320 | Time(s) 0.0245 | Val Loss 1.3765 | Val Acc 0.5327 | ETputs(KTEPS) 162245.34
2023-10-13 15:47:53,660 - tune.py [line:103] - INFO: Epoch 00340 | Time(s) 0.0245 | Val Loss 1.3555 | Val Acc 0.5548 | ETputs(KTEPS) 162167.04
2023-10-13 15:47:54,011 - tune.py [line:103] - INFO: Epoch 00360 | Time(s) 0.0241 | Val Loss 1.3564 | Val Acc 0.5423 | ETputs(KTEPS) 164759.90
2023-10-13 15:47:54,378 - tune.py [line:103] - INFO: Epoch 00380 | Time(s) 0.0238 | Val Loss 1.3937 | Val Acc 0.5346 | ETputs(KTEPS) 166868.28
2023-10-13 15:47:54,839 - tune.py [line:103] - INFO: Epoch 00400 | Time(s) 0.0237 | Val Loss 1.4614 | Val Acc 0.5404 | ETputs(KTEPS) 167129.60
2023-10-13 15:47:55,297 - tune.py [line:103] - INFO: Epoch 00420 | Time(s) 0.0237 | Val Loss 1.4555 | Val Acc 0.5471 | ETputs(KTEPS) 167500.28
2023-10-13 15:47:55,772 - tune.py [line:103] - INFO: Epoch 00440 | Time(s) 0.0237 | Val Loss 1.4401 | Val Acc 0.5510 | ETputs(KTEPS) 167478.17
2023-10-13 15:47:56,234 - tune.py [line:103] - INFO: Epoch 00460 | Time(s) 0.0237 | Val Loss 1.4005 | Val Acc 0.5519 | ETputs(KTEPS) 167675.23
2023-10-13 15:47:56,681 - tune.py [line:103] - INFO: Epoch 00480 | Time(s) 0.0236 | Val Loss 1.4005 | Val Acc 0.5567 | ETputs(KTEPS) 168093.50
2023-10-13 15:47:57,128 - tune.py [line:103] - INFO: Epoch 00500 | Time(s) 0.0235 | Val Loss 1.3874 | Val Acc 0.5510 | ETputs(KTEPS) 168475.14
2023-10-13 15:47:57,586 - tune.py [line:103] - INFO: Epoch 00520 | Time(s) 0.0235 | Val Loss 1.4693 | Val Acc 0.5577 | ETputs(KTEPS) 168660.41
2023-10-13 15:47:58,037 - tune.py [line:103] - INFO: Epoch 00540 | Time(s) 0.0235 | Val Loss 1.4609 | Val Acc 0.5587 | ETputs(KTEPS) 168929.83
2023-10-13 15:47:58,498 - tune.py [line:103] - INFO: Epoch 00560 | Time(s) 0.0235 | Val Loss 1.4263 | Val Acc 0.5558 | ETputs(KTEPS) 169040.96
2023-10-13 15:47:58,969 - tune.py [line:103] - INFO: Epoch 00580 | Time(s) 0.0235 | Val Loss 1.4798 | Val Acc 0.5644 | ETputs(KTEPS) 169025.87
2023-10-13 15:47:59,414 - tune.py [line:103] - INFO: Epoch 00600 | Time(s) 0.0234 | Val Loss 1.4632 | Val Acc 0.5519 | ETputs(KTEPS) 169333.59
2023-10-13 15:47:59,874 - tune.py [line:103] - INFO: Epoch 00620 | Time(s) 0.0234 | Val Loss 1.4966 | Val Acc 0.5462 | ETputs(KTEPS) 169431.54
2023-10-13 15:48:00,333 - tune.py [line:103] - INFO: Epoch 00640 | Time(s) 0.0234 | Val Loss 1.4349 | Val Acc 0.5538 | ETputs(KTEPS) 169547.60
2023-10-13 15:48:00,852 - tune.py [line:103] - INFO: Epoch 00660 | Time(s) 0.0235 | Val Loss 1.5216 | Val Acc 0.5538 | ETputs(KTEPS) 168993.04
2023-10-13 15:48:01,371 - tune.py [line:103] - INFO: Epoch 00680 | Time(s) 0.0235 | Val Loss 1.4436 | Val Acc 0.5596 | ETputs(KTEPS) 168478.64
2023-10-13 15:48:01,913 - tune.py [line:103] - INFO: Epoch 00700 | Time(s) 0.0236 | Val Loss 1.5695 | Val Acc 0.5644 | ETputs(KTEPS) 167801.30
2023-10-13 15:48:02,415 - tune.py [line:103] - INFO: Epoch 00720 | Time(s) 0.0237 | Val Loss 1.4899 | Val Acc 0.5644 | ETputs(KTEPS) 167521.89
2023-10-13 15:48:02,872 - tune.py [line:103] - INFO: Epoch 00740 | Time(s) 0.0237 | Val Loss 1.5121 | Val Acc 0.5635 | ETputs(KTEPS) 167687.23
2023-10-13 15:48:03,355 - tune.py [line:103] - INFO: Epoch 00760 | Time(s) 0.0237 | Val Loss 1.6669 | Val Acc 0.5538 | ETputs(KTEPS) 167604.86
2023-10-13 15:48:03,887 - tune.py [line:103] - INFO: Epoch 00780 | Time(s) 0.0237 | Val Loss 1.4189 | Val Acc 0.5529 | ETputs(KTEPS) 167077.32
2023-10-13 15:48:04,389 - tune.py [line:103] - INFO: Epoch 00800 | Time(s) 0.0238 | Val Loss 1.5290 | Val Acc 0.5567 | ETputs(KTEPS) 166839.99
2023-10-13 15:48:04,860 - tune.py [line:103] - INFO: Epoch 00820 | Time(s) 0.0238 | Val Loss 1.5120 | Val Acc 0.5673 | ETputs(KTEPS) 166887.20
2023-10-13 15:48:05,315 - tune.py [line:103] - INFO: Epoch 00840 | Time(s) 0.0237 | Val Loss 1.4966 | Val Acc 0.5625 | ETputs(KTEPS) 167088.36
2023-10-13 15:48:05,859 - tune.py [line:103] - INFO: Epoch 00860 | Time(s) 0.0238 | Val Loss 1.5220 | Val Acc 0.5577 | ETputs(KTEPS) 166528.68
2023-10-13 15:48:06,320 - tune.py [line:103] - INFO: Epoch 00880 | Time(s) 0.0238 | Val Loss 1.6622 | Val Acc 0.5673 | ETputs(KTEPS) 166661.18
2023-10-13 15:48:06,804 - tune.py [line:103] - INFO: Epoch 00900 | Time(s) 0.0238 | Val Loss 1.6300 | Val Acc 0.5673 | ETputs(KTEPS) 166642.35
2023-10-13 15:48:07,308 - tune.py [line:103] - INFO: Epoch 00920 | Time(s) 0.0238 | Val Loss 1.6654 | Val Acc 0.5692 | ETputs(KTEPS) 166434.38
2023-10-13 15:48:07,833 - tune.py [line:103] - INFO: Epoch 00940 | Time(s) 0.0239 | Val Loss 1.5167 | Val Acc 0.5769 | ETputs(KTEPS) 166113.53
2023-10-13 15:48:08,357 - tune.py [line:103] - INFO: Epoch 00960 | Time(s) 0.0239 | Val Loss 1.7637 | Val Acc 0.5654 | ETputs(KTEPS) 165782.85
2023-10-13 15:48:08,847 - tune.py [line:103] - INFO: Epoch 00980 | Time(s) 0.0239 | Val Loss 1.6910 | Val Acc 0.5673 | ETputs(KTEPS) 165704.25
2023-10-13 15:48:09,375 - tune.py [line:103] - INFO: Epoch 01000 | Time(s) 0.0240 | Val Loss 1.5658 | Val Acc 0.5635 | ETputs(KTEPS) 165366.22
2023-10-13 15:48:09,885 - tune.py [line:103] - INFO: Epoch 01020 | Time(s) 0.0240 | Val Loss 1.4521 | Val Acc 0.5654 | ETputs(KTEPS) 165168.20
2023-10-13 15:48:10,275 - tune.py [line:103] - INFO: Epoch 01040 | Time(s) 0.0239 | Val Loss 1.6323 | Val Acc 0.5692 | ETputs(KTEPS) 165772.26
2023-10-13 15:48:10,686 - tune.py [line:103] - INFO: Epoch 01060 | Time(s) 0.0239 | Val Loss 1.5831 | Val Acc 0.5625 | ETputs(KTEPS) 166221.29
2023-10-13 15:48:11,152 - tune.py [line:103] - INFO: Epoch 01080 | Time(s) 0.0239 | Val Loss 1.6313 | Val Acc 0.5750 | ETputs(KTEPS) 166294.69
2023-10-13 15:48:11,624 - tune.py [line:103] - INFO: Epoch 01100 | Time(s) 0.0239 | Val Loss 1.7731 | Val Acc 0.5712 | ETputs(KTEPS) 166330.26
2023-10-13 15:48:12,099 - tune.py [line:103] - INFO: Epoch 01120 | Time(s) 0.0238 | Val Loss 1.5863 | Val Acc 0.5625 | ETputs(KTEPS) 166348.33
2023-10-13 15:48:12,550 - tune.py [line:103] - INFO: Epoch 01140 | Time(s) 0.0238 | Val Loss 1.6548 | Val Acc 0.5692 | ETputs(KTEPS) 166510.27
2023-10-13 15:48:13,016 - tune.py [line:103] - INFO: Epoch 01160 | Time(s) 0.0238 | Val Loss 1.6488 | Val Acc 0.5692 | ETputs(KTEPS) 166578.85
2023-10-13 15:48:13,475 - tune.py [line:103] - INFO: Epoch 01180 | Time(s) 0.0238 | Val Loss 1.5715 | Val Acc 0.5721 | ETputs(KTEPS) 166685.18
2023-10-13 15:48:13,962 - tune.py [line:103] - INFO: Epoch 01200 | Time(s) 0.0238 | Val Loss 1.6657 | Val Acc 0.5740 | ETputs(KTEPS) 166621.73
2023-10-13 15:48:14,510 - tune.py [line:103] - INFO: Epoch 01220 | Time(s) 0.0239 | Val Loss 1.5902 | Val Acc 0.5731 | ETputs(KTEPS) 166217.29
2023-10-13 15:48:14,836 - tune.py [line:117] - INFO: [FINAL MODEL] Val accuracy 58.08% \Val loss: 1.5
2023-10-13 15:48:14,840 - tune.py [line:119] - INFO: [FINAL MODEL] Test accuracy 56.58% \Test loss: 1.7
2023-10-13 15:48:14,841 - tune.py [line:144] - INFO: Acc on the first split (Validation Set): 0.5808
2023-10-13 15:48:14,841 - tune.py [line:145] - INFO: Acc on the first split (Test Set): 0.5658
