2023-10-13 16:04:55,502 - tune.py [line:203] - INFO: Namespace(seed=42, model='GPRGNN', gpu=1, dataset='geom-squirrel', logging=True, log_detail=True, log_detailedCh=False, id_log=1013014505, optuna_n_trials=202, n_epochs=2000, self_loop=False, udgraph=True, early_stop=True, patience=300, n_hidden=64, n_cv=1, start_cv=0, n_layers=20, lr1=0.05, lr2=0.05, wd1=1e-06, wd2=0.001, dropout=0.1, dropout2=0.8, alpha=0.7000000000000001, es_ckpt='woselfloop-geom-squirrel_GPRGNN-geom-squirrel_trialNo191')
2023-10-13 16:04:58,111 - tune.py [line:128] - INFO: Split_seeds:[1824]
2023-10-13 16:04:58,111 - tune.py [line:129] - INFO: Model_seeds:[409]
2023-10-13 16:04:58,705 - tune.py [line:103] - INFO: Epoch 00020 | Time(s) 0.0284 | Val Loss 1.5347 | Val Acc 0.3365 | ETputs(KTEPS) 139521.91
2023-10-13 16:04:59,284 - tune.py [line:103] - INFO: Epoch 00040 | Time(s) 0.0282 | Val Loss 1.5673 | Val Acc 0.3865 | ETputs(KTEPS) 140464.53
2023-10-13 16:04:59,857 - tune.py [line:103] - INFO: Epoch 00060 | Time(s) 0.0280 | Val Loss 1.5830 | Val Acc 0.4462 | ETputs(KTEPS) 141575.65
2023-10-13 16:05:00,279 - tune.py [line:103] - INFO: Epoch 00080 | Time(s) 0.0262 | Val Loss 1.5907 | Val Acc 0.4625 | ETputs(KTEPS) 151624.65
2023-10-13 16:05:00,709 - tune.py [line:103] - INFO: Epoch 00100 | Time(s) 0.0251 | Val Loss 1.5598 | Val Acc 0.4846 | ETputs(KTEPS) 158238.68
2023-10-13 16:05:01,244 - tune.py [line:103] - INFO: Epoch 00120 | Time(s) 0.0253 | Val Loss 1.5952 | Val Acc 0.4962 | ETputs(KTEPS) 156607.40
2023-10-13 16:05:01,785 - tune.py [line:103] - INFO: Epoch 00140 | Time(s) 0.0255 | Val Loss 1.5099 | Val Acc 0.4952 | ETputs(KTEPS) 155504.04
2023-10-13 16:05:02,309 - tune.py [line:103] - INFO: Epoch 00160 | Time(s) 0.0256 | Val Loss 1.5506 | Val Acc 0.5077 | ETputs(KTEPS) 155039.37
2023-10-13 16:05:02,852 - tune.py [line:103] - INFO: Epoch 00180 | Time(s) 0.0257 | Val Loss 1.4892 | Val Acc 0.5221 | ETputs(KTEPS) 154153.90
2023-10-13 16:05:03,392 - tune.py [line:103] - INFO: Epoch 00200 | Time(s) 0.0258 | Val Loss 1.5071 | Val Acc 0.5356 | ETputs(KTEPS) 153557.94
2023-10-13 16:05:03,961 - tune.py [line:103] - INFO: Epoch 00220 | Time(s) 0.0261 | Val Loss 1.5362 | Val Acc 0.5337 | ETputs(KTEPS) 152276.11
2023-10-13 16:05:04,472 - tune.py [line:103] - INFO: Epoch 00240 | Time(s) 0.0260 | Val Loss 1.5232 | Val Acc 0.5308 | ETputs(KTEPS) 152533.36
2023-10-13 16:05:04,978 - tune.py [line:103] - INFO: Epoch 00260 | Time(s) 0.0259 | Val Loss 1.4933 | Val Acc 0.5442 | ETputs(KTEPS) 152913.02
2023-10-13 16:05:05,515 - tune.py [line:103] - INFO: Epoch 00280 | Time(s) 0.0260 | Val Loss 1.5295 | Val Acc 0.5346 | ETputs(KTEPS) 152579.58
2023-10-13 16:05:06,046 - tune.py [line:103] - INFO: Epoch 00300 | Time(s) 0.0260 | Val Loss 1.5254 | Val Acc 0.5394 | ETputs(KTEPS) 152371.24
2023-10-13 16:05:06,578 - tune.py [line:103] - INFO: Epoch 00320 | Time(s) 0.0261 | Val Loss 1.5176 | Val Acc 0.5365 | ETputs(KTEPS) 152243.75
2023-10-13 16:05:07,113 - tune.py [line:103] - INFO: Epoch 00340 | Time(s) 0.0261 | Val Loss 1.4867 | Val Acc 0.5452 | ETputs(KTEPS) 152039.62
2023-10-13 16:05:07,655 - tune.py [line:103] - INFO: Epoch 00360 | Time(s) 0.0261 | Val Loss 1.4935 | Val Acc 0.5375 | ETputs(KTEPS) 151754.02
2023-10-13 16:05:08,177 - tune.py [line:103] - INFO: Epoch 00380 | Time(s) 0.0261 | Val Loss 1.4963 | Val Acc 0.5433 | ETputs(KTEPS) 151779.24
2023-10-13 16:05:08,738 - tune.py [line:103] - INFO: Epoch 00400 | Time(s) 0.0262 | Val Loss 1.5296 | Val Acc 0.5442 | ETputs(KTEPS) 151253.75
2023-10-13 16:05:09,306 - tune.py [line:103] - INFO: Epoch 00420 | Time(s) 0.0263 | Val Loss 1.5608 | Val Acc 0.5385 | ETputs(KTEPS) 150672.51
2023-10-13 16:05:09,881 - tune.py [line:103] - INFO: Epoch 00440 | Time(s) 0.0264 | Val Loss 1.5849 | Val Acc 0.5423 | ETputs(KTEPS) 150044.52
2023-10-13 16:05:10,454 - tune.py [line:103] - INFO: Epoch 00460 | Time(s) 0.0265 | Val Loss 1.5389 | Val Acc 0.5452 | ETputs(KTEPS) 149560.55
2023-10-13 16:05:10,933 - tune.py [line:103] - INFO: Epoch 00480 | Time(s) 0.0264 | Val Loss 1.5627 | Val Acc 0.5462 | ETputs(KTEPS) 150162.88
2023-10-13 16:05:11,446 - tune.py [line:103] - INFO: Epoch 00500 | Time(s) 0.0264 | Val Loss 1.5101 | Val Acc 0.5433 | ETputs(KTEPS) 150344.79
2023-10-13 16:05:11,995 - tune.py [line:103] - INFO: Epoch 00520 | Time(s) 0.0264 | Val Loss 1.4874 | Val Acc 0.5654 | ETputs(KTEPS) 150183.67
2023-10-13 16:05:12,571 - tune.py [line:103] - INFO: Epoch 00540 | Time(s) 0.0265 | Val Loss 1.5112 | Val Acc 0.5548 | ETputs(KTEPS) 149690.90
2023-10-13 16:05:13,093 - tune.py [line:103] - INFO: Epoch 00560 | Time(s) 0.0265 | Val Loss 1.5403 | Val Acc 0.5538 | ETputs(KTEPS) 149775.22
2023-10-13 16:05:13,626 - tune.py [line:103] - INFO: Epoch 00580 | Time(s) 0.0265 | Val Loss 1.5501 | Val Acc 0.5567 | ETputs(KTEPS) 149745.61
2023-10-13 16:05:14,187 - tune.py [line:103] - INFO: Epoch 00600 | Time(s) 0.0265 | Val Loss 1.5287 | Val Acc 0.5596 | ETputs(KTEPS) 149459.50
2023-10-13 16:05:14,728 - tune.py [line:103] - INFO: Epoch 00620 | Time(s) 0.0266 | Val Loss 1.5901 | Val Acc 0.5423 | ETputs(KTEPS) 149374.50
2023-10-13 16:05:15,266 - tune.py [line:103] - INFO: Epoch 00640 | Time(s) 0.0266 | Val Loss 1.5582 | Val Acc 0.5510 | ETputs(KTEPS) 149336.02
2023-10-13 16:05:15,821 - tune.py [line:103] - INFO: Epoch 00660 | Time(s) 0.0266 | Val Loss 1.5210 | Val Acc 0.5538 | ETputs(KTEPS) 149133.59
2023-10-13 16:05:16,363 - tune.py [line:103] - INFO: Epoch 00680 | Time(s) 0.0266 | Val Loss 1.4938 | Val Acc 0.5606 | ETputs(KTEPS) 149059.68
2023-10-13 16:05:16,912 - tune.py [line:103] - INFO: Epoch 00700 | Time(s) 0.0266 | Val Loss 1.5501 | Val Acc 0.5558 | ETputs(KTEPS) 148929.67
2023-10-13 16:05:17,465 - tune.py [line:103] - INFO: Epoch 00720 | Time(s) 0.0267 | Val Loss 1.5690 | Val Acc 0.5519 | ETputs(KTEPS) 148774.63
2023-10-13 16:05:17,890 - tune.py [line:103] - INFO: Epoch 00740 | Time(s) 0.0265 | Val Loss 1.5834 | Val Acc 0.5500 | ETputs(KTEPS) 149603.21
2023-10-13 16:05:18,377 - tune.py [line:103] - INFO: Epoch 00760 | Time(s) 0.0265 | Val Loss 1.5307 | Val Acc 0.5625 | ETputs(KTEPS) 149923.06
2023-10-13 16:05:18,908 - tune.py [line:103] - INFO: Epoch 00780 | Time(s) 0.0265 | Val Loss 1.5571 | Val Acc 0.5577 | ETputs(KTEPS) 149915.44
2023-10-13 16:05:19,439 - tune.py [line:103] - INFO: Epoch 00800 | Time(s) 0.0265 | Val Loss 1.5746 | Val Acc 0.5558 | ETputs(KTEPS) 149930.44
2023-10-13 16:05:19,973 - tune.py [line:103] - INFO: Epoch 00820 | Time(s) 0.0265 | Val Loss 1.5978 | Val Acc 0.5510 | ETputs(KTEPS) 149902.07
2023-10-13 16:05:20,513 - tune.py [line:103] - INFO: Epoch 00840 | Time(s) 0.0265 | Val Loss 1.5513 | Val Acc 0.5663 | ETputs(KTEPS) 149828.66
2023-10-13 16:05:21,063 - tune.py [line:103] - INFO: Epoch 00860 | Time(s) 0.0265 | Val Loss 1.5920 | Val Acc 0.5779 | ETputs(KTEPS) 149737.38
2023-10-13 16:05:21,677 - tune.py [line:103] - INFO: Epoch 00880 | Time(s) 0.0266 | Val Loss 1.5822 | Val Acc 0.5702 | ETputs(KTEPS) 149238.06
2023-10-13 16:05:22,258 - tune.py [line:103] - INFO: Epoch 00900 | Time(s) 0.0266 | Val Loss 1.6179 | Val Acc 0.5663 | ETputs(KTEPS) 148932.52
2023-10-13 16:05:22,814 - tune.py [line:103] - INFO: Epoch 00920 | Time(s) 0.0267 | Val Loss 1.5606 | Val Acc 0.5712 | ETputs(KTEPS) 148798.03
2023-10-13 16:05:23,378 - tune.py [line:103] - INFO: Epoch 00940 | Time(s) 0.0267 | Val Loss 1.5629 | Val Acc 0.5702 | ETputs(KTEPS) 148618.35
2023-10-13 16:05:23,921 - tune.py [line:103] - INFO: Epoch 00960 | Time(s) 0.0267 | Val Loss 1.5234 | Val Acc 0.5615 | ETputs(KTEPS) 148566.17
2023-10-13 16:05:24,477 - tune.py [line:103] - INFO: Epoch 00980 | Time(s) 0.0267 | Val Loss 1.5366 | Val Acc 0.5538 | ETputs(KTEPS) 148444.87
2023-10-13 16:05:25,030 - tune.py [line:103] - INFO: Epoch 01000 | Time(s) 0.0267 | Val Loss 1.5700 | Val Acc 0.5673 | ETputs(KTEPS) 148346.43
2023-10-13 16:05:25,635 - tune.py [line:103] - INFO: Epoch 01020 | Time(s) 0.0268 | Val Loss 1.4995 | Val Acc 0.5788 | ETputs(KTEPS) 147969.50
2023-10-13 16:05:26,224 - tune.py [line:103] - INFO: Epoch 01040 | Time(s) 0.0269 | Val Loss 1.6085 | Val Acc 0.5500 | ETputs(KTEPS) 147690.90
2023-10-13 16:05:26,800 - tune.py [line:103] - INFO: Epoch 01060 | Time(s) 0.0269 | Val Loss 1.5904 | Val Acc 0.5462 | ETputs(KTEPS) 147494.38
2023-10-13 16:05:27,376 - tune.py [line:103] - INFO: Epoch 01080 | Time(s) 0.0269 | Val Loss 1.6767 | Val Acc 0.5519 | ETputs(KTEPS) 147302.97
2023-10-13 16:05:27,977 - tune.py [line:103] - INFO: Epoch 01100 | Time(s) 0.0270 | Val Loss 1.5794 | Val Acc 0.5702 | ETputs(KTEPS) 146995.94
2023-10-13 16:05:28,553 - tune.py [line:103] - INFO: Epoch 01120 | Time(s) 0.0270 | Val Loss 1.6330 | Val Acc 0.5702 | ETputs(KTEPS) 146822.28
2023-10-13 16:05:29,105 - tune.py [line:103] - INFO: Epoch 01140 | Time(s) 0.0270 | Val Loss 1.5961 | Val Acc 0.5721 | ETputs(KTEPS) 146772.85
2023-10-13 16:05:29,638 - tune.py [line:103] - INFO: Epoch 01160 | Time(s) 0.0270 | Val Loss 1.5201 | Val Acc 0.5538 | ETputs(KTEPS) 146809.79
2023-10-13 16:05:30,137 - tune.py [line:117] - INFO: [FINAL MODEL] Val accuracy 57.88% \Val loss: 1.6
2023-10-13 16:05:30,142 - tune.py [line:119] - INFO: [FINAL MODEL] Test accuracy 56.96% \Test loss: 1.6
2023-10-13 16:05:30,142 - tune.py [line:144] - INFO: Acc on the first split (Validation Set): 0.5788
2023-10-13 16:05:30,142 - tune.py [line:145] - INFO: Acc on the first split (Test Set): 0.5696
