2023-10-13 15:44:46,016 - tune.py [line:203] - INFO: Namespace(seed=42, model='GPRGNN', gpu=1, dataset='geom-squirrel', logging=True, log_detail=True, log_detailedCh=False, id_log=1013014505, optuna_n_trials=202, n_epochs=2000, self_loop=False, udgraph=True, early_stop=True, patience=300, n_hidden=64, n_cv=1, start_cv=0, n_layers=8, lr1=0.02, lr2=0.03, wd1=1e-05, wd2=1e-05, dropout=0.3, dropout2=0.1, alpha=0.6, es_ckpt='woselfloop-geom-squirrel_GPRGNN-geom-squirrel_trialNo2')
2023-10-13 15:44:48,697 - tune.py [line:128] - INFO: Split_seeds:[1824]
2023-10-13 15:44:48,697 - tune.py [line:129] - INFO: Model_seeds:[409]
2023-10-13 15:44:49,024 - tune.py [line:103] - INFO: Epoch 00020 | Time(s) 0.0155 | Val Loss 1.5932 | Val Acc 0.3433 | ETputs(KTEPS) 256767.23
2023-10-13 15:44:49,306 - tune.py [line:103] - INFO: Epoch 00040 | Time(s) 0.0145 | Val Loss 1.7957 | Val Acc 0.3692 | ETputs(KTEPS) 272849.68
2023-10-13 15:44:49,633 - tune.py [line:103] - INFO: Epoch 00060 | Time(s) 0.0150 | Val Loss 2.0286 | Val Acc 0.3817 | ETputs(KTEPS) 265224.75
2023-10-13 15:44:49,987 - tune.py [line:103] - INFO: Epoch 00080 | Time(s) 0.0155 | Val Loss 2.1367 | Val Acc 0.3894 | ETputs(KTEPS) 255355.14
2023-10-13 15:44:50,309 - tune.py [line:103] - INFO: Epoch 00100 | Time(s) 0.0156 | Val Loss 2.2021 | Val Acc 0.4077 | ETputs(KTEPS) 254409.81
2023-10-13 15:44:50,623 - tune.py [line:103] - INFO: Epoch 00120 | Time(s) 0.0155 | Val Loss 2.2866 | Val Acc 0.4077 | ETputs(KTEPS) 255173.24
2023-10-13 15:44:50,984 - tune.py [line:103] - INFO: Epoch 00140 | Time(s) 0.0159 | Val Loss 2.4022 | Val Acc 0.3962 | ETputs(KTEPS) 249527.99
2023-10-13 15:44:51,312 - tune.py [line:103] - INFO: Epoch 00160 | Time(s) 0.0160 | Val Loss 2.3511 | Val Acc 0.4096 | ETputs(KTEPS) 248589.94
2023-10-13 15:44:51,619 - tune.py [line:103] - INFO: Epoch 00180 | Time(s) 0.0159 | Val Loss 2.4553 | Val Acc 0.4125 | ETputs(KTEPS) 249876.52
2023-10-13 15:44:51,928 - tune.py [line:103] - INFO: Epoch 00200 | Time(s) 0.0158 | Val Loss 2.5204 | Val Acc 0.4096 | ETputs(KTEPS) 250576.43
2023-10-13 15:44:52,253 - tune.py [line:103] - INFO: Epoch 00220 | Time(s) 0.0158 | Val Loss 2.4943 | Val Acc 0.4288 | ETputs(KTEPS) 250389.22
2023-10-13 15:44:52,568 - tune.py [line:103] - INFO: Epoch 00240 | Time(s) 0.0158 | Val Loss 2.6654 | Val Acc 0.4144 | ETputs(KTEPS) 250801.96
2023-10-13 15:44:52,906 - tune.py [line:103] - INFO: Epoch 00260 | Time(s) 0.0159 | Val Loss 2.7071 | Val Acc 0.4192 | ETputs(KTEPS) 249507.46
2023-10-13 15:44:53,227 - tune.py [line:103] - INFO: Epoch 00280 | Time(s) 0.0159 | Val Loss 2.6694 | Val Acc 0.4106 | ETputs(KTEPS) 249390.98
2023-10-13 15:44:53,549 - tune.py [line:103] - INFO: Epoch 00300 | Time(s) 0.0159 | Val Loss 2.7301 | Val Acc 0.4183 | ETputs(KTEPS) 249212.78
2023-10-13 15:44:53,871 - tune.py [line:103] - INFO: Epoch 00320 | Time(s) 0.0159 | Val Loss 2.6890 | Val Acc 0.4250 | ETputs(KTEPS) 249252.53
2023-10-13 15:44:54,187 - tune.py [line:103] - INFO: Epoch 00340 | Time(s) 0.0159 | Val Loss 2.7026 | Val Acc 0.4394 | ETputs(KTEPS) 249457.58
2023-10-13 15:44:54,497 - tune.py [line:103] - INFO: Epoch 00360 | Time(s) 0.0159 | Val Loss 2.6843 | Val Acc 0.4260 | ETputs(KTEPS) 249837.20
2023-10-13 15:44:54,817 - tune.py [line:103] - INFO: Epoch 00380 | Time(s) 0.0159 | Val Loss 2.7138 | Val Acc 0.4279 | ETputs(KTEPS) 249772.60
2023-10-13 15:44:55,140 - tune.py [line:103] - INFO: Epoch 00400 | Time(s) 0.0159 | Val Loss 2.7553 | Val Acc 0.4298 | ETputs(KTEPS) 249573.51
2023-10-13 15:44:55,459 - tune.py [line:103] - INFO: Epoch 00420 | Time(s) 0.0159 | Val Loss 2.7339 | Val Acc 0.4231 | ETputs(KTEPS) 249531.59
2023-10-13 15:44:55,787 - tune.py [line:103] - INFO: Epoch 00440 | Time(s) 0.0159 | Val Loss 2.6855 | Val Acc 0.4375 | ETputs(KTEPS) 249210.80
2023-10-13 15:44:56,127 - tune.py [line:103] - INFO: Epoch 00460 | Time(s) 0.0160 | Val Loss 2.7832 | Val Acc 0.4433 | ETputs(KTEPS) 248513.52
2023-10-13 15:44:56,474 - tune.py [line:103] - INFO: Epoch 00480 | Time(s) 0.0160 | Val Loss 2.8052 | Val Acc 0.4500 | ETputs(KTEPS) 247709.78
2023-10-13 15:44:56,738 - tune.py [line:103] - INFO: Epoch 00500 | Time(s) 0.0159 | Val Loss 2.8038 | Val Acc 0.4615 | ETputs(KTEPS) 249596.25
2023-10-13 15:44:56,980 - tune.py [line:103] - INFO: Epoch 00520 | Time(s) 0.0157 | Val Loss 2.8433 | Val Acc 0.4413 | ETputs(KTEPS) 251901.06
2023-10-13 15:44:57,271 - tune.py [line:103] - INFO: Epoch 00540 | Time(s) 0.0157 | Val Loss 2.8162 | Val Acc 0.4606 | ETputs(KTEPS) 252631.67
2023-10-13 15:44:57,612 - tune.py [line:103] - INFO: Epoch 00560 | Time(s) 0.0157 | Val Loss 2.8625 | Val Acc 0.4519 | ETputs(KTEPS) 251946.45
2023-10-13 15:44:57,934 - tune.py [line:103] - INFO: Epoch 00580 | Time(s) 0.0158 | Val Loss 2.9320 | Val Acc 0.4269 | ETputs(KTEPS) 251750.28
2023-10-13 15:44:58,250 - tune.py [line:103] - INFO: Epoch 00600 | Time(s) 0.0158 | Val Loss 2.8070 | Val Acc 0.4519 | ETputs(KTEPS) 251745.82
2023-10-13 15:44:58,571 - tune.py [line:103] - INFO: Epoch 00620 | Time(s) 0.0158 | Val Loss 2.8587 | Val Acc 0.4606 | ETputs(KTEPS) 251600.04
2023-10-13 15:44:58,934 - tune.py [line:103] - INFO: Epoch 00640 | Time(s) 0.0158 | Val Loss 2.9475 | Val Acc 0.4433 | ETputs(KTEPS) 250479.23
2023-10-13 15:44:59,249 - tune.py [line:103] - INFO: Epoch 00660 | Time(s) 0.0158 | Val Loss 3.0008 | Val Acc 0.4471 | ETputs(KTEPS) 250542.29
2023-10-13 15:44:59,550 - tune.py [line:103] - INFO: Epoch 00680 | Time(s) 0.0158 | Val Loss 2.9490 | Val Acc 0.4510 | ETputs(KTEPS) 250951.83
2023-10-13 15:44:59,893 - tune.py [line:103] - INFO: Epoch 00700 | Time(s) 0.0158 | Val Loss 2.9260 | Val Acc 0.4519 | ETputs(KTEPS) 250351.61
2023-10-13 15:45:00,230 - tune.py [line:103] - INFO: Epoch 00720 | Time(s) 0.0159 | Val Loss 2.9520 | Val Acc 0.4490 | ETputs(KTEPS) 249926.15
2023-10-13 15:45:00,565 - tune.py [line:103] - INFO: Epoch 00740 | Time(s) 0.0159 | Val Loss 2.9545 | Val Acc 0.4548 | ETputs(KTEPS) 249582.54
2023-10-13 15:45:00,869 - tune.py [line:103] - INFO: Epoch 00760 | Time(s) 0.0159 | Val Loss 2.9375 | Val Acc 0.4625 | ETputs(KTEPS) 249952.17
2023-10-13 15:45:01,139 - tune.py [line:103] - INFO: Epoch 00780 | Time(s) 0.0158 | Val Loss 2.9745 | Val Acc 0.4596 | ETputs(KTEPS) 250919.03
2023-10-13 15:45:01,388 - tune.py [line:103] - INFO: Epoch 00800 | Time(s) 0.0157 | Val Loss 3.0223 | Val Acc 0.4577 | ETputs(KTEPS) 252268.51
2023-10-13 15:45:01,635 - tune.py [line:103] - INFO: Epoch 00820 | Time(s) 0.0156 | Val Loss 3.0695 | Val Acc 0.4558 | ETputs(KTEPS) 253609.98
2023-10-13 15:45:01,965 - tune.py [line:103] - INFO: Epoch 00840 | Time(s) 0.0157 | Val Loss 3.2283 | Val Acc 0.4394 | ETputs(KTEPS) 253291.89
2023-10-13 15:45:02,302 - tune.py [line:103] - INFO: Epoch 00860 | Time(s) 0.0157 | Val Loss 3.0437 | Val Acc 0.4635 | ETputs(KTEPS) 252851.30
2023-10-13 15:45:02,626 - tune.py [line:103] - INFO: Epoch 00880 | Time(s) 0.0157 | Val Loss 3.0313 | Val Acc 0.4529 | ETputs(KTEPS) 252681.10
2023-10-13 15:45:02,979 - tune.py [line:103] - INFO: Epoch 00900 | Time(s) 0.0157 | Val Loss 3.0893 | Val Acc 0.4615 | ETputs(KTEPS) 251999.24
2023-10-13 15:45:03,311 - tune.py [line:103] - INFO: Epoch 00920 | Time(s) 0.0158 | Val Loss 3.0781 | Val Acc 0.4702 | ETputs(KTEPS) 251719.33
2023-10-13 15:45:03,628 - tune.py [line:103] - INFO: Epoch 00940 | Time(s) 0.0158 | Val Loss 3.0073 | Val Acc 0.4798 | ETputs(KTEPS) 251698.20
2023-10-13 15:45:03,945 - tune.py [line:103] - INFO: Epoch 00960 | Time(s) 0.0158 | Val Loss 3.1297 | Val Acc 0.4615 | ETputs(KTEPS) 251702.53
2023-10-13 15:45:04,268 - tune.py [line:103] - INFO: Epoch 00980 | Time(s) 0.0158 | Val Loss 3.0218 | Val Acc 0.4596 | ETputs(KTEPS) 251592.12
2023-10-13 15:45:04,584 - tune.py [line:103] - INFO: Epoch 01000 | Time(s) 0.0158 | Val Loss 3.1003 | Val Acc 0.4596 | ETputs(KTEPS) 251590.80
2023-10-13 15:45:04,909 - tune.py [line:103] - INFO: Epoch 01020 | Time(s) 0.0158 | Val Loss 3.0639 | Val Acc 0.4683 | ETputs(KTEPS) 251442.83
2023-10-13 15:45:05,231 - tune.py [line:103] - INFO: Epoch 01040 | Time(s) 0.0158 | Val Loss 3.2317 | Val Acc 0.4635 | ETputs(KTEPS) 251355.08
2023-10-13 15:45:05,598 - tune.py [line:103] - INFO: Epoch 01060 | Time(s) 0.0158 | Val Loss 3.1990 | Val Acc 0.4587 | ETputs(KTEPS) 250592.59
2023-10-13 15:45:05,917 - tune.py [line:103] - INFO: Epoch 01080 | Time(s) 0.0158 | Val Loss 3.1708 | Val Acc 0.4683 | ETputs(KTEPS) 250574.81
2023-10-13 15:45:06,235 - tune.py [line:103] - INFO: Epoch 01100 | Time(s) 0.0158 | Val Loss 3.2431 | Val Acc 0.4663 | ETputs(KTEPS) 250562.22
2023-10-13 15:45:06,550 - tune.py [line:103] - INFO: Epoch 01120 | Time(s) 0.0158 | Val Loss 3.1825 | Val Acc 0.4644 | ETputs(KTEPS) 250581.88
2023-10-13 15:45:06,870 - tune.py [line:103] - INFO: Epoch 01140 | Time(s) 0.0158 | Val Loss 3.1340 | Val Acc 0.4644 | ETputs(KTEPS) 250548.42
2023-10-13 15:45:07,195 - tune.py [line:103] - INFO: Epoch 01160 | Time(s) 0.0158 | Val Loss 3.1354 | Val Acc 0.4663 | ETputs(KTEPS) 250445.84
2023-10-13 15:45:07,535 - tune.py [line:103] - INFO: Epoch 01180 | Time(s) 0.0159 | Val Loss 3.1425 | Val Acc 0.4750 | ETputs(KTEPS) 250141.86
2023-10-13 15:45:07,871 - tune.py [line:103] - INFO: Epoch 01200 | Time(s) 0.0159 | Val Loss 3.1890 | Val Acc 0.4606 | ETputs(KTEPS) 249901.12
2023-10-13 15:45:08,191 - tune.py [line:103] - INFO: Epoch 01220 | Time(s) 0.0159 | Val Loss 3.1482 | Val Acc 0.4654 | ETputs(KTEPS) 249884.75
2023-10-13 15:45:08,524 - tune.py [line:103] - INFO: Epoch 01240 | Time(s) 0.0159 | Val Loss 3.2586 | Val Acc 0.4490 | ETputs(KTEPS) 249689.78
2023-10-13 15:45:08,546 - tune.py [line:117] - INFO: [FINAL MODEL] Val accuracy 48.08% \Val loss: 3.0
2023-10-13 15:45:08,553 - tune.py [line:119] - INFO: [FINAL MODEL] Test accuracy 47.45% \Test loss: 3.5
2023-10-13 15:45:08,554 - tune.py [line:144] - INFO: Acc on the first split (Validation Set): 0.4808
2023-10-13 15:45:08,554 - tune.py [line:145] - INFO: Acc on the first split (Test Set): 0.4745
