2023-10-13 15:44:31,060 - tune.py [line:203] - INFO: Namespace(seed=42, model='GPRGNN', gpu=1, dataset='geom-squirrel', logging=True, log_detail=True, log_detailedCh=False, id_log=1013014505, optuna_n_trials=202, n_epochs=2000, self_loop=False, udgraph=True, early_stop=True, patience=300, n_hidden=64, n_cv=1, start_cv=0, n_layers=16, lr1=0.0005, lr2=0.0005, wd1=0.001, wd2=1e-07, dropout=0.4, dropout2=0.7, alpha=0.8, es_ckpt='woselfloop-geom-squirrel_GPRGNN-geom-squirrel_trialNo1')
2023-10-13 15:44:33,679 - tune.py [line:128] - INFO: Split_seeds:[1824]
2023-10-13 15:44:33,680 - tune.py [line:129] - INFO: Model_seeds:[409]
2023-10-13 15:44:34,308 - tune.py [line:103] - INFO: Epoch 00020 | Time(s) 0.0311 | Val Loss 1.6099 | Val Acc 0.1971 | ETputs(KTEPS) 127608.68
2023-10-13 15:44:34,755 - tune.py [line:103] - INFO: Epoch 00040 | Time(s) 0.0267 | Val Loss 1.6092 | Val Acc 0.1971 | ETputs(KTEPS) 148532.16
2023-10-13 15:44:35,223 - tune.py [line:103] - INFO: Epoch 00060 | Time(s) 0.0255 | Val Loss 1.6088 | Val Acc 0.1971 | ETputs(KTEPS) 155328.19
2023-10-13 15:44:35,666 - tune.py [line:103] - INFO: Epoch 00080 | Time(s) 0.0246 | Val Loss 1.6082 | Val Acc 0.2038 | ETputs(KTEPS) 161531.17
2023-10-13 15:44:36,121 - tune.py [line:103] - INFO: Epoch 00100 | Time(s) 0.0242 | Val Loss 1.6076 | Val Acc 0.2019 | ETputs(KTEPS) 164043.39
2023-10-13 15:44:36,560 - tune.py [line:103] - INFO: Epoch 00120 | Time(s) 0.0237 | Val Loss 1.6066 | Val Acc 0.2163 | ETputs(KTEPS) 167229.77
2023-10-13 15:44:37,051 - tune.py [line:103] - INFO: Epoch 00140 | Time(s) 0.0238 | Val Loss 1.6043 | Val Acc 0.2365 | ETputs(KTEPS) 166946.08
2023-10-13 15:44:37,546 - tune.py [line:103] - INFO: Epoch 00160 | Time(s) 0.0238 | Val Loss 1.6006 | Val Acc 0.2644 | ETputs(KTEPS) 167018.97
2023-10-13 15:44:37,996 - tune.py [line:103] - INFO: Epoch 00180 | Time(s) 0.0235 | Val Loss 1.5958 | Val Acc 0.2923 | ETputs(KTEPS) 168572.40
2023-10-13 15:44:38,473 - tune.py [line:103] - INFO: Epoch 00200 | Time(s) 0.0235 | Val Loss 1.5914 | Val Acc 0.3038 | ETputs(KTEPS) 169100.47
2023-10-13 15:44:38,988 - tune.py [line:103] - INFO: Epoch 00220 | Time(s) 0.0236 | Val Loss 1.5884 | Val Acc 0.3067 | ETputs(KTEPS) 167863.03
2023-10-13 15:44:39,491 - tune.py [line:103] - INFO: Epoch 00240 | Time(s) 0.0237 | Val Loss 1.5861 | Val Acc 0.3115 | ETputs(KTEPS) 167328.36
2023-10-13 15:44:39,953 - tune.py [line:103] - INFO: Epoch 00260 | Time(s) 0.0237 | Val Loss 1.5837 | Val Acc 0.3154 | ETputs(KTEPS) 167683.91
2023-10-13 15:44:40,406 - tune.py [line:103] - INFO: Epoch 00280 | Time(s) 0.0236 | Val Loss 1.5831 | Val Acc 0.3106 | ETputs(KTEPS) 168191.83
2023-10-13 15:44:40,880 - tune.py [line:103] - INFO: Epoch 00300 | Time(s) 0.0236 | Val Loss 1.5821 | Val Acc 0.3038 | ETputs(KTEPS) 168165.80
2023-10-13 15:44:41,370 - tune.py [line:103] - INFO: Epoch 00320 | Time(s) 0.0236 | Val Loss 1.5814 | Val Acc 0.3019 | ETputs(KTEPS) 167759.87
2023-10-13 15:44:41,771 - tune.py [line:103] - INFO: Epoch 00340 | Time(s) 0.0234 | Val Loss 1.5805 | Val Acc 0.3038 | ETputs(KTEPS) 169293.69
2023-10-13 15:44:42,186 - tune.py [line:103] - INFO: Epoch 00360 | Time(s) 0.0233 | Val Loss 1.5794 | Val Acc 0.3000 | ETputs(KTEPS) 170398.43
2023-10-13 15:44:42,620 - tune.py [line:103] - INFO: Epoch 00380 | Time(s) 0.0232 | Val Loss 1.5805 | Val Acc 0.2971 | ETputs(KTEPS) 171009.10
2023-10-13 15:44:43,059 - tune.py [line:103] - INFO: Epoch 00400 | Time(s) 0.0231 | Val Loss 1.5791 | Val Acc 0.3000 | ETputs(KTEPS) 171479.05
2023-10-13 15:44:43,494 - tune.py [line:103] - INFO: Epoch 00420 | Time(s) 0.0231 | Val Loss 1.5783 | Val Acc 0.2981 | ETputs(KTEPS) 171985.10
2023-10-13 15:44:43,901 - tune.py [line:103] - INFO: Epoch 00440 | Time(s) 0.0229 | Val Loss 1.5797 | Val Acc 0.3038 | ETputs(KTEPS) 172921.92
2023-10-13 15:44:44,327 - tune.py [line:103] - INFO: Epoch 00460 | Time(s) 0.0229 | Val Loss 1.5768 | Val Acc 0.3038 | ETputs(KTEPS) 173474.25
2023-10-13 15:44:44,749 - tune.py [line:103] - INFO: Epoch 00480 | Time(s) 0.0228 | Val Loss 1.5780 | Val Acc 0.3019 | ETputs(KTEPS) 174044.30
2023-10-13 15:44:45,231 - tune.py [line:103] - INFO: Epoch 00500 | Time(s) 0.0228 | Val Loss 1.5765 | Val Acc 0.3048 | ETputs(KTEPS) 173660.10
2023-10-13 15:44:45,652 - tune.py [line:103] - INFO: Epoch 00520 | Time(s) 0.0228 | Val Loss 1.5760 | Val Acc 0.3058 | ETputs(KTEPS) 174190.07
2023-10-13 15:44:45,867 - tune.py [line:117] - INFO: [FINAL MODEL] Val accuracy 32.12% \Val loss: 1.6
2023-10-13 15:44:45,871 - tune.py [line:119] - INFO: [FINAL MODEL] Test accuracy 28.24% \Test loss: 1.6
2023-10-13 15:44:45,872 - tune.py [line:144] - INFO: Acc on the first split (Validation Set): 0.3212
2023-10-13 15:44:45,872 - tune.py [line:145] - INFO: Acc on the first split (Test Set): 0.2824
