2023-10-13 15:54:05,733 - tune.py [line:203] - INFO: Namespace(seed=42, model='GPRGNN', gpu=1, dataset='geom-squirrel', logging=True, log_detail=True, log_detailedCh=False, id_log=1013014505, optuna_n_trials=202, n_epochs=2000, self_loop=False, udgraph=True, early_stop=True, patience=300, n_hidden=64, n_cv=1, start_cv=0, n_layers=16, lr1=0.05, lr2=0.05, wd1=1e-06, wd2=1e-05, dropout=0.1, dropout2=0.8, alpha=0.7000000000000001, es_ckpt='woselfloop-geom-squirrel_GPRGNN-geom-squirrel_trialNo61')
2023-10-13 15:54:08,599 - tune.py [line:128] - INFO: Split_seeds:[1824]
2023-10-13 15:54:08,599 - tune.py [line:129] - INFO: Model_seeds:[409]
2023-10-13 15:54:09,088 - tune.py [line:103] - INFO: Epoch 00020 | Time(s) 0.0234 | Val Loss 1.5393 | Val Acc 0.3471 | ETputs(KTEPS) 169572.50
2023-10-13 15:54:09,617 - tune.py [line:103] - INFO: Epoch 00040 | Time(s) 0.0245 | Val Loss 1.5764 | Val Acc 0.3817 | ETputs(KTEPS) 161879.78
2023-10-13 15:54:10,110 - tune.py [line:103] - INFO: Epoch 00060 | Time(s) 0.0242 | Val Loss 1.6082 | Val Acc 0.4394 | ETputs(KTEPS) 163870.99
2023-10-13 15:54:10,527 - tune.py [line:103] - INFO: Epoch 00080 | Time(s) 0.0233 | Val Loss 1.5862 | Val Acc 0.4452 | ETputs(KTEPS) 170425.99
2023-10-13 15:54:10,884 - tune.py [line:103] - INFO: Epoch 00100 | Time(s) 0.0221 | Val Loss 1.5426 | Val Acc 0.4827 | ETputs(KTEPS) 179492.72
2023-10-13 15:54:11,263 - tune.py [line:103] - INFO: Epoch 00120 | Time(s) 0.0215 | Val Loss 1.6261 | Val Acc 0.4846 | ETputs(KTEPS) 184434.83
2023-10-13 15:54:11,727 - tune.py [line:103] - INFO: Epoch 00140 | Time(s) 0.0217 | Val Loss 1.5030 | Val Acc 0.5087 | ETputs(KTEPS) 183136.55
2023-10-13 15:54:12,196 - tune.py [line:103] - INFO: Epoch 00160 | Time(s) 0.0219 | Val Loss 1.4865 | Val Acc 0.5029 | ETputs(KTEPS) 181484.91
2023-10-13 15:54:12,669 - tune.py [line:103] - INFO: Epoch 00180 | Time(s) 0.0220 | Val Loss 1.4952 | Val Acc 0.5269 | ETputs(KTEPS) 180111.78
2023-10-13 15:54:13,162 - tune.py [line:103] - INFO: Epoch 00200 | Time(s) 0.0223 | Val Loss 1.5014 | Val Acc 0.5221 | ETputs(KTEPS) 178184.01
2023-10-13 15:54:13,611 - tune.py [line:103] - INFO: Epoch 00220 | Time(s) 0.0223 | Val Loss 1.5305 | Val Acc 0.5308 | ETputs(KTEPS) 178109.82
2023-10-13 15:54:14,069 - tune.py [line:103] - INFO: Epoch 00240 | Time(s) 0.0223 | Val Loss 1.5009 | Val Acc 0.5269 | ETputs(KTEPS) 177799.16
2023-10-13 15:54:14,534 - tune.py [line:103] - INFO: Epoch 00260 | Time(s) 0.0224 | Val Loss 1.4655 | Val Acc 0.5500 | ETputs(KTEPS) 177400.41
2023-10-13 15:54:14,982 - tune.py [line:103] - INFO: Epoch 00280 | Time(s) 0.0224 | Val Loss 1.5199 | Val Acc 0.5327 | ETputs(KTEPS) 177428.98
2023-10-13 15:54:15,411 - tune.py [line:103] - INFO: Epoch 00300 | Time(s) 0.0223 | Val Loss 1.4983 | Val Acc 0.5500 | ETputs(KTEPS) 177933.54
2023-10-13 15:54:15,876 - tune.py [line:103] - INFO: Epoch 00320 | Time(s) 0.0223 | Val Loss 1.5308 | Val Acc 0.5442 | ETputs(KTEPS) 177516.78
2023-10-13 15:54:16,388 - tune.py [line:103] - INFO: Epoch 00340 | Time(s) 0.0225 | Val Loss 1.5194 | Val Acc 0.5385 | ETputs(KTEPS) 176024.28
2023-10-13 15:54:16,901 - tune.py [line:103] - INFO: Epoch 00360 | Time(s) 0.0227 | Val Loss 1.4710 | Val Acc 0.5471 | ETputs(KTEPS) 174695.72
2023-10-13 15:54:17,353 - tune.py [line:103] - INFO: Epoch 00380 | Time(s) 0.0227 | Val Loss 1.4672 | Val Acc 0.5596 | ETputs(KTEPS) 174845.52
2023-10-13 15:54:17,827 - tune.py [line:103] - INFO: Epoch 00400 | Time(s) 0.0227 | Val Loss 1.5343 | Val Acc 0.5500 | ETputs(KTEPS) 174540.97
2023-10-13 15:54:18,352 - tune.py [line:103] - INFO: Epoch 00420 | Time(s) 0.0229 | Val Loss 1.5490 | Val Acc 0.5548 | ETputs(KTEPS) 173386.06
2023-10-13 15:54:18,836 - tune.py [line:103] - INFO: Epoch 00440 | Time(s) 0.0229 | Val Loss 1.5631 | Val Acc 0.5490 | ETputs(KTEPS) 172938.98
2023-10-13 15:54:19,316 - tune.py [line:103] - INFO: Epoch 00460 | Time(s) 0.0230 | Val Loss 1.4835 | Val Acc 0.5519 | ETputs(KTEPS) 172604.95
2023-10-13 15:54:19,788 - tune.py [line:103] - INFO: Epoch 00480 | Time(s) 0.0230 | Val Loss 1.5090 | Val Acc 0.5577 | ETputs(KTEPS) 172418.55
2023-10-13 15:54:20,209 - tune.py [line:103] - INFO: Epoch 00500 | Time(s) 0.0229 | Val Loss 1.5085 | Val Acc 0.5481 | ETputs(KTEPS) 173009.64
2023-10-13 15:54:20,559 - tune.py [line:103] - INFO: Epoch 00520 | Time(s) 0.0227 | Val Loss 1.4470 | Val Acc 0.5635 | ETputs(KTEPS) 174598.16
2023-10-13 15:54:21,017 - tune.py [line:103] - INFO: Epoch 00540 | Time(s) 0.0227 | Val Loss 1.4575 | Val Acc 0.5558 | ETputs(KTEPS) 174566.13
2023-10-13 15:54:21,518 - tune.py [line:103] - INFO: Epoch 00560 | Time(s) 0.0228 | Val Loss 1.4626 | Val Acc 0.5548 | ETputs(KTEPS) 173926.54
2023-10-13 15:54:22,049 - tune.py [line:103] - INFO: Epoch 00580 | Time(s) 0.0229 | Val Loss 1.5309 | Val Acc 0.5462 | ETputs(KTEPS) 172956.52
2023-10-13 15:54:22,581 - tune.py [line:103] - INFO: Epoch 00600 | Time(s) 0.0231 | Val Loss 1.4724 | Val Acc 0.5635 | ETputs(KTEPS) 172053.39
2023-10-13 15:54:23,044 - tune.py [line:103] - INFO: Epoch 00620 | Time(s) 0.0231 | Val Loss 1.4830 | Val Acc 0.5712 | ETputs(KTEPS) 172060.40
2023-10-13 15:54:23,539 - tune.py [line:103] - INFO: Epoch 00640 | Time(s) 0.0231 | Val Loss 1.5056 | Val Acc 0.5654 | ETputs(KTEPS) 171798.16
2023-10-13 15:54:24,006 - tune.py [line:103] - INFO: Epoch 00660 | Time(s) 0.0231 | Val Loss 1.4788 | Val Acc 0.5654 | ETputs(KTEPS) 171747.44
2023-10-13 15:54:24,510 - tune.py [line:103] - INFO: Epoch 00680 | Time(s) 0.0232 | Val Loss 1.5188 | Val Acc 0.5654 | ETputs(KTEPS) 171294.43
2023-10-13 15:54:24,993 - tune.py [line:103] - INFO: Epoch 00700 | Time(s) 0.0232 | Val Loss 1.5501 | Val Acc 0.5731 | ETputs(KTEPS) 171084.02
2023-10-13 15:54:25,492 - tune.py [line:103] - INFO: Epoch 00720 | Time(s) 0.0232 | Val Loss 1.4724 | Val Acc 0.5721 | ETputs(KTEPS) 170731.61
2023-10-13 15:54:26,076 - tune.py [line:103] - INFO: Epoch 00740 | Time(s) 0.0234 | Val Loss 1.4737 | Val Acc 0.5663 | ETputs(KTEPS) 169565.48
2023-10-13 15:54:26,589 - tune.py [line:103] - INFO: Epoch 00760 | Time(s) 0.0235 | Val Loss 1.5083 | Val Acc 0.5683 | ETputs(KTEPS) 169144.59
2023-10-13 15:54:27,057 - tune.py [line:103] - INFO: Epoch 00780 | Time(s) 0.0235 | Val Loss 1.5062 | Val Acc 0.5625 | ETputs(KTEPS) 169159.35
2023-10-13 15:54:27,569 - tune.py [line:103] - INFO: Epoch 00800 | Time(s) 0.0235 | Val Loss 1.5368 | Val Acc 0.5673 | ETputs(KTEPS) 168779.53
2023-10-13 15:54:28,120 - tune.py [line:103] - INFO: Epoch 00820 | Time(s) 0.0236 | Val Loss 1.4891 | Val Acc 0.5635 | ETputs(KTEPS) 168082.47
2023-10-13 15:54:28,624 - tune.py [line:103] - INFO: Epoch 00840 | Time(s) 0.0236 | Val Loss 1.5175 | Val Acc 0.5702 | ETputs(KTEPS) 167817.93
2023-10-13 15:54:29,090 - tune.py [line:103] - INFO: Epoch 00860 | Time(s) 0.0236 | Val Loss 1.4969 | Val Acc 0.5788 | ETputs(KTEPS) 167874.19
2023-10-13 15:54:29,585 - tune.py [line:103] - INFO: Epoch 00880 | Time(s) 0.0237 | Val Loss 1.4808 | Val Acc 0.5740 | ETputs(KTEPS) 167714.34
2023-10-13 15:54:30,054 - tune.py [line:103] - INFO: Epoch 00900 | Time(s) 0.0236 | Val Loss 1.5413 | Val Acc 0.5712 | ETputs(KTEPS) 167758.67
2023-10-13 15:54:30,539 - tune.py [line:103] - INFO: Epoch 00920 | Time(s) 0.0237 | Val Loss 1.4942 | Val Acc 0.5712 | ETputs(KTEPS) 167665.86
2023-10-13 15:54:31,060 - tune.py [line:103] - INFO: Epoch 00940 | Time(s) 0.0237 | Val Loss 1.5327 | Val Acc 0.5798 | ETputs(KTEPS) 167309.72
2023-10-13 15:54:31,568 - tune.py [line:103] - INFO: Epoch 00960 | Time(s) 0.0237 | Val Loss 1.5085 | Val Acc 0.5692 | ETputs(KTEPS) 167067.08
2023-10-13 15:54:32,088 - tune.py [line:103] - INFO: Epoch 00980 | Time(s) 0.0238 | Val Loss 1.4576 | Val Acc 0.5817 | ETputs(KTEPS) 166781.01
2023-10-13 15:54:32,554 - tune.py [line:103] - INFO: Epoch 01000 | Time(s) 0.0238 | Val Loss 1.5099 | Val Acc 0.5683 | ETputs(KTEPS) 166854.07
2023-10-13 15:54:33,035 - tune.py [line:103] - INFO: Epoch 01020 | Time(s) 0.0238 | Val Loss 1.5068 | Val Acc 0.5779 | ETputs(KTEPS) 166824.99
2023-10-13 15:54:33,523 - tune.py [line:103] - INFO: Epoch 01040 | Time(s) 0.0238 | Val Loss 1.5207 | Val Acc 0.5788 | ETputs(KTEPS) 166743.38
2023-10-13 15:54:33,932 - tune.py [line:103] - INFO: Epoch 01060 | Time(s) 0.0237 | Val Loss 1.4580 | Val Acc 0.5635 | ETputs(KTEPS) 167190.51
2023-10-13 15:54:34,437 - tune.py [line:103] - INFO: Epoch 01080 | Time(s) 0.0238 | Val Loss 1.5091 | Val Acc 0.5702 | ETputs(KTEPS) 166996.00
2023-10-13 15:54:34,984 - tune.py [line:103] - INFO: Epoch 01100 | Time(s) 0.0238 | Val Loss 1.4855 | Val Acc 0.5683 | ETputs(KTEPS) 166541.49
2023-10-13 15:54:35,530 - tune.py [line:103] - INFO: Epoch 01120 | Time(s) 0.0239 | Val Loss 1.5273 | Val Acc 0.5894 | ETputs(KTEPS) 166136.49
2023-10-13 15:54:36,072 - tune.py [line:103] - INFO: Epoch 01140 | Time(s) 0.0239 | Val Loss 1.5403 | Val Acc 0.5885 | ETputs(KTEPS) 165747.65
2023-10-13 15:54:36,600 - tune.py [line:103] - INFO: Epoch 01160 | Time(s) 0.0240 | Val Loss 1.4116 | Val Acc 0.5817 | ETputs(KTEPS) 165487.06
2023-10-13 15:54:37,130 - tune.py [line:103] - INFO: Epoch 01180 | Time(s) 0.0240 | Val Loss 1.5394 | Val Acc 0.5721 | ETputs(KTEPS) 165200.02
2023-10-13 15:54:37,624 - tune.py [line:103] - INFO: Epoch 01200 | Time(s) 0.0240 | Val Loss 1.5879 | Val Acc 0.5808 | ETputs(KTEPS) 165120.18
2023-10-13 15:54:38,087 - tune.py [line:103] - INFO: Epoch 01220 | Time(s) 0.0240 | Val Loss 1.5374 | Val Acc 0.5731 | ETputs(KTEPS) 165222.24
2023-10-13 15:54:38,555 - tune.py [line:103] - INFO: Epoch 01240 | Time(s) 0.0240 | Val Loss 1.5331 | Val Acc 0.5760 | ETputs(KTEPS) 165292.64
2023-10-13 15:54:39,106 - tune.py [line:103] - INFO: Epoch 01260 | Time(s) 0.0241 | Val Loss 1.4667 | Val Acc 0.5827 | ETputs(KTEPS) 164912.12
2023-10-13 15:54:39,579 - tune.py [line:103] - INFO: Epoch 01280 | Time(s) 0.0240 | Val Loss 1.4620 | Val Acc 0.5827 | ETputs(KTEPS) 164959.37
2023-10-13 15:54:40,133 - tune.py [line:103] - INFO: Epoch 01300 | Time(s) 0.0241 | Val Loss 1.4694 | Val Acc 0.5856 | ETputs(KTEPS) 164578.42
2023-10-13 15:54:40,678 - tune.py [line:103] - INFO: Epoch 01320 | Time(s) 0.0241 | Val Loss 1.5495 | Val Acc 0.5923 | ETputs(KTEPS) 164271.30
2023-10-13 15:54:41,239 - tune.py [line:103] - INFO: Epoch 01340 | Time(s) 0.0242 | Val Loss 1.5432 | Val Acc 0.5817 | ETputs(KTEPS) 163878.82
2023-10-13 15:54:41,763 - tune.py [line:103] - INFO: Epoch 01360 | Time(s) 0.0242 | Val Loss 1.5742 | Val Acc 0.5750 | ETputs(KTEPS) 163680.30
2023-10-13 15:54:42,361 - tune.py [line:103] - INFO: Epoch 01380 | Time(s) 0.0243 | Val Loss 1.5000 | Val Acc 0.5750 | ETputs(KTEPS) 163132.06
2023-10-13 15:54:42,872 - tune.py [line:103] - INFO: Epoch 01400 | Time(s) 0.0243 | Val Loss 1.5313 | Val Acc 0.5779 | ETputs(KTEPS) 163017.45
2023-10-13 15:54:43,414 - tune.py [line:103] - INFO: Epoch 01420 | Time(s) 0.0244 | Val Loss 1.5645 | Val Acc 0.5702 | ETputs(KTEPS) 162760.56
2023-10-13 15:54:43,962 - tune.py [line:103] - INFO: Epoch 01440 | Time(s) 0.0244 | Val Loss 1.5105 | Val Acc 0.5740 | ETputs(KTEPS) 162486.53
2023-10-13 15:54:44,479 - tune.py [line:103] - INFO: Epoch 01460 | Time(s) 0.0244 | Val Loss 1.5635 | Val Acc 0.5808 | ETputs(KTEPS) 162355.78
2023-10-13 15:54:44,950 - tune.py [line:103] - INFO: Epoch 01480 | Time(s) 0.0244 | Val Loss 1.5778 | Val Acc 0.5837 | ETputs(KTEPS) 162437.79
2023-10-13 15:54:45,482 - tune.py [line:103] - INFO: Epoch 01500 | Time(s) 0.0245 | Val Loss 1.5878 | Val Acc 0.5875 | ETputs(KTEPS) 162248.94
2023-10-13 15:54:46,036 - tune.py [line:103] - INFO: Epoch 01520 | Time(s) 0.0245 | Val Loss 1.6151 | Val Acc 0.5837 | ETputs(KTEPS) 161970.08
2023-10-13 15:54:46,550 - tune.py [line:103] - INFO: Epoch 01540 | Time(s) 0.0245 | Val Loss 1.4830 | Val Acc 0.5846 | ETputs(KTEPS) 161867.62
2023-10-13 15:54:47,031 - tune.py [line:103] - INFO: Epoch 01560 | Time(s) 0.0245 | Val Loss 1.5761 | Val Acc 0.5798 | ETputs(KTEPS) 161910.99
2023-10-13 15:54:47,520 - tune.py [line:103] - INFO: Epoch 01580 | Time(s) 0.0245 | Val Loss 1.4756 | Val Acc 0.5990 | ETputs(KTEPS) 161951.06
2023-10-13 15:54:48,027 - tune.py [line:103] - INFO: Epoch 01600 | Time(s) 0.0245 | Val Loss 1.5765 | Val Acc 0.5885 | ETputs(KTEPS) 161880.98
2023-10-13 15:54:48,507 - tune.py [line:103] - INFO: Epoch 01620 | Time(s) 0.0245 | Val Loss 1.5890 | Val Acc 0.5885 | ETputs(KTEPS) 161925.05
2023-10-13 15:54:48,999 - tune.py [line:103] - INFO: Epoch 01640 | Time(s) 0.0245 | Val Loss 1.5116 | Val Acc 0.5827 | ETputs(KTEPS) 161922.31
2023-10-13 15:54:49,530 - tune.py [line:103] - INFO: Epoch 01660 | Time(s) 0.0245 | Val Loss 1.5421 | Val Acc 0.5856 | ETputs(KTEPS) 161759.68
2023-10-13 15:54:50,011 - tune.py [line:103] - INFO: Epoch 01680 | Time(s) 0.0245 | Val Loss 1.5652 | Val Acc 0.5885 | ETputs(KTEPS) 161800.62
2023-10-13 15:54:50,520 - tune.py [line:103] - INFO: Epoch 01700 | Time(s) 0.0245 | Val Loss 1.5414 | Val Acc 0.5817 | ETputs(KTEPS) 161730.93
2023-10-13 15:54:50,999 - tune.py [line:103] - INFO: Epoch 01720 | Time(s) 0.0245 | Val Loss 1.5330 | Val Acc 0.5875 | ETputs(KTEPS) 161777.46
2023-10-13 15:54:51,495 - tune.py [line:103] - INFO: Epoch 01740 | Time(s) 0.0245 | Val Loss 1.4654 | Val Acc 0.5942 | ETputs(KTEPS) 161760.87
2023-10-13 15:54:52,021 - tune.py [line:103] - INFO: Epoch 01760 | Time(s) 0.0245 | Val Loss 1.5626 | Val Acc 0.5904 | ETputs(KTEPS) 161629.51
2023-10-13 15:54:52,540 - tune.py [line:103] - INFO: Epoch 01780 | Time(s) 0.0246 | Val Loss 1.5027 | Val Acc 0.5913 | ETputs(KTEPS) 161528.03
2023-10-13 15:54:53,061 - tune.py [line:103] - INFO: Epoch 01800 | Time(s) 0.0246 | Val Loss 1.5666 | Val Acc 0.5865 | ETputs(KTEPS) 161419.28
2023-10-13 15:54:53,563 - tune.py [line:103] - INFO: Epoch 01820 | Time(s) 0.0246 | Val Loss 1.5429 | Val Acc 0.5885 | ETputs(KTEPS) 161386.79
2023-10-13 15:54:54,136 - tune.py [line:103] - INFO: Epoch 01840 | Time(s) 0.0246 | Val Loss 1.5387 | Val Acc 0.5865 | ETputs(KTEPS) 161099.74
2023-10-13 15:54:54,628 - tune.py [line:103] - INFO: Epoch 01860 | Time(s) 0.0246 | Val Loss 1.4720 | Val Acc 0.5913 | ETputs(KTEPS) 161103.39
2023-10-13 15:54:55,137 - tune.py [line:117] - INFO: [FINAL MODEL] Val accuracy 60.29% \Val loss: 1.5
2023-10-13 15:54:55,142 - tune.py [line:119] - INFO: [FINAL MODEL] Test accuracy 59.56% \Test loss: 1.5
2023-10-13 15:54:55,142 - tune.py [line:144] - INFO: Acc on the first split (Validation Set): 0.6029
2023-10-13 15:54:55,142 - tune.py [line:145] - INFO: Acc on the first split (Test Set): 0.5956
