2023-10-13 15:46:59,594 - tune.py [line:203] - INFO: Namespace(seed=42, model='GPRGNN', gpu=1, dataset='geom-squirrel', logging=True, log_detail=True, log_detailedCh=False, id_log=1013014505, optuna_n_trials=202, n_epochs=2000, self_loop=False, udgraph=True, early_stop=True, patience=300, n_hidden=64, n_cv=1, start_cv=0, n_layers=16, lr1=0.05, lr2=0.05, wd1=1e-08, wd2=0.001, dropout=0.0, dropout2=0.9, alpha=0.9, es_ckpt='woselfloop-geom-squirrel_GPRGNN-geom-squirrel_trialNo10')
2023-10-13 15:47:02,226 - tune.py [line:128] - INFO: Split_seeds:[1824]
2023-10-13 15:47:02,226 - tune.py [line:129] - INFO: Model_seeds:[409]
2023-10-13 15:47:02,739 - tune.py [line:103] - INFO: Epoch 00020 | Time(s) 0.0246 | Val Loss 1.5620 | Val Acc 0.3173 | ETputs(KTEPS) 161180.56
2023-10-13 15:47:03,235 - tune.py [line:103] - INFO: Epoch 00040 | Time(s) 0.0241 | Val Loss 1.4611 | Val Acc 0.3817 | ETputs(KTEPS) 164546.16
2023-10-13 15:47:03,728 - tune.py [line:103] - INFO: Epoch 00060 | Time(s) 0.0240 | Val Loss 1.4240 | Val Acc 0.4096 | ETputs(KTEPS) 165260.81
2023-10-13 15:47:04,281 - tune.py [line:103] - INFO: Epoch 00080 | Time(s) 0.0247 | Val Loss 1.4001 | Val Acc 0.4356 | ETputs(KTEPS) 160538.45
2023-10-13 15:47:04,802 - tune.py [line:103] - INFO: Epoch 00100 | Time(s) 0.0249 | Val Loss 1.3820 | Val Acc 0.4702 | ETputs(KTEPS) 159377.94
2023-10-13 15:47:05,330 - tune.py [line:103] - INFO: Epoch 00120 | Time(s) 0.0251 | Val Loss 1.4026 | Val Acc 0.4683 | ETputs(KTEPS) 158108.72
2023-10-13 15:47:05,788 - tune.py [line:103] - INFO: Epoch 00140 | Time(s) 0.0248 | Val Loss 1.4091 | Val Acc 0.4750 | ETputs(KTEPS) 160084.84
2023-10-13 15:47:06,319 - tune.py [line:103] - INFO: Epoch 00160 | Time(s) 0.0249 | Val Loss 1.4193 | Val Acc 0.5000 | ETputs(KTEPS) 159104.63
2023-10-13 15:47:06,794 - tune.py [line:103] - INFO: Epoch 00180 | Time(s) 0.0248 | Val Loss 1.3961 | Val Acc 0.4971 | ETputs(KTEPS) 160037.81
2023-10-13 15:47:07,283 - tune.py [line:103] - INFO: Epoch 00200 | Time(s) 0.0247 | Val Loss 1.3665 | Val Acc 0.5144 | ETputs(KTEPS) 160410.32
2023-10-13 15:47:07,752 - tune.py [line:103] - INFO: Epoch 00220 | Time(s) 0.0246 | Val Loss 1.4653 | Val Acc 0.5125 | ETputs(KTEPS) 161355.24
2023-10-13 15:47:08,211 - tune.py [line:103] - INFO: Epoch 00240 | Time(s) 0.0244 | Val Loss 1.4327 | Val Acc 0.5231 | ETputs(KTEPS) 162255.55
2023-10-13 15:47:08,676 - tune.py [line:103] - INFO: Epoch 00260 | Time(s) 0.0243 | Val Loss 1.4482 | Val Acc 0.5269 | ETputs(KTEPS) 163124.91
2023-10-13 15:47:09,132 - tune.py [line:103] - INFO: Epoch 00280 | Time(s) 0.0242 | Val Loss 1.4040 | Val Acc 0.5250 | ETputs(KTEPS) 163957.13
2023-10-13 15:47:09,582 - tune.py [line:103] - INFO: Epoch 00300 | Time(s) 0.0241 | Val Loss 1.3997 | Val Acc 0.5337 | ETputs(KTEPS) 164794.56
2023-10-13 15:47:10,080 - tune.py [line:103] - INFO: Epoch 00320 | Time(s) 0.0241 | Val Loss 1.3860 | Val Acc 0.5404 | ETputs(KTEPS) 164453.35
2023-10-13 15:47:10,572 - tune.py [line:103] - INFO: Epoch 00340 | Time(s) 0.0241 | Val Loss 1.3785 | Val Acc 0.5529 | ETputs(KTEPS) 164303.96
2023-10-13 15:47:11,099 - tune.py [line:103] - INFO: Epoch 00360 | Time(s) 0.0243 | Val Loss 1.3299 | Val Acc 0.5471 | ETputs(KTEPS) 163521.12
2023-10-13 15:47:11,588 - tune.py [line:103] - INFO: Epoch 00380 | Time(s) 0.0243 | Val Loss 1.3712 | Val Acc 0.5413 | ETputs(KTEPS) 163458.49
2023-10-13 15:47:12,101 - tune.py [line:103] - INFO: Epoch 00400 | Time(s) 0.0243 | Val Loss 1.4400 | Val Acc 0.5462 | ETputs(KTEPS) 163070.43
2023-10-13 15:47:12,609 - tune.py [line:103] - INFO: Epoch 00420 | Time(s) 0.0244 | Val Loss 1.4291 | Val Acc 0.5548 | ETputs(KTEPS) 162807.78
2023-10-13 15:47:13,070 - tune.py [line:103] - INFO: Epoch 00440 | Time(s) 0.0243 | Val Loss 1.4123 | Val Acc 0.5500 | ETputs(KTEPS) 163210.80
2023-10-13 15:47:13,554 - tune.py [line:103] - INFO: Epoch 00460 | Time(s) 0.0243 | Val Loss 1.3969 | Val Acc 0.5423 | ETputs(KTEPS) 163251.16
2023-10-13 15:47:14,030 - tune.py [line:103] - INFO: Epoch 00480 | Time(s) 0.0243 | Val Loss 1.4041 | Val Acc 0.5481 | ETputs(KTEPS) 163397.29
2023-10-13 15:47:14,518 - tune.py [line:103] - INFO: Epoch 00500 | Time(s) 0.0243 | Val Loss 1.3998 | Val Acc 0.5433 | ETputs(KTEPS) 163365.65
2023-10-13 15:47:14,961 - tune.py [line:103] - INFO: Epoch 00520 | Time(s) 0.0242 | Val Loss 1.5062 | Val Acc 0.5519 | ETputs(KTEPS) 163927.62
2023-10-13 15:47:15,424 - tune.py [line:103] - INFO: Epoch 00540 | Time(s) 0.0242 | Val Loss 1.5015 | Val Acc 0.5577 | ETputs(KTEPS) 164223.48
2023-10-13 15:47:15,970 - tune.py [line:103] - INFO: Epoch 00560 | Time(s) 0.0243 | Val Loss 1.5056 | Val Acc 0.5538 | ETputs(KTEPS) 163518.41
2023-10-13 15:47:16,467 - tune.py [line:103] - INFO: Epoch 00580 | Time(s) 0.0243 | Val Loss 1.5131 | Val Acc 0.5567 | ETputs(KTEPS) 163383.03
2023-10-13 15:47:16,941 - tune.py [line:103] - INFO: Epoch 00600 | Time(s) 0.0243 | Val Loss 1.4903 | Val Acc 0.5471 | ETputs(KTEPS) 163519.01
2023-10-13 15:47:17,460 - tune.py [line:103] - INFO: Epoch 00620 | Time(s) 0.0243 | Val Loss 1.4684 | Val Acc 0.5452 | ETputs(KTEPS) 163160.91
2023-10-13 15:47:17,961 - tune.py [line:103] - INFO: Epoch 00640 | Time(s) 0.0243 | Val Loss 1.4981 | Val Acc 0.5558 | ETputs(KTEPS) 163015.94
2023-10-13 15:47:18,479 - tune.py [line:103] - INFO: Epoch 00660 | Time(s) 0.0244 | Val Loss 1.4737 | Val Acc 0.5548 | ETputs(KTEPS) 162730.62
2023-10-13 15:47:18,981 - tune.py [line:103] - INFO: Epoch 00680 | Time(s) 0.0244 | Val Loss 1.4990 | Val Acc 0.5596 | ETputs(KTEPS) 162625.58
2023-10-13 15:47:19,483 - tune.py [line:103] - INFO: Epoch 00700 | Time(s) 0.0244 | Val Loss 1.5751 | Val Acc 0.5644 | ETputs(KTEPS) 162558.69
2023-10-13 15:47:19,944 - tune.py [line:103] - INFO: Epoch 00720 | Time(s) 0.0244 | Val Loss 1.5009 | Val Acc 0.5452 | ETputs(KTEPS) 162814.15
2023-10-13 15:47:20,405 - tune.py [line:103] - INFO: Epoch 00740 | Time(s) 0.0243 | Val Loss 1.4446 | Val Acc 0.5481 | ETputs(KTEPS) 163048.93
2023-10-13 15:47:20,838 - tune.py [line:103] - INFO: Epoch 00760 | Time(s) 0.0243 | Val Loss 1.4844 | Val Acc 0.5462 | ETputs(KTEPS) 163531.39
2023-10-13 15:47:21,307 - tune.py [line:103] - INFO: Epoch 00780 | Time(s) 0.0242 | Val Loss 1.4528 | Val Acc 0.5587 | ETputs(KTEPS) 163677.10
2023-10-13 15:47:21,759 - tune.py [line:103] - INFO: Epoch 00800 | Time(s) 0.0242 | Val Loss 1.4973 | Val Acc 0.5548 | ETputs(KTEPS) 163958.89
2023-10-13 15:47:22,221 - tune.py [line:103] - INFO: Epoch 00820 | Time(s) 0.0242 | Val Loss 1.4703 | Val Acc 0.5529 | ETputs(KTEPS) 164141.34
2023-10-13 15:47:22,668 - tune.py [line:103] - INFO: Epoch 00840 | Time(s) 0.0241 | Val Loss 1.5464 | Val Acc 0.5462 | ETputs(KTEPS) 164435.64
2023-10-13 15:47:23,106 - tune.py [line:103] - INFO: Epoch 00860 | Time(s) 0.0241 | Val Loss 1.5678 | Val Acc 0.5471 | ETputs(KTEPS) 164799.36
2023-10-13 15:47:23,583 - tune.py [line:103] - INFO: Epoch 00880 | Time(s) 0.0241 | Val Loss 1.7114 | Val Acc 0.5558 | ETputs(KTEPS) 164837.17
2023-10-13 15:47:24,063 - tune.py [line:103] - INFO: Epoch 00900 | Time(s) 0.0241 | Val Loss 1.6335 | Val Acc 0.5596 | ETputs(KTEPS) 164865.94
2023-10-13 15:47:24,503 - tune.py [line:103] - INFO: Epoch 00920 | Time(s) 0.0240 | Val Loss 1.5282 | Val Acc 0.5654 | ETputs(KTEPS) 165196.33
2023-10-13 15:47:24,966 - tune.py [line:103] - INFO: Epoch 00940 | Time(s) 0.0240 | Val Loss 1.5540 | Val Acc 0.5683 | ETputs(KTEPS) 165320.79
2023-10-13 15:47:25,438 - tune.py [line:103] - INFO: Epoch 00960 | Time(s) 0.0240 | Val Loss 1.6458 | Val Acc 0.5548 | ETputs(KTEPS) 165385.00
2023-10-13 15:47:25,883 - tune.py [line:103] - INFO: Epoch 00980 | Time(s) 0.0239 | Val Loss 1.5531 | Val Acc 0.5625 | ETputs(KTEPS) 165651.65
2023-10-13 15:47:26,345 - tune.py [line:103] - INFO: Epoch 01000 | Time(s) 0.0239 | Val Loss 1.5676 | Val Acc 0.5644 | ETputs(KTEPS) 165789.62
2023-10-13 15:47:26,809 - tune.py [line:103] - INFO: Epoch 01020 | Time(s) 0.0239 | Val Loss 1.6734 | Val Acc 0.5615 | ETputs(KTEPS) 165892.42
2023-10-13 15:47:27,294 - tune.py [line:103] - INFO: Epoch 01040 | Time(s) 0.0239 | Val Loss 1.5895 | Val Acc 0.5615 | ETputs(KTEPS) 165855.87
2023-10-13 15:47:27,703 - tune.py [line:103] - INFO: Epoch 01060 | Time(s) 0.0239 | Val Loss 1.5478 | Val Acc 0.5615 | ETputs(KTEPS) 166314.94
2023-10-13 15:47:28,153 - tune.py [line:103] - INFO: Epoch 01080 | Time(s) 0.0238 | Val Loss 1.7797 | Val Acc 0.5683 | ETputs(KTEPS) 166493.08
2023-10-13 15:47:28,574 - tune.py [line:103] - INFO: Epoch 01100 | Time(s) 0.0238 | Val Loss 1.4529 | Val Acc 0.5769 | ETputs(KTEPS) 166850.29
2023-10-13 15:47:29,036 - tune.py [line:103] - INFO: Epoch 01120 | Time(s) 0.0238 | Val Loss 1.5190 | Val Acc 0.5721 | ETputs(KTEPS) 166948.23
2023-10-13 15:47:29,505 - tune.py [line:103] - INFO: Epoch 01140 | Time(s) 0.0238 | Val Loss 1.6024 | Val Acc 0.5740 | ETputs(KTEPS) 167018.77
2023-10-13 15:47:29,963 - tune.py [line:103] - INFO: Epoch 01160 | Time(s) 0.0237 | Val Loss 1.4685 | Val Acc 0.5760 | ETputs(KTEPS) 167122.00
2023-10-13 15:47:30,433 - tune.py [line:103] - INFO: Epoch 01180 | Time(s) 0.0237 | Val Loss 1.6415 | Val Acc 0.5740 | ETputs(KTEPS) 167151.21
2023-10-13 15:47:30,889 - tune.py [line:103] - INFO: Epoch 01200 | Time(s) 0.0237 | Val Loss 1.5994 | Val Acc 0.5817 | ETputs(KTEPS) 167267.67
2023-10-13 15:47:31,318 - tune.py [line:103] - INFO: Epoch 01220 | Time(s) 0.0237 | Val Loss 1.5652 | Val Acc 0.5788 | ETputs(KTEPS) 167530.42
2023-10-13 15:47:31,738 - tune.py [line:103] - INFO: Epoch 01240 | Time(s) 0.0236 | Val Loss 1.6720 | Val Acc 0.5731 | ETputs(KTEPS) 167841.22
2023-10-13 15:47:32,182 - tune.py [line:103] - INFO: Epoch 01260 | Time(s) 0.0236 | Val Loss 1.7689 | Val Acc 0.5760 | ETputs(KTEPS) 168017.20
2023-10-13 15:47:32,655 - tune.py [line:103] - INFO: Epoch 01280 | Time(s) 0.0236 | Val Loss 1.5531 | Val Acc 0.5740 | ETputs(KTEPS) 168017.70
2023-10-13 15:47:33,112 - tune.py [line:103] - INFO: Epoch 01300 | Time(s) 0.0236 | Val Loss 1.5835 | Val Acc 0.5712 | ETputs(KTEPS) 168104.95
2023-10-13 15:47:33,574 - tune.py [line:103] - INFO: Epoch 01320 | Time(s) 0.0236 | Val Loss 1.6783 | Val Acc 0.5788 | ETputs(KTEPS) 168158.85
2023-10-13 15:47:34,067 - tune.py [line:103] - INFO: Epoch 01340 | Time(s) 0.0236 | Val Loss 1.7406 | Val Acc 0.5683 | ETputs(KTEPS) 168054.09
2023-10-13 15:47:34,537 - tune.py [line:103] - INFO: Epoch 01360 | Time(s) 0.0236 | Val Loss 1.7974 | Val Acc 0.5760 | ETputs(KTEPS) 168067.33
2023-10-13 15:47:35,010 - tune.py [line:103] - INFO: Epoch 01380 | Time(s) 0.0236 | Val Loss 1.7891 | Val Acc 0.5760 | ETputs(KTEPS) 168063.22
2023-10-13 15:47:35,481 - tune.py [line:103] - INFO: Epoch 01400 | Time(s) 0.0236 | Val Loss 1.5571 | Val Acc 0.5779 | ETputs(KTEPS) 168093.61
2023-10-13 15:47:35,929 - tune.py [line:103] - INFO: Epoch 01420 | Time(s) 0.0236 | Val Loss 1.4850 | Val Acc 0.5788 | ETputs(KTEPS) 168219.29
2023-10-13 15:47:36,382 - tune.py [line:103] - INFO: Epoch 01440 | Time(s) 0.0236 | Val Loss 1.5318 | Val Acc 0.5750 | ETputs(KTEPS) 168312.70
2023-10-13 15:47:36,866 - tune.py [line:103] - INFO: Epoch 01460 | Time(s) 0.0236 | Val Loss 1.7204 | Val Acc 0.5721 | ETputs(KTEPS) 168254.40
2023-10-13 15:47:37,358 - tune.py [line:103] - INFO: Epoch 01480 | Time(s) 0.0236 | Val Loss 1.9308 | Val Acc 0.5769 | ETputs(KTEPS) 168161.96
2023-10-13 15:47:37,817 - tune.py [line:103] - INFO: Epoch 01500 | Time(s) 0.0236 | Val Loss 1.5736 | Val Acc 0.5760 | ETputs(KTEPS) 168227.70
2023-10-13 15:47:38,269 - tune.py [line:103] - INFO: Epoch 01520 | Time(s) 0.0236 | Val Loss 1.5399 | Val Acc 0.5798 | ETputs(KTEPS) 168321.98
2023-10-13 15:47:38,785 - tune.py [line:103] - INFO: Epoch 01540 | Time(s) 0.0236 | Val Loss 1.7004 | Val Acc 0.5740 | ETputs(KTEPS) 168115.13
2023-10-13 15:47:39,280 - tune.py [line:103] - INFO: Epoch 01560 | Time(s) 0.0236 | Val Loss 1.8352 | Val Acc 0.5750 | ETputs(KTEPS) 168015.24
2023-10-13 15:47:39,764 - tune.py [line:103] - INFO: Epoch 01580 | Time(s) 0.0236 | Val Loss 1.7127 | Val Acc 0.5760 | ETputs(KTEPS) 167962.48
2023-10-13 15:47:40,248 - tune.py [line:103] - INFO: Epoch 01600 | Time(s) 0.0236 | Val Loss 1.6941 | Val Acc 0.5760 | ETputs(KTEPS) 167914.94
2023-10-13 15:47:40,705 - tune.py [line:103] - INFO: Epoch 01620 | Time(s) 0.0236 | Val Loss 1.8000 | Val Acc 0.5798 | ETputs(KTEPS) 167985.01
2023-10-13 15:47:41,189 - tune.py [line:103] - INFO: Epoch 01640 | Time(s) 0.0236 | Val Loss 1.8341 | Val Acc 0.5740 | ETputs(KTEPS) 167936.38
2023-10-13 15:47:41,640 - tune.py [line:103] - INFO: Epoch 01660 | Time(s) 0.0236 | Val Loss 1.5529 | Val Acc 0.5875 | ETputs(KTEPS) 168033.41
2023-10-13 15:47:42,096 - tune.py [line:103] - INFO: Epoch 01680 | Time(s) 0.0236 | Val Loss 1.7552 | Val Acc 0.5837 | ETputs(KTEPS) 168102.17
2023-10-13 15:47:42,336 - tune.py [line:117] - INFO: [FINAL MODEL] Val accuracy 58.75% \Val loss: 1.6
2023-10-13 15:47:42,340 - tune.py [line:119] - INFO: [FINAL MODEL] Test accuracy 58.41% \Test loss: 1.6
2023-10-13 15:47:42,341 - tune.py [line:144] - INFO: Acc on the first split (Validation Set): 0.5875
2023-10-13 15:47:42,341 - tune.py [line:145] - INFO: Acc on the first split (Test Set): 0.5841
