2023-10-13 15:50:15,420 - tune.py [line:203] - INFO: Namespace(seed=42, model='GPRGNN', gpu=1, dataset='geom-squirrel', logging=True, log_detail=True, log_detailedCh=False, id_log=1013014505, optuna_n_trials=202, n_epochs=2000, self_loop=False, udgraph=True, early_stop=True, patience=300, n_hidden=64, n_cv=1, start_cv=0, n_layers=20, lr1=0.04, lr2=0.04, wd1=1e-07, wd2=0.0001, dropout=0.1, dropout2=0.8, alpha=0.7000000000000001, es_ckpt='woselfloop-geom-squirrel_GPRGNN-geom-squirrel_trialNo24')
2023-10-13 15:50:17,869 - tune.py [line:128] - INFO: Split_seeds:[1824]
2023-10-13 15:50:17,869 - tune.py [line:129] - INFO: Model_seeds:[409]
2023-10-13 15:50:18,390 - tune.py [line:103] - INFO: Epoch 00020 | Time(s) 0.0251 | Val Loss 1.5533 | Val Acc 0.3365 | ETputs(KTEPS) 157760.58
2023-10-13 15:50:18,918 - tune.py [line:103] - INFO: Epoch 00040 | Time(s) 0.0254 | Val Loss 1.5895 | Val Acc 0.3692 | ETputs(KTEPS) 156062.68
2023-10-13 15:50:19,518 - tune.py [line:103] - INFO: Epoch 00060 | Time(s) 0.0266 | Val Loss 1.6683 | Val Acc 0.4135 | ETputs(KTEPS) 148967.18
2023-10-13 15:50:20,056 - tune.py [line:103] - INFO: Epoch 00080 | Time(s) 0.0266 | Val Loss 1.7075 | Val Acc 0.4327 | ETputs(KTEPS) 149300.90
2023-10-13 15:50:20,609 - tune.py [line:103] - INFO: Epoch 00100 | Time(s) 0.0267 | Val Loss 1.6208 | Val Acc 0.4788 | ETputs(KTEPS) 148760.49
2023-10-13 15:50:21,150 - tune.py [line:103] - INFO: Epoch 00120 | Time(s) 0.0267 | Val Loss 1.6584 | Val Acc 0.4788 | ETputs(KTEPS) 148782.07
2023-10-13 15:50:21,719 - tune.py [line:103] - INFO: Epoch 00140 | Time(s) 0.0269 | Val Loss 1.5968 | Val Acc 0.4846 | ETputs(KTEPS) 147613.19
2023-10-13 15:50:22,258 - tune.py [line:103] - INFO: Epoch 00160 | Time(s) 0.0269 | Val Loss 1.5734 | Val Acc 0.5010 | ETputs(KTEPS) 147656.79
2023-10-13 15:50:22,784 - tune.py [line:103] - INFO: Epoch 00180 | Time(s) 0.0268 | Val Loss 1.5869 | Val Acc 0.5048 | ETputs(KTEPS) 148237.46
2023-10-13 15:50:23,318 - tune.py [line:103] - INFO: Epoch 00200 | Time(s) 0.0267 | Val Loss 1.6374 | Val Acc 0.5135 | ETputs(KTEPS) 148520.99
2023-10-13 15:50:23,842 - tune.py [line:103] - INFO: Epoch 00220 | Time(s) 0.0266 | Val Loss 1.5844 | Val Acc 0.5135 | ETputs(KTEPS) 148901.38
2023-10-13 15:50:24,340 - tune.py [line:103] - INFO: Epoch 00240 | Time(s) 0.0265 | Val Loss 1.5688 | Val Acc 0.5317 | ETputs(KTEPS) 149721.26
2023-10-13 15:50:24,854 - tune.py [line:103] - INFO: Epoch 00260 | Time(s) 0.0264 | Val Loss 1.5398 | Val Acc 0.5327 | ETputs(KTEPS) 150289.33
2023-10-13 15:50:25,357 - tune.py [line:103] - INFO: Epoch 00280 | Time(s) 0.0263 | Val Loss 1.5950 | Val Acc 0.5298 | ETputs(KTEPS) 150799.28
2023-10-13 15:50:25,864 - tune.py [line:103] - INFO: Epoch 00300 | Time(s) 0.0262 | Val Loss 1.6216 | Val Acc 0.5327 | ETputs(KTEPS) 151208.80
2023-10-13 15:50:26,382 - tune.py [line:103] - INFO: Epoch 00320 | Time(s) 0.0262 | Val Loss 1.5648 | Val Acc 0.5452 | ETputs(KTEPS) 151369.85
2023-10-13 15:50:26,895 - tune.py [line:103] - INFO: Epoch 00340 | Time(s) 0.0262 | Val Loss 1.5879 | Val Acc 0.5490 | ETputs(KTEPS) 151657.00
2023-10-13 15:50:27,430 - tune.py [line:103] - INFO: Epoch 00360 | Time(s) 0.0262 | Val Loss 1.5524 | Val Acc 0.5529 | ETputs(KTEPS) 151505.97
2023-10-13 15:50:27,921 - tune.py [line:103] - INFO: Epoch 00380 | Time(s) 0.0261 | Val Loss 1.5953 | Val Acc 0.5481 | ETputs(KTEPS) 152008.10
2023-10-13 15:50:28,476 - tune.py [line:103] - INFO: Epoch 00400 | Time(s) 0.0262 | Val Loss 1.5487 | Val Acc 0.5490 | ETputs(KTEPS) 151533.83
2023-10-13 15:50:29,031 - tune.py [line:103] - INFO: Epoch 00420 | Time(s) 0.0262 | Val Loss 1.6269 | Val Acc 0.5413 | ETputs(KTEPS) 151147.65
2023-10-13 15:50:29,542 - tune.py [line:103] - INFO: Epoch 00440 | Time(s) 0.0262 | Val Loss 1.6046 | Val Acc 0.5462 | ETputs(KTEPS) 151330.41
2023-10-13 15:50:30,049 - tune.py [line:103] - INFO: Epoch 00460 | Time(s) 0.0262 | Val Loss 1.5411 | Val Acc 0.5577 | ETputs(KTEPS) 151549.26
2023-10-13 15:50:30,597 - tune.py [line:103] - INFO: Epoch 00480 | Time(s) 0.0262 | Val Loss 1.5878 | Val Acc 0.5462 | ETputs(KTEPS) 151293.88
2023-10-13 15:50:31,136 - tune.py [line:103] - INFO: Epoch 00500 | Time(s) 0.0262 | Val Loss 1.5562 | Val Acc 0.5567 | ETputs(KTEPS) 151129.17
2023-10-13 15:50:31,652 - tune.py [line:103] - INFO: Epoch 00520 | Time(s) 0.0262 | Val Loss 1.5248 | Val Acc 0.5510 | ETputs(KTEPS) 151233.47
2023-10-13 15:50:32,178 - tune.py [line:103] - INFO: Epoch 00540 | Time(s) 0.0262 | Val Loss 1.5457 | Val Acc 0.5500 | ETputs(KTEPS) 151226.47
2023-10-13 15:50:32,739 - tune.py [line:103] - INFO: Epoch 00560 | Time(s) 0.0263 | Val Loss 1.5854 | Val Acc 0.5519 | ETputs(KTEPS) 150946.87
2023-10-13 15:50:33,164 - tune.py [line:103] - INFO: Epoch 00580 | Time(s) 0.0261 | Val Loss 1.6361 | Val Acc 0.5548 | ETputs(KTEPS) 151957.29
2023-10-13 15:50:33,554 - tune.py [line:103] - INFO: Epoch 00600 | Time(s) 0.0259 | Val Loss 1.6319 | Val Acc 0.5625 | ETputs(KTEPS) 153251.50
2023-10-13 15:50:33,993 - tune.py [line:103] - INFO: Epoch 00620 | Time(s) 0.0258 | Val Loss 1.6769 | Val Acc 0.5510 | ETputs(KTEPS) 154023.95
2023-10-13 15:50:34,546 - tune.py [line:103] - INFO: Epoch 00640 | Time(s) 0.0258 | Val Loss 1.5989 | Val Acc 0.5519 | ETputs(KTEPS) 153728.20
2023-10-13 15:50:35,034 - tune.py [line:103] - INFO: Epoch 00660 | Time(s) 0.0258 | Val Loss 1.6228 | Val Acc 0.5577 | ETputs(KTEPS) 153988.96
2023-10-13 15:50:35,530 - tune.py [line:103] - INFO: Epoch 00680 | Time(s) 0.0257 | Val Loss 1.6027 | Val Acc 0.5587 | ETputs(KTEPS) 154160.98
2023-10-13 15:50:36,081 - tune.py [line:103] - INFO: Epoch 00700 | Time(s) 0.0258 | Val Loss 1.6091 | Val Acc 0.5663 | ETputs(KTEPS) 153858.47
2023-10-13 15:50:36,611 - tune.py [line:103] - INFO: Epoch 00720 | Time(s) 0.0258 | Val Loss 1.6081 | Val Acc 0.5702 | ETputs(KTEPS) 153775.40
2023-10-13 15:50:37,109 - tune.py [line:103] - INFO: Epoch 00740 | Time(s) 0.0258 | Val Loss 1.6242 | Val Acc 0.5692 | ETputs(KTEPS) 153941.59
2023-10-13 15:50:37,629 - tune.py [line:103] - INFO: Epoch 00760 | Time(s) 0.0258 | Val Loss 1.6560 | Val Acc 0.5731 | ETputs(KTEPS) 153906.35
2023-10-13 15:50:38,253 - tune.py [line:103] - INFO: Epoch 00780 | Time(s) 0.0259 | Val Loss 1.6539 | Val Acc 0.5635 | ETputs(KTEPS) 153092.49
2023-10-13 15:50:38,836 - tune.py [line:103] - INFO: Epoch 00800 | Time(s) 0.0260 | Val Loss 1.6792 | Val Acc 0.5673 | ETputs(KTEPS) 152618.61
2023-10-13 15:50:39,406 - tune.py [line:103] - INFO: Epoch 00820 | Time(s) 0.0261 | Val Loss 1.6950 | Val Acc 0.5577 | ETputs(KTEPS) 152266.88
2023-10-13 15:50:39,932 - tune.py [line:103] - INFO: Epoch 00840 | Time(s) 0.0261 | Val Loss 1.6251 | Val Acc 0.5750 | ETputs(KTEPS) 152274.20
2023-10-13 15:50:40,467 - tune.py [line:103] - INFO: Epoch 00860 | Time(s) 0.0261 | Val Loss 1.6194 | Val Acc 0.5817 | ETputs(KTEPS) 152180.40
2023-10-13 15:50:41,024 - tune.py [line:103] - INFO: Epoch 00880 | Time(s) 0.0261 | Val Loss 1.6923 | Val Acc 0.5827 | ETputs(KTEPS) 151948.53
2023-10-13 15:50:41,562 - tune.py [line:103] - INFO: Epoch 00900 | Time(s) 0.0261 | Val Loss 1.6346 | Val Acc 0.5760 | ETputs(KTEPS) 151847.04
2023-10-13 15:50:42,079 - tune.py [line:103] - INFO: Epoch 00920 | Time(s) 0.0261 | Val Loss 1.6457 | Val Acc 0.5817 | ETputs(KTEPS) 151885.85
2023-10-13 15:50:42,597 - tune.py [line:103] - INFO: Epoch 00940 | Time(s) 0.0261 | Val Loss 1.5953 | Val Acc 0.5808 | ETputs(KTEPS) 151916.87
2023-10-13 15:50:43,122 - tune.py [line:103] - INFO: Epoch 00960 | Time(s) 0.0261 | Val Loss 1.7106 | Val Acc 0.5702 | ETputs(KTEPS) 151900.52
2023-10-13 15:50:43,659 - tune.py [line:103] - INFO: Epoch 00980 | Time(s) 0.0261 | Val Loss 1.6110 | Val Acc 0.5731 | ETputs(KTEPS) 151817.59
2023-10-13 15:50:44,181 - tune.py [line:103] - INFO: Epoch 01000 | Time(s) 0.0261 | Val Loss 1.6581 | Val Acc 0.5721 | ETputs(KTEPS) 151823.28
2023-10-13 15:50:44,723 - tune.py [line:103] - INFO: Epoch 01020 | Time(s) 0.0261 | Val Loss 1.6609 | Val Acc 0.5779 | ETputs(KTEPS) 151715.95
2023-10-13 15:50:45,229 - tune.py [line:103] - INFO: Epoch 01040 | Time(s) 0.0261 | Val Loss 1.6821 | Val Acc 0.5750 | ETputs(KTEPS) 151814.69
2023-10-13 15:50:45,757 - tune.py [line:103] - INFO: Epoch 01060 | Time(s) 0.0261 | Val Loss 1.6403 | Val Acc 0.5760 | ETputs(KTEPS) 151787.93
2023-10-13 15:50:46,326 - tune.py [line:103] - INFO: Epoch 01080 | Time(s) 0.0262 | Val Loss 1.7008 | Val Acc 0.5750 | ETputs(KTEPS) 151541.07
2023-10-13 15:50:46,879 - tune.py [line:103] - INFO: Epoch 01100 | Time(s) 0.0262 | Val Loss 1.6308 | Val Acc 0.5769 | ETputs(KTEPS) 151390.38
2023-10-13 15:50:47,396 - tune.py [line:103] - INFO: Epoch 01120 | Time(s) 0.0262 | Val Loss 1.6600 | Val Acc 0.5827 | ETputs(KTEPS) 151428.45
2023-10-13 15:50:47,813 - tune.py [line:117] - INFO: [FINAL MODEL] Val accuracy 58.75% \Val loss: 1.6
2023-10-13 15:50:47,818 - tune.py [line:119] - INFO: [FINAL MODEL] Test accuracy 58.41% \Test loss: 1.7
2023-10-13 15:50:47,818 - tune.py [line:144] - INFO: Acc on the first split (Validation Set): 0.5875
2023-10-13 15:50:47,818 - tune.py [line:145] - INFO: Acc on the first split (Test Set): 0.5841
