2023-10-11 07:37:12,704 - tune.py [line:191] - INFO: Namespace(seed=42, model='NormalNN', gpu=0, dataset='geom-chameleon', logging=True, log_detail=True, log_detailedCh=False, id_log=1011014502, optuna_n_trials=202, self_loop=True, udgraph=True, early_stop=True, patience=300, n_epochs=2000, n_hidden=64, n_cv=1, start_cv=0, n_layers=12, lr1=0.04, lr2=0.05, wd1=0.0001, wd2=1e-06, dropout=0.5, dropout2=0.4, es_ckpt='TestTuningScript-geom-chameleon_geom-chameleon_trialNo17')
2023-10-11 07:37:13,415 - tune.py [line:125] - INFO: Split_seeds:[1824]
2023-10-11 07:37:13,415 - tune.py [line:126] - INFO: Model_seeds:[409]
2023-10-11 07:37:14,439 - tune.py [line:100] - INFO: Epoch 00020 | Time(s) 0.0491 | Val Loss 1.0721 | Val Acc 0.6418 | ETputs(KTEPS) 13238.70
2023-10-11 07:37:15,320 - tune.py [line:100] - INFO: Epoch 00040 | Time(s) 0.0460 | Val Loss 0.9147 | Val Acc 0.7187 | ETputs(KTEPS) 14126.27
2023-10-11 07:37:16,130 - tune.py [line:100] - INFO: Epoch 00060 | Time(s) 0.0441 | Val Loss 1.0983 | Val Acc 0.7011 | ETputs(KTEPS) 14733.06
2023-10-11 07:37:16,961 - tune.py [line:100] - INFO: Epoch 00080 | Time(s) 0.0435 | Val Loss 1.1369 | Val Acc 0.7077 | ETputs(KTEPS) 14950.72
2023-10-11 07:37:17,778 - tune.py [line:100] - INFO: Epoch 00100 | Time(s) 0.0430 | Val Loss 1.1607 | Val Acc 0.7187 | ETputs(KTEPS) 15136.86
2023-10-11 07:37:18,601 - tune.py [line:100] - INFO: Epoch 00120 | Time(s) 0.0426 | Val Loss 1.1967 | Val Acc 0.7187 | ETputs(KTEPS) 15244.92
2023-10-11 07:37:19,496 - tune.py [line:100] - INFO: Epoch 00140 | Time(s) 0.0429 | Val Loss 1.2163 | Val Acc 0.7231 | ETputs(KTEPS) 15140.67
2023-10-11 07:37:20,423 - tune.py [line:100] - INFO: Epoch 00160 | Time(s) 0.0434 | Val Loss 1.2791 | Val Acc 0.7055 | ETputs(KTEPS) 14991.58
2023-10-11 07:37:21,238 - tune.py [line:100] - INFO: Epoch 00180 | Time(s) 0.0431 | Val Loss 1.2355 | Val Acc 0.7187 | ETputs(KTEPS) 15094.23
2023-10-11 07:37:22,045 - tune.py [line:100] - INFO: Epoch 00200 | Time(s) 0.0428 | Val Loss 1.3066 | Val Acc 0.7033 | ETputs(KTEPS) 15191.14
2023-10-11 07:37:22,870 - tune.py [line:100] - INFO: Epoch 00220 | Time(s) 0.0427 | Val Loss 1.3727 | Val Acc 0.6989 | ETputs(KTEPS) 15241.77
2023-10-11 07:37:23,725 - tune.py [line:100] - INFO: Epoch 00240 | Time(s) 0.0427 | Val Loss 1.3686 | Val Acc 0.6967 | ETputs(KTEPS) 15239.45
2023-10-11 07:37:24,541 - tune.py [line:100] - INFO: Epoch 00260 | Time(s) 0.0425 | Val Loss 1.3401 | Val Acc 0.6989 | ETputs(KTEPS) 15292.17
2023-10-11 07:37:25,370 - tune.py [line:100] - INFO: Epoch 00280 | Time(s) 0.0424 | Val Loss 1.3568 | Val Acc 0.7209 | ETputs(KTEPS) 15323.25
2023-10-11 07:37:26,196 - tune.py [line:100] - INFO: Epoch 00300 | Time(s) 0.0424 | Val Loss 1.3294 | Val Acc 0.7011 | ETputs(KTEPS) 15351.74
2023-10-11 07:37:27,072 - tune.py [line:100] - INFO: Epoch 00320 | Time(s) 0.0424 | Val Loss 1.3870 | Val Acc 0.7099 | ETputs(KTEPS) 15319.65
2023-10-11 07:37:28,031 - tune.py [line:100] - INFO: Epoch 00340 | Time(s) 0.0428 | Val Loss 1.3705 | Val Acc 0.7055 | ETputs(KTEPS) 15203.42
2023-10-11 07:37:28,980 - tune.py [line:100] - INFO: Epoch 00360 | Time(s) 0.0430 | Val Loss 1.4001 | Val Acc 0.7143 | ETputs(KTEPS) 15111.80
2023-10-11 07:37:29,915 - tune.py [line:100] - INFO: Epoch 00380 | Time(s) 0.0432 | Val Loss 1.3238 | Val Acc 0.7275 | ETputs(KTEPS) 15043.74
2023-10-11 07:37:30,820 - tune.py [line:100] - INFO: Epoch 00400 | Time(s) 0.0433 | Val Loss 1.3215 | Val Acc 0.7033 | ETputs(KTEPS) 15010.98
2023-10-11 07:37:31,647 - tune.py [line:100] - INFO: Epoch 00420 | Time(s) 0.0432 | Val Loss 1.3320 | Val Acc 0.7121 | ETputs(KTEPS) 15043.54
2023-10-11 07:37:32,493 - tune.py [line:100] - INFO: Epoch 00440 | Time(s) 0.0432 | Val Loss 1.3357 | Val Acc 0.7209 | ETputs(KTEPS) 15058.48
2023-10-11 07:37:33,314 - tune.py [line:100] - INFO: Epoch 00460 | Time(s) 0.0431 | Val Loss 1.3668 | Val Acc 0.7253 | ETputs(KTEPS) 15091.06
2023-10-11 07:37:34,120 - tune.py [line:100] - INFO: Epoch 00480 | Time(s) 0.0430 | Val Loss 1.3924 | Val Acc 0.7099 | ETputs(KTEPS) 15132.85
2023-10-11 07:37:34,983 - tune.py [line:100] - INFO: Epoch 00500 | Time(s) 0.0430 | Val Loss 1.3508 | Val Acc 0.7143 | ETputs(KTEPS) 15130.32
2023-10-11 07:37:35,893 - tune.py [line:100] - INFO: Epoch 00520 | Time(s) 0.0431 | Val Loss 1.4053 | Val Acc 0.7077 | ETputs(KTEPS) 15096.49
2023-10-11 07:37:36,727 - tune.py [line:100] - INFO: Epoch 00540 | Time(s) 0.0430 | Val Loss 1.4214 | Val Acc 0.7121 | ETputs(KTEPS) 15114.43
2023-10-11 07:37:37,555 - tune.py [line:100] - INFO: Epoch 00560 | Time(s) 0.0430 | Val Loss 1.4221 | Val Acc 0.7099 | ETputs(KTEPS) 15134.82
2023-10-11 07:37:38,372 - tune.py [line:100] - INFO: Epoch 00580 | Time(s) 0.0429 | Val Loss 1.4541 | Val Acc 0.7077 | ETputs(KTEPS) 15161.06
2023-10-11 07:37:39,294 - tune.py [line:100] - INFO: Epoch 00600 | Time(s) 0.0430 | Val Loss 1.4148 | Val Acc 0.6835 | ETputs(KTEPS) 15123.38
2023-10-11 07:37:40,244 - tune.py [line:100] - INFO: Epoch 00620 | Time(s) 0.0431 | Val Loss 1.4430 | Val Acc 0.7033 | ETputs(KTEPS) 15072.58
2023-10-11 07:37:41,148 - tune.py [line:100] - INFO: Epoch 00640 | Time(s) 0.0432 | Val Loss 1.4248 | Val Acc 0.7165 | ETputs(KTEPS) 15050.37
2023-10-11 07:37:42,057 - tune.py [line:100] - INFO: Epoch 00660 | Time(s) 0.0433 | Val Loss 1.4204 | Val Acc 0.7253 | ETputs(KTEPS) 15027.34
2023-10-11 07:37:43,028 - tune.py [line:100] - INFO: Epoch 00680 | Time(s) 0.0434 | Val Loss 1.3801 | Val Acc 0.7165 | ETputs(KTEPS) 14973.67
2023-10-11 07:37:43,643 - tune.py [line:114] - INFO: [FINAL MODEL] Val accuracy 73.63% \Val loss: 1.3
2023-10-11 07:37:43,652 - tune.py [line:116] - INFO: [FINAL MODEL] Test accuracy 72.87% \Test loss: 1.2
2023-10-11 07:37:43,652 - tune.py [line:141] - INFO: Acc on the first split (Validation Set): 0.7363
2023-10-11 07:37:43,652 - tune.py [line:142] - INFO: Acc on the first split (Test Set): 0.7287
