2023-10-11 07:50:48,482 - tune.py [line:191] - INFO: Namespace(seed=42, model='NormalNN', gpu=0, dataset='geom-chameleon', logging=True, log_detail=True, log_detailedCh=False, id_log=1011014502, optuna_n_trials=202, self_loop=True, udgraph=True, early_stop=True, patience=300, n_epochs=2000, n_hidden=64, n_cv=1, start_cv=0, n_layers=12, lr1=0.03, lr2=0.05, wd1=0.0001, wd2=0.001, dropout=0.3, dropout2=0.2, es_ckpt='TestTuningScript-geom-chameleon_geom-chameleon_trialNo167')
2023-10-11 07:50:49,237 - tune.py [line:125] - INFO: Split_seeds:[1824]
2023-10-11 07:50:49,237 - tune.py [line:126] - INFO: Model_seeds:[409]
2023-10-11 07:50:50,241 - tune.py [line:100] - INFO: Epoch 00020 | Time(s) 0.0480 | Val Loss 1.0744 | Val Acc 0.6945 | ETputs(KTEPS) 13543.77
2023-10-11 07:50:51,172 - tune.py [line:100] - INFO: Epoch 00040 | Time(s) 0.0469 | Val Loss 0.8477 | Val Acc 0.7275 | ETputs(KTEPS) 13856.55
2023-10-11 07:50:52,106 - tune.py [line:100] - INFO: Epoch 00060 | Time(s) 0.0468 | Val Loss 0.8490 | Val Acc 0.7099 | ETputs(KTEPS) 13901.81
2023-10-11 07:50:52,931 - tune.py [line:100] - INFO: Epoch 00080 | Time(s) 0.0454 | Val Loss 0.8732 | Val Acc 0.7165 | ETputs(KTEPS) 14324.71
2023-10-11 07:50:53,625 - tune.py [line:100] - INFO: Epoch 00100 | Time(s) 0.0432 | Val Loss 0.8664 | Val Acc 0.7099 | ETputs(KTEPS) 15036.17
2023-10-11 07:50:54,317 - tune.py [line:100] - INFO: Epoch 00120 | Time(s) 0.0418 | Val Loss 0.8639 | Val Acc 0.7231 | ETputs(KTEPS) 15552.86
2023-10-11 07:50:55,011 - tune.py [line:100] - INFO: Epoch 00140 | Time(s) 0.0408 | Val Loss 0.8923 | Val Acc 0.7077 | ETputs(KTEPS) 15943.30
2023-10-11 07:50:55,713 - tune.py [line:100] - INFO: Epoch 00160 | Time(s) 0.0401 | Val Loss 0.8640 | Val Acc 0.7209 | ETputs(KTEPS) 16225.29
2023-10-11 07:50:56,430 - tune.py [line:100] - INFO: Epoch 00180 | Time(s) 0.0396 | Val Loss 0.8913 | Val Acc 0.7033 | ETputs(KTEPS) 16419.54
2023-10-11 07:50:57,117 - tune.py [line:100] - INFO: Epoch 00200 | Time(s) 0.0391 | Val Loss 0.9015 | Val Acc 0.7011 | ETputs(KTEPS) 16640.12
2023-10-11 07:50:57,812 - tune.py [line:100] - INFO: Epoch 00220 | Time(s) 0.0387 | Val Loss 0.8953 | Val Acc 0.7099 | ETputs(KTEPS) 16811.56
2023-10-11 07:50:58,582 - tune.py [line:100] - INFO: Epoch 00240 | Time(s) 0.0387 | Val Loss 0.9076 | Val Acc 0.7143 | ETputs(KTEPS) 16817.11
2023-10-11 07:50:59,414 - tune.py [line:100] - INFO: Epoch 00260 | Time(s) 0.0389 | Val Loss 0.8707 | Val Acc 0.7099 | ETputs(KTEPS) 16719.98
2023-10-11 07:51:00,189 - tune.py [line:100] - INFO: Epoch 00280 | Time(s) 0.0389 | Val Loss 0.8964 | Val Acc 0.7099 | ETputs(KTEPS) 16725.92
2023-10-11 07:51:00,947 - tune.py [line:100] - INFO: Epoch 00300 | Time(s) 0.0388 | Val Loss 0.8899 | Val Acc 0.7011 | ETputs(KTEPS) 16754.55
2023-10-11 07:51:01,758 - tune.py [line:100] - INFO: Epoch 00320 | Time(s) 0.0389 | Val Loss 0.9266 | Val Acc 0.6879 | ETputs(KTEPS) 16707.20
2023-10-11 07:51:02,574 - tune.py [line:100] - INFO: Epoch 00340 | Time(s) 0.0390 | Val Loss 0.9198 | Val Acc 0.7033 | ETputs(KTEPS) 16660.30
2023-10-11 07:51:02,705 - tune.py [line:114] - INFO: [FINAL MODEL] Val accuracy 73.85% \Val loss: 0.84
2023-10-11 07:51:02,714 - tune.py [line:116] - INFO: [FINAL MODEL] Test accuracy 71.55% \Test loss: 0.81
2023-10-11 07:51:02,714 - tune.py [line:141] - INFO: Acc on the first split (Validation Set): 0.7385
2023-10-11 07:51:02,715 - tune.py [line:142] - INFO: Acc on the first split (Test Set): 0.7155
