2023-10-11 07:45:29,226 - tune.py [line:191] - INFO: Namespace(seed=42, model='NormalNN', gpu=0, dataset='geom-chameleon', logging=True, log_detail=True, log_detailedCh=False, id_log=1011014502, optuna_n_trials=202, self_loop=True, udgraph=True, early_stop=True, patience=300, n_epochs=2000, n_hidden=64, n_cv=1, start_cv=0, n_layers=12, lr1=0.03, lr2=0.05, wd1=0.0001, wd2=1e-05, dropout=0.3, dropout2=0.1, es_ckpt='TestTuningScript-geom-chameleon_geom-chameleon_trialNo102')
2023-10-11 07:45:30,134 - tune.py [line:125] - INFO: Split_seeds:[1824]
2023-10-11 07:45:30,135 - tune.py [line:126] - INFO: Model_seeds:[409]
2023-10-11 07:45:31,060 - tune.py [line:100] - INFO: Epoch 00020 | Time(s) 0.0440 | Val Loss 1.0252 | Val Acc 0.6813 | ETputs(KTEPS) 14760.84
2023-10-11 07:45:31,985 - tune.py [line:100] - INFO: Epoch 00040 | Time(s) 0.0448 | Val Loss 0.9565 | Val Acc 0.7033 | ETputs(KTEPS) 14510.07
2023-10-11 07:45:32,878 - tune.py [line:100] - INFO: Epoch 00060 | Time(s) 0.0448 | Val Loss 1.1620 | Val Acc 0.7099 | ETputs(KTEPS) 14527.55
2023-10-11 07:45:33,727 - tune.py [line:100] - INFO: Epoch 00080 | Time(s) 0.0442 | Val Loss 1.2761 | Val Acc 0.6989 | ETputs(KTEPS) 14718.87
2023-10-11 07:45:34,621 - tune.py [line:100] - INFO: Epoch 00100 | Time(s) 0.0443 | Val Loss 1.3344 | Val Acc 0.7143 | ETputs(KTEPS) 14688.23
2023-10-11 07:45:35,535 - tune.py [line:100] - INFO: Epoch 00120 | Time(s) 0.0445 | Val Loss 1.3581 | Val Acc 0.7077 | ETputs(KTEPS) 14610.61
2023-10-11 07:45:36,405 - tune.py [line:100] - INFO: Epoch 00140 | Time(s) 0.0444 | Val Loss 1.3976 | Val Acc 0.7099 | ETputs(KTEPS) 14658.99
2023-10-11 07:45:37,328 - tune.py [line:100] - INFO: Epoch 00160 | Time(s) 0.0446 | Val Loss 1.3605 | Val Acc 0.7077 | ETputs(KTEPS) 14585.02
2023-10-11 07:45:38,164 - tune.py [line:100] - INFO: Epoch 00180 | Time(s) 0.0443 | Val Loss 1.4794 | Val Acc 0.7099 | ETputs(KTEPS) 14688.45
2023-10-11 07:45:38,999 - tune.py [line:100] - INFO: Epoch 00200 | Time(s) 0.0440 | Val Loss 1.4816 | Val Acc 0.6901 | ETputs(KTEPS) 14772.46
2023-10-11 07:45:39,754 - tune.py [line:100] - INFO: Epoch 00220 | Time(s) 0.0434 | Val Loss 1.5129 | Val Acc 0.6967 | ETputs(KTEPS) 14966.48
2023-10-11 07:45:40,745 - tune.py [line:100] - INFO: Epoch 00240 | Time(s) 0.0439 | Val Loss 1.4988 | Val Acc 0.7055 | ETputs(KTEPS) 14794.29
2023-10-11 07:45:41,708 - tune.py [line:100] - INFO: Epoch 00260 | Time(s) 0.0443 | Val Loss 1.4442 | Val Acc 0.6967 | ETputs(KTEPS) 14686.87
2023-10-11 07:45:42,592 - tune.py [line:100] - INFO: Epoch 00280 | Time(s) 0.0443 | Val Loss 1.5219 | Val Acc 0.6879 | ETputs(KTEPS) 14689.39
2023-10-11 07:45:43,575 - tune.py [line:100] - INFO: Epoch 00300 | Time(s) 0.0446 | Val Loss 1.5337 | Val Acc 0.6967 | ETputs(KTEPS) 14582.05
2023-10-11 07:45:44,555 - tune.py [line:100] - INFO: Epoch 00320 | Time(s) 0.0449 | Val Loss 1.5350 | Val Acc 0.7011 | ETputs(KTEPS) 14493.73
2023-10-11 07:45:45,233 - tune.py [line:114] - INFO: [FINAL MODEL] Val accuracy 72.97% \Val loss: 0.89
2023-10-11 07:45:45,242 - tune.py [line:116] - INFO: [FINAL MODEL] Test accuracy 71.99% \Test loss: 0.86
2023-10-11 07:45:45,242 - tune.py [line:141] - INFO: Acc on the first split (Validation Set): 0.7297
2023-10-11 07:45:45,242 - tune.py [line:142] - INFO: Acc on the first split (Test Set): 0.7199
