2023-10-11 07:49:55,034 - tune.py [line:191] - INFO: Namespace(seed=42, model='NormalNN', gpu=0, dataset='geom-chameleon', logging=True, log_detail=True, log_detailedCh=False, id_log=1011014502, optuna_n_trials=202, self_loop=True, udgraph=True, early_stop=True, patience=300, n_epochs=2000, n_hidden=64, n_cv=1, start_cv=0, n_layers=12, lr1=0.03, lr2=0.05, wd1=0.0001, wd2=0.001, dropout=0.3, dropout2=0.1, es_ckpt='TestTuningScript-geom-chameleon_geom-chameleon_trialNo163')
2023-10-11 07:49:55,802 - tune.py [line:125] - INFO: Split_seeds:[1824]
2023-10-11 07:49:55,802 - tune.py [line:126] - INFO: Model_seeds:[409]
2023-10-11 07:49:56,798 - tune.py [line:100] - INFO: Epoch 00020 | Time(s) 0.0479 | Val Loss 1.0613 | Val Acc 0.6967 | ETputs(KTEPS) 13587.13
2023-10-11 07:49:57,659 - tune.py [line:100] - INFO: Epoch 00040 | Time(s) 0.0451 | Val Loss 0.8551 | Val Acc 0.7253 | ETputs(KTEPS) 14403.43
2023-10-11 07:49:58,535 - tune.py [line:100] - INFO: Epoch 00060 | Time(s) 0.0447 | Val Loss 0.8407 | Val Acc 0.7253 | ETputs(KTEPS) 14551.71
2023-10-11 07:49:59,474 - tune.py [line:100] - INFO: Epoch 00080 | Time(s) 0.0452 | Val Loss 0.8699 | Val Acc 0.7275 | ETputs(KTEPS) 14371.14
2023-10-11 07:50:00,414 - tune.py [line:100] - INFO: Epoch 00100 | Time(s) 0.0456 | Val Loss 0.8745 | Val Acc 0.7121 | ETputs(KTEPS) 14260.89
2023-10-11 07:50:01,288 - tune.py [line:100] - INFO: Epoch 00120 | Time(s) 0.0453 | Val Loss 0.8862 | Val Acc 0.7077 | ETputs(KTEPS) 14362.04
2023-10-11 07:50:02,209 - tune.py [line:100] - INFO: Epoch 00140 | Time(s) 0.0454 | Val Loss 0.8785 | Val Acc 0.7165 | ETputs(KTEPS) 14328.42
2023-10-11 07:50:03,083 - tune.py [line:100] - INFO: Epoch 00160 | Time(s) 0.0452 | Val Loss 0.8898 | Val Acc 0.6967 | ETputs(KTEPS) 14396.05
2023-10-11 07:50:04,000 - tune.py [line:100] - INFO: Epoch 00180 | Time(s) 0.0452 | Val Loss 0.8806 | Val Acc 0.7209 | ETputs(KTEPS) 14371.54
2023-10-11 07:50:04,829 - tune.py [line:100] - INFO: Epoch 00200 | Time(s) 0.0449 | Val Loss 0.8845 | Val Acc 0.7319 | ETputs(KTEPS) 14493.92
2023-10-11 07:50:05,715 - tune.py [line:100] - INFO: Epoch 00220 | Time(s) 0.0448 | Val Loss 0.8780 | Val Acc 0.7253 | ETputs(KTEPS) 14511.55
2023-10-11 07:50:06,645 - tune.py [line:100] - INFO: Epoch 00240 | Time(s) 0.0449 | Val Loss 0.9015 | Val Acc 0.7033 | ETputs(KTEPS) 14466.79
2023-10-11 07:50:07,540 - tune.py [line:100] - INFO: Epoch 00260 | Time(s) 0.0449 | Val Loss 0.8907 | Val Acc 0.7099 | ETputs(KTEPS) 14472.21
2023-10-11 07:50:08,503 - tune.py [line:100] - INFO: Epoch 00280 | Time(s) 0.0452 | Val Loss 0.9088 | Val Acc 0.7099 | ETputs(KTEPS) 14398.72
2023-10-11 07:50:09,393 - tune.py [line:100] - INFO: Epoch 00300 | Time(s) 0.0451 | Val Loss 0.9140 | Val Acc 0.6989 | ETputs(KTEPS) 14412.94
2023-10-11 07:50:10,232 - tune.py [line:100] - INFO: Epoch 00320 | Time(s) 0.0449 | Val Loss 0.9195 | Val Acc 0.6835 | ETputs(KTEPS) 14476.48
2023-10-11 07:50:10,943 - tune.py [line:114] - INFO: [FINAL MODEL] Val accuracy 73.85% \Val loss: 0.85
2023-10-11 07:50:10,953 - tune.py [line:116] - INFO: [FINAL MODEL] Test accuracy 73.52% \Test loss: 0.82
2023-10-11 07:50:10,953 - tune.py [line:141] - INFO: Acc on the first split (Validation Set): 0.7385
2023-10-11 07:50:10,953 - tune.py [line:142] - INFO: Acc on the first split (Test Set): 0.7352
