2023-10-11 07:42:09,560 - tune.py [line:191] - INFO: Namespace(seed=42, model='NormalNN', gpu=0, dataset='geom-chameleon', logging=True, log_detail=True, log_detailedCh=False, id_log=1011014502, optuna_n_trials=202, self_loop=True, udgraph=True, early_stop=True, patience=300, n_epochs=2000, n_hidden=64, n_cv=1, start_cv=0, n_layers=12, lr1=0.03, lr2=0.05, wd1=0.0001, wd2=1e-06, dropout=0.3, dropout2=0.3, es_ckpt='TestTuningScript-geom-chameleon_geom-chameleon_trialNo63')
2023-10-11 07:42:10,395 - tune.py [line:125] - INFO: Split_seeds:[1824]
2023-10-11 07:42:10,395 - tune.py [line:126] - INFO: Model_seeds:[409]
2023-10-11 07:42:11,441 - tune.py [line:100] - INFO: Epoch 00020 | Time(s) 0.0502 | Val Loss 1.0495 | Val Acc 0.6747 | ETputs(KTEPS) 12959.91
2023-10-11 07:42:12,347 - tune.py [line:100] - INFO: Epoch 00040 | Time(s) 0.0476 | Val Loss 0.9447 | Val Acc 0.7143 | ETputs(KTEPS) 13670.30
2023-10-11 07:42:13,233 - tune.py [line:100] - INFO: Epoch 00060 | Time(s) 0.0464 | Val Loss 1.1966 | Val Acc 0.7077 | ETputs(KTEPS) 14004.34
2023-10-11 07:42:14,170 - tune.py [line:100] - INFO: Epoch 00080 | Time(s) 0.0465 | Val Loss 1.2571 | Val Acc 0.6923 | ETputs(KTEPS) 13972.51
2023-10-11 07:42:15,008 - tune.py [line:100] - INFO: Epoch 00100 | Time(s) 0.0456 | Val Loss 1.3901 | Val Acc 0.7143 | ETputs(KTEPS) 14258.19
2023-10-11 07:42:15,819 - tune.py [line:100] - INFO: Epoch 00120 | Time(s) 0.0447 | Val Loss 1.3964 | Val Acc 0.7077 | ETputs(KTEPS) 14536.61
2023-10-11 07:42:16,666 - tune.py [line:100] - INFO: Epoch 00140 | Time(s) 0.0444 | Val Loss 1.5103 | Val Acc 0.7099 | ETputs(KTEPS) 14647.92
2023-10-11 07:42:17,481 - tune.py [line:100] - INFO: Epoch 00160 | Time(s) 0.0439 | Val Loss 1.5440 | Val Acc 0.7121 | ETputs(KTEPS) 14810.51
2023-10-11 07:42:18,325 - tune.py [line:100] - INFO: Epoch 00180 | Time(s) 0.0437 | Val Loss 1.5044 | Val Acc 0.7121 | ETputs(KTEPS) 14875.81
2023-10-11 07:42:19,193 - tune.py [line:100] - INFO: Epoch 00200 | Time(s) 0.0437 | Val Loss 1.5057 | Val Acc 0.6901 | ETputs(KTEPS) 14888.24
2023-10-11 07:42:20,048 - tune.py [line:100] - INFO: Epoch 00220 | Time(s) 0.0436 | Val Loss 1.5662 | Val Acc 0.6967 | ETputs(KTEPS) 14917.54
2023-10-11 07:42:20,939 - tune.py [line:100] - INFO: Epoch 00240 | Time(s) 0.0437 | Val Loss 1.6289 | Val Acc 0.6945 | ETputs(KTEPS) 14890.86
2023-10-11 07:42:21,847 - tune.py [line:100] - INFO: Epoch 00260 | Time(s) 0.0438 | Val Loss 1.5214 | Val Acc 0.7187 | ETputs(KTEPS) 14845.74
2023-10-11 07:42:22,723 - tune.py [line:100] - INFO: Epoch 00280 | Time(s) 0.0438 | Val Loss 1.6718 | Val Acc 0.6967 | ETputs(KTEPS) 14846.43
2023-10-11 07:42:23,528 - tune.py [line:100] - INFO: Epoch 00300 | Time(s) 0.0436 | Val Loss 1.6403 | Val Acc 0.7055 | ETputs(KTEPS) 14926.47
2023-10-11 07:42:24,365 - tune.py [line:100] - INFO: Epoch 00320 | Time(s) 0.0435 | Val Loss 1.5661 | Val Acc 0.7143 | ETputs(KTEPS) 14963.94
2023-10-11 07:42:25,192 - tune.py [line:100] - INFO: Epoch 00340 | Time(s) 0.0433 | Val Loss 1.6173 | Val Acc 0.7297 | ETputs(KTEPS) 15007.37
2023-10-11 07:42:26,023 - tune.py [line:100] - INFO: Epoch 00360 | Time(s) 0.0432 | Val Loss 1.6068 | Val Acc 0.6989 | ETputs(KTEPS) 15041.89
2023-10-11 07:42:26,978 - tune.py [line:100] - INFO: Epoch 00380 | Time(s) 0.0435 | Val Loss 1.5780 | Val Acc 0.6989 | ETputs(KTEPS) 14960.07
2023-10-11 07:42:27,935 - tune.py [line:100] - INFO: Epoch 00400 | Time(s) 0.0437 | Val Loss 1.6027 | Val Acc 0.6967 | ETputs(KTEPS) 14885.29
2023-10-11 07:42:28,906 - tune.py [line:100] - INFO: Epoch 00420 | Time(s) 0.0439 | Val Loss 1.5608 | Val Acc 0.7121 | ETputs(KTEPS) 14807.56
2023-10-11 07:42:29,827 - tune.py [line:100] - INFO: Epoch 00440 | Time(s) 0.0440 | Val Loss 1.6571 | Val Acc 0.6989 | ETputs(KTEPS) 14774.92
2023-10-11 07:42:30,395 - tune.py [line:114] - INFO: [FINAL MODEL] Val accuracy 73.41% \Val loss: 1.5
2023-10-11 07:42:30,403 - tune.py [line:116] - INFO: [FINAL MODEL] Test accuracy 71.33% \Test loss: 1.5
2023-10-11 07:42:30,403 - tune.py [line:141] - INFO: Acc on the first split (Validation Set): 0.7341
2023-10-11 07:42:30,404 - tune.py [line:142] - INFO: Acc on the first split (Test Set): 0.7133
