2023-10-11 07:39:43,465 - tune.py [line:191] - INFO: Namespace(seed=42, model='NormalNN', gpu=0, dataset='geom-chameleon', logging=True, log_detail=True, log_detailedCh=False, id_log=1011014502, optuna_n_trials=202, self_loop=True, udgraph=True, early_stop=True, patience=300, n_epochs=2000, n_hidden=64, n_cv=1, start_cv=0, n_layers=12, lr1=0.04, lr2=0.05, wd1=0.0001, wd2=1e-06, dropout=0.4, dropout2=0.3, es_ckpt='TestTuningScript-geom-chameleon_geom-chameleon_trialNo31')
2023-10-11 07:39:44,157 - tune.py [line:125] - INFO: Split_seeds:[1824]
2023-10-11 07:39:44,157 - tune.py [line:126] - INFO: Model_seeds:[409]
2023-10-11 07:39:45,001 - tune.py [line:100] - INFO: Epoch 00020 | Time(s) 0.0404 | Val Loss 1.0241 | Val Acc 0.6593 | ETputs(KTEPS) 16092.32
2023-10-11 07:39:45,816 - tune.py [line:100] - INFO: Epoch 00040 | Time(s) 0.0403 | Val Loss 1.0286 | Val Acc 0.7143 | ETputs(KTEPS) 16147.49
2023-10-11 07:39:46,636 - tune.py [line:100] - INFO: Epoch 00060 | Time(s) 0.0404 | Val Loss 1.2112 | Val Acc 0.7143 | ETputs(KTEPS) 16088.04
2023-10-11 07:39:47,471 - tune.py [line:100] - INFO: Epoch 00080 | Time(s) 0.0407 | Val Loss 1.3846 | Val Acc 0.7011 | ETputs(KTEPS) 15957.34
2023-10-11 07:39:48,343 - tune.py [line:100] - INFO: Epoch 00100 | Time(s) 0.0413 | Val Loss 1.3504 | Val Acc 0.7143 | ETputs(KTEPS) 15737.74
2023-10-11 07:39:49,141 - tune.py [line:100] - INFO: Epoch 00120 | Time(s) 0.0411 | Val Loss 1.3774 | Val Acc 0.7187 | ETputs(KTEPS) 15830.09
2023-10-11 07:39:49,953 - tune.py [line:100] - INFO: Epoch 00140 | Time(s) 0.0410 | Val Loss 1.2998 | Val Acc 0.7121 | ETputs(KTEPS) 15857.04
2023-10-11 07:39:50,837 - tune.py [line:100] - INFO: Epoch 00160 | Time(s) 0.0414 | Val Loss 1.4378 | Val Acc 0.7121 | ETputs(KTEPS) 15704.42
2023-10-11 07:39:51,674 - tune.py [line:100] - INFO: Epoch 00180 | Time(s) 0.0414 | Val Loss 1.3906 | Val Acc 0.7143 | ETputs(KTEPS) 15687.03
2023-10-11 07:39:52,520 - tune.py [line:100] - INFO: Epoch 00200 | Time(s) 0.0415 | Val Loss 1.4512 | Val Acc 0.7033 | ETputs(KTEPS) 15655.74
2023-10-11 07:39:53,344 - tune.py [line:100] - INFO: Epoch 00220 | Time(s) 0.0415 | Val Loss 1.4262 | Val Acc 0.7253 | ETputs(KTEPS) 15672.90
2023-10-11 07:39:54,170 - tune.py [line:100] - INFO: Epoch 00240 | Time(s) 0.0415 | Val Loss 1.4250 | Val Acc 0.7209 | ETputs(KTEPS) 15685.66
2023-10-11 07:39:54,977 - tune.py [line:100] - INFO: Epoch 00260 | Time(s) 0.0414 | Val Loss 1.5021 | Val Acc 0.6989 | ETputs(KTEPS) 15719.09
2023-10-11 07:39:55,790 - tune.py [line:100] - INFO: Epoch 00280 | Time(s) 0.0413 | Val Loss 1.4989 | Val Acc 0.7011 | ETputs(KTEPS) 15737.98
2023-10-11 07:39:56,607 - tune.py [line:100] - INFO: Epoch 00300 | Time(s) 0.0413 | Val Loss 1.5179 | Val Acc 0.7055 | ETputs(KTEPS) 15751.36
2023-10-11 07:39:57,424 - tune.py [line:100] - INFO: Epoch 00320 | Time(s) 0.0413 | Val Loss 1.5245 | Val Acc 0.6967 | ETputs(KTEPS) 15761.21
2023-10-11 07:39:58,266 - tune.py [line:100] - INFO: Epoch 00340 | Time(s) 0.0413 | Val Loss 1.4938 | Val Acc 0.7011 | ETputs(KTEPS) 15742.60
2023-10-11 07:39:59,072 - tune.py [line:100] - INFO: Epoch 00360 | Time(s) 0.0412 | Val Loss 1.4384 | Val Acc 0.6879 | ETputs(KTEPS) 15765.01
2023-10-11 07:39:59,877 - tune.py [line:100] - INFO: Epoch 00380 | Time(s) 0.0412 | Val Loss 1.4968 | Val Acc 0.7121 | ETputs(KTEPS) 15785.02
2023-10-11 07:40:00,693 - tune.py [line:100] - INFO: Epoch 00400 | Time(s) 0.0412 | Val Loss 1.5068 | Val Acc 0.7253 | ETputs(KTEPS) 15793.62
2023-10-11 07:40:01,566 - tune.py [line:100] - INFO: Epoch 00420 | Time(s) 0.0413 | Val Loss 1.4787 | Val Acc 0.7231 | ETputs(KTEPS) 15748.54
2023-10-11 07:40:02,499 - tune.py [line:100] - INFO: Epoch 00440 | Time(s) 0.0415 | Val Loss 1.5223 | Val Acc 0.7033 | ETputs(KTEPS) 15656.65
2023-10-11 07:40:03,428 - tune.py [line:100] - INFO: Epoch 00460 | Time(s) 0.0417 | Val Loss 1.4813 | Val Acc 0.7121 | ETputs(KTEPS) 15576.29
2023-10-11 07:40:04,307 - tune.py [line:100] - INFO: Epoch 00480 | Time(s) 0.0418 | Val Loss 1.5740 | Val Acc 0.6989 | ETputs(KTEPS) 15542.96
2023-10-11 07:40:05,151 - tune.py [line:100] - INFO: Epoch 00500 | Time(s) 0.0418 | Val Loss 1.5790 | Val Acc 0.6857 | ETputs(KTEPS) 15537.22
2023-10-11 07:40:05,957 - tune.py [line:100] - INFO: Epoch 00520 | Time(s) 0.0418 | Val Loss 1.5807 | Val Acc 0.6769 | ETputs(KTEPS) 15559.60
2023-10-11 07:40:06,117 - tune.py [line:114] - INFO: [FINAL MODEL] Val accuracy 73.41% \Val loss: 1.4
2023-10-11 07:40:06,126 - tune.py [line:116] - INFO: [FINAL MODEL] Test accuracy 72.43% \Test loss: 1.4
2023-10-11 07:40:06,127 - tune.py [line:141] - INFO: Acc on the first split (Validation Set): 0.7341
2023-10-11 07:40:06,127 - tune.py [line:142] - INFO: Acc on the first split (Test Set): 0.7243
