2023-10-11 07:45:06,467 - tune.py [line:191] - INFO: Namespace(seed=42, model='NormalNN', gpu=0, dataset='geom-chameleon', logging=True, log_detail=True, log_detailedCh=False, id_log=1011014502, optuna_n_trials=202, self_loop=True, udgraph=True, early_stop=True, patience=300, n_epochs=2000, n_hidden=64, n_cv=1, start_cv=0, n_layers=12, lr1=0.03, lr2=0.05, wd1=0.0001, wd2=1e-05, dropout=0.3, dropout2=0.1, es_ckpt='TestTuningScript-geom-chameleon_geom-chameleon_trialNo100')
2023-10-11 07:45:07,310 - tune.py [line:125] - INFO: Split_seeds:[1824]
2023-10-11 07:45:07,310 - tune.py [line:126] - INFO: Model_seeds:[409]
2023-10-11 07:45:08,335 - tune.py [line:100] - INFO: Epoch 00020 | Time(s) 0.0490 | Val Loss 1.0252 | Val Acc 0.6813 | ETputs(KTEPS) 13268.24
2023-10-11 07:45:09,205 - tune.py [line:100] - INFO: Epoch 00040 | Time(s) 0.0459 | Val Loss 0.9582 | Val Acc 0.7143 | ETputs(KTEPS) 14170.85
2023-10-11 07:45:10,150 - tune.py [line:100] - INFO: Epoch 00060 | Time(s) 0.0463 | Val Loss 1.1561 | Val Acc 0.7077 | ETputs(KTEPS) 14030.33
2023-10-11 07:45:11,235 - tune.py [line:100] - INFO: Epoch 00080 | Time(s) 0.0483 | Val Loss 1.2987 | Val Acc 0.7011 | ETputs(KTEPS) 13458.84
2023-10-11 07:45:12,243 - tune.py [line:100] - INFO: Epoch 00100 | Time(s) 0.0487 | Val Loss 1.3389 | Val Acc 0.7033 | ETputs(KTEPS) 13345.49
2023-10-11 07:45:13,141 - tune.py [line:100] - INFO: Epoch 00120 | Time(s) 0.0481 | Val Loss 1.3600 | Val Acc 0.7077 | ETputs(KTEPS) 13523.95
2023-10-11 07:45:14,017 - tune.py [line:100] - INFO: Epoch 00140 | Time(s) 0.0474 | Val Loss 1.3792 | Val Acc 0.7231 | ETputs(KTEPS) 13706.55
2023-10-11 07:45:14,928 - tune.py [line:100] - INFO: Epoch 00160 | Time(s) 0.0472 | Val Loss 1.3769 | Val Acc 0.7143 | ETputs(KTEPS) 13776.78
2023-10-11 07:45:15,915 - tune.py [line:100] - INFO: Epoch 00180 | Time(s) 0.0474 | Val Loss 1.5162 | Val Acc 0.6923 | ETputs(KTEPS) 13708.95
2023-10-11 07:45:16,883 - tune.py [line:100] - INFO: Epoch 00200 | Time(s) 0.0475 | Val Loss 1.4760 | Val Acc 0.6989 | ETputs(KTEPS) 13681.21
2023-10-11 07:45:17,792 - tune.py [line:100] - INFO: Epoch 00220 | Time(s) 0.0473 | Val Loss 1.4692 | Val Acc 0.7011 | ETputs(KTEPS) 13737.10
2023-10-11 07:45:18,681 - tune.py [line:100] - INFO: Epoch 00240 | Time(s) 0.0471 | Val Loss 1.3937 | Val Acc 0.7121 | ETputs(KTEPS) 13807.03
2023-10-11 07:45:19,524 - tune.py [line:100] - INFO: Epoch 00260 | Time(s) 0.0467 | Val Loss 1.3870 | Val Acc 0.7033 | ETputs(KTEPS) 13920.76
2023-10-11 07:45:20,444 - tune.py [line:100] - INFO: Epoch 00280 | Time(s) 0.0467 | Val Loss 1.4232 | Val Acc 0.6791 | ETputs(KTEPS) 13935.67
2023-10-11 07:45:21,321 - tune.py [line:100] - INFO: Epoch 00300 | Time(s) 0.0465 | Val Loss 1.4644 | Val Acc 0.7033 | ETputs(KTEPS) 13993.15
2023-10-11 07:45:22,140 - tune.py [line:100] - INFO: Epoch 00320 | Time(s) 0.0461 | Val Loss 1.4373 | Val Acc 0.6989 | ETputs(KTEPS) 14097.54
2023-10-11 07:45:22,978 - tune.py [line:100] - INFO: Epoch 00340 | Time(s) 0.0459 | Val Loss 1.5587 | Val Acc 0.6967 | ETputs(KTEPS) 14174.40
2023-10-11 07:45:23,778 - tune.py [line:100] - INFO: Epoch 00360 | Time(s) 0.0455 | Val Loss 1.5455 | Val Acc 0.7011 | ETputs(KTEPS) 14276.56
2023-10-11 07:45:24,657 - tune.py [line:100] - INFO: Epoch 00380 | Time(s) 0.0455 | Val Loss 1.5730 | Val Acc 0.6747 | ETputs(KTEPS) 14303.78
2023-10-11 07:45:25,556 - tune.py [line:100] - INFO: Epoch 00400 | Time(s) 0.0454 | Val Loss 1.4764 | Val Acc 0.6879 | ETputs(KTEPS) 14311.48
2023-10-11 07:45:26,404 - tune.py [line:100] - INFO: Epoch 00420 | Time(s) 0.0453 | Val Loss 1.5035 | Val Acc 0.6725 | ETputs(KTEPS) 14357.90
2023-10-11 07:45:26,700 - tune.py [line:114] - INFO: [FINAL MODEL] Val accuracy 73.19% \Val loss: 1.3
2023-10-11 07:45:26,709 - tune.py [line:116] - INFO: [FINAL MODEL] Test accuracy 71.55% \Test loss: 1.3
2023-10-11 07:45:26,710 - tune.py [line:141] - INFO: Acc on the first split (Validation Set): 0.7319
2023-10-11 07:45:26,710 - tune.py [line:142] - INFO: Acc on the first split (Test Set): 0.7155
