2023-10-11 07:50:32,279 - tune.py [line:191] - INFO: Namespace(seed=42, model='NormalNN', gpu=0, dataset='geom-chameleon', logging=True, log_detail=True, log_detailedCh=False, id_log=1011014502, optuna_n_trials=202, self_loop=True, udgraph=True, early_stop=True, patience=300, n_epochs=2000, n_hidden=64, n_cv=1, start_cv=0, n_layers=12, lr1=0.03, lr2=0.05, wd1=0.0001, wd2=0.001, dropout=0.3, dropout2=0.2, es_ckpt='TestTuningScript-geom-chameleon_geom-chameleon_trialNo166')
2023-10-11 07:50:33,146 - tune.py [line:125] - INFO: Split_seeds:[1824]
2023-10-11 07:50:33,146 - tune.py [line:126] - INFO: Model_seeds:[409]
2023-10-11 07:50:34,130 - tune.py [line:100] - INFO: Epoch 00020 | Time(s) 0.0469 | Val Loss 1.0743 | Val Acc 0.6923 | ETputs(KTEPS) 13854.97
2023-10-11 07:50:34,973 - tune.py [line:100] - INFO: Epoch 00040 | Time(s) 0.0442 | Val Loss 0.8482 | Val Acc 0.7297 | ETputs(KTEPS) 14707.00
2023-10-11 07:50:35,797 - tune.py [line:100] - INFO: Epoch 00060 | Time(s) 0.0432 | Val Loss 0.8454 | Val Acc 0.7011 | ETputs(KTEPS) 15051.88
2023-10-11 07:50:36,702 - tune.py [line:100] - INFO: Epoch 00080 | Time(s) 0.0437 | Val Loss 0.8703 | Val Acc 0.7121 | ETputs(KTEPS) 14878.79
2023-10-11 07:50:37,630 - tune.py [line:100] - INFO: Epoch 00100 | Time(s) 0.0442 | Val Loss 0.8707 | Val Acc 0.7033 | ETputs(KTEPS) 14698.44
2023-10-11 07:50:38,526 - tune.py [line:100] - INFO: Epoch 00120 | Time(s) 0.0443 | Val Loss 0.8694 | Val Acc 0.7099 | ETputs(KTEPS) 14669.02
2023-10-11 07:50:39,399 - tune.py [line:100] - INFO: Epoch 00140 | Time(s) 0.0442 | Val Loss 0.8869 | Val Acc 0.6989 | ETputs(KTEPS) 14703.01
2023-10-11 07:50:40,288 - tune.py [line:100] - INFO: Epoch 00160 | Time(s) 0.0442 | Val Loss 0.8690 | Val Acc 0.7187 | ETputs(KTEPS) 14694.30
2023-10-11 07:50:41,146 - tune.py [line:100] - INFO: Epoch 00180 | Time(s) 0.0441 | Val Loss 0.9076 | Val Acc 0.6901 | ETputs(KTEPS) 14743.43
2023-10-11 07:50:41,957 - tune.py [line:100] - INFO: Epoch 00200 | Time(s) 0.0437 | Val Loss 0.8783 | Val Acc 0.6967 | ETputs(KTEPS) 14864.98
2023-10-11 07:50:42,808 - tune.py [line:100] - INFO: Epoch 00220 | Time(s) 0.0436 | Val Loss 0.9049 | Val Acc 0.6923 | ETputs(KTEPS) 14901.61
2023-10-11 07:50:43,748 - tune.py [line:100] - INFO: Epoch 00240 | Time(s) 0.0439 | Val Loss 0.9085 | Val Acc 0.7055 | ETputs(KTEPS) 14807.91
2023-10-11 07:50:44,713 - tune.py [line:100] - INFO: Epoch 00260 | Time(s) 0.0442 | Val Loss 0.8868 | Val Acc 0.7121 | ETputs(KTEPS) 14696.52
2023-10-11 07:50:45,667 - tune.py [line:100] - INFO: Epoch 00280 | Time(s) 0.0445 | Val Loss 0.9056 | Val Acc 0.7077 | ETputs(KTEPS) 14615.11
2023-10-11 07:50:46,620 - tune.py [line:100] - INFO: Epoch 00300 | Time(s) 0.0447 | Val Loss 0.9137 | Val Acc 0.6945 | ETputs(KTEPS) 14546.25
2023-10-11 07:50:47,501 - tune.py [line:100] - INFO: Epoch 00320 | Time(s) 0.0447 | Val Loss 0.9136 | Val Acc 0.6813 | ETputs(KTEPS) 14560.09
2023-10-11 07:50:48,330 - tune.py [line:114] - INFO: [FINAL MODEL] Val accuracy 73.85% \Val loss: 0.85
2023-10-11 07:50:48,340 - tune.py [line:116] - INFO: [FINAL MODEL] Test accuracy 72.43% \Test loss: 0.81
2023-10-11 07:50:48,341 - tune.py [line:141] - INFO: Acc on the first split (Validation Set): 0.7385
2023-10-11 07:50:48,341 - tune.py [line:142] - INFO: Acc on the first split (Test Set): 0.7243
