2023-10-11 07:42:34,082 - tune.py [line:191] - INFO: Namespace(seed=42, model='NormalNN', gpu=0, dataset='geom-chameleon', logging=True, log_detail=True, log_detailedCh=False, id_log=1011014502, optuna_n_trials=202, self_loop=True, udgraph=True, early_stop=True, patience=300, n_epochs=2000, n_hidden=64, n_cv=1, start_cv=0, n_layers=12, lr1=0.02, lr2=0.05, wd1=0.0001, wd2=1e-06, dropout=0.3, dropout2=0.1, es_ckpt='TestTuningScript-geom-chameleon_geom-chameleon_trialNo66')
2023-10-11 07:42:34,796 - tune.py [line:125] - INFO: Split_seeds:[1824]
2023-10-11 07:42:34,796 - tune.py [line:126] - INFO: Model_seeds:[409]
2023-10-11 07:42:35,739 - tune.py [line:100] - INFO: Epoch 00020 | Time(s) 0.0450 | Val Loss 1.1269 | Val Acc 0.6835 | ETputs(KTEPS) 14445.42
2023-10-11 07:42:36,582 - tune.py [line:100] - INFO: Epoch 00040 | Time(s) 0.0431 | Val Loss 0.8853 | Val Acc 0.7099 | ETputs(KTEPS) 15082.68
2023-10-11 07:42:37,428 - tune.py [line:100] - INFO: Epoch 00060 | Time(s) 0.0428 | Val Loss 1.0348 | Val Acc 0.7055 | ETputs(KTEPS) 15176.83
2023-10-11 07:42:38,275 - tune.py [line:100] - INFO: Epoch 00080 | Time(s) 0.0427 | Val Loss 1.1934 | Val Acc 0.7143 | ETputs(KTEPS) 15222.61
2023-10-11 07:42:39,156 - tune.py [line:100] - INFO: Epoch 00100 | Time(s) 0.0430 | Val Loss 1.3183 | Val Acc 0.6879 | ETputs(KTEPS) 15131.52
2023-10-11 07:42:40,140 - tune.py [line:100] - INFO: Epoch 00120 | Time(s) 0.0440 | Val Loss 1.3217 | Val Acc 0.7099 | ETputs(KTEPS) 14777.01
2023-10-11 07:42:41,065 - tune.py [line:100] - INFO: Epoch 00140 | Time(s) 0.0443 | Val Loss 1.3454 | Val Acc 0.7231 | ETputs(KTEPS) 14671.24
2023-10-11 07:42:41,918 - tune.py [line:100] - INFO: Epoch 00160 | Time(s) 0.0441 | Val Loss 1.4262 | Val Acc 0.7187 | ETputs(KTEPS) 14739.65
2023-10-11 07:42:42,796 - tune.py [line:100] - INFO: Epoch 00180 | Time(s) 0.0441 | Val Loss 1.5017 | Val Acc 0.6879 | ETputs(KTEPS) 14749.75
2023-10-11 07:42:43,636 - tune.py [line:100] - INFO: Epoch 00200 | Time(s) 0.0439 | Val Loss 1.4938 | Val Acc 0.6967 | ETputs(KTEPS) 14820.08
2023-10-11 07:42:44,464 - tune.py [line:100] - INFO: Epoch 00220 | Time(s) 0.0436 | Val Loss 1.5329 | Val Acc 0.7011 | ETputs(KTEPS) 14896.62
2023-10-11 07:42:45,270 - tune.py [line:100] - INFO: Epoch 00240 | Time(s) 0.0434 | Val Loss 1.5916 | Val Acc 0.7077 | ETputs(KTEPS) 14993.56
2023-10-11 07:42:46,076 - tune.py [line:100] - INFO: Epoch 00260 | Time(s) 0.0431 | Val Loss 1.6251 | Val Acc 0.6923 | ETputs(KTEPS) 15076.00
2023-10-11 07:42:46,900 - tune.py [line:100] - INFO: Epoch 00280 | Time(s) 0.0430 | Val Loss 1.5251 | Val Acc 0.7143 | ETputs(KTEPS) 15123.79
2023-10-11 07:42:47,722 - tune.py [line:100] - INFO: Epoch 00300 | Time(s) 0.0429 | Val Loss 1.5193 | Val Acc 0.7077 | ETputs(KTEPS) 15169.14
2023-10-11 07:42:48,645 - tune.py [line:100] - INFO: Epoch 00320 | Time(s) 0.0431 | Val Loss 1.6096 | Val Acc 0.7121 | ETputs(KTEPS) 15098.00
2023-10-11 07:42:49,351 - tune.py [line:114] - INFO: [FINAL MODEL] Val accuracy 73.19% \Val loss: 0.88
2023-10-11 07:42:49,362 - tune.py [line:116] - INFO: [FINAL MODEL] Test accuracy 71.99% \Test loss: 0.86
2023-10-11 07:42:49,362 - tune.py [line:141] - INFO: Acc on the first split (Validation Set): 0.7319
2023-10-11 07:42:49,362 - tune.py [line:142] - INFO: Acc on the first split (Test Set): 0.7199
