2023-10-11 07:35:20,625 - tune.py [line:191] - INFO: Namespace(seed=42, model='NormalNN', gpu=0, dataset='geom-chameleon', logging=True, log_detail=True, log_detailedCh=False, id_log=1011014502, optuna_n_trials=202, self_loop=True, udgraph=True, early_stop=True, patience=300, n_epochs=2000, n_hidden=64, n_cv=1, start_cv=0, n_layers=8, lr1=0.005, lr2=0.04, wd1=1e-06, wd2=1e-07, dropout=0.4, dropout2=0.4, es_ckpt='TestTuningScript-geom-chameleon_geom-chameleon_trialNo3')
2023-10-11 07:35:21,364 - tune.py [line:125] - INFO: Split_seeds:[1824]
2023-10-11 07:35:21,364 - tune.py [line:126] - INFO: Model_seeds:[409]
2023-10-11 07:35:22,019 - tune.py [line:100] - INFO: Epoch 00020 | Time(s) 0.0305 | Val Loss 1.4657 | Val Acc 0.6066 | ETputs(KTEPS) 21332.84
2023-10-11 07:35:22,672 - tune.py [line:100] - INFO: Epoch 00040 | Time(s) 0.0312 | Val Loss 1.1612 | Val Acc 0.6440 | ETputs(KTEPS) 20852.20
2023-10-11 07:35:23,305 - tune.py [line:100] - INFO: Epoch 00060 | Time(s) 0.0311 | Val Loss 0.9348 | Val Acc 0.6835 | ETputs(KTEPS) 20937.80
2023-10-11 07:35:23,913 - tune.py [line:100] - INFO: Epoch 00080 | Time(s) 0.0307 | Val Loss 0.9141 | Val Acc 0.6945 | ETputs(KTEPS) 21154.64
2023-10-11 07:35:24,547 - tune.py [line:100] - INFO: Epoch 00100 | Time(s) 0.0308 | Val Loss 0.9419 | Val Acc 0.7187 | ETputs(KTEPS) 21097.63
2023-10-11 07:35:25,151 - tune.py [line:100] - INFO: Epoch 00120 | Time(s) 0.0307 | Val Loss 1.0149 | Val Acc 0.7187 | ETputs(KTEPS) 21188.62
2023-10-11 07:35:25,667 - tune.py [line:100] - INFO: Epoch 00140 | Time(s) 0.0300 | Val Loss 1.0887 | Val Acc 0.7055 | ETputs(KTEPS) 21684.37
2023-10-11 07:35:26,167 - tune.py [line:100] - INFO: Epoch 00160 | Time(s) 0.0294 | Val Loss 1.1492 | Val Acc 0.7165 | ETputs(KTEPS) 22148.35
2023-10-11 07:35:26,668 - tune.py [line:100] - INFO: Epoch 00180 | Time(s) 0.0289 | Val Loss 1.2321 | Val Acc 0.7033 | ETputs(KTEPS) 22515.12
2023-10-11 07:35:27,176 - tune.py [line:100] - INFO: Epoch 00200 | Time(s) 0.0285 | Val Loss 1.2925 | Val Acc 0.6989 | ETputs(KTEPS) 22793.51
2023-10-11 07:35:27,676 - tune.py [line:100] - INFO: Epoch 00220 | Time(s) 0.0282 | Val Loss 1.3225 | Val Acc 0.7077 | ETputs(KTEPS) 23053.14
2023-10-11 07:35:28,213 - tune.py [line:100] - INFO: Epoch 00240 | Time(s) 0.0281 | Val Loss 1.3729 | Val Acc 0.7143 | ETputs(KTEPS) 23149.15
2023-10-11 07:35:28,816 - tune.py [line:100] - INFO: Epoch 00260 | Time(s) 0.0282 | Val Loss 1.4409 | Val Acc 0.7099 | ETputs(KTEPS) 23017.98
2023-10-11 07:35:29,419 - tune.py [line:100] - INFO: Epoch 00280 | Time(s) 0.0284 | Val Loss 1.4937 | Val Acc 0.7121 | ETputs(KTEPS) 22909.52
2023-10-11 07:35:30,051 - tune.py [line:100] - INFO: Epoch 00300 | Time(s) 0.0286 | Val Loss 1.5197 | Val Acc 0.7165 | ETputs(KTEPS) 22739.11
2023-10-11 07:35:30,656 - tune.py [line:100] - INFO: Epoch 00320 | Time(s) 0.0287 | Val Loss 1.5650 | Val Acc 0.7055 | ETputs(KTEPS) 22657.98
2023-10-11 07:35:31,271 - tune.py [line:100] - INFO: Epoch 00340 | Time(s) 0.0288 | Val Loss 1.6154 | Val Acc 0.7011 | ETputs(KTEPS) 22563.86
2023-10-11 07:35:31,874 - tune.py [line:100] - INFO: Epoch 00360 | Time(s) 0.0289 | Val Loss 1.6814 | Val Acc 0.7055 | ETputs(KTEPS) 22506.97
2023-10-11 07:35:32,478 - tune.py [line:100] - INFO: Epoch 00380 | Time(s) 0.0290 | Val Loss 1.7426 | Val Acc 0.7099 | ETputs(KTEPS) 22454.30
2023-10-11 07:35:33,084 - tune.py [line:100] - INFO: Epoch 00400 | Time(s) 0.0290 | Val Loss 1.7711 | Val Acc 0.7077 | ETputs(KTEPS) 22403.83
2023-10-11 07:35:33,273 - tune.py [line:114] - INFO: [FINAL MODEL] Val accuracy 72.53% \Val loss: 0.96
2023-10-11 07:35:33,279 - tune.py [line:116] - INFO: [FINAL MODEL] Test accuracy 71.12% \Test loss: 0.89
2023-10-11 07:35:33,279 - tune.py [line:141] - INFO: Acc on the first split (Validation Set): 0.7253
2023-10-11 07:35:33,279 - tune.py [line:142] - INFO: Acc on the first split (Test Set): 0.7112
