2023-10-11 07:42:56,654 - tune.py [line:191] - INFO: Namespace(seed=42, model='NormalNN', gpu=0, dataset='geom-chameleon', logging=True, log_detail=True, log_detailedCh=False, id_log=1011014502, optuna_n_trials=202, self_loop=True, udgraph=True, early_stop=True, patience=300, n_epochs=2000, n_hidden=64, n_cv=1, start_cv=0, n_layers=12, lr1=0.03, lr2=0.05, wd1=0.0001, wd2=1e-06, dropout=0.3, dropout2=0.3, es_ckpt='TestTuningScript-geom-chameleon_geom-chameleon_trialNo71')
2023-10-11 07:42:57,560 - tune.py [line:125] - INFO: Split_seeds:[1824]
2023-10-11 07:42:57,560 - tune.py [line:126] - INFO: Model_seeds:[409]
2023-10-11 07:42:58,585 - tune.py [line:100] - INFO: Epoch 00020 | Time(s) 0.0489 | Val Loss 1.0494 | Val Acc 0.6747 | ETputs(KTEPS) 13297.19
2023-10-11 07:42:59,556 - tune.py [line:100] - INFO: Epoch 00040 | Time(s) 0.0485 | Val Loss 0.9445 | Val Acc 0.7165 | ETputs(KTEPS) 13392.40
2023-10-11 07:43:00,471 - tune.py [line:100] - INFO: Epoch 00060 | Time(s) 0.0475 | Val Loss 1.2051 | Val Acc 0.6989 | ETputs(KTEPS) 13681.82
2023-10-11 07:43:01,294 - tune.py [line:100] - INFO: Epoch 00080 | Time(s) 0.0459 | Val Loss 1.2585 | Val Acc 0.7011 | ETputs(KTEPS) 14158.72
2023-10-11 07:43:02,109 - tune.py [line:100] - INFO: Epoch 00100 | Time(s) 0.0449 | Val Loss 1.3609 | Val Acc 0.7187 | ETputs(KTEPS) 14486.37
2023-10-11 07:43:02,934 - tune.py [line:100] - INFO: Epoch 00120 | Time(s) 0.0443 | Val Loss 1.3844 | Val Acc 0.7121 | ETputs(KTEPS) 14691.07
2023-10-11 07:43:03,757 - tune.py [line:100] - INFO: Epoch 00140 | Time(s) 0.0438 | Val Loss 1.5220 | Val Acc 0.6989 | ETputs(KTEPS) 14840.48
2023-10-11 07:43:04,586 - tune.py [line:100] - INFO: Epoch 00160 | Time(s) 0.0435 | Val Loss 1.5896 | Val Acc 0.7209 | ETputs(KTEPS) 14941.11
2023-10-11 07:43:05,392 - tune.py [line:100] - INFO: Epoch 00180 | Time(s) 0.0431 | Val Loss 1.4646 | Val Acc 0.7297 | ETputs(KTEPS) 15075.16
2023-10-11 07:43:06,257 - tune.py [line:100] - INFO: Epoch 00200 | Time(s) 0.0431 | Val Loss 1.4522 | Val Acc 0.7165 | ETputs(KTEPS) 15078.20
2023-10-11 07:43:07,073 - tune.py [line:100] - INFO: Epoch 00220 | Time(s) 0.0429 | Val Loss 1.6418 | Val Acc 0.6923 | ETputs(KTEPS) 15153.36
2023-10-11 07:43:07,918 - tune.py [line:100] - INFO: Epoch 00240 | Time(s) 0.0429 | Val Loss 1.6692 | Val Acc 0.6791 | ETputs(KTEPS) 15173.33
2023-10-11 07:43:08,821 - tune.py [line:100] - INFO: Epoch 00260 | Time(s) 0.0430 | Val Loss 1.6198 | Val Acc 0.7055 | ETputs(KTEPS) 15112.26
2023-10-11 07:43:09,628 - tune.py [line:100] - INFO: Epoch 00280 | Time(s) 0.0428 | Val Loss 1.6735 | Val Acc 0.6835 | ETputs(KTEPS) 15179.65
2023-10-11 07:43:10,447 - tune.py [line:100] - INFO: Epoch 00300 | Time(s) 0.0427 | Val Loss 1.6084 | Val Acc 0.6967 | ETputs(KTEPS) 15225.51
2023-10-11 07:43:11,311 - tune.py [line:100] - INFO: Epoch 00320 | Time(s) 0.0427 | Val Loss 1.6132 | Val Acc 0.7121 | ETputs(KTEPS) 15214.45
2023-10-11 07:43:12,124 - tune.py [line:100] - INFO: Epoch 00340 | Time(s) 0.0426 | Val Loss 1.5933 | Val Acc 0.7143 | ETputs(KTEPS) 15258.92
2023-10-11 07:43:12,960 - tune.py [line:100] - INFO: Epoch 00360 | Time(s) 0.0426 | Val Loss 1.6565 | Val Acc 0.7033 | ETputs(KTEPS) 15275.10
2023-10-11 07:43:13,794 - tune.py [line:100] - INFO: Epoch 00380 | Time(s) 0.0425 | Val Loss 1.6451 | Val Acc 0.7121 | ETputs(KTEPS) 15292.67
2023-10-11 07:43:14,688 - tune.py [line:100] - INFO: Epoch 00400 | Time(s) 0.0426 | Val Loss 1.6298 | Val Acc 0.7187 | ETputs(KTEPS) 15253.39
2023-10-11 07:43:15,632 - tune.py [line:100] - INFO: Epoch 00420 | Time(s) 0.0428 | Val Loss 1.5966 | Val Acc 0.7187 | ETputs(KTEPS) 15176.51
2023-10-11 07:43:16,514 - tune.py [line:100] - INFO: Epoch 00440 | Time(s) 0.0429 | Val Loss 1.6937 | Val Acc 0.7231 | ETputs(KTEPS) 15156.37
2023-10-11 07:43:17,329 - tune.py [line:100] - INFO: Epoch 00460 | Time(s) 0.0428 | Val Loss 1.6267 | Val Acc 0.6945 | ETputs(KTEPS) 15190.22
2023-10-11 07:43:18,148 - tune.py [line:100] - INFO: Epoch 00480 | Time(s) 0.0427 | Val Loss 1.6448 | Val Acc 0.6989 | ETputs(KTEPS) 15217.75
2023-10-11 07:43:18,247 - tune.py [line:114] - INFO: [FINAL MODEL] Val accuracy 74.51% \Val loss: 1.5
2023-10-11 07:43:18,256 - tune.py [line:116] - INFO: [FINAL MODEL] Test accuracy 71.77% \Test loss: 1.5
2023-10-11 07:43:18,256 - tune.py [line:141] - INFO: Acc on the first split (Validation Set): 0.7451
2023-10-11 07:43:18,256 - tune.py [line:142] - INFO: Acc on the first split (Test Set): 0.7177
