2023-10-11 07:46:36,261 - tune.py [line:191] - INFO: Namespace(seed=42, model='NormalNN', gpu=0, dataset='geom-chameleon', logging=True, log_detail=True, log_detailedCh=False, id_log=1011014502, optuna_n_trials=202, self_loop=True, udgraph=True, early_stop=True, patience=300, n_epochs=2000, n_hidden=64, n_cv=1, start_cv=0, n_layers=12, lr1=0.03, lr2=0.05, wd1=0.0001, wd2=0.0001, dropout=0.3, dropout2=0.3, es_ckpt='TestTuningScript-geom-chameleon_geom-chameleon_trialNo115')
2023-10-11 07:46:37,142 - tune.py [line:125] - INFO: Split_seeds:[1824]
2023-10-11 07:46:37,142 - tune.py [line:126] - INFO: Model_seeds:[409]
2023-10-11 07:46:37,904 - tune.py [line:100] - INFO: Epoch 00020 | Time(s) 0.0359 | Val Loss 1.0540 | Val Acc 0.6813 | ETputs(KTEPS) 18100.16
2023-10-11 07:46:38,782 - tune.py [line:100] - INFO: Epoch 00040 | Time(s) 0.0395 | Val Loss 0.9278 | Val Acc 0.7275 | ETputs(KTEPS) 16471.03
2023-10-11 07:46:39,682 - tune.py [line:100] - INFO: Epoch 00060 | Time(s) 0.0413 | Val Loss 1.1062 | Val Acc 0.7121 | ETputs(KTEPS) 15737.84
2023-10-11 07:46:40,521 - tune.py [line:100] - INFO: Epoch 00080 | Time(s) 0.0415 | Val Loss 1.1055 | Val Acc 0.7099 | ETputs(KTEPS) 15677.66
2023-10-11 07:46:41,536 - tune.py [line:100] - INFO: Epoch 00100 | Time(s) 0.0433 | Val Loss 1.1315 | Val Acc 0.7011 | ETputs(KTEPS) 15009.74
2023-10-11 07:46:42,444 - tune.py [line:100] - INFO: Epoch 00120 | Time(s) 0.0437 | Val Loss 1.1233 | Val Acc 0.6989 | ETputs(KTEPS) 14892.09
2023-10-11 07:46:43,269 - tune.py [line:100] - INFO: Epoch 00140 | Time(s) 0.0433 | Val Loss 1.1015 | Val Acc 0.7187 | ETputs(KTEPS) 15019.15
2023-10-11 07:46:44,073 - tune.py [line:100] - INFO: Epoch 00160 | Time(s) 0.0429 | Val Loss 1.0785 | Val Acc 0.7143 | ETputs(KTEPS) 15153.38
2023-10-11 07:46:44,899 - tune.py [line:100] - INFO: Epoch 00180 | Time(s) 0.0427 | Val Loss 1.0687 | Val Acc 0.7275 | ETputs(KTEPS) 15218.36
2023-10-11 07:46:45,712 - tune.py [line:100] - INFO: Epoch 00200 | Time(s) 0.0425 | Val Loss 1.0994 | Val Acc 0.7121 | ETputs(KTEPS) 15294.04
2023-10-11 07:46:46,533 - tune.py [line:100] - INFO: Epoch 00220 | Time(s) 0.0424 | Val Loss 1.1124 | Val Acc 0.7055 | ETputs(KTEPS) 15342.83
2023-10-11 07:46:47,450 - tune.py [line:100] - INFO: Epoch 00240 | Time(s) 0.0427 | Val Loss 1.1112 | Val Acc 0.7055 | ETputs(KTEPS) 15239.09
2023-10-11 07:46:48,391 - tune.py [line:100] - INFO: Epoch 00260 | Time(s) 0.0430 | Val Loss 1.1009 | Val Acc 0.7033 | ETputs(KTEPS) 15120.49
2023-10-11 07:46:49,338 - tune.py [line:100] - INFO: Epoch 00280 | Time(s) 0.0433 | Val Loss 1.1961 | Val Acc 0.7121 | ETputs(KTEPS) 15012.58
2023-10-11 07:46:50,221 - tune.py [line:100] - INFO: Epoch 00300 | Time(s) 0.0434 | Val Loss 1.1040 | Val Acc 0.7055 | ETputs(KTEPS) 14993.14
2023-10-11 07:46:51,153 - tune.py [line:100] - INFO: Epoch 00320 | Time(s) 0.0436 | Val Loss 1.1067 | Val Acc 0.7077 | ETputs(KTEPS) 14923.83
2023-10-11 07:46:52,170 - tune.py [line:100] - INFO: Epoch 00340 | Time(s) 0.0440 | Val Loss 1.1516 | Val Acc 0.7011 | ETputs(KTEPS) 14780.05
2023-10-11 07:46:53,050 - tune.py [line:100] - INFO: Epoch 00360 | Time(s) 0.0440 | Val Loss 1.0871 | Val Acc 0.7165 | ETputs(KTEPS) 14782.71
2023-10-11 07:46:54,016 - tune.py [line:100] - INFO: Epoch 00380 | Time(s) 0.0442 | Val Loss 1.1283 | Val Acc 0.7055 | ETputs(KTEPS) 14706.55
2023-10-11 07:46:55,041 - tune.py [line:100] - INFO: Epoch 00400 | Time(s) 0.0446 | Val Loss 1.1396 | Val Acc 0.7231 | ETputs(KTEPS) 14591.45
2023-10-11 07:46:55,966 - tune.py [line:100] - INFO: Epoch 00420 | Time(s) 0.0446 | Val Loss 1.1431 | Val Acc 0.6989 | ETputs(KTEPS) 14565.57
2023-10-11 07:46:56,854 - tune.py [line:100] - INFO: Epoch 00440 | Time(s) 0.0446 | Val Loss 1.1278 | Val Acc 0.7077 | ETputs(KTEPS) 14569.23
2023-10-11 07:46:57,670 - tune.py [line:100] - INFO: Epoch 00460 | Time(s) 0.0445 | Val Loss 1.1174 | Val Acc 0.7187 | ETputs(KTEPS) 14624.12
2023-10-11 07:46:58,525 - tune.py [line:100] - INFO: Epoch 00480 | Time(s) 0.0444 | Val Loss 1.0533 | Val Acc 0.7121 | ETputs(KTEPS) 14647.87
2023-10-11 07:46:59,355 - tune.py [line:100] - INFO: Epoch 00500 | Time(s) 0.0443 | Val Loss 1.0833 | Val Acc 0.7121 | ETputs(KTEPS) 14686.42
2023-10-11 07:47:00,237 - tune.py [line:100] - INFO: Epoch 00520 | Time(s) 0.0443 | Val Loss 1.0773 | Val Acc 0.7275 | ETputs(KTEPS) 14688.76
2023-10-11 07:47:01,059 - tune.py [line:100] - INFO: Epoch 00540 | Time(s) 0.0441 | Val Loss 1.1637 | Val Acc 0.7011 | ETputs(KTEPS) 14728.33
2023-10-11 07:47:01,868 - tune.py [line:100] - INFO: Epoch 00560 | Time(s) 0.0440 | Val Loss 1.1459 | Val Acc 0.7033 | ETputs(KTEPS) 14772.84
2023-10-11 07:47:02,682 - tune.py [line:100] - INFO: Epoch 00580 | Time(s) 0.0439 | Val Loss 1.1743 | Val Acc 0.6835 | ETputs(KTEPS) 14811.58
2023-10-11 07:47:03,497 - tune.py [line:100] - INFO: Epoch 00600 | Time(s) 0.0438 | Val Loss 1.1302 | Val Acc 0.7121 | ETputs(KTEPS) 14847.04
2023-10-11 07:47:04,255 - tune.py [line:100] - INFO: Epoch 00620 | Time(s) 0.0436 | Val Loss 1.1243 | Val Acc 0.7209 | ETputs(KTEPS) 14912.06
2023-10-11 07:47:05,162 - tune.py [line:100] - INFO: Epoch 00640 | Time(s) 0.0437 | Val Loss 1.1378 | Val Acc 0.7055 | ETputs(KTEPS) 14893.74
2023-10-11 07:47:05,731 - tune.py [line:114] - INFO: [FINAL MODEL] Val accuracy 73.41% \Val loss: 1.1
2023-10-11 07:47:05,740 - tune.py [line:116] - INFO: [FINAL MODEL] Test accuracy 71.77% \Test loss: 1.1
2023-10-11 07:47:05,740 - tune.py [line:141] - INFO: Acc on the first split (Validation Set): 0.7341
2023-10-11 07:47:05,740 - tune.py [line:142] - INFO: Acc on the first split (Test Set): 0.7177
