2023-10-11 07:41:04,043 - tune.py [line:191] - INFO: Namespace(seed=42, model='NormalNN', gpu=0, dataset='geom-chameleon', logging=True, log_detail=True, log_detailedCh=False, id_log=1011014502, optuna_n_trials=202, self_loop=True, udgraph=True, early_stop=True, patience=300, n_epochs=2000, n_hidden=64, n_cv=1, start_cv=0, n_layers=12, lr1=0.04, lr2=0.05, wd1=0.0001, wd2=1e-07, dropout=0.4, dropout2=0.3, es_ckpt='TestTuningScript-geom-chameleon_geom-chameleon_trialNo52')
2023-10-11 07:41:04,812 - tune.py [line:125] - INFO: Split_seeds:[1824]
2023-10-11 07:41:04,812 - tune.py [line:126] - INFO: Model_seeds:[409]
2023-10-11 07:41:05,714 - tune.py [line:100] - INFO: Epoch 00020 | Time(s) 0.0430 | Val Loss 1.0220 | Val Acc 0.6615 | ETputs(KTEPS) 15115.48
2023-10-11 07:41:06,654 - tune.py [line:100] - INFO: Epoch 00040 | Time(s) 0.0445 | Val Loss 1.0295 | Val Acc 0.7121 | ETputs(KTEPS) 14596.60
2023-10-11 07:41:07,653 - tune.py [line:100] - INFO: Epoch 00060 | Time(s) 0.0463 | Val Loss 1.2277 | Val Acc 0.7121 | ETputs(KTEPS) 14056.29
2023-10-11 07:41:08,604 - tune.py [line:100] - INFO: Epoch 00080 | Time(s) 0.0466 | Val Loss 1.3652 | Val Acc 0.6857 | ETputs(KTEPS) 13958.93
2023-10-11 07:41:09,537 - tune.py [line:100] - INFO: Epoch 00100 | Time(s) 0.0466 | Val Loss 1.4252 | Val Acc 0.6923 | ETputs(KTEPS) 13957.68
2023-10-11 07:41:10,451 - tune.py [line:100] - INFO: Epoch 00120 | Time(s) 0.0464 | Val Loss 1.4267 | Val Acc 0.6989 | ETputs(KTEPS) 14001.96
2023-10-11 07:41:11,363 - tune.py [line:100] - INFO: Epoch 00140 | Time(s) 0.0463 | Val Loss 1.4580 | Val Acc 0.7011 | ETputs(KTEPS) 14038.51
2023-10-11 07:41:12,355 - tune.py [line:100] - INFO: Epoch 00160 | Time(s) 0.0467 | Val Loss 1.5111 | Val Acc 0.6901 | ETputs(KTEPS) 13917.18
2023-10-11 07:41:13,229 - tune.py [line:100] - INFO: Epoch 00180 | Time(s) 0.0464 | Val Loss 1.4522 | Val Acc 0.6989 | ETputs(KTEPS) 14018.37
2023-10-11 07:41:14,120 - tune.py [line:100] - INFO: Epoch 00200 | Time(s) 0.0462 | Val Loss 1.5640 | Val Acc 0.7011 | ETputs(KTEPS) 14078.43
2023-10-11 07:41:15,059 - tune.py [line:100] - INFO: Epoch 00220 | Time(s) 0.0462 | Val Loss 1.4958 | Val Acc 0.7165 | ETputs(KTEPS) 14059.03
2023-10-11 07:41:15,941 - tune.py [line:100] - INFO: Epoch 00240 | Time(s) 0.0461 | Val Loss 1.4927 | Val Acc 0.7121 | ETputs(KTEPS) 14113.28
2023-10-11 07:41:16,861 - tune.py [line:100] - INFO: Epoch 00260 | Time(s) 0.0461 | Val Loss 1.4429 | Val Acc 0.7011 | ETputs(KTEPS) 14115.57
2023-10-11 07:41:17,685 - tune.py [line:100] - INFO: Epoch 00280 | Time(s) 0.0457 | Val Loss 1.5078 | Val Acc 0.6923 | ETputs(KTEPS) 14228.39
2023-10-11 07:41:18,540 - tune.py [line:100] - INFO: Epoch 00300 | Time(s) 0.0455 | Val Loss 1.4321 | Val Acc 0.7055 | ETputs(KTEPS) 14290.68
2023-10-11 07:41:19,366 - tune.py [line:100] - INFO: Epoch 00320 | Time(s) 0.0452 | Val Loss 1.4056 | Val Acc 0.7297 | ETputs(KTEPS) 14378.58
2023-10-11 07:41:20,215 - tune.py [line:100] - INFO: Epoch 00340 | Time(s) 0.0450 | Val Loss 1.4951 | Val Acc 0.6989 | ETputs(KTEPS) 14433.38
2023-10-11 07:41:21,189 - tune.py [line:100] - INFO: Epoch 00360 | Time(s) 0.0452 | Val Loss 1.5892 | Val Acc 0.6835 | ETputs(KTEPS) 14369.55
2023-10-11 07:41:22,024 - tune.py [line:100] - INFO: Epoch 00380 | Time(s) 0.0451 | Val Loss 1.5599 | Val Acc 0.6945 | ETputs(KTEPS) 14428.46
2023-10-11 07:41:22,988 - tune.py [line:100] - INFO: Epoch 00400 | Time(s) 0.0452 | Val Loss 1.5918 | Val Acc 0.6945 | ETputs(KTEPS) 14379.26
2023-10-11 07:41:24,032 - tune.py [line:100] - INFO: Epoch 00420 | Time(s) 0.0455 | Val Loss 1.6433 | Val Acc 0.7033 | ETputs(KTEPS) 14274.79
2023-10-11 07:41:25,035 - tune.py [line:100] - INFO: Epoch 00440 | Time(s) 0.0458 | Val Loss 1.5763 | Val Acc 0.7099 | ETputs(KTEPS) 14209.69
2023-10-11 07:41:25,931 - tune.py [line:100] - INFO: Epoch 00460 | Time(s) 0.0457 | Val Loss 1.5592 | Val Acc 0.6967 | ETputs(KTEPS) 14223.04
2023-10-11 07:41:26,944 - tune.py [line:100] - INFO: Epoch 00480 | Time(s) 0.0459 | Val Loss 1.5404 | Val Acc 0.7055 | ETputs(KTEPS) 14159.35
2023-10-11 07:41:27,861 - tune.py [line:100] - INFO: Epoch 00500 | Time(s) 0.0459 | Val Loss 1.5788 | Val Acc 0.7055 | ETputs(KTEPS) 14160.77
2023-10-11 07:41:28,752 - tune.py [line:100] - INFO: Epoch 00520 | Time(s) 0.0459 | Val Loss 1.6443 | Val Acc 0.7033 | ETputs(KTEPS) 14177.21
2023-10-11 07:41:29,641 - tune.py [line:100] - INFO: Epoch 00540 | Time(s) 0.0458 | Val Loss 1.6357 | Val Acc 0.6901 | ETputs(KTEPS) 14193.91
2023-10-11 07:41:30,608 - tune.py [line:100] - INFO: Epoch 00560 | Time(s) 0.0459 | Val Loss 1.6784 | Val Acc 0.7077 | ETputs(KTEPS) 14165.72
2023-10-11 07:41:31,505 - tune.py [line:100] - INFO: Epoch 00580 | Time(s) 0.0459 | Val Loss 1.6920 | Val Acc 0.6879 | ETputs(KTEPS) 14177.34
2023-10-11 07:41:32,486 - tune.py [line:100] - INFO: Epoch 00600 | Time(s) 0.0460 | Val Loss 1.7669 | Val Acc 0.6901 | ETputs(KTEPS) 14144.92
2023-10-11 07:41:33,304 - tune.py [line:100] - INFO: Epoch 00620 | Time(s) 0.0458 | Val Loss 1.6021 | Val Acc 0.6923 | ETputs(KTEPS) 14195.75
2023-10-11 07:41:33,757 - tune.py [line:114] - INFO: [FINAL MODEL] Val accuracy 73.63% \Val loss: 1.5
2023-10-11 07:41:33,766 - tune.py [line:116] - INFO: [FINAL MODEL] Test accuracy 72.65% \Test loss: 1.5
2023-10-11 07:41:33,766 - tune.py [line:141] - INFO: Acc on the first split (Validation Set): 0.7363
2023-10-11 07:41:33,766 - tune.py [line:142] - INFO: Acc on the first split (Test Set): 0.7265
