2023-10-11 07:46:02,297 - tune.py [line:191] - INFO: Namespace(seed=42, model='NormalNN', gpu=1, dataset='genius', logging=True, log_detail=True, log_detailedCh=False, id_log=1011014501, optuna_n_trials=202, self_loop=True, udgraph=True, early_stop=True, patience=300, n_epochs=2000, n_hidden=64, n_cv=1, start_cv=0, n_layers=12, lr1=0.03, lr2=0.03, wd1=1e-05, wd2=1e-06, dropout=0.0, dropout2=0.6, es_ckpt='TestTuningScript-genius_genius_trialNo2')
2023-10-11 07:46:02,582 - tune.py [line:125] - INFO: Split_seeds:[1824]
2023-10-11 07:46:02,582 - tune.py [line:126] - INFO: Model_seeds:[409]
2023-10-11 07:46:27,549 - tune.py [line:100] - INFO: Epoch 00020 | Time(s) 1.2359 | Val Loss 0.6382 | Val Acc 0.7239 | ETputs(KTEPS) 18349.28
2023-10-11 07:46:52,656 - tune.py [line:100] - INFO: Epoch 00040 | Time(s) 1.2452 | Val Loss 0.6214 | Val Acc 0.8149 | ETputs(KTEPS) 18212.18
2023-10-11 07:47:18,029 - tune.py [line:100] - INFO: Epoch 00060 | Time(s) 1.2523 | Val Loss 0.6101 | Val Acc 0.8409 | ETputs(KTEPS) 18107.60
2023-10-11 07:47:43,397 - tune.py [line:100] - INFO: Epoch 00080 | Time(s) 1.2559 | Val Loss 0.5943 | Val Acc 0.8593 | ETputs(KTEPS) 18055.75
2023-10-11 07:48:08,563 - tune.py [line:100] - INFO: Epoch 00100 | Time(s) 1.2561 | Val Loss 0.5777 | Val Acc 0.8718 | ETputs(KTEPS) 18054.06
2023-10-11 07:48:33,637 - tune.py [line:100] - INFO: Epoch 00120 | Time(s) 1.2555 | Val Loss 0.5607 | Val Acc 0.8844 | ETputs(KTEPS) 18061.66
2023-10-11 07:48:58,240 - tune.py [line:100] - INFO: Epoch 00140 | Time(s) 1.2517 | Val Loss 0.5476 | Val Acc 0.8875 | ETputs(KTEPS) 18116.93
2023-10-11 07:49:23,176 - tune.py [line:100] - INFO: Epoch 00160 | Time(s) 1.2511 | Val Loss 0.5404 | Val Acc 0.8876 | ETputs(KTEPS) 18126.12
2023-10-11 07:49:48,030 - tune.py [line:100] - INFO: Epoch 00180 | Time(s) 1.2501 | Val Loss 0.5369 | Val Acc 0.8876 | ETputs(KTEPS) 18139.73
2023-10-11 07:50:12,659 - tune.py [line:100] - INFO: Epoch 00200 | Time(s) 1.2482 | Val Loss 0.5354 | Val Acc 0.8892 | ETputs(KTEPS) 18168.23
2023-10-11 07:50:39,925 - tune.py [line:100] - INFO: Epoch 00220 | Time(s) 1.2586 | Val Loss 0.5337 | Val Acc 0.8908 | ETputs(KTEPS) 18017.98
2023-10-11 07:51:04,476 - tune.py [line:100] - INFO: Epoch 00240 | Time(s) 1.2559 | Val Loss 0.5326 | Val Acc 0.8917 | ETputs(KTEPS) 18056.17
2023-10-11 07:51:29,173 - tune.py [line:100] - INFO: Epoch 00260 | Time(s) 1.2542 | Val Loss 0.5317 | Val Acc 0.8921 | ETputs(KTEPS) 18080.57
2023-10-11 07:51:53,668 - tune.py [line:100] - INFO: Epoch 00280 | Time(s) 1.2521 | Val Loss 0.5314 | Val Acc 0.8938 | ETputs(KTEPS) 18111.68
2023-10-11 07:52:18,500 - tune.py [line:100] - INFO: Epoch 00300 | Time(s) 1.2513 | Val Loss 0.5299 | Val Acc 0.8942 | ETputs(KTEPS) 18122.11
2023-10-11 07:52:43,358 - tune.py [line:100] - INFO: Epoch 00320 | Time(s) 1.2508 | Val Loss 0.5308 | Val Acc 0.8951 | ETputs(KTEPS) 18130.63
2023-10-11 07:53:08,310 - tune.py [line:100] - INFO: Epoch 00340 | Time(s) 1.2505 | Val Loss 0.5302 | Val Acc 0.8966 | ETputs(KTEPS) 18134.38
2023-10-11 07:53:33,269 - tune.py [line:100] - INFO: Epoch 00360 | Time(s) 1.2503 | Val Loss 0.5310 | Val Acc 0.8968 | ETputs(KTEPS) 18137.00
2023-10-11 07:53:58,225 - tune.py [line:100] - INFO: Epoch 00380 | Time(s) 1.2501 | Val Loss 0.5299 | Val Acc 0.8981 | ETputs(KTEPS) 18139.53
2023-10-11 07:54:23,029 - tune.py [line:100] - INFO: Epoch 00400 | Time(s) 1.2496 | Val Loss 0.5300 | Val Acc 0.8981 | ETputs(KTEPS) 18146.87
2023-10-11 07:54:47,674 - tune.py [line:100] - INFO: Epoch 00420 | Time(s) 1.2488 | Val Loss 0.5289 | Val Acc 0.8982 | ETputs(KTEPS) 18158.92
2023-10-11 07:55:12,716 - tune.py [line:100] - INFO: Epoch 00440 | Time(s) 1.2489 | Val Loss 0.5289 | Val Acc 0.8989 | ETputs(KTEPS) 18157.12
2023-10-11 07:55:37,375 - tune.py [line:100] - INFO: Epoch 00460 | Time(s) 1.2482 | Val Loss 0.5297 | Val Acc 0.8992 | ETputs(KTEPS) 18167.46
2023-10-11 07:56:02,103 - tune.py [line:100] - INFO: Epoch 00480 | Time(s) 1.2477 | Val Loss 0.5283 | Val Acc 0.8991 | ETputs(KTEPS) 18174.78
2023-10-11 07:56:26,857 - tune.py [line:100] - INFO: Epoch 00500 | Time(s) 1.2473 | Val Loss 0.5287 | Val Acc 0.8993 | ETputs(KTEPS) 18180.74
2023-10-11 07:56:51,496 - tune.py [line:100] - INFO: Epoch 00520 | Time(s) 1.2467 | Val Loss 0.5294 | Val Acc 0.8996 | ETputs(KTEPS) 18189.46
2023-10-11 07:57:16,070 - tune.py [line:100] - INFO: Epoch 00540 | Time(s) 1.2460 | Val Loss 0.5292 | Val Acc 0.8990 | ETputs(KTEPS) 18199.24
2023-10-11 07:57:40,707 - tune.py [line:100] - INFO: Epoch 00560 | Time(s) 1.2455 | Val Loss 0.5288 | Val Acc 0.8997 | ETputs(KTEPS) 18206.70
2023-10-11 07:58:05,223 - tune.py [line:100] - INFO: Epoch 00580 | Time(s) 1.2448 | Val Loss 0.5289 | Val Acc 0.8993 | ETputs(KTEPS) 18216.67
2023-10-11 07:58:29,944 - tune.py [line:100] - INFO: Epoch 00600 | Time(s) 1.2446 | Val Loss 0.5288 | Val Acc 0.8998 | ETputs(KTEPS) 18220.99
2023-10-11 07:58:54,483 - tune.py [line:100] - INFO: Epoch 00620 | Time(s) 1.2440 | Val Loss 0.5293 | Val Acc 0.9000 | ETputs(KTEPS) 18229.35
2023-10-11 07:59:19,424 - tune.py [line:100] - INFO: Epoch 00640 | Time(s) 1.2441 | Val Loss 0.5293 | Val Acc 0.8989 | ETputs(KTEPS) 18227.97
2023-10-11 07:59:44,059 - tune.py [line:100] - INFO: Epoch 00660 | Time(s) 1.2437 | Val Loss 0.5290 | Val Acc 0.8995 | ETputs(KTEPS) 18233.46
2023-10-11 08:00:08,954 - tune.py [line:100] - INFO: Epoch 00680 | Time(s) 1.2437 | Val Loss 0.5292 | Val Acc 0.8987 | ETputs(KTEPS) 18233.05
2023-10-11 08:00:33,669 - tune.py [line:100] - INFO: Epoch 00700 | Time(s) 1.2435 | Val Loss 0.5294 | Val Acc 0.8991 | ETputs(KTEPS) 18236.42
2023-10-11 08:00:58,506 - tune.py [line:100] - INFO: Epoch 00720 | Time(s) 1.2435 | Val Loss 0.5295 | Val Acc 0.8992 | ETputs(KTEPS) 18237.11
2023-10-11 08:01:23,343 - tune.py [line:100] - INFO: Epoch 00740 | Time(s) 1.2434 | Val Loss 0.5323 | Val Acc 0.8986 | ETputs(KTEPS) 18237.77
2023-10-11 08:01:47,975 - tune.py [line:100] - INFO: Epoch 00760 | Time(s) 1.2431 | Val Loss 0.5289 | Val Acc 0.8993 | ETputs(KTEPS) 18242.36
2023-10-11 08:02:12,867 - tune.py [line:100] - INFO: Epoch 00780 | Time(s) 1.2431 | Val Loss 0.5296 | Val Acc 0.8990 | ETputs(KTEPS) 18241.81
2023-10-11 08:02:37,672 - tune.py [line:100] - INFO: Epoch 00800 | Time(s) 1.2431 | Val Loss 0.5300 | Val Acc 0.8986 | ETputs(KTEPS) 18242.89
2023-10-11 08:02:50,415 - tune.py [line:114] - INFO: [FINAL MODEL] Val accuracy 90.02% \Val loss: 0.53
2023-10-11 08:02:50,785 - tune.py [line:116] - INFO: [FINAL MODEL] Test accuracy 89.97% \Test loss: 0.53
2023-10-11 08:02:50,785 - tune.py [line:141] - INFO: Acc on the first split (Validation Set): 0.9002
2023-10-11 08:02:50,786 - tune.py [line:142] - INFO: Acc on the first split (Test Set): 0.8997
