2023-10-11 11:32:21,858 - tune.py [line:191] - INFO: Namespace(seed=42, model='NormalNN', gpu=1, dataset='genius', logging=True, log_detail=True, log_detailedCh=False, id_log=1011014501, optuna_n_trials=202, self_loop=True, udgraph=True, early_stop=True, patience=300, n_epochs=2000, n_hidden=64, n_cv=1, start_cv=0, n_layers=8, lr1=0.04, lr2=0.03, wd1=1e-06, wd2=1e-07, dropout=0.0, dropout2=0.6, es_ckpt='TestTuningScript-genius_genius_trialNo106')
2023-10-11 11:32:22,124 - tune.py [line:125] - INFO: Split_seeds:[1824]
2023-10-11 11:32:22,124 - tune.py [line:126] - INFO: Model_seeds:[409]
2023-10-11 11:32:39,767 - tune.py [line:100] - INFO: Epoch 00020 | Time(s) 0.8700 | Val Loss 0.6291 | Val Acc 0.8173 | ETputs(KTEPS) 26064.68
2023-10-11 11:32:57,092 - tune.py [line:100] - INFO: Epoch 00040 | Time(s) 0.8676 | Val Loss 0.6185 | Val Acc 0.8382 | ETputs(KTEPS) 26136.94
2023-10-11 11:33:14,960 - tune.py [line:100] - INFO: Epoch 00060 | Time(s) 0.8758 | Val Loss 0.6004 | Val Acc 0.8662 | ETputs(KTEPS) 25892.02
2023-10-11 11:33:32,533 - tune.py [line:100] - INFO: Epoch 00080 | Time(s) 0.8763 | Val Loss 0.5805 | Val Acc 0.8885 | ETputs(KTEPS) 25878.79
2023-10-11 11:33:50,137 - tune.py [line:100] - INFO: Epoch 00100 | Time(s) 0.8769 | Val Loss 0.5619 | Val Acc 0.8914 | ETputs(KTEPS) 25859.47
2023-10-11 11:34:07,729 - tune.py [line:100] - INFO: Epoch 00120 | Time(s) 0.8773 | Val Loss 0.5509 | Val Acc 0.8884 | ETputs(KTEPS) 25847.77
2023-10-11 11:34:25,069 - tune.py [line:100] - INFO: Epoch 00140 | Time(s) 0.8758 | Val Loss 0.5406 | Val Acc 0.8893 | ETputs(KTEPS) 25891.39
2023-10-11 11:34:42,992 - tune.py [line:100] - INFO: Epoch 00160 | Time(s) 0.8784 | Val Loss 0.5354 | Val Acc 0.8888 | ETputs(KTEPS) 25816.76
2023-10-11 11:35:00,773 - tune.py [line:100] - INFO: Epoch 00180 | Time(s) 0.8796 | Val Loss 0.5337 | Val Acc 0.8892 | ETputs(KTEPS) 25782.12
2023-10-11 11:35:18,133 - tune.py [line:100] - INFO: Epoch 00200 | Time(s) 0.8784 | Val Loss 0.5341 | Val Acc 0.8919 | ETputs(KTEPS) 25816.11
2023-10-11 11:35:35,603 - tune.py [line:100] - INFO: Epoch 00220 | Time(s) 0.8779 | Val Loss 0.5317 | Val Acc 0.8933 | ETputs(KTEPS) 25830.28
2023-10-11 11:35:53,041 - tune.py [line:100] - INFO: Epoch 00240 | Time(s) 0.8773 | Val Loss 0.5312 | Val Acc 0.8947 | ETputs(KTEPS) 25848.19
2023-10-11 11:36:10,846 - tune.py [line:100] - INFO: Epoch 00260 | Time(s) 0.8782 | Val Loss 0.5301 | Val Acc 0.8957 | ETputs(KTEPS) 25822.87
2023-10-11 11:36:28,504 - tune.py [line:100] - INFO: Epoch 00280 | Time(s) 0.8784 | Val Loss 0.5291 | Val Acc 0.8977 | ETputs(KTEPS) 25815.98
2023-10-11 11:36:46,170 - tune.py [line:100] - INFO: Epoch 00300 | Time(s) 0.8787 | Val Loss 0.5291 | Val Acc 0.8988 | ETputs(KTEPS) 25807.55
2023-10-11 11:37:04,190 - tune.py [line:100] - INFO: Epoch 00320 | Time(s) 0.8800 | Val Loss 0.5277 | Val Acc 0.8999 | ETputs(KTEPS) 25769.23
2023-10-11 11:37:22,253 - tune.py [line:100] - INFO: Epoch 00340 | Time(s) 0.8813 | Val Loss 0.5280 | Val Acc 0.9001 | ETputs(KTEPS) 25730.29
2023-10-11 11:37:39,623 - tune.py [line:100] - INFO: Epoch 00360 | Time(s) 0.8806 | Val Loss 0.5278 | Val Acc 0.9005 | ETputs(KTEPS) 25751.29
2023-10-11 11:37:57,195 - tune.py [line:100] - INFO: Epoch 00380 | Time(s) 0.8805 | Val Loss 0.5280 | Val Acc 0.8998 | ETputs(KTEPS) 25754.76
2023-10-11 11:38:14,701 - tune.py [line:100] - INFO: Epoch 00400 | Time(s) 0.8802 | Val Loss 0.5278 | Val Acc 0.9007 | ETputs(KTEPS) 25762.51
2023-10-11 11:38:32,482 - tune.py [line:100] - INFO: Epoch 00420 | Time(s) 0.8806 | Val Loss 0.5279 | Val Acc 0.8997 | ETputs(KTEPS) 25750.36
2023-10-11 11:38:50,002 - tune.py [line:100] - INFO: Epoch 00440 | Time(s) 0.8804 | Val Loss 0.5267 | Val Acc 0.9004 | ETputs(KTEPS) 25756.85
2023-10-11 11:39:07,468 - tune.py [line:100] - INFO: Epoch 00460 | Time(s) 0.8801 | Val Loss 0.5284 | Val Acc 0.8991 | ETputs(KTEPS) 25766.04
2023-10-11 11:39:25,136 - tune.py [line:100] - INFO: Epoch 00480 | Time(s) 0.8802 | Val Loss 0.5277 | Val Acc 0.9002 | ETputs(KTEPS) 25762.13
2023-10-11 11:39:42,532 - tune.py [line:100] - INFO: Epoch 00500 | Time(s) 0.8798 | Val Loss 0.5268 | Val Acc 0.8997 | ETputs(KTEPS) 25774.48
2023-10-11 11:40:00,144 - tune.py [line:100] - INFO: Epoch 00520 | Time(s) 0.8798 | Val Loss 0.5281 | Val Acc 0.8997 | ETputs(KTEPS) 25773.68
2023-10-11 11:40:17,617 - tune.py [line:100] - INFO: Epoch 00540 | Time(s) 0.8796 | Val Loss 0.5278 | Val Acc 0.9003 | ETputs(KTEPS) 25780.50
2023-10-11 11:40:35,149 - tune.py [line:100] - INFO: Epoch 00560 | Time(s) 0.8795 | Val Loss 0.5284 | Val Acc 0.8991 | ETputs(KTEPS) 25783.74
2023-10-11 11:40:52,921 - tune.py [line:100] - INFO: Epoch 00580 | Time(s) 0.8798 | Val Loss 0.5280 | Val Acc 0.9001 | ETputs(KTEPS) 25774.64
2023-10-11 11:41:10,515 - tune.py [line:100] - INFO: Epoch 00600 | Time(s) 0.8798 | Val Loss 0.5290 | Val Acc 0.8992 | ETputs(KTEPS) 25774.82
2023-10-11 11:41:28,489 - tune.py [line:100] - INFO: Epoch 00620 | Time(s) 0.8804 | Val Loss 0.5282 | Val Acc 0.9003 | ETputs(KTEPS) 25757.02
2023-10-11 11:41:46,038 - tune.py [line:100] - INFO: Epoch 00640 | Time(s) 0.8803 | Val Loss 0.5282 | Val Acc 0.8999 | ETputs(KTEPS) 25759.80
2023-10-11 11:42:03,805 - tune.py [line:100] - INFO: Epoch 00660 | Time(s) 0.8806 | Val Loss 0.5293 | Val Acc 0.9000 | ETputs(KTEPS) 25752.75
2023-10-11 11:42:21,309 - tune.py [line:100] - INFO: Epoch 00680 | Time(s) 0.8804 | Val Loss 0.5290 | Val Acc 0.9000 | ETputs(KTEPS) 25757.39
2023-10-11 11:42:38,849 - tune.py [line:100] - INFO: Epoch 00700 | Time(s) 0.8803 | Val Loss 0.5284 | Val Acc 0.8989 | ETputs(KTEPS) 25760.27
2023-10-11 11:42:56,357 - tune.py [line:100] - INFO: Epoch 00720 | Time(s) 0.8802 | Val Loss 0.5288 | Val Acc 0.8997 | ETputs(KTEPS) 25764.33
2023-10-11 11:43:07,903 - tune.py [line:114] - INFO: [FINAL MODEL] Val accuracy 90.14% \Val loss: 0.53
2023-10-11 11:43:08,178 - tune.py [line:116] - INFO: [FINAL MODEL] Test accuracy 90.07% \Test loss: 0.53
2023-10-11 11:43:08,179 - tune.py [line:141] - INFO: Acc on the first split (Validation Set): 0.9014
2023-10-11 11:43:08,179 - tune.py [line:142] - INFO: Acc on the first split (Test Set): 0.9007
