2023-10-11 09:42:40,095 - tune.py [line:191] - INFO: Namespace(seed=42, model='NormalNN', gpu=1, dataset='genius', logging=True, log_detail=True, log_detailedCh=False, id_log=1011014501, optuna_n_trials=202, self_loop=True, udgraph=True, early_stop=True, patience=300, n_epochs=2000, n_hidden=64, n_cv=1, start_cv=0, n_layers=8, lr1=0.03, lr2=0.02, wd1=1e-08, wd2=1e-07, dropout=0.0, dropout2=0.6, es_ckpt='TestTuningScript-genius_genius_trialNo11')
2023-10-11 09:42:40,392 - tune.py [line:125] - INFO: Split_seeds:[1824]
2023-10-11 09:42:40,392 - tune.py [line:126] - INFO: Model_seeds:[409]
2023-10-11 09:43:00,865 - tune.py [line:100] - INFO: Epoch 00020 | Time(s) 1.0106 | Val Loss 0.6404 | Val Acc 0.8259 | ETputs(KTEPS) 22438.67
2023-10-11 09:43:21,128 - tune.py [line:100] - INFO: Epoch 00040 | Time(s) 1.0114 | Val Loss 0.6217 | Val Acc 0.8350 | ETputs(KTEPS) 22422.13
2023-10-11 09:43:41,364 - tune.py [line:100] - INFO: Epoch 00060 | Time(s) 1.0108 | Val Loss 0.6106 | Val Acc 0.8484 | ETputs(KTEPS) 22433.94
2023-10-11 09:44:01,420 - tune.py [line:100] - INFO: Epoch 00080 | Time(s) 1.0083 | Val Loss 0.5957 | Val Acc 0.8782 | ETputs(KTEPS) 22489.93
2023-10-11 09:44:21,181 - tune.py [line:100] - INFO: Epoch 00100 | Time(s) 1.0040 | Val Loss 0.5839 | Val Acc 0.8904 | ETputs(KTEPS) 22587.35
2023-10-11 09:44:41,597 - tune.py [line:100] - INFO: Epoch 00120 | Time(s) 1.0066 | Val Loss 0.5714 | Val Acc 0.8921 | ETputs(KTEPS) 22529.29
2023-10-11 09:45:01,828 - tune.py [line:100] - INFO: Epoch 00140 | Time(s) 1.0071 | Val Loss 0.5600 | Val Acc 0.8931 | ETputs(KTEPS) 22516.01
2023-10-11 09:45:22,094 - tune.py [line:100] - INFO: Epoch 00160 | Time(s) 1.0079 | Val Loss 0.5580 | Val Acc 0.8914 | ETputs(KTEPS) 22499.61
2023-10-11 09:45:41,718 - tune.py [line:100] - INFO: Epoch 00180 | Time(s) 1.0049 | Val Loss 0.5496 | Val Acc 0.8890 | ETputs(KTEPS) 22566.16
2023-10-11 09:46:01,716 - tune.py [line:100] - INFO: Epoch 00200 | Time(s) 1.0044 | Val Loss 0.5442 | Val Acc 0.8902 | ETputs(KTEPS) 22577.52
2023-10-11 09:46:21,800 - tune.py [line:100] - INFO: Epoch 00220 | Time(s) 1.0044 | Val Loss 0.5410 | Val Acc 0.8917 | ETputs(KTEPS) 22578.04
2023-10-11 09:46:42,207 - tune.py [line:100] - INFO: Epoch 00240 | Time(s) 1.0057 | Val Loss 0.5376 | Val Acc 0.8914 | ETputs(KTEPS) 22548.38
2023-10-11 09:47:02,580 - tune.py [line:100] - INFO: Epoch 00260 | Time(s) 1.0067 | Val Loss 0.5354 | Val Acc 0.8913 | ETputs(KTEPS) 22526.16
2023-10-11 09:47:22,658 - tune.py [line:100] - INFO: Epoch 00280 | Time(s) 1.0065 | Val Loss 0.5343 | Val Acc 0.8923 | ETputs(KTEPS) 22530.73
2023-10-11 09:47:42,229 - tune.py [line:100] - INFO: Epoch 00300 | Time(s) 1.0046 | Val Loss 0.5338 | Val Acc 0.8935 | ETputs(KTEPS) 22573.28
2023-10-11 09:48:02,144 - tune.py [line:100] - INFO: Epoch 00320 | Time(s) 1.0040 | Val Loss 0.5332 | Val Acc 0.8947 | ETputs(KTEPS) 22586.68
2023-10-11 09:48:22,061 - tune.py [line:100] - INFO: Epoch 00340 | Time(s) 1.0035 | Val Loss 0.5311 | Val Acc 0.8957 | ETputs(KTEPS) 22597.66
2023-10-11 09:48:41,278 - tune.py [line:100] - INFO: Epoch 00360 | Time(s) 1.0011 | Val Loss 0.5285 | Val Acc 0.8959 | ETputs(KTEPS) 22651.43
2023-10-11 09:48:59,567 - tune.py [line:100] - INFO: Epoch 00380 | Time(s) 0.9965 | Val Loss 0.5282 | Val Acc 0.8972 | ETputs(KTEPS) 22756.75
2023-10-11 09:49:19,680 - tune.py [line:100] - INFO: Epoch 00400 | Time(s) 0.9969 | Val Loss 0.5288 | Val Acc 0.8978 | ETputs(KTEPS) 22747.15
2023-10-11 09:49:39,613 - tune.py [line:100] - INFO: Epoch 00420 | Time(s) 0.9969 | Val Loss 0.5280 | Val Acc 0.8981 | ETputs(KTEPS) 22748.27
2023-10-11 09:49:59,950 - tune.py [line:100] - INFO: Epoch 00440 | Time(s) 0.9977 | Val Loss 0.5271 | Val Acc 0.8993 | ETputs(KTEPS) 22728.18
2023-10-11 09:50:20,032 - tune.py [line:100] - INFO: Epoch 00460 | Time(s) 0.9980 | Val Loss 0.5276 | Val Acc 0.8998 | ETputs(KTEPS) 22721.96
2023-10-11 09:50:40,555 - tune.py [line:100] - INFO: Epoch 00480 | Time(s) 0.9992 | Val Loss 0.5266 | Val Acc 0.9012 | ETputs(KTEPS) 22696.10
2023-10-11 09:51:00,982 - tune.py [line:100] - INFO: Epoch 00500 | Time(s) 1.0000 | Val Loss 0.5264 | Val Acc 0.9010 | ETputs(KTEPS) 22676.55
2023-10-11 09:51:21,161 - tune.py [line:100] - INFO: Epoch 00520 | Time(s) 1.0004 | Val Loss 0.5270 | Val Acc 0.9001 | ETputs(KTEPS) 22668.91
2023-10-11 09:51:41,477 - tune.py [line:100] - INFO: Epoch 00540 | Time(s) 1.0009 | Val Loss 0.5257 | Val Acc 0.9027 | ETputs(KTEPS) 22656.41
2023-10-11 09:52:01,584 - tune.py [line:100] - INFO: Epoch 00560 | Time(s) 1.0011 | Val Loss 0.5258 | Val Acc 0.9020 | ETputs(KTEPS) 22653.03
2023-10-11 09:52:21,701 - tune.py [line:100] - INFO: Epoch 00580 | Time(s) 1.0012 | Val Loss 0.5258 | Val Acc 0.9020 | ETputs(KTEPS) 22649.39
2023-10-11 09:52:40,898 - tune.py [line:100] - INFO: Epoch 00600 | Time(s) 0.9998 | Val Loss 0.5259 | Val Acc 0.9025 | ETputs(KTEPS) 22680.88
2023-10-11 09:53:00,957 - tune.py [line:100] - INFO: Epoch 00620 | Time(s) 0.9999 | Val Loss 0.5258 | Val Acc 0.9015 | ETputs(KTEPS) 22678.81
2023-10-11 09:53:21,059 - tune.py [line:100] - INFO: Epoch 00640 | Time(s) 1.0001 | Val Loss 0.5253 | Val Acc 0.9027 | ETputs(KTEPS) 22675.31
2023-10-11 09:53:41,043 - tune.py [line:100] - INFO: Epoch 00660 | Time(s) 1.0000 | Val Loss 0.5258 | Val Acc 0.9024 | ETputs(KTEPS) 22675.96
2023-10-11 09:54:01,094 - tune.py [line:100] - INFO: Epoch 00680 | Time(s) 1.0001 | Val Loss 0.5248 | Val Acc 0.9016 | ETputs(KTEPS) 22674.35
2023-10-11 09:54:21,290 - tune.py [line:100] - INFO: Epoch 00700 | Time(s) 1.0004 | Val Loss 0.5246 | Val Acc 0.9022 | ETputs(KTEPS) 22668.12
2023-10-11 09:54:41,331 - tune.py [line:100] - INFO: Epoch 00720 | Time(s) 1.0004 | Val Loss 0.5255 | Val Acc 0.9011 | ETputs(KTEPS) 22667.25
2023-10-11 09:55:01,439 - tune.py [line:100] - INFO: Epoch 00740 | Time(s) 1.0006 | Val Loss 0.5248 | Val Acc 0.9021 | ETputs(KTEPS) 22664.24
2023-10-11 09:55:20,620 - tune.py [line:100] - INFO: Epoch 00760 | Time(s) 0.9995 | Val Loss 0.5242 | Val Acc 0.9012 | ETputs(KTEPS) 22689.07
2023-10-11 09:55:40,963 - tune.py [line:100] - INFO: Epoch 00780 | Time(s) 0.9999 | Val Loss 0.5248 | Val Acc 0.9023 | ETputs(KTEPS) 22678.92
2023-10-11 09:56:01,060 - tune.py [line:100] - INFO: Epoch 00800 | Time(s) 1.0000 | Val Loss 0.5250 | Val Acc 0.9023 | ETputs(KTEPS) 22676.17
2023-10-11 09:56:21,092 - tune.py [line:100] - INFO: Epoch 00820 | Time(s) 1.0001 | Val Loss 0.5230 | Val Acc 0.9011 | ETputs(KTEPS) 22675.37
2023-10-11 09:56:41,179 - tune.py [line:100] - INFO: Epoch 00840 | Time(s) 1.0002 | Val Loss 0.5280 | Val Acc 0.9014 | ETputs(KTEPS) 22673.11
2023-10-11 09:57:01,349 - tune.py [line:100] - INFO: Epoch 00860 | Time(s) 1.0004 | Val Loss 0.5259 | Val Acc 0.9017 | ETputs(KTEPS) 22668.76
2023-10-11 09:57:21,446 - tune.py [line:100] - INFO: Epoch 00880 | Time(s) 1.0005 | Val Loss 0.5259 | Val Acc 0.9012 | ETputs(KTEPS) 22666.50
2023-10-11 09:57:41,750 - tune.py [line:100] - INFO: Epoch 00900 | Time(s) 1.0008 | Val Loss 0.5245 | Val Acc 0.9025 | ETputs(KTEPS) 22659.10
2023-10-11 09:58:01,983 - tune.py [line:100] - INFO: Epoch 00920 | Time(s) 1.0010 | Val Loss 0.5246 | Val Acc 0.9021 | ETputs(KTEPS) 22653.80
2023-10-11 09:58:21,288 - tune.py [line:100] - INFO: Epoch 00940 | Time(s) 1.0003 | Val Loss 0.5252 | Val Acc 0.9013 | ETputs(KTEPS) 22671.08
2023-10-11 09:58:41,049 - tune.py [line:100] - INFO: Epoch 00960 | Time(s) 1.0000 | Val Loss 0.5248 | Val Acc 0.9011 | ETputs(KTEPS) 22676.90
2023-10-11 09:59:01,226 - tune.py [line:100] - INFO: Epoch 00980 | Time(s) 1.0002 | Val Loss 0.5256 | Val Acc 0.9016 | ETputs(KTEPS) 22672.84
2023-10-11 09:59:21,533 - tune.py [line:100] - INFO: Epoch 01000 | Time(s) 1.0005 | Val Loss 0.5245 | Val Acc 0.9014 | ETputs(KTEPS) 22666.00
2023-10-11 09:59:41,605 - tune.py [line:100] - INFO: Epoch 01020 | Time(s) 1.0005 | Val Loss 0.5257 | Val Acc 0.9017 | ETputs(KTEPS) 22664.65
2023-10-11 10:00:01,650 - tune.py [line:100] - INFO: Epoch 01040 | Time(s) 1.0006 | Val Loss 0.5246 | Val Acc 0.9023 | ETputs(KTEPS) 22663.95
2023-10-11 10:00:21,875 - tune.py [line:100] - INFO: Epoch 01060 | Time(s) 1.0008 | Val Loss 0.5250 | Val Acc 0.9011 | ETputs(KTEPS) 22659.40
2023-10-11 10:00:39,430 - tune.py [line:114] - INFO: [FINAL MODEL] Val accuracy 90.32% \Val loss: 0.53
2023-10-11 10:00:39,742 - tune.py [line:116] - INFO: [FINAL MODEL] Test accuracy 90.20% \Test loss: 0.53
2023-10-11 10:00:39,743 - tune.py [line:141] - INFO: Acc on the first split (Validation Set): 0.9032
2023-10-11 10:00:39,743 - tune.py [line:142] - INFO: Acc on the first split (Test Set): 0.9020
