2023-10-11 12:06:46,828 - tune.py [line:191] - INFO: Namespace(seed=42, model='NormalNN', gpu=1, dataset='genius', logging=True, log_detail=True, log_detailedCh=False, id_log=1011014501, optuna_n_trials=202, self_loop=True, udgraph=True, early_stop=True, patience=300, n_epochs=2000, n_hidden=64, n_cv=1, start_cv=0, n_layers=8, lr1=0.05, lr2=0.03, wd1=1e-06, wd2=1e-07, dropout=0.0, dropout2=0.6, es_ckpt='TestTuningScript-genius_genius_trialNo113')
2023-10-11 12:06:47,232 - tune.py [line:125] - INFO: Split_seeds:[1824]
2023-10-11 12:06:47,232 - tune.py [line:126] - INFO: Model_seeds:[409]
2023-10-11 12:07:04,855 - tune.py [line:100] - INFO: Epoch 00020 | Time(s) 0.8693 | Val Loss 0.6268 | Val Acc 0.8219 | ETputs(KTEPS) 26087.80
2023-10-11 12:07:22,390 - tune.py [line:100] - INFO: Epoch 00040 | Time(s) 0.8725 | Val Loss 0.6170 | Val Acc 0.8459 | ETputs(KTEPS) 25989.95
2023-10-11 12:07:39,740 - tune.py [line:100] - INFO: Epoch 00060 | Time(s) 0.8705 | Val Loss 0.5980 | Val Acc 0.8856 | ETputs(KTEPS) 26050.79
2023-10-11 12:07:57,531 - tune.py [line:100] - INFO: Epoch 00080 | Time(s) 0.8750 | Val Loss 0.5808 | Val Acc 0.8899 | ETputs(KTEPS) 25915.39
2023-10-11 12:08:14,898 - tune.py [line:100] - INFO: Epoch 00100 | Time(s) 0.8736 | Val Loss 0.5658 | Val Acc 0.8925 | ETputs(KTEPS) 25958.58
2023-10-11 12:08:32,558 - tune.py [line:100] - INFO: Epoch 00120 | Time(s) 0.8751 | Val Loss 0.5525 | Val Acc 0.8927 | ETputs(KTEPS) 25913.47
2023-10-11 12:08:50,001 - tune.py [line:100] - INFO: Epoch 00140 | Time(s) 0.8747 | Val Loss 0.5448 | Val Acc 0.8907 | ETputs(KTEPS) 25926.15
2023-10-11 12:09:07,325 - tune.py [line:100] - INFO: Epoch 00160 | Time(s) 0.8736 | Val Loss 0.5382 | Val Acc 0.8898 | ETputs(KTEPS) 25957.67
2023-10-11 12:09:24,621 - tune.py [line:100] - INFO: Epoch 00180 | Time(s) 0.8726 | Val Loss 0.5349 | Val Acc 0.8910 | ETputs(KTEPS) 25986.95
2023-10-11 12:09:42,102 - tune.py [line:100] - INFO: Epoch 00200 | Time(s) 0.8728 | Val Loss 0.5340 | Val Acc 0.8917 | ETputs(KTEPS) 25982.77
2023-10-11 12:09:59,892 - tune.py [line:100] - INFO: Epoch 00220 | Time(s) 0.8743 | Val Loss 0.5317 | Val Acc 0.8951 | ETputs(KTEPS) 25938.43
2023-10-11 12:10:17,144 - tune.py [line:100] - INFO: Epoch 00240 | Time(s) 0.8732 | Val Loss 0.5306 | Val Acc 0.8964 | ETputs(KTEPS) 25968.56
2023-10-11 12:10:34,596 - tune.py [line:100] - INFO: Epoch 00260 | Time(s) 0.8731 | Val Loss 0.5305 | Val Acc 0.8988 | ETputs(KTEPS) 25971.96
2023-10-11 12:10:51,977 - tune.py [line:100] - INFO: Epoch 00280 | Time(s) 0.8728 | Val Loss 0.5295 | Val Acc 0.8991 | ETputs(KTEPS) 25981.09
2023-10-11 12:11:09,340 - tune.py [line:100] - INFO: Epoch 00300 | Time(s) 0.8725 | Val Loss 0.5282 | Val Acc 0.9008 | ETputs(KTEPS) 25990.78
2023-10-11 12:11:26,959 - tune.py [line:100] - INFO: Epoch 00320 | Time(s) 0.8730 | Val Loss 0.5284 | Val Acc 0.8999 | ETputs(KTEPS) 25975.24
2023-10-11 12:11:44,407 - tune.py [line:100] - INFO: Epoch 00340 | Time(s) 0.8730 | Val Loss 0.5287 | Val Acc 0.9004 | ETputs(KTEPS) 25976.44
2023-10-11 12:12:01,670 - tune.py [line:100] - INFO: Epoch 00360 | Time(s) 0.8724 | Val Loss 0.5284 | Val Acc 0.9003 | ETputs(KTEPS) 25992.86
2023-10-11 12:12:18,795 - tune.py [line:100] - INFO: Epoch 00380 | Time(s) 0.8716 | Val Loss 0.5282 | Val Acc 0.9005 | ETputs(KTEPS) 26018.38
2023-10-11 12:12:36,529 - tune.py [line:100] - INFO: Epoch 00400 | Time(s) 0.8723 | Val Loss 0.5282 | Val Acc 0.8996 | ETputs(KTEPS) 25995.88
2023-10-11 12:12:53,977 - tune.py [line:100] - INFO: Epoch 00420 | Time(s) 0.8723 | Val Loss 0.5283 | Val Acc 0.9003 | ETputs(KTEPS) 25995.78
2023-10-11 12:13:11,056 - tune.py [line:100] - INFO: Epoch 00440 | Time(s) 0.8715 | Val Loss 0.5286 | Val Acc 0.8998 | ETputs(KTEPS) 26020.76
2023-10-11 12:13:28,619 - tune.py [line:100] - INFO: Epoch 00460 | Time(s) 0.8718 | Val Loss 0.5281 | Val Acc 0.9003 | ETputs(KTEPS) 26012.28
2023-10-11 12:13:46,354 - tune.py [line:100] - INFO: Epoch 00480 | Time(s) 0.8724 | Val Loss 0.5284 | Val Acc 0.9003 | ETputs(KTEPS) 25993.80
2023-10-11 12:14:03,824 - tune.py [line:100] - INFO: Epoch 00500 | Time(s) 0.8724 | Val Loss 0.5286 | Val Acc 0.9002 | ETputs(KTEPS) 25992.57
2023-10-11 12:14:21,134 - tune.py [line:100] - INFO: Epoch 00520 | Time(s) 0.8722 | Val Loss 0.5297 | Val Acc 0.8974 | ETputs(KTEPS) 26000.58
2023-10-11 12:14:38,414 - tune.py [line:100] - INFO: Epoch 00540 | Time(s) 0.8719 | Val Loss 0.5298 | Val Acc 0.8987 | ETputs(KTEPS) 26009.69
2023-10-11 12:14:55,787 - tune.py [line:100] - INFO: Epoch 00560 | Time(s) 0.8717 | Val Loss 0.5299 | Val Acc 0.8984 | ETputs(KTEPS) 26013.16
2023-10-11 12:15:13,325 - tune.py [line:100] - INFO: Epoch 00580 | Time(s) 0.8719 | Val Loss 0.5308 | Val Acc 0.8987 | ETputs(KTEPS) 26007.91
2023-10-11 12:15:30,919 - tune.py [line:100] - INFO: Epoch 00600 | Time(s) 0.8722 | Val Loss 0.5303 | Val Acc 0.9001 | ETputs(KTEPS) 26000.20
2023-10-11 12:15:48,642 - tune.py [line:100] - INFO: Epoch 00620 | Time(s) 0.8726 | Val Loss 0.5305 | Val Acc 0.8994 | ETputs(KTEPS) 25986.81
2023-10-11 12:16:05,958 - tune.py [line:100] - INFO: Epoch 00640 | Time(s) 0.8724 | Val Loss 0.5303 | Val Acc 0.8996 | ETputs(KTEPS) 25993.21
2023-10-11 12:16:23,481 - tune.py [line:100] - INFO: Epoch 00660 | Time(s) 0.8725 | Val Loss 0.5306 | Val Acc 0.8994 | ETputs(KTEPS) 25989.87
2023-10-11 12:16:41,007 - tune.py [line:100] - INFO: Epoch 00680 | Time(s) 0.8726 | Val Loss 0.5306 | Val Acc 0.8997 | ETputs(KTEPS) 25986.64
2023-10-11 12:16:58,236 - tune.py [line:100] - INFO: Epoch 00700 | Time(s) 0.8723 | Val Loss 0.5314 | Val Acc 0.8992 | ETputs(KTEPS) 25996.16
2023-10-11 12:17:15,564 - tune.py [line:100] - INFO: Epoch 00720 | Time(s) 0.8722 | Val Loss 0.5315 | Val Acc 0.8994 | ETputs(KTEPS) 26001.13
2023-10-11 12:17:33,823 - tune.py [line:100] - INFO: Epoch 00740 | Time(s) 0.8733 | Val Loss 0.5309 | Val Acc 0.8991 | ETputs(KTEPS) 25968.33
2023-10-11 12:17:53,577 - tune.py [line:100] - INFO: Epoch 00760 | Time(s) 0.8763 | Val Loss 0.5311 | Val Acc 0.8987 | ETputs(KTEPS) 25879.09
2023-10-11 12:18:13,176 - tune.py [line:100] - INFO: Epoch 00780 | Time(s) 0.8789 | Val Loss 0.5308 | Val Acc 0.9000 | ETputs(KTEPS) 25800.85
2023-10-11 12:18:32,825 - tune.py [line:100] - INFO: Epoch 00800 | Time(s) 0.8815 | Val Loss 0.5307 | Val Acc 0.8996 | ETputs(KTEPS) 25725.13
2023-10-11 12:18:52,348 - tune.py [line:100] - INFO: Epoch 00820 | Time(s) 0.8838 | Val Loss 0.5301 | Val Acc 0.8990 | ETputs(KTEPS) 25657.98
2023-10-11 12:18:59,528 - tune.py [line:114] - INFO: [FINAL MODEL] Val accuracy 90.12% \Val loss: 0.53
2023-10-11 12:18:59,833 - tune.py [line:116] - INFO: [FINAL MODEL] Test accuracy 89.99% \Test loss: 0.53
2023-10-11 12:18:59,833 - tune.py [line:141] - INFO: Acc on the first split (Validation Set): 0.9012
2023-10-11 12:18:59,834 - tune.py [line:142] - INFO: Acc on the first split (Test Set): 0.8999
