2023-10-11 08:49:38,304 - tune.py [line:191] - INFO: Namespace(seed=42, model='NormalNN', gpu=1, dataset='genius', logging=True, log_detail=True, log_detailedCh=False, id_log=1011014501, optuna_n_trials=202, self_loop=True, udgraph=True, early_stop=True, patience=300, n_epochs=2000, n_hidden=64, n_cv=1, start_cv=0, n_layers=12, lr1=0.001, lr2=0.01, wd1=1e-05, wd2=1e-05, dropout=0.3, dropout2=0.4, es_ckpt='TestTuningScript-genius_genius_trialNo4')
2023-10-11 08:49:38,586 - tune.py [line:125] - INFO: Split_seeds:[1824]
2023-10-11 08:49:38,586 - tune.py [line:126] - INFO: Model_seeds:[409]
2023-10-11 08:50:03,409 - tune.py [line:100] - INFO: Epoch 00020 | Time(s) 1.2270 | Val Loss 0.7488 | Val Acc 0.5728 | ETputs(KTEPS) 18481.95
2023-10-11 08:50:28,185 - tune.py [line:100] - INFO: Epoch 00040 | Time(s) 1.2319 | Val Loss 0.7418 | Val Acc 0.6056 | ETputs(KTEPS) 18407.88
2023-10-11 08:50:52,870 - tune.py [line:100] - INFO: Epoch 00060 | Time(s) 1.2321 | Val Loss 0.7344 | Val Acc 0.6144 | ETputs(KTEPS) 18404.56
2023-10-11 08:51:17,682 - tune.py [line:100] - INFO: Epoch 00080 | Time(s) 1.2338 | Val Loss 0.7268 | Val Acc 0.6188 | ETputs(KTEPS) 18379.89
2023-10-11 08:51:42,353 - tune.py [line:100] - INFO: Epoch 00100 | Time(s) 1.2337 | Val Loss 0.7190 | Val Acc 0.6173 | ETputs(KTEPS) 18381.85
2023-10-11 08:52:06,983 - tune.py [line:100] - INFO: Epoch 00120 | Time(s) 1.2333 | Val Loss 0.7113 | Val Acc 0.6157 | ETputs(KTEPS) 18387.35
2023-10-11 08:52:31,490 - tune.py [line:100] - INFO: Epoch 00140 | Time(s) 1.2322 | Val Loss 0.7036 | Val Acc 0.6129 | ETputs(KTEPS) 18404.37
2023-10-11 08:52:56,196 - tune.py [line:100] - INFO: Epoch 00160 | Time(s) 1.2325 | Val Loss 0.6965 | Val Acc 0.6159 | ETputs(KTEPS) 18398.57
2023-10-11 08:53:20,898 - tune.py [line:100] - INFO: Epoch 00180 | Time(s) 1.2328 | Val Loss 0.6896 | Val Acc 0.6147 | ETputs(KTEPS) 18394.42
2023-10-11 08:53:45,688 - tune.py [line:100] - INFO: Epoch 00200 | Time(s) 1.2335 | Val Loss 0.6834 | Val Acc 0.6213 | ETputs(KTEPS) 18384.62
2023-10-11 08:54:10,280 - tune.py [line:100] - INFO: Epoch 00220 | Time(s) 1.2330 | Val Loss 0.6776 | Val Acc 0.6348 | ETputs(KTEPS) 18392.30
2023-10-11 08:54:35,098 - tune.py [line:100] - INFO: Epoch 00240 | Time(s) 1.2335 | Val Loss 0.6723 | Val Acc 0.6484 | ETputs(KTEPS) 18384.84
2023-10-11 08:54:59,725 - tune.py [line:100] - INFO: Epoch 00260 | Time(s) 1.2332 | Val Loss 0.6677 | Val Acc 0.6621 | ETputs(KTEPS) 18389.13
2023-10-11 08:55:24,267 - tune.py [line:100] - INFO: Epoch 00280 | Time(s) 1.2326 | Val Loss 0.6632 | Val Acc 0.6755 | ETputs(KTEPS) 18397.59
2023-10-11 08:55:48,818 - tune.py [line:100] - INFO: Epoch 00300 | Time(s) 1.2321 | Val Loss 0.6591 | Val Acc 0.6927 | ETputs(KTEPS) 18404.68
2023-10-11 08:56:13,510 - tune.py [line:100] - INFO: Epoch 00320 | Time(s) 1.2322 | Val Loss 0.6553 | Val Acc 0.7007 | ETputs(KTEPS) 18403.46
2023-10-11 08:56:38,318 - tune.py [line:100] - INFO: Epoch 00340 | Time(s) 1.2327 | Val Loss 0.6522 | Val Acc 0.7127 | ETputs(KTEPS) 18396.55
2023-10-11 08:57:02,781 - tune.py [line:100] - INFO: Epoch 00360 | Time(s) 1.2321 | Val Loss 0.6487 | Val Acc 0.7260 | ETputs(KTEPS) 18405.28
2023-10-11 08:57:27,872 - tune.py [line:100] - INFO: Epoch 00380 | Time(s) 1.2332 | Val Loss 0.6459 | Val Acc 0.7412 | ETputs(KTEPS) 18388.84
2023-10-11 08:57:53,092 - tune.py [line:100] - INFO: Epoch 00400 | Time(s) 1.2345 | Val Loss 0.6432 | Val Acc 0.7469 | ETputs(KTEPS) 18369.20
2023-10-11 08:58:17,949 - tune.py [line:100] - INFO: Epoch 00420 | Time(s) 1.2349 | Val Loss 0.6411 | Val Acc 0.7481 | ETputs(KTEPS) 18363.74
2023-10-11 08:58:42,871 - tune.py [line:100] - INFO: Epoch 00440 | Time(s) 1.2353 | Val Loss 0.6380 | Val Acc 0.7611 | ETputs(KTEPS) 18357.31
2023-10-11 08:59:07,951 - tune.py [line:100] - INFO: Epoch 00460 | Time(s) 1.2361 | Val Loss 0.6362 | Val Acc 0.7632 | ETputs(KTEPS) 18345.82
2023-10-11 08:59:32,951 - tune.py [line:100] - INFO: Epoch 00480 | Time(s) 1.2366 | Val Loss 0.6339 | Val Acc 0.7668 | ETputs(KTEPS) 18337.55
2023-10-11 08:59:58,046 - tune.py [line:100] - INFO: Epoch 00500 | Time(s) 1.2373 | Val Loss 0.6316 | Val Acc 0.7693 | ETputs(KTEPS) 18327.63
2023-10-11 09:00:23,307 - tune.py [line:100] - INFO: Epoch 00520 | Time(s) 1.2383 | Val Loss 0.6294 | Val Acc 0.7722 | ETputs(KTEPS) 18313.21
2023-10-11 09:00:48,451 - tune.py [line:100] - INFO: Epoch 00540 | Time(s) 1.2390 | Val Loss 0.6273 | Val Acc 0.7736 | ETputs(KTEPS) 18303.15
2023-10-11 09:01:13,425 - tune.py [line:100] - INFO: Epoch 00560 | Time(s) 1.2393 | Val Loss 0.6256 | Val Acc 0.7723 | ETputs(KTEPS) 18298.13
2023-10-11 09:01:38,189 - tune.py [line:100] - INFO: Epoch 00580 | Time(s) 1.2392 | Val Loss 0.6231 | Val Acc 0.7776 | ETputs(KTEPS) 18299.12
2023-10-11 09:02:02,796 - tune.py [line:100] - INFO: Epoch 00600 | Time(s) 1.2389 | Val Loss 0.6210 | Val Acc 0.7834 | ETputs(KTEPS) 18304.15
2023-10-11 09:02:27,744 - tune.py [line:100] - INFO: Epoch 00620 | Time(s) 1.2391 | Val Loss 0.6196 | Val Acc 0.7879 | ETputs(KTEPS) 18300.61
2023-10-11 09:02:53,097 - tune.py [line:100] - INFO: Epoch 00640 | Time(s) 1.2400 | Val Loss 0.6168 | Val Acc 0.7939 | ETputs(KTEPS) 18287.59
2023-10-11 09:03:17,690 - tune.py [line:100] - INFO: Epoch 00660 | Time(s) 1.2397 | Val Loss 0.6148 | Val Acc 0.8007 | ETputs(KTEPS) 18292.97
2023-10-11 09:03:42,902 - tune.py [line:100] - INFO: Epoch 00680 | Time(s) 1.2403 | Val Loss 0.6137 | Val Acc 0.8019 | ETputs(KTEPS) 18284.17
2023-10-11 09:04:07,507 - tune.py [line:100] - INFO: Epoch 00700 | Time(s) 1.2399 | Val Loss 0.6121 | Val Acc 0.8050 | ETputs(KTEPS) 18288.80
2023-10-11 09:04:32,329 - tune.py [line:100] - INFO: Epoch 00720 | Time(s) 1.2399 | Val Loss 0.6103 | Val Acc 0.8087 | ETputs(KTEPS) 18288.78
2023-10-11 09:04:57,504 - tune.py [line:100] - INFO: Epoch 00740 | Time(s) 1.2404 | Val Loss 0.6080 | Val Acc 0.8192 | ETputs(KTEPS) 18281.75
2023-10-11 09:05:22,303 - tune.py [line:100] - INFO: Epoch 00760 | Time(s) 1.2404 | Val Loss 0.6074 | Val Acc 0.8141 | ETputs(KTEPS) 18282.09
2023-10-11 09:05:47,015 - tune.py [line:100] - INFO: Epoch 00780 | Time(s) 1.2403 | Val Loss 0.6058 | Val Acc 0.8160 | ETputs(KTEPS) 18283.93
2023-10-11 09:06:11,741 - tune.py [line:100] - INFO: Epoch 00800 | Time(s) 1.2402 | Val Loss 0.6042 | Val Acc 0.8199 | ETputs(KTEPS) 18285.42
2023-10-11 09:06:36,923 - tune.py [line:100] - INFO: Epoch 00820 | Time(s) 1.2406 | Val Loss 0.6029 | Val Acc 0.8242 | ETputs(KTEPS) 18278.93
2023-10-11 09:07:02,324 - tune.py [line:100] - INFO: Epoch 00840 | Time(s) 1.2413 | Val Loss 0.6012 | Val Acc 0.8274 | ETputs(KTEPS) 18268.81
2023-10-11 09:07:27,134 - tune.py [line:100] - INFO: Epoch 00860 | Time(s) 1.2413 | Val Loss 0.6002 | Val Acc 0.8283 | ETputs(KTEPS) 18269.31
2023-10-11 09:07:51,735 - tune.py [line:100] - INFO: Epoch 00880 | Time(s) 1.2410 | Val Loss 0.5990 | Val Acc 0.8285 | ETputs(KTEPS) 18273.26
2023-10-11 09:08:16,446 - tune.py [line:100] - INFO: Epoch 00900 | Time(s) 1.2408 | Val Loss 0.5972 | Val Acc 0.8334 | ETputs(KTEPS) 18275.39
2023-10-11 09:08:41,397 - tune.py [line:100] - INFO: Epoch 00920 | Time(s) 1.2410 | Val Loss 0.5960 | Val Acc 0.8353 | ETputs(KTEPS) 18273.61
2023-10-11 09:09:06,280 - tune.py [line:100] - INFO: Epoch 00940 | Time(s) 1.2410 | Val Loss 0.5950 | Val Acc 0.8363 | ETputs(KTEPS) 18273.03
2023-10-11 09:09:30,866 - tune.py [line:100] - INFO: Epoch 00960 | Time(s) 1.2408 | Val Loss 0.5938 | Val Acc 0.8390 | ETputs(KTEPS) 18276.63
2023-10-11 09:09:55,592 - tune.py [line:100] - INFO: Epoch 00980 | Time(s) 1.2407 | Val Loss 0.5932 | Val Acc 0.8378 | ETputs(KTEPS) 18278.03
2023-10-11 09:10:20,279 - tune.py [line:100] - INFO: Epoch 01000 | Time(s) 1.2405 | Val Loss 0.5921 | Val Acc 0.8407 | ETputs(KTEPS) 18280.22
2023-10-11 09:10:45,048 - tune.py [line:100] - INFO: Epoch 01020 | Time(s) 1.2405 | Val Loss 0.5914 | Val Acc 0.8401 | ETputs(KTEPS) 18280.83
2023-10-11 09:11:09,813 - tune.py [line:100] - INFO: Epoch 01040 | Time(s) 1.2404 | Val Loss 0.5907 | Val Acc 0.8394 | ETputs(KTEPS) 18281.49
2023-10-11 09:11:34,583 - tune.py [line:100] - INFO: Epoch 01060 | Time(s) 1.2404 | Val Loss 0.5893 | Val Acc 0.8425 | ETputs(KTEPS) 18282.27
2023-10-11 09:11:59,615 - tune.py [line:100] - INFO: Epoch 01080 | Time(s) 1.2406 | Val Loss 0.5885 | Val Acc 0.8424 | ETputs(KTEPS) 18279.24
2023-10-11 09:12:24,257 - tune.py [line:100] - INFO: Epoch 01100 | Time(s) 1.2404 | Val Loss 0.5875 | Val Acc 0.8445 | ETputs(KTEPS) 18281.58
2023-10-11 09:12:49,232 - tune.py [line:100] - INFO: Epoch 01120 | Time(s) 1.2406 | Val Loss 0.5864 | Val Acc 0.8461 | ETputs(KTEPS) 18279.67
2023-10-11 09:13:14,186 - tune.py [line:100] - INFO: Epoch 01140 | Time(s) 1.2407 | Val Loss 0.5855 | Val Acc 0.8467 | ETputs(KTEPS) 18277.96
2023-10-11 09:13:39,428 - tune.py [line:100] - INFO: Epoch 01160 | Time(s) 1.2410 | Val Loss 0.5847 | Val Acc 0.8475 | ETputs(KTEPS) 18272.53
2023-10-11 09:14:04,372 - tune.py [line:100] - INFO: Epoch 01180 | Time(s) 1.2411 | Val Loss 0.5835 | Val Acc 0.8495 | ETputs(KTEPS) 18271.14
2023-10-11 09:14:29,728 - tune.py [line:100] - INFO: Epoch 01200 | Time(s) 1.2416 | Val Loss 0.5843 | Val Acc 0.8423 | ETputs(KTEPS) 18264.73
2023-10-11 09:14:54,660 - tune.py [line:100] - INFO: Epoch 01220 | Time(s) 1.2417 | Val Loss 0.5834 | Val Acc 0.8432 | ETputs(KTEPS) 18263.54
2023-10-11 09:15:19,220 - tune.py [line:100] - INFO: Epoch 01240 | Time(s) 1.2414 | Val Loss 0.5829 | Val Acc 0.8426 | ETputs(KTEPS) 18266.79
2023-10-11 09:15:43,812 - tune.py [line:100] - INFO: Epoch 01260 | Time(s) 1.2412 | Val Loss 0.5815 | Val Acc 0.8457 | ETputs(KTEPS) 18269.56
2023-10-11 09:16:08,756 - tune.py [line:100] - INFO: Epoch 01280 | Time(s) 1.2413 | Val Loss 0.5814 | Val Acc 0.8435 | ETputs(KTEPS) 18268.21
2023-10-11 09:16:33,404 - tune.py [line:100] - INFO: Epoch 01300 | Time(s) 1.2412 | Val Loss 0.5804 | Val Acc 0.8437 | ETputs(KTEPS) 18270.25
2023-10-11 09:16:58,081 - tune.py [line:100] - INFO: Epoch 01320 | Time(s) 1.2411 | Val Loss 0.5797 | Val Acc 0.8456 | ETputs(KTEPS) 18271.90
2023-10-11 09:17:22,697 - tune.py [line:100] - INFO: Epoch 01340 | Time(s) 1.2409 | Val Loss 0.5773 | Val Acc 0.8524 | ETputs(KTEPS) 18274.22
2023-10-11 09:17:47,618 - tune.py [line:100] - INFO: Epoch 01360 | Time(s) 1.2410 | Val Loss 0.5771 | Val Acc 0.8508 | ETputs(KTEPS) 18273.14
2023-10-11 09:18:12,455 - tune.py [line:100] - INFO: Epoch 01380 | Time(s) 1.2410 | Val Loss 0.5763 | Val Acc 0.8524 | ETputs(KTEPS) 18272.98
2023-10-11 09:18:37,578 - tune.py [line:100] - INFO: Epoch 01400 | Time(s) 1.2412 | Val Loss 0.5760 | Val Acc 0.8502 | ETputs(KTEPS) 18269.82
2023-10-11 09:19:02,561 - tune.py [line:100] - INFO: Epoch 01420 | Time(s) 1.2413 | Val Loss 0.5755 | Val Acc 0.8495 | ETputs(KTEPS) 18268.19
2023-10-11 09:19:27,543 - tune.py [line:100] - INFO: Epoch 01440 | Time(s) 1.2414 | Val Loss 0.5744 | Val Acc 0.8503 | ETputs(KTEPS) 18266.62
2023-10-11 09:19:52,265 - tune.py [line:100] - INFO: Epoch 01460 | Time(s) 1.2414 | Val Loss 0.5741 | Val Acc 0.8507 | ETputs(KTEPS) 18267.72
2023-10-11 09:20:17,241 - tune.py [line:100] - INFO: Epoch 01480 | Time(s) 1.2415 | Val Loss 0.5731 | Val Acc 0.8511 | ETputs(KTEPS) 18266.28
2023-10-11 09:20:42,335 - tune.py [line:100] - INFO: Epoch 01500 | Time(s) 1.2416 | Val Loss 0.5722 | Val Acc 0.8532 | ETputs(KTEPS) 18263.70
2023-10-11 09:21:07,150 - tune.py [line:100] - INFO: Epoch 01520 | Time(s) 1.2416 | Val Loss 0.5715 | Val Acc 0.8519 | ETputs(KTEPS) 18263.89
2023-10-11 09:21:32,019 - tune.py [line:100] - INFO: Epoch 01540 | Time(s) 1.2417 | Val Loss 0.5708 | Val Acc 0.8523 | ETputs(KTEPS) 18263.55
2023-10-11 09:21:56,714 - tune.py [line:100] - INFO: Epoch 01560 | Time(s) 1.2416 | Val Loss 0.5702 | Val Acc 0.8529 | ETputs(KTEPS) 18264.86
2023-10-11 09:22:21,355 - tune.py [line:100] - INFO: Epoch 01580 | Time(s) 1.2414 | Val Loss 0.5688 | Val Acc 0.8571 | ETputs(KTEPS) 18266.66
2023-10-11 09:22:45,995 - tune.py [line:100] - INFO: Epoch 01600 | Time(s) 1.2413 | Val Loss 0.5683 | Val Acc 0.8562 | ETputs(KTEPS) 18268.41
2023-10-11 09:23:10,851 - tune.py [line:100] - INFO: Epoch 01620 | Time(s) 1.2413 | Val Loss 0.5676 | Val Acc 0.8558 | ETputs(KTEPS) 18268.16
2023-10-11 09:23:35,558 - tune.py [line:100] - INFO: Epoch 01640 | Time(s) 1.2413 | Val Loss 0.5679 | Val Acc 0.8529 | ETputs(KTEPS) 18269.32
2023-10-11 09:24:00,483 - tune.py [line:100] - INFO: Epoch 01660 | Time(s) 1.2413 | Val Loss 0.5677 | Val Acc 0.8526 | ETputs(KTEPS) 18268.45
2023-10-11 09:24:25,293 - tune.py [line:100] - INFO: Epoch 01680 | Time(s) 1.2413 | Val Loss 0.5699 | Val Acc 0.8525 | ETputs(KTEPS) 18268.62
2023-10-11 09:24:50,020 - tune.py [line:100] - INFO: Epoch 01700 | Time(s) 1.2412 | Val Loss 0.5716 | Val Acc 0.8526 | ETputs(KTEPS) 18269.49
2023-10-11 09:25:14,593 - tune.py [line:100] - INFO: Epoch 01720 | Time(s) 1.2411 | Val Loss 0.5722 | Val Acc 0.8542 | ETputs(KTEPS) 18271.67
2023-10-11 09:25:39,689 - tune.py [line:100] - INFO: Epoch 01740 | Time(s) 1.2413 | Val Loss 0.5693 | Val Acc 0.8529 | ETputs(KTEPS) 18269.37
2023-10-11 09:26:04,850 - tune.py [line:100] - INFO: Epoch 01760 | Time(s) 1.2414 | Val Loss 0.5685 | Val Acc 0.8537 | ETputs(KTEPS) 18266.57
2023-10-11 09:26:29,786 - tune.py [line:100] - INFO: Epoch 01780 | Time(s) 1.2415 | Val Loss 0.5683 | Val Acc 0.8528 | ETputs(KTEPS) 18265.70
2023-10-11 09:26:54,688 - tune.py [line:100] - INFO: Epoch 01800 | Time(s) 1.2415 | Val Loss 0.5670 | Val Acc 0.8552 | ETputs(KTEPS) 18265.13
2023-10-11 09:27:19,674 - tune.py [line:100] - INFO: Epoch 01820 | Time(s) 1.2416 | Val Loss 0.5665 | Val Acc 0.8553 | ETputs(KTEPS) 18263.89
2023-10-11 09:27:44,926 - tune.py [line:100] - INFO: Epoch 01840 | Time(s) 1.2419 | Val Loss 0.5660 | Val Acc 0.8556 | ETputs(KTEPS) 18260.55
2023-10-11 09:28:09,980 - tune.py [line:100] - INFO: Epoch 01860 | Time(s) 1.2420 | Val Loss 0.5655 | Val Acc 0.8557 | ETputs(KTEPS) 18258.85
2023-10-11 09:28:34,692 - tune.py [line:100] - INFO: Epoch 01880 | Time(s) 1.2419 | Val Loss 0.5659 | Val Acc 0.8546 | ETputs(KTEPS) 18259.85
2023-10-11 09:28:59,757 - tune.py [line:100] - INFO: Epoch 01900 | Time(s) 1.2420 | Val Loss 0.5648 | Val Acc 0.8562 | ETputs(KTEPS) 18258.11
2023-10-11 09:29:24,680 - tune.py [line:100] - INFO: Epoch 01920 | Time(s) 1.2421 | Val Loss 0.5653 | Val Acc 0.8522 | ETputs(KTEPS) 18257.50
2023-10-11 09:29:42,840 - tune.py [line:114] - INFO: [FINAL MODEL] Val accuracy 85.84% \Val loss: 0.57
2023-10-11 09:29:43,214 - tune.py [line:116] - INFO: [FINAL MODEL] Test accuracy 85.88% \Test loss: 0.57
2023-10-11 09:29:43,215 - tune.py [line:141] - INFO: Acc on the first split (Validation Set): 0.8584
2023-10-11 09:29:43,215 - tune.py [line:142] - INFO: Acc on the first split (Test Set): 0.8588
