2023-10-11 12:36:37,536 - tune.py [line:203] - INFO: Namespace(seed=42, model='NormalNNV2', gpu=0, dataset='geom-chameleon', logging=True, log_detail=True, log_detailedCh=False, id_log=1011014505, optuna_n_trials=202, n_epochs=2000, self_loop=True, udgraph=True, early_stop=True, patience=300, n_hidden=64, n_cv=1, start_cv=0, n_layers=12, lr1=0.05, lr2=0.04, wd1=1e-06, wd2=1e-08, dropout=0.1, dropout2=0.6, es_ckpt='TestTuningScript-geom-chameleon_NormalNNV2-geom-chameleon_trialNo49')
2023-10-11 12:36:38,262 - tune.py [line:128] - INFO: Split_seeds:[1824]
2023-10-11 12:36:38,262 - tune.py [line:129] - INFO: Model_seeds:[409]
2023-10-11 12:36:39,069 - tune.py [line:103] - INFO: Epoch 00020 | Time(s) 0.0391 | Val Loss 1.5589 | Val Acc 0.6484 | ETputs(KTEPS) 16612.48
2023-10-11 12:36:39,898 - tune.py [line:103] - INFO: Epoch 00040 | Time(s) 0.0402 | Val Loss 1.5067 | Val Acc 0.6484 | ETputs(KTEPS) 16177.65
2023-10-11 12:36:40,734 - tune.py [line:103] - INFO: Epoch 00060 | Time(s) 0.0407 | Val Loss 1.4632 | Val Acc 0.6264 | ETputs(KTEPS) 15968.46
2023-10-11 12:36:41,569 - tune.py [line:103] - INFO: Epoch 00080 | Time(s) 0.0410 | Val Loss 1.4236 | Val Acc 0.6088 | ETputs(KTEPS) 15871.46
2023-10-11 12:36:42,385 - tune.py [line:103] - INFO: Epoch 00100 | Time(s) 0.0409 | Val Loss 1.3919 | Val Acc 0.6132 | ETputs(KTEPS) 15885.18
2023-10-11 12:36:43,261 - tune.py [line:103] - INFO: Epoch 00120 | Time(s) 0.0414 | Val Loss 1.3634 | Val Acc 0.6308 | ETputs(KTEPS) 15704.96
2023-10-11 12:36:44,062 - tune.py [line:103] - INFO: Epoch 00140 | Time(s) 0.0412 | Val Loss 1.3371 | Val Acc 0.6220 | ETputs(KTEPS) 15778.96
2023-10-11 12:36:44,888 - tune.py [line:103] - INFO: Epoch 00160 | Time(s) 0.0412 | Val Loss 1.3229 | Val Acc 0.6000 | ETputs(KTEPS) 15777.36
2023-10-11 12:36:45,737 - tune.py [line:103] - INFO: Epoch 00180 | Time(s) 0.0413 | Val Loss 1.3122 | Val Acc 0.5912 | ETputs(KTEPS) 15726.09
2023-10-11 12:36:46,532 - tune.py [line:103] - INFO: Epoch 00200 | Time(s) 0.0412 | Val Loss 1.2988 | Val Acc 0.5912 | ETputs(KTEPS) 15787.27
2023-10-11 12:36:47,337 - tune.py [line:103] - INFO: Epoch 00220 | Time(s) 0.0411 | Val Loss 1.2893 | Val Acc 0.5736 | ETputs(KTEPS) 15820.39
2023-10-11 12:36:48,181 - tune.py [line:103] - INFO: Epoch 00240 | Time(s) 0.0412 | Val Loss 1.2776 | Val Acc 0.5802 | ETputs(KTEPS) 15785.46
2023-10-11 12:36:49,007 - tune.py [line:103] - INFO: Epoch 00260 | Time(s) 0.0412 | Val Loss 1.2703 | Val Acc 0.5670 | ETputs(KTEPS) 15784.25
2023-10-11 12:36:49,856 - tune.py [line:103] - INFO: Epoch 00280 | Time(s) 0.0413 | Val Loss 1.2674 | Val Acc 0.5780 | ETputs(KTEPS) 15749.77
2023-10-11 12:36:50,671 - tune.py [line:103] - INFO: Epoch 00300 | Time(s) 0.0412 | Val Loss 1.2808 | Val Acc 0.5582 | ETputs(KTEPS) 15764.95
2023-10-11 12:36:51,461 - tune.py [line:103] - INFO: Epoch 00320 | Time(s) 0.0411 | Val Loss 1.2601 | Val Acc 0.5670 | ETputs(KTEPS) 15806.18
2023-10-11 12:36:52,069 - tune.py [line:117] - INFO: [FINAL MODEL] Val accuracy 67.69% \Val loss: 1.5
2023-10-11 12:36:52,077 - tune.py [line:119] - INFO: [FINAL MODEL] Test accuracy 66.74% \Test loss: 1.5
2023-10-11 12:36:52,077 - tune.py [line:144] - INFO: Acc on the first split (Validation Set): 0.6769
2023-10-11 12:36:52,077 - tune.py [line:145] - INFO: Acc on the first split (Test Set): 0.6674
