2023-10-11 10:36:00,896 - tune.py [line:203] - INFO: Namespace(seed=42, model='NormalNNV2', gpu=0, dataset='geom-chameleon', logging=True, log_detail=True, log_detailedCh=False, id_log=1011014505, optuna_n_trials=202, n_epochs=2000, self_loop=True, udgraph=True, early_stop=True, patience=300, n_hidden=64, n_cv=1, start_cv=0, n_layers=8, lr1=0.05, lr2=0.03, wd1=1e-07, wd2=0.001, dropout=0.1, dropout2=0.4, es_ckpt='TestTuningScript-geom-chameleon_NormalNNV2-geom-chameleon_trialNo161')
2023-10-11 10:36:01,825 - tune.py [line:128] - INFO: Split_seeds:[1824]
2023-10-11 10:36:01,825 - tune.py [line:129] - INFO: Model_seeds:[409]
2023-10-11 10:36:02,486 - tune.py [line:103] - INFO: Epoch 00020 | Time(s) 0.0311 | Val Loss 1.5771 | Val Acc 0.6725 | ETputs(KTEPS) 20876.89
2023-10-11 10:36:03,182 - tune.py [line:103] - INFO: Epoch 00040 | Time(s) 0.0328 | Val Loss 1.5485 | Val Acc 0.6549 | ETputs(KTEPS) 19802.50
2023-10-11 10:36:03,815 - tune.py [line:103] - INFO: Epoch 00060 | Time(s) 0.0324 | Val Loss 1.5249 | Val Acc 0.6791 | ETputs(KTEPS) 20051.30
2023-10-11 10:36:04,463 - tune.py [line:103] - INFO: Epoch 00080 | Time(s) 0.0324 | Val Loss 1.5105 | Val Acc 0.6637 | ETputs(KTEPS) 20055.03
2023-10-11 10:36:05,128 - tune.py [line:103] - INFO: Epoch 00100 | Time(s) 0.0326 | Val Loss 1.5016 | Val Acc 0.6747 | ETputs(KTEPS) 19957.98
2023-10-11 10:36:05,779 - tune.py [line:103] - INFO: Epoch 00120 | Time(s) 0.0325 | Val Loss 1.4969 | Val Acc 0.6813 | ETputs(KTEPS) 19975.96
2023-10-11 10:36:06,423 - tune.py [line:103] - INFO: Epoch 00140 | Time(s) 0.0325 | Val Loss 1.4968 | Val Acc 0.6747 | ETputs(KTEPS) 20008.30
2023-10-11 10:36:07,129 - tune.py [line:103] - INFO: Epoch 00160 | Time(s) 0.0328 | Val Loss 1.4958 | Val Acc 0.6813 | ETputs(KTEPS) 19796.88
2023-10-11 10:36:07,777 - tune.py [line:103] - INFO: Epoch 00180 | Time(s) 0.0328 | Val Loss 1.4952 | Val Acc 0.6857 | ETputs(KTEPS) 19836.48
2023-10-11 10:36:08,379 - tune.py [line:103] - INFO: Epoch 00200 | Time(s) 0.0325 | Val Loss 1.4965 | Val Acc 0.6879 | ETputs(KTEPS) 20004.42
2023-10-11 10:36:09,079 - tune.py [line:103] - INFO: Epoch 00220 | Time(s) 0.0327 | Val Loss 1.4994 | Val Acc 0.6813 | ETputs(KTEPS) 19871.29
2023-10-11 10:36:09,637 - tune.py [line:103] - INFO: Epoch 00240 | Time(s) 0.0323 | Val Loss 1.5020 | Val Acc 0.6747 | ETputs(KTEPS) 20121.01
2023-10-11 10:36:10,308 - tune.py [line:103] - INFO: Epoch 00260 | Time(s) 0.0324 | Val Loss 1.5032 | Val Acc 0.6725 | ETputs(KTEPS) 20066.97
2023-10-11 10:36:10,992 - tune.py [line:103] - INFO: Epoch 00280 | Time(s) 0.0325 | Val Loss 1.5077 | Val Acc 0.6835 | ETputs(KTEPS) 19989.83
2023-10-11 10:36:11,676 - tune.py [line:103] - INFO: Epoch 00300 | Time(s) 0.0326 | Val Loss 1.5088 | Val Acc 0.6769 | ETputs(KTEPS) 19921.69
2023-10-11 10:36:12,316 - tune.py [line:103] - INFO: Epoch 00320 | Time(s) 0.0326 | Val Loss 1.5134 | Val Acc 0.6769 | ETputs(KTEPS) 19947.94
2023-10-11 10:36:13,046 - tune.py [line:103] - INFO: Epoch 00340 | Time(s) 0.0328 | Val Loss 1.5128 | Val Acc 0.6879 | ETputs(KTEPS) 19807.81
2023-10-11 10:36:13,727 - tune.py [line:103] - INFO: Epoch 00360 | Time(s) 0.0329 | Val Loss 1.5124 | Val Acc 0.6813 | ETputs(KTEPS) 19772.08
2023-10-11 10:36:14,353 - tune.py [line:103] - INFO: Epoch 00380 | Time(s) 0.0328 | Val Loss 1.5128 | Val Acc 0.6901 | ETputs(KTEPS) 19823.51
2023-10-11 10:36:15,017 - tune.py [line:103] - INFO: Epoch 00400 | Time(s) 0.0328 | Val Loss 1.5153 | Val Acc 0.6857 | ETputs(KTEPS) 19814.59
2023-10-11 10:36:15,748 - tune.py [line:103] - INFO: Epoch 00420 | Time(s) 0.0330 | Val Loss 1.5178 | Val Acc 0.6593 | ETputs(KTEPS) 19708.53
2023-10-11 10:36:16,369 - tune.py [line:103] - INFO: Epoch 00440 | Time(s) 0.0329 | Val Loss 1.5163 | Val Acc 0.6593 | ETputs(KTEPS) 19761.77
2023-10-11 10:36:17,003 - tune.py [line:103] - INFO: Epoch 00460 | Time(s) 0.0328 | Val Loss 1.5154 | Val Acc 0.6835 | ETputs(KTEPS) 19794.91
2023-10-11 10:36:17,652 - tune.py [line:103] - INFO: Epoch 00480 | Time(s) 0.0328 | Val Loss 1.5144 | Val Acc 0.6659 | ETputs(KTEPS) 19805.13
2023-10-11 10:36:18,316 - tune.py [line:103] - INFO: Epoch 00500 | Time(s) 0.0328 | Val Loss 1.5166 | Val Acc 0.6659 | ETputs(KTEPS) 19796.90
2023-10-11 10:36:19,021 - tune.py [line:103] - INFO: Epoch 00520 | Time(s) 0.0329 | Val Loss 1.5141 | Val Acc 0.6923 | ETputs(KTEPS) 19741.19
2023-10-11 10:36:19,716 - tune.py [line:103] - INFO: Epoch 00540 | Time(s) 0.0330 | Val Loss 1.5189 | Val Acc 0.6659 | ETputs(KTEPS) 19702.53
2023-10-11 10:36:20,341 - tune.py [line:103] - INFO: Epoch 00560 | Time(s) 0.0329 | Val Loss 1.5169 | Val Acc 0.6769 | ETputs(KTEPS) 19740.11
2023-10-11 10:36:21,036 - tune.py [line:103] - INFO: Epoch 00580 | Time(s) 0.0330 | Val Loss 1.5173 | Val Acc 0.6725 | ETputs(KTEPS) 19703.02
2023-10-11 10:36:21,700 - tune.py [line:103] - INFO: Epoch 00600 | Time(s) 0.0330 | Val Loss 1.5182 | Val Acc 0.6637 | ETputs(KTEPS) 19700.14
2023-10-11 10:36:22,334 - tune.py [line:103] - INFO: Epoch 00620 | Time(s) 0.0330 | Val Loss 1.5161 | Val Acc 0.6923 | ETputs(KTEPS) 19725.73
2023-10-11 10:36:22,952 - tune.py [line:103] - INFO: Epoch 00640 | Time(s) 0.0329 | Val Loss 1.5153 | Val Acc 0.6791 | ETputs(KTEPS) 19764.36
2023-10-11 10:36:23,597 - tune.py [line:103] - INFO: Epoch 00660 | Time(s) 0.0329 | Val Loss 1.5176 | Val Acc 0.6769 | ETputs(KTEPS) 19777.08
2023-10-11 10:36:24,244 - tune.py [line:103] - INFO: Epoch 00680 | Time(s) 0.0329 | Val Loss 1.5184 | Val Acc 0.6681 | ETputs(KTEPS) 19786.42
2023-10-11 10:36:24,459 - tune.py [line:117] - INFO: [FINAL MODEL] Val accuracy 70.33% \Val loss: 1.5
2023-10-11 10:36:24,469 - tune.py [line:119] - INFO: [FINAL MODEL] Test accuracy 70.46% \Test loss: 1.5
2023-10-11 10:36:24,470 - tune.py [line:144] - INFO: Acc on the first split (Validation Set): 0.7033
2023-10-11 10:36:24,470 - tune.py [line:145] - INFO: Acc on the first split (Test Set): 0.7046
