2023-10-11 10:04:47,276 - tune.py [line:203] - INFO: Namespace(seed=42, model='NormalNNV2', gpu=0, dataset='geom-chameleon', logging=True, log_detail=True, log_detailedCh=False, id_log=1011014505, optuna_n_trials=202, n_epochs=2000, self_loop=True, udgraph=True, early_stop=True, patience=300, n_hidden=64, n_cv=1, start_cv=0, n_layers=4, lr1=0.04, lr2=0.02, wd1=1e-05, wd2=1e-07, dropout=0.9, dropout2=0.3, es_ckpt='TestTuningScript-geom-chameleon_NormalNNV2-geom-chameleon_trialNo4')
2023-10-11 10:04:48,085 - tune.py [line:128] - INFO: Split_seeds:[1824]
2023-10-11 10:04:48,085 - tune.py [line:129] - INFO: Model_seeds:[409]
2023-10-11 10:04:48,602 - tune.py [line:103] - INFO: Epoch 00020 | Time(s) 0.0245 | Val Loss 1.6047 | Val Acc 0.2593 | ETputs(KTEPS) 26492.34
2023-10-11 10:04:49,084 - tune.py [line:103] - INFO: Epoch 00040 | Time(s) 0.0238 | Val Loss 1.5957 | Val Acc 0.3253 | ETputs(KTEPS) 27277.57
2023-10-11 10:04:49,448 - tune.py [line:103] - INFO: Epoch 00060 | Time(s) 0.0218 | Val Loss 1.5876 | Val Acc 0.3451 | ETputs(KTEPS) 29774.41
2023-10-11 10:04:49,856 - tune.py [line:103] - INFO: Epoch 00080 | Time(s) 0.0215 | Val Loss 1.5804 | Val Acc 0.3451 | ETputs(KTEPS) 30275.16
2023-10-11 10:04:50,351 - tune.py [line:103] - INFO: Epoch 00100 | Time(s) 0.0221 | Val Loss 1.5735 | Val Acc 0.2879 | ETputs(KTEPS) 29476.01
2023-10-11 10:04:50,833 - tune.py [line:103] - INFO: Epoch 00120 | Time(s) 0.0224 | Val Loss 1.5576 | Val Acc 0.4220 | ETputs(KTEPS) 29081.79
2023-10-11 10:04:51,269 - tune.py [line:103] - INFO: Epoch 00140 | Time(s) 0.0222 | Val Loss 1.5482 | Val Acc 0.3978 | ETputs(KTEPS) 29223.47
2023-10-11 10:04:51,709 - tune.py [line:103] - INFO: Epoch 00160 | Time(s) 0.0222 | Val Loss 1.5391 | Val Acc 0.3582 | ETputs(KTEPS) 29268.67
2023-10-11 10:04:52,159 - tune.py [line:103] - INFO: Epoch 00180 | Time(s) 0.0222 | Val Loss 1.5352 | Val Acc 0.4022 | ETputs(KTEPS) 29241.10
2023-10-11 10:04:52,678 - tune.py [line:103] - INFO: Epoch 00200 | Time(s) 0.0226 | Val Loss 1.5274 | Val Acc 0.3846 | ETputs(KTEPS) 28762.69
2023-10-11 10:04:53,200 - tune.py [line:103] - INFO: Epoch 00220 | Time(s) 0.0229 | Val Loss 1.5137 | Val Acc 0.3648 | ETputs(KTEPS) 28366.24
2023-10-11 10:04:53,747 - tune.py [line:103] - INFO: Epoch 00240 | Time(s) 0.0233 | Val Loss 1.5092 | Val Acc 0.3714 | ETputs(KTEPS) 27920.27
2023-10-11 10:04:54,222 - tune.py [line:103] - INFO: Epoch 00260 | Time(s) 0.0233 | Val Loss 1.5035 | Val Acc 0.3956 | ETputs(KTEPS) 27883.68
2023-10-11 10:04:54,740 - tune.py [line:103] - INFO: Epoch 00280 | Time(s) 0.0235 | Val Loss 1.5003 | Val Acc 0.3912 | ETputs(KTEPS) 27667.05
2023-10-11 10:04:55,242 - tune.py [line:103] - INFO: Epoch 00300 | Time(s) 0.0236 | Val Loss 1.4907 | Val Acc 0.3538 | ETputs(KTEPS) 27556.29
2023-10-11 10:04:55,750 - tune.py [line:103] - INFO: Epoch 00320 | Time(s) 0.0237 | Val Loss 1.4865 | Val Acc 0.3846 | ETputs(KTEPS) 27425.72
2023-10-11 10:04:56,220 - tune.py [line:103] - INFO: Epoch 00340 | Time(s) 0.0237 | Val Loss 1.4846 | Val Acc 0.3758 | ETputs(KTEPS) 27440.85
2023-10-11 10:04:56,715 - tune.py [line:103] - INFO: Epoch 00360 | Time(s) 0.0237 | Val Loss 1.4697 | Val Acc 0.3824 | ETputs(KTEPS) 27377.27
2023-10-11 10:04:57,160 - tune.py [line:103] - INFO: Epoch 00380 | Time(s) 0.0237 | Val Loss 1.4984 | Val Acc 0.3714 | ETputs(KTEPS) 27468.27
2023-10-11 10:04:57,670 - tune.py [line:103] - INFO: Epoch 00400 | Time(s) 0.0238 | Val Loss 1.4782 | Val Acc 0.3758 | ETputs(KTEPS) 27365.44
2023-10-11 10:04:58,205 - tune.py [line:103] - INFO: Epoch 00420 | Time(s) 0.0239 | Val Loss 1.4770 | Val Acc 0.3670 | ETputs(KTEPS) 27203.40
2023-10-11 10:04:58,733 - tune.py [line:103] - INFO: Epoch 00440 | Time(s) 0.0240 | Val Loss 1.4795 | Val Acc 0.3582 | ETputs(KTEPS) 27077.26
2023-10-11 10:05:03,664 - tune.py [line:103] - INFO: Epoch 00460 | Time(s) 0.0337 | Val Loss 1.4733 | Val Acc 0.3714 | ETputs(KTEPS) 19300.72
2023-10-11 10:05:04,137 - tune.py [line:103] - INFO: Epoch 00480 | Time(s) 0.0333 | Val Loss 1.4915 | Val Acc 0.3648 | ETputs(KTEPS) 19544.07
2023-10-11 10:05:04,577 - tune.py [line:103] - INFO: Epoch 00500 | Time(s) 0.0328 | Val Loss 1.4680 | Val Acc 0.3626 | ETputs(KTEPS) 19813.96
2023-10-11 10:05:05,107 - tune.py [line:103] - INFO: Epoch 00520 | Time(s) 0.0326 | Val Loss 1.4678 | Val Acc 0.3473 | ETputs(KTEPS) 19961.55
2023-10-11 10:05:05,561 - tune.py [line:103] - INFO: Epoch 00540 | Time(s) 0.0322 | Val Loss 1.4749 | Val Acc 0.3495 | ETputs(KTEPS) 20189.71
2023-10-11 10:05:06,053 - tune.py [line:103] - INFO: Epoch 00560 | Time(s) 0.0319 | Val Loss 1.4743 | Val Acc 0.3516 | ETputs(KTEPS) 20361.33
2023-10-11 10:05:06,548 - tune.py [line:103] - INFO: Epoch 00580 | Time(s) 0.0317 | Val Loss 1.4727 | Val Acc 0.3582 | ETputs(KTEPS) 20521.63
2023-10-11 10:05:06,692 - tune.py [line:117] - INFO: [FINAL MODEL] Val accuracy 43.08% \Val loss: 1.5
2023-10-11 10:05:06,696 - tune.py [line:119] - INFO: [FINAL MODEL] Test accuracy 40.26% \Test loss: 1.5
2023-10-11 10:05:06,696 - tune.py [line:144] - INFO: Acc on the first split (Validation Set): 0.4308
2023-10-11 10:05:06,696 - tune.py [line:145] - INFO: Acc on the first split (Test Set): 0.4026
