2023-10-11 10:22:13,646 - tune.py [line:203] - INFO: Namespace(seed=42, model='NormalNNV2', gpu=0, dataset='geom-chameleon', logging=True, log_detail=True, log_detailedCh=False, id_log=1011014505, optuna_n_trials=202, n_epochs=2000, self_loop=True, udgraph=True, early_stop=True, patience=300, n_hidden=64, n_cv=1, start_cv=0, n_layers=8, lr1=0.05, lr2=0.04, wd1=1e-07, wd2=0.001, dropout=0.1, dropout2=0.3, es_ckpt='TestTuningScript-geom-chameleon_NormalNNV2-geom-chameleon_trialNo86')
2023-10-11 10:22:14,422 - tune.py [line:128] - INFO: Split_seeds:[1824]
2023-10-11 10:22:14,422 - tune.py [line:129] - INFO: Model_seeds:[409]
2023-10-11 10:22:15,166 - tune.py [line:103] - INFO: Epoch 00020 | Time(s) 0.0346 | Val Loss 1.5705 | Val Acc 0.6813 | ETputs(KTEPS) 18812.12
2023-10-11 10:22:15,821 - tune.py [line:103] - INFO: Epoch 00040 | Time(s) 0.0336 | Val Loss 1.5370 | Val Acc 0.6615 | ETputs(KTEPS) 19376.29
2023-10-11 10:22:16,440 - tune.py [line:103] - INFO: Epoch 00060 | Time(s) 0.0327 | Val Loss 1.5147 | Val Acc 0.6703 | ETputs(KTEPS) 19896.93
2023-10-11 10:22:17,099 - tune.py [line:103] - INFO: Epoch 00080 | Time(s) 0.0327 | Val Loss 1.5075 | Val Acc 0.6571 | ETputs(KTEPS) 19858.12
2023-10-11 10:22:17,714 - tune.py [line:103] - INFO: Epoch 00100 | Time(s) 0.0323 | Val Loss 1.5047 | Val Acc 0.6527 | ETputs(KTEPS) 20122.64
2023-10-11 10:22:18,380 - tune.py [line:103] - INFO: Epoch 00120 | Time(s) 0.0325 | Val Loss 1.5025 | Val Acc 0.6593 | ETputs(KTEPS) 20023.87
2023-10-11 10:22:19,079 - tune.py [line:103] - INFO: Epoch 00140 | Time(s) 0.0328 | Val Loss 1.5042 | Val Acc 0.6769 | ETputs(KTEPS) 19809.96
2023-10-11 10:22:19,745 - tune.py [line:103] - INFO: Epoch 00160 | Time(s) 0.0329 | Val Loss 1.5101 | Val Acc 0.6593 | ETputs(KTEPS) 19775.48
2023-10-11 10:22:20,353 - tune.py [line:103] - INFO: Epoch 00180 | Time(s) 0.0326 | Val Loss 1.5107 | Val Acc 0.6659 | ETputs(KTEPS) 19946.44
2023-10-11 10:22:20,966 - tune.py [line:103] - INFO: Epoch 00200 | Time(s) 0.0324 | Val Loss 1.5148 | Val Acc 0.6571 | ETputs(KTEPS) 20068.29
2023-10-11 10:22:21,587 - tune.py [line:103] - INFO: Epoch 00220 | Time(s) 0.0323 | Val Loss 1.5200 | Val Acc 0.6484 | ETputs(KTEPS) 20144.49
2023-10-11 10:22:22,223 - tune.py [line:103] - INFO: Epoch 00240 | Time(s) 0.0322 | Val Loss 1.5224 | Val Acc 0.6813 | ETputs(KTEPS) 20171.03
2023-10-11 10:22:22,870 - tune.py [line:103] - INFO: Epoch 00260 | Time(s) 0.0322 | Val Loss 1.5256 | Val Acc 0.6681 | ETputs(KTEPS) 20165.86
2023-10-11 10:22:23,511 - tune.py [line:103] - INFO: Epoch 00280 | Time(s) 0.0322 | Val Loss 1.5267 | Val Acc 0.6725 | ETputs(KTEPS) 20175.30
2023-10-11 10:22:24,126 - tune.py [line:103] - INFO: Epoch 00300 | Time(s) 0.0321 | Val Loss 1.5275 | Val Acc 0.6593 | ETputs(KTEPS) 20239.23
2023-10-11 10:22:24,746 - tune.py [line:103] - INFO: Epoch 00320 | Time(s) 0.0321 | Val Loss 1.5293 | Val Acc 0.6637 | ETputs(KTEPS) 20283.50
2023-10-11 10:22:25,341 - tune.py [line:103] - INFO: Epoch 00340 | Time(s) 0.0319 | Val Loss 1.5299 | Val Acc 0.6747 | ETputs(KTEPS) 20371.20
2023-10-11 10:22:25,947 - tune.py [line:103] - INFO: Epoch 00360 | Time(s) 0.0318 | Val Loss 1.5274 | Val Acc 0.6769 | ETputs(KTEPS) 20429.18
2023-10-11 10:22:26,550 - tune.py [line:103] - INFO: Epoch 00380 | Time(s) 0.0317 | Val Loss 1.5319 | Val Acc 0.6659 | ETputs(KTEPS) 20486.28
2023-10-11 10:22:26,860 - tune.py [line:117] - INFO: [FINAL MODEL] Val accuracy 69.67% \Val loss: 1.5
2023-10-11 10:22:26,866 - tune.py [line:119] - INFO: [FINAL MODEL] Test accuracy 70.68% \Test loss: 1.5
2023-10-11 10:22:26,866 - tune.py [line:144] - INFO: Acc on the first split (Validation Set): 0.6967
2023-10-11 10:22:26,866 - tune.py [line:145] - INFO: Acc on the first split (Test Set): 0.7068
