2023-10-11 12:32:51,961 - tune.py [line:203] - INFO: Namespace(seed=42, model='NormalNNV2', gpu=0, dataset='geom-chameleon', logging=True, log_detail=True, log_detailedCh=False, id_log=1011014505, optuna_n_trials=202, n_epochs=2000, self_loop=True, udgraph=True, early_stop=True, patience=300, n_hidden=64, n_cv=1, start_cv=0, n_layers=12, lr1=0.04, lr2=0.05, wd1=1e-08, wd2=1e-07, dropout=0.1, dropout2=0.5, es_ckpt='TestTuningScript-geom-chameleon_NormalNNV2-geom-chameleon_trialNo23')
2023-10-11 12:32:52,710 - tune.py [line:128] - INFO: Split_seeds:[1824]
2023-10-11 12:32:52,710 - tune.py [line:129] - INFO: Model_seeds:[409]
2023-10-11 12:32:53,534 - tune.py [line:103] - INFO: Epoch 00020 | Time(s) 0.0394 | Val Loss 1.5516 | Val Acc 0.6242 | ETputs(KTEPS) 16487.28
2023-10-11 12:32:54,325 - tune.py [line:103] - INFO: Epoch 00040 | Time(s) 0.0394 | Val Loss 1.4882 | Val Acc 0.6396 | ETputs(KTEPS) 16513.29
2023-10-11 12:32:55,103 - tune.py [line:103] - INFO: Epoch 00060 | Time(s) 0.0392 | Val Loss 1.4288 | Val Acc 0.6176 | ETputs(KTEPS) 16596.80
2023-10-11 12:32:55,873 - tune.py [line:103] - INFO: Epoch 00080 | Time(s) 0.0390 | Val Loss 1.3770 | Val Acc 0.5956 | ETputs(KTEPS) 16670.97
2023-10-11 12:32:56,675 - tune.py [line:103] - INFO: Epoch 00100 | Time(s) 0.0392 | Val Loss 1.3377 | Val Acc 0.6176 | ETputs(KTEPS) 16579.84
2023-10-11 12:32:57,503 - tune.py [line:103] - INFO: Epoch 00120 | Time(s) 0.0396 | Val Loss 1.3046 | Val Acc 0.6308 | ETputs(KTEPS) 16428.66
2023-10-11 12:32:58,316 - tune.py [line:103] - INFO: Epoch 00140 | Time(s) 0.0397 | Val Loss 1.2785 | Val Acc 0.6220 | ETputs(KTEPS) 16366.27
2023-10-11 12:32:59,100 - tune.py [line:103] - INFO: Epoch 00160 | Time(s) 0.0397 | Val Loss 1.2752 | Val Acc 0.6088 | ETputs(KTEPS) 16394.59
2023-10-11 12:32:59,898 - tune.py [line:103] - INFO: Epoch 00180 | Time(s) 0.0397 | Val Loss 1.2499 | Val Acc 0.6044 | ETputs(KTEPS) 16384.70
2023-10-11 12:33:00,705 - tune.py [line:103] - INFO: Epoch 00200 | Time(s) 0.0397 | Val Loss 1.2265 | Val Acc 0.5956 | ETputs(KTEPS) 16359.12
2023-10-11 12:33:01,509 - tune.py [line:103] - INFO: Epoch 00220 | Time(s) 0.0398 | Val Loss 1.2123 | Val Acc 0.5758 | ETputs(KTEPS) 16342.43
2023-10-11 12:33:02,298 - tune.py [line:103] - INFO: Epoch 00240 | Time(s) 0.0398 | Val Loss 1.2039 | Val Acc 0.6176 | ETputs(KTEPS) 16355.07
2023-10-11 12:33:03,138 - tune.py [line:103] - INFO: Epoch 00260 | Time(s) 0.0399 | Val Loss 1.1933 | Val Acc 0.6154 | ETputs(KTEPS) 16284.91
2023-10-11 12:33:03,926 - tune.py [line:103] - INFO: Epoch 00280 | Time(s) 0.0399 | Val Loss 1.1838 | Val Acc 0.6264 | ETputs(KTEPS) 16300.26
2023-10-11 12:33:04,712 - tune.py [line:103] - INFO: Epoch 00300 | Time(s) 0.0398 | Val Loss 1.1819 | Val Acc 0.6176 | ETputs(KTEPS) 16317.95
2023-10-11 12:33:05,551 - tune.py [line:103] - INFO: Epoch 00320 | Time(s) 0.0400 | Val Loss 1.1715 | Val Acc 0.6066 | ETputs(KTEPS) 16264.92
2023-10-11 12:33:06,420 - tune.py [line:103] - INFO: Epoch 00340 | Time(s) 0.0402 | Val Loss 1.1834 | Val Acc 0.5868 | ETputs(KTEPS) 16182.47
2023-10-11 12:33:06,475 - tune.py [line:117] - INFO: [FINAL MODEL] Val accuracy 64.84% \Val loss: 1.5
2023-10-11 12:33:06,483 - tune.py [line:119] - INFO: [FINAL MODEL] Test accuracy 66.30% \Test loss: 1.5
2023-10-11 12:33:06,483 - tune.py [line:144] - INFO: Acc on the first split (Validation Set): 0.6484
2023-10-11 12:33:06,483 - tune.py [line:145] - INFO: Acc on the first split (Test Set): 0.6630
