2023-10-11 10:15:07,098 - tune.py [line:203] - INFO: Namespace(seed=42, model='NormalNNV2', gpu=0, dataset='geom-chameleon', logging=True, log_detail=True, log_detailedCh=False, id_log=1011014505, optuna_n_trials=202, n_epochs=2000, self_loop=True, udgraph=True, early_stop=True, patience=300, n_hidden=64, n_cv=1, start_cv=0, n_layers=12, lr1=0.05, lr2=0.04, wd1=1e-08, wd2=0.001, dropout=0.5, dropout2=0.3, es_ckpt='TestTuningScript-geom-chameleon_NormalNNV2-geom-chameleon_trialNo34')
2023-10-11 10:15:07,848 - tune.py [line:128] - INFO: Split_seeds:[1824]
2023-10-11 10:15:07,848 - tune.py [line:129] - INFO: Model_seeds:[409]
2023-10-11 10:15:08,752 - tune.py [line:103] - INFO: Epoch 00020 | Time(s) 0.0431 | Val Loss 1.5621 | Val Acc 0.6659 | ETputs(KTEPS) 15097.16
2023-10-11 10:15:09,555 - tune.py [line:103] - INFO: Epoch 00040 | Time(s) 0.0415 | Val Loss 1.5283 | Val Acc 0.6549 | ETputs(KTEPS) 15650.08
2023-10-11 10:15:10,419 - tune.py [line:103] - INFO: Epoch 00060 | Time(s) 0.0420 | Val Loss 1.5028 | Val Acc 0.6901 | ETputs(KTEPS) 15495.43
2023-10-11 10:15:11,283 - tune.py [line:103] - INFO: Epoch 00080 | Time(s) 0.0422 | Val Loss 1.4933 | Val Acc 0.6791 | ETputs(KTEPS) 15402.21
2023-10-11 10:15:12,083 - tune.py [line:103] - INFO: Epoch 00100 | Time(s) 0.0418 | Val Loss 1.4916 | Val Acc 0.6615 | ETputs(KTEPS) 15565.85
2023-10-11 10:15:12,944 - tune.py [line:103] - INFO: Epoch 00120 | Time(s) 0.0420 | Val Loss 1.4839 | Val Acc 0.6857 | ETputs(KTEPS) 15487.94
2023-10-11 10:15:13,810 - tune.py [line:103] - INFO: Epoch 00140 | Time(s) 0.0422 | Val Loss 1.4850 | Val Acc 0.6637 | ETputs(KTEPS) 15420.58
2023-10-11 10:15:14,607 - tune.py [line:103] - INFO: Epoch 00160 | Time(s) 0.0419 | Val Loss 1.4824 | Val Acc 0.6703 | ETputs(KTEPS) 15528.62
2023-10-11 10:15:15,427 - tune.py [line:103] - INFO: Epoch 00180 | Time(s) 0.0418 | Val Loss 1.4814 | Val Acc 0.6813 | ETputs(KTEPS) 15564.14
2023-10-11 10:15:16,275 - tune.py [line:103] - INFO: Epoch 00200 | Time(s) 0.0418 | Val Loss 1.4826 | Val Acc 0.6703 | ETputs(KTEPS) 15541.34
2023-10-11 10:15:17,163 - tune.py [line:103] - INFO: Epoch 00220 | Time(s) 0.0420 | Val Loss 1.4828 | Val Acc 0.6791 | ETputs(KTEPS) 15462.53
2023-10-11 10:15:17,951 - tune.py [line:103] - INFO: Epoch 00240 | Time(s) 0.0418 | Val Loss 1.4828 | Val Acc 0.6725 | ETputs(KTEPS) 15544.75
2023-10-11 10:15:18,736 - tune.py [line:103] - INFO: Epoch 00260 | Time(s) 0.0416 | Val Loss 1.4845 | Val Acc 0.6769 | ETputs(KTEPS) 15619.69
2023-10-11 10:15:19,525 - tune.py [line:103] - INFO: Epoch 00280 | Time(s) 0.0415 | Val Loss 1.4860 | Val Acc 0.6725 | ETputs(KTEPS) 15678.50
2023-10-11 10:15:20,307 - tune.py [line:103] - INFO: Epoch 00300 | Time(s) 0.0413 | Val Loss 1.4868 | Val Acc 0.6791 | ETputs(KTEPS) 15738.70
2023-10-11 10:15:21,133 - tune.py [line:103] - INFO: Epoch 00320 | Time(s) 0.0413 | Val Loss 1.4859 | Val Acc 0.6637 | ETputs(KTEPS) 15739.48
2023-10-11 10:15:21,946 - tune.py [line:103] - INFO: Epoch 00340 | Time(s) 0.0413 | Val Loss 1.4830 | Val Acc 0.6791 | ETputs(KTEPS) 15755.38
2023-10-11 10:15:22,719 - tune.py [line:103] - INFO: Epoch 00360 | Time(s) 0.0411 | Val Loss 1.4868 | Val Acc 0.6571 | ETputs(KTEPS) 15811.23
2023-10-11 10:15:23,559 - tune.py [line:103] - INFO: Epoch 00380 | Time(s) 0.0412 | Val Loss 1.4856 | Val Acc 0.6637 | ETputs(KTEPS) 15794.77
2023-10-11 10:15:24,323 - tune.py [line:103] - INFO: Epoch 00400 | Time(s) 0.0410 | Val Loss 1.4866 | Val Acc 0.6725 | ETputs(KTEPS) 15851.72
2023-10-11 10:15:25,136 - tune.py [line:103] - INFO: Epoch 00420 | Time(s) 0.0410 | Val Loss 1.4868 | Val Acc 0.6659 | ETputs(KTEPS) 15859.23
2023-10-11 10:15:25,979 - tune.py [line:103] - INFO: Epoch 00440 | Time(s) 0.0410 | Val Loss 1.4863 | Val Acc 0.6571 | ETputs(KTEPS) 15839.44
2023-10-11 10:15:26,800 - tune.py [line:103] - INFO: Epoch 00460 | Time(s) 0.0410 | Val Loss 1.4872 | Val Acc 0.6637 | ETputs(KTEPS) 15839.62
2023-10-11 10:15:27,697 - tune.py [line:103] - INFO: Epoch 00480 | Time(s) 0.0412 | Val Loss 1.4862 | Val Acc 0.6681 | ETputs(KTEPS) 15779.22
2023-10-11 10:15:28,465 - tune.py [line:103] - INFO: Epoch 00500 | Time(s) 0.0411 | Val Loss 1.4881 | Val Acc 0.6615 | ETputs(KTEPS) 15822.47
2023-10-11 10:15:29,003 - tune.py [line:117] - INFO: [FINAL MODEL] Val accuracy 69.67% \Val loss: 1.5
2023-10-11 10:15:29,010 - tune.py [line:119] - INFO: [FINAL MODEL] Test accuracy 70.24% \Test loss: 1.5
2023-10-11 10:15:29,011 - tune.py [line:144] - INFO: Acc on the first split (Validation Set): 0.6967
2023-10-11 10:15:29,011 - tune.py [line:145] - INFO: Acc on the first split (Test Set): 0.7024
