2023-10-11 10:10:54,240 - tune.py [line:203] - INFO: Namespace(seed=42, model='NormalNNV2', gpu=0, dataset='geom-chameleon', logging=True, log_detail=True, log_detailedCh=False, id_log=1011014505, optuna_n_trials=202, n_epochs=2000, self_loop=True, udgraph=True, early_stop=True, patience=300, n_hidden=64, n_cv=1, start_cv=0, n_layers=8, lr1=0.05, lr2=0.04, wd1=1e-08, wd2=0.0001, dropout=0.3, dropout2=0.2, es_ckpt='TestTuningScript-geom-chameleon_NormalNNV2-geom-chameleon_trialNo17')
2023-10-11 10:10:54,980 - tune.py [line:128] - INFO: Split_seeds:[1824]
2023-10-11 10:10:54,980 - tune.py [line:129] - INFO: Model_seeds:[409]
2023-10-11 10:10:55,722 - tune.py [line:103] - INFO: Epoch 00020 | Time(s) 0.0347 | Val Loss 1.5668 | Val Acc 0.6703 | ETputs(KTEPS) 18721.08
2023-10-11 10:10:56,349 - tune.py [line:103] - INFO: Epoch 00040 | Time(s) 0.0330 | Val Loss 1.5254 | Val Acc 0.6505 | ETputs(KTEPS) 19722.85
2023-10-11 10:10:56,962 - tune.py [line:103] - INFO: Epoch 00060 | Time(s) 0.0322 | Val Loss 1.4823 | Val Acc 0.6462 | ETputs(KTEPS) 20206.37
2023-10-11 10:10:57,626 - tune.py [line:103] - INFO: Epoch 00080 | Time(s) 0.0324 | Val Loss 1.4432 | Val Acc 0.6374 | ETputs(KTEPS) 20048.63
2023-10-11 10:10:58,329 - tune.py [line:103] - INFO: Epoch 00100 | Time(s) 0.0330 | Val Loss 1.3987 | Val Acc 0.6593 | ETputs(KTEPS) 19722.50
2023-10-11 10:10:59,035 - tune.py [line:103] - INFO: Epoch 00120 | Time(s) 0.0333 | Val Loss 1.3618 | Val Acc 0.6615 | ETputs(KTEPS) 19495.96
2023-10-11 10:10:59,661 - tune.py [line:103] - INFO: Epoch 00140 | Time(s) 0.0331 | Val Loss 1.3302 | Val Acc 0.6725 | ETputs(KTEPS) 19666.96
2023-10-11 10:11:00,332 - tune.py [line:103] - INFO: Epoch 00160 | Time(s) 0.0331 | Val Loss 1.3056 | Val Acc 0.6747 | ETputs(KTEPS) 19650.53
2023-10-11 10:11:00,979 - tune.py [line:103] - INFO: Epoch 00180 | Time(s) 0.0330 | Val Loss 1.2740 | Val Acc 0.6681 | ETputs(KTEPS) 19700.76
2023-10-11 10:11:01,693 - tune.py [line:103] - INFO: Epoch 00200 | Time(s) 0.0333 | Val Loss 1.2591 | Val Acc 0.6725 | ETputs(KTEPS) 19541.30
2023-10-11 10:11:02,398 - tune.py [line:103] - INFO: Epoch 00220 | Time(s) 0.0334 | Val Loss 1.2369 | Val Acc 0.6791 | ETputs(KTEPS) 19439.37
2023-10-11 10:11:03,012 - tune.py [line:103] - INFO: Epoch 00240 | Time(s) 0.0332 | Val Loss 1.2186 | Val Acc 0.6791 | ETputs(KTEPS) 19573.03
2023-10-11 10:11:03,736 - tune.py [line:103] - INFO: Epoch 00260 | Time(s) 0.0334 | Val Loss 1.2016 | Val Acc 0.6857 | ETputs(KTEPS) 19441.01
2023-10-11 10:11:04,465 - tune.py [line:103] - INFO: Epoch 00280 | Time(s) 0.0336 | Val Loss 1.1879 | Val Acc 0.6879 | ETputs(KTEPS) 19334.06
2023-10-11 10:11:05,186 - tune.py [line:103] - INFO: Epoch 00300 | Time(s) 0.0338 | Val Loss 1.1821 | Val Acc 0.6857 | ETputs(KTEPS) 19243.48
2023-10-11 10:11:05,846 - tune.py [line:103] - INFO: Epoch 00320 | Time(s) 0.0337 | Val Loss 1.1619 | Val Acc 0.6769 | ETputs(KTEPS) 19271.75
2023-10-11 10:11:06,469 - tune.py [line:103] - INFO: Epoch 00340 | Time(s) 0.0336 | Val Loss 1.1502 | Val Acc 0.6879 | ETputs(KTEPS) 19360.53
2023-10-11 10:11:07,076 - tune.py [line:103] - INFO: Epoch 00360 | Time(s) 0.0334 | Val Loss 1.1503 | Val Acc 0.6769 | ETputs(KTEPS) 19465.69
2023-10-11 10:11:07,707 - tune.py [line:103] - INFO: Epoch 00380 | Time(s) 0.0333 | Val Loss 1.1359 | Val Acc 0.6747 | ETputs(KTEPS) 19522.90
2023-10-11 10:11:08,386 - tune.py [line:103] - INFO: Epoch 00400 | Time(s) 0.0333 | Val Loss 1.1321 | Val Acc 0.6857 | ETputs(KTEPS) 19504.14
2023-10-11 10:11:09,017 - tune.py [line:103] - INFO: Epoch 00420 | Time(s) 0.0333 | Val Loss 1.1267 | Val Acc 0.6659 | ETputs(KTEPS) 19554.28
2023-10-11 10:11:09,746 - tune.py [line:103] - INFO: Epoch 00440 | Time(s) 0.0334 | Val Loss 1.1174 | Val Acc 0.6923 | ETputs(KTEPS) 19474.08
2023-10-11 10:11:10,381 - tune.py [line:103] - INFO: Epoch 00460 | Time(s) 0.0333 | Val Loss 1.1129 | Val Acc 0.6857 | ETputs(KTEPS) 19516.66
2023-10-11 10:11:11,065 - tune.py [line:103] - INFO: Epoch 00480 | Time(s) 0.0333 | Val Loss 1.1092 | Val Acc 0.6901 | ETputs(KTEPS) 19496.11
2023-10-11 10:11:11,697 - tune.py [line:103] - INFO: Epoch 00500 | Time(s) 0.0333 | Val Loss 1.1021 | Val Acc 0.6857 | ETputs(KTEPS) 19537.34
2023-10-11 10:11:12,422 - tune.py [line:103] - INFO: Epoch 00520 | Time(s) 0.0334 | Val Loss 1.1056 | Val Acc 0.6791 | ETputs(KTEPS) 19471.62
2023-10-11 10:11:13,076 - tune.py [line:103] - INFO: Epoch 00540 | Time(s) 0.0334 | Val Loss 1.0964 | Val Acc 0.6791 | ETputs(KTEPS) 19486.42
2023-10-11 10:11:13,730 - tune.py [line:103] - INFO: Epoch 00560 | Time(s) 0.0333 | Val Loss 1.0910 | Val Acc 0.6769 | ETputs(KTEPS) 19501.73
2023-10-11 10:11:14,327 - tune.py [line:103] - INFO: Epoch 00580 | Time(s) 0.0332 | Val Loss 1.0975 | Val Acc 0.6813 | ETputs(KTEPS) 19572.26
2023-10-11 10:11:14,948 - tune.py [line:103] - INFO: Epoch 00600 | Time(s) 0.0331 | Val Loss 1.0930 | Val Acc 0.6791 | ETputs(KTEPS) 19615.79
2023-10-11 10:11:15,616 - tune.py [line:103] - INFO: Epoch 00620 | Time(s) 0.0332 | Val Loss 1.0947 | Val Acc 0.6681 | ETputs(KTEPS) 19611.38
2023-10-11 10:11:16,291 - tune.py [line:103] - INFO: Epoch 00640 | Time(s) 0.0332 | Val Loss 1.0885 | Val Acc 0.6791 | ETputs(KTEPS) 19600.71
2023-10-11 10:11:16,913 - tune.py [line:103] - INFO: Epoch 00660 | Time(s) 0.0331 | Val Loss 1.0899 | Val Acc 0.6769 | ETputs(KTEPS) 19638.28
2023-10-11 10:11:17,626 - tune.py [line:103] - INFO: Epoch 00680 | Time(s) 0.0332 | Val Loss 1.0929 | Val Acc 0.6791 | ETputs(KTEPS) 19594.49
2023-10-11 10:11:18,262 - tune.py [line:103] - INFO: Epoch 00700 | Time(s) 0.0331 | Val Loss 1.0929 | Val Acc 0.6791 | ETputs(KTEPS) 19618.77
2023-10-11 10:11:18,925 - tune.py [line:103] - INFO: Epoch 00720 | Time(s) 0.0331 | Val Loss 1.0882 | Val Acc 0.6725 | ETputs(KTEPS) 19619.31
2023-10-11 10:11:19,658 - tune.py [line:117] - INFO: [FINAL MODEL] Val accuracy 70.11% \Val loss: 1.1
2023-10-11 10:11:19,666 - tune.py [line:119] - INFO: [FINAL MODEL] Test accuracy 68.93% \Test loss: 1.1
2023-10-11 10:11:19,666 - tune.py [line:144] - INFO: Acc on the first split (Validation Set): 0.7011
2023-10-11 10:11:19,666 - tune.py [line:145] - INFO: Acc on the first split (Test Set): 0.6893
