2023-10-11 12:39:05,361 - tune.py [line:203] - INFO: Namespace(seed=42, model='NormalNNV2', gpu=0, dataset='geom-chameleon', logging=True, log_detail=True, log_detailedCh=False, id_log=1011014505, optuna_n_trials=202, n_epochs=2000, self_loop=True, udgraph=True, early_stop=True, patience=300, n_hidden=64, n_cv=1, start_cv=0, n_layers=12, lr1=0.04, lr2=0.02, wd1=1e-07, wd2=1e-06, dropout=0.3, dropout2=0.6, es_ckpt='TestTuningScript-geom-chameleon_NormalNNV2-geom-chameleon_trialNo76')
2023-10-11 12:39:06,192 - tune.py [line:128] - INFO: Split_seeds:[1824]
2023-10-11 12:39:06,193 - tune.py [line:129] - INFO: Model_seeds:[409]
2023-10-11 12:39:07,030 - tune.py [line:103] - INFO: Epoch 00020 | Time(s) 0.0398 | Val Loss 1.5772 | Val Acc 0.6505 | ETputs(KTEPS) 16332.55
2023-10-11 12:39:07,863 - tune.py [line:103] - INFO: Epoch 00040 | Time(s) 0.0405 | Val Loss 1.5507 | Val Acc 0.6615 | ETputs(KTEPS) 16057.26
2023-10-11 12:39:08,678 - tune.py [line:103] - INFO: Epoch 00060 | Time(s) 0.0406 | Val Loss 1.5257 | Val Acc 0.6330 | ETputs(KTEPS) 16024.03
2023-10-11 12:39:09,474 - tune.py [line:103] - INFO: Epoch 00080 | Time(s) 0.0404 | Val Loss 1.4943 | Val Acc 0.6505 | ETputs(KTEPS) 16105.13
2023-10-11 12:39:10,322 - tune.py [line:103] - INFO: Epoch 00100 | Time(s) 0.0408 | Val Loss 1.4687 | Val Acc 0.6527 | ETputs(KTEPS) 15946.84
2023-10-11 12:39:11,131 - tune.py [line:103] - INFO: Epoch 00120 | Time(s) 0.0407 | Val Loss 1.4488 | Val Acc 0.6374 | ETputs(KTEPS) 15967.75
2023-10-11 12:39:11,959 - tune.py [line:103] - INFO: Epoch 00140 | Time(s) 0.0408 | Val Loss 1.4270 | Val Acc 0.6505 | ETputs(KTEPS) 15931.49
2023-10-11 12:39:12,774 - tune.py [line:103] - INFO: Epoch 00160 | Time(s) 0.0408 | Val Loss 1.4089 | Val Acc 0.6088 | ETputs(KTEPS) 15935.01
2023-10-11 12:39:13,551 - tune.py [line:103] - INFO: Epoch 00180 | Time(s) 0.0406 | Val Loss 1.3978 | Val Acc 0.6242 | ETputs(KTEPS) 16022.76
2023-10-11 12:39:14,336 - tune.py [line:103] - INFO: Epoch 00200 | Time(s) 0.0404 | Val Loss 1.3759 | Val Acc 0.6308 | ETputs(KTEPS) 16074.99
2023-10-11 12:39:15,159 - tune.py [line:103] - INFO: Epoch 00220 | Time(s) 0.0405 | Val Loss 1.3625 | Val Acc 0.6132 | ETputs(KTEPS) 16051.55
2023-10-11 12:39:15,983 - tune.py [line:103] - INFO: Epoch 00240 | Time(s) 0.0406 | Val Loss 1.3474 | Val Acc 0.6220 | ETputs(KTEPS) 16029.78
2023-10-11 12:39:16,811 - tune.py [line:103] - INFO: Epoch 00260 | Time(s) 0.0406 | Val Loss 1.3353 | Val Acc 0.6264 | ETputs(KTEPS) 16004.49
2023-10-11 12:39:17,632 - tune.py [line:103] - INFO: Epoch 00280 | Time(s) 0.0407 | Val Loss 1.3157 | Val Acc 0.6440 | ETputs(KTEPS) 15993.71
2023-10-11 12:39:18,434 - tune.py [line:103] - INFO: Epoch 00300 | Time(s) 0.0406 | Val Loss 1.3136 | Val Acc 0.6198 | ETputs(KTEPS) 16008.87
2023-10-11 12:39:19,290 - tune.py [line:103] - INFO: Epoch 00320 | Time(s) 0.0408 | Val Loss 1.2993 | Val Acc 0.6110 | ETputs(KTEPS) 15955.32
2023-10-11 12:39:19,557 - tune.py [line:117] - INFO: [FINAL MODEL] Val accuracy 68.13% \Val loss: 1.6
2023-10-11 12:39:19,565 - tune.py [line:119] - INFO: [FINAL MODEL] Test accuracy 65.86% \Test loss: 1.6
2023-10-11 12:39:19,565 - tune.py [line:144] - INFO: Acc on the first split (Validation Set): 0.6813
2023-10-11 12:39:19,566 - tune.py [line:145] - INFO: Acc on the first split (Test Set): 0.6586
