2023-10-11 12:33:06,597 - tune.py [line:203] - INFO: Namespace(seed=42, model='NormalNNV2', gpu=0, dataset='geom-chameleon', logging=True, log_detail=True, log_detailedCh=False, id_log=1011014505, optuna_n_trials=202, n_epochs=2000, self_loop=True, udgraph=True, early_stop=True, patience=300, n_hidden=64, n_cv=1, start_cv=0, n_layers=12, lr1=0.04, lr2=0.04, wd1=1e-06, wd2=1e-05, dropout=0.1, dropout2=0.3, es_ckpt='TestTuningScript-geom-chameleon_NormalNNV2-geom-chameleon_trialNo24')
2023-10-11 12:33:07,510 - tune.py [line:128] - INFO: Split_seeds:[1824]
2023-10-11 12:33:07,511 - tune.py [line:129] - INFO: Model_seeds:[409]
2023-10-11 12:33:08,389 - tune.py [line:103] - INFO: Epoch 00020 | Time(s) 0.0418 | Val Loss 1.5613 | Val Acc 0.6462 | ETputs(KTEPS) 15541.45
2023-10-11 12:33:09,204 - tune.py [line:103] - INFO: Epoch 00040 | Time(s) 0.0413 | Val Loss 1.5117 | Val Acc 0.6308 | ETputs(KTEPS) 15747.39
2023-10-11 12:33:10,082 - tune.py [line:103] - INFO: Epoch 00060 | Time(s) 0.0421 | Val Loss 1.4635 | Val Acc 0.6396 | ETputs(KTEPS) 15451.28
2023-10-11 12:33:10,957 - tune.py [line:103] - INFO: Epoch 00080 | Time(s) 0.0424 | Val Loss 1.4169 | Val Acc 0.6505 | ETputs(KTEPS) 15323.19
2023-10-11 12:33:11,818 - tune.py [line:103] - INFO: Epoch 00100 | Time(s) 0.0425 | Val Loss 1.3996 | Val Acc 0.6110 | ETputs(KTEPS) 15289.25
2023-10-11 12:33:12,614 - tune.py [line:103] - INFO: Epoch 00120 | Time(s) 0.0421 | Val Loss 1.3440 | Val Acc 0.6264 | ETputs(KTEPS) 15456.94
2023-10-11 12:33:13,420 - tune.py [line:103] - INFO: Epoch 00140 | Time(s) 0.0418 | Val Loss 1.2993 | Val Acc 0.6527 | ETputs(KTEPS) 15552.55
2023-10-11 12:33:14,217 - tune.py [line:103] - INFO: Epoch 00160 | Time(s) 0.0416 | Val Loss 1.2823 | Val Acc 0.6286 | ETputs(KTEPS) 15645.02
2023-10-11 12:33:15,042 - tune.py [line:103] - INFO: Epoch 00180 | Time(s) 0.0415 | Val Loss 1.2551 | Val Acc 0.6418 | ETputs(KTEPS) 15657.90
2023-10-11 12:33:15,877 - tune.py [line:103] - INFO: Epoch 00200 | Time(s) 0.0415 | Val Loss 1.2305 | Val Acc 0.6396 | ETputs(KTEPS) 15650.06
2023-10-11 12:33:16,722 - tune.py [line:103] - INFO: Epoch 00220 | Time(s) 0.0416 | Val Loss 1.2045 | Val Acc 0.6418 | ETputs(KTEPS) 15626.30
2023-10-11 12:33:17,544 - tune.py [line:103] - INFO: Epoch 00240 | Time(s) 0.0416 | Val Loss 1.1946 | Val Acc 0.6154 | ETputs(KTEPS) 15643.37
2023-10-11 12:33:18,341 - tune.py [line:103] - INFO: Epoch 00260 | Time(s) 0.0414 | Val Loss 1.1687 | Val Acc 0.6440 | ETputs(KTEPS) 15693.17
2023-10-11 12:33:19,138 - tune.py [line:103] - INFO: Epoch 00280 | Time(s) 0.0413 | Val Loss 1.1565 | Val Acc 0.6264 | ETputs(KTEPS) 15737.74
2023-10-11 12:33:19,936 - tune.py [line:103] - INFO: Epoch 00300 | Time(s) 0.0412 | Val Loss 1.1595 | Val Acc 0.6352 | ETputs(KTEPS) 15774.32
2023-10-11 12:33:20,794 - tune.py [line:103] - INFO: Epoch 00320 | Time(s) 0.0413 | Val Loss 1.1332 | Val Acc 0.6264 | ETputs(KTEPS) 15735.08
2023-10-11 12:33:21,614 - tune.py [line:103] - INFO: Epoch 00340 | Time(s) 0.0413 | Val Loss 1.1407 | Val Acc 0.6352 | ETputs(KTEPS) 15742.55
2023-10-11 12:33:22,399 - tune.py [line:103] - INFO: Epoch 00360 | Time(s) 0.0412 | Val Loss 1.1199 | Val Acc 0.6308 | ETputs(KTEPS) 15786.24
2023-10-11 12:33:23,225 - tune.py [line:103] - INFO: Epoch 00380 | Time(s) 0.0412 | Val Loss 1.1120 | Val Acc 0.6242 | ETputs(KTEPS) 15784.65
2023-10-11 12:33:23,595 - tune.py [line:117] - INFO: [FINAL MODEL] Val accuracy 66.81% \Val loss: 1.4
2023-10-11 12:33:23,602 - tune.py [line:119] - INFO: [FINAL MODEL] Test accuracy 64.33% \Test loss: 1.4
2023-10-11 12:33:23,603 - tune.py [line:144] - INFO: Acc on the first split (Validation Set): 0.6681
2023-10-11 12:33:23,603 - tune.py [line:145] - INFO: Acc on the first split (Test Set): 0.6433
