2023-10-11 10:35:35,244 - tune.py [line:203] - INFO: Namespace(seed=42, model='NormalNNV2', gpu=0, dataset='geom-chameleon', logging=True, log_detail=True, log_detailedCh=False, id_log=1011014505, optuna_n_trials=202, n_epochs=2000, self_loop=True, udgraph=True, early_stop=True, patience=300, n_hidden=64, n_cv=1, start_cv=0, n_layers=8, lr1=0.05, lr2=0.03, wd1=1e-07, wd2=0.0001, dropout=0.1, dropout2=0.4, es_ckpt='TestTuningScript-geom-chameleon_NormalNNV2-geom-chameleon_trialNo158')
2023-10-11 10:35:36,002 - tune.py [line:128] - INFO: Split_seeds:[1824]
2023-10-11 10:35:36,002 - tune.py [line:129] - INFO: Model_seeds:[409]
2023-10-11 10:35:36,743 - tune.py [line:103] - INFO: Epoch 00020 | Time(s) 0.0345 | Val Loss 1.5754 | Val Acc 0.6659 | ETputs(KTEPS) 18836.06
2023-10-11 10:35:37,409 - tune.py [line:103] - INFO: Epoch 00040 | Time(s) 0.0337 | Val Loss 1.5420 | Val Acc 0.6571 | ETputs(KTEPS) 19271.79
2023-10-11 10:35:38,011 - tune.py [line:103] - INFO: Epoch 00060 | Time(s) 0.0325 | Val Loss 1.5053 | Val Acc 0.6681 | ETputs(KTEPS) 19995.82
2023-10-11 10:35:38,635 - tune.py [line:103] - INFO: Epoch 00080 | Time(s) 0.0322 | Val Loss 1.4724 | Val Acc 0.6549 | ETputs(KTEPS) 20200.48
2023-10-11 10:35:39,315 - tune.py [line:103] - INFO: Epoch 00100 | Time(s) 0.0325 | Val Loss 1.4411 | Val Acc 0.6549 | ETputs(KTEPS) 19978.76
2023-10-11 10:35:39,934 - tune.py [line:103] - INFO: Epoch 00120 | Time(s) 0.0323 | Val Loss 1.4088 | Val Acc 0.6505 | ETputs(KTEPS) 20144.43
2023-10-11 10:35:40,557 - tune.py [line:103] - INFO: Epoch 00140 | Time(s) 0.0321 | Val Loss 1.3826 | Val Acc 0.6549 | ETputs(KTEPS) 20249.64
2023-10-11 10:35:41,238 - tune.py [line:103] - INFO: Epoch 00160 | Time(s) 0.0324 | Val Loss 1.3506 | Val Acc 0.6527 | ETputs(KTEPS) 20097.66
2023-10-11 10:35:41,903 - tune.py [line:103] - INFO: Epoch 00180 | Time(s) 0.0324 | Val Loss 1.3237 | Val Acc 0.6593 | ETputs(KTEPS) 20037.89
2023-10-11 10:35:42,529 - tune.py [line:103] - INFO: Epoch 00200 | Time(s) 0.0323 | Val Loss 1.3046 | Val Acc 0.6681 | ETputs(KTEPS) 20110.04
2023-10-11 10:35:43,172 - tune.py [line:103] - INFO: Epoch 00220 | Time(s) 0.0323 | Val Loss 1.2835 | Val Acc 0.6637 | ETputs(KTEPS) 20124.20
2023-10-11 10:35:43,848 - tune.py [line:103] - INFO: Epoch 00240 | Time(s) 0.0324 | Val Loss 1.2617 | Val Acc 0.6835 | ETputs(KTEPS) 20048.44
2023-10-11 10:35:44,491 - tune.py [line:103] - INFO: Epoch 00260 | Time(s) 0.0324 | Val Loss 1.2520 | Val Acc 0.6747 | ETputs(KTEPS) 20061.33
2023-10-11 10:35:45,124 - tune.py [line:103] - INFO: Epoch 00280 | Time(s) 0.0324 | Val Loss 1.2366 | Val Acc 0.6637 | ETputs(KTEPS) 20096.26
2023-10-11 10:35:45,767 - tune.py [line:103] - INFO: Epoch 00300 | Time(s) 0.0323 | Val Loss 1.2223 | Val Acc 0.6791 | ETputs(KTEPS) 20112.42
2023-10-11 10:35:46,445 - tune.py [line:103] - INFO: Epoch 00320 | Time(s) 0.0324 | Val Loss 1.2138 | Val Acc 0.6703 | ETputs(KTEPS) 20052.09
2023-10-11 10:35:47,128 - tune.py [line:103] - INFO: Epoch 00340 | Time(s) 0.0325 | Val Loss 1.2016 | Val Acc 0.6813 | ETputs(KTEPS) 19989.80
2023-10-11 10:35:47,768 - tune.py [line:103] - INFO: Epoch 00360 | Time(s) 0.0325 | Val Loss 1.1917 | Val Acc 0.6725 | ETputs(KTEPS) 20021.78
2023-10-11 10:35:48,478 - tune.py [line:103] - INFO: Epoch 00380 | Time(s) 0.0326 | Val Loss 1.1755 | Val Acc 0.6813 | ETputs(KTEPS) 19924.85
2023-10-11 10:35:49,153 - tune.py [line:103] - INFO: Epoch 00400 | Time(s) 0.0327 | Val Loss 1.1717 | Val Acc 0.6835 | ETputs(KTEPS) 19892.28
2023-10-11 10:35:49,832 - tune.py [line:103] - INFO: Epoch 00420 | Time(s) 0.0327 | Val Loss 1.1606 | Val Acc 0.6901 | ETputs(KTEPS) 19856.64
2023-10-11 10:35:50,508 - tune.py [line:103] - INFO: Epoch 00440 | Time(s) 0.0328 | Val Loss 1.1531 | Val Acc 0.6725 | ETputs(KTEPS) 19828.21
2023-10-11 10:35:51,113 - tune.py [line:103] - INFO: Epoch 00460 | Time(s) 0.0327 | Val Loss 1.1451 | Val Acc 0.6835 | ETputs(KTEPS) 19895.80
2023-10-11 10:35:51,721 - tune.py [line:103] - INFO: Epoch 00480 | Time(s) 0.0326 | Val Loss 1.1374 | Val Acc 0.6989 | ETputs(KTEPS) 19954.43
2023-10-11 10:35:52,499 - tune.py [line:103] - INFO: Epoch 00500 | Time(s) 0.0328 | Val Loss 1.1394 | Val Acc 0.6835 | ETputs(KTEPS) 19801.63
2023-10-11 10:35:53,115 - tune.py [line:103] - INFO: Epoch 00520 | Time(s) 0.0328 | Val Loss 1.1232 | Val Acc 0.6901 | ETputs(KTEPS) 19849.84
2023-10-11 10:35:53,770 - tune.py [line:103] - INFO: Epoch 00540 | Time(s) 0.0328 | Val Loss 1.1298 | Val Acc 0.6835 | ETputs(KTEPS) 19850.30
2023-10-11 10:35:54,497 - tune.py [line:103] - INFO: Epoch 00560 | Time(s) 0.0329 | Val Loss 1.1235 | Val Acc 0.6989 | ETputs(KTEPS) 19773.41
2023-10-11 10:35:55,162 - tune.py [line:103] - INFO: Epoch 00580 | Time(s) 0.0329 | Val Loss 1.1227 | Val Acc 0.6901 | ETputs(KTEPS) 19766.42
2023-10-11 10:35:55,864 - tune.py [line:103] - INFO: Epoch 00600 | Time(s) 0.0330 | Val Loss 1.1118 | Val Acc 0.6813 | ETputs(KTEPS) 19722.63
2023-10-11 10:35:56,485 - tune.py [line:103] - INFO: Epoch 00620 | Time(s) 0.0329 | Val Loss 1.1149 | Val Acc 0.6967 | ETputs(KTEPS) 19760.44
2023-10-11 10:35:57,134 - tune.py [line:103] - INFO: Epoch 00640 | Time(s) 0.0329 | Val Loss 1.1081 | Val Acc 0.6813 | ETputs(KTEPS) 19768.73
2023-10-11 10:35:57,579 - tune.py [line:117] - INFO: [FINAL MODEL] Val accuracy 70.33% \Val loss: 1.2
2023-10-11 10:35:57,585 - tune.py [line:119] - INFO: [FINAL MODEL] Test accuracy 67.40% \Test loss: 1.2
2023-10-11 10:35:57,586 - tune.py [line:144] - INFO: Acc on the first split (Validation Set): 0.7033
2023-10-11 10:35:57,586 - tune.py [line:145] - INFO: Acc on the first split (Test Set): 0.6740
