2023-10-11 10:13:28,240 - tune.py [line:203] - INFO: Namespace(seed=42, model='NormalNNV2', gpu=0, dataset='geom-chameleon', logging=True, log_detail=True, log_detailedCh=False, id_log=1011014505, optuna_n_trials=202, n_epochs=2000, self_loop=True, udgraph=True, early_stop=True, patience=300, n_hidden=64, n_cv=1, start_cv=0, n_layers=12, lr1=0.05, lr2=0.04, wd1=1e-07, wd2=0.001, dropout=0.6, dropout2=0.2, es_ckpt='TestTuningScript-geom-chameleon_NormalNNV2-geom-chameleon_trialNo26')
2023-10-11 10:13:28,943 - tune.py [line:128] - INFO: Split_seeds:[1824]
2023-10-11 10:13:28,943 - tune.py [line:129] - INFO: Model_seeds:[409]
2023-10-11 10:13:29,768 - tune.py [line:103] - INFO: Epoch 00020 | Time(s) 0.0396 | Val Loss 1.5627 | Val Acc 0.6330 | ETputs(KTEPS) 16411.66
2023-10-11 10:13:30,667 - tune.py [line:103] - INFO: Epoch 00040 | Time(s) 0.0419 | Val Loss 1.5221 | Val Acc 0.6615 | ETputs(KTEPS) 15510.85
2023-10-11 10:13:31,511 - tune.py [line:103] - INFO: Epoch 00060 | Time(s) 0.0420 | Val Loss 1.5059 | Val Acc 0.6615 | ETputs(KTEPS) 15489.70
2023-10-11 10:13:32,349 - tune.py [line:103] - INFO: Epoch 00080 | Time(s) 0.0419 | Val Loss 1.4950 | Val Acc 0.6549 | ETputs(KTEPS) 15508.57
2023-10-11 10:13:33,213 - tune.py [line:103] - INFO: Epoch 00100 | Time(s) 0.0422 | Val Loss 1.4907 | Val Acc 0.6791 | ETputs(KTEPS) 15418.77
2023-10-11 10:13:34,070 - tune.py [line:103] - INFO: Epoch 00120 | Time(s) 0.0423 | Val Loss 1.4884 | Val Acc 0.6769 | ETputs(KTEPS) 15377.70
2023-10-11 10:13:34,943 - tune.py [line:103] - INFO: Epoch 00140 | Time(s) 0.0425 | Val Loss 1.4872 | Val Acc 0.6747 | ETputs(KTEPS) 15308.61
2023-10-11 10:13:35,794 - tune.py [line:103] - INFO: Epoch 00160 | Time(s) 0.0425 | Val Loss 1.4899 | Val Acc 0.6615 | ETputs(KTEPS) 15307.42
2023-10-11 10:13:36,594 - tune.py [line:103] - INFO: Epoch 00180 | Time(s) 0.0422 | Val Loss 1.4890 | Val Acc 0.6637 | ETputs(KTEPS) 15406.65
2023-10-11 10:13:37,410 - tune.py [line:103] - INFO: Epoch 00200 | Time(s) 0.0421 | Val Loss 1.4898 | Val Acc 0.6637 | ETputs(KTEPS) 15459.47
2023-10-11 10:13:38,237 - tune.py [line:103] - INFO: Epoch 00220 | Time(s) 0.0420 | Val Loss 1.4908 | Val Acc 0.6615 | ETputs(KTEPS) 15483.64
2023-10-11 10:13:39,042 - tune.py [line:103] - INFO: Epoch 00240 | Time(s) 0.0418 | Val Loss 1.4902 | Val Acc 0.6703 | ETputs(KTEPS) 15538.30
2023-10-11 10:13:39,863 - tune.py [line:103] - INFO: Epoch 00260 | Time(s) 0.0418 | Val Loss 1.4883 | Val Acc 0.6571 | ETputs(KTEPS) 15561.12
2023-10-11 10:13:40,651 - tune.py [line:103] - INFO: Epoch 00280 | Time(s) 0.0416 | Val Loss 1.4883 | Val Acc 0.6703 | ETputs(KTEPS) 15625.98
2023-10-11 10:13:41,529 - tune.py [line:103] - INFO: Epoch 00300 | Time(s) 0.0418 | Val Loss 1.4895 | Val Acc 0.6484 | ETputs(KTEPS) 15569.44
2023-10-11 10:13:42,311 - tune.py [line:103] - INFO: Epoch 00320 | Time(s) 0.0416 | Val Loss 1.4887 | Val Acc 0.6484 | ETputs(KTEPS) 15632.72
2023-10-11 10:13:43,087 - tune.py [line:103] - INFO: Epoch 00340 | Time(s) 0.0414 | Val Loss 1.4890 | Val Acc 0.6527 | ETputs(KTEPS) 15694.33
2023-10-11 10:13:43,913 - tune.py [line:103] - INFO: Epoch 00360 | Time(s) 0.0414 | Val Loss 1.4896 | Val Acc 0.6571 | ETputs(KTEPS) 15697.49
2023-10-11 10:13:44,043 - tune.py [line:117] - INFO: [FINAL MODEL] Val accuracy 69.45% \Val loss: 1.5
2023-10-11 10:13:44,051 - tune.py [line:119] - INFO: [FINAL MODEL] Test accuracy 68.49% \Test loss: 1.5
2023-10-11 10:13:44,051 - tune.py [line:144] - INFO: Acc on the first split (Validation Set): 0.6945
2023-10-11 10:13:44,051 - tune.py [line:145] - INFO: Acc on the first split (Test Set): 0.6849
