2023-10-11 10:13:47,332 - tune.py [line:203] - INFO: Namespace(seed=42, model='NormalNNV2', gpu=0, dataset='geom-chameleon', logging=True, log_detail=True, log_detailedCh=False, id_log=1011014505, optuna_n_trials=202, n_epochs=2000, self_loop=True, udgraph=True, early_stop=True, patience=300, n_hidden=64, n_cv=1, start_cv=0, n_layers=8, lr1=0.03, lr2=0.02, wd1=1e-06, wd2=0.001, dropout=0.4, dropout2=0.0, es_ckpt='TestTuningScript-geom-chameleon_NormalNNV2-geom-chameleon_trialNo29')
2023-10-11 10:13:48,202 - tune.py [line:128] - INFO: Split_seeds:[1824]
2023-10-11 10:13:48,202 - tune.py [line:129] - INFO: Model_seeds:[409]
2023-10-11 10:13:48,891 - tune.py [line:103] - INFO: Epoch 00020 | Time(s) 0.0323 | Val Loss 1.5860 | Val Acc 0.6571 | ETputs(KTEPS) 20128.95
2023-10-11 10:13:49,564 - tune.py [line:103] - INFO: Epoch 00040 | Time(s) 0.0328 | Val Loss 1.5674 | Val Acc 0.6725 | ETputs(KTEPS) 19821.40
2023-10-11 10:13:50,270 - tune.py [line:103] - INFO: Epoch 00060 | Time(s) 0.0336 | Val Loss 1.5496 | Val Acc 0.6549 | ETputs(KTEPS) 19331.73
2023-10-11 10:13:50,922 - tune.py [line:103] - INFO: Epoch 00080 | Time(s) 0.0333 | Val Loss 1.5355 | Val Acc 0.6681 | ETputs(KTEPS) 19504.89
2023-10-11 10:13:51,670 - tune.py [line:103] - INFO: Epoch 00100 | Time(s) 0.0341 | Val Loss 1.5232 | Val Acc 0.6440 | ETputs(KTEPS) 19045.21
2023-10-11 10:13:52,285 - tune.py [line:103] - INFO: Epoch 00120 | Time(s) 0.0336 | Val Loss 1.5120 | Val Acc 0.6703 | ETputs(KTEPS) 19366.82
2023-10-11 10:13:53,010 - tune.py [line:103] - INFO: Epoch 00140 | Time(s) 0.0340 | Val Loss 1.5107 | Val Acc 0.6681 | ETputs(KTEPS) 19150.37
2023-10-11 10:13:53,658 - tune.py [line:103] - INFO: Epoch 00160 | Time(s) 0.0338 | Val Loss 1.5101 | Val Acc 0.6703 | ETputs(KTEPS) 19262.53
2023-10-11 10:13:54,334 - tune.py [line:103] - INFO: Epoch 00180 | Time(s) 0.0338 | Val Loss 1.5085 | Val Acc 0.6659 | ETputs(KTEPS) 19261.23
2023-10-11 10:13:54,939 - tune.py [line:103] - INFO: Epoch 00200 | Time(s) 0.0334 | Val Loss 1.5053 | Val Acc 0.6813 | ETputs(KTEPS) 19465.67
2023-10-11 10:13:55,562 - tune.py [line:103] - INFO: Epoch 00220 | Time(s) 0.0332 | Val Loss 1.5109 | Val Acc 0.6659 | ETputs(KTEPS) 19599.64
2023-10-11 10:13:56,176 - tune.py [line:103] - INFO: Epoch 00240 | Time(s) 0.0330 | Val Loss 1.5089 | Val Acc 0.6527 | ETputs(KTEPS) 19723.17
2023-10-11 10:13:56,780 - tune.py [line:103] - INFO: Epoch 00260 | Time(s) 0.0327 | Val Loss 1.5087 | Val Acc 0.6857 | ETputs(KTEPS) 19853.40
2023-10-11 10:13:57,455 - tune.py [line:103] - INFO: Epoch 00280 | Time(s) 0.0328 | Val Loss 1.5105 | Val Acc 0.6769 | ETputs(KTEPS) 19811.37
2023-10-11 10:13:58,108 - tune.py [line:103] - INFO: Epoch 00300 | Time(s) 0.0328 | Val Loss 1.5143 | Val Acc 0.6615 | ETputs(KTEPS) 19817.57
2023-10-11 10:13:58,775 - tune.py [line:103] - INFO: Epoch 00320 | Time(s) 0.0328 | Val Loss 1.5149 | Val Acc 0.6791 | ETputs(KTEPS) 19798.77
2023-10-11 10:13:59,354 - tune.py [line:103] - INFO: Epoch 00340 | Time(s) 0.0326 | Val Loss 1.5152 | Val Acc 0.6791 | ETputs(KTEPS) 19938.69
2023-10-11 10:13:59,897 - tune.py [line:103] - INFO: Epoch 00360 | Time(s) 0.0323 | Val Loss 1.5178 | Val Acc 0.6505 | ETputs(KTEPS) 20127.12
2023-10-11 10:14:00,469 - tune.py [line:103] - INFO: Epoch 00380 | Time(s) 0.0321 | Val Loss 1.5195 | Val Acc 0.6462 | ETputs(KTEPS) 20249.35
2023-10-11 10:14:01,007 - tune.py [line:103] - INFO: Epoch 00400 | Time(s) 0.0318 | Val Loss 1.5222 | Val Acc 0.6484 | ETputs(KTEPS) 20416.26
2023-10-11 10:14:01,632 - tune.py [line:103] - INFO: Epoch 00420 | Time(s) 0.0318 | Val Loss 1.5251 | Val Acc 0.6549 | ETputs(KTEPS) 20434.88
2023-10-11 10:14:02,306 - tune.py [line:103] - INFO: Epoch 00440 | Time(s) 0.0319 | Val Loss 1.5268 | Val Acc 0.6527 | ETputs(KTEPS) 20381.13
2023-10-11 10:14:02,920 - tune.py [line:103] - INFO: Epoch 00460 | Time(s) 0.0318 | Val Loss 1.5271 | Val Acc 0.6484 | ETputs(KTEPS) 20414.85
2023-10-11 10:14:03,555 - tune.py [line:103] - INFO: Epoch 00480 | Time(s) 0.0318 | Val Loss 1.5263 | Val Acc 0.6505 | ETputs(KTEPS) 20418.69
2023-10-11 10:14:04,168 - tune.py [line:103] - INFO: Epoch 00500 | Time(s) 0.0318 | Val Loss 1.5282 | Val Acc 0.6462 | ETputs(KTEPS) 20449.64
2023-10-11 10:14:04,357 - tune.py [line:117] - INFO: [FINAL MODEL] Val accuracy 69.45% \Val loss: 1.5
2023-10-11 10:14:04,362 - tune.py [line:119] - INFO: [FINAL MODEL] Test accuracy 69.37% \Test loss: 1.5
2023-10-11 10:14:04,363 - tune.py [line:144] - INFO: Acc on the first split (Validation Set): 0.6945
2023-10-11 10:14:04,363 - tune.py [line:145] - INFO: Acc on the first split (Test Set): 0.6937
