2023-10-11 10:28:57,869 - tune.py [line:203] - INFO: Namespace(seed=42, model='NormalNNV2', gpu=0, dataset='geom-chameleon', logging=True, log_detail=True, log_detailedCh=False, id_log=1011014505, optuna_n_trials=202, n_epochs=2000, self_loop=True, udgraph=True, early_stop=True, patience=300, n_hidden=64, n_cv=1, start_cv=0, n_layers=8, lr1=0.03, lr2=0.04, wd1=1e-08, wd2=0.0001, dropout=0.4, dropout2=0.3, es_ckpt='TestTuningScript-geom-chameleon_NormalNNV2-geom-chameleon_trialNo118')
2023-10-11 10:28:58,858 - tune.py [line:128] - INFO: Split_seeds:[1824]
2023-10-11 10:28:58,859 - tune.py [line:129] - INFO: Model_seeds:[409]
2023-10-11 10:28:59,512 - tune.py [line:103] - INFO: Epoch 00020 | Time(s) 0.0314 | Val Loss 1.5640 | Val Acc 0.6659 | ETputs(KTEPS) 20712.47
2023-10-11 10:29:00,152 - tune.py [line:103] - INFO: Epoch 00040 | Time(s) 0.0316 | Val Loss 1.5187 | Val Acc 0.6659 | ETputs(KTEPS) 20547.13
2023-10-11 10:29:00,862 - tune.py [line:103] - INFO: Epoch 00060 | Time(s) 0.0329 | Val Loss 1.4723 | Val Acc 0.6418 | ETputs(KTEPS) 19783.83
2023-10-11 10:29:01,638 - tune.py [line:103] - INFO: Epoch 00080 | Time(s) 0.0343 | Val Loss 1.4329 | Val Acc 0.6396 | ETputs(KTEPS) 18936.40
2023-10-11 10:29:02,338 - tune.py [line:103] - INFO: Epoch 00100 | Time(s) 0.0345 | Val Loss 1.3881 | Val Acc 0.6418 | ETputs(KTEPS) 18866.13
2023-10-11 10:29:03,022 - tune.py [line:103] - INFO: Epoch 00120 | Time(s) 0.0344 | Val Loss 1.3515 | Val Acc 0.6593 | ETputs(KTEPS) 18891.20
2023-10-11 10:29:03,746 - tune.py [line:103] - INFO: Epoch 00140 | Time(s) 0.0346 | Val Loss 1.3217 | Val Acc 0.6549 | ETputs(KTEPS) 18783.93
2023-10-11 10:29:04,429 - tune.py [line:103] - INFO: Epoch 00160 | Time(s) 0.0346 | Val Loss 1.2978 | Val Acc 0.6593 | ETputs(KTEPS) 18816.07
2023-10-11 10:29:05,111 - tune.py [line:103] - INFO: Epoch 00180 | Time(s) 0.0345 | Val Loss 1.2710 | Val Acc 0.6615 | ETputs(KTEPS) 18847.34
2023-10-11 10:29:05,689 - tune.py [line:103] - INFO: Epoch 00200 | Time(s) 0.0339 | Val Loss 1.2529 | Val Acc 0.6703 | ETputs(KTEPS) 19159.97
2023-10-11 10:29:06,333 - tune.py [line:103] - INFO: Epoch 00220 | Time(s) 0.0338 | Val Loss 1.2447 | Val Acc 0.6484 | ETputs(KTEPS) 19250.91
2023-10-11 10:29:07,082 - tune.py [line:103] - INFO: Epoch 00240 | Time(s) 0.0341 | Val Loss 1.2205 | Val Acc 0.6769 | ETputs(KTEPS) 19078.65
2023-10-11 10:29:07,814 - tune.py [line:103] - INFO: Epoch 00260 | Time(s) 0.0343 | Val Loss 1.2097 | Val Acc 0.6549 | ETputs(KTEPS) 18970.32
2023-10-11 10:29:08,442 - tune.py [line:103] - INFO: Epoch 00280 | Time(s) 0.0341 | Val Loss 1.1961 | Val Acc 0.6703 | ETputs(KTEPS) 19086.65
2023-10-11 10:29:09,105 - tune.py [line:103] - INFO: Epoch 00300 | Time(s) 0.0340 | Val Loss 1.1898 | Val Acc 0.6703 | ETputs(KTEPS) 19121.23
2023-10-11 10:29:09,831 - tune.py [line:103] - INFO: Epoch 00320 | Time(s) 0.0341 | Val Loss 1.1826 | Val Acc 0.6593 | ETputs(KTEPS) 19041.71
2023-10-11 10:29:10,495 - tune.py [line:103] - INFO: Epoch 00340 | Time(s) 0.0341 | Val Loss 1.1638 | Val Acc 0.6747 | ETputs(KTEPS) 19074.63
2023-10-11 10:29:11,214 - tune.py [line:103] - INFO: Epoch 00360 | Time(s) 0.0342 | Val Loss 1.1611 | Val Acc 0.6703 | ETputs(KTEPS) 19021.81
2023-10-11 10:29:11,841 - tune.py [line:103] - INFO: Epoch 00380 | Time(s) 0.0340 | Val Loss 1.1527 | Val Acc 0.6703 | ETputs(KTEPS) 19106.47
2023-10-11 10:29:12,577 - tune.py [line:103] - INFO: Epoch 00400 | Time(s) 0.0342 | Val Loss 1.1447 | Val Acc 0.6571 | ETputs(KTEPS) 19029.34
2023-10-11 10:29:13,293 - tune.py [line:103] - INFO: Epoch 00420 | Time(s) 0.0342 | Val Loss 1.1410 | Val Acc 0.6725 | ETputs(KTEPS) 18987.69
2023-10-11 10:29:14,026 - tune.py [line:103] - INFO: Epoch 00440 | Time(s) 0.0344 | Val Loss 1.1393 | Val Acc 0.6681 | ETputs(KTEPS) 18927.41
2023-10-11 10:29:14,697 - tune.py [line:103] - INFO: Epoch 00460 | Time(s) 0.0343 | Val Loss 1.1266 | Val Acc 0.6857 | ETputs(KTEPS) 18951.25
2023-10-11 10:29:15,336 - tune.py [line:103] - INFO: Epoch 00480 | Time(s) 0.0342 | Val Loss 1.1215 | Val Acc 0.6791 | ETputs(KTEPS) 19006.26
2023-10-11 10:29:15,983 - tune.py [line:103] - INFO: Epoch 00500 | Time(s) 0.0341 | Val Loss 1.1256 | Val Acc 0.6703 | ETputs(KTEPS) 19048.53
2023-10-11 10:29:16,594 - tune.py [line:103] - INFO: Epoch 00520 | Time(s) 0.0340 | Val Loss 1.1166 | Val Acc 0.6747 | ETputs(KTEPS) 19125.58
2023-10-11 10:29:17,202 - tune.py [line:103] - INFO: Epoch 00540 | Time(s) 0.0339 | Val Loss 1.1126 | Val Acc 0.6747 | ETputs(KTEPS) 19203.51
2023-10-11 10:29:17,851 - tune.py [line:103] - INFO: Epoch 00560 | Time(s) 0.0338 | Val Loss 1.1034 | Val Acc 0.6813 | ETputs(KTEPS) 19233.20
2023-10-11 10:29:18,400 - tune.py [line:103] - INFO: Epoch 00580 | Time(s) 0.0336 | Val Loss 1.1059 | Val Acc 0.6791 | ETputs(KTEPS) 19358.76
2023-10-11 10:29:19,058 - tune.py [line:103] - INFO: Epoch 00600 | Time(s) 0.0336 | Val Loss 1.1019 | Val Acc 0.6923 | ETputs(KTEPS) 19374.76
2023-10-11 10:29:19,671 - tune.py [line:103] - INFO: Epoch 00620 | Time(s) 0.0335 | Val Loss 1.1038 | Val Acc 0.6791 | ETputs(KTEPS) 19429.58
2023-10-11 10:29:20,289 - tune.py [line:103] - INFO: Epoch 00640 | Time(s) 0.0334 | Val Loss 1.0986 | Val Acc 0.6747 | ETputs(KTEPS) 19477.01
2023-10-11 10:29:20,986 - tune.py [line:103] - INFO: Epoch 00660 | Time(s) 0.0334 | Val Loss 1.0981 | Val Acc 0.6791 | ETputs(KTEPS) 19452.29
2023-10-11 10:29:21,642 - tune.py [line:103] - INFO: Epoch 00680 | Time(s) 0.0334 | Val Loss 1.0977 | Val Acc 0.6835 | ETputs(KTEPS) 19463.51
2023-10-11 10:29:22,268 - tune.py [line:103] - INFO: Epoch 00700 | Time(s) 0.0333 | Val Loss 1.0926 | Val Acc 0.6747 | ETputs(KTEPS) 19499.21
2023-10-11 10:29:22,983 - tune.py [line:103] - INFO: Epoch 00720 | Time(s) 0.0334 | Val Loss 1.0872 | Val Acc 0.6813 | ETputs(KTEPS) 19460.16
2023-10-11 10:29:23,650 - tune.py [line:103] - INFO: Epoch 00740 | Time(s) 0.0334 | Val Loss 1.0855 | Val Acc 0.6901 | ETputs(KTEPS) 19461.40
2023-10-11 10:29:24,333 - tune.py [line:103] - INFO: Epoch 00760 | Time(s) 0.0334 | Val Loss 1.0818 | Val Acc 0.6989 | ETputs(KTEPS) 19454.09
2023-10-11 10:29:25,056 - tune.py [line:103] - INFO: Epoch 00780 | Time(s) 0.0335 | Val Loss 1.0833 | Val Acc 0.6901 | ETputs(KTEPS) 19414.37
2023-10-11 10:29:25,672 - tune.py [line:103] - INFO: Epoch 00800 | Time(s) 0.0334 | Val Loss 1.0739 | Val Acc 0.6901 | ETputs(KTEPS) 19453.50
2023-10-11 10:29:26,355 - tune.py [line:103] - INFO: Epoch 00820 | Time(s) 0.0334 | Val Loss 1.0852 | Val Acc 0.6725 | ETputs(KTEPS) 19443.76
2023-10-11 10:29:27,052 - tune.py [line:103] - INFO: Epoch 00840 | Time(s) 0.0335 | Val Loss 1.0806 | Val Acc 0.6901 | ETputs(KTEPS) 19424.50
2023-10-11 10:29:27,715 - tune.py [line:103] - INFO: Epoch 00860 | Time(s) 0.0335 | Val Loss 1.0727 | Val Acc 0.6703 | ETputs(KTEPS) 19429.51
2023-10-11 10:29:28,367 - tune.py [line:103] - INFO: Epoch 00880 | Time(s) 0.0334 | Val Loss 1.0759 | Val Acc 0.6901 | ETputs(KTEPS) 19440.90
2023-10-11 10:29:28,980 - tune.py [line:103] - INFO: Epoch 00900 | Time(s) 0.0334 | Val Loss 1.0745 | Val Acc 0.6901 | ETputs(KTEPS) 19477.82
2023-10-11 10:29:29,598 - tune.py [line:103] - INFO: Epoch 00920 | Time(s) 0.0333 | Val Loss 1.0673 | Val Acc 0.6747 | ETputs(KTEPS) 19509.34
2023-10-11 10:29:30,229 - tune.py [line:103] - INFO: Epoch 00940 | Time(s) 0.0333 | Val Loss 1.0664 | Val Acc 0.6923 | ETputs(KTEPS) 19531.80
2023-10-11 10:29:30,852 - tune.py [line:103] - INFO: Epoch 00960 | Time(s) 0.0332 | Val Loss 1.0711 | Val Acc 0.6879 | ETputs(KTEPS) 19558.92
2023-10-11 10:29:31,454 - tune.py [line:103] - INFO: Epoch 00980 | Time(s) 0.0332 | Val Loss 1.0680 | Val Acc 0.6769 | ETputs(KTEPS) 19596.66
2023-10-11 10:29:32,080 - tune.py [line:103] - INFO: Epoch 01000 | Time(s) 0.0331 | Val Loss 1.0656 | Val Acc 0.6879 | ETputs(KTEPS) 19621.03
2023-10-11 10:29:32,685 - tune.py [line:103] - INFO: Epoch 01020 | Time(s) 0.0331 | Val Loss 1.0652 | Val Acc 0.6945 | ETputs(KTEPS) 19654.69
2023-10-11 10:29:33,429 - tune.py [line:103] - INFO: Epoch 01040 | Time(s) 0.0332 | Val Loss 1.0591 | Val Acc 0.6989 | ETputs(KTEPS) 19608.08
2023-10-11 10:29:34,106 - tune.py [line:103] - INFO: Epoch 01060 | Time(s) 0.0332 | Val Loss 1.0631 | Val Acc 0.6725 | ETputs(KTEPS) 19600.63
2023-10-11 10:29:34,809 - tune.py [line:103] - INFO: Epoch 01080 | Time(s) 0.0332 | Val Loss 1.0621 | Val Acc 0.6835 | ETputs(KTEPS) 19579.56
2023-10-11 10:29:35,574 - tune.py [line:103] - INFO: Epoch 01100 | Time(s) 0.0333 | Val Loss 1.0586 | Val Acc 0.6879 | ETputs(KTEPS) 19525.86
2023-10-11 10:29:36,353 - tune.py [line:103] - INFO: Epoch 01120 | Time(s) 0.0334 | Val Loss 1.0621 | Val Acc 0.6769 | ETputs(KTEPS) 19467.17
2023-10-11 10:29:37,098 - tune.py [line:103] - INFO: Epoch 01140 | Time(s) 0.0335 | Val Loss 1.0631 | Val Acc 0.6703 | ETputs(KTEPS) 19428.59
2023-10-11 10:29:37,756 - tune.py [line:103] - INFO: Epoch 01160 | Time(s) 0.0335 | Val Loss 1.0595 | Val Acc 0.6813 | ETputs(KTEPS) 19434.53
2023-10-11 10:29:38,298 - tune.py [line:103] - INFO: Epoch 01180 | Time(s) 0.0333 | Val Loss 1.0606 | Val Acc 0.6725 | ETputs(KTEPS) 19497.41
2023-10-11 10:29:38,842 - tune.py [line:103] - INFO: Epoch 01200 | Time(s) 0.0332 | Val Loss 1.0565 | Val Acc 0.6813 | ETputs(KTEPS) 19558.04
2023-10-11 10:29:39,448 - tune.py [line:103] - INFO: Epoch 01220 | Time(s) 0.0332 | Val Loss 1.0559 | Val Acc 0.6747 | ETputs(KTEPS) 19586.58
2023-10-11 10:29:40,092 - tune.py [line:103] - INFO: Epoch 01240 | Time(s) 0.0332 | Val Loss 1.0586 | Val Acc 0.6923 | ETputs(KTEPS) 19596.43
2023-10-11 10:29:40,711 - tune.py [line:103] - INFO: Epoch 01260 | Time(s) 0.0331 | Val Loss 1.0636 | Val Acc 0.6769 | ETputs(KTEPS) 19617.55
2023-10-11 10:29:41,367 - tune.py [line:103] - INFO: Epoch 01280 | Time(s) 0.0331 | Val Loss 1.0642 | Val Acc 0.6835 | ETputs(KTEPS) 19620.90
2023-10-11 10:29:41,907 - tune.py [line:117] - INFO: [FINAL MODEL] Val accuracy 70.11% \Val loss: 1.1
2023-10-11 10:29:41,914 - tune.py [line:119] - INFO: [FINAL MODEL] Test accuracy 71.33% \Test loss: 1.0
2023-10-11 10:29:41,915 - tune.py [line:144] - INFO: Acc on the first split (Validation Set): 0.7011
2023-10-11 10:29:41,915 - tune.py [line:145] - INFO: Acc on the first split (Test Set): 0.7133
