2023-10-11 10:27:40,127 - tune.py [line:203] - INFO: Namespace(seed=42, model='NormalNNV2', gpu=0, dataset='geom-chameleon', logging=True, log_detail=True, log_detailedCh=False, id_log=1011014505, optuna_n_trials=202, n_epochs=2000, self_loop=True, udgraph=True, early_stop=True, patience=300, n_hidden=64, n_cv=1, start_cv=0, n_layers=8, lr1=0.05, lr2=0.04, wd1=1e-07, wd2=0.0001, dropout=0.3, dropout2=0.2, es_ckpt='TestTuningScript-geom-chameleon_NormalNNV2-geom-chameleon_trialNo111')
2023-10-11 10:27:41,084 - tune.py [line:128] - INFO: Split_seeds:[1824]
2023-10-11 10:27:41,084 - tune.py [line:129] - INFO: Model_seeds:[409]
2023-10-11 10:27:41,734 - tune.py [line:103] - INFO: Epoch 00020 | Time(s) 0.0300 | Val Loss 1.5669 | Val Acc 0.6703 | ETputs(KTEPS) 21652.56
2023-10-11 10:27:42,398 - tune.py [line:103] - INFO: Epoch 00040 | Time(s) 0.0316 | Val Loss 1.5257 | Val Acc 0.6527 | ETputs(KTEPS) 20603.23
2023-10-11 10:27:43,031 - tune.py [line:103] - INFO: Epoch 00060 | Time(s) 0.0316 | Val Loss 1.4802 | Val Acc 0.6418 | ETputs(KTEPS) 20593.46
2023-10-11 10:27:43,728 - tune.py [line:103] - INFO: Epoch 00080 | Time(s) 0.0324 | Val Loss 1.4414 | Val Acc 0.6440 | ETputs(KTEPS) 20073.82
2023-10-11 10:27:44,367 - tune.py [line:103] - INFO: Epoch 00100 | Time(s) 0.0323 | Val Loss 1.4012 | Val Acc 0.6593 | ETputs(KTEPS) 20129.39
2023-10-11 10:27:44,971 - tune.py [line:103] - INFO: Epoch 00120 | Time(s) 0.0319 | Val Loss 1.3636 | Val Acc 0.6549 | ETputs(KTEPS) 20368.49
2023-10-11 10:27:45,617 - tune.py [line:103] - INFO: Epoch 00140 | Time(s) 0.0320 | Val Loss 1.3277 | Val Acc 0.6615 | ETputs(KTEPS) 20346.56
2023-10-11 10:27:46,229 - tune.py [line:103] - INFO: Epoch 00160 | Time(s) 0.0318 | Val Loss 1.3055 | Val Acc 0.6703 | ETputs(KTEPS) 20463.57
2023-10-11 10:27:46,914 - tune.py [line:103] - INFO: Epoch 00180 | Time(s) 0.0320 | Val Loss 1.2724 | Val Acc 0.6769 | ETputs(KTEPS) 20296.70
2023-10-11 10:27:47,598 - tune.py [line:103] - INFO: Epoch 00200 | Time(s) 0.0323 | Val Loss 1.2574 | Val Acc 0.6725 | ETputs(KTEPS) 20160.01
2023-10-11 10:27:48,217 - tune.py [line:103] - INFO: Epoch 00220 | Time(s) 0.0321 | Val Loss 1.2395 | Val Acc 0.6835 | ETputs(KTEPS) 20237.50
2023-10-11 10:27:48,943 - tune.py [line:103] - INFO: Epoch 00240 | Time(s) 0.0325 | Val Loss 1.2171 | Val Acc 0.6747 | ETputs(KTEPS) 20020.82
2023-10-11 10:27:49,664 - tune.py [line:103] - INFO: Epoch 00260 | Time(s) 0.0327 | Val Loss 1.2075 | Val Acc 0.6725 | ETputs(KTEPS) 19854.23
2023-10-11 10:27:50,337 - tune.py [line:103] - INFO: Epoch 00280 | Time(s) 0.0328 | Val Loss 1.1901 | Val Acc 0.6791 | ETputs(KTEPS) 19816.02
2023-10-11 10:27:51,003 - tune.py [line:103] - INFO: Epoch 00300 | Time(s) 0.0328 | Val Loss 1.1752 | Val Acc 0.6835 | ETputs(KTEPS) 19796.29
2023-10-11 10:27:51,678 - tune.py [line:103] - INFO: Epoch 00320 | Time(s) 0.0329 | Val Loss 1.1643 | Val Acc 0.6835 | ETputs(KTEPS) 19764.18
2023-10-11 10:27:52,329 - tune.py [line:103] - INFO: Epoch 00340 | Time(s) 0.0329 | Val Loss 1.1482 | Val Acc 0.6879 | ETputs(KTEPS) 19777.06
2023-10-11 10:27:52,961 - tune.py [line:103] - INFO: Epoch 00360 | Time(s) 0.0328 | Val Loss 1.1528 | Val Acc 0.6615 | ETputs(KTEPS) 19820.50
2023-10-11 10:27:53,608 - tune.py [line:103] - INFO: Epoch 00380 | Time(s) 0.0328 | Val Loss 1.1313 | Val Acc 0.6967 | ETputs(KTEPS) 19836.52
2023-10-11 10:27:54,225 - tune.py [line:103] - INFO: Epoch 00400 | Time(s) 0.0327 | Val Loss 1.1323 | Val Acc 0.6857 | ETputs(KTEPS) 19894.89
2023-10-11 10:27:54,853 - tune.py [line:103] - INFO: Epoch 00420 | Time(s) 0.0326 | Val Loss 1.1243 | Val Acc 0.6747 | ETputs(KTEPS) 19937.66
2023-10-11 10:27:55,593 - tune.py [line:103] - INFO: Epoch 00440 | Time(s) 0.0328 | Val Loss 1.1222 | Val Acc 0.6857 | ETputs(KTEPS) 19816.46
2023-10-11 10:27:56,232 - tune.py [line:103] - INFO: Epoch 00460 | Time(s) 0.0328 | Val Loss 1.1082 | Val Acc 0.6813 | ETputs(KTEPS) 19840.23
2023-10-11 10:27:57,000 - tune.py [line:103] - INFO: Epoch 00480 | Time(s) 0.0330 | Val Loss 1.1087 | Val Acc 0.6857 | ETputs(KTEPS) 19699.45
2023-10-11 10:27:57,661 - tune.py [line:103] - INFO: Epoch 00500 | Time(s) 0.0330 | Val Loss 1.1041 | Val Acc 0.6813 | ETputs(KTEPS) 19698.61
2023-10-11 10:27:58,343 - tune.py [line:103] - INFO: Epoch 00520 | Time(s) 0.0330 | Val Loss 1.1076 | Val Acc 0.6857 | ETputs(KTEPS) 19674.83
2023-10-11 10:27:59,023 - tune.py [line:103] - INFO: Epoch 00540 | Time(s) 0.0331 | Val Loss 1.0972 | Val Acc 0.6857 | ETputs(KTEPS) 19654.73
2023-10-11 10:27:59,678 - tune.py [line:103] - INFO: Epoch 00560 | Time(s) 0.0331 | Val Loss 1.0950 | Val Acc 0.6747 | ETputs(KTEPS) 19662.24
2023-10-11 10:28:00,330 - tune.py [line:103] - INFO: Epoch 00580 | Time(s) 0.0331 | Val Loss 1.1003 | Val Acc 0.6769 | ETputs(KTEPS) 19671.82
2023-10-11 10:28:00,946 - tune.py [line:103] - INFO: Epoch 00600 | Time(s) 0.0330 | Val Loss 1.0901 | Val Acc 0.6747 | ETputs(KTEPS) 19717.79
2023-10-11 10:28:01,723 - tune.py [line:103] - INFO: Epoch 00620 | Time(s) 0.0332 | Val Loss 1.0919 | Val Acc 0.6747 | ETputs(KTEPS) 19605.55
2023-10-11 10:28:02,414 - tune.py [line:103] - INFO: Epoch 00640 | Time(s) 0.0332 | Val Loss 1.0856 | Val Acc 0.6769 | ETputs(KTEPS) 19579.64
2023-10-11 10:28:03,051 - tune.py [line:103] - INFO: Epoch 00660 | Time(s) 0.0332 | Val Loss 1.0899 | Val Acc 0.6879 | ETputs(KTEPS) 19604.95
2023-10-11 10:28:03,704 - tune.py [line:103] - INFO: Epoch 00680 | Time(s) 0.0331 | Val Loss 1.0918 | Val Acc 0.6813 | ETputs(KTEPS) 19614.08
2023-10-11 10:28:04,427 - tune.py [line:103] - INFO: Epoch 00700 | Time(s) 0.0332 | Val Loss 1.0952 | Val Acc 0.6747 | ETputs(KTEPS) 19564.00
2023-10-11 10:28:04,734 - tune.py [line:117] - INFO: [FINAL MODEL] Val accuracy 70.11% \Val loss: 1.1
2023-10-11 10:28:04,740 - tune.py [line:119] - INFO: [FINAL MODEL] Test accuracy 70.90% \Test loss: 1.1
2023-10-11 10:28:04,740 - tune.py [line:144] - INFO: Acc on the first split (Validation Set): 0.7011
2023-10-11 10:28:04,740 - tune.py [line:145] - INFO: Acc on the first split (Test Set): 0.7090
