2023-10-11 10:09:12,949 - tune.py [line:203] - INFO: Namespace(seed=42, model='NormalNNV2', gpu=0, dataset='geom-chameleon', logging=True, log_detail=True, log_detailedCh=False, id_log=1011014505, optuna_n_trials=202, n_epochs=2000, self_loop=True, udgraph=True, early_stop=True, patience=300, n_hidden=64, n_cv=1, start_cv=0, n_layers=8, lr1=0.01, lr2=0.04, wd1=0.0001, wd2=1e-07, dropout=0.0, dropout2=0.2, es_ckpt='TestTuningScript-geom-chameleon_NormalNNV2-geom-chameleon_trialNo13')
2023-10-11 10:09:13,852 - tune.py [line:128] - INFO: Split_seeds:[1824]
2023-10-11 10:09:13,852 - tune.py [line:129] - INFO: Model_seeds:[409]
2023-10-11 10:09:14,584 - tune.py [line:103] - INFO: Epoch 00020 | Time(s) 0.0345 | Val Loss 1.5786 | Val Acc 0.5890 | ETputs(KTEPS) 18855.55
2023-10-11 10:09:15,322 - tune.py [line:103] - INFO: Epoch 00040 | Time(s) 0.0352 | Val Loss 1.5433 | Val Acc 0.6462 | ETputs(KTEPS) 18496.85
2023-10-11 10:09:15,994 - tune.py [line:103] - INFO: Epoch 00060 | Time(s) 0.0346 | Val Loss 1.5080 | Val Acc 0.6264 | ETputs(KTEPS) 18794.68
2023-10-11 10:09:16,680 - tune.py [line:103] - INFO: Epoch 00080 | Time(s) 0.0345 | Val Loss 1.4663 | Val Acc 0.6374 | ETputs(KTEPS) 18854.84
2023-10-11 10:09:17,343 - tune.py [line:103] - INFO: Epoch 00100 | Time(s) 0.0342 | Val Loss 1.4340 | Val Acc 0.6418 | ETputs(KTEPS) 19001.18
2023-10-11 10:09:17,987 - tune.py [line:103] - INFO: Epoch 00120 | Time(s) 0.0338 | Val Loss 1.3959 | Val Acc 0.6725 | ETputs(KTEPS) 19216.61
2023-10-11 10:09:18,600 - tune.py [line:103] - INFO: Epoch 00140 | Time(s) 0.0334 | Val Loss 1.3723 | Val Acc 0.6462 | ETputs(KTEPS) 19491.00
2023-10-11 10:09:19,214 - tune.py [line:103] - INFO: Epoch 00160 | Time(s) 0.0330 | Val Loss 1.3421 | Val Acc 0.6264 | ETputs(KTEPS) 19696.22
2023-10-11 10:09:19,870 - tune.py [line:103] - INFO: Epoch 00180 | Time(s) 0.0330 | Val Loss 1.3162 | Val Acc 0.6549 | ETputs(KTEPS) 19721.52
2023-10-11 10:09:20,492 - tune.py [line:103] - INFO: Epoch 00200 | Time(s) 0.0328 | Val Loss 1.2954 | Val Acc 0.6352 | ETputs(KTEPS) 19833.76
2023-10-11 10:09:21,169 - tune.py [line:103] - INFO: Epoch 00220 | Time(s) 0.0329 | Val Loss 1.2622 | Val Acc 0.6703 | ETputs(KTEPS) 19776.21
2023-10-11 10:09:21,842 - tune.py [line:103] - INFO: Epoch 00240 | Time(s) 0.0329 | Val Loss 1.2479 | Val Acc 0.6549 | ETputs(KTEPS) 19738.57
2023-10-11 10:09:22,463 - tune.py [line:103] - INFO: Epoch 00260 | Time(s) 0.0328 | Val Loss 1.2245 | Val Acc 0.6440 | ETputs(KTEPS) 19826.97
2023-10-11 10:09:23,181 - tune.py [line:103] - INFO: Epoch 00280 | Time(s) 0.0330 | Val Loss 1.1969 | Val Acc 0.6659 | ETputs(KTEPS) 19695.88
2023-10-11 10:09:23,774 - tune.py [line:103] - INFO: Epoch 00300 | Time(s) 0.0328 | Val Loss 1.1863 | Val Acc 0.6703 | ETputs(KTEPS) 19830.34
2023-10-11 10:09:24,268 - tune.py [line:103] - INFO: Epoch 00320 | Time(s) 0.0323 | Val Loss 1.1695 | Val Acc 0.6725 | ETputs(KTEPS) 20146.78
2023-10-11 10:09:24,911 - tune.py [line:103] - INFO: Epoch 00340 | Time(s) 0.0323 | Val Loss 1.1709 | Val Acc 0.6571 | ETputs(KTEPS) 20156.48
2023-10-11 10:09:25,587 - tune.py [line:103] - INFO: Epoch 00360 | Time(s) 0.0323 | Val Loss 1.1643 | Val Acc 0.6527 | ETputs(KTEPS) 20104.08
2023-10-11 10:09:26,348 - tune.py [line:103] - INFO: Epoch 00380 | Time(s) 0.0326 | Val Loss 1.1536 | Val Acc 0.6659 | ETputs(KTEPS) 19919.76
2023-10-11 10:09:27,033 - tune.py [line:103] - INFO: Epoch 00400 | Time(s) 0.0327 | Val Loss 1.1255 | Val Acc 0.6835 | ETputs(KTEPS) 19872.32
2023-10-11 10:09:27,679 - tune.py [line:103] - INFO: Epoch 00420 | Time(s) 0.0327 | Val Loss 1.1241 | Val Acc 0.6637 | ETputs(KTEPS) 19884.72
2023-10-11 10:09:28,354 - tune.py [line:103] - INFO: Epoch 00440 | Time(s) 0.0327 | Val Loss 1.1123 | Val Acc 0.6637 | ETputs(KTEPS) 19855.99
2023-10-11 10:09:28,988 - tune.py [line:103] - INFO: Epoch 00460 | Time(s) 0.0327 | Val Loss 1.1073 | Val Acc 0.6681 | ETputs(KTEPS) 19885.13
2023-10-11 10:09:29,598 - tune.py [line:103] - INFO: Epoch 00480 | Time(s) 0.0326 | Val Loss 1.1022 | Val Acc 0.6659 | ETputs(KTEPS) 19940.76
2023-10-11 10:09:30,235 - tune.py [line:103] - INFO: Epoch 00500 | Time(s) 0.0326 | Val Loss 1.0990 | Val Acc 0.6725 | ETputs(KTEPS) 19959.94
2023-10-11 10:09:30,960 - tune.py [line:103] - INFO: Epoch 00520 | Time(s) 0.0327 | Val Loss 1.1007 | Val Acc 0.6549 | ETputs(KTEPS) 19874.47
2023-10-11 10:09:31,572 - tune.py [line:103] - INFO: Epoch 00540 | Time(s) 0.0326 | Val Loss 1.0849 | Val Acc 0.6396 | ETputs(KTEPS) 19923.26
2023-10-11 10:09:32,174 - tune.py [line:103] - INFO: Epoch 00560 | Time(s) 0.0325 | Val Loss 1.0712 | Val Acc 0.6747 | ETputs(KTEPS) 19978.31
2023-10-11 10:09:32,792 - tune.py [line:103] - INFO: Epoch 00580 | Time(s) 0.0325 | Val Loss 1.0840 | Val Acc 0.6725 | ETputs(KTEPS) 20015.18
2023-10-11 10:09:33,477 - tune.py [line:103] - INFO: Epoch 00600 | Time(s) 0.0325 | Val Loss 1.0706 | Val Acc 0.6681 | ETputs(KTEPS) 19979.12
2023-10-11 10:09:34,096 - tune.py [line:103] - INFO: Epoch 00620 | Time(s) 0.0325 | Val Loss 1.0678 | Val Acc 0.6549 | ETputs(KTEPS) 20011.41
2023-10-11 10:09:34,350 - tune.py [line:117] - INFO: [FINAL MODEL] Val accuracy 68.79% \Val loss: 1.2
2023-10-11 10:09:34,356 - tune.py [line:119] - INFO: [FINAL MODEL] Test accuracy 66.52% \Test loss: 1.2
2023-10-11 10:09:34,357 - tune.py [line:144] - INFO: Acc on the first split (Validation Set): 0.6879
2023-10-11 10:09:34,357 - tune.py [line:145] - INFO: Acc on the first split (Test Set): 0.6652
