2023-10-11 12:43:00,747 - tune.py [line:203] - INFO: Namespace(seed=42, model='NormalNNV2', gpu=0, dataset='geom-chameleon', logging=True, log_detail=True, log_detailedCh=False, id_log=1011014505, optuna_n_trials=202, n_epochs=2000, self_loop=True, udgraph=True, early_stop=True, patience=300, n_hidden=64, n_cv=1, start_cv=0, n_layers=12, lr1=0.05, lr2=0.02, wd1=1e-06, wd2=1e-07, dropout=0.0, dropout2=0.5, es_ckpt='TestTuningScript-geom-chameleon_NormalNNV2-geom-chameleon_trialNo112')
2023-10-11 12:43:01,459 - tune.py [line:128] - INFO: Split_seeds:[1824]
2023-10-11 12:43:01,459 - tune.py [line:129] - INFO: Model_seeds:[409]
2023-10-11 12:43:02,305 - tune.py [line:103] - INFO: Epoch 00020 | Time(s) 0.0403 | Val Loss 1.5808 | Val Acc 0.6549 | ETputs(KTEPS) 16152.74
2023-10-11 12:43:03,140 - tune.py [line:103] - INFO: Epoch 00040 | Time(s) 0.0408 | Val Loss 1.5524 | Val Acc 0.6571 | ETputs(KTEPS) 15949.46
2023-10-11 12:43:03,922 - tune.py [line:103] - INFO: Epoch 00060 | Time(s) 0.0402 | Val Loss 1.5235 | Val Acc 0.6440 | ETputs(KTEPS) 16173.30
2023-10-11 12:43:04,697 - tune.py [line:103] - INFO: Epoch 00080 | Time(s) 0.0398 | Val Loss 1.5022 | Val Acc 0.6440 | ETputs(KTEPS) 16324.86
2023-10-11 12:43:05,555 - tune.py [line:103] - INFO: Epoch 00100 | Time(s) 0.0404 | Val Loss 1.4786 | Val Acc 0.6132 | ETputs(KTEPS) 16080.14
2023-10-11 12:43:06,351 - tune.py [line:103] - INFO: Epoch 00120 | Time(s) 0.0403 | Val Loss 1.4508 | Val Acc 0.6352 | ETputs(KTEPS) 16122.99
2023-10-11 12:43:07,126 - tune.py [line:103] - INFO: Epoch 00140 | Time(s) 0.0401 | Val Loss 1.4333 | Val Acc 0.6308 | ETputs(KTEPS) 16213.38
2023-10-11 12:43:07,934 - tune.py [line:103] - INFO: Epoch 00160 | Time(s) 0.0401 | Val Loss 1.4103 | Val Acc 0.6352 | ETputs(KTEPS) 16201.02
2023-10-11 12:43:08,753 - tune.py [line:103] - INFO: Epoch 00180 | Time(s) 0.0402 | Val Loss 1.3960 | Val Acc 0.6154 | ETputs(KTEPS) 16165.36
2023-10-11 12:43:09,531 - tune.py [line:103] - INFO: Epoch 00200 | Time(s) 0.0401 | Val Loss 1.3784 | Val Acc 0.6242 | ETputs(KTEPS) 16217.89
2023-10-11 12:43:10,311 - tune.py [line:103] - INFO: Epoch 00220 | Time(s) 0.0400 | Val Loss 1.3617 | Val Acc 0.6154 | ETputs(KTEPS) 16259.46
2023-10-11 12:43:11,145 - tune.py [line:103] - INFO: Epoch 00240 | Time(s) 0.0401 | Val Loss 1.3383 | Val Acc 0.6352 | ETputs(KTEPS) 16202.37
2023-10-11 12:43:11,933 - tune.py [line:103] - INFO: Epoch 00260 | Time(s) 0.0401 | Val Loss 1.3371 | Val Acc 0.6220 | ETputs(KTEPS) 16225.38
2023-10-11 12:43:12,806 - tune.py [line:103] - INFO: Epoch 00280 | Time(s) 0.0403 | Val Loss 1.3367 | Val Acc 0.6154 | ETputs(KTEPS) 16123.43
2023-10-11 12:43:13,738 - tune.py [line:103] - INFO: Epoch 00300 | Time(s) 0.0407 | Val Loss 1.3341 | Val Acc 0.5934 | ETputs(KTEPS) 15958.39
2023-10-11 12:43:14,533 - tune.py [line:103] - INFO: Epoch 00320 | Time(s) 0.0407 | Val Loss 1.3211 | Val Acc 0.6264 | ETputs(KTEPS) 15983.43
2023-10-11 12:43:15,076 - tune.py [line:117] - INFO: [FINAL MODEL] Val accuracy 68.13% \Val loss: 1.6
2023-10-11 12:43:15,084 - tune.py [line:119] - INFO: [FINAL MODEL] Test accuracy 67.61% \Test loss: 1.6
2023-10-11 12:43:15,084 - tune.py [line:144] - INFO: Acc on the first split (Validation Set): 0.6813
2023-10-11 12:43:15,084 - tune.py [line:145] - INFO: Acc on the first split (Test Set): 0.6761
