2023-10-11 10:12:59,769 - tune.py [line:203] - INFO: Namespace(seed=42, model='NormalNNV2', gpu=0, dataset='geom-chameleon', logging=True, log_detail=True, log_detailedCh=False, id_log=1011014505, optuna_n_trials=202, n_epochs=2000, self_loop=True, udgraph=True, early_stop=True, patience=300, n_hidden=64, n_cv=1, start_cv=0, n_layers=12, lr1=0.05, lr2=0.03, wd1=1e-07, wd2=0.0001, dropout=0.5, dropout2=0.1, es_ckpt='TestTuningScript-geom-chameleon_NormalNNV2-geom-chameleon_trialNo23')
2023-10-11 10:13:00,663 - tune.py [line:128] - INFO: Split_seeds:[1824]
2023-10-11 10:13:00,663 - tune.py [line:129] - INFO: Model_seeds:[409]
2023-10-11 10:13:01,588 - tune.py [line:103] - INFO: Epoch 00020 | Time(s) 0.0442 | Val Loss 1.5693 | Val Acc 0.6549 | ETputs(KTEPS) 14693.79
2023-10-11 10:13:02,363 - tune.py [line:103] - INFO: Epoch 00040 | Time(s) 0.0413 | Val Loss 1.5332 | Val Acc 0.6659 | ETputs(KTEPS) 15731.64
2023-10-11 10:13:03,255 - tune.py [line:103] - INFO: Epoch 00060 | Time(s) 0.0424 | Val Loss 1.4971 | Val Acc 0.6659 | ETputs(KTEPS) 15328.58
2023-10-11 10:13:04,051 - tune.py [line:103] - INFO: Epoch 00080 | Time(s) 0.0417 | Val Loss 1.4655 | Val Acc 0.6374 | ETputs(KTEPS) 15573.41
2023-10-11 10:13:04,836 - tune.py [line:103] - INFO: Epoch 00100 | Time(s) 0.0412 | Val Loss 1.4329 | Val Acc 0.6440 | ETputs(KTEPS) 15763.17
2023-10-11 10:13:05,656 - tune.py [line:103] - INFO: Epoch 00120 | Time(s) 0.0412 | Val Loss 1.4034 | Val Acc 0.6330 | ETputs(KTEPS) 15780.81
2023-10-11 10:13:06,488 - tune.py [line:103] - INFO: Epoch 00140 | Time(s) 0.0413 | Val Loss 1.3893 | Val Acc 0.6264 | ETputs(KTEPS) 15759.80
2023-10-11 10:13:07,270 - tune.py [line:103] - INFO: Epoch 00160 | Time(s) 0.0410 | Val Loss 1.3564 | Val Acc 0.6264 | ETputs(KTEPS) 15864.79
2023-10-11 10:13:08,068 - tune.py [line:103] - INFO: Epoch 00180 | Time(s) 0.0409 | Val Loss 1.3572 | Val Acc 0.6198 | ETputs(KTEPS) 15911.84
2023-10-11 10:13:08,890 - tune.py [line:103] - INFO: Epoch 00200 | Time(s) 0.0409 | Val Loss 1.3358 | Val Acc 0.6198 | ETputs(KTEPS) 15903.29
2023-10-11 10:13:09,681 - tune.py [line:103] - INFO: Epoch 00220 | Time(s) 0.0408 | Val Loss 1.3298 | Val Acc 0.6044 | ETputs(KTEPS) 15950.48
2023-10-11 10:13:10,537 - tune.py [line:103] - INFO: Epoch 00240 | Time(s) 0.0409 | Val Loss 1.3250 | Val Acc 0.6022 | ETputs(KTEPS) 15885.94
2023-10-11 10:13:11,339 - tune.py [line:103] - INFO: Epoch 00260 | Time(s) 0.0409 | Val Loss 1.3072 | Val Acc 0.6286 | ETputs(KTEPS) 15910.88
2023-10-11 10:13:12,180 - tune.py [line:103] - INFO: Epoch 00280 | Time(s) 0.0409 | Val Loss 1.2971 | Val Acc 0.6154 | ETputs(KTEPS) 15879.41
2023-10-11 10:13:12,973 - tune.py [line:103] - INFO: Epoch 00300 | Time(s) 0.0409 | Val Loss 1.2927 | Val Acc 0.6352 | ETputs(KTEPS) 15913.23
2023-10-11 10:13:13,809 - tune.py [line:103] - INFO: Epoch 00320 | Time(s) 0.0409 | Val Loss 1.2897 | Val Acc 0.6088 | ETputs(KTEPS) 15890.49
2023-10-11 10:13:14,320 - tune.py [line:117] - INFO: [FINAL MODEL] Val accuracy 67.47% \Val loss: 1.5
2023-10-11 10:13:14,330 - tune.py [line:119] - INFO: [FINAL MODEL] Test accuracy 68.49% \Test loss: 1.5
2023-10-11 10:13:14,331 - tune.py [line:144] - INFO: Acc on the first split (Validation Set): 0.6747
2023-10-11 10:13:14,331 - tune.py [line:145] - INFO: Acc on the first split (Test Set): 0.6849
