2023-10-11 12:41:05,669 - tune.py [line:203] - INFO: Namespace(seed=42, model='NormalNNV2', gpu=0, dataset='geom-chameleon', logging=True, log_detail=True, log_detailedCh=False, id_log=1011014505, optuna_n_trials=202, n_epochs=2000, self_loop=True, udgraph=True, early_stop=True, patience=300, n_hidden=64, n_cv=1, start_cv=0, n_layers=12, lr1=0.05, lr2=0.02, wd1=1e-06, wd2=1e-07, dropout=0.1, dropout2=0.5, es_ckpt='TestTuningScript-geom-chameleon_NormalNNV2-geom-chameleon_trialNo98')
2023-10-11 12:41:06,575 - tune.py [line:128] - INFO: Split_seeds:[1824]
2023-10-11 12:41:06,575 - tune.py [line:129] - INFO: Model_seeds:[409]
2023-10-11 12:41:07,516 - tune.py [line:103] - INFO: Epoch 00020 | Time(s) 0.0448 | Val Loss 1.5810 | Val Acc 0.6308 | ETputs(KTEPS) 14499.25
2023-10-11 12:41:08,248 - tune.py [line:103] - INFO: Epoch 00040 | Time(s) 0.0404 | Val Loss 1.5522 | Val Acc 0.6549 | ETputs(KTEPS) 16103.60
2023-10-11 12:41:09,059 - tune.py [line:103] - INFO: Epoch 00060 | Time(s) 0.0404 | Val Loss 1.5247 | Val Acc 0.6593 | ETputs(KTEPS) 16086.95
2023-10-11 12:41:09,959 - tune.py [line:103] - INFO: Epoch 00080 | Time(s) 0.0416 | Val Loss 1.4964 | Val Acc 0.6593 | ETputs(KTEPS) 15644.63
2023-10-11 12:41:10,750 - tune.py [line:103] - INFO: Epoch 00100 | Time(s) 0.0412 | Val Loss 1.4753 | Val Acc 0.6198 | ETputs(KTEPS) 15798.74
2023-10-11 12:41:11,583 - tune.py [line:103] - INFO: Epoch 00120 | Time(s) 0.0412 | Val Loss 1.4557 | Val Acc 0.6198 | ETputs(KTEPS) 15767.95
2023-10-11 12:41:12,426 - tune.py [line:103] - INFO: Epoch 00140 | Time(s) 0.0414 | Val Loss 1.4290 | Val Acc 0.6330 | ETputs(KTEPS) 15719.84
2023-10-11 12:41:13,266 - tune.py [line:103] - INFO: Epoch 00160 | Time(s) 0.0414 | Val Loss 1.4283 | Val Acc 0.5956 | ETputs(KTEPS) 15692.18
2023-10-11 12:41:14,064 - tune.py [line:103] - INFO: Epoch 00180 | Time(s) 0.0413 | Val Loss 1.3981 | Val Acc 0.6066 | ETputs(KTEPS) 15758.13
2023-10-11 12:41:14,876 - tune.py [line:103] - INFO: Epoch 00200 | Time(s) 0.0412 | Val Loss 1.3857 | Val Acc 0.6132 | ETputs(KTEPS) 15783.67
2023-10-11 12:41:15,724 - tune.py [line:103] - INFO: Epoch 00220 | Time(s) 0.0413 | Val Loss 1.3630 | Val Acc 0.6220 | ETputs(KTEPS) 15743.52
2023-10-11 12:41:16,536 - tune.py [line:103] - INFO: Epoch 00240 | Time(s) 0.0412 | Val Loss 1.3547 | Val Acc 0.6022 | ETputs(KTEPS) 15766.03
2023-10-11 12:41:17,372 - tune.py [line:103] - INFO: Epoch 00260 | Time(s) 0.0413 | Val Loss 1.3492 | Val Acc 0.6242 | ETputs(KTEPS) 15749.96
2023-10-11 12:41:18,139 - tune.py [line:103] - INFO: Epoch 00280 | Time(s) 0.0411 | Val Loss 1.3371 | Val Acc 0.5890 | ETputs(KTEPS) 15831.10
2023-10-11 12:41:18,969 - tune.py [line:103] - INFO: Epoch 00300 | Time(s) 0.0411 | Val Loss 1.3210 | Val Acc 0.6110 | ETputs(KTEPS) 15821.10
2023-10-11 12:41:19,848 - tune.py [line:103] - INFO: Epoch 00320 | Time(s) 0.0413 | Val Loss 1.3101 | Val Acc 0.6066 | ETputs(KTEPS) 15753.56
2023-10-11 12:41:20,572 - tune.py [line:117] - INFO: [FINAL MODEL] Val accuracy 68.35% \Val loss: 1.6
2023-10-11 12:41:20,579 - tune.py [line:119] - INFO: [FINAL MODEL] Test accuracy 69.58% \Test loss: 1.6
2023-10-11 12:41:20,580 - tune.py [line:144] - INFO: Acc on the first split (Validation Set): 0.6835
2023-10-11 12:41:20,580 - tune.py [line:145] - INFO: Acc on the first split (Test Set): 0.6958
