2023-10-11 10:11:19,952 - tune.py [line:203] - INFO: Namespace(seed=42, model='NormalNNV2', gpu=0, dataset='geom-chameleon', logging=True, log_detail=True, log_detailedCh=False, id_log=1011014505, optuna_n_trials=202, n_epochs=2000, self_loop=True, udgraph=True, early_stop=True, patience=300, n_hidden=64, n_cv=1, start_cv=0, n_layers=8, lr1=0.04, lr2=0.01, wd1=1e-08, wd2=0.0001, dropout=0.4, dropout2=0.1, es_ckpt='TestTuningScript-geom-chameleon_NormalNNV2-geom-chameleon_trialNo18')
2023-10-11 10:11:20,704 - tune.py [line:128] - INFO: Split_seeds:[1824]
2023-10-11 10:11:20,704 - tune.py [line:129] - INFO: Model_seeds:[409]
2023-10-11 10:11:21,363 - tune.py [line:103] - INFO: Epoch 00020 | Time(s) 0.0313 | Val Loss 1.5920 | Val Acc 0.6198 | ETputs(KTEPS) 20743.98
2023-10-11 10:11:22,046 - tune.py [line:103] - INFO: Epoch 00040 | Time(s) 0.0322 | Val Loss 1.5834 | Val Acc 0.6791 | ETputs(KTEPS) 20193.34
2023-10-11 10:11:22,769 - tune.py [line:103] - INFO: Epoch 00060 | Time(s) 0.0334 | Val Loss 1.5722 | Val Acc 0.6769 | ETputs(KTEPS) 19476.99
2023-10-11 10:11:23,465 - tune.py [line:103] - INFO: Epoch 00080 | Time(s) 0.0337 | Val Loss 1.5590 | Val Acc 0.6813 | ETputs(KTEPS) 19270.88
2023-10-11 10:11:24,066 - tune.py [line:103] - INFO: Epoch 00100 | Time(s) 0.0330 | Val Loss 1.5466 | Val Acc 0.6571 | ETputs(KTEPS) 19703.90
2023-10-11 10:11:24,743 - tune.py [line:103] - INFO: Epoch 00120 | Time(s) 0.0331 | Val Loss 1.5322 | Val Acc 0.6637 | ETputs(KTEPS) 19622.65
2023-10-11 10:11:25,346 - tune.py [line:103] - INFO: Epoch 00140 | Time(s) 0.0327 | Val Loss 1.5228 | Val Acc 0.6637 | ETputs(KTEPS) 19878.60
2023-10-11 10:11:25,950 - tune.py [line:103] - INFO: Epoch 00160 | Time(s) 0.0324 | Val Loss 1.5071 | Val Acc 0.6747 | ETputs(KTEPS) 20075.47
2023-10-11 10:11:26,634 - tune.py [line:103] - INFO: Epoch 00180 | Time(s) 0.0326 | Val Loss 1.4958 | Val Acc 0.6637 | ETputs(KTEPS) 19952.62
2023-10-11 10:11:27,299 - tune.py [line:103] - INFO: Epoch 00200 | Time(s) 0.0327 | Val Loss 1.4842 | Val Acc 0.6462 | ETputs(KTEPS) 19912.28
2023-10-11 10:11:27,952 - tune.py [line:103] - INFO: Epoch 00220 | Time(s) 0.0327 | Val Loss 1.4744 | Val Acc 0.6659 | ETputs(KTEPS) 19913.32
2023-10-11 10:11:28,543 - tune.py [line:103] - INFO: Epoch 00240 | Time(s) 0.0324 | Val Loss 1.4630 | Val Acc 0.6769 | ETputs(KTEPS) 20075.08
2023-10-11 10:11:29,161 - tune.py [line:103] - INFO: Epoch 00260 | Time(s) 0.0323 | Val Loss 1.4495 | Val Acc 0.6791 | ETputs(KTEPS) 20146.82
2023-10-11 10:11:29,871 - tune.py [line:103] - INFO: Epoch 00280 | Time(s) 0.0325 | Val Loss 1.4367 | Val Acc 0.6813 | ETputs(KTEPS) 20005.00
2023-10-11 10:11:30,530 - tune.py [line:103] - INFO: Epoch 00300 | Time(s) 0.0325 | Val Loss 1.4311 | Val Acc 0.6857 | ETputs(KTEPS) 19988.22
2023-10-11 10:11:31,223 - tune.py [line:103] - INFO: Epoch 00320 | Time(s) 0.0327 | Val Loss 1.4203 | Val Acc 0.6725 | ETputs(KTEPS) 19908.80
2023-10-11 10:11:31,895 - tune.py [line:103] - INFO: Epoch 00340 | Time(s) 0.0327 | Val Loss 1.4054 | Val Acc 0.6725 | ETputs(KTEPS) 19875.89
2023-10-11 10:11:32,329 - tune.py [line:117] - INFO: [FINAL MODEL] Val accuracy 69.67% \Val loss: 1.6
2023-10-11 10:11:32,336 - tune.py [line:119] - INFO: [FINAL MODEL] Test accuracy 68.93% \Test loss: 1.6
2023-10-11 10:11:32,337 - tune.py [line:144] - INFO: Acc on the first split (Validation Set): 0.6967
2023-10-11 10:11:32,337 - tune.py [line:145] - INFO: Acc on the first split (Test Set): 0.6893
