2023-10-11 12:30:10,896 - tune.py [line:203] - INFO: Namespace(seed=42, model='NormalNNV2', gpu=0, dataset='geom-chameleon', logging=True, log_detail=True, log_detailedCh=False, id_log=1011014505, optuna_n_trials=202, n_epochs=2000, self_loop=True, udgraph=True, early_stop=True, patience=300, n_hidden=64, n_cv=1, start_cv=0, n_layers=8, lr1=0.03, lr2=0.02, wd1=1e-07, wd2=0.0001, dropout=0.3, dropout2=0.8, es_ckpt='TestTuningScript-geom-chameleon_NormalNNV2-geom-chameleon_trialNo4')
2023-10-11 12:30:11,630 - tune.py [line:128] - INFO: Split_seeds:[1824]
2023-10-11 12:30:11,630 - tune.py [line:129] - INFO: Model_seeds:[409]
2023-10-11 12:30:12,259 - tune.py [line:103] - INFO: Epoch 00020 | Time(s) 0.0301 | Val Loss 1.5856 | Val Acc 0.4791 | ETputs(KTEPS) 21634.54
2023-10-11 12:30:12,894 - tune.py [line:103] - INFO: Epoch 00040 | Time(s) 0.0305 | Val Loss 1.5648 | Val Acc 0.6176 | ETputs(KTEPS) 21299.01
2023-10-11 12:30:13,488 - tune.py [line:103] - INFO: Epoch 00060 | Time(s) 0.0302 | Val Loss 1.5410 | Val Acc 0.6154 | ETputs(KTEPS) 21528.28
2023-10-11 12:30:14,082 - tune.py [line:103] - INFO: Epoch 00080 | Time(s) 0.0300 | Val Loss 1.5207 | Val Acc 0.6000 | ETputs(KTEPS) 21662.05
2023-10-11 12:30:14,696 - tune.py [line:103] - INFO: Epoch 00100 | Time(s) 0.0301 | Val Loss 1.4984 | Val Acc 0.5978 | ETputs(KTEPS) 21566.20
2023-10-11 12:30:15,291 - tune.py [line:103] - INFO: Epoch 00120 | Time(s) 0.0301 | Val Loss 1.4819 | Val Acc 0.5692 | ETputs(KTEPS) 21615.09
2023-10-11 12:30:15,894 - tune.py [line:103] - INFO: Epoch 00140 | Time(s) 0.0301 | Val Loss 1.4634 | Val Acc 0.5934 | ETputs(KTEPS) 21608.58
2023-10-11 12:30:16,525 - tune.py [line:103] - INFO: Epoch 00160 | Time(s) 0.0303 | Val Loss 1.4468 | Val Acc 0.5824 | ETputs(KTEPS) 21484.10
2023-10-11 12:30:17,130 - tune.py [line:103] - INFO: Epoch 00180 | Time(s) 0.0303 | Val Loss 1.4390 | Val Acc 0.5714 | ETputs(KTEPS) 21486.63
2023-10-11 12:30:17,731 - tune.py [line:103] - INFO: Epoch 00200 | Time(s) 0.0302 | Val Loss 1.4218 | Val Acc 0.5648 | ETputs(KTEPS) 21501.06
2023-10-11 12:30:18,346 - tune.py [line:103] - INFO: Epoch 00220 | Time(s) 0.0303 | Val Loss 1.4100 | Val Acc 0.5692 | ETputs(KTEPS) 21472.46
2023-10-11 12:30:18,953 - tune.py [line:103] - INFO: Epoch 00240 | Time(s) 0.0303 | Val Loss 1.4062 | Val Acc 0.5604 | ETputs(KTEPS) 21469.90
2023-10-11 12:30:19,556 - tune.py [line:103] - INFO: Epoch 00260 | Time(s) 0.0303 | Val Loss 1.3912 | Val Acc 0.5758 | ETputs(KTEPS) 21476.13
2023-10-11 12:30:20,190 - tune.py [line:103] - INFO: Epoch 00280 | Time(s) 0.0304 | Val Loss 1.3801 | Val Acc 0.5626 | ETputs(KTEPS) 21407.23
2023-10-11 12:30:20,686 - tune.py [line:103] - INFO: Epoch 00300 | Time(s) 0.0300 | Val Loss 1.3688 | Val Acc 0.5604 | ETputs(KTEPS) 21672.28
2023-10-11 12:30:21,148 - tune.py [line:103] - INFO: Epoch 00320 | Time(s) 0.0296 | Val Loss 1.3635 | Val Acc 0.5495 | ETputs(KTEPS) 21990.58
2023-10-11 12:30:21,771 - tune.py [line:103] - INFO: Epoch 00340 | Time(s) 0.0297 | Val Loss 1.3617 | Val Acc 0.5341 | ETputs(KTEPS) 21922.49
2023-10-11 12:30:22,385 - tune.py [line:103] - INFO: Epoch 00360 | Time(s) 0.0297 | Val Loss 1.3478 | Val Acc 0.5407 | ETputs(KTEPS) 21881.01
2023-10-11 12:30:22,512 - tune.py [line:117] - INFO: [FINAL MODEL] Val accuracy 63.52% \Val loss: 1.5
2023-10-11 12:30:22,517 - tune.py [line:119] - INFO: [FINAL MODEL] Test accuracy 63.68% \Test loss: 1.5
2023-10-11 12:30:22,518 - tune.py [line:144] - INFO: Acc on the first split (Validation Set): 0.6352
2023-10-11 12:30:22,518 - tune.py [line:145] - INFO: Acc on the first split (Test Set): 0.6368
