2023-10-11 10:30:38,723 - tune.py [line:203] - INFO: Namespace(seed=42, model='NormalNNV2', gpu=0, dataset='geom-chameleon', logging=True, log_detail=True, log_detailedCh=False, id_log=1011014505, optuna_n_trials=202, n_epochs=2000, self_loop=True, udgraph=True, early_stop=True, patience=300, n_hidden=64, n_cv=1, start_cv=0, n_layers=8, lr1=0.03, lr2=0.03, wd1=1e-08, wd2=0.0001, dropout=0.4, dropout2=0.3, es_ckpt='TestTuningScript-geom-chameleon_NormalNNV2-geom-chameleon_trialNo122')
2023-10-11 10:30:39,512 - tune.py [line:128] - INFO: Split_seeds:[1824]
2023-10-11 10:30:39,512 - tune.py [line:129] - INFO: Model_seeds:[409]
2023-10-11 10:30:40,140 - tune.py [line:103] - INFO: Epoch 00020 | Time(s) 0.0299 | Val Loss 1.5721 | Val Acc 0.6571 | ETputs(KTEPS) 21712.86
2023-10-11 10:30:40,754 - tune.py [line:103] - INFO: Epoch 00040 | Time(s) 0.0302 | Val Loss 1.5366 | Val Acc 0.6747 | ETputs(KTEPS) 21497.13
2023-10-11 10:30:41,386 - tune.py [line:103] - INFO: Epoch 00060 | Time(s) 0.0307 | Val Loss 1.5028 | Val Acc 0.6505 | ETputs(KTEPS) 21185.23
2023-10-11 10:30:42,034 - tune.py [line:103] - INFO: Epoch 00080 | Time(s) 0.0311 | Val Loss 1.4632 | Val Acc 0.6527 | ETputs(KTEPS) 20896.73
2023-10-11 10:30:42,776 - tune.py [line:103] - INFO: Epoch 00100 | Time(s) 0.0323 | Val Loss 1.4299 | Val Acc 0.6484 | ETputs(KTEPS) 20121.87
2023-10-11 10:30:43,430 - tune.py [line:103] - INFO: Epoch 00120 | Time(s) 0.0324 | Val Loss 1.4004 | Val Acc 0.6593 | ETputs(KTEPS) 20086.73
2023-10-11 10:30:44,070 - tune.py [line:103] - INFO: Epoch 00140 | Time(s) 0.0323 | Val Loss 1.3734 | Val Acc 0.6615 | ETputs(KTEPS) 20122.19
2023-10-11 10:30:44,750 - tune.py [line:103] - INFO: Epoch 00160 | Time(s) 0.0325 | Val Loss 1.3522 | Val Acc 0.6593 | ETputs(KTEPS) 19994.36
2023-10-11 10:30:45,383 - tune.py [line:103] - INFO: Epoch 00180 | Time(s) 0.0324 | Val Loss 1.3280 | Val Acc 0.6615 | ETputs(KTEPS) 20055.28
2023-10-11 10:30:46,054 - tune.py [line:103] - INFO: Epoch 00200 | Time(s) 0.0325 | Val Loss 1.3111 | Val Acc 0.6549 | ETputs(KTEPS) 19986.05
2023-10-11 10:30:46,681 - tune.py [line:103] - INFO: Epoch 00220 | Time(s) 0.0324 | Val Loss 1.2945 | Val Acc 0.6418 | ETputs(KTEPS) 20052.84
2023-10-11 10:30:47,319 - tune.py [line:103] - INFO: Epoch 00240 | Time(s) 0.0324 | Val Loss 1.2734 | Val Acc 0.6703 | ETputs(KTEPS) 20081.81
2023-10-11 10:30:48,023 - tune.py [line:103] - INFO: Epoch 00260 | Time(s) 0.0326 | Val Loss 1.2619 | Val Acc 0.6571 | ETputs(KTEPS) 19949.54
2023-10-11 10:30:48,673 - tune.py [line:103] - INFO: Epoch 00280 | Time(s) 0.0326 | Val Loss 1.2490 | Val Acc 0.6527 | ETputs(KTEPS) 19953.23
2023-10-11 10:30:49,387 - tune.py [line:103] - INFO: Epoch 00300 | Time(s) 0.0328 | Val Loss 1.2351 | Val Acc 0.6637 | ETputs(KTEPS) 19829.07
2023-10-11 10:30:50,144 - tune.py [line:103] - INFO: Epoch 00320 | Time(s) 0.0331 | Val Loss 1.2308 | Val Acc 0.6418 | ETputs(KTEPS) 19640.03
2023-10-11 10:30:50,350 - tune.py [line:117] - INFO: [FINAL MODEL] Val accuracy 68.57% \Val loss: 1.6
2023-10-11 10:30:50,355 - tune.py [line:119] - INFO: [FINAL MODEL] Test accuracy 67.83% \Test loss: 1.6
2023-10-11 10:30:50,356 - tune.py [line:144] - INFO: Acc on the first split (Validation Set): 0.6857
2023-10-11 10:30:50,356 - tune.py [line:145] - INFO: Acc on the first split (Test Set): 0.6783
