2023-10-11 10:12:39,876 - tune.py [line:203] - INFO: Namespace(seed=42, model='NormalNNV2', gpu=0, dataset='geom-chameleon', logging=True, log_detail=True, log_detailedCh=False, id_log=1011014505, optuna_n_trials=202, n_epochs=2000, self_loop=True, udgraph=True, early_stop=True, patience=300, n_hidden=64, n_cv=1, start_cv=0, n_layers=12, lr1=0.04, lr2=0.02, wd1=1e-08, wd2=0.001, dropout=0.3, dropout2=0.3, es_ckpt='TestTuningScript-geom-chameleon_NormalNNV2-geom-chameleon_trialNo22')
2023-10-11 10:12:40,596 - tune.py [line:128] - INFO: Split_seeds:[1824]
2023-10-11 10:12:40,596 - tune.py [line:129] - INFO: Model_seeds:[409]
2023-10-11 10:12:41,514 - tune.py [line:103] - INFO: Epoch 00020 | Time(s) 0.0437 | Val Loss 1.5807 | Val Acc 0.6703 | ETputs(KTEPS) 14869.27
2023-10-11 10:12:42,269 - tune.py [line:103] - INFO: Epoch 00040 | Time(s) 0.0406 | Val Loss 1.5573 | Val Acc 0.6593 | ETputs(KTEPS) 16019.08
2023-10-11 10:12:43,185 - tune.py [line:103] - INFO: Epoch 00060 | Time(s) 0.0423 | Val Loss 1.5377 | Val Acc 0.6571 | ETputs(KTEPS) 15363.91
2023-10-11 10:12:44,094 - tune.py [line:103] - INFO: Epoch 00080 | Time(s) 0.0431 | Val Loss 1.5237 | Val Acc 0.6747 | ETputs(KTEPS) 15096.53
2023-10-11 10:12:45,039 - tune.py [line:103] - INFO: Epoch 00100 | Time(s) 0.0439 | Val Loss 1.5160 | Val Acc 0.6462 | ETputs(KTEPS) 14810.75
2023-10-11 10:12:45,843 - tune.py [line:103] - INFO: Epoch 00120 | Time(s) 0.0433 | Val Loss 1.5060 | Val Acc 0.6725 | ETputs(KTEPS) 15030.54
2023-10-11 10:12:46,630 - tune.py [line:103] - INFO: Epoch 00140 | Time(s) 0.0427 | Val Loss 1.4997 | Val Acc 0.6769 | ETputs(KTEPS) 15228.91
2023-10-11 10:12:47,486 - tune.py [line:103] - INFO: Epoch 00160 | Time(s) 0.0426 | Val Loss 1.4954 | Val Acc 0.6813 | ETputs(KTEPS) 15251.33
2023-10-11 10:12:48,268 - tune.py [line:103] - INFO: Epoch 00180 | Time(s) 0.0422 | Val Loss 1.4915 | Val Acc 0.6835 | ETputs(KTEPS) 15400.44
2023-10-11 10:12:49,044 - tune.py [line:103] - INFO: Epoch 00200 | Time(s) 0.0419 | Val Loss 1.4910 | Val Acc 0.6747 | ETputs(KTEPS) 15528.17
2023-10-11 10:12:49,930 - tune.py [line:103] - INFO: Epoch 00220 | Time(s) 0.0421 | Val Loss 1.4896 | Val Acc 0.6615 | ETputs(KTEPS) 15446.78
2023-10-11 10:12:50,702 - tune.py [line:103] - INFO: Epoch 00240 | Time(s) 0.0418 | Val Loss 1.4901 | Val Acc 0.6857 | ETputs(KTEPS) 15555.70
2023-10-11 10:12:51,498 - tune.py [line:103] - INFO: Epoch 00260 | Time(s) 0.0416 | Val Loss 1.4901 | Val Acc 0.6813 | ETputs(KTEPS) 15613.02
2023-10-11 10:12:52,321 - tune.py [line:103] - INFO: Epoch 00280 | Time(s) 0.0416 | Val Loss 1.4881 | Val Acc 0.6747 | ETputs(KTEPS) 15627.90
2023-10-11 10:12:53,142 - tune.py [line:103] - INFO: Epoch 00300 | Time(s) 0.0416 | Val Loss 1.4896 | Val Acc 0.6747 | ETputs(KTEPS) 15642.35
2023-10-11 10:12:53,966 - tune.py [line:103] - INFO: Epoch 00320 | Time(s) 0.0415 | Val Loss 1.4883 | Val Acc 0.6681 | ETputs(KTEPS) 15651.20
2023-10-11 10:12:54,798 - tune.py [line:103] - INFO: Epoch 00340 | Time(s) 0.0415 | Val Loss 1.4891 | Val Acc 0.6791 | ETputs(KTEPS) 15650.91
2023-10-11 10:12:55,565 - tune.py [line:103] - INFO: Epoch 00360 | Time(s) 0.0414 | Val Loss 1.4900 | Val Acc 0.6593 | ETputs(KTEPS) 15718.00
2023-10-11 10:12:56,318 - tune.py [line:103] - INFO: Epoch 00380 | Time(s) 0.0412 | Val Loss 1.4891 | Val Acc 0.6593 | ETputs(KTEPS) 15793.13
2023-10-11 10:12:57,105 - tune.py [line:103] - INFO: Epoch 00400 | Time(s) 0.0411 | Val Loss 1.4897 | Val Acc 0.6681 | ETputs(KTEPS) 15828.63
2023-10-11 10:12:57,911 - tune.py [line:103] - INFO: Epoch 00420 | Time(s) 0.0410 | Val Loss 1.4902 | Val Acc 0.6769 | ETputs(KTEPS) 15843.67
2023-10-11 10:12:58,729 - tune.py [line:103] - INFO: Epoch 00440 | Time(s) 0.0410 | Val Loss 1.4911 | Val Acc 0.6549 | ETputs(KTEPS) 15846.53
2023-10-11 10:12:59,519 - tune.py [line:103] - INFO: Epoch 00460 | Time(s) 0.0410 | Val Loss 1.4922 | Val Acc 0.6615 | ETputs(KTEPS) 15872.64
2023-10-11 10:12:59,624 - tune.py [line:117] - INFO: [FINAL MODEL] Val accuracy 69.23% \Val loss: 1.5
2023-10-11 10:12:59,632 - tune.py [line:119] - INFO: [FINAL MODEL] Test accuracy 70.02% \Test loss: 1.5
2023-10-11 10:12:59,633 - tune.py [line:144] - INFO: Acc on the first split (Validation Set): 0.6923
2023-10-11 10:12:59,633 - tune.py [line:145] - INFO: Acc on the first split (Test Set): 0.7002
