2023-10-11 10:20:44,504 - tune.py [line:203] - INFO: Namespace(seed=42, model='NormalNNV2', gpu=0, dataset='geom-chameleon', logging=True, log_detail=True, log_detailedCh=False, id_log=1011014505, optuna_n_trials=202, n_epochs=2000, self_loop=True, udgraph=True, early_stop=True, patience=300, n_hidden=64, n_cv=1, start_cv=0, n_layers=8, lr1=0.05, lr2=0.03, wd1=1e-07, wd2=0.0001, dropout=0.4, dropout2=0.2, es_ckpt='TestTuningScript-geom-chameleon_NormalNNV2-geom-chameleon_trialNo79')
2023-10-11 10:20:45,430 - tune.py [line:128] - INFO: Split_seeds:[1824]
2023-10-11 10:20:45,430 - tune.py [line:129] - INFO: Model_seeds:[409]
2023-10-11 10:20:46,086 - tune.py [line:103] - INFO: Epoch 00020 | Time(s) 0.0306 | Val Loss 1.5728 | Val Acc 0.6747 | ETputs(KTEPS) 21278.00
2023-10-11 10:20:46,709 - tune.py [line:103] - INFO: Epoch 00040 | Time(s) 0.0307 | Val Loss 1.5407 | Val Acc 0.6571 | ETputs(KTEPS) 21145.03
2023-10-11 10:20:47,304 - tune.py [line:103] - INFO: Epoch 00060 | Time(s) 0.0304 | Val Loss 1.5043 | Val Acc 0.6549 | ETputs(KTEPS) 21388.33
2023-10-11 10:20:47,914 - tune.py [line:103] - INFO: Epoch 00080 | Time(s) 0.0304 | Val Loss 1.4689 | Val Acc 0.6462 | ETputs(KTEPS) 21385.69
2023-10-11 10:20:48,574 - tune.py [line:103] - INFO: Epoch 00100 | Time(s) 0.0309 | Val Loss 1.4385 | Val Acc 0.6484 | ETputs(KTEPS) 21053.72
2023-10-11 10:20:49,245 - tune.py [line:103] - INFO: Epoch 00120 | Time(s) 0.0313 | Val Loss 1.4049 | Val Acc 0.6593 | ETputs(KTEPS) 20755.73
2023-10-11 10:20:49,937 - tune.py [line:103] - INFO: Epoch 00140 | Time(s) 0.0318 | Val Loss 1.3800 | Val Acc 0.6769 | ETputs(KTEPS) 20453.38
2023-10-11 10:20:50,543 - tune.py [line:103] - INFO: Epoch 00160 | Time(s) 0.0316 | Val Loss 1.3513 | Val Acc 0.6703 | ETputs(KTEPS) 20573.91
2023-10-11 10:20:51,216 - tune.py [line:103] - INFO: Epoch 00180 | Time(s) 0.0318 | Val Loss 1.3277 | Val Acc 0.6835 | ETputs(KTEPS) 20437.59
2023-10-11 10:20:51,893 - tune.py [line:103] - INFO: Epoch 00200 | Time(s) 0.0320 | Val Loss 1.3064 | Val Acc 0.6791 | ETputs(KTEPS) 20317.67
2023-10-11 10:20:52,566 - tune.py [line:103] - INFO: Epoch 00220 | Time(s) 0.0321 | Val Loss 1.2904 | Val Acc 0.6725 | ETputs(KTEPS) 20230.38
2023-10-11 10:20:53,191 - tune.py [line:103] - INFO: Epoch 00240 | Time(s) 0.0321 | Val Loss 1.2673 | Val Acc 0.6813 | ETputs(KTEPS) 20276.80
2023-10-11 10:20:53,806 - tune.py [line:103] - INFO: Epoch 00260 | Time(s) 0.0320 | Val Loss 1.2608 | Val Acc 0.6637 | ETputs(KTEPS) 20349.07
2023-10-11 10:20:54,415 - tune.py [line:103] - INFO: Epoch 00280 | Time(s) 0.0318 | Val Loss 1.2375 | Val Acc 0.6879 | ETputs(KTEPS) 20416.74
2023-10-11 10:20:55,055 - tune.py [line:103] - INFO: Epoch 00300 | Time(s) 0.0319 | Val Loss 1.2354 | Val Acc 0.6923 | ETputs(KTEPS) 20412.86
2023-10-11 10:20:55,720 - tune.py [line:103] - INFO: Epoch 00320 | Time(s) 0.0319 | Val Loss 1.2224 | Val Acc 0.6791 | ETputs(KTEPS) 20358.54
2023-10-11 10:20:56,390 - tune.py [line:103] - INFO: Epoch 00340 | Time(s) 0.0320 | Val Loss 1.1939 | Val Acc 0.6901 | ETputs(KTEPS) 20299.51
2023-10-11 10:20:57,046 - tune.py [line:103] - INFO: Epoch 00360 | Time(s) 0.0321 | Val Loss 1.1936 | Val Acc 0.6769 | ETputs(KTEPS) 20279.51
2023-10-11 10:20:57,677 - tune.py [line:103] - INFO: Epoch 00380 | Time(s) 0.0320 | Val Loss 1.1824 | Val Acc 0.6725 | ETputs(KTEPS) 20296.12
2023-10-11 10:20:58,301 - tune.py [line:103] - INFO: Epoch 00400 | Time(s) 0.0320 | Val Loss 1.1736 | Val Acc 0.6967 | ETputs(KTEPS) 20323.52
2023-10-11 10:20:58,928 - tune.py [line:103] - INFO: Epoch 00420 | Time(s) 0.0320 | Val Loss 1.1639 | Val Acc 0.6857 | ETputs(KTEPS) 20343.68
2023-10-11 10:20:59,581 - tune.py [line:103] - INFO: Epoch 00440 | Time(s) 0.0320 | Val Loss 1.1628 | Val Acc 0.6879 | ETputs(KTEPS) 20324.13
2023-10-11 10:21:00,240 - tune.py [line:103] - INFO: Epoch 00460 | Time(s) 0.0320 | Val Loss 1.1513 | Val Acc 0.6791 | ETputs(KTEPS) 20298.79
2023-10-11 10:21:00,945 - tune.py [line:103] - INFO: Epoch 00480 | Time(s) 0.0322 | Val Loss 1.1517 | Val Acc 0.6791 | ETputs(KTEPS) 20214.68
2023-10-11 10:21:01,638 - tune.py [line:103] - INFO: Epoch 00500 | Time(s) 0.0323 | Val Loss 1.1372 | Val Acc 0.6879 | ETputs(KTEPS) 20153.76
2023-10-11 10:21:02,363 - tune.py [line:103] - INFO: Epoch 00520 | Time(s) 0.0324 | Val Loss 1.1390 | Val Acc 0.6857 | ETputs(KTEPS) 20059.36
2023-10-11 10:21:03,072 - tune.py [line:103] - INFO: Epoch 00540 | Time(s) 0.0325 | Val Loss 1.1285 | Val Acc 0.6813 | ETputs(KTEPS) 19990.36
2023-10-11 10:21:03,715 - tune.py [line:103] - INFO: Epoch 00560 | Time(s) 0.0325 | Val Loss 1.1255 | Val Acc 0.6791 | ETputs(KTEPS) 19999.25
2023-10-11 10:21:04,352 - tune.py [line:103] - INFO: Epoch 00580 | Time(s) 0.0325 | Val Loss 1.1276 | Val Acc 0.6879 | ETputs(KTEPS) 20014.00
2023-10-11 10:21:04,974 - tune.py [line:103] - INFO: Epoch 00600 | Time(s) 0.0324 | Val Loss 1.1140 | Val Acc 0.6945 | ETputs(KTEPS) 20045.79
2023-10-11 10:21:05,636 - tune.py [line:103] - INFO: Epoch 00620 | Time(s) 0.0325 | Val Loss 1.1208 | Val Acc 0.6791 | ETputs(KTEPS) 20034.03
2023-10-11 10:21:06,334 - tune.py [line:103] - INFO: Epoch 00640 | Time(s) 0.0325 | Val Loss 1.1141 | Val Acc 0.6879 | ETputs(KTEPS) 19987.29
2023-10-11 10:21:06,938 - tune.py [line:103] - INFO: Epoch 00660 | Time(s) 0.0325 | Val Loss 1.1086 | Val Acc 0.6769 | ETputs(KTEPS) 20031.56
2023-10-11 10:21:07,550 - tune.py [line:103] - INFO: Epoch 00680 | Time(s) 0.0324 | Val Loss 1.1119 | Val Acc 0.6879 | ETputs(KTEPS) 20065.02
2023-10-11 10:21:08,163 - tune.py [line:103] - INFO: Epoch 00700 | Time(s) 0.0324 | Val Loss 1.1097 | Val Acc 0.6725 | ETputs(KTEPS) 20096.75
2023-10-11 10:21:08,789 - tune.py [line:103] - INFO: Epoch 00720 | Time(s) 0.0323 | Val Loss 1.1006 | Val Acc 0.6725 | ETputs(KTEPS) 20116.06
2023-10-11 10:21:09,497 - tune.py [line:103] - INFO: Epoch 00740 | Time(s) 0.0324 | Val Loss 1.0954 | Val Acc 0.6967 | ETputs(KTEPS) 20064.91
2023-10-11 10:21:10,130 - tune.py [line:103] - INFO: Epoch 00760 | Time(s) 0.0324 | Val Loss 1.0939 | Val Acc 0.6879 | ETputs(KTEPS) 20077.47
2023-10-11 10:21:10,753 - tune.py [line:103] - INFO: Epoch 00780 | Time(s) 0.0324 | Val Loss 1.0952 | Val Acc 0.6857 | ETputs(KTEPS) 20097.27
2023-10-11 10:21:11,415 - tune.py [line:103] - INFO: Epoch 00800 | Time(s) 0.0324 | Val Loss 1.0947 | Val Acc 0.6923 | ETputs(KTEPS) 20086.58
2023-10-11 10:21:12,185 - tune.py [line:103] - INFO: Epoch 00820 | Time(s) 0.0325 | Val Loss 1.0991 | Val Acc 0.6879 | ETputs(KTEPS) 19994.74
2023-10-11 10:21:12,807 - tune.py [line:103] - INFO: Epoch 00840 | Time(s) 0.0325 | Val Loss 1.0913 | Val Acc 0.6835 | ETputs(KTEPS) 20015.73
2023-10-11 10:21:13,546 - tune.py [line:103] - INFO: Epoch 00860 | Time(s) 0.0326 | Val Loss 1.0926 | Val Acc 0.6681 | ETputs(KTEPS) 19953.04
2023-10-11 10:21:14,214 - tune.py [line:103] - INFO: Epoch 00880 | Time(s) 0.0326 | Val Loss 1.0808 | Val Acc 0.6923 | ETputs(KTEPS) 19941.62
2023-10-11 10:21:14,687 - tune.py [line:117] - INFO: [FINAL MODEL] Val accuracy 70.55% \Val loss: 1.1
2023-10-11 10:21:14,693 - tune.py [line:119] - INFO: [FINAL MODEL] Test accuracy 68.93% \Test loss: 1.1
2023-10-11 10:21:14,694 - tune.py [line:144] - INFO: Acc on the first split (Validation Set): 0.7055
2023-10-11 10:21:14,694 - tune.py [line:145] - INFO: Acc on the first split (Test Set): 0.6893
