2023-10-11 12:46:55,170 - tune.py [line:203] - INFO: Namespace(seed=42, model='NormalNNV2', gpu=0, dataset='geom-chameleon', logging=True, log_detail=True, log_detailedCh=False, id_log=1011014505, optuna_n_trials=202, n_epochs=2000, self_loop=True, udgraph=True, early_stop=True, patience=300, n_hidden=64, n_cv=1, start_cv=0, n_layers=12, lr1=0.05, lr2=0.03, wd1=1e-06, wd2=1e-06, dropout=0.0, dropout2=0.5, es_ckpt='TestTuningScript-geom-chameleon_NormalNNV2-geom-chameleon_trialNo163')
2023-10-11 12:46:55,897 - tune.py [line:128] - INFO: Split_seeds:[1824]
2023-10-11 12:46:55,898 - tune.py [line:129] - INFO: Model_seeds:[409]
2023-10-11 12:46:56,735 - tune.py [line:103] - INFO: Epoch 00020 | Time(s) 0.0399 | Val Loss 1.5719 | Val Acc 0.6242 | ETputs(KTEPS) 16285.13
2023-10-11 12:46:57,559 - tune.py [line:103] - INFO: Epoch 00040 | Time(s) 0.0404 | Val Loss 1.5319 | Val Acc 0.6462 | ETputs(KTEPS) 16098.46
2023-10-11 12:46:58,397 - tune.py [line:103] - INFO: Epoch 00060 | Time(s) 0.0409 | Val Loss 1.4939 | Val Acc 0.6242 | ETputs(KTEPS) 15904.19
2023-10-11 12:46:59,215 - tune.py [line:103] - INFO: Epoch 00080 | Time(s) 0.0409 | Val Loss 1.4604 | Val Acc 0.6022 | ETputs(KTEPS) 15902.72
2023-10-11 12:47:00,101 - tune.py [line:103] - INFO: Epoch 00100 | Time(s) 0.0416 | Val Loss 1.4347 | Val Acc 0.6088 | ETputs(KTEPS) 15644.54
2023-10-11 12:47:00,973 - tune.py [line:103] - INFO: Epoch 00120 | Time(s) 0.0419 | Val Loss 1.4022 | Val Acc 0.5890 | ETputs(KTEPS) 15517.99
2023-10-11 12:47:01,797 - tune.py [line:103] - INFO: Epoch 00140 | Time(s) 0.0418 | Val Loss 1.3758 | Val Acc 0.5934 | ETputs(KTEPS) 15556.18
2023-10-11 12:47:02,558 - tune.py [line:103] - INFO: Epoch 00160 | Time(s) 0.0413 | Val Loss 1.3604 | Val Acc 0.6088 | ETputs(KTEPS) 15732.92
2023-10-11 12:47:03,183 - tune.py [line:103] - INFO: Epoch 00180 | Time(s) 0.0402 | Val Loss 1.3358 | Val Acc 0.6132 | ETputs(KTEPS) 16173.70
2023-10-11 12:47:04,032 - tune.py [line:103] - INFO: Epoch 00200 | Time(s) 0.0404 | Val Loss 1.3214 | Val Acc 0.5934 | ETputs(KTEPS) 16084.61
2023-10-11 12:47:04,858 - tune.py [line:103] - INFO: Epoch 00220 | Time(s) 0.0405 | Val Loss 1.3002 | Val Acc 0.5802 | ETputs(KTEPS) 16052.43
2023-10-11 12:47:05,674 - tune.py [line:103] - INFO: Epoch 00240 | Time(s) 0.0405 | Val Loss 1.2798 | Val Acc 0.5934 | ETputs(KTEPS) 16045.01
2023-10-11 12:47:06,501 - tune.py [line:103] - INFO: Epoch 00260 | Time(s) 0.0406 | Val Loss 1.2715 | Val Acc 0.6132 | ETputs(KTEPS) 16019.85
2023-10-11 12:47:07,314 - tune.py [line:103] - INFO: Epoch 00280 | Time(s) 0.0406 | Val Loss 1.2605 | Val Acc 0.5912 | ETputs(KTEPS) 16018.29
2023-10-11 12:47:08,125 - tune.py [line:103] - INFO: Epoch 00300 | Time(s) 0.0406 | Val Loss 1.2692 | Val Acc 0.5758 | ETputs(KTEPS) 16020.57
2023-10-11 12:47:08,904 - tune.py [line:103] - INFO: Epoch 00320 | Time(s) 0.0405 | Val Loss 1.2511 | Val Acc 0.6066 | ETputs(KTEPS) 16061.04
2023-10-11 12:47:09,064 - tune.py [line:117] - INFO: [FINAL MODEL] Val accuracy 68.57% \Val loss: 1.6
2023-10-11 12:47:09,072 - tune.py [line:119] - INFO: [FINAL MODEL] Test accuracy 64.99% \Test loss: 1.6
2023-10-11 12:47:09,072 - tune.py [line:144] - INFO: Acc on the first split (Validation Set): 0.6857
2023-10-11 12:47:09,072 - tune.py [line:145] - INFO: Acc on the first split (Test Set): 0.6499
