2023-10-11 12:45:26,129 - tune.py [line:203] - INFO: Namespace(seed=42, model='NormalNNV2', gpu=0, dataset='geom-chameleon', logging=True, log_detail=True, log_detailedCh=False, id_log=1011014505, optuna_n_trials=202, n_epochs=2000, self_loop=True, udgraph=True, early_stop=True, patience=300, n_hidden=64, n_cv=1, start_cv=0, n_layers=12, lr1=0.04, lr2=0.02, wd1=1e-07, wd2=1e-06, dropout=0.0, dropout2=0.5, es_ckpt='TestTuningScript-geom-chameleon_NormalNNV2-geom-chameleon_trialNo148')
2023-10-11 12:45:26,974 - tune.py [line:128] - INFO: Split_seeds:[1824]
2023-10-11 12:45:26,974 - tune.py [line:129] - INFO: Model_seeds:[409]
2023-10-11 12:45:27,765 - tune.py [line:103] - INFO: Epoch 00020 | Time(s) 0.0377 | Val Loss 1.5818 | Val Acc 0.6418 | ETputs(KTEPS) 17230.54
2023-10-11 12:45:28,472 - tune.py [line:103] - INFO: Epoch 00040 | Time(s) 0.0362 | Val Loss 1.5520 | Val Acc 0.6615 | ETputs(KTEPS) 17950.47
2023-10-11 12:45:29,320 - tune.py [line:103] - INFO: Epoch 00060 | Time(s) 0.0383 | Val Loss 1.5239 | Val Acc 0.6681 | ETputs(KTEPS) 16987.01
2023-10-11 12:45:30,103 - tune.py [line:103] - INFO: Epoch 00080 | Time(s) 0.0385 | Val Loss 1.4975 | Val Acc 0.6615 | ETputs(KTEPS) 16893.47
2023-10-11 12:45:30,951 - tune.py [line:103] - INFO: Epoch 00100 | Time(s) 0.0393 | Val Loss 1.4732 | Val Acc 0.6440 | ETputs(KTEPS) 16558.30
2023-10-11 12:45:31,725 - tune.py [line:103] - INFO: Epoch 00120 | Time(s) 0.0392 | Val Loss 1.4448 | Val Acc 0.6549 | ETputs(KTEPS) 16600.78
2023-10-11 12:45:32,548 - tune.py [line:103] - INFO: Epoch 00140 | Time(s) 0.0394 | Val Loss 1.4304 | Val Acc 0.6352 | ETputs(KTEPS) 16481.84
2023-10-11 12:45:33,363 - tune.py [line:103] - INFO: Epoch 00160 | Time(s) 0.0396 | Val Loss 1.4056 | Val Acc 0.6308 | ETputs(KTEPS) 16415.29
2023-10-11 12:45:34,184 - tune.py [line:103] - INFO: Epoch 00180 | Time(s) 0.0398 | Val Loss 1.3875 | Val Acc 0.6549 | ETputs(KTEPS) 16350.71
2023-10-11 12:45:35,003 - tune.py [line:103] - INFO: Epoch 00200 | Time(s) 0.0399 | Val Loss 1.3678 | Val Acc 0.6462 | ETputs(KTEPS) 16303.73
2023-10-11 12:45:35,821 - tune.py [line:103] - INFO: Epoch 00220 | Time(s) 0.0400 | Val Loss 1.3503 | Val Acc 0.6615 | ETputs(KTEPS) 16266.23
2023-10-11 12:45:36,597 - tune.py [line:103] - INFO: Epoch 00240 | Time(s) 0.0399 | Val Loss 1.3428 | Val Acc 0.6440 | ETputs(KTEPS) 16307.75
2023-10-11 12:45:37,367 - tune.py [line:103] - INFO: Epoch 00260 | Time(s) 0.0398 | Val Loss 1.3130 | Val Acc 0.6462 | ETputs(KTEPS) 16350.79
2023-10-11 12:45:38,145 - tune.py [line:103] - INFO: Epoch 00280 | Time(s) 0.0397 | Val Loss 1.3153 | Val Acc 0.6286 | ETputs(KTEPS) 16376.93
2023-10-11 12:45:38,909 - tune.py [line:103] - INFO: Epoch 00300 | Time(s) 0.0396 | Val Loss 1.3077 | Val Acc 0.6220 | ETputs(KTEPS) 16418.63
2023-10-11 12:45:39,633 - tune.py [line:103] - INFO: Epoch 00320 | Time(s) 0.0394 | Val Loss 1.3055 | Val Acc 0.6286 | ETputs(KTEPS) 16508.91
2023-10-11 12:45:40,155 - tune.py [line:117] - INFO: [FINAL MODEL] Val accuracy 69.01% \Val loss: 1.6
2023-10-11 12:45:40,162 - tune.py [line:119] - INFO: [FINAL MODEL] Test accuracy 69.37% \Test loss: 1.6
2023-10-11 12:45:40,163 - tune.py [line:144] - INFO: Acc on the first split (Validation Set): 0.6901
2023-10-11 12:45:40,163 - tune.py [line:145] - INFO: Acc on the first split (Test Set): 0.6937
