2023-10-11 12:48:14,645 - tune.py [line:203] - INFO: Namespace(seed=42, model='NormalNNV2', gpu=0, dataset='geom-chameleon', logging=True, log_detail=True, log_detailedCh=False, id_log=1011014505, optuna_n_trials=202, n_epochs=2000, self_loop=True, udgraph=True, early_stop=True, patience=300, n_hidden=64, n_cv=1, start_cv=0, n_layers=12, lr1=0.05, lr2=0.02, wd1=1e-07, wd2=1e-06, dropout=0.0, dropout2=0.4, es_ckpt='TestTuningScript-geom-chameleon_NormalNNV2-geom-chameleon_trialNo181')
2023-10-11 12:48:15,490 - tune.py [line:128] - INFO: Split_seeds:[1824]
2023-10-11 12:48:15,490 - tune.py [line:129] - INFO: Model_seeds:[409]
2023-10-11 12:48:16,341 - tune.py [line:103] - INFO: Epoch 00020 | Time(s) 0.0406 | Val Loss 1.5821 | Val Acc 0.6308 | ETputs(KTEPS) 16029.03
2023-10-11 12:48:17,147 - tune.py [line:103] - INFO: Epoch 00040 | Time(s) 0.0403 | Val Loss 1.5556 | Val Acc 0.6418 | ETputs(KTEPS) 16121.62
2023-10-11 12:48:17,946 - tune.py [line:103] - INFO: Epoch 00060 | Time(s) 0.0402 | Val Loss 1.5305 | Val Acc 0.6286 | ETputs(KTEPS) 16175.75
2023-10-11 12:48:18,814 - tune.py [line:103] - INFO: Epoch 00080 | Time(s) 0.0410 | Val Loss 1.5080 | Val Acc 0.6308 | ETputs(KTEPS) 15864.67
2023-10-11 12:48:19,628 - tune.py [line:103] - INFO: Epoch 00100 | Time(s) 0.0409 | Val Loss 1.4770 | Val Acc 0.6462 | ETputs(KTEPS) 15886.37
2023-10-11 12:48:20,426 - tune.py [line:103] - INFO: Epoch 00120 | Time(s) 0.0408 | Val Loss 1.4551 | Val Acc 0.6418 | ETputs(KTEPS) 15954.48
2023-10-11 12:48:21,118 - tune.py [line:103] - INFO: Epoch 00140 | Time(s) 0.0399 | Val Loss 1.4271 | Val Acc 0.6505 | ETputs(KTEPS) 16307.63
2023-10-11 12:48:21,915 - tune.py [line:103] - INFO: Epoch 00160 | Time(s) 0.0399 | Val Loss 1.4142 | Val Acc 0.6462 | ETputs(KTEPS) 16311.13
2023-10-11 12:48:22,705 - tune.py [line:103] - INFO: Epoch 00180 | Time(s) 0.0398 | Val Loss 1.3809 | Val Acc 0.6593 | ETputs(KTEPS) 16328.73
2023-10-11 12:48:23,536 - tune.py [line:103] - INFO: Epoch 00200 | Time(s) 0.0400 | Val Loss 1.3612 | Val Acc 0.6549 | ETputs(KTEPS) 16258.07
2023-10-11 12:48:24,339 - tune.py [line:103] - INFO: Epoch 00220 | Time(s) 0.0400 | Val Loss 1.3423 | Val Acc 0.6549 | ETputs(KTEPS) 16252.30
2023-10-11 12:48:25,125 - tune.py [line:103] - INFO: Epoch 00240 | Time(s) 0.0399 | Val Loss 1.3290 | Val Acc 0.6527 | ETputs(KTEPS) 16278.28
2023-10-11 12:48:25,921 - tune.py [line:103] - INFO: Epoch 00260 | Time(s) 0.0399 | Val Loss 1.3083 | Val Acc 0.6462 | ETputs(KTEPS) 16282.93
2023-10-11 12:48:26,718 - tune.py [line:103] - INFO: Epoch 00280 | Time(s) 0.0399 | Val Loss 1.2934 | Val Acc 0.6549 | ETputs(KTEPS) 16286.30
2023-10-11 12:48:27,506 - tune.py [line:103] - INFO: Epoch 00300 | Time(s) 0.0399 | Val Loss 1.2777 | Val Acc 0.6527 | ETputs(KTEPS) 16300.57
2023-10-11 12:48:28,306 - tune.py [line:103] - INFO: Epoch 00320 | Time(s) 0.0399 | Val Loss 1.2583 | Val Acc 0.6527 | ETputs(KTEPS) 16298.41
2023-10-11 12:48:28,640 - tune.py [line:117] - INFO: [FINAL MODEL] Val accuracy 67.91% \Val loss: 1.6
2023-10-11 12:48:28,649 - tune.py [line:119] - INFO: [FINAL MODEL] Test accuracy 70.24% \Test loss: 1.6
2023-10-11 12:48:28,650 - tune.py [line:144] - INFO: Acc on the first split (Validation Set): 0.6791
2023-10-11 12:48:28,650 - tune.py [line:145] - INFO: Acc on the first split (Test Set): 0.7024
