2023-10-11 10:25:45,304 - tune.py [line:203] - INFO: Namespace(seed=42, model='NormalNNV2', gpu=0, dataset='geom-chameleon', logging=True, log_detail=True, log_detailedCh=False, id_log=1011014505, optuna_n_trials=202, n_epochs=2000, self_loop=True, udgraph=True, early_stop=True, patience=300, n_hidden=64, n_cv=1, start_cv=0, n_layers=8, lr1=0.05, lr2=0.04, wd1=1e-07, wd2=0.001, dropout=0.2, dropout2=0.3, es_ckpt='TestTuningScript-geom-chameleon_NormalNNV2-geom-chameleon_trialNo103')
2023-10-11 10:25:46,038 - tune.py [line:128] - INFO: Split_seeds:[1824]
2023-10-11 10:25:46,038 - tune.py [line:129] - INFO: Model_seeds:[409]
2023-10-11 10:25:46,666 - tune.py [line:103] - INFO: Epoch 00020 | Time(s) 0.0294 | Val Loss 1.5694 | Val Acc 0.6747 | ETputs(KTEPS) 22120.60
2023-10-11 10:25:47,280 - tune.py [line:103] - INFO: Epoch 00040 | Time(s) 0.0300 | Val Loss 1.5350 | Val Acc 0.6527 | ETputs(KTEPS) 21648.55
2023-10-11 10:25:47,893 - tune.py [line:103] - INFO: Epoch 00060 | Time(s) 0.0302 | Val Loss 1.5106 | Val Acc 0.6615 | ETputs(KTEPS) 21514.44
2023-10-11 10:25:48,521 - tune.py [line:103] - INFO: Epoch 00080 | Time(s) 0.0305 | Val Loss 1.5013 | Val Acc 0.6769 | ETputs(KTEPS) 21306.43
2023-10-11 10:25:49,145 - tune.py [line:103] - INFO: Epoch 00100 | Time(s) 0.0306 | Val Loss 1.4986 | Val Acc 0.6637 | ETputs(KTEPS) 21213.50
2023-10-11 10:25:49,748 - tune.py [line:103] - INFO: Epoch 00120 | Time(s) 0.0305 | Val Loss 1.4978 | Val Acc 0.6637 | ETputs(KTEPS) 21288.31
2023-10-11 10:25:50,412 - tune.py [line:103] - INFO: Epoch 00140 | Time(s) 0.0309 | Val Loss 1.5005 | Val Acc 0.6769 | ETputs(KTEPS) 21027.84
2023-10-11 10:25:51,033 - tune.py [line:103] - INFO: Epoch 00160 | Time(s) 0.0309 | Val Loss 1.4997 | Val Acc 0.6747 | ETputs(KTEPS) 21018.61
2023-10-11 10:25:51,660 - tune.py [line:103] - INFO: Epoch 00180 | Time(s) 0.0310 | Val Loss 1.5028 | Val Acc 0.6725 | ETputs(KTEPS) 20989.94
2023-10-11 10:25:52,366 - tune.py [line:103] - INFO: Epoch 00200 | Time(s) 0.0314 | Val Loss 1.5058 | Val Acc 0.6681 | ETputs(KTEPS) 20701.50
2023-10-11 10:25:53,134 - tune.py [line:103] - INFO: Epoch 00220 | Time(s) 0.0320 | Val Loss 1.5091 | Val Acc 0.6747 | ETputs(KTEPS) 20293.72
2023-10-11 10:25:53,826 - tune.py [line:103] - INFO: Epoch 00240 | Time(s) 0.0322 | Val Loss 1.5123 | Val Acc 0.6747 | ETputs(KTEPS) 20161.33
2023-10-11 10:25:54,460 - tune.py [line:103] - INFO: Epoch 00260 | Time(s) 0.0322 | Val Loss 1.5144 | Val Acc 0.6681 | ETputs(KTEPS) 20188.62
2023-10-11 10:25:55,154 - tune.py [line:103] - INFO: Epoch 00280 | Time(s) 0.0324 | Val Loss 1.5207 | Val Acc 0.6637 | ETputs(KTEPS) 20078.51
2023-10-11 10:25:55,865 - tune.py [line:103] - INFO: Epoch 00300 | Time(s) 0.0326 | Val Loss 1.5175 | Val Acc 0.6681 | ETputs(KTEPS) 19949.79
2023-10-11 10:25:56,615 - tune.py [line:103] - INFO: Epoch 00320 | Time(s) 0.0329 | Val Loss 1.5204 | Val Acc 0.6615 | ETputs(KTEPS) 19765.49
2023-10-11 10:25:57,253 - tune.py [line:103] - INFO: Epoch 00340 | Time(s) 0.0328 | Val Loss 1.5207 | Val Acc 0.6835 | ETputs(KTEPS) 19806.14
2023-10-11 10:25:57,890 - tune.py [line:103] - INFO: Epoch 00360 | Time(s) 0.0328 | Val Loss 1.5215 | Val Acc 0.6593 | ETputs(KTEPS) 19840.85
2023-10-11 10:25:58,514 - tune.py [line:103] - INFO: Epoch 00380 | Time(s) 0.0327 | Val Loss 1.5229 | Val Acc 0.6615 | ETputs(KTEPS) 19890.78
2023-10-11 10:25:59,204 - tune.py [line:103] - INFO: Epoch 00400 | Time(s) 0.0328 | Val Loss 1.5218 | Val Acc 0.6725 | ETputs(KTEPS) 19836.54
2023-10-11 10:25:59,893 - tune.py [line:103] - INFO: Epoch 00420 | Time(s) 0.0329 | Val Loss 1.5224 | Val Acc 0.6659 | ETputs(KTEPS) 19788.82
2023-10-11 10:26:00,550 - tune.py [line:103] - INFO: Epoch 00440 | Time(s) 0.0329 | Val Loss 1.5232 | Val Acc 0.6571 | ETputs(KTEPS) 19790.69
2023-10-11 10:26:01,151 - tune.py [line:103] - INFO: Epoch 00460 | Time(s) 0.0327 | Val Loss 1.5224 | Val Acc 0.6637 | ETputs(KTEPS) 19863.95
2023-10-11 10:26:01,764 - tune.py [line:103] - INFO: Epoch 00480 | Time(s) 0.0326 | Val Loss 1.5228 | Val Acc 0.6462 | ETputs(KTEPS) 19918.20
2023-10-11 10:26:02,369 - tune.py [line:103] - INFO: Epoch 00500 | Time(s) 0.0325 | Val Loss 1.5226 | Val Acc 0.6659 | ETputs(KTEPS) 19976.34
2023-10-11 10:26:02,973 - tune.py [line:103] - INFO: Epoch 00520 | Time(s) 0.0325 | Val Loss 1.5248 | Val Acc 0.6725 | ETputs(KTEPS) 20033.19
2023-10-11 10:26:03,580 - tune.py [line:103] - INFO: Epoch 00540 | Time(s) 0.0324 | Val Loss 1.5243 | Val Acc 0.6505 | ETputs(KTEPS) 20082.11
2023-10-11 10:26:04,182 - tune.py [line:103] - INFO: Epoch 00560 | Time(s) 0.0323 | Val Loss 1.5225 | Val Acc 0.6615 | ETputs(KTEPS) 20132.54
2023-10-11 10:26:04,807 - tune.py [line:103] - INFO: Epoch 00580 | Time(s) 0.0323 | Val Loss 1.5240 | Val Acc 0.6681 | ETputs(KTEPS) 20156.03
2023-10-11 10:26:05,442 - tune.py [line:103] - INFO: Epoch 00600 | Time(s) 0.0322 | Val Loss 1.5253 | Val Acc 0.6747 | ETputs(KTEPS) 20167.14
2023-10-11 10:26:06,076 - tune.py [line:103] - INFO: Epoch 00620 | Time(s) 0.0322 | Val Loss 1.5248 | Val Acc 0.6659 | ETputs(KTEPS) 20179.23
2023-10-11 10:26:06,643 - tune.py [line:117] - INFO: [FINAL MODEL] Val accuracy 69.45% \Val loss: 1.5
2023-10-11 10:26:06,649 - tune.py [line:119] - INFO: [FINAL MODEL] Test accuracy 69.15% \Test loss: 1.5
2023-10-11 10:26:06,649 - tune.py [line:144] - INFO: Acc on the first split (Validation Set): 0.6945
2023-10-11 10:26:06,649 - tune.py [line:145] - INFO: Acc on the first split (Test Set): 0.6915
