2023-10-11 10:10:00,938 - tune.py [line:203] - INFO: Namespace(seed=42, model='NormalNNV2', gpu=0, dataset='geom-chameleon', logging=True, log_detail=True, log_detailedCh=False, id_log=1011014505, optuna_n_trials=202, n_epochs=2000, self_loop=True, udgraph=True, early_stop=True, patience=300, n_hidden=64, n_cv=1, start_cv=0, n_layers=8, lr1=0.05, lr2=0.04, wd1=1e-07, wd2=0.0001, dropout=0.0, dropout2=0.2, es_ckpt='TestTuningScript-geom-chameleon_NormalNNV2-geom-chameleon_trialNo15')
2023-10-11 10:10:01,735 - tune.py [line:128] - INFO: Split_seeds:[1824]
2023-10-11 10:10:01,735 - tune.py [line:129] - INFO: Model_seeds:[409]
2023-10-11 10:10:02,465 - tune.py [line:103] - INFO: Epoch 00020 | Time(s) 0.0343 | Val Loss 1.5760 | Val Acc 0.6308 | ETputs(KTEPS) 18976.06
2023-10-11 10:10:03,165 - tune.py [line:103] - INFO: Epoch 00040 | Time(s) 0.0346 | Val Loss 1.5400 | Val Acc 0.6462 | ETputs(KTEPS) 18782.59
2023-10-11 10:10:03,759 - tune.py [line:103] - INFO: Epoch 00060 | Time(s) 0.0329 | Val Loss 1.5067 | Val Acc 0.6198 | ETputs(KTEPS) 19737.60
2023-10-11 10:10:04,524 - tune.py [line:103] - INFO: Epoch 00080 | Time(s) 0.0343 | Val Loss 1.4695 | Val Acc 0.6022 | ETputs(KTEPS) 18974.59
2023-10-11 10:10:05,220 - tune.py [line:103] - INFO: Epoch 00100 | Time(s) 0.0344 | Val Loss 1.4488 | Val Acc 0.6132 | ETputs(KTEPS) 18921.19
2023-10-11 10:10:05,921 - tune.py [line:103] - INFO: Epoch 00120 | Time(s) 0.0345 | Val Loss 1.4105 | Val Acc 0.6198 | ETputs(KTEPS) 18860.79
2023-10-11 10:10:06,723 - tune.py [line:103] - INFO: Epoch 00140 | Time(s) 0.0353 | Val Loss 1.3916 | Val Acc 0.6110 | ETputs(KTEPS) 18432.38
2023-10-11 10:10:07,371 - tune.py [line:103] - INFO: Epoch 00160 | Time(s) 0.0349 | Val Loss 1.3744 | Val Acc 0.6110 | ETputs(KTEPS) 18629.78
2023-10-11 10:10:08,017 - tune.py [line:103] - INFO: Epoch 00180 | Time(s) 0.0346 | Val Loss 1.3549 | Val Acc 0.6220 | ETputs(KTEPS) 18787.64
2023-10-11 10:10:08,664 - tune.py [line:103] - INFO: Epoch 00200 | Time(s) 0.0344 | Val Loss 1.3316 | Val Acc 0.6286 | ETputs(KTEPS) 18912.79
2023-10-11 10:10:09,290 - tune.py [line:103] - INFO: Epoch 00220 | Time(s) 0.0341 | Val Loss 1.3223 | Val Acc 0.6242 | ETputs(KTEPS) 19068.59
2023-10-11 10:10:09,907 - tune.py [line:103] - INFO: Epoch 00240 | Time(s) 0.0338 | Val Loss 1.3043 | Val Acc 0.6242 | ETputs(KTEPS) 19224.35
2023-10-11 10:10:10,572 - tune.py [line:103] - INFO: Epoch 00260 | Time(s) 0.0338 | Val Loss 1.3020 | Val Acc 0.6264 | ETputs(KTEPS) 19249.32
2023-10-11 10:10:11,198 - tune.py [line:103] - INFO: Epoch 00280 | Time(s) 0.0336 | Val Loss 1.2864 | Val Acc 0.6330 | ETputs(KTEPS) 19351.38
2023-10-11 10:10:11,868 - tune.py [line:103] - INFO: Epoch 00300 | Time(s) 0.0336 | Val Loss 1.2764 | Val Acc 0.6396 | ETputs(KTEPS) 19356.64
2023-10-11 10:10:12,474 - tune.py [line:103] - INFO: Epoch 00320 | Time(s) 0.0334 | Val Loss 1.2704 | Val Acc 0.6264 | ETputs(KTEPS) 19476.43
2023-10-11 10:10:13,084 - tune.py [line:103] - INFO: Epoch 00340 | Time(s) 0.0332 | Val Loss 1.2710 | Val Acc 0.6440 | ETputs(KTEPS) 19576.90
2023-10-11 10:10:13,670 - tune.py [line:103] - INFO: Epoch 00360 | Time(s) 0.0330 | Val Loss 1.2556 | Val Acc 0.6374 | ETputs(KTEPS) 19706.07
2023-10-11 10:10:14,323 - tune.py [line:103] - INFO: Epoch 00380 | Time(s) 0.0330 | Val Loss 1.2570 | Val Acc 0.6330 | ETputs(KTEPS) 19718.61
2023-10-11 10:10:15,055 - tune.py [line:103] - INFO: Epoch 00400 | Time(s) 0.0331 | Val Loss 1.2530 | Val Acc 0.6242 | ETputs(KTEPS) 19617.17
2023-10-11 10:10:15,777 - tune.py [line:103] - INFO: Epoch 00420 | Time(s) 0.0333 | Val Loss 1.2450 | Val Acc 0.6330 | ETputs(KTEPS) 19535.10
2023-10-11 10:10:16,423 - tune.py [line:103] - INFO: Epoch 00440 | Time(s) 0.0332 | Val Loss 1.2411 | Val Acc 0.6330 | ETputs(KTEPS) 19561.79
2023-10-11 10:10:17,054 - tune.py [line:103] - INFO: Epoch 00460 | Time(s) 0.0332 | Val Loss 1.2484 | Val Acc 0.6396 | ETputs(KTEPS) 19605.26
2023-10-11 10:10:17,655 - tune.py [line:103] - INFO: Epoch 00480 | Time(s) 0.0330 | Val Loss 1.2425 | Val Acc 0.6462 | ETputs(KTEPS) 19684.34
2023-10-11 10:10:18,283 - tune.py [line:103] - INFO: Epoch 00500 | Time(s) 0.0330 | Val Loss 1.2391 | Val Acc 0.6396 | ETputs(KTEPS) 19727.18
2023-10-11 10:10:18,915 - tune.py [line:103] - INFO: Epoch 00520 | Time(s) 0.0329 | Val Loss 1.2418 | Val Acc 0.6242 | ETputs(KTEPS) 19758.28
2023-10-11 10:10:19,531 - tune.py [line:103] - INFO: Epoch 00540 | Time(s) 0.0328 | Val Loss 1.2343 | Val Acc 0.6505 | ETputs(KTEPS) 19805.98
2023-10-11 10:10:20,135 - tune.py [line:103] - INFO: Epoch 00560 | Time(s) 0.0327 | Val Loss 1.2349 | Val Acc 0.6615 | ETputs(KTEPS) 19865.41
2023-10-11 10:10:20,879 - tune.py [line:103] - INFO: Epoch 00580 | Time(s) 0.0329 | Val Loss 1.2315 | Val Acc 0.6484 | ETputs(KTEPS) 19776.37
2023-10-11 10:10:21,543 - tune.py [line:103] - INFO: Epoch 00600 | Time(s) 0.0329 | Val Loss 1.2298 | Val Acc 0.6593 | ETputs(KTEPS) 19770.06
2023-10-11 10:10:22,227 - tune.py [line:103] - INFO: Epoch 00620 | Time(s) 0.0329 | Val Loss 1.2312 | Val Acc 0.6593 | ETputs(KTEPS) 19744.88
2023-10-11 10:10:22,942 - tune.py [line:103] - INFO: Epoch 00640 | Time(s) 0.0330 | Val Loss 1.2320 | Val Acc 0.6725 | ETputs(KTEPS) 19693.33
2023-10-11 10:10:23,586 - tune.py [line:103] - INFO: Epoch 00660 | Time(s) 0.0330 | Val Loss 1.2319 | Val Acc 0.6637 | ETputs(KTEPS) 19710.45
2023-10-11 10:10:24,198 - tune.py [line:103] - INFO: Epoch 00680 | Time(s) 0.0329 | Val Loss 1.2405 | Val Acc 0.6462 | ETputs(KTEPS) 19752.60
2023-10-11 10:10:24,873 - tune.py [line:103] - INFO: Epoch 00700 | Time(s) 0.0329 | Val Loss 1.2273 | Val Acc 0.6615 | ETputs(KTEPS) 19738.96
2023-10-11 10:10:25,524 - tune.py [line:103] - INFO: Epoch 00720 | Time(s) 0.0329 | Val Loss 1.2298 | Val Acc 0.6527 | ETputs(KTEPS) 19746.25
2023-10-11 10:10:26,222 - tune.py [line:103] - INFO: Epoch 00740 | Time(s) 0.0330 | Val Loss 1.2396 | Val Acc 0.6659 | ETputs(KTEPS) 19714.62
2023-10-11 10:10:26,913 - tune.py [line:103] - INFO: Epoch 00760 | Time(s) 0.0330 | Val Loss 1.2421 | Val Acc 0.6593 | ETputs(KTEPS) 19690.24
2023-10-11 10:10:27,615 - tune.py [line:103] - INFO: Epoch 00780 | Time(s) 0.0331 | Val Loss 1.2280 | Val Acc 0.6681 | ETputs(KTEPS) 19659.27
2023-10-11 10:10:28,287 - tune.py [line:103] - INFO: Epoch 00800 | Time(s) 0.0331 | Val Loss 1.2366 | Val Acc 0.6615 | ETputs(KTEPS) 19659.28
2023-10-11 10:10:29,020 - tune.py [line:103] - INFO: Epoch 00820 | Time(s) 0.0332 | Val Loss 1.2370 | Val Acc 0.6549 | ETputs(KTEPS) 19608.06
2023-10-11 10:10:29,673 - tune.py [line:103] - INFO: Epoch 00840 | Time(s) 0.0331 | Val Loss 1.2439 | Val Acc 0.6527 | ETputs(KTEPS) 19615.52
2023-10-11 10:10:30,322 - tune.py [line:103] - INFO: Epoch 00860 | Time(s) 0.0331 | Val Loss 1.2389 | Val Acc 0.6593 | ETputs(KTEPS) 19625.78
2023-10-11 10:10:30,932 - tune.py [line:103] - INFO: Epoch 00880 | Time(s) 0.0331 | Val Loss 1.2507 | Val Acc 0.6549 | ETputs(KTEPS) 19661.37
2023-10-11 10:10:31,538 - tune.py [line:103] - INFO: Epoch 00900 | Time(s) 0.0330 | Val Loss 1.2429 | Val Acc 0.6769 | ETputs(KTEPS) 19698.48
2023-10-11 10:10:32,162 - tune.py [line:103] - INFO: Epoch 00920 | Time(s) 0.0330 | Val Loss 1.2501 | Val Acc 0.6549 | ETputs(KTEPS) 19722.23
2023-10-11 10:10:32,855 - tune.py [line:103] - INFO: Epoch 00940 | Time(s) 0.0330 | Val Loss 1.2486 | Val Acc 0.6593 | ETputs(KTEPS) 19701.50
2023-10-11 10:10:33,523 - tune.py [line:103] - INFO: Epoch 00960 | Time(s) 0.0330 | Val Loss 1.2416 | Val Acc 0.6769 | ETputs(KTEPS) 19696.83
2023-10-11 10:10:34,169 - tune.py [line:103] - INFO: Epoch 00980 | Time(s) 0.0330 | Val Loss 1.2411 | Val Acc 0.6637 | ETputs(KTEPS) 19705.92
2023-10-11 10:10:34,805 - tune.py [line:103] - INFO: Epoch 01000 | Time(s) 0.0330 | Val Loss 1.2496 | Val Acc 0.6615 | ETputs(KTEPS) 19720.87
2023-10-11 10:10:35,416 - tune.py [line:103] - INFO: Epoch 01020 | Time(s) 0.0329 | Val Loss 1.2508 | Val Acc 0.6703 | ETputs(KTEPS) 19749.73
2023-10-11 10:10:36,084 - tune.py [line:103] - INFO: Epoch 01040 | Time(s) 0.0329 | Val Loss 1.2586 | Val Acc 0.6593 | ETputs(KTEPS) 19744.56
2023-10-11 10:10:36,700 - tune.py [line:103] - INFO: Epoch 01060 | Time(s) 0.0329 | Val Loss 1.2525 | Val Acc 0.6725 | ETputs(KTEPS) 19769.01
2023-10-11 10:10:37,313 - tune.py [line:103] - INFO: Epoch 01080 | Time(s) 0.0328 | Val Loss 1.2628 | Val Acc 0.6308 | ETputs(KTEPS) 19794.05
2023-10-11 10:10:37,384 - tune.py [line:117] - INFO: [FINAL MODEL] Val accuracy 69.01% \Val loss: 1.2
2023-10-11 10:10:37,390 - tune.py [line:119] - INFO: [FINAL MODEL] Test accuracy 68.05% \Test loss: 1.2
2023-10-11 10:10:37,391 - tune.py [line:144] - INFO: Acc on the first split (Validation Set): 0.6901
2023-10-11 10:10:37,391 - tune.py [line:145] - INFO: Acc on the first split (Test Set): 0.6805
