2023-10-11 10:12:13,906 - tune.py [line:203] - INFO: Namespace(seed=42, model='NormalNNV2', gpu=0, dataset='geom-chameleon', logging=True, log_detail=True, log_detailedCh=False, id_log=1011014505, optuna_n_trials=202, n_epochs=2000, self_loop=True, udgraph=True, early_stop=True, patience=300, n_hidden=64, n_cv=1, start_cv=0, n_layers=12, lr1=0.04, lr2=0.02, wd1=1e-08, wd2=0.001, dropout=0.5, dropout2=0.3, es_ckpt='TestTuningScript-geom-chameleon_NormalNNV2-geom-chameleon_trialNo21')
2023-10-11 10:12:14,792 - tune.py [line:128] - INFO: Split_seeds:[1824]
2023-10-11 10:12:14,792 - tune.py [line:129] - INFO: Model_seeds:[409]
2023-10-11 10:12:15,710 - tune.py [line:103] - INFO: Epoch 00020 | Time(s) 0.0439 | Val Loss 1.5791 | Val Acc 0.6527 | ETputs(KTEPS) 14827.04
2023-10-11 10:12:16,606 - tune.py [line:103] - INFO: Epoch 00040 | Time(s) 0.0440 | Val Loss 1.5565 | Val Acc 0.6725 | ETputs(KTEPS) 14770.79
2023-10-11 10:12:17,416 - tune.py [line:103] - INFO: Epoch 00060 | Time(s) 0.0427 | Val Loss 1.5364 | Val Acc 0.6703 | ETputs(KTEPS) 15221.77
2023-10-11 10:12:18,197 - tune.py [line:103] - INFO: Epoch 00080 | Time(s) 0.0418 | Val Loss 1.5242 | Val Acc 0.6396 | ETputs(KTEPS) 15566.11
2023-10-11 10:12:18,951 - tune.py [line:103] - INFO: Epoch 00100 | Time(s) 0.0409 | Val Loss 1.5123 | Val Acc 0.6681 | ETputs(KTEPS) 15884.81
2023-10-11 10:12:19,777 - tune.py [line:103] - INFO: Epoch 00120 | Time(s) 0.0410 | Val Loss 1.5012 | Val Acc 0.6725 | ETputs(KTEPS) 15869.84
2023-10-11 10:12:20,588 - tune.py [line:103] - INFO: Epoch 00140 | Time(s) 0.0409 | Val Loss 1.4991 | Val Acc 0.6637 | ETputs(KTEPS) 15895.45
2023-10-11 10:12:21,445 - tune.py [line:103] - INFO: Epoch 00160 | Time(s) 0.0411 | Val Loss 1.4908 | Val Acc 0.6769 | ETputs(KTEPS) 15801.14
2023-10-11 10:12:22,233 - tune.py [line:103] - INFO: Epoch 00180 | Time(s) 0.0409 | Val Loss 1.4881 | Val Acc 0.6813 | ETputs(KTEPS) 15884.36
2023-10-11 10:12:23,076 - tune.py [line:103] - INFO: Epoch 00200 | Time(s) 0.0411 | Val Loss 1.4874 | Val Acc 0.6681 | ETputs(KTEPS) 15837.34
2023-10-11 10:12:23,897 - tune.py [line:103] - INFO: Epoch 00220 | Time(s) 0.0410 | Val Loss 1.4848 | Val Acc 0.6901 | ETputs(KTEPS) 15839.68
2023-10-11 10:12:24,877 - tune.py [line:103] - INFO: Epoch 00240 | Time(s) 0.0417 | Val Loss 1.4857 | Val Acc 0.6791 | ETputs(KTEPS) 15591.85
2023-10-11 10:12:25,665 - tune.py [line:103] - INFO: Epoch 00260 | Time(s) 0.0415 | Val Loss 1.4842 | Val Acc 0.6791 | ETputs(KTEPS) 15659.81
2023-10-11 10:12:26,453 - tune.py [line:103] - INFO: Epoch 00280 | Time(s) 0.0414 | Val Loss 1.4833 | Val Acc 0.6747 | ETputs(KTEPS) 15718.02
2023-10-11 10:12:27,241 - tune.py [line:103] - INFO: Epoch 00300 | Time(s) 0.0412 | Val Loss 1.4832 | Val Acc 0.6989 | ETputs(KTEPS) 15770.54
2023-10-11 10:12:27,988 - tune.py [line:103] - INFO: Epoch 00320 | Time(s) 0.0410 | Val Loss 1.4841 | Val Acc 0.6703 | ETputs(KTEPS) 15868.63
2023-10-11 10:12:28,763 - tune.py [line:103] - INFO: Epoch 00340 | Time(s) 0.0408 | Val Loss 1.4820 | Val Acc 0.6879 | ETputs(KTEPS) 15920.39
2023-10-11 10:12:29,560 - tune.py [line:103] - INFO: Epoch 00360 | Time(s) 0.0408 | Val Loss 1.4840 | Val Acc 0.6791 | ETputs(KTEPS) 15942.80
2023-10-11 10:12:30,353 - tune.py [line:103] - INFO: Epoch 00380 | Time(s) 0.0407 | Val Loss 1.4823 | Val Acc 0.6923 | ETputs(KTEPS) 15966.50
2023-10-11 10:12:31,162 - tune.py [line:103] - INFO: Epoch 00400 | Time(s) 0.0407 | Val Loss 1.4830 | Val Acc 0.6901 | ETputs(KTEPS) 15971.87
2023-10-11 10:12:31,987 - tune.py [line:103] - INFO: Epoch 00420 | Time(s) 0.0407 | Val Loss 1.4835 | Val Acc 0.6967 | ETputs(KTEPS) 15962.69
2023-10-11 10:12:32,771 - tune.py [line:103] - INFO: Epoch 00440 | Time(s) 0.0407 | Val Loss 1.4823 | Val Acc 0.6879 | ETputs(KTEPS) 15990.16
2023-10-11 10:12:33,618 - tune.py [line:103] - INFO: Epoch 00460 | Time(s) 0.0407 | Val Loss 1.4833 | Val Acc 0.6923 | ETputs(KTEPS) 15962.01
2023-10-11 10:12:34,418 - tune.py [line:103] - INFO: Epoch 00480 | Time(s) 0.0407 | Val Loss 1.4833 | Val Acc 0.6901 | ETputs(KTEPS) 15974.23
2023-10-11 10:12:35,370 - tune.py [line:103] - INFO: Epoch 00500 | Time(s) 0.0410 | Val Loss 1.4841 | Val Acc 0.6923 | ETputs(KTEPS) 15867.21
2023-10-11 10:12:36,239 - tune.py [line:103] - INFO: Epoch 00520 | Time(s) 0.0411 | Val Loss 1.4858 | Val Acc 0.6813 | ETputs(KTEPS) 15831.25
2023-10-11 10:12:37,006 - tune.py [line:103] - INFO: Epoch 00540 | Time(s) 0.0410 | Val Loss 1.4867 | Val Acc 0.6879 | ETputs(KTEPS) 15870.49
2023-10-11 10:12:37,871 - tune.py [line:103] - INFO: Epoch 00560 | Time(s) 0.0410 | Val Loss 1.4860 | Val Acc 0.6879 | ETputs(KTEPS) 15839.01
2023-10-11 10:12:38,662 - tune.py [line:103] - INFO: Epoch 00580 | Time(s) 0.0410 | Val Loss 1.4861 | Val Acc 0.6791 | ETputs(KTEPS) 15859.78
2023-10-11 10:12:39,655 - tune.py [line:103] - INFO: Epoch 00600 | Time(s) 0.0413 | Val Loss 1.4882 | Val Acc 0.6703 | ETputs(KTEPS) 15749.32
2023-10-11 10:12:39,750 - tune.py [line:117] - INFO: [FINAL MODEL] Val accuracy 70.55% \Val loss: 1.5
2023-10-11 10:12:39,758 - tune.py [line:119] - INFO: [FINAL MODEL] Test accuracy 70.24% \Test loss: 1.5
2023-10-11 10:12:39,758 - tune.py [line:144] - INFO: Acc on the first split (Validation Set): 0.7055
2023-10-11 10:12:39,758 - tune.py [line:145] - INFO: Acc on the first split (Test Set): 0.7024
