2023-10-11 12:31:06,384 - tune.py [line:203] - INFO: Namespace(seed=42, model='NormalNNV2', gpu=0, dataset='geom-chameleon', logging=True, log_detail=True, log_detailedCh=False, id_log=1011014505, optuna_n_trials=202, n_epochs=2000, self_loop=True, udgraph=True, early_stop=True, patience=300, n_hidden=64, n_cv=1, start_cv=0, n_layers=16, lr1=0.05, lr2=0.05, wd1=1e-07, wd2=1e-06, dropout=0.2, dropout2=0.3, es_ckpt='TestTuningScript-geom-chameleon_NormalNNV2-geom-chameleon_trialNo15')
2023-10-11 12:31:07,108 - tune.py [line:128] - INFO: Split_seeds:[1824]
2023-10-11 12:31:07,109 - tune.py [line:129] - INFO: Model_seeds:[409]
2023-10-11 12:31:08,123 - tune.py [line:103] - INFO: Epoch 00020 | Time(s) 0.0490 | Val Loss 1.5461 | Val Acc 0.6396 | ETputs(KTEPS) 13275.50
2023-10-11 12:31:09,133 - tune.py [line:103] - INFO: Epoch 00040 | Time(s) 0.0495 | Val Loss 1.4876 | Val Acc 0.6286 | ETputs(KTEPS) 13141.50
2023-10-11 12:31:09,976 - tune.py [line:103] - INFO: Epoch 00060 | Time(s) 0.0470 | Val Loss 1.4410 | Val Acc 0.6352 | ETputs(KTEPS) 13828.55
2023-10-11 12:31:10,740 - tune.py [line:103] - INFO: Epoch 00080 | Time(s) 0.0448 | Val Loss 1.4005 | Val Acc 0.6044 | ETputs(KTEPS) 14509.00
2023-10-11 12:31:11,518 - tune.py [line:103] - INFO: Epoch 00100 | Time(s) 0.0436 | Val Loss 1.3909 | Val Acc 0.5846 | ETputs(KTEPS) 14902.31
2023-10-11 12:31:12,511 - tune.py [line:103] - INFO: Epoch 00120 | Time(s) 0.0446 | Val Loss 1.3811 | Val Acc 0.5473 | ETputs(KTEPS) 14569.00
2023-10-11 12:31:13,500 - tune.py [line:103] - INFO: Epoch 00140 | Time(s) 0.0453 | Val Loss 1.3801 | Val Acc 0.5604 | ETputs(KTEPS) 14348.24
2023-10-11 12:31:14,483 - tune.py [line:103] - INFO: Epoch 00160 | Time(s) 0.0458 | Val Loss 1.3610 | Val Acc 0.5626 | ETputs(KTEPS) 14198.64
2023-10-11 12:31:15,488 - tune.py [line:103] - INFO: Epoch 00180 | Time(s) 0.0463 | Val Loss 1.3921 | Val Acc 0.5099 | ETputs(KTEPS) 14048.42
2023-10-11 12:31:16,456 - tune.py [line:103] - INFO: Epoch 00200 | Time(s) 0.0465 | Val Loss 1.3907 | Val Acc 0.4835 | ETputs(KTEPS) 13984.69
2023-10-11 12:31:17,451 - tune.py [line:103] - INFO: Epoch 00220 | Time(s) 0.0468 | Val Loss 1.3752 | Val Acc 0.5231 | ETputs(KTEPS) 13897.54
2023-10-11 12:31:18,440 - tune.py [line:103] - INFO: Epoch 00240 | Time(s) 0.0470 | Val Loss 1.3814 | Val Acc 0.5187 | ETputs(KTEPS) 13832.37
2023-10-11 12:31:19,434 - tune.py [line:103] - INFO: Epoch 00260 | Time(s) 0.0472 | Val Loss 1.3883 | Val Acc 0.5165 | ETputs(KTEPS) 13771.34
2023-10-11 12:31:20,378 - tune.py [line:103] - INFO: Epoch 00280 | Time(s) 0.0472 | Val Loss 1.3945 | Val Acc 0.5077 | ETputs(KTEPS) 13772.01
2023-10-11 12:31:21,339 - tune.py [line:103] - INFO: Epoch 00300 | Time(s) 0.0473 | Val Loss 1.3763 | Val Acc 0.5165 | ETputs(KTEPS) 13756.18
2023-10-11 12:31:22,314 - tune.py [line:103] - INFO: Epoch 00320 | Time(s) 0.0474 | Val Loss 1.4301 | Val Acc 0.4923 | ETputs(KTEPS) 13730.40
2023-10-11 12:31:22,619 - tune.py [line:117] - INFO: [FINAL MODEL] Val accuracy 66.37% \Val loss: 1.5
2023-10-11 12:31:22,628 - tune.py [line:119] - INFO: [FINAL MODEL] Test accuracy 64.99% \Test loss: 1.5
2023-10-11 12:31:22,629 - tune.py [line:144] - INFO: Acc on the first split (Validation Set): 0.6637
2023-10-11 12:31:22,629 - tune.py [line:145] - INFO: Acc on the first split (Test Set): 0.6499
