2023-10-11 12:47:26,925 - tune.py [line:203] - INFO: Namespace(seed=42, model='NormalNNV2', gpu=0, dataset='geom-chameleon', logging=True, log_detail=True, log_detailedCh=False, id_log=1011014505, optuna_n_trials=202, n_epochs=2000, self_loop=True, udgraph=True, early_stop=True, patience=300, n_hidden=64, n_cv=1, start_cv=0, n_layers=8, lr1=0.05, lr2=0.03, wd1=1e-07, wd2=1e-06, dropout=0.1, dropout2=0.4, es_ckpt='TestTuningScript-geom-chameleon_NormalNNV2-geom-chameleon_trialNo168')
2023-10-11 12:47:27,766 - tune.py [line:128] - INFO: Split_seeds:[1824]
2023-10-11 12:47:27,766 - tune.py [line:129] - INFO: Model_seeds:[409]
2023-10-11 12:47:28,393 - tune.py [line:103] - INFO: Epoch 00020 | Time(s) 0.0295 | Val Loss 1.5759 | Val Acc 0.6418 | ETputs(KTEPS) 22077.06
2023-10-11 12:47:29,022 - tune.py [line:103] - INFO: Epoch 00040 | Time(s) 0.0305 | Val Loss 1.5410 | Val Acc 0.6484 | ETputs(KTEPS) 21346.00
2023-10-11 12:47:29,625 - tune.py [line:103] - INFO: Epoch 00060 | Time(s) 0.0303 | Val Loss 1.5031 | Val Acc 0.6352 | ETputs(KTEPS) 21428.09
2023-10-11 12:47:30,271 - tune.py [line:103] - INFO: Epoch 00080 | Time(s) 0.0308 | Val Loss 1.4705 | Val Acc 0.6308 | ETputs(KTEPS) 21116.25
2023-10-11 12:47:30,877 - tune.py [line:103] - INFO: Epoch 00100 | Time(s) 0.0307 | Val Loss 1.4387 | Val Acc 0.6440 | ETputs(KTEPS) 21185.98
2023-10-11 12:47:31,497 - tune.py [line:103] - INFO: Epoch 00120 | Time(s) 0.0307 | Val Loss 1.4098 | Val Acc 0.6484 | ETputs(KTEPS) 21153.35
2023-10-11 12:47:32,107 - tune.py [line:103] - INFO: Epoch 00140 | Time(s) 0.0307 | Val Loss 1.3758 | Val Acc 0.6484 | ETputs(KTEPS) 21179.11
2023-10-11 12:47:32,736 - tune.py [line:103] - INFO: Epoch 00160 | Time(s) 0.0308 | Val Loss 1.3475 | Val Acc 0.6396 | ETputs(KTEPS) 21113.97
2023-10-11 12:47:33,377 - tune.py [line:103] - INFO: Epoch 00180 | Time(s) 0.0309 | Val Loss 1.3212 | Val Acc 0.6527 | ETputs(KTEPS) 21022.94
2023-10-11 12:47:34,045 - tune.py [line:103] - INFO: Epoch 00200 | Time(s) 0.0312 | Val Loss 1.2992 | Val Acc 0.6308 | ETputs(KTEPS) 20855.52
2023-10-11 12:47:34,658 - tune.py [line:103] - INFO: Epoch 00220 | Time(s) 0.0311 | Val Loss 1.2755 | Val Acc 0.6462 | ETputs(KTEPS) 20889.13
2023-10-11 12:47:35,307 - tune.py [line:103] - INFO: Epoch 00240 | Time(s) 0.0312 | Val Loss 1.2514 | Val Acc 0.6571 | ETputs(KTEPS) 20817.70
2023-10-11 12:47:35,958 - tune.py [line:103] - INFO: Epoch 00260 | Time(s) 0.0313 | Val Loss 1.2320 | Val Acc 0.6571 | ETputs(KTEPS) 20751.09
2023-10-11 12:47:36,542 - tune.py [line:103] - INFO: Epoch 00280 | Time(s) 0.0312 | Val Loss 1.2114 | Val Acc 0.6418 | ETputs(KTEPS) 20855.29
2023-10-11 12:47:37,166 - tune.py [line:103] - INFO: Epoch 00300 | Time(s) 0.0312 | Val Loss 1.2093 | Val Acc 0.6374 | ETputs(KTEPS) 20855.52
2023-10-11 12:47:37,810 - tune.py [line:103] - INFO: Epoch 00320 | Time(s) 0.0312 | Val Loss 1.1864 | Val Acc 0.6505 | ETputs(KTEPS) 20812.91
2023-10-11 12:47:38,444 - tune.py [line:103] - INFO: Epoch 00340 | Time(s) 0.0313 | Val Loss 1.1704 | Val Acc 0.6527 | ETputs(KTEPS) 20795.68
2023-10-11 12:47:39,097 - tune.py [line:103] - INFO: Epoch 00360 | Time(s) 0.0313 | Val Loss 1.1501 | Val Acc 0.6593 | ETputs(KTEPS) 20745.28
2023-10-11 12:47:39,367 - tune.py [line:117] - INFO: [FINAL MODEL] Val accuracy 67.47% \Val loss: 1.5
2023-10-11 12:47:39,374 - tune.py [line:119] - INFO: [FINAL MODEL] Test accuracy 68.49% \Test loss: 1.5
2023-10-11 12:47:39,374 - tune.py [line:144] - INFO: Acc on the first split (Validation Set): 0.6747
2023-10-11 12:47:39,374 - tune.py [line:145] - INFO: Acc on the first split (Test Set): 0.6849
