2023-10-11 10:32:23,386 - tune.py [line:203] - INFO: Namespace(seed=42, model='NormalNNV2', gpu=0, dataset='geom-chameleon', logging=True, log_detail=True, log_detailedCh=False, id_log=1011014505, optuna_n_trials=202, n_epochs=2000, self_loop=True, udgraph=True, early_stop=True, patience=300, n_hidden=64, n_cv=1, start_cv=0, n_layers=8, lr1=0.03, lr2=0.04, wd1=1e-08, wd2=1e-05, dropout=0.4, dropout2=0.2, es_ckpt='TestTuningScript-geom-chameleon_NormalNNV2-geom-chameleon_trialNo141')
2023-10-11 10:32:24,143 - tune.py [line:128] - INFO: Split_seeds:[1824]
2023-10-11 10:32:24,143 - tune.py [line:129] - INFO: Model_seeds:[409]
2023-10-11 10:32:24,825 - tune.py [line:103] - INFO: Epoch 00020 | Time(s) 0.0320 | Val Loss 1.5654 | Val Acc 0.6527 | ETputs(KTEPS) 20319.20
2023-10-11 10:32:25,450 - tune.py [line:103] - INFO: Epoch 00040 | Time(s) 0.0316 | Val Loss 1.5228 | Val Acc 0.6571 | ETputs(KTEPS) 20590.11
2023-10-11 10:32:26,179 - tune.py [line:103] - INFO: Epoch 00060 | Time(s) 0.0332 | Val Loss 1.4787 | Val Acc 0.6242 | ETputs(KTEPS) 19592.08
2023-10-11 10:32:26,971 - tune.py [line:103] - INFO: Epoch 00080 | Time(s) 0.0348 | Val Loss 1.4341 | Val Acc 0.6374 | ETputs(KTEPS) 18696.09
2023-10-11 10:32:27,629 - tune.py [line:103] - INFO: Epoch 00100 | Time(s) 0.0344 | Val Loss 1.3950 | Val Acc 0.6484 | ETputs(KTEPS) 18900.77
2023-10-11 10:32:28,281 - tune.py [line:103] - INFO: Epoch 00120 | Time(s) 0.0341 | Val Loss 1.3543 | Val Acc 0.6571 | ETputs(KTEPS) 19071.34
2023-10-11 10:32:28,838 - tune.py [line:103] - INFO: Epoch 00140 | Time(s) 0.0332 | Val Loss 1.3222 | Val Acc 0.6681 | ETputs(KTEPS) 19584.33
2023-10-11 10:32:29,415 - tune.py [line:103] - INFO: Epoch 00160 | Time(s) 0.0327 | Val Loss 1.2882 | Val Acc 0.6703 | ETputs(KTEPS) 19909.60
2023-10-11 10:32:30,101 - tune.py [line:103] - INFO: Epoch 00180 | Time(s) 0.0328 | Val Loss 1.2641 | Val Acc 0.6791 | ETputs(KTEPS) 19822.04
2023-10-11 10:32:30,736 - tune.py [line:103] - INFO: Epoch 00200 | Time(s) 0.0327 | Val Loss 1.2406 | Val Acc 0.6659 | ETputs(KTEPS) 19888.22
2023-10-11 10:32:31,397 - tune.py [line:103] - INFO: Epoch 00220 | Time(s) 0.0327 | Val Loss 1.2163 | Val Acc 0.6791 | ETputs(KTEPS) 19870.06
2023-10-11 10:32:32,018 - tune.py [line:103] - INFO: Epoch 00240 | Time(s) 0.0326 | Val Loss 1.1967 | Val Acc 0.6659 | ETputs(KTEPS) 19955.44
2023-10-11 10:32:32,666 - tune.py [line:103] - INFO: Epoch 00260 | Time(s) 0.0326 | Val Loss 1.1726 | Val Acc 0.6549 | ETputs(KTEPS) 19967.29
2023-10-11 10:32:33,225 - tune.py [line:103] - INFO: Epoch 00280 | Time(s) 0.0322 | Val Loss 1.1524 | Val Acc 0.6725 | ETputs(KTEPS) 20171.56
2023-10-11 10:32:33,724 - tune.py [line:103] - INFO: Epoch 00300 | Time(s) 0.0317 | Val Loss 1.1503 | Val Acc 0.6637 | ETputs(KTEPS) 20481.27
2023-10-11 10:32:34,366 - tune.py [line:103] - INFO: Epoch 00320 | Time(s) 0.0318 | Val Loss 1.1338 | Val Acc 0.6593 | ETputs(KTEPS) 20467.61
2023-10-11 10:32:35,012 - tune.py [line:103] - INFO: Epoch 00340 | Time(s) 0.0318 | Val Loss 1.1071 | Val Acc 0.6681 | ETputs(KTEPS) 20449.03
2023-10-11 10:32:35,614 - tune.py [line:103] - INFO: Epoch 00360 | Time(s) 0.0317 | Val Loss 1.1025 | Val Acc 0.6571 | ETputs(KTEPS) 20510.24
2023-10-11 10:32:36,277 - tune.py [line:103] - INFO: Epoch 00380 | Time(s) 0.0318 | Val Loss 1.0864 | Val Acc 0.6703 | ETputs(KTEPS) 20461.34
2023-10-11 10:32:36,884 - tune.py [line:103] - INFO: Epoch 00400 | Time(s) 0.0317 | Val Loss 1.0674 | Val Acc 0.6747 | ETputs(KTEPS) 20508.91
2023-10-11 10:32:37,498 - tune.py [line:103] - INFO: Epoch 00420 | Time(s) 0.0317 | Val Loss 1.0680 | Val Acc 0.6659 | ETputs(KTEPS) 20540.72
2023-10-11 10:32:38,130 - tune.py [line:103] - INFO: Epoch 00440 | Time(s) 0.0317 | Val Loss 1.0613 | Val Acc 0.6725 | ETputs(KTEPS) 20541.77
2023-10-11 10:32:38,757 - tune.py [line:103] - INFO: Epoch 00460 | Time(s) 0.0316 | Val Loss 1.0524 | Val Acc 0.6725 | ETputs(KTEPS) 20555.82
2023-10-11 10:32:39,441 - tune.py [line:103] - INFO: Epoch 00480 | Time(s) 0.0317 | Val Loss 1.0395 | Val Acc 0.6989 | ETputs(KTEPS) 20490.41
2023-10-11 10:32:40,098 - tune.py [line:103] - INFO: Epoch 00500 | Time(s) 0.0318 | Val Loss 1.0319 | Val Acc 0.6769 | ETputs(KTEPS) 20463.89
2023-10-11 10:32:40,580 - tune.py [line:103] - INFO: Epoch 00520 | Time(s) 0.0315 | Val Loss 1.0365 | Val Acc 0.6857 | ETputs(KTEPS) 20656.27
2023-10-11 10:32:41,326 - tune.py [line:103] - INFO: Epoch 00540 | Time(s) 0.0317 | Val Loss 1.0309 | Val Acc 0.6725 | ETputs(KTEPS) 20516.43
2023-10-11 10:32:42,042 - tune.py [line:103] - INFO: Epoch 00560 | Time(s) 0.0318 | Val Loss 1.0125 | Val Acc 0.6923 | ETputs(KTEPS) 20423.14
2023-10-11 10:32:42,716 - tune.py [line:103] - INFO: Epoch 00580 | Time(s) 0.0319 | Val Loss 1.0103 | Val Acc 0.6835 | ETputs(KTEPS) 20382.22
2023-10-11 10:32:43,445 - tune.py [line:103] - INFO: Epoch 00600 | Time(s) 0.0320 | Val Loss 0.9994 | Val Acc 0.6879 | ETputs(KTEPS) 20287.39
2023-10-11 10:32:44,138 - tune.py [line:103] - INFO: Epoch 00620 | Time(s) 0.0321 | Val Loss 1.0058 | Val Acc 0.6747 | ETputs(KTEPS) 20234.50
2023-10-11 10:32:44,753 - tune.py [line:103] - INFO: Epoch 00640 | Time(s) 0.0321 | Val Loss 1.0039 | Val Acc 0.6857 | ETputs(KTEPS) 20263.10
2023-10-11 10:32:45,358 - tune.py [line:103] - INFO: Epoch 00660 | Time(s) 0.0320 | Val Loss 0.9923 | Val Acc 0.6879 | ETputs(KTEPS) 20298.79
2023-10-11 10:32:45,972 - tune.py [line:103] - INFO: Epoch 00680 | Time(s) 0.0320 | Val Loss 1.0049 | Val Acc 0.6791 | ETputs(KTEPS) 20323.59
2023-10-11 10:32:46,576 - tune.py [line:103] - INFO: Epoch 00700 | Time(s) 0.0319 | Val Loss 0.9987 | Val Acc 0.6901 | ETputs(KTEPS) 20357.02
2023-10-11 10:32:47,180 - tune.py [line:103] - INFO: Epoch 00720 | Time(s) 0.0319 | Val Loss 0.9942 | Val Acc 0.6857 | ETputs(KTEPS) 20388.47
2023-10-11 10:32:47,825 - tune.py [line:103] - INFO: Epoch 00740 | Time(s) 0.0319 | Val Loss 0.9838 | Val Acc 0.6857 | ETputs(KTEPS) 20382.67
2023-10-11 10:32:48,456 - tune.py [line:103] - INFO: Epoch 00760 | Time(s) 0.0319 | Val Loss 0.9780 | Val Acc 0.6813 | ETputs(KTEPS) 20388.88
2023-10-11 10:32:49,110 - tune.py [line:103] - INFO: Epoch 00780 | Time(s) 0.0319 | Val Loss 0.9746 | Val Acc 0.6857 | ETputs(KTEPS) 20376.16
2023-10-11 10:32:49,117 - tune.py [line:117] - INFO: [FINAL MODEL] Val accuracy 69.89% \Val loss: 1.0
2023-10-11 10:32:49,123 - tune.py [line:119] - INFO: [FINAL MODEL] Test accuracy 69.15% \Test loss: 1.0
2023-10-11 10:32:49,123 - tune.py [line:144] - INFO: Acc on the first split (Validation Set): 0.6989
2023-10-11 10:32:49,123 - tune.py [line:145] - INFO: Acc on the first split (Test Set): 0.6915
