2023-10-11 10:26:06,795 - tune.py [line:203] - INFO: Namespace(seed=42, model='NormalNNV2', gpu=0, dataset='geom-chameleon', logging=True, log_detail=True, log_detailedCh=False, id_log=1011014505, optuna_n_trials=202, n_epochs=2000, self_loop=True, udgraph=True, early_stop=True, patience=300, n_hidden=64, n_cv=1, start_cv=0, n_layers=8, lr1=0.05, lr2=0.03, wd1=1e-08, wd2=0.001, dropout=0.3, dropout2=0.2, es_ckpt='TestTuningScript-geom-chameleon_NormalNNV2-geom-chameleon_trialNo104')
2023-10-11 10:26:07,710 - tune.py [line:128] - INFO: Split_seeds:[1824]
2023-10-11 10:26:07,710 - tune.py [line:129] - INFO: Model_seeds:[409]
2023-10-11 10:26:08,400 - tune.py [line:103] - INFO: Epoch 00020 | Time(s) 0.0325 | Val Loss 1.5775 | Val Acc 0.6637 | ETputs(KTEPS) 20016.14
2023-10-11 10:26:09,023 - tune.py [line:103] - INFO: Epoch 00040 | Time(s) 0.0317 | Val Loss 1.5506 | Val Acc 0.6703 | ETputs(KTEPS) 20480.85
2023-10-11 10:26:09,685 - tune.py [line:103] - INFO: Epoch 00060 | Time(s) 0.0322 | Val Loss 1.5280 | Val Acc 0.6549 | ETputs(KTEPS) 20200.55
2023-10-11 10:26:10,417 - tune.py [line:103] - INFO: Epoch 00080 | Time(s) 0.0333 | Val Loss 1.5152 | Val Acc 0.6637 | ETputs(KTEPS) 19532.74
2023-10-11 10:26:11,058 - tune.py [line:103] - INFO: Epoch 00100 | Time(s) 0.0330 | Val Loss 1.5066 | Val Acc 0.6813 | ETputs(KTEPS) 19681.28
2023-10-11 10:26:11,680 - tune.py [line:103] - INFO: Epoch 00120 | Time(s) 0.0327 | Val Loss 1.5022 | Val Acc 0.6659 | ETputs(KTEPS) 19878.05
2023-10-11 10:26:12,363 - tune.py [line:103] - INFO: Epoch 00140 | Time(s) 0.0329 | Val Loss 1.5023 | Val Acc 0.6659 | ETputs(KTEPS) 19755.64
2023-10-11 10:26:12,866 - tune.py [line:103] - INFO: Epoch 00160 | Time(s) 0.0319 | Val Loss 1.5011 | Val Acc 0.6703 | ETputs(KTEPS) 20360.55
2023-10-11 10:26:13,523 - tune.py [line:103] - INFO: Epoch 00180 | Time(s) 0.0320 | Val Loss 1.4995 | Val Acc 0.6879 | ETputs(KTEPS) 20295.02
2023-10-11 10:26:14,247 - tune.py [line:103] - INFO: Epoch 00200 | Time(s) 0.0324 | Val Loss 1.5015 | Val Acc 0.6747 | ETputs(KTEPS) 20048.12
2023-10-11 10:26:14,913 - tune.py [line:103] - INFO: Epoch 00220 | Time(s) 0.0325 | Val Loss 1.5031 | Val Acc 0.6945 | ETputs(KTEPS) 19998.55
2023-10-11 10:26:15,562 - tune.py [line:103] - INFO: Epoch 00240 | Time(s) 0.0325 | Val Loss 1.5073 | Val Acc 0.6769 | ETputs(KTEPS) 20005.56
2023-10-11 10:26:16,227 - tune.py [line:103] - INFO: Epoch 00260 | Time(s) 0.0326 | Val Loss 1.5082 | Val Acc 0.6637 | ETputs(KTEPS) 19970.39
2023-10-11 10:26:16,877 - tune.py [line:103] - INFO: Epoch 00280 | Time(s) 0.0326 | Val Loss 1.5132 | Val Acc 0.6615 | ETputs(KTEPS) 19972.93
2023-10-11 10:26:17,500 - tune.py [line:103] - INFO: Epoch 00300 | Time(s) 0.0325 | Val Loss 1.5132 | Val Acc 0.6703 | ETputs(KTEPS) 20032.61
2023-10-11 10:26:18,106 - tune.py [line:103] - INFO: Epoch 00320 | Time(s) 0.0323 | Val Loss 1.5144 | Val Acc 0.6747 | ETputs(KTEPS) 20117.58
2023-10-11 10:26:18,736 - tune.py [line:103] - INFO: Epoch 00340 | Time(s) 0.0323 | Val Loss 1.5159 | Val Acc 0.6813 | ETputs(KTEPS) 20148.06
2023-10-11 10:26:19,395 - tune.py [line:103] - INFO: Epoch 00360 | Time(s) 0.0323 | Val Loss 1.5183 | Val Acc 0.6484 | ETputs(KTEPS) 20124.56
2023-10-11 10:26:20,081 - tune.py [line:103] - INFO: Epoch 00380 | Time(s) 0.0324 | Val Loss 1.5211 | Val Acc 0.6769 | ETputs(KTEPS) 20061.64
2023-10-11 10:26:20,752 - tune.py [line:103] - INFO: Epoch 00400 | Time(s) 0.0325 | Val Loss 1.5206 | Val Acc 0.6637 | ETputs(KTEPS) 20026.45
2023-10-11 10:26:21,375 - tune.py [line:103] - INFO: Epoch 00420 | Time(s) 0.0324 | Val Loss 1.5223 | Val Acc 0.6725 | ETputs(KTEPS) 20066.39
2023-10-11 10:26:22,001 - tune.py [line:103] - INFO: Epoch 00440 | Time(s) 0.0324 | Val Loss 1.5231 | Val Acc 0.6637 | ETputs(KTEPS) 20098.19
2023-10-11 10:26:22,624 - tune.py [line:103] - INFO: Epoch 00460 | Time(s) 0.0323 | Val Loss 1.5234 | Val Acc 0.6725 | ETputs(KTEPS) 20131.49
2023-10-11 10:26:23,238 - tune.py [line:103] - INFO: Epoch 00480 | Time(s) 0.0322 | Val Loss 1.5232 | Val Acc 0.6659 | ETputs(KTEPS) 20173.69
2023-10-11 10:26:23,364 - tune.py [line:117] - INFO: [FINAL MODEL] Val accuracy 69.89% \Val loss: 1.5
2023-10-11 10:26:23,370 - tune.py [line:119] - INFO: [FINAL MODEL] Test accuracy 70.68% \Test loss: 1.5
2023-10-11 10:26:23,371 - tune.py [line:144] - INFO: Acc on the first split (Validation Set): 0.6989
2023-10-11 10:26:23,371 - tune.py [line:145] - INFO: Acc on the first split (Test Set): 0.7068
