2023-10-11 10:11:54,769 - tune.py [line:203] - INFO: Namespace(seed=42, model='NormalNNV2', gpu=0, dataset='geom-chameleon', logging=True, log_detail=True, log_detailedCh=False, id_log=1011014505, optuna_n_trials=202, n_epochs=2000, self_loop=True, udgraph=True, early_stop=True, patience=300, n_hidden=64, n_cv=1, start_cv=0, n_layers=16, lr1=0.03, lr2=0.01, wd1=1e-08, wd2=1e-05, dropout=0.2, dropout2=0.5, es_ckpt='TestTuningScript-geom-chameleon_NormalNNV2-geom-chameleon_trialNo20')
2023-10-11 10:11:55,502 - tune.py [line:128] - INFO: Split_seeds:[1824]
2023-10-11 10:11:55,502 - tune.py [line:129] - INFO: Model_seeds:[409]
2023-10-11 10:11:56,606 - tune.py [line:103] - INFO: Epoch 00020 | Time(s) 0.0525 | Val Loss 1.5893 | Val Acc 0.6044 | ETputs(KTEPS) 12379.08
2023-10-11 10:11:57,618 - tune.py [line:103] - INFO: Epoch 00040 | Time(s) 0.0513 | Val Loss 1.5757 | Val Acc 0.6286 | ETputs(KTEPS) 12669.24
2023-10-11 10:11:58,625 - tune.py [line:103] - INFO: Epoch 00060 | Time(s) 0.0509 | Val Loss 1.5579 | Val Acc 0.6637 | ETputs(KTEPS) 12776.63
2023-10-11 10:11:59,607 - tune.py [line:103] - INFO: Epoch 00080 | Time(s) 0.0504 | Val Loss 1.5444 | Val Acc 0.6527 | ETputs(KTEPS) 12899.43
2023-10-11 10:12:00,610 - tune.py [line:103] - INFO: Epoch 00100 | Time(s) 0.0504 | Val Loss 1.5319 | Val Acc 0.6242 | ETputs(KTEPS) 12912.94
2023-10-11 10:12:01,639 - tune.py [line:103] - INFO: Epoch 00120 | Time(s) 0.0505 | Val Loss 1.5195 | Val Acc 0.6220 | ETputs(KTEPS) 12868.53
2023-10-11 10:12:02,701 - tune.py [line:103] - INFO: Epoch 00140 | Time(s) 0.0509 | Val Loss 1.5052 | Val Acc 0.6264 | ETputs(KTEPS) 12775.94
2023-10-11 10:12:03,662 - tune.py [line:103] - INFO: Epoch 00160 | Time(s) 0.0505 | Val Loss 1.4949 | Val Acc 0.6330 | ETputs(KTEPS) 12865.42
2023-10-11 10:12:04,637 - tune.py [line:103] - INFO: Epoch 00180 | Time(s) 0.0503 | Val Loss 1.4848 | Val Acc 0.6264 | ETputs(KTEPS) 12916.81
2023-10-11 10:12:05,651 - tune.py [line:103] - INFO: Epoch 00200 | Time(s) 0.0504 | Val Loss 1.4775 | Val Acc 0.6110 | ETputs(KTEPS) 12908.76
2023-10-11 10:12:06,587 - tune.py [line:103] - INFO: Epoch 00220 | Time(s) 0.0500 | Val Loss 1.4725 | Val Acc 0.6022 | ETputs(KTEPS) 12992.66
2023-10-11 10:12:07,700 - tune.py [line:103] - INFO: Epoch 00240 | Time(s) 0.0505 | Val Loss 1.4662 | Val Acc 0.5890 | ETputs(KTEPS) 12873.06
2023-10-11 10:12:08,864 - tune.py [line:103] - INFO: Epoch 00260 | Time(s) 0.0511 | Val Loss 1.4594 | Val Acc 0.5890 | ETputs(KTEPS) 12724.70
2023-10-11 10:12:09,815 - tune.py [line:103] - INFO: Epoch 00280 | Time(s) 0.0508 | Val Loss 1.4509 | Val Acc 0.6000 | ETputs(KTEPS) 12788.62
2023-10-11 10:12:10,782 - tune.py [line:103] - INFO: Epoch 00300 | Time(s) 0.0507 | Val Loss 1.4495 | Val Acc 0.5714 | ETputs(KTEPS) 12830.80
2023-10-11 10:12:11,824 - tune.py [line:103] - INFO: Epoch 00320 | Time(s) 0.0508 | Val Loss 1.4471 | Val Acc 0.5736 | ETputs(KTEPS) 12808.80
2023-10-11 10:12:12,812 - tune.py [line:103] - INFO: Epoch 00340 | Time(s) 0.0507 | Val Loss 1.4422 | Val Acc 0.5758 | ETputs(KTEPS) 12829.48
2023-10-11 10:12:13,760 - tune.py [line:103] - INFO: Epoch 00360 | Time(s) 0.0505 | Val Loss 1.4370 | Val Acc 0.5802 | ETputs(KTEPS) 12876.11
2023-10-11 10:12:13,772 - tune.py [line:117] - INFO: [FINAL MODEL] Val accuracy 66.37% \Val loss: 1.6
2023-10-11 10:12:13,782 - tune.py [line:119] - INFO: [FINAL MODEL] Test accuracy 64.55% \Test loss: 1.6
2023-10-11 10:12:13,782 - tune.py [line:144] - INFO: Acc on the first split (Validation Set): 0.6637
2023-10-11 10:12:13,782 - tune.py [line:145] - INFO: Acc on the first split (Test Set): 0.6455
