2023-10-11 10:34:06,770 - tune.py [line:203] - INFO: Namespace(seed=42, model='NormalNNV2', gpu=0, dataset='geom-chameleon', logging=True, log_detail=True, log_detailedCh=False, id_log=1011014505, optuna_n_trials=202, n_epochs=2000, self_loop=True, udgraph=True, early_stop=True, patience=300, n_hidden=64, n_cv=1, start_cv=0, n_layers=8, lr1=0.05, lr2=0.03, wd1=1e-07, wd2=0.0001, dropout=0.1, dropout2=0.3, es_ckpt='TestTuningScript-geom-chameleon_NormalNNV2-geom-chameleon_trialNo150')
2023-10-11 10:34:07,549 - tune.py [line:128] - INFO: Split_seeds:[1824]
2023-10-11 10:34:07,549 - tune.py [line:129] - INFO: Model_seeds:[409]
2023-10-11 10:34:08,248 - tune.py [line:103] - INFO: Epoch 00020 | Time(s) 0.0328 | Val Loss 1.5765 | Val Acc 0.6769 | ETputs(KTEPS) 19811.39
2023-10-11 10:34:08,873 - tune.py [line:103] - INFO: Epoch 00040 | Time(s) 0.0320 | Val Loss 1.5444 | Val Acc 0.6484 | ETputs(KTEPS) 20308.84
2023-10-11 10:34:09,517 - tune.py [line:103] - INFO: Epoch 00060 | Time(s) 0.0321 | Val Loss 1.5109 | Val Acc 0.6571 | ETputs(KTEPS) 20276.71
2023-10-11 10:34:10,162 - tune.py [line:103] - INFO: Epoch 00080 | Time(s) 0.0321 | Val Loss 1.4807 | Val Acc 0.6374 | ETputs(KTEPS) 20244.89
2023-10-11 10:34:10,783 - tune.py [line:103] - INFO: Epoch 00100 | Time(s) 0.0319 | Val Loss 1.4462 | Val Acc 0.6440 | ETputs(KTEPS) 20385.65
2023-10-11 10:34:11,499 - tune.py [line:103] - INFO: Epoch 00120 | Time(s) 0.0325 | Val Loss 1.4091 | Val Acc 0.6615 | ETputs(KTEPS) 19982.33
2023-10-11 10:34:12,209 - tune.py [line:103] - INFO: Epoch 00140 | Time(s) 0.0330 | Val Loss 1.3829 | Val Acc 0.6615 | ETputs(KTEPS) 19727.33
2023-10-11 10:34:12,858 - tune.py [line:103] - INFO: Epoch 00160 | Time(s) 0.0329 | Val Loss 1.3553 | Val Acc 0.6484 | ETputs(KTEPS) 19768.56
2023-10-11 10:34:13,479 - tune.py [line:103] - INFO: Epoch 00180 | Time(s) 0.0327 | Val Loss 1.3311 | Val Acc 0.6769 | ETputs(KTEPS) 19893.45
2023-10-11 10:34:14,183 - tune.py [line:103] - INFO: Epoch 00200 | Time(s) 0.0329 | Val Loss 1.3125 | Val Acc 0.6659 | ETputs(KTEPS) 19741.97
2023-10-11 10:34:14,823 - tune.py [line:103] - INFO: Epoch 00220 | Time(s) 0.0328 | Val Loss 1.2929 | Val Acc 0.6659 | ETputs(KTEPS) 19796.83
2023-10-11 10:34:15,517 - tune.py [line:103] - INFO: Epoch 00240 | Time(s) 0.0330 | Val Loss 1.2731 | Val Acc 0.6637 | ETputs(KTEPS) 19704.11
2023-10-11 10:34:16,224 - tune.py [line:103] - INFO: Epoch 00260 | Time(s) 0.0332 | Val Loss 1.2566 | Val Acc 0.6703 | ETputs(KTEPS) 19599.08
2023-10-11 10:34:16,941 - tune.py [line:103] - INFO: Epoch 00280 | Time(s) 0.0334 | Val Loss 1.2515 | Val Acc 0.6593 | ETputs(KTEPS) 19492.68
2023-10-11 10:34:17,711 - tune.py [line:103] - INFO: Epoch 00300 | Time(s) 0.0337 | Val Loss 1.2246 | Val Acc 0.6681 | ETputs(KTEPS) 19295.29
2023-10-11 10:34:18,320 - tune.py [line:103] - INFO: Epoch 00320 | Time(s) 0.0335 | Val Loss 1.2153 | Val Acc 0.6791 | ETputs(KTEPS) 19413.62
2023-10-11 10:34:18,959 - tune.py [line:103] - INFO: Epoch 00340 | Time(s) 0.0334 | Val Loss 1.1970 | Val Acc 0.6725 | ETputs(KTEPS) 19466.25
2023-10-11 10:34:19,603 - tune.py [line:103] - INFO: Epoch 00360 | Time(s) 0.0333 | Val Loss 1.1863 | Val Acc 0.6835 | ETputs(KTEPS) 19517.11
2023-10-11 10:34:20,280 - tune.py [line:103] - INFO: Epoch 00380 | Time(s) 0.0333 | Val Loss 1.1811 | Val Acc 0.6725 | ETputs(KTEPS) 19501.11
2023-10-11 10:34:20,913 - tune.py [line:103] - INFO: Epoch 00400 | Time(s) 0.0333 | Val Loss 1.1693 | Val Acc 0.6659 | ETputs(KTEPS) 19552.46
2023-10-11 10:34:21,574 - tune.py [line:103] - INFO: Epoch 00420 | Time(s) 0.0332 | Val Loss 1.1671 | Val Acc 0.6879 | ETputs(KTEPS) 19558.81
2023-10-11 10:34:22,208 - tune.py [line:103] - INFO: Epoch 00440 | Time(s) 0.0332 | Val Loss 1.1589 | Val Acc 0.6637 | ETputs(KTEPS) 19600.66
2023-10-11 10:34:22,905 - tune.py [line:103] - INFO: Epoch 00460 | Time(s) 0.0332 | Val Loss 1.1405 | Val Acc 0.7055 | ETputs(KTEPS) 19562.99
2023-10-11 10:34:23,516 - tune.py [line:103] - INFO: Epoch 00480 | Time(s) 0.0331 | Val Loss 1.1360 | Val Acc 0.6835 | ETputs(KTEPS) 19629.76
2023-10-11 10:34:24,205 - tune.py [line:103] - INFO: Epoch 00500 | Time(s) 0.0332 | Val Loss 1.1389 | Val Acc 0.6791 | ETputs(KTEPS) 19599.14
2023-10-11 10:34:24,847 - tune.py [line:103] - INFO: Epoch 00520 | Time(s) 0.0331 | Val Loss 1.1278 | Val Acc 0.6747 | ETputs(KTEPS) 19624.17
2023-10-11 10:34:25,584 - tune.py [line:103] - INFO: Epoch 00540 | Time(s) 0.0333 | Val Loss 1.1276 | Val Acc 0.6725 | ETputs(KTEPS) 19544.06
2023-10-11 10:34:26,277 - tune.py [line:103] - INFO: Epoch 00560 | Time(s) 0.0333 | Val Loss 1.1260 | Val Acc 0.6791 | ETputs(KTEPS) 19515.62
2023-10-11 10:34:26,902 - tune.py [line:103] - INFO: Epoch 00580 | Time(s) 0.0332 | Val Loss 1.1239 | Val Acc 0.6813 | ETputs(KTEPS) 19557.63
2023-10-11 10:34:27,530 - tune.py [line:103] - INFO: Epoch 00600 | Time(s) 0.0332 | Val Loss 1.1181 | Val Acc 0.6901 | ETputs(KTEPS) 19594.80
2023-10-11 10:34:28,207 - tune.py [line:103] - INFO: Epoch 00620 | Time(s) 0.0332 | Val Loss 1.1145 | Val Acc 0.6747 | ETputs(KTEPS) 19582.56
2023-10-11 10:34:28,929 - tune.py [line:103] - INFO: Epoch 00640 | Time(s) 0.0333 | Val Loss 1.1079 | Val Acc 0.6879 | ETputs(KTEPS) 19529.51
2023-10-11 10:34:29,617 - tune.py [line:103] - INFO: Epoch 00660 | Time(s) 0.0333 | Val Loss 1.1141 | Val Acc 0.6901 | ETputs(KTEPS) 19510.39
2023-10-11 10:34:30,291 - tune.py [line:103] - INFO: Epoch 00680 | Time(s) 0.0333 | Val Loss 1.1093 | Val Acc 0.6857 | ETputs(KTEPS) 19504.65
2023-10-11 10:34:31,017 - tune.py [line:103] - INFO: Epoch 00700 | Time(s) 0.0334 | Val Loss 1.1272 | Val Acc 0.6703 | ETputs(KTEPS) 19456.37
2023-10-11 10:34:31,719 - tune.py [line:103] - INFO: Epoch 00720 | Time(s) 0.0335 | Val Loss 1.1140 | Val Acc 0.6835 | ETputs(KTEPS) 19430.06
2023-10-11 10:34:32,378 - tune.py [line:103] - INFO: Epoch 00740 | Time(s) 0.0334 | Val Loss 1.1106 | Val Acc 0.6813 | ETputs(KTEPS) 19438.65
2023-10-11 10:34:32,996 - tune.py [line:117] - INFO: [FINAL MODEL] Val accuracy 70.55% \Val loss: 1.1
2023-10-11 10:34:33,004 - tune.py [line:119] - INFO: [FINAL MODEL] Test accuracy 68.27% \Test loss: 1.1
2023-10-11 10:34:33,005 - tune.py [line:144] - INFO: Acc on the first split (Validation Set): 0.7055
2023-10-11 10:34:33,005 - tune.py [line:145] - INFO: Acc on the first split (Test Set): 0.6827
