2023-10-11 12:38:17,015 - tune.py [line:203] - INFO: Namespace(seed=42, model='NormalNNV2', gpu=0, dataset='geom-chameleon', logging=True, log_detail=True, log_detailedCh=False, id_log=1011014505, optuna_n_trials=202, n_epochs=2000, self_loop=True, udgraph=True, early_stop=True, patience=300, n_hidden=64, n_cv=1, start_cv=0, n_layers=12, lr1=0.03, lr2=0.04, wd1=1e-08, wd2=1e-05, dropout=0.3, dropout2=0.4, es_ckpt='TestTuningScript-geom-chameleon_NormalNNV2-geom-chameleon_trialNo71')
2023-10-11 12:38:17,732 - tune.py [line:128] - INFO: Split_seeds:[1824]
2023-10-11 12:38:17,732 - tune.py [line:129] - INFO: Model_seeds:[409]
2023-10-11 12:38:18,547 - tune.py [line:103] - INFO: Epoch 00020 | Time(s) 0.0390 | Val Loss 1.5595 | Val Acc 0.6396 | ETputs(KTEPS) 16658.48
2023-10-11 12:38:19,370 - tune.py [line:103] - INFO: Epoch 00040 | Time(s) 0.0400 | Val Loss 1.5119 | Val Acc 0.6440 | ETputs(KTEPS) 16263.80
2023-10-11 12:38:20,235 - tune.py [line:103] - INFO: Epoch 00060 | Time(s) 0.0411 | Val Loss 1.4662 | Val Acc 0.6132 | ETputs(KTEPS) 15838.00
2023-10-11 12:38:21,020 - tune.py [line:103] - INFO: Epoch 00080 | Time(s) 0.0406 | Val Loss 1.4193 | Val Acc 0.6176 | ETputs(KTEPS) 16015.68
2023-10-11 12:38:21,818 - tune.py [line:103] - INFO: Epoch 00100 | Time(s) 0.0404 | Val Loss 1.3815 | Val Acc 0.6220 | ETputs(KTEPS) 16073.93
2023-10-11 12:38:22,643 - tune.py [line:103] - INFO: Epoch 00120 | Time(s) 0.0406 | Val Loss 1.3517 | Val Acc 0.6264 | ETputs(KTEPS) 16020.47
2023-10-11 12:38:23,489 - tune.py [line:103] - INFO: Epoch 00140 | Time(s) 0.0408 | Val Loss 1.3227 | Val Acc 0.6527 | ETputs(KTEPS) 15927.19
2023-10-11 12:38:24,302 - tune.py [line:103] - INFO: Epoch 00160 | Time(s) 0.0408 | Val Loss 1.2882 | Val Acc 0.6308 | ETputs(KTEPS) 15936.91
2023-10-11 12:38:25,089 - tune.py [line:103] - INFO: Epoch 00180 | Time(s) 0.0406 | Val Loss 1.2726 | Val Acc 0.6308 | ETputs(KTEPS) 16001.07
2023-10-11 12:38:25,904 - tune.py [line:103] - INFO: Epoch 00200 | Time(s) 0.0406 | Val Loss 1.2515 | Val Acc 0.6418 | ETputs(KTEPS) 15997.71
2023-10-11 12:38:26,743 - tune.py [line:103] - INFO: Epoch 00220 | Time(s) 0.0408 | Val Loss 1.2383 | Val Acc 0.6330 | ETputs(KTEPS) 15951.58
2023-10-11 12:38:27,562 - tune.py [line:103] - INFO: Epoch 00240 | Time(s) 0.0408 | Val Loss 1.2207 | Val Acc 0.6286 | ETputs(KTEPS) 15945.88
2023-10-11 12:38:28,350 - tune.py [line:103] - INFO: Epoch 00260 | Time(s) 0.0407 | Val Loss 1.2040 | Val Acc 0.6352 | ETputs(KTEPS) 15988.38
2023-10-11 12:38:29,155 - tune.py [line:103] - INFO: Epoch 00280 | Time(s) 0.0406 | Val Loss 1.1979 | Val Acc 0.6330 | ETputs(KTEPS) 16000.62
2023-10-11 12:38:30,026 - tune.py [line:103] - INFO: Epoch 00300 | Time(s) 0.0408 | Val Loss 1.1776 | Val Acc 0.6330 | ETputs(KTEPS) 15925.42
2023-10-11 12:38:30,868 - tune.py [line:103] - INFO: Epoch 00320 | Time(s) 0.0409 | Val Loss 1.1780 | Val Acc 0.6286 | ETputs(KTEPS) 15894.98
2023-10-11 12:38:31,089 - tune.py [line:117] - INFO: [FINAL MODEL] Val accuracy 65.93% \Val loss: 1.5
2023-10-11 12:38:31,096 - tune.py [line:119] - INFO: [FINAL MODEL] Test accuracy 66.52% \Test loss: 1.5
2023-10-11 12:38:31,097 - tune.py [line:144] - INFO: Acc on the first split (Validation Set): 0.6593
2023-10-11 12:38:31,097 - tune.py [line:145] - INFO: Acc on the first split (Test Set): 0.6652
