2023-10-11 10:24:32,722 - tune.py [line:203] - INFO: Namespace(seed=42, model='NormalNNV2', gpu=0, dataset='geom-chameleon', logging=True, log_detail=True, log_detailedCh=False, id_log=1011014505, optuna_n_trials=202, n_epochs=2000, self_loop=True, udgraph=True, early_stop=True, patience=300, n_hidden=64, n_cv=1, start_cv=0, n_layers=8, lr1=0.04, lr2=0.03, wd1=1e-07, wd2=0.001, dropout=0.1, dropout2=0.3, es_ckpt='TestTuningScript-geom-chameleon_NormalNNV2-geom-chameleon_trialNo96')
2023-10-11 10:24:33,472 - tune.py [line:128] - INFO: Split_seeds:[1824]
2023-10-11 10:24:33,472 - tune.py [line:129] - INFO: Model_seeds:[409]
2023-10-11 10:24:34,108 - tune.py [line:103] - INFO: Epoch 00020 | Time(s) 0.0299 | Val Loss 1.5786 | Val Acc 0.6637 | ETputs(KTEPS) 21773.42
2023-10-11 10:24:34,764 - tune.py [line:103] - INFO: Epoch 00040 | Time(s) 0.0312 | Val Loss 1.5517 | Val Acc 0.6549 | ETputs(KTEPS) 20825.71
2023-10-11 10:24:35,389 - tune.py [line:103] - INFO: Epoch 00060 | Time(s) 0.0312 | Val Loss 1.5277 | Val Acc 0.6637 | ETputs(KTEPS) 20863.94
2023-10-11 10:24:36,003 - tune.py [line:103] - INFO: Epoch 00080 | Time(s) 0.0310 | Val Loss 1.5170 | Val Acc 0.6615 | ETputs(KTEPS) 20946.38
2023-10-11 10:24:36,722 - tune.py [line:103] - INFO: Epoch 00100 | Time(s) 0.0320 | Val Loss 1.5084 | Val Acc 0.6374 | ETputs(KTEPS) 20307.58
2023-10-11 10:24:37,483 - tune.py [line:103] - INFO: Epoch 00120 | Time(s) 0.0330 | Val Loss 1.5035 | Val Acc 0.6813 | ETputs(KTEPS) 19688.38
2023-10-11 10:24:38,177 - tune.py [line:103] - INFO: Epoch 00140 | Time(s) 0.0333 | Val Loss 1.5041 | Val Acc 0.6725 | ETputs(KTEPS) 19550.74
2023-10-11 10:24:38,918 - tune.py [line:103] - INFO: Epoch 00160 | Time(s) 0.0337 | Val Loss 1.5030 | Val Acc 0.6879 | ETputs(KTEPS) 19278.97
2023-10-11 10:24:39,556 - tune.py [line:103] - INFO: Epoch 00180 | Time(s) 0.0335 | Val Loss 1.5034 | Val Acc 0.6747 | ETputs(KTEPS) 19410.96
2023-10-11 10:24:40,238 - tune.py [line:103] - INFO: Epoch 00200 | Time(s) 0.0336 | Val Loss 1.5039 | Val Acc 0.6703 | ETputs(KTEPS) 19377.53
2023-10-11 10:24:40,818 - tune.py [line:103] - INFO: Epoch 00220 | Time(s) 0.0331 | Val Loss 1.5096 | Val Acc 0.6637 | ETputs(KTEPS) 19620.90
2023-10-11 10:24:41,330 - tune.py [line:103] - INFO: Epoch 00240 | Time(s) 0.0325 | Val Loss 1.5101 | Val Acc 0.6945 | ETputs(KTEPS) 20003.09
2023-10-11 10:24:41,933 - tune.py [line:103] - INFO: Epoch 00260 | Time(s) 0.0323 | Val Loss 1.5132 | Val Acc 0.6813 | ETputs(KTEPS) 20121.51
2023-10-11 10:24:42,553 - tune.py [line:103] - INFO: Epoch 00280 | Time(s) 0.0322 | Val Loss 1.5180 | Val Acc 0.6571 | ETputs(KTEPS) 20180.54
2023-10-11 10:24:43,200 - tune.py [line:103] - INFO: Epoch 00300 | Time(s) 0.0322 | Val Loss 1.5203 | Val Acc 0.6549 | ETputs(KTEPS) 20175.29
2023-10-11 10:24:43,802 - tune.py [line:103] - INFO: Epoch 00320 | Time(s) 0.0321 | Val Loss 1.5224 | Val Acc 0.6637 | ETputs(KTEPS) 20259.56
2023-10-11 10:24:44,404 - tune.py [line:103] - INFO: Epoch 00340 | Time(s) 0.0320 | Val Loss 1.5254 | Val Acc 0.6769 | ETputs(KTEPS) 20336.08
2023-10-11 10:24:45,021 - tune.py [line:103] - INFO: Epoch 00360 | Time(s) 0.0319 | Val Loss 1.5249 | Val Acc 0.6703 | ETputs(KTEPS) 20376.35
2023-10-11 10:24:45,698 - tune.py [line:103] - INFO: Epoch 00380 | Time(s) 0.0320 | Val Loss 1.5283 | Val Acc 0.6593 | ETputs(KTEPS) 20311.78
2023-10-11 10:24:46,299 - tune.py [line:103] - INFO: Epoch 00400 | Time(s) 0.0319 | Val Loss 1.5284 | Val Acc 0.6703 | ETputs(KTEPS) 20374.30
2023-10-11 10:24:46,953 - tune.py [line:103] - INFO: Epoch 00420 | Time(s) 0.0319 | Val Loss 1.5292 | Val Acc 0.6901 | ETputs(KTEPS) 20351.40
2023-10-11 10:24:47,583 - tune.py [line:103] - INFO: Epoch 00440 | Time(s) 0.0319 | Val Loss 1.5284 | Val Acc 0.6571 | ETputs(KTEPS) 20365.77
2023-10-11 10:24:48,112 - tune.py [line:103] - INFO: Epoch 00460 | Time(s) 0.0317 | Val Loss 1.5291 | Val Acc 0.6681 | ETputs(KTEPS) 20519.55
2023-10-11 10:24:48,764 - tune.py [line:103] - INFO: Epoch 00480 | Time(s) 0.0317 | Val Loss 1.5296 | Val Acc 0.6681 | ETputs(KTEPS) 20495.24
2023-10-11 10:24:49,378 - tune.py [line:103] - INFO: Epoch 00500 | Time(s) 0.0317 | Val Loss 1.5305 | Val Acc 0.6813 | ETputs(KTEPS) 20522.78
2023-10-11 10:24:50,034 - tune.py [line:103] - INFO: Epoch 00520 | Time(s) 0.0317 | Val Loss 1.5313 | Val Acc 0.6879 | ETputs(KTEPS) 20495.45
2023-10-11 10:24:50,744 - tune.py [line:103] - INFO: Epoch 00540 | Time(s) 0.0319 | Val Loss 1.5327 | Val Acc 0.6615 | ETputs(KTEPS) 20405.95
2023-10-11 10:24:50,784 - tune.py [line:117] - INFO: [FINAL MODEL] Val accuracy 69.89% \Val loss: 1.5
2023-10-11 10:24:50,790 - tune.py [line:119] - INFO: [FINAL MODEL] Test accuracy 70.68% \Test loss: 1.5
2023-10-11 10:24:50,790 - tune.py [line:144] - INFO: Acc on the first split (Validation Set): 0.6989
2023-10-11 10:24:50,790 - tune.py [line:145] - INFO: Acc on the first split (Test Set): 0.7068
