2023-10-11 10:34:33,329 - tune.py [line:203] - INFO: Namespace(seed=42, model='NormalNNV2', gpu=0, dataset='geom-chameleon', logging=True, log_detail=True, log_detailedCh=False, id_log=1011014505, optuna_n_trials=202, n_epochs=2000, self_loop=True, udgraph=True, early_stop=True, patience=300, n_hidden=64, n_cv=1, start_cv=0, n_layers=8, lr1=0.05, lr2=0.03, wd1=1e-07, wd2=0.0001, dropout=0.1, dropout2=0.3, es_ckpt='TestTuningScript-geom-chameleon_NormalNNV2-geom-chameleon_trialNo151')
2023-10-11 10:34:34,112 - tune.py [line:128] - INFO: Split_seeds:[1824]
2023-10-11 10:34:34,112 - tune.py [line:129] - INFO: Model_seeds:[409]
2023-10-11 10:34:34,884 - tune.py [line:103] - INFO: Epoch 00020 | Time(s) 0.0362 | Val Loss 1.5765 | Val Acc 0.6769 | ETputs(KTEPS) 17941.45
2023-10-11 10:34:35,451 - tune.py [line:103] - INFO: Epoch 00040 | Time(s) 0.0323 | Val Loss 1.5444 | Val Acc 0.6484 | ETputs(KTEPS) 20136.41
2023-10-11 10:34:36,142 - tune.py [line:103] - INFO: Epoch 00060 | Time(s) 0.0330 | Val Loss 1.5109 | Val Acc 0.6571 | ETputs(KTEPS) 19684.36
2023-10-11 10:34:36,765 - tune.py [line:103] - INFO: Epoch 00080 | Time(s) 0.0326 | Val Loss 1.4808 | Val Acc 0.6374 | ETputs(KTEPS) 19967.29
2023-10-11 10:34:37,388 - tune.py [line:103] - INFO: Epoch 00100 | Time(s) 0.0323 | Val Loss 1.4462 | Val Acc 0.6374 | ETputs(KTEPS) 20145.98
2023-10-11 10:34:38,066 - tune.py [line:103] - INFO: Epoch 00120 | Time(s) 0.0325 | Val Loss 1.4093 | Val Acc 0.6615 | ETputs(KTEPS) 19981.16
2023-10-11 10:34:38,797 - tune.py [line:103] - INFO: Epoch 00140 | Time(s) 0.0331 | Val Loss 1.3814 | Val Acc 0.6637 | ETputs(KTEPS) 19636.08
2023-10-11 10:34:39,423 - tune.py [line:103] - INFO: Epoch 00160 | Time(s) 0.0329 | Val Loss 1.3549 | Val Acc 0.6593 | ETputs(KTEPS) 19775.82
2023-10-11 10:34:40,001 - tune.py [line:103] - INFO: Epoch 00180 | Time(s) 0.0324 | Val Loss 1.3303 | Val Acc 0.6681 | ETputs(KTEPS) 20043.91
2023-10-11 10:34:40,618 - tune.py [line:103] - INFO: Epoch 00200 | Time(s) 0.0323 | Val Loss 1.3100 | Val Acc 0.6637 | ETputs(KTEPS) 20146.27
2023-10-11 10:34:41,354 - tune.py [line:103] - INFO: Epoch 00220 | Time(s) 0.0327 | Val Loss 1.2912 | Val Acc 0.6615 | ETputs(KTEPS) 19893.43
2023-10-11 10:34:41,967 - tune.py [line:103] - INFO: Epoch 00240 | Time(s) 0.0325 | Val Loss 1.2717 | Val Acc 0.6747 | ETputs(KTEPS) 19997.56
2023-10-11 10:34:42,655 - tune.py [line:103] - INFO: Epoch 00260 | Time(s) 0.0326 | Val Loss 1.2518 | Val Acc 0.6923 | ETputs(KTEPS) 19915.72
2023-10-11 10:34:43,276 - tune.py [line:103] - INFO: Epoch 00280 | Time(s) 0.0325 | Val Loss 1.2514 | Val Acc 0.6637 | ETputs(KTEPS) 19986.78
2023-10-11 10:34:43,890 - tune.py [line:103] - INFO: Epoch 00300 | Time(s) 0.0324 | Val Loss 1.2169 | Val Acc 0.6681 | ETputs(KTEPS) 20068.15
2023-10-11 10:34:44,557 - tune.py [line:103] - INFO: Epoch 00320 | Time(s) 0.0325 | Val Loss 1.2140 | Val Acc 0.6703 | ETputs(KTEPS) 20031.95
2023-10-11 10:34:45,301 - tune.py [line:103] - INFO: Epoch 00340 | Time(s) 0.0327 | Val Loss 1.1979 | Val Acc 0.6725 | ETputs(KTEPS) 19862.51
2023-10-11 10:34:45,929 - tune.py [line:103] - INFO: Epoch 00360 | Time(s) 0.0327 | Val Loss 1.1875 | Val Acc 0.6857 | ETputs(KTEPS) 19907.61
2023-10-11 10:34:46,583 - tune.py [line:103] - INFO: Epoch 00380 | Time(s) 0.0327 | Val Loss 1.1825 | Val Acc 0.6615 | ETputs(KTEPS) 19907.82
2023-10-11 10:34:47,263 - tune.py [line:103] - INFO: Epoch 00400 | Time(s) 0.0327 | Val Loss 1.1706 | Val Acc 0.6725 | ETputs(KTEPS) 19868.40
2023-10-11 10:34:48,021 - tune.py [line:103] - INFO: Epoch 00420 | Time(s) 0.0330 | Val Loss 1.1663 | Val Acc 0.6923 | ETputs(KTEPS) 19723.20
2023-10-11 10:34:48,631 - tune.py [line:103] - INFO: Epoch 00440 | Time(s) 0.0328 | Val Loss 1.1569 | Val Acc 0.6703 | ETputs(KTEPS) 19793.57
2023-10-11 10:34:49,252 - tune.py [line:103] - INFO: Epoch 00460 | Time(s) 0.0328 | Val Loss 1.1416 | Val Acc 0.7011 | ETputs(KTEPS) 19841.82
2023-10-11 10:34:49,896 - tune.py [line:103] - INFO: Epoch 00480 | Time(s) 0.0327 | Val Loss 1.1352 | Val Acc 0.6923 | ETputs(KTEPS) 19859.42
2023-10-11 10:34:50,495 - tune.py [line:103] - INFO: Epoch 00500 | Time(s) 0.0326 | Val Loss 1.1399 | Val Acc 0.6879 | ETputs(KTEPS) 19928.22
2023-10-11 10:34:51,233 - tune.py [line:103] - INFO: Epoch 00520 | Time(s) 0.0328 | Val Loss 1.1265 | Val Acc 0.6769 | ETputs(KTEPS) 19829.53
2023-10-11 10:34:51,901 - tune.py [line:103] - INFO: Epoch 00540 | Time(s) 0.0328 | Val Loss 1.1330 | Val Acc 0.6681 | ETputs(KTEPS) 19815.64
2023-10-11 10:34:52,526 - tune.py [line:103] - INFO: Epoch 00560 | Time(s) 0.0328 | Val Loss 1.1228 | Val Acc 0.6747 | ETputs(KTEPS) 19850.24
2023-10-11 10:34:53,189 - tune.py [line:103] - INFO: Epoch 00580 | Time(s) 0.0328 | Val Loss 1.1210 | Val Acc 0.6835 | ETputs(KTEPS) 19842.96
2023-10-11 10:34:53,825 - tune.py [line:103] - INFO: Epoch 00600 | Time(s) 0.0327 | Val Loss 1.1140 | Val Acc 0.6791 | ETputs(KTEPS) 19863.05
2023-10-11 10:34:54,502 - tune.py [line:103] - INFO: Epoch 00620 | Time(s) 0.0328 | Val Loss 1.1155 | Val Acc 0.6769 | ETputs(KTEPS) 19841.07
2023-10-11 10:34:55,236 - tune.py [line:103] - INFO: Epoch 00640 | Time(s) 0.0329 | Val Loss 1.1027 | Val Acc 0.6813 | ETputs(KTEPS) 19767.86
2023-10-11 10:34:55,929 - tune.py [line:103] - INFO: Epoch 00660 | Time(s) 0.0329 | Val Loss 1.1114 | Val Acc 0.6769 | ETputs(KTEPS) 19736.27
2023-10-11 10:34:56,561 - tune.py [line:103] - INFO: Epoch 00680 | Time(s) 0.0329 | Val Loss 1.1122 | Val Acc 0.6835 | ETputs(KTEPS) 19760.78
2023-10-11 10:34:57,197 - tune.py [line:103] - INFO: Epoch 00700 | Time(s) 0.0329 | Val Loss 1.1231 | Val Acc 0.6725 | ETputs(KTEPS) 19780.12
2023-10-11 10:34:57,888 - tune.py [line:103] - INFO: Epoch 00720 | Time(s) 0.0329 | Val Loss 1.1158 | Val Acc 0.6747 | ETputs(KTEPS) 19752.39
2023-10-11 10:34:58,507 - tune.py [line:103] - INFO: Epoch 00740 | Time(s) 0.0329 | Val Loss 1.1140 | Val Acc 0.6791 | ETputs(KTEPS) 19784.68
2023-10-11 10:34:59,131 - tune.py [line:103] - INFO: Epoch 00760 | Time(s) 0.0328 | Val Loss 1.1076 | Val Acc 0.6879 | ETputs(KTEPS) 19811.90
2023-10-11 10:34:59,169 - tune.py [line:117] - INFO: [FINAL MODEL] Val accuracy 70.77% \Val loss: 1.1
2023-10-11 10:34:59,174 - tune.py [line:119] - INFO: [FINAL MODEL] Test accuracy 69.37% \Test loss: 1.1
2023-10-11 10:34:59,175 - tune.py [line:144] - INFO: Acc on the first split (Validation Set): 0.7077
2023-10-11 10:34:59,175 - tune.py [line:145] - INFO: Acc on the first split (Test Set): 0.6937
