2023-10-11 10:37:26,660 - tune.py [line:203] - INFO: Namespace(seed=42, model='NormalNNV2', gpu=0, dataset='geom-chameleon', logging=True, log_detail=True, log_detailedCh=False, id_log=1011014505, optuna_n_trials=202, n_epochs=2000, self_loop=True, udgraph=True, early_stop=True, patience=300, n_hidden=64, n_cv=1, start_cv=0, n_layers=8, lr1=0.05, lr2=0.03, wd1=1e-07, wd2=0.0001, dropout=0.1, dropout2=0.4, es_ckpt='TestTuningScript-geom-chameleon_NormalNNV2-geom-chameleon_trialNo176')
2023-10-11 10:37:27,385 - tune.py [line:128] - INFO: Split_seeds:[1824]
2023-10-11 10:37:27,385 - tune.py [line:129] - INFO: Model_seeds:[409]
2023-10-11 10:37:28,036 - tune.py [line:103] - INFO: Epoch 00020 | Time(s) 0.0304 | Val Loss 1.5754 | Val Acc 0.6659 | ETputs(KTEPS) 21391.71
2023-10-11 10:37:28,658 - tune.py [line:103] - INFO: Epoch 00040 | Time(s) 0.0306 | Val Loss 1.5420 | Val Acc 0.6571 | ETputs(KTEPS) 21234.77
2023-10-11 10:37:29,309 - tune.py [line:103] - INFO: Epoch 00060 | Time(s) 0.0313 | Val Loss 1.5053 | Val Acc 0.6681 | ETputs(KTEPS) 20799.50
2023-10-11 10:37:30,068 - tune.py [line:103] - INFO: Epoch 00080 | Time(s) 0.0329 | Val Loss 1.4726 | Val Acc 0.6615 | ETputs(KTEPS) 19749.41
2023-10-11 10:37:30,677 - tune.py [line:103] - INFO: Epoch 00100 | Time(s) 0.0324 | Val Loss 1.4413 | Val Acc 0.6571 | ETputs(KTEPS) 20050.48
2023-10-11 10:37:31,172 - tune.py [line:103] - INFO: Epoch 00120 | Time(s) 0.0311 | Val Loss 1.4090 | Val Acc 0.6462 | ETputs(KTEPS) 20878.20
2023-10-11 10:37:31,746 - tune.py [line:103] - INFO: Epoch 00140 | Time(s) 0.0308 | Val Loss 1.3841 | Val Acc 0.6637 | ETputs(KTEPS) 21115.02
2023-10-11 10:37:32,358 - tune.py [line:103] - INFO: Epoch 00160 | Time(s) 0.0308 | Val Loss 1.3510 | Val Acc 0.6462 | ETputs(KTEPS) 21135.83
2023-10-11 10:37:32,997 - tune.py [line:103] - INFO: Epoch 00180 | Time(s) 0.0309 | Val Loss 1.3246 | Val Acc 0.6549 | ETputs(KTEPS) 21047.79
2023-10-11 10:37:33,675 - tune.py [line:103] - INFO: Epoch 00200 | Time(s) 0.0312 | Val Loss 1.3044 | Val Acc 0.6593 | ETputs(KTEPS) 20846.85
2023-10-11 10:37:34,261 - tune.py [line:103] - INFO: Epoch 00220 | Time(s) 0.0310 | Val Loss 1.2840 | Val Acc 0.6725 | ETputs(KTEPS) 20963.81
2023-10-11 10:37:34,841 - tune.py [line:103] - INFO: Epoch 00240 | Time(s) 0.0308 | Val Loss 1.2644 | Val Acc 0.6879 | ETputs(KTEPS) 21078.29
2023-10-11 10:37:35,485 - tune.py [line:103] - INFO: Epoch 00260 | Time(s) 0.0309 | Val Loss 1.2516 | Val Acc 0.6703 | ETputs(KTEPS) 21007.82
2023-10-11 10:37:36,118 - tune.py [line:103] - INFO: Epoch 00280 | Time(s) 0.0310 | Val Loss 1.2368 | Val Acc 0.6747 | ETputs(KTEPS) 20975.19
2023-10-11 10:37:36,822 - tune.py [line:103] - INFO: Epoch 00300 | Time(s) 0.0313 | Val Loss 1.2234 | Val Acc 0.6703 | ETputs(KTEPS) 20790.21
2023-10-11 10:37:37,572 - tune.py [line:103] - INFO: Epoch 00320 | Time(s) 0.0317 | Val Loss 1.2095 | Val Acc 0.6835 | ETputs(KTEPS) 20540.47
2023-10-11 10:37:38,234 - tune.py [line:103] - INFO: Epoch 00340 | Time(s) 0.0317 | Val Loss 1.1966 | Val Acc 0.6813 | ETputs(KTEPS) 20493.66
2023-10-11 10:37:38,895 - tune.py [line:103] - INFO: Epoch 00360 | Time(s) 0.0318 | Val Loss 1.1896 | Val Acc 0.6703 | ETputs(KTEPS) 20452.11
2023-10-11 10:37:39,508 - tune.py [line:103] - INFO: Epoch 00380 | Time(s) 0.0317 | Val Loss 1.1740 | Val Acc 0.6835 | ETputs(KTEPS) 20490.96
2023-10-11 10:37:40,194 - tune.py [line:103] - INFO: Epoch 00400 | Time(s) 0.0319 | Val Loss 1.1723 | Val Acc 0.6857 | ETputs(KTEPS) 20408.84
2023-10-11 10:37:40,908 - tune.py [line:103] - INFO: Epoch 00420 | Time(s) 0.0320 | Val Loss 1.1602 | Val Acc 0.6967 | ETputs(KTEPS) 20292.53
2023-10-11 10:37:41,604 - tune.py [line:103] - INFO: Epoch 00440 | Time(s) 0.0322 | Val Loss 1.1537 | Val Acc 0.6813 | ETputs(KTEPS) 20218.07
2023-10-11 10:37:42,187 - tune.py [line:103] - INFO: Epoch 00460 | Time(s) 0.0320 | Val Loss 1.1439 | Val Acc 0.6813 | ETputs(KTEPS) 20301.52
2023-10-11 10:37:42,820 - tune.py [line:103] - INFO: Epoch 00480 | Time(s) 0.0320 | Val Loss 1.1379 | Val Acc 0.6945 | ETputs(KTEPS) 20311.55
2023-10-11 10:37:43,502 - tune.py [line:103] - INFO: Epoch 00500 | Time(s) 0.0321 | Val Loss 1.1377 | Val Acc 0.6791 | ETputs(KTEPS) 20259.52
2023-10-11 10:37:44,188 - tune.py [line:103] - INFO: Epoch 00520 | Time(s) 0.0322 | Val Loss 1.1249 | Val Acc 0.6945 | ETputs(KTEPS) 20206.93
2023-10-11 10:37:44,855 - tune.py [line:103] - INFO: Epoch 00540 | Time(s) 0.0322 | Val Loss 1.1275 | Val Acc 0.6857 | ETputs(KTEPS) 20179.80
2023-10-11 10:37:45,519 - tune.py [line:103] - INFO: Epoch 00560 | Time(s) 0.0323 | Val Loss 1.1230 | Val Acc 0.6813 | ETputs(KTEPS) 20158.84
2023-10-11 10:37:46,192 - tune.py [line:103] - INFO: Epoch 00580 | Time(s) 0.0323 | Val Loss 1.1241 | Val Acc 0.6879 | ETputs(KTEPS) 20128.81
2023-10-11 10:37:46,805 - tune.py [line:103] - INFO: Epoch 00600 | Time(s) 0.0322 | Val Loss 1.1131 | Val Acc 0.6769 | ETputs(KTEPS) 20164.24
2023-10-11 10:37:47,509 - tune.py [line:103] - INFO: Epoch 00620 | Time(s) 0.0323 | Val Loss 1.1169 | Val Acc 0.6857 | ETputs(KTEPS) 20104.53
2023-10-11 10:37:48,114 - tune.py [line:103] - INFO: Epoch 00640 | Time(s) 0.0323 | Val Loss 1.1070 | Val Acc 0.6835 | ETputs(KTEPS) 20146.60
2023-10-11 10:37:48,717 - tune.py [line:103] - INFO: Epoch 00660 | Time(s) 0.0322 | Val Loss 1.1105 | Val Acc 0.6791 | ETputs(KTEPS) 20186.76
2023-10-11 10:37:49,354 - tune.py [line:103] - INFO: Epoch 00680 | Time(s) 0.0322 | Val Loss 1.1109 | Val Acc 0.6857 | ETputs(KTEPS) 20193.69
2023-10-11 10:37:50,002 - tune.py [line:103] - INFO: Epoch 00700 | Time(s) 0.0322 | Val Loss 1.1087 | Val Acc 0.6747 | ETputs(KTEPS) 20191.09
2023-10-11 10:37:50,668 - tune.py [line:103] - INFO: Epoch 00720 | Time(s) 0.0322 | Val Loss 1.0982 | Val Acc 0.6813 | ETputs(KTEPS) 20172.48
2023-10-11 10:37:50,870 - tune.py [line:117] - INFO: [FINAL MODEL] Val accuracy 70.11% \Val loss: 1.2
2023-10-11 10:37:50,876 - tune.py [line:119] - INFO: [FINAL MODEL] Test accuracy 68.93% \Test loss: 1.1
2023-10-11 10:37:50,876 - tune.py [line:144] - INFO: Acc on the first split (Validation Set): 0.7011
2023-10-11 10:37:50,876 - tune.py [line:145] - INFO: Acc on the first split (Test Set): 0.6893
