2023-10-11 12:40:50,821 - tune.py [line:203] - INFO: Namespace(seed=42, model='NormalNNV2', gpu=0, dataset='geom-chameleon', logging=True, log_detail=True, log_detailedCh=False, id_log=1011014505, optuna_n_trials=202, n_epochs=2000, self_loop=True, udgraph=True, early_stop=True, patience=300, n_hidden=64, n_cv=1, start_cv=0, n_layers=12, lr1=0.05, lr2=0.02, wd1=1e-06, wd2=1e-08, dropout=0.0, dropout2=0.4, es_ckpt='TestTuningScript-geom-chameleon_NormalNNV2-geom-chameleon_trialNo97')
2023-10-11 12:40:51,574 - tune.py [line:128] - INFO: Split_seeds:[1824]
2023-10-11 12:40:51,574 - tune.py [line:129] - INFO: Model_seeds:[409]
2023-10-11 12:40:52,412 - tune.py [line:103] - INFO: Epoch 00020 | Time(s) 0.0401 | Val Loss 1.5823 | Val Acc 0.6462 | ETputs(KTEPS) 16211.91
2023-10-11 12:40:53,241 - tune.py [line:103] - INFO: Epoch 00040 | Time(s) 0.0406 | Val Loss 1.5569 | Val Acc 0.6462 | ETputs(KTEPS) 15997.23
2023-10-11 12:40:54,061 - tune.py [line:103] - INFO: Epoch 00060 | Time(s) 0.0407 | Val Loss 1.5299 | Val Acc 0.6418 | ETputs(KTEPS) 15973.05
2023-10-11 12:40:54,868 - tune.py [line:103] - INFO: Epoch 00080 | Time(s) 0.0406 | Val Loss 1.5078 | Val Acc 0.6264 | ETputs(KTEPS) 16008.20
2023-10-11 12:40:55,684 - tune.py [line:103] - INFO: Epoch 00100 | Time(s) 0.0407 | Val Loss 1.4798 | Val Acc 0.6396 | ETputs(KTEPS) 15993.87
2023-10-11 12:40:56,507 - tune.py [line:103] - INFO: Epoch 00120 | Time(s) 0.0407 | Val Loss 1.4546 | Val Acc 0.6440 | ETputs(KTEPS) 15962.53
2023-10-11 12:40:57,320 - tune.py [line:103] - INFO: Epoch 00140 | Time(s) 0.0407 | Val Loss 1.4280 | Val Acc 0.6593 | ETputs(KTEPS) 15971.08
2023-10-11 12:40:58,107 - tune.py [line:103] - INFO: Epoch 00160 | Time(s) 0.0405 | Val Loss 1.4119 | Val Acc 0.6527 | ETputs(KTEPS) 16038.54
2023-10-11 12:40:58,940 - tune.py [line:103] - INFO: Epoch 00180 | Time(s) 0.0407 | Val Loss 1.3814 | Val Acc 0.6637 | ETputs(KTEPS) 15989.82
2023-10-11 12:40:59,732 - tune.py [line:103] - INFO: Epoch 00200 | Time(s) 0.0406 | Val Loss 1.3643 | Val Acc 0.6549 | ETputs(KTEPS) 16033.40
2023-10-11 12:41:00,545 - tune.py [line:103] - INFO: Epoch 00220 | Time(s) 0.0406 | Val Loss 1.3519 | Val Acc 0.6462 | ETputs(KTEPS) 16030.35
2023-10-11 12:41:01,394 - tune.py [line:103] - INFO: Epoch 00240 | Time(s) 0.0407 | Val Loss 1.3299 | Val Acc 0.6462 | ETputs(KTEPS) 15968.81
2023-10-11 12:41:02,187 - tune.py [line:103] - INFO: Epoch 00260 | Time(s) 0.0406 | Val Loss 1.3259 | Val Acc 0.6264 | ETputs(KTEPS) 16001.67
2023-10-11 12:41:03,010 - tune.py [line:103] - INFO: Epoch 00280 | Time(s) 0.0407 | Val Loss 1.2944 | Val Acc 0.6637 | ETputs(KTEPS) 15988.46
2023-10-11 12:41:03,885 - tune.py [line:103] - INFO: Epoch 00300 | Time(s) 0.0409 | Val Loss 1.2824 | Val Acc 0.6505 | ETputs(KTEPS) 15909.12
2023-10-11 12:41:04,725 - tune.py [line:103] - INFO: Epoch 00320 | Time(s) 0.0409 | Val Loss 1.2691 | Val Acc 0.6527 | ETputs(KTEPS) 15881.64
2023-10-11 12:41:05,474 - tune.py [line:103] - INFO: Epoch 00340 | Time(s) 0.0407 | Val Loss 1.2513 | Val Acc 0.6571 | ETputs(KTEPS) 15962.15
2023-10-11 12:41:05,515 - tune.py [line:117] - INFO: [FINAL MODEL] Val accuracy 68.57% \Val loss: 1.6
2023-10-11 12:41:05,523 - tune.py [line:119] - INFO: [FINAL MODEL] Test accuracy 68.71% \Test loss: 1.6
2023-10-11 12:41:05,523 - tune.py [line:144] - INFO: Acc on the first split (Validation Set): 0.6857
2023-10-11 12:41:05,523 - tune.py [line:145] - INFO: Acc on the first split (Test Set): 0.6871
