2023-10-11 12:35:13,219 - tune.py [line:203] - INFO: Namespace(seed=42, model='NormalNNV2', gpu=0, dataset='geom-chameleon', logging=True, log_detail=True, log_detailedCh=False, id_log=1011014505, optuna_n_trials=202, n_epochs=2000, self_loop=True, udgraph=True, early_stop=True, patience=300, n_hidden=64, n_cv=1, start_cv=0, n_layers=20, lr1=0.05, lr2=0.05, wd1=1e-08, wd2=0.0001, dropout=0.3, dropout2=0.5, es_ckpt='TestTuningScript-geom-chameleon_NormalNNV2-geom-chameleon_trialNo45')
2023-10-11 12:35:14,077 - tune.py [line:128] - INFO: Split_seeds:[1824]
2023-10-11 12:35:14,078 - tune.py [line:129] - INFO: Model_seeds:[409]
2023-10-11 12:35:15,396 - tune.py [line:103] - INFO: Epoch 00020 | Time(s) 0.0632 | Val Loss 1.5471 | Val Acc 0.6286 | ETputs(KTEPS) 10280.98
2023-10-11 12:35:16,647 - tune.py [line:103] - INFO: Epoch 00040 | Time(s) 0.0629 | Val Loss 1.4776 | Val Acc 0.6242 | ETputs(KTEPS) 10340.60
2023-10-11 12:35:17,902 - tune.py [line:103] - INFO: Epoch 00060 | Time(s) 0.0628 | Val Loss 1.4200 | Val Acc 0.6242 | ETputs(KTEPS) 10348.90
2023-10-11 12:35:19,177 - tune.py [line:103] - INFO: Epoch 00080 | Time(s) 0.0630 | Val Loss 1.3709 | Val Acc 0.6220 | ETputs(KTEPS) 10312.65
2023-10-11 12:35:20,403 - tune.py [line:103] - INFO: Epoch 00100 | Time(s) 0.0627 | Val Loss 1.3352 | Val Acc 0.6088 | ETputs(KTEPS) 10369.79
2023-10-11 12:35:21,604 - tune.py [line:103] - INFO: Epoch 00120 | Time(s) 0.0623 | Val Loss 1.3181 | Val Acc 0.6176 | ETputs(KTEPS) 10444.62
2023-10-11 12:35:22,777 - tune.py [line:103] - INFO: Epoch 00140 | Time(s) 0.0617 | Val Loss 1.2913 | Val Acc 0.6198 | ETputs(KTEPS) 10531.70
2023-10-11 12:35:23,900 - tune.py [line:103] - INFO: Epoch 00160 | Time(s) 0.0610 | Val Loss 1.2767 | Val Acc 0.6110 | ETputs(KTEPS) 10652.69
2023-10-11 12:35:25,058 - tune.py [line:103] - INFO: Epoch 00180 | Time(s) 0.0607 | Val Loss 1.2788 | Val Acc 0.6088 | ETputs(KTEPS) 10714.14
2023-10-11 12:35:26,298 - tune.py [line:103] - INFO: Epoch 00200 | Time(s) 0.0608 | Val Loss 1.2658 | Val Acc 0.6176 | ETputs(KTEPS) 10691.78
2023-10-11 12:35:27,431 - tune.py [line:103] - INFO: Epoch 00220 | Time(s) 0.0604 | Val Loss 1.2718 | Val Acc 0.6110 | ETputs(KTEPS) 10759.26
2023-10-11 12:35:28,579 - tune.py [line:103] - INFO: Epoch 00240 | Time(s) 0.0602 | Val Loss 1.2724 | Val Acc 0.5934 | ETputs(KTEPS) 10804.81
2023-10-11 12:35:29,765 - tune.py [line:103] - INFO: Epoch 00260 | Time(s) 0.0601 | Val Loss 1.2617 | Val Acc 0.6022 | ETputs(KTEPS) 10817.04
2023-10-11 12:35:30,981 - tune.py [line:103] - INFO: Epoch 00280 | Time(s) 0.0602 | Val Loss 1.2504 | Val Acc 0.6044 | ETputs(KTEPS) 10808.55
2023-10-11 12:35:32,153 - tune.py [line:103] - INFO: Epoch 00300 | Time(s) 0.0600 | Val Loss 1.2473 | Val Acc 0.6198 | ETputs(KTEPS) 10827.60
2023-10-11 12:35:33,376 - tune.py [line:103] - INFO: Epoch 00320 | Time(s) 0.0601 | Val Loss 1.2446 | Val Acc 0.6132 | ETputs(KTEPS) 10817.67
2023-10-11 12:35:34,549 - tune.py [line:103] - INFO: Epoch 00340 | Time(s) 0.0600 | Val Loss 1.2403 | Val Acc 0.6066 | ETputs(KTEPS) 10833.17
2023-10-11 12:35:35,690 - tune.py [line:103] - INFO: Epoch 00360 | Time(s) 0.0599 | Val Loss 1.2331 | Val Acc 0.6308 | ETputs(KTEPS) 10863.35
2023-10-11 12:35:36,843 - tune.py [line:103] - INFO: Epoch 00380 | Time(s) 0.0597 | Val Loss 1.2324 | Val Acc 0.6066 | ETputs(KTEPS) 10884.65
2023-10-11 12:35:37,992 - tune.py [line:103] - INFO: Epoch 00400 | Time(s) 0.0596 | Val Loss 1.2304 | Val Acc 0.6242 | ETputs(KTEPS) 10905.80
2023-10-11 12:35:39,126 - tune.py [line:103] - INFO: Epoch 00420 | Time(s) 0.0595 | Val Loss 1.2258 | Val Acc 0.6308 | ETputs(KTEPS) 10931.36
2023-10-11 12:35:40,301 - tune.py [line:103] - INFO: Epoch 00440 | Time(s) 0.0594 | Val Loss 1.2217 | Val Acc 0.6154 | ETputs(KTEPS) 10937.77
2023-10-11 12:35:41,313 - tune.py [line:103] - INFO: Epoch 00460 | Time(s) 0.0591 | Val Loss 1.2270 | Val Acc 0.6022 | ETputs(KTEPS) 11009.50
2023-10-11 12:35:42,529 - tune.py [line:103] - INFO: Epoch 00480 | Time(s) 0.0591 | Val Loss 1.2236 | Val Acc 0.6198 | ETputs(KTEPS) 10995.90
2023-10-11 12:35:43,636 - tune.py [line:103] - INFO: Epoch 00500 | Time(s) 0.0590 | Val Loss 1.2258 | Val Acc 0.6198 | ETputs(KTEPS) 11024.27
2023-10-11 12:35:44,841 - tune.py [line:103] - INFO: Epoch 00520 | Time(s) 0.0590 | Val Loss 1.2208 | Val Acc 0.6154 | ETputs(KTEPS) 11015.39
2023-10-11 12:35:45,981 - tune.py [line:103] - INFO: Epoch 00540 | Time(s) 0.0589 | Val Loss 1.2092 | Val Acc 0.6374 | ETputs(KTEPS) 11029.60
2023-10-11 12:35:47,150 - tune.py [line:103] - INFO: Epoch 00560 | Time(s) 0.0589 | Val Loss 1.2147 | Val Acc 0.6110 | ETputs(KTEPS) 11033.18
2023-10-11 12:35:48,286 - tune.py [line:103] - INFO: Epoch 00580 | Time(s) 0.0589 | Val Loss 1.2173 | Val Acc 0.5956 | ETputs(KTEPS) 11047.17
2023-10-11 12:35:49,433 - tune.py [line:103] - INFO: Epoch 00600 | Time(s) 0.0588 | Val Loss 1.2156 | Val Acc 0.6220 | ETputs(KTEPS) 11056.67
2023-10-11 12:35:49,827 - tune.py [line:117] - INFO: [FINAL MODEL] Val accuracy 64.40% \Val loss: 1.2
2023-10-11 12:35:49,840 - tune.py [line:119] - INFO: [FINAL MODEL] Test accuracy 63.46% \Test loss: 1.2
2023-10-11 12:35:49,841 - tune.py [line:144] - INFO: Acc on the first split (Validation Set): 0.6440
2023-10-11 12:35:49,841 - tune.py [line:145] - INFO: Acc on the first split (Test Set): 0.6346
