2023-10-11 12:36:20,183 - tune.py [line:203] - INFO: Namespace(seed=42, model='NormalNNV2', gpu=0, dataset='geom-chameleon', logging=True, log_detail=True, log_detailedCh=False, id_log=1011014505, optuna_n_trials=202, n_epochs=2000, self_loop=True, udgraph=True, early_stop=True, patience=300, n_hidden=64, n_cv=1, start_cv=0, n_layers=12, lr1=0.05, lr2=0.04, wd1=1e-07, wd2=1e-08, dropout=0.0, dropout2=0.4, es_ckpt='TestTuningScript-geom-chameleon_NormalNNV2-geom-chameleon_trialNo48')
2023-10-11 12:36:21,066 - tune.py [line:128] - INFO: Split_seeds:[1824]
2023-10-11 12:36:21,066 - tune.py [line:129] - INFO: Model_seeds:[409]
2023-10-11 12:36:21,854 - tune.py [line:103] - INFO: Epoch 00020 | Time(s) 0.0379 | Val Loss 1.5611 | Val Acc 0.6462 | ETputs(KTEPS) 17173.60
2023-10-11 12:36:22,576 - tune.py [line:103] - INFO: Epoch 00040 | Time(s) 0.0367 | Val Loss 1.5094 | Val Acc 0.6549 | ETputs(KTEPS) 17717.29
2023-10-11 12:36:23,363 - tune.py [line:103] - INFO: Epoch 00060 | Time(s) 0.0376 | Val Loss 1.4696 | Val Acc 0.6527 | ETputs(KTEPS) 17302.47
2023-10-11 12:36:24,117 - tune.py [line:103] - INFO: Epoch 00080 | Time(s) 0.0376 | Val Loss 1.4198 | Val Acc 0.6374 | ETputs(KTEPS) 17290.93
2023-10-11 12:36:24,880 - tune.py [line:103] - INFO: Epoch 00100 | Time(s) 0.0377 | Val Loss 1.3716 | Val Acc 0.6396 | ETputs(KTEPS) 17254.80
2023-10-11 12:36:25,654 - tune.py [line:103] - INFO: Epoch 00120 | Time(s) 0.0378 | Val Loss 1.3328 | Val Acc 0.6549 | ETputs(KTEPS) 17184.48
2023-10-11 12:36:26,469 - tune.py [line:103] - INFO: Epoch 00140 | Time(s) 0.0382 | Val Loss 1.2976 | Val Acc 0.6462 | ETputs(KTEPS) 17001.21
2023-10-11 12:36:27,338 - tune.py [line:103] - INFO: Epoch 00160 | Time(s) 0.0389 | Val Loss 1.2688 | Val Acc 0.6396 | ETputs(KTEPS) 16717.59
2023-10-11 12:36:28,172 - tune.py [line:103] - INFO: Epoch 00180 | Time(s) 0.0392 | Val Loss 1.2241 | Val Acc 0.6615 | ETputs(KTEPS) 16585.47
2023-10-11 12:36:29,041 - tune.py [line:103] - INFO: Epoch 00200 | Time(s) 0.0396 | Val Loss 1.2212 | Val Acc 0.6462 | ETputs(KTEPS) 16409.30
2023-10-11 12:36:29,773 - tune.py [line:103] - INFO: Epoch 00220 | Time(s) 0.0393 | Val Loss 1.1997 | Val Acc 0.6462 | ETputs(KTEPS) 16523.92
2023-10-11 12:36:30,618 - tune.py [line:103] - INFO: Epoch 00240 | Time(s) 0.0396 | Val Loss 1.1728 | Val Acc 0.6462 | ETputs(KTEPS) 16424.07
2023-10-11 12:36:31,445 - tune.py [line:103] - INFO: Epoch 00260 | Time(s) 0.0397 | Val Loss 1.1517 | Val Acc 0.6505 | ETputs(KTEPS) 16368.22
2023-10-11 12:36:32,267 - tune.py [line:103] - INFO: Epoch 00280 | Time(s) 0.0398 | Val Loss 1.1527 | Val Acc 0.6440 | ETputs(KTEPS) 16328.88
2023-10-11 12:36:33,103 - tune.py [line:103] - INFO: Epoch 00300 | Time(s) 0.0399 | Val Loss 1.1411 | Val Acc 0.6198 | ETputs(KTEPS) 16275.19
2023-10-11 12:36:33,899 - tune.py [line:103] - INFO: Epoch 00320 | Time(s) 0.0399 | Val Loss 1.1359 | Val Acc 0.6308 | ETputs(KTEPS) 16279.79
2023-10-11 12:36:34,715 - tune.py [line:103] - INFO: Epoch 00340 | Time(s) 0.0400 | Val Loss 1.1201 | Val Acc 0.6264 | ETputs(KTEPS) 16259.70
2023-10-11 12:36:35,525 - tune.py [line:103] - INFO: Epoch 00360 | Time(s) 0.0400 | Val Loss 1.1123 | Val Acc 0.6242 | ETputs(KTEPS) 16248.41
2023-10-11 12:36:36,357 - tune.py [line:103] - INFO: Epoch 00380 | Time(s) 0.0401 | Val Loss 1.1319 | Val Acc 0.6154 | ETputs(KTEPS) 16215.94
2023-10-11 12:36:37,150 - tune.py [line:103] - INFO: Epoch 00400 | Time(s) 0.0401 | Val Loss 1.1054 | Val Acc 0.6264 | ETputs(KTEPS) 16225.15
2023-10-11 12:36:37,401 - tune.py [line:117] - INFO: [FINAL MODEL] Val accuracy 67.69% \Val loss: 1.4
2023-10-11 12:36:37,408 - tune.py [line:119] - INFO: [FINAL MODEL] Test accuracy 64.11% \Test loss: 1.4
2023-10-11 12:36:37,409 - tune.py [line:144] - INFO: Acc on the first split (Validation Set): 0.6769
2023-10-11 12:36:37,409 - tune.py [line:145] - INFO: Acc on the first split (Test Set): 0.6411
