2023-10-11 12:36:06,693 - tune.py [line:203] - INFO: Namespace(seed=42, model='NormalNNV2', gpu=0, dataset='geom-chameleon', logging=True, log_detail=True, log_detailedCh=False, id_log=1011014505, optuna_n_trials=202, n_epochs=2000, self_loop=True, udgraph=True, early_stop=True, patience=300, n_hidden=64, n_cv=1, start_cv=0, n_layers=12, lr1=0.04, lr2=0.04, wd1=1e-08, wd2=1e-08, dropout=0.2, dropout2=0.4, es_ckpt='TestTuningScript-geom-chameleon_NormalNNV2-geom-chameleon_trialNo47')
2023-10-11 12:36:07,443 - tune.py [line:128] - INFO: Split_seeds:[1824]
2023-10-11 12:36:07,443 - tune.py [line:129] - INFO: Model_seeds:[409]
2023-10-11 12:36:08,263 - tune.py [line:103] - INFO: Epoch 00020 | Time(s) 0.0393 | Val Loss 1.5606 | Val Acc 0.6593 | ETputs(KTEPS) 16555.12
2023-10-11 12:36:09,060 - tune.py [line:103] - INFO: Epoch 00040 | Time(s) 0.0396 | Val Loss 1.5100 | Val Acc 0.6549 | ETputs(KTEPS) 16438.56
2023-10-11 12:36:09,851 - tune.py [line:103] - INFO: Epoch 00060 | Time(s) 0.0396 | Val Loss 1.4615 | Val Acc 0.6505 | ETputs(KTEPS) 16439.45
2023-10-11 12:36:10,618 - tune.py [line:103] - INFO: Epoch 00080 | Time(s) 0.0392 | Val Loss 1.4178 | Val Acc 0.6110 | ETputs(KTEPS) 16570.87
2023-10-11 12:36:11,396 - tune.py [line:103] - INFO: Epoch 00100 | Time(s) 0.0392 | Val Loss 1.3743 | Val Acc 0.6242 | ETputs(KTEPS) 16598.43
2023-10-11 12:36:12,255 - tune.py [line:103] - INFO: Epoch 00120 | Time(s) 0.0398 | Val Loss 1.3433 | Val Acc 0.6352 | ETputs(KTEPS) 16338.39
2023-10-11 12:36:13,063 - tune.py [line:103] - INFO: Epoch 00140 | Time(s) 0.0399 | Val Loss 1.3079 | Val Acc 0.6440 | ETputs(KTEPS) 16303.77
2023-10-11 12:36:13,833 - tune.py [line:103] - INFO: Epoch 00160 | Time(s) 0.0397 | Val Loss 1.2843 | Val Acc 0.6396 | ETputs(KTEPS) 16377.61
2023-10-11 12:36:14,636 - tune.py [line:103] - INFO: Epoch 00180 | Time(s) 0.0398 | Val Loss 1.2535 | Val Acc 0.6088 | ETputs(KTEPS) 16356.28
2023-10-11 12:36:15,473 - tune.py [line:103] - INFO: Epoch 00200 | Time(s) 0.0400 | Val Loss 1.2278 | Val Acc 0.6264 | ETputs(KTEPS) 16271.85
2023-10-11 12:36:16,257 - tune.py [line:103] - INFO: Epoch 00220 | Time(s) 0.0399 | Val Loss 1.2025 | Val Acc 0.6154 | ETputs(KTEPS) 16301.63
2023-10-11 12:36:17,055 - tune.py [line:103] - INFO: Epoch 00240 | Time(s) 0.0399 | Val Loss 1.1909 | Val Acc 0.6286 | ETputs(KTEPS) 16302.28
2023-10-11 12:36:17,893 - tune.py [line:103] - INFO: Epoch 00260 | Time(s) 0.0400 | Val Loss 1.1788 | Val Acc 0.6220 | ETputs(KTEPS) 16240.44
2023-10-11 12:36:18,682 - tune.py [line:103] - INFO: Epoch 00280 | Time(s) 0.0400 | Val Loss 1.1670 | Val Acc 0.6374 | ETputs(KTEPS) 16257.58
2023-10-11 12:36:19,375 - tune.py [line:103] - INFO: Epoch 00300 | Time(s) 0.0396 | Val Loss 1.1621 | Val Acc 0.6308 | ETputs(KTEPS) 16404.09
2023-10-11 12:36:20,052 - tune.py [line:117] - INFO: [FINAL MODEL] Val accuracy 67.69% \Val loss: 1.6
2023-10-11 12:36:20,060 - tune.py [line:119] - INFO: [FINAL MODEL] Test accuracy 65.43% \Test loss: 1.6
2023-10-11 12:36:20,060 - tune.py [line:144] - INFO: Acc on the first split (Validation Set): 0.6769
2023-10-11 12:36:20,060 - tune.py [line:145] - INFO: Acc on the first split (Test Set): 0.6543
