2023-10-11 12:37:23,195 - tune.py [line:203] - INFO: Namespace(seed=42, model='NormalNNV2', gpu=0, dataset='geom-chameleon', logging=True, log_detail=True, log_detailedCh=False, id_log=1011014505, optuna_n_trials=202, n_epochs=2000, self_loop=True, udgraph=True, early_stop=True, patience=300, n_hidden=64, n_cv=1, start_cv=0, n_layers=12, lr1=0.04, lr2=0.04, wd1=1e-08, wd2=1e-08, dropout=0.2, dropout2=0.5, es_ckpt='TestTuningScript-geom-chameleon_NormalNNV2-geom-chameleon_trialNo62')
2023-10-11 12:37:24,078 - tune.py [line:128] - INFO: Split_seeds:[1824]
2023-10-11 12:37:24,079 - tune.py [line:129] - INFO: Model_seeds:[409]
2023-10-11 12:37:24,995 - tune.py [line:103] - INFO: Epoch 00020 | Time(s) 0.0434 | Val Loss 1.5596 | Val Acc 0.6286 | ETputs(KTEPS) 14985.28
2023-10-11 12:37:25,824 - tune.py [line:103] - INFO: Epoch 00040 | Time(s) 0.0423 | Val Loss 1.5107 | Val Acc 0.6440 | ETputs(KTEPS) 15384.72
2023-10-11 12:37:26,638 - tune.py [line:103] - INFO: Epoch 00060 | Time(s) 0.0417 | Val Loss 1.4618 | Val Acc 0.6308 | ETputs(KTEPS) 15579.64
2023-10-11 12:37:27,447 - tune.py [line:103] - INFO: Epoch 00080 | Time(s) 0.0414 | Val Loss 1.4150 | Val Acc 0.6330 | ETputs(KTEPS) 15702.06
2023-10-11 12:37:28,210 - tune.py [line:103] - INFO: Epoch 00100 | Time(s) 0.0407 | Val Loss 1.3828 | Val Acc 0.6132 | ETputs(KTEPS) 15956.53
2023-10-11 12:37:29,026 - tune.py [line:103] - INFO: Epoch 00120 | Time(s) 0.0408 | Val Loss 1.3492 | Val Acc 0.6242 | ETputs(KTEPS) 15955.29
2023-10-11 12:37:29,810 - tune.py [line:103] - INFO: Epoch 00140 | Time(s) 0.0405 | Val Loss 1.3129 | Val Acc 0.6176 | ETputs(KTEPS) 16043.81
2023-10-11 12:37:30,621 - tune.py [line:103] - INFO: Epoch 00160 | Time(s) 0.0405 | Val Loss 1.2810 | Val Acc 0.6308 | ETputs(KTEPS) 16042.26
2023-10-11 12:37:31,350 - tune.py [line:103] - INFO: Epoch 00180 | Time(s) 0.0401 | Val Loss 1.2622 | Val Acc 0.6110 | ETputs(KTEPS) 16225.48
2023-10-11 12:37:32,085 - tune.py [line:103] - INFO: Epoch 00200 | Time(s) 0.0397 | Val Loss 1.2520 | Val Acc 0.6110 | ETputs(KTEPS) 16362.13
2023-10-11 12:37:32,701 - tune.py [line:103] - INFO: Epoch 00220 | Time(s) 0.0389 | Val Loss 1.2282 | Val Acc 0.6198 | ETputs(KTEPS) 16704.90
2023-10-11 12:37:33,330 - tune.py [line:103] - INFO: Epoch 00240 | Time(s) 0.0383 | Val Loss 1.2176 | Val Acc 0.5934 | ETputs(KTEPS) 16976.18
2023-10-11 12:37:33,953 - tune.py [line:103] - INFO: Epoch 00260 | Time(s) 0.0377 | Val Loss 1.2090 | Val Acc 0.6066 | ETputs(KTEPS) 17224.42
2023-10-11 12:37:34,649 - tune.py [line:103] - INFO: Epoch 00280 | Time(s) 0.0375 | Val Loss 1.1882 | Val Acc 0.6264 | ETputs(KTEPS) 17321.19
2023-10-11 12:37:35,444 - tune.py [line:103] - INFO: Epoch 00300 | Time(s) 0.0377 | Val Loss 1.1820 | Val Acc 0.6110 | ETputs(KTEPS) 17254.16
2023-10-11 12:37:36,230 - tune.py [line:103] - INFO: Epoch 00320 | Time(s) 0.0378 | Val Loss 1.1855 | Val Acc 0.6088 | ETputs(KTEPS) 17209.40
2023-10-11 12:37:36,954 - tune.py [line:117] - INFO: [FINAL MODEL] Val accuracy 65.93% \Val loss: 1.5
2023-10-11 12:37:36,962 - tune.py [line:119] - INFO: [FINAL MODEL] Test accuracy 67.40% \Test loss: 1.5
2023-10-11 12:37:36,963 - tune.py [line:144] - INFO: Acc on the first split (Validation Set): 0.6593
2023-10-11 12:37:36,963 - tune.py [line:145] - INFO: Acc on the first split (Test Set): 0.6740
