2023-10-11 12:41:36,221 - tune.py [line:203] - INFO: Namespace(seed=42, model='NormalNNV2', gpu=0, dataset='geom-chameleon', logging=True, log_detail=True, log_detailedCh=False, id_log=1011014505, optuna_n_trials=202, n_epochs=2000, self_loop=True, udgraph=True, early_stop=True, patience=300, n_hidden=64, n_cv=1, start_cv=0, n_layers=12, lr1=0.05, lr2=0.02, wd1=1e-06, wd2=1e-07, dropout=0.1, dropout2=0.4, es_ckpt='TestTuningScript-geom-chameleon_NormalNNV2-geom-chameleon_trialNo101')
2023-10-11 12:41:37,112 - tune.py [line:128] - INFO: Split_seeds:[1824]
2023-10-11 12:41:37,112 - tune.py [line:129] - INFO: Model_seeds:[409]
2023-10-11 12:41:37,949 - tune.py [line:103] - INFO: Epoch 00020 | Time(s) 0.0397 | Val Loss 1.5807 | Val Acc 0.6637 | ETputs(KTEPS) 16377.17
2023-10-11 12:41:38,871 - tune.py [line:103] - INFO: Epoch 00040 | Time(s) 0.0426 | Val Loss 1.5545 | Val Acc 0.6308 | ETputs(KTEPS) 15247.59
2023-10-11 12:41:39,774 - tune.py [line:103] - INFO: Epoch 00060 | Time(s) 0.0435 | Val Loss 1.5334 | Val Acc 0.6088 | ETputs(KTEPS) 14957.93
2023-10-11 12:41:40,557 - tune.py [line:103] - INFO: Epoch 00080 | Time(s) 0.0424 | Val Loss 1.5048 | Val Acc 0.6264 | ETputs(KTEPS) 15344.31
2023-10-11 12:41:41,326 - tune.py [line:103] - INFO: Epoch 00100 | Time(s) 0.0416 | Val Loss 1.4766 | Val Acc 0.6440 | ETputs(KTEPS) 15634.99
2023-10-11 12:41:42,121 - tune.py [line:103] - INFO: Epoch 00120 | Time(s) 0.0413 | Val Loss 1.4560 | Val Acc 0.6242 | ETputs(KTEPS) 15752.37
2023-10-11 12:41:42,942 - tune.py [line:103] - INFO: Epoch 00140 | Time(s) 0.0412 | Val Loss 1.4343 | Val Acc 0.6330 | ETputs(KTEPS) 15763.52
2023-10-11 12:41:43,749 - tune.py [line:103] - INFO: Epoch 00160 | Time(s) 0.0411 | Val Loss 1.4183 | Val Acc 0.6396 | ETputs(KTEPS) 15807.71
2023-10-11 12:41:44,408 - tune.py [line:103] - INFO: Epoch 00180 | Time(s) 0.0402 | Val Loss 1.3955 | Val Acc 0.6264 | ETputs(KTEPS) 16167.73
2023-10-11 12:41:45,171 - tune.py [line:103] - INFO: Epoch 00200 | Time(s) 0.0400 | Val Loss 1.3815 | Val Acc 0.6110 | ETputs(KTEPS) 16251.39
2023-10-11 12:41:46,009 - tune.py [line:103] - INFO: Epoch 00220 | Time(s) 0.0402 | Val Loss 1.3636 | Val Acc 0.6066 | ETputs(KTEPS) 16182.19
2023-10-11 12:41:46,844 - tune.py [line:103] - INFO: Epoch 00240 | Time(s) 0.0403 | Val Loss 1.3690 | Val Acc 0.6220 | ETputs(KTEPS) 16130.85
2023-10-11 12:41:47,645 - tune.py [line:103] - INFO: Epoch 00260 | Time(s) 0.0403 | Val Loss 1.3526 | Val Acc 0.6066 | ETputs(KTEPS) 16140.61
2023-10-11 12:41:48,469 - tune.py [line:103] - INFO: Epoch 00280 | Time(s) 0.0403 | Val Loss 1.3386 | Val Acc 0.6044 | ETputs(KTEPS) 16114.32
2023-10-11 12:41:49,268 - tune.py [line:103] - INFO: Epoch 00300 | Time(s) 0.0403 | Val Loss 1.3365 | Val Acc 0.5912 | ETputs(KTEPS) 16126.25
2023-10-11 12:41:50,154 - tune.py [line:103] - INFO: Epoch 00320 | Time(s) 0.0406 | Val Loss 1.3290 | Val Acc 0.6022 | ETputs(KTEPS) 16027.92
2023-10-11 12:41:50,245 - tune.py [line:117] - INFO: [FINAL MODEL] Val accuracy 67.91% \Val loss: 1.6
2023-10-11 12:41:50,253 - tune.py [line:119] - INFO: [FINAL MODEL] Test accuracy 68.93% \Test loss: 1.6
2023-10-11 12:41:50,253 - tune.py [line:144] - INFO: Acc on the first split (Validation Set): 0.6791
2023-10-11 12:41:50,253 - tune.py [line:145] - INFO: Acc on the first split (Test Set): 0.6893
