2023-10-11 10:21:45,032 - tune.py [line:203] - INFO: Namespace(seed=42, model='NormalNNV2', gpu=0, dataset='geom-chameleon', logging=True, log_detail=True, log_detailedCh=False, id_log=1011014505, optuna_n_trials=202, n_epochs=2000, self_loop=True, udgraph=True, early_stop=True, patience=300, n_hidden=64, n_cv=1, start_cv=0, n_layers=8, lr1=0.05, lr2=0.03, wd1=1e-07, wd2=0.001, dropout=0.2, dropout2=0.3, es_ckpt='TestTuningScript-geom-chameleon_NormalNNV2-geom-chameleon_trialNo83')
2023-10-11 10:21:45,915 - tune.py [line:128] - INFO: Split_seeds:[1824]
2023-10-11 10:21:45,916 - tune.py [line:129] - INFO: Model_seeds:[409]
2023-10-11 10:21:46,591 - tune.py [line:103] - INFO: Epoch 00020 | Time(s) 0.0316 | Val Loss 1.5769 | Val Acc 0.6747 | ETputs(KTEPS) 20544.50
2023-10-11 10:21:47,235 - tune.py [line:103] - INFO: Epoch 00040 | Time(s) 0.0319 | Val Loss 1.5498 | Val Acc 0.6571 | ETputs(KTEPS) 20400.04
2023-10-11 10:21:47,870 - tune.py [line:103] - INFO: Epoch 00060 | Time(s) 0.0318 | Val Loss 1.5268 | Val Acc 0.6571 | ETputs(KTEPS) 20428.77
2023-10-11 10:21:48,474 - tune.py [line:103] - INFO: Epoch 00080 | Time(s) 0.0314 | Val Loss 1.5089 | Val Acc 0.6813 | ETputs(KTEPS) 20717.50
2023-10-11 10:21:49,107 - tune.py [line:103] - INFO: Epoch 00100 | Time(s) 0.0314 | Val Loss 1.5045 | Val Acc 0.6637 | ETputs(KTEPS) 20696.95
2023-10-11 10:21:49,721 - tune.py [line:103] - INFO: Epoch 00120 | Time(s) 0.0313 | Val Loss 1.5019 | Val Acc 0.6593 | ETputs(KTEPS) 20788.41
2023-10-11 10:21:50,260 - tune.py [line:103] - INFO: Epoch 00140 | Time(s) 0.0307 | Val Loss 1.5018 | Val Acc 0.6527 | ETputs(KTEPS) 21209.26
2023-10-11 10:21:50,870 - tune.py [line:103] - INFO: Epoch 00160 | Time(s) 0.0306 | Val Loss 1.4980 | Val Acc 0.6725 | ETputs(KTEPS) 21226.36
2023-10-11 10:21:51,474 - tune.py [line:103] - INFO: Epoch 00180 | Time(s) 0.0306 | Val Loss 1.4974 | Val Acc 0.6945 | ETputs(KTEPS) 21275.93
2023-10-11 10:21:52,096 - tune.py [line:103] - INFO: Epoch 00200 | Time(s) 0.0306 | Val Loss 1.4987 | Val Acc 0.6681 | ETputs(KTEPS) 21237.03
2023-10-11 10:21:52,722 - tune.py [line:103] - INFO: Epoch 00220 | Time(s) 0.0307 | Val Loss 1.5006 | Val Acc 0.6813 | ETputs(KTEPS) 21195.12
2023-10-11 10:21:53,354 - tune.py [line:103] - INFO: Epoch 00240 | Time(s) 0.0307 | Val Loss 1.5040 | Val Acc 0.6703 | ETputs(KTEPS) 21145.55
2023-10-11 10:21:53,969 - tune.py [line:103] - INFO: Epoch 00260 | Time(s) 0.0307 | Val Loss 1.5061 | Val Acc 0.6615 | ETputs(KTEPS) 21144.91
2023-10-11 10:21:54,585 - tune.py [line:103] - INFO: Epoch 00280 | Time(s) 0.0307 | Val Loss 1.5124 | Val Acc 0.6637 | ETputs(KTEPS) 21145.01
2023-10-11 10:21:55,307 - tune.py [line:103] - INFO: Epoch 00300 | Time(s) 0.0311 | Val Loss 1.5118 | Val Acc 0.6637 | ETputs(KTEPS) 20902.29
2023-10-11 10:21:55,912 - tune.py [line:103] - INFO: Epoch 00320 | Time(s) 0.0311 | Val Loss 1.5147 | Val Acc 0.6681 | ETputs(KTEPS) 20939.57
2023-10-11 10:21:56,525 - tune.py [line:103] - INFO: Epoch 00340 | Time(s) 0.0310 | Val Loss 1.5166 | Val Acc 0.6681 | ETputs(KTEPS) 20955.90
2023-10-11 10:21:57,241 - tune.py [line:103] - INFO: Epoch 00360 | Time(s) 0.0313 | Val Loss 1.5167 | Val Acc 0.6747 | ETputs(KTEPS) 20779.75
2023-10-11 10:21:57,875 - tune.py [line:103] - INFO: Epoch 00380 | Time(s) 0.0313 | Val Loss 1.5186 | Val Acc 0.6725 | ETputs(KTEPS) 20766.10
2023-10-11 10:21:58,508 - tune.py [line:103] - INFO: Epoch 00400 | Time(s) 0.0313 | Val Loss 1.5187 | Val Acc 0.6813 | ETputs(KTEPS) 20755.21
2023-10-11 10:21:59,213 - tune.py [line:103] - INFO: Epoch 00420 | Time(s) 0.0315 | Val Loss 1.5206 | Val Acc 0.6769 | ETputs(KTEPS) 20632.94
2023-10-11 10:21:59,865 - tune.py [line:103] - INFO: Epoch 00440 | Time(s) 0.0316 | Val Loss 1.5206 | Val Acc 0.6703 | ETputs(KTEPS) 20602.10
2023-10-11 10:22:00,522 - tune.py [line:103] - INFO: Epoch 00460 | Time(s) 0.0316 | Val Loss 1.5206 | Val Acc 0.6703 | ETputs(KTEPS) 20565.25
2023-10-11 10:22:00,660 - tune.py [line:117] - INFO: [FINAL MODEL] Val accuracy 70.11% \Val loss: 1.5
2023-10-11 10:22:00,665 - tune.py [line:119] - INFO: [FINAL MODEL] Test accuracy 72.21% \Test loss: 1.5
2023-10-11 10:22:00,666 - tune.py [line:144] - INFO: Acc on the first split (Validation Set): 0.7011
2023-10-11 10:22:00,666 - tune.py [line:145] - INFO: Acc on the first split (Test Set): 0.7221
