2023-10-11 12:43:36,647 - tune.py [line:203] - INFO: Namespace(seed=42, model='NormalNNV2', gpu=0, dataset='geom-chameleon', logging=True, log_detail=True, log_detailedCh=False, id_log=1011014505, optuna_n_trials=202, n_epochs=2000, self_loop=True, udgraph=True, early_stop=True, patience=300, n_hidden=64, n_cv=1, start_cv=0, n_layers=8, lr1=0.05, lr2=0.02, wd1=1e-06, wd2=1e-07, dropout=0.0, dropout2=0.4, es_ckpt='TestTuningScript-geom-chameleon_NormalNNV2-geom-chameleon_trialNo120')
2023-10-11 12:43:37,349 - tune.py [line:128] - INFO: Split_seeds:[1824]
2023-10-11 12:43:37,349 - tune.py [line:129] - INFO: Model_seeds:[409]
2023-10-11 12:43:37,973 - tune.py [line:103] - INFO: Epoch 00020 | Time(s) 0.0296 | Val Loss 1.5862 | Val Acc 0.6286 | ETputs(KTEPS) 21985.25
2023-10-11 12:43:38,589 - tune.py [line:103] - INFO: Epoch 00040 | Time(s) 0.0299 | Val Loss 1.5623 | Val Acc 0.6615 | ETputs(KTEPS) 21728.55
2023-10-11 12:43:39,202 - tune.py [line:103] - INFO: Epoch 00060 | Time(s) 0.0301 | Val Loss 1.5405 | Val Acc 0.6418 | ETputs(KTEPS) 21592.83
2023-10-11 12:43:39,741 - tune.py [line:103] - INFO: Epoch 00080 | Time(s) 0.0293 | Val Loss 1.5122 | Val Acc 0.6835 | ETputs(KTEPS) 22179.67
2023-10-11 12:43:40,234 - tune.py [line:103] - INFO: Epoch 00100 | Time(s) 0.0284 | Val Loss 1.4889 | Val Acc 0.6440 | ETputs(KTEPS) 22912.71
2023-10-11 12:43:40,912 - tune.py [line:103] - INFO: Epoch 00120 | Time(s) 0.0293 | Val Loss 1.4620 | Val Acc 0.6593 | ETputs(KTEPS) 22191.85
2023-10-11 12:43:41,535 - tune.py [line:103] - INFO: Epoch 00140 | Time(s) 0.0296 | Val Loss 1.4378 | Val Acc 0.6703 | ETputs(KTEPS) 21995.49
2023-10-11 12:43:42,141 - tune.py [line:103] - INFO: Epoch 00160 | Time(s) 0.0296 | Val Loss 1.4137 | Val Acc 0.6505 | ETputs(KTEPS) 21942.82
2023-10-11 12:43:42,734 - tune.py [line:103] - INFO: Epoch 00180 | Time(s) 0.0296 | Val Loss 1.3944 | Val Acc 0.6462 | ETputs(KTEPS) 21942.99
2023-10-11 12:43:43,327 - tune.py [line:103] - INFO: Epoch 00200 | Time(s) 0.0296 | Val Loss 1.3735 | Val Acc 0.6637 | ETputs(KTEPS) 21950.38
2023-10-11 12:43:43,943 - tune.py [line:103] - INFO: Epoch 00220 | Time(s) 0.0297 | Val Loss 1.3530 | Val Acc 0.6681 | ETputs(KTEPS) 21881.00
2023-10-11 12:43:44,536 - tune.py [line:103] - INFO: Epoch 00240 | Time(s) 0.0297 | Val Loss 1.3305 | Val Acc 0.6659 | ETputs(KTEPS) 21887.00
2023-10-11 12:43:45,141 - tune.py [line:103] - INFO: Epoch 00260 | Time(s) 0.0297 | Val Loss 1.3248 | Val Acc 0.6813 | ETputs(KTEPS) 21856.69
2023-10-11 12:43:45,761 - tune.py [line:103] - INFO: Epoch 00280 | Time(s) 0.0298 | Val Loss 1.2969 | Val Acc 0.6835 | ETputs(KTEPS) 21792.57
2023-10-11 12:43:46,396 - tune.py [line:103] - INFO: Epoch 00300 | Time(s) 0.0300 | Val Loss 1.2844 | Val Acc 0.6813 | ETputs(KTEPS) 21699.99
2023-10-11 12:43:47,002 - tune.py [line:103] - INFO: Epoch 00320 | Time(s) 0.0300 | Val Loss 1.2666 | Val Acc 0.6747 | ETputs(KTEPS) 21686.48
2023-10-11 12:43:47,606 - tune.py [line:103] - INFO: Epoch 00340 | Time(s) 0.0300 | Val Loss 1.2469 | Val Acc 0.6769 | ETputs(KTEPS) 21677.46
2023-10-11 12:43:48,209 - tune.py [line:103] - INFO: Epoch 00360 | Time(s) 0.0300 | Val Loss 1.2390 | Val Acc 0.6769 | ETputs(KTEPS) 21671.48
2023-10-11 12:43:48,823 - tune.py [line:103] - INFO: Epoch 00380 | Time(s) 0.0300 | Val Loss 1.2338 | Val Acc 0.6791 | ETputs(KTEPS) 21646.64
2023-10-11 12:43:49,408 - tune.py [line:103] - INFO: Epoch 00400 | Time(s) 0.0300 | Val Loss 1.2004 | Val Acc 0.6725 | ETputs(KTEPS) 21676.71
2023-10-11 12:43:50,023 - tune.py [line:103] - INFO: Epoch 00420 | Time(s) 0.0300 | Val Loss 1.1971 | Val Acc 0.6637 | ETputs(KTEPS) 21650.71
2023-10-11 12:43:50,688 - tune.py [line:103] - INFO: Epoch 00440 | Time(s) 0.0302 | Val Loss 1.1916 | Val Acc 0.6769 | ETputs(KTEPS) 21546.69
2023-10-11 12:43:51,352 - tune.py [line:103] - INFO: Epoch 00460 | Time(s) 0.0303 | Val Loss 1.1794 | Val Acc 0.6769 | ETputs(KTEPS) 21455.13
2023-10-11 12:43:51,965 - tune.py [line:103] - INFO: Epoch 00480 | Time(s) 0.0303 | Val Loss 1.1650 | Val Acc 0.6659 | ETputs(KTEPS) 21444.73
2023-10-11 12:43:52,610 - tune.py [line:103] - INFO: Epoch 00500 | Time(s) 0.0304 | Val Loss 1.1662 | Val Acc 0.6703 | ETputs(KTEPS) 21390.90
2023-10-11 12:43:53,049 - tune.py [line:117] - INFO: [FINAL MODEL] Val accuracy 70.11% \Val loss: 1.4
2023-10-11 12:43:53,055 - tune.py [line:119] - INFO: [FINAL MODEL] Test accuracy 69.15% \Test loss: 1.3
2023-10-11 12:43:53,055 - tune.py [line:144] - INFO: Acc on the first split (Validation Set): 0.7011
2023-10-11 12:43:53,055 - tune.py [line:145] - INFO: Acc on the first split (Test Set): 0.6915
