2023-10-11 10:17:00,256 - tune.py [line:203] - INFO: Namespace(seed=42, model='NormalNNV2', gpu=0, dataset='geom-chameleon', logging=True, log_detail=True, log_detailedCh=False, id_log=1011014505, optuna_n_trials=202, n_epochs=2000, self_loop=True, udgraph=True, early_stop=True, patience=300, n_hidden=64, n_cv=1, start_cv=0, n_layers=8, lr1=0.02, lr2=0.03, wd1=1e-08, wd2=0.001, dropout=0.3, dropout2=0.2, es_ckpt='TestTuningScript-geom-chameleon_NormalNNV2-geom-chameleon_trialNo53')
2023-10-11 10:17:00,964 - tune.py [line:128] - INFO: Split_seeds:[1824]
2023-10-11 10:17:00,964 - tune.py [line:129] - INFO: Model_seeds:[409]
2023-10-11 10:17:01,759 - tune.py [line:103] - INFO: Epoch 00020 | Time(s) 0.0378 | Val Loss 1.5777 | Val Acc 0.6593 | ETputs(KTEPS) 17195.77
2023-10-11 10:17:02,431 - tune.py [line:103] - INFO: Epoch 00040 | Time(s) 0.0354 | Val Loss 1.5517 | Val Acc 0.6549 | ETputs(KTEPS) 18379.93
2023-10-11 10:17:03,042 - tune.py [line:103] - INFO: Epoch 00060 | Time(s) 0.0338 | Val Loss 1.5284 | Val Acc 0.6615 | ETputs(KTEPS) 19257.30
2023-10-11 10:17:03,698 - tune.py [line:103] - INFO: Epoch 00080 | Time(s) 0.0335 | Val Loss 1.5130 | Val Acc 0.6769 | ETputs(KTEPS) 19400.99
2023-10-11 10:17:04,323 - tune.py [line:103] - INFO: Epoch 00100 | Time(s) 0.0331 | Val Loss 1.5089 | Val Acc 0.6593 | ETputs(KTEPS) 19671.35
2023-10-11 10:17:05,001 - tune.py [line:103] - INFO: Epoch 00120 | Time(s) 0.0332 | Val Loss 1.5014 | Val Acc 0.6659 | ETputs(KTEPS) 19591.20
2023-10-11 10:17:05,756 - tune.py [line:103] - INFO: Epoch 00140 | Time(s) 0.0338 | Val Loss 1.5006 | Val Acc 0.6659 | ETputs(KTEPS) 19215.95
2023-10-11 10:17:06,516 - tune.py [line:103] - INFO: Epoch 00160 | Time(s) 0.0344 | Val Loss 1.5012 | Val Acc 0.6681 | ETputs(KTEPS) 18925.80
2023-10-11 10:17:07,190 - tune.py [line:103] - INFO: Epoch 00180 | Time(s) 0.0343 | Val Loss 1.4999 | Val Acc 0.6879 | ETputs(KTEPS) 18976.98
2023-10-11 10:17:07,806 - tune.py [line:103] - INFO: Epoch 00200 | Time(s) 0.0339 | Val Loss 1.5034 | Val Acc 0.6703 | ETputs(KTEPS) 19175.55
2023-10-11 10:17:08,411 - tune.py [line:103] - INFO: Epoch 00220 | Time(s) 0.0336 | Val Loss 1.5042 | Val Acc 0.6747 | ETputs(KTEPS) 19367.48
2023-10-11 10:17:09,023 - tune.py [line:103] - INFO: Epoch 00240 | Time(s) 0.0333 | Val Loss 1.5077 | Val Acc 0.6703 | ETputs(KTEPS) 19516.84
2023-10-11 10:17:09,719 - tune.py [line:103] - INFO: Epoch 00260 | Time(s) 0.0334 | Val Loss 1.5095 | Val Acc 0.6703 | ETputs(KTEPS) 19451.57
2023-10-11 10:17:10,341 - tune.py [line:103] - INFO: Epoch 00280 | Time(s) 0.0333 | Val Loss 1.5120 | Val Acc 0.6549 | ETputs(KTEPS) 19551.04
2023-10-11 10:17:10,988 - tune.py [line:103] - INFO: Epoch 00300 | Time(s) 0.0332 | Val Loss 1.5134 | Val Acc 0.6659 | ETputs(KTEPS) 19586.48
2023-10-11 10:17:11,594 - tune.py [line:103] - INFO: Epoch 00320 | Time(s) 0.0330 | Val Loss 1.5153 | Val Acc 0.6703 | ETputs(KTEPS) 19695.70
2023-10-11 10:17:12,357 - tune.py [line:103] - INFO: Epoch 00340 | Time(s) 0.0333 | Val Loss 1.5164 | Val Acc 0.6791 | ETputs(KTEPS) 19518.52
2023-10-11 10:17:13,077 - tune.py [line:103] - INFO: Epoch 00360 | Time(s) 0.0335 | Val Loss 1.5195 | Val Acc 0.6725 | ETputs(KTEPS) 19432.01
2023-10-11 10:17:13,747 - tune.py [line:103] - INFO: Epoch 00380 | Time(s) 0.0335 | Val Loss 1.5213 | Val Acc 0.6879 | ETputs(KTEPS) 19430.83
2023-10-11 10:17:14,399 - tune.py [line:103] - INFO: Epoch 00400 | Time(s) 0.0334 | Val Loss 1.5206 | Val Acc 0.6593 | ETputs(KTEPS) 19457.88
2023-10-11 10:17:15,058 - tune.py [line:103] - INFO: Epoch 00420 | Time(s) 0.0334 | Val Loss 1.5230 | Val Acc 0.6637 | ETputs(KTEPS) 19471.14
2023-10-11 10:17:15,607 - tune.py [line:103] - INFO: Epoch 00440 | Time(s) 0.0331 | Val Loss 1.5228 | Val Acc 0.6571 | ETputs(KTEPS) 19629.82
2023-10-11 10:17:16,239 - tune.py [line:103] - INFO: Epoch 00460 | Time(s) 0.0331 | Val Loss 1.5231 | Val Acc 0.6813 | ETputs(KTEPS) 19670.85
2023-10-11 10:17:16,874 - tune.py [line:103] - INFO: Epoch 00480 | Time(s) 0.0330 | Val Loss 1.5236 | Val Acc 0.6571 | ETputs(KTEPS) 19702.92
2023-10-11 10:17:17,510 - tune.py [line:103] - INFO: Epoch 00500 | Time(s) 0.0330 | Val Loss 1.5245 | Val Acc 0.6747 | ETputs(KTEPS) 19732.47
2023-10-11 10:17:18,184 - tune.py [line:103] - INFO: Epoch 00520 | Time(s) 0.0330 | Val Loss 1.5266 | Val Acc 0.6747 | ETputs(KTEPS) 19715.54
2023-10-11 10:17:18,294 - tune.py [line:117] - INFO: [FINAL MODEL] Val accuracy 69.23% \Val loss: 1.5
2023-10-11 10:17:18,299 - tune.py [line:119] - INFO: [FINAL MODEL] Test accuracy 70.46% \Test loss: 1.5
2023-10-11 10:17:18,300 - tune.py [line:144] - INFO: Acc on the first split (Validation Set): 0.6923
2023-10-11 10:17:18,300 - tune.py [line:145] - INFO: Acc on the first split (Test Set): 0.7046
