2023-10-11 12:31:22,741 - tune.py [line:203] - INFO: Namespace(seed=42, model='NormalNNV2', gpu=0, dataset='geom-chameleon', logging=True, log_detail=True, log_detailedCh=False, id_log=1011014505, optuna_n_trials=202, n_epochs=2000, self_loop=True, udgraph=True, early_stop=True, patience=300, n_hidden=64, n_cv=1, start_cv=0, n_layers=16, lr1=0.05, lr2=0.05, wd1=1e-07, wd2=0.001, dropout=0.4, dropout2=0.5, es_ckpt='TestTuningScript-geom-chameleon_NormalNNV2-geom-chameleon_trialNo16')
2023-10-11 12:31:23,543 - tune.py [line:128] - INFO: Split_seeds:[1824]
2023-10-11 12:31:23,544 - tune.py [line:129] - INFO: Model_seeds:[409]
2023-10-11 12:31:24,605 - tune.py [line:103] - INFO: Epoch 00020 | Time(s) 0.0512 | Val Loss 1.5549 | Val Acc 0.6220 | ETputs(KTEPS) 12707.28
2023-10-11 12:31:25,621 - tune.py [line:103] - INFO: Epoch 00040 | Time(s) 0.0509 | Val Loss 1.5153 | Val Acc 0.6330 | ETputs(KTEPS) 12785.83
2023-10-11 12:31:26,638 - tune.py [line:103] - INFO: Epoch 00060 | Time(s) 0.0507 | Val Loss 1.4981 | Val Acc 0.6484 | ETputs(KTEPS) 12836.19
2023-10-11 12:31:27,617 - tune.py [line:103] - INFO: Epoch 00080 | Time(s) 0.0502 | Val Loss 1.4904 | Val Acc 0.6418 | ETputs(KTEPS) 12952.72
2023-10-11 12:31:28,604 - tune.py [line:103] - INFO: Epoch 00100 | Time(s) 0.0500 | Val Loss 1.4838 | Val Acc 0.6637 | ETputs(KTEPS) 12998.80
2023-10-11 12:31:29,565 - tune.py [line:103] - INFO: Epoch 00120 | Time(s) 0.0497 | Val Loss 1.4816 | Val Acc 0.6637 | ETputs(KTEPS) 13084.21
2023-10-11 12:31:30,703 - tune.py [line:103] - INFO: Epoch 00140 | Time(s) 0.0506 | Val Loss 1.4789 | Val Acc 0.6813 | ETputs(KTEPS) 12852.41
2023-10-11 12:31:31,771 - tune.py [line:103] - INFO: Epoch 00160 | Time(s) 0.0509 | Val Loss 1.4768 | Val Acc 0.6857 | ETputs(KTEPS) 12768.83
2023-10-11 12:31:32,799 - tune.py [line:103] - INFO: Epoch 00180 | Time(s) 0.0510 | Val Loss 1.4791 | Val Acc 0.6681 | ETputs(KTEPS) 12755.71
2023-10-11 12:31:33,784 - tune.py [line:103] - INFO: Epoch 00200 | Time(s) 0.0508 | Val Loss 1.4756 | Val Acc 0.6791 | ETputs(KTEPS) 12803.25
2023-10-11 12:31:34,848 - tune.py [line:103] - INFO: Epoch 00220 | Time(s) 0.0510 | Val Loss 1.4761 | Val Acc 0.6791 | ETputs(KTEPS) 12748.84
2023-10-11 12:31:35,851 - tune.py [line:103] - INFO: Epoch 00240 | Time(s) 0.0509 | Val Loss 1.4772 | Val Acc 0.6703 | ETputs(KTEPS) 12767.92
2023-10-11 12:31:36,941 - tune.py [line:103] - INFO: Epoch 00260 | Time(s) 0.0512 | Val Loss 1.4785 | Val Acc 0.6681 | ETputs(KTEPS) 12699.23
2023-10-11 12:31:37,964 - tune.py [line:103] - INFO: Epoch 00280 | Time(s) 0.0512 | Val Loss 1.4786 | Val Acc 0.6879 | ETputs(KTEPS) 12702.93
2023-10-11 12:31:38,982 - tune.py [line:103] - INFO: Epoch 00300 | Time(s) 0.0511 | Val Loss 1.4754 | Val Acc 0.6747 | ETputs(KTEPS) 12712.20
2023-10-11 12:31:40,028 - tune.py [line:103] - INFO: Epoch 00320 | Time(s) 0.0512 | Val Loss 1.4779 | Val Acc 0.6703 | ETputs(KTEPS) 12695.40
2023-10-11 12:31:41,074 - tune.py [line:103] - INFO: Epoch 00340 | Time(s) 0.0513 | Val Loss 1.4750 | Val Acc 0.6835 | ETputs(KTEPS) 12679.53
2023-10-11 12:31:42,116 - tune.py [line:103] - INFO: Epoch 00360 | Time(s) 0.0513 | Val Loss 1.4771 | Val Acc 0.6703 | ETputs(KTEPS) 12669.16
2023-10-11 12:31:43,170 - tune.py [line:103] - INFO: Epoch 00380 | Time(s) 0.0514 | Val Loss 1.4750 | Val Acc 0.6923 | ETputs(KTEPS) 12651.44
2023-10-11 12:31:44,223 - tune.py [line:103] - INFO: Epoch 00400 | Time(s) 0.0515 | Val Loss 1.4768 | Val Acc 0.6725 | ETputs(KTEPS) 12636.47
2023-10-11 12:31:45,241 - tune.py [line:103] - INFO: Epoch 00420 | Time(s) 0.0514 | Val Loss 1.4780 | Val Acc 0.6791 | ETputs(KTEPS) 12643.63
2023-10-11 12:31:46,279 - tune.py [line:103] - INFO: Epoch 00440 | Time(s) 0.0514 | Val Loss 1.4778 | Val Acc 0.6923 | ETputs(KTEPS) 12638.46
2023-10-11 12:31:47,321 - tune.py [line:103] - INFO: Epoch 00460 | Time(s) 0.0515 | Val Loss 1.4771 | Val Acc 0.6813 | ETputs(KTEPS) 12631.66
2023-10-11 12:31:48,352 - tune.py [line:103] - INFO: Epoch 00480 | Time(s) 0.0515 | Val Loss 1.4781 | Val Acc 0.6835 | ETputs(KTEPS) 12631.29
2023-10-11 12:31:49,384 - tune.py [line:103] - INFO: Epoch 00500 | Time(s) 0.0515 | Val Loss 1.4782 | Val Acc 0.6747 | ETputs(KTEPS) 12630.16
2023-10-11 12:31:50,371 - tune.py [line:103] - INFO: Epoch 00520 | Time(s) 0.0514 | Val Loss 1.4778 | Val Acc 0.6637 | ETputs(KTEPS) 12650.55
2023-10-11 12:31:51,428 - tune.py [line:103] - INFO: Epoch 00540 | Time(s) 0.0514 | Val Loss 1.4776 | Val Acc 0.6747 | ETputs(KTEPS) 12637.71
2023-10-11 12:31:52,466 - tune.py [line:103] - INFO: Epoch 00560 | Time(s) 0.0515 | Val Loss 1.4782 | Val Acc 0.6725 | ETputs(KTEPS) 12634.06
2023-10-11 12:31:53,552 - tune.py [line:103] - INFO: Epoch 00580 | Time(s) 0.0516 | Val Loss 1.4778 | Val Acc 0.6857 | ETputs(KTEPS) 12610.26
2023-10-11 12:31:53,964 - tune.py [line:117] - INFO: [FINAL MODEL] Val accuracy 70.77% \Val loss: 1.5
2023-10-11 12:31:53,973 - tune.py [line:119] - INFO: [FINAL MODEL] Test accuracy 70.02% \Test loss: 1.5
2023-10-11 12:31:53,974 - tune.py [line:144] - INFO: Acc on the first split (Validation Set): 0.7077
2023-10-11 12:31:53,974 - tune.py [line:145] - INFO: Acc on the first split (Test Set): 0.7002
