2023-10-11 12:35:49,978 - tune.py [line:203] - INFO: Namespace(seed=42, model='NormalNNV2', gpu=0, dataset='geom-chameleon', logging=True, log_detail=True, log_detailedCh=False, id_log=1011014505, optuna_n_trials=202, n_epochs=2000, self_loop=True, udgraph=True, early_stop=True, patience=300, n_hidden=64, n_cv=1, start_cv=0, n_layers=16, lr1=0.03, lr2=0.03, wd1=1e-07, wd2=1e-05, dropout=0.1, dropout2=0.2, es_ckpt='TestTuningScript-geom-chameleon_NormalNNV2-geom-chameleon_trialNo46')
2023-10-11 12:35:50,875 - tune.py [line:128] - INFO: Split_seeds:[1824]
2023-10-11 12:35:50,875 - tune.py [line:129] - INFO: Model_seeds:[409]
2023-10-11 12:35:51,887 - tune.py [line:103] - INFO: Epoch 00020 | Time(s) 0.0487 | Val Loss 1.5746 | Val Acc 0.6484 | ETputs(KTEPS) 13341.88
2023-10-11 12:35:52,889 - tune.py [line:103] - INFO: Epoch 00040 | Time(s) 0.0494 | Val Loss 1.5409 | Val Acc 0.6088 | ETputs(KTEPS) 13163.25
2023-10-11 12:35:53,851 - tune.py [line:103] - INFO: Epoch 00060 | Time(s) 0.0490 | Val Loss 1.5095 | Val Acc 0.5956 | ETputs(KTEPS) 13281.55
2023-10-11 12:35:54,857 - tune.py [line:103] - INFO: Epoch 00080 | Time(s) 0.0493 | Val Loss 1.4725 | Val Acc 0.6110 | ETputs(KTEPS) 13190.34
2023-10-11 12:35:55,786 - tune.py [line:103] - INFO: Epoch 00100 | Time(s) 0.0487 | Val Loss 1.4473 | Val Acc 0.5846 | ETputs(KTEPS) 13345.35
2023-10-11 12:35:56,679 - tune.py [line:103] - INFO: Epoch 00120 | Time(s) 0.0480 | Val Loss 1.4169 | Val Acc 0.5956 | ETputs(KTEPS) 13535.55
2023-10-11 12:35:57,751 - tune.py [line:103] - INFO: Epoch 00140 | Time(s) 0.0488 | Val Loss 1.3916 | Val Acc 0.5846 | ETputs(KTEPS) 13316.06
2023-10-11 12:35:58,753 - tune.py [line:103] - INFO: Epoch 00160 | Time(s) 0.0490 | Val Loss 1.3723 | Val Acc 0.5758 | ETputs(KTEPS) 13273.64
2023-10-11 12:35:59,728 - tune.py [line:103] - INFO: Epoch 00180 | Time(s) 0.0490 | Val Loss 1.3522 | Val Acc 0.5890 | ETputs(KTEPS) 13281.87
2023-10-11 12:36:00,711 - tune.py [line:103] - INFO: Epoch 00200 | Time(s) 0.0490 | Val Loss 1.3336 | Val Acc 0.5934 | ETputs(KTEPS) 13277.72
2023-10-11 12:36:01,704 - tune.py [line:103] - INFO: Epoch 00220 | Time(s) 0.0490 | Val Loss 1.3183 | Val Acc 0.5736 | ETputs(KTEPS) 13261.04
2023-10-11 12:36:02,719 - tune.py [line:103] - INFO: Epoch 00240 | Time(s) 0.0492 | Val Loss 1.2955 | Val Acc 0.5802 | ETputs(KTEPS) 13222.74
2023-10-11 12:36:03,695 - tune.py [line:103] - INFO: Epoch 00260 | Time(s) 0.0491 | Val Loss 1.2851 | Val Acc 0.5758 | ETputs(KTEPS) 13230.85
2023-10-11 12:36:04,698 - tune.py [line:103] - INFO: Epoch 00280 | Time(s) 0.0492 | Val Loss 1.2833 | Val Acc 0.5648 | ETputs(KTEPS) 13211.78
2023-10-11 12:36:05,721 - tune.py [line:103] - INFO: Epoch 00300 | Time(s) 0.0493 | Val Loss 1.2857 | Val Acc 0.5714 | ETputs(KTEPS) 13178.37
2023-10-11 12:36:06,549 - tune.py [line:117] - INFO: [FINAL MODEL] Val accuracy 65.71% \Val loss: 1.6
2023-10-11 12:36:06,560 - tune.py [line:119] - INFO: [FINAL MODEL] Test accuracy 65.43% \Test loss: 1.6
2023-10-11 12:36:06,560 - tune.py [line:144] - INFO: Acc on the first split (Validation Set): 0.6571
2023-10-11 12:36:06,561 - tune.py [line:145] - INFO: Acc on the first split (Test Set): 0.6543
