2023-10-11 10:19:18,738 - tune.py [line:203] - INFO: Namespace(seed=42, model='NormalNNV2', gpu=0, dataset='geom-chameleon', logging=True, log_detail=True, log_detailedCh=False, id_log=1011014505, optuna_n_trials=202, n_epochs=2000, self_loop=True, udgraph=True, early_stop=True, patience=300, n_hidden=64, n_cv=1, start_cv=0, n_layers=8, lr1=0.04, lr2=0.02, wd1=1e-08, wd2=1e-05, dropout=0.2, dropout2=0.4, es_ckpt='TestTuningScript-geom-chameleon_NormalNNV2-geom-chameleon_trialNo66')
2023-10-11 10:19:19,554 - tune.py [line:128] - INFO: Split_seeds:[1824]
2023-10-11 10:19:19,554 - tune.py [line:129] - INFO: Model_seeds:[409]
2023-10-11 10:19:20,241 - tune.py [line:103] - INFO: Epoch 00020 | Time(s) 0.0319 | Val Loss 1.5841 | Val Acc 0.6615 | ETputs(KTEPS) 20388.55
2023-10-11 10:19:20,805 - tune.py [line:103] - INFO: Epoch 00040 | Time(s) 0.0299 | Val Loss 1.5609 | Val Acc 0.6484 | ETputs(KTEPS) 21763.44
2023-10-11 10:19:21,367 - tune.py [line:103] - INFO: Epoch 00060 | Time(s) 0.0292 | Val Loss 1.5342 | Val Acc 0.6527 | ETputs(KTEPS) 22246.65
2023-10-11 10:19:21,943 - tune.py [line:103] - INFO: Epoch 00080 | Time(s) 0.0291 | Val Loss 1.5097 | Val Acc 0.6396 | ETputs(KTEPS) 22325.07
2023-10-11 10:19:22,588 - tune.py [line:103] - INFO: Epoch 00100 | Time(s) 0.0297 | Val Loss 1.4827 | Val Acc 0.6549 | ETputs(KTEPS) 21863.61
2023-10-11 10:19:23,324 - tune.py [line:103] - INFO: Epoch 00120 | Time(s) 0.0309 | Val Loss 1.4629 | Val Acc 0.6484 | ETputs(KTEPS) 21031.57
2023-10-11 10:19:24,044 - tune.py [line:103] - INFO: Epoch 00140 | Time(s) 0.0316 | Val Loss 1.4343 | Val Acc 0.6615 | ETputs(KTEPS) 20552.51
2023-10-11 10:19:24,733 - tune.py [line:103] - INFO: Epoch 00160 | Time(s) 0.0320 | Val Loss 1.4138 | Val Acc 0.6396 | ETputs(KTEPS) 20330.83
2023-10-11 10:19:25,357 - tune.py [line:103] - INFO: Epoch 00180 | Time(s) 0.0319 | Val Loss 1.3924 | Val Acc 0.6484 | ETputs(KTEPS) 20385.31
2023-10-11 10:19:25,947 - tune.py [line:103] - INFO: Epoch 00200 | Time(s) 0.0317 | Val Loss 1.3769 | Val Acc 0.6396 | ETputs(KTEPS) 20541.62
2023-10-11 10:19:26,568 - tune.py [line:103] - INFO: Epoch 00220 | Time(s) 0.0316 | Val Loss 1.3538 | Val Acc 0.6505 | ETputs(KTEPS) 20578.45
2023-10-11 10:19:27,174 - tune.py [line:103] - INFO: Epoch 00240 | Time(s) 0.0315 | Val Loss 1.3334 | Val Acc 0.6637 | ETputs(KTEPS) 20649.76
2023-10-11 10:19:27,790 - tune.py [line:103] - INFO: Epoch 00260 | Time(s) 0.0314 | Val Loss 1.3187 | Val Acc 0.6549 | ETputs(KTEPS) 20685.88
2023-10-11 10:19:28,407 - tune.py [line:103] - INFO: Epoch 00280 | Time(s) 0.0314 | Val Loss 1.3051 | Val Acc 0.6593 | ETputs(KTEPS) 20713.36
2023-10-11 10:19:29,036 - tune.py [line:103] - INFO: Epoch 00300 | Time(s) 0.0314 | Val Loss 1.2879 | Val Acc 0.6615 | ETputs(KTEPS) 20713.03
2023-10-11 10:19:29,664 - tune.py [line:103] - INFO: Epoch 00320 | Time(s) 0.0314 | Val Loss 1.2749 | Val Acc 0.6352 | ETputs(KTEPS) 20713.78
2023-10-11 10:19:30,275 - tune.py [line:103] - INFO: Epoch 00340 | Time(s) 0.0313 | Val Loss 1.2556 | Val Acc 0.6571 | ETputs(KTEPS) 20747.82
2023-10-11 10:19:30,805 - tune.py [line:117] - INFO: [FINAL MODEL] Val accuracy 67.03% \Val loss: 1.5
2023-10-11 10:19:30,811 - tune.py [line:119] - INFO: [FINAL MODEL] Test accuracy 68.71% \Test loss: 1.5
2023-10-11 10:19:30,811 - tune.py [line:144] - INFO: Acc on the first split (Validation Set): 0.6703
2023-10-11 10:19:30,811 - tune.py [line:145] - INFO: Acc on the first split (Test Set): 0.6871
