2023-10-11 10:14:29,077 - tune.py [line:203] - INFO: Namespace(seed=42, model='NormalNNV2', gpu=0, dataset='geom-chameleon', logging=True, log_detail=True, log_detailedCh=False, id_log=1011014505, optuna_n_trials=202, n_epochs=2000, self_loop=True, udgraph=True, early_stop=True, patience=300, n_hidden=64, n_cv=1, start_cv=0, n_layers=12, lr1=0.03, lr2=0.02, wd1=1e-08, wd2=0.001, dropout=0.3, dropout2=0.4, es_ckpt='TestTuningScript-geom-chameleon_NormalNNV2-geom-chameleon_trialNo32')
2023-10-11 10:14:29,825 - tune.py [line:128] - INFO: Split_seeds:[1824]
2023-10-11 10:14:29,826 - tune.py [line:129] - INFO: Model_seeds:[409]
2023-10-11 10:14:30,710 - tune.py [line:103] - INFO: Epoch 00020 | Time(s) 0.0421 | Val Loss 1.5809 | Val Acc 0.6549 | ETputs(KTEPS) 15459.62
2023-10-11 10:14:31,496 - tune.py [line:103] - INFO: Epoch 00040 | Time(s) 0.0403 | Val Loss 1.5567 | Val Acc 0.6703 | ETputs(KTEPS) 16134.93
2023-10-11 10:14:32,327 - tune.py [line:103] - INFO: Epoch 00060 | Time(s) 0.0407 | Val Loss 1.5367 | Val Acc 0.6418 | ETputs(KTEPS) 15986.65
2023-10-11 10:14:33,146 - tune.py [line:103] - INFO: Epoch 00080 | Time(s) 0.0407 | Val Loss 1.5221 | Val Acc 0.6593 | ETputs(KTEPS) 15957.79
2023-10-11 10:14:33,921 - tune.py [line:103] - INFO: Epoch 00100 | Time(s) 0.0403 | Val Loss 1.5150 | Val Acc 0.6440 | ETputs(KTEPS) 16119.20
2023-10-11 10:14:34,724 - tune.py [line:103] - INFO: Epoch 00120 | Time(s) 0.0403 | Val Loss 1.5038 | Val Acc 0.6549 | ETputs(KTEPS) 16131.77
2023-10-11 10:14:35,564 - tune.py [line:103] - INFO: Epoch 00140 | Time(s) 0.0405 | Val Loss 1.4967 | Val Acc 0.6637 | ETputs(KTEPS) 16036.41
2023-10-11 10:14:36,356 - tune.py [line:103] - INFO: Epoch 00160 | Time(s) 0.0404 | Val Loss 1.4939 | Val Acc 0.6769 | ETputs(KTEPS) 16091.59
2023-10-11 10:14:37,176 - tune.py [line:103] - INFO: Epoch 00180 | Time(s) 0.0405 | Val Loss 1.4890 | Val Acc 0.6725 | ETputs(KTEPS) 16072.60
2023-10-11 10:14:38,007 - tune.py [line:103] - INFO: Epoch 00200 | Time(s) 0.0406 | Val Loss 1.4874 | Val Acc 0.6725 | ETputs(KTEPS) 16029.57
2023-10-11 10:14:38,797 - tune.py [line:103] - INFO: Epoch 00220 | Time(s) 0.0405 | Val Loss 1.4855 | Val Acc 0.6813 | ETputs(KTEPS) 16069.40
2023-10-11 10:14:39,578 - tune.py [line:103] - INFO: Epoch 00240 | Time(s) 0.0403 | Val Loss 1.4860 | Val Acc 0.6769 | ETputs(KTEPS) 16121.35
2023-10-11 10:14:40,519 - tune.py [line:103] - INFO: Epoch 00260 | Time(s) 0.0408 | Val Loss 1.4854 | Val Acc 0.6593 | ETputs(KTEPS) 15917.92
2023-10-11 10:14:41,308 - tune.py [line:103] - INFO: Epoch 00280 | Time(s) 0.0407 | Val Loss 1.4839 | Val Acc 0.6725 | ETputs(KTEPS) 15957.43
2023-10-11 10:14:42,114 - tune.py [line:103] - INFO: Epoch 00300 | Time(s) 0.0407 | Val Loss 1.4845 | Val Acc 0.6835 | ETputs(KTEPS) 15970.33
2023-10-11 10:14:42,927 - tune.py [line:103] - INFO: Epoch 00320 | Time(s) 0.0407 | Val Loss 1.4853 | Val Acc 0.6747 | ETputs(KTEPS) 15972.63
2023-10-11 10:14:43,790 - tune.py [line:103] - INFO: Epoch 00340 | Time(s) 0.0408 | Val Loss 1.4836 | Val Acc 0.6813 | ETputs(KTEPS) 15917.13
2023-10-11 10:14:44,660 - tune.py [line:103] - INFO: Epoch 00360 | Time(s) 0.0410 | Val Loss 1.4840 | Val Acc 0.6813 | ETputs(KTEPS) 15859.65
2023-10-11 10:14:45,465 - tune.py [line:103] - INFO: Epoch 00380 | Time(s) 0.0410 | Val Loss 1.4825 | Val Acc 0.6835 | ETputs(KTEPS) 15875.30
2023-10-11 10:14:46,214 - tune.py [line:103] - INFO: Epoch 00400 | Time(s) 0.0408 | Val Loss 1.4844 | Val Acc 0.6681 | ETputs(KTEPS) 15944.95
2023-10-11 10:14:46,986 - tune.py [line:103] - INFO: Epoch 00420 | Time(s) 0.0407 | Val Loss 1.4849 | Val Acc 0.6835 | ETputs(KTEPS) 15985.49
2023-10-11 10:14:47,810 - tune.py [line:103] - INFO: Epoch 00440 | Time(s) 0.0407 | Val Loss 1.4857 | Val Acc 0.6637 | ETputs(KTEPS) 15976.53
2023-10-11 10:14:48,509 - tune.py [line:103] - INFO: Epoch 00460 | Time(s) 0.0404 | Val Loss 1.4845 | Val Acc 0.6769 | ETputs(KTEPS) 16075.55
2023-10-11 10:14:49,229 - tune.py [line:103] - INFO: Epoch 00480 | Time(s) 0.0403 | Val Loss 1.4833 | Val Acc 0.6879 | ETputs(KTEPS) 16150.18
2023-10-11 10:14:50,055 - tune.py [line:103] - INFO: Epoch 00500 | Time(s) 0.0403 | Val Loss 1.4835 | Val Acc 0.6747 | ETputs(KTEPS) 16133.47
2023-10-11 10:14:50,890 - tune.py [line:103] - INFO: Epoch 00520 | Time(s) 0.0403 | Val Loss 1.4844 | Val Acc 0.6835 | ETputs(KTEPS) 16114.49
2023-10-11 10:14:51,684 - tune.py [line:103] - INFO: Epoch 00540 | Time(s) 0.0403 | Val Loss 1.4862 | Val Acc 0.6747 | ETputs(KTEPS) 16124.13
2023-10-11 10:14:52,484 - tune.py [line:103] - INFO: Epoch 00560 | Time(s) 0.0403 | Val Loss 1.4843 | Val Acc 0.6857 | ETputs(KTEPS) 16129.72
2023-10-11 10:14:53,348 - tune.py [line:103] - INFO: Epoch 00580 | Time(s) 0.0404 | Val Loss 1.4865 | Val Acc 0.6769 | ETputs(KTEPS) 16096.87
2023-10-11 10:14:54,211 - tune.py [line:103] - INFO: Epoch 00600 | Time(s) 0.0405 | Val Loss 1.4881 | Val Acc 0.6747 | ETputs(KTEPS) 16060.12
2023-10-11 10:14:54,985 - tune.py [line:103] - INFO: Epoch 00620 | Time(s) 0.0404 | Val Loss 1.4874 | Val Acc 0.6791 | ETputs(KTEPS) 16083.40
2023-10-11 10:14:55,887 - tune.py [line:103] - INFO: Epoch 00640 | Time(s) 0.0406 | Val Loss 1.4868 | Val Acc 0.6879 | ETputs(KTEPS) 16025.72
2023-10-11 10:14:56,732 - tune.py [line:103] - INFO: Epoch 00660 | Time(s) 0.0406 | Val Loss 1.4888 | Val Acc 0.6791 | ETputs(KTEPS) 16006.23
2023-10-11 10:14:57,599 - tune.py [line:103] - INFO: Epoch 00680 | Time(s) 0.0407 | Val Loss 1.4895 | Val Acc 0.6769 | ETputs(KTEPS) 15975.31
2023-10-11 10:14:58,542 - tune.py [line:103] - INFO: Epoch 00700 | Time(s) 0.0409 | Val Loss 1.4884 | Val Acc 0.6835 | ETputs(KTEPS) 15903.20
2023-10-11 10:14:59,354 - tune.py [line:103] - INFO: Epoch 00720 | Time(s) 0.0409 | Val Loss 1.4888 | Val Acc 0.6747 | ETputs(KTEPS) 15906.97
2023-10-11 10:15:00,140 - tune.py [line:103] - INFO: Epoch 00740 | Time(s) 0.0408 | Val Loss 1.4918 | Val Acc 0.6725 | ETputs(KTEPS) 15924.45
2023-10-11 10:15:00,973 - tune.py [line:103] - INFO: Epoch 00760 | Time(s) 0.0409 | Val Loss 1.4891 | Val Acc 0.6747 | ETputs(KTEPS) 15916.29
2023-10-11 10:15:01,743 - tune.py [line:103] - INFO: Epoch 00780 | Time(s) 0.0408 | Val Loss 1.4916 | Val Acc 0.6791 | ETputs(KTEPS) 15940.32
2023-10-11 10:15:02,576 - tune.py [line:103] - INFO: Epoch 00800 | Time(s) 0.0408 | Val Loss 1.4917 | Val Acc 0.6725 | ETputs(KTEPS) 15932.31
2023-10-11 10:15:03,450 - tune.py [line:103] - INFO: Epoch 00820 | Time(s) 0.0409 | Val Loss 1.4922 | Val Acc 0.6747 | ETputs(KTEPS) 15905.03
2023-10-11 10:15:04,263 - tune.py [line:103] - INFO: Epoch 00840 | Time(s) 0.0409 | Val Loss 1.4931 | Val Acc 0.6791 | ETputs(KTEPS) 15907.56
2023-10-11 10:15:05,088 - tune.py [line:103] - INFO: Epoch 00860 | Time(s) 0.0409 | Val Loss 1.4934 | Val Acc 0.6725 | ETputs(KTEPS) 15904.00
2023-10-11 10:15:05,304 - tune.py [line:117] - INFO: [FINAL MODEL] Val accuracy 69.67% \Val loss: 1.5
2023-10-11 10:15:05,312 - tune.py [line:119] - INFO: [FINAL MODEL] Test accuracy 70.46% \Test loss: 1.5
2023-10-11 10:15:05,312 - tune.py [line:144] - INFO: Acc on the first split (Validation Set): 0.6967
2023-10-11 10:15:05,312 - tune.py [line:145] - INFO: Acc on the first split (Test Set): 0.7046
