2023-10-11 10:23:18,609 - tune.py [line:203] - INFO: Namespace(seed=42, model='NormalNNV2', gpu=0, dataset='geom-chameleon', logging=True, log_detail=True, log_detailedCh=False, id_log=1011014505, optuna_n_trials=202, n_epochs=2000, self_loop=True, udgraph=True, early_stop=True, patience=300, n_hidden=64, n_cv=1, start_cv=0, n_layers=8, lr1=0.05, lr2=0.04, wd1=1e-06, wd2=0.001, dropout=0.1, dropout2=0.3, es_ckpt='TestTuningScript-geom-chameleon_NormalNNV2-geom-chameleon_trialNo91')
2023-10-11 10:23:19,483 - tune.py [line:128] - INFO: Split_seeds:[1824]
2023-10-11 10:23:19,483 - tune.py [line:129] - INFO: Model_seeds:[409]
2023-10-11 10:23:20,153 - tune.py [line:103] - INFO: Epoch 00020 | Time(s) 0.0313 | Val Loss 1.5715 | Val Acc 0.6769 | ETputs(KTEPS) 20805.29
2023-10-11 10:23:20,786 - tune.py [line:103] - INFO: Epoch 00040 | Time(s) 0.0314 | Val Loss 1.5384 | Val Acc 0.6418 | ETputs(KTEPS) 20716.20
2023-10-11 10:23:21,394 - tune.py [line:103] - INFO: Epoch 00060 | Time(s) 0.0310 | Val Loss 1.5120 | Val Acc 0.6681 | ETputs(KTEPS) 20965.00
2023-10-11 10:23:22,127 - tune.py [line:103] - INFO: Epoch 00080 | Time(s) 0.0324 | Val Loss 1.5061 | Val Acc 0.6637 | ETputs(KTEPS) 20079.84
2023-10-11 10:23:22,831 - tune.py [line:103] - INFO: Epoch 00100 | Time(s) 0.0329 | Val Loss 1.5018 | Val Acc 0.6593 | ETputs(KTEPS) 19737.31
2023-10-11 10:23:23,465 - tune.py [line:103] - INFO: Epoch 00120 | Time(s) 0.0327 | Val Loss 1.5006 | Val Acc 0.6659 | ETputs(KTEPS) 19875.65
2023-10-11 10:23:24,089 - tune.py [line:103] - INFO: Epoch 00140 | Time(s) 0.0325 | Val Loss 1.5013 | Val Acc 0.6549 | ETputs(KTEPS) 20011.50
2023-10-11 10:23:24,734 - tune.py [line:103] - INFO: Epoch 00160 | Time(s) 0.0325 | Val Loss 1.5055 | Val Acc 0.6615 | ETputs(KTEPS) 20030.11
2023-10-11 10:23:25,359 - tune.py [line:103] - INFO: Epoch 00180 | Time(s) 0.0323 | Val Loss 1.5081 | Val Acc 0.6879 | ETputs(KTEPS) 20116.93
2023-10-11 10:23:25,961 - tune.py [line:103] - INFO: Epoch 00200 | Time(s) 0.0321 | Val Loss 1.5113 | Val Acc 0.6791 | ETputs(KTEPS) 20266.26
2023-10-11 10:23:26,587 - tune.py [line:103] - INFO: Epoch 00220 | Time(s) 0.0320 | Val Loss 1.5175 | Val Acc 0.6637 | ETputs(KTEPS) 20313.60
2023-10-11 10:23:27,217 - tune.py [line:103] - INFO: Epoch 00240 | Time(s) 0.0320 | Val Loss 1.5220 | Val Acc 0.6747 | ETputs(KTEPS) 20347.55
2023-10-11 10:23:27,905 - tune.py [line:103] - INFO: Epoch 00260 | Time(s) 0.0321 | Val Loss 1.5221 | Val Acc 0.6769 | ETputs(KTEPS) 20230.06
2023-10-11 10:23:28,560 - tune.py [line:103] - INFO: Epoch 00280 | Time(s) 0.0322 | Val Loss 1.5232 | Val Acc 0.6593 | ETputs(KTEPS) 20202.11
2023-10-11 10:23:29,192 - tune.py [line:103] - INFO: Epoch 00300 | Time(s) 0.0321 | Val Loss 1.5265 | Val Acc 0.6505 | ETputs(KTEPS) 20227.74
2023-10-11 10:23:29,731 - tune.py [line:103] - INFO: Epoch 00320 | Time(s) 0.0318 | Val Loss 1.5246 | Val Acc 0.6637 | ETputs(KTEPS) 20435.06
2023-10-11 10:23:30,249 - tune.py [line:103] - INFO: Epoch 00340 | Time(s) 0.0315 | Val Loss 1.5275 | Val Acc 0.6681 | ETputs(KTEPS) 20661.89
2023-10-11 10:23:30,837 - tune.py [line:103] - INFO: Epoch 00360 | Time(s) 0.0313 | Val Loss 1.5281 | Val Acc 0.6484 | ETputs(KTEPS) 20739.78
2023-10-11 10:23:31,460 - tune.py [line:103] - INFO: Epoch 00380 | Time(s) 0.0313 | Val Loss 1.5293 | Val Acc 0.6571 | ETputs(KTEPS) 20746.82
2023-10-11 10:23:32,061 - tune.py [line:103] - INFO: Epoch 00400 | Time(s) 0.0313 | Val Loss 1.5291 | Val Acc 0.6681 | ETputs(KTEPS) 20791.13
2023-10-11 10:23:32,664 - tune.py [line:103] - INFO: Epoch 00420 | Time(s) 0.0312 | Val Loss 1.5299 | Val Acc 0.6725 | ETputs(KTEPS) 20826.39
2023-10-11 10:23:33,284 - tune.py [line:103] - INFO: Epoch 00440 | Time(s) 0.0312 | Val Loss 1.5254 | Val Acc 0.6681 | ETputs(KTEPS) 20834.67
2023-10-11 10:23:33,922 - tune.py [line:103] - INFO: Epoch 00460 | Time(s) 0.0312 | Val Loss 1.5289 | Val Acc 0.6462 | ETputs(KTEPS) 20815.53
2023-10-11 10:23:34,535 - tune.py [line:103] - INFO: Epoch 00480 | Time(s) 0.0312 | Val Loss 1.5281 | Val Acc 0.6527 | ETputs(KTEPS) 20832.09
2023-10-11 10:23:35,161 - tune.py [line:103] - INFO: Epoch 00500 | Time(s) 0.0312 | Val Loss 1.5299 | Val Acc 0.6615 | ETputs(KTEPS) 20830.39
2023-10-11 10:23:35,786 - tune.py [line:103] - INFO: Epoch 00520 | Time(s) 0.0312 | Val Loss 1.5292 | Val Acc 0.6593 | ETputs(KTEPS) 20829.90
2023-10-11 10:23:36,224 - tune.py [line:117] - INFO: [FINAL MODEL] Val accuracy 69.23% \Val loss: 1.5
2023-10-11 10:23:36,232 - tune.py [line:119] - INFO: [FINAL MODEL] Test accuracy 68.49% \Test loss: 1.5
2023-10-11 10:23:36,232 - tune.py [line:144] - INFO: Acc on the first split (Validation Set): 0.6923
2023-10-11 10:23:36,232 - tune.py [line:145] - INFO: Acc on the first split (Test Set): 0.6849
