2023-10-11 12:38:48,446 - tune.py [line:203] - INFO: Namespace(seed=42, model='NormalNNV2', gpu=0, dataset='geom-chameleon', logging=True, log_detail=True, log_detailedCh=False, id_log=1011014505, optuna_n_trials=202, n_epochs=2000, self_loop=True, udgraph=True, early_stop=True, patience=300, n_hidden=64, n_cv=1, start_cv=0, n_layers=16, lr1=0.04, lr2=0.05, wd1=1e-07, wd2=1e-07, dropout=0.2, dropout2=0.4, es_ckpt='TestTuningScript-geom-chameleon_NormalNNV2-geom-chameleon_trialNo75')
2023-10-11 12:38:49,305 - tune.py [line:128] - INFO: Split_seeds:[1824]
2023-10-11 12:38:49,305 - tune.py [line:129] - INFO: Model_seeds:[409]
2023-10-11 12:38:50,326 - tune.py [line:103] - INFO: Epoch 00020 | Time(s) 0.0493 | Val Loss 1.5506 | Val Acc 0.6220 | ETputs(KTEPS) 13189.73
2023-10-11 12:38:51,337 - tune.py [line:103] - INFO: Epoch 00040 | Time(s) 0.0499 | Val Loss 1.4903 | Val Acc 0.5868 | ETputs(KTEPS) 13028.15
2023-10-11 12:38:52,341 - tune.py [line:103] - INFO: Epoch 00060 | Time(s) 0.0500 | Val Loss 1.4311 | Val Acc 0.6154 | ETputs(KTEPS) 13004.25
2023-10-11 12:38:53,300 - tune.py [line:103] - INFO: Epoch 00080 | Time(s) 0.0495 | Val Loss 1.4026 | Val Acc 0.5934 | ETputs(KTEPS) 13139.97
2023-10-11 12:38:54,307 - tune.py [line:103] - INFO: Epoch 00100 | Time(s) 0.0496 | Val Loss 1.3745 | Val Acc 0.5736 | ETputs(KTEPS) 13097.34
2023-10-11 12:38:55,349 - tune.py [line:103] - INFO: Epoch 00120 | Time(s) 0.0500 | Val Loss 1.3506 | Val Acc 0.5560 | ETputs(KTEPS) 12991.25
2023-10-11 12:38:56,258 - tune.py [line:103] - INFO: Epoch 00140 | Time(s) 0.0494 | Val Loss 1.3278 | Val Acc 0.5560 | ETputs(KTEPS) 13163.39
2023-10-11 12:38:57,349 - tune.py [line:103] - INFO: Epoch 00160 | Time(s) 0.0500 | Val Loss 1.3160 | Val Acc 0.5648 | ETputs(KTEPS) 12994.91
2023-10-11 12:38:58,431 - tune.py [line:103] - INFO: Epoch 00180 | Time(s) 0.0505 | Val Loss 1.3303 | Val Acc 0.5538 | ETputs(KTEPS) 12880.12
2023-10-11 12:38:59,435 - tune.py [line:103] - INFO: Epoch 00200 | Time(s) 0.0505 | Val Loss 1.3323 | Val Acc 0.5429 | ETputs(KTEPS) 12887.47
2023-10-11 12:39:00,431 - tune.py [line:103] - INFO: Epoch 00220 | Time(s) 0.0504 | Val Loss 1.3299 | Val Acc 0.5429 | ETputs(KTEPS) 12902.79
2023-10-11 12:39:01,395 - tune.py [line:103] - INFO: Epoch 00240 | Time(s) 0.0502 | Val Loss 1.3339 | Val Acc 0.5473 | ETputs(KTEPS) 12951.04
2023-10-11 12:39:02,377 - tune.py [line:103] - INFO: Epoch 00260 | Time(s) 0.0501 | Val Loss 1.3319 | Val Acc 0.5451 | ETputs(KTEPS) 12972.70
2023-10-11 12:39:03,394 - tune.py [line:103] - INFO: Epoch 00280 | Time(s) 0.0502 | Val Loss 1.3368 | Val Acc 0.5429 | ETputs(KTEPS) 12960.25
2023-10-11 12:39:04,435 - tune.py [line:103] - INFO: Epoch 00300 | Time(s) 0.0503 | Val Loss 1.3637 | Val Acc 0.5033 | ETputs(KTEPS) 12928.01
2023-10-11 12:39:05,220 - tune.py [line:117] - INFO: [FINAL MODEL] Val accuracy 63.96% \Val loss: 1.6
2023-10-11 12:39:05,230 - tune.py [line:119] - INFO: [FINAL MODEL] Test accuracy 63.24% \Test loss: 1.6
2023-10-11 12:39:05,230 - tune.py [line:144] - INFO: Acc on the first split (Validation Set): 0.6396
2023-10-11 12:39:05,230 - tune.py [line:145] - INFO: Acc on the first split (Test Set): 0.6324
