2023-10-11 12:45:59,841 - tune.py [line:203] - INFO: Namespace(seed=42, model='NormalNNV2', gpu=0, dataset='geom-chameleon', logging=True, log_detail=True, log_detailedCh=False, id_log=1011014505, optuna_n_trials=202, n_epochs=2000, self_loop=True, udgraph=True, early_stop=True, patience=300, n_hidden=64, n_cv=1, start_cv=0, n_layers=12, lr1=0.04, lr2=0.02, wd1=1e-07, wd2=1e-06, dropout=0.0, dropout2=0.5, es_ckpt='TestTuningScript-geom-chameleon_NormalNNV2-geom-chameleon_trialNo151')
2023-10-11 12:46:00,570 - tune.py [line:128] - INFO: Split_seeds:[1824]
2023-10-11 12:46:00,570 - tune.py [line:129] - INFO: Model_seeds:[409]
2023-10-11 12:46:01,444 - tune.py [line:103] - INFO: Epoch 00020 | Time(s) 0.0418 | Val Loss 1.5818 | Val Acc 0.6418 | ETputs(KTEPS) 15544.35
2023-10-11 12:46:02,250 - tune.py [line:103] - INFO: Epoch 00040 | Time(s) 0.0407 | Val Loss 1.5517 | Val Acc 0.6615 | ETputs(KTEPS) 15966.10
2023-10-11 12:46:03,075 - tune.py [line:103] - INFO: Epoch 00060 | Time(s) 0.0409 | Val Loss 1.5239 | Val Acc 0.6659 | ETputs(KTEPS) 15897.42
2023-10-11 12:46:03,882 - tune.py [line:103] - INFO: Epoch 00080 | Time(s) 0.0408 | Val Loss 1.4997 | Val Acc 0.6396 | ETputs(KTEPS) 15954.55
2023-10-11 12:46:04,656 - tune.py [line:103] - INFO: Epoch 00100 | Time(s) 0.0403 | Val Loss 1.4726 | Val Acc 0.6549 | ETputs(KTEPS) 16119.81
2023-10-11 12:46:05,450 - tune.py [line:103] - INFO: Epoch 00120 | Time(s) 0.0402 | Val Loss 1.4460 | Val Acc 0.6330 | ETputs(KTEPS) 16161.00
2023-10-11 12:46:06,257 - tune.py [line:103] - INFO: Epoch 00140 | Time(s) 0.0402 | Val Loss 1.4282 | Val Acc 0.6352 | ETputs(KTEPS) 16156.33
2023-10-11 12:46:07,035 - tune.py [line:103] - INFO: Epoch 00160 | Time(s) 0.0401 | Val Loss 1.4090 | Val Acc 0.6352 | ETputs(KTEPS) 16225.88
2023-10-11 12:46:07,830 - tune.py [line:103] - INFO: Epoch 00180 | Time(s) 0.0400 | Val Loss 1.3854 | Val Acc 0.6527 | ETputs(KTEPS) 16240.38
2023-10-11 12:46:08,586 - tune.py [line:103] - INFO: Epoch 00200 | Time(s) 0.0398 | Val Loss 1.3700 | Val Acc 0.6484 | ETputs(KTEPS) 16332.34
2023-10-11 12:46:09,286 - tune.py [line:103] - INFO: Epoch 00220 | Time(s) 0.0394 | Val Loss 1.3497 | Val Acc 0.6571 | ETputs(KTEPS) 16514.36
2023-10-11 12:46:10,071 - tune.py [line:103] - INFO: Epoch 00240 | Time(s) 0.0394 | Val Loss 1.3371 | Val Acc 0.6418 | ETputs(KTEPS) 16519.55
2023-10-11 12:46:10,886 - tune.py [line:103] - INFO: Epoch 00260 | Time(s) 0.0395 | Val Loss 1.3195 | Val Acc 0.6330 | ETputs(KTEPS) 16476.23
2023-10-11 12:46:11,673 - tune.py [line:103] - INFO: Epoch 00280 | Time(s) 0.0395 | Val Loss 1.3116 | Val Acc 0.6330 | ETputs(KTEPS) 16480.35
2023-10-11 12:46:12,471 - tune.py [line:103] - INFO: Epoch 00300 | Time(s) 0.0395 | Val Loss 1.3119 | Val Acc 0.6220 | ETputs(KTEPS) 16468.38
2023-10-11 12:46:13,307 - tune.py [line:103] - INFO: Epoch 00320 | Time(s) 0.0396 | Val Loss 1.2970 | Val Acc 0.6330 | ETputs(KTEPS) 16408.10
2023-10-11 12:46:13,846 - tune.py [line:117] - INFO: [FINAL MODEL] Val accuracy 69.23% \Val loss: 1.6
2023-10-11 12:46:13,853 - tune.py [line:119] - INFO: [FINAL MODEL] Test accuracy 68.71% \Test loss: 1.6
2023-10-11 12:46:13,854 - tune.py [line:144] - INFO: Acc on the first split (Validation Set): 0.6923
2023-10-11 12:46:13,854 - tune.py [line:145] - INFO: Acc on the first split (Test Set): 0.6871
