2023-10-11 12:43:15,222 - tune.py [line:203] - INFO: Namespace(seed=42, model='NormalNNV2', gpu=0, dataset='geom-chameleon', logging=True, log_detail=True, log_detailedCh=False, id_log=1011014505, optuna_n_trials=202, n_epochs=2000, self_loop=True, udgraph=True, early_stop=True, patience=300, n_hidden=64, n_cv=1, start_cv=0, n_layers=12, lr1=0.05, lr2=0.02, wd1=1e-06, wd2=1e-07, dropout=0.0, dropout2=0.5, es_ckpt='TestTuningScript-geom-chameleon_NormalNNV2-geom-chameleon_trialNo113')
2023-10-11 12:43:16,066 - tune.py [line:128] - INFO: Split_seeds:[1824]
2023-10-11 12:43:16,066 - tune.py [line:129] - INFO: Model_seeds:[409]
2023-10-11 12:43:16,885 - tune.py [line:103] - INFO: Epoch 00020 | Time(s) 0.0391 | Val Loss 1.5807 | Val Acc 0.6418 | ETputs(KTEPS) 16610.69
2023-10-11 12:43:17,703 - tune.py [line:103] - INFO: Epoch 00040 | Time(s) 0.0398 | Val Loss 1.5520 | Val Acc 0.6462 | ETputs(KTEPS) 16319.20
2023-10-11 12:43:18,503 - tune.py [line:103] - INFO: Epoch 00060 | Time(s) 0.0398 | Val Loss 1.5246 | Val Acc 0.6659 | ETputs(KTEPS) 16320.43
2023-10-11 12:43:19,301 - tune.py [line:103] - INFO: Epoch 00080 | Time(s) 0.0399 | Val Loss 1.5017 | Val Acc 0.6308 | ETputs(KTEPS) 16313.60
2023-10-11 12:43:20,167 - tune.py [line:103] - INFO: Epoch 00100 | Time(s) 0.0405 | Val Loss 1.4775 | Val Acc 0.6242 | ETputs(KTEPS) 16042.73
2023-10-11 12:43:21,029 - tune.py [line:103] - INFO: Epoch 00120 | Time(s) 0.0410 | Val Loss 1.4501 | Val Acc 0.6374 | ETputs(KTEPS) 15876.58
2023-10-11 12:43:21,868 - tune.py [line:103] - INFO: Epoch 00140 | Time(s) 0.0411 | Val Loss 1.4345 | Val Acc 0.6352 | ETputs(KTEPS) 15821.96
2023-10-11 12:43:22,658 - tune.py [line:103] - INFO: Epoch 00160 | Time(s) 0.0409 | Val Loss 1.4200 | Val Acc 0.6198 | ETputs(KTEPS) 15900.12
2023-10-11 12:43:23,474 - tune.py [line:103] - INFO: Epoch 00180 | Time(s) 0.0409 | Val Loss 1.3923 | Val Acc 0.6374 | ETputs(KTEPS) 15906.34
2023-10-11 12:43:24,379 - tune.py [line:103] - INFO: Epoch 00200 | Time(s) 0.0413 | Val Loss 1.3831 | Val Acc 0.6418 | ETputs(KTEPS) 15738.25
2023-10-11 12:43:25,235 - tune.py [line:103] - INFO: Epoch 00220 | Time(s) 0.0414 | Val Loss 1.3820 | Val Acc 0.6088 | ETputs(KTEPS) 15687.68
2023-10-11 12:43:25,946 - tune.py [line:103] - INFO: Epoch 00240 | Time(s) 0.0410 | Val Loss 1.3717 | Val Acc 0.6198 | ETputs(KTEPS) 15877.38
2023-10-11 12:43:26,775 - tune.py [line:103] - INFO: Epoch 00260 | Time(s) 0.0410 | Val Loss 1.3622 | Val Acc 0.6110 | ETputs(KTEPS) 15863.70
2023-10-11 12:43:27,557 - tune.py [line:103] - INFO: Epoch 00280 | Time(s) 0.0408 | Val Loss 1.3615 | Val Acc 0.6000 | ETputs(KTEPS) 15916.55
2023-10-11 12:43:28,356 - tune.py [line:103] - INFO: Epoch 00300 | Time(s) 0.0408 | Val Loss 1.3713 | Val Acc 0.5780 | ETputs(KTEPS) 15941.18
2023-10-11 12:43:29,179 - tune.py [line:103] - INFO: Epoch 00320 | Time(s) 0.0408 | Val Loss 1.3599 | Val Acc 0.5846 | ETputs(KTEPS) 15932.61
2023-10-11 12:43:30,005 - tune.py [line:103] - INFO: Epoch 00340 | Time(s) 0.0408 | Val Loss 1.3583 | Val Acc 0.5846 | ETputs(KTEPS) 15922.26
2023-10-11 12:43:30,342 - tune.py [line:117] - INFO: [FINAL MODEL] Val accuracy 68.57% \Val loss: 1.5
2023-10-11 12:43:30,351 - tune.py [line:119] - INFO: [FINAL MODEL] Test accuracy 68.27% \Test loss: 1.5
2023-10-11 12:43:30,351 - tune.py [line:144] - INFO: Acc on the first split (Validation Set): 0.6857
2023-10-11 12:43:30,352 - tune.py [line:145] - INFO: Acc on the first split (Test Set): 0.6827
