2023-10-11 10:19:53,076 - tune.py [line:203] - INFO: Namespace(seed=42, model='NormalNNV2', gpu=0, dataset='geom-chameleon', logging=True, log_detail=True, log_detailedCh=False, id_log=1011014505, optuna_n_trials=202, n_epochs=2000, self_loop=True, udgraph=True, early_stop=True, patience=300, n_hidden=64, n_cv=1, start_cv=0, n_layers=8, lr1=0.03, lr2=0.02, wd1=1e-08, wd2=0.001, dropout=0.2, dropout2=0.3, es_ckpt='TestTuningScript-geom-chameleon_NormalNNV2-geom-chameleon_trialNo73')
2023-10-11 10:19:53,956 - tune.py [line:128] - INFO: Split_seeds:[1824]
2023-10-11 10:19:53,956 - tune.py [line:129] - INFO: Model_seeds:[409]
2023-10-11 10:19:54,614 - tune.py [line:103] - INFO: Epoch 00020 | Time(s) 0.0311 | Val Loss 1.5851 | Val Acc 0.6747 | ETputs(KTEPS) 20928.36
2023-10-11 10:19:55,345 - tune.py [line:103] - INFO: Epoch 00040 | Time(s) 0.0337 | Val Loss 1.5661 | Val Acc 0.6637 | ETputs(KTEPS) 19298.23
2023-10-11 10:19:56,092 - tune.py [line:103] - INFO: Epoch 00060 | Time(s) 0.0349 | Val Loss 1.5460 | Val Acc 0.6703 | ETputs(KTEPS) 18629.29
2023-10-11 10:19:56,803 - tune.py [line:103] - INFO: Epoch 00080 | Time(s) 0.0350 | Val Loss 1.5313 | Val Acc 0.6923 | ETputs(KTEPS) 18550.69
2023-10-11 10:19:57,455 - tune.py [line:103] - INFO: Epoch 00100 | Time(s) 0.0346 | Val Loss 1.5203 | Val Acc 0.6747 | ETputs(KTEPS) 18814.14
2023-10-11 10:19:58,069 - tune.py [line:103] - INFO: Epoch 00120 | Time(s) 0.0339 | Val Loss 1.5102 | Val Acc 0.6571 | ETputs(KTEPS) 19173.86
2023-10-11 10:19:58,735 - tune.py [line:103] - INFO: Epoch 00140 | Time(s) 0.0338 | Val Loss 1.5061 | Val Acc 0.6593 | ETputs(KTEPS) 19224.61
2023-10-11 10:19:59,388 - tune.py [line:103] - INFO: Epoch 00160 | Time(s) 0.0337 | Val Loss 1.5007 | Val Acc 0.6835 | ETputs(KTEPS) 19309.46
2023-10-11 10:20:00,056 - tune.py [line:103] - INFO: Epoch 00180 | Time(s) 0.0336 | Val Loss 1.4995 | Val Acc 0.6879 | ETputs(KTEPS) 19327.96
2023-10-11 10:20:00,796 - tune.py [line:103] - INFO: Epoch 00200 | Time(s) 0.0339 | Val Loss 1.4993 | Val Acc 0.6681 | ETputs(KTEPS) 19164.79
2023-10-11 10:20:01,501 - tune.py [line:103] - INFO: Epoch 00220 | Time(s) 0.0340 | Val Loss 1.4980 | Val Acc 0.6923 | ETputs(KTEPS) 19096.84
2023-10-11 10:20:02,288 - tune.py [line:103] - INFO: Epoch 00240 | Time(s) 0.0345 | Val Loss 1.4980 | Val Acc 0.6769 | ETputs(KTEPS) 18855.30
2023-10-11 10:20:03,060 - tune.py [line:103] - INFO: Epoch 00260 | Time(s) 0.0348 | Val Loss 1.4985 | Val Acc 0.6637 | ETputs(KTEPS) 18684.01
2023-10-11 10:20:03,744 - tune.py [line:103] - INFO: Epoch 00280 | Time(s) 0.0348 | Val Loss 1.5013 | Val Acc 0.6857 | ETputs(KTEPS) 18707.65
2023-10-11 10:20:04,359 - tune.py [line:103] - INFO: Epoch 00300 | Time(s) 0.0345 | Val Loss 1.4999 | Val Acc 0.6659 | ETputs(KTEPS) 18854.65
2023-10-11 10:20:05,137 - tune.py [line:103] - INFO: Epoch 00320 | Time(s) 0.0348 | Val Loss 1.5010 | Val Acc 0.6813 | ETputs(KTEPS) 18705.69
2023-10-11 10:20:05,899 - tune.py [line:103] - INFO: Epoch 00340 | Time(s) 0.0350 | Val Loss 1.5024 | Val Acc 0.6791 | ETputs(KTEPS) 18600.75
2023-10-11 10:20:06,619 - tune.py [line:103] - INFO: Epoch 00360 | Time(s) 0.0350 | Val Loss 1.5047 | Val Acc 0.6791 | ETputs(KTEPS) 18570.27
2023-10-11 10:20:07,507 - tune.py [line:103] - INFO: Epoch 00380 | Time(s) 0.0355 | Val Loss 1.5075 | Val Acc 0.6703 | ETputs(KTEPS) 18314.07
2023-10-11 10:20:08,221 - tune.py [line:103] - INFO: Epoch 00400 | Time(s) 0.0355 | Val Loss 1.5089 | Val Acc 0.6659 | ETputs(KTEPS) 18309.01
2023-10-11 10:20:08,939 - tune.py [line:103] - INFO: Epoch 00420 | Time(s) 0.0355 | Val Loss 1.5114 | Val Acc 0.6703 | ETputs(KTEPS) 18300.11
2023-10-11 10:20:09,675 - tune.py [line:103] - INFO: Epoch 00440 | Time(s) 0.0356 | Val Loss 1.5128 | Val Acc 0.6593 | ETputs(KTEPS) 18271.70
2023-10-11 10:20:10,389 - tune.py [line:103] - INFO: Epoch 00460 | Time(s) 0.0356 | Val Loss 1.5148 | Val Acc 0.6681 | ETputs(KTEPS) 18269.65
2023-10-11 10:20:11,042 - tune.py [line:103] - INFO: Epoch 00480 | Time(s) 0.0355 | Val Loss 1.5168 | Val Acc 0.6725 | ETputs(KTEPS) 18332.72
2023-10-11 10:20:11,420 - tune.py [line:117] - INFO: [FINAL MODEL] Val accuracy 70.55% \Val loss: 1.5
2023-10-11 10:20:11,425 - tune.py [line:119] - INFO: [FINAL MODEL] Test accuracy 70.24% \Test loss: 1.5
2023-10-11 10:20:11,426 - tune.py [line:144] - INFO: Acc on the first split (Validation Set): 0.7055
2023-10-11 10:20:11,426 - tune.py [line:145] - INFO: Acc on the first split (Test Set): 0.7024
