2023-10-11 12:45:03,750 - tune.py [line:203] - INFO: Namespace(seed=42, model='NormalNNV2', gpu=0, dataset='geom-chameleon', logging=True, log_detail=True, log_detailedCh=False, id_log=1011014505, optuna_n_trials=202, n_epochs=2000, self_loop=True, udgraph=True, early_stop=True, patience=300, n_hidden=64, n_cv=1, start_cv=0, n_layers=12, lr1=0.05, lr2=0.02, wd1=1e-06, wd2=1e-06, dropout=0.0, dropout2=0.4, es_ckpt='TestTuningScript-geom-chameleon_NormalNNV2-geom-chameleon_trialNo146')
2023-10-11 12:45:04,466 - tune.py [line:128] - INFO: Split_seeds:[1824]
2023-10-11 12:45:04,467 - tune.py [line:129] - INFO: Model_seeds:[409]
2023-10-11 12:45:05,352 - tune.py [line:103] - INFO: Epoch 00020 | Time(s) 0.0423 | Val Loss 1.5823 | Val Acc 0.6440 | ETputs(KTEPS) 15362.64
2023-10-11 12:45:06,179 - tune.py [line:103] - INFO: Epoch 00040 | Time(s) 0.0417 | Val Loss 1.5572 | Val Acc 0.6505 | ETputs(KTEPS) 15590.07
2023-10-11 12:45:07,002 - tune.py [line:103] - INFO: Epoch 00060 | Time(s) 0.0415 | Val Loss 1.5292 | Val Acc 0.6615 | ETputs(KTEPS) 15678.62
2023-10-11 12:45:07,887 - tune.py [line:103] - INFO: Epoch 00080 | Time(s) 0.0422 | Val Loss 1.5082 | Val Acc 0.6286 | ETputs(KTEPS) 15422.44
2023-10-11 12:45:08,673 - tune.py [line:103] - INFO: Epoch 00100 | Time(s) 0.0416 | Val Loss 1.4751 | Val Acc 0.6462 | ETputs(KTEPS) 15638.62
2023-10-11 12:45:09,469 - tune.py [line:103] - INFO: Epoch 00120 | Time(s) 0.0413 | Val Loss 1.4521 | Val Acc 0.6374 | ETputs(KTEPS) 15750.58
2023-10-11 12:45:10,122 - tune.py [line:103] - INFO: Epoch 00140 | Time(s) 0.0400 | Val Loss 1.4259 | Val Acc 0.6703 | ETputs(KTEPS) 16237.51
2023-10-11 12:45:10,915 - tune.py [line:103] - INFO: Epoch 00160 | Time(s) 0.0400 | Val Loss 1.4090 | Val Acc 0.6703 | ETputs(KTEPS) 16259.03
2023-10-11 12:45:11,757 - tune.py [line:103] - INFO: Epoch 00180 | Time(s) 0.0402 | Val Loss 1.3769 | Val Acc 0.6659 | ETputs(KTEPS) 16180.78
2023-10-11 12:45:12,548 - tune.py [line:103] - INFO: Epoch 00200 | Time(s) 0.0401 | Val Loss 1.3609 | Val Acc 0.6527 | ETputs(KTEPS) 16212.10
2023-10-11 12:45:13,330 - tune.py [line:103] - INFO: Epoch 00220 | Time(s) 0.0400 | Val Loss 1.3463 | Val Acc 0.6484 | ETputs(KTEPS) 16250.80
2023-10-11 12:45:14,170 - tune.py [line:103] - INFO: Epoch 00240 | Time(s) 0.0402 | Val Loss 1.3219 | Val Acc 0.6659 | ETputs(KTEPS) 16183.55
2023-10-11 12:45:14,983 - tune.py [line:103] - INFO: Epoch 00260 | Time(s) 0.0402 | Val Loss 1.3169 | Val Acc 0.6484 | ETputs(KTEPS) 16169.74
2023-10-11 12:45:15,792 - tune.py [line:103] - INFO: Epoch 00280 | Time(s) 0.0402 | Val Loss 1.2941 | Val Acc 0.6659 | ETputs(KTEPS) 16164.03
2023-10-11 12:45:16,661 - tune.py [line:103] - INFO: Epoch 00300 | Time(s) 0.0404 | Val Loss 1.2782 | Val Acc 0.6484 | ETputs(KTEPS) 16078.76
2023-10-11 12:45:17,500 - tune.py [line:103] - INFO: Epoch 00320 | Time(s) 0.0405 | Val Loss 1.2593 | Val Acc 0.6681 | ETputs(KTEPS) 16041.87
2023-10-11 12:45:18,292 - tune.py [line:103] - INFO: Epoch 00340 | Time(s) 0.0405 | Val Loss 1.2524 | Val Acc 0.6527 | ETputs(KTEPS) 16064.04
2023-10-11 12:45:19,121 - tune.py [line:103] - INFO: Epoch 00360 | Time(s) 0.0405 | Val Loss 1.2557 | Val Acc 0.6308 | ETputs(KTEPS) 16043.02
2023-10-11 12:45:19,982 - tune.py [line:103] - INFO: Epoch 00380 | Time(s) 0.0407 | Val Loss 1.2351 | Val Acc 0.6330 | ETputs(KTEPS) 15991.05
2023-10-11 12:45:20,812 - tune.py [line:103] - INFO: Epoch 00400 | Time(s) 0.0407 | Val Loss 1.2124 | Val Acc 0.6462 | ETputs(KTEPS) 15975.26
2023-10-11 12:45:21,630 - tune.py [line:103] - INFO: Epoch 00420 | Time(s) 0.0407 | Val Loss 1.2196 | Val Acc 0.6308 | ETputs(KTEPS) 15971.89
2023-10-11 12:45:22,504 - tune.py [line:103] - INFO: Epoch 00440 | Time(s) 0.0408 | Val Loss 1.2051 | Val Acc 0.6462 | ETputs(KTEPS) 15919.99
2023-10-11 12:45:23,331 - tune.py [line:103] - INFO: Epoch 00460 | Time(s) 0.0409 | Val Loss 1.1911 | Val Acc 0.6308 | ETputs(KTEPS) 15911.27
2023-10-11 12:45:24,173 - tune.py [line:103] - INFO: Epoch 00480 | Time(s) 0.0409 | Val Loss 1.1988 | Val Acc 0.6527 | ETputs(KTEPS) 15891.65
2023-10-11 12:45:24,344 - tune.py [line:117] - INFO: [FINAL MODEL] Val accuracy 69.01% \Val loss: 1.4
2023-10-11 12:45:24,352 - tune.py [line:119] - INFO: [FINAL MODEL] Test accuracy 66.74% \Test loss: 1.4
2023-10-11 12:45:24,352 - tune.py [line:144] - INFO: Acc on the first split (Validation Set): 0.6901
2023-10-11 12:45:24,352 - tune.py [line:145] - INFO: Acc on the first split (Test Set): 0.6674
