2023-10-11 10:05:50,099 - tune.py [line:203] - INFO: Namespace(seed=42, model='GPRGNN', gpu=1, dataset='geom-squirrel', logging=True, log_detail=True, log_detailedCh=False, id_log=1011014504, optuna_n_trials=202, n_epochs=2000, self_loop=True, udgraph=True, early_stop=True, patience=300, n_hidden=64, n_cv=1, start_cv=0, n_layers=20, lr1=0.04, lr2=0.05, wd1=1e-07, wd2=1e-06, dropout=0.1, dropout2=0.8, alpha=0.30000000000000004, es_ckpt='TestTuningScript-geom-squirrel_geom-squirrel_trialNo27')
2023-10-11 10:05:52,886 - tune.py [line:128] - INFO: Split_seeds:[1824]
2023-10-11 10:05:52,886 - tune.py [line:129] - INFO: Model_seeds:[409]
2023-10-11 10:05:54,629 - tune.py [line:103] - INFO: Epoch 00020 | Time(s) 0.0858 | Val Loss 1.5366 | Val Acc 0.3327 | ETputs(KTEPS) 46827.69
2023-10-11 10:05:56,372 - tune.py [line:103] - INFO: Epoch 00040 | Time(s) 0.0862 | Val Loss 1.5465 | Val Acc 0.3904 | ETputs(KTEPS) 46643.68
2023-10-11 10:05:58,111 - tune.py [line:103] - INFO: Epoch 00060 | Time(s) 0.0862 | Val Loss 1.6644 | Val Acc 0.4106 | ETputs(KTEPS) 46635.13
2023-10-11 10:05:59,832 - tune.py [line:103] - INFO: Epoch 00080 | Time(s) 0.0861 | Val Loss 1.7017 | Val Acc 0.4279 | ETputs(KTEPS) 46676.10
2023-10-11 10:06:01,703 - tune.py [line:103] - INFO: Epoch 00100 | Time(s) 0.0873 | Val Loss 1.6565 | Val Acc 0.4413 | ETputs(KTEPS) 46023.25
2023-10-11 10:06:03,482 - tune.py [line:103] - INFO: Epoch 00120 | Time(s) 0.0875 | Val Loss 1.6837 | Val Acc 0.4702 | ETputs(KTEPS) 45953.87
2023-10-11 10:06:05,267 - tune.py [line:103] - INFO: Epoch 00140 | Time(s) 0.0876 | Val Loss 1.6394 | Val Acc 0.4788 | ETputs(KTEPS) 45862.57
2023-10-11 10:06:07,053 - tune.py [line:103] - INFO: Epoch 00160 | Time(s) 0.0878 | Val Loss 1.6451 | Val Acc 0.4865 | ETputs(KTEPS) 45760.99
2023-10-11 10:06:08,923 - tune.py [line:103] - INFO: Epoch 00180 | Time(s) 0.0884 | Val Loss 1.6249 | Val Acc 0.4865 | ETputs(KTEPS) 45457.25
2023-10-11 10:06:10,700 - tune.py [line:103] - INFO: Epoch 00200 | Time(s) 0.0884 | Val Loss 1.6331 | Val Acc 0.4952 | ETputs(KTEPS) 45446.86
2023-10-11 10:06:12,270 - tune.py [line:103] - INFO: Epoch 00220 | Time(s) 0.0875 | Val Loss 1.6166 | Val Acc 0.4942 | ETputs(KTEPS) 45918.33
2023-10-11 10:06:13,934 - tune.py [line:103] - INFO: Epoch 00240 | Time(s) 0.0871 | Val Loss 1.6343 | Val Acc 0.5125 | ETputs(KTEPS) 46126.17
2023-10-11 10:06:15,764 - tune.py [line:103] - INFO: Epoch 00260 | Time(s) 0.0874 | Val Loss 1.6021 | Val Acc 0.5087 | ETputs(KTEPS) 45961.36
2023-10-11 10:06:17,237 - tune.py [line:103] - INFO: Epoch 00280 | Time(s) 0.0865 | Val Loss 1.6220 | Val Acc 0.5154 | ETputs(KTEPS) 46487.17
2023-10-11 10:06:18,992 - tune.py [line:103] - INFO: Epoch 00300 | Time(s) 0.0865 | Val Loss 1.6759 | Val Acc 0.5115 | ETputs(KTEPS) 46445.03
2023-10-11 10:06:20,933 - tune.py [line:103] - INFO: Epoch 00320 | Time(s) 0.0872 | Val Loss 1.6005 | Val Acc 0.5202 | ETputs(KTEPS) 46102.24
2023-10-11 10:06:22,636 - tune.py [line:103] - INFO: Epoch 00340 | Time(s) 0.0871 | Val Loss 1.6231 | Val Acc 0.5173 | ETputs(KTEPS) 46166.21
2023-10-11 10:06:24,318 - tune.py [line:103] - INFO: Epoch 00360 | Time(s) 0.0869 | Val Loss 1.6313 | Val Acc 0.5173 | ETputs(KTEPS) 46258.39
2023-10-11 10:06:26,072 - tune.py [line:103] - INFO: Epoch 00380 | Time(s) 0.0869 | Val Loss 1.5463 | Val Acc 0.5221 | ETputs(KTEPS) 46240.39
2023-10-11 10:06:27,713 - tune.py [line:103] - INFO: Epoch 00400 | Time(s) 0.0867 | Val Loss 1.6059 | Val Acc 0.5288 | ETputs(KTEPS) 46376.24
2023-10-11 10:06:29,245 - tune.py [line:103] - INFO: Epoch 00420 | Time(s) 0.0862 | Val Loss 1.6085 | Val Acc 0.5288 | ETputs(KTEPS) 46650.99
2023-10-11 10:06:31,161 - tune.py [line:103] - INFO: Epoch 00440 | Time(s) 0.0866 | Val Loss 1.6615 | Val Acc 0.5519 | ETputs(KTEPS) 46421.37
2023-10-11 10:06:32,656 - tune.py [line:103] - INFO: Epoch 00460 | Time(s) 0.0861 | Val Loss 1.6633 | Val Acc 0.5413 | ETputs(KTEPS) 46701.68
2023-10-11 10:06:34,326 - tune.py [line:103] - INFO: Epoch 00480 | Time(s) 0.0859 | Val Loss 1.5971 | Val Acc 0.5404 | ETputs(KTEPS) 46760.63
2023-10-11 10:06:35,999 - tune.py [line:103] - INFO: Epoch 00500 | Time(s) 0.0859 | Val Loss 1.6201 | Val Acc 0.5346 | ETputs(KTEPS) 46811.96
2023-10-11 10:06:37,787 - tune.py [line:103] - INFO: Epoch 00520 | Time(s) 0.0860 | Val Loss 1.5996 | Val Acc 0.5462 | ETputs(KTEPS) 46737.55
2023-10-11 10:06:39,538 - tune.py [line:103] - INFO: Epoch 00540 | Time(s) 0.0860 | Val Loss 1.6204 | Val Acc 0.5365 | ETputs(KTEPS) 46709.91
2023-10-11 10:06:41,494 - tune.py [line:103] - INFO: Epoch 00560 | Time(s) 0.0865 | Val Loss 1.6298 | Val Acc 0.5462 | ETputs(KTEPS) 46484.44
2023-10-11 10:06:42,907 - tune.py [line:103] - INFO: Epoch 00580 | Time(s) 0.0859 | Val Loss 1.6671 | Val Acc 0.5404 | ETputs(KTEPS) 46780.04
2023-10-11 10:06:44,642 - tune.py [line:103] - INFO: Epoch 00600 | Time(s) 0.0859 | Val Loss 1.6318 | Val Acc 0.5423 | ETputs(KTEPS) 46765.37
2023-10-11 10:06:46,326 - tune.py [line:103] - INFO: Epoch 00620 | Time(s) 0.0859 | Val Loss 1.6183 | Val Acc 0.5413 | ETputs(KTEPS) 46796.04
2023-10-11 10:06:48,133 - tune.py [line:103] - INFO: Epoch 00640 | Time(s) 0.0860 | Val Loss 1.6310 | Val Acc 0.5481 | ETputs(KTEPS) 46723.35
2023-10-11 10:06:49,977 - tune.py [line:103] - INFO: Epoch 00660 | Time(s) 0.0862 | Val Loss 1.5962 | Val Acc 0.5625 | ETputs(KTEPS) 46624.98
2023-10-11 10:06:51,697 - tune.py [line:103] - INFO: Epoch 00680 | Time(s) 0.0862 | Val Loss 1.6707 | Val Acc 0.5577 | ETputs(KTEPS) 46631.50
2023-10-11 10:06:53,115 - tune.py [line:103] - INFO: Epoch 00700 | Time(s) 0.0857 | Val Loss 1.6664 | Val Acc 0.5577 | ETputs(KTEPS) 46871.39
2023-10-11 10:06:54,826 - tune.py [line:103] - INFO: Epoch 00720 | Time(s) 0.0857 | Val Loss 1.6432 | Val Acc 0.5538 | ETputs(KTEPS) 46874.98
2023-10-11 10:06:56,547 - tune.py [line:103] - INFO: Epoch 00740 | Time(s) 0.0857 | Val Loss 1.7014 | Val Acc 0.5519 | ETputs(KTEPS) 46870.93
2023-10-11 10:06:58,184 - tune.py [line:103] - INFO: Epoch 00760 | Time(s) 0.0856 | Val Loss 1.7843 | Val Acc 0.5529 | ETputs(KTEPS) 46927.67
2023-10-11 10:07:00,045 - tune.py [line:103] - INFO: Epoch 00780 | Time(s) 0.0858 | Val Loss 1.6905 | Val Acc 0.5558 | ETputs(KTEPS) 46825.00
2023-10-11 10:07:01,931 - tune.py [line:103] - INFO: Epoch 00800 | Time(s) 0.0860 | Val Loss 1.7542 | Val Acc 0.5567 | ETputs(KTEPS) 46710.44
2023-10-11 10:07:03,608 - tune.py [line:103] - INFO: Epoch 00820 | Time(s) 0.0860 | Val Loss 1.6882 | Val Acc 0.5548 | ETputs(KTEPS) 46739.50
2023-10-11 10:07:05,380 - tune.py [line:103] - INFO: Epoch 00840 | Time(s) 0.0860 | Val Loss 1.7194 | Val Acc 0.5567 | ETputs(KTEPS) 46706.68
2023-10-11 10:07:07,220 - tune.py [line:103] - INFO: Epoch 00860 | Time(s) 0.0862 | Val Loss 1.7389 | Val Acc 0.5519 | ETputs(KTEPS) 46632.79
2023-10-11 10:07:08,972 - tune.py [line:103] - INFO: Epoch 00880 | Time(s) 0.0862 | Val Loss 1.7116 | Val Acc 0.5644 | ETputs(KTEPS) 46616.01
2023-10-11 10:07:10,766 - tune.py [line:103] - INFO: Epoch 00900 | Time(s) 0.0863 | Val Loss 1.6846 | Val Acc 0.5529 | ETputs(KTEPS) 46577.46
2023-10-11 10:07:12,315 - tune.py [line:103] - INFO: Epoch 00920 | Time(s) 0.0861 | Val Loss 1.6865 | Val Acc 0.5635 | ETputs(KTEPS) 46681.92
2023-10-11 10:07:14,083 - tune.py [line:103] - INFO: Epoch 00940 | Time(s) 0.0861 | Val Loss 1.7455 | Val Acc 0.5596 | ETputs(KTEPS) 46655.44
2023-10-11 10:07:15,995 - tune.py [line:103] - INFO: Epoch 00960 | Time(s) 0.0863 | Val Loss 1.6875 | Val Acc 0.5577 | ETputs(KTEPS) 46553.00
2023-10-11 10:07:17,749 - tune.py [line:103] - INFO: Epoch 00980 | Time(s) 0.0864 | Val Loss 1.6370 | Val Acc 0.5567 | ETputs(KTEPS) 46538.10
2023-10-11 10:07:19,317 - tune.py [line:103] - INFO: Epoch 01000 | Time(s) 0.0862 | Val Loss 1.6800 | Val Acc 0.5625 | ETputs(KTEPS) 46624.23
2023-10-11 10:07:21,079 - tune.py [line:103] - INFO: Epoch 01020 | Time(s) 0.0862 | Val Loss 1.6867 | Val Acc 0.5740 | ETputs(KTEPS) 46607.36
2023-10-11 10:07:22,686 - tune.py [line:103] - INFO: Epoch 01040 | Time(s) 0.0861 | Val Loss 1.7756 | Val Acc 0.5615 | ETputs(KTEPS) 46670.27
2023-10-11 10:07:24,501 - tune.py [line:103] - INFO: Epoch 01060 | Time(s) 0.0862 | Val Loss 1.7592 | Val Acc 0.5596 | ETputs(KTEPS) 46623.58
2023-10-11 10:07:26,253 - tune.py [line:103] - INFO: Epoch 01080 | Time(s) 0.0862 | Val Loss 1.7675 | Val Acc 0.5606 | ETputs(KTEPS) 46610.23
2023-10-11 10:07:28,009 - tune.py [line:103] - INFO: Epoch 01100 | Time(s) 0.0863 | Val Loss 1.7252 | Val Acc 0.5644 | ETputs(KTEPS) 46595.10
2023-10-11 10:07:29,637 - tune.py [line:103] - INFO: Epoch 01120 | Time(s) 0.0862 | Val Loss 1.7722 | Val Acc 0.5606 | ETputs(KTEPS) 46642.38
2023-10-11 10:07:31,382 - tune.py [line:103] - INFO: Epoch 01140 | Time(s) 0.0862 | Val Loss 1.7849 | Val Acc 0.5635 | ETputs(KTEPS) 46632.43
2023-10-11 10:07:32,940 - tune.py [line:103] - INFO: Epoch 01160 | Time(s) 0.0860 | Val Loss 1.7398 | Val Acc 0.5635 | ETputs(KTEPS) 46710.68
2023-10-11 10:07:34,563 - tune.py [line:103] - INFO: Epoch 01180 | Time(s) 0.0860 | Val Loss 1.7515 | Val Acc 0.5654 | ETputs(KTEPS) 46756.36
2023-10-11 10:07:36,405 - tune.py [line:103] - INFO: Epoch 01200 | Time(s) 0.0861 | Val Loss 1.8268 | Val Acc 0.5654 | ETputs(KTEPS) 46701.33
2023-10-11 10:07:37,854 - tune.py [line:103] - INFO: Epoch 01220 | Time(s) 0.0858 | Val Loss 1.8074 | Val Acc 0.5721 | ETputs(KTEPS) 46823.16
2023-10-11 10:07:39,759 - tune.py [line:103] - INFO: Epoch 01240 | Time(s) 0.0860 | Val Loss 1.8173 | Val Acc 0.5625 | ETputs(KTEPS) 46741.11
2023-10-11 10:07:41,608 - tune.py [line:103] - INFO: Epoch 01260 | Time(s) 0.0861 | Val Loss 1.6905 | Val Acc 0.5712 | ETputs(KTEPS) 46686.02
2023-10-11 10:07:43,462 - tune.py [line:103] - INFO: Epoch 01280 | Time(s) 0.0862 | Val Loss 1.7589 | Val Acc 0.5712 | ETputs(KTEPS) 46633.69
2023-10-11 10:07:44,968 - tune.py [line:103] - INFO: Epoch 01300 | Time(s) 0.0860 | Val Loss 1.7719 | Val Acc 0.5644 | ETputs(KTEPS) 46724.52
2023-10-11 10:07:46,533 - tune.py [line:103] - INFO: Epoch 01320 | Time(s) 0.0859 | Val Loss 1.8924 | Val Acc 0.5615 | ETputs(KTEPS) 46788.91
2023-10-11 10:07:48,190 - tune.py [line:103] - INFO: Epoch 01340 | Time(s) 0.0859 | Val Loss 1.8262 | Val Acc 0.5615 | ETputs(KTEPS) 46814.34
2023-10-11 10:07:50,127 - tune.py [line:103] - INFO: Epoch 01360 | Time(s) 0.0860 | Val Loss 1.7819 | Val Acc 0.5625 | ETputs(KTEPS) 46726.77
2023-10-11 10:07:51,899 - tune.py [line:103] - INFO: Epoch 01380 | Time(s) 0.0860 | Val Loss 1.7582 | Val Acc 0.5712 | ETputs(KTEPS) 46706.82
2023-10-11 10:07:53,781 - tune.py [line:103] - INFO: Epoch 01400 | Time(s) 0.0862 | Val Loss 1.7786 | Val Acc 0.5712 | ETputs(KTEPS) 46645.83
2023-10-11 10:07:55,323 - tune.py [line:103] - INFO: Epoch 01420 | Time(s) 0.0860 | Val Loss 1.8616 | Val Acc 0.5750 | ETputs(KTEPS) 46718.00
2023-10-11 10:07:56,986 - tune.py [line:103] - INFO: Epoch 01440 | Time(s) 0.0860 | Val Loss 1.7465 | Val Acc 0.5779 | ETputs(KTEPS) 46739.97
2023-10-11 10:07:58,519 - tune.py [line:103] - INFO: Epoch 01460 | Time(s) 0.0859 | Val Loss 1.8014 | Val Acc 0.5683 | ETputs(KTEPS) 46809.85
2023-10-11 10:08:00,402 - tune.py [line:103] - INFO: Epoch 01480 | Time(s) 0.0860 | Val Loss 1.7539 | Val Acc 0.5788 | ETputs(KTEPS) 46749.17
2023-10-11 10:08:02,176 - tune.py [line:103] - INFO: Epoch 01500 | Time(s) 0.0860 | Val Loss 1.7748 | Val Acc 0.5808 | ETputs(KTEPS) 46729.79
2023-10-11 10:08:04,109 - tune.py [line:103] - INFO: Epoch 01520 | Time(s) 0.0861 | Val Loss 1.7853 | Val Acc 0.5827 | ETputs(KTEPS) 46654.24
2023-10-11 10:08:05,575 - tune.py [line:103] - INFO: Epoch 01540 | Time(s) 0.0860 | Val Loss 1.6909 | Val Acc 0.5894 | ETputs(KTEPS) 46747.06
2023-10-11 10:08:07,451 - tune.py [line:103] - INFO: Epoch 01560 | Time(s) 0.0861 | Val Loss 1.8275 | Val Acc 0.5779 | ETputs(KTEPS) 46693.42
2023-10-11 10:08:09,251 - tune.py [line:103] - INFO: Epoch 01580 | Time(s) 0.0861 | Val Loss 1.6686 | Val Acc 0.5798 | ETputs(KTEPS) 46666.94
2023-10-11 10:08:11,116 - tune.py [line:103] - INFO: Epoch 01600 | Time(s) 0.0862 | Val Loss 1.7789 | Val Acc 0.5779 | ETputs(KTEPS) 46618.94
2023-10-11 10:08:12,653 - tune.py [line:103] - INFO: Epoch 01620 | Time(s) 0.0861 | Val Loss 1.8282 | Val Acc 0.5885 | ETputs(KTEPS) 46681.88
2023-10-11 10:08:14,448 - tune.py [line:103] - INFO: Epoch 01640 | Time(s) 0.0861 | Val Loss 1.7774 | Val Acc 0.5760 | ETputs(KTEPS) 46658.15
2023-10-11 10:08:16,178 - tune.py [line:103] - INFO: Epoch 01660 | Time(s) 0.0861 | Val Loss 1.8178 | Val Acc 0.5712 | ETputs(KTEPS) 46656.34
2023-10-11 10:08:17,835 - tune.py [line:103] - INFO: Epoch 01680 | Time(s) 0.0861 | Val Loss 1.7991 | Val Acc 0.5865 | ETputs(KTEPS) 46677.83
2023-10-11 10:08:19,584 - tune.py [line:103] - INFO: Epoch 01700 | Time(s) 0.0861 | Val Loss 1.8376 | Val Acc 0.5885 | ETputs(KTEPS) 46669.52
2023-10-11 10:08:21,349 - tune.py [line:103] - INFO: Epoch 01720 | Time(s) 0.0861 | Val Loss 1.8684 | Val Acc 0.5856 | ETputs(KTEPS) 46656.50
2023-10-11 10:08:22,878 - tune.py [line:103] - INFO: Epoch 01740 | Time(s) 0.0860 | Val Loss 1.8454 | Val Acc 0.5817 | ETputs(KTEPS) 46717.25
2023-10-11 10:08:24,724 - tune.py [line:103] - INFO: Epoch 01760 | Time(s) 0.0861 | Val Loss 1.7825 | Val Acc 0.5769 | ETputs(KTEPS) 46679.11
2023-10-11 10:08:26,758 - tune.py [line:103] - INFO: Epoch 01780 | Time(s) 0.0863 | Val Loss 1.7631 | Val Acc 0.5904 | ETputs(KTEPS) 46584.66
2023-10-11 10:08:28,453 - tune.py [line:103] - INFO: Epoch 01800 | Time(s) 0.0863 | Val Loss 1.8136 | Val Acc 0.5760 | ETputs(KTEPS) 46594.37
2023-10-11 10:08:30,017 - tune.py [line:103] - INFO: Epoch 01820 | Time(s) 0.0862 | Val Loss 1.7298 | Val Acc 0.5933 | ETputs(KTEPS) 46642.37
2023-10-11 10:08:31,911 - tune.py [line:103] - INFO: Epoch 01840 | Time(s) 0.0863 | Val Loss 1.7876 | Val Acc 0.5731 | ETputs(KTEPS) 46595.30
2023-10-11 10:08:33,862 - tune.py [line:103] - INFO: Epoch 01860 | Time(s) 0.0864 | Val Loss 1.9031 | Val Acc 0.5721 | ETputs(KTEPS) 46530.12
2023-10-11 10:08:35,695 - tune.py [line:103] - INFO: Epoch 01880 | Time(s) 0.0864 | Val Loss 1.9225 | Val Acc 0.5740 | ETputs(KTEPS) 46500.17
2023-10-11 10:08:37,667 - tune.py [line:103] - INFO: Epoch 01900 | Time(s) 0.0866 | Val Loss 1.9305 | Val Acc 0.5663 | ETputs(KTEPS) 46431.53
2023-10-11 10:08:39,633 - tune.py [line:103] - INFO: Epoch 01920 | Time(s) 0.0867 | Val Loss 1.8824 | Val Acc 0.5740 | ETputs(KTEPS) 46366.51
2023-10-11 10:08:41,340 - tune.py [line:103] - INFO: Epoch 01940 | Time(s) 0.0867 | Val Loss 1.8583 | Val Acc 0.5808 | ETputs(KTEPS) 46374.37
2023-10-11 10:08:43,075 - tune.py [line:103] - INFO: Epoch 01960 | Time(s) 0.0867 | Val Loss 1.7934 | Val Acc 0.5663 | ETputs(KTEPS) 46374.51
2023-10-11 10:08:44,979 - tune.py [line:103] - INFO: Epoch 01980 | Time(s) 0.0868 | Val Loss 1.9119 | Val Acc 0.5817 | ETputs(KTEPS) 46328.54
2023-10-11 10:08:46,798 - tune.py [line:103] - INFO: Epoch 02000 | Time(s) 0.0868 | Val Loss 1.9272 | Val Acc 0.5769 | ETputs(KTEPS) 46306.73
2023-10-11 10:08:46,865 - tune.py [line:117] - INFO: [FINAL MODEL] Val accuracy 59.62% \Val loss: 1.9
2023-10-11 10:08:46,920 - tune.py [line:119] - INFO: [FINAL MODEL] Test accuracy 58.89% \Test loss: 1.9
2023-10-11 10:08:46,921 - tune.py [line:144] - INFO: Acc on the first split (Validation Set): 0.5962
2023-10-11 10:08:46,921 - tune.py [line:145] - INFO: Acc on the first split (Test Set): 0.5889
