2023-10-11 09:48:54,930 - tune.py [line:203] - INFO: Namespace(seed=42, model='GPRGNN', gpu=1, dataset='geom-squirrel', logging=True, log_detail=True, log_detailedCh=False, id_log=1011014504, optuna_n_trials=202, n_epochs=2000, self_loop=True, udgraph=True, early_stop=True, patience=300, n_hidden=64, n_cv=1, start_cv=0, n_layers=16, lr1=0.01, lr2=0.01, wd1=1e-06, wd2=1e-08, dropout=0.0, dropout2=0.4, alpha=0.30000000000000004, es_ckpt='TestTuningScript-geom-squirrel_geom-squirrel_trialNo11')
2023-10-11 09:48:57,730 - tune.py [line:128] - INFO: Split_seeds:[1824]
2023-10-11 09:48:57,731 - tune.py [line:129] - INFO: Model_seeds:[409]
2023-10-11 09:48:59,397 - tune.py [line:103] - INFO: Epoch 00020 | Time(s) 0.0802 | Val Loss 1.5588 | Val Acc 0.3154 | ETputs(KTEPS) 50122.02
2023-10-11 09:49:00,829 - tune.py [line:103] - INFO: Epoch 00040 | Time(s) 0.0755 | Val Loss 1.5626 | Val Acc 0.3750 | ETputs(KTEPS) 53207.89
2023-10-11 09:49:02,160 - tune.py [line:103] - INFO: Epoch 00060 | Time(s) 0.0723 | Val Loss 1.6792 | Val Acc 0.3673 | ETputs(KTEPS) 55575.33
2023-10-11 09:49:03,668 - tune.py [line:103] - INFO: Epoch 00080 | Time(s) 0.0731 | Val Loss 1.8349 | Val Acc 0.3519 | ETputs(KTEPS) 54999.97
2023-10-11 09:49:05,294 - tune.py [line:103] - INFO: Epoch 00100 | Time(s) 0.0747 | Val Loss 2.0352 | Val Acc 0.3644 | ETputs(KTEPS) 53787.29
2023-10-11 09:49:06,685 - tune.py [line:103] - INFO: Epoch 00120 | Time(s) 0.0738 | Val Loss 2.2639 | Val Acc 0.3615 | ETputs(KTEPS) 54423.24
2023-10-11 09:49:08,420 - tune.py [line:103] - INFO: Epoch 00140 | Time(s) 0.0757 | Val Loss 2.5180 | Val Acc 0.3558 | ETputs(KTEPS) 53101.76
2023-10-11 09:49:09,745 - tune.py [line:103] - INFO: Epoch 00160 | Time(s) 0.0745 | Val Loss 2.7804 | Val Acc 0.3596 | ETputs(KTEPS) 53944.01
2023-10-11 09:49:11,399 - tune.py [line:103] - INFO: Epoch 00180 | Time(s) 0.0754 | Val Loss 3.0558 | Val Acc 0.3635 | ETputs(KTEPS) 53296.68
2023-10-11 09:49:12,879 - tune.py [line:103] - INFO: Epoch 00200 | Time(s) 0.0753 | Val Loss 3.3059 | Val Acc 0.3548 | ETputs(KTEPS) 53399.21
2023-10-11 09:49:14,556 - tune.py [line:103] - INFO: Epoch 00220 | Time(s) 0.0760 | Val Loss 3.5408 | Val Acc 0.3490 | ETputs(KTEPS) 52855.89
2023-10-11 09:49:15,954 - tune.py [line:103] - INFO: Epoch 00240 | Time(s) 0.0755 | Val Loss 3.7651 | Val Acc 0.3500 | ETputs(KTEPS) 53214.94
2023-10-11 09:49:17,562 - tune.py [line:103] - INFO: Epoch 00260 | Time(s) 0.0759 | Val Loss 3.9778 | Val Acc 0.3577 | ETputs(KTEPS) 52953.28
2023-10-11 09:49:18,950 - tune.py [line:103] - INFO: Epoch 00280 | Time(s) 0.0754 | Val Loss 4.1613 | Val Acc 0.3538 | ETputs(KTEPS) 53281.27
2023-10-11 09:49:20,557 - tune.py [line:103] - INFO: Epoch 00300 | Time(s) 0.0758 | Val Loss 4.3300 | Val Acc 0.3548 | ETputs(KTEPS) 53053.39
2023-10-11 09:49:21,733 - tune.py [line:103] - INFO: Epoch 00320 | Time(s) 0.0747 | Val Loss 4.4915 | Val Acc 0.3558 | ETputs(KTEPS) 53806.19
2023-10-11 09:49:23,074 - tune.py [line:103] - INFO: Epoch 00340 | Time(s) 0.0742 | Val Loss 4.6165 | Val Acc 0.3625 | ETputs(KTEPS) 54132.96
2023-10-11 09:49:23,836 - tune.py [line:117] - INFO: [FINAL MODEL] Val accuracy 38.37% \Val loss: 1.6
2023-10-11 09:49:23,841 - tune.py [line:119] - INFO: [FINAL MODEL] Test accuracy 36.50% \Test loss: 1.7
2023-10-11 09:49:23,841 - tune.py [line:144] - INFO: Acc on the first split (Validation Set): 0.3837
2023-10-11 09:49:23,841 - tune.py [line:145] - INFO: Acc on the first split (Test Set): 0.3650
