2023-10-11 10:38:08,858 - tune.py [line:203] - INFO: Namespace(seed=42, model='GPRGNN', gpu=1, dataset='geom-squirrel', logging=True, log_detail=True, log_detailedCh=False, id_log=1011014504, optuna_n_trials=202, n_epochs=2000, self_loop=True, udgraph=True, early_stop=True, patience=300, n_hidden=64, n_cv=1, start_cv=0, n_layers=20, lr1=0.05, lr2=0.04, wd1=1e-07, wd2=0.0001, dropout=0.0, dropout2=0.8, alpha=0.30000000000000004, es_ckpt='TestTuningScript-geom-squirrel_geom-squirrel_trialNo161')
2023-10-11 10:38:11,454 - tune.py [line:128] - INFO: Split_seeds:[1824]
2023-10-11 10:38:11,454 - tune.py [line:129] - INFO: Model_seeds:[409]
2023-10-11 10:38:12,721 - tune.py [line:103] - INFO: Epoch 00020 | Time(s) 0.0620 | Val Loss 1.5159 | Val Acc 0.3548 | ETputs(KTEPS) 64857.22
2023-10-11 10:38:14,180 - tune.py [line:103] - INFO: Epoch 00040 | Time(s) 0.0670 | Val Loss 1.6617 | Val Acc 0.3894 | ETputs(KTEPS) 59967.82
2023-10-11 10:38:15,600 - tune.py [line:103] - INFO: Epoch 00060 | Time(s) 0.0682 | Val Loss 2.0288 | Val Acc 0.4183 | ETputs(KTEPS) 58955.12
2023-10-11 10:38:17,234 - tune.py [line:103] - INFO: Epoch 00080 | Time(s) 0.0714 | Val Loss 2.4020 | Val Acc 0.4231 | ETputs(KTEPS) 56267.94
2023-10-11 10:38:18,529 - tune.py [line:103] - INFO: Epoch 00100 | Time(s) 0.0700 | Val Loss 2.4689 | Val Acc 0.4298 | ETputs(KTEPS) 57382.60
2023-10-11 10:38:19,868 - tune.py [line:103] - INFO: Epoch 00120 | Time(s) 0.0695 | Val Loss 2.6757 | Val Acc 0.4394 | ETputs(KTEPS) 57863.23
2023-10-11 10:38:21,315 - tune.py [line:103] - INFO: Epoch 00140 | Time(s) 0.0698 | Val Loss 2.7761 | Val Acc 0.4529 | ETputs(KTEPS) 57599.00
2023-10-11 10:38:22,570 - tune.py [line:103] - INFO: Epoch 00160 | Time(s) 0.0688 | Val Loss 2.6183 | Val Acc 0.4760 | ETputs(KTEPS) 58407.38
2023-10-11 10:38:23,784 - tune.py [line:103] - INFO: Epoch 00180 | Time(s) 0.0678 | Val Loss 2.6516 | Val Acc 0.4875 | ETputs(KTEPS) 59243.18
2023-10-11 10:38:25,252 - tune.py [line:103] - INFO: Epoch 00200 | Time(s) 0.0683 | Val Loss 2.7393 | Val Acc 0.4952 | ETputs(KTEPS) 58834.56
2023-10-11 10:38:26,632 - tune.py [line:103] - INFO: Epoch 00220 | Time(s) 0.0684 | Val Loss 2.7133 | Val Acc 0.4894 | ETputs(KTEPS) 58788.95
2023-10-11 10:38:27,942 - tune.py [line:103] - INFO: Epoch 00240 | Time(s) 0.0681 | Val Loss 2.6063 | Val Acc 0.5202 | ETputs(KTEPS) 59010.78
2023-10-11 10:38:29,427 - tune.py [line:103] - INFO: Epoch 00260 | Time(s) 0.0686 | Val Loss 2.6480 | Val Acc 0.5106 | ETputs(KTEPS) 58610.51
2023-10-11 10:38:30,838 - tune.py [line:103] - INFO: Epoch 00280 | Time(s) 0.0687 | Val Loss 2.7422 | Val Acc 0.5183 | ETputs(KTEPS) 58514.74
2023-10-11 10:38:32,257 - tune.py [line:103] - INFO: Epoch 00300 | Time(s) 0.0688 | Val Loss 2.8455 | Val Acc 0.5260 | ETputs(KTEPS) 58406.97
2023-10-11 10:38:33,780 - tune.py [line:103] - INFO: Epoch 00320 | Time(s) 0.0693 | Val Loss 2.9545 | Val Acc 0.5269 | ETputs(KTEPS) 58028.24
2023-10-11 10:38:35,067 - tune.py [line:103] - INFO: Epoch 00340 | Time(s) 0.0689 | Val Loss 2.9458 | Val Acc 0.5385 | ETputs(KTEPS) 58301.50
2023-10-11 10:38:36,420 - tune.py [line:103] - INFO: Epoch 00360 | Time(s) 0.0689 | Val Loss 2.9027 | Val Acc 0.5356 | ETputs(KTEPS) 58363.65
2023-10-11 10:38:37,957 - tune.py [line:103] - INFO: Epoch 00380 | Time(s) 0.0693 | Val Loss 2.8913 | Val Acc 0.5500 | ETputs(KTEPS) 58023.21
2023-10-11 10:38:39,282 - tune.py [line:103] - INFO: Epoch 00400 | Time(s) 0.0691 | Val Loss 2.8962 | Val Acc 0.5500 | ETputs(KTEPS) 58155.36
2023-10-11 10:38:40,769 - tune.py [line:103] - INFO: Epoch 00420 | Time(s) 0.0693 | Val Loss 2.7655 | Val Acc 0.5567 | ETputs(KTEPS) 57961.54
2023-10-11 10:38:42,104 - tune.py [line:103] - INFO: Epoch 00440 | Time(s) 0.0692 | Val Loss 2.8157 | Val Acc 0.5510 | ETputs(KTEPS) 58060.77
2023-10-11 10:38:43,503 - tune.py [line:103] - INFO: Epoch 00460 | Time(s) 0.0693 | Val Loss 2.8858 | Val Acc 0.5471 | ETputs(KTEPS) 58036.06
2023-10-11 10:38:44,740 - tune.py [line:103] - INFO: Epoch 00480 | Time(s) 0.0689 | Val Loss 3.0177 | Val Acc 0.5481 | ETputs(KTEPS) 58297.41
2023-10-11 10:38:46,128 - tune.py [line:103] - INFO: Epoch 00500 | Time(s) 0.0690 | Val Loss 2.9547 | Val Acc 0.5538 | ETputs(KTEPS) 58282.96
2023-10-11 10:38:47,566 - tune.py [line:103] - INFO: Epoch 00520 | Time(s) 0.0691 | Val Loss 2.9754 | Val Acc 0.5538 | ETputs(KTEPS) 58193.24
2023-10-11 10:38:48,871 - tune.py [line:103] - INFO: Epoch 00540 | Time(s) 0.0689 | Val Loss 2.9966 | Val Acc 0.5558 | ETputs(KTEPS) 58313.61
2023-10-11 10:38:50,348 - tune.py [line:103] - INFO: Epoch 00560 | Time(s) 0.0691 | Val Loss 3.0322 | Val Acc 0.5567 | ETputs(KTEPS) 58166.42
2023-10-11 10:38:51,584 - tune.py [line:103] - INFO: Epoch 00580 | Time(s) 0.0688 | Val Loss 3.0283 | Val Acc 0.5615 | ETputs(KTEPS) 58379.77
2023-10-11 10:38:53,178 - tune.py [line:103] - INFO: Epoch 00600 | Time(s) 0.0692 | Val Loss 2.9947 | Val Acc 0.5587 | ETputs(KTEPS) 58075.27
2023-10-11 10:38:54,631 - tune.py [line:103] - INFO: Epoch 00620 | Time(s) 0.0693 | Val Loss 3.0977 | Val Acc 0.5683 | ETputs(KTEPS) 57984.12
2023-10-11 10:38:55,999 - tune.py [line:103] - INFO: Epoch 00640 | Time(s) 0.0693 | Val Loss 3.2188 | Val Acc 0.5596 | ETputs(KTEPS) 58026.04
2023-10-11 10:38:57,303 - tune.py [line:103] - INFO: Epoch 00660 | Time(s) 0.0691 | Val Loss 3.0573 | Val Acc 0.5654 | ETputs(KTEPS) 58130.74
2023-10-11 10:38:58,561 - tune.py [line:103] - INFO: Epoch 00680 | Time(s) 0.0690 | Val Loss 3.0575 | Val Acc 0.5654 | ETputs(KTEPS) 58286.14
2023-10-11 10:39:00,065 - tune.py [line:103] - INFO: Epoch 00700 | Time(s) 0.0691 | Val Loss 3.1705 | Val Acc 0.5683 | ETputs(KTEPS) 58136.67
2023-10-11 10:39:01,419 - tune.py [line:103] - INFO: Epoch 00720 | Time(s) 0.0691 | Val Loss 3.1198 | Val Acc 0.5673 | ETputs(KTEPS) 58171.37
2023-10-11 10:39:02,676 - tune.py [line:103] - INFO: Epoch 00740 | Time(s) 0.0689 | Val Loss 3.1590 | Val Acc 0.5712 | ETputs(KTEPS) 58313.27
2023-10-11 10:39:04,107 - tune.py [line:103] - INFO: Epoch 00760 | Time(s) 0.0690 | Val Loss 3.2028 | Val Acc 0.5683 | ETputs(KTEPS) 58258.69
2023-10-11 10:39:05,525 - tune.py [line:103] - INFO: Epoch 00780 | Time(s) 0.0690 | Val Loss 3.2827 | Val Acc 0.5663 | ETputs(KTEPS) 58220.73
2023-10-11 10:39:06,746 - tune.py [line:103] - INFO: Epoch 00800 | Time(s) 0.0688 | Val Loss 3.1295 | Val Acc 0.5702 | ETputs(KTEPS) 58390.61
2023-10-11 10:39:08,054 - tune.py [line:103] - INFO: Epoch 00820 | Time(s) 0.0687 | Val Loss 3.0065 | Val Acc 0.5683 | ETputs(KTEPS) 58464.23
2023-10-11 10:39:09,340 - tune.py [line:103] - INFO: Epoch 00840 | Time(s) 0.0686 | Val Loss 3.1911 | Val Acc 0.5779 | ETputs(KTEPS) 58559.37
2023-10-11 10:39:10,742 - tune.py [line:103] - INFO: Epoch 00860 | Time(s) 0.0687 | Val Loss 2.9649 | Val Acc 0.5712 | ETputs(KTEPS) 58530.63
2023-10-11 10:39:12,214 - tune.py [line:103] - INFO: Epoch 00880 | Time(s) 0.0688 | Val Loss 3.2684 | Val Acc 0.5702 | ETputs(KTEPS) 58436.04
2023-10-11 10:39:13,591 - tune.py [line:103] - INFO: Epoch 00900 | Time(s) 0.0688 | Val Loss 3.5024 | Val Acc 0.5750 | ETputs(KTEPS) 58435.28
2023-10-11 10:39:15,151 - tune.py [line:103] - INFO: Epoch 00920 | Time(s) 0.0690 | Val Loss 3.3138 | Val Acc 0.5788 | ETputs(KTEPS) 58269.74
2023-10-11 10:39:16,641 - tune.py [line:103] - INFO: Epoch 00940 | Time(s) 0.0691 | Val Loss 3.3037 | Val Acc 0.5798 | ETputs(KTEPS) 58170.71
2023-10-11 10:39:18,252 - tune.py [line:103] - INFO: Epoch 00960 | Time(s) 0.0693 | Val Loss 3.1027 | Val Acc 0.5731 | ETputs(KTEPS) 57971.67
2023-10-11 10:39:19,474 - tune.py [line:103] - INFO: Epoch 00980 | Time(s) 0.0692 | Val Loss 3.2532 | Val Acc 0.5750 | ETputs(KTEPS) 58112.56
2023-10-11 10:39:20,909 - tune.py [line:103] - INFO: Epoch 01000 | Time(s) 0.0692 | Val Loss 3.2391 | Val Acc 0.5769 | ETputs(KTEPS) 58069.55
2023-10-11 10:39:22,353 - tune.py [line:103] - INFO: Epoch 01020 | Time(s) 0.0693 | Val Loss 3.2527 | Val Acc 0.5721 | ETputs(KTEPS) 58021.36
2023-10-11 10:39:23,557 - tune.py [line:103] - INFO: Epoch 01040 | Time(s) 0.0691 | Val Loss 3.2863 | Val Acc 0.5663 | ETputs(KTEPS) 58168.34
2023-10-11 10:39:25,182 - tune.py [line:103] - INFO: Epoch 01060 | Time(s) 0.0693 | Val Loss 3.3014 | Val Acc 0.5875 | ETputs(KTEPS) 57976.45
2023-10-11 10:39:26,585 - tune.py [line:103] - INFO: Epoch 01080 | Time(s) 0.0693 | Val Loss 3.5414 | Val Acc 0.5731 | ETputs(KTEPS) 57963.85
2023-10-11 10:39:27,458 - tune.py [line:103] - INFO: Epoch 01100 | Time(s) 0.0689 | Val Loss 3.3226 | Val Acc 0.5721 | ETputs(KTEPS) 58358.31
2023-10-11 10:39:28,899 - tune.py [line:103] - INFO: Epoch 01120 | Time(s) 0.0689 | Val Loss 3.4564 | Val Acc 0.5760 | ETputs(KTEPS) 58310.40
2023-10-11 10:39:30,643 - tune.py [line:103] - INFO: Epoch 01140 | Time(s) 0.0692 | Val Loss 3.2314 | Val Acc 0.5731 | ETputs(KTEPS) 58041.05
2023-10-11 10:39:32,578 - tune.py [line:103] - INFO: Epoch 01160 | Time(s) 0.0697 | Val Loss 3.5698 | Val Acc 0.5731 | ETputs(KTEPS) 57646.64
2023-10-11 10:39:34,344 - tune.py [line:103] - INFO: Epoch 01180 | Time(s) 0.0700 | Val Loss 3.6121 | Val Acc 0.5731 | ETputs(KTEPS) 57388.10
2023-10-11 10:39:35,952 - tune.py [line:103] - INFO: Epoch 01200 | Time(s) 0.0702 | Val Loss 3.3287 | Val Acc 0.5740 | ETputs(KTEPS) 57247.93
2023-10-11 10:39:37,011 - tune.py [line:117] - INFO: [FINAL MODEL] Val accuracy 58.75% \Val loss: 3.3
2023-10-11 10:39:37,017 - tune.py [line:119] - INFO: [FINAL MODEL] Test accuracy 57.35% \Test loss: 3.6
2023-10-11 10:39:37,017 - tune.py [line:144] - INFO: Acc on the first split (Validation Set): 0.5875
2023-10-11 10:39:37,017 - tune.py [line:145] - INFO: Acc on the first split (Test Set): 0.5735
