2023-10-11 10:39:37,213 - tune.py [line:203] - INFO: Namespace(seed=42, model='GPRGNN', gpu=1, dataset='geom-squirrel', logging=True, log_detail=True, log_detailedCh=False, id_log=1011014504, optuna_n_trials=202, n_epochs=2000, self_loop=True, udgraph=True, early_stop=True, patience=300, n_hidden=64, n_cv=1, start_cv=0, n_layers=20, lr1=0.05, lr2=0.04, wd1=1e-07, wd2=1e-05, dropout=0.0, dropout2=0.8, alpha=0.30000000000000004, es_ckpt='TestTuningScript-geom-squirrel_geom-squirrel_trialNo162')
2023-10-11 10:39:39,861 - tune.py [line:128] - INFO: Split_seeds:[1824]
2023-10-11 10:39:39,862 - tune.py [line:129] - INFO: Model_seeds:[409]
2023-10-11 10:39:41,649 - tune.py [line:103] - INFO: Epoch 00020 | Time(s) 0.0865 | Val Loss 1.5167 | Val Acc 0.3529 | ETputs(KTEPS) 46447.13
2023-10-11 10:39:43,390 - tune.py [line:103] - INFO: Epoch 00040 | Time(s) 0.0866 | Val Loss 1.6698 | Val Acc 0.3933 | ETputs(KTEPS) 46436.39
2023-10-11 10:39:43,996 - tune.py [line:103] - INFO: Epoch 00060 | Time(s) 0.0676 | Val Loss 2.0650 | Val Acc 0.4135 | ETputs(KTEPS) 59452.06
2023-10-11 10:39:45,867 - tune.py [line:103] - INFO: Epoch 00080 | Time(s) 0.0740 | Val Loss 2.4722 | Val Acc 0.4250 | ETputs(KTEPS) 54329.49
2023-10-11 10:39:47,597 - tune.py [line:103] - INFO: Epoch 00100 | Time(s) 0.0764 | Val Loss 2.5433 | Val Acc 0.4317 | ETputs(KTEPS) 52637.72
2023-10-11 10:39:49,639 - tune.py [line:103] - INFO: Epoch 00120 | Time(s) 0.0805 | Val Loss 2.6647 | Val Acc 0.4462 | ETputs(KTEPS) 49899.23
2023-10-11 10:39:51,264 - tune.py [line:103] - INFO: Epoch 00140 | Time(s) 0.0806 | Val Loss 2.8142 | Val Acc 0.4548 | ETputs(KTEPS) 49883.61
2023-10-11 10:39:52,872 - tune.py [line:103] - INFO: Epoch 00160 | Time(s) 0.0805 | Val Loss 2.7535 | Val Acc 0.4712 | ETputs(KTEPS) 49935.73
2023-10-11 10:39:54,621 - tune.py [line:103] - INFO: Epoch 00180 | Time(s) 0.0812 | Val Loss 2.7591 | Val Acc 0.4731 | ETputs(KTEPS) 49483.55
2023-10-11 10:39:56,239 - tune.py [line:103] - INFO: Epoch 00200 | Time(s) 0.0812 | Val Loss 2.7536 | Val Acc 0.4788 | ETputs(KTEPS) 49516.66
2023-10-11 10:39:58,341 - tune.py [line:103] - INFO: Epoch 00220 | Time(s) 0.0833 | Val Loss 2.6931 | Val Acc 0.4952 | ETputs(KTEPS) 48239.73
2023-10-11 10:40:00,133 - tune.py [line:103] - INFO: Epoch 00240 | Time(s) 0.0838 | Val Loss 2.6784 | Val Acc 0.5106 | ETputs(KTEPS) 47963.04
2023-10-11 10:40:01,975 - tune.py [line:103] - INFO: Epoch 00260 | Time(s) 0.0844 | Val Loss 2.7380 | Val Acc 0.5202 | ETputs(KTEPS) 47608.50
2023-10-11 10:40:03,808 - tune.py [line:103] - INFO: Epoch 00280 | Time(s) 0.0849 | Val Loss 2.7275 | Val Acc 0.5308 | ETputs(KTEPS) 47342.32
2023-10-11 10:40:05,884 - tune.py [line:103] - INFO: Epoch 00300 | Time(s) 0.0861 | Val Loss 2.8551 | Val Acc 0.5240 | ETputs(KTEPS) 46653.55
2023-10-11 10:40:07,456 - tune.py [line:103] - INFO: Epoch 00320 | Time(s) 0.0857 | Val Loss 2.8990 | Val Acc 0.5308 | ETputs(KTEPS) 46917.97
2023-10-11 10:40:07,982 - tune.py [line:103] - INFO: Epoch 00340 | Time(s) 0.0822 | Val Loss 2.8683 | Val Acc 0.5404 | ETputs(KTEPS) 48914.85
2023-10-11 10:40:09,374 - tune.py [line:103] - INFO: Epoch 00360 | Time(s) 0.0814 | Val Loss 2.8342 | Val Acc 0.5394 | ETputs(KTEPS) 49344.05
2023-10-11 10:40:11,100 - tune.py [line:103] - INFO: Epoch 00380 | Time(s) 0.0817 | Val Loss 2.8365 | Val Acc 0.5596 | ETputs(KTEPS) 49209.08
2023-10-11 10:40:13,000 - tune.py [line:103] - INFO: Epoch 00400 | Time(s) 0.0823 | Val Loss 2.8978 | Val Acc 0.5519 | ETputs(KTEPS) 48811.88
2023-10-11 10:40:14,771 - tune.py [line:103] - INFO: Epoch 00420 | Time(s) 0.0826 | Val Loss 2.9123 | Val Acc 0.5644 | ETputs(KTEPS) 48642.08
2023-10-11 10:40:16,708 - tune.py [line:103] - INFO: Epoch 00440 | Time(s) 0.0833 | Val Loss 3.0385 | Val Acc 0.5673 | ETputs(KTEPS) 48267.59
2023-10-11 10:40:18,340 - tune.py [line:103] - INFO: Epoch 00460 | Time(s) 0.0832 | Val Loss 2.8422 | Val Acc 0.5683 | ETputs(KTEPS) 48315.98
2023-10-11 10:40:20,158 - tune.py [line:103] - INFO: Epoch 00480 | Time(s) 0.0835 | Val Loss 2.8618 | Val Acc 0.5606 | ETputs(KTEPS) 48138.69
2023-10-11 10:40:22,024 - tune.py [line:103] - INFO: Epoch 00500 | Time(s) 0.0839 | Val Loss 2.7228 | Val Acc 0.5654 | ETputs(KTEPS) 47917.06
2023-10-11 10:40:23,720 - tune.py [line:103] - INFO: Epoch 00520 | Time(s) 0.0839 | Val Loss 2.8523 | Val Acc 0.5654 | ETputs(KTEPS) 47896.48
2023-10-11 10:40:24,509 - tune.py [line:103] - INFO: Epoch 00540 | Time(s) 0.0823 | Val Loss 2.8817 | Val Acc 0.5750 | ETputs(KTEPS) 48856.41
2023-10-11 10:40:25,569 - tune.py [line:103] - INFO: Epoch 00560 | Time(s) 0.0812 | Val Loss 2.9881 | Val Acc 0.5683 | ETputs(KTEPS) 49490.16
2023-10-11 10:40:27,015 - tune.py [line:103] - INFO: Epoch 00580 | Time(s) 0.0809 | Val Loss 2.8151 | Val Acc 0.5673 | ETputs(KTEPS) 49685.14
2023-10-11 10:40:28,424 - tune.py [line:103] - INFO: Epoch 00600 | Time(s) 0.0805 | Val Loss 2.9952 | Val Acc 0.5529 | ETputs(KTEPS) 49900.17
2023-10-11 10:40:29,873 - tune.py [line:103] - INFO: Epoch 00620 | Time(s) 0.0803 | Val Loss 3.2786 | Val Acc 0.5615 | ETputs(KTEPS) 50062.94
2023-10-11 10:40:31,456 - tune.py [line:103] - INFO: Epoch 00640 | Time(s) 0.0802 | Val Loss 3.0501 | Val Acc 0.5779 | ETputs(KTEPS) 50089.80
2023-10-11 10:40:32,831 - tune.py [line:103] - INFO: Epoch 00660 | Time(s) 0.0799 | Val Loss 3.0565 | Val Acc 0.5798 | ETputs(KTEPS) 50308.48
2023-10-11 10:40:34,239 - tune.py [line:103] - INFO: Epoch 00680 | Time(s) 0.0796 | Val Loss 3.0009 | Val Acc 0.5760 | ETputs(KTEPS) 50485.76
2023-10-11 10:40:35,543 - tune.py [line:103] - INFO: Epoch 00700 | Time(s) 0.0792 | Val Loss 3.0434 | Val Acc 0.5721 | ETputs(KTEPS) 50748.41
2023-10-11 10:40:36,715 - tune.py [line:103] - INFO: Epoch 00720 | Time(s) 0.0786 | Val Loss 3.0532 | Val Acc 0.5673 | ETputs(KTEPS) 51118.27
2023-10-11 10:40:37,871 - tune.py [line:103] - INFO: Epoch 00740 | Time(s) 0.0781 | Val Loss 3.2601 | Val Acc 0.5731 | ETputs(KTEPS) 51487.58
2023-10-11 10:40:39,107 - tune.py [line:103] - INFO: Epoch 00760 | Time(s) 0.0776 | Val Loss 3.1979 | Val Acc 0.5654 | ETputs(KTEPS) 51771.75
2023-10-11 10:40:40,390 - tune.py [line:103] - INFO: Epoch 00780 | Time(s) 0.0773 | Val Loss 3.1248 | Val Acc 0.5663 | ETputs(KTEPS) 52003.78
2023-10-11 10:40:41,910 - tune.py [line:103] - INFO: Epoch 00800 | Time(s) 0.0773 | Val Loss 3.0838 | Val Acc 0.5702 | ETputs(KTEPS) 52025.26
2023-10-11 10:40:43,219 - tune.py [line:103] - INFO: Epoch 00820 | Time(s) 0.0770 | Val Loss 3.0952 | Val Acc 0.5635 | ETputs(KTEPS) 52220.76
2023-10-11 10:40:44,684 - tune.py [line:103] - INFO: Epoch 00840 | Time(s) 0.0769 | Val Loss 3.0764 | Val Acc 0.5663 | ETputs(KTEPS) 52281.12
2023-10-11 10:40:45,990 - tune.py [line:103] - INFO: Epoch 00860 | Time(s) 0.0766 | Val Loss 2.9918 | Val Acc 0.5644 | ETputs(KTEPS) 52464.99
2023-10-11 10:40:47,536 - tune.py [line:103] - INFO: Epoch 00880 | Time(s) 0.0766 | Val Loss 3.1518 | Val Acc 0.5712 | ETputs(KTEPS) 52454.53
2023-10-11 10:40:48,755 - tune.py [line:103] - INFO: Epoch 00900 | Time(s) 0.0763 | Val Loss 3.3079 | Val Acc 0.5779 | ETputs(KTEPS) 52696.71
2023-10-11 10:40:50,273 - tune.py [line:103] - INFO: Epoch 00920 | Time(s) 0.0763 | Val Loss 3.2771 | Val Acc 0.5798 | ETputs(KTEPS) 52707.15
2023-10-11 10:40:51,649 - tune.py [line:103] - INFO: Epoch 00940 | Time(s) 0.0761 | Val Loss 3.3818 | Val Acc 0.5865 | ETputs(KTEPS) 52817.69
2023-10-11 10:40:52,985 - tune.py [line:103] - INFO: Epoch 00960 | Time(s) 0.0759 | Val Loss 3.2980 | Val Acc 0.5894 | ETputs(KTEPS) 52952.41
2023-10-11 10:40:54,489 - tune.py [line:103] - INFO: Epoch 00980 | Time(s) 0.0759 | Val Loss 3.3937 | Val Acc 0.5788 | ETputs(KTEPS) 52962.91
2023-10-11 10:40:56,093 - tune.py [line:103] - INFO: Epoch 01000 | Time(s) 0.0760 | Val Loss 3.2897 | Val Acc 0.5721 | ETputs(KTEPS) 52903.45
2023-10-11 10:40:57,329 - tune.py [line:103] - INFO: Epoch 01020 | Time(s) 0.0757 | Val Loss 3.3870 | Val Acc 0.5712 | ETputs(KTEPS) 53097.85
2023-10-11 10:40:58,664 - tune.py [line:103] - INFO: Epoch 01040 | Time(s) 0.0755 | Val Loss 3.4596 | Val Acc 0.5615 | ETputs(KTEPS) 53219.29
2023-10-11 10:41:00,190 - tune.py [line:103] - INFO: Epoch 01060 | Time(s) 0.0755 | Val Loss 3.1352 | Val Acc 0.5750 | ETputs(KTEPS) 53209.23
2023-10-11 10:41:01,731 - tune.py [line:103] - INFO: Epoch 01080 | Time(s) 0.0756 | Val Loss 3.5288 | Val Acc 0.5740 | ETputs(KTEPS) 53190.34
2023-10-11 10:41:03,208 - tune.py [line:103] - INFO: Epoch 01100 | Time(s) 0.0755 | Val Loss 3.5868 | Val Acc 0.5644 | ETputs(KTEPS) 53212.55
2023-10-11 10:41:04,645 - tune.py [line:103] - INFO: Epoch 01120 | Time(s) 0.0755 | Val Loss 3.2449 | Val Acc 0.5779 | ETputs(KTEPS) 53259.14
2023-10-11 10:41:05,940 - tune.py [line:103] - INFO: Epoch 01140 | Time(s) 0.0753 | Val Loss 3.3820 | Val Acc 0.5740 | ETputs(KTEPS) 53392.43
2023-10-11 10:41:07,385 - tune.py [line:103] - INFO: Epoch 01160 | Time(s) 0.0752 | Val Loss 3.4228 | Val Acc 0.5683 | ETputs(KTEPS) 53430.12
2023-10-11 10:41:08,792 - tune.py [line:103] - INFO: Epoch 01180 | Time(s) 0.0751 | Val Loss 3.4151 | Val Acc 0.5702 | ETputs(KTEPS) 53489.08
2023-10-11 10:41:10,078 - tune.py [line:103] - INFO: Epoch 01200 | Time(s) 0.0750 | Val Loss 3.5732 | Val Acc 0.5779 | ETputs(KTEPS) 53618.71
2023-10-11 10:41:11,113 - tune.py [line:117] - INFO: [FINAL MODEL] Val accuracy 59.04% \Val loss: 3.2
2023-10-11 10:41:11,119 - tune.py [line:119] - INFO: [FINAL MODEL] Test accuracy 58.02% \Test loss: 3.5
2023-10-11 10:41:11,119 - tune.py [line:144] - INFO: Acc on the first split (Validation Set): 0.5904
2023-10-11 10:41:11,120 - tune.py [line:145] - INFO: Acc on the first split (Test Set): 0.5802
