2023-10-11 09:39:19,686 - tune.py [line:203] - INFO: Namespace(seed=42, model='GPRGNN', gpu=1, dataset='geom-squirrel', logging=True, log_detail=True, log_detailedCh=False, id_log=1011014504, optuna_n_trials=202, n_epochs=2000, self_loop=True, udgraph=True, early_stop=True, patience=300, n_hidden=64, n_cv=1, start_cv=0, n_layers=20, lr1=0.03, lr2=0.03, wd1=1e-07, wd2=1e-06, dropout=0.1, dropout2=0.7, alpha=0.4, es_ckpt='TestTuningScript-geom-squirrel_geom-squirrel_trialNo0')
2023-10-11 09:39:25,134 - tune.py [line:128] - INFO: Split_seeds:[1824]
2023-10-11 09:39:25,134 - tune.py [line:129] - INFO: Model_seeds:[409]
2023-10-11 09:39:28,149 - tune.py [line:103] - INFO: Epoch 00020 | Time(s) 0.1473 | Val Loss 1.5732 | Val Acc 0.3221 | ETputs(KTEPS) 27284.47
2023-10-11 09:39:29,949 - tune.py [line:103] - INFO: Epoch 00040 | Time(s) 0.1182 | Val Loss 1.6585 | Val Acc 0.3712 | ETputs(KTEPS) 34004.32
2023-10-11 09:39:31,725 - tune.py [line:103] - INFO: Epoch 00060 | Time(s) 0.1082 | Val Loss 1.9463 | Val Acc 0.3808 | ETputs(KTEPS) 37148.03
2023-10-11 09:39:33,457 - tune.py [line:103] - INFO: Epoch 00080 | Time(s) 0.1026 | Val Loss 2.1149 | Val Acc 0.3981 | ETputs(KTEPS) 39161.70
2023-10-11 09:39:35,380 - tune.py [line:103] - INFO: Epoch 00100 | Time(s) 0.1011 | Val Loss 2.1897 | Val Acc 0.4163 | ETputs(KTEPS) 39737.76
2023-10-11 09:39:37,338 - tune.py [line:103] - INFO: Epoch 00120 | Time(s) 0.1006 | Val Loss 2.2746 | Val Acc 0.4221 | ETputs(KTEPS) 39969.90
2023-10-11 09:39:39,153 - tune.py [line:103] - INFO: Epoch 00140 | Time(s) 0.0991 | Val Loss 2.2288 | Val Acc 0.4365 | ETputs(KTEPS) 40574.30
2023-10-11 09:39:41,125 - tune.py [line:103] - INFO: Epoch 00160 | Time(s) 0.0990 | Val Loss 2.2112 | Val Acc 0.4519 | ETputs(KTEPS) 40615.30
2023-10-11 09:39:43,085 - tune.py [line:103] - INFO: Epoch 00180 | Time(s) 0.0988 | Val Loss 2.1415 | Val Acc 0.4635 | ETputs(KTEPS) 40694.94
2023-10-11 09:39:45,043 - tune.py [line:103] - INFO: Epoch 00200 | Time(s) 0.0986 | Val Loss 2.2110 | Val Acc 0.4548 | ETputs(KTEPS) 40758.43
2023-10-11 09:39:46,614 - tune.py [line:103] - INFO: Epoch 00220 | Time(s) 0.0968 | Val Loss 2.1956 | Val Acc 0.4721 | ETputs(KTEPS) 41529.99
2023-10-11 09:39:48,404 - tune.py [line:103] - INFO: Epoch 00240 | Time(s) 0.0961 | Val Loss 2.1320 | Val Acc 0.4769 | ETputs(KTEPS) 41812.97
2023-10-11 09:39:50,146 - tune.py [line:103] - INFO: Epoch 00260 | Time(s) 0.0954 | Val Loss 2.1333 | Val Acc 0.4837 | ETputs(KTEPS) 42130.37
2023-10-11 09:39:52,037 - tune.py [line:103] - INFO: Epoch 00280 | Time(s) 0.0953 | Val Loss 2.1472 | Val Acc 0.4750 | ETputs(KTEPS) 42166.66
2023-10-11 09:39:53,879 - tune.py [line:103] - INFO: Epoch 00300 | Time(s) 0.0951 | Val Loss 2.1326 | Val Acc 0.4827 | ETputs(KTEPS) 42275.27
2023-10-11 09:39:55,617 - tune.py [line:103] - INFO: Epoch 00320 | Time(s) 0.0946 | Val Loss 2.1169 | Val Acc 0.4875 | ETputs(KTEPS) 42505.76
2023-10-11 09:39:57,395 - tune.py [line:103] - INFO: Epoch 00340 | Time(s) 0.0942 | Val Loss 2.1105 | Val Acc 0.4971 | ETputs(KTEPS) 42663.31
2023-10-11 09:39:59,071 - tune.py [line:103] - INFO: Epoch 00360 | Time(s) 0.0936 | Val Loss 2.1208 | Val Acc 0.5029 | ETputs(KTEPS) 42928.31
2023-10-11 09:40:00,762 - tune.py [line:103] - INFO: Epoch 00380 | Time(s) 0.0931 | Val Loss 2.1134 | Val Acc 0.5183 | ETputs(KTEPS) 43168.14
2023-10-11 09:40:02,516 - tune.py [line:103] - INFO: Epoch 00400 | Time(s) 0.0928 | Val Loss 2.1450 | Val Acc 0.5144 | ETputs(KTEPS) 43305.73
2023-10-11 09:40:04,265 - tune.py [line:103] - INFO: Epoch 00420 | Time(s) 0.0926 | Val Loss 2.2077 | Val Acc 0.5173 | ETputs(KTEPS) 43425.20
2023-10-11 09:40:05,977 - tune.py [line:103] - INFO: Epoch 00440 | Time(s) 0.0922 | Val Loss 2.1822 | Val Acc 0.5231 | ETputs(KTEPS) 43579.98
2023-10-11 09:40:07,722 - tune.py [line:103] - INFO: Epoch 00460 | Time(s) 0.0920 | Val Loss 2.1306 | Val Acc 0.5212 | ETputs(KTEPS) 43688.47
2023-10-11 09:40:09,392 - tune.py [line:103] - INFO: Epoch 00480 | Time(s) 0.0916 | Val Loss 2.1334 | Val Acc 0.5183 | ETputs(KTEPS) 43858.89
2023-10-11 09:40:11,311 - tune.py [line:103] - INFO: Epoch 00500 | Time(s) 0.0918 | Val Loss 2.1998 | Val Acc 0.5327 | ETputs(KTEPS) 43780.14
2023-10-11 09:40:13,104 - tune.py [line:103] - INFO: Epoch 00520 | Time(s) 0.0917 | Val Loss 2.1586 | Val Acc 0.5192 | ETputs(KTEPS) 43829.10
2023-10-11 09:40:14,991 - tune.py [line:103] - INFO: Epoch 00540 | Time(s) 0.0918 | Val Loss 2.2292 | Val Acc 0.5356 | ETputs(KTEPS) 43786.76
2023-10-11 09:40:16,782 - tune.py [line:103] - INFO: Epoch 00560 | Time(s) 0.0917 | Val Loss 2.1790 | Val Acc 0.5394 | ETputs(KTEPS) 43828.28
2023-10-11 09:40:18,622 - tune.py [line:103] - INFO: Epoch 00580 | Time(s) 0.0917 | Val Loss 2.2448 | Val Acc 0.5481 | ETputs(KTEPS) 43830.81
2023-10-11 09:40:20,338 - tune.py [line:103] - INFO: Epoch 00600 | Time(s) 0.0915 | Val Loss 2.1834 | Val Acc 0.5433 | ETputs(KTEPS) 43925.99
2023-10-11 09:40:22,275 - tune.py [line:103] - INFO: Epoch 00620 | Time(s) 0.0917 | Val Loss 2.2154 | Val Acc 0.5375 | ETputs(KTEPS) 43843.65
2023-10-11 09:40:24,222 - tune.py [line:103] - INFO: Epoch 00640 | Time(s) 0.0918 | Val Loss 2.2470 | Val Acc 0.5423 | ETputs(KTEPS) 43759.94
2023-10-11 09:40:26,010 - tune.py [line:103] - INFO: Epoch 00660 | Time(s) 0.0918 | Val Loss 2.2490 | Val Acc 0.5471 | ETputs(KTEPS) 43797.50
2023-10-11 09:40:27,764 - tune.py [line:103] - INFO: Epoch 00680 | Time(s) 0.0916 | Val Loss 2.3060 | Val Acc 0.5529 | ETputs(KTEPS) 43858.74
2023-10-11 09:40:29,486 - tune.py [line:103] - INFO: Epoch 00700 | Time(s) 0.0915 | Val Loss 2.2096 | Val Acc 0.5510 | ETputs(KTEPS) 43942.94
2023-10-11 09:40:31,253 - tune.py [line:103] - INFO: Epoch 00720 | Time(s) 0.0914 | Val Loss 2.3208 | Val Acc 0.5490 | ETputs(KTEPS) 43984.37
2023-10-11 09:40:33,118 - tune.py [line:103] - INFO: Epoch 00740 | Time(s) 0.0914 | Val Loss 2.1621 | Val Acc 0.5490 | ETputs(KTEPS) 43960.55
2023-10-11 09:40:34,977 - tune.py [line:103] - INFO: Epoch 00760 | Time(s) 0.0915 | Val Loss 2.2613 | Val Acc 0.5519 | ETputs(KTEPS) 43942.54
2023-10-11 09:40:36,564 - tune.py [line:103] - INFO: Epoch 00780 | Time(s) 0.0911 | Val Loss 2.2427 | Val Acc 0.5529 | ETputs(KTEPS) 44093.51
2023-10-11 09:40:38,399 - tune.py [line:103] - INFO: Epoch 00800 | Time(s) 0.0911 | Val Loss 2.2885 | Val Acc 0.5644 | ETputs(KTEPS) 44093.65
2023-10-11 09:40:40,270 - tune.py [line:103] - INFO: Epoch 00820 | Time(s) 0.0912 | Val Loss 2.2180 | Val Acc 0.5587 | ETputs(KTEPS) 44067.44
2023-10-11 09:40:42,246 - tune.py [line:103] - INFO: Epoch 00840 | Time(s) 0.0914 | Val Loss 2.2587 | Val Acc 0.5750 | ETputs(KTEPS) 43984.28
2023-10-11 09:40:43,666 - tune.py [line:103] - INFO: Epoch 00860 | Time(s) 0.0909 | Val Loss 2.2480 | Val Acc 0.5596 | ETputs(KTEPS) 44216.33
2023-10-11 09:40:45,429 - tune.py [line:103] - INFO: Epoch 00880 | Time(s) 0.0908 | Val Loss 2.4170 | Val Acc 0.5615 | ETputs(KTEPS) 44247.42
2023-10-11 09:40:47,393 - tune.py [line:103] - INFO: Epoch 00900 | Time(s) 0.0910 | Val Loss 2.2336 | Val Acc 0.5567 | ETputs(KTEPS) 44168.11
2023-10-11 09:40:49,156 - tune.py [line:103] - INFO: Epoch 00920 | Time(s) 0.0909 | Val Loss 2.2691 | Val Acc 0.5558 | ETputs(KTEPS) 44198.87
2023-10-11 09:40:50,804 - tune.py [line:103] - INFO: Epoch 00940 | Time(s) 0.0907 | Val Loss 2.2723 | Val Acc 0.5596 | ETputs(KTEPS) 44287.98
2023-10-11 09:40:52,626 - tune.py [line:103] - INFO: Epoch 00960 | Time(s) 0.0908 | Val Loss 2.2896 | Val Acc 0.5529 | ETputs(KTEPS) 44284.81
2023-10-11 09:40:54,415 - tune.py [line:103] - INFO: Epoch 00980 | Time(s) 0.0907 | Val Loss 2.3314 | Val Acc 0.5577 | ETputs(KTEPS) 44298.11
2023-10-11 09:40:55,924 - tune.py [line:103] - INFO: Epoch 01000 | Time(s) 0.0904 | Val Loss 2.2998 | Val Acc 0.5510 | ETputs(KTEPS) 44448.75
2023-10-11 09:40:57,615 - tune.py [line:103] - INFO: Epoch 01020 | Time(s) 0.0903 | Val Loss 2.2313 | Val Acc 0.5519 | ETputs(KTEPS) 44505.65
2023-10-11 09:40:59,354 - tune.py [line:103] - INFO: Epoch 01040 | Time(s) 0.0902 | Val Loss 2.2810 | Val Acc 0.5606 | ETputs(KTEPS) 44537.77
2023-10-11 09:41:01,081 - tune.py [line:103] - INFO: Epoch 01060 | Time(s) 0.0902 | Val Loss 2.3347 | Val Acc 0.5567 | ETputs(KTEPS) 44574.52
2023-10-11 09:41:02,858 - tune.py [line:103] - INFO: Epoch 01080 | Time(s) 0.0901 | Val Loss 2.3754 | Val Acc 0.5654 | ETputs(KTEPS) 44587.03
2023-10-11 09:41:04,559 - tune.py [line:103] - INFO: Epoch 01100 | Time(s) 0.0900 | Val Loss 2.3311 | Val Acc 0.5615 | ETputs(KTEPS) 44633.50
2023-10-11 09:41:06,052 - tune.py [line:103] - INFO: Epoch 01120 | Time(s) 0.0898 | Val Loss 2.4258 | Val Acc 0.5538 | ETputs(KTEPS) 44770.69
2023-10-11 09:41:07,776 - tune.py [line:103] - INFO: Epoch 01140 | Time(s) 0.0897 | Val Loss 2.3955 | Val Acc 0.5548 | ETputs(KTEPS) 44802.32
2023-10-11 09:41:07,787 - tune.py [line:117] - INFO: [FINAL MODEL] Val accuracy 57.50% \Val loss: 2.3
2023-10-11 09:41:07,793 - tune.py [line:119] - INFO: [FINAL MODEL] Test accuracy 56.68% \Test loss: 2.3
2023-10-11 09:41:07,794 - tune.py [line:144] - INFO: Acc on the first split (Validation Set): 0.5750
2023-10-11 09:41:07,794 - tune.py [line:145] - INFO: Acc on the first split (Test Set): 0.5668
