2023-10-11 10:32:59,055 - tune.py [line:203] - INFO: Namespace(seed=42, model='GPRGNN', gpu=1, dataset='geom-squirrel', logging=True, log_detail=True, log_detailedCh=False, id_log=1011014504, optuna_n_trials=202, n_epochs=2000, self_loop=True, udgraph=True, early_stop=True, patience=300, n_hidden=64, n_cv=1, start_cv=0, n_layers=12, lr1=0.05, lr2=0.05, wd1=1e-07, wd2=0.001, dropout=0.0, dropout2=0.8, alpha=0.30000000000000004, es_ckpt='TestTuningScript-geom-squirrel_geom-squirrel_trialNo113')
2023-10-11 10:33:01,761 - tune.py [line:128] - INFO: Split_seeds:[1824]
2023-10-11 10:33:01,761 - tune.py [line:129] - INFO: Model_seeds:[409]
2023-10-11 10:33:03,027 - tune.py [line:103] - INFO: Epoch 00020 | Time(s) 0.0606 | Val Loss 1.5150 | Val Acc 0.3683 | ETputs(KTEPS) 66340.33
2023-10-11 10:33:04,212 - tune.py [line:103] - INFO: Epoch 00040 | Time(s) 0.0595 | Val Loss 1.6363 | Val Acc 0.3846 | ETputs(KTEPS) 67585.09
2023-10-11 10:33:05,360 - tune.py [line:103] - INFO: Epoch 00060 | Time(s) 0.0586 | Val Loss 2.0890 | Val Acc 0.4010 | ETputs(KTEPS) 68626.97
2023-10-11 10:33:06,580 - tune.py [line:103] - INFO: Epoch 00080 | Time(s) 0.0591 | Val Loss 2.4236 | Val Acc 0.4115 | ETputs(KTEPS) 67985.43
2023-10-11 10:33:07,673 - tune.py [line:103] - INFO: Epoch 00100 | Time(s) 0.0582 | Val Loss 2.4323 | Val Acc 0.4240 | ETputs(KTEPS) 69087.33
2023-10-11 10:33:08,122 - tune.py [line:103] - INFO: Epoch 00120 | Time(s) 0.0522 | Val Loss 2.6345 | Val Acc 0.4298 | ETputs(KTEPS) 76995.38
2023-10-11 10:33:08,835 - tune.py [line:103] - INFO: Epoch 00140 | Time(s) 0.0498 | Val Loss 2.7132 | Val Acc 0.4510 | ETputs(KTEPS) 80766.46
2023-10-11 10:33:10,231 - tune.py [line:103] - INFO: Epoch 00160 | Time(s) 0.0522 | Val Loss 2.7354 | Val Acc 0.4712 | ETputs(KTEPS) 76985.71
2023-10-11 10:33:11,587 - tune.py [line:103] - INFO: Epoch 00180 | Time(s) 0.0538 | Val Loss 2.6738 | Val Acc 0.4817 | ETputs(KTEPS) 74657.12
2023-10-11 10:33:13,006 - tune.py [line:103] - INFO: Epoch 00200 | Time(s) 0.0555 | Val Loss 2.7286 | Val Acc 0.4856 | ETputs(KTEPS) 72384.72
2023-10-11 10:33:14,315 - tune.py [line:103] - INFO: Epoch 00220 | Time(s) 0.0564 | Val Loss 2.6015 | Val Acc 0.4904 | ETputs(KTEPS) 71228.86
2023-10-11 10:33:15,640 - tune.py [line:103] - INFO: Epoch 00240 | Time(s) 0.0572 | Val Loss 2.7321 | Val Acc 0.4913 | ETputs(KTEPS) 70221.98
2023-10-11 10:33:17,059 - tune.py [line:103] - INFO: Epoch 00260 | Time(s) 0.0583 | Val Loss 2.8002 | Val Acc 0.4962 | ETputs(KTEPS) 68955.83
2023-10-11 10:33:18,461 - tune.py [line:103] - INFO: Epoch 00280 | Time(s) 0.0591 | Val Loss 2.7886 | Val Acc 0.5115 | ETputs(KTEPS) 67993.87
2023-10-11 10:33:19,857 - tune.py [line:103] - INFO: Epoch 00300 | Time(s) 0.0598 | Val Loss 2.7289 | Val Acc 0.5192 | ETputs(KTEPS) 67196.75
2023-10-11 10:33:21,221 - tune.py [line:103] - INFO: Epoch 00320 | Time(s) 0.0603 | Val Loss 2.6793 | Val Acc 0.5240 | ETputs(KTEPS) 66641.73
2023-10-11 10:33:22,518 - tune.py [line:103] - INFO: Epoch 00340 | Time(s) 0.0606 | Val Loss 2.8061 | Val Acc 0.5260 | ETputs(KTEPS) 66368.98
2023-10-11 10:33:23,818 - tune.py [line:103] - INFO: Epoch 00360 | Time(s) 0.0608 | Val Loss 2.7590 | Val Acc 0.5298 | ETputs(KTEPS) 66101.94
2023-10-11 10:33:25,233 - tune.py [line:103] - INFO: Epoch 00380 | Time(s) 0.0613 | Val Loss 2.6649 | Val Acc 0.5385 | ETputs(KTEPS) 65566.62
2023-10-11 10:33:26,459 - tune.py [line:103] - INFO: Epoch 00400 | Time(s) 0.0613 | Val Loss 2.8002 | Val Acc 0.5346 | ETputs(KTEPS) 65574.54
2023-10-11 10:33:27,860 - tune.py [line:103] - INFO: Epoch 00420 | Time(s) 0.0617 | Val Loss 2.8183 | Val Acc 0.5394 | ETputs(KTEPS) 65137.68
2023-10-11 10:33:29,224 - tune.py [line:103] - INFO: Epoch 00440 | Time(s) 0.0620 | Val Loss 2.8310 | Val Acc 0.5356 | ETputs(KTEPS) 64828.46
2023-10-11 10:33:30,543 - tune.py [line:103] - INFO: Epoch 00460 | Time(s) 0.0622 | Val Loss 2.7786 | Val Acc 0.5385 | ETputs(KTEPS) 64650.55
2023-10-11 10:33:31,546 - tune.py [line:103] - INFO: Epoch 00480 | Time(s) 0.0617 | Val Loss 3.0555 | Val Acc 0.5375 | ETputs(KTEPS) 65176.95
2023-10-11 10:33:32,008 - tune.py [line:103] - INFO: Epoch 00500 | Time(s) 0.0601 | Val Loss 2.9362 | Val Acc 0.5375 | ETputs(KTEPS) 66851.68
2023-10-11 10:33:33,084 - tune.py [line:103] - INFO: Epoch 00520 | Time(s) 0.0599 | Val Loss 2.9747 | Val Acc 0.5471 | ETputs(KTEPS) 67123.94
2023-10-11 10:33:33,925 - tune.py [line:103] - INFO: Epoch 00540 | Time(s) 0.0592 | Val Loss 2.9345 | Val Acc 0.5423 | ETputs(KTEPS) 67874.32
2023-10-11 10:33:34,938 - tune.py [line:103] - INFO: Epoch 00560 | Time(s) 0.0589 | Val Loss 3.0837 | Val Acc 0.5356 | ETputs(KTEPS) 68227.39
2023-10-11 10:33:35,983 - tune.py [line:103] - INFO: Epoch 00580 | Time(s) 0.0587 | Val Loss 2.9968 | Val Acc 0.5500 | ETputs(KTEPS) 68500.49
2023-10-11 10:33:36,902 - tune.py [line:103] - INFO: Epoch 00600 | Time(s) 0.0582 | Val Loss 2.9511 | Val Acc 0.5394 | ETputs(KTEPS) 69001.78
2023-10-11 10:33:37,942 - tune.py [line:103] - INFO: Epoch 00620 | Time(s) 0.0580 | Val Loss 3.1473 | Val Acc 0.5452 | ETputs(KTEPS) 69241.73
2023-10-11 10:33:39,042 - tune.py [line:103] - INFO: Epoch 00640 | Time(s) 0.0579 | Val Loss 3.1448 | Val Acc 0.5500 | ETputs(KTEPS) 69360.06
2023-10-11 10:33:40,096 - tune.py [line:103] - INFO: Epoch 00660 | Time(s) 0.0578 | Val Loss 3.0230 | Val Acc 0.5500 | ETputs(KTEPS) 69554.17
2023-10-11 10:33:41,089 - tune.py [line:103] - INFO: Epoch 00680 | Time(s) 0.0575 | Val Loss 2.9555 | Val Acc 0.5490 | ETputs(KTEPS) 69845.13
2023-10-11 10:33:42,189 - tune.py [line:103] - INFO: Epoch 00700 | Time(s) 0.0575 | Val Loss 3.1174 | Val Acc 0.5558 | ETputs(KTEPS) 69939.71
2023-10-11 10:33:43,280 - tune.py [line:103] - INFO: Epoch 00720 | Time(s) 0.0574 | Val Loss 3.1217 | Val Acc 0.5471 | ETputs(KTEPS) 70038.60
2023-10-11 10:33:44,397 - tune.py [line:103] - INFO: Epoch 00740 | Time(s) 0.0573 | Val Loss 3.0792 | Val Acc 0.5423 | ETputs(KTEPS) 70090.36
2023-10-11 10:33:45,271 - tune.py [line:103] - INFO: Epoch 00760 | Time(s) 0.0570 | Val Loss 3.0109 | Val Acc 0.5510 | ETputs(KTEPS) 70533.85
2023-10-11 10:33:46,331 - tune.py [line:103] - INFO: Epoch 00780 | Time(s) 0.0569 | Val Loss 3.4748 | Val Acc 0.5558 | ETputs(KTEPS) 70661.51
2023-10-11 10:33:47,410 - tune.py [line:103] - INFO: Epoch 00800 | Time(s) 0.0568 | Val Loss 3.0988 | Val Acc 0.5702 | ETputs(KTEPS) 70759.74
2023-10-11 10:33:48,387 - tune.py [line:103] - INFO: Epoch 00820 | Time(s) 0.0566 | Val Loss 3.0543 | Val Acc 0.5490 | ETputs(KTEPS) 71007.10
2023-10-11 10:33:49,475 - tune.py [line:103] - INFO: Epoch 00840 | Time(s) 0.0565 | Val Loss 2.9581 | Val Acc 0.5635 | ETputs(KTEPS) 71074.29
2023-10-11 10:33:50,611 - tune.py [line:103] - INFO: Epoch 00860 | Time(s) 0.0566 | Val Loss 2.8874 | Val Acc 0.5625 | ETputs(KTEPS) 71067.67
2023-10-11 10:33:51,704 - tune.py [line:103] - INFO: Epoch 00880 | Time(s) 0.0565 | Val Loss 3.2009 | Val Acc 0.5577 | ETputs(KTEPS) 71122.36
2023-10-11 10:33:52,816 - tune.py [line:103] - INFO: Epoch 00900 | Time(s) 0.0565 | Val Loss 3.3682 | Val Acc 0.5654 | ETputs(KTEPS) 71148.85
2023-10-11 10:33:53,887 - tune.py [line:103] - INFO: Epoch 00920 | Time(s) 0.0564 | Val Loss 3.2482 | Val Acc 0.5692 | ETputs(KTEPS) 71238.96
2023-10-11 10:33:55,008 - tune.py [line:103] - INFO: Epoch 00940 | Time(s) 0.0564 | Val Loss 3.2981 | Val Acc 0.5663 | ETputs(KTEPS) 71250.25
2023-10-11 10:33:56,106 - tune.py [line:103] - INFO: Epoch 00960 | Time(s) 0.0564 | Val Loss 3.0454 | Val Acc 0.5712 | ETputs(KTEPS) 71290.32
2023-10-11 10:33:57,204 - tune.py [line:103] - INFO: Epoch 00980 | Time(s) 0.0563 | Val Loss 3.7743 | Val Acc 0.5548 | ETputs(KTEPS) 71329.72
2023-10-11 10:33:58,201 - tune.py [line:103] - INFO: Epoch 01000 | Time(s) 0.0562 | Val Loss 3.2566 | Val Acc 0.5644 | ETputs(KTEPS) 71495.19
2023-10-11 10:33:59,407 - tune.py [line:103] - INFO: Epoch 01020 | Time(s) 0.0563 | Val Loss 2.9573 | Val Acc 0.5596 | ETputs(KTEPS) 71394.05
2023-10-11 10:34:00,511 - tune.py [line:103] - INFO: Epoch 01040 | Time(s) 0.0563 | Val Loss 3.3984 | Val Acc 0.5625 | ETputs(KTEPS) 71421.50
2023-10-11 10:34:01,610 - tune.py [line:103] - INFO: Epoch 01060 | Time(s) 0.0562 | Val Loss 3.2746 | Val Acc 0.5702 | ETputs(KTEPS) 71455.18
2023-10-11 10:34:02,520 - tune.py [line:103] - INFO: Epoch 01080 | Time(s) 0.0560 | Val Loss 3.5134 | Val Acc 0.5702 | ETputs(KTEPS) 71709.59
2023-10-11 10:34:03,554 - tune.py [line:103] - INFO: Epoch 01100 | Time(s) 0.0560 | Val Loss 3.2968 | Val Acc 0.5721 | ETputs(KTEPS) 71811.74
2023-10-11 10:34:04,607 - tune.py [line:103] - INFO: Epoch 01120 | Time(s) 0.0559 | Val Loss 3.5119 | Val Acc 0.5712 | ETputs(KTEPS) 71888.01
2023-10-11 10:34:05,664 - tune.py [line:103] - INFO: Epoch 01140 | Time(s) 0.0559 | Val Loss 3.4150 | Val Acc 0.5702 | ETputs(KTEPS) 71958.26
2023-10-11 10:34:06,759 - tune.py [line:103] - INFO: Epoch 01160 | Time(s) 0.0558 | Val Loss 3.4875 | Val Acc 0.5654 | ETputs(KTEPS) 71983.45
2023-10-11 10:34:07,855 - tune.py [line:103] - INFO: Epoch 01180 | Time(s) 0.0558 | Val Loss 4.0547 | Val Acc 0.5750 | ETputs(KTEPS) 72006.43
2023-10-11 10:34:08,964 - tune.py [line:103] - INFO: Epoch 01200 | Time(s) 0.0558 | Val Loss 3.5430 | Val Acc 0.5769 | ETputs(KTEPS) 72018.29
2023-10-11 10:34:09,906 - tune.py [line:103] - INFO: Epoch 01220 | Time(s) 0.0557 | Val Loss 3.8219 | Val Acc 0.5760 | ETputs(KTEPS) 72204.14
2023-10-11 10:34:10,937 - tune.py [line:103] - INFO: Epoch 01240 | Time(s) 0.0556 | Val Loss 3.6825 | Val Acc 0.5779 | ETputs(KTEPS) 72294.26
2023-10-11 10:34:11,985 - tune.py [line:103] - INFO: Epoch 01260 | Time(s) 0.0555 | Val Loss 3.4797 | Val Acc 0.5769 | ETputs(KTEPS) 72361.15
2023-10-11 10:34:13,054 - tune.py [line:103] - INFO: Epoch 01280 | Time(s) 0.0555 | Val Loss 3.2056 | Val Acc 0.5760 | ETputs(KTEPS) 72404.55
2023-10-11 10:34:14,140 - tune.py [line:103] - INFO: Epoch 01300 | Time(s) 0.0555 | Val Loss 3.4591 | Val Acc 0.5779 | ETputs(KTEPS) 72432.73
2023-10-11 10:34:15,113 - tune.py [line:103] - INFO: Epoch 01320 | Time(s) 0.0554 | Val Loss 3.7112 | Val Acc 0.5692 | ETputs(KTEPS) 72569.08
2023-10-11 10:34:16,032 - tune.py [line:103] - INFO: Epoch 01340 | Time(s) 0.0552 | Val Loss 3.2475 | Val Acc 0.5760 | ETputs(KTEPS) 72754.10
2023-10-11 10:34:17,078 - tune.py [line:103] - INFO: Epoch 01360 | Time(s) 0.0552 | Val Loss 3.5678 | Val Acc 0.5788 | ETputs(KTEPS) 72812.27
2023-10-11 10:34:18,226 - tune.py [line:103] - INFO: Epoch 01380 | Time(s) 0.0552 | Val Loss 3.7197 | Val Acc 0.5846 | ETputs(KTEPS) 72770.15
2023-10-11 10:34:19,217 - tune.py [line:103] - INFO: Epoch 01400 | Time(s) 0.0551 | Val Loss 3.4859 | Val Acc 0.5779 | ETputs(KTEPS) 72880.85
2023-10-11 10:34:20,302 - tune.py [line:103] - INFO: Epoch 01420 | Time(s) 0.0551 | Val Loss 3.5913 | Val Acc 0.5808 | ETputs(KTEPS) 72898.09
2023-10-11 10:34:21,398 - tune.py [line:103] - INFO: Epoch 01440 | Time(s) 0.0551 | Val Loss 3.6179 | Val Acc 0.5750 | ETputs(KTEPS) 72905.03
2023-10-11 10:34:22,509 - tune.py [line:103] - INFO: Epoch 01460 | Time(s) 0.0551 | Val Loss 3.2589 | Val Acc 0.5740 | ETputs(KTEPS) 72897.95
2023-10-11 10:34:23,624 - tune.py [line:103] - INFO: Epoch 01480 | Time(s) 0.0551 | Val Loss 3.6378 | Val Acc 0.5846 | ETputs(KTEPS) 72889.99
2023-10-11 10:34:24,737 - tune.py [line:103] - INFO: Epoch 01500 | Time(s) 0.0551 | Val Loss 3.5813 | Val Acc 0.5808 | ETputs(KTEPS) 72881.64
2023-10-11 10:34:25,707 - tune.py [line:103] - INFO: Epoch 01520 | Time(s) 0.0551 | Val Loss 3.9169 | Val Acc 0.5740 | ETputs(KTEPS) 72998.16
2023-10-11 10:34:26,610 - tune.py [line:103] - INFO: Epoch 01540 | Time(s) 0.0549 | Val Loss 3.8760 | Val Acc 0.5712 | ETputs(KTEPS) 73169.75
2023-10-11 10:34:27,708 - tune.py [line:103] - INFO: Epoch 01560 | Time(s) 0.0549 | Val Loss 3.4996 | Val Acc 0.5712 | ETputs(KTEPS) 73171.07
2023-10-11 10:34:28,799 - tune.py [line:103] - INFO: Epoch 01580 | Time(s) 0.0549 | Val Loss 3.9611 | Val Acc 0.5731 | ETputs(KTEPS) 73178.09
2023-10-11 10:34:29,836 - tune.py [line:103] - INFO: Epoch 01600 | Time(s) 0.0549 | Val Loss 3.3504 | Val Acc 0.5788 | ETputs(KTEPS) 73229.77
2023-10-11 10:34:30,926 - tune.py [line:103] - INFO: Epoch 01620 | Time(s) 0.0549 | Val Loss 3.7171 | Val Acc 0.5817 | ETputs(KTEPS) 73236.81
2023-10-11 10:34:31,995 - tune.py [line:103] - INFO: Epoch 01640 | Time(s) 0.0549 | Val Loss 4.1703 | Val Acc 0.5702 | ETputs(KTEPS) 73260.60
2023-10-11 10:34:32,848 - tune.py [line:103] - INFO: Epoch 01660 | Time(s) 0.0547 | Val Loss 4.2921 | Val Acc 0.5798 | ETputs(KTEPS) 73458.83
2023-10-11 10:34:33,851 - tune.py [line:103] - INFO: Epoch 01680 | Time(s) 0.0547 | Val Loss 4.0177 | Val Acc 0.5779 | ETputs(KTEPS) 73531.90
2023-10-11 10:34:34,949 - tune.py [line:103] - INFO: Epoch 01700 | Time(s) 0.0547 | Val Loss 3.5608 | Val Acc 0.5712 | ETputs(KTEPS) 73529.31
2023-10-11 10:34:36,045 - tune.py [line:103] - INFO: Epoch 01720 | Time(s) 0.0547 | Val Loss 4.1436 | Val Acc 0.5721 | ETputs(KTEPS) 73527.27
2023-10-11 10:34:36,950 - tune.py [line:103] - INFO: Epoch 01740 | Time(s) 0.0546 | Val Loss 4.1612 | Val Acc 0.5779 | ETputs(KTEPS) 73673.84
2023-10-11 10:34:37,928 - tune.py [line:103] - INFO: Epoch 01760 | Time(s) 0.0545 | Val Loss 3.7472 | Val Acc 0.5827 | ETputs(KTEPS) 73760.96
2023-10-11 10:34:38,508 - tune.py [line:117] - INFO: [FINAL MODEL] Val accuracy 58.85% \Val loss: 3.5
2023-10-11 10:34:38,511 - tune.py [line:119] - INFO: [FINAL MODEL] Test accuracy 58.41% \Test loss: 3.6
2023-10-11 10:34:38,512 - tune.py [line:144] - INFO: Acc on the first split (Validation Set): 0.5885
2023-10-11 10:34:38,512 - tune.py [line:145] - INFO: Acc on the first split (Test Set): 0.5841
