2023-10-11 10:41:11,535 - tune.py [line:203] - INFO: Namespace(seed=42, model='GPRGNN', gpu=1, dataset='geom-squirrel', logging=True, log_detail=True, log_detailedCh=False, id_log=1011014504, optuna_n_trials=202, n_epochs=2000, self_loop=True, udgraph=True, early_stop=True, patience=300, n_hidden=64, n_cv=1, start_cv=0, n_layers=20, lr1=0.05, lr2=0.04, wd1=1e-07, wd2=1e-05, dropout=0.0, dropout2=0.8, alpha=0.30000000000000004, es_ckpt='TestTuningScript-geom-squirrel_geom-squirrel_trialNo163')
2023-10-11 10:41:14,146 - tune.py [line:128] - INFO: Split_seeds:[1824]
2023-10-11 10:41:14,147 - tune.py [line:129] - INFO: Model_seeds:[409]
2023-10-11 10:41:15,525 - tune.py [line:103] - INFO: Epoch 00020 | Time(s) 0.0676 | Val Loss 1.5167 | Val Acc 0.3529 | ETputs(KTEPS) 59426.05
2023-10-11 10:41:17,013 - tune.py [line:103] - INFO: Epoch 00040 | Time(s) 0.0708 | Val Loss 1.6698 | Val Acc 0.3933 | ETputs(KTEPS) 56766.72
2023-10-11 10:41:18,443 - tune.py [line:103] - INFO: Epoch 00060 | Time(s) 0.0709 | Val Loss 2.0650 | Val Acc 0.4135 | ETputs(KTEPS) 56718.67
2023-10-11 10:41:19,769 - tune.py [line:103] - INFO: Epoch 00080 | Time(s) 0.0696 | Val Loss 2.4722 | Val Acc 0.4250 | ETputs(KTEPS) 57745.54
2023-10-11 10:41:21,307 - tune.py [line:103] - INFO: Epoch 00100 | Time(s) 0.0710 | Val Loss 2.5437 | Val Acc 0.4317 | ETputs(KTEPS) 56643.41
2023-10-11 10:41:22,550 - tune.py [line:103] - INFO: Epoch 00120 | Time(s) 0.0694 | Val Loss 2.6620 | Val Acc 0.4423 | ETputs(KTEPS) 57914.55
2023-10-11 10:41:23,914 - tune.py [line:103] - INFO: Epoch 00140 | Time(s) 0.0691 | Val Loss 2.8149 | Val Acc 0.4587 | ETputs(KTEPS) 58165.73
2023-10-11 10:41:25,418 - tune.py [line:103] - INFO: Epoch 00160 | Time(s) 0.0698 | Val Loss 2.7714 | Val Acc 0.4712 | ETputs(KTEPS) 57605.76
2023-10-11 10:41:26,821 - tune.py [line:103] - INFO: Epoch 00180 | Time(s) 0.0698 | Val Loss 2.7777 | Val Acc 0.4721 | ETputs(KTEPS) 57593.21
2023-10-11 10:41:28,277 - tune.py [line:103] - INFO: Epoch 00200 | Time(s) 0.0701 | Val Loss 2.7709 | Val Acc 0.4788 | ETputs(KTEPS) 57358.56
2023-10-11 10:41:29,591 - tune.py [line:103] - INFO: Epoch 00220 | Time(s) 0.0696 | Val Loss 2.7220 | Val Acc 0.4942 | ETputs(KTEPS) 57729.49
2023-10-11 10:41:31,102 - tune.py [line:103] - INFO: Epoch 00240 | Time(s) 0.0701 | Val Loss 2.6131 | Val Acc 0.5077 | ETputs(KTEPS) 57345.19
2023-10-11 10:41:32,369 - tune.py [line:103] - INFO: Epoch 00260 | Time(s) 0.0695 | Val Loss 2.7057 | Val Acc 0.5067 | ETputs(KTEPS) 57801.52
2023-10-11 10:41:33,740 - tune.py [line:103] - INFO: Epoch 00280 | Time(s) 0.0694 | Val Loss 2.7024 | Val Acc 0.5154 | ETputs(KTEPS) 57880.07
2023-10-11 10:41:35,280 - tune.py [line:103] - INFO: Epoch 00300 | Time(s) 0.0699 | Val Loss 2.7859 | Val Acc 0.5183 | ETputs(KTEPS) 57474.46
2023-10-11 10:41:36,887 - tune.py [line:103] - INFO: Epoch 00320 | Time(s) 0.0705 | Val Loss 2.8048 | Val Acc 0.5452 | ETputs(KTEPS) 56974.55
2023-10-11 10:41:38,409 - tune.py [line:103] - INFO: Epoch 00340 | Time(s) 0.0709 | Val Loss 2.8849 | Val Acc 0.5423 | ETputs(KTEPS) 56723.67
2023-10-11 10:41:39,688 - tune.py [line:103] - INFO: Epoch 00360 | Time(s) 0.0705 | Val Loss 2.8289 | Val Acc 0.5413 | ETputs(KTEPS) 57046.68
2023-10-11 10:41:40,905 - tune.py [line:103] - INFO: Epoch 00380 | Time(s) 0.0699 | Val Loss 2.7474 | Val Acc 0.5500 | ETputs(KTEPS) 57458.42
2023-10-11 10:41:42,074 - tune.py [line:103] - INFO: Epoch 00400 | Time(s) 0.0694 | Val Loss 2.8162 | Val Acc 0.5404 | ETputs(KTEPS) 57939.80
2023-10-11 10:41:43,664 - tune.py [line:103] - INFO: Epoch 00420 | Time(s) 0.0698 | Val Loss 2.8366 | Val Acc 0.5529 | ETputs(KTEPS) 57544.67
2023-10-11 10:41:44,947 - tune.py [line:103] - INFO: Epoch 00440 | Time(s) 0.0696 | Val Loss 2.9051 | Val Acc 0.5567 | ETputs(KTEPS) 57764.07
2023-10-11 10:41:46,320 - tune.py [line:103] - INFO: Epoch 00460 | Time(s) 0.0695 | Val Loss 2.8129 | Val Acc 0.5712 | ETputs(KTEPS) 57812.81
2023-10-11 10:41:47,689 - tune.py [line:103] - INFO: Epoch 00480 | Time(s) 0.0695 | Val Loss 2.7748 | Val Acc 0.5519 | ETputs(KTEPS) 57853.80
2023-10-11 10:41:48,822 - tune.py [line:103] - INFO: Epoch 00500 | Time(s) 0.0690 | Val Loss 2.6446 | Val Acc 0.5587 | ETputs(KTEPS) 58285.95
2023-10-11 10:41:49,806 - tune.py [line:103] - INFO: Epoch 00520 | Time(s) 0.0682 | Val Loss 2.8114 | Val Acc 0.5548 | ETputs(KTEPS) 58936.17
2023-10-11 10:41:51,009 - tune.py [line:103] - INFO: Epoch 00540 | Time(s) 0.0679 | Val Loss 2.8788 | Val Acc 0.5596 | ETputs(KTEPS) 59195.38
2023-10-11 10:41:52,324 - tune.py [line:103] - INFO: Epoch 00560 | Time(s) 0.0678 | Val Loss 2.9663 | Val Acc 0.5635 | ETputs(KTEPS) 59262.52
2023-10-11 10:41:53,534 - tune.py [line:103] - INFO: Epoch 00580 | Time(s) 0.0676 | Val Loss 2.8518 | Val Acc 0.5721 | ETputs(KTEPS) 59495.87
2023-10-11 10:41:54,902 - tune.py [line:103] - INFO: Epoch 00600 | Time(s) 0.0676 | Val Loss 2.7886 | Val Acc 0.5654 | ETputs(KTEPS) 59471.58
2023-10-11 10:41:56,373 - tune.py [line:103] - INFO: Epoch 00620 | Time(s) 0.0678 | Val Loss 3.0254 | Val Acc 0.5702 | ETputs(KTEPS) 59302.85
2023-10-11 10:41:57,692 - tune.py [line:103] - INFO: Epoch 00640 | Time(s) 0.0677 | Val Loss 3.0191 | Val Acc 0.5731 | ETputs(KTEPS) 59356.43
2023-10-11 10:41:58,904 - tune.py [line:103] - INFO: Epoch 00660 | Time(s) 0.0675 | Val Loss 2.9706 | Val Acc 0.5673 | ETputs(KTEPS) 59546.33
2023-10-11 10:42:00,236 - tune.py [line:103] - INFO: Epoch 00680 | Time(s) 0.0675 | Val Loss 2.8325 | Val Acc 0.5692 | ETputs(KTEPS) 59573.36
2023-10-11 10:42:01,717 - tune.py [line:103] - INFO: Epoch 00700 | Time(s) 0.0677 | Val Loss 2.8066 | Val Acc 0.5721 | ETputs(KTEPS) 59408.02
2023-10-11 10:42:03,039 - tune.py [line:103] - INFO: Epoch 00720 | Time(s) 0.0676 | Val Loss 3.0434 | Val Acc 0.5683 | ETputs(KTEPS) 59446.57
2023-10-11 10:42:04,500 - tune.py [line:103] - INFO: Epoch 00740 | Time(s) 0.0678 | Val Loss 3.0453 | Val Acc 0.5635 | ETputs(KTEPS) 59318.75
2023-10-11 10:42:05,847 - tune.py [line:103] - INFO: Epoch 00760 | Time(s) 0.0677 | Val Loss 2.8962 | Val Acc 0.5615 | ETputs(KTEPS) 59328.66
2023-10-11 10:42:07,261 - tune.py [line:103] - INFO: Epoch 00780 | Time(s) 0.0678 | Val Loss 3.1401 | Val Acc 0.5663 | ETputs(KTEPS) 59263.83
2023-10-11 10:42:08,671 - tune.py [line:103] - INFO: Epoch 00800 | Time(s) 0.0679 | Val Loss 3.0824 | Val Acc 0.5587 | ETputs(KTEPS) 59205.16
2023-10-11 10:42:10,021 - tune.py [line:103] - INFO: Epoch 00820 | Time(s) 0.0679 | Val Loss 3.0158 | Val Acc 0.5654 | ETputs(KTEPS) 59214.89
2023-10-11 10:42:11,530 - tune.py [line:103] - INFO: Epoch 00840 | Time(s) 0.0681 | Val Loss 2.9279 | Val Acc 0.5731 | ETputs(KTEPS) 59057.87
2023-10-11 10:42:13,064 - tune.py [line:103] - INFO: Epoch 00860 | Time(s) 0.0683 | Val Loss 3.0553 | Val Acc 0.5663 | ETputs(KTEPS) 58884.68
2023-10-11 10:42:14,290 - tune.py [line:103] - INFO: Epoch 00880 | Time(s) 0.0681 | Val Loss 3.2362 | Val Acc 0.5779 | ETputs(KTEPS) 59021.71
2023-10-11 10:42:15,621 - tune.py [line:103] - INFO: Epoch 00900 | Time(s) 0.0681 | Val Loss 3.3523 | Val Acc 0.5740 | ETputs(KTEPS) 59051.96
2023-10-11 10:42:17,085 - tune.py [line:103] - INFO: Epoch 00920 | Time(s) 0.0682 | Val Loss 3.2246 | Val Acc 0.5692 | ETputs(KTEPS) 58956.03
2023-10-11 10:42:18,368 - tune.py [line:103] - INFO: Epoch 00940 | Time(s) 0.0681 | Val Loss 3.2624 | Val Acc 0.5663 | ETputs(KTEPS) 59030.24
2023-10-11 10:42:19,793 - tune.py [line:103] - INFO: Epoch 00960 | Time(s) 0.0681 | Val Loss 3.1984 | Val Acc 0.5798 | ETputs(KTEPS) 58974.47
2023-10-11 10:42:21,175 - tune.py [line:103] - INFO: Epoch 00980 | Time(s) 0.0682 | Val Loss 3.2200 | Val Acc 0.5769 | ETputs(KTEPS) 58964.29
2023-10-11 10:42:22,668 - tune.py [line:103] - INFO: Epoch 01000 | Time(s) 0.0683 | Val Loss 3.3329 | Val Acc 0.5769 | ETputs(KTEPS) 58852.35
2023-10-11 10:42:23,613 - tune.py [line:103] - INFO: Epoch 01020 | Time(s) 0.0679 | Val Loss 3.1153 | Val Acc 0.5740 | ETputs(KTEPS) 59210.78
2023-10-11 10:42:24,858 - tune.py [line:103] - INFO: Epoch 01040 | Time(s) 0.0678 | Val Loss 3.1521 | Val Acc 0.5673 | ETputs(KTEPS) 59306.11
2023-10-11 10:42:26,636 - tune.py [line:103] - INFO: Epoch 01060 | Time(s) 0.0682 | Val Loss 3.4146 | Val Acc 0.5817 | ETputs(KTEPS) 58959.88
2023-10-11 10:42:28,186 - tune.py [line:103] - INFO: Epoch 01080 | Time(s) 0.0683 | Val Loss 3.5840 | Val Acc 0.5885 | ETputs(KTEPS) 58814.75
2023-10-11 10:42:29,913 - tune.py [line:103] - INFO: Epoch 01100 | Time(s) 0.0687 | Val Loss 3.3041 | Val Acc 0.5721 | ETputs(KTEPS) 58536.46
2023-10-11 10:42:31,750 - tune.py [line:103] - INFO: Epoch 01120 | Time(s) 0.0691 | Val Loss 3.4185 | Val Acc 0.5673 | ETputs(KTEPS) 58186.04
2023-10-11 10:42:33,392 - tune.py [line:103] - INFO: Epoch 01140 | Time(s) 0.0693 | Val Loss 3.1601 | Val Acc 0.5731 | ETputs(KTEPS) 57994.26
2023-10-11 10:42:35,174 - tune.py [line:103] - INFO: Epoch 01160 | Time(s) 0.0696 | Val Loss 3.5448 | Val Acc 0.5683 | ETputs(KTEPS) 57710.20
2023-10-11 10:42:36,707 - tune.py [line:103] - INFO: Epoch 01180 | Time(s) 0.0698 | Val Loss 3.5951 | Val Acc 0.5712 | ETputs(KTEPS) 57612.51
2023-10-11 10:42:38,356 - tune.py [line:103] - INFO: Epoch 01200 | Time(s) 0.0700 | Val Loss 3.5516 | Val Acc 0.5779 | ETputs(KTEPS) 57439.02
2023-10-11 10:42:40,098 - tune.py [line:103] - INFO: Epoch 01220 | Time(s) 0.0703 | Val Loss 3.5196 | Val Acc 0.5769 | ETputs(KTEPS) 57210.13
2023-10-11 10:42:40,677 - tune.py [line:103] - INFO: Epoch 01240 | Time(s) 0.0696 | Val Loss 3.4140 | Val Acc 0.5798 | ETputs(KTEPS) 57758.22
2023-10-11 10:42:42,577 - tune.py [line:103] - INFO: Epoch 01260 | Time(s) 0.0700 | Val Loss 3.5936 | Val Acc 0.5769 | ETputs(KTEPS) 57425.15
2023-10-11 10:42:44,689 - tune.py [line:103] - INFO: Epoch 01280 | Time(s) 0.0705 | Val Loss 3.6816 | Val Acc 0.5856 | ETputs(KTEPS) 56972.91
2023-10-11 10:42:46,437 - tune.py [line:103] - INFO: Epoch 01300 | Time(s) 0.0708 | Val Loss 3.4309 | Val Acc 0.5885 | ETputs(KTEPS) 56769.85
2023-10-11 10:42:48,128 - tune.py [line:103] - INFO: Epoch 01320 | Time(s) 0.0710 | Val Loss 3.4492 | Val Acc 0.5913 | ETputs(KTEPS) 56603.17
2023-10-11 10:42:50,132 - tune.py [line:103] - INFO: Epoch 01340 | Time(s) 0.0714 | Val Loss 3.6031 | Val Acc 0.5827 | ETputs(KTEPS) 56258.78
2023-10-11 10:42:52,191 - tune.py [line:103] - INFO: Epoch 01360 | Time(s) 0.0719 | Val Loss 3.4261 | Val Acc 0.5923 | ETputs(KTEPS) 55896.82
2023-10-11 10:42:54,018 - tune.py [line:103] - INFO: Epoch 01380 | Time(s) 0.0722 | Val Loss 3.4345 | Val Acc 0.5981 | ETputs(KTEPS) 55679.86
2023-10-11 10:42:55,824 - tune.py [line:103] - INFO: Epoch 01400 | Time(s) 0.0724 | Val Loss 3.3709 | Val Acc 0.5875 | ETputs(KTEPS) 55481.66
2023-10-11 10:42:57,910 - tune.py [line:103] - INFO: Epoch 01420 | Time(s) 0.0729 | Val Loss 3.5762 | Val Acc 0.5856 | ETputs(KTEPS) 55140.35
2023-10-11 10:42:59,759 - tune.py [line:103] - INFO: Epoch 01440 | Time(s) 0.0732 | Val Loss 3.5387 | Val Acc 0.5827 | ETputs(KTEPS) 54936.05
2023-10-11 10:43:01,834 - tune.py [line:103] - INFO: Epoch 01460 | Time(s) 0.0736 | Val Loss 3.5776 | Val Acc 0.5846 | ETputs(KTEPS) 54623.53
2023-10-11 10:43:03,840 - tune.py [line:103] - INFO: Epoch 01480 | Time(s) 0.0739 | Val Loss 3.5519 | Val Acc 0.5885 | ETputs(KTEPS) 54356.82
2023-10-11 10:43:05,588 - tune.py [line:103] - INFO: Epoch 01500 | Time(s) 0.0741 | Val Loss 3.8668 | Val Acc 0.5856 | ETputs(KTEPS) 54225.62
2023-10-11 10:43:07,596 - tune.py [line:103] - INFO: Epoch 01520 | Time(s) 0.0745 | Val Loss 3.7605 | Val Acc 0.5769 | ETputs(KTEPS) 53974.05
2023-10-11 10:43:09,451 - tune.py [line:103] - INFO: Epoch 01540 | Time(s) 0.0747 | Val Loss 3.9235 | Val Acc 0.5846 | ETputs(KTEPS) 53802.60
2023-10-11 10:43:11,508 - tune.py [line:103] - INFO: Epoch 01560 | Time(s) 0.0751 | Val Loss 3.7261 | Val Acc 0.5827 | ETputs(KTEPS) 53544.68
2023-10-11 10:43:13,700 - tune.py [line:103] - INFO: Epoch 01580 | Time(s) 0.0755 | Val Loss 3.6668 | Val Acc 0.5788 | ETputs(KTEPS) 53234.92
2023-10-11 10:43:15,564 - tune.py [line:103] - INFO: Epoch 01600 | Time(s) 0.0757 | Val Loss 3.5764 | Val Acc 0.5885 | ETputs(KTEPS) 53079.72
2023-10-11 10:43:17,589 - tune.py [line:103] - INFO: Epoch 01620 | Time(s) 0.0760 | Val Loss 3.7731 | Val Acc 0.5923 | ETputs(KTEPS) 52860.04
2023-10-11 10:43:19,484 - tune.py [line:103] - INFO: Epoch 01640 | Time(s) 0.0763 | Val Loss 3.6355 | Val Acc 0.5875 | ETputs(KTEPS) 52701.80
2023-10-11 10:43:20,057 - tune.py [line:103] - INFO: Epoch 01660 | Time(s) 0.0757 | Val Loss 3.5932 | Val Acc 0.5923 | ETputs(KTEPS) 53101.61
2023-10-11 10:43:20,997 - tune.py [line:117] - INFO: [FINAL MODEL] Val accuracy 60.48% \Val loss: 3.3
2023-10-11 10:43:21,052 - tune.py [line:119] - INFO: [FINAL MODEL] Test accuracy 58.98% \Test loss: 3.5
2023-10-11 10:43:21,053 - tune.py [line:144] - INFO: Acc on the first split (Validation Set): 0.6048
2023-10-11 10:43:21,053 - tune.py [line:145] - INFO: Acc on the first split (Test Set): 0.5898
