2023-10-11 09:49:23,985 - tune.py [line:203] - INFO: Namespace(seed=42, model='GPRGNN', gpu=1, dataset='geom-squirrel', logging=True, log_detail=True, log_detailedCh=False, id_log=1011014504, optuna_n_trials=202, n_epochs=2000, self_loop=True, udgraph=True, early_stop=True, patience=300, n_hidden=64, n_cv=1, start_cv=0, n_layers=20, lr1=0.03, lr2=0.01, wd1=1e-07, wd2=1e-06, dropout=0.2, dropout2=0.3, alpha=0.2, es_ckpt='TestTuningScript-geom-squirrel_geom-squirrel_trialNo12')
2023-10-11 09:49:26,756 - tune.py [line:128] - INFO: Split_seeds:[1824]
2023-10-11 09:49:26,756 - tune.py [line:129] - INFO: Model_seeds:[409]
2023-10-11 09:49:28,511 - tune.py [line:103] - INFO: Epoch 00020 | Time(s) 0.0860 | Val Loss 1.5420 | Val Acc 0.3548 | ETputs(KTEPS) 46752.30
2023-10-11 09:49:30,340 - tune.py [line:103] - INFO: Epoch 00040 | Time(s) 0.0884 | Val Loss 1.6224 | Val Acc 0.3663 | ETputs(KTEPS) 45452.30
2023-10-11 09:49:31,925 - tune.py [line:103] - INFO: Epoch 00060 | Time(s) 0.0851 | Val Loss 1.8544 | Val Acc 0.3788 | ETputs(KTEPS) 47226.61
2023-10-11 09:49:33,774 - tune.py [line:103] - INFO: Epoch 00080 | Time(s) 0.0868 | Val Loss 2.0815 | Val Acc 0.3971 | ETputs(KTEPS) 46305.06
2023-10-11 09:49:35,739 - tune.py [line:103] - INFO: Epoch 00100 | Time(s) 0.0890 | Val Loss 2.2933 | Val Acc 0.3942 | ETputs(KTEPS) 45138.99
2023-10-11 09:49:37,544 - tune.py [line:103] - INFO: Epoch 00120 | Time(s) 0.0892 | Val Loss 2.4845 | Val Acc 0.3952 | ETputs(KTEPS) 45051.97
2023-10-11 09:49:39,365 - tune.py [line:103] - INFO: Epoch 00140 | Time(s) 0.0893 | Val Loss 2.6278 | Val Acc 0.4048 | ETputs(KTEPS) 44981.56
2023-10-11 09:49:40,916 - tune.py [line:103] - INFO: Epoch 00160 | Time(s) 0.0878 | Val Loss 2.6882 | Val Acc 0.4058 | ETputs(KTEPS) 45770.20
2023-10-11 09:49:42,712 - tune.py [line:103] - INFO: Epoch 00180 | Time(s) 0.0880 | Val Loss 2.7711 | Val Acc 0.4038 | ETputs(KTEPS) 45665.90
2023-10-11 09:49:44,667 - tune.py [line:103] - INFO: Epoch 00200 | Time(s) 0.0890 | Val Loss 2.9522 | Val Acc 0.4077 | ETputs(KTEPS) 45165.51
2023-10-11 09:49:46,590 - tune.py [line:103] - INFO: Epoch 00220 | Time(s) 0.0896 | Val Loss 2.9127 | Val Acc 0.4087 | ETputs(KTEPS) 44838.86
2023-10-11 09:49:48,454 - tune.py [line:103] - INFO: Epoch 00240 | Time(s) 0.0899 | Val Loss 3.0133 | Val Acc 0.4106 | ETputs(KTEPS) 44705.23
2023-10-11 09:49:49,969 - tune.py [line:103] - INFO: Epoch 00260 | Time(s) 0.0888 | Val Loss 3.0464 | Val Acc 0.4144 | ETputs(KTEPS) 45257.09
2023-10-11 09:49:51,701 - tune.py [line:103] - INFO: Epoch 00280 | Time(s) 0.0886 | Val Loss 3.1216 | Val Acc 0.4135 | ETputs(KTEPS) 45338.59
2023-10-11 09:49:53,189 - tune.py [line:103] - INFO: Epoch 00300 | Time(s) 0.0877 | Val Loss 3.1353 | Val Acc 0.4250 | ETputs(KTEPS) 45844.99
2023-10-11 09:49:54,814 - tune.py [line:103] - INFO: Epoch 00320 | Time(s) 0.0873 | Val Loss 3.1907 | Val Acc 0.4240 | ETputs(KTEPS) 46060.99
2023-10-11 09:49:56,383 - tune.py [line:103] - INFO: Epoch 00340 | Time(s) 0.0867 | Val Loss 3.2636 | Val Acc 0.4192 | ETputs(KTEPS) 46342.76
2023-10-11 09:49:58,226 - tune.py [line:103] - INFO: Epoch 00360 | Time(s) 0.0870 | Val Loss 3.2522 | Val Acc 0.4269 | ETputs(KTEPS) 46197.23
2023-10-11 09:50:00,030 - tune.py [line:103] - INFO: Epoch 00380 | Time(s) 0.0871 | Val Loss 3.2723 | Val Acc 0.4308 | ETputs(KTEPS) 46124.28
2023-10-11 09:50:01,899 - tune.py [line:103] - INFO: Epoch 00400 | Time(s) 0.0874 | Val Loss 3.3048 | Val Acc 0.4298 | ETputs(KTEPS) 45968.47
2023-10-11 09:50:03,806 - tune.py [line:103] - INFO: Epoch 00420 | Time(s) 0.0878 | Val Loss 3.3738 | Val Acc 0.4433 | ETputs(KTEPS) 45784.36
2023-10-11 09:50:05,770 - tune.py [line:103] - INFO: Epoch 00440 | Time(s) 0.0883 | Val Loss 3.3958 | Val Acc 0.4385 | ETputs(KTEPS) 45539.41
2023-10-11 09:50:07,443 - tune.py [line:103] - INFO: Epoch 00460 | Time(s) 0.0881 | Val Loss 3.4743 | Val Acc 0.4394 | ETputs(KTEPS) 45643.36
2023-10-11 09:50:09,204 - tune.py [line:103] - INFO: Epoch 00480 | Time(s) 0.0880 | Val Loss 3.4926 | Val Acc 0.4510 | ETputs(KTEPS) 45651.77
2023-10-11 09:50:11,046 - tune.py [line:103] - INFO: Epoch 00500 | Time(s) 0.0882 | Val Loss 3.4864 | Val Acc 0.4500 | ETputs(KTEPS) 45571.86
2023-10-11 09:50:12,862 - tune.py [line:103] - INFO: Epoch 00520 | Time(s) 0.0883 | Val Loss 3.4958 | Val Acc 0.4538 | ETputs(KTEPS) 45521.14
2023-10-11 09:50:14,419 - tune.py [line:103] - INFO: Epoch 00540 | Time(s) 0.0879 | Val Loss 3.4672 | Val Acc 0.4567 | ETputs(KTEPS) 45729.13
2023-10-11 09:50:16,258 - tune.py [line:103] - INFO: Epoch 00560 | Time(s) 0.0880 | Val Loss 3.5411 | Val Acc 0.4663 | ETputs(KTEPS) 45658.96
2023-10-11 09:50:18,007 - tune.py [line:103] - INFO: Epoch 00580 | Time(s) 0.0880 | Val Loss 3.5636 | Val Acc 0.4606 | ETputs(KTEPS) 45671.63
2023-10-11 09:50:19,965 - tune.py [line:103] - INFO: Epoch 00600 | Time(s) 0.0883 | Val Loss 3.6017 | Val Acc 0.4587 | ETputs(KTEPS) 45501.45
2023-10-11 09:50:21,739 - tune.py [line:103] - INFO: Epoch 00620 | Time(s) 0.0883 | Val Loss 3.6040 | Val Acc 0.4625 | ETputs(KTEPS) 45502.13
2023-10-11 09:50:23,511 - tune.py [line:103] - INFO: Epoch 00640 | Time(s) 0.0883 | Val Loss 3.6941 | Val Acc 0.4663 | ETputs(KTEPS) 45498.96
2023-10-11 09:50:25,192 - tune.py [line:103] - INFO: Epoch 00660 | Time(s) 0.0882 | Val Loss 3.6919 | Val Acc 0.4721 | ETputs(KTEPS) 45568.80
2023-10-11 09:50:27,025 - tune.py [line:103] - INFO: Epoch 00680 | Time(s) 0.0883 | Val Loss 3.7276 | Val Acc 0.4635 | ETputs(KTEPS) 45517.31
2023-10-11 09:50:29,045 - tune.py [line:103] - INFO: Epoch 00700 | Time(s) 0.0887 | Val Loss 3.8209 | Val Acc 0.4615 | ETputs(KTEPS) 45331.17
2023-10-11 09:50:30,498 - tune.py [line:103] - INFO: Epoch 00720 | Time(s) 0.0882 | Val Loss 3.7390 | Val Acc 0.4644 | ETputs(KTEPS) 45560.37
2023-10-11 09:50:32,253 - tune.py [line:103] - INFO: Epoch 00740 | Time(s) 0.0882 | Val Loss 3.7793 | Val Acc 0.4615 | ETputs(KTEPS) 45567.86
2023-10-11 09:50:33,687 - tune.py [line:103] - INFO: Epoch 00760 | Time(s) 0.0878 | Val Loss 3.7909 | Val Acc 0.4750 | ETputs(KTEPS) 45800.06
2023-10-11 09:50:35,503 - tune.py [line:103] - INFO: Epoch 00780 | Time(s) 0.0878 | Val Loss 3.8092 | Val Acc 0.4750 | ETputs(KTEPS) 45759.25
2023-10-11 09:50:37,424 - tune.py [line:103] - INFO: Epoch 00800 | Time(s) 0.0880 | Val Loss 3.7947 | Val Acc 0.4837 | ETputs(KTEPS) 45656.51
2023-10-11 09:50:39,117 - tune.py [line:103] - INFO: Epoch 00820 | Time(s) 0.0879 | Val Loss 3.8651 | Val Acc 0.4760 | ETputs(KTEPS) 45704.64
2023-10-11 09:50:40,562 - tune.py [line:103] - INFO: Epoch 00840 | Time(s) 0.0876 | Val Loss 3.9340 | Val Acc 0.4798 | ETputs(KTEPS) 45900.30
2023-10-11 09:50:42,215 - tune.py [line:103] - INFO: Epoch 00860 | Time(s) 0.0874 | Val Loss 3.9653 | Val Acc 0.4760 | ETputs(KTEPS) 45963.08
2023-10-11 09:50:43,716 - tune.py [line:103] - INFO: Epoch 00880 | Time(s) 0.0872 | Val Loss 3.9692 | Val Acc 0.4837 | ETputs(KTEPS) 46114.83
2023-10-11 09:50:45,577 - tune.py [line:103] - INFO: Epoch 00900 | Time(s) 0.0873 | Val Loss 3.9572 | Val Acc 0.4740 | ETputs(KTEPS) 46045.92
2023-10-11 09:50:47,089 - tune.py [line:103] - INFO: Epoch 00920 | Time(s) 0.0870 | Val Loss 4.0284 | Val Acc 0.4740 | ETputs(KTEPS) 46180.60
2023-10-11 09:50:48,815 - tune.py [line:103] - INFO: Epoch 00940 | Time(s) 0.0870 | Val Loss 3.9128 | Val Acc 0.4837 | ETputs(KTEPS) 46189.44
2023-10-11 09:50:50,558 - tune.py [line:103] - INFO: Epoch 00960 | Time(s) 0.0870 | Val Loss 3.9093 | Val Acc 0.4885 | ETputs(KTEPS) 46188.46
2023-10-11 09:50:51,941 - tune.py [line:103] - INFO: Epoch 00980 | Time(s) 0.0866 | Val Loss 3.9405 | Val Acc 0.4875 | ETputs(KTEPS) 46383.15
2023-10-11 09:50:53,796 - tune.py [line:103] - INFO: Epoch 01000 | Time(s) 0.0868 | Val Loss 3.9594 | Val Acc 0.4904 | ETputs(KTEPS) 46319.66
2023-10-11 09:50:55,592 - tune.py [line:103] - INFO: Epoch 01020 | Time(s) 0.0868 | Val Loss 3.9290 | Val Acc 0.4827 | ETputs(KTEPS) 46289.61
2023-10-11 09:50:57,187 - tune.py [line:103] - INFO: Epoch 01040 | Time(s) 0.0867 | Val Loss 4.0737 | Val Acc 0.4788 | ETputs(KTEPS) 46362.76
2023-10-11 09:50:58,980 - tune.py [line:103] - INFO: Epoch 01060 | Time(s) 0.0867 | Val Loss 4.0188 | Val Acc 0.4673 | ETputs(KTEPS) 46333.18
2023-10-11 09:51:00,917 - tune.py [line:103] - INFO: Epoch 01080 | Time(s) 0.0869 | Val Loss 4.0910 | Val Acc 0.4808 | ETputs(KTEPS) 46234.13
2023-10-11 09:51:02,536 - tune.py [line:103] - INFO: Epoch 01100 | Time(s) 0.0868 | Val Loss 4.1564 | Val Acc 0.4865 | ETputs(KTEPS) 46294.25
2023-10-11 09:51:04,275 - tune.py [line:103] - INFO: Epoch 01120 | Time(s) 0.0868 | Val Loss 4.2706 | Val Acc 0.4731 | ETputs(KTEPS) 46293.18
2023-10-11 09:51:06,015 - tune.py [line:103] - INFO: Epoch 01140 | Time(s) 0.0868 | Val Loss 4.1997 | Val Acc 0.4942 | ETputs(KTEPS) 46291.66
2023-10-11 09:51:07,956 - tune.py [line:103] - INFO: Epoch 01160 | Time(s) 0.0870 | Val Loss 4.1590 | Val Acc 0.4885 | ETputs(KTEPS) 46199.44
2023-10-11 09:51:09,542 - tune.py [line:103] - INFO: Epoch 01180 | Time(s) 0.0869 | Val Loss 4.0195 | Val Acc 0.4942 | ETputs(KTEPS) 46269.20
2023-10-11 09:51:11,386 - tune.py [line:103] - INFO: Epoch 01200 | Time(s) 0.0870 | Val Loss 4.1381 | Val Acc 0.4798 | ETputs(KTEPS) 46222.17
2023-10-11 09:51:13,217 - tune.py [line:103] - INFO: Epoch 01220 | Time(s) 0.0870 | Val Loss 4.1744 | Val Acc 0.4856 | ETputs(KTEPS) 46182.97
2023-10-11 09:51:14,975 - tune.py [line:103] - INFO: Epoch 01240 | Time(s) 0.0870 | Val Loss 4.1405 | Val Acc 0.4856 | ETputs(KTEPS) 46175.72
2023-10-11 09:51:16,620 - tune.py [line:103] - INFO: Epoch 01260 | Time(s) 0.0870 | Val Loss 4.2285 | Val Acc 0.4846 | ETputs(KTEPS) 46216.77
2023-10-11 09:51:18,241 - tune.py [line:103] - INFO: Epoch 01280 | Time(s) 0.0869 | Val Loss 4.0886 | Val Acc 0.4837 | ETputs(KTEPS) 46266.50
2023-10-11 09:51:20,101 - tune.py [line:103] - INFO: Epoch 01300 | Time(s) 0.0870 | Val Loss 4.2558 | Val Acc 0.4808 | ETputs(KTEPS) 46216.61
2023-10-11 09:51:21,757 - tune.py [line:103] - INFO: Epoch 01320 | Time(s) 0.0869 | Val Loss 4.2556 | Val Acc 0.4740 | ETputs(KTEPS) 46250.56
2023-10-11 09:51:23,246 - tune.py [line:103] - INFO: Epoch 01340 | Time(s) 0.0867 | Val Loss 4.2066 | Val Acc 0.4865 | ETputs(KTEPS) 46350.12
2023-10-11 09:51:25,159 - tune.py [line:103] - INFO: Epoch 01360 | Time(s) 0.0868 | Val Loss 4.2235 | Val Acc 0.4904 | ETputs(KTEPS) 46280.20
2023-10-11 09:51:26,845 - tune.py [line:103] - INFO: Epoch 01380 | Time(s) 0.0868 | Val Loss 4.1807 | Val Acc 0.4827 | ETputs(KTEPS) 46300.37
2023-10-11 09:51:28,596 - tune.py [line:103] - INFO: Epoch 01400 | Time(s) 0.0868 | Val Loss 4.1409 | Val Acc 0.4962 | ETputs(KTEPS) 46297.78
2023-10-11 09:51:30,356 - tune.py [line:103] - INFO: Epoch 01420 | Time(s) 0.0868 | Val Loss 4.1286 | Val Acc 0.4962 | ETputs(KTEPS) 46289.04
2023-10-11 09:51:32,297 - tune.py [line:103] - INFO: Epoch 01440 | Time(s) 0.0870 | Val Loss 4.2573 | Val Acc 0.5048 | ETputs(KTEPS) 46215.68
2023-10-11 09:51:33,985 - tune.py [line:103] - INFO: Epoch 01460 | Time(s) 0.0869 | Val Loss 4.2620 | Val Acc 0.5106 | ETputs(KTEPS) 46237.50
2023-10-11 09:51:35,556 - tune.py [line:103] - INFO: Epoch 01480 | Time(s) 0.0868 | Val Loss 4.2589 | Val Acc 0.5000 | ETputs(KTEPS) 46298.67
2023-10-11 09:51:37,526 - tune.py [line:103] - INFO: Epoch 01500 | Time(s) 0.0870 | Val Loss 4.2836 | Val Acc 0.4971 | ETputs(KTEPS) 46216.28
2023-10-11 09:51:39,384 - tune.py [line:103] - INFO: Epoch 01520 | Time(s) 0.0870 | Val Loss 4.3461 | Val Acc 0.4981 | ETputs(KTEPS) 46175.22
2023-10-11 09:51:41,082 - tune.py [line:103] - INFO: Epoch 01540 | Time(s) 0.0870 | Val Loss 4.2478 | Val Acc 0.4913 | ETputs(KTEPS) 46190.33
2023-10-11 09:51:42,762 - tune.py [line:103] - INFO: Epoch 01560 | Time(s) 0.0870 | Val Loss 4.3851 | Val Acc 0.4971 | ETputs(KTEPS) 46211.12
2023-10-11 09:51:44,673 - tune.py [line:103] - INFO: Epoch 01580 | Time(s) 0.0871 | Val Loss 4.3602 | Val Acc 0.5058 | ETputs(KTEPS) 46154.06
2023-10-11 09:51:46,474 - tune.py [line:103] - INFO: Epoch 01600 | Time(s) 0.0871 | Val Loss 4.4080 | Val Acc 0.5010 | ETputs(KTEPS) 46136.42
2023-10-11 09:51:48,379 - tune.py [line:103] - INFO: Epoch 01620 | Time(s) 0.0872 | Val Loss 4.5159 | Val Acc 0.5000 | ETputs(KTEPS) 46084.16
2023-10-11 09:51:50,269 - tune.py [line:103] - INFO: Epoch 01640 | Time(s) 0.0873 | Val Loss 4.4773 | Val Acc 0.5087 | ETputs(KTEPS) 46037.55
2023-10-11 09:51:52,006 - tune.py [line:103] - INFO: Epoch 01660 | Time(s) 0.0873 | Val Loss 4.4464 | Val Acc 0.5029 | ETputs(KTEPS) 46040.85
2023-10-11 09:51:53,750 - tune.py [line:103] - INFO: Epoch 01680 | Time(s) 0.0873 | Val Loss 4.4996 | Val Acc 0.5000 | ETputs(KTEPS) 46041.98
2023-10-11 09:51:55,523 - tune.py [line:103] - INFO: Epoch 01700 | Time(s) 0.0873 | Val Loss 4.5388 | Val Acc 0.5183 | ETputs(KTEPS) 46036.96
2023-10-11 09:51:57,476 - tune.py [line:103] - INFO: Epoch 01720 | Time(s) 0.0874 | Val Loss 4.4244 | Val Acc 0.5087 | ETputs(KTEPS) 45973.96
2023-10-11 09:51:59,136 - tune.py [line:103] - INFO: Epoch 01740 | Time(s) 0.0874 | Val Loss 4.4768 | Val Acc 0.5144 | ETputs(KTEPS) 46001.01
2023-10-11 09:52:00,828 - tune.py [line:103] - INFO: Epoch 01760 | Time(s) 0.0873 | Val Loss 4.4852 | Val Acc 0.5192 | ETputs(KTEPS) 46017.65
2023-10-11 09:52:02,719 - tune.py [line:103] - INFO: Epoch 01780 | Time(s) 0.0874 | Val Loss 4.4811 | Val Acc 0.5019 | ETputs(KTEPS) 45975.49
2023-10-11 09:52:04,424 - tune.py [line:103] - INFO: Epoch 01800 | Time(s) 0.0874 | Val Loss 4.4808 | Val Acc 0.5106 | ETputs(KTEPS) 45988.48
2023-10-11 09:52:06,230 - tune.py [line:103] - INFO: Epoch 01820 | Time(s) 0.0874 | Val Loss 4.4454 | Val Acc 0.5135 | ETputs(KTEPS) 45972.11
2023-10-11 09:52:07,823 - tune.py [line:103] - INFO: Epoch 01840 | Time(s) 0.0873 | Val Loss 4.4006 | Val Acc 0.5202 | ETputs(KTEPS) 46019.44
2023-10-11 09:52:09,696 - tune.py [line:103] - INFO: Epoch 01860 | Time(s) 0.0874 | Val Loss 4.4212 | Val Acc 0.5221 | ETputs(KTEPS) 45984.32
2023-10-11 09:52:11,619 - tune.py [line:103] - INFO: Epoch 01880 | Time(s) 0.0875 | Val Loss 4.4994 | Val Acc 0.5202 | ETputs(KTEPS) 45938.01
2023-10-11 09:52:13,602 - tune.py [line:103] - INFO: Epoch 01900 | Time(s) 0.0876 | Val Loss 4.4272 | Val Acc 0.5279 | ETputs(KTEPS) 45873.89
2023-10-11 09:52:15,578 - tune.py [line:103] - INFO: Epoch 01920 | Time(s) 0.0877 | Val Loss 4.5343 | Val Acc 0.5260 | ETputs(KTEPS) 45814.15
2023-10-11 09:52:17,433 - tune.py [line:103] - INFO: Epoch 01940 | Time(s) 0.0878 | Val Loss 4.5907 | Val Acc 0.5096 | ETputs(KTEPS) 45788.19
2023-10-11 09:52:19,256 - tune.py [line:103] - INFO: Epoch 01960 | Time(s) 0.0878 | Val Loss 4.4554 | Val Acc 0.5231 | ETputs(KTEPS) 45770.52
2023-10-11 09:52:20,956 - tune.py [line:103] - INFO: Epoch 01980 | Time(s) 0.0878 | Val Loss 4.4535 | Val Acc 0.5192 | ETputs(KTEPS) 45785.54
2023-10-11 09:52:22,770 - tune.py [line:103] - INFO: Epoch 02000 | Time(s) 0.0878 | Val Loss 4.5250 | Val Acc 0.5212 | ETputs(KTEPS) 45771.02
2023-10-11 09:52:22,836 - tune.py [line:117] - INFO: [FINAL MODEL] Val accuracy 53.17% \Val loss: 4.5
2023-10-11 09:52:22,891 - tune.py [line:119] - INFO: [FINAL MODEL] Test accuracy 52.35% \Test loss: 4.9
2023-10-11 09:52:22,892 - tune.py [line:144] - INFO: Acc on the first split (Validation Set): 0.5317
2023-10-11 09:52:22,892 - tune.py [line:145] - INFO: Acc on the first split (Test Set): 0.5235
