2023-10-11 09:41:34,827 - tune.py [line:203] - INFO: Namespace(seed=42, model='GPRGNN', gpu=1, dataset='geom-squirrel', logging=True, log_detail=True, log_detailedCh=False, id_log=1011014504, optuna_n_trials=202, n_epochs=2000, self_loop=True, udgraph=True, early_stop=True, patience=300, n_hidden=64, n_cv=1, start_cv=0, n_layers=16, lr1=0.01, lr2=0.01, wd1=1e-06, wd2=1e-07, dropout=0.1, dropout2=0.4, alpha=0.30000000000000004, es_ckpt='TestTuningScript-geom-squirrel_geom-squirrel_trialNo2')
2023-10-11 09:41:37,742 - tune.py [line:128] - INFO: Split_seeds:[1824]
2023-10-11 09:41:37,743 - tune.py [line:129] - INFO: Model_seeds:[409]
2023-10-11 09:41:39,415 - tune.py [line:103] - INFO: Epoch 00020 | Time(s) 0.0810 | Val Loss 1.5601 | Val Acc 0.2837 | ETputs(KTEPS) 49643.78
2023-10-11 09:41:41,050 - tune.py [line:103] - INFO: Epoch 00040 | Time(s) 0.0810 | Val Loss 1.5383 | Val Acc 0.3577 | ETputs(KTEPS) 49633.27
2023-10-11 09:41:42,463 - tune.py [line:103] - INFO: Epoch 00060 | Time(s) 0.0773 | Val Loss 1.6101 | Val Acc 0.3750 | ETputs(KTEPS) 51971.96
2023-10-11 09:41:43,879 - tune.py [line:103] - INFO: Epoch 00080 | Time(s) 0.0757 | Val Loss 1.7275 | Val Acc 0.3808 | ETputs(KTEPS) 53119.00
2023-10-11 09:41:45,454 - tune.py [line:103] - INFO: Epoch 00100 | Time(s) 0.0762 | Val Loss 1.8455 | Val Acc 0.3663 | ETputs(KTEPS) 52711.24
2023-10-11 09:41:46,966 - tune.py [line:103] - INFO: Epoch 00120 | Time(s) 0.0761 | Val Loss 1.9733 | Val Acc 0.3837 | ETputs(KTEPS) 52792.58
2023-10-11 09:41:48,459 - tune.py [line:103] - INFO: Epoch 00140 | Time(s) 0.0759 | Val Loss 2.1035 | Val Acc 0.3750 | ETputs(KTEPS) 52971.64
2023-10-11 09:41:49,790 - tune.py [line:103] - INFO: Epoch 00160 | Time(s) 0.0747 | Val Loss 2.2176 | Val Acc 0.3865 | ETputs(KTEPS) 53798.86
2023-10-11 09:41:51,400 - tune.py [line:103] - INFO: Epoch 00180 | Time(s) 0.0753 | Val Loss 2.3521 | Val Acc 0.3865 | ETputs(KTEPS) 53343.09
2023-10-11 09:41:52,811 - tune.py [line:103] - INFO: Epoch 00200 | Time(s) 0.0748 | Val Loss 2.4752 | Val Acc 0.3923 | ETputs(KTEPS) 53695.80
2023-10-11 09:41:54,489 - tune.py [line:103] - INFO: Epoch 00220 | Time(s) 0.0756 | Val Loss 2.5610 | Val Acc 0.3827 | ETputs(KTEPS) 53130.52
2023-10-11 09:41:56,000 - tune.py [line:103] - INFO: Epoch 00240 | Time(s) 0.0756 | Val Loss 2.6563 | Val Acc 0.3856 | ETputs(KTEPS) 53138.19
2023-10-11 09:41:57,570 - tune.py [line:103] - INFO: Epoch 00260 | Time(s) 0.0758 | Val Loss 2.7142 | Val Acc 0.3923 | ETputs(KTEPS) 53003.16
2023-10-11 09:41:59,327 - tune.py [line:103] - INFO: Epoch 00280 | Time(s) 0.0767 | Val Loss 2.8063 | Val Acc 0.3942 | ETputs(KTEPS) 52413.86
2023-10-11 09:42:00,779 - tune.py [line:103] - INFO: Epoch 00300 | Time(s) 0.0764 | Val Loss 2.8468 | Val Acc 0.3971 | ETputs(KTEPS) 52626.55
2023-10-11 09:42:02,474 - tune.py [line:103] - INFO: Epoch 00320 | Time(s) 0.0769 | Val Loss 2.9120 | Val Acc 0.4010 | ETputs(KTEPS) 52282.40
2023-10-11 09:42:03,908 - tune.py [line:103] - INFO: Epoch 00340 | Time(s) 0.0765 | Val Loss 2.9548 | Val Acc 0.4029 | ETputs(KTEPS) 52503.99
2023-10-11 09:42:05,505 - tune.py [line:103] - INFO: Epoch 00360 | Time(s) 0.0767 | Val Loss 3.0032 | Val Acc 0.4010 | ETputs(KTEPS) 52380.37
2023-10-11 09:42:07,051 - tune.py [line:103] - INFO: Epoch 00380 | Time(s) 0.0768 | Val Loss 3.0358 | Val Acc 0.4067 | ETputs(KTEPS) 52362.08
2023-10-11 09:42:08,536 - tune.py [line:103] - INFO: Epoch 00400 | Time(s) 0.0766 | Val Loss 3.0635 | Val Acc 0.4019 | ETputs(KTEPS) 52448.16
2023-10-11 09:42:10,164 - tune.py [line:103] - INFO: Epoch 00420 | Time(s) 0.0769 | Val Loss 3.1107 | Val Acc 0.4087 | ETputs(KTEPS) 52293.95
2023-10-11 09:42:11,586 - tune.py [line:103] - INFO: Epoch 00440 | Time(s) 0.0766 | Val Loss 3.1276 | Val Acc 0.4125 | ETputs(KTEPS) 52482.05
2023-10-11 09:42:13,191 - tune.py [line:103] - INFO: Epoch 00460 | Time(s) 0.0767 | Val Loss 3.1614 | Val Acc 0.4163 | ETputs(KTEPS) 52400.73
2023-10-11 09:42:14,672 - tune.py [line:103] - INFO: Epoch 00480 | Time(s) 0.0766 | Val Loss 3.1565 | Val Acc 0.4135 | ETputs(KTEPS) 52477.99
2023-10-11 09:42:16,246 - tune.py [line:103] - INFO: Epoch 00500 | Time(s) 0.0767 | Val Loss 3.1765 | Val Acc 0.4212 | ETputs(KTEPS) 52423.86
2023-10-11 09:42:17,736 - tune.py [line:103] - INFO: Epoch 00520 | Time(s) 0.0766 | Val Loss 3.1911 | Val Acc 0.4231 | ETputs(KTEPS) 52492.18
2023-10-11 09:42:19,463 - tune.py [line:103] - INFO: Epoch 00540 | Time(s) 0.0769 | Val Loss 3.2203 | Val Acc 0.4240 | ETputs(KTEPS) 52247.37
2023-10-11 09:42:20,911 - tune.py [line:103] - INFO: Epoch 00560 | Time(s) 0.0767 | Val Loss 3.2161 | Val Acc 0.4337 | ETputs(KTEPS) 52372.84
2023-10-11 09:42:22,535 - tune.py [line:103] - INFO: Epoch 00580 | Time(s) 0.0769 | Val Loss 3.2666 | Val Acc 0.4433 | ETputs(KTEPS) 52281.52
2023-10-11 09:42:23,966 - tune.py [line:103] - INFO: Epoch 00600 | Time(s) 0.0767 | Val Loss 3.2771 | Val Acc 0.4433 | ETputs(KTEPS) 52410.86
2023-10-11 09:42:25,488 - tune.py [line:103] - INFO: Epoch 00620 | Time(s) 0.0767 | Val Loss 3.2446 | Val Acc 0.4510 | ETputs(KTEPS) 52431.35
2023-10-11 09:42:26,833 - tune.py [line:103] - INFO: Epoch 00640 | Time(s) 0.0764 | Val Loss 3.2837 | Val Acc 0.4433 | ETputs(KTEPS) 52634.46
2023-10-11 09:42:28,371 - tune.py [line:103] - INFO: Epoch 00660 | Time(s) 0.0764 | Val Loss 3.2864 | Val Acc 0.4442 | ETputs(KTEPS) 52624.05
2023-10-11 09:42:29,765 - tune.py [line:103] - INFO: Epoch 00680 | Time(s) 0.0762 | Val Loss 3.3105 | Val Acc 0.4462 | ETputs(KTEPS) 52760.76
2023-10-11 09:42:31,440 - tune.py [line:103] - INFO: Epoch 00700 | Time(s) 0.0764 | Val Loss 3.3158 | Val Acc 0.4500 | ETputs(KTEPS) 52617.86
2023-10-11 09:42:35,219 - tune.py [line:103] - INFO: Epoch 00720 | Time(s) 0.0795 | Val Loss 3.3256 | Val Acc 0.4558 | ETputs(KTEPS) 50553.89
2023-10-11 09:42:36,663 - tune.py [line:103] - INFO: Epoch 00740 | Time(s) 0.0793 | Val Loss 3.3151 | Val Acc 0.4587 | ETputs(KTEPS) 50680.96
2023-10-11 09:42:38,227 - tune.py [line:103] - INFO: Epoch 00760 | Time(s) 0.0793 | Val Loss 3.2523 | Val Acc 0.4596 | ETputs(KTEPS) 50708.63
2023-10-11 09:42:39,589 - tune.py [line:103] - INFO: Epoch 00780 | Time(s) 0.0790 | Val Loss 3.2974 | Val Acc 0.4663 | ETputs(KTEPS) 50900.61
2023-10-11 09:42:40,242 - tune.py [line:103] - INFO: Epoch 00800 | Time(s) 0.0778 | Val Loss 3.3581 | Val Acc 0.4712 | ETputs(KTEPS) 51662.81
2023-10-11 09:42:40,896 - tune.py [line:103] - INFO: Epoch 00820 | Time(s) 0.0767 | Val Loss 3.3218 | Val Acc 0.4683 | ETputs(KTEPS) 52403.87
2023-10-11 09:42:42,588 - tune.py [line:103] - INFO: Epoch 00840 | Time(s) 0.0769 | Val Loss 3.3490 | Val Acc 0.4779 | ETputs(KTEPS) 52284.66
2023-10-11 09:42:44,037 - tune.py [line:103] - INFO: Epoch 00860 | Time(s) 0.0768 | Val Loss 3.4145 | Val Acc 0.4788 | ETputs(KTEPS) 52358.72
2023-10-11 09:42:45,469 - tune.py [line:103] - INFO: Epoch 00880 | Time(s) 0.0766 | Val Loss 3.4103 | Val Acc 0.4760 | ETputs(KTEPS) 52442.86
2023-10-11 09:42:46,898 - tune.py [line:103] - INFO: Epoch 00900 | Time(s) 0.0765 | Val Loss 3.4708 | Val Acc 0.4788 | ETputs(KTEPS) 52522.55
2023-10-11 09:42:48,466 - tune.py [line:103] - INFO: Epoch 00920 | Time(s) 0.0766 | Val Loss 3.4897 | Val Acc 0.4817 | ETputs(KTEPS) 52495.08
2023-10-11 09:42:50,001 - tune.py [line:103] - INFO: Epoch 00940 | Time(s) 0.0766 | Val Loss 3.4767 | Val Acc 0.4798 | ETputs(KTEPS) 52493.06
2023-10-11 09:42:51,484 - tune.py [line:103] - INFO: Epoch 00960 | Time(s) 0.0765 | Val Loss 3.4953 | Val Acc 0.4769 | ETputs(KTEPS) 52528.71
2023-10-11 09:42:52,904 - tune.py [line:103] - INFO: Epoch 00980 | Time(s) 0.0764 | Val Loss 3.4796 | Val Acc 0.4760 | ETputs(KTEPS) 52606.58
2023-10-11 09:42:54,555 - tune.py [line:103] - INFO: Epoch 01000 | Time(s) 0.0765 | Val Loss 3.5233 | Val Acc 0.4808 | ETputs(KTEPS) 52522.80
2023-10-11 09:42:56,079 - tune.py [line:103] - INFO: Epoch 01020 | Time(s) 0.0765 | Val Loss 3.4924 | Val Acc 0.4865 | ETputs(KTEPS) 52531.86
2023-10-11 09:42:57,719 - tune.py [line:103] - INFO: Epoch 01040 | Time(s) 0.0766 | Val Loss 3.5150 | Val Acc 0.4865 | ETputs(KTEPS) 52460.48
2023-10-11 09:42:59,029 - tune.py [line:103] - INFO: Epoch 01060 | Time(s) 0.0764 | Val Loss 3.5019 | Val Acc 0.4808 | ETputs(KTEPS) 52605.09
2023-10-11 09:43:00,734 - tune.py [line:103] - INFO: Epoch 01080 | Time(s) 0.0766 | Val Loss 3.4720 | Val Acc 0.4952 | ETputs(KTEPS) 52494.70
2023-10-11 09:43:02,114 - tune.py [line:103] - INFO: Epoch 01100 | Time(s) 0.0764 | Val Loss 3.5636 | Val Acc 0.4913 | ETputs(KTEPS) 52589.51
2023-10-11 09:43:03,769 - tune.py [line:103] - INFO: Epoch 01120 | Time(s) 0.0765 | Val Loss 3.5771 | Val Acc 0.5010 | ETputs(KTEPS) 52517.86
2023-10-11 09:43:05,040 - tune.py [line:103] - INFO: Epoch 01140 | Time(s) 0.0763 | Val Loss 3.5795 | Val Acc 0.4827 | ETputs(KTEPS) 52674.88
2023-10-11 09:43:06,516 - tune.py [line:103] - INFO: Epoch 01160 | Time(s) 0.0763 | Val Loss 3.5771 | Val Acc 0.4942 | ETputs(KTEPS) 52705.08
2023-10-11 09:43:07,902 - tune.py [line:103] - INFO: Epoch 01180 | Time(s) 0.0761 | Val Loss 3.5623 | Val Acc 0.5038 | ETputs(KTEPS) 52788.91
2023-10-11 09:43:09,392 - tune.py [line:103] - INFO: Epoch 01200 | Time(s) 0.0761 | Val Loss 3.5080 | Val Acc 0.5096 | ETputs(KTEPS) 52814.11
2023-10-11 09:43:10,901 - tune.py [line:103] - INFO: Epoch 01220 | Time(s) 0.0761 | Val Loss 3.6022 | Val Acc 0.5029 | ETputs(KTEPS) 52823.57
2023-10-11 09:43:12,235 - tune.py [line:103] - INFO: Epoch 01240 | Time(s) 0.0759 | Val Loss 3.5937 | Val Acc 0.4952 | ETputs(KTEPS) 52929.08
2023-10-11 09:43:13,888 - tune.py [line:103] - INFO: Epoch 01260 | Time(s) 0.0760 | Val Loss 3.6660 | Val Acc 0.4933 | ETputs(KTEPS) 52855.96
2023-10-11 09:43:15,269 - tune.py [line:103] - INFO: Epoch 01280 | Time(s) 0.0759 | Val Loss 3.6545 | Val Acc 0.5010 | ETputs(KTEPS) 52932.48
2023-10-11 09:43:16,868 - tune.py [line:103] - INFO: Epoch 01300 | Time(s) 0.0760 | Val Loss 3.6444 | Val Acc 0.5096 | ETputs(KTEPS) 52889.56
2023-10-11 09:43:18,191 - tune.py [line:103] - INFO: Epoch 01320 | Time(s) 0.0758 | Val Loss 3.6347 | Val Acc 0.5038 | ETputs(KTEPS) 52994.30
2023-10-11 09:43:19,572 - tune.py [line:103] - INFO: Epoch 01340 | Time(s) 0.0757 | Val Loss 3.6339 | Val Acc 0.5135 | ETputs(KTEPS) 53068.24
2023-10-11 09:43:21,064 - tune.py [line:103] - INFO: Epoch 01360 | Time(s) 0.0757 | Val Loss 3.7281 | Val Acc 0.5096 | ETputs(KTEPS) 53081.74
2023-10-11 09:43:22,380 - tune.py [line:103] - INFO: Epoch 01380 | Time(s) 0.0756 | Val Loss 3.6471 | Val Acc 0.5010 | ETputs(KTEPS) 53182.95
2023-10-11 09:43:23,953 - tune.py [line:103] - INFO: Epoch 01400 | Time(s) 0.0756 | Val Loss 3.7128 | Val Acc 0.5144 | ETputs(KTEPS) 53153.13
2023-10-11 09:43:25,217 - tune.py [line:103] - INFO: Epoch 01420 | Time(s) 0.0754 | Val Loss 3.6942 | Val Acc 0.5115 | ETputs(KTEPS) 53278.73
2023-10-11 09:43:26,808 - tune.py [line:103] - INFO: Epoch 01440 | Time(s) 0.0755 | Val Loss 3.7130 | Val Acc 0.5173 | ETputs(KTEPS) 53238.86
2023-10-11 09:43:28,231 - tune.py [line:103] - INFO: Epoch 01460 | Time(s) 0.0754 | Val Loss 3.8082 | Val Acc 0.5163 | ETputs(KTEPS) 53281.11
2023-10-11 09:43:29,616 - tune.py [line:103] - INFO: Epoch 01480 | Time(s) 0.0753 | Val Loss 3.7996 | Val Acc 0.5048 | ETputs(KTEPS) 53340.80
2023-10-11 09:43:31,291 - tune.py [line:103] - INFO: Epoch 01500 | Time(s) 0.0755 | Val Loss 3.8124 | Val Acc 0.5087 | ETputs(KTEPS) 53262.22
2023-10-11 09:43:32,704 - tune.py [line:103] - INFO: Epoch 01520 | Time(s) 0.0754 | Val Loss 3.8348 | Val Acc 0.5231 | ETputs(KTEPS) 53307.18
2023-10-11 09:43:34,324 - tune.py [line:103] - INFO: Epoch 01540 | Time(s) 0.0755 | Val Loss 3.8290 | Val Acc 0.5279 | ETputs(KTEPS) 53260.98
2023-10-11 09:43:35,807 - tune.py [line:103] - INFO: Epoch 01560 | Time(s) 0.0754 | Val Loss 3.8667 | Val Acc 0.5202 | ETputs(KTEPS) 53273.39
2023-10-11 09:43:37,365 - tune.py [line:103] - INFO: Epoch 01580 | Time(s) 0.0755 | Val Loss 3.8916 | Val Acc 0.5240 | ETputs(KTEPS) 53252.16
2023-10-11 09:43:39,115 - tune.py [line:103] - INFO: Epoch 01600 | Time(s) 0.0756 | Val Loss 3.8432 | Val Acc 0.5192 | ETputs(KTEPS) 53146.50
2023-10-11 09:43:40,438 - tune.py [line:103] - INFO: Epoch 01620 | Time(s) 0.0755 | Val Loss 3.9149 | Val Acc 0.5279 | ETputs(KTEPS) 53229.16
2023-10-11 09:43:41,993 - tune.py [line:103] - INFO: Epoch 01640 | Time(s) 0.0755 | Val Loss 3.8682 | Val Acc 0.5288 | ETputs(KTEPS) 53210.73
2023-10-11 09:43:43,515 - tune.py [line:103] - INFO: Epoch 01660 | Time(s) 0.0755 | Val Loss 3.8652 | Val Acc 0.5183 | ETputs(KTEPS) 53206.20
2023-10-11 09:43:45,083 - tune.py [line:103] - INFO: Epoch 01680 | Time(s) 0.0756 | Val Loss 3.8533 | Val Acc 0.5212 | ETputs(KTEPS) 53182.84
2023-10-11 09:43:46,402 - tune.py [line:103] - INFO: Epoch 01700 | Time(s) 0.0755 | Val Loss 3.8974 | Val Acc 0.5144 | ETputs(KTEPS) 53263.09
2023-10-11 09:43:47,813 - tune.py [line:103] - INFO: Epoch 01720 | Time(s) 0.0754 | Val Loss 3.9357 | Val Acc 0.5183 | ETputs(KTEPS) 53303.99
2023-10-11 09:43:49,414 - tune.py [line:103] - INFO: Epoch 01740 | Time(s) 0.0755 | Val Loss 3.9680 | Val Acc 0.5173 | ETputs(KTEPS) 53266.43
2023-10-11 09:43:51,059 - tune.py [line:103] - INFO: Epoch 01760 | Time(s) 0.0755 | Val Loss 3.9499 | Val Acc 0.5221 | ETputs(KTEPS) 53212.85
2023-10-11 09:43:52,512 - tune.py [line:103] - INFO: Epoch 01780 | Time(s) 0.0755 | Val Loss 3.9976 | Val Acc 0.5279 | ETputs(KTEPS) 53236.02
2023-10-11 09:43:54,269 - tune.py [line:103] - INFO: Epoch 01800 | Time(s) 0.0756 | Val Loss 3.9985 | Val Acc 0.5192 | ETputs(KTEPS) 53139.54
2023-10-11 09:43:55,757 - tune.py [line:103] - INFO: Epoch 01820 | Time(s) 0.0756 | Val Loss 3.9955 | Val Acc 0.5298 | ETputs(KTEPS) 53152.28
2023-10-11 09:43:57,313 - tune.py [line:103] - INFO: Epoch 01840 | Time(s) 0.0756 | Val Loss 4.0201 | Val Acc 0.5298 | ETputs(KTEPS) 53136.19
2023-10-11 09:43:58,723 - tune.py [line:103] - INFO: Epoch 01860 | Time(s) 0.0756 | Val Loss 3.9637 | Val Acc 0.5327 | ETputs(KTEPS) 53176.38
2023-10-11 09:44:00,349 - tune.py [line:103] - INFO: Epoch 01880 | Time(s) 0.0756 | Val Loss 4.1135 | Val Acc 0.5279 | ETputs(KTEPS) 53133.89
2023-10-11 09:44:01,791 - tune.py [line:103] - INFO: Epoch 01900 | Time(s) 0.0756 | Val Loss 4.0940 | Val Acc 0.5308 | ETputs(KTEPS) 53160.39
2023-10-11 09:44:03,365 - tune.py [line:103] - INFO: Epoch 01920 | Time(s) 0.0756 | Val Loss 4.0851 | Val Acc 0.5298 | ETputs(KTEPS) 53138.10
2023-10-11 09:44:04,700 - tune.py [line:103] - INFO: Epoch 01940 | Time(s) 0.0755 | Val Loss 4.1468 | Val Acc 0.5163 | ETputs(KTEPS) 53202.75
2023-10-11 09:44:06,347 - tune.py [line:103] - INFO: Epoch 01960 | Time(s) 0.0756 | Val Loss 4.1460 | Val Acc 0.5212 | ETputs(KTEPS) 53154.47
2023-10-11 09:44:07,616 - tune.py [line:103] - INFO: Epoch 01980 | Time(s) 0.0755 | Val Loss 4.1737 | Val Acc 0.5231 | ETputs(KTEPS) 53241.69
2023-10-11 09:44:09,138 - tune.py [line:103] - INFO: Epoch 02000 | Time(s) 0.0755 | Val Loss 4.1318 | Val Acc 0.5183 | ETputs(KTEPS) 53237.73
2023-10-11 09:44:09,193 - tune.py [line:117] - INFO: [FINAL MODEL] Val accuracy 53.46% \Val loss: 4.0
2023-10-11 09:44:09,238 - tune.py [line:119] - INFO: [FINAL MODEL] Test accuracy 52.26% \Test loss: 4.5
2023-10-11 09:44:09,238 - tune.py [line:144] - INFO: Acc on the first split (Validation Set): 0.5346
2023-10-11 09:44:09,238 - tune.py [line:145] - INFO: Acc on the first split (Test Set): 0.5226
