2023-10-11 10:31:12,629 - tune.py [line:203] - INFO: Namespace(seed=42, model='GPRGNN', gpu=1, dataset='geom-squirrel', logging=True, log_detail=True, log_detailedCh=False, id_log=1011014504, optuna_n_trials=202, n_epochs=2000, self_loop=True, udgraph=True, early_stop=True, patience=300, n_hidden=64, n_cv=1, start_cv=0, n_layers=20, lr1=0.05, lr2=0.04, wd1=1e-07, wd2=0.0001, dropout=0.0, dropout2=0.8, alpha=0.30000000000000004, es_ckpt='TestTuningScript-geom-squirrel_geom-squirrel_trialNo108')
2023-10-11 10:31:15,211 - tune.py [line:128] - INFO: Split_seeds:[1824]
2023-10-11 10:31:15,212 - tune.py [line:129] - INFO: Model_seeds:[409]
2023-10-11 10:31:17,026 - tune.py [line:103] - INFO: Epoch 00020 | Time(s) 0.0880 | Val Loss 1.5157 | Val Acc 0.3529 | ETputs(KTEPS) 45674.05
2023-10-11 10:31:18,692 - tune.py [line:103] - INFO: Epoch 00040 | Time(s) 0.0853 | Val Loss 1.6668 | Val Acc 0.3875 | ETputs(KTEPS) 47091.62
2023-10-11 10:31:20,416 - tune.py [line:103] - INFO: Epoch 00060 | Time(s) 0.0855 | Val Loss 2.0431 | Val Acc 0.4173 | ETputs(KTEPS) 47024.77
2023-10-11 10:31:22,107 - tune.py [line:103] - INFO: Epoch 00080 | Time(s) 0.0851 | Val Loss 2.4107 | Val Acc 0.4163 | ETputs(KTEPS) 47237.71
2023-10-11 10:31:23,825 - tune.py [line:103] - INFO: Epoch 00100 | Time(s) 0.0852 | Val Loss 2.5133 | Val Acc 0.4279 | ETputs(KTEPS) 47174.11
2023-10-11 10:31:25,614 - tune.py [line:103] - INFO: Epoch 00120 | Time(s) 0.0858 | Val Loss 2.6292 | Val Acc 0.4500 | ETputs(KTEPS) 46823.94
2023-10-11 10:31:27,292 - tune.py [line:103] - INFO: Epoch 00140 | Time(s) 0.0855 | Val Loss 2.7541 | Val Acc 0.4692 | ETputs(KTEPS) 47011.75
2023-10-11 10:31:28,777 - tune.py [line:103] - INFO: Epoch 00160 | Time(s) 0.0840 | Val Loss 2.7058 | Val Acc 0.4740 | ETputs(KTEPS) 47836.62
2023-10-11 10:31:30,687 - tune.py [line:103] - INFO: Epoch 00180 | Time(s) 0.0853 | Val Loss 2.7110 | Val Acc 0.4846 | ETputs(KTEPS) 47133.32
2023-10-11 10:31:32,080 - tune.py [line:103] - INFO: Epoch 00200 | Time(s) 0.0837 | Val Loss 2.7583 | Val Acc 0.4913 | ETputs(KTEPS) 48031.49
2023-10-11 10:31:33,638 - tune.py [line:103] - INFO: Epoch 00220 | Time(s) 0.0831 | Val Loss 2.7379 | Val Acc 0.4933 | ETputs(KTEPS) 48350.16
2023-10-11 10:31:34,980 - tune.py [line:103] - INFO: Epoch 00240 | Time(s) 0.0818 | Val Loss 2.6538 | Val Acc 0.5087 | ETputs(KTEPS) 49155.01
2023-10-11 10:31:36,725 - tune.py [line:103] - INFO: Epoch 00260 | Time(s) 0.0822 | Val Loss 2.7012 | Val Acc 0.5067 | ETputs(KTEPS) 48921.23
2023-10-11 10:31:38,326 - tune.py [line:103] - INFO: Epoch 00280 | Time(s) 0.0820 | Val Loss 2.6862 | Val Acc 0.5096 | ETputs(KTEPS) 49017.53
2023-10-11 10:31:40,039 - tune.py [line:103] - INFO: Epoch 00300 | Time(s) 0.0822 | Val Loss 2.7057 | Val Acc 0.5096 | ETputs(KTEPS) 48873.91
2023-10-11 10:31:41,830 - tune.py [line:103] - INFO: Epoch 00320 | Time(s) 0.0827 | Val Loss 2.7373 | Val Acc 0.5288 | ETputs(KTEPS) 48615.79
2023-10-11 10:31:43,303 - tune.py [line:103] - INFO: Epoch 00340 | Time(s) 0.0821 | Val Loss 2.7260 | Val Acc 0.5308 | ETputs(KTEPS) 48933.86
2023-10-11 10:31:45,061 - tune.py [line:103] - INFO: Epoch 00360 | Time(s) 0.0825 | Val Loss 2.7542 | Val Acc 0.5260 | ETputs(KTEPS) 48744.69
2023-10-11 10:31:46,665 - tune.py [line:103] - INFO: Epoch 00380 | Time(s) 0.0823 | Val Loss 2.8542 | Val Acc 0.5500 | ETputs(KTEPS) 48826.74
2023-10-11 10:31:48,176 - tune.py [line:103] - INFO: Epoch 00400 | Time(s) 0.0820 | Val Loss 2.9310 | Val Acc 0.5452 | ETputs(KTEPS) 49040.12
2023-10-11 10:31:49,897 - tune.py [line:103] - INFO: Epoch 00420 | Time(s) 0.0821 | Val Loss 2.7916 | Val Acc 0.5481 | ETputs(KTEPS) 48925.10
2023-10-11 10:31:51,498 - tune.py [line:103] - INFO: Epoch 00440 | Time(s) 0.0821 | Val Loss 2.7880 | Val Acc 0.5519 | ETputs(KTEPS) 48983.08
2023-10-11 10:31:53,225 - tune.py [line:103] - INFO: Epoch 00460 | Time(s) 0.0822 | Val Loss 2.8392 | Val Acc 0.5375 | ETputs(KTEPS) 48872.71
2023-10-11 10:31:54,822 - tune.py [line:103] - INFO: Epoch 00480 | Time(s) 0.0821 | Val Loss 2.8481 | Val Acc 0.5510 | ETputs(KTEPS) 48932.45
2023-10-11 10:31:56,564 - tune.py [line:103] - INFO: Epoch 00500 | Time(s) 0.0823 | Val Loss 2.8081 | Val Acc 0.5452 | ETputs(KTEPS) 48814.19
2023-10-11 10:31:58,301 - tune.py [line:103] - INFO: Epoch 00520 | Time(s) 0.0825 | Val Loss 2.7767 | Val Acc 0.5587 | ETputs(KTEPS) 48716.22
2023-10-11 10:31:59,945 - tune.py [line:103] - INFO: Epoch 00540 | Time(s) 0.0825 | Val Loss 2.9482 | Val Acc 0.5596 | ETputs(KTEPS) 48729.59
2023-10-11 10:32:01,658 - tune.py [line:103] - INFO: Epoch 00560 | Time(s) 0.0826 | Val Loss 2.9771 | Val Acc 0.5635 | ETputs(KTEPS) 48665.28
2023-10-11 10:32:03,402 - tune.py [line:103] - INFO: Epoch 00580 | Time(s) 0.0827 | Val Loss 2.8831 | Val Acc 0.5567 | ETputs(KTEPS) 48574.55
2023-10-11 10:32:05,328 - tune.py [line:103] - INFO: Epoch 00600 | Time(s) 0.0832 | Val Loss 2.9551 | Val Acc 0.5577 | ETputs(KTEPS) 48311.44
2023-10-11 10:32:07,121 - tune.py [line:103] - INFO: Epoch 00620 | Time(s) 0.0834 | Val Loss 2.8969 | Val Acc 0.5644 | ETputs(KTEPS) 48191.30
2023-10-11 10:32:08,792 - tune.py [line:103] - INFO: Epoch 00640 | Time(s) 0.0834 | Val Loss 2.8085 | Val Acc 0.5750 | ETputs(KTEPS) 48196.96
2023-10-11 10:32:10,402 - tune.py [line:103] - INFO: Epoch 00660 | Time(s) 0.0833 | Val Loss 3.0109 | Val Acc 0.5740 | ETputs(KTEPS) 48249.93
2023-10-11 10:32:11,780 - tune.py [line:103] - INFO: Epoch 00680 | Time(s) 0.0829 | Val Loss 2.9716 | Val Acc 0.5606 | ETputs(KTEPS) 48496.73
2023-10-11 10:32:13,495 - tune.py [line:103] - INFO: Epoch 00700 | Time(s) 0.0830 | Val Loss 2.9556 | Val Acc 0.5654 | ETputs(KTEPS) 48449.38
2023-10-11 10:32:15,024 - tune.py [line:103] - INFO: Epoch 00720 | Time(s) 0.0828 | Val Loss 3.0971 | Val Acc 0.5663 | ETputs(KTEPS) 48555.63
2023-10-11 10:32:16,653 - tune.py [line:103] - INFO: Epoch 00740 | Time(s) 0.0827 | Val Loss 2.9052 | Val Acc 0.5702 | ETputs(KTEPS) 48577.10
2023-10-11 10:32:18,598 - tune.py [line:103] - INFO: Epoch 00760 | Time(s) 0.0831 | Val Loss 2.7780 | Val Acc 0.5702 | ETputs(KTEPS) 48355.95
2023-10-11 10:32:20,537 - tune.py [line:103] - INFO: Epoch 00780 | Time(s) 0.0835 | Val Loss 3.0872 | Val Acc 0.5644 | ETputs(KTEPS) 48151.69
2023-10-11 10:32:22,156 - tune.py [line:103] - INFO: Epoch 00800 | Time(s) 0.0834 | Val Loss 3.2136 | Val Acc 0.5683 | ETputs(KTEPS) 48188.00
2023-10-11 10:32:23,770 - tune.py [line:103] - INFO: Epoch 00820 | Time(s) 0.0833 | Val Loss 2.8688 | Val Acc 0.5702 | ETputs(KTEPS) 48226.78
2023-10-11 10:32:25,599 - tune.py [line:103] - INFO: Epoch 00840 | Time(s) 0.0835 | Val Loss 3.0676 | Val Acc 0.5683 | ETputs(KTEPS) 48115.60
2023-10-11 10:32:27,297 - tune.py [line:103] - INFO: Epoch 00860 | Time(s) 0.0836 | Val Loss 3.1571 | Val Acc 0.5596 | ETputs(KTEPS) 48097.92
2023-10-11 10:32:29,082 - tune.py [line:103] - INFO: Epoch 00880 | Time(s) 0.0837 | Val Loss 3.1349 | Val Acc 0.5712 | ETputs(KTEPS) 48024.36
2023-10-11 10:32:30,899 - tune.py [line:103] - INFO: Epoch 00900 | Time(s) 0.0838 | Val Loss 3.1563 | Val Acc 0.5692 | ETputs(KTEPS) 47933.40
2023-10-11 10:32:32,669 - tune.py [line:103] - INFO: Epoch 00920 | Time(s) 0.0839 | Val Loss 3.1514 | Val Acc 0.5788 | ETputs(KTEPS) 47876.16
2023-10-11 10:32:34,634 - tune.py [line:103] - INFO: Epoch 00940 | Time(s) 0.0843 | Val Loss 3.3840 | Val Acc 0.5760 | ETputs(KTEPS) 47703.57
2023-10-11 10:32:36,417 - tune.py [line:103] - INFO: Epoch 00960 | Time(s) 0.0844 | Val Loss 3.2947 | Val Acc 0.5721 | ETputs(KTEPS) 47646.45
2023-10-11 10:32:38,012 - tune.py [line:103] - INFO: Epoch 00980 | Time(s) 0.0843 | Val Loss 3.3037 | Val Acc 0.5712 | ETputs(KTEPS) 47699.62
2023-10-11 10:32:39,794 - tune.py [line:103] - INFO: Epoch 01000 | Time(s) 0.0844 | Val Loss 3.1628 | Val Acc 0.5760 | ETputs(KTEPS) 47645.30
2023-10-11 10:32:41,657 - tune.py [line:103] - INFO: Epoch 01020 | Time(s) 0.0845 | Val Loss 3.2000 | Val Acc 0.5702 | ETputs(KTEPS) 47548.76
2023-10-11 10:32:43,280 - tune.py [line:103] - INFO: Epoch 01040 | Time(s) 0.0845 | Val Loss 3.3337 | Val Acc 0.5673 | ETputs(KTEPS) 47585.35
2023-10-11 10:32:44,009 - tune.py [line:117] - INFO: [FINAL MODEL] Val accuracy 58.27% \Val loss: 2.9
2023-10-11 10:32:44,015 - tune.py [line:119] - INFO: [FINAL MODEL] Test accuracy 57.25% \Test loss: 3.2
2023-10-11 10:32:44,016 - tune.py [line:144] - INFO: Acc on the first split (Validation Set): 0.5827
2023-10-11 10:32:44,016 - tune.py [line:145] - INFO: Acc on the first split (Test Set): 0.5725
