2023-10-11 09:45:23,870 - tune.py [line:203] - INFO: Namespace(seed=42, model='GPRGNN', gpu=1, dataset='geom-squirrel', logging=True, log_detail=True, log_detailedCh=False, id_log=1011014504, optuna_n_trials=202, n_epochs=2000, self_loop=True, udgraph=True, early_stop=True, patience=300, n_hidden=64, n_cv=1, start_cv=0, n_layers=12, lr1=0.001, lr2=0.04, wd1=0.0001, wd2=1e-07, dropout=0.6, dropout2=0.6, alpha=0.8, es_ckpt='TestTuningScript-geom-squirrel_geom-squirrel_trialNo4')
2023-10-11 09:45:26,532 - tune.py [line:128] - INFO: Split_seeds:[1824]
2023-10-11 09:45:26,532 - tune.py [line:129] - INFO: Model_seeds:[409]
2023-10-11 09:45:27,729 - tune.py [line:103] - INFO: Epoch 00020 | Time(s) 0.0577 | Val Loss 1.5886 | Val Acc 0.2029 | ETputs(KTEPS) 69634.95
2023-10-11 09:45:29,061 - tune.py [line:103] - INFO: Epoch 00040 | Time(s) 0.0616 | Val Loss 1.5768 | Val Acc 0.2894 | ETputs(KTEPS) 65251.58
2023-10-11 09:45:30,521 - tune.py [line:103] - INFO: Epoch 00060 | Time(s) 0.0650 | Val Loss 1.5696 | Val Acc 0.3029 | ETputs(KTEPS) 61793.52
2023-10-11 09:45:31,701 - tune.py [line:103] - INFO: Epoch 00080 | Time(s) 0.0635 | Val Loss 1.5647 | Val Acc 0.3038 | ETputs(KTEPS) 63266.98
2023-10-11 09:45:32,971 - tune.py [line:103] - INFO: Epoch 00100 | Time(s) 0.0635 | Val Loss 1.5601 | Val Acc 0.3087 | ETputs(KTEPS) 63321.10
2023-10-11 09:45:34,206 - tune.py [line:103] - INFO: Epoch 00120 | Time(s) 0.0631 | Val Loss 1.5586 | Val Acc 0.3183 | ETputs(KTEPS) 63738.68
2023-10-11 09:45:35,537 - tune.py [line:103] - INFO: Epoch 00140 | Time(s) 0.0635 | Val Loss 1.5534 | Val Acc 0.3250 | ETputs(KTEPS) 63303.16
2023-10-11 09:45:36,763 - tune.py [line:103] - INFO: Epoch 00160 | Time(s) 0.0632 | Val Loss 1.5489 | Val Acc 0.3288 | ETputs(KTEPS) 63581.63
2023-10-11 09:45:38,024 - tune.py [line:103] - INFO: Epoch 00180 | Time(s) 0.0632 | Val Loss 1.5504 | Val Acc 0.3144 | ETputs(KTEPS) 63603.87
2023-10-11 09:45:39,363 - tune.py [line:103] - INFO: Epoch 00200 | Time(s) 0.0635 | Val Loss 1.5399 | Val Acc 0.3279 | ETputs(KTEPS) 63270.95
2023-10-11 09:45:40,695 - tune.py [line:103] - INFO: Epoch 00220 | Time(s) 0.0638 | Val Loss 1.5358 | Val Acc 0.3365 | ETputs(KTEPS) 62998.15
2023-10-11 09:45:41,973 - tune.py [line:103] - INFO: Epoch 00240 | Time(s) 0.0638 | Val Loss 1.5305 | Val Acc 0.3317 | ETputs(KTEPS) 63043.16
2023-10-11 09:45:43,213 - tune.py [line:103] - INFO: Epoch 00260 | Time(s) 0.0636 | Val Loss 1.5225 | Val Acc 0.3317 | ETputs(KTEPS) 63179.09
2023-10-11 09:45:44,625 - tune.py [line:103] - INFO: Epoch 00280 | Time(s) 0.0641 | Val Loss 1.5185 | Val Acc 0.3413 | ETputs(KTEPS) 62706.02
2023-10-11 09:45:45,903 - tune.py [line:103] - INFO: Epoch 00300 | Time(s) 0.0641 | Val Loss 1.5136 | Val Acc 0.3490 | ETputs(KTEPS) 62740.86
2023-10-11 09:45:47,020 - tune.py [line:103] - INFO: Epoch 00320 | Time(s) 0.0635 | Val Loss 1.5065 | Val Acc 0.3490 | ETputs(KTEPS) 63259.14
2023-10-11 09:45:48,426 - tune.py [line:103] - INFO: Epoch 00340 | Time(s) 0.0639 | Val Loss 1.5066 | Val Acc 0.3433 | ETputs(KTEPS) 62876.89
2023-10-11 09:45:49,676 - tune.py [line:103] - INFO: Epoch 00360 | Time(s) 0.0638 | Val Loss 1.4975 | Val Acc 0.3529 | ETputs(KTEPS) 62967.68
2023-10-11 09:45:50,762 - tune.py [line:103] - INFO: Epoch 00380 | Time(s) 0.0633 | Val Loss 1.4956 | Val Acc 0.3596 | ETputs(KTEPS) 63465.79
2023-10-11 09:45:52,036 - tune.py [line:103] - INFO: Epoch 00400 | Time(s) 0.0633 | Val Loss 1.4949 | Val Acc 0.3558 | ETputs(KTEPS) 63455.95
2023-10-11 09:45:53,342 - tune.py [line:103] - INFO: Epoch 00420 | Time(s) 0.0634 | Val Loss 1.4949 | Val Acc 0.3548 | ETputs(KTEPS) 63364.79
2023-10-11 09:45:54,673 - tune.py [line:103] - INFO: Epoch 00440 | Time(s) 0.0636 | Val Loss 1.5021 | Val Acc 0.3490 | ETputs(KTEPS) 63224.28
2023-10-11 09:45:55,840 - tune.py [line:103] - INFO: Epoch 00460 | Time(s) 0.0633 | Val Loss 1.4949 | Val Acc 0.3587 | ETputs(KTEPS) 63467.59
2023-10-11 09:45:57,015 - tune.py [line:103] - INFO: Epoch 00480 | Time(s) 0.0631 | Val Loss 1.4970 | Val Acc 0.3538 | ETputs(KTEPS) 63665.51
2023-10-11 09:45:58,540 - tune.py [line:103] - INFO: Epoch 00500 | Time(s) 0.0636 | Val Loss 1.4876 | Val Acc 0.3577 | ETputs(KTEPS) 63145.33
2023-10-11 09:45:59,701 - tune.py [line:103] - INFO: Epoch 00520 | Time(s) 0.0634 | Val Loss 1.4909 | Val Acc 0.3654 | ETputs(KTEPS) 63360.63
2023-10-11 09:46:00,862 - tune.py [line:103] - INFO: Epoch 00540 | Time(s) 0.0632 | Val Loss 1.4906 | Val Acc 0.3596 | ETputs(KTEPS) 63575.71
2023-10-11 09:46:02,172 - tune.py [line:103] - INFO: Epoch 00560 | Time(s) 0.0633 | Val Loss 1.4918 | Val Acc 0.3673 | ETputs(KTEPS) 63495.91
2023-10-11 09:46:03,443 - tune.py [line:103] - INFO: Epoch 00580 | Time(s) 0.0633 | Val Loss 1.4794 | Val Acc 0.3644 | ETputs(KTEPS) 63489.88
2023-10-11 09:46:04,648 - tune.py [line:103] - INFO: Epoch 00600 | Time(s) 0.0632 | Val Loss 1.4903 | Val Acc 0.3683 | ETputs(KTEPS) 63592.95
2023-10-11 09:46:05,774 - tune.py [line:103] - INFO: Epoch 00620 | Time(s) 0.0630 | Val Loss 1.4817 | Val Acc 0.3750 | ETputs(KTEPS) 63832.11
2023-10-11 09:46:07,066 - tune.py [line:103] - INFO: Epoch 00640 | Time(s) 0.0630 | Val Loss 1.4805 | Val Acc 0.3779 | ETputs(KTEPS) 63793.26
2023-10-11 09:46:08,428 - tune.py [line:103] - INFO: Epoch 00660 | Time(s) 0.0631 | Val Loss 1.4840 | Val Acc 0.3837 | ETputs(KTEPS) 63657.34
2023-10-11 09:46:09,619 - tune.py [line:103] - INFO: Epoch 00680 | Time(s) 0.0630 | Val Loss 1.4847 | Val Acc 0.3769 | ETputs(KTEPS) 63765.23
2023-10-11 09:46:10,804 - tune.py [line:103] - INFO: Epoch 00700 | Time(s) 0.0629 | Val Loss 1.4777 | Val Acc 0.3837 | ETputs(KTEPS) 63882.56
2023-10-11 09:46:11,978 - tune.py [line:103] - INFO: Epoch 00720 | Time(s) 0.0628 | Val Loss 1.4742 | Val Acc 0.3952 | ETputs(KTEPS) 64005.39
2023-10-11 09:46:13,376 - tune.py [line:103] - INFO: Epoch 00740 | Time(s) 0.0630 | Val Loss 1.4783 | Val Acc 0.3913 | ETputs(KTEPS) 63815.86
2023-10-11 09:46:14,639 - tune.py [line:103] - INFO: Epoch 00760 | Time(s) 0.0630 | Val Loss 1.4771 | Val Acc 0.3712 | ETputs(KTEPS) 63811.54
2023-10-11 09:46:15,937 - tune.py [line:103] - INFO: Epoch 00780 | Time(s) 0.0630 | Val Loss 1.4775 | Val Acc 0.3769 | ETputs(KTEPS) 63762.82
2023-10-11 09:46:17,352 - tune.py [line:103] - INFO: Epoch 00800 | Time(s) 0.0632 | Val Loss 1.4665 | Val Acc 0.3904 | ETputs(KTEPS) 63569.44
2023-10-11 09:46:18,487 - tune.py [line:103] - INFO: Epoch 00820 | Time(s) 0.0631 | Val Loss 1.4747 | Val Acc 0.3827 | ETputs(KTEPS) 63730.17
2023-10-11 09:46:19,686 - tune.py [line:103] - INFO: Epoch 00840 | Time(s) 0.0630 | Val Loss 1.4761 | Val Acc 0.3894 | ETputs(KTEPS) 63805.54
2023-10-11 09:46:20,757 - tune.py [line:103] - INFO: Epoch 00860 | Time(s) 0.0628 | Val Loss 1.4679 | Val Acc 0.3942 | ETputs(KTEPS) 64030.43
2023-10-11 09:46:21,890 - tune.py [line:103] - INFO: Epoch 00880 | Time(s) 0.0626 | Val Loss 1.4706 | Val Acc 0.3885 | ETputs(KTEPS) 64172.96
2023-10-11 09:46:23,200 - tune.py [line:103] - INFO: Epoch 00900 | Time(s) 0.0627 | Val Loss 1.4653 | Val Acc 0.3952 | ETputs(KTEPS) 64113.78
2023-10-11 09:46:24,374 - tune.py [line:103] - INFO: Epoch 00920 | Time(s) 0.0626 | Val Loss 1.4709 | Val Acc 0.3808 | ETputs(KTEPS) 64204.23
2023-10-11 09:46:25,693 - tune.py [line:103] - INFO: Epoch 00940 | Time(s) 0.0627 | Val Loss 1.4708 | Val Acc 0.4019 | ETputs(KTEPS) 64139.61
2023-10-11 09:46:26,830 - tune.py [line:103] - INFO: Epoch 00960 | Time(s) 0.0625 | Val Loss 1.4639 | Val Acc 0.3981 | ETputs(KTEPS) 64268.75
2023-10-11 09:46:28,038 - tune.py [line:103] - INFO: Epoch 00980 | Time(s) 0.0625 | Val Loss 1.4617 | Val Acc 0.3904 | ETputs(KTEPS) 64314.48
2023-10-11 09:46:29,208 - tune.py [line:103] - INFO: Epoch 01000 | Time(s) 0.0624 | Val Loss 1.4552 | Val Acc 0.3933 | ETputs(KTEPS) 64398.54
2023-10-11 09:46:30,302 - tune.py [line:103] - INFO: Epoch 01020 | Time(s) 0.0623 | Val Loss 1.4524 | Val Acc 0.3942 | ETputs(KTEPS) 64555.17
2023-10-11 09:46:31,458 - tune.py [line:103] - INFO: Epoch 01040 | Time(s) 0.0622 | Val Loss 1.4459 | Val Acc 0.4048 | ETputs(KTEPS) 64644.83
2023-10-11 09:46:32,768 - tune.py [line:103] - INFO: Epoch 01060 | Time(s) 0.0622 | Val Loss 1.4568 | Val Acc 0.3875 | ETputs(KTEPS) 64581.18
2023-10-11 09:46:33,943 - tune.py [line:103] - INFO: Epoch 01080 | Time(s) 0.0622 | Val Loss 1.4564 | Val Acc 0.3962 | ETputs(KTEPS) 64649.69
2023-10-11 09:46:35,147 - tune.py [line:103] - INFO: Epoch 01100 | Time(s) 0.0621 | Val Loss 1.4441 | Val Acc 0.3981 | ETputs(KTEPS) 64687.90
2023-10-11 09:46:36,325 - tune.py [line:103] - INFO: Epoch 01120 | Time(s) 0.0621 | Val Loss 1.4385 | Val Acc 0.4038 | ETputs(KTEPS) 64749.38
2023-10-11 09:46:37,562 - tune.py [line:103] - INFO: Epoch 01140 | Time(s) 0.0621 | Val Loss 1.4441 | Val Acc 0.4058 | ETputs(KTEPS) 64753.66
2023-10-11 09:46:38,952 - tune.py [line:103] - INFO: Epoch 01160 | Time(s) 0.0622 | Val Loss 1.4438 | Val Acc 0.4029 | ETputs(KTEPS) 64622.38
2023-10-11 09:46:40,155 - tune.py [line:103] - INFO: Epoch 01180 | Time(s) 0.0622 | Val Loss 1.4458 | Val Acc 0.4010 | ETputs(KTEPS) 64658.82
2023-10-11 09:46:41,342 - tune.py [line:103] - INFO: Epoch 01200 | Time(s) 0.0621 | Val Loss 1.4368 | Val Acc 0.4010 | ETputs(KTEPS) 64712.79
2023-10-11 09:46:42,498 - tune.py [line:103] - INFO: Epoch 01220 | Time(s) 0.0620 | Val Loss 1.4365 | Val Acc 0.4010 | ETputs(KTEPS) 64787.27
2023-10-11 09:46:43,626 - tune.py [line:103] - INFO: Epoch 01240 | Time(s) 0.0619 | Val Loss 1.4377 | Val Acc 0.3942 | ETputs(KTEPS) 64882.77
2023-10-11 09:46:44,974 - tune.py [line:103] - INFO: Epoch 01260 | Time(s) 0.0620 | Val Loss 1.4364 | Val Acc 0.3933 | ETputs(KTEPS) 64793.27
2023-10-11 09:46:46,206 - tune.py [line:103] - INFO: Epoch 01280 | Time(s) 0.0620 | Val Loss 1.4372 | Val Acc 0.3875 | ETputs(KTEPS) 64801.06
2023-10-11 09:46:47,463 - tune.py [line:103] - INFO: Epoch 01300 | Time(s) 0.0620 | Val Loss 1.4303 | Val Acc 0.3904 | ETputs(KTEPS) 64788.27
2023-10-11 09:46:48,729 - tune.py [line:103] - INFO: Epoch 01320 | Time(s) 0.0621 | Val Loss 1.4168 | Val Acc 0.4029 | ETputs(KTEPS) 64769.71
2023-10-11 09:46:50,116 - tune.py [line:103] - INFO: Epoch 01340 | Time(s) 0.0622 | Val Loss 1.4090 | Val Acc 0.4096 | ETputs(KTEPS) 64663.24
2023-10-11 09:46:51,227 - tune.py [line:103] - INFO: Epoch 01360 | Time(s) 0.0621 | Val Loss 1.4233 | Val Acc 0.4058 | ETputs(KTEPS) 64765.10
2023-10-11 09:46:52,357 - tune.py [line:103] - INFO: Epoch 01380 | Time(s) 0.0620 | Val Loss 1.4243 | Val Acc 0.4019 | ETputs(KTEPS) 64849.40
2023-10-11 09:46:53,534 - tune.py [line:103] - INFO: Epoch 01400 | Time(s) 0.0619 | Val Loss 1.4185 | Val Acc 0.4096 | ETputs(KTEPS) 64897.02
2023-10-11 09:46:54,653 - tune.py [line:103] - INFO: Epoch 01420 | Time(s) 0.0618 | Val Loss 1.4195 | Val Acc 0.4106 | ETputs(KTEPS) 64988.08
2023-10-11 09:46:55,729 - tune.py [line:103] - INFO: Epoch 01440 | Time(s) 0.0617 | Val Loss 1.4022 | Val Acc 0.4173 | ETputs(KTEPS) 65115.22
2023-10-11 09:46:57,015 - tune.py [line:103] - INFO: Epoch 01460 | Time(s) 0.0618 | Val Loss 1.4234 | Val Acc 0.4087 | ETputs(KTEPS) 65082.05
2023-10-11 09:46:58,194 - tune.py [line:103] - INFO: Epoch 01480 | Time(s) 0.0617 | Val Loss 1.4156 | Val Acc 0.4058 | ETputs(KTEPS) 65122.73
2023-10-11 09:46:59,462 - tune.py [line:103] - INFO: Epoch 01500 | Time(s) 0.0617 | Val Loss 1.4201 | Val Acc 0.4038 | ETputs(KTEPS) 65100.19
2023-10-11 09:47:00,589 - tune.py [line:103] - INFO: Epoch 01520 | Time(s) 0.0617 | Val Loss 1.4060 | Val Acc 0.4154 | ETputs(KTEPS) 65176.22
2023-10-11 09:47:01,911 - tune.py [line:103] - INFO: Epoch 01540 | Time(s) 0.0617 | Val Loss 1.4118 | Val Acc 0.4106 | ETputs(KTEPS) 65119.28
2023-10-11 09:47:03,346 - tune.py [line:103] - INFO: Epoch 01560 | Time(s) 0.0618 | Val Loss 1.4159 | Val Acc 0.4058 | ETputs(KTEPS) 64985.26
2023-10-11 09:47:04,564 - tune.py [line:103] - INFO: Epoch 01580 | Time(s) 0.0618 | Val Loss 1.4161 | Val Acc 0.4087 | ETputs(KTEPS) 64998.54
2023-10-11 09:47:05,793 - tune.py [line:103] - INFO: Epoch 01600 | Time(s) 0.0618 | Val Loss 1.3991 | Val Acc 0.4144 | ETputs(KTEPS) 65004.41
2023-10-11 09:47:07,151 - tune.py [line:103] - INFO: Epoch 01620 | Time(s) 0.0619 | Val Loss 1.4047 | Val Acc 0.4173 | ETputs(KTEPS) 64926.29
2023-10-11 09:47:08,461 - tune.py [line:103] - INFO: Epoch 01640 | Time(s) 0.0619 | Val Loss 1.4108 | Val Acc 0.4154 | ETputs(KTEPS) 64884.54
2023-10-11 09:47:09,571 - tune.py [line:103] - INFO: Epoch 01660 | Time(s) 0.0619 | Val Loss 1.4034 | Val Acc 0.4163 | ETputs(KTEPS) 64966.74
2023-10-11 09:47:10,837 - tune.py [line:103] - INFO: Epoch 01680 | Time(s) 0.0619 | Val Loss 1.4039 | Val Acc 0.4183 | ETputs(KTEPS) 64949.16
2023-10-11 09:47:12,151 - tune.py [line:103] - INFO: Epoch 01700 | Time(s) 0.0619 | Val Loss 1.4007 | Val Acc 0.4221 | ETputs(KTEPS) 64902.99
2023-10-11 09:47:13,358 - tune.py [line:103] - INFO: Epoch 01720 | Time(s) 0.0619 | Val Loss 1.4032 | Val Acc 0.4115 | ETputs(KTEPS) 64922.59
2023-10-11 09:47:14,575 - tune.py [line:103] - INFO: Epoch 01740 | Time(s) 0.0619 | Val Loss 1.4070 | Val Acc 0.4115 | ETputs(KTEPS) 64935.54
2023-10-11 09:47:15,633 - tune.py [line:103] - INFO: Epoch 01760 | Time(s) 0.0618 | Val Loss 1.4054 | Val Acc 0.4183 | ETputs(KTEPS) 65043.65
2023-10-11 09:47:16,883 - tune.py [line:103] - INFO: Epoch 01780 | Time(s) 0.0618 | Val Loss 1.3956 | Val Acc 0.4221 | ETputs(KTEPS) 65039.31
2023-10-11 09:47:18,353 - tune.py [line:103] - INFO: Epoch 01800 | Time(s) 0.0619 | Val Loss 1.3918 | Val Acc 0.4240 | ETputs(KTEPS) 64903.40
2023-10-11 09:47:19,622 - tune.py [line:103] - INFO: Epoch 01820 | Time(s) 0.0619 | Val Loss 1.3869 | Val Acc 0.4250 | ETputs(KTEPS) 64886.34
2023-10-11 09:47:20,774 - tune.py [line:103] - INFO: Epoch 01840 | Time(s) 0.0619 | Val Loss 1.4034 | Val Acc 0.4221 | ETputs(KTEPS) 64939.92
2023-10-11 09:47:22,169 - tune.py [line:103] - INFO: Epoch 01860 | Time(s) 0.0620 | Val Loss 1.4002 | Val Acc 0.4192 | ETputs(KTEPS) 64852.41
2023-10-11 09:47:23,557 - tune.py [line:103] - INFO: Epoch 01880 | Time(s) 0.0620 | Val Loss 1.3956 | Val Acc 0.4250 | ETputs(KTEPS) 64773.27
2023-10-11 09:47:24,656 - tune.py [line:103] - INFO: Epoch 01900 | Time(s) 0.0620 | Val Loss 1.3881 | Val Acc 0.4269 | ETputs(KTEPS) 64852.13
2023-10-11 09:47:25,894 - tune.py [line:103] - INFO: Epoch 01920 | Time(s) 0.0620 | Val Loss 1.3866 | Val Acc 0.4308 | ETputs(KTEPS) 64853.39
2023-10-11 09:47:27,038 - tune.py [line:103] - INFO: Epoch 01940 | Time(s) 0.0619 | Val Loss 1.3878 | Val Acc 0.4221 | ETputs(KTEPS) 64905.95
2023-10-11 09:47:28,436 - tune.py [line:103] - INFO: Epoch 01960 | Time(s) 0.0620 | Val Loss 1.3921 | Val Acc 0.4231 | ETputs(KTEPS) 64821.80
2023-10-11 09:47:29,653 - tune.py [line:103] - INFO: Epoch 01980 | Time(s) 0.0620 | Val Loss 1.3826 | Val Acc 0.4288 | ETputs(KTEPS) 64834.88
2023-10-11 09:47:30,938 - tune.py [line:103] - INFO: Epoch 02000 | Time(s) 0.0620 | Val Loss 1.4016 | Val Acc 0.4269 | ETputs(KTEPS) 64812.06
2023-10-11 09:47:30,945 - tune.py [line:117] - INFO: [FINAL MODEL] Val accuracy 43.65% \Val loss: 1.4
2023-10-11 09:47:30,949 - tune.py [line:119] - INFO: [FINAL MODEL] Test accuracy 45.63% \Test loss: 1.4
2023-10-11 09:47:30,950 - tune.py [line:144] - INFO: Acc on the first split (Validation Set): 0.4365
2023-10-11 09:47:30,950 - tune.py [line:145] - INFO: Acc on the first split (Test Set): 0.4563
