2023-10-11 10:03:36,547 - tune.py [line:203] - INFO: Namespace(seed=42, model='GPRGNN', gpu=1, dataset='geom-squirrel', logging=True, log_detail=True, log_detailedCh=False, id_log=1011014504, optuna_n_trials=202, n_epochs=2000, self_loop=True, udgraph=True, early_stop=True, patience=300, n_hidden=64, n_cv=1, start_cv=0, n_layers=16, lr1=0.03, lr2=0.02, wd1=1e-07, wd2=1e-05, dropout=0.2, dropout2=0.5, alpha=0.5, es_ckpt='TestTuningScript-geom-squirrel_geom-squirrel_trialNo24')
2023-10-11 10:03:39,328 - tune.py [line:128] - INFO: Split_seeds:[1824]
2023-10-11 10:03:39,328 - tune.py [line:129] - INFO: Model_seeds:[409]
2023-10-11 10:03:40,806 - tune.py [line:103] - INFO: Epoch 00020 | Time(s) 0.0709 | Val Loss 1.5495 | Val Acc 0.3635 | ETputs(KTEPS) 56647.45
2023-10-11 10:03:42,181 - tune.py [line:103] - INFO: Epoch 00040 | Time(s) 0.0696 | Val Loss 1.6801 | Val Acc 0.3798 | ETputs(KTEPS) 57718.97
2023-10-11 10:03:43,848 - tune.py [line:103] - INFO: Epoch 00060 | Time(s) 0.0740 | Val Loss 1.8561 | Val Acc 0.3962 | ETputs(KTEPS) 54338.54
2023-10-11 10:03:45,405 - tune.py [line:103] - INFO: Epoch 00080 | Time(s) 0.0747 | Val Loss 2.0725 | Val Acc 0.4067 | ETputs(KTEPS) 53766.95
2023-10-11 10:03:46,885 - tune.py [line:103] - INFO: Epoch 00100 | Time(s) 0.0745 | Val Loss 2.1916 | Val Acc 0.4144 | ETputs(KTEPS) 53978.25
2023-10-11 10:03:48,470 - tune.py [line:103] - INFO: Epoch 00120 | Time(s) 0.0751 | Val Loss 2.2810 | Val Acc 0.4365 | ETputs(KTEPS) 53506.31
2023-10-11 10:03:49,995 - tune.py [line:103] - INFO: Epoch 00140 | Time(s) 0.0753 | Val Loss 2.3387 | Val Acc 0.4317 | ETputs(KTEPS) 53404.93
2023-10-11 10:03:51,811 - tune.py [line:103] - INFO: Epoch 00160 | Time(s) 0.0772 | Val Loss 2.4113 | Val Acc 0.4481 | ETputs(KTEPS) 52091.85
2023-10-11 10:03:53,166 - tune.py [line:103] - INFO: Epoch 00180 | Time(s) 0.0760 | Val Loss 2.3392 | Val Acc 0.4548 | ETputs(KTEPS) 52853.96
2023-10-11 10:03:54,840 - tune.py [line:103] - INFO: Epoch 00200 | Time(s) 0.0768 | Val Loss 2.4056 | Val Acc 0.4606 | ETputs(KTEPS) 52337.96
2023-10-11 10:03:56,378 - tune.py [line:103] - INFO: Epoch 00220 | Time(s) 0.0768 | Val Loss 2.3653 | Val Acc 0.4596 | ETputs(KTEPS) 52351.53
2023-10-11 10:03:57,904 - tune.py [line:103] - INFO: Epoch 00240 | Time(s) 0.0767 | Val Loss 2.3595 | Val Acc 0.4683 | ETputs(KTEPS) 52395.04
2023-10-11 10:03:59,422 - tune.py [line:103] - INFO: Epoch 00260 | Time(s) 0.0766 | Val Loss 2.4154 | Val Acc 0.4740 | ETputs(KTEPS) 52446.10
2023-10-11 10:04:00,923 - tune.py [line:103] - INFO: Epoch 00280 | Time(s) 0.0765 | Val Loss 2.4016 | Val Acc 0.4952 | ETputs(KTEPS) 52560.21
2023-10-11 10:04:02,270 - tune.py [line:103] - INFO: Epoch 00300 | Time(s) 0.0758 | Val Loss 2.4156 | Val Acc 0.4885 | ETputs(KTEPS) 53003.45
2023-10-11 10:04:03,942 - tune.py [line:103] - INFO: Epoch 00320 | Time(s) 0.0763 | Val Loss 2.4349 | Val Acc 0.4817 | ETputs(KTEPS) 52671.74
2023-10-11 10:04:05,470 - tune.py [line:103] - INFO: Epoch 00340 | Time(s) 0.0763 | Val Loss 2.4322 | Val Acc 0.5000 | ETputs(KTEPS) 52668.82
2023-10-11 10:04:07,016 - tune.py [line:103] - INFO: Epoch 00360 | Time(s) 0.0764 | Val Loss 2.4723 | Val Acc 0.5000 | ETputs(KTEPS) 52631.71
2023-10-11 10:04:08,756 - tune.py [line:103] - INFO: Epoch 00380 | Time(s) 0.0769 | Val Loss 2.5016 | Val Acc 0.4923 | ETputs(KTEPS) 52256.61
2023-10-11 10:04:10,020 - tune.py [line:103] - INFO: Epoch 00400 | Time(s) 0.0762 | Val Loss 2.4568 | Val Acc 0.4962 | ETputs(KTEPS) 52728.62
2023-10-11 10:04:11,576 - tune.py [line:103] - INFO: Epoch 00420 | Time(s) 0.0763 | Val Loss 2.4903 | Val Acc 0.5038 | ETputs(KTEPS) 52677.07
2023-10-11 10:04:13,023 - tune.py [line:103] - INFO: Epoch 00440 | Time(s) 0.0761 | Val Loss 2.5399 | Val Acc 0.5010 | ETputs(KTEPS) 52806.69
2023-10-11 10:04:14,498 - tune.py [line:103] - INFO: Epoch 00460 | Time(s) 0.0760 | Val Loss 2.5594 | Val Acc 0.5029 | ETputs(KTEPS) 52885.97
2023-10-11 10:04:16,034 - tune.py [line:103] - INFO: Epoch 00480 | Time(s) 0.0760 | Val Loss 2.4978 | Val Acc 0.5029 | ETputs(KTEPS) 52871.08
2023-10-11 10:04:17,537 - tune.py [line:103] - INFO: Epoch 00500 | Time(s) 0.0760 | Val Loss 2.5042 | Val Acc 0.5077 | ETputs(KTEPS) 52897.23
2023-10-11 10:04:19,115 - tune.py [line:103] - INFO: Epoch 00520 | Time(s) 0.0761 | Val Loss 2.4646 | Val Acc 0.4962 | ETputs(KTEPS) 52819.85
2023-10-11 10:04:20,552 - tune.py [line:103] - INFO: Epoch 00540 | Time(s) 0.0759 | Val Loss 2.5024 | Val Acc 0.5077 | ETputs(KTEPS) 52929.95
2023-10-11 10:04:22,122 - tune.py [line:103] - INFO: Epoch 00560 | Time(s) 0.0760 | Val Loss 2.5586 | Val Acc 0.5029 | ETputs(KTEPS) 52876.52
2023-10-11 10:04:23,447 - tune.py [line:103] - INFO: Epoch 00580 | Time(s) 0.0757 | Val Loss 2.5718 | Val Acc 0.5019 | ETputs(KTEPS) 53113.04
2023-10-11 10:04:24,883 - tune.py [line:103] - INFO: Epoch 00600 | Time(s) 0.0755 | Val Loss 2.5061 | Val Acc 0.5077 | ETputs(KTEPS) 53204.83
2023-10-11 10:04:26,332 - tune.py [line:103] - INFO: Epoch 00620 | Time(s) 0.0754 | Val Loss 2.5253 | Val Acc 0.5135 | ETputs(KTEPS) 53278.70
2023-10-11 10:04:27,842 - tune.py [line:103] - INFO: Epoch 00640 | Time(s) 0.0754 | Val Loss 2.6107 | Val Acc 0.5144 | ETputs(KTEPS) 53278.24
2023-10-11 10:04:29,416 - tune.py [line:103] - INFO: Epoch 00660 | Time(s) 0.0755 | Val Loss 2.6106 | Val Acc 0.5135 | ETputs(KTEPS) 53209.59
2023-10-11 10:04:30,876 - tune.py [line:103] - INFO: Epoch 00680 | Time(s) 0.0755 | Val Loss 2.6964 | Val Acc 0.5173 | ETputs(KTEPS) 53267.76
2023-10-11 10:04:32,452 - tune.py [line:103] - INFO: Epoch 00700 | Time(s) 0.0755 | Val Loss 2.6517 | Val Acc 0.5298 | ETputs(KTEPS) 53212.26
2023-10-11 10:04:34,009 - tune.py [line:103] - INFO: Epoch 00720 | Time(s) 0.0756 | Val Loss 2.5977 | Val Acc 0.5356 | ETputs(KTEPS) 53170.08
2023-10-11 10:04:35,505 - tune.py [line:103] - INFO: Epoch 00740 | Time(s) 0.0756 | Val Loss 2.6299 | Val Acc 0.5337 | ETputs(KTEPS) 53188.60
2023-10-11 10:04:36,924 - tune.py [line:103] - INFO: Epoch 00760 | Time(s) 0.0754 | Val Loss 2.6844 | Val Acc 0.5375 | ETputs(KTEPS) 53274.96
2023-10-11 10:04:38,597 - tune.py [line:103] - INFO: Epoch 00780 | Time(s) 0.0756 | Val Loss 2.6736 | Val Acc 0.5356 | ETputs(KTEPS) 53131.30
2023-10-11 10:04:39,959 - tune.py [line:103] - INFO: Epoch 00800 | Time(s) 0.0755 | Val Loss 2.5894 | Val Acc 0.5500 | ETputs(KTEPS) 53266.87
2023-10-11 10:04:41,638 - tune.py [line:103] - INFO: Epoch 00820 | Time(s) 0.0757 | Val Loss 2.6235 | Val Acc 0.5365 | ETputs(KTEPS) 53122.91
2023-10-11 10:04:42,984 - tune.py [line:103] - INFO: Epoch 00840 | Time(s) 0.0755 | Val Loss 2.6230 | Val Acc 0.5423 | ETputs(KTEPS) 53263.58
2023-10-11 10:04:44,644 - tune.py [line:103] - INFO: Epoch 00860 | Time(s) 0.0756 | Val Loss 2.6560 | Val Acc 0.5433 | ETputs(KTEPS) 53141.17
2023-10-11 10:04:46,216 - tune.py [line:103] - INFO: Epoch 00880 | Time(s) 0.0757 | Val Loss 2.7255 | Val Acc 0.5346 | ETputs(KTEPS) 53095.29
2023-10-11 10:04:47,662 - tune.py [line:103] - INFO: Epoch 00900 | Time(s) 0.0756 | Val Loss 2.7301 | Val Acc 0.5308 | ETputs(KTEPS) 53149.11
2023-10-11 10:04:49,146 - tune.py [line:103] - INFO: Epoch 00920 | Time(s) 0.0756 | Val Loss 2.7382 | Val Acc 0.5356 | ETputs(KTEPS) 53171.99
2023-10-11 10:04:50,650 - tune.py [line:103] - INFO: Epoch 00940 | Time(s) 0.0756 | Val Loss 2.7430 | Val Acc 0.5365 | ETputs(KTEPS) 53177.96
2023-10-11 10:04:51,980 - tune.py [line:103] - INFO: Epoch 00960 | Time(s) 0.0754 | Val Loss 2.6838 | Val Acc 0.5471 | ETputs(KTEPS) 53313.77
2023-10-11 10:04:53,629 - tune.py [line:103] - INFO: Epoch 00980 | Time(s) 0.0755 | Val Loss 2.7308 | Val Acc 0.5308 | ETputs(KTEPS) 53213.16
2023-10-11 10:04:54,970 - tune.py [line:103] - INFO: Epoch 01000 | Time(s) 0.0754 | Val Loss 2.7192 | Val Acc 0.5317 | ETputs(KTEPS) 53333.68
2023-10-11 10:04:56,368 - tune.py [line:103] - INFO: Epoch 01020 | Time(s) 0.0752 | Val Loss 2.7466 | Val Acc 0.5385 | ETputs(KTEPS) 53410.38
2023-10-11 10:04:57,815 - tune.py [line:103] - INFO: Epoch 01040 | Time(s) 0.0752 | Val Loss 2.7603 | Val Acc 0.5288 | ETputs(KTEPS) 53450.04
2023-10-11 10:05:03,641 - tune.py [line:103] - INFO: Epoch 01060 | Time(s) 0.0793 | Val Loss 2.7386 | Val Acc 0.5385 | ETputs(KTEPS) 50701.32
2023-10-11 10:05:05,272 - tune.py [line:103] - INFO: Epoch 01080 | Time(s) 0.0793 | Val Loss 2.7231 | Val Acc 0.5346 | ETputs(KTEPS) 50675.12
2023-10-11 10:05:06,629 - tune.py [line:103] - INFO: Epoch 01100 | Time(s) 0.0791 | Val Loss 2.7809 | Val Acc 0.5433 | ETputs(KTEPS) 50808.58
2023-10-11 10:05:08,288 - tune.py [line:103] - INFO: Epoch 01120 | Time(s) 0.0792 | Val Loss 2.7920 | Val Acc 0.5452 | ETputs(KTEPS) 50765.07
2023-10-11 10:05:09,421 - tune.py [line:103] - INFO: Epoch 01140 | Time(s) 0.0788 | Val Loss 2.7736 | Val Acc 0.5433 | ETputs(KTEPS) 51020.24
2023-10-11 10:05:10,945 - tune.py [line:103] - INFO: Epoch 01160 | Time(s) 0.0787 | Val Loss 2.8012 | Val Acc 0.5413 | ETputs(KTEPS) 51049.58
2023-10-11 10:05:12,372 - tune.py [line:103] - INFO: Epoch 01180 | Time(s) 0.0786 | Val Loss 2.8072 | Val Acc 0.5385 | ETputs(KTEPS) 51131.28
2023-10-11 10:05:13,777 - tune.py [line:103] - INFO: Epoch 01200 | Time(s) 0.0785 | Val Loss 2.8179 | Val Acc 0.5423 | ETputs(KTEPS) 51222.26
2023-10-11 10:05:15,387 - tune.py [line:103] - INFO: Epoch 01220 | Time(s) 0.0785 | Val Loss 2.8178 | Val Acc 0.5394 | ETputs(KTEPS) 51200.71
2023-10-11 10:05:16,587 - tune.py [line:103] - INFO: Epoch 01240 | Time(s) 0.0782 | Val Loss 2.8150 | Val Acc 0.5452 | ETputs(KTEPS) 51397.04
2023-10-11 10:05:18,090 - tune.py [line:103] - INFO: Epoch 01260 | Time(s) 0.0781 | Val Loss 2.8441 | Val Acc 0.5481 | ETputs(KTEPS) 51431.47
2023-10-11 10:05:19,522 - tune.py [line:103] - INFO: Epoch 01280 | Time(s) 0.0780 | Val Loss 2.7774 | Val Acc 0.5442 | ETputs(KTEPS) 51499.29
2023-10-11 10:05:21,062 - tune.py [line:103] - INFO: Epoch 01300 | Time(s) 0.0780 | Val Loss 2.8620 | Val Acc 0.5442 | ETputs(KTEPS) 51510.28
2023-10-11 10:05:22,576 - tune.py [line:103] - INFO: Epoch 01320 | Time(s) 0.0780 | Val Loss 2.8117 | Val Acc 0.5462 | ETputs(KTEPS) 51534.02
2023-10-11 10:05:23,942 - tune.py [line:103] - INFO: Epoch 01340 | Time(s) 0.0778 | Val Loss 2.8382 | Val Acc 0.5481 | ETputs(KTEPS) 51629.78
2023-10-11 10:05:25,634 - tune.py [line:103] - INFO: Epoch 01360 | Time(s) 0.0779 | Val Loss 2.8043 | Val Acc 0.5481 | ETputs(KTEPS) 51564.56
2023-10-11 10:05:27,086 - tune.py [line:103] - INFO: Epoch 01380 | Time(s) 0.0779 | Val Loss 2.8396 | Val Acc 0.5471 | ETputs(KTEPS) 51616.41
2023-10-11 10:05:28,649 - tune.py [line:103] - INFO: Epoch 01400 | Time(s) 0.0779 | Val Loss 2.8098 | Val Acc 0.5471 | ETputs(KTEPS) 51614.08
2023-10-11 10:05:30,029 - tune.py [line:103] - INFO: Epoch 01420 | Time(s) 0.0777 | Val Loss 2.7903 | Val Acc 0.5423 | ETputs(KTEPS) 51697.74
2023-10-11 10:05:31,681 - tune.py [line:103] - INFO: Epoch 01440 | Time(s) 0.0778 | Val Loss 2.9078 | Val Acc 0.5442 | ETputs(KTEPS) 51653.44
2023-10-11 10:05:33,078 - tune.py [line:103] - INFO: Epoch 01460 | Time(s) 0.0777 | Val Loss 2.9120 | Val Acc 0.5510 | ETputs(KTEPS) 51726.07
2023-10-11 10:05:34,731 - tune.py [line:103] - INFO: Epoch 01480 | Time(s) 0.0778 | Val Loss 2.8579 | Val Acc 0.5481 | ETputs(KTEPS) 51682.30
2023-10-11 10:05:36,329 - tune.py [line:103] - INFO: Epoch 01500 | Time(s) 0.0778 | Val Loss 2.8783 | Val Acc 0.5481 | ETputs(KTEPS) 51663.46
2023-10-11 10:05:37,789 - tune.py [line:103] - INFO: Epoch 01520 | Time(s) 0.0777 | Val Loss 2.9235 | Val Acc 0.5462 | ETputs(KTEPS) 51705.93
2023-10-11 10:05:39,205 - tune.py [line:103] - INFO: Epoch 01540 | Time(s) 0.0776 | Val Loss 2.8978 | Val Acc 0.5490 | ETputs(KTEPS) 51766.21
2023-10-11 10:05:39,561 - tune.py [line:117] - INFO: [FINAL MODEL] Val accuracy 55.58% \Val loss: 2.8
2023-10-11 10:05:39,606 - tune.py [line:119] - INFO: [FINAL MODEL] Test accuracy 54.85% \Test loss: 2.9
2023-10-11 10:05:39,607 - tune.py [line:144] - INFO: Acc on the first split (Validation Set): 0.5558
2023-10-11 10:05:39,607 - tune.py [line:145] - INFO: Acc on the first split (Test Set): 0.5485
