2023-10-11 10:23:37,760 - tune.py [line:203] - INFO: Namespace(seed=42, model='GPRGNN', gpu=1, dataset='geom-squirrel', logging=True, log_detail=True, log_detailedCh=False, id_log=1011014504, optuna_n_trials=202, n_epochs=2000, self_loop=True, udgraph=True, early_stop=True, patience=300, n_hidden=64, n_cv=1, start_cv=0, n_layers=8, lr1=0.05, lr2=0.05, wd1=1e-07, wd2=0.001, dropout=0.0, dropout2=0.7, alpha=0.30000000000000004, es_ckpt='TestTuningScript-geom-squirrel_geom-squirrel_trialNo62')
2023-10-11 10:23:40,498 - tune.py [line:128] - INFO: Split_seeds:[1824]
2023-10-11 10:23:40,499 - tune.py [line:129] - INFO: Model_seeds:[409]
2023-10-11 10:23:41,501 - tune.py [line:103] - INFO: Epoch 00020 | Time(s) 0.0489 | Val Loss 1.5505 | Val Acc 0.3740 | ETputs(KTEPS) 82217.08
2023-10-11 10:23:42,509 - tune.py [line:103] - INFO: Epoch 00040 | Time(s) 0.0495 | Val Loss 1.9212 | Val Acc 0.3779 | ETputs(KTEPS) 81255.89
2023-10-11 10:23:43,519 - tune.py [line:103] - INFO: Epoch 00060 | Time(s) 0.0495 | Val Loss 2.7585 | Val Acc 0.4029 | ETputs(KTEPS) 81162.07
2023-10-11 10:23:44,485 - tune.py [line:103] - INFO: Epoch 00080 | Time(s) 0.0491 | Val Loss 3.3263 | Val Acc 0.4125 | ETputs(KTEPS) 81791.74
2023-10-11 10:23:45,479 - tune.py [line:103] - INFO: Epoch 00100 | Time(s) 0.0491 | Val Loss 3.4168 | Val Acc 0.4269 | ETputs(KTEPS) 81843.36
2023-10-11 10:23:46,499 - tune.py [line:103] - INFO: Epoch 00120 | Time(s) 0.0493 | Val Loss 3.7258 | Val Acc 0.4587 | ETputs(KTEPS) 81470.29
2023-10-11 10:23:47,494 - tune.py [line:103] - INFO: Epoch 00140 | Time(s) 0.0494 | Val Loss 3.8368 | Val Acc 0.4577 | ETputs(KTEPS) 81423.14
2023-10-11 10:23:48,484 - tune.py [line:103] - INFO: Epoch 00160 | Time(s) 0.0493 | Val Loss 3.8262 | Val Acc 0.4654 | ETputs(KTEPS) 81465.79
2023-10-11 10:23:49,456 - tune.py [line:103] - INFO: Epoch 00180 | Time(s) 0.0492 | Val Loss 3.9083 | Val Acc 0.4846 | ETputs(KTEPS) 81662.19
2023-10-11 10:23:50,438 - tune.py [line:103] - INFO: Epoch 00200 | Time(s) 0.0491 | Val Loss 3.9851 | Val Acc 0.4913 | ETputs(KTEPS) 81801.88
2023-10-11 10:23:51,417 - tune.py [line:103] - INFO: Epoch 00220 | Time(s) 0.0491 | Val Loss 4.0269 | Val Acc 0.4913 | ETputs(KTEPS) 81834.56
2023-10-11 10:23:52,417 - tune.py [line:103] - INFO: Epoch 00240 | Time(s) 0.0492 | Val Loss 4.0347 | Val Acc 0.4942 | ETputs(KTEPS) 81716.62
2023-10-11 10:23:53,429 - tune.py [line:103] - INFO: Epoch 00260 | Time(s) 0.0493 | Val Loss 4.0544 | Val Acc 0.4894 | ETputs(KTEPS) 81558.76
2023-10-11 10:23:54,430 - tune.py [line:103] - INFO: Epoch 00280 | Time(s) 0.0493 | Val Loss 4.1829 | Val Acc 0.5029 | ETputs(KTEPS) 81508.68
2023-10-11 10:23:55,276 - tune.py [line:103] - INFO: Epoch 00300 | Time(s) 0.0488 | Val Loss 4.4234 | Val Acc 0.4990 | ETputs(KTEPS) 82311.36
2023-10-11 10:23:56,028 - tune.py [line:103] - INFO: Epoch 00320 | Time(s) 0.0481 | Val Loss 4.4072 | Val Acc 0.5125 | ETputs(KTEPS) 83519.17
2023-10-11 10:23:57,057 - tune.py [line:103] - INFO: Epoch 00340 | Time(s) 0.0483 | Val Loss 4.3817 | Val Acc 0.5183 | ETputs(KTEPS) 83243.63
2023-10-11 10:23:57,915 - tune.py [line:103] - INFO: Epoch 00360 | Time(s) 0.0480 | Val Loss 4.5566 | Val Acc 0.5231 | ETputs(KTEPS) 83791.23
2023-10-11 10:23:58,830 - tune.py [line:103] - INFO: Epoch 00380 | Time(s) 0.0478 | Val Loss 4.5412 | Val Acc 0.5308 | ETputs(KTEPS) 83998.41
2023-10-11 10:23:59,861 - tune.py [line:103] - INFO: Epoch 00400 | Time(s) 0.0480 | Val Loss 4.4812 | Val Acc 0.5231 | ETputs(KTEPS) 83677.63
2023-10-11 10:24:00,852 - tune.py [line:103] - INFO: Epoch 00420 | Time(s) 0.0481 | Val Loss 4.6298 | Val Acc 0.5192 | ETputs(KTEPS) 83557.15
2023-10-11 10:24:01,812 - tune.py [line:103] - INFO: Epoch 00440 | Time(s) 0.0481 | Val Loss 4.7554 | Val Acc 0.5279 | ETputs(KTEPS) 83566.15
2023-10-11 10:24:02,787 - tune.py [line:103] - INFO: Epoch 00460 | Time(s) 0.0481 | Val Loss 4.6174 | Val Acc 0.5279 | ETputs(KTEPS) 83543.80
2023-10-11 10:24:03,692 - tune.py [line:103] - INFO: Epoch 00480 | Time(s) 0.0480 | Val Loss 4.6844 | Val Acc 0.5317 | ETputs(KTEPS) 83751.14
2023-10-11 10:24:04,749 - tune.py [line:103] - INFO: Epoch 00500 | Time(s) 0.0482 | Val Loss 4.5451 | Val Acc 0.5404 | ETputs(KTEPS) 83449.21
2023-10-11 10:24:05,739 - tune.py [line:103] - INFO: Epoch 00520 | Time(s) 0.0482 | Val Loss 4.8828 | Val Acc 0.5346 | ETputs(KTEPS) 83389.97
2023-10-11 10:24:06,636 - tune.py [line:103] - INFO: Epoch 00540 | Time(s) 0.0481 | Val Loss 4.8679 | Val Acc 0.5356 | ETputs(KTEPS) 83605.29
2023-10-11 10:24:07,710 - tune.py [line:103] - INFO: Epoch 00560 | Time(s) 0.0483 | Val Loss 4.9585 | Val Acc 0.5346 | ETputs(KTEPS) 83258.65
2023-10-11 10:24:08,698 - tune.py [line:103] - INFO: Epoch 00580 | Time(s) 0.0483 | Val Loss 5.0326 | Val Acc 0.5433 | ETputs(KTEPS) 83208.71
2023-10-11 10:24:09,752 - tune.py [line:103] - INFO: Epoch 00600 | Time(s) 0.0484 | Val Loss 5.0862 | Val Acc 0.5413 | ETputs(KTEPS) 82970.83
2023-10-11 10:24:10,709 - tune.py [line:103] - INFO: Epoch 00620 | Time(s) 0.0484 | Val Loss 5.0803 | Val Acc 0.5481 | ETputs(KTEPS) 83005.53
2023-10-11 10:24:11,702 - tune.py [line:103] - INFO: Epoch 00640 | Time(s) 0.0485 | Val Loss 4.8036 | Val Acc 0.5510 | ETputs(KTEPS) 82943.13
2023-10-11 10:24:12,588 - tune.py [line:103] - INFO: Epoch 00660 | Time(s) 0.0483 | Val Loss 4.9499 | Val Acc 0.5500 | ETputs(KTEPS) 83170.91
2023-10-11 10:24:13,522 - tune.py [line:103] - INFO: Epoch 00680 | Time(s) 0.0483 | Val Loss 5.0827 | Val Acc 0.5510 | ETputs(KTEPS) 83254.20
2023-10-11 10:24:14,502 - tune.py [line:103] - INFO: Epoch 00700 | Time(s) 0.0483 | Val Loss 5.1361 | Val Acc 0.5490 | ETputs(KTEPS) 83237.87
2023-10-11 10:24:15,468 - tune.py [line:103] - INFO: Epoch 00720 | Time(s) 0.0483 | Val Loss 5.3033 | Val Acc 0.5510 | ETputs(KTEPS) 83238.17
2023-10-11 10:24:16,454 - tune.py [line:103] - INFO: Epoch 00740 | Time(s) 0.0483 | Val Loss 5.3681 | Val Acc 0.5490 | ETputs(KTEPS) 83190.55
2023-10-11 10:24:17,463 - tune.py [line:103] - INFO: Epoch 00760 | Time(s) 0.0484 | Val Loss 5.6269 | Val Acc 0.5471 | ETputs(KTEPS) 83097.81
2023-10-11 10:24:18,525 - tune.py [line:103] - INFO: Epoch 00780 | Time(s) 0.0485 | Val Loss 5.5220 | Val Acc 0.5510 | ETputs(KTEPS) 82891.18
2023-10-11 10:24:19,594 - tune.py [line:103] - INFO: Epoch 00800 | Time(s) 0.0486 | Val Loss 5.3123 | Val Acc 0.5500 | ETputs(KTEPS) 82681.41
2023-10-11 10:24:20,555 - tune.py [line:103] - INFO: Epoch 00820 | Time(s) 0.0486 | Val Loss 5.3553 | Val Acc 0.5558 | ETputs(KTEPS) 82706.55
2023-10-11 10:24:21,572 - tune.py [line:103] - INFO: Epoch 00840 | Time(s) 0.0486 | Val Loss 5.3020 | Val Acc 0.5471 | ETputs(KTEPS) 82626.56
2023-10-11 10:24:22,639 - tune.py [line:103] - INFO: Epoch 00860 | Time(s) 0.0488 | Val Loss 4.9078 | Val Acc 0.5519 | ETputs(KTEPS) 82441.23
2023-10-11 10:24:23,593 - tune.py [line:103] - INFO: Epoch 00880 | Time(s) 0.0487 | Val Loss 5.1179 | Val Acc 0.5452 | ETputs(KTEPS) 82482.91
2023-10-11 10:24:24,580 - tune.py [line:103] - INFO: Epoch 00900 | Time(s) 0.0487 | Val Loss 5.1920 | Val Acc 0.5558 | ETputs(KTEPS) 82461.79
2023-10-11 10:24:25,618 - tune.py [line:103] - INFO: Epoch 00920 | Time(s) 0.0488 | Val Loss 5.3354 | Val Acc 0.5606 | ETputs(KTEPS) 82346.52
2023-10-11 10:24:26,584 - tune.py [line:103] - INFO: Epoch 00940 | Time(s) 0.0488 | Val Loss 5.5630 | Val Acc 0.5558 | ETputs(KTEPS) 82367.27
2023-10-11 10:24:27,611 - tune.py [line:103] - INFO: Epoch 00960 | Time(s) 0.0488 | Val Loss 5.0092 | Val Acc 0.5644 | ETputs(KTEPS) 82283.57
2023-10-11 10:24:28,576 - tune.py [line:103] - INFO: Epoch 00980 | Time(s) 0.0488 | Val Loss 5.3455 | Val Acc 0.5683 | ETputs(KTEPS) 82316.20
2023-10-11 10:24:29,499 - tune.py [line:103] - INFO: Epoch 01000 | Time(s) 0.0488 | Val Loss 5.7361 | Val Acc 0.5615 | ETputs(KTEPS) 82406.92
2023-10-11 10:24:30,553 - tune.py [line:103] - INFO: Epoch 01020 | Time(s) 0.0488 | Val Loss 5.5277 | Val Acc 0.5644 | ETputs(KTEPS) 82278.25
2023-10-11 10:24:31,515 - tune.py [line:103] - INFO: Epoch 01040 | Time(s) 0.0488 | Val Loss 5.5688 | Val Acc 0.5721 | ETputs(KTEPS) 82312.25
2023-10-11 10:24:32,402 - tune.py [line:103] - INFO: Epoch 01060 | Time(s) 0.0487 | Val Loss 5.7721 | Val Acc 0.5663 | ETputs(KTEPS) 82455.33
2023-10-11 10:24:33,345 - tune.py [line:103] - INFO: Epoch 01080 | Time(s) 0.0487 | Val Loss 5.8777 | Val Acc 0.5692 | ETputs(KTEPS) 82520.81
2023-10-11 10:24:34,342 - tune.py [line:103] - INFO: Epoch 01100 | Time(s) 0.0487 | Val Loss 6.2739 | Val Acc 0.5625 | ETputs(KTEPS) 82487.17
2023-10-11 10:24:35,321 - tune.py [line:103] - INFO: Epoch 01120 | Time(s) 0.0487 | Val Loss 5.9767 | Val Acc 0.5644 | ETputs(KTEPS) 82481.41
2023-10-11 10:24:36,333 - tune.py [line:103] - INFO: Epoch 01140 | Time(s) 0.0488 | Val Loss 5.5018 | Val Acc 0.5673 | ETputs(KTEPS) 82426.44
2023-10-11 10:24:37,334 - tune.py [line:103] - INFO: Epoch 01160 | Time(s) 0.0488 | Val Loss 5.6572 | Val Acc 0.5577 | ETputs(KTEPS) 82389.69
2023-10-11 10:24:38,319 - tune.py [line:103] - INFO: Epoch 01180 | Time(s) 0.0488 | Val Loss 5.6185 | Val Acc 0.5740 | ETputs(KTEPS) 82378.33
2023-10-11 10:24:39,320 - tune.py [line:103] - INFO: Epoch 01200 | Time(s) 0.0488 | Val Loss 5.6685 | Val Acc 0.5663 | ETputs(KTEPS) 82343.73
2023-10-11 10:24:40,296 - tune.py [line:103] - INFO: Epoch 01220 | Time(s) 0.0488 | Val Loss 6.6953 | Val Acc 0.5769 | ETputs(KTEPS) 82348.95
2023-10-11 10:24:41,332 - tune.py [line:103] - INFO: Epoch 01240 | Time(s) 0.0489 | Val Loss 5.7785 | Val Acc 0.5740 | ETputs(KTEPS) 82271.73
2023-10-11 10:24:42,405 - tune.py [line:103] - INFO: Epoch 01260 | Time(s) 0.0489 | Val Loss 5.6756 | Val Acc 0.5712 | ETputs(KTEPS) 82145.19
2023-10-11 10:24:43,421 - tune.py [line:103] - INFO: Epoch 01280 | Time(s) 0.0490 | Val Loss 6.0768 | Val Acc 0.5750 | ETputs(KTEPS) 82096.78
2023-10-11 10:24:44,451 - tune.py [line:103] - INFO: Epoch 01300 | Time(s) 0.0490 | Val Loss 5.9402 | Val Acc 0.5856 | ETputs(KTEPS) 82033.10
2023-10-11 10:24:45,464 - tune.py [line:103] - INFO: Epoch 01320 | Time(s) 0.0490 | Val Loss 5.3340 | Val Acc 0.5788 | ETputs(KTEPS) 81999.25
2023-10-11 10:24:46,428 - tune.py [line:103] - INFO: Epoch 01340 | Time(s) 0.0490 | Val Loss 5.7596 | Val Acc 0.5702 | ETputs(KTEPS) 82021.24
2023-10-11 10:24:47,343 - tune.py [line:103] - INFO: Epoch 01360 | Time(s) 0.0490 | Val Loss 5.1869 | Val Acc 0.5769 | ETputs(KTEPS) 82101.46
2023-10-11 10:24:48,385 - tune.py [line:103] - INFO: Epoch 01380 | Time(s) 0.0490 | Val Loss 6.1324 | Val Acc 0.5663 | ETputs(KTEPS) 82026.95
2023-10-11 10:24:49,259 - tune.py [line:103] - INFO: Epoch 01400 | Time(s) 0.0489 | Val Loss 5.8073 | Val Acc 0.5702 | ETputs(KTEPS) 82154.84
2023-10-11 10:24:50,388 - tune.py [line:103] - INFO: Epoch 01420 | Time(s) 0.0490 | Val Loss 6.1743 | Val Acc 0.5769 | ETputs(KTEPS) 81978.79
2023-10-11 10:24:51,326 - tune.py [line:103] - INFO: Epoch 01440 | Time(s) 0.0490 | Val Loss 6.2240 | Val Acc 0.5663 | ETputs(KTEPS) 82029.95
2023-10-11 10:24:52,229 - tune.py [line:103] - INFO: Epoch 01460 | Time(s) 0.0489 | Val Loss 5.1546 | Val Acc 0.5731 | ETputs(KTEPS) 82120.23
2023-10-11 10:24:53,245 - tune.py [line:103] - INFO: Epoch 01480 | Time(s) 0.0490 | Val Loss 5.5484 | Val Acc 0.5750 | ETputs(KTEPS) 82078.19
2023-10-11 10:24:54,237 - tune.py [line:103] - INFO: Epoch 01500 | Time(s) 0.0490 | Val Loss 5.9683 | Val Acc 0.5779 | ETputs(KTEPS) 82065.70
2023-10-11 10:24:55,219 - tune.py [line:103] - INFO: Epoch 01520 | Time(s) 0.0490 | Val Loss 5.9014 | Val Acc 0.5712 | ETputs(KTEPS) 82063.67
2023-10-11 10:24:56,314 - tune.py [line:103] - INFO: Epoch 01540 | Time(s) 0.0490 | Val Loss 6.2469 | Val Acc 0.5885 | ETputs(KTEPS) 81942.20
2023-10-11 10:24:57,215 - tune.py [line:103] - INFO: Epoch 01560 | Time(s) 0.0490 | Val Loss 6.2501 | Val Acc 0.5856 | ETputs(KTEPS) 82029.34
2023-10-11 10:24:58,205 - tune.py [line:103] - INFO: Epoch 01580 | Time(s) 0.0490 | Val Loss 5.8421 | Val Acc 0.5808 | ETputs(KTEPS) 82018.84
2023-10-11 10:24:59,217 - tune.py [line:103] - INFO: Epoch 01600 | Time(s) 0.0490 | Val Loss 6.4046 | Val Acc 0.5779 | ETputs(KTEPS) 81987.79
2023-10-11 10:25:00,305 - tune.py [line:103] - INFO: Epoch 01620 | Time(s) 0.0491 | Val Loss 5.9876 | Val Acc 0.5692 | ETputs(KTEPS) 81877.80
2023-10-11 10:25:01,344 - tune.py [line:103] - INFO: Epoch 01640 | Time(s) 0.0491 | Val Loss 6.3875 | Val Acc 0.5817 | ETputs(KTEPS) 81820.44
2023-10-11 10:25:02,313 - tune.py [line:103] - INFO: Epoch 01660 | Time(s) 0.0491 | Val Loss 5.8915 | Val Acc 0.5779 | ETputs(KTEPS) 81834.73
2023-10-11 10:25:03,341 - tune.py [line:103] - INFO: Epoch 01680 | Time(s) 0.0491 | Val Loss 6.5660 | Val Acc 0.5760 | ETputs(KTEPS) 81789.69
2023-10-11 10:25:04,257 - tune.py [line:103] - INFO: Epoch 01700 | Time(s) 0.0491 | Val Loss 6.5387 | Val Acc 0.5798 | ETputs(KTEPS) 81855.93
2023-10-11 10:25:05,281 - tune.py [line:103] - INFO: Epoch 01720 | Time(s) 0.0491 | Val Loss 5.8139 | Val Acc 0.5760 | ETputs(KTEPS) 81816.11
2023-10-11 10:25:06,249 - tune.py [line:103] - INFO: Epoch 01740 | Time(s) 0.0491 | Val Loss 6.0322 | Val Acc 0.5721 | ETputs(KTEPS) 81831.38
2023-10-11 10:25:07,230 - tune.py [line:103] - INFO: Epoch 01760 | Time(s) 0.0491 | Val Loss 5.9784 | Val Acc 0.5606 | ETputs(KTEPS) 81833.56
2023-10-11 10:25:08,209 - tune.py [line:103] - INFO: Epoch 01780 | Time(s) 0.0491 | Val Loss 5.9201 | Val Acc 0.5615 | ETputs(KTEPS) 81836.80
2023-10-11 10:25:09,208 - tune.py [line:103] - INFO: Epoch 01800 | Time(s) 0.0491 | Val Loss 6.0388 | Val Acc 0.5644 | ETputs(KTEPS) 81822.02
2023-10-11 10:25:10,189 - tune.py [line:103] - INFO: Epoch 01820 | Time(s) 0.0491 | Val Loss 6.3421 | Val Acc 0.5721 | ETputs(KTEPS) 81824.42
2023-10-11 10:25:11,163 - tune.py [line:117] - INFO: [FINAL MODEL] Val accuracy 59.13% \Val loss: 6.3
2023-10-11 10:25:11,166 - tune.py [line:119] - INFO: [FINAL MODEL] Test accuracy 57.06% \Test loss: 6.7
2023-10-11 10:25:11,166 - tune.py [line:144] - INFO: Acc on the first split (Validation Set): 0.5913
2023-10-11 10:25:11,166 - tune.py [line:145] - INFO: Acc on the first split (Test Set): 0.5706
