2023-10-11 09:41:07,960 - tune.py [line:203] - INFO: Namespace(seed=42, model='GPRGNN', gpu=1, dataset='geom-squirrel', logging=True, log_detail=True, log_detailedCh=False, id_log=1011014504, optuna_n_trials=202, n_epochs=2000, self_loop=True, udgraph=True, early_stop=True, patience=300, n_hidden=64, n_cv=1, start_cv=0, n_layers=8, lr1=0.04, lr2=0.0005, wd1=0.001, wd2=0.001, dropout=0.8, dropout2=0.8, alpha=0.6, es_ckpt='TestTuningScript-geom-squirrel_geom-squirrel_trialNo1')
2023-10-11 09:41:10,695 - tune.py [line:128] - INFO: Split_seeds:[1824]
2023-10-11 09:41:10,695 - tune.py [line:129] - INFO: Model_seeds:[409]
2023-10-11 09:41:11,683 - tune.py [line:103] - INFO: Epoch 00020 | Time(s) 0.0482 | Val Loss 1.6074 | Val Acc 0.2010 | ETputs(KTEPS) 83440.65
2023-10-11 09:41:12,591 - tune.py [line:103] - INFO: Epoch 00040 | Time(s) 0.0468 | Val Loss 1.6072 | Val Acc 0.2058 | ETputs(KTEPS) 85895.62
2023-10-11 09:41:13,596 - tune.py [line:103] - INFO: Epoch 00060 | Time(s) 0.0479 | Val Loss 1.6074 | Val Acc 0.1990 | ETputs(KTEPS) 83933.94
2023-10-11 09:41:14,485 - tune.py [line:103] - INFO: Epoch 00080 | Time(s) 0.0470 | Val Loss 1.6071 | Val Acc 0.2010 | ETputs(KTEPS) 85486.88
2023-10-11 09:41:15,472 - tune.py [line:103] - INFO: Epoch 00100 | Time(s) 0.0474 | Val Loss 1.6074 | Val Acc 0.1981 | ETputs(KTEPS) 84722.55
2023-10-11 09:41:16,436 - tune.py [line:103] - INFO: Epoch 00120 | Time(s) 0.0476 | Val Loss 1.6069 | Val Acc 0.1952 | ETputs(KTEPS) 84508.30
2023-10-11 09:41:17,427 - tune.py [line:103] - INFO: Epoch 00140 | Time(s) 0.0478 | Val Loss 1.6068 | Val Acc 0.1952 | ETputs(KTEPS) 84016.47
2023-10-11 09:41:18,251 - tune.py [line:103] - INFO: Epoch 00160 | Time(s) 0.0470 | Val Loss 1.6051 | Val Acc 0.1952 | ETputs(KTEPS) 85501.92
2023-10-11 09:41:19,162 - tune.py [line:103] - INFO: Epoch 00180 | Time(s) 0.0468 | Val Loss 1.6057 | Val Acc 0.1952 | ETputs(KTEPS) 85806.99
2023-10-11 09:41:20,176 - tune.py [line:103] - INFO: Epoch 00200 | Time(s) 0.0472 | Val Loss 1.6058 | Val Acc 0.1962 | ETputs(KTEPS) 85150.94
2023-10-11 09:41:21,203 - tune.py [line:103] - INFO: Epoch 00220 | Time(s) 0.0476 | Val Loss 1.6062 | Val Acc 0.1952 | ETputs(KTEPS) 84489.17
2023-10-11 09:41:22,143 - tune.py [line:103] - INFO: Epoch 00240 | Time(s) 0.0475 | Val Loss 1.6058 | Val Acc 0.1952 | ETputs(KTEPS) 84583.50
2023-10-11 09:41:23,111 - tune.py [line:103] - INFO: Epoch 00260 | Time(s) 0.0476 | Val Loss 1.6044 | Val Acc 0.1952 | ETputs(KTEPS) 84467.26
2023-10-11 09:41:24,036 - tune.py [line:103] - INFO: Epoch 00280 | Time(s) 0.0475 | Val Loss 1.6044 | Val Acc 0.1952 | ETputs(KTEPS) 84641.47
2023-10-11 09:41:25,153 - tune.py [line:103] - INFO: Epoch 00300 | Time(s) 0.0480 | Val Loss 1.6051 | Val Acc 0.1952 | ETputs(KTEPS) 83660.12
2023-10-11 09:41:26,189 - tune.py [line:103] - INFO: Epoch 00320 | Time(s) 0.0483 | Val Loss 1.6044 | Val Acc 0.1952 | ETputs(KTEPS) 83256.82
2023-10-11 09:41:27,322 - tune.py [line:103] - INFO: Epoch 00340 | Time(s) 0.0488 | Val Loss 1.6025 | Val Acc 0.1952 | ETputs(KTEPS) 82424.42
2023-10-11 09:41:28,301 - tune.py [line:103] - INFO: Epoch 00360 | Time(s) 0.0488 | Val Loss 1.6032 | Val Acc 0.1952 | ETputs(KTEPS) 82411.73
2023-10-11 09:41:29,275 - tune.py [line:103] - INFO: Epoch 00380 | Time(s) 0.0488 | Val Loss 1.6042 | Val Acc 0.1952 | ETputs(KTEPS) 82422.53
2023-10-11 09:41:30,282 - tune.py [line:103] - INFO: Epoch 00400 | Time(s) 0.0488 | Val Loss 1.6029 | Val Acc 0.1952 | ETputs(KTEPS) 82290.58
2023-10-11 09:41:31,298 - tune.py [line:103] - INFO: Epoch 00420 | Time(s) 0.0489 | Val Loss 1.6027 | Val Acc 0.1952 | ETputs(KTEPS) 82140.18
2023-10-11 09:41:32,103 - tune.py [line:103] - INFO: Epoch 00440 | Time(s) 0.0485 | Val Loss 1.6028 | Val Acc 0.1952 | ETputs(KTEPS) 82811.77
2023-10-11 09:41:32,994 - tune.py [line:103] - INFO: Epoch 00460 | Time(s) 0.0484 | Val Loss 1.6020 | Val Acc 0.1952 | ETputs(KTEPS) 83110.81
2023-10-11 09:41:33,986 - tune.py [line:103] - INFO: Epoch 00480 | Time(s) 0.0484 | Val Loss 1.6013 | Val Acc 0.1952 | ETputs(KTEPS) 83025.10
2023-10-11 09:41:34,676 - tune.py [line:117] - INFO: [FINAL MODEL] Val accuracy 22.12% \Val loss: 1.6
2023-10-11 09:41:34,689 - tune.py [line:119] - INFO: [FINAL MODEL] Test accuracy 20.65% \Test loss: 1.6
2023-10-11 09:41:34,689 - tune.py [line:144] - INFO: Acc on the first split (Validation Set): 0.2212
2023-10-11 09:41:34,689 - tune.py [line:145] - INFO: Acc on the first split (Test Set): 0.2065
