2023-10-11 10:12:56,015 - tune.py [line:203] - INFO: Namespace(seed=42, model='GPRGNN', gpu=1, dataset='geom-squirrel', logging=True, log_detail=True, log_detailedCh=False, id_log=1011014504, optuna_n_trials=202, n_epochs=2000, self_loop=True, udgraph=True, early_stop=True, patience=300, n_hidden=64, n_cv=1, start_cv=0, n_layers=8, lr1=0.05, lr2=0.05, wd1=1e-07, wd2=0.001, dropout=0.0, dropout2=0.8, alpha=0.30000000000000004, es_ckpt='TestTuningScript-geom-squirrel_geom-squirrel_trialNo33')
2023-10-11 10:12:58,912 - tune.py [line:128] - INFO: Split_seeds:[1824]
2023-10-11 10:12:58,913 - tune.py [line:129] - INFO: Model_seeds:[409]
2023-10-11 10:12:59,908 - tune.py [line:103] - INFO: Epoch 00020 | Time(s) 0.0488 | Val Loss 1.5171 | Val Acc 0.3635 | ETputs(KTEPS) 82435.25
2023-10-11 10:13:00,909 - tune.py [line:103] - INFO: Epoch 00040 | Time(s) 0.0491 | Val Loss 1.5797 | Val Acc 0.3779 | ETputs(KTEPS) 81867.14
2023-10-11 10:13:01,906 - tune.py [line:103] - INFO: Epoch 00060 | Time(s) 0.0492 | Val Loss 1.9438 | Val Acc 0.4019 | ETputs(KTEPS) 81693.16
2023-10-11 10:13:02,926 - tune.py [line:103] - INFO: Epoch 00080 | Time(s) 0.0496 | Val Loss 2.3608 | Val Acc 0.4106 | ETputs(KTEPS) 81102.76
2023-10-11 10:13:03,918 - tune.py [line:103] - INFO: Epoch 00100 | Time(s) 0.0494 | Val Loss 2.3923 | Val Acc 0.4356 | ETputs(KTEPS) 81431.88
2023-10-11 10:13:04,926 - tune.py [line:103] - INFO: Epoch 00120 | Time(s) 0.0495 | Val Loss 2.4834 | Val Acc 0.4452 | ETputs(KTEPS) 81236.77
2023-10-11 10:13:05,924 - tune.py [line:103] - INFO: Epoch 00140 | Time(s) 0.0495 | Val Loss 2.5954 | Val Acc 0.4596 | ETputs(KTEPS) 81261.41
2023-10-11 10:13:06,894 - tune.py [line:103] - INFO: Epoch 00160 | Time(s) 0.0492 | Val Loss 2.6157 | Val Acc 0.4721 | ETputs(KTEPS) 81652.26
2023-10-11 10:13:07,941 - tune.py [line:103] - INFO: Epoch 00180 | Time(s) 0.0495 | Val Loss 2.6614 | Val Acc 0.4808 | ETputs(KTEPS) 81189.09
2023-10-11 10:13:08,969 - tune.py [line:103] - INFO: Epoch 00200 | Time(s) 0.0497 | Val Loss 2.6035 | Val Acc 0.4827 | ETputs(KTEPS) 80911.93
2023-10-11 10:13:09,960 - tune.py [line:103] - INFO: Epoch 00220 | Time(s) 0.0497 | Val Loss 2.5934 | Val Acc 0.4750 | ETputs(KTEPS) 80933.68
2023-10-11 10:13:10,913 - tune.py [line:103] - INFO: Epoch 00240 | Time(s) 0.0495 | Val Loss 2.6283 | Val Acc 0.4837 | ETputs(KTEPS) 81239.71
2023-10-11 10:13:11,949 - tune.py [line:103] - INFO: Epoch 00260 | Time(s) 0.0496 | Val Loss 2.6641 | Val Acc 0.4913 | ETputs(KTEPS) 80975.23
2023-10-11 10:13:12,898 - tune.py [line:103] - INFO: Epoch 00280 | Time(s) 0.0494 | Val Loss 2.7279 | Val Acc 0.5135 | ETputs(KTEPS) 81290.09
2023-10-11 10:13:13,785 - tune.py [line:103] - INFO: Epoch 00300 | Time(s) 0.0491 | Val Loss 2.8152 | Val Acc 0.5163 | ETputs(KTEPS) 81880.43
2023-10-11 10:13:14,710 - tune.py [line:103] - INFO: Epoch 00320 | Time(s) 0.0489 | Val Loss 2.7073 | Val Acc 0.5279 | ETputs(KTEPS) 82253.89
2023-10-11 10:13:15,783 - tune.py [line:103] - INFO: Epoch 00340 | Time(s) 0.0491 | Val Loss 2.7077 | Val Acc 0.5288 | ETputs(KTEPS) 81809.82
2023-10-11 10:13:16,786 - tune.py [line:103] - INFO: Epoch 00360 | Time(s) 0.0492 | Val Loss 2.7280 | Val Acc 0.5308 | ETputs(KTEPS) 81718.30
2023-10-11 10:13:17,878 - tune.py [line:103] - INFO: Epoch 00380 | Time(s) 0.0495 | Val Loss 2.8075 | Val Acc 0.5375 | ETputs(KTEPS) 81253.69
2023-10-11 10:13:18,824 - tune.py [line:103] - INFO: Epoch 00400 | Time(s) 0.0493 | Val Loss 2.7829 | Val Acc 0.5442 | ETputs(KTEPS) 81444.92
2023-10-11 10:13:19,801 - tune.py [line:103] - INFO: Epoch 00420 | Time(s) 0.0493 | Val Loss 2.7675 | Val Acc 0.5413 | ETputs(KTEPS) 81515.56
2023-10-11 10:13:20,881 - tune.py [line:103] - INFO: Epoch 00440 | Time(s) 0.0495 | Val Loss 2.8840 | Val Acc 0.5365 | ETputs(KTEPS) 81166.90
2023-10-11 10:13:21,677 - tune.py [line:103] - INFO: Epoch 00460 | Time(s) 0.0491 | Val Loss 2.7342 | Val Acc 0.5442 | ETputs(KTEPS) 81888.84
2023-10-11 10:13:22,595 - tune.py [line:103] - INFO: Epoch 00480 | Time(s) 0.0489 | Val Loss 2.9971 | Val Acc 0.5385 | ETputs(KTEPS) 82122.02
2023-10-11 10:13:23,698 - tune.py [line:103] - INFO: Epoch 00500 | Time(s) 0.0492 | Val Loss 2.9969 | Val Acc 0.5413 | ETputs(KTEPS) 81708.86
2023-10-11 10:13:24,723 - tune.py [line:103] - INFO: Epoch 00520 | Time(s) 0.0493 | Val Loss 2.9614 | Val Acc 0.5346 | ETputs(KTEPS) 81580.98
2023-10-11 10:13:25,568 - tune.py [line:103] - INFO: Epoch 00540 | Time(s) 0.0490 | Val Loss 3.0852 | Val Acc 0.5404 | ETputs(KTEPS) 82015.65
2023-10-11 10:13:26,583 - tune.py [line:103] - INFO: Epoch 00560 | Time(s) 0.0491 | Val Loss 3.1341 | Val Acc 0.5423 | ETputs(KTEPS) 81913.49
2023-10-11 10:13:27,587 - tune.py [line:103] - INFO: Epoch 00580 | Time(s) 0.0491 | Val Loss 2.9739 | Val Acc 0.5558 | ETputs(KTEPS) 81872.62
2023-10-11 10:13:28,538 - tune.py [line:103] - INFO: Epoch 00600 | Time(s) 0.0490 | Val Loss 3.0570 | Val Acc 0.5490 | ETputs(KTEPS) 81973.80
2023-10-11 10:13:29,406 - tune.py [line:103] - INFO: Epoch 00620 | Time(s) 0.0488 | Val Loss 2.9410 | Val Acc 0.5490 | ETputs(KTEPS) 82278.43
2023-10-11 10:13:30,412 - tune.py [line:103] - INFO: Epoch 00640 | Time(s) 0.0489 | Val Loss 3.1806 | Val Acc 0.5596 | ETputs(KTEPS) 82204.90
2023-10-11 10:13:31,506 - tune.py [line:103] - INFO: Epoch 00660 | Time(s) 0.0491 | Val Loss 3.0670 | Val Acc 0.5558 | ETputs(KTEPS) 81911.69
2023-10-11 10:13:32,445 - tune.py [line:103] - INFO: Epoch 00680 | Time(s) 0.0490 | Val Loss 2.9821 | Val Acc 0.5558 | ETputs(KTEPS) 82018.59
2023-10-11 10:13:33,430 - tune.py [line:103] - INFO: Epoch 00700 | Time(s) 0.0490 | Val Loss 3.1549 | Val Acc 0.5462 | ETputs(KTEPS) 82019.07
2023-10-11 10:13:34,430 - tune.py [line:103] - INFO: Epoch 00720 | Time(s) 0.0490 | Val Loss 3.0574 | Val Acc 0.5558 | ETputs(KTEPS) 81973.20
2023-10-11 10:13:35,488 - tune.py [line:103] - INFO: Epoch 00740 | Time(s) 0.0491 | Val Loss 3.2999 | Val Acc 0.5519 | ETputs(KTEPS) 81799.90
2023-10-11 10:13:36,557 - tune.py [line:103] - INFO: Epoch 00760 | Time(s) 0.0492 | Val Loss 2.9381 | Val Acc 0.5596 | ETputs(KTEPS) 81624.90
2023-10-11 10:13:37,645 - tune.py [line:103] - INFO: Epoch 00780 | Time(s) 0.0494 | Val Loss 3.2705 | Val Acc 0.5538 | ETputs(KTEPS) 81408.63
2023-10-11 10:13:38,632 - tune.py [line:103] - INFO: Epoch 00800 | Time(s) 0.0494 | Val Loss 3.1671 | Val Acc 0.5529 | ETputs(KTEPS) 81409.99
2023-10-11 10:13:39,595 - tune.py [line:103] - INFO: Epoch 00820 | Time(s) 0.0493 | Val Loss 3.2560 | Val Acc 0.5452 | ETputs(KTEPS) 81462.25
2023-10-11 10:13:40,700 - tune.py [line:103] - INFO: Epoch 00840 | Time(s) 0.0495 | Val Loss 3.2655 | Val Acc 0.5519 | ETputs(KTEPS) 81231.78
2023-10-11 10:13:41,645 - tune.py [line:103] - INFO: Epoch 00860 | Time(s) 0.0494 | Val Loss 2.9667 | Val Acc 0.5519 | ETputs(KTEPS) 81317.49
2023-10-11 10:13:42,567 - tune.py [line:103] - INFO: Epoch 00880 | Time(s) 0.0493 | Val Loss 3.2931 | Val Acc 0.5519 | ETputs(KTEPS) 81445.45
2023-10-11 10:13:43,662 - tune.py [line:103] - INFO: Epoch 00900 | Time(s) 0.0495 | Val Loss 3.5670 | Val Acc 0.5587 | ETputs(KTEPS) 81250.03
2023-10-11 10:13:44,611 - tune.py [line:103] - INFO: Epoch 00920 | Time(s) 0.0494 | Val Loss 3.3519 | Val Acc 0.5654 | ETputs(KTEPS) 81335.16
2023-10-11 10:13:45,594 - tune.py [line:103] - INFO: Epoch 00940 | Time(s) 0.0494 | Val Loss 3.2242 | Val Acc 0.5673 | ETputs(KTEPS) 81345.31
2023-10-11 10:13:46,432 - tune.py [line:103] - INFO: Epoch 00960 | Time(s) 0.0492 | Val Loss 3.5155 | Val Acc 0.5673 | ETputs(KTEPS) 81619.11
2023-10-11 10:13:47,479 - tune.py [line:103] - INFO: Epoch 00980 | Time(s) 0.0493 | Val Loss 3.6991 | Val Acc 0.5548 | ETputs(KTEPS) 81514.92
2023-10-11 10:13:48,462 - tune.py [line:103] - INFO: Epoch 01000 | Time(s) 0.0493 | Val Loss 3.5158 | Val Acc 0.5654 | ETputs(KTEPS) 81522.15
2023-10-11 10:13:49,583 - tune.py [line:103] - INFO: Epoch 01020 | Time(s) 0.0494 | Val Loss 3.3107 | Val Acc 0.5558 | ETputs(KTEPS) 81305.55
2023-10-11 10:13:50,700 - tune.py [line:103] - INFO: Epoch 01040 | Time(s) 0.0496 | Val Loss 3.2128 | Val Acc 0.5683 | ETputs(KTEPS) 81104.09
2023-10-11 10:13:51,733 - tune.py [line:103] - INFO: Epoch 01060 | Time(s) 0.0496 | Val Loss 3.5594 | Val Acc 0.5644 | ETputs(KTEPS) 81041.68
2023-10-11 10:13:52,667 - tune.py [line:103] - INFO: Epoch 01080 | Time(s) 0.0495 | Val Loss 3.5800 | Val Acc 0.5654 | ETputs(KTEPS) 81130.54
2023-10-11 10:13:53,719 - tune.py [line:103] - INFO: Epoch 01100 | Time(s) 0.0496 | Val Loss 3.5674 | Val Acc 0.5635 | ETputs(KTEPS) 81040.01
2023-10-11 10:13:54,682 - tune.py [line:103] - INFO: Epoch 01120 | Time(s) 0.0496 | Val Loss 3.5002 | Val Acc 0.5702 | ETputs(KTEPS) 81087.23
2023-10-11 10:13:55,754 - tune.py [line:103] - INFO: Epoch 01140 | Time(s) 0.0496 | Val Loss 3.5939 | Val Acc 0.5663 | ETputs(KTEPS) 80973.42
2023-10-11 10:13:56,859 - tune.py [line:103] - INFO: Epoch 01160 | Time(s) 0.0497 | Val Loss 3.6897 | Val Acc 0.5663 | ETputs(KTEPS) 80818.33
2023-10-11 10:13:57,907 - tune.py [line:103] - INFO: Epoch 01180 | Time(s) 0.0498 | Val Loss 3.9222 | Val Acc 0.5654 | ETputs(KTEPS) 80745.95
2023-10-11 10:13:58,903 - tune.py [line:103] - INFO: Epoch 01200 | Time(s) 0.0498 | Val Loss 3.7407 | Val Acc 0.5615 | ETputs(KTEPS) 80746.31
2023-10-11 10:13:59,900 - tune.py [line:103] - INFO: Epoch 01220 | Time(s) 0.0498 | Val Loss 3.7729 | Val Acc 0.5731 | ETputs(KTEPS) 80745.54
2023-10-11 10:14:00,894 - tune.py [line:103] - INFO: Epoch 01240 | Time(s) 0.0498 | Val Loss 3.4856 | Val Acc 0.5663 | ETputs(KTEPS) 80748.62
2023-10-11 10:14:01,888 - tune.py [line:103] - INFO: Epoch 01260 | Time(s) 0.0498 | Val Loss 3.6497 | Val Acc 0.5692 | ETputs(KTEPS) 80750.36
2023-10-11 10:14:02,891 - tune.py [line:103] - INFO: Epoch 01280 | Time(s) 0.0498 | Val Loss 3.4110 | Val Acc 0.5712 | ETputs(KTEPS) 80746.44
2023-10-11 10:14:03,875 - tune.py [line:103] - INFO: Epoch 01300 | Time(s) 0.0498 | Val Loss 3.4342 | Val Acc 0.5779 | ETputs(KTEPS) 80762.21
2023-10-11 10:14:04,841 - tune.py [line:103] - INFO: Epoch 01320 | Time(s) 0.0497 | Val Loss 3.8648 | Val Acc 0.5721 | ETputs(KTEPS) 80798.97
2023-10-11 10:14:05,597 - tune.py [line:103] - INFO: Epoch 01340 | Time(s) 0.0496 | Val Loss 3.5399 | Val Acc 0.5769 | ETputs(KTEPS) 81091.29
2023-10-11 10:14:06,606 - tune.py [line:103] - INFO: Epoch 01360 | Time(s) 0.0496 | Val Loss 3.7304 | Val Acc 0.5846 | ETputs(KTEPS) 81079.76
2023-10-11 10:14:07,732 - tune.py [line:103] - INFO: Epoch 01380 | Time(s) 0.0497 | Val Loss 3.3579 | Val Acc 0.5721 | ETputs(KTEPS) 80923.11
2023-10-11 10:14:08,760 - tune.py [line:103] - INFO: Epoch 01400 | Time(s) 0.0497 | Val Loss 3.5175 | Val Acc 0.5692 | ETputs(KTEPS) 80884.21
2023-10-11 10:14:09,868 - tune.py [line:103] - INFO: Epoch 01420 | Time(s) 0.0498 | Val Loss 3.7839 | Val Acc 0.5625 | ETputs(KTEPS) 80753.87
2023-10-11 10:14:10,877 - tune.py [line:103] - INFO: Epoch 01440 | Time(s) 0.0498 | Val Loss 3.5616 | Val Acc 0.5567 | ETputs(KTEPS) 80740.13
2023-10-11 10:14:11,880 - tune.py [line:103] - INFO: Epoch 01460 | Time(s) 0.0498 | Val Loss 3.9315 | Val Acc 0.5712 | ETputs(KTEPS) 80732.83
2023-10-11 10:14:12,626 - tune.py [line:103] - INFO: Epoch 01480 | Time(s) 0.0496 | Val Loss 3.4905 | Val Acc 0.5817 | ETputs(KTEPS) 81008.80
2023-10-11 10:14:13,642 - tune.py [line:103] - INFO: Epoch 01500 | Time(s) 0.0496 | Val Loss 3.4160 | Val Acc 0.5798 | ETputs(KTEPS) 80987.25
2023-10-11 10:14:14,726 - tune.py [line:103] - INFO: Epoch 01520 | Time(s) 0.0497 | Val Loss 3.9706 | Val Acc 0.5808 | ETputs(KTEPS) 80890.83
2023-10-11 10:14:15,584 - tune.py [line:103] - INFO: Epoch 01540 | Time(s) 0.0496 | Val Loss 4.1296 | Val Acc 0.5808 | ETputs(KTEPS) 81034.72
2023-10-11 10:14:16,663 - tune.py [line:103] - INFO: Epoch 01560 | Time(s) 0.0497 | Val Loss 3.4773 | Val Acc 0.5740 | ETputs(KTEPS) 80946.80
2023-10-11 10:14:17,544 - tune.py [line:103] - INFO: Epoch 01580 | Time(s) 0.0496 | Val Loss 3.6826 | Val Acc 0.5837 | ETputs(KTEPS) 81063.14
2023-10-11 10:14:18,440 - tune.py [line:103] - INFO: Epoch 01600 | Time(s) 0.0495 | Val Loss 3.6671 | Val Acc 0.5856 | ETputs(KTEPS) 81162.61
2023-10-11 10:14:19,526 - tune.py [line:103] - INFO: Epoch 01620 | Time(s) 0.0496 | Val Loss 3.7509 | Val Acc 0.5846 | ETputs(KTEPS) 81067.78
2023-10-11 10:14:20,606 - tune.py [line:103] - INFO: Epoch 01640 | Time(s) 0.0496 | Val Loss 4.2628 | Val Acc 0.5788 | ETputs(KTEPS) 80980.84
2023-10-11 10:14:21,703 - tune.py [line:103] - INFO: Epoch 01660 | Time(s) 0.0497 | Val Loss 3.6364 | Val Acc 0.5894 | ETputs(KTEPS) 80878.80
2023-10-11 10:14:22,622 - tune.py [line:103] - INFO: Epoch 01680 | Time(s) 0.0496 | Val Loss 4.1705 | Val Acc 0.5856 | ETputs(KTEPS) 80955.55
2023-10-11 10:14:23,626 - tune.py [line:103] - INFO: Epoch 01700 | Time(s) 0.0497 | Val Loss 3.4612 | Val Acc 0.5846 | ETputs(KTEPS) 80946.03
2023-10-11 10:14:24,624 - tune.py [line:103] - INFO: Epoch 01720 | Time(s) 0.0497 | Val Loss 3.9686 | Val Acc 0.5856 | ETputs(KTEPS) 80947.02
2023-10-11 10:14:25,641 - tune.py [line:103] - INFO: Epoch 01740 | Time(s) 0.0497 | Val Loss 3.6013 | Val Acc 0.5837 | ETputs(KTEPS) 80925.97
2023-10-11 10:14:26,575 - tune.py [line:103] - INFO: Epoch 01760 | Time(s) 0.0496 | Val Loss 3.8569 | Val Acc 0.5798 | ETputs(KTEPS) 80981.69
2023-10-11 10:14:27,480 - tune.py [line:103] - INFO: Epoch 01780 | Time(s) 0.0496 | Val Loss 3.3883 | Val Acc 0.5846 | ETputs(KTEPS) 81062.82
2023-10-11 10:14:28,363 - tune.py [line:103] - INFO: Epoch 01800 | Time(s) 0.0495 | Val Loss 3.6736 | Val Acc 0.5837 | ETputs(KTEPS) 81162.74
2023-10-11 10:14:29,344 - tune.py [line:103] - INFO: Epoch 01820 | Time(s) 0.0495 | Val Loss 3.7313 | Val Acc 0.5740 | ETputs(KTEPS) 81172.65
2023-10-11 10:14:30,251 - tune.py [line:103] - INFO: Epoch 01840 | Time(s) 0.0495 | Val Loss 3.8507 | Val Acc 0.5673 | ETputs(KTEPS) 81246.93
2023-10-11 10:14:31,278 - tune.py [line:103] - INFO: Epoch 01860 | Time(s) 0.0495 | Val Loss 4.1145 | Val Acc 0.5875 | ETputs(KTEPS) 81215.65
2023-10-11 10:14:32,268 - tune.py [line:103] - INFO: Epoch 01880 | Time(s) 0.0495 | Val Loss 4.0524 | Val Acc 0.5865 | ETputs(KTEPS) 81215.77
2023-10-11 10:14:33,309 - tune.py [line:103] - INFO: Epoch 01900 | Time(s) 0.0495 | Val Loss 3.8076 | Val Acc 0.5923 | ETputs(KTEPS) 81172.56
2023-10-11 10:14:34,420 - tune.py [line:103] - INFO: Epoch 01920 | Time(s) 0.0496 | Val Loss 4.1479 | Val Acc 0.5971 | ETputs(KTEPS) 81071.27
2023-10-11 10:14:35,470 - tune.py [line:103] - INFO: Epoch 01940 | Time(s) 0.0496 | Val Loss 3.4886 | Val Acc 0.5913 | ETputs(KTEPS) 81027.59
2023-10-11 10:14:36,402 - tune.py [line:103] - INFO: Epoch 01960 | Time(s) 0.0496 | Val Loss 4.2083 | Val Acc 0.5904 | ETputs(KTEPS) 81078.42
2023-10-11 10:14:37,373 - tune.py [line:103] - INFO: Epoch 01980 | Time(s) 0.0496 | Val Loss 3.8294 | Val Acc 0.5894 | ETputs(KTEPS) 81096.17
2023-10-11 10:14:38,384 - tune.py [line:103] - INFO: Epoch 02000 | Time(s) 0.0496 | Val Loss 3.5537 | Val Acc 0.5856 | ETputs(KTEPS) 81080.83
2023-10-11 10:14:38,420 - tune.py [line:117] - INFO: [FINAL MODEL] Val accuracy 59.90% \Val loss: 4.1
2023-10-11 10:14:38,446 - tune.py [line:119] - INFO: [FINAL MODEL] Test accuracy 57.73% \Test loss: 4.2
2023-10-11 10:14:38,447 - tune.py [line:144] - INFO: Acc on the first split (Validation Set): 0.5990
2023-10-11 10:14:38,447 - tune.py [line:145] - INFO: Acc on the first split (Test Set): 0.5773
