2023-10-11 10:16:02,504 - tune.py [line:203] - INFO: Namespace(seed=42, model='GPRGNN', gpu=1, dataset='geom-squirrel', logging=True, log_detail=True, log_detailedCh=False, id_log=1011014504, optuna_n_trials=202, n_epochs=2000, self_loop=True, udgraph=True, early_stop=True, patience=300, n_hidden=64, n_cv=1, start_cv=0, n_layers=8, lr1=0.05, lr2=0.05, wd1=1e-08, wd2=0.001, dropout=0.1, dropout2=0.8, alpha=0.30000000000000004, es_ckpt='TestTuningScript-geom-squirrel_geom-squirrel_trialNo38')
2023-10-11 10:16:05,250 - tune.py [line:128] - INFO: Split_seeds:[1824]
2023-10-11 10:16:05,251 - tune.py [line:129] - INFO: Model_seeds:[409]
2023-10-11 10:16:06,251 - tune.py [line:103] - INFO: Epoch 00020 | Time(s) 0.0474 | Val Loss 1.5201 | Val Acc 0.3240 | ETputs(KTEPS) 84835.87
2023-10-11 10:16:07,246 - tune.py [line:103] - INFO: Epoch 00040 | Time(s) 0.0482 | Val Loss 1.5228 | Val Acc 0.3904 | ETputs(KTEPS) 83447.99
2023-10-11 10:16:08,190 - tune.py [line:103] - INFO: Epoch 00060 | Time(s) 0.0477 | Val Loss 1.6234 | Val Acc 0.4019 | ETputs(KTEPS) 84342.92
2023-10-11 10:16:09,188 - tune.py [line:103] - INFO: Epoch 00080 | Time(s) 0.0481 | Val Loss 1.6523 | Val Acc 0.4385 | ETputs(KTEPS) 83638.48
2023-10-11 10:16:10,191 - tune.py [line:103] - INFO: Epoch 00100 | Time(s) 0.0483 | Val Loss 1.6408 | Val Acc 0.4625 | ETputs(KTEPS) 83143.59
2023-10-11 10:16:11,171 - tune.py [line:103] - INFO: Epoch 00120 | Time(s) 0.0484 | Val Loss 1.7180 | Val Acc 0.4548 | ETputs(KTEPS) 83087.41
2023-10-11 10:16:12,250 - tune.py [line:103] - INFO: Epoch 00140 | Time(s) 0.0491 | Val Loss 1.6053 | Val Acc 0.4692 | ETputs(KTEPS) 81871.13
2023-10-11 10:16:13,187 - tune.py [line:103] - INFO: Epoch 00160 | Time(s) 0.0488 | Val Loss 1.6410 | Val Acc 0.4923 | ETputs(KTEPS) 82436.10
2023-10-11 10:16:14,276 - tune.py [line:103] - INFO: Epoch 00180 | Time(s) 0.0494 | Val Loss 1.5795 | Val Acc 0.4904 | ETputs(KTEPS) 81427.08
2023-10-11 10:16:15,258 - tune.py [line:103] - INFO: Epoch 00200 | Time(s) 0.0493 | Val Loss 1.6476 | Val Acc 0.5010 | ETputs(KTEPS) 81579.77
2023-10-11 10:16:16,199 - tune.py [line:103] - INFO: Epoch 00220 | Time(s) 0.0491 | Val Loss 1.5865 | Val Acc 0.5000 | ETputs(KTEPS) 81915.99
2023-10-11 10:16:17,212 - tune.py [line:103] - INFO: Epoch 00240 | Time(s) 0.0492 | Val Loss 1.6259 | Val Acc 0.5221 | ETputs(KTEPS) 81750.70
2023-10-11 10:16:18,197 - tune.py [line:103] - INFO: Epoch 00260 | Time(s) 0.0491 | Val Loss 1.5875 | Val Acc 0.5346 | ETputs(KTEPS) 81831.66
2023-10-11 10:16:19,164 - tune.py [line:103] - INFO: Epoch 00280 | Time(s) 0.0490 | Val Loss 1.6660 | Val Acc 0.5135 | ETputs(KTEPS) 81939.95
2023-10-11 10:16:20,181 - tune.py [line:103] - INFO: Epoch 00300 | Time(s) 0.0492 | Val Loss 1.7082 | Val Acc 0.5212 | ETputs(KTEPS) 81745.47
2023-10-11 10:16:20,979 - tune.py [line:103] - INFO: Epoch 00320 | Time(s) 0.0486 | Val Loss 1.6601 | Val Acc 0.5260 | ETputs(KTEPS) 82746.10
2023-10-11 10:16:21,972 - tune.py [line:103] - INFO: Epoch 00340 | Time(s) 0.0486 | Val Loss 1.6398 | Val Acc 0.5250 | ETputs(KTEPS) 82659.95
2023-10-11 10:16:22,961 - tune.py [line:103] - INFO: Epoch 00360 | Time(s) 0.0487 | Val Loss 1.5987 | Val Acc 0.5298 | ETputs(KTEPS) 82583.39
2023-10-11 10:16:23,954 - tune.py [line:103] - INFO: Epoch 00380 | Time(s) 0.0487 | Val Loss 1.6326 | Val Acc 0.5413 | ETputs(KTEPS) 82498.53
2023-10-11 10:16:24,643 - tune.py [line:103] - INFO: Epoch 00400 | Time(s) 0.0480 | Val Loss 1.6389 | Val Acc 0.5346 | ETputs(KTEPS) 83744.79
2023-10-11 10:16:25,001 - tune.py [line:103] - INFO: Epoch 00420 | Time(s) 0.0466 | Val Loss 1.6599 | Val Acc 0.5510 | ETputs(KTEPS) 86334.31
2023-10-11 10:16:25,418 - tune.py [line:103] - INFO: Epoch 00440 | Time(s) 0.0454 | Val Loss 1.6771 | Val Acc 0.5394 | ETputs(KTEPS) 88568.52
2023-10-11 10:16:26,465 - tune.py [line:103] - INFO: Epoch 00460 | Time(s) 0.0457 | Val Loss 1.6361 | Val Acc 0.5500 | ETputs(KTEPS) 88005.71
2023-10-11 10:16:27,557 - tune.py [line:103] - INFO: Epoch 00480 | Time(s) 0.0460 | Val Loss 1.6336 | Val Acc 0.5519 | ETputs(KTEPS) 87305.17
2023-10-11 10:16:28,556 - tune.py [line:103] - INFO: Epoch 00500 | Time(s) 0.0462 | Val Loss 1.6698 | Val Acc 0.5394 | ETputs(KTEPS) 87029.84
2023-10-11 10:16:29,548 - tune.py [line:103] - INFO: Epoch 00520 | Time(s) 0.0463 | Val Loss 1.6753 | Val Acc 0.5452 | ETputs(KTEPS) 86782.55
2023-10-11 10:16:30,529 - tune.py [line:103] - INFO: Epoch 00540 | Time(s) 0.0464 | Val Loss 1.6010 | Val Acc 0.5471 | ETputs(KTEPS) 86597.32
2023-10-11 10:16:31,507 - tune.py [line:103] - INFO: Epoch 00560 | Time(s) 0.0465 | Val Loss 1.6078 | Val Acc 0.5510 | ETputs(KTEPS) 86434.17
2023-10-11 10:16:32,459 - tune.py [line:103] - INFO: Epoch 00580 | Time(s) 0.0465 | Val Loss 1.7305 | Val Acc 0.5481 | ETputs(KTEPS) 86365.52
2023-10-11 10:16:33,437 - tune.py [line:103] - INFO: Epoch 00600 | Time(s) 0.0466 | Val Loss 1.6532 | Val Acc 0.5442 | ETputs(KTEPS) 86220.49
2023-10-11 10:16:34,474 - tune.py [line:103] - INFO: Epoch 00620 | Time(s) 0.0468 | Val Loss 1.7082 | Val Acc 0.5558 | ETputs(KTEPS) 85911.54
2023-10-11 10:16:35,515 - tune.py [line:103] - INFO: Epoch 00640 | Time(s) 0.0469 | Val Loss 1.6750 | Val Acc 0.5644 | ETputs(KTEPS) 85620.24
2023-10-11 10:16:36,484 - tune.py [line:103] - INFO: Epoch 00660 | Time(s) 0.0470 | Val Loss 1.6349 | Val Acc 0.5644 | ETputs(KTEPS) 85537.65
2023-10-11 10:16:37,473 - tune.py [line:103] - INFO: Epoch 00680 | Time(s) 0.0470 | Val Loss 1.7044 | Val Acc 0.5721 | ETputs(KTEPS) 85421.78
2023-10-11 10:16:38,534 - tune.py [line:103] - INFO: Epoch 00700 | Time(s) 0.0472 | Val Loss 1.7674 | Val Acc 0.5673 | ETputs(KTEPS) 85124.06
2023-10-11 10:16:39,594 - tune.py [line:103] - INFO: Epoch 00720 | Time(s) 0.0474 | Val Loss 1.6880 | Val Acc 0.5567 | ETputs(KTEPS) 84836.46
2023-10-11 10:16:40,662 - tune.py [line:103] - INFO: Epoch 00740 | Time(s) 0.0475 | Val Loss 1.7437 | Val Acc 0.5625 | ETputs(KTEPS) 84547.12
2023-10-11 10:16:41,435 - tune.py [line:103] - INFO: Epoch 00760 | Time(s) 0.0473 | Val Loss 1.6375 | Val Acc 0.5615 | ETputs(KTEPS) 84969.00
2023-10-11 10:16:41,778 - tune.py [line:103] - INFO: Epoch 00780 | Time(s) 0.0465 | Val Loss 1.8046 | Val Acc 0.5558 | ETputs(KTEPS) 86381.98
2023-10-11 10:16:42,771 - tune.py [line:103] - INFO: Epoch 00800 | Time(s) 0.0466 | Val Loss 1.7707 | Val Acc 0.5596 | ETputs(KTEPS) 86239.15
2023-10-11 10:16:43,837 - tune.py [line:103] - INFO: Epoch 00820 | Time(s) 0.0468 | Val Loss 1.6938 | Val Acc 0.5567 | ETputs(KTEPS) 85939.42
2023-10-11 10:16:45,066 - tune.py [line:103] - INFO: Epoch 00840 | Time(s) 0.0471 | Val Loss 1.7895 | Val Acc 0.5577 | ETputs(KTEPS) 85304.79
2023-10-11 10:16:46,107 - tune.py [line:103] - INFO: Epoch 00860 | Time(s) 0.0472 | Val Loss 1.7558 | Val Acc 0.5625 | ETputs(KTEPS) 85098.37
2023-10-11 10:16:47,370 - tune.py [line:103] - INFO: Epoch 00880 | Time(s) 0.0476 | Val Loss 1.7020 | Val Acc 0.5673 | ETputs(KTEPS) 84453.84
2023-10-11 10:16:48,252 - tune.py [line:103] - INFO: Epoch 00900 | Time(s) 0.0475 | Val Loss 1.7248 | Val Acc 0.5721 | ETputs(KTEPS) 84597.91
2023-10-11 10:16:49,350 - tune.py [line:103] - INFO: Epoch 00920 | Time(s) 0.0477 | Val Loss 1.6370 | Val Acc 0.5769 | ETputs(KTEPS) 84314.32
2023-10-11 10:16:50,517 - tune.py [line:103] - INFO: Epoch 00940 | Time(s) 0.0479 | Val Loss 1.6398 | Val Acc 0.5702 | ETputs(KTEPS) 83925.57
2023-10-11 10:16:51,567 - tune.py [line:103] - INFO: Epoch 00960 | Time(s) 0.0480 | Val Loss 1.6677 | Val Acc 0.5587 | ETputs(KTEPS) 83758.49
2023-10-11 10:16:52,886 - tune.py [line:103] - INFO: Epoch 00980 | Time(s) 0.0484 | Val Loss 1.6939 | Val Acc 0.5683 | ETputs(KTEPS) 83124.18
2023-10-11 10:16:53,869 - tune.py [line:103] - INFO: Epoch 01000 | Time(s) 0.0484 | Val Loss 1.7177 | Val Acc 0.5683 | ETputs(KTEPS) 83096.62
2023-10-11 10:16:54,959 - tune.py [line:103] - INFO: Epoch 01020 | Time(s) 0.0485 | Val Loss 1.7050 | Val Acc 0.5625 | ETputs(KTEPS) 82893.09
2023-10-11 10:16:56,384 - tune.py [line:103] - INFO: Epoch 01040 | Time(s) 0.0489 | Val Loss 1.7717 | Val Acc 0.5654 | ETputs(KTEPS) 82153.18
2023-10-11 10:16:57,482 - tune.py [line:103] - INFO: Epoch 01060 | Time(s) 0.0490 | Val Loss 1.6483 | Val Acc 0.5567 | ETputs(KTEPS) 81965.46
2023-10-11 10:16:58,599 - tune.py [line:103] - INFO: Epoch 01080 | Time(s) 0.0492 | Val Loss 1.7587 | Val Acc 0.5635 | ETputs(KTEPS) 81760.38
2023-10-11 10:16:59,647 - tune.py [line:103] - INFO: Epoch 01100 | Time(s) 0.0492 | Val Loss 1.7011 | Val Acc 0.5663 | ETputs(KTEPS) 81664.49
2023-10-11 10:17:00,804 - tune.py [line:103] - INFO: Epoch 01120 | Time(s) 0.0494 | Val Loss 1.6971 | Val Acc 0.5663 | ETputs(KTEPS) 81410.14
2023-10-11 10:17:02,062 - tune.py [line:103] - INFO: Epoch 01140 | Time(s) 0.0496 | Val Loss 1.8077 | Val Acc 0.5673 | ETputs(KTEPS) 81021.90
2023-10-11 10:17:02,944 - tune.py [line:103] - INFO: Epoch 01160 | Time(s) 0.0495 | Val Loss 1.7336 | Val Acc 0.5683 | ETputs(KTEPS) 81178.32
2023-10-11 10:17:04,171 - tune.py [line:103] - INFO: Epoch 01180 | Time(s) 0.0497 | Val Loss 1.7822 | Val Acc 0.5615 | ETputs(KTEPS) 80851.29
2023-10-11 10:17:05,231 - tune.py [line:103] - INFO: Epoch 01200 | Time(s) 0.0498 | Val Loss 1.7304 | Val Acc 0.5663 | ETputs(KTEPS) 80762.26
2023-10-11 10:17:06,289 - tune.py [line:103] - INFO: Epoch 01220 | Time(s) 0.0498 | Val Loss 1.6992 | Val Acc 0.5712 | ETputs(KTEPS) 80681.12
2023-10-11 10:17:07,545 - tune.py [line:103] - INFO: Epoch 01240 | Time(s) 0.0500 | Val Loss 1.7813 | Val Acc 0.5769 | ETputs(KTEPS) 80344.10
2023-10-11 10:17:08,524 - tune.py [line:103] - INFO: Epoch 01260 | Time(s) 0.0500 | Val Loss 1.6152 | Val Acc 0.5808 | ETputs(KTEPS) 80377.97
2023-10-11 10:17:09,742 - tune.py [line:103] - INFO: Epoch 01280 | Time(s) 0.0502 | Val Loss 1.6383 | Val Acc 0.5769 | ETputs(KTEPS) 80106.47
2023-10-11 10:17:10,794 - tune.py [line:103] - INFO: Epoch 01300 | Time(s) 0.0502 | Val Loss 1.8136 | Val Acc 0.5625 | ETputs(KTEPS) 80047.93
2023-10-11 10:17:11,737 - tune.py [line:103] - INFO: Epoch 01320 | Time(s) 0.0502 | Val Loss 1.7841 | Val Acc 0.5654 | ETputs(KTEPS) 80123.04
2023-10-11 10:17:12,172 - tune.py [line:103] - INFO: Epoch 01340 | Time(s) 0.0497 | Val Loss 1.8278 | Val Acc 0.5644 | ETputs(KTEPS) 80807.88
2023-10-11 10:17:13,020 - tune.py [line:103] - INFO: Epoch 01360 | Time(s) 0.0496 | Val Loss 1.7552 | Val Acc 0.5654 | ETputs(KTEPS) 80985.21
2023-10-11 10:17:14,012 - tune.py [line:103] - INFO: Epoch 01380 | Time(s) 0.0496 | Val Loss 1.9512 | Val Acc 0.5663 | ETputs(KTEPS) 80987.76
2023-10-11 10:17:15,039 - tune.py [line:103] - INFO: Epoch 01400 | Time(s) 0.0496 | Val Loss 1.7706 | Val Acc 0.5721 | ETputs(KTEPS) 80948.20
2023-10-11 10:17:16,135 - tune.py [line:103] - INFO: Epoch 01420 | Time(s) 0.0497 | Val Loss 1.7802 | Val Acc 0.5625 | ETputs(KTEPS) 80830.88
2023-10-11 10:17:17,079 - tune.py [line:103] - INFO: Epoch 01440 | Time(s) 0.0497 | Val Loss 1.8381 | Val Acc 0.5673 | ETputs(KTEPS) 80889.27
2023-10-11 10:17:17,978 - tune.py [line:103] - INFO: Epoch 01460 | Time(s) 0.0496 | Val Loss 1.8367 | Val Acc 0.5750 | ETputs(KTEPS) 80995.21
2023-10-11 10:17:19,007 - tune.py [line:103] - INFO: Epoch 01480 | Time(s) 0.0496 | Val Loss 1.8142 | Val Acc 0.5712 | ETputs(KTEPS) 80956.16
2023-10-11 10:17:19,900 - tune.py [line:103] - INFO: Epoch 01500 | Time(s) 0.0496 | Val Loss 1.8051 | Val Acc 0.5769 | ETputs(KTEPS) 81070.90
2023-10-11 10:17:20,894 - tune.py [line:103] - INFO: Epoch 01520 | Time(s) 0.0496 | Val Loss 1.7462 | Val Acc 0.5846 | ETputs(KTEPS) 81070.76
2023-10-11 10:17:21,880 - tune.py [line:103] - INFO: Epoch 01540 | Time(s) 0.0496 | Val Loss 1.8468 | Val Acc 0.5827 | ETputs(KTEPS) 81087.07
2023-10-11 10:17:22,668 - tune.py [line:103] - INFO: Epoch 01560 | Time(s) 0.0494 | Val Loss 1.8230 | Val Acc 0.5769 | ETputs(KTEPS) 81301.78
2023-10-11 10:17:23,666 - tune.py [line:103] - INFO: Epoch 01580 | Time(s) 0.0494 | Val Loss 1.7928 | Val Acc 0.5856 | ETputs(KTEPS) 81293.60
2023-10-11 10:17:24,662 - tune.py [line:103] - INFO: Epoch 01600 | Time(s) 0.0494 | Val Loss 1.7929 | Val Acc 0.5865 | ETputs(KTEPS) 81287.22
2023-10-11 10:17:25,652 - tune.py [line:103] - INFO: Epoch 01620 | Time(s) 0.0494 | Val Loss 1.7954 | Val Acc 0.5856 | ETputs(KTEPS) 81286.65
2023-10-11 10:17:26,575 - tune.py [line:103] - INFO: Epoch 01640 | Time(s) 0.0494 | Val Loss 1.8188 | Val Acc 0.5788 | ETputs(KTEPS) 81353.54
2023-10-11 10:17:27,438 - tune.py [line:103] - INFO: Epoch 01660 | Time(s) 0.0493 | Val Loss 1.7683 | Val Acc 0.5798 | ETputs(KTEPS) 81478.36
2023-10-11 10:17:28,442 - tune.py [line:103] - INFO: Epoch 01680 | Time(s) 0.0493 | Val Loss 1.7182 | Val Acc 0.5846 | ETputs(KTEPS) 81462.19
2023-10-11 10:17:28,881 - tune.py [line:103] - INFO: Epoch 01700 | Time(s) 0.0490 | Val Loss 1.7743 | Val Acc 0.5817 | ETputs(KTEPS) 81999.20
2023-10-11 10:17:29,701 - tune.py [line:103] - INFO: Epoch 01720 | Time(s) 0.0489 | Val Loss 1.7246 | Val Acc 0.5904 | ETputs(KTEPS) 82155.29
2023-10-11 10:17:30,885 - tune.py [line:103] - INFO: Epoch 01740 | Time(s) 0.0490 | Val Loss 1.8250 | Val Acc 0.5846 | ETputs(KTEPS) 81958.20
2023-10-11 10:17:31,944 - tune.py [line:103] - INFO: Epoch 01760 | Time(s) 0.0491 | Val Loss 1.8742 | Val Acc 0.5827 | ETputs(KTEPS) 81885.95
2023-10-11 10:17:33,213 - tune.py [line:103] - INFO: Epoch 01780 | Time(s) 0.0492 | Val Loss 1.7682 | Val Acc 0.5875 | ETputs(KTEPS) 81618.24
2023-10-11 10:17:34,193 - tune.py [line:103] - INFO: Epoch 01800 | Time(s) 0.0492 | Val Loss 2.0128 | Val Acc 0.5779 | ETputs(KTEPS) 81623.06
2023-10-11 10:17:35,252 - tune.py [line:103] - INFO: Epoch 01820 | Time(s) 0.0493 | Val Loss 1.7368 | Val Acc 0.5837 | ETputs(KTEPS) 81556.17
2023-10-11 10:17:35,671 - tune.py [line:117] - INFO: [FINAL MODEL] Val accuracy 59.90% \Val loss: 1.9
2023-10-11 10:17:35,697 - tune.py [line:119] - INFO: [FINAL MODEL] Test accuracy 55.91% \Test loss: 1.9
2023-10-11 10:17:35,698 - tune.py [line:144] - INFO: Acc on the first split (Validation Set): 0.5990
2023-10-11 10:17:35,698 - tune.py [line:145] - INFO: Acc on the first split (Test Set): 0.5591
