2023-10-11 09:52:32,887 - tune.py [line:203] - INFO: Namespace(seed=42, model='GPRGNN', gpu=1, dataset='geom-squirrel', logging=True, log_detail=True, log_detailedCh=False, id_log=1011014504, optuna_n_trials=202, n_epochs=2000, self_loop=True, udgraph=True, early_stop=True, patience=300, n_hidden=64, n_cv=1, start_cv=0, n_layers=16, lr1=0.03, lr2=0.005, wd1=1e-06, wd2=1e-05, dropout=0.2, dropout2=0.6, alpha=0.2, es_ckpt='TestTuningScript-geom-squirrel_geom-squirrel_trialNo15')
2023-10-11 09:52:35,555 - tune.py [line:128] - INFO: Split_seeds:[1824]
2023-10-11 09:52:35,555 - tune.py [line:129] - INFO: Model_seeds:[409]
2023-10-11 09:52:36,909 - tune.py [line:103] - INFO: Epoch 00020 | Time(s) 0.0649 | Val Loss 1.5317 | Val Acc 0.3154 | ETputs(KTEPS) 61962.97
2023-10-11 09:52:38,552 - tune.py [line:103] - INFO: Epoch 00040 | Time(s) 0.0730 | Val Loss 1.5275 | Val Acc 0.3500 | ETputs(KTEPS) 55087.35
2023-10-11 09:52:39,871 - tune.py [line:103] - INFO: Epoch 00060 | Time(s) 0.0705 | Val Loss 1.5568 | Val Acc 0.3827 | ETputs(KTEPS) 57017.71
2023-10-11 09:52:41,488 - tune.py [line:103] - INFO: Epoch 00080 | Time(s) 0.0731 | Val Loss 1.6419 | Val Acc 0.3933 | ETputs(KTEPS) 55003.70
2023-10-11 09:52:43,058 - tune.py [line:103] - INFO: Epoch 00100 | Time(s) 0.0740 | Val Loss 1.7307 | Val Acc 0.3952 | ETputs(KTEPS) 54315.47
2023-10-11 09:52:44,747 - tune.py [line:103] - INFO: Epoch 00120 | Time(s) 0.0756 | Val Loss 1.8001 | Val Acc 0.3981 | ETputs(KTEPS) 53140.15
2023-10-11 09:52:46,281 - tune.py [line:103] - INFO: Epoch 00140 | Time(s) 0.0758 | Val Loss 1.8472 | Val Acc 0.4067 | ETputs(KTEPS) 53039.66
2023-10-11 09:52:47,763 - tune.py [line:103] - INFO: Epoch 00160 | Time(s) 0.0755 | Val Loss 1.9222 | Val Acc 0.4058 | ETputs(KTEPS) 53224.77
2023-10-11 09:52:49,644 - tune.py [line:103] - INFO: Epoch 00180 | Time(s) 0.0775 | Val Loss 1.9383 | Val Acc 0.4173 | ETputs(KTEPS) 51880.36
2023-10-11 09:52:51,243 - tune.py [line:103] - INFO: Epoch 00200 | Time(s) 0.0776 | Val Loss 2.0340 | Val Acc 0.4250 | ETputs(KTEPS) 51769.17
2023-10-11 09:52:52,713 - tune.py [line:103] - INFO: Epoch 00220 | Time(s) 0.0772 | Val Loss 2.0167 | Val Acc 0.4365 | ETputs(KTEPS) 52055.81
2023-10-11 09:52:54,222 - tune.py [line:103] - INFO: Epoch 00240 | Time(s) 0.0770 | Val Loss 2.0167 | Val Acc 0.4385 | ETputs(KTEPS) 52179.09
2023-10-11 09:52:55,754 - tune.py [line:103] - INFO: Epoch 00260 | Time(s) 0.0770 | Val Loss 2.0885 | Val Acc 0.4481 | ETputs(KTEPS) 52202.40
2023-10-11 09:52:57,226 - tune.py [line:103] - INFO: Epoch 00280 | Time(s) 0.0767 | Val Loss 2.0898 | Val Acc 0.4519 | ETputs(KTEPS) 52402.68
2023-10-11 09:52:58,844 - tune.py [line:103] - INFO: Epoch 00300 | Time(s) 0.0770 | Val Loss 2.0871 | Val Acc 0.4548 | ETputs(KTEPS) 52213.76
2023-10-11 09:53:00,196 - tune.py [line:103] - INFO: Epoch 00320 | Time(s) 0.0764 | Val Loss 2.0950 | Val Acc 0.4587 | ETputs(KTEPS) 52616.07
2023-10-11 09:53:01,798 - tune.py [line:103] - INFO: Epoch 00340 | Time(s) 0.0766 | Val Loss 2.0917 | Val Acc 0.4596 | ETputs(KTEPS) 52484.35
2023-10-11 09:53:03,268 - tune.py [line:103] - INFO: Epoch 00360 | Time(s) 0.0764 | Val Loss 2.0463 | Val Acc 0.4712 | ETputs(KTEPS) 52606.87
2023-10-11 09:53:04,920 - tune.py [line:103] - INFO: Epoch 00380 | Time(s) 0.0767 | Val Loss 2.0556 | Val Acc 0.4683 | ETputs(KTEPS) 52384.82
2023-10-11 09:53:06,073 - tune.py [line:103] - INFO: Epoch 00400 | Time(s) 0.0758 | Val Loss 2.0990 | Val Acc 0.4750 | ETputs(KTEPS) 53056.80
2023-10-11 09:53:07,786 - tune.py [line:103] - INFO: Epoch 00420 | Time(s) 0.0762 | Val Loss 2.1204 | Val Acc 0.4827 | ETputs(KTEPS) 52728.92
2023-10-11 09:53:09,307 - tune.py [line:103] - INFO: Epoch 00440 | Time(s) 0.0762 | Val Loss 2.1304 | Val Acc 0.4673 | ETputs(KTEPS) 52734.43
2023-10-11 09:53:10,996 - tune.py [line:103] - INFO: Epoch 00460 | Time(s) 0.0766 | Val Loss 2.1328 | Val Acc 0.4856 | ETputs(KTEPS) 52489.24
2023-10-11 09:53:12,504 - tune.py [line:103] - INFO: Epoch 00480 | Time(s) 0.0765 | Val Loss 2.0941 | Val Acc 0.4750 | ETputs(KTEPS) 52527.88
2023-10-11 09:53:14,047 - tune.py [line:103] - INFO: Epoch 00500 | Time(s) 0.0765 | Val Loss 2.0995 | Val Acc 0.4894 | ETputs(KTEPS) 52520.39
2023-10-11 09:53:15,642 - tune.py [line:103] - INFO: Epoch 00520 | Time(s) 0.0766 | Val Loss 2.1150 | Val Acc 0.4837 | ETputs(KTEPS) 52435.49
2023-10-11 09:53:17,066 - tune.py [line:103] - INFO: Epoch 00540 | Time(s) 0.0764 | Val Loss 2.0720 | Val Acc 0.4885 | ETputs(KTEPS) 52581.61
2023-10-11 09:53:18,607 - tune.py [line:103] - INFO: Epoch 00560 | Time(s) 0.0764 | Val Loss 2.1009 | Val Acc 0.4962 | ETputs(KTEPS) 52579.01
2023-10-11 09:53:20,128 - tune.py [line:103] - INFO: Epoch 00580 | Time(s) 0.0764 | Val Loss 2.1459 | Val Acc 0.5058 | ETputs(KTEPS) 52591.50
2023-10-11 09:53:21,860 - tune.py [line:103] - INFO: Epoch 00600 | Time(s) 0.0768 | Val Loss 2.1244 | Val Acc 0.4962 | ETputs(KTEPS) 52360.00
2023-10-11 09:53:23,313 - tune.py [line:103] - INFO: Epoch 00620 | Time(s) 0.0766 | Val Loss 2.1209 | Val Acc 0.5048 | ETputs(KTEPS) 52453.55
2023-10-11 09:53:25,000 - tune.py [line:103] - INFO: Epoch 00640 | Time(s) 0.0768 | Val Loss 2.1583 | Val Acc 0.5048 | ETputs(KTEPS) 52298.59
2023-10-11 09:53:26,472 - tune.py [line:103] - INFO: Epoch 00660 | Time(s) 0.0767 | Val Loss 2.1252 | Val Acc 0.5115 | ETputs(KTEPS) 52366.40
2023-10-11 09:53:28,023 - tune.py [line:103] - INFO: Epoch 00680 | Time(s) 0.0768 | Val Loss 2.2224 | Val Acc 0.5029 | ETputs(KTEPS) 52352.22
2023-10-11 09:53:29,774 - tune.py [line:103] - INFO: Epoch 00700 | Time(s) 0.0771 | Val Loss 2.2202 | Val Acc 0.5106 | ETputs(KTEPS) 52152.46
2023-10-11 09:53:31,274 - tune.py [line:103] - INFO: Epoch 00720 | Time(s) 0.0770 | Val Loss 2.1716 | Val Acc 0.5125 | ETputs(KTEPS) 52195.02
2023-10-11 09:53:32,804 - tune.py [line:103] - INFO: Epoch 00740 | Time(s) 0.0770 | Val Loss 2.1489 | Val Acc 0.5067 | ETputs(KTEPS) 52204.93
2023-10-11 09:53:34,176 - tune.py [line:103] - INFO: Epoch 00760 | Time(s) 0.0768 | Val Loss 2.1412 | Val Acc 0.5144 | ETputs(KTEPS) 52355.58
2023-10-11 09:53:35,593 - tune.py [line:103] - INFO: Epoch 00780 | Time(s) 0.0766 | Val Loss 2.1830 | Val Acc 0.5010 | ETputs(KTEPS) 52460.33
2023-10-11 09:53:37,138 - tune.py [line:103] - INFO: Epoch 00800 | Time(s) 0.0766 | Val Loss 2.1327 | Val Acc 0.5173 | ETputs(KTEPS) 52449.62
2023-10-11 09:53:38,745 - tune.py [line:103] - INFO: Epoch 00820 | Time(s) 0.0767 | Val Loss 2.0965 | Val Acc 0.5192 | ETputs(KTEPS) 52391.20
2023-10-11 09:53:40,158 - tune.py [line:103] - INFO: Epoch 00840 | Time(s) 0.0766 | Val Loss 2.1248 | Val Acc 0.5125 | ETputs(KTEPS) 52490.54
2023-10-11 09:53:41,834 - tune.py [line:103] - INFO: Epoch 00860 | Time(s) 0.0767 | Val Loss 2.1516 | Val Acc 0.5163 | ETputs(KTEPS) 52375.60
2023-10-11 09:53:43,381 - tune.py [line:103] - INFO: Epoch 00880 | Time(s) 0.0767 | Val Loss 2.1697 | Val Acc 0.5115 | ETputs(KTEPS) 52370.00
2023-10-11 09:53:45,026 - tune.py [line:103] - INFO: Epoch 00900 | Time(s) 0.0769 | Val Loss 2.1104 | Val Acc 0.5231 | ETputs(KTEPS) 52287.38
2023-10-11 09:53:46,832 - tune.py [line:103] - INFO: Epoch 00920 | Time(s) 0.0771 | Val Loss 2.0586 | Val Acc 0.5375 | ETputs(KTEPS) 52101.84
2023-10-11 09:53:48,283 - tune.py [line:103] - INFO: Epoch 00940 | Time(s) 0.0770 | Val Loss 2.0978 | Val Acc 0.5442 | ETputs(KTEPS) 52171.78
2023-10-11 09:53:49,832 - tune.py [line:103] - INFO: Epoch 00960 | Time(s) 0.0770 | Val Loss 2.1298 | Val Acc 0.5115 | ETputs(KTEPS) 52166.57
2023-10-11 09:53:51,155 - tune.py [line:103] - INFO: Epoch 00980 | Time(s) 0.0768 | Val Loss 2.0883 | Val Acc 0.5452 | ETputs(KTEPS) 52318.33
2023-10-11 09:53:52,792 - tune.py [line:103] - INFO: Epoch 01000 | Time(s) 0.0769 | Val Loss 2.0908 | Val Acc 0.5298 | ETputs(KTEPS) 52253.25
2023-10-11 09:53:54,099 - tune.py [line:103] - INFO: Epoch 01020 | Time(s) 0.0767 | Val Loss 2.1308 | Val Acc 0.5250 | ETputs(KTEPS) 52408.56
2023-10-11 09:53:55,910 - tune.py [line:103] - INFO: Epoch 01040 | Time(s) 0.0770 | Val Loss 2.1677 | Val Acc 0.5279 | ETputs(KTEPS) 52227.52
2023-10-11 09:53:57,317 - tune.py [line:103] - INFO: Epoch 01060 | Time(s) 0.0768 | Val Loss 2.1151 | Val Acc 0.5269 | ETputs(KTEPS) 52313.15
2023-10-11 09:53:59,016 - tune.py [line:103] - INFO: Epoch 01080 | Time(s) 0.0770 | Val Loss 2.1334 | Val Acc 0.5279 | ETputs(KTEPS) 52211.56
2023-10-11 09:54:00,482 - tune.py [line:103] - INFO: Epoch 01100 | Time(s) 0.0769 | Val Loss 2.1572 | Val Acc 0.5317 | ETputs(KTEPS) 52257.32
2023-10-11 09:54:02,062 - tune.py [line:103] - INFO: Epoch 01120 | Time(s) 0.0769 | Val Loss 2.1343 | Val Acc 0.5452 | ETputs(KTEPS) 52233.03
2023-10-11 09:54:03,660 - tune.py [line:103] - INFO: Epoch 01140 | Time(s) 0.0770 | Val Loss 2.1864 | Val Acc 0.5394 | ETputs(KTEPS) 52210.55
2023-10-11 09:54:05,140 - tune.py [line:103] - INFO: Epoch 01160 | Time(s) 0.0769 | Val Loss 2.1684 | Val Acc 0.5385 | ETputs(KTEPS) 52245.36
2023-10-11 09:54:06,624 - tune.py [line:103] - INFO: Epoch 01180 | Time(s) 0.0769 | Val Loss 2.1252 | Val Acc 0.5375 | ETputs(KTEPS) 52277.15
2023-10-11 09:54:08,176 - tune.py [line:103] - INFO: Epoch 01200 | Time(s) 0.0769 | Val Loss 2.1134 | Val Acc 0.5356 | ETputs(KTEPS) 52269.95
2023-10-11 09:54:09,517 - tune.py [line:103] - INFO: Epoch 01220 | Time(s) 0.0767 | Val Loss 2.1802 | Val Acc 0.5356 | ETputs(KTEPS) 52380.39
2023-10-11 09:54:11,028 - tune.py [line:103] - INFO: Epoch 01240 | Time(s) 0.0767 | Val Loss 2.1560 | Val Acc 0.5327 | ETputs(KTEPS) 52394.33
2023-10-11 09:54:12,442 - tune.py [line:103] - INFO: Epoch 01260 | Time(s) 0.0766 | Val Loss 2.1955 | Val Acc 0.5356 | ETputs(KTEPS) 52460.14
2023-10-11 09:54:14,113 - tune.py [line:103] - INFO: Epoch 01280 | Time(s) 0.0767 | Val Loss 2.1550 | Val Acc 0.5490 | ETputs(KTEPS) 52386.46
2023-10-11 09:54:15,493 - tune.py [line:103] - INFO: Epoch 01300 | Time(s) 0.0766 | Val Loss 2.1624 | Val Acc 0.5365 | ETputs(KTEPS) 52468.44
2023-10-11 09:54:17,089 - tune.py [line:103] - INFO: Epoch 01320 | Time(s) 0.0766 | Val Loss 2.1592 | Val Acc 0.5404 | ETputs(KTEPS) 52436.01
2023-10-11 09:54:18,582 - tune.py [line:103] - INFO: Epoch 01340 | Time(s) 0.0766 | Val Loss 2.2040 | Val Acc 0.5413 | ETputs(KTEPS) 52456.67
2023-10-11 09:54:20,250 - tune.py [line:103] - INFO: Epoch 01360 | Time(s) 0.0767 | Val Loss 2.1666 | Val Acc 0.5433 | ETputs(KTEPS) 52388.73
2023-10-11 09:54:21,810 - tune.py [line:103] - INFO: Epoch 01380 | Time(s) 0.0767 | Val Loss 2.1661 | Val Acc 0.5404 | ETputs(KTEPS) 52378.08
2023-10-11 09:54:23,354 - tune.py [line:103] - INFO: Epoch 01400 | Time(s) 0.0767 | Val Loss 2.1769 | Val Acc 0.5462 | ETputs(KTEPS) 52373.85
2023-10-11 09:54:24,913 - tune.py [line:103] - INFO: Epoch 01420 | Time(s) 0.0768 | Val Loss 2.1257 | Val Acc 0.5548 | ETputs(KTEPS) 52362.68
2023-10-11 09:54:26,287 - tune.py [line:103] - INFO: Epoch 01440 | Time(s) 0.0766 | Val Loss 2.1957 | Val Acc 0.5519 | ETputs(KTEPS) 52442.89
2023-10-11 09:54:27,625 - tune.py [line:103] - INFO: Epoch 01460 | Time(s) 0.0765 | Val Loss 2.1763 | Val Acc 0.5500 | ETputs(KTEPS) 52536.51
2023-10-11 09:54:29,289 - tune.py [line:103] - INFO: Epoch 01480 | Time(s) 0.0766 | Val Loss 2.1529 | Val Acc 0.5413 | ETputs(KTEPS) 52474.66
2023-10-11 09:54:30,814 - tune.py [line:103] - INFO: Epoch 01500 | Time(s) 0.0766 | Val Loss 2.1653 | Val Acc 0.5452 | ETputs(KTEPS) 52478.57
2023-10-11 09:54:32,311 - tune.py [line:103] - INFO: Epoch 01520 | Time(s) 0.0766 | Val Loss 2.2311 | Val Acc 0.5442 | ETputs(KTEPS) 52494.35
2023-10-11 09:54:33,914 - tune.py [line:103] - INFO: Epoch 01540 | Time(s) 0.0766 | Val Loss 2.1368 | Val Acc 0.5587 | ETputs(KTEPS) 52465.46
2023-10-11 09:54:35,319 - tune.py [line:103] - INFO: Epoch 01560 | Time(s) 0.0765 | Val Loss 2.2452 | Val Acc 0.5548 | ETputs(KTEPS) 52523.07
2023-10-11 09:54:36,924 - tune.py [line:103] - INFO: Epoch 01580 | Time(s) 0.0766 | Val Loss 2.2288 | Val Acc 0.5510 | ETputs(KTEPS) 52494.54
2023-10-11 09:54:38,335 - tune.py [line:103] - INFO: Epoch 01600 | Time(s) 0.0765 | Val Loss 2.2309 | Val Acc 0.5481 | ETputs(KTEPS) 52546.24
2023-10-11 09:54:40,048 - tune.py [line:103] - INFO: Epoch 01620 | Time(s) 0.0766 | Val Loss 2.2875 | Val Acc 0.5365 | ETputs(KTEPS) 52469.32
2023-10-11 09:54:41,539 - tune.py [line:103] - INFO: Epoch 01640 | Time(s) 0.0766 | Val Loss 2.2290 | Val Acc 0.5529 | ETputs(KTEPS) 52487.05
2023-10-11 09:54:43,191 - tune.py [line:103] - INFO: Epoch 01660 | Time(s) 0.0766 | Val Loss 2.1458 | Val Acc 0.5615 | ETputs(KTEPS) 52437.66
2023-10-11 09:54:44,686 - tune.py [line:103] - INFO: Epoch 01680 | Time(s) 0.0766 | Val Loss 2.1692 | Val Acc 0.5548 | ETputs(KTEPS) 52453.68
2023-10-11 09:54:46,272 - tune.py [line:103] - INFO: Epoch 01700 | Time(s) 0.0767 | Val Loss 2.1972 | Val Acc 0.5567 | ETputs(KTEPS) 52432.46
2023-10-11 09:54:48,034 - tune.py [line:103] - INFO: Epoch 01720 | Time(s) 0.0768 | Val Loss 2.1921 | Val Acc 0.5567 | ETputs(KTEPS) 52341.99
2023-10-11 09:54:49,372 - tune.py [line:103] - INFO: Epoch 01740 | Time(s) 0.0767 | Val Loss 2.1522 | Val Acc 0.5673 | ETputs(KTEPS) 52419.71
2023-10-11 09:54:50,970 - tune.py [line:103] - INFO: Epoch 01760 | Time(s) 0.0767 | Val Loss 2.1646 | Val Acc 0.5606 | ETputs(KTEPS) 52396.21
2023-10-11 09:54:52,402 - tune.py [line:103] - INFO: Epoch 01780 | Time(s) 0.0766 | Val Loss 2.1419 | Val Acc 0.5673 | ETputs(KTEPS) 52435.58
2023-10-11 09:54:53,979 - tune.py [line:103] - INFO: Epoch 01800 | Time(s) 0.0767 | Val Loss 2.1428 | Val Acc 0.5538 | ETputs(KTEPS) 52419.22
2023-10-11 09:54:55,502 - tune.py [line:103] - INFO: Epoch 01820 | Time(s) 0.0767 | Val Loss 2.1380 | Val Acc 0.5712 | ETputs(KTEPS) 52423.52
2023-10-11 09:54:56,937 - tune.py [line:103] - INFO: Epoch 01840 | Time(s) 0.0766 | Val Loss 2.0982 | Val Acc 0.5692 | ETputs(KTEPS) 52460.77
2023-10-11 09:54:58,446 - tune.py [line:103] - INFO: Epoch 01860 | Time(s) 0.0766 | Val Loss 2.1340 | Val Acc 0.5635 | ETputs(KTEPS) 52469.72
2023-10-11 09:54:59,990 - tune.py [line:103] - INFO: Epoch 01880 | Time(s) 0.0766 | Val Loss 2.2289 | Val Acc 0.5500 | ETputs(KTEPS) 52465.66
2023-10-11 09:55:01,491 - tune.py [line:103] - INFO: Epoch 01900 | Time(s) 0.0766 | Val Loss 2.2089 | Val Acc 0.5529 | ETputs(KTEPS) 52477.25
2023-10-11 09:55:02,894 - tune.py [line:103] - INFO: Epoch 01920 | Time(s) 0.0765 | Val Loss 2.2320 | Val Acc 0.5644 | ETputs(KTEPS) 52523.83
2023-10-11 09:55:04,451 - tune.py [line:103] - INFO: Epoch 01940 | Time(s) 0.0765 | Val Loss 2.2720 | Val Acc 0.5490 | ETputs(KTEPS) 52514.65
2023-10-11 09:55:06,039 - tune.py [line:103] - INFO: Epoch 01960 | Time(s) 0.0766 | Val Loss 2.2849 | Val Acc 0.5500 | ETputs(KTEPS) 52495.23
2023-10-11 09:55:07,474 - tune.py [line:103] - INFO: Epoch 01980 | Time(s) 0.0765 | Val Loss 2.2255 | Val Acc 0.5538 | ETputs(KTEPS) 52529.18
2023-10-11 09:55:08,888 - tune.py [line:103] - INFO: Epoch 02000 | Time(s) 0.0765 | Val Loss 2.2050 | Val Acc 0.5558 | ETputs(KTEPS) 52569.41
2023-10-11 09:55:08,943 - tune.py [line:117] - INFO: [FINAL MODEL] Val accuracy 57.40% \Val loss: 2.2
2023-10-11 09:55:08,989 - tune.py [line:119] - INFO: [FINAL MODEL] Test accuracy 54.47% \Test loss: 2.3
2023-10-11 09:55:08,989 - tune.py [line:144] - INFO: Acc on the first split (Validation Set): 0.5740
2023-10-11 09:55:08,989 - tune.py [line:145] - INFO: Acc on the first split (Test Set): 0.5447
