2023-10-11 10:10:10,356 - tune.py [line:203] - INFO: Namespace(seed=42, model='GPRGNN', gpu=1, dataset='geom-squirrel', logging=True, log_detail=True, log_detailedCh=False, id_log=1011014504, optuna_n_trials=202, n_epochs=2000, self_loop=True, udgraph=True, early_stop=True, patience=300, n_hidden=64, n_cv=1, start_cv=0, n_layers=8, lr1=0.05, lr2=0.05, wd1=1e-08, wd2=0.001, dropout=0.0, dropout2=0.8, alpha=0.30000000000000004, es_ckpt='TestTuningScript-geom-squirrel_geom-squirrel_trialNo30')
2023-10-11 10:10:13,056 - tune.py [line:128] - INFO: Split_seeds:[1824]
2023-10-11 10:10:13,056 - tune.py [line:129] - INFO: Model_seeds:[409]
2023-10-11 10:10:14,067 - tune.py [line:103] - INFO: Epoch 00020 | Time(s) 0.0476 | Val Loss 1.5211 | Val Acc 0.3538 | ETputs(KTEPS) 84496.38
2023-10-11 10:10:15,083 - tune.py [line:103] - INFO: Epoch 00040 | Time(s) 0.0489 | Val Loss 1.5961 | Val Acc 0.3875 | ETputs(KTEPS) 82128.90
2023-10-11 10:10:15,910 - tune.py [line:103] - INFO: Epoch 00060 | Time(s) 0.0462 | Val Loss 1.9727 | Val Acc 0.4067 | ETputs(KTEPS) 86991.73
2023-10-11 10:10:16,852 - tune.py [line:103] - INFO: Epoch 00080 | Time(s) 0.0463 | Val Loss 2.3713 | Val Acc 0.4231 | ETputs(KTEPS) 86815.98
2023-10-11 10:10:17,928 - tune.py [line:103] - INFO: Epoch 00100 | Time(s) 0.0476 | Val Loss 2.4477 | Val Acc 0.4423 | ETputs(KTEPS) 84353.59
2023-10-11 10:10:18,960 - tune.py [line:103] - INFO: Epoch 00120 | Time(s) 0.0483 | Val Loss 2.5467 | Val Acc 0.4385 | ETputs(KTEPS) 83211.29
2023-10-11 10:10:20,025 - tune.py [line:103] - INFO: Epoch 00140 | Time(s) 0.0489 | Val Loss 2.6611 | Val Acc 0.4567 | ETputs(KTEPS) 82237.27
2023-10-11 10:10:21,062 - tune.py [line:103] - INFO: Epoch 00160 | Time(s) 0.0492 | Val Loss 2.6276 | Val Acc 0.4692 | ETputs(KTEPS) 81771.29
2023-10-11 10:10:22,072 - tune.py [line:103] - INFO: Epoch 00180 | Time(s) 0.0493 | Val Loss 2.5922 | Val Acc 0.4740 | ETputs(KTEPS) 81595.41
2023-10-11 10:10:23,066 - tune.py [line:103] - INFO: Epoch 00200 | Time(s) 0.0492 | Val Loss 2.6646 | Val Acc 0.4769 | ETputs(KTEPS) 81613.38
2023-10-11 10:10:23,979 - tune.py [line:103] - INFO: Epoch 00220 | Time(s) 0.0489 | Val Loss 2.5716 | Val Acc 0.4798 | ETputs(KTEPS) 82162.54
2023-10-11 10:10:24,947 - tune.py [line:103] - INFO: Epoch 00240 | Time(s) 0.0488 | Val Loss 2.5583 | Val Acc 0.5000 | ETputs(KTEPS) 82284.74
2023-10-11 10:10:25,888 - tune.py [line:103] - INFO: Epoch 00260 | Time(s) 0.0487 | Val Loss 2.5750 | Val Acc 0.4990 | ETputs(KTEPS) 82558.74
2023-10-11 10:10:26,850 - tune.py [line:103] - INFO: Epoch 00280 | Time(s) 0.0486 | Val Loss 2.5991 | Val Acc 0.5048 | ETputs(KTEPS) 82673.09
2023-10-11 10:10:27,805 - tune.py [line:103] - INFO: Epoch 00300 | Time(s) 0.0486 | Val Loss 2.7000 | Val Acc 0.4990 | ETputs(KTEPS) 82776.27
2023-10-11 10:10:28,809 - tune.py [line:103] - INFO: Epoch 00320 | Time(s) 0.0486 | Val Loss 2.7027 | Val Acc 0.5144 | ETputs(KTEPS) 82652.66
2023-10-11 10:10:29,689 - tune.py [line:103] - INFO: Epoch 00340 | Time(s) 0.0483 | Val Loss 2.7173 | Val Acc 0.5173 | ETputs(KTEPS) 83148.37
2023-10-11 10:10:30,654 - tune.py [line:103] - INFO: Epoch 00360 | Time(s) 0.0483 | Val Loss 2.6881 | Val Acc 0.5240 | ETputs(KTEPS) 83161.42
2023-10-11 10:10:31,602 - tune.py [line:103] - INFO: Epoch 00380 | Time(s) 0.0483 | Val Loss 2.6602 | Val Acc 0.5365 | ETputs(KTEPS) 83272.98
2023-10-11 10:10:32,620 - tune.py [line:103] - INFO: Epoch 00400 | Time(s) 0.0484 | Val Loss 2.8174 | Val Acc 0.5404 | ETputs(KTEPS) 83061.95
2023-10-11 10:10:33,564 - tune.py [line:103] - INFO: Epoch 00420 | Time(s) 0.0483 | Val Loss 2.7941 | Val Acc 0.5471 | ETputs(KTEPS) 83177.37
2023-10-11 10:10:34,445 - tune.py [line:103] - INFO: Epoch 00440 | Time(s) 0.0481 | Val Loss 2.7983 | Val Acc 0.5413 | ETputs(KTEPS) 83517.44
2023-10-11 10:10:35,393 - tune.py [line:103] - INFO: Epoch 00460 | Time(s) 0.0481 | Val Loss 2.6709 | Val Acc 0.5423 | ETputs(KTEPS) 83598.23
2023-10-11 10:10:36,382 - tune.py [line:103] - INFO: Epoch 00480 | Time(s) 0.0481 | Val Loss 2.9464 | Val Acc 0.5404 | ETputs(KTEPS) 83498.43
2023-10-11 10:10:37,351 - tune.py [line:103] - INFO: Epoch 00500 | Time(s) 0.0481 | Val Loss 2.9789 | Val Acc 0.5385 | ETputs(KTEPS) 83479.51
2023-10-11 10:10:38,328 - tune.py [line:103] - INFO: Epoch 00520 | Time(s) 0.0482 | Val Loss 2.9655 | Val Acc 0.5404 | ETputs(KTEPS) 83446.93
2023-10-11 10:10:39,323 - tune.py [line:103] - INFO: Epoch 00540 | Time(s) 0.0482 | Val Loss 2.7125 | Val Acc 0.5500 | ETputs(KTEPS) 83346.51
2023-10-11 10:10:40,318 - tune.py [line:103] - INFO: Epoch 00560 | Time(s) 0.0483 | Val Loss 3.0525 | Val Acc 0.5606 | ETputs(KTEPS) 83268.80
2023-10-11 10:10:41,305 - tune.py [line:103] - INFO: Epoch 00580 | Time(s) 0.0483 | Val Loss 2.9286 | Val Acc 0.5635 | ETputs(KTEPS) 83225.02
2023-10-11 10:10:42,300 - tune.py [line:103] - INFO: Epoch 00600 | Time(s) 0.0483 | Val Loss 3.0419 | Val Acc 0.5423 | ETputs(KTEPS) 83144.14
2023-10-11 10:10:43,296 - tune.py [line:103] - INFO: Epoch 00620 | Time(s) 0.0484 | Val Loss 3.0198 | Val Acc 0.5519 | ETputs(KTEPS) 83065.90
2023-10-11 10:10:44,302 - tune.py [line:103] - INFO: Epoch 00640 | Time(s) 0.0484 | Val Loss 3.0126 | Val Acc 0.5663 | ETputs(KTEPS) 82980.27
2023-10-11 10:10:45,301 - tune.py [line:103] - INFO: Epoch 00660 | Time(s) 0.0485 | Val Loss 3.1103 | Val Acc 0.5635 | ETputs(KTEPS) 82914.74
2023-10-11 10:10:46,285 - tune.py [line:103] - INFO: Epoch 00680 | Time(s) 0.0485 | Val Loss 3.1469 | Val Acc 0.5606 | ETputs(KTEPS) 82879.88
2023-10-11 10:10:47,214 - tune.py [line:103] - INFO: Epoch 00700 | Time(s) 0.0484 | Val Loss 3.1045 | Val Acc 0.5702 | ETputs(KTEPS) 82980.31
2023-10-11 10:10:48,167 - tune.py [line:103] - INFO: Epoch 00720 | Time(s) 0.0484 | Val Loss 3.1532 | Val Acc 0.5692 | ETputs(KTEPS) 83021.04
2023-10-11 10:10:49,155 - tune.py [line:103] - INFO: Epoch 00740 | Time(s) 0.0484 | Val Loss 3.3717 | Val Acc 0.5654 | ETputs(KTEPS) 82975.54
2023-10-11 10:10:50,243 - tune.py [line:103] - INFO: Epoch 00760 | Time(s) 0.0486 | Val Loss 3.0372 | Val Acc 0.5625 | ETputs(KTEPS) 82709.37
2023-10-11 10:10:51,267 - tune.py [line:103] - INFO: Epoch 00780 | Time(s) 0.0487 | Val Loss 3.3781 | Val Acc 0.5654 | ETputs(KTEPS) 82597.30
2023-10-11 10:10:52,207 - tune.py [line:103] - INFO: Epoch 00800 | Time(s) 0.0486 | Val Loss 3.3445 | Val Acc 0.5615 | ETputs(KTEPS) 82668.85
2023-10-11 10:10:53,142 - tune.py [line:103] - INFO: Epoch 00820 | Time(s) 0.0486 | Val Loss 3.0568 | Val Acc 0.5538 | ETputs(KTEPS) 82747.44
2023-10-11 10:10:54,141 - tune.py [line:103] - INFO: Epoch 00840 | Time(s) 0.0486 | Val Loss 3.2735 | Val Acc 0.5587 | ETputs(KTEPS) 82695.40
2023-10-11 10:10:55,036 - tune.py [line:103] - INFO: Epoch 00860 | Time(s) 0.0485 | Val Loss 3.2263 | Val Acc 0.5606 | ETputs(KTEPS) 82848.78
2023-10-11 10:10:55,939 - tune.py [line:103] - INFO: Epoch 00880 | Time(s) 0.0484 | Val Loss 3.4138 | Val Acc 0.5625 | ETputs(KTEPS) 82981.72
2023-10-11 10:10:56,847 - tune.py [line:103] - INFO: Epoch 00900 | Time(s) 0.0484 | Val Loss 3.2897 | Val Acc 0.5692 | ETputs(KTEPS) 83108.26
2023-10-11 10:10:57,739 - tune.py [line:103] - INFO: Epoch 00920 | Time(s) 0.0483 | Val Loss 3.4373 | Val Acc 0.5654 | ETputs(KTEPS) 83251.11
2023-10-11 10:10:58,654 - tune.py [line:103] - INFO: Epoch 00940 | Time(s) 0.0482 | Val Loss 3.3022 | Val Acc 0.5663 | ETputs(KTEPS) 83344.14
2023-10-11 10:10:59,598 - tune.py [line:103] - INFO: Epoch 00960 | Time(s) 0.0482 | Val Loss 3.4746 | Val Acc 0.5808 | ETputs(KTEPS) 83401.01
2023-10-11 10:11:00,665 - tune.py [line:103] - INFO: Epoch 00980 | Time(s) 0.0483 | Val Loss 3.7870 | Val Acc 0.5673 | ETputs(KTEPS) 83219.71
2023-10-11 10:11:01,650 - tune.py [line:103] - INFO: Epoch 01000 | Time(s) 0.0483 | Val Loss 3.5966 | Val Acc 0.5702 | ETputs(KTEPS) 83188.97
2023-10-11 10:11:02,648 - tune.py [line:103] - INFO: Epoch 01020 | Time(s) 0.0483 | Val Loss 3.3141 | Val Acc 0.5712 | ETputs(KTEPS) 83137.14
2023-10-11 10:11:03,649 - tune.py [line:103] - INFO: Epoch 01040 | Time(s) 0.0484 | Val Loss 3.4789 | Val Acc 0.5692 | ETputs(KTEPS) 83081.16
2023-10-11 10:11:04,674 - tune.py [line:103] - INFO: Epoch 01060 | Time(s) 0.0484 | Val Loss 3.3749 | Val Acc 0.5721 | ETputs(KTEPS) 82989.98
2023-10-11 10:11:05,602 - tune.py [line:103] - INFO: Epoch 01080 | Time(s) 0.0484 | Val Loss 3.5280 | Val Acc 0.5760 | ETputs(KTEPS) 83056.81
2023-10-11 10:11:06,657 - tune.py [line:103] - INFO: Epoch 01100 | Time(s) 0.0485 | Val Loss 3.8640 | Val Acc 0.5769 | ETputs(KTEPS) 82926.04
2023-10-11 10:11:07,648 - tune.py [line:103] - INFO: Epoch 01120 | Time(s) 0.0485 | Val Loss 3.5283 | Val Acc 0.5779 | ETputs(KTEPS) 82899.09
2023-10-11 10:11:08,712 - tune.py [line:103] - INFO: Epoch 01140 | Time(s) 0.0486 | Val Loss 3.7811 | Val Acc 0.5885 | ETputs(KTEPS) 82758.96
2023-10-11 10:11:09,758 - tune.py [line:103] - INFO: Epoch 01160 | Time(s) 0.0486 | Val Loss 3.6083 | Val Acc 0.5740 | ETputs(KTEPS) 82655.61
2023-10-11 10:11:10,796 - tune.py [line:103] - INFO: Epoch 01180 | Time(s) 0.0487 | Val Loss 3.8103 | Val Acc 0.5740 | ETputs(KTEPS) 82562.46
2023-10-11 10:11:11,788 - tune.py [line:103] - INFO: Epoch 01200 | Time(s) 0.0487 | Val Loss 3.5650 | Val Acc 0.5750 | ETputs(KTEPS) 82539.27
2023-10-11 10:11:12,750 - tune.py [line:103] - INFO: Epoch 01220 | Time(s) 0.0487 | Val Loss 3.8697 | Val Acc 0.5750 | ETputs(KTEPS) 82557.18
2023-10-11 10:11:13,759 - tune.py [line:103] - INFO: Epoch 01240 | Time(s) 0.0487 | Val Loss 3.8028 | Val Acc 0.5788 | ETputs(KTEPS) 82509.49
2023-10-11 10:11:14,837 - tune.py [line:103] - INFO: Epoch 01260 | Time(s) 0.0488 | Val Loss 3.8009 | Val Acc 0.5788 | ETputs(KTEPS) 82372.59
2023-10-11 10:11:15,873 - tune.py [line:103] - INFO: Epoch 01280 | Time(s) 0.0488 | Val Loss 3.7146 | Val Acc 0.5827 | ETputs(KTEPS) 82293.51
2023-10-11 10:11:17,040 - tune.py [line:103] - INFO: Epoch 01300 | Time(s) 0.0490 | Val Loss 3.9435 | Val Acc 0.5798 | ETputs(KTEPS) 82049.56
2023-10-11 10:11:18,073 - tune.py [line:103] - INFO: Epoch 01320 | Time(s) 0.0490 | Val Loss 4.1933 | Val Acc 0.5731 | ETputs(KTEPS) 81982.83
2023-10-11 10:11:19,057 - tune.py [line:103] - INFO: Epoch 01340 | Time(s) 0.0490 | Val Loss 3.5529 | Val Acc 0.5798 | ETputs(KTEPS) 81980.13
2023-10-11 10:11:20,076 - tune.py [line:103] - INFO: Epoch 01360 | Time(s) 0.0491 | Val Loss 3.8368 | Val Acc 0.5894 | ETputs(KTEPS) 81934.33
2023-10-11 10:11:21,064 - tune.py [line:103] - INFO: Epoch 01380 | Time(s) 0.0491 | Val Loss 3.9823 | Val Acc 0.5827 | ETputs(KTEPS) 81930.28
2023-10-11 10:11:22,123 - tune.py [line:103] - INFO: Epoch 01400 | Time(s) 0.0491 | Val Loss 4.1306 | Val Acc 0.5769 | ETputs(KTEPS) 81837.69
2023-10-11 10:11:23,115 - tune.py [line:103] - INFO: Epoch 01420 | Time(s) 0.0491 | Val Loss 4.0547 | Val Acc 0.5760 | ETputs(KTEPS) 81827.62
2023-10-11 10:11:24,119 - tune.py [line:103] - INFO: Epoch 01440 | Time(s) 0.0491 | Val Loss 3.9912 | Val Acc 0.5731 | ETputs(KTEPS) 81803.60
2023-10-11 10:11:25,111 - tune.py [line:103] - INFO: Epoch 01460 | Time(s) 0.0491 | Val Loss 3.7915 | Val Acc 0.5712 | ETputs(KTEPS) 81793.70
2023-10-11 10:11:26,097 - tune.py [line:103] - INFO: Epoch 01480 | Time(s) 0.0491 | Val Loss 4.2540 | Val Acc 0.5769 | ETputs(KTEPS) 81791.28
2023-10-11 10:11:27,088 - tune.py [line:103] - INFO: Epoch 01500 | Time(s) 0.0491 | Val Loss 3.5164 | Val Acc 0.5721 | ETputs(KTEPS) 81782.96
2023-10-11 10:11:28,107 - tune.py [line:103] - INFO: Epoch 01520 | Time(s) 0.0492 | Val Loss 4.1745 | Val Acc 0.5673 | ETputs(KTEPS) 81744.12
2023-10-11 10:11:29,131 - tune.py [line:103] - INFO: Epoch 01540 | Time(s) 0.0492 | Val Loss 4.5191 | Val Acc 0.5731 | ETputs(KTEPS) 81701.93
2023-10-11 10:11:30,156 - tune.py [line:103] - INFO: Epoch 01560 | Time(s) 0.0492 | Val Loss 4.2908 | Val Acc 0.5683 | ETputs(KTEPS) 81659.25
2023-10-11 10:11:31,134 - tune.py [line:103] - INFO: Epoch 01580 | Time(s) 0.0492 | Val Loss 4.1663 | Val Acc 0.5779 | ETputs(KTEPS) 81667.78
2023-10-11 10:11:32,092 - tune.py [line:103] - INFO: Epoch 01600 | Time(s) 0.0492 | Val Loss 4.0503 | Val Acc 0.5779 | ETputs(KTEPS) 81696.88
2023-10-11 10:11:33,067 - tune.py [line:103] - INFO: Epoch 01620 | Time(s) 0.0492 | Val Loss 4.4441 | Val Acc 0.5654 | ETputs(KTEPS) 81706.36
2023-10-11 10:11:34,044 - tune.py [line:103] - INFO: Epoch 01640 | Time(s) 0.0492 | Val Loss 4.3365 | Val Acc 0.5760 | ETputs(KTEPS) 81714.01
2023-10-11 10:11:35,081 - tune.py [line:103] - INFO: Epoch 01660 | Time(s) 0.0492 | Val Loss 3.9411 | Val Acc 0.5731 | ETputs(KTEPS) 81661.93
2023-10-11 10:11:35,096 - tune.py [line:117] - INFO: [FINAL MODEL] Val accuracy 58.94% \Val loss: 3.8
2023-10-11 10:11:35,099 - tune.py [line:119] - INFO: [FINAL MODEL] Test accuracy 58.69% \Test loss: 4.0
2023-10-11 10:11:35,100 - tune.py [line:144] - INFO: Acc on the first split (Validation Set): 0.5894
2023-10-11 10:11:35,100 - tune.py [line:145] - INFO: Acc on the first split (Test Set): 0.5869
