2023-10-14 03:40:30,108 - tune.py [line:203] - INFO: Namespace(seed=42, model='GPRGNNV2', gpu=1, dataset='geom-chameleon', logging=True, log_detail=True, log_detailedCh=False, id_log=1014014502, optuna_n_trials=202, n_epochs=2000, self_loop=False, udgraph=True, early_stop=True, patience=300, n_hidden=64, n_cv=1, start_cv=0, n_layers=16, lr1=0.05, lr2=0.05, wd1=1e-07, wd2=1e-06, dropout=0.4, dropout2=0.6, alpha=0.8, es_ckpt='woselfloop-geom-chameleon_GPRGNNV2-geom-chameleon_trialNo12')
2023-10-14 03:40:30,841 - tune.py [line:128] - INFO: Split_seeds:[1824]
2023-10-14 03:40:30,842 - tune.py [line:129] - INFO: Model_seeds:[409]
2023-10-14 03:40:31,476 - tune.py [line:103] - INFO: Epoch 00020 | Time(s) 0.0306 | Val Loss 1.2539 | Val Acc 0.5231 | ETputs(KTEPS) 20476.93
2023-10-14 03:40:32,191 - tune.py [line:103] - INFO: Epoch 00040 | Time(s) 0.0327 | Val Loss 1.4707 | Val Acc 0.6110 | ETputs(KTEPS) 19194.34
2023-10-14 03:40:33,317 - tune.py [line:103] - INFO: Epoch 00060 | Time(s) 0.0404 | Val Loss 1.6523 | Val Acc 0.6066 | ETputs(KTEPS) 15548.11
2023-10-14 03:40:34,059 - tune.py [line:103] - INFO: Epoch 00080 | Time(s) 0.0394 | Val Loss 1.6002 | Val Acc 0.6396 | ETputs(KTEPS) 15911.03
2023-10-14 03:40:34,665 - tune.py [line:103] - INFO: Epoch 00100 | Time(s) 0.0375 | Val Loss 1.6747 | Val Acc 0.6703 | ETputs(KTEPS) 16718.92
2023-10-14 03:40:35,281 - tune.py [line:103] - INFO: Epoch 00120 | Time(s) 0.0364 | Val Loss 1.7428 | Val Acc 0.6769 | ETputs(KTEPS) 17257.15
2023-10-14 03:40:35,909 - tune.py [line:103] - INFO: Epoch 00140 | Time(s) 0.0356 | Val Loss 1.7884 | Val Acc 0.6747 | ETputs(KTEPS) 17614.56
2023-10-14 03:40:36,734 - tune.py [line:103] - INFO: Epoch 00160 | Time(s) 0.0363 | Val Loss 1.8598 | Val Acc 0.6791 | ETputs(KTEPS) 17284.97
2023-10-14 03:40:37,593 - tune.py [line:103] - INFO: Epoch 00180 | Time(s) 0.0370 | Val Loss 1.9295 | Val Acc 0.6681 | ETputs(KTEPS) 16942.86
2023-10-14 03:40:38,266 - tune.py [line:103] - INFO: Epoch 00200 | Time(s) 0.0367 | Val Loss 1.8993 | Val Acc 0.6901 | ETputs(KTEPS) 17098.43
2023-10-14 03:40:38,991 - tune.py [line:103] - INFO: Epoch 00220 | Time(s) 0.0366 | Val Loss 1.8804 | Val Acc 0.6989 | ETputs(KTEPS) 17129.35
2023-10-14 03:40:39,671 - tune.py [line:103] - INFO: Epoch 00240 | Time(s) 0.0364 | Val Loss 1.9552 | Val Acc 0.6725 | ETputs(KTEPS) 17238.03
2023-10-14 03:40:40,907 - tune.py [line:103] - INFO: Epoch 00260 | Time(s) 0.0383 | Val Loss 1.9161 | Val Acc 0.7011 | ETputs(KTEPS) 16361.50
2023-10-14 03:40:41,581 - tune.py [line:103] - INFO: Epoch 00280 | Time(s) 0.0380 | Val Loss 2.0061 | Val Acc 0.6835 | ETputs(KTEPS) 16504.35
2023-10-14 03:40:42,233 - tune.py [line:103] - INFO: Epoch 00300 | Time(s) 0.0377 | Val Loss 2.1001 | Val Acc 0.6879 | ETputs(KTEPS) 16663.79
2023-10-14 03:40:42,891 - tune.py [line:103] - INFO: Epoch 00320 | Time(s) 0.0374 | Val Loss 2.0418 | Val Acc 0.7077 | ETputs(KTEPS) 16797.00
2023-10-14 03:40:43,635 - tune.py [line:103] - INFO: Epoch 00340 | Time(s) 0.0373 | Val Loss 2.1409 | Val Acc 0.6945 | ETputs(KTEPS) 16808.28
2023-10-14 03:40:44,652 - tune.py [line:103] - INFO: Epoch 00360 | Time(s) 0.0381 | Val Loss 2.1391 | Val Acc 0.7011 | ETputs(KTEPS) 16477.32
2023-10-14 03:40:45,254 - tune.py [line:103] - INFO: Epoch 00380 | Time(s) 0.0377 | Val Loss 2.0981 | Val Acc 0.7055 | ETputs(KTEPS) 16661.19
2023-10-14 03:40:45,859 - tune.py [line:103] - INFO: Epoch 00400 | Time(s) 0.0373 | Val Loss 2.0940 | Val Acc 0.7011 | ETputs(KTEPS) 16829.46
2023-10-14 03:40:46,512 - tune.py [line:103] - INFO: Epoch 00420 | Time(s) 0.0371 | Val Loss 2.2034 | Val Acc 0.6901 | ETputs(KTEPS) 16930.93
2023-10-14 03:40:47,140 - tune.py [line:103] - INFO: Epoch 00440 | Time(s) 0.0368 | Val Loss 2.2008 | Val Acc 0.7011 | ETputs(KTEPS) 17049.03
2023-10-14 03:40:48,548 - tune.py [line:103] - INFO: Epoch 00460 | Time(s) 0.0383 | Val Loss 2.1523 | Val Acc 0.7033 | ETputs(KTEPS) 16398.75
2023-10-14 03:40:49,202 - tune.py [line:103] - INFO: Epoch 00480 | Time(s) 0.0380 | Val Loss 2.1350 | Val Acc 0.7165 | ETputs(KTEPS) 16501.59
2023-10-14 03:40:49,856 - tune.py [line:103] - INFO: Epoch 00500 | Time(s) 0.0378 | Val Loss 2.2847 | Val Acc 0.6901 | ETputs(KTEPS) 16594.70
2023-10-14 03:40:50,555 - tune.py [line:103] - INFO: Epoch 00520 | Time(s) 0.0377 | Val Loss 2.3784 | Val Acc 0.6901 | ETputs(KTEPS) 16644.26
2023-10-14 03:40:51,368 - tune.py [line:103] - INFO: Epoch 00540 | Time(s) 0.0378 | Val Loss 2.1666 | Val Acc 0.7011 | ETputs(KTEPS) 16596.25
2023-10-14 03:40:52,098 - tune.py [line:103] - INFO: Epoch 00560 | Time(s) 0.0378 | Val Loss 2.2737 | Val Acc 0.7011 | ETputs(KTEPS) 16618.85
2023-10-14 03:40:52,703 - tune.py [line:103] - INFO: Epoch 00580 | Time(s) 0.0375 | Val Loss 2.2724 | Val Acc 0.7165 | ETputs(KTEPS) 16733.54
2023-10-14 03:40:53,326 - tune.py [line:103] - INFO: Epoch 00600 | Time(s) 0.0373 | Val Loss 2.1902 | Val Acc 0.7165 | ETputs(KTEPS) 16829.96
2023-10-14 03:40:53,972 - tune.py [line:103] - INFO: Epoch 00620 | Time(s) 0.0371 | Val Loss 2.1865 | Val Acc 0.7077 | ETputs(KTEPS) 16904.79
2023-10-14 03:40:54,963 - tune.py [line:103] - INFO: Epoch 00640 | Time(s) 0.0375 | Val Loss 2.1736 | Val Acc 0.7033 | ETputs(KTEPS) 16729.87
2023-10-14 03:40:55,608 - tune.py [line:103] - INFO: Epoch 00660 | Time(s) 0.0373 | Val Loss 2.1546 | Val Acc 0.7121 | ETputs(KTEPS) 16801.48
2023-10-14 03:40:56,232 - tune.py [line:103] - INFO: Epoch 00680 | Time(s) 0.0372 | Val Loss 2.2813 | Val Acc 0.7121 | ETputs(KTEPS) 16883.47
2023-10-14 03:40:56,850 - tune.py [line:103] - INFO: Epoch 00700 | Time(s) 0.0370 | Val Loss 2.2331 | Val Acc 0.6923 | ETputs(KTEPS) 16965.78
2023-10-14 03:40:57,511 - tune.py [line:103] - INFO: Epoch 00720 | Time(s) 0.0369 | Val Loss 2.2456 | Val Acc 0.7275 | ETputs(KTEPS) 17019.22
2023-10-14 03:40:58,532 - tune.py [line:103] - INFO: Epoch 00740 | Time(s) 0.0372 | Val Loss 2.2776 | Val Acc 0.7033 | ETputs(KTEPS) 16844.88
2023-10-14 03:40:59,332 - tune.py [line:103] - INFO: Epoch 00760 | Time(s) 0.0373 | Val Loss 2.2954 | Val Acc 0.7077 | ETputs(KTEPS) 16812.13
2023-10-14 03:40:59,940 - tune.py [line:103] - INFO: Epoch 00780 | Time(s) 0.0371 | Val Loss 2.2370 | Val Acc 0.7121 | ETputs(KTEPS) 16892.61
2023-10-14 03:41:00,539 - tune.py [line:103] - INFO: Epoch 00800 | Time(s) 0.0370 | Val Loss 2.3792 | Val Acc 0.7253 | ETputs(KTEPS) 16975.47
2023-10-14 03:41:01,157 - tune.py [line:103] - INFO: Epoch 00820 | Time(s) 0.0368 | Val Loss 2.3346 | Val Acc 0.6967 | ETputs(KTEPS) 17043.62
2023-10-14 03:41:01,887 - tune.py [line:103] - INFO: Epoch 00840 | Time(s) 0.0368 | Val Loss 2.2631 | Val Acc 0.7099 | ETputs(KTEPS) 17047.55
2023-10-14 03:41:02,995 - tune.py [line:103] - INFO: Epoch 00860 | Time(s) 0.0372 | Val Loss 2.4068 | Val Acc 0.7143 | ETputs(KTEPS) 16849.71
2023-10-14 03:41:03,597 - tune.py [line:103] - INFO: Epoch 00880 | Time(s) 0.0371 | Val Loss 2.5177 | Val Acc 0.6989 | ETputs(KTEPS) 16923.74
2023-10-14 03:41:04,245 - tune.py [line:103] - INFO: Epoch 00900 | Time(s) 0.0370 | Val Loss 2.4499 | Val Acc 0.7055 | ETputs(KTEPS) 16971.25
2023-10-14 03:41:04,943 - tune.py [line:103] - INFO: Epoch 00920 | Time(s) 0.0369 | Val Loss 2.4287 | Val Acc 0.7011 | ETputs(KTEPS) 16992.36
2023-10-14 03:41:05,749 - tune.py [line:103] - INFO: Epoch 00940 | Time(s) 0.0370 | Val Loss 2.4095 | Val Acc 0.7209 | ETputs(KTEPS) 16961.15
2023-10-14 03:41:07,163 - tune.py [line:103] - INFO: Epoch 00960 | Time(s) 0.0377 | Val Loss 2.3936 | Val Acc 0.7033 | ETputs(KTEPS) 16645.33
2023-10-14 03:41:08,564 - tune.py [line:103] - INFO: Epoch 00980 | Time(s) 0.0384 | Val Loss 2.3351 | Val Acc 0.7231 | ETputs(KTEPS) 16359.18
2023-10-14 03:41:09,963 - tune.py [line:103] - INFO: Epoch 01000 | Time(s) 0.0390 | Val Loss 2.3609 | Val Acc 0.6989 | ETputs(KTEPS) 16093.89
2023-10-14 03:41:11,388 - tune.py [line:103] - INFO: Epoch 01020 | Time(s) 0.0396 | Val Loss 2.3494 | Val Acc 0.7143 | ETputs(KTEPS) 15837.16
2023-10-14 03:41:12,840 - tune.py [line:103] - INFO: Epoch 01040 | Time(s) 0.0403 | Val Loss 2.3374 | Val Acc 0.6945 | ETputs(KTEPS) 15587.96
2023-10-14 03:41:14,306 - tune.py [line:103] - INFO: Epoch 01060 | Time(s) 0.0409 | Val Loss 2.3306 | Val Acc 0.7077 | ETputs(KTEPS) 15350.50
2023-10-14 03:41:15,730 - tune.py [line:103] - INFO: Epoch 01080 | Time(s) 0.0414 | Val Loss 2.4786 | Val Acc 0.7121 | ETputs(KTEPS) 15142.50
2023-10-14 03:41:17,078 - tune.py [line:103] - INFO: Epoch 01100 | Time(s) 0.0419 | Val Loss 2.3471 | Val Acc 0.7143 | ETputs(KTEPS) 14972.25
2023-10-14 03:41:18,567 - tune.py [line:103] - INFO: Epoch 01120 | Time(s) 0.0425 | Val Loss 2.3531 | Val Acc 0.7165 | ETputs(KTEPS) 14767.37
2023-10-14 03:41:20,103 - tune.py [line:103] - INFO: Epoch 01140 | Time(s) 0.0431 | Val Loss 2.3907 | Val Acc 0.7121 | ETputs(KTEPS) 14561.38
2023-10-14 03:41:21,545 - tune.py [line:103] - INFO: Epoch 01160 | Time(s) 0.0436 | Val Loss 2.3106 | Val Acc 0.7143 | ETputs(KTEPS) 14394.41
2023-10-14 03:41:23,035 - tune.py [line:103] - INFO: Epoch 01180 | Time(s) 0.0441 | Val Loss 2.4519 | Val Acc 0.7143 | ETputs(KTEPS) 14223.94
2023-10-14 03:41:24,450 - tune.py [line:103] - INFO: Epoch 01200 | Time(s) 0.0446 | Val Loss 2.4822 | Val Acc 0.7033 | ETputs(KTEPS) 14082.17
2023-10-14 03:41:25,853 - tune.py [line:103] - INFO: Epoch 01220 | Time(s) 0.0450 | Val Loss 2.5699 | Val Acc 0.6967 | ETputs(KTEPS) 13951.24
2023-10-14 03:41:26,221 - tune.py [line:117] - INFO: [FINAL MODEL] Val accuracy 73.41% \Val loss: 2.4
2023-10-14 03:41:26,248 - tune.py [line:119] - INFO: [FINAL MODEL] Test accuracy 70.02% \Test loss: 2.4
2023-10-14 03:41:26,248 - tune.py [line:144] - INFO: Acc on the first split (Validation Set): 0.7341
2023-10-14 03:41:26,248 - tune.py [line:145] - INFO: Acc on the first split (Test Set): 0.7002
