2023-10-14 04:05:44,610 - tune.py [line:203] - INFO: Namespace(seed=42, model='GPRGNNV2', gpu=1, dataset='geom-chameleon', logging=True, log_detail=True, log_detailedCh=False, id_log=1014014502, optuna_n_trials=202, n_epochs=2000, self_loop=False, udgraph=True, early_stop=True, patience=300, n_hidden=64, n_cv=1, start_cv=0, n_layers=16, lr1=0.05, lr2=0.05, wd1=1e-08, wd2=1e-07, dropout=0.4, dropout2=0.7, alpha=0.8, es_ckpt='woselfloop-geom-chameleon_GPRGNNV2-geom-chameleon_trialNo166')
2023-10-14 04:05:45,463 - tune.py [line:128] - INFO: Split_seeds:[1824]
2023-10-14 04:05:45,463 - tune.py [line:129] - INFO: Model_seeds:[409]
2023-10-14 04:05:46,740 - tune.py [line:103] - INFO: Epoch 00020 | Time(s) 0.0615 | Val Loss 1.2326 | Val Acc 0.5341 | ETputs(KTEPS) 10199.35
2023-10-14 04:05:47,925 - tune.py [line:103] - INFO: Epoch 00040 | Time(s) 0.0600 | Val Loss 1.2771 | Val Acc 0.6000 | ETputs(KTEPS) 10453.64
2023-10-14 04:05:49,125 - tune.py [line:103] - INFO: Epoch 00060 | Time(s) 0.0599 | Val Loss 1.3623 | Val Acc 0.6352 | ETputs(KTEPS) 10475.86
2023-10-14 04:05:50,380 - tune.py [line:103] - INFO: Epoch 00080 | Time(s) 0.0605 | Val Loss 1.4090 | Val Acc 0.6462 | ETputs(KTEPS) 10363.59
2023-10-14 04:05:51,570 - tune.py [line:103] - INFO: Epoch 00100 | Time(s) 0.0603 | Val Loss 1.5060 | Val Acc 0.6681 | ETputs(KTEPS) 10407.35
2023-10-14 04:05:52,746 - tune.py [line:103] - INFO: Epoch 00120 | Time(s) 0.0600 | Val Loss 1.5640 | Val Acc 0.6615 | ETputs(KTEPS) 10451.34
2023-10-14 04:05:53,960 - tune.py [line:103] - INFO: Epoch 00140 | Time(s) 0.0601 | Val Loss 1.5384 | Val Acc 0.6791 | ETputs(KTEPS) 10445.29
2023-10-14 04:05:55,193 - tune.py [line:103] - INFO: Epoch 00160 | Time(s) 0.0603 | Val Loss 1.5680 | Val Acc 0.6923 | ETputs(KTEPS) 10411.31
2023-10-14 04:05:56,377 - tune.py [line:103] - INFO: Epoch 00180 | Time(s) 0.0601 | Val Loss 1.6472 | Val Acc 0.6813 | ETputs(KTEPS) 10436.18
2023-10-14 04:05:57,564 - tune.py [line:103] - INFO: Epoch 00200 | Time(s) 0.0600 | Val Loss 1.6473 | Val Acc 0.6989 | ETputs(KTEPS) 10451.80
2023-10-14 04:05:58,710 - tune.py [line:103] - INFO: Epoch 00220 | Time(s) 0.0598 | Val Loss 1.7124 | Val Acc 0.6967 | ETputs(KTEPS) 10495.75
2023-10-14 04:05:59,916 - tune.py [line:103] - INFO: Epoch 00240 | Time(s) 0.0598 | Val Loss 1.8370 | Val Acc 0.6813 | ETputs(KTEPS) 10489.84
2023-10-14 04:06:01,137 - tune.py [line:103] - INFO: Epoch 00260 | Time(s) 0.0599 | Val Loss 1.7349 | Val Acc 0.7055 | ETputs(KTEPS) 10474.72
2023-10-14 04:06:02,327 - tune.py [line:103] - INFO: Epoch 00280 | Time(s) 0.0598 | Val Loss 1.8120 | Val Acc 0.7055 | ETputs(KTEPS) 10484.14
2023-10-14 04:06:03,544 - tune.py [line:103] - INFO: Epoch 00300 | Time(s) 0.0599 | Val Loss 1.8363 | Val Acc 0.7143 | ETputs(KTEPS) 10473.19
2023-10-14 04:06:04,778 - tune.py [line:103] - INFO: Epoch 00320 | Time(s) 0.0600 | Val Loss 1.9018 | Val Acc 0.7099 | ETputs(KTEPS) 10453.65
2023-10-14 04:06:06,015 - tune.py [line:103] - INFO: Epoch 00340 | Time(s) 0.0601 | Val Loss 1.8737 | Val Acc 0.7143 | ETputs(KTEPS) 10435.03
2023-10-14 04:06:07,276 - tune.py [line:103] - INFO: Epoch 00360 | Time(s) 0.0603 | Val Loss 1.8742 | Val Acc 0.7099 | ETputs(KTEPS) 10407.40
2023-10-14 04:06:08,491 - tune.py [line:103] - INFO: Epoch 00380 | Time(s) 0.0603 | Val Loss 1.9461 | Val Acc 0.7143 | ETputs(KTEPS) 10403.58
2023-10-14 04:06:09,745 - tune.py [line:103] - INFO: Epoch 00400 | Time(s) 0.0604 | Val Loss 1.9376 | Val Acc 0.7055 | ETputs(KTEPS) 10383.26
2023-10-14 04:06:10,978 - tune.py [line:103] - INFO: Epoch 00420 | Time(s) 0.0605 | Val Loss 1.9832 | Val Acc 0.7165 | ETputs(KTEPS) 10373.14
2023-10-14 04:06:12,234 - tune.py [line:103] - INFO: Epoch 00440 | Time(s) 0.0606 | Val Loss 1.9130 | Val Acc 0.7121 | ETputs(KTEPS) 10355.47
2023-10-14 04:06:13,485 - tune.py [line:103] - INFO: Epoch 00460 | Time(s) 0.0607 | Val Loss 1.9988 | Val Acc 0.7033 | ETputs(KTEPS) 10341.30
2023-10-14 04:06:14,737 - tune.py [line:103] - INFO: Epoch 00480 | Time(s) 0.0608 | Val Loss 2.0531 | Val Acc 0.7143 | ETputs(KTEPS) 10327.70
2023-10-14 04:06:16,091 - tune.py [line:103] - INFO: Epoch 00500 | Time(s) 0.0610 | Val Loss 2.0092 | Val Acc 0.7099 | ETputs(KTEPS) 10281.15
2023-10-14 04:06:17,226 - tune.py [line:103] - INFO: Epoch 00520 | Time(s) 0.0609 | Val Loss 2.0171 | Val Acc 0.6989 | ETputs(KTEPS) 10309.29
2023-10-14 04:06:18,492 - tune.py [line:103] - INFO: Epoch 00540 | Time(s) 0.0609 | Val Loss 1.9463 | Val Acc 0.6989 | ETputs(KTEPS) 10294.46
2023-10-14 04:06:19,740 - tune.py [line:103] - INFO: Epoch 00560 | Time(s) 0.0610 | Val Loss 2.0088 | Val Acc 0.7033 | ETputs(KTEPS) 10285.98
2023-10-14 04:06:20,604 - tune.py [line:117] - INFO: [FINAL MODEL] Val accuracy 72.53% \Val loss: 1.8
2023-10-14 04:06:20,632 - tune.py [line:119] - INFO: [FINAL MODEL] Test accuracy 67.40% \Test loss: 1.6
2023-10-14 04:06:20,632 - tune.py [line:144] - INFO: Acc on the first split (Validation Set): 0.7253
2023-10-14 04:06:20,632 - tune.py [line:145] - INFO: Acc on the first split (Test Set): 0.6740
