2023-10-14 03:58:34,649 - tune.py [line:203] - INFO: Namespace(seed=42, model='GPRGNNV2', gpu=1, dataset='geom-chameleon', logging=True, log_detail=True, log_detailedCh=False, id_log=1014014502, optuna_n_trials=202, n_epochs=2000, self_loop=False, udgraph=True, early_stop=True, patience=300, n_hidden=64, n_cv=1, start_cv=0, n_layers=16, lr1=0.05, lr2=0.05, wd1=1e-07, wd2=1e-05, dropout=0.4, dropout2=0.7, alpha=0.9, es_ckpt='woselfloop-geom-chameleon_GPRGNNV2-geom-chameleon_trialNo81')
2023-10-14 03:58:35,496 - tune.py [line:128] - INFO: Split_seeds:[1824]
2023-10-14 03:58:35,496 - tune.py [line:129] - INFO: Model_seeds:[409]
2023-10-14 03:58:36,725 - tune.py [line:103] - INFO: Epoch 00020 | Time(s) 0.0599 | Val Loss 1.2353 | Val Acc 0.5473 | ETputs(KTEPS) 10474.71
2023-10-14 03:58:37,959 - tune.py [line:103] - INFO: Epoch 00040 | Time(s) 0.0603 | Val Loss 1.2457 | Val Acc 0.6286 | ETputs(KTEPS) 10410.28
2023-10-14 03:58:39,228 - tune.py [line:103] - INFO: Epoch 00060 | Time(s) 0.0612 | Val Loss 1.3314 | Val Acc 0.6286 | ETputs(KTEPS) 10255.72
2023-10-14 03:58:40,408 - tune.py [line:103] - INFO: Epoch 00080 | Time(s) 0.0606 | Val Loss 1.3677 | Val Acc 0.6505 | ETputs(KTEPS) 10357.66
2023-10-14 03:58:41,667 - tune.py [line:103] - INFO: Epoch 00100 | Time(s) 0.0609 | Val Loss 1.4189 | Val Acc 0.6637 | ETputs(KTEPS) 10303.42
2023-10-14 03:58:42,908 - tune.py [line:103] - INFO: Epoch 00120 | Time(s) 0.0610 | Val Loss 1.4630 | Val Acc 0.6835 | ETputs(KTEPS) 10280.38
2023-10-14 03:58:44,129 - tune.py [line:103] - INFO: Epoch 00140 | Time(s) 0.0610 | Val Loss 1.4639 | Val Acc 0.6835 | ETputs(KTEPS) 10285.63
2023-10-14 03:58:45,419 - tune.py [line:103] - INFO: Epoch 00160 | Time(s) 0.0614 | Val Loss 1.5027 | Val Acc 0.6945 | ETputs(KTEPS) 10218.07
2023-10-14 03:58:46,599 - tune.py [line:103] - INFO: Epoch 00180 | Time(s) 0.0611 | Val Loss 1.6081 | Val Acc 0.7011 | ETputs(KTEPS) 10266.63
2023-10-14 03:58:47,435 - tune.py [line:103] - INFO: Epoch 00200 | Time(s) 0.0592 | Val Loss 1.5980 | Val Acc 0.6945 | ETputs(KTEPS) 10603.82
2023-10-14 03:58:48,039 - tune.py [line:103] - INFO: Epoch 00220 | Time(s) 0.0565 | Val Loss 1.6273 | Val Acc 0.7033 | ETputs(KTEPS) 11098.24
2023-10-14 03:58:48,670 - tune.py [line:103] - INFO: Epoch 00240 | Time(s) 0.0544 | Val Loss 1.7336 | Val Acc 0.6835 | ETputs(KTEPS) 11526.54
2023-10-14 03:58:49,316 - tune.py [line:103] - INFO: Epoch 00260 | Time(s) 0.0527 | Val Loss 1.6349 | Val Acc 0.7011 | ETputs(KTEPS) 11904.25
2023-10-14 03:58:49,943 - tune.py [line:103] - INFO: Epoch 00280 | Time(s) 0.0512 | Val Loss 1.6584 | Val Acc 0.7077 | ETputs(KTEPS) 12259.39
2023-10-14 03:58:51,174 - tune.py [line:103] - INFO: Epoch 00300 | Time(s) 0.0519 | Val Loss 1.6960 | Val Acc 0.7033 | ETputs(KTEPS) 12096.85
2023-10-14 03:58:52,530 - tune.py [line:103] - INFO: Epoch 00320 | Time(s) 0.0529 | Val Loss 1.7205 | Val Acc 0.7165 | ETputs(KTEPS) 11869.38
2023-10-14 03:58:53,743 - tune.py [line:103] - INFO: Epoch 00340 | Time(s) 0.0533 | Val Loss 1.7229 | Val Acc 0.7099 | ETputs(KTEPS) 11771.56
2023-10-14 03:58:54,955 - tune.py [line:103] - INFO: Epoch 00360 | Time(s) 0.0537 | Val Loss 1.7397 | Val Acc 0.7121 | ETputs(KTEPS) 11683.45
2023-10-14 03:58:56,148 - tune.py [line:103] - INFO: Epoch 00380 | Time(s) 0.0540 | Val Loss 1.7198 | Val Acc 0.7143 | ETputs(KTEPS) 11615.64
2023-10-14 03:58:57,380 - tune.py [line:103] - INFO: Epoch 00400 | Time(s) 0.0544 | Val Loss 1.7359 | Val Acc 0.7143 | ETputs(KTEPS) 11535.00
2023-10-14 03:58:58,638 - tune.py [line:103] - INFO: Epoch 00420 | Time(s) 0.0548 | Val Loss 1.8771 | Val Acc 0.7011 | ETputs(KTEPS) 11450.06
2023-10-14 03:58:59,894 - tune.py [line:103] - INFO: Epoch 00440 | Time(s) 0.0552 | Val Loss 1.7888 | Val Acc 0.6989 | ETputs(KTEPS) 11375.15
2023-10-14 03:59:01,171 - tune.py [line:103] - INFO: Epoch 00460 | Time(s) 0.0555 | Val Loss 1.7993 | Val Acc 0.7121 | ETputs(KTEPS) 11298.38
2023-10-14 03:59:02,426 - tune.py [line:103] - INFO: Epoch 00480 | Time(s) 0.0558 | Val Loss 1.8332 | Val Acc 0.7099 | ETputs(KTEPS) 11237.81
2023-10-14 03:59:03,604 - tune.py [line:103] - INFO: Epoch 00500 | Time(s) 0.0560 | Val Loss 1.8247 | Val Acc 0.7055 | ETputs(KTEPS) 11213.12
2023-10-14 03:59:04,825 - tune.py [line:103] - INFO: Epoch 00520 | Time(s) 0.0561 | Val Loss 1.8110 | Val Acc 0.7055 | ETputs(KTEPS) 11174.35
2023-10-14 03:59:06,032 - tune.py [line:103] - INFO: Epoch 00540 | Time(s) 0.0563 | Val Loss 1.8324 | Val Acc 0.7033 | ETputs(KTEPS) 11143.61
2023-10-14 03:59:07,333 - tune.py [line:103] - INFO: Epoch 00560 | Time(s) 0.0566 | Val Loss 1.8799 | Val Acc 0.7077 | ETputs(KTEPS) 11082.40
2023-10-14 03:59:08,632 - tune.py [line:103] - INFO: Epoch 00580 | Time(s) 0.0569 | Val Loss 1.8370 | Val Acc 0.7055 | ETputs(KTEPS) 11027.02
2023-10-14 03:59:09,855 - tune.py [line:103] - INFO: Epoch 00600 | Time(s) 0.0570 | Val Loss 1.8242 | Val Acc 0.7143 | ETputs(KTEPS) 10999.57
2023-10-14 03:59:11,110 - tune.py [line:103] - INFO: Epoch 00620 | Time(s) 0.0572 | Val Loss 1.9208 | Val Acc 0.7077 | ETputs(KTEPS) 10964.36
2023-10-14 03:59:11,543 - tune.py [line:117] - INFO: [FINAL MODEL] Val accuracy 72.75% \Val loss: 1.7
2023-10-14 03:59:11,548 - tune.py [line:119] - INFO: [FINAL MODEL] Test accuracy 69.80% \Test loss: 1.6
2023-10-14 03:59:11,548 - tune.py [line:144] - INFO: Acc on the first split (Validation Set): 0.7275
2023-10-14 03:59:11,548 - tune.py [line:145] - INFO: Acc on the first split (Test Set): 0.6980
