2023-10-14 03:54:50,297 - tune.py [line:203] - INFO: Namespace(seed=42, model='GPRGNNV2', gpu=1, dataset='geom-chameleon', logging=True, log_detail=True, log_detailedCh=False, id_log=1014014502, optuna_n_trials=202, n_epochs=2000, self_loop=False, udgraph=True, early_stop=True, patience=300, n_hidden=64, n_cv=1, start_cv=0, n_layers=16, lr1=0.05, lr2=0.05, wd1=1e-07, wd2=1e-05, dropout=0.3, dropout2=0.7, alpha=0.9, es_ckpt='woselfloop-geom-chameleon_GPRGNNV2-geom-chameleon_trialNo63')
2023-10-14 03:54:51,189 - tune.py [line:128] - INFO: Split_seeds:[1824]
2023-10-14 03:54:51,189 - tune.py [line:129] - INFO: Model_seeds:[409]
2023-10-14 03:54:52,645 - tune.py [line:103] - INFO: Epoch 00020 | Time(s) 0.0705 | Val Loss 1.2957 | Val Acc 0.5473 | ETputs(KTEPS) 8901.97
2023-10-14 03:54:54,024 - tune.py [line:103] - INFO: Epoch 00040 | Time(s) 0.0695 | Val Loss 1.4596 | Val Acc 0.6044 | ETputs(KTEPS) 9032.94
2023-10-14 03:54:55,423 - tune.py [line:103] - INFO: Epoch 00060 | Time(s) 0.0695 | Val Loss 1.6732 | Val Acc 0.6154 | ETputs(KTEPS) 9031.66
2023-10-14 03:54:56,860 - tune.py [line:103] - INFO: Epoch 00080 | Time(s) 0.0700 | Val Loss 1.7672 | Val Acc 0.6286 | ETputs(KTEPS) 8967.14
2023-10-14 03:54:58,210 - tune.py [line:103] - INFO: Epoch 00100 | Time(s) 0.0694 | Val Loss 1.7894 | Val Acc 0.6527 | ETputs(KTEPS) 9042.45
2023-10-14 03:54:59,593 - tune.py [line:103] - INFO: Epoch 00120 | Time(s) 0.0693 | Val Loss 1.8930 | Val Acc 0.6681 | ETputs(KTEPS) 9057.69
2023-10-14 03:55:00,953 - tune.py [line:103] - INFO: Epoch 00140 | Time(s) 0.0691 | Val Loss 1.9484 | Val Acc 0.6725 | ETputs(KTEPS) 9081.42
2023-10-14 03:55:02,342 - tune.py [line:103] - INFO: Epoch 00160 | Time(s) 0.0691 | Val Loss 1.9723 | Val Acc 0.7033 | ETputs(KTEPS) 9079.81
2023-10-14 03:55:03,742 - tune.py [line:103] - INFO: Epoch 00180 | Time(s) 0.0692 | Val Loss 2.1079 | Val Acc 0.6967 | ETputs(KTEPS) 9068.54
2023-10-14 03:55:05,179 - tune.py [line:103] - INFO: Epoch 00200 | Time(s) 0.0695 | Val Loss 2.0820 | Val Acc 0.6901 | ETputs(KTEPS) 9033.54
2023-10-14 03:55:06,648 - tune.py [line:103] - INFO: Epoch 00220 | Time(s) 0.0698 | Val Loss 2.2644 | Val Acc 0.6879 | ETputs(KTEPS) 8987.28
2023-10-14 03:55:07,996 - tune.py [line:103] - INFO: Epoch 00240 | Time(s) 0.0696 | Val Loss 2.3385 | Val Acc 0.6813 | ETputs(KTEPS) 9016.09
2023-10-14 03:55:09,348 - tune.py [line:103] - INFO: Epoch 00260 | Time(s) 0.0694 | Val Loss 2.2604 | Val Acc 0.6813 | ETputs(KTEPS) 9037.07
2023-10-14 03:55:10,820 - tune.py [line:103] - INFO: Epoch 00280 | Time(s) 0.0697 | Val Loss 2.2399 | Val Acc 0.7033 | ETputs(KTEPS) 8998.75
2023-10-14 03:55:12,193 - tune.py [line:103] - INFO: Epoch 00300 | Time(s) 0.0696 | Val Loss 2.2581 | Val Acc 0.7077 | ETputs(KTEPS) 9008.72
2023-10-14 03:55:13,529 - tune.py [line:103] - INFO: Epoch 00320 | Time(s) 0.0695 | Val Loss 2.4719 | Val Acc 0.6835 | ETputs(KTEPS) 9032.19
2023-10-14 03:55:14,954 - tune.py [line:103] - INFO: Epoch 00340 | Time(s) 0.0696 | Val Loss 2.3345 | Val Acc 0.7099 | ETputs(KTEPS) 9018.93
2023-10-14 03:55:16,360 - tune.py [line:103] - INFO: Epoch 00360 | Time(s) 0.0696 | Val Loss 2.3679 | Val Acc 0.7033 | ETputs(KTEPS) 9013.60
2023-10-14 03:55:17,764 - tune.py [line:103] - INFO: Epoch 00380 | Time(s) 0.0696 | Val Loss 2.3919 | Val Acc 0.6945 | ETputs(KTEPS) 9011.15
2023-10-14 03:55:19,074 - tune.py [line:103] - INFO: Epoch 00400 | Time(s) 0.0694 | Val Loss 2.3920 | Val Acc 0.6967 | ETputs(KTEPS) 9038.12
2023-10-14 03:55:20,406 - tune.py [line:103] - INFO: Epoch 00420 | Time(s) 0.0693 | Val Loss 2.5059 | Val Acc 0.7121 | ETputs(KTEPS) 9056.17
2023-10-14 03:55:21,769 - tune.py [line:103] - INFO: Epoch 00440 | Time(s) 0.0692 | Val Loss 2.5750 | Val Acc 0.7033 | ETputs(KTEPS) 9063.31
2023-10-14 03:55:23,117 - tune.py [line:103] - INFO: Epoch 00460 | Time(s) 0.0691 | Val Loss 2.6509 | Val Acc 0.6967 | ETputs(KTEPS) 9073.72
2023-10-14 03:55:24,493 - tune.py [line:103] - INFO: Epoch 00480 | Time(s) 0.0691 | Val Loss 2.5286 | Val Acc 0.7077 | ETputs(KTEPS) 9075.85
2023-10-14 03:55:25,801 - tune.py [line:103] - INFO: Epoch 00500 | Time(s) 0.0690 | Val Loss 2.6477 | Val Acc 0.6923 | ETputs(KTEPS) 9095.54
2023-10-14 03:55:27,211 - tune.py [line:103] - INFO: Epoch 00520 | Time(s) 0.0690 | Val Loss 2.5694 | Val Acc 0.7165 | ETputs(KTEPS) 9087.90
2023-10-14 03:55:28,643 - tune.py [line:103] - INFO: Epoch 00540 | Time(s) 0.0691 | Val Loss 2.5168 | Val Acc 0.7077 | ETputs(KTEPS) 9075.71
2023-10-14 03:55:30,029 - tune.py [line:103] - INFO: Epoch 00560 | Time(s) 0.0691 | Val Loss 2.5275 | Val Acc 0.7187 | ETputs(KTEPS) 9074.91
2023-10-14 03:55:31,398 - tune.py [line:103] - INFO: Epoch 00580 | Time(s) 0.0691 | Val Loss 2.5377 | Val Acc 0.6923 | ETputs(KTEPS) 9078.31
2023-10-14 03:55:32,771 - tune.py [line:103] - INFO: Epoch 00600 | Time(s) 0.0691 | Val Loss 2.5208 | Val Acc 0.7253 | ETputs(KTEPS) 9080.44
2023-10-14 03:55:34,203 - tune.py [line:103] - INFO: Epoch 00620 | Time(s) 0.0692 | Val Loss 2.5808 | Val Acc 0.7143 | ETputs(KTEPS) 9070.55
2023-10-14 03:55:35,598 - tune.py [line:103] - INFO: Epoch 00640 | Time(s) 0.0692 | Val Loss 2.6804 | Val Acc 0.7121 | ETputs(KTEPS) 9068.75
2023-10-14 03:55:36,933 - tune.py [line:103] - INFO: Epoch 00660 | Time(s) 0.0691 | Val Loss 2.6668 | Val Acc 0.6989 | ETputs(KTEPS) 9078.61
2023-10-14 03:55:38,326 - tune.py [line:103] - INFO: Epoch 00680 | Time(s) 0.0691 | Val Loss 2.6188 | Val Acc 0.7121 | ETputs(KTEPS) 9076.60
2023-10-14 03:55:39,701 - tune.py [line:103] - INFO: Epoch 00700 | Time(s) 0.0691 | Val Loss 2.6934 | Val Acc 0.7187 | ETputs(KTEPS) 9078.15
2023-10-14 03:55:41,110 - tune.py [line:103] - INFO: Epoch 00720 | Time(s) 0.0691 | Val Loss 2.7037 | Val Acc 0.6945 | ETputs(KTEPS) 9073.34
2023-10-14 03:55:42,520 - tune.py [line:103] - INFO: Epoch 00740 | Time(s) 0.0692 | Val Loss 2.6163 | Val Acc 0.7187 | ETputs(KTEPS) 9068.58
2023-10-14 03:55:43,940 - tune.py [line:103] - INFO: Epoch 00760 | Time(s) 0.0692 | Val Loss 2.5790 | Val Acc 0.7165 | ETputs(KTEPS) 9062.57
2023-10-14 03:55:45,282 - tune.py [line:103] - INFO: Epoch 00780 | Time(s) 0.0692 | Val Loss 2.5739 | Val Acc 0.7055 | ETputs(KTEPS) 9069.80
2023-10-14 03:55:46,664 - tune.py [line:103] - INFO: Epoch 00800 | Time(s) 0.0692 | Val Loss 2.7156 | Val Acc 0.6989 | ETputs(KTEPS) 9070.20
2023-10-14 03:55:48,052 - tune.py [line:103] - INFO: Epoch 00820 | Time(s) 0.0692 | Val Loss 2.6905 | Val Acc 0.7055 | ETputs(KTEPS) 9069.48
2023-10-14 03:55:49,485 - tune.py [line:103] - INFO: Epoch 00840 | Time(s) 0.0692 | Val Loss 2.7059 | Val Acc 0.7055 | ETputs(KTEPS) 9061.94
2023-10-14 03:55:50,910 - tune.py [line:103] - INFO: Epoch 00860 | Time(s) 0.0693 | Val Loss 2.7532 | Val Acc 0.7077 | ETputs(KTEPS) 9055.80
2023-10-14 03:55:52,265 - tune.py [line:103] - INFO: Epoch 00880 | Time(s) 0.0692 | Val Loss 2.7377 | Val Acc 0.7033 | ETputs(KTEPS) 9060.56
2023-10-14 03:55:53,663 - tune.py [line:103] - INFO: Epoch 00900 | Time(s) 0.0693 | Val Loss 2.7811 | Val Acc 0.7011 | ETputs(KTEPS) 9058.67
2023-10-14 03:55:55,037 - tune.py [line:103] - INFO: Epoch 00920 | Time(s) 0.0692 | Val Loss 2.7953 | Val Acc 0.7099 | ETputs(KTEPS) 9060.42
2023-10-14 03:55:55,330 - tune.py [line:117] - INFO: [FINAL MODEL] Val accuracy 73.19% \Val loss: 2.5
2023-10-14 03:55:55,354 - tune.py [line:119] - INFO: [FINAL MODEL] Test accuracy 67.61% \Test loss: 2.6
2023-10-14 03:55:55,354 - tune.py [line:144] - INFO: Acc on the first split (Validation Set): 0.7319
2023-10-14 03:55:55,354 - tune.py [line:145] - INFO: Acc on the first split (Test Set): 0.6761
