2023-10-14 04:03:41,898 - tune.py [line:203] - INFO: Namespace(seed=42, model='GPRGNNV2', gpu=1, dataset='geom-chameleon', logging=True, log_detail=True, log_detailedCh=False, id_log=1014014502, optuna_n_trials=202, n_epochs=2000, self_loop=False, udgraph=True, early_stop=True, patience=300, n_hidden=64, n_cv=1, start_cv=0, n_layers=16, lr1=0.05, lr2=0.05, wd1=1e-06, wd2=1e-06, dropout=0.4, dropout2=0.7, alpha=0.9, es_ckpt='woselfloop-geom-chameleon_GPRGNNV2-geom-chameleon_trialNo123')
2023-10-14 04:03:42,626 - tune.py [line:128] - INFO: Split_seeds:[1824]
2023-10-14 04:03:42,627 - tune.py [line:129] - INFO: Model_seeds:[409]
2023-10-14 04:03:43,920 - tune.py [line:103] - INFO: Epoch 00020 | Time(s) 0.0623 | Val Loss 1.2322 | Val Acc 0.5407 | ETputs(KTEPS) 10076.03
2023-10-14 04:03:45,178 - tune.py [line:103] - INFO: Epoch 00040 | Time(s) 0.0621 | Val Loss 1.2389 | Val Acc 0.6132 | ETputs(KTEPS) 10105.58
2023-10-14 04:03:46,534 - tune.py [line:103] - INFO: Epoch 00060 | Time(s) 0.0638 | Val Loss 1.3366 | Val Acc 0.6374 | ETputs(KTEPS) 9827.06
2023-10-14 04:03:47,796 - tune.py [line:103] - INFO: Epoch 00080 | Time(s) 0.0635 | Val Loss 1.3244 | Val Acc 0.6659 | ETputs(KTEPS) 9881.48
2023-10-14 04:03:49,038 - tune.py [line:103] - INFO: Epoch 00100 | Time(s) 0.0632 | Val Loss 1.4396 | Val Acc 0.6571 | ETputs(KTEPS) 9934.68
2023-10-14 04:03:50,303 - tune.py [line:103] - INFO: Epoch 00120 | Time(s) 0.0631 | Val Loss 1.4951 | Val Acc 0.6747 | ETputs(KTEPS) 9943.72
2023-10-14 04:03:51,627 - tune.py [line:103] - INFO: Epoch 00140 | Time(s) 0.0635 | Val Loss 1.4853 | Val Acc 0.6747 | ETputs(KTEPS) 9878.64
2023-10-14 04:03:52,905 - tune.py [line:103] - INFO: Epoch 00160 | Time(s) 0.0635 | Val Loss 1.5121 | Val Acc 0.6945 | ETputs(KTEPS) 9879.88
2023-10-14 04:03:54,203 - tune.py [line:103] - INFO: Epoch 00180 | Time(s) 0.0636 | Val Loss 1.5837 | Val Acc 0.6835 | ETputs(KTEPS) 9860.84
2023-10-14 04:03:55,458 - tune.py [line:103] - INFO: Epoch 00200 | Time(s) 0.0635 | Val Loss 1.5861 | Val Acc 0.7033 | ETputs(KTEPS) 9875.03
2023-10-14 04:03:56,767 - tune.py [line:103] - INFO: Epoch 00220 | Time(s) 0.0637 | Val Loss 1.6056 | Val Acc 0.7165 | ETputs(KTEPS) 9853.90
2023-10-14 04:03:58,038 - tune.py [line:103] - INFO: Epoch 00240 | Time(s) 0.0636 | Val Loss 1.6537 | Val Acc 0.7121 | ETputs(KTEPS) 9857.53
2023-10-14 04:03:59,316 - tune.py [line:103] - INFO: Epoch 00260 | Time(s) 0.0636 | Val Loss 1.6723 | Val Acc 0.7077 | ETputs(KTEPS) 9861.28
2023-10-14 04:04:00,543 - tune.py [line:103] - INFO: Epoch 00280 | Time(s) 0.0635 | Val Loss 1.6390 | Val Acc 0.7121 | ETputs(KTEPS) 9887.10
2023-10-14 04:04:01,807 - tune.py [line:103] - INFO: Epoch 00300 | Time(s) 0.0634 | Val Loss 1.6643 | Val Acc 0.7187 | ETputs(KTEPS) 9890.22
2023-10-14 04:04:03,035 - tune.py [line:103] - INFO: Epoch 00320 | Time(s) 0.0633 | Val Loss 1.7555 | Val Acc 0.7033 | ETputs(KTEPS) 9910.32
2023-10-14 04:04:04,252 - tune.py [line:103] - INFO: Epoch 00340 | Time(s) 0.0632 | Val Loss 1.7164 | Val Acc 0.7055 | ETputs(KTEPS) 9933.37
2023-10-14 04:04:05,551 - tune.py [line:103] - INFO: Epoch 00360 | Time(s) 0.0633 | Val Loss 1.6598 | Val Acc 0.7187 | ETputs(KTEPS) 9918.10
2023-10-14 04:04:06,772 - tune.py [line:103] - INFO: Epoch 00380 | Time(s) 0.0631 | Val Loss 1.6611 | Val Acc 0.7099 | ETputs(KTEPS) 9939.35
2023-10-14 04:04:08,122 - tune.py [line:103] - INFO: Epoch 00400 | Time(s) 0.0633 | Val Loss 1.6532 | Val Acc 0.7231 | ETputs(KTEPS) 9905.47
2023-10-14 04:04:09,375 - tune.py [line:103] - INFO: Epoch 00420 | Time(s) 0.0633 | Val Loss 1.7437 | Val Acc 0.7275 | ETputs(KTEPS) 9910.66
2023-10-14 04:04:10,552 - tune.py [line:103] - INFO: Epoch 00440 | Time(s) 0.0631 | Val Loss 1.7204 | Val Acc 0.7253 | ETputs(KTEPS) 9942.56
2023-10-14 04:04:11,744 - tune.py [line:103] - INFO: Epoch 00460 | Time(s) 0.0630 | Val Loss 1.7204 | Val Acc 0.7165 | ETputs(KTEPS) 9966.68
2023-10-14 04:04:12,987 - tune.py [line:103] - INFO: Epoch 00480 | Time(s) 0.0629 | Val Loss 1.7488 | Val Acc 0.7055 | ETputs(KTEPS) 9972.29
2023-10-14 04:04:14,295 - tune.py [line:103] - INFO: Epoch 00500 | Time(s) 0.0630 | Val Loss 1.7195 | Val Acc 0.7011 | ETputs(KTEPS) 9956.61
2023-10-14 04:04:15,556 - tune.py [line:103] - INFO: Epoch 00520 | Time(s) 0.0630 | Val Loss 1.7047 | Val Acc 0.7055 | ETputs(KTEPS) 9956.74
2023-10-14 04:04:16,829 - tune.py [line:103] - INFO: Epoch 00540 | Time(s) 0.0630 | Val Loss 1.7158 | Val Acc 0.7033 | ETputs(KTEPS) 9953.04
2023-10-14 04:04:18,158 - tune.py [line:103] - INFO: Epoch 00560 | Time(s) 0.0632 | Val Loss 1.7251 | Val Acc 0.7231 | ETputs(KTEPS) 9934.16
2023-10-14 04:04:19,464 - tune.py [line:103] - INFO: Epoch 00580 | Time(s) 0.0632 | Val Loss 1.7324 | Val Acc 0.7033 | ETputs(KTEPS) 9922.66
2023-10-14 04:04:20,674 - tune.py [line:103] - INFO: Epoch 00600 | Time(s) 0.0631 | Val Loss 1.7072 | Val Acc 0.7187 | ETputs(KTEPS) 9937.12
2023-10-14 04:04:22,057 - tune.py [line:103] - INFO: Epoch 00620 | Time(s) 0.0633 | Val Loss 1.7087 | Val Acc 0.7077 | ETputs(KTEPS) 9907.09
2023-10-14 04:04:23,382 - tune.py [line:103] - INFO: Epoch 00640 | Time(s) 0.0634 | Val Loss 1.6788 | Val Acc 0.7099 | ETputs(KTEPS) 9893.00
2023-10-14 04:04:24,698 - tune.py [line:103] - INFO: Epoch 00660 | Time(s) 0.0635 | Val Loss 1.7788 | Val Acc 0.7033 | ETputs(KTEPS) 9881.86
2023-10-14 04:04:25,550 - tune.py [line:117] - INFO: [FINAL MODEL] Val accuracy 73.85% \Val loss: 1.6
2023-10-14 04:04:25,572 - tune.py [line:119] - INFO: [FINAL MODEL] Test accuracy 68.71% \Test loss: 1.6
2023-10-14 04:04:25,572 - tune.py [line:144] - INFO: Acc on the first split (Validation Set): 0.7385
2023-10-14 04:04:25,572 - tune.py [line:145] - INFO: Acc on the first split (Test Set): 0.6871
