2023-10-14 03:56:12,410 - tune.py [line:203] - INFO: Namespace(seed=42, model='GPRGNNV2', gpu=1, dataset='geom-chameleon', logging=True, log_detail=True, log_detailedCh=False, id_log=1014014502, optuna_n_trials=202, n_epochs=2000, self_loop=False, udgraph=True, early_stop=True, patience=300, n_hidden=64, n_cv=1, start_cv=0, n_layers=16, lr1=0.04, lr2=0.05, wd1=1e-07, wd2=1e-05, dropout=0.4, dropout2=0.7, alpha=0.9, es_ckpt='woselfloop-geom-chameleon_GPRGNNV2-geom-chameleon_trialNo67')
2023-10-14 03:56:13,158 - tune.py [line:128] - INFO: Split_seeds:[1824]
2023-10-14 03:56:13,159 - tune.py [line:129] - INFO: Model_seeds:[409]
2023-10-14 03:56:14,551 - tune.py [line:103] - INFO: Epoch 00020 | Time(s) 0.0677 | Val Loss 1.2296 | Val Acc 0.5341 | ETputs(KTEPS) 9272.00
2023-10-14 03:56:15,975 - tune.py [line:103] - INFO: Epoch 00040 | Time(s) 0.0689 | Val Loss 1.2467 | Val Acc 0.6330 | ETputs(KTEPS) 9110.24
2023-10-14 03:56:17,314 - tune.py [line:103] - INFO: Epoch 00060 | Time(s) 0.0681 | Val Loss 1.4107 | Val Acc 0.6176 | ETputs(KTEPS) 9207.50
2023-10-14 03:56:18,677 - tune.py [line:103] - INFO: Epoch 00080 | Time(s) 0.0681 | Val Loss 1.4358 | Val Acc 0.6242 | ETputs(KTEPS) 9214.08
2023-10-14 03:56:20,048 - tune.py [line:103] - INFO: Epoch 00100 | Time(s) 0.0681 | Val Loss 1.5602 | Val Acc 0.6374 | ETputs(KTEPS) 9211.02
2023-10-14 03:56:21,392 - tune.py [line:103] - INFO: Epoch 00120 | Time(s) 0.0679 | Val Loss 1.5698 | Val Acc 0.6637 | ETputs(KTEPS) 9237.18
2023-10-14 03:56:22,829 - tune.py [line:103] - INFO: Epoch 00140 | Time(s) 0.0685 | Val Loss 1.5682 | Val Acc 0.6637 | ETputs(KTEPS) 9161.38
2023-10-14 03:56:24,205 - tune.py [line:103] - INFO: Epoch 00160 | Time(s) 0.0685 | Val Loss 1.5704 | Val Acc 0.6835 | ETputs(KTEPS) 9163.01
2023-10-14 03:56:25,573 - tune.py [line:103] - INFO: Epoch 00180 | Time(s) 0.0685 | Val Loss 1.6455 | Val Acc 0.6857 | ETputs(KTEPS) 9165.06
2023-10-14 03:56:26,936 - tune.py [line:103] - INFO: Epoch 00200 | Time(s) 0.0684 | Val Loss 1.6928 | Val Acc 0.6967 | ETputs(KTEPS) 9171.13
2023-10-14 03:56:28,276 - tune.py [line:103] - INFO: Epoch 00220 | Time(s) 0.0683 | Val Loss 1.6827 | Val Acc 0.6857 | ETputs(KTEPS) 9188.93
2023-10-14 03:56:29,647 - tune.py [line:103] - INFO: Epoch 00240 | Time(s) 0.0683 | Val Loss 1.8092 | Val Acc 0.6857 | ETputs(KTEPS) 9187.08
2023-10-14 03:56:31,032 - tune.py [line:103] - INFO: Epoch 00260 | Time(s) 0.0684 | Val Loss 1.7418 | Val Acc 0.6879 | ETputs(KTEPS) 9177.39
2023-10-14 03:56:32,404 - tune.py [line:103] - INFO: Epoch 00280 | Time(s) 0.0684 | Val Loss 1.7657 | Val Acc 0.7187 | ETputs(KTEPS) 9177.51
2023-10-14 03:56:33,775 - tune.py [line:103] - INFO: Epoch 00300 | Time(s) 0.0684 | Val Loss 1.8041 | Val Acc 0.7033 | ETputs(KTEPS) 9176.69
2023-10-14 03:56:35,135 - tune.py [line:103] - INFO: Epoch 00320 | Time(s) 0.0683 | Val Loss 1.7842 | Val Acc 0.7165 | ETputs(KTEPS) 9181.05
2023-10-14 03:56:36,507 - tune.py [line:103] - INFO: Epoch 00340 | Time(s) 0.0683 | Val Loss 1.9066 | Val Acc 0.7187 | ETputs(KTEPS) 9180.77
2023-10-14 03:56:37,887 - tune.py [line:103] - INFO: Epoch 00360 | Time(s) 0.0684 | Val Loss 1.8618 | Val Acc 0.7143 | ETputs(KTEPS) 9176.84
2023-10-14 03:56:39,257 - tune.py [line:103] - INFO: Epoch 00380 | Time(s) 0.0684 | Val Loss 1.8389 | Val Acc 0.7231 | ETputs(KTEPS) 9176.20
2023-10-14 03:56:40,640 - tune.py [line:103] - INFO: Epoch 00400 | Time(s) 0.0684 | Val Loss 1.9003 | Val Acc 0.7077 | ETputs(KTEPS) 9171.04
2023-10-14 03:56:42,067 - tune.py [line:103] - INFO: Epoch 00420 | Time(s) 0.0686 | Val Loss 1.9341 | Val Acc 0.7143 | ETputs(KTEPS) 9152.44
2023-10-14 03:56:43,433 - tune.py [line:103] - INFO: Epoch 00440 | Time(s) 0.0685 | Val Loss 1.8890 | Val Acc 0.7077 | ETputs(KTEPS) 9154.12
2023-10-14 03:56:44,811 - tune.py [line:103] - INFO: Epoch 00460 | Time(s) 0.0686 | Val Loss 1.8825 | Val Acc 0.7143 | ETputs(KTEPS) 9152.08
2023-10-14 03:56:46,214 - tune.py [line:103] - INFO: Epoch 00480 | Time(s) 0.0686 | Val Loss 1.8705 | Val Acc 0.7121 | ETputs(KTEPS) 9143.48
2023-10-14 03:56:47,621 - tune.py [line:103] - INFO: Epoch 00500 | Time(s) 0.0687 | Val Loss 1.9388 | Val Acc 0.7033 | ETputs(KTEPS) 9134.24
2023-10-14 03:56:49,137 - tune.py [line:103] - INFO: Epoch 00520 | Time(s) 0.0690 | Val Loss 1.9133 | Val Acc 0.7165 | ETputs(KTEPS) 9098.32
2023-10-14 03:56:50,462 - tune.py [line:103] - INFO: Epoch 00540 | Time(s) 0.0689 | Val Loss 1.9157 | Val Acc 0.6923 | ETputs(KTEPS) 9111.71
2023-10-14 03:56:51,856 - tune.py [line:103] - INFO: Epoch 00560 | Time(s) 0.0689 | Val Loss 1.9128 | Val Acc 0.7055 | ETputs(KTEPS) 9107.94
2023-10-14 03:56:53,274 - tune.py [line:103] - INFO: Epoch 00580 | Time(s) 0.0690 | Val Loss 1.9420 | Val Acc 0.7055 | ETputs(KTEPS) 9098.80
2023-10-14 03:56:54,674 - tune.py [line:103] - INFO: Epoch 00600 | Time(s) 0.0690 | Val Loss 1.9518 | Val Acc 0.7077 | ETputs(KTEPS) 9094.23
2023-10-14 03:56:56,089 - tune.py [line:103] - INFO: Epoch 00620 | Time(s) 0.0690 | Val Loss 2.0672 | Val Acc 0.6967 | ETputs(KTEPS) 9086.86
2023-10-14 03:56:57,481 - tune.py [line:103] - INFO: Epoch 00640 | Time(s) 0.0691 | Val Loss 1.9447 | Val Acc 0.7099 | ETputs(KTEPS) 9084.76
2023-10-14 03:56:58,458 - tune.py [line:117] - INFO: [FINAL MODEL] Val accuracy 72.75% \Val loss: 1.8
2023-10-14 03:56:58,485 - tune.py [line:119] - INFO: [FINAL MODEL] Test accuracy 68.49% \Test loss: 1.7
2023-10-14 03:56:58,486 - tune.py [line:144] - INFO: Acc on the first split (Validation Set): 0.7275
2023-10-14 03:56:58,486 - tune.py [line:145] - INFO: Acc on the first split (Test Set): 0.6849
