2023-10-14 03:33:29,972 - tune.py [line:203] - INFO: Namespace(seed=42, model='GPRGNNV2', gpu=1, dataset='geom-chameleon', logging=True, log_detail=True, log_detailedCh=False, id_log=1014014502, optuna_n_trials=202, n_epochs=2000, self_loop=False, udgraph=True, early_stop=True, patience=300, n_hidden=64, n_cv=1, start_cv=0, n_layers=16, lr1=0.001, lr2=0.0005, wd1=0.0001, wd2=1e-05, dropout=0.7, dropout2=0.5, alpha=0.6, es_ckpt='woselfloop-geom-chameleon_GPRGNNV2-geom-chameleon_trialNo2')
2023-10-14 03:33:30,754 - tune.py [line:128] - INFO: Split_seeds:[1824]
2023-10-14 03:33:30,754 - tune.py [line:129] - INFO: Model_seeds:[409]
2023-10-14 03:33:32,284 - tune.py [line:103] - INFO: Epoch 00020 | Time(s) 0.0739 | Val Loss 1.6065 | Val Acc 0.2593 | ETputs(KTEPS) 8493.71
2023-10-14 03:33:33,796 - tune.py [line:103] - INFO: Epoch 00040 | Time(s) 0.0741 | Val Loss 1.5992 | Val Acc 0.3604 | ETputs(KTEPS) 8462.47
2023-10-14 03:33:35,323 - tune.py [line:103] - INFO: Epoch 00060 | Time(s) 0.0749 | Val Loss 1.5860 | Val Acc 0.3582 | ETputs(KTEPS) 8379.88
2023-10-14 03:33:36,854 - tune.py [line:103] - INFO: Epoch 00080 | Time(s) 0.0751 | Val Loss 1.5630 | Val Acc 0.3846 | ETputs(KTEPS) 8354.51
2023-10-14 03:33:38,360 - tune.py [line:103] - INFO: Epoch 00100 | Time(s) 0.0751 | Val Loss 1.5325 | Val Acc 0.3824 | ETputs(KTEPS) 8353.21
2023-10-14 03:33:39,960 - tune.py [line:103] - INFO: Epoch 00120 | Time(s) 0.0757 | Val Loss 1.4986 | Val Acc 0.4396 | ETputs(KTEPS) 8283.85
2023-10-14 03:33:41,503 - tune.py [line:103] - INFO: Epoch 00140 | Time(s) 0.0759 | Val Loss 1.4694 | Val Acc 0.4615 | ETputs(KTEPS) 8267.04
2023-10-14 03:33:43,033 - tune.py [line:103] - INFO: Epoch 00160 | Time(s) 0.0759 | Val Loss 1.4443 | Val Acc 0.4813 | ETputs(KTEPS) 8263.76
2023-10-14 03:33:44,547 - tune.py [line:103] - INFO: Epoch 00180 | Time(s) 0.0759 | Val Loss 1.4220 | Val Acc 0.4769 | ETputs(KTEPS) 8267.71
2023-10-14 03:33:46,067 - tune.py [line:103] - INFO: Epoch 00200 | Time(s) 0.0759 | Val Loss 1.4023 | Val Acc 0.4967 | ETputs(KTEPS) 8267.82
2023-10-14 03:33:47,588 - tune.py [line:103] - INFO: Epoch 00220 | Time(s) 0.0759 | Val Loss 1.3837 | Val Acc 0.4879 | ETputs(KTEPS) 8267.69
2023-10-14 03:33:49,107 - tune.py [line:103] - INFO: Epoch 00240 | Time(s) 0.0759 | Val Loss 1.3670 | Val Acc 0.5055 | ETputs(KTEPS) 8271.26
2023-10-14 03:33:50,642 - tune.py [line:103] - INFO: Epoch 00260 | Time(s) 0.0759 | Val Loss 1.3494 | Val Acc 0.5121 | ETputs(KTEPS) 8264.58
2023-10-14 03:33:52,164 - tune.py [line:103] - INFO: Epoch 00280 | Time(s) 0.0759 | Val Loss 1.3336 | Val Acc 0.5275 | ETputs(KTEPS) 8264.94
2023-10-14 03:33:53,735 - tune.py [line:103] - INFO: Epoch 00300 | Time(s) 0.0761 | Val Loss 1.3218 | Val Acc 0.5253 | ETputs(KTEPS) 8247.44
2023-10-14 03:33:55,299 - tune.py [line:103] - INFO: Epoch 00320 | Time(s) 0.0762 | Val Loss 1.3065 | Val Acc 0.5451 | ETputs(KTEPS) 8234.85
2023-10-14 03:33:56,847 - tune.py [line:103] - INFO: Epoch 00340 | Time(s) 0.0762 | Val Loss 1.2940 | Val Acc 0.5473 | ETputs(KTEPS) 8229.21
2023-10-14 03:33:58,382 - tune.py [line:103] - INFO: Epoch 00360 | Time(s) 0.0762 | Val Loss 1.2835 | Val Acc 0.5604 | ETputs(KTEPS) 8229.86
2023-10-14 03:33:59,919 - tune.py [line:103] - INFO: Epoch 00380 | Time(s) 0.0763 | Val Loss 1.2727 | Val Acc 0.5582 | ETputs(KTEPS) 8227.04
2023-10-14 03:34:01,489 - tune.py [line:103] - INFO: Epoch 00400 | Time(s) 0.0764 | Val Loss 1.2673 | Val Acc 0.5714 | ETputs(KTEPS) 8216.18
2023-10-14 03:34:03,064 - tune.py [line:103] - INFO: Epoch 00420 | Time(s) 0.0765 | Val Loss 1.2578 | Val Acc 0.5648 | ETputs(KTEPS) 8204.74
2023-10-14 03:34:04,614 - tune.py [line:103] - INFO: Epoch 00440 | Time(s) 0.0765 | Val Loss 1.2503 | Val Acc 0.5692 | ETputs(KTEPS) 8199.72
2023-10-14 03:34:06,178 - tune.py [line:103] - INFO: Epoch 00460 | Time(s) 0.0766 | Val Loss 1.2441 | Val Acc 0.5692 | ETputs(KTEPS) 8192.65
2023-10-14 03:34:07,746 - tune.py [line:103] - INFO: Epoch 00480 | Time(s) 0.0767 | Val Loss 1.2392 | Val Acc 0.5714 | ETputs(KTEPS) 8185.32
2023-10-14 03:34:09,283 - tune.py [line:103] - INFO: Epoch 00500 | Time(s) 0.0767 | Val Loss 1.2342 | Val Acc 0.5736 | ETputs(KTEPS) 8184.54
2023-10-14 03:34:10,831 - tune.py [line:103] - INFO: Epoch 00520 | Time(s) 0.0767 | Val Loss 1.2312 | Val Acc 0.5692 | ETputs(KTEPS) 8181.55
2023-10-14 03:34:12,220 - tune.py [line:103] - INFO: Epoch 00540 | Time(s) 0.0764 | Val Loss 1.2272 | Val Acc 0.5670 | ETputs(KTEPS) 8210.42
2023-10-14 03:34:13,533 - tune.py [line:103] - INFO: Epoch 00560 | Time(s) 0.0760 | Val Loss 1.2240 | Val Acc 0.5670 | ETputs(KTEPS) 8252.03
2023-10-14 03:34:14,857 - tune.py [line:103] - INFO: Epoch 00580 | Time(s) 0.0757 | Val Loss 1.2227 | Val Acc 0.5626 | ETputs(KTEPS) 8289.08
2023-10-14 03:34:16,191 - tune.py [line:103] - INFO: Epoch 00600 | Time(s) 0.0754 | Val Loss 1.2187 | Val Acc 0.5648 | ETputs(KTEPS) 8322.24
2023-10-14 03:34:17,521 - tune.py [line:103] - INFO: Epoch 00620 | Time(s) 0.0751 | Val Loss 1.2186 | Val Acc 0.5648 | ETputs(KTEPS) 8354.08
2023-10-14 03:34:18,852 - tune.py [line:103] - INFO: Epoch 00640 | Time(s) 0.0748 | Val Loss 1.2173 | Val Acc 0.5648 | ETputs(KTEPS) 8384.05
2023-10-14 03:34:20,172 - tune.py [line:103] - INFO: Epoch 00660 | Time(s) 0.0746 | Val Loss 1.2144 | Val Acc 0.5714 | ETputs(KTEPS) 8414.10
2023-10-14 03:34:21,505 - tune.py [line:103] - INFO: Epoch 00680 | Time(s) 0.0743 | Val Loss 1.2118 | Val Acc 0.5714 | ETputs(KTEPS) 8440.57
2023-10-14 03:34:22,846 - tune.py [line:103] - INFO: Epoch 00700 | Time(s) 0.0741 | Val Loss 1.2164 | Val Acc 0.5648 | ETputs(KTEPS) 8464.35
2023-10-14 03:34:24,178 - tune.py [line:103] - INFO: Epoch 00720 | Time(s) 0.0739 | Val Loss 1.2162 | Val Acc 0.5626 | ETputs(KTEPS) 8488.44
2023-10-14 03:34:25,496 - tune.py [line:103] - INFO: Epoch 00740 | Time(s) 0.0737 | Val Loss 1.2181 | Val Acc 0.5670 | ETputs(KTEPS) 8513.43
2023-10-14 03:34:26,637 - tune.py [line:103] - INFO: Epoch 00760 | Time(s) 0.0733 | Val Loss 1.2165 | Val Acc 0.5670 | ETputs(KTEPS) 8564.40
2023-10-14 03:34:27,503 - tune.py [line:117] - INFO: [FINAL MODEL] Val accuracy 57.58% \Val loss: 1.2
2023-10-14 03:34:27,521 - tune.py [line:119] - INFO: [FINAL MODEL] Test accuracy 54.27% \Test loss: 1.2
2023-10-14 03:34:27,522 - tune.py [line:144] - INFO: Acc on the first split (Validation Set): 0.5758
2023-10-14 03:34:27,522 - tune.py [line:145] - INFO: Acc on the first split (Test Set): 0.5427
