2023-10-14 03:41:26,415 - tune.py [line:203] - INFO: Namespace(seed=42, model='GPRGNNV2', gpu=1, dataset='geom-chameleon', logging=True, log_detail=True, log_detailedCh=False, id_log=1014014502, optuna_n_trials=202, n_epochs=2000, self_loop=False, udgraph=True, early_stop=True, patience=300, n_hidden=64, n_cv=1, start_cv=0, n_layers=16, lr1=0.04, lr2=0.03, wd1=1e-08, wd2=1e-06, dropout=0.4, dropout2=0.6, alpha=0.7000000000000001, es_ckpt='woselfloop-geom-chameleon_GPRGNNV2-geom-chameleon_trialNo13')
2023-10-14 03:41:27,342 - tune.py [line:128] - INFO: Split_seeds:[1824]
2023-10-14 03:41:27,342 - tune.py [line:129] - INFO: Model_seeds:[409]
2023-10-14 03:41:28,800 - tune.py [line:103] - INFO: Epoch 00020 | Time(s) 0.0708 | Val Loss 1.2298 | Val Acc 0.5626 | ETputs(KTEPS) 8855.74
2023-10-14 03:41:30,147 - tune.py [line:103] - INFO: Epoch 00040 | Time(s) 0.0689 | Val Loss 1.5103 | Val Acc 0.6044 | ETputs(KTEPS) 9103.04
2023-10-14 03:41:31,530 - tune.py [line:103] - INFO: Epoch 00060 | Time(s) 0.0688 | Val Loss 1.7567 | Val Acc 0.6154 | ETputs(KTEPS) 9121.00
2023-10-14 03:41:32,929 - tune.py [line:103] - INFO: Epoch 00080 | Time(s) 0.0690 | Val Loss 1.7821 | Val Acc 0.6198 | ETputs(KTEPS) 9089.88
2023-10-14 03:41:34,363 - tune.py [line:103] - INFO: Epoch 00100 | Time(s) 0.0695 | Val Loss 1.8863 | Val Acc 0.6198 | ETputs(KTEPS) 9028.92
2023-10-14 03:41:35,884 - tune.py [line:103] - INFO: Epoch 00120 | Time(s) 0.0705 | Val Loss 1.8889 | Val Acc 0.6484 | ETputs(KTEPS) 8897.61
2023-10-14 03:41:37,254 - tune.py [line:103] - INFO: Epoch 00140 | Time(s) 0.0702 | Val Loss 1.9906 | Val Acc 0.6505 | ETputs(KTEPS) 8935.04
2023-10-14 03:41:38,697 - tune.py [line:103] - INFO: Epoch 00160 | Time(s) 0.0704 | Val Loss 2.0097 | Val Acc 0.6659 | ETputs(KTEPS) 8912.45
2023-10-14 03:41:40,170 - tune.py [line:103] - INFO: Epoch 00180 | Time(s) 0.0707 | Val Loss 2.1648 | Val Acc 0.6725 | ETputs(KTEPS) 8871.26
2023-10-14 03:41:41,537 - tune.py [line:103] - INFO: Epoch 00200 | Time(s) 0.0705 | Val Loss 2.1191 | Val Acc 0.6571 | ETputs(KTEPS) 8902.84
2023-10-14 03:41:42,911 - tune.py [line:103] - INFO: Epoch 00220 | Time(s) 0.0703 | Val Loss 2.1260 | Val Acc 0.6703 | ETputs(KTEPS) 8924.87
2023-10-14 03:41:44,280 - tune.py [line:103] - INFO: Epoch 00240 | Time(s) 0.0701 | Val Loss 2.1665 | Val Acc 0.6725 | ETputs(KTEPS) 8944.77
2023-10-14 03:41:45,730 - tune.py [line:103] - INFO: Epoch 00260 | Time(s) 0.0703 | Val Loss 2.1259 | Val Acc 0.6945 | ETputs(KTEPS) 8925.62
2023-10-14 03:41:47,181 - tune.py [line:103] - INFO: Epoch 00280 | Time(s) 0.0705 | Val Loss 2.1510 | Val Acc 0.6813 | ETputs(KTEPS) 8905.70
2023-10-14 03:41:48,664 - tune.py [line:103] - INFO: Epoch 00300 | Time(s) 0.0707 | Val Loss 2.2258 | Val Acc 0.6879 | ETputs(KTEPS) 8874.68
2023-10-14 03:41:50,092 - tune.py [line:103] - INFO: Epoch 00320 | Time(s) 0.0707 | Val Loss 2.2571 | Val Acc 0.6945 | ETputs(KTEPS) 8870.53
2023-10-14 03:41:51,619 - tune.py [line:103] - INFO: Epoch 00340 | Time(s) 0.0710 | Val Loss 2.3387 | Val Acc 0.6725 | ETputs(KTEPS) 8831.57
2023-10-14 03:41:53,090 - tune.py [line:103] - INFO: Epoch 00360 | Time(s) 0.0712 | Val Loss 2.3895 | Val Acc 0.6901 | ETputs(KTEPS) 8814.35
2023-10-14 03:41:54,505 - tune.py [line:103] - INFO: Epoch 00380 | Time(s) 0.0712 | Val Loss 2.3197 | Val Acc 0.6945 | ETputs(KTEPS) 8817.43
2023-10-14 03:41:55,962 - tune.py [line:103] - INFO: Epoch 00400 | Time(s) 0.0712 | Val Loss 2.4074 | Val Acc 0.6901 | ETputs(KTEPS) 8807.16
2023-10-14 03:41:57,460 - tune.py [line:103] - INFO: Epoch 00420 | Time(s) 0.0714 | Val Loss 2.4728 | Val Acc 0.6791 | ETputs(KTEPS) 8785.89
2023-10-14 03:41:58,881 - tune.py [line:103] - INFO: Epoch 00440 | Time(s) 0.0714 | Val Loss 2.4475 | Val Acc 0.6769 | ETputs(KTEPS) 8788.23
2023-10-14 03:42:00,297 - tune.py [line:103] - INFO: Epoch 00460 | Time(s) 0.0714 | Val Loss 2.4066 | Val Acc 0.6989 | ETputs(KTEPS) 8791.43
2023-10-14 03:42:01,693 - tune.py [line:103] - INFO: Epoch 00480 | Time(s) 0.0713 | Val Loss 2.4564 | Val Acc 0.6835 | ETputs(KTEPS) 8799.80
2023-10-14 03:42:03,161 - tune.py [line:103] - INFO: Epoch 00500 | Time(s) 0.0714 | Val Loss 2.4221 | Val Acc 0.6747 | ETputs(KTEPS) 8789.60
2023-10-14 03:42:04,516 - tune.py [line:103] - INFO: Epoch 00520 | Time(s) 0.0712 | Val Loss 2.5310 | Val Acc 0.7033 | ETputs(KTEPS) 8807.46
2023-10-14 03:42:06,015 - tune.py [line:103] - INFO: Epoch 00540 | Time(s) 0.0714 | Val Loss 2.5071 | Val Acc 0.6835 | ETputs(KTEPS) 8790.66
2023-10-14 03:42:07,411 - tune.py [line:103] - INFO: Epoch 00560 | Time(s) 0.0713 | Val Loss 2.4459 | Val Acc 0.7099 | ETputs(KTEPS) 8797.86
2023-10-14 03:42:08,817 - tune.py [line:103] - INFO: Epoch 00580 | Time(s) 0.0713 | Val Loss 2.5347 | Val Acc 0.7077 | ETputs(KTEPS) 8802.23
2023-10-14 03:42:10,329 - tune.py [line:103] - INFO: Epoch 00600 | Time(s) 0.0714 | Val Loss 2.5448 | Val Acc 0.6835 | ETputs(KTEPS) 8784.55
2023-10-14 03:42:11,781 - tune.py [line:103] - INFO: Epoch 00620 | Time(s) 0.0715 | Val Loss 2.5023 | Val Acc 0.6989 | ETputs(KTEPS) 8780.02
2023-10-14 03:42:13,181 - tune.py [line:103] - INFO: Epoch 00640 | Time(s) 0.0714 | Val Loss 2.4747 | Val Acc 0.6923 | ETputs(KTEPS) 8785.80
2023-10-14 03:42:14,691 - tune.py [line:103] - INFO: Epoch 00660 | Time(s) 0.0715 | Val Loss 2.4700 | Val Acc 0.7033 | ETputs(KTEPS) 8770.79
2023-10-14 03:42:16,214 - tune.py [line:103] - INFO: Epoch 00680 | Time(s) 0.0717 | Val Loss 2.5154 | Val Acc 0.6857 | ETputs(KTEPS) 8754.40
2023-10-14 03:42:17,578 - tune.py [line:103] - INFO: Epoch 00700 | Time(s) 0.0716 | Val Loss 2.4127 | Val Acc 0.6901 | ETputs(KTEPS) 8766.52
2023-10-14 03:42:18,951 - tune.py [line:103] - INFO: Epoch 00720 | Time(s) 0.0715 | Val Loss 2.5070 | Val Acc 0.6791 | ETputs(KTEPS) 8776.59
2023-10-14 03:42:20,346 - tune.py [line:103] - INFO: Epoch 00740 | Time(s) 0.0714 | Val Loss 2.5290 | Val Acc 0.6813 | ETputs(KTEPS) 8782.52
2023-10-14 03:42:21,730 - tune.py [line:103] - INFO: Epoch 00760 | Time(s) 0.0714 | Val Loss 2.5422 | Val Acc 0.6923 | ETputs(KTEPS) 8789.91
2023-10-14 03:42:23,191 - tune.py [line:103] - INFO: Epoch 00780 | Time(s) 0.0714 | Val Loss 2.4666 | Val Acc 0.6967 | ETputs(KTEPS) 8784.68
2023-10-14 03:42:24,718 - tune.py [line:103] - INFO: Epoch 00800 | Time(s) 0.0715 | Val Loss 2.6169 | Val Acc 0.7077 | ETputs(KTEPS) 8769.81
2023-10-14 03:42:26,011 - tune.py [line:117] - INFO: [FINAL MODEL] Val accuracy 71.65% \Val loss: 2.5
2023-10-14 03:42:26,020 - tune.py [line:119] - INFO: [FINAL MODEL] Test accuracy 68.05% \Test loss: 2.5
2023-10-14 03:42:26,020 - tune.py [line:144] - INFO: Acc on the first split (Validation Set): 0.7165
2023-10-14 03:42:26,020 - tune.py [line:145] - INFO: Acc on the first split (Test Set): 0.6805
