2023-10-14 04:01:29,518 - tune.py [line:203] - INFO: Namespace(seed=42, model='GPRGNNV2', gpu=1, dataset='geom-chameleon', logging=True, log_detail=True, log_detailedCh=False, id_log=1014014502, optuna_n_trials=202, n_epochs=2000, self_loop=False, udgraph=True, early_stop=True, patience=300, n_hidden=64, n_cv=1, start_cv=0, n_layers=16, lr1=0.05, lr2=0.04, wd1=1e-07, wd2=1e-05, dropout=0.4, dropout2=0.7, alpha=0.8, es_ckpt='woselfloop-geom-chameleon_GPRGNNV2-geom-chameleon_trialNo110')
2023-10-14 04:01:30,372 - tune.py [line:128] - INFO: Split_seeds:[1824]
2023-10-14 04:01:30,372 - tune.py [line:129] - INFO: Model_seeds:[409]
2023-10-14 04:01:31,665 - tune.py [line:103] - INFO: Epoch 00020 | Time(s) 0.0614 | Val Loss 1.2366 | Val Acc 0.5451 | ETputs(KTEPS) 10222.52
2023-10-14 04:01:33,002 - tune.py [line:103] - INFO: Epoch 00040 | Time(s) 0.0635 | Val Loss 1.2713 | Val Acc 0.6264 | ETputs(KTEPS) 9873.36
2023-10-14 04:01:34,207 - tune.py [line:103] - INFO: Epoch 00060 | Time(s) 0.0623 | Val Loss 1.4294 | Val Acc 0.6264 | ETputs(KTEPS) 10070.89
2023-10-14 04:01:35,503 - tune.py [line:103] - INFO: Epoch 00080 | Time(s) 0.0628 | Val Loss 1.4656 | Val Acc 0.6330 | ETputs(KTEPS) 9984.28
2023-10-14 04:01:36,772 - tune.py [line:103] - INFO: Epoch 00100 | Time(s) 0.0630 | Val Loss 1.4773 | Val Acc 0.6484 | ETputs(KTEPS) 9966.95
2023-10-14 04:01:37,990 - tune.py [line:103] - INFO: Epoch 00120 | Time(s) 0.0626 | Val Loss 1.5818 | Val Acc 0.6593 | ETputs(KTEPS) 10030.31
2023-10-14 04:01:39,226 - tune.py [line:103] - INFO: Epoch 00140 | Time(s) 0.0624 | Val Loss 1.5908 | Val Acc 0.6747 | ETputs(KTEPS) 10048.54
2023-10-14 04:01:40,506 - tune.py [line:103] - INFO: Epoch 00160 | Time(s) 0.0626 | Val Loss 1.5598 | Val Acc 0.6901 | ETputs(KTEPS) 10026.88
2023-10-14 04:01:41,748 - tune.py [line:103] - INFO: Epoch 00180 | Time(s) 0.0625 | Val Loss 1.6081 | Val Acc 0.6901 | ETputs(KTEPS) 10037.36
2023-10-14 04:01:43,024 - tune.py [line:103] - INFO: Epoch 00200 | Time(s) 0.0626 | Val Loss 1.6419 | Val Acc 0.7055 | ETputs(KTEPS) 10020.04
2023-10-14 04:01:44,277 - tune.py [line:103] - INFO: Epoch 00220 | Time(s) 0.0626 | Val Loss 1.6982 | Val Acc 0.6857 | ETputs(KTEPS) 10020.57
2023-10-14 04:01:45,603 - tune.py [line:103] - INFO: Epoch 00240 | Time(s) 0.0629 | Val Loss 1.7800 | Val Acc 0.6967 | ETputs(KTEPS) 9972.30
2023-10-14 04:01:46,882 - tune.py [line:103] - INFO: Epoch 00260 | Time(s) 0.0630 | Val Loss 1.7664 | Val Acc 0.7011 | ETputs(KTEPS) 9960.04
2023-10-14 04:01:48,123 - tune.py [line:103] - INFO: Epoch 00280 | Time(s) 0.0629 | Val Loss 1.7484 | Val Acc 0.6989 | ETputs(KTEPS) 9974.53
2023-10-14 04:01:49,450 - tune.py [line:103] - INFO: Epoch 00300 | Time(s) 0.0631 | Val Loss 1.7847 | Val Acc 0.7099 | ETputs(KTEPS) 9938.65
2023-10-14 04:01:50,748 - tune.py [line:103] - INFO: Epoch 00320 | Time(s) 0.0632 | Val Loss 1.8912 | Val Acc 0.6967 | ETputs(KTEPS) 9922.65
2023-10-14 04:01:52,049 - tune.py [line:103] - INFO: Epoch 00340 | Time(s) 0.0633 | Val Loss 1.8508 | Val Acc 0.7033 | ETputs(KTEPS) 9906.32
2023-10-14 04:01:53,257 - tune.py [line:103] - INFO: Epoch 00360 | Time(s) 0.0632 | Val Loss 1.8371 | Val Acc 0.7099 | ETputs(KTEPS) 9931.93
2023-10-14 04:01:54,522 - tune.py [line:103] - INFO: Epoch 00380 | Time(s) 0.0632 | Val Loss 1.7678 | Val Acc 0.7033 | ETputs(KTEPS) 9931.40
2023-10-14 04:01:55,751 - tune.py [line:103] - INFO: Epoch 00400 | Time(s) 0.0631 | Val Loss 1.8331 | Val Acc 0.7187 | ETputs(KTEPS) 9945.16
2023-10-14 04:01:56,965 - tune.py [line:103] - INFO: Epoch 00420 | Time(s) 0.0630 | Val Loss 1.8569 | Val Acc 0.7077 | ETputs(KTEPS) 9963.47
2023-10-14 04:01:58,266 - tune.py [line:103] - INFO: Epoch 00440 | Time(s) 0.0631 | Val Loss 1.8330 | Val Acc 0.7275 | ETputs(KTEPS) 9951.10
2023-10-14 04:01:59,507 - tune.py [line:103] - INFO: Epoch 00460 | Time(s) 0.0630 | Val Loss 1.8206 | Val Acc 0.7165 | ETputs(KTEPS) 9958.15
2023-10-14 04:02:00,688 - tune.py [line:103] - INFO: Epoch 00480 | Time(s) 0.0628 | Val Loss 1.8600 | Val Acc 0.7121 | ETputs(KTEPS) 9984.49
2023-10-14 04:02:01,911 - tune.py [line:103] - INFO: Epoch 00500 | Time(s) 0.0628 | Val Loss 1.8582 | Val Acc 0.7099 | ETputs(KTEPS) 9995.27
2023-10-14 04:02:03,167 - tune.py [line:103] - INFO: Epoch 00520 | Time(s) 0.0628 | Val Loss 1.8362 | Val Acc 0.7187 | ETputs(KTEPS) 9995.50
2023-10-14 04:02:04,426 - tune.py [line:103] - INFO: Epoch 00540 | Time(s) 0.0628 | Val Loss 1.8744 | Val Acc 0.7099 | ETputs(KTEPS) 9994.66
2023-10-14 04:02:05,658 - tune.py [line:103] - INFO: Epoch 00560 | Time(s) 0.0627 | Val Loss 1.8881 | Val Acc 0.7121 | ETputs(KTEPS) 10001.50
2023-10-14 04:02:06,756 - tune.py [line:103] - INFO: Epoch 00580 | Time(s) 0.0625 | Val Loss 1.9423 | Val Acc 0.7011 | ETputs(KTEPS) 10044.92
2023-10-14 04:02:07,902 - tune.py [line:103] - INFO: Epoch 00600 | Time(s) 0.0623 | Val Loss 1.8465 | Val Acc 0.7187 | ETputs(KTEPS) 10072.76
2023-10-14 04:02:09,118 - tune.py [line:103] - INFO: Epoch 00620 | Time(s) 0.0622 | Val Loss 1.9127 | Val Acc 0.7077 | ETputs(KTEPS) 10080.77
2023-10-14 04:02:10,320 - tune.py [line:103] - INFO: Epoch 00640 | Time(s) 0.0622 | Val Loss 1.8122 | Val Acc 0.7121 | ETputs(KTEPS) 10091.54
2023-10-14 04:02:11,587 - tune.py [line:103] - INFO: Epoch 00660 | Time(s) 0.0622 | Val Loss 1.9183 | Val Acc 0.7011 | ETputs(KTEPS) 10086.01
2023-10-14 04:02:12,908 - tune.py [line:103] - INFO: Epoch 00680 | Time(s) 0.0623 | Val Loss 1.9622 | Val Acc 0.7099 | ETputs(KTEPS) 10068.00
2023-10-14 04:02:14,094 - tune.py [line:103] - INFO: Epoch 00700 | Time(s) 0.0622 | Val Loss 1.9583 | Val Acc 0.7143 | ETputs(KTEPS) 10081.98
2023-10-14 04:02:15,284 - tune.py [line:103] - INFO: Epoch 00720 | Time(s) 0.0622 | Val Loss 1.9126 | Val Acc 0.7099 | ETputs(KTEPS) 10094.44
2023-10-14 04:02:16,406 - tune.py [line:117] - INFO: [FINAL MODEL] Val accuracy 73.41% \Val loss: 1.8
2023-10-14 04:02:16,418 - tune.py [line:119] - INFO: [FINAL MODEL] Test accuracy 68.93% \Test loss: 1.7
2023-10-14 04:02:16,418 - tune.py [line:144] - INFO: Acc on the first split (Validation Set): 0.7341
2023-10-14 04:02:16,418 - tune.py [line:145] - INFO: Acc on the first split (Test Set): 0.6893
