2023-10-14 03:52:34,518 - tune.py [line:203] - INFO: Namespace(seed=42, model='GPRGNNV2', gpu=1, dataset='geom-chameleon', logging=True, log_detail=True, log_detailedCh=False, id_log=1014014502, optuna_n_trials=202, n_epochs=2000, self_loop=False, udgraph=True, early_stop=True, patience=300, n_hidden=64, n_cv=1, start_cv=0, n_layers=16, lr1=0.05, lr2=0.05, wd1=1e-07, wd2=1e-06, dropout=0.4, dropout2=0.7, alpha=0.9, es_ckpt='woselfloop-geom-chameleon_GPRGNNV2-geom-chameleon_trialNo61')
2023-10-14 03:52:35,263 - tune.py [line:128] - INFO: Split_seeds:[1824]
2023-10-14 03:52:35,263 - tune.py [line:129] - INFO: Model_seeds:[409]
2023-10-14 03:52:36,685 - tune.py [line:103] - INFO: Epoch 00020 | Time(s) 0.0688 | Val Loss 1.2464 | Val Acc 0.5407 | ETputs(KTEPS) 9125.50
2023-10-14 03:52:38,089 - tune.py [line:103] - INFO: Epoch 00040 | Time(s) 0.0692 | Val Loss 1.2576 | Val Acc 0.6242 | ETputs(KTEPS) 9071.28
2023-10-14 03:52:39,435 - tune.py [line:103] - INFO: Epoch 00060 | Time(s) 0.0685 | Val Loss 1.3890 | Val Acc 0.6308 | ETputs(KTEPS) 9162.63
2023-10-14 03:52:40,912 - tune.py [line:103] - INFO: Epoch 00080 | Time(s) 0.0698 | Val Loss 1.4372 | Val Acc 0.6308 | ETputs(KTEPS) 8990.28
2023-10-14 03:52:42,226 - tune.py [line:103] - INFO: Epoch 00100 | Time(s) 0.0689 | Val Loss 1.4967 | Val Acc 0.6505 | ETputs(KTEPS) 9109.84
2023-10-14 03:52:43,636 - tune.py [line:103] - INFO: Epoch 00120 | Time(s) 0.0691 | Val Loss 1.5367 | Val Acc 0.6505 | ETputs(KTEPS) 9076.87
2023-10-14 03:52:44,974 - tune.py [line:103] - INFO: Epoch 00140 | Time(s) 0.0688 | Val Loss 1.4949 | Val Acc 0.6681 | ETputs(KTEPS) 9124.90
2023-10-14 03:52:46,313 - tune.py [line:103] - INFO: Epoch 00160 | Time(s) 0.0685 | Val Loss 1.4863 | Val Acc 0.6791 | ETputs(KTEPS) 9158.38
2023-10-14 03:52:47,693 - tune.py [line:103] - INFO: Epoch 00180 | Time(s) 0.0686 | Val Loss 1.6146 | Val Acc 0.6901 | ETputs(KTEPS) 9151.18
2023-10-14 03:52:49,024 - tune.py [line:103] - INFO: Epoch 00200 | Time(s) 0.0683 | Val Loss 1.6484 | Val Acc 0.6967 | ETputs(KTEPS) 9181.09
2023-10-14 03:52:50,375 - tune.py [line:103] - INFO: Epoch 00220 | Time(s) 0.0683 | Val Loss 1.6247 | Val Acc 0.7055 | ETputs(KTEPS) 9191.27
2023-10-14 03:52:51,803 - tune.py [line:103] - INFO: Epoch 00240 | Time(s) 0.0685 | Val Loss 1.7513 | Val Acc 0.6791 | ETputs(KTEPS) 9158.40
2023-10-14 03:52:53,139 - tune.py [line:103] - INFO: Epoch 00260 | Time(s) 0.0684 | Val Loss 1.6863 | Val Acc 0.6923 | ETputs(KTEPS) 9176.22
2023-10-14 03:52:54,608 - tune.py [line:103] - INFO: Epoch 00280 | Time(s) 0.0687 | Val Loss 1.6731 | Val Acc 0.6923 | ETputs(KTEPS) 9129.05
2023-10-14 03:52:56,100 - tune.py [line:103] - INFO: Epoch 00300 | Time(s) 0.0691 | Val Loss 1.7063 | Val Acc 0.6879 | ETputs(KTEPS) 9077.76
2023-10-14 03:52:57,575 - tune.py [line:103] - INFO: Epoch 00320 | Time(s) 0.0694 | Val Loss 1.7119 | Val Acc 0.7121 | ETputs(KTEPS) 9041.38
2023-10-14 03:52:58,972 - tune.py [line:103] - INFO: Epoch 00340 | Time(s) 0.0694 | Val Loss 1.7285 | Val Acc 0.7099 | ETputs(KTEPS) 9038.13
2023-10-14 03:53:00,489 - tune.py [line:103] - INFO: Epoch 00360 | Time(s) 0.0698 | Val Loss 1.7196 | Val Acc 0.6967 | ETputs(KTEPS) 8992.12
2023-10-14 03:53:01,976 - tune.py [line:103] - INFO: Epoch 00380 | Time(s) 0.0700 | Val Loss 1.7803 | Val Acc 0.7011 | ETputs(KTEPS) 8961.15
2023-10-14 03:53:03,492 - tune.py [line:103] - INFO: Epoch 00400 | Time(s) 0.0703 | Val Loss 1.8027 | Val Acc 0.7055 | ETputs(KTEPS) 8924.49
2023-10-14 03:53:04,894 - tune.py [line:103] - INFO: Epoch 00420 | Time(s) 0.0703 | Val Loss 1.7895 | Val Acc 0.7143 | ETputs(KTEPS) 8927.30
2023-10-14 03:53:06,286 - tune.py [line:103] - INFO: Epoch 00440 | Time(s) 0.0702 | Val Loss 1.7582 | Val Acc 0.7099 | ETputs(KTEPS) 8931.45
2023-10-14 03:53:07,703 - tune.py [line:103] - INFO: Epoch 00460 | Time(s) 0.0703 | Val Loss 1.7926 | Val Acc 0.7121 | ETputs(KTEPS) 8928.35
2023-10-14 03:53:09,086 - tune.py [line:103] - INFO: Epoch 00480 | Time(s) 0.0702 | Val Loss 1.8095 | Val Acc 0.7055 | ETputs(KTEPS) 8934.44
2023-10-14 03:53:10,499 - tune.py [line:103] - INFO: Epoch 00500 | Time(s) 0.0702 | Val Loss 1.8447 | Val Acc 0.6791 | ETputs(KTEPS) 8932.37
2023-10-14 03:53:11,896 - tune.py [line:103] - INFO: Epoch 00520 | Time(s) 0.0702 | Val Loss 1.8203 | Val Acc 0.6989 | ETputs(KTEPS) 8934.44
2023-10-14 03:53:13,267 - tune.py [line:103] - INFO: Epoch 00540 | Time(s) 0.0702 | Val Loss 1.8367 | Val Acc 0.7077 | ETputs(KTEPS) 8942.41
2023-10-14 03:53:14,591 - tune.py [line:103] - INFO: Epoch 00560 | Time(s) 0.0700 | Val Loss 1.9274 | Val Acc 0.7011 | ETputs(KTEPS) 8960.58
2023-10-14 03:53:15,963 - tune.py [line:103] - INFO: Epoch 00580 | Time(s) 0.0700 | Val Loss 1.8248 | Val Acc 0.7011 | ETputs(KTEPS) 8967.06
2023-10-14 03:53:17,459 - tune.py [line:103] - INFO: Epoch 00600 | Time(s) 0.0701 | Val Loss 1.8734 | Val Acc 0.7011 | ETputs(KTEPS) 8946.61
2023-10-14 03:53:18,872 - tune.py [line:103] - INFO: Epoch 00620 | Time(s) 0.0701 | Val Loss 1.8636 | Val Acc 0.6989 | ETputs(KTEPS) 8945.24
2023-10-14 03:53:20,240 - tune.py [line:103] - INFO: Epoch 00640 | Time(s) 0.0701 | Val Loss 1.7998 | Val Acc 0.7165 | ETputs(KTEPS) 8952.35
2023-10-14 03:53:21,730 - tune.py [line:103] - INFO: Epoch 00660 | Time(s) 0.0702 | Val Loss 1.8381 | Val Acc 0.7055 | ETputs(KTEPS) 8935.35
2023-10-14 03:53:23,157 - tune.py [line:103] - INFO: Epoch 00680 | Time(s) 0.0702 | Val Loss 1.8627 | Val Acc 0.7143 | ETputs(KTEPS) 8931.33
2023-10-14 03:53:24,580 - tune.py [line:103] - INFO: Epoch 00700 | Time(s) 0.0703 | Val Loss 1.8355 | Val Acc 0.7165 | ETputs(KTEPS) 8928.22
2023-10-14 03:53:25,902 - tune.py [line:103] - INFO: Epoch 00720 | Time(s) 0.0702 | Val Loss 1.8295 | Val Acc 0.7099 | ETputs(KTEPS) 8943.06
2023-10-14 03:53:27,236 - tune.py [line:103] - INFO: Epoch 00740 | Time(s) 0.0701 | Val Loss 1.8658 | Val Acc 0.7121 | ETputs(KTEPS) 8955.91
2023-10-14 03:53:28,626 - tune.py [line:103] - INFO: Epoch 00760 | Time(s) 0.0700 | Val Loss 1.8032 | Val Acc 0.7077 | ETputs(KTEPS) 8957.75
2023-10-14 03:53:30,028 - tune.py [line:103] - INFO: Epoch 00780 | Time(s) 0.0700 | Val Loss 1.8762 | Val Acc 0.7187 | ETputs(KTEPS) 8958.04
2023-10-14 03:53:31,472 - tune.py [line:103] - INFO: Epoch 00800 | Time(s) 0.0701 | Val Loss 1.9839 | Val Acc 0.7099 | ETputs(KTEPS) 8951.28
2023-10-14 03:53:32,864 - tune.py [line:103] - INFO: Epoch 00820 | Time(s) 0.0701 | Val Loss 1.9043 | Val Acc 0.7165 | ETputs(KTEPS) 8952.87
2023-10-14 03:53:34,256 - tune.py [line:103] - INFO: Epoch 00840 | Time(s) 0.0701 | Val Loss 1.8379 | Val Acc 0.7077 | ETputs(KTEPS) 8954.38
2023-10-14 03:53:35,660 - tune.py [line:103] - INFO: Epoch 00860 | Time(s) 0.0701 | Val Loss 1.9092 | Val Acc 0.7187 | ETputs(KTEPS) 8954.22
2023-10-14 03:53:37,116 - tune.py [line:103] - INFO: Epoch 00880 | Time(s) 0.0701 | Val Loss 1.9327 | Val Acc 0.7231 | ETputs(KTEPS) 8946.38
2023-10-14 03:53:38,540 - tune.py [line:103] - INFO: Epoch 00900 | Time(s) 0.0702 | Val Loss 1.9278 | Val Acc 0.7099 | ETputs(KTEPS) 8943.44
2023-10-14 03:53:39,999 - tune.py [line:103] - INFO: Epoch 00920 | Time(s) 0.0702 | Val Loss 1.9798 | Val Acc 0.7077 | ETputs(KTEPS) 8935.91
2023-10-14 03:53:41,451 - tune.py [line:103] - INFO: Epoch 00940 | Time(s) 0.0703 | Val Loss 1.9153 | Val Acc 0.7099 | ETputs(KTEPS) 8929.46
2023-10-14 03:53:42,865 - tune.py [line:103] - INFO: Epoch 00960 | Time(s) 0.0703 | Val Loss 1.8154 | Val Acc 0.7143 | ETputs(KTEPS) 8928.45
2023-10-14 03:53:44,368 - tune.py [line:103] - INFO: Epoch 00980 | Time(s) 0.0704 | Val Loss 1.9318 | Val Acc 0.7165 | ETputs(KTEPS) 8915.88
2023-10-14 03:53:45,881 - tune.py [line:103] - INFO: Epoch 01000 | Time(s) 0.0705 | Val Loss 1.9320 | Val Acc 0.6967 | ETputs(KTEPS) 8902.59
2023-10-14 03:53:47,231 - tune.py [line:103] - INFO: Epoch 01020 | Time(s) 0.0704 | Val Loss 1.9080 | Val Acc 0.7033 | ETputs(KTEPS) 8910.03
2023-10-14 03:53:48,644 - tune.py [line:103] - INFO: Epoch 01040 | Time(s) 0.0704 | Val Loss 1.9807 | Val Acc 0.7055 | ETputs(KTEPS) 8909.54
2023-10-14 03:53:50,040 - tune.py [line:103] - INFO: Epoch 01060 | Time(s) 0.0704 | Val Loss 1.9249 | Val Acc 0.7165 | ETputs(KTEPS) 8911.14
2023-10-14 03:53:50,906 - tune.py [line:117] - INFO: [FINAL MODEL] Val accuracy 73.41% \Val loss: 1.8
2023-10-14 03:53:50,919 - tune.py [line:119] - INFO: [FINAL MODEL] Test accuracy 70.02% \Test loss: 1.8
2023-10-14 03:53:50,919 - tune.py [line:144] - INFO: Acc on the first split (Validation Set): 0.7341
2023-10-14 03:53:50,919 - tune.py [line:145] - INFO: Acc on the first split (Test Set): 0.7002
