2023-10-14 03:39:06,210 - tune.py [line:203] - INFO: Namespace(seed=42, model='GPRGNNV2', gpu=1, dataset='geom-chameleon', logging=True, log_detail=True, log_detailedCh=False, id_log=1014014502, optuna_n_trials=202, n_epochs=2000, self_loop=False, udgraph=True, early_stop=True, patience=300, n_hidden=64, n_cv=1, start_cv=0, n_layers=20, lr1=0.05, lr2=0.05, wd1=1e-07, wd2=1e-07, dropout=0.5, dropout2=0.7, alpha=0.9, es_ckpt='woselfloop-geom-chameleon_GPRGNNV2-geom-chameleon_trialNo10')
2023-10-14 03:39:06,956 - tune.py [line:128] - INFO: Split_seeds:[1824]
2023-10-14 03:39:06,956 - tune.py [line:129] - INFO: Model_seeds:[409]
2023-10-14 03:39:08,528 - tune.py [line:103] - INFO: Epoch 00020 | Time(s) 0.0761 | Val Loss 1.1836 | Val Acc 0.5363 | ETputs(KTEPS) 8247.52
2023-10-14 03:39:10,215 - tune.py [line:103] - INFO: Epoch 00040 | Time(s) 0.0796 | Val Loss 1.1095 | Val Acc 0.5934 | ETputs(KTEPS) 7879.69
2023-10-14 03:39:11,761 - tune.py [line:103] - INFO: Epoch 00060 | Time(s) 0.0788 | Val Loss 1.1341 | Val Acc 0.6132 | ETputs(KTEPS) 7964.82
2023-10-14 03:39:13,223 - tune.py [line:103] - INFO: Epoch 00080 | Time(s) 0.0773 | Val Loss 1.0852 | Val Acc 0.6308 | ETputs(KTEPS) 8119.53
2023-10-14 03:39:14,800 - tune.py [line:103] - INFO: Epoch 00100 | Time(s) 0.0775 | Val Loss 1.1446 | Val Acc 0.6418 | ETputs(KTEPS) 8095.72
2023-10-14 03:39:16,442 - tune.py [line:103] - INFO: Epoch 00120 | Time(s) 0.0782 | Val Loss 1.1524 | Val Acc 0.6659 | ETputs(KTEPS) 8025.27
2023-10-14 03:39:18,036 - tune.py [line:103] - INFO: Epoch 00140 | Time(s) 0.0784 | Val Loss 1.1583 | Val Acc 0.6791 | ETputs(KTEPS) 8005.10
2023-10-14 03:39:19,626 - tune.py [line:103] - INFO: Epoch 00160 | Time(s) 0.0785 | Val Loss 1.2141 | Val Acc 0.6681 | ETputs(KTEPS) 7992.46
2023-10-14 03:39:21,170 - tune.py [line:103] - INFO: Epoch 00180 | Time(s) 0.0783 | Val Loss 1.1836 | Val Acc 0.7011 | ETputs(KTEPS) 8013.02
2023-10-14 03:39:22,639 - tune.py [line:103] - INFO: Epoch 00200 | Time(s) 0.0778 | Val Loss 1.2026 | Val Acc 0.6989 | ETputs(KTEPS) 8064.13
2023-10-14 03:39:24,271 - tune.py [line:103] - INFO: Epoch 00220 | Time(s) 0.0781 | Val Loss 1.2647 | Val Acc 0.6835 | ETputs(KTEPS) 8028.90
2023-10-14 03:39:25,742 - tune.py [line:103] - INFO: Epoch 00240 | Time(s) 0.0777 | Val Loss 1.2134 | Val Acc 0.7077 | ETputs(KTEPS) 8072.20
2023-10-14 03:39:27,225 - tune.py [line:103] - INFO: Epoch 00260 | Time(s) 0.0774 | Val Loss 1.2529 | Val Acc 0.6945 | ETputs(KTEPS) 8101.41
2023-10-14 03:39:28,682 - tune.py [line:103] - INFO: Epoch 00280 | Time(s) 0.0771 | Val Loss 1.2937 | Val Acc 0.6989 | ETputs(KTEPS) 8136.74
2023-10-14 03:39:30,303 - tune.py [line:103] - INFO: Epoch 00300 | Time(s) 0.0774 | Val Loss 1.3224 | Val Acc 0.6901 | ETputs(KTEPS) 8109.10
2023-10-14 03:39:31,864 - tune.py [line:103] - INFO: Epoch 00320 | Time(s) 0.0774 | Val Loss 1.3186 | Val Acc 0.6989 | ETputs(KTEPS) 8105.02
2023-10-14 03:39:33,443 - tune.py [line:103] - INFO: Epoch 00340 | Time(s) 0.0775 | Val Loss 1.2918 | Val Acc 0.6989 | ETputs(KTEPS) 8095.74
2023-10-14 03:39:34,968 - tune.py [line:103] - INFO: Epoch 00360 | Time(s) 0.0774 | Val Loss 1.3135 | Val Acc 0.7055 | ETputs(KTEPS) 8103.00
2023-10-14 03:39:36,513 - tune.py [line:103] - INFO: Epoch 00380 | Time(s) 0.0774 | Val Loss 1.3691 | Val Acc 0.6923 | ETputs(KTEPS) 8104.32
2023-10-14 03:39:38,155 - tune.py [line:103] - INFO: Epoch 00400 | Time(s) 0.0777 | Val Loss 1.3477 | Val Acc 0.7209 | ETputs(KTEPS) 8080.02
2023-10-14 03:39:39,794 - tune.py [line:103] - INFO: Epoch 00420 | Time(s) 0.0779 | Val Loss 1.3788 | Val Acc 0.7011 | ETputs(KTEPS) 8058.90
2023-10-14 03:39:41,447 - tune.py [line:103] - INFO: Epoch 00440 | Time(s) 0.0781 | Val Loss 1.3758 | Val Acc 0.6923 | ETputs(KTEPS) 8036.45
2023-10-14 03:39:43,010 - tune.py [line:103] - INFO: Epoch 00460 | Time(s) 0.0781 | Val Loss 1.2950 | Val Acc 0.7055 | ETputs(KTEPS) 8036.38
2023-10-14 03:39:44,602 - tune.py [line:103] - INFO: Epoch 00480 | Time(s) 0.0781 | Val Loss 1.3803 | Val Acc 0.6967 | ETputs(KTEPS) 8029.78
2023-10-14 03:39:46,135 - tune.py [line:103] - INFO: Epoch 00500 | Time(s) 0.0781 | Val Loss 1.3125 | Val Acc 0.7187 | ETputs(KTEPS) 8036.03
2023-10-14 03:39:47,744 - tune.py [line:103] - INFO: Epoch 00520 | Time(s) 0.0782 | Val Loss 1.3776 | Val Acc 0.7011 | ETputs(KTEPS) 8026.85
2023-10-14 03:39:49,345 - tune.py [line:103] - INFO: Epoch 00540 | Time(s) 0.0782 | Val Loss 1.4202 | Val Acc 0.7077 | ETputs(KTEPS) 8019.80
2023-10-14 03:39:50,894 - tune.py [line:103] - INFO: Epoch 00560 | Time(s) 0.0782 | Val Loss 1.4179 | Val Acc 0.7033 | ETputs(KTEPS) 8022.74
2023-10-14 03:39:51,808 - tune.py [line:117] - INFO: [FINAL MODEL] Val accuracy 72.09% \Val loss: 1.3
2023-10-14 03:39:51,843 - tune.py [line:119] - INFO: [FINAL MODEL] Test accuracy 67.83% \Test loss: 1.1
2023-10-14 03:39:51,844 - tune.py [line:144] - INFO: Acc on the first split (Validation Set): 0.7209
2023-10-14 03:39:51,844 - tune.py [line:145] - INFO: Acc on the first split (Test Set): 0.6783
