2023-10-14 03:31:47,736 - tune.py [line:203] - INFO: Namespace(seed=42, model='GPRGNNV2', gpu=1, dataset='geom-chameleon', logging=True, log_detail=True, log_detailedCh=False, id_log=1014014502, optuna_n_trials=202, n_epochs=2000, self_loop=False, udgraph=True, early_stop=True, patience=300, n_hidden=64, n_cv=1, start_cv=0, n_layers=20, lr1=0.01, lr2=0.005, wd1=1e-05, wd2=0.001, dropout=0.9, dropout2=0.8, alpha=0.2, es_ckpt='woselfloop-geom-chameleon_GPRGNNV2-geom-chameleon_trialNo0')
2023-10-14 03:31:51,141 - tune.py [line:128] - INFO: Split_seeds:[1824]
2023-10-14 03:31:51,141 - tune.py [line:129] - INFO: Model_seeds:[409]
2023-10-14 03:31:52,926 - tune.py [line:103] - INFO: Epoch 00020 | Time(s) 0.0882 | Val Loss 1.5908 | Val Acc 0.3429 | ETputs(KTEPS) 7112.27
2023-10-14 03:31:53,776 - tune.py [line:103] - INFO: Epoch 00040 | Time(s) 0.0652 | Val Loss 1.5492 | Val Acc 0.3429 | ETputs(KTEPS) 9621.82
2023-10-14 03:31:54,774 - tune.py [line:103] - INFO: Epoch 00060 | Time(s) 0.0601 | Val Loss 1.5373 | Val Acc 0.3473 | ETputs(KTEPS) 10440.57
2023-10-14 03:31:56,629 - tune.py [line:103] - INFO: Epoch 00080 | Time(s) 0.0682 | Val Loss 1.5243 | Val Acc 0.3802 | ETputs(KTEPS) 9201.30
2023-10-14 03:31:58,411 - tune.py [line:103] - INFO: Epoch 00100 | Time(s) 0.0723 | Val Loss 1.5159 | Val Acc 0.3934 | ETputs(KTEPS) 8679.45
2023-10-14 03:32:00,135 - tune.py [line:103] - INFO: Epoch 00120 | Time(s) 0.0746 | Val Loss 1.4951 | Val Acc 0.4000 | ETputs(KTEPS) 8415.20
2023-10-14 03:32:01,918 - tune.py [line:103] - INFO: Epoch 00140 | Time(s) 0.0766 | Val Loss 1.4751 | Val Acc 0.4044 | ETputs(KTEPS) 8186.48
2023-10-14 03:32:03,796 - tune.py [line:103] - INFO: Epoch 00160 | Time(s) 0.0788 | Val Loss 1.4649 | Val Acc 0.4198 | ETputs(KTEPS) 7963.27
2023-10-14 03:32:05,588 - tune.py [line:103] - INFO: Epoch 00180 | Time(s) 0.0800 | Val Loss 1.4469 | Val Acc 0.4242 | ETputs(KTEPS) 7846.76
2023-10-14 03:32:07,408 - tune.py [line:103] - INFO: Epoch 00200 | Time(s) 0.0810 | Val Loss 1.4341 | Val Acc 0.4132 | ETputs(KTEPS) 7743.39
2023-10-14 03:32:09,280 - tune.py [line:103] - INFO: Epoch 00220 | Time(s) 0.0821 | Val Loss 1.4268 | Val Acc 0.4286 | ETputs(KTEPS) 7637.67
2023-10-14 03:32:11,157 - tune.py [line:103] - INFO: Epoch 00240 | Time(s) 0.0831 | Val Loss 1.4237 | Val Acc 0.4132 | ETputs(KTEPS) 7548.43
2023-10-14 03:32:12,950 - tune.py [line:103] - INFO: Epoch 00260 | Time(s) 0.0836 | Val Loss 1.4221 | Val Acc 0.4154 | ETputs(KTEPS) 7504.13
2023-10-14 03:32:14,802 - tune.py [line:103] - INFO: Epoch 00280 | Time(s) 0.0842 | Val Loss 1.4144 | Val Acc 0.4725 | ETputs(KTEPS) 7447.42
2023-10-14 03:32:16,626 - tune.py [line:103] - INFO: Epoch 00300 | Time(s) 0.0847 | Val Loss 1.4089 | Val Acc 0.4659 | ETputs(KTEPS) 7406.79
2023-10-14 03:32:18,451 - tune.py [line:103] - INFO: Epoch 00320 | Time(s) 0.0851 | Val Loss 1.4121 | Val Acc 0.4571 | ETputs(KTEPS) 7371.36
2023-10-14 03:32:20,289 - tune.py [line:103] - INFO: Epoch 00340 | Time(s) 0.0855 | Val Loss 1.4032 | Val Acc 0.4462 | ETputs(KTEPS) 7338.45
2023-10-14 03:32:22,153 - tune.py [line:103] - INFO: Epoch 00360 | Time(s) 0.0859 | Val Loss 1.3985 | Val Acc 0.4857 | ETputs(KTEPS) 7303.04
2023-10-14 03:32:23,977 - tune.py [line:103] - INFO: Epoch 00380 | Time(s) 0.0862 | Val Loss 1.3966 | Val Acc 0.4527 | ETputs(KTEPS) 7281.90
2023-10-14 03:32:25,150 - tune.py [line:103] - INFO: Epoch 00400 | Time(s) 0.0848 | Val Loss 1.3993 | Val Acc 0.4901 | ETputs(KTEPS) 7399.99
2023-10-14 03:32:26,068 - tune.py [line:103] - INFO: Epoch 00420 | Time(s) 0.0829 | Val Loss 1.3954 | Val Acc 0.4967 | ETputs(KTEPS) 7565.44
2023-10-14 03:32:26,967 - tune.py [line:103] - INFO: Epoch 00440 | Time(s) 0.0812 | Val Loss 1.3957 | Val Acc 0.5077 | ETputs(KTEPS) 7726.45
2023-10-14 03:32:28,092 - tune.py [line:103] - INFO: Epoch 00460 | Time(s) 0.0801 | Val Loss 1.3913 | Val Acc 0.5319 | ETputs(KTEPS) 7831.15
2023-10-14 03:32:30,036 - tune.py [line:103] - INFO: Epoch 00480 | Time(s) 0.0808 | Val Loss 1.3948 | Val Acc 0.4901 | ETputs(KTEPS) 7762.91
2023-10-14 03:32:32,031 - tune.py [line:103] - INFO: Epoch 00500 | Time(s) 0.0815 | Val Loss 1.3957 | Val Acc 0.5143 | ETputs(KTEPS) 7694.22
2023-10-14 03:32:34,003 - tune.py [line:103] - INFO: Epoch 00520 | Time(s) 0.0822 | Val Loss 1.3917 | Val Acc 0.5341 | ETputs(KTEPS) 7632.91
2023-10-14 03:32:35,944 - tune.py [line:103] - INFO: Epoch 00540 | Time(s) 0.0827 | Val Loss 1.3848 | Val Acc 0.5121 | ETputs(KTEPS) 7582.50
2023-10-14 03:32:37,946 - tune.py [line:103] - INFO: Epoch 00560 | Time(s) 0.0834 | Val Loss 1.3870 | Val Acc 0.5011 | ETputs(KTEPS) 7526.23
2023-10-14 03:32:39,967 - tune.py [line:103] - INFO: Epoch 00580 | Time(s) 0.0840 | Val Loss 1.3934 | Val Acc 0.4637 | ETputs(KTEPS) 7471.72
2023-10-14 03:32:42,008 - tune.py [line:103] - INFO: Epoch 00600 | Time(s) 0.0846 | Val Loss 1.3860 | Val Acc 0.5275 | ETputs(KTEPS) 7418.61
2023-10-14 03:32:44,044 - tune.py [line:103] - INFO: Epoch 00620 | Time(s) 0.0851 | Val Loss 1.3855 | Val Acc 0.5033 | ETputs(KTEPS) 7370.33
2023-10-14 03:32:46,093 - tune.py [line:103] - INFO: Epoch 00640 | Time(s) 0.0857 | Val Loss 1.3866 | Val Acc 0.4879 | ETputs(KTEPS) 7324.03
2023-10-14 03:32:48,144 - tune.py [line:103] - INFO: Epoch 00660 | Time(s) 0.0862 | Val Loss 1.3857 | Val Acc 0.5143 | ETputs(KTEPS) 7280.61
2023-10-14 03:32:50,130 - tune.py [line:103] - INFO: Epoch 00680 | Time(s) 0.0866 | Val Loss 1.3816 | Val Acc 0.5253 | ETputs(KTEPS) 7248.38
2023-10-14 03:32:52,134 - tune.py [line:103] - INFO: Epoch 00700 | Time(s) 0.0869 | Val Loss 1.3839 | Val Acc 0.5187 | ETputs(KTEPS) 7215.95
2023-10-14 03:32:54,077 - tune.py [line:103] - INFO: Epoch 00720 | Time(s) 0.0872 | Val Loss 1.3856 | Val Acc 0.5121 | ETputs(KTEPS) 7192.72
2023-10-14 03:32:55,946 - tune.py [line:103] - INFO: Epoch 00740 | Time(s) 0.0874 | Val Loss 1.3781 | Val Acc 0.4989 | ETputs(KTEPS) 7179.20
2023-10-14 03:32:57,841 - tune.py [line:103] - INFO: Epoch 00760 | Time(s) 0.0876 | Val Loss 1.3854 | Val Acc 0.5165 | ETputs(KTEPS) 7163.43
2023-10-14 03:32:59,846 - tune.py [line:103] - INFO: Epoch 00780 | Time(s) 0.0879 | Val Loss 1.3756 | Val Acc 0.5077 | ETputs(KTEPS) 7137.07
2023-10-14 03:33:01,620 - tune.py [line:117] - INFO: [FINAL MODEL] Val accuracy 55.16% \Val loss: 1.4
2023-10-14 03:33:01,668 - tune.py [line:119] - INFO: [FINAL MODEL] Test accuracy 54.49% \Test loss: 1.4
2023-10-14 03:33:01,669 - tune.py [line:144] - INFO: Acc on the first split (Validation Set): 0.5516
2023-10-14 03:33:01,669 - tune.py [line:145] - INFO: Acc on the first split (Test Set): 0.5449
