2023-10-14 03:47:12,461 - tune.py [line:203] - INFO: Namespace(seed=42, model='GPRGNNV2', gpu=1, dataset='geom-chameleon', logging=True, log_detail=True, log_detailedCh=False, id_log=1014014502, optuna_n_trials=202, n_epochs=2000, self_loop=False, udgraph=True, early_stop=True, patience=300, n_hidden=64, n_cv=1, start_cv=0, n_layers=16, lr1=0.04, lr2=0.05, wd1=1e-07, wd2=1e-08, dropout=0.3, dropout2=0.7, alpha=0.8, es_ckpt='woselfloop-geom-chameleon_GPRGNNV2-geom-chameleon_trialNo33')
2023-10-14 03:47:13,198 - tune.py [line:128] - INFO: Split_seeds:[1824]
2023-10-14 03:47:13,198 - tune.py [line:129] - INFO: Model_seeds:[409]
2023-10-14 03:47:14,658 - tune.py [line:103] - INFO: Epoch 00020 | Time(s) 0.0711 | Val Loss 1.2435 | Val Acc 0.5626 | ETputs(KTEPS) 8822.09
2023-10-14 03:47:16,050 - tune.py [line:103] - INFO: Epoch 00040 | Time(s) 0.0702 | Val Loss 1.4935 | Val Acc 0.6066 | ETputs(KTEPS) 8935.87
2023-10-14 03:47:17,464 - tune.py [line:103] - INFO: Epoch 00060 | Time(s) 0.0703 | Val Loss 1.7471 | Val Acc 0.6198 | ETputs(KTEPS) 8929.96
2023-10-14 03:47:18,799 - tune.py [line:103] - INFO: Epoch 00080 | Time(s) 0.0694 | Val Loss 1.9089 | Val Acc 0.6220 | ETputs(KTEPS) 9042.77
2023-10-14 03:47:20,166 - tune.py [line:103] - INFO: Epoch 00100 | Time(s) 0.0691 | Val Loss 1.9854 | Val Acc 0.6418 | ETputs(KTEPS) 9081.35
2023-10-14 03:47:21,538 - tune.py [line:103] - INFO: Epoch 00120 | Time(s) 0.0690 | Val Loss 2.1564 | Val Acc 0.6330 | ETputs(KTEPS) 9093.32
2023-10-14 03:47:22,920 - tune.py [line:103] - INFO: Epoch 00140 | Time(s) 0.0690 | Val Loss 2.2283 | Val Acc 0.6527 | ETputs(KTEPS) 9099.18
2023-10-14 03:47:24,340 - tune.py [line:103] - INFO: Epoch 00160 | Time(s) 0.0692 | Val Loss 2.1778 | Val Acc 0.6615 | ETputs(KTEPS) 9065.55
2023-10-14 03:47:25,753 - tune.py [line:103] - INFO: Epoch 00180 | Time(s) 0.0693 | Val Loss 2.3794 | Val Acc 0.6747 | ETputs(KTEPS) 9047.21
2023-10-14 03:47:27,113 - tune.py [line:103] - INFO: Epoch 00200 | Time(s) 0.0692 | Val Loss 2.4183 | Val Acc 0.6593 | ETputs(KTEPS) 9068.95
2023-10-14 03:47:28,499 - tune.py [line:103] - INFO: Epoch 00220 | Time(s) 0.0692 | Val Loss 2.4237 | Val Acc 0.6593 | ETputs(KTEPS) 9067.76
2023-10-14 03:47:29,859 - tune.py [line:103] - INFO: Epoch 00240 | Time(s) 0.0691 | Val Loss 2.5606 | Val Acc 0.6703 | ETputs(KTEPS) 9080.96
2023-10-14 03:47:31,257 - tune.py [line:103] - INFO: Epoch 00260 | Time(s) 0.0691 | Val Loss 2.4817 | Val Acc 0.6725 | ETputs(KTEPS) 9074.34
2023-10-14 03:47:32,693 - tune.py [line:103] - INFO: Epoch 00280 | Time(s) 0.0693 | Val Loss 2.5323 | Val Acc 0.6813 | ETputs(KTEPS) 9051.24
2023-10-14 03:47:34,193 - tune.py [line:103] - INFO: Epoch 00300 | Time(s) 0.0697 | Val Loss 2.6306 | Val Acc 0.6901 | ETputs(KTEPS) 9003.79
2023-10-14 03:47:35,583 - tune.py [line:103] - INFO: Epoch 00320 | Time(s) 0.0697 | Val Loss 2.7115 | Val Acc 0.6659 | ETputs(KTEPS) 9006.38
2023-10-14 03:47:36,980 - tune.py [line:103] - INFO: Epoch 00340 | Time(s) 0.0697 | Val Loss 2.7006 | Val Acc 0.6747 | ETputs(KTEPS) 9004.96
2023-10-14 03:47:37,947 - tune.py [line:103] - INFO: Epoch 00360 | Time(s) 0.0685 | Val Loss 2.7840 | Val Acc 0.7011 | ETputs(KTEPS) 9162.53
2023-10-14 03:47:38,621 - tune.py [line:103] - INFO: Epoch 00380 | Time(s) 0.0666 | Val Loss 2.6813 | Val Acc 0.6923 | ETputs(KTEPS) 9414.30
2023-10-14 03:47:39,305 - tune.py [line:103] - INFO: Epoch 00400 | Time(s) 0.0650 | Val Loss 2.7052 | Val Acc 0.6901 | ETputs(KTEPS) 9649.13
2023-10-14 03:47:40,048 - tune.py [line:103] - INFO: Epoch 00420 | Time(s) 0.0637 | Val Loss 2.7855 | Val Acc 0.7033 | ETputs(KTEPS) 9851.63
2023-10-14 03:47:41,002 - tune.py [line:103] - INFO: Epoch 00440 | Time(s) 0.0630 | Val Loss 2.7994 | Val Acc 0.6945 | ETputs(KTEPS) 9965.41
2023-10-14 03:47:42,399 - tune.py [line:103] - INFO: Epoch 00460 | Time(s) 0.0633 | Val Loss 2.8146 | Val Acc 0.7033 | ETputs(KTEPS) 9918.50
2023-10-14 03:47:43,795 - tune.py [line:103] - INFO: Epoch 00480 | Time(s) 0.0635 | Val Loss 2.8778 | Val Acc 0.6791 | ETputs(KTEPS) 9876.12
2023-10-14 03:47:45,270 - tune.py [line:103] - INFO: Epoch 00500 | Time(s) 0.0639 | Val Loss 2.9418 | Val Acc 0.6879 | ETputs(KTEPS) 9813.30
2023-10-14 03:47:46,715 - tune.py [line:103] - INFO: Epoch 00520 | Time(s) 0.0643 | Val Loss 2.8828 | Val Acc 0.7011 | ETputs(KTEPS) 9764.53
2023-10-14 03:47:48,108 - tune.py [line:103] - INFO: Epoch 00540 | Time(s) 0.0645 | Val Loss 2.9155 | Val Acc 0.6857 | ETputs(KTEPS) 9734.54
2023-10-14 03:47:49,469 - tune.py [line:103] - INFO: Epoch 00560 | Time(s) 0.0646 | Val Loss 2.8069 | Val Acc 0.6989 | ETputs(KTEPS) 9715.92
2023-10-14 03:47:50,921 - tune.py [line:103] - INFO: Epoch 00580 | Time(s) 0.0649 | Val Loss 2.8104 | Val Acc 0.7033 | ETputs(KTEPS) 9674.59
2023-10-14 03:47:52,354 - tune.py [line:103] - INFO: Epoch 00600 | Time(s) 0.0651 | Val Loss 2.8323 | Val Acc 0.6923 | ETputs(KTEPS) 9641.60
2023-10-14 03:47:53,825 - tune.py [line:103] - INFO: Epoch 00620 | Time(s) 0.0653 | Val Loss 2.8451 | Val Acc 0.6967 | ETputs(KTEPS) 9601.48
2023-10-14 03:47:55,226 - tune.py [line:103] - INFO: Epoch 00640 | Time(s) 0.0655 | Val Loss 2.9714 | Val Acc 0.7033 | ETputs(KTEPS) 9580.23
2023-10-14 03:47:56,716 - tune.py [line:103] - INFO: Epoch 00660 | Time(s) 0.0658 | Val Loss 2.9124 | Val Acc 0.6989 | ETputs(KTEPS) 9540.48
2023-10-14 03:47:58,178 - tune.py [line:103] - INFO: Epoch 00680 | Time(s) 0.0660 | Val Loss 3.0628 | Val Acc 0.6923 | ETputs(KTEPS) 9509.46
2023-10-14 03:47:59,583 - tune.py [line:103] - INFO: Epoch 00700 | Time(s) 0.0661 | Val Loss 3.0502 | Val Acc 0.6901 | ETputs(KTEPS) 9492.17
2023-10-14 03:48:01,000 - tune.py [line:103] - INFO: Epoch 00720 | Time(s) 0.0662 | Val Loss 2.9408 | Val Acc 0.6945 | ETputs(KTEPS) 9473.25
2023-10-14 03:48:02,408 - tune.py [line:103] - INFO: Epoch 00740 | Time(s) 0.0663 | Val Loss 2.9949 | Val Acc 0.6945 | ETputs(KTEPS) 9457.38
2023-10-14 03:48:03,809 - tune.py [line:103] - INFO: Epoch 00760 | Time(s) 0.0664 | Val Loss 2.9100 | Val Acc 0.6923 | ETputs(KTEPS) 9443.51
2023-10-14 03:48:05,279 - tune.py [line:103] - INFO: Epoch 00780 | Time(s) 0.0666 | Val Loss 3.0437 | Val Acc 0.6901 | ETputs(KTEPS) 9417.96
2023-10-14 03:48:06,689 - tune.py [line:103] - INFO: Epoch 00800 | Time(s) 0.0667 | Val Loss 3.0430 | Val Acc 0.6857 | ETputs(KTEPS) 9404.44
2023-10-14 03:48:08,208 - tune.py [line:103] - INFO: Epoch 00820 | Time(s) 0.0669 | Val Loss 3.0801 | Val Acc 0.6967 | ETputs(KTEPS) 9372.79
2023-10-14 03:48:09,622 - tune.py [line:103] - INFO: Epoch 00840 | Time(s) 0.0670 | Val Loss 3.0430 | Val Acc 0.6989 | ETputs(KTEPS) 9360.47
2023-10-14 03:48:11,030 - tune.py [line:103] - INFO: Epoch 00860 | Time(s) 0.0671 | Val Loss 3.1646 | Val Acc 0.6879 | ETputs(KTEPS) 9349.60
2023-10-14 03:48:12,386 - tune.py [line:103] - INFO: Epoch 00880 | Time(s) 0.0671 | Val Loss 3.0414 | Val Acc 0.6857 | ETputs(KTEPS) 9347.50
2023-10-14 03:48:12,618 - tune.py [line:117] - INFO: [FINAL MODEL] Val accuracy 71.21% \Val loss: 2.8
2023-10-14 03:48:12,651 - tune.py [line:119] - INFO: [FINAL MODEL] Test accuracy 66.30% \Test loss: 2.7
2023-10-14 03:48:12,652 - tune.py [line:144] - INFO: Acc on the first split (Validation Set): 0.7121
2023-10-14 03:48:12,652 - tune.py [line:145] - INFO: Acc on the first split (Test Set): 0.6630
