2023-10-14 03:44:39,125 - tune.py [line:203] - INFO: Namespace(seed=42, model='GPRGNNV2', gpu=1, dataset='geom-chameleon', logging=True, log_detail=True, log_detailedCh=False, id_log=1014014502, optuna_n_trials=202, n_epochs=2000, self_loop=False, udgraph=True, early_stop=True, patience=300, n_hidden=64, n_cv=1, start_cv=0, n_layers=20, lr1=0.05, lr2=0.05, wd1=1e-06, wd2=1e-06, dropout=0.4, dropout2=0.7, alpha=0.9, es_ckpt='woselfloop-geom-chameleon_GPRGNNV2-geom-chameleon_trialNo22')
2023-10-14 03:44:39,853 - tune.py [line:128] - INFO: Split_seeds:[1824]
2023-10-14 03:44:39,854 - tune.py [line:129] - INFO: Model_seeds:[409]
2023-10-14 03:44:41,557 - tune.py [line:103] - INFO: Epoch 00020 | Time(s) 0.0830 | Val Loss 1.2371 | Val Acc 0.5407 | ETputs(KTEPS) 7558.75
2023-10-14 03:44:43,268 - tune.py [line:103] - INFO: Epoch 00040 | Time(s) 0.0838 | Val Loss 1.2352 | Val Acc 0.6154 | ETputs(KTEPS) 7488.90
2023-10-14 03:44:44,971 - tune.py [line:103] - INFO: Epoch 00060 | Time(s) 0.0840 | Val Loss 1.3268 | Val Acc 0.6396 | ETputs(KTEPS) 7467.83
2023-10-14 03:44:46,689 - tune.py [line:103] - INFO: Epoch 00080 | Time(s) 0.0844 | Val Loss 1.3362 | Val Acc 0.6593 | ETputs(KTEPS) 7432.06
2023-10-14 03:44:48,407 - tune.py [line:103] - INFO: Epoch 00100 | Time(s) 0.0847 | Val Loss 1.4688 | Val Acc 0.6484 | ETputs(KTEPS) 7411.46
2023-10-14 03:44:50,120 - tune.py [line:103] - INFO: Epoch 00120 | Time(s) 0.0848 | Val Loss 1.4555 | Val Acc 0.6791 | ETputs(KTEPS) 7398.36
2023-10-14 03:44:51,831 - tune.py [line:103] - INFO: Epoch 00140 | Time(s) 0.0849 | Val Loss 1.4734 | Val Acc 0.6879 | ETputs(KTEPS) 7391.11
2023-10-14 03:44:53,540 - tune.py [line:103] - INFO: Epoch 00160 | Time(s) 0.0850 | Val Loss 1.5330 | Val Acc 0.6747 | ETputs(KTEPS) 7384.94
2023-10-14 03:44:55,253 - tune.py [line:103] - INFO: Epoch 00180 | Time(s) 0.0850 | Val Loss 1.6273 | Val Acc 0.6659 | ETputs(KTEPS) 7381.37
2023-10-14 03:44:56,974 - tune.py [line:103] - INFO: Epoch 00200 | Time(s) 0.0851 | Val Loss 1.5608 | Val Acc 0.7011 | ETputs(KTEPS) 7374.49
2023-10-14 03:44:58,685 - tune.py [line:103] - INFO: Epoch 00220 | Time(s) 0.0851 | Val Loss 1.6262 | Val Acc 0.6989 | ETputs(KTEPS) 7371.51
2023-10-14 03:45:00,405 - tune.py [line:103] - INFO: Epoch 00240 | Time(s) 0.0852 | Val Loss 1.6845 | Val Acc 0.6901 | ETputs(KTEPS) 7365.29
2023-10-14 03:45:02,116 - tune.py [line:103] - INFO: Epoch 00260 | Time(s) 0.0852 | Val Loss 1.6796 | Val Acc 0.6967 | ETputs(KTEPS) 7362.93
2023-10-14 03:45:03,836 - tune.py [line:103] - INFO: Epoch 00280 | Time(s) 0.0853 | Val Loss 1.6334 | Val Acc 0.6967 | ETputs(KTEPS) 7358.78
2023-10-14 03:45:05,539 - tune.py [line:103] - INFO: Epoch 00300 | Time(s) 0.0853 | Val Loss 1.7269 | Val Acc 0.6901 | ETputs(KTEPS) 7359.60
2023-10-14 03:45:07,263 - tune.py [line:103] - INFO: Epoch 00320 | Time(s) 0.0853 | Val Loss 1.7501 | Val Acc 0.7055 | ETputs(KTEPS) 7354.66
2023-10-14 03:45:08,970 - tune.py [line:103] - INFO: Epoch 00340 | Time(s) 0.0853 | Val Loss 1.6932 | Val Acc 0.6923 | ETputs(KTEPS) 7354.49
2023-10-14 03:45:10,684 - tune.py [line:103] - INFO: Epoch 00360 | Time(s) 0.0853 | Val Loss 1.6422 | Val Acc 0.7033 | ETputs(KTEPS) 7352.69
2023-10-14 03:45:12,392 - tune.py [line:103] - INFO: Epoch 00380 | Time(s) 0.0853 | Val Loss 1.6605 | Val Acc 0.6967 | ETputs(KTEPS) 7352.64
2023-10-14 03:45:14,107 - tune.py [line:103] - INFO: Epoch 00400 | Time(s) 0.0854 | Val Loss 1.6702 | Val Acc 0.6989 | ETputs(KTEPS) 7350.78
2023-10-14 03:45:15,812 - tune.py [line:103] - INFO: Epoch 00420 | Time(s) 0.0853 | Val Loss 1.7967 | Val Acc 0.7121 | ETputs(KTEPS) 7351.89
2023-10-14 03:45:17,539 - tune.py [line:103] - INFO: Epoch 00440 | Time(s) 0.0854 | Val Loss 1.6971 | Val Acc 0.7077 | ETputs(KTEPS) 7348.20
2023-10-14 03:45:19,242 - tune.py [line:103] - INFO: Epoch 00460 | Time(s) 0.0854 | Val Loss 1.6803 | Val Acc 0.7011 | ETputs(KTEPS) 7349.06
2023-10-14 03:45:20,957 - tune.py [line:103] - INFO: Epoch 00480 | Time(s) 0.0854 | Val Loss 1.7302 | Val Acc 0.6967 | ETputs(KTEPS) 7347.83
2023-10-14 03:45:22,663 - tune.py [line:103] - INFO: Epoch 00500 | Time(s) 0.0854 | Val Loss 1.7267 | Val Acc 0.6813 | ETputs(KTEPS) 7348.16
2023-10-14 03:45:24,392 - tune.py [line:103] - INFO: Epoch 00520 | Time(s) 0.0854 | Val Loss 1.6656 | Val Acc 0.6989 | ETputs(KTEPS) 7344.68
2023-10-14 03:45:26,111 - tune.py [line:103] - INFO: Epoch 00540 | Time(s) 0.0854 | Val Loss 1.7106 | Val Acc 0.7011 | ETputs(KTEPS) 7343.15
2023-10-14 03:45:27,845 - tune.py [line:103] - INFO: Epoch 00560 | Time(s) 0.0855 | Val Loss 1.7162 | Val Acc 0.7033 | ETputs(KTEPS) 7339.62
2023-10-14 03:45:29,537 - tune.py [line:103] - INFO: Epoch 00580 | Time(s) 0.0855 | Val Loss 1.6732 | Val Acc 0.7099 | ETputs(KTEPS) 7342.33
2023-10-14 03:45:31,231 - tune.py [line:103] - INFO: Epoch 00600 | Time(s) 0.0854 | Val Loss 1.6846 | Val Acc 0.7077 | ETputs(KTEPS) 7344.62
2023-10-14 03:45:32,944 - tune.py [line:103] - INFO: Epoch 00620 | Time(s) 0.0854 | Val Loss 1.7522 | Val Acc 0.6945 | ETputs(KTEPS) 7344.07
2023-10-14 03:45:34,627 - tune.py [line:103] - INFO: Epoch 00640 | Time(s) 0.0854 | Val Loss 1.7068 | Val Acc 0.7143 | ETputs(KTEPS) 7347.59
2023-10-14 03:45:36,323 - tune.py [line:103] - INFO: Epoch 00660 | Time(s) 0.0854 | Val Loss 1.6580 | Val Acc 0.6989 | ETputs(KTEPS) 7349.23
2023-10-14 03:45:38,015 - tune.py [line:103] - INFO: Epoch 00680 | Time(s) 0.0853 | Val Loss 1.6669 | Val Acc 0.6989 | ETputs(KTEPS) 7351.63
2023-10-14 03:45:39,696 - tune.py [line:103] - INFO: Epoch 00700 | Time(s) 0.0853 | Val Loss 1.6840 | Val Acc 0.7165 | ETputs(KTEPS) 7354.82
2023-10-14 03:45:41,408 - tune.py [line:103] - INFO: Epoch 00720 | Time(s) 0.0853 | Val Loss 1.6590 | Val Acc 0.7011 | ETputs(KTEPS) 7354.17
2023-10-14 03:45:42,636 - tune.py [line:103] - INFO: Epoch 00740 | Time(s) 0.0847 | Val Loss 1.6821 | Val Acc 0.7165 | ETputs(KTEPS) 7410.45
2023-10-14 03:45:43,396 - tune.py [line:103] - INFO: Epoch 00760 | Time(s) 0.0834 | Val Loss 1.7382 | Val Acc 0.6989 | ETputs(KTEPS) 7519.59
2023-10-14 03:45:44,218 - tune.py [line:103] - INFO: Epoch 00780 | Time(s) 0.0823 | Val Loss 1.6590 | Val Acc 0.7121 | ETputs(KTEPS) 7619.55
2023-10-14 03:45:45,023 - tune.py [line:103] - INFO: Epoch 00800 | Time(s) 0.0813 | Val Loss 1.7351 | Val Acc 0.6945 | ETputs(KTEPS) 7718.23
2023-10-14 03:45:46,572 - tune.py [line:103] - INFO: Epoch 00820 | Time(s) 0.0812 | Val Loss 1.7073 | Val Acc 0.6923 | ETputs(KTEPS) 7727.26
2023-10-14 03:45:48,287 - tune.py [line:103] - INFO: Epoch 00840 | Time(s) 0.0813 | Val Loss 1.6897 | Val Acc 0.7143 | ETputs(KTEPS) 7717.05
2023-10-14 03:45:50,014 - tune.py [line:103] - INFO: Epoch 00860 | Time(s) 0.0814 | Val Loss 1.7040 | Val Acc 0.6989 | ETputs(KTEPS) 7705.96
2023-10-14 03:45:51,709 - tune.py [line:103] - INFO: Epoch 00880 | Time(s) 0.0815 | Val Loss 1.7603 | Val Acc 0.6989 | ETputs(KTEPS) 7698.86
2023-10-14 03:45:53,404 - tune.py [line:103] - INFO: Epoch 00900 | Time(s) 0.0816 | Val Loss 1.7777 | Val Acc 0.7077 | ETputs(KTEPS) 7692.13
2023-10-14 03:45:55,109 - tune.py [line:103] - INFO: Epoch 00920 | Time(s) 0.0816 | Val Loss 1.7599 | Val Acc 0.7077 | ETputs(KTEPS) 7684.66
2023-10-14 03:45:56,822 - tune.py [line:103] - INFO: Epoch 00940 | Time(s) 0.0817 | Val Loss 1.7460 | Val Acc 0.7099 | ETputs(KTEPS) 7676.74
2023-10-14 03:45:58,522 - tune.py [line:103] - INFO: Epoch 00960 | Time(s) 0.0818 | Val Loss 1.6697 | Val Acc 0.7033 | ETputs(KTEPS) 7670.43
2023-10-14 03:46:00,204 - tune.py [line:103] - INFO: Epoch 00980 | Time(s) 0.0818 | Val Loss 1.6873 | Val Acc 0.7275 | ETputs(KTEPS) 7666.15
2023-10-14 03:46:01,939 - tune.py [line:103] - INFO: Epoch 01000 | Time(s) 0.0819 | Val Loss 1.7640 | Val Acc 0.7033 | ETputs(KTEPS) 7657.09
2023-10-14 03:46:03,631 - tune.py [line:103] - INFO: Epoch 01020 | Time(s) 0.0820 | Val Loss 1.6867 | Val Acc 0.7165 | ETputs(KTEPS) 7652.27
2023-10-14 03:46:05,354 - tune.py [line:103] - INFO: Epoch 01040 | Time(s) 0.0821 | Val Loss 1.7586 | Val Acc 0.7165 | ETputs(KTEPS) 7644.90
2023-10-14 03:46:07,056 - tune.py [line:103] - INFO: Epoch 01060 | Time(s) 0.0821 | Val Loss 1.6491 | Val Acc 0.7011 | ETputs(KTEPS) 7639.58
2023-10-14 03:46:08,026 - tune.py [line:117] - INFO: [FINAL MODEL] Val accuracy 72.75% \Val loss: 1.7
2023-10-14 03:46:08,056 - tune.py [line:119] - INFO: [FINAL MODEL] Test accuracy 71.12% \Test loss: 1.6
2023-10-14 03:46:08,056 - tune.py [line:144] - INFO: Acc on the first split (Validation Set): 0.7275
2023-10-14 03:46:08,056 - tune.py [line:145] - INFO: Acc on the first split (Test Set): 0.7112
