2023-10-14 03:36:45,244 - tune.py [line:203] - INFO: Namespace(seed=42, model='GPRGNNV2', gpu=1, dataset='geom-chameleon', logging=True, log_detail=True, log_detailedCh=False, id_log=1014014502, optuna_n_trials=202, n_epochs=2000, self_loop=False, udgraph=True, early_stop=True, patience=300, n_hidden=64, n_cv=1, start_cv=0, n_layers=16, lr1=0.05, lr2=0.05, wd1=1e-07, wd2=1e-07, dropout=0.3, dropout2=0.8, alpha=0.9, es_ckpt='woselfloop-geom-chameleon_GPRGNNV2-geom-chameleon_trialNo5')
2023-10-14 03:36:46,019 - tune.py [line:128] - INFO: Split_seeds:[1824]
2023-10-14 03:36:46,019 - tune.py [line:129] - INFO: Model_seeds:[409]
2023-10-14 03:36:47,428 - tune.py [line:103] - INFO: Epoch 00020 | Time(s) 0.0685 | Val Loss 1.2159 | Val Acc 0.5385 | ETputs(KTEPS) 9163.36
2023-10-14 03:36:48,804 - tune.py [line:103] - INFO: Epoch 00040 | Time(s) 0.0685 | Val Loss 1.1980 | Val Acc 0.5956 | ETputs(KTEPS) 9165.12
2023-10-14 03:36:50,394 - tune.py [line:103] - INFO: Epoch 00060 | Time(s) 0.0717 | Val Loss 1.2163 | Val Acc 0.6198 | ETputs(KTEPS) 8753.55
2023-10-14 03:36:51,910 - tune.py [line:103] - INFO: Epoch 00080 | Time(s) 0.0725 | Val Loss 1.2499 | Val Acc 0.6440 | ETputs(KTEPS) 8656.51
2023-10-14 03:36:53,423 - tune.py [line:103] - INFO: Epoch 00100 | Time(s) 0.0731 | Val Loss 1.3003 | Val Acc 0.6549 | ETputs(KTEPS) 8587.61
2023-10-14 03:36:54,909 - tune.py [line:103] - INFO: Epoch 00120 | Time(s) 0.0733 | Val Loss 1.3534 | Val Acc 0.6637 | ETputs(KTEPS) 8563.87
2023-10-14 03:36:56,360 - tune.py [line:103] - INFO: Epoch 00140 | Time(s) 0.0731 | Val Loss 1.3861 | Val Acc 0.6747 | ETputs(KTEPS) 8580.45
2023-10-14 03:36:57,757 - tune.py [line:103] - INFO: Epoch 00160 | Time(s) 0.0727 | Val Loss 1.4033 | Val Acc 0.6725 | ETputs(KTEPS) 8632.31
2023-10-14 03:36:59,145 - tune.py [line:103] - INFO: Epoch 00180 | Time(s) 0.0723 | Val Loss 1.4890 | Val Acc 0.6857 | ETputs(KTEPS) 8678.80
2023-10-14 03:37:00,635 - tune.py [line:103] - INFO: Epoch 00200 | Time(s) 0.0725 | Val Loss 1.5374 | Val Acc 0.7011 | ETputs(KTEPS) 8654.38
2023-10-14 03:37:02,063 - tune.py [line:103] - INFO: Epoch 00220 | Time(s) 0.0724 | Val Loss 1.5065 | Val Acc 0.6857 | ETputs(KTEPS) 8667.37
2023-10-14 03:37:03,398 - tune.py [line:103] - INFO: Epoch 00240 | Time(s) 0.0719 | Val Loss 1.5681 | Val Acc 0.6769 | ETputs(KTEPS) 8724.57
2023-10-14 03:37:04,778 - tune.py [line:103] - INFO: Epoch 00260 | Time(s) 0.0717 | Val Loss 1.5823 | Val Acc 0.6901 | ETputs(KTEPS) 8752.05
2023-10-14 03:37:06,218 - tune.py [line:103] - INFO: Epoch 00280 | Time(s) 0.0717 | Val Loss 1.5593 | Val Acc 0.6901 | ETputs(KTEPS) 8751.89
2023-10-14 03:37:07,540 - tune.py [line:103] - INFO: Epoch 00300 | Time(s) 0.0713 | Val Loss 1.5910 | Val Acc 0.6989 | ETputs(KTEPS) 8798.12
2023-10-14 03:37:08,822 - tune.py [line:103] - INFO: Epoch 00320 | Time(s) 0.0709 | Val Loss 1.6883 | Val Acc 0.6945 | ETputs(KTEPS) 8854.20
2023-10-14 03:37:10,260 - tune.py [line:103] - INFO: Epoch 00340 | Time(s) 0.0709 | Val Loss 1.6287 | Val Acc 0.7055 | ETputs(KTEPS) 8846.72
2023-10-14 03:37:11,600 - tune.py [line:103] - INFO: Epoch 00360 | Time(s) 0.0707 | Val Loss 1.6378 | Val Acc 0.7033 | ETputs(KTEPS) 8874.37
2023-10-14 03:37:12,997 - tune.py [line:103] - INFO: Epoch 00380 | Time(s) 0.0706 | Val Loss 1.6877 | Val Acc 0.7033 | ETputs(KTEPS) 8881.51
2023-10-14 03:37:14,452 - tune.py [line:103] - INFO: Epoch 00400 | Time(s) 0.0707 | Val Loss 1.7102 | Val Acc 0.7143 | ETputs(KTEPS) 8868.49
2023-10-14 03:37:15,913 - tune.py [line:103] - INFO: Epoch 00420 | Time(s) 0.0708 | Val Loss 1.7602 | Val Acc 0.7121 | ETputs(KTEPS) 8855.95
2023-10-14 03:37:17,341 - tune.py [line:103] - INFO: Epoch 00440 | Time(s) 0.0709 | Val Loss 1.7116 | Val Acc 0.7209 | ETputs(KTEPS) 8852.91
2023-10-14 03:37:18,719 - tune.py [line:103] - INFO: Epoch 00460 | Time(s) 0.0708 | Val Loss 1.7658 | Val Acc 0.7011 | ETputs(KTEPS) 8863.89
2023-10-14 03:37:20,107 - tune.py [line:103] - INFO: Epoch 00480 | Time(s) 0.0707 | Val Loss 1.7506 | Val Acc 0.7165 | ETputs(KTEPS) 8871.11
2023-10-14 03:37:21,542 - tune.py [line:103] - INFO: Epoch 00500 | Time(s) 0.0708 | Val Loss 1.7953 | Val Acc 0.7099 | ETputs(KTEPS) 8866.09
2023-10-14 03:37:22,946 - tune.py [line:103] - INFO: Epoch 00520 | Time(s) 0.0707 | Val Loss 1.7865 | Val Acc 0.7165 | ETputs(KTEPS) 8869.11
2023-10-14 03:37:24,396 - tune.py [line:103] - INFO: Epoch 00540 | Time(s) 0.0708 | Val Loss 1.8003 | Val Acc 0.7187 | ETputs(KTEPS) 8861.02
2023-10-14 03:37:25,843 - tune.py [line:103] - INFO: Epoch 00560 | Time(s) 0.0709 | Val Loss 1.8206 | Val Acc 0.7165 | ETputs(KTEPS) 8854.19
2023-10-14 03:37:27,262 - tune.py [line:103] - INFO: Epoch 00580 | Time(s) 0.0709 | Val Loss 1.8256 | Val Acc 0.7055 | ETputs(KTEPS) 8854.04
2023-10-14 03:37:28,703 - tune.py [line:103] - INFO: Epoch 00600 | Time(s) 0.0709 | Val Loss 1.8552 | Val Acc 0.7121 | ETputs(KTEPS) 8849.08
2023-10-14 03:37:30,090 - tune.py [line:103] - INFO: Epoch 00620 | Time(s) 0.0708 | Val Loss 1.8077 | Val Acc 0.7121 | ETputs(KTEPS) 8855.61
2023-10-14 03:37:31,493 - tune.py [line:103] - INFO: Epoch 00640 | Time(s) 0.0708 | Val Loss 1.8358 | Val Acc 0.7231 | ETputs(KTEPS) 8858.33
2023-10-14 03:37:32,953 - tune.py [line:103] - INFO: Epoch 00660 | Time(s) 0.0709 | Val Loss 1.8049 | Val Acc 0.7187 | ETputs(KTEPS) 8850.85
2023-10-14 03:37:34,335 - tune.py [line:103] - INFO: Epoch 00680 | Time(s) 0.0708 | Val Loss 1.8291 | Val Acc 0.7319 | ETputs(KTEPS) 8857.61
2023-10-14 03:37:35,754 - tune.py [line:103] - INFO: Epoch 00700 | Time(s) 0.0708 | Val Loss 1.9208 | Val Acc 0.7143 | ETputs(KTEPS) 8858.27
2023-10-14 03:37:37,170 - tune.py [line:103] - INFO: Epoch 00720 | Time(s) 0.0708 | Val Loss 1.8590 | Val Acc 0.7099 | ETputs(KTEPS) 8858.55
2023-10-14 03:37:38,546 - tune.py [line:103] - INFO: Epoch 00740 | Time(s) 0.0708 | Val Loss 1.8789 | Val Acc 0.7033 | ETputs(KTEPS) 8865.48
2023-10-14 03:37:39,937 - tune.py [line:103] - INFO: Epoch 00760 | Time(s) 0.0707 | Val Loss 1.8929 | Val Acc 0.7231 | ETputs(KTEPS) 8869.46
2023-10-14 03:37:41,284 - tune.py [line:103] - INFO: Epoch 00780 | Time(s) 0.0707 | Val Loss 1.8733 | Val Acc 0.7099 | ETputs(KTEPS) 8880.47
2023-10-14 03:37:42,642 - tune.py [line:103] - INFO: Epoch 00800 | Time(s) 0.0706 | Val Loss 1.9599 | Val Acc 0.7143 | ETputs(KTEPS) 8889.33
2023-10-14 03:37:44,077 - tune.py [line:103] - INFO: Epoch 00820 | Time(s) 0.0706 | Val Loss 1.8804 | Val Acc 0.7297 | ETputs(KTEPS) 8885.77
2023-10-14 03:37:45,505 - tune.py [line:103] - INFO: Epoch 00840 | Time(s) 0.0706 | Val Loss 1.8657 | Val Acc 0.7187 | ETputs(KTEPS) 8884.02
2023-10-14 03:37:47,095 - tune.py [line:103] - INFO: Epoch 00860 | Time(s) 0.0708 | Val Loss 1.8574 | Val Acc 0.7143 | ETputs(KTEPS) 8858.24
2023-10-14 03:37:48,622 - tune.py [line:103] - INFO: Epoch 00880 | Time(s) 0.0710 | Val Loss 1.8685 | Val Acc 0.7099 | ETputs(KTEPS) 8842.57
2023-10-14 03:37:50,144 - tune.py [line:103] - INFO: Epoch 00900 | Time(s) 0.0711 | Val Loss 1.9113 | Val Acc 0.7121 | ETputs(KTEPS) 8828.64
2023-10-14 03:37:51,523 - tune.py [line:103] - INFO: Epoch 00920 | Time(s) 0.0710 | Val Loss 1.8541 | Val Acc 0.7187 | ETputs(KTEPS) 8834.51
2023-10-14 03:37:52,993 - tune.py [line:103] - INFO: Epoch 00940 | Time(s) 0.0711 | Val Loss 1.9020 | Val Acc 0.7253 | ETputs(KTEPS) 8828.00
2023-10-14 03:37:54,414 - tune.py [line:103] - INFO: Epoch 00960 | Time(s) 0.0711 | Val Loss 1.8670 | Val Acc 0.7209 | ETputs(KTEPS) 8828.17
2023-10-14 03:37:55,823 - tune.py [line:103] - INFO: Epoch 00980 | Time(s) 0.0711 | Val Loss 1.9925 | Val Acc 0.7165 | ETputs(KTEPS) 8829.78
2023-10-14 03:37:57,280 - tune.py [line:103] - INFO: Epoch 01000 | Time(s) 0.0711 | Val Loss 1.9489 | Val Acc 0.7165 | ETputs(KTEPS) 8825.51
2023-10-14 03:37:58,692 - tune.py [line:103] - INFO: Epoch 01020 | Time(s) 0.0711 | Val Loss 2.0237 | Val Acc 0.7187 | ETputs(KTEPS) 8826.77
2023-10-14 03:38:00,140 - tune.py [line:103] - INFO: Epoch 01040 | Time(s) 0.0711 | Val Loss 1.9471 | Val Acc 0.7165 | ETputs(KTEPS) 8823.66
2023-10-14 03:38:01,585 - tune.py [line:103] - INFO: Epoch 01060 | Time(s) 0.0711 | Val Loss 1.8998 | Val Acc 0.7143 | ETputs(KTEPS) 8821.09
2023-10-14 03:38:03,032 - tune.py [line:103] - INFO: Epoch 01080 | Time(s) 0.0711 | Val Loss 1.8940 | Val Acc 0.7143 | ETputs(KTEPS) 8818.41
2023-10-14 03:38:04,451 - tune.py [line:103] - INFO: Epoch 01100 | Time(s) 0.0711 | Val Loss 1.8238 | Val Acc 0.7099 | ETputs(KTEPS) 8818.92
2023-10-14 03:38:05,858 - tune.py [line:103] - INFO: Epoch 01120 | Time(s) 0.0711 | Val Loss 1.8108 | Val Acc 0.7055 | ETputs(KTEPS) 8820.73
2023-10-14 03:38:06,374 - tune.py [line:117] - INFO: [FINAL MODEL] Val accuracy 73.63% \Val loss: 1.8
2023-10-14 03:38:06,389 - tune.py [line:119] - INFO: [FINAL MODEL] Test accuracy 71.12% \Test loss: 1.8
2023-10-14 03:38:06,389 - tune.py [line:144] - INFO: Acc on the first split (Validation Set): 0.7363
2023-10-14 03:38:06,389 - tune.py [line:145] - INFO: Acc on the first split (Test Set): 0.7112
