2023-10-14 09:57:11,369 - tune.py [line:201] - INFO: Namespace(seed=42, model='NormalNN', gpu=1, dataset='genius', logging=True, log_detail=True, log_detailedCh=False, id_log=1014014504, optuna_n_trials=202, n_epochs=2000, self_loop=False, udgraph=True, early_stop=True, patience=300, n_hidden=64, n_cv=1, start_cv=0, n_layers=12, lr1=0.005, lr2=0.05, wd1=0.0001, wd2=1e-05, dropout=0.1, dropout2=0.7, es_ckpt='woselfloop-genius_NormalNN-genius_trialNo8')
2023-10-14 09:57:11,629 - tune.py [line:126] - INFO: Split_seeds:[1824]
2023-10-14 09:57:11,629 - tune.py [line:127] - INFO: Model_seeds:[409]
2023-10-14 09:57:34,699 - tune.py [line:101] - INFO: Epoch 00020 | Time(s) 1.1416 | Val Loss 0.6623 | Val Acc 0.5903 | ETputs(KTEPS) 16167.68
2023-10-14 09:57:57,584 - tune.py [line:101] - INFO: Epoch 00040 | Time(s) 1.1429 | Val Loss 0.6233 | Val Acc 0.5301 | ETputs(KTEPS) 16149.58
2023-10-14 09:58:20,736 - tune.py [line:101] - INFO: Epoch 00060 | Time(s) 1.1478 | Val Loss 0.5872 | Val Acc 0.4751 | ETputs(KTEPS) 16080.78
2023-10-14 09:58:43,614 - tune.py [line:101] - INFO: Epoch 00080 | Time(s) 1.1468 | Val Loss 0.5585 | Val Acc 0.4791 | ETputs(KTEPS) 16094.50
2023-10-14 09:59:06,598 - tune.py [line:101] - INFO: Epoch 00100 | Time(s) 1.1473 | Val Loss 0.5384 | Val Acc 0.4953 | ETputs(KTEPS) 16088.11
2023-10-14 09:59:29,650 - tune.py [line:101] - INFO: Epoch 00120 | Time(s) 1.1481 | Val Loss 0.5235 | Val Acc 0.5575 | ETputs(KTEPS) 16075.83
2023-10-14 09:59:52,831 - tune.py [line:101] - INFO: Epoch 00140 | Time(s) 1.1495 | Val Loss 0.5096 | Val Acc 0.6315 | ETputs(KTEPS) 16056.61
2023-10-14 10:00:15,730 - tune.py [line:101] - INFO: Epoch 00160 | Time(s) 1.1487 | Val Loss 0.5008 | Val Acc 0.6795 | ETputs(KTEPS) 16067.83
2023-10-14 10:00:38,700 - tune.py [line:101] - INFO: Epoch 00180 | Time(s) 1.1486 | Val Loss 0.4965 | Val Acc 0.7190 | ETputs(KTEPS) 16069.44
2023-10-14 10:01:01,621 - tune.py [line:101] - INFO: Epoch 00200 | Time(s) 1.1482 | Val Loss 0.4860 | Val Acc 0.7620 | ETputs(KTEPS) 16074.86
2023-10-14 10:01:24,811 - tune.py [line:101] - INFO: Epoch 00220 | Time(s) 1.1491 | Val Loss 0.4799 | Val Acc 0.8113 | ETputs(KTEPS) 16062.52
2023-10-14 10:01:47,652 - tune.py [line:101] - INFO: Epoch 00240 | Time(s) 1.1485 | Val Loss 0.4806 | Val Acc 0.7959 | ETputs(KTEPS) 16070.79
2023-10-14 10:02:10,749 - tune.py [line:101] - INFO: Epoch 00260 | Time(s) 1.1489 | Val Loss 0.4707 | Val Acc 0.8375 | ETputs(KTEPS) 16064.57
2023-10-14 10:02:33,829 - tune.py [line:101] - INFO: Epoch 00280 | Time(s) 1.1493 | Val Loss 0.4663 | Val Acc 0.8465 | ETputs(KTEPS) 16059.76
2023-10-14 10:02:56,907 - tune.py [line:101] - INFO: Epoch 00300 | Time(s) 1.1496 | Val Loss 0.4610 | Val Acc 0.8577 | ETputs(KTEPS) 16055.75
2023-10-14 10:03:19,644 - tune.py [line:101] - INFO: Epoch 00320 | Time(s) 1.1488 | Val Loss 0.4580 | Val Acc 0.8582 | ETputs(KTEPS) 16067.00
2023-10-14 10:03:42,541 - tune.py [line:101] - INFO: Epoch 00340 | Time(s) 1.1485 | Val Loss 0.4552 | Val Acc 0.8617 | ETputs(KTEPS) 16070.26
2023-10-14 10:04:05,364 - tune.py [line:101] - INFO: Epoch 00360 | Time(s) 1.1481 | Val Loss 0.4490 | Val Acc 0.8682 | ETputs(KTEPS) 16076.15
2023-10-14 10:04:28,086 - tune.py [line:101] - INFO: Epoch 00380 | Time(s) 1.1475 | Val Loss 0.4451 | Val Acc 0.8694 | ETputs(KTEPS) 16085.02
2023-10-14 10:04:51,087 - tune.py [line:101] - INFO: Epoch 00400 | Time(s) 1.1476 | Val Loss 0.4415 | Val Acc 0.8691 | ETputs(KTEPS) 16083.32
2023-10-14 10:05:13,852 - tune.py [line:101] - INFO: Epoch 00420 | Time(s) 1.1471 | Val Loss 0.4368 | Val Acc 0.8749 | ETputs(KTEPS) 16090.00
2023-10-14 10:05:36,717 - tune.py [line:101] - INFO: Epoch 00440 | Time(s) 1.1470 | Val Loss 0.4345 | Val Acc 0.8734 | ETputs(KTEPS) 16092.50
2023-10-14 10:05:59,592 - tune.py [line:101] - INFO: Epoch 00460 | Time(s) 1.1468 | Val Loss 0.4330 | Val Acc 0.8700 | ETputs(KTEPS) 16094.46
2023-10-14 10:06:22,329 - tune.py [line:101] - INFO: Epoch 00480 | Time(s) 1.1464 | Val Loss 0.4296 | Val Acc 0.8708 | ETputs(KTEPS) 16100.32
2023-10-14 10:06:45,306 - tune.py [line:101] - INFO: Epoch 00500 | Time(s) 1.1465 | Val Loss 0.4269 | Val Acc 0.8726 | ETputs(KTEPS) 16098.96
2023-10-14 10:07:08,362 - tune.py [line:101] - INFO: Epoch 00520 | Time(s) 1.1467 | Val Loss 0.4241 | Val Acc 0.8734 | ETputs(KTEPS) 16095.58
2023-10-14 10:07:31,411 - tune.py [line:101] - INFO: Epoch 00540 | Time(s) 1.1469 | Val Loss 0.4230 | Val Acc 0.8726 | ETputs(KTEPS) 16092.64
2023-10-14 10:07:54,564 - tune.py [line:101] - INFO: Epoch 00560 | Time(s) 1.1473 | Val Loss 0.4197 | Val Acc 0.8765 | ETputs(KTEPS) 16087.27
2023-10-14 10:08:17,520 - tune.py [line:101] - INFO: Epoch 00580 | Time(s) 1.1473 | Val Loss 0.4189 | Val Acc 0.8747 | ETputs(KTEPS) 16087.09
2023-10-14 10:08:40,445 - tune.py [line:101] - INFO: Epoch 00600 | Time(s) 1.1473 | Val Loss 0.4161 | Val Acc 0.8773 | ETputs(KTEPS) 16087.72
2023-10-14 10:09:03,601 - tune.py [line:101] - INFO: Epoch 00620 | Time(s) 1.1476 | Val Loss 0.4146 | Val Acc 0.8763 | ETputs(KTEPS) 16083.01
2023-10-14 10:09:26,354 - tune.py [line:101] - INFO: Epoch 00640 | Time(s) 1.1473 | Val Loss 0.4134 | Val Acc 0.8768 | ETputs(KTEPS) 16087.42
2023-10-14 10:09:49,092 - tune.py [line:101] - INFO: Epoch 00660 | Time(s) 1.1470 | Val Loss 0.4119 | Val Acc 0.8771 | ETputs(KTEPS) 16091.87
2023-10-14 10:10:12,310 - tune.py [line:101] - INFO: Epoch 00680 | Time(s) 1.1474 | Val Loss 0.4113 | Val Acc 0.8749 | ETputs(KTEPS) 16086.16
2023-10-14 10:10:35,193 - tune.py [line:101] - INFO: Epoch 00700 | Time(s) 1.1473 | Val Loss 0.4074 | Val Acc 0.8820 | ETputs(KTEPS) 16087.48
2023-10-14 10:10:58,119 - tune.py [line:101] - INFO: Epoch 00720 | Time(s) 1.1473 | Val Loss 0.4064 | Val Acc 0.8832 | ETputs(KTEPS) 16087.96
2023-10-14 10:11:21,224 - tune.py [line:101] - INFO: Epoch 00740 | Time(s) 1.1475 | Val Loss 0.4013 | Val Acc 0.8897 | ETputs(KTEPS) 16085.32
2023-10-14 10:11:44,319 - tune.py [line:101] - INFO: Epoch 00760 | Time(s) 1.1477 | Val Loss 0.4055 | Val Acc 0.8801 | ETputs(KTEPS) 16082.68
2023-10-14 10:12:08,411 - tune.py [line:101] - INFO: Epoch 00780 | Time(s) 1.1491 | Val Loss 0.4042 | Val Acc 0.8810 | ETputs(KTEPS) 16062.25
2023-10-14 10:12:31,234 - tune.py [line:101] - INFO: Epoch 00800 | Time(s) 1.1489 | Val Loss 0.4009 | Val Acc 0.8852 | ETputs(KTEPS) 16065.06
2023-10-14 10:12:54,378 - tune.py [line:101] - INFO: Epoch 00820 | Time(s) 1.1491 | Val Loss 0.4021 | Val Acc 0.8834 | ETputs(KTEPS) 16062.24
2023-10-14 10:13:17,552 - tune.py [line:101] - INFO: Epoch 00840 | Time(s) 1.1493 | Val Loss 0.3979 | Val Acc 0.8891 | ETputs(KTEPS) 16059.06
2023-10-14 10:13:40,451 - tune.py [line:101] - INFO: Epoch 00860 | Time(s) 1.1492 | Val Loss 0.4010 | Val Acc 0.8827 | ETputs(KTEPS) 16060.51
2023-10-14 10:14:03,494 - tune.py [line:101] - INFO: Epoch 00880 | Time(s) 1.1493 | Val Loss 0.4006 | Val Acc 0.8839 | ETputs(KTEPS) 16059.59
2023-10-14 10:14:26,335 - tune.py [line:101] - INFO: Epoch 00900 | Time(s) 1.1491 | Val Loss 0.3992 | Val Acc 0.8848 | ETputs(KTEPS) 16061.85
2023-10-14 10:14:49,297 - tune.py [line:101] - INFO: Epoch 00920 | Time(s) 1.1491 | Val Loss 0.4003 | Val Acc 0.8819 | ETputs(KTEPS) 16062.18
2023-10-14 10:15:12,342 - tune.py [line:101] - INFO: Epoch 00940 | Time(s) 1.1492 | Val Loss 0.4034 | Val Acc 0.8728 | ETputs(KTEPS) 16061.27
2023-10-14 10:15:35,700 - tune.py [line:101] - INFO: Epoch 00960 | Time(s) 1.1496 | Val Loss 0.4023 | Val Acc 0.8747 | ETputs(KTEPS) 16055.83
2023-10-14 10:15:58,882 - tune.py [line:101] - INFO: Epoch 00980 | Time(s) 1.1498 | Val Loss 0.4031 | Val Acc 0.8715 | ETputs(KTEPS) 16053.12
2023-10-14 10:16:21,874 - tune.py [line:101] - INFO: Epoch 01000 | Time(s) 1.1498 | Val Loss 0.4036 | Val Acc 0.8687 | ETputs(KTEPS) 16053.18
2023-10-14 10:16:44,805 - tune.py [line:101] - INFO: Epoch 01020 | Time(s) 1.1497 | Val Loss 0.4021 | Val Acc 0.8722 | ETputs(KTEPS) 16054.06
2023-10-14 10:17:07,826 - tune.py [line:101] - INFO: Epoch 01040 | Time(s) 1.1497 | Val Loss 0.4015 | Val Acc 0.8729 | ETputs(KTEPS) 16053.71
2023-10-14 10:17:11,585 - tune.py [line:115] - INFO: [FINAL MODEL] Val accuracy 89.13% \Val loss: 0.4
2023-10-14 10:17:11,904 - tune.py [line:117] - INFO: [FINAL MODEL] Test accuracy 88.98% \Test loss: 0.4
2023-10-14 10:17:11,905 - tune.py [line:142] - INFO: Acc on the first split (Validation Set): 0.8913
2023-10-14 10:17:11,905 - tune.py [line:143] - INFO: Acc on the first split (Test Set): 0.8898
