2023-10-14 09:18:09,450 - tune.py [line:201] - INFO: Namespace(seed=42, model='NormalNN', gpu=1, dataset='genius', logging=True, log_detail=True, log_detailedCh=False, id_log=1014014504, optuna_n_trials=202, n_epochs=2000, self_loop=False, udgraph=True, early_stop=True, patience=300, n_hidden=64, n_cv=1, start_cv=0, n_layers=16, lr1=0.02, lr2=0.05, wd1=1e-08, wd2=0.0001, dropout=0.4, dropout2=0.8, es_ckpt='woselfloop-genius_NormalNN-genius_trialNo5')
2023-10-14 09:18:09,717 - tune.py [line:126] - INFO: Split_seeds:[1824]
2023-10-14 09:18:09,717 - tune.py [line:127] - INFO: Model_seeds:[409]
2023-10-14 09:18:39,546 - tune.py [line:101] - INFO: Epoch 00020 | Time(s) 1.4792 | Val Loss 0.5930 | Val Acc 0.5523 | ETputs(KTEPS) 12477.96
2023-10-14 09:19:09,424 - tune.py [line:101] - INFO: Epoch 00040 | Time(s) 1.4865 | Val Loss 0.5339 | Val Acc 0.4390 | ETputs(KTEPS) 12416.80
2023-10-14 09:19:39,577 - tune.py [line:101] - INFO: Epoch 00060 | Time(s) 1.4935 | Val Loss 0.5112 | Val Acc 0.4284 | ETputs(KTEPS) 12358.30
2023-10-14 09:20:09,318 - tune.py [line:101] - INFO: Epoch 00080 | Time(s) 1.4919 | Val Loss 0.5045 | Val Acc 0.4297 | ETputs(KTEPS) 12371.74
2023-10-14 09:20:39,079 - tune.py [line:101] - INFO: Epoch 00100 | Time(s) 1.4911 | Val Loss 0.5037 | Val Acc 0.4426 | ETputs(KTEPS) 12378.25
2023-10-14 09:21:09,168 - tune.py [line:101] - INFO: Epoch 00120 | Time(s) 1.4933 | Val Loss 0.5061 | Val Acc 0.4232 | ETputs(KTEPS) 12359.89
2023-10-14 09:21:39,171 - tune.py [line:101] - INFO: Epoch 00140 | Time(s) 1.4943 | Val Loss 0.5067 | Val Acc 0.4415 | ETputs(KTEPS) 12351.88
2023-10-14 09:22:09,401 - tune.py [line:101] - INFO: Epoch 00160 | Time(s) 1.4964 | Val Loss 0.5116 | Val Acc 0.4095 | ETputs(KTEPS) 12334.20
2023-10-14 09:22:39,388 - tune.py [line:101] - INFO: Epoch 00180 | Time(s) 1.4967 | Val Loss 0.5082 | Val Acc 0.4636 | ETputs(KTEPS) 12331.64
2023-10-14 09:23:09,273 - tune.py [line:101] - INFO: Epoch 00200 | Time(s) 1.4965 | Val Loss 0.5063 | Val Acc 0.5043 | ETputs(KTEPS) 12333.74
2023-10-14 09:23:39,339 - tune.py [line:101] - INFO: Epoch 00220 | Time(s) 1.4971 | Val Loss 0.5042 | Val Acc 0.5416 | ETputs(KTEPS) 12328.69
2023-10-14 09:24:09,003 - tune.py [line:101] - INFO: Epoch 00240 | Time(s) 1.4959 | Val Loss 0.5071 | Val Acc 0.5229 | ETputs(KTEPS) 12338.28
2023-10-14 09:24:39,035 - tune.py [line:101] - INFO: Epoch 00260 | Time(s) 1.4964 | Val Loss 0.5066 | Val Acc 0.5340 | ETputs(KTEPS) 12334.72
2023-10-14 09:25:09,109 - tune.py [line:101] - INFO: Epoch 00280 | Time(s) 1.4969 | Val Loss 0.5079 | Val Acc 0.5330 | ETputs(KTEPS) 12330.43
2023-10-14 09:25:39,098 - tune.py [line:101] - INFO: Epoch 00300 | Time(s) 1.4970 | Val Loss 0.5082 | Val Acc 0.5480 | ETputs(KTEPS) 12329.22
2023-10-14 09:26:09,068 - tune.py [line:101] - INFO: Epoch 00320 | Time(s) 1.4971 | Val Loss 0.5034 | Val Acc 0.5879 | ETputs(KTEPS) 12328.78
2023-10-14 09:26:38,890 - tune.py [line:101] - INFO: Epoch 00340 | Time(s) 1.4967 | Val Loss 0.4995 | Val Acc 0.6117 | ETputs(KTEPS) 12331.80
2023-10-14 09:27:08,644 - tune.py [line:101] - INFO: Epoch 00360 | Time(s) 1.4962 | Val Loss 0.5039 | Val Acc 0.5955 | ETputs(KTEPS) 12336.05
2023-10-14 09:27:38,604 - tune.py [line:101] - INFO: Epoch 00380 | Time(s) 1.4963 | Val Loss 0.4994 | Val Acc 0.6378 | ETputs(KTEPS) 12335.31
2023-10-14 09:28:08,433 - tune.py [line:101] - INFO: Epoch 00400 | Time(s) 1.4961 | Val Loss 0.5001 | Val Acc 0.6358 | ETputs(KTEPS) 12337.36
2023-10-14 09:28:38,317 - tune.py [line:101] - INFO: Epoch 00420 | Time(s) 1.4960 | Val Loss 0.4994 | Val Acc 0.6397 | ETputs(KTEPS) 12338.16
2023-10-14 09:29:08,327 - tune.py [line:101] - INFO: Epoch 00440 | Time(s) 1.4961 | Val Loss 0.4939 | Val Acc 0.6847 | ETputs(KTEPS) 12336.60
2023-10-14 09:29:38,234 - tune.py [line:101] - INFO: Epoch 00460 | Time(s) 1.4961 | Val Loss 0.4900 | Val Acc 0.6959 | ETputs(KTEPS) 12337.02
2023-10-14 09:30:08,145 - tune.py [line:101] - INFO: Epoch 00480 | Time(s) 1.4961 | Val Loss 0.4876 | Val Acc 0.7157 | ETputs(KTEPS) 12337.34
2023-10-14 09:30:38,322 - tune.py [line:101] - INFO: Epoch 00500 | Time(s) 1.4965 | Val Loss 0.4778 | Val Acc 0.7660 | ETputs(KTEPS) 12333.81
2023-10-14 09:31:08,346 - tune.py [line:101] - INFO: Epoch 00520 | Time(s) 1.4966 | Val Loss 0.4733 | Val Acc 0.7841 | ETputs(KTEPS) 12332.75
2023-10-14 09:31:38,403 - tune.py [line:101] - INFO: Epoch 00540 | Time(s) 1.4968 | Val Loss 0.4684 | Val Acc 0.8025 | ETputs(KTEPS) 12331.31
2023-10-14 09:32:08,136 - tune.py [line:101] - INFO: Epoch 00560 | Time(s) 1.4964 | Val Loss 0.4662 | Val Acc 0.8092 | ETputs(KTEPS) 12334.42
2023-10-14 09:32:38,167 - tune.py [line:101] - INFO: Epoch 00580 | Time(s) 1.4966 | Val Loss 0.4575 | Val Acc 0.8177 | ETputs(KTEPS) 12333.22
2023-10-14 09:33:07,953 - tune.py [line:101] - INFO: Epoch 00600 | Time(s) 1.4963 | Val Loss 0.4546 | Val Acc 0.8243 | ETputs(KTEPS) 12335.55
2023-10-14 09:33:37,733 - tune.py [line:101] - INFO: Epoch 00620 | Time(s) 1.4960 | Val Loss 0.4499 | Val Acc 0.8273 | ETputs(KTEPS) 12337.83
2023-10-14 09:34:07,733 - tune.py [line:101] - INFO: Epoch 00640 | Time(s) 1.4961 | Val Loss 0.4473 | Val Acc 0.8247 | ETputs(KTEPS) 12337.00
2023-10-14 09:34:37,826 - tune.py [line:101] - INFO: Epoch 00660 | Time(s) 1.4964 | Val Loss 0.4420 | Val Acc 0.8285 | ETputs(KTEPS) 12334.88
2023-10-14 09:35:07,943 - tune.py [line:101] - INFO: Epoch 00680 | Time(s) 1.4966 | Val Loss 0.4408 | Val Acc 0.8301 | ETputs(KTEPS) 12332.60
2023-10-14 09:35:37,988 - tune.py [line:101] - INFO: Epoch 00700 | Time(s) 1.4968 | Val Loss 0.4347 | Val Acc 0.8312 | ETputs(KTEPS) 12331.50
2023-10-14 09:36:07,964 - tune.py [line:101] - INFO: Epoch 00720 | Time(s) 1.4968 | Val Loss 0.4316 | Val Acc 0.8336 | ETputs(KTEPS) 12331.12
2023-10-14 09:36:37,974 - tune.py [line:101] - INFO: Epoch 00740 | Time(s) 1.4969 | Val Loss 0.4276 | Val Acc 0.8369 | ETputs(KTEPS) 12330.55
2023-10-14 09:37:07,937 - tune.py [line:101] - INFO: Epoch 00760 | Time(s) 1.4969 | Val Loss 0.4222 | Val Acc 0.8362 | ETputs(KTEPS) 12330.46
2023-10-14 09:37:38,119 - tune.py [line:101] - INFO: Epoch 00780 | Time(s) 1.4972 | Val Loss 0.4208 | Val Acc 0.8350 | ETputs(KTEPS) 12327.91
2023-10-14 09:38:08,192 - tune.py [line:101] - INFO: Epoch 00800 | Time(s) 1.4974 | Val Loss 0.4166 | Val Acc 0.8365 | ETputs(KTEPS) 12326.60
2023-10-14 09:38:37,997 - tune.py [line:101] - INFO: Epoch 00820 | Time(s) 1.4972 | Val Loss 0.4141 | Val Acc 0.8381 | ETputs(KTEPS) 12328.28
2023-10-14 09:39:08,268 - tune.py [line:101] - INFO: Epoch 00840 | Time(s) 1.4975 | Val Loss 0.4128 | Val Acc 0.8381 | ETputs(KTEPS) 12325.23
2023-10-14 09:39:38,368 - tune.py [line:101] - INFO: Epoch 00860 | Time(s) 1.4977 | Val Loss 0.4093 | Val Acc 0.8393 | ETputs(KTEPS) 12323.82
2023-10-14 09:40:08,482 - tune.py [line:101] - INFO: Epoch 00880 | Time(s) 1.4979 | Val Loss 0.4061 | Val Acc 0.8385 | ETputs(KTEPS) 12322.35
2023-10-14 09:40:38,570 - tune.py [line:101] - INFO: Epoch 00900 | Time(s) 1.4980 | Val Loss 0.4050 | Val Acc 0.8388 | ETputs(KTEPS) 12321.23
2023-10-14 09:41:08,625 - tune.py [line:101] - INFO: Epoch 00920 | Time(s) 1.4981 | Val Loss 0.4016 | Val Acc 0.8393 | ETputs(KTEPS) 12320.40
2023-10-14 09:41:38,549 - tune.py [line:101] - INFO: Epoch 00940 | Time(s) 1.4981 | Val Loss 0.4006 | Val Acc 0.8383 | ETputs(KTEPS) 12320.81
2023-10-14 09:42:08,416 - tune.py [line:101] - INFO: Epoch 00960 | Time(s) 1.4980 | Val Loss 0.3966 | Val Acc 0.8369 | ETputs(KTEPS) 12321.64
2023-10-14 09:42:38,268 - tune.py [line:101] - INFO: Epoch 00980 | Time(s) 1.4979 | Val Loss 0.3915 | Val Acc 0.8394 | ETputs(KTEPS) 12322.56
2023-10-14 09:43:08,325 - tune.py [line:101] - INFO: Epoch 01000 | Time(s) 1.4979 | Val Loss 0.3944 | Val Acc 0.8384 | ETputs(KTEPS) 12321.75
2023-10-14 09:43:38,257 - tune.py [line:101] - INFO: Epoch 01020 | Time(s) 1.4979 | Val Loss 0.3909 | Val Acc 0.8407 | ETputs(KTEPS) 12321.98
2023-10-14 09:44:08,415 - tune.py [line:101] - INFO: Epoch 01040 | Time(s) 1.4981 | Val Loss 0.3907 | Val Acc 0.8401 | ETputs(KTEPS) 12320.41
2023-10-14 09:44:38,286 - tune.py [line:101] - INFO: Epoch 01060 | Time(s) 1.4980 | Val Loss 0.3882 | Val Acc 0.8393 | ETputs(KTEPS) 12321.17
2023-10-14 09:45:08,537 - tune.py [line:101] - INFO: Epoch 01080 | Time(s) 1.4983 | Val Loss 0.3874 | Val Acc 0.8428 | ETputs(KTEPS) 12319.02
2023-10-14 09:45:38,379 - tune.py [line:101] - INFO: Epoch 01100 | Time(s) 1.4982 | Val Loss 0.3857 | Val Acc 0.8416 | ETputs(KTEPS) 12319.99
2023-10-14 09:46:08,400 - tune.py [line:101] - INFO: Epoch 01120 | Time(s) 1.4982 | Val Loss 0.3832 | Val Acc 0.8417 | ETputs(KTEPS) 12319.57
2023-10-14 09:46:38,433 - tune.py [line:101] - INFO: Epoch 01140 | Time(s) 1.4983 | Val Loss 0.3811 | Val Acc 0.8413 | ETputs(KTEPS) 12319.19
2023-10-14 09:47:08,525 - tune.py [line:101] - INFO: Epoch 01160 | Time(s) 1.4984 | Val Loss 0.3798 | Val Acc 0.8412 | ETputs(KTEPS) 12318.30
2023-10-14 09:47:38,665 - tune.py [line:101] - INFO: Epoch 01180 | Time(s) 1.4985 | Val Loss 0.3788 | Val Acc 0.8401 | ETputs(KTEPS) 12317.11
2023-10-14 09:48:08,317 - tune.py [line:101] - INFO: Epoch 01200 | Time(s) 1.4982 | Val Loss 0.3795 | Val Acc 0.8422 | ETputs(KTEPS) 12319.29
2023-10-14 09:48:38,098 - tune.py [line:101] - INFO: Epoch 01220 | Time(s) 1.4981 | Val Loss 0.3758 | Val Acc 0.8417 | ETputs(KTEPS) 12320.55
2023-10-14 09:49:08,187 - tune.py [line:101] - INFO: Epoch 01240 | Time(s) 1.4982 | Val Loss 0.3752 | Val Acc 0.8414 | ETputs(KTEPS) 12319.72
2023-10-14 09:49:37,834 - tune.py [line:101] - INFO: Epoch 01260 | Time(s) 1.4979 | Val Loss 0.3745 | Val Acc 0.8417 | ETputs(KTEPS) 12321.79
2023-10-14 09:50:07,759 - tune.py [line:101] - INFO: Epoch 01280 | Time(s) 1.4979 | Val Loss 0.3762 | Val Acc 0.8412 | ETputs(KTEPS) 12322.02
2023-10-14 09:50:37,619 - tune.py [line:101] - INFO: Epoch 01300 | Time(s) 1.4978 | Val Loss 0.3771 | Val Acc 0.8427 | ETputs(KTEPS) 12322.64
2023-10-14 09:51:07,529 - tune.py [line:101] - INFO: Epoch 01320 | Time(s) 1.4978 | Val Loss 0.3734 | Val Acc 0.8431 | ETputs(KTEPS) 12322.95
2023-10-14 09:51:37,458 - tune.py [line:101] - INFO: Epoch 01340 | Time(s) 1.4978 | Val Loss 0.3795 | Val Acc 0.8436 | ETputs(KTEPS) 12323.12
2023-10-14 09:52:07,593 - tune.py [line:101] - INFO: Epoch 01360 | Time(s) 1.4979 | Val Loss 0.3777 | Val Acc 0.8416 | ETputs(KTEPS) 12322.04
2023-10-14 09:52:37,447 - tune.py [line:101] - INFO: Epoch 01380 | Time(s) 1.4978 | Val Loss 0.3774 | Val Acc 0.8414 | ETputs(KTEPS) 12322.66
2023-10-14 09:53:07,451 - tune.py [line:101] - INFO: Epoch 01400 | Time(s) 1.4979 | Val Loss 0.3720 | Val Acc 0.8417 | ETputs(KTEPS) 12322.39
2023-10-14 09:53:37,244 - tune.py [line:101] - INFO: Epoch 01420 | Time(s) 1.4978 | Val Loss 0.3723 | Val Acc 0.8444 | ETputs(KTEPS) 12323.35
2023-10-14 09:53:58,559 - tune.py [line:115] - INFO: [FINAL MODEL] Val accuracy 84.61% \Val loss: 0.38
2023-10-14 09:53:58,971 - tune.py [line:117] - INFO: [FINAL MODEL] Test accuracy 84.79% \Test loss: 0.38
2023-10-14 09:53:58,972 - tune.py [line:142] - INFO: Acc on the first split (Validation Set): 0.8461
2023-10-14 09:53:58,972 - tune.py [line:143] - INFO: Acc on the first split (Test Set): 0.8479
