2023-10-14 10:55:16,753 - tune.py [line:201] - INFO: Namespace(seed=42, model='NormalNN', gpu=1, dataset='genius', logging=True, log_detail=True, log_detailedCh=False, id_log=1014014504, optuna_n_trials=202, n_epochs=2000, self_loop=False, udgraph=True, early_stop=True, patience=300, n_hidden=64, n_cv=1, start_cv=0, n_layers=12, lr1=0.005, lr2=0.03, wd1=0.001, wd2=0.001, dropout=0.0, dropout2=0.3, es_ckpt='woselfloop-genius_NormalNN-genius_trialNo10')
2023-10-14 10:55:17,015 - tune.py [line:126] - INFO: Split_seeds:[1824]
2023-10-14 10:55:17,015 - tune.py [line:127] - INFO: Model_seeds:[409]
2023-10-14 10:55:39,971 - tune.py [line:101] - INFO: Epoch 00020 | Time(s) 1.1362 | Val Loss 0.6681 | Val Acc 0.2487 | ETputs(KTEPS) 16244.93
2023-10-14 10:56:02,563 - tune.py [line:101] - INFO: Epoch 00040 | Time(s) 1.1328 | Val Loss 0.6423 | Val Acc 0.8482 | ETputs(KTEPS) 16293.28
2023-10-14 10:56:25,447 - tune.py [line:101] - INFO: Epoch 00060 | Time(s) 1.1366 | Val Loss 0.6198 | Val Acc 0.8196 | ETputs(KTEPS) 16238.88
2023-10-14 10:56:48,234 - tune.py [line:101] - INFO: Epoch 00080 | Time(s) 1.1373 | Val Loss 0.6004 | Val Acc 0.4509 | ETputs(KTEPS) 16229.36
2023-10-14 10:57:11,155 - tune.py [line:101] - INFO: Epoch 00100 | Time(s) 1.1390 | Val Loss 0.5837 | Val Acc 0.5023 | ETputs(KTEPS) 16204.38
2023-10-14 10:57:33,789 - tune.py [line:101] - INFO: Epoch 00120 | Time(s) 1.1378 | Val Loss 0.5696 | Val Acc 0.5001 | ETputs(KTEPS) 16221.87
2023-10-14 10:57:56,409 - tune.py [line:101] - INFO: Epoch 00140 | Time(s) 1.1368 | Val Loss 0.5575 | Val Acc 0.5001 | ETputs(KTEPS) 16235.87
2023-10-14 10:58:18,929 - tune.py [line:101] - INFO: Epoch 00160 | Time(s) 1.1355 | Val Loss 0.5474 | Val Acc 0.5000 | ETputs(KTEPS) 16255.28
2023-10-14 10:58:41,424 - tune.py [line:101] - INFO: Epoch 00180 | Time(s) 1.1343 | Val Loss 0.5389 | Val Acc 0.5000 | ETputs(KTEPS) 16272.36
2023-10-14 10:59:04,237 - tune.py [line:101] - INFO: Epoch 00200 | Time(s) 1.1349 | Val Loss 0.5318 | Val Acc 0.5000 | ETputs(KTEPS) 16263.25
2023-10-14 10:59:26,913 - tune.py [line:101] - INFO: Epoch 00220 | Time(s) 1.1348 | Val Loss 0.5259 | Val Acc 0.5000 | ETputs(KTEPS) 16264.76
2023-10-14 10:59:49,663 - tune.py [line:101] - INFO: Epoch 00240 | Time(s) 1.1350 | Val Loss 0.5210 | Val Acc 0.5000 | ETputs(KTEPS) 16261.59
2023-10-14 11:00:12,166 - tune.py [line:101] - INFO: Epoch 00260 | Time(s) 1.1343 | Val Loss 0.5170 | Val Acc 0.5000 | ETputs(KTEPS) 16272.51
2023-10-14 11:00:34,883 - tune.py [line:101] - INFO: Epoch 00280 | Time(s) 1.1344 | Val Loss 0.5138 | Val Acc 0.5000 | ETputs(KTEPS) 16270.93
2023-10-14 11:00:57,836 - tune.py [line:101] - INFO: Epoch 00300 | Time(s) 1.1353 | Val Loss 0.5111 | Val Acc 0.5000 | ETputs(KTEPS) 16258.26
2023-10-14 11:01:20,563 - tune.py [line:101] - INFO: Epoch 00320 | Time(s) 1.1353 | Val Loss 0.5089 | Val Acc 0.5000 | ETputs(KTEPS) 16257.32
2023-10-14 11:01:34,626 - tune.py [line:115] - INFO: [FINAL MODEL] Val accuracy 86.18% \Val loss: 0.65
2023-10-14 11:01:34,937 - tune.py [line:117] - INFO: [FINAL MODEL] Test accuracy 86.36% \Test loss: 0.65
2023-10-14 11:01:34,938 - tune.py [line:142] - INFO: Acc on the first split (Validation Set): 0.8618
2023-10-14 11:01:34,938 - tune.py [line:143] - INFO: Acc on the first split (Test Set): 0.8636
