2023-10-14 12:05:16,757 - tune.py [line:201] - INFO: Namespace(seed=42, model='NormalNN', gpu=1, dataset='genius', logging=True, log_detail=True, log_detailedCh=False, id_log=1014014504, optuna_n_trials=202, n_epochs=2000, self_loop=False, udgraph=True, early_stop=True, patience=300, n_hidden=64, n_cv=1, start_cv=0, n_layers=12, lr1=0.005, lr2=0.02, wd1=1e-07, wd2=0.0001, dropout=0.0, dropout2=0.5, es_ckpt='woselfloop-genius_NormalNN-genius_trialNo17')
2023-10-14 12:05:17,026 - tune.py [line:126] - INFO: Split_seeds:[1824]
2023-10-14 12:05:17,026 - tune.py [line:127] - INFO: Model_seeds:[409]
2023-10-14 12:05:40,339 - tune.py [line:101] - INFO: Epoch 00020 | Time(s) 1.1523 | Val Loss 0.6671 | Val Acc 0.6037 | ETputs(KTEPS) 16017.47
2023-10-14 12:06:03,503 - tune.py [line:101] - INFO: Epoch 00040 | Time(s) 1.1548 | Val Loss 0.6391 | Val Acc 0.6544 | ETputs(KTEPS) 15983.52
2023-10-14 12:06:26,445 - tune.py [line:101] - INFO: Epoch 00060 | Time(s) 1.1521 | Val Loss 0.6127 | Val Acc 0.6613 | ETputs(KTEPS) 16020.56
2023-10-14 12:06:49,470 - tune.py [line:101] - INFO: Epoch 00080 | Time(s) 1.1516 | Val Loss 0.5890 | Val Acc 0.6990 | ETputs(KTEPS) 16028.20
2023-10-14 12:07:12,531 - tune.py [line:101] - INFO: Epoch 00100 | Time(s) 1.1516 | Val Loss 0.5683 | Val Acc 0.7396 | ETputs(KTEPS) 16028.14
2023-10-14 12:07:35,391 - tune.py [line:101] - INFO: Epoch 00120 | Time(s) 1.1499 | Val Loss 0.5505 | Val Acc 0.7804 | ETputs(KTEPS) 16051.13
2023-10-14 12:07:58,228 - tune.py [line:101] - INFO: Epoch 00140 | Time(s) 1.1486 | Val Loss 0.5363 | Val Acc 0.7994 | ETputs(KTEPS) 16069.72
2023-10-14 12:08:20,919 - tune.py [line:101] - INFO: Epoch 00160 | Time(s) 1.1467 | Val Loss 0.5246 | Val Acc 0.8253 | ETputs(KTEPS) 16095.92
2023-10-14 12:08:43,920 - tune.py [line:101] - INFO: Epoch 00180 | Time(s) 1.1469 | Val Loss 0.5144 | Val Acc 0.8478 | ETputs(KTEPS) 16093.51
2023-10-14 12:09:06,741 - tune.py [line:101] - INFO: Epoch 00200 | Time(s) 1.1461 | Val Loss 0.5061 | Val Acc 0.8612 | ETputs(KTEPS) 16103.94
2023-10-14 12:09:29,965 - tune.py [line:101] - INFO: Epoch 00220 | Time(s) 1.1474 | Val Loss 0.4991 | Val Acc 0.8708 | ETputs(KTEPS) 16086.46
2023-10-14 12:09:52,916 - tune.py [line:101] - INFO: Epoch 00240 | Time(s) 1.1473 | Val Loss 0.4925 | Val Acc 0.8765 | ETputs(KTEPS) 16087.94
2023-10-14 12:10:16,038 - tune.py [line:101] - INFO: Epoch 00260 | Time(s) 1.1479 | Val Loss 0.4868 | Val Acc 0.8805 | ETputs(KTEPS) 16079.81
2023-10-14 12:10:39,664 - tune.py [line:101] - INFO: Epoch 00280 | Time(s) 1.1501 | Val Loss 0.4817 | Val Acc 0.8841 | ETputs(KTEPS) 16048.27
2023-10-14 12:11:03,027 - tune.py [line:101] - INFO: Epoch 00300 | Time(s) 1.1512 | Val Loss 0.4771 | Val Acc 0.8872 | ETputs(KTEPS) 16033.01
2023-10-14 12:11:25,816 - tune.py [line:101] - INFO: Epoch 00320 | Time(s) 1.1504 | Val Loss 0.4726 | Val Acc 0.8888 | ETputs(KTEPS) 16044.81
2023-10-14 12:11:48,982 - tune.py [line:101] - INFO: Epoch 00340 | Time(s) 1.1508 | Val Loss 0.4688 | Val Acc 0.8903 | ETputs(KTEPS) 16039.41
2023-10-14 12:12:12,124 - tune.py [line:101] - INFO: Epoch 00360 | Time(s) 1.1510 | Val Loss 0.4649 | Val Acc 0.8911 | ETputs(KTEPS) 16035.36
2023-10-14 12:12:35,726 - tune.py [line:101] - INFO: Epoch 00380 | Time(s) 1.1525 | Val Loss 0.4612 | Val Acc 0.8921 | ETputs(KTEPS) 16014.86
2023-10-14 12:12:58,768 - tune.py [line:101] - INFO: Epoch 00400 | Time(s) 1.1525 | Val Loss 0.4577 | Val Acc 0.8924 | ETputs(KTEPS) 16015.66
2023-10-14 12:13:21,647 - tune.py [line:101] - INFO: Epoch 00420 | Time(s) 1.1520 | Val Loss 0.4546 | Val Acc 0.8935 | ETputs(KTEPS) 16022.11
2023-10-14 12:13:44,398 - tune.py [line:101] - INFO: Epoch 00440 | Time(s) 1.1513 | Val Loss 0.4512 | Val Acc 0.8937 | ETputs(KTEPS) 16031.48
2023-10-14 12:14:07,237 - tune.py [line:101] - INFO: Epoch 00460 | Time(s) 1.1509 | Val Loss 0.4478 | Val Acc 0.8942 | ETputs(KTEPS) 16037.57
2023-10-14 12:14:30,274 - tune.py [line:101] - INFO: Epoch 00480 | Time(s) 1.1509 | Val Loss 0.4445 | Val Acc 0.8944 | ETputs(KTEPS) 16037.23
2023-10-14 12:14:53,233 - tune.py [line:101] - INFO: Epoch 00500 | Time(s) 1.1508 | Val Loss 0.4412 | Val Acc 0.8946 | ETputs(KTEPS) 16039.36
2023-10-14 12:15:16,090 - tune.py [line:101] - INFO: Epoch 00520 | Time(s) 1.1504 | Val Loss 0.4383 | Val Acc 0.8949 | ETputs(KTEPS) 16044.12
2023-10-14 12:15:39,415 - tune.py [line:101] - INFO: Epoch 00540 | Time(s) 1.1510 | Val Loss 0.4351 | Val Acc 0.8951 | ETputs(KTEPS) 16036.25
2023-10-14 12:16:02,525 - tune.py [line:101] - INFO: Epoch 00560 | Time(s) 1.1511 | Val Loss 0.4319 | Val Acc 0.8953 | ETputs(KTEPS) 16034.35
2023-10-14 12:16:25,516 - tune.py [line:101] - INFO: Epoch 00580 | Time(s) 1.1510 | Val Loss 0.4290 | Val Acc 0.8955 | ETputs(KTEPS) 16035.35
2023-10-14 12:16:48,469 - tune.py [line:101] - INFO: Epoch 00600 | Time(s) 1.1509 | Val Loss 0.4261 | Val Acc 0.8955 | ETputs(KTEPS) 16037.04
2023-10-14 12:17:11,308 - tune.py [line:101] - INFO: Epoch 00620 | Time(s) 1.1506 | Val Loss 0.4233 | Val Acc 0.8956 | ETputs(KTEPS) 16041.29
2023-10-14 12:17:34,327 - tune.py [line:101] - INFO: Epoch 00640 | Time(s) 1.1506 | Val Loss 0.4206 | Val Acc 0.8957 | ETputs(KTEPS) 16041.44
2023-10-14 12:17:57,197 - tune.py [line:101] - INFO: Epoch 00660 | Time(s) 1.1504 | Val Loss 0.4181 | Val Acc 0.8958 | ETputs(KTEPS) 16044.56
2023-10-14 12:18:20,469 - tune.py [line:101] - INFO: Epoch 00680 | Time(s) 1.1508 | Val Loss 0.4154 | Val Acc 0.8959 | ETputs(KTEPS) 16039.28
2023-10-14 12:18:43,860 - tune.py [line:101] - INFO: Epoch 00700 | Time(s) 1.1513 | Val Loss 0.4130 | Val Acc 0.8960 | ETputs(KTEPS) 16032.11
2023-10-14 12:19:07,093 - tune.py [line:101] - INFO: Epoch 00720 | Time(s) 1.1515 | Val Loss 0.4104 | Val Acc 0.8959 | ETputs(KTEPS) 16028.40
2023-10-14 12:19:30,070 - tune.py [line:101] - INFO: Epoch 00740 | Time(s) 1.1515 | Val Loss 0.4079 | Val Acc 0.8963 | ETputs(KTEPS) 16029.52
2023-10-14 12:19:53,232 - tune.py [line:101] - INFO: Epoch 00760 | Time(s) 1.1516 | Val Loss 0.4054 | Val Acc 0.8963 | ETputs(KTEPS) 16027.20
2023-10-14 12:20:16,259 - tune.py [line:101] - INFO: Epoch 00780 | Time(s) 1.1516 | Val Loss 0.4030 | Val Acc 0.8966 | ETputs(KTEPS) 16027.39
2023-10-14 12:20:39,290 - tune.py [line:101] - INFO: Epoch 00800 | Time(s) 1.1516 | Val Loss 0.4009 | Val Acc 0.8963 | ETputs(KTEPS) 16027.46
2023-10-14 12:21:02,530 - tune.py [line:101] - INFO: Epoch 00820 | Time(s) 1.1519 | Val Loss 0.3987 | Val Acc 0.8966 | ETputs(KTEPS) 16024.05
2023-10-14 12:21:25,616 - tune.py [line:101] - INFO: Epoch 00840 | Time(s) 1.1519 | Val Loss 0.3967 | Val Acc 0.8967 | ETputs(KTEPS) 16023.33
2023-10-14 12:21:48,711 - tune.py [line:101] - INFO: Epoch 00860 | Time(s) 1.1520 | Val Loss 0.3947 | Val Acc 0.8970 | ETputs(KTEPS) 16022.42
2023-10-14 12:22:11,957 - tune.py [line:101] - INFO: Epoch 00880 | Time(s) 1.1522 | Val Loss 0.3927 | Val Acc 0.8969 | ETputs(KTEPS) 16019.22
2023-10-14 12:22:35,150 - tune.py [line:101] - INFO: Epoch 00900 | Time(s) 1.1524 | Val Loss 0.3911 | Val Acc 0.8969 | ETputs(KTEPS) 16016.95
2023-10-14 12:22:58,333 - tune.py [line:101] - INFO: Epoch 00920 | Time(s) 1.1525 | Val Loss 0.3891 | Val Acc 0.8971 | ETputs(KTEPS) 16015.09
2023-10-14 12:23:21,239 - tune.py [line:101] - INFO: Epoch 00940 | Time(s) 1.1523 | Val Loss 0.3872 | Val Acc 0.8972 | ETputs(KTEPS) 16017.29
2023-10-14 12:23:44,599 - tune.py [line:101] - INFO: Epoch 00960 | Time(s) 1.1527 | Val Loss 0.3857 | Val Acc 0.8973 | ETputs(KTEPS) 16012.87
2023-10-14 12:24:07,661 - tune.py [line:101] - INFO: Epoch 00980 | Time(s) 1.1527 | Val Loss 0.3843 | Val Acc 0.8973 | ETputs(KTEPS) 16012.79
2023-10-14 12:24:30,762 - tune.py [line:101] - INFO: Epoch 01000 | Time(s) 1.1527 | Val Loss 0.3825 | Val Acc 0.8974 | ETputs(KTEPS) 16012.25
2023-10-14 12:24:54,061 - tune.py [line:101] - INFO: Epoch 01020 | Time(s) 1.1529 | Val Loss 0.3808 | Val Acc 0.8974 | ETputs(KTEPS) 16009.00
2023-10-14 12:25:17,083 - tune.py [line:101] - INFO: Epoch 01040 | Time(s) 1.1529 | Val Loss 0.3789 | Val Acc 0.8976 | ETputs(KTEPS) 16009.52
2023-10-14 12:25:40,039 - tune.py [line:101] - INFO: Epoch 01060 | Time(s) 1.1528 | Val Loss 0.3777 | Val Acc 0.8976 | ETputs(KTEPS) 16010.95
2023-10-14 12:26:03,062 - tune.py [line:101] - INFO: Epoch 01080 | Time(s) 1.1528 | Val Loss 0.3762 | Val Acc 0.8977 | ETputs(KTEPS) 16011.45
2023-10-14 12:26:26,025 - tune.py [line:101] - INFO: Epoch 01100 | Time(s) 1.1527 | Val Loss 0.3747 | Val Acc 0.8977 | ETputs(KTEPS) 16012.65
2023-10-14 12:26:50,359 - tune.py [line:101] - INFO: Epoch 01120 | Time(s) 1.1538 | Val Loss 0.3729 | Val Acc 0.8978 | ETputs(KTEPS) 15996.92
2023-10-14 12:27:13,537 - tune.py [line:101] - INFO: Epoch 01140 | Time(s) 1.1539 | Val Loss 0.3722 | Val Acc 0.8977 | ETputs(KTEPS) 15995.68
2023-10-14 12:27:36,318 - tune.py [line:101] - INFO: Epoch 01160 | Time(s) 1.1536 | Val Loss 0.3707 | Val Acc 0.8979 | ETputs(KTEPS) 15999.29
2023-10-14 12:27:59,143 - tune.py [line:101] - INFO: Epoch 01180 | Time(s) 1.1534 | Val Loss 0.3695 | Val Acc 0.8980 | ETputs(KTEPS) 16002.25
2023-10-14 12:28:22,369 - tune.py [line:101] - INFO: Epoch 01200 | Time(s) 1.1535 | Val Loss 0.3680 | Val Acc 0.8982 | ETputs(KTEPS) 16000.52
2023-10-14 12:28:45,421 - tune.py [line:101] - INFO: Epoch 01220 | Time(s) 1.1535 | Val Loss 0.3668 | Val Acc 0.8983 | ETputs(KTEPS) 16000.76
2023-10-14 12:29:08,683 - tune.py [line:101] - INFO: Epoch 01240 | Time(s) 1.1537 | Val Loss 0.3660 | Val Acc 0.8982 | ETputs(KTEPS) 15998.68
2023-10-14 12:29:32,076 - tune.py [line:101] - INFO: Epoch 01260 | Time(s) 1.1539 | Val Loss 0.3649 | Val Acc 0.8981 | ETputs(KTEPS) 15995.18
2023-10-14 12:29:55,394 - tune.py [line:101] - INFO: Epoch 01280 | Time(s) 1.1541 | Val Loss 0.3635 | Val Acc 0.8982 | ETputs(KTEPS) 15992.60
2023-10-14 12:30:18,728 - tune.py [line:101] - INFO: Epoch 01300 | Time(s) 1.1543 | Val Loss 0.3626 | Val Acc 0.8982 | ETputs(KTEPS) 15990.03
2023-10-14 12:30:42,100 - tune.py [line:101] - INFO: Epoch 01320 | Time(s) 1.1545 | Val Loss 0.3616 | Val Acc 0.8983 | ETputs(KTEPS) 15987.05
2023-10-14 12:31:05,113 - tune.py [line:101] - INFO: Epoch 01340 | Time(s) 1.1545 | Val Loss 0.3604 | Val Acc 0.8983 | ETputs(KTEPS) 15987.86
2023-10-14 12:31:28,253 - tune.py [line:101] - INFO: Epoch 01360 | Time(s) 1.1545 | Val Loss 0.3597 | Val Acc 0.8985 | ETputs(KTEPS) 15987.45
2023-10-14 12:31:51,377 - tune.py [line:101] - INFO: Epoch 01380 | Time(s) 1.1545 | Val Loss 0.3586 | Val Acc 0.8986 | ETputs(KTEPS) 15987.14
2023-10-14 12:32:14,189 - tune.py [line:101] - INFO: Epoch 01400 | Time(s) 1.1543 | Val Loss 0.3579 | Val Acc 0.8982 | ETputs(KTEPS) 15989.90
2023-10-14 12:32:37,158 - tune.py [line:101] - INFO: Epoch 01420 | Time(s) 1.1542 | Val Loss 0.3575 | Val Acc 0.8983 | ETputs(KTEPS) 15991.06
2023-10-14 12:33:00,440 - tune.py [line:101] - INFO: Epoch 01440 | Time(s) 1.1544 | Val Loss 0.3563 | Val Acc 0.8985 | ETputs(KTEPS) 15989.18
2023-10-14 12:33:23,355 - tune.py [line:101] - INFO: Epoch 01460 | Time(s) 1.1542 | Val Loss 0.3555 | Val Acc 0.8985 | ETputs(KTEPS) 15990.83
2023-10-14 12:33:46,486 - tune.py [line:101] - INFO: Epoch 01480 | Time(s) 1.1543 | Val Loss 0.3546 | Val Acc 0.8988 | ETputs(KTEPS) 15990.48
2023-10-14 12:34:09,779 - tune.py [line:101] - INFO: Epoch 01500 | Time(s) 1.1544 | Val Loss 0.3541 | Val Acc 0.8985 | ETputs(KTEPS) 15988.59
2023-10-14 12:34:32,759 - tune.py [line:101] - INFO: Epoch 01520 | Time(s) 1.1543 | Val Loss 0.3531 | Val Acc 0.8986 | ETputs(KTEPS) 15989.59
2023-10-14 12:34:55,991 - tune.py [line:101] - INFO: Epoch 01540 | Time(s) 1.1544 | Val Loss 0.3524 | Val Acc 0.8989 | ETputs(KTEPS) 15988.43
2023-10-14 12:35:19,084 - tune.py [line:101] - INFO: Epoch 01560 | Time(s) 1.1544 | Val Loss 0.3517 | Val Acc 0.8989 | ETputs(KTEPS) 15988.43
2023-10-14 12:35:42,023 - tune.py [line:101] - INFO: Epoch 01580 | Time(s) 1.1543 | Val Loss 0.3506 | Val Acc 0.8991 | ETputs(KTEPS) 15989.78
2023-10-14 12:36:04,872 - tune.py [line:101] - INFO: Epoch 01600 | Time(s) 1.1542 | Val Loss 0.3499 | Val Acc 0.8991 | ETputs(KTEPS) 15991.85
2023-10-14 12:36:27,936 - tune.py [line:101] - INFO: Epoch 01620 | Time(s) 1.1542 | Val Loss 0.3493 | Val Acc 0.8991 | ETputs(KTEPS) 15992.07
2023-10-14 12:36:51,164 - tune.py [line:101] - INFO: Epoch 01640 | Time(s) 1.1542 | Val Loss 0.3484 | Val Acc 0.8992 | ETputs(KTEPS) 15990.88
2023-10-14 12:37:14,519 - tune.py [line:101] - INFO: Epoch 01660 | Time(s) 1.1544 | Val Loss 0.3477 | Val Acc 0.8993 | ETputs(KTEPS) 15988.77
2023-10-14 12:37:37,857 - tune.py [line:101] - INFO: Epoch 01680 | Time(s) 1.1545 | Val Loss 0.3471 | Val Acc 0.8992 | ETputs(KTEPS) 15986.72
2023-10-14 12:38:01,077 - tune.py [line:101] - INFO: Epoch 01700 | Time(s) 1.1546 | Val Loss 0.3467 | Val Acc 0.8992 | ETputs(KTEPS) 15985.68
2023-10-14 12:38:24,696 - tune.py [line:101] - INFO: Epoch 01720 | Time(s) 1.1549 | Val Loss 0.3463 | Val Acc 0.8989 | ETputs(KTEPS) 15981.45
2023-10-14 12:38:47,531 - tune.py [line:101] - INFO: Epoch 01740 | Time(s) 1.1548 | Val Loss 0.3457 | Val Acc 0.8994 | ETputs(KTEPS) 15983.57
2023-10-14 12:39:10,845 - tune.py [line:101] - INFO: Epoch 01760 | Time(s) 1.1549 | Val Loss 0.3450 | Val Acc 0.8992 | ETputs(KTEPS) 15981.90
2023-10-14 12:39:33,918 - tune.py [line:101] - INFO: Epoch 01780 | Time(s) 1.1549 | Val Loss 0.3448 | Val Acc 0.8994 | ETputs(KTEPS) 15982.11
2023-10-14 12:39:57,078 - tune.py [line:101] - INFO: Epoch 01800 | Time(s) 1.1549 | Val Loss 0.3440 | Val Acc 0.8993 | ETputs(KTEPS) 15981.65
2023-10-14 12:40:20,116 - tune.py [line:101] - INFO: Epoch 01820 | Time(s) 1.1549 | Val Loss 0.3435 | Val Acc 0.8996 | ETputs(KTEPS) 15982.13
2023-10-14 12:40:42,884 - tune.py [line:101] - INFO: Epoch 01840 | Time(s) 1.1547 | Val Loss 0.3430 | Val Acc 0.8993 | ETputs(KTEPS) 15984.66
2023-10-14 12:41:05,725 - tune.py [line:101] - INFO: Epoch 01860 | Time(s) 1.1546 | Val Loss 0.3424 | Val Acc 0.8998 | ETputs(KTEPS) 15986.58
2023-10-14 12:41:28,826 - tune.py [line:101] - INFO: Epoch 01880 | Time(s) 1.1546 | Val Loss 0.3419 | Val Acc 0.8996 | ETputs(KTEPS) 15986.54
2023-10-14 12:41:52,356 - tune.py [line:101] - INFO: Epoch 01900 | Time(s) 1.1548 | Val Loss 0.3413 | Val Acc 0.8997 | ETputs(KTEPS) 15983.35
2023-10-14 12:42:15,525 - tune.py [line:101] - INFO: Epoch 01920 | Time(s) 1.1548 | Val Loss 0.3407 | Val Acc 0.8996 | ETputs(KTEPS) 15982.89
2023-10-14 12:42:38,753 - tune.py [line:101] - INFO: Epoch 01940 | Time(s) 1.1549 | Val Loss 0.3402 | Val Acc 0.9000 | ETputs(KTEPS) 15981.96
2023-10-14 12:43:01,748 - tune.py [line:101] - INFO: Epoch 01960 | Time(s) 1.1548 | Val Loss 0.3397 | Val Acc 0.8997 | ETputs(KTEPS) 15982.70
2023-10-14 12:43:24,805 - tune.py [line:101] - INFO: Epoch 01980 | Time(s) 1.1548 | Val Loss 0.3394 | Val Acc 0.8999 | ETputs(KTEPS) 15982.99
2023-10-14 12:43:48,073 - tune.py [line:101] - INFO: Epoch 02000 | Time(s) 1.1549 | Val Loss 0.3395 | Val Acc 0.8997 | ETputs(KTEPS) 15981.81
2023-10-14 12:43:48,393 - tune.py [line:115] - INFO: [FINAL MODEL] Val accuracy 90.01% \Val loss: 0.34
2023-10-14 12:43:48,710 - tune.py [line:117] - INFO: [FINAL MODEL] Test accuracy 89.93% \Test loss: 0.34
2023-10-14 12:43:48,711 - tune.py [line:142] - INFO: Acc on the first split (Validation Set): 0.9001
2023-10-14 12:43:48,711 - tune.py [line:143] - INFO: Acc on the first split (Test Set): 0.8993
