2023-10-14 08:58:31,853 - tune.py [line:201] - INFO: Namespace(seed=42, model='NormalNN', gpu=1, dataset='genius', logging=True, log_detail=True, log_detailedCh=False, id_log=1014014504, optuna_n_trials=202, n_epochs=2000, self_loop=False, udgraph=True, early_stop=True, patience=300, n_hidden=64, n_cv=1, start_cv=0, n_layers=16, lr1=0.0005, lr2=0.04, wd1=1e-06, wd2=1e-05, dropout=0.9, dropout2=0.9, es_ckpt='woselfloop-genius_NormalNN-genius_trialNo1')
2023-10-14 08:58:32,120 - tune.py [line:126] - INFO: Split_seeds:[1824]
2023-10-14 08:58:32,120 - tune.py [line:127] - INFO: Model_seeds:[409]
2023-10-14 08:59:02,432 - tune.py [line:101] - INFO: Epoch 00020 | Time(s) 1.5020 | Val Loss 0.6921 | Val Acc 0.5580 | ETputs(KTEPS) 12288.70
2023-10-14 08:59:32,470 - tune.py [line:101] - INFO: Epoch 00040 | Time(s) 1.5008 | Val Loss 0.6881 | Val Acc 0.5703 | ETputs(KTEPS) 12298.18
2023-10-14 09:00:02,452 - tune.py [line:101] - INFO: Epoch 00060 | Time(s) 1.5002 | Val Loss 0.6843 | Val Acc 0.5560 | ETputs(KTEPS) 12303.18
2023-10-14 09:00:32,410 - tune.py [line:101] - INFO: Epoch 00080 | Time(s) 1.4996 | Val Loss 0.6803 | Val Acc 0.5506 | ETputs(KTEPS) 12308.15
2023-10-14 09:01:02,179 - tune.py [line:101] - INFO: Epoch 00100 | Time(s) 1.4974 | Val Loss 0.6763 | Val Acc 0.5413 | ETputs(KTEPS) 12326.66
2023-10-14 09:01:31,989 - tune.py [line:101] - INFO: Epoch 00120 | Time(s) 1.4962 | Val Loss 0.6720 | Val Acc 0.5279 | ETputs(KTEPS) 12336.12
2023-10-14 09:02:01,948 - tune.py [line:101] - INFO: Epoch 00140 | Time(s) 1.4964 | Val Loss 0.6678 | Val Acc 0.5243 | ETputs(KTEPS) 12334.18
2023-10-14 09:02:31,920 - tune.py [line:101] - INFO: Epoch 00160 | Time(s) 1.4967 | Val Loss 0.6633 | Val Acc 0.5144 | ETputs(KTEPS) 12332.01
2023-10-14 09:03:01,854 - tune.py [line:101] - INFO: Epoch 00180 | Time(s) 1.4967 | Val Loss 0.6591 | Val Acc 0.5031 | ETputs(KTEPS) 12332.09
2023-10-14 09:03:31,888 - tune.py [line:101] - INFO: Epoch 00200 | Time(s) 1.4972 | Val Loss 0.6545 | Val Acc 0.4978 | ETputs(KTEPS) 12328.05
2023-10-14 09:04:01,936 - tune.py [line:101] - INFO: Epoch 00220 | Time(s) 1.4976 | Val Loss 0.6501 | Val Acc 0.4814 | ETputs(KTEPS) 12324.22
2023-10-14 09:04:31,885 - tune.py [line:101] - INFO: Epoch 00240 | Time(s) 1.4976 | Val Loss 0.6454 | Val Acc 0.4650 | ETputs(KTEPS) 12324.38
2023-10-14 09:05:02,339 - tune.py [line:101] - INFO: Epoch 00260 | Time(s) 1.4996 | Val Loss 0.6410 | Val Acc 0.4640 | ETputs(KTEPS) 12308.57
2023-10-14 09:05:32,168 - tune.py [line:101] - INFO: Epoch 00280 | Time(s) 1.4990 | Val Loss 0.6365 | Val Acc 0.4543 | ETputs(KTEPS) 12313.36
2023-10-14 09:06:02,019 - tune.py [line:101] - INFO: Epoch 00300 | Time(s) 1.4985 | Val Loss 0.6322 | Val Acc 0.4541 | ETputs(KTEPS) 12316.89
2023-10-14 09:06:31,784 - tune.py [line:101] - INFO: Epoch 00320 | Time(s) 1.4979 | Val Loss 0.6277 | Val Acc 0.4481 | ETputs(KTEPS) 12322.20
2023-10-14 09:07:01,664 - tune.py [line:101] - INFO: Epoch 00340 | Time(s) 1.4977 | Val Loss 0.6235 | Val Acc 0.4658 | ETputs(KTEPS) 12324.11
2023-10-14 09:07:02,077 - tune.py [line:115] - INFO: [FINAL MODEL] Val accuracy 57.03% \Val loss: 0.69
2023-10-14 09:07:02,486 - tune.py [line:117] - INFO: [FINAL MODEL] Test accuracy 57.62% \Test loss: 0.69
2023-10-14 09:07:02,487 - tune.py [line:142] - INFO: Acc on the first split (Validation Set): 0.5703
2023-10-14 09:07:02,487 - tune.py [line:143] - INFO: Acc on the first split (Test Set): 0.5762
