2023-10-14 09:54:23,574 - tune.py [line:201] - INFO: Namespace(seed=42, model='NormalNN', gpu=1, dataset='genius', logging=True, log_detail=True, log_detailedCh=False, id_log=1014014504, optuna_n_trials=202, n_epochs=2000, self_loop=False, udgraph=True, early_stop=True, patience=300, n_hidden=64, n_cv=1, start_cv=0, n_layers=4, lr1=0.03, lr2=0.01, wd1=1e-08, wd2=1e-05, dropout=0.1, dropout2=0.1, es_ckpt='woselfloop-genius_NormalNN-genius_trialNo7')
2023-10-14 09:54:23,818 - tune.py [line:126] - INFO: Split_seeds:[1824]
2023-10-14 09:54:23,818 - tune.py [line:127] - INFO: Model_seeds:[409]
2023-10-14 09:54:32,967 - tune.py [line:101] - INFO: Epoch 00020 | Time(s) 0.4457 | Val Loss 0.5607 | Val Acc 0.4250 | ETputs(KTEPS) 41411.46
2023-10-14 09:54:41,980 - tune.py [line:101] - INFO: Epoch 00040 | Time(s) 0.4477 | Val Loss 0.5050 | Val Acc 0.7246 | ETputs(KTEPS) 41228.68
2023-10-14 09:54:50,824 - tune.py [line:101] - INFO: Epoch 00060 | Time(s) 0.4456 | Val Loss 0.4867 | Val Acc 0.8207 | ETputs(KTEPS) 41417.15
2023-10-14 09:54:59,669 - tune.py [line:101] - INFO: Epoch 00080 | Time(s) 0.4447 | Val Loss 0.4776 | Val Acc 0.7116 | ETputs(KTEPS) 41506.47
2023-10-14 09:55:08,641 - tune.py [line:101] - INFO: Epoch 00100 | Time(s) 0.4455 | Val Loss 0.4659 | Val Acc 0.7142 | ETputs(KTEPS) 41433.99
2023-10-14 09:55:17,617 - tune.py [line:101] - INFO: Epoch 00120 | Time(s) 0.4460 | Val Loss 0.4578 | Val Acc 0.7134 | ETputs(KTEPS) 41383.31
2023-10-14 09:55:26,497 - tune.py [line:101] - INFO: Epoch 00140 | Time(s) 0.4457 | Val Loss 0.4520 | Val Acc 0.7151 | ETputs(KTEPS) 41410.92
2023-10-14 09:55:35,760 - tune.py [line:101] - INFO: Epoch 00160 | Time(s) 0.4479 | Val Loss 0.4491 | Val Acc 0.7194 | ETputs(KTEPS) 41210.00
2023-10-14 09:55:44,845 - tune.py [line:101] - INFO: Epoch 00180 | Time(s) 0.4486 | Val Loss 0.4540 | Val Acc 0.7118 | ETputs(KTEPS) 41145.76
2023-10-14 09:55:53,855 - tune.py [line:101] - INFO: Epoch 00200 | Time(s) 0.4488 | Val Loss 0.4497 | Val Acc 0.7159 | ETputs(KTEPS) 41128.66
2023-10-14 09:56:02,779 - tune.py [line:101] - INFO: Epoch 00220 | Time(s) 0.4485 | Val Loss 0.4489 | Val Acc 0.7137 | ETputs(KTEPS) 41150.57
2023-10-14 09:56:11,790 - tune.py [line:101] - INFO: Epoch 00240 | Time(s) 0.4487 | Val Loss 0.4459 | Val Acc 0.7208 | ETputs(KTEPS) 41135.54
2023-10-14 09:56:20,877 - tune.py [line:101] - INFO: Epoch 00260 | Time(s) 0.4491 | Val Loss 0.4465 | Val Acc 0.7215 | ETputs(KTEPS) 41096.02
2023-10-14 09:56:29,806 - tune.py [line:101] - INFO: Epoch 00280 | Time(s) 0.4489 | Val Loss 0.4439 | Val Acc 0.7248 | ETputs(KTEPS) 41113.82
2023-10-14 09:56:38,826 - tune.py [line:101] - INFO: Epoch 00300 | Time(s) 0.4491 | Val Loss 0.4469 | Val Acc 0.7216 | ETputs(KTEPS) 41101.61
2023-10-14 09:56:47,961 - tune.py [line:101] - INFO: Epoch 00320 | Time(s) 0.4495 | Val Loss 0.4525 | Val Acc 0.7098 | ETputs(KTEPS) 41058.12
2023-10-14 09:56:57,070 - tune.py [line:101] - INFO: Epoch 00340 | Time(s) 0.4499 | Val Loss 0.4517 | Val Acc 0.7215 | ETputs(KTEPS) 41026.56
2023-10-14 09:57:06,070 - tune.py [line:101] - INFO: Epoch 00360 | Time(s) 0.4499 | Val Loss 0.4549 | Val Acc 0.7063 | ETputs(KTEPS) 41026.15
2023-10-14 09:57:11,120 - tune.py [line:115] - INFO: [FINAL MODEL] Val accuracy 84.78% \Val loss: 0.48
2023-10-14 09:57:11,252 - tune.py [line:117] - INFO: [FINAL MODEL] Test accuracy 84.68% \Test loss: 0.48
2023-10-14 09:57:11,253 - tune.py [line:142] - INFO: Acc on the first split (Validation Set): 0.8478
2023-10-14 09:57:11,253 - tune.py [line:143] - INFO: Acc on the first split (Test Set): 0.8468
