2023-10-14 11:03:26,795 - tune.py [line:201] - INFO: Namespace(seed=42, model='NormalNN', gpu=1, dataset='genius', logging=True, log_detail=True, log_detailedCh=False, id_log=1014014504, optuna_n_trials=202, n_epochs=2000, self_loop=False, udgraph=True, early_stop=True, patience=300, n_hidden=64, n_cv=1, start_cv=0, n_layers=20, lr1=0.03, lr2=0.04, wd1=1e-07, wd2=0.0001, dropout=0.0, dropout2=0.5, es_ckpt='woselfloop-genius_NormalNN-genius_trialNo16')
2023-10-14 11:03:27,058 - tune.py [line:126] - INFO: Split_seeds:[1824]
2023-10-14 11:03:27,058 - tune.py [line:127] - INFO: Model_seeds:[409]
2023-10-14 11:04:04,421 - tune.py [line:101] - INFO: Epoch 00020 | Time(s) 1.8552 | Val Loss 0.5555 | Val Acc 0.7392 | ETputs(KTEPS) 9948.96
2023-10-14 11:04:41,644 - tune.py [line:101] - INFO: Epoch 00040 | Time(s) 1.8571 | Val Loss 0.4954 | Val Acc 0.8662 | ETputs(KTEPS) 9938.93
2023-10-14 11:05:18,708 - tune.py [line:101] - INFO: Epoch 00060 | Time(s) 1.8553 | Val Loss 0.4640 | Val Acc 0.8910 | ETputs(KTEPS) 9948.65
2023-10-14 11:05:56,174 - tune.py [line:101] - INFO: Epoch 00080 | Time(s) 1.8594 | Val Loss 0.4309 | Val Acc 0.8958 | ETputs(KTEPS) 9926.30
2023-10-14 11:06:33,138 - tune.py [line:101] - INFO: Epoch 00100 | Time(s) 1.8570 | Val Loss 0.3979 | Val Acc 0.8966 | ETputs(KTEPS) 9939.47
2023-10-14 11:07:10,129 - tune.py [line:101] - INFO: Epoch 00120 | Time(s) 1.8557 | Val Loss 0.3705 | Val Acc 0.8960 | ETputs(KTEPS) 9946.14
2023-10-14 11:07:47,011 - tune.py [line:101] - INFO: Epoch 00140 | Time(s) 1.8541 | Val Loss 0.3540 | Val Acc 0.8959 | ETputs(KTEPS) 9955.09
2023-10-14 11:08:24,420 - tune.py [line:101] - INFO: Epoch 00160 | Time(s) 1.8561 | Val Loss 0.3425 | Val Acc 0.8961 | ETputs(KTEPS) 9944.13
2023-10-14 11:09:01,645 - tune.py [line:101] - INFO: Epoch 00180 | Time(s) 1.8567 | Val Loss 0.3345 | Val Acc 0.8965 | ETputs(KTEPS) 9941.10
2023-10-14 11:09:39,056 - tune.py [line:101] - INFO: Epoch 00200 | Time(s) 1.8581 | Val Loss 0.3296 | Val Acc 0.8967 | ETputs(KTEPS) 9933.70
2023-10-14 11:10:15,952 - tune.py [line:101] - INFO: Epoch 00220 | Time(s) 1.8568 | Val Loss 0.3261 | Val Acc 0.8972 | ETputs(KTEPS) 9940.18
2023-10-14 11:10:53,290 - tune.py [line:101] - INFO: Epoch 00240 | Time(s) 1.8577 | Val Loss 0.3249 | Val Acc 0.8974 | ETputs(KTEPS) 9935.83
2023-10-14 11:11:30,396 - tune.py [line:101] - INFO: Epoch 00260 | Time(s) 1.8575 | Val Loss 0.3203 | Val Acc 0.8975 | ETputs(KTEPS) 9936.88
2023-10-14 11:12:07,491 - tune.py [line:101] - INFO: Epoch 00280 | Time(s) 1.8573 | Val Loss 0.3209 | Val Acc 0.8980 | ETputs(KTEPS) 9937.93
2023-10-14 11:12:44,571 - tune.py [line:101] - INFO: Epoch 00300 | Time(s) 1.8570 | Val Loss 0.3191 | Val Acc 0.8982 | ETputs(KTEPS) 9939.11
2023-10-14 11:13:21,382 - tune.py [line:101] - INFO: Epoch 00320 | Time(s) 1.8560 | Val Loss 0.3175 | Val Acc 0.8983 | ETputs(KTEPS) 9944.66
2023-10-14 11:13:58,513 - tune.py [line:101] - INFO: Epoch 00340 | Time(s) 1.8560 | Val Loss 0.3175 | Val Acc 0.8986 | ETputs(KTEPS) 9944.50
2023-10-14 11:14:35,499 - tune.py [line:101] - INFO: Epoch 00360 | Time(s) 1.8557 | Val Loss 0.3170 | Val Acc 0.8988 | ETputs(KTEPS) 9946.55
2023-10-14 11:15:12,393 - tune.py [line:101] - INFO: Epoch 00380 | Time(s) 1.8551 | Val Loss 0.3165 | Val Acc 0.8992 | ETputs(KTEPS) 9949.68
2023-10-14 11:15:49,021 - tune.py [line:101] - INFO: Epoch 00400 | Time(s) 1.8539 | Val Loss 0.3164 | Val Acc 0.8988 | ETputs(KTEPS) 9956.07
2023-10-14 11:16:25,922 - tune.py [line:101] - INFO: Epoch 00420 | Time(s) 1.8534 | Val Loss 0.3157 | Val Acc 0.8990 | ETputs(KTEPS) 9958.44
2023-10-14 11:17:03,303 - tune.py [line:101] - INFO: Epoch 00440 | Time(s) 1.8541 | Val Loss 0.3153 | Val Acc 0.8993 | ETputs(KTEPS) 9954.69
2023-10-14 11:17:40,548 - tune.py [line:101] - INFO: Epoch 00460 | Time(s) 1.8545 | Val Loss 0.3154 | Val Acc 0.8995 | ETputs(KTEPS) 9952.97
2023-10-14 11:18:17,547 - tune.py [line:101] - INFO: Epoch 00480 | Time(s) 1.8543 | Val Loss 0.3158 | Val Acc 0.8998 | ETputs(KTEPS) 9954.05
2023-10-14 11:18:54,615 - tune.py [line:101] - INFO: Epoch 00500 | Time(s) 1.8542 | Val Loss 0.3150 | Val Acc 0.8999 | ETputs(KTEPS) 9954.31
2023-10-14 11:19:31,720 - tune.py [line:101] - INFO: Epoch 00520 | Time(s) 1.8542 | Val Loss 0.3145 | Val Acc 0.8997 | ETputs(KTEPS) 9954.13
2023-10-14 11:20:08,663 - tune.py [line:101] - INFO: Epoch 00540 | Time(s) 1.8540 | Val Loss 0.3147 | Val Acc 0.9004 | ETputs(KTEPS) 9955.63
2023-10-14 11:20:45,517 - tune.py [line:101] - INFO: Epoch 00560 | Time(s) 1.8536 | Val Loss 0.3152 | Val Acc 0.9001 | ETputs(KTEPS) 9957.80
2023-10-14 11:21:22,726 - tune.py [line:101] - INFO: Epoch 00580 | Time(s) 1.8538 | Val Loss 0.3161 | Val Acc 0.9005 | ETputs(KTEPS) 9956.53
2023-10-14 11:21:59,984 - tune.py [line:101] - INFO: Epoch 00600 | Time(s) 1.8541 | Val Loss 0.3127 | Val Acc 0.9007 | ETputs(KTEPS) 9954.91
2023-10-14 11:22:36,816 - tune.py [line:101] - INFO: Epoch 00620 | Time(s) 1.8537 | Val Loss 0.3154 | Val Acc 0.9007 | ETputs(KTEPS) 9957.08
2023-10-14 11:23:13,844 - tune.py [line:101] - INFO: Epoch 00640 | Time(s) 1.8536 | Val Loss 0.3145 | Val Acc 0.9011 | ETputs(KTEPS) 9957.47
2023-10-14 11:23:50,905 - tune.py [line:101] - INFO: Epoch 00660 | Time(s) 1.8536 | Val Loss 0.3133 | Val Acc 0.9013 | ETputs(KTEPS) 9957.63
2023-10-14 11:24:27,875 - tune.py [line:101] - INFO: Epoch 00680 | Time(s) 1.8534 | Val Loss 0.3135 | Val Acc 0.9014 | ETputs(KTEPS) 9958.50
2023-10-14 11:25:05,135 - tune.py [line:101] - INFO: Epoch 00700 | Time(s) 1.8537 | Val Loss 0.3142 | Val Acc 0.9012 | ETputs(KTEPS) 9957.05
2023-10-14 11:25:42,308 - tune.py [line:101] - INFO: Epoch 00720 | Time(s) 1.8538 | Val Loss 0.3140 | Val Acc 0.9014 | ETputs(KTEPS) 9956.34
2023-10-14 11:26:19,262 - tune.py [line:101] - INFO: Epoch 00740 | Time(s) 1.8536 | Val Loss 0.3134 | Val Acc 0.9015 | ETputs(KTEPS) 9957.32
2023-10-14 11:26:56,399 - tune.py [line:101] - INFO: Epoch 00760 | Time(s) 1.8537 | Val Loss 0.3168 | Val Acc 0.9014 | ETputs(KTEPS) 9956.88
2023-10-14 11:27:33,302 - tune.py [line:101] - INFO: Epoch 00780 | Time(s) 1.8535 | Val Loss 0.3160 | Val Acc 0.9011 | ETputs(KTEPS) 9958.07
2023-10-14 11:28:10,231 - tune.py [line:101] - INFO: Epoch 00800 | Time(s) 1.8533 | Val Loss 0.3135 | Val Acc 0.9016 | ETputs(KTEPS) 9959.03
2023-10-14 11:28:47,140 - tune.py [line:101] - INFO: Epoch 00820 | Time(s) 1.8531 | Val Loss 0.3160 | Val Acc 0.9014 | ETputs(KTEPS) 9960.10
2023-10-14 11:29:24,418 - tune.py [line:101] - INFO: Epoch 00840 | Time(s) 1.8534 | Val Loss 0.3146 | Val Acc 0.9013 | ETputs(KTEPS) 9958.72
2023-10-14 11:30:01,276 - tune.py [line:101] - INFO: Epoch 00860 | Time(s) 1.8531 | Val Loss 0.3140 | Val Acc 0.9018 | ETputs(KTEPS) 9960.05
2023-10-14 11:30:38,514 - tune.py [line:101] - INFO: Epoch 00880 | Time(s) 1.8533 | Val Loss 0.3156 | Val Acc 0.9017 | ETputs(KTEPS) 9958.98
2023-10-14 11:31:15,709 - tune.py [line:101] - INFO: Epoch 00900 | Time(s) 1.8535 | Val Loss 0.3172 | Val Acc 0.9013 | ETputs(KTEPS) 9958.25
2023-10-14 11:31:52,922 - tune.py [line:101] - INFO: Epoch 00920 | Time(s) 1.8536 | Val Loss 0.3156 | Val Acc 0.9018 | ETputs(KTEPS) 9957.43
2023-10-14 11:32:30,012 - tune.py [line:101] - INFO: Epoch 00940 | Time(s) 1.8536 | Val Loss 0.3189 | Val Acc 0.9022 | ETputs(KTEPS) 9957.39
2023-10-14 11:33:07,065 - tune.py [line:101] - INFO: Epoch 00960 | Time(s) 1.8536 | Val Loss 0.3153 | Val Acc 0.9023 | ETputs(KTEPS) 9957.53
2023-10-14 11:33:44,380 - tune.py [line:101] - INFO: Epoch 00980 | Time(s) 1.8539 | Val Loss 0.3156 | Val Acc 0.9024 | ETputs(KTEPS) 9956.22
2023-10-14 11:34:21,460 - tune.py [line:101] - INFO: Epoch 01000 | Time(s) 1.8539 | Val Loss 0.3143 | Val Acc 0.9022 | ETputs(KTEPS) 9956.21
2023-10-14 11:34:58,430 - tune.py [line:101] - INFO: Epoch 01020 | Time(s) 1.8537 | Val Loss 0.3181 | Val Acc 0.9020 | ETputs(KTEPS) 9956.82
2023-10-14 11:35:35,805 - tune.py [line:101] - INFO: Epoch 01040 | Time(s) 1.8540 | Val Loss 0.3185 | Val Acc 0.9018 | ETputs(KTEPS) 9955.27
2023-10-14 11:36:12,951 - tune.py [line:101] - INFO: Epoch 01060 | Time(s) 1.8541 | Val Loss 0.3174 | Val Acc 0.9022 | ETputs(KTEPS) 9954.95
2023-10-14 11:36:50,105 - tune.py [line:101] - INFO: Epoch 01080 | Time(s) 1.8541 | Val Loss 0.3165 | Val Acc 0.9025 | ETputs(KTEPS) 9954.63
2023-10-14 11:37:26,947 - tune.py [line:101] - INFO: Epoch 01100 | Time(s) 1.8539 | Val Loss 0.3151 | Val Acc 0.9022 | ETputs(KTEPS) 9955.82
2023-10-14 11:38:03,831 - tune.py [line:101] - INFO: Epoch 01120 | Time(s) 1.8538 | Val Loss 0.3173 | Val Acc 0.9027 | ETputs(KTEPS) 9956.76
2023-10-14 11:38:40,874 - tune.py [line:101] - INFO: Epoch 01140 | Time(s) 1.8537 | Val Loss 0.3182 | Val Acc 0.9027 | ETputs(KTEPS) 9956.92
2023-10-14 11:39:18,414 - tune.py [line:101] - INFO: Epoch 01160 | Time(s) 1.8541 | Val Loss 0.3178 | Val Acc 0.9025 | ETputs(KTEPS) 9954.77
2023-10-14 11:39:56,025 - tune.py [line:101] - INFO: Epoch 01180 | Time(s) 1.8546 | Val Loss 0.3203 | Val Acc 0.9022 | ETputs(KTEPS) 9952.37
2023-10-14 11:40:33,411 - tune.py [line:101] - INFO: Epoch 01200 | Time(s) 1.8548 | Val Loss 0.3209 | Val Acc 0.9027 | ETputs(KTEPS) 9951.07
2023-10-14 11:41:10,533 - tune.py [line:101] - INFO: Epoch 01220 | Time(s) 1.8548 | Val Loss 0.3191 | Val Acc 0.9029 | ETputs(KTEPS) 9950.96
2023-10-14 11:41:47,479 - tune.py [line:101] - INFO: Epoch 01240 | Time(s) 1.8547 | Val Loss 0.3180 | Val Acc 0.9024 | ETputs(KTEPS) 9951.63
2023-10-14 11:42:24,354 - tune.py [line:101] - INFO: Epoch 01260 | Time(s) 1.8545 | Val Loss 0.3236 | Val Acc 0.9026 | ETputs(KTEPS) 9952.56
2023-10-14 11:43:01,352 - tune.py [line:101] - INFO: Epoch 01280 | Time(s) 1.8545 | Val Loss 0.3217 | Val Acc 0.9032 | ETputs(KTEPS) 9952.97
2023-10-14 11:43:38,360 - tune.py [line:101] - INFO: Epoch 01300 | Time(s) 1.8544 | Val Loss 0.3185 | Val Acc 0.9034 | ETputs(KTEPS) 9953.32
2023-10-14 11:44:15,570 - tune.py [line:101] - INFO: Epoch 01320 | Time(s) 1.8545 | Val Loss 0.3191 | Val Acc 0.9032 | ETputs(KTEPS) 9952.84
2023-10-14 11:44:52,426 - tune.py [line:101] - INFO: Epoch 01340 | Time(s) 1.8543 | Val Loss 0.3190 | Val Acc 0.9036 | ETputs(KTEPS) 9953.78
2023-10-14 11:45:29,783 - tune.py [line:101] - INFO: Epoch 01360 | Time(s) 1.8545 | Val Loss 0.3235 | Val Acc 0.9028 | ETputs(KTEPS) 9952.73
2023-10-14 11:46:06,628 - tune.py [line:101] - INFO: Epoch 01380 | Time(s) 1.8543 | Val Loss 0.3209 | Val Acc 0.9031 | ETputs(KTEPS) 9953.70
2023-10-14 11:46:43,718 - tune.py [line:101] - INFO: Epoch 01400 | Time(s) 1.8543 | Val Loss 0.3235 | Val Acc 0.9026 | ETputs(KTEPS) 9953.69
2023-10-14 11:47:20,636 - tune.py [line:101] - INFO: Epoch 01420 | Time(s) 1.8542 | Val Loss 0.3229 | Val Acc 0.9035 | ETputs(KTEPS) 9954.34
2023-10-14 11:47:57,401 - tune.py [line:101] - INFO: Epoch 01440 | Time(s) 1.8540 | Val Loss 0.3199 | Val Acc 0.9035 | ETputs(KTEPS) 9955.54
2023-10-14 11:48:34,664 - tune.py [line:101] - INFO: Epoch 01460 | Time(s) 1.8541 | Val Loss 0.3215 | Val Acc 0.9038 | ETputs(KTEPS) 9954.89
2023-10-14 11:49:12,019 - tune.py [line:101] - INFO: Epoch 01480 | Time(s) 1.8543 | Val Loss 0.3189 | Val Acc 0.9036 | ETputs(KTEPS) 9953.91
2023-10-14 11:49:49,223 - tune.py [line:101] - INFO: Epoch 01500 | Time(s) 1.8544 | Val Loss 0.3179 | Val Acc 0.9041 | ETputs(KTEPS) 9953.50
2023-10-14 11:50:26,606 - tune.py [line:101] - INFO: Epoch 01520 | Time(s) 1.8545 | Val Loss 0.3191 | Val Acc 0.9042 | ETputs(KTEPS) 9952.47
2023-10-14 11:51:03,762 - tune.py [line:101] - INFO: Epoch 01540 | Time(s) 1.8546 | Val Loss 0.3237 | Val Acc 0.9031 | ETputs(KTEPS) 9952.25
2023-10-14 11:51:40,778 - tune.py [line:101] - INFO: Epoch 01560 | Time(s) 1.8545 | Val Loss 0.3244 | Val Acc 0.9025 | ETputs(KTEPS) 9952.52
2023-10-14 11:52:17,599 - tune.py [line:101] - INFO: Epoch 01580 | Time(s) 1.8544 | Val Loss 0.3232 | Val Acc 0.9034 | ETputs(KTEPS) 9953.45
2023-10-14 11:52:54,428 - tune.py [line:101] - INFO: Epoch 01600 | Time(s) 1.8542 | Val Loss 0.3264 | Val Acc 0.9034 | ETputs(KTEPS) 9954.33
2023-10-14 11:53:31,261 - tune.py [line:101] - INFO: Epoch 01620 | Time(s) 1.8540 | Val Loss 0.3240 | Val Acc 0.9035 | ETputs(KTEPS) 9955.18
2023-10-14 11:54:08,420 - tune.py [line:101] - INFO: Epoch 01640 | Time(s) 1.8541 | Val Loss 0.3226 | Val Acc 0.9040 | ETputs(KTEPS) 9954.93
2023-10-14 11:54:45,174 - tune.py [line:101] - INFO: Epoch 01660 | Time(s) 1.8539 | Val Loss 0.3247 | Val Acc 0.9037 | ETputs(KTEPS) 9955.99
2023-10-14 11:55:22,308 - tune.py [line:101] - INFO: Epoch 01680 | Time(s) 1.8539 | Val Loss 0.3241 | Val Acc 0.9041 | ETputs(KTEPS) 9955.82
2023-10-14 11:55:59,242 - tune.py [line:101] - INFO: Epoch 01700 | Time(s) 1.8538 | Val Loss 0.3241 | Val Acc 0.9043 | ETputs(KTEPS) 9956.28
2023-10-14 11:56:36,333 - tune.py [line:101] - INFO: Epoch 01720 | Time(s) 1.8538 | Val Loss 0.3220 | Val Acc 0.9042 | ETputs(KTEPS) 9956.24
2023-10-14 11:57:13,357 - tune.py [line:101] - INFO: Epoch 01740 | Time(s) 1.8538 | Val Loss 0.3209 | Val Acc 0.9042 | ETputs(KTEPS) 9956.42
2023-10-14 11:57:50,167 - tune.py [line:101] - INFO: Epoch 01760 | Time(s) 1.8537 | Val Loss 0.3227 | Val Acc 0.9042 | ETputs(KTEPS) 9957.24
2023-10-14 11:58:27,118 - tune.py [line:101] - INFO: Epoch 01780 | Time(s) 1.8536 | Val Loss 0.3218 | Val Acc 0.9043 | ETputs(KTEPS) 9957.62
2023-10-14 11:59:04,220 - tune.py [line:101] - INFO: Epoch 01800 | Time(s) 1.8536 | Val Loss 0.3239 | Val Acc 0.9042 | ETputs(KTEPS) 9957.54
2023-10-14 11:59:40,902 - tune.py [line:101] - INFO: Epoch 01820 | Time(s) 1.8534 | Val Loss 0.3262 | Val Acc 0.9037 | ETputs(KTEPS) 9958.69
2023-10-14 12:00:18,025 - tune.py [line:101] - INFO: Epoch 01840 | Time(s) 1.8534 | Val Loss 0.3244 | Val Acc 0.9041 | ETputs(KTEPS) 9958.53
2023-10-14 12:00:55,031 - tune.py [line:101] - INFO: Epoch 01860 | Time(s) 1.8534 | Val Loss 0.3295 | Val Acc 0.9037 | ETputs(KTEPS) 9958.72
2023-10-14 12:01:32,311 - tune.py [line:101] - INFO: Epoch 01880 | Time(s) 1.8535 | Val Loss 0.3261 | Val Acc 0.9042 | ETputs(KTEPS) 9958.11
2023-10-14 12:02:09,569 - tune.py [line:101] - INFO: Epoch 01900 | Time(s) 1.8536 | Val Loss 0.3244 | Val Acc 0.9043 | ETputs(KTEPS) 9957.59
2023-10-14 12:02:46,438 - tune.py [line:101] - INFO: Epoch 01920 | Time(s) 1.8535 | Val Loss 0.3222 | Val Acc 0.9043 | ETputs(KTEPS) 9958.16
2023-10-14 12:03:23,682 - tune.py [line:101] - INFO: Epoch 01940 | Time(s) 1.8536 | Val Loss 0.3232 | Val Acc 0.9046 | ETputs(KTEPS) 9957.68
2023-10-14 12:04:01,090 - tune.py [line:101] - INFO: Epoch 01960 | Time(s) 1.8538 | Val Loss 0.3226 | Val Acc 0.9046 | ETputs(KTEPS) 9956.77
2023-10-14 12:04:38,290 - tune.py [line:101] - INFO: Epoch 01980 | Time(s) 1.8538 | Val Loss 0.3248 | Val Acc 0.9047 | ETputs(KTEPS) 9956.43
2023-10-14 12:05:15,336 - tune.py [line:101] - INFO: Epoch 02000 | Time(s) 1.8538 | Val Loss 0.3246 | Val Acc 0.9043 | ETputs(KTEPS) 9956.52
2023-10-14 12:05:15,845 - tune.py [line:115] - INFO: [FINAL MODEL] Val accuracy 90.48% \Val loss: 0.32
2023-10-14 12:05:16,351 - tune.py [line:117] - INFO: [FINAL MODEL] Test accuracy 90.43% \Test loss: 0.32
2023-10-14 12:05:16,353 - tune.py [line:142] - INFO: Acc on the first split (Validation Set): 0.9048
2023-10-14 12:05:16,353 - tune.py [line:143] - INFO: Acc on the first split (Test Set): 0.9043
