2023-10-13 16:00:29,510 - tune.py [line:203] - INFO: Namespace(seed=42, model='GPRGNN', gpu=0, dataset='geom-chameleon', logging=True, log_detail=True, log_detailedCh=False, id_log=1013014504, optuna_n_trials=202, n_epochs=2000, self_loop=False, udgraph=True, early_stop=True, patience=300, n_hidden=64, n_cv=1, start_cv=0, n_layers=8, lr1=0.05, lr2=0.04, wd1=1e-06, wd2=1e-05, dropout=0.5, dropout2=0.3, alpha=0.9, es_ckpt='woselfloop-geom-chameleon_GPRGNN-geom-chameleon_trialNo31')
2023-10-13 16:00:30,484 - tune.py [line:128] - INFO: Split_seeds:[1824]
2023-10-13 16:00:30,484 - tune.py [line:129] - INFO: Model_seeds:[409]
2023-10-13 16:00:31,368 - tune.py [line:103] - INFO: Epoch 00020 | Time(s) 0.0429 | Val Loss 1.2679 | Val Acc 0.5912 | ETputs(KTEPS) 14627.17
2023-10-13 16:00:32,357 - tune.py [line:103] - INFO: Epoch 00040 | Time(s) 0.0461 | Val Loss 1.7473 | Val Acc 0.5868 | ETputs(KTEPS) 13603.94
2023-10-13 16:00:33,363 - tune.py [line:103] - INFO: Epoch 00060 | Time(s) 0.0475 | Val Loss 1.7719 | Val Acc 0.5780 | ETputs(KTEPS) 13209.95
2023-10-13 16:00:34,455 - tune.py [line:103] - INFO: Epoch 00080 | Time(s) 0.0491 | Val Loss 1.7043 | Val Acc 0.6132 | ETputs(KTEPS) 12768.91
2023-10-13 16:00:35,432 - tune.py [line:103] - INFO: Epoch 00100 | Time(s) 0.0489 | Val Loss 1.7832 | Val Acc 0.6374 | ETputs(KTEPS) 12825.62
2023-10-13 16:00:36,420 - tune.py [line:103] - INFO: Epoch 00120 | Time(s) 0.0489 | Val Loss 1.7162 | Val Acc 0.6440 | ETputs(KTEPS) 12831.58
2023-10-13 16:00:37,565 - tune.py [line:103] - INFO: Epoch 00140 | Time(s) 0.0500 | Val Loss 1.7743 | Val Acc 0.6637 | ETputs(KTEPS) 12553.48
2023-10-13 16:00:38,582 - tune.py [line:103] - INFO: Epoch 00160 | Time(s) 0.0501 | Val Loss 1.7979 | Val Acc 0.6527 | ETputs(KTEPS) 12530.22
2023-10-13 16:00:39,446 - tune.py [line:103] - INFO: Epoch 00180 | Time(s) 0.0493 | Val Loss 1.6868 | Val Acc 0.6813 | ETputs(KTEPS) 12724.45
2023-10-13 16:00:40,424 - tune.py [line:103] - INFO: Epoch 00200 | Time(s) 0.0493 | Val Loss 1.7955 | Val Acc 0.6791 | ETputs(KTEPS) 12738.01
2023-10-13 16:00:41,434 - tune.py [line:103] - INFO: Epoch 00220 | Time(s) 0.0494 | Val Loss 1.6907 | Val Acc 0.6725 | ETputs(KTEPS) 12709.09
2023-10-13 16:00:42,306 - tune.py [line:103] - INFO: Epoch 00240 | Time(s) 0.0489 | Val Loss 1.8392 | Val Acc 0.6725 | ETputs(KTEPS) 12839.79
2023-10-13 16:00:43,305 - tune.py [line:103] - INFO: Epoch 00260 | Time(s) 0.0489 | Val Loss 1.7639 | Val Acc 0.6923 | ETputs(KTEPS) 12820.54
2023-10-13 16:00:44,307 - tune.py [line:103] - INFO: Epoch 00280 | Time(s) 0.0490 | Val Loss 1.7339 | Val Acc 0.6967 | ETputs(KTEPS) 12799.24
2023-10-13 16:00:45,205 - tune.py [line:103] - INFO: Epoch 00300 | Time(s) 0.0487 | Val Loss 1.8534 | Val Acc 0.6879 | ETputs(KTEPS) 12871.66
2023-10-13 16:00:46,217 - tune.py [line:103] - INFO: Epoch 00320 | Time(s) 0.0489 | Val Loss 1.7472 | Val Acc 0.7033 | ETputs(KTEPS) 12841.36
2023-10-13 16:00:47,411 - tune.py [line:103] - INFO: Epoch 00340 | Time(s) 0.0495 | Val Loss 1.8766 | Val Acc 0.6879 | ETputs(KTEPS) 12677.73
2023-10-13 16:00:48,376 - tune.py [line:103] - INFO: Epoch 00360 | Time(s) 0.0494 | Val Loss 1.8350 | Val Acc 0.7011 | ETputs(KTEPS) 12695.59
2023-10-13 16:00:49,304 - tune.py [line:103] - INFO: Epoch 00380 | Time(s) 0.0493 | Val Loss 1.6788 | Val Acc 0.6967 | ETputs(KTEPS) 12738.87
2023-10-13 16:00:50,302 - tune.py [line:103] - INFO: Epoch 00400 | Time(s) 0.0493 | Val Loss 1.7065 | Val Acc 0.6923 | ETputs(KTEPS) 12730.31
2023-10-13 16:00:51,379 - tune.py [line:103] - INFO: Epoch 00420 | Time(s) 0.0495 | Val Loss 1.6802 | Val Acc 0.6967 | ETputs(KTEPS) 12675.03
2023-10-13 16:00:52,221 - tune.py [line:103] - INFO: Epoch 00440 | Time(s) 0.0492 | Val Loss 1.6909 | Val Acc 0.6989 | ETputs(KTEPS) 12761.89
2023-10-13 16:00:53,267 - tune.py [line:103] - INFO: Epoch 00460 | Time(s) 0.0493 | Val Loss 1.7359 | Val Acc 0.7033 | ETputs(KTEPS) 12727.24
2023-10-13 16:00:54,508 - tune.py [line:103] - INFO: Epoch 00480 | Time(s) 0.0498 | Val Loss 1.7362 | Val Acc 0.6879 | ETputs(KTEPS) 12591.90
2023-10-13 16:00:55,390 - tune.py [line:103] - INFO: Epoch 00500 | Time(s) 0.0496 | Val Loss 1.8036 | Val Acc 0.6923 | ETputs(KTEPS) 12650.35
2023-10-13 16:00:56,349 - tune.py [line:103] - INFO: Epoch 00520 | Time(s) 0.0495 | Val Loss 1.7474 | Val Acc 0.6901 | ETputs(KTEPS) 12666.47
2023-10-13 16:00:57,408 - tune.py [line:103] - INFO: Epoch 00540 | Time(s) 0.0497 | Val Loss 1.8249 | Val Acc 0.6901 | ETputs(KTEPS) 12634.74
2023-10-13 16:00:58,417 - tune.py [line:103] - INFO: Epoch 00560 | Time(s) 0.0497 | Val Loss 1.7643 | Val Acc 0.6989 | ETputs(KTEPS) 12627.68
2023-10-13 16:00:59,256 - tune.py [line:103] - INFO: Epoch 00580 | Time(s) 0.0494 | Val Loss 1.6982 | Val Acc 0.7011 | ETputs(KTEPS) 12696.37
2023-10-13 16:01:00,246 - tune.py [line:103] - INFO: Epoch 00600 | Time(s) 0.0494 | Val Loss 1.7777 | Val Acc 0.6989 | ETputs(KTEPS) 12695.56
2023-10-13 16:01:01,333 - tune.py [line:103] - INFO: Epoch 00620 | Time(s) 0.0496 | Val Loss 1.7592 | Val Acc 0.6923 | ETputs(KTEPS) 12655.17
2023-10-13 16:01:02,363 - tune.py [line:103] - INFO: Epoch 00640 | Time(s) 0.0496 | Val Loss 1.6040 | Val Acc 0.6857 | ETputs(KTEPS) 12640.20
2023-10-13 16:01:03,391 - tune.py [line:103] - INFO: Epoch 00660 | Time(s) 0.0497 | Val Loss 1.6895 | Val Acc 0.6945 | ETputs(KTEPS) 12627.69
2023-10-13 16:01:04,415 - tune.py [line:103] - INFO: Epoch 00680 | Time(s) 0.0497 | Val Loss 1.7725 | Val Acc 0.6967 | ETputs(KTEPS) 12616.53
2023-10-13 16:01:05,609 - tune.py [line:103] - INFO: Epoch 00700 | Time(s) 0.0500 | Val Loss 1.6835 | Val Acc 0.6967 | ETputs(KTEPS) 12545.02
2023-10-13 16:01:06,545 - tune.py [line:103] - INFO: Epoch 00720 | Time(s) 0.0499 | Val Loss 1.7680 | Val Acc 0.6813 | ETputs(KTEPS) 12567.58
2023-10-13 16:01:07,440 - tune.py [line:103] - INFO: Epoch 00740 | Time(s) 0.0498 | Val Loss 1.7456 | Val Acc 0.6989 | ETputs(KTEPS) 12603.06
2023-10-13 16:01:08,573 - tune.py [line:103] - INFO: Epoch 00760 | Time(s) 0.0500 | Val Loss 1.6883 | Val Acc 0.7033 | ETputs(KTEPS) 12557.87
2023-10-13 16:01:09,407 - tune.py [line:103] - INFO: Epoch 00780 | Time(s) 0.0498 | Val Loss 1.7165 | Val Acc 0.6945 | ETputs(KTEPS) 12611.40
2023-10-13 16:01:10,408 - tune.py [line:103] - INFO: Epoch 00800 | Time(s) 0.0498 | Val Loss 1.6867 | Val Acc 0.6945 | ETputs(KTEPS) 12609.53
2023-10-13 16:01:11,470 - tune.py [line:103] - INFO: Epoch 00820 | Time(s) 0.0498 | Val Loss 1.7275 | Val Acc 0.6945 | ETputs(KTEPS) 12590.64
2023-10-13 16:01:12,510 - tune.py [line:103] - INFO: Epoch 00840 | Time(s) 0.0499 | Val Loss 1.7448 | Val Acc 0.6879 | ETputs(KTEPS) 12577.98
2023-10-13 16:01:13,411 - tune.py [line:103] - INFO: Epoch 00860 | Time(s) 0.0498 | Val Loss 1.6991 | Val Acc 0.6879 | ETputs(KTEPS) 12606.53
2023-10-13 16:01:14,382 - tune.py [line:103] - INFO: Epoch 00880 | Time(s) 0.0497 | Val Loss 1.6345 | Val Acc 0.6967 | ETputs(KTEPS) 12613.76
2023-10-13 16:01:15,558 - tune.py [line:103] - INFO: Epoch 00900 | Time(s) 0.0499 | Val Loss 1.7222 | Val Acc 0.6923 | ETputs(KTEPS) 12563.07
2023-10-13 16:01:16,341 - tune.py [line:103] - INFO: Epoch 00920 | Time(s) 0.0497 | Val Loss 1.7365 | Val Acc 0.7011 | ETputs(KTEPS) 12622.42
2023-10-13 16:01:17,212 - tune.py [line:103] - INFO: Epoch 00940 | Time(s) 0.0496 | Val Loss 1.7232 | Val Acc 0.6989 | ETputs(KTEPS) 12656.04
2023-10-13 16:01:18,381 - tune.py [line:103] - INFO: Epoch 00960 | Time(s) 0.0498 | Val Loss 1.6600 | Val Acc 0.7121 | ETputs(KTEPS) 12609.03
2023-10-13 16:01:19,262 - tune.py [line:103] - INFO: Epoch 00980 | Time(s) 0.0496 | Val Loss 1.6341 | Val Acc 0.7055 | ETputs(KTEPS) 12638.88
2023-10-13 16:01:20,076 - tune.py [line:103] - INFO: Epoch 01000 | Time(s) 0.0495 | Val Loss 1.6471 | Val Acc 0.7055 | ETputs(KTEPS) 12684.70
2023-10-13 16:01:21,312 - tune.py [line:103] - INFO: Epoch 01020 | Time(s) 0.0497 | Val Loss 1.6502 | Val Acc 0.6967 | ETputs(KTEPS) 12623.17
2023-10-13 16:01:22,375 - tune.py [line:103] - INFO: Epoch 01040 | Time(s) 0.0498 | Val Loss 1.6999 | Val Acc 0.7055 | ETputs(KTEPS) 12606.50
2023-10-13 16:01:23,309 - tune.py [line:103] - INFO: Epoch 01060 | Time(s) 0.0497 | Val Loss 1.7045 | Val Acc 0.7055 | ETputs(KTEPS) 12621.18
2023-10-13 16:01:24,430 - tune.py [line:103] - INFO: Epoch 01080 | Time(s) 0.0498 | Val Loss 1.7809 | Val Acc 0.6901 | ETputs(KTEPS) 12591.65
2023-10-13 16:01:25,500 - tune.py [line:103] - INFO: Epoch 01100 | Time(s) 0.0499 | Val Loss 1.6393 | Val Acc 0.6945 | ETputs(KTEPS) 12574.84
2023-10-13 16:01:26,383 - tune.py [line:117] - INFO: [FINAL MODEL] Val accuracy 71.87% \Val loss: 1.7
2023-10-13 16:01:26,410 - tune.py [line:119] - INFO: [FINAL MODEL] Test accuracy 69.37% \Test loss: 2.0
2023-10-13 16:01:26,410 - tune.py [line:144] - INFO: Acc on the first split (Validation Set): 0.7187
2023-10-13 16:01:26,410 - tune.py [line:145] - INFO: Acc on the first split (Test Set): 0.6937
