2023-10-13 16:27:08,547 - tune.py [line:203] - INFO: Namespace(seed=42, model='GPRGNN', gpu=0, dataset='geom-chameleon', logging=True, log_detail=True, log_detailedCh=False, id_log=1013014504, optuna_n_trials=202, n_epochs=2000, self_loop=False, udgraph=True, early_stop=True, patience=300, n_hidden=64, n_cv=1, start_cv=0, n_layers=16, lr1=0.05, lr2=0.05, wd1=1e-06, wd2=0.0001, dropout=0.5, dropout2=0.4, alpha=0.30000000000000004, es_ckpt='woselfloop-geom-chameleon_GPRGNN-geom-chameleon_trialNo143')
2023-10-13 16:27:09,263 - tune.py [line:128] - INFO: Split_seeds:[1824]
2023-10-13 16:27:09,264 - tune.py [line:129] - INFO: Model_seeds:[409]
2023-10-13 16:27:10,807 - tune.py [line:103] - INFO: Epoch 00020 | Time(s) 0.0758 | Val Loss 1.2375 | Val Acc 0.5626 | ETputs(KTEPS) 8272.56
2023-10-13 16:27:12,366 - tune.py [line:103] - INFO: Epoch 00040 | Time(s) 0.0766 | Val Loss 1.5678 | Val Acc 0.5890 | ETputs(KTEPS) 8187.74
2023-10-13 16:27:13,915 - tune.py [line:103] - INFO: Epoch 00060 | Time(s) 0.0768 | Val Loss 1.5178 | Val Acc 0.6330 | ETputs(KTEPS) 8170.60
2023-10-13 16:27:15,364 - tune.py [line:103] - INFO: Epoch 00080 | Time(s) 0.0756 | Val Loss 1.4661 | Val Acc 0.6286 | ETputs(KTEPS) 8297.64
2023-10-13 16:27:16,918 - tune.py [line:103] - INFO: Epoch 00100 | Time(s) 0.0760 | Val Loss 1.5229 | Val Acc 0.6747 | ETputs(KTEPS) 8259.89
2023-10-13 16:27:18,549 - tune.py [line:103] - INFO: Epoch 00120 | Time(s) 0.0768 | Val Loss 1.4911 | Val Acc 0.6747 | ETputs(KTEPS) 8167.40
2023-10-13 16:27:20,375 - tune.py [line:103] - INFO: Epoch 00140 | Time(s) 0.0789 | Val Loss 1.5119 | Val Acc 0.6879 | ETputs(KTEPS) 7954.04
2023-10-13 16:27:21,958 - tune.py [line:103] - INFO: Epoch 00160 | Time(s) 0.0789 | Val Loss 1.5404 | Val Acc 0.6659 | ETputs(KTEPS) 7955.41
2023-10-13 16:27:23,497 - tune.py [line:103] - INFO: Epoch 00180 | Time(s) 0.0786 | Val Loss 1.4378 | Val Acc 0.6989 | ETputs(KTEPS) 7978.25
2023-10-13 16:27:25,023 - tune.py [line:103] - INFO: Epoch 00200 | Time(s) 0.0784 | Val Loss 1.5262 | Val Acc 0.6791 | ETputs(KTEPS) 8001.95
2023-10-13 16:27:26,531 - tune.py [line:103] - INFO: Epoch 00220 | Time(s) 0.0781 | Val Loss 1.4754 | Val Acc 0.6659 | ETputs(KTEPS) 8030.54
2023-10-13 16:27:28,043 - tune.py [line:103] - INFO: Epoch 00240 | Time(s) 0.0779 | Val Loss 1.5294 | Val Acc 0.6747 | ETputs(KTEPS) 8052.80
2023-10-13 16:27:29,530 - tune.py [line:103] - INFO: Epoch 00260 | Time(s) 0.0776 | Val Loss 1.4784 | Val Acc 0.6835 | ETputs(KTEPS) 8081.15
2023-10-13 16:27:31,083 - tune.py [line:103] - INFO: Epoch 00280 | Time(s) 0.0776 | Val Loss 1.3687 | Val Acc 0.7121 | ETputs(KTEPS) 8081.36
2023-10-13 16:27:32,792 - tune.py [line:103] - INFO: Epoch 00300 | Time(s) 0.0781 | Val Loss 1.4113 | Val Acc 0.7077 | ETputs(KTEPS) 8028.64
2023-10-13 16:27:34,581 - tune.py [line:103] - INFO: Epoch 00320 | Time(s) 0.0789 | Val Loss 1.5269 | Val Acc 0.6879 | ETputs(KTEPS) 7957.06
2023-10-13 16:27:36,098 - tune.py [line:103] - INFO: Epoch 00340 | Time(s) 0.0787 | Val Loss 1.4913 | Val Acc 0.6923 | ETputs(KTEPS) 7974.98
2023-10-13 16:27:37,598 - tune.py [line:103] - INFO: Epoch 00360 | Time(s) 0.0785 | Val Loss 1.4290 | Val Acc 0.6967 | ETputs(KTEPS) 7995.93
2023-10-13 16:27:39,324 - tune.py [line:103] - INFO: Epoch 00380 | Time(s) 0.0789 | Val Loss 1.3470 | Val Acc 0.6945 | ETputs(KTEPS) 7954.31
2023-10-13 16:27:40,981 - tune.py [line:103] - INFO: Epoch 00400 | Time(s) 0.0791 | Val Loss 1.3406 | Val Acc 0.7011 | ETputs(KTEPS) 7934.60
2023-10-13 16:27:42,816 - tune.py [line:103] - INFO: Epoch 00420 | Time(s) 0.0797 | Val Loss 1.3933 | Val Acc 0.6835 | ETputs(KTEPS) 7874.66
2023-10-13 16:27:44,426 - tune.py [line:103] - INFO: Epoch 00440 | Time(s) 0.0797 | Val Loss 1.3578 | Val Acc 0.7055 | ETputs(KTEPS) 7870.93
2023-10-13 16:27:46,005 - tune.py [line:103] - INFO: Epoch 00460 | Time(s) 0.0797 | Val Loss 1.4886 | Val Acc 0.6879 | ETputs(KTEPS) 7874.44
2023-10-13 16:27:47,617 - tune.py [line:103] - INFO: Epoch 00480 | Time(s) 0.0797 | Val Loss 1.4221 | Val Acc 0.6967 | ETputs(KTEPS) 7870.83
2023-10-13 16:27:49,046 - tune.py [line:103] - INFO: Epoch 00500 | Time(s) 0.0794 | Val Loss 1.4389 | Val Acc 0.6923 | ETputs(KTEPS) 7903.63
2023-10-13 16:27:50,605 - tune.py [line:103] - INFO: Epoch 00520 | Time(s) 0.0793 | Val Loss 1.4014 | Val Acc 0.6857 | ETputs(KTEPS) 7909.21
2023-10-13 16:27:52,195 - tune.py [line:103] - INFO: Epoch 00540 | Time(s) 0.0793 | Val Loss 1.4695 | Val Acc 0.6747 | ETputs(KTEPS) 7908.58
2023-10-13 16:27:53,890 - tune.py [line:103] - INFO: Epoch 00560 | Time(s) 0.0795 | Val Loss 1.3269 | Val Acc 0.7077 | ETputs(KTEPS) 7889.49
2023-10-13 16:27:55,387 - tune.py [line:103] - INFO: Epoch 00580 | Time(s) 0.0794 | Val Loss 1.3606 | Val Acc 0.7099 | ETputs(KTEPS) 7906.34
2023-10-13 16:27:56,995 - tune.py [line:103] - INFO: Epoch 00600 | Time(s) 0.0794 | Val Loss 1.4027 | Val Acc 0.6989 | ETputs(KTEPS) 7903.04
2023-10-13 16:27:58,538 - tune.py [line:103] - INFO: Epoch 00620 | Time(s) 0.0793 | Val Loss 1.4581 | Val Acc 0.7033 | ETputs(KTEPS) 7910.31
2023-10-13 16:28:00,001 - tune.py [line:103] - INFO: Epoch 00640 | Time(s) 0.0791 | Val Loss 1.2722 | Val Acc 0.7121 | ETputs(KTEPS) 7929.69
2023-10-13 16:28:01,655 - tune.py [line:103] - INFO: Epoch 00660 | Time(s) 0.0792 | Val Loss 1.4552 | Val Acc 0.7033 | ETputs(KTEPS) 7918.93
2023-10-13 16:28:03,391 - tune.py [line:103] - INFO: Epoch 00680 | Time(s) 0.0795 | Val Loss 1.3749 | Val Acc 0.7121 | ETputs(KTEPS) 7896.96
2023-10-13 16:28:05,046 - tune.py [line:103] - INFO: Epoch 00700 | Time(s) 0.0795 | Val Loss 1.4051 | Val Acc 0.6945 | ETputs(KTEPS) 7887.66
2023-10-13 16:28:06,578 - tune.py [line:103] - INFO: Epoch 00720 | Time(s) 0.0795 | Val Loss 1.4297 | Val Acc 0.6967 | ETputs(KTEPS) 7895.94
2023-10-13 16:28:08,369 - tune.py [line:103] - INFO: Epoch 00740 | Time(s) 0.0797 | Val Loss 1.4753 | Val Acc 0.6945 | ETputs(KTEPS) 7868.94
2023-10-13 16:28:09,906 - tune.py [line:103] - INFO: Epoch 00760 | Time(s) 0.0797 | Val Loss 1.4531 | Val Acc 0.6989 | ETputs(KTEPS) 7876.52
2023-10-13 16:28:11,487 - tune.py [line:103] - INFO: Epoch 00780 | Time(s) 0.0796 | Val Loss 1.5377 | Val Acc 0.7033 | ETputs(KTEPS) 7878.22
2023-10-13 16:28:12,994 - tune.py [line:103] - INFO: Epoch 00800 | Time(s) 0.0795 | Val Loss 1.4622 | Val Acc 0.7033 | ETputs(KTEPS) 7888.93
2023-10-13 16:28:14,620 - tune.py [line:103] - INFO: Epoch 00820 | Time(s) 0.0796 | Val Loss 1.5202 | Val Acc 0.6967 | ETputs(KTEPS) 7884.72
2023-10-13 16:28:16,362 - tune.py [line:103] - INFO: Epoch 00840 | Time(s) 0.0798 | Val Loss 1.4254 | Val Acc 0.7033 | ETputs(KTEPS) 7867.05
2023-10-13 16:28:17,924 - tune.py [line:103] - INFO: Epoch 00860 | Time(s) 0.0797 | Val Loss 1.4148 | Val Acc 0.7011 | ETputs(KTEPS) 7870.89
2023-10-13 16:28:18,212 - tune.py [line:117] - INFO: [FINAL MODEL] Val accuracy 72.09% \Val loss: 1.4
2023-10-13 16:28:18,216 - tune.py [line:119] - INFO: [FINAL MODEL] Test accuracy 69.80% \Test loss: 1.7
2023-10-13 16:28:18,216 - tune.py [line:144] - INFO: Acc on the first split (Validation Set): 0.7209
2023-10-13 16:28:18,216 - tune.py [line:145] - INFO: Acc on the first split (Test Set): 0.6980
