2023-10-13 16:41:47,500 - tune.py [line:203] - INFO: Namespace(seed=42, model='GPRGNN', gpu=0, dataset='geom-chameleon', logging=True, log_detail=True, log_detailedCh=False, id_log=1013014504, optuna_n_trials=202, n_epochs=2000, self_loop=False, udgraph=True, early_stop=True, patience=300, n_hidden=64, n_cv=1, start_cv=0, n_layers=16, lr1=0.05, lr2=0.05, wd1=1e-06, wd2=0.0001, dropout=0.5, dropout2=0.5, alpha=0.30000000000000004, es_ckpt='woselfloop-geom-chameleon_GPRGNN-geom-chameleon_trialNo191')
2023-10-13 16:41:48,389 - tune.py [line:128] - INFO: Split_seeds:[1824]
2023-10-13 16:41:48,389 - tune.py [line:129] - INFO: Model_seeds:[409]
2023-10-13 16:41:49,895 - tune.py [line:103] - INFO: Epoch 00020 | Time(s) 0.0728 | Val Loss 1.1795 | Val Acc 0.6000 | ETputs(KTEPS) 8620.35
2023-10-13 16:41:51,336 - tune.py [line:103] - INFO: Epoch 00040 | Time(s) 0.0723 | Val Loss 1.3466 | Val Acc 0.5890 | ETputs(KTEPS) 8677.51
2023-10-13 16:41:52,777 - tune.py [line:103] - INFO: Epoch 00060 | Time(s) 0.0722 | Val Loss 1.3863 | Val Acc 0.6088 | ETputs(KTEPS) 8695.56
2023-10-13 16:41:54,369 - tune.py [line:103] - INFO: Epoch 00080 | Time(s) 0.0739 | Val Loss 1.3900 | Val Acc 0.6352 | ETputs(KTEPS) 8495.12
2023-10-13 16:41:56,062 - tune.py [line:103] - INFO: Epoch 00100 | Time(s) 0.0760 | Val Loss 1.3971 | Val Acc 0.6505 | ETputs(KTEPS) 8260.80
2023-10-13 16:41:57,592 - tune.py [line:103] - INFO: Epoch 00120 | Time(s) 0.0760 | Val Loss 1.3242 | Val Acc 0.6615 | ETputs(KTEPS) 8255.11
2023-10-13 16:41:59,040 - tune.py [line:103] - INFO: Epoch 00140 | Time(s) 0.0754 | Val Loss 1.3348 | Val Acc 0.6813 | ETputs(KTEPS) 8321.24
2023-10-13 16:42:00,646 - tune.py [line:103] - INFO: Epoch 00160 | Time(s) 0.0760 | Val Loss 1.3394 | Val Acc 0.6681 | ETputs(KTEPS) 8254.96
2023-10-13 16:42:02,293 - tune.py [line:103] - INFO: Epoch 00180 | Time(s) 0.0767 | Val Loss 1.3076 | Val Acc 0.6615 | ETputs(KTEPS) 8179.21
2023-10-13 16:42:04,013 - tune.py [line:103] - INFO: Epoch 00200 | Time(s) 0.0776 | Val Loss 1.3159 | Val Acc 0.6703 | ETputs(KTEPS) 8081.77
2023-10-13 16:42:05,497 - tune.py [line:103] - INFO: Epoch 00220 | Time(s) 0.0773 | Val Loss 1.2905 | Val Acc 0.6835 | ETputs(KTEPS) 8114.83
2023-10-13 16:42:07,247 - tune.py [line:103] - INFO: Epoch 00240 | Time(s) 0.0782 | Val Loss 1.2831 | Val Acc 0.6703 | ETputs(KTEPS) 8027.04
2023-10-13 16:42:08,759 - tune.py [line:103] - INFO: Epoch 00260 | Time(s) 0.0780 | Val Loss 1.2793 | Val Acc 0.6945 | ETputs(KTEPS) 8047.53
2023-10-13 16:42:10,553 - tune.py [line:103] - INFO: Epoch 00280 | Time(s) 0.0788 | Val Loss 1.2501 | Val Acc 0.6967 | ETputs(KTEPS) 7962.04
2023-10-13 16:42:12,044 - tune.py [line:103] - INFO: Epoch 00300 | Time(s) 0.0785 | Val Loss 1.1887 | Val Acc 0.7121 | ETputs(KTEPS) 7991.91
2023-10-13 16:42:13,677 - tune.py [line:103] - INFO: Epoch 00320 | Time(s) 0.0787 | Val Loss 1.3359 | Val Acc 0.6879 | ETputs(KTEPS) 7973.52
2023-10-13 16:42:15,236 - tune.py [line:103] - INFO: Epoch 00340 | Time(s) 0.0786 | Val Loss 1.2491 | Val Acc 0.6835 | ETputs(KTEPS) 7978.09
2023-10-13 16:42:16,732 - tune.py [line:103] - INFO: Epoch 00360 | Time(s) 0.0784 | Val Loss 1.2224 | Val Acc 0.7055 | ETputs(KTEPS) 7999.86
2023-10-13 16:42:18,139 - tune.py [line:103] - INFO: Epoch 00380 | Time(s) 0.0780 | Val Loss 1.2378 | Val Acc 0.7011 | ETputs(KTEPS) 8043.69
2023-10-13 16:42:19,645 - tune.py [line:103] - INFO: Epoch 00400 | Time(s) 0.0779 | Val Loss 1.2144 | Val Acc 0.6967 | ETputs(KTEPS) 8057.60
2023-10-13 16:42:21,127 - tune.py [line:103] - INFO: Epoch 00420 | Time(s) 0.0777 | Val Loss 1.1692 | Val Acc 0.6967 | ETputs(KTEPS) 8076.46
2023-10-13 16:42:22,689 - tune.py [line:103] - INFO: Epoch 00440 | Time(s) 0.0777 | Val Loss 1.1703 | Val Acc 0.6879 | ETputs(KTEPS) 8074.60
2023-10-13 16:42:24,297 - tune.py [line:103] - INFO: Epoch 00460 | Time(s) 0.0778 | Val Loss 1.2596 | Val Acc 0.6857 | ETputs(KTEPS) 8062.65
2023-10-13 16:42:25,744 - tune.py [line:103] - INFO: Epoch 00480 | Time(s) 0.0776 | Val Loss 1.2314 | Val Acc 0.7011 | ETputs(KTEPS) 8086.49
2023-10-13 16:42:27,177 - tune.py [line:103] - INFO: Epoch 00500 | Time(s) 0.0774 | Val Loss 1.1626 | Val Acc 0.7055 | ETputs(KTEPS) 8111.36
2023-10-13 16:42:28,598 - tune.py [line:103] - INFO: Epoch 00520 | Time(s) 0.0771 | Val Loss 1.2328 | Val Acc 0.6813 | ETputs(KTEPS) 8137.01
2023-10-13 16:42:30,049 - tune.py [line:103] - INFO: Epoch 00540 | Time(s) 0.0769 | Val Loss 1.2787 | Val Acc 0.6725 | ETputs(KTEPS) 8154.90
2023-10-13 16:42:31,879 - tune.py [line:103] - INFO: Epoch 00560 | Time(s) 0.0775 | Val Loss 1.2536 | Val Acc 0.6857 | ETputs(KTEPS) 8100.37
2023-10-13 16:42:33,630 - tune.py [line:103] - INFO: Epoch 00580 | Time(s) 0.0778 | Val Loss 1.1743 | Val Acc 0.6945 | ETputs(KTEPS) 8064.22
2023-10-13 16:42:35,193 - tune.py [line:103] - INFO: Epoch 00600 | Time(s) 0.0778 | Val Loss 1.2510 | Val Acc 0.6703 | ETputs(KTEPS) 8062.99
2023-10-13 16:42:35,224 - tune.py [line:117] - INFO: [FINAL MODEL] Val accuracy 71.65% \Val loss: 1.2
2023-10-13 16:42:35,228 - tune.py [line:119] - INFO: [FINAL MODEL] Test accuracy 70.68% \Test loss: 1.3
2023-10-13 16:42:35,228 - tune.py [line:144] - INFO: Acc on the first split (Validation Set): 0.7165
2023-10-13 16:42:35,228 - tune.py [line:145] - INFO: Acc on the first split (Test Set): 0.7068
