2023-10-13 16:35:20,802 - tune.py [line:203] - INFO: Namespace(seed=42, model='GPRGNN', gpu=0, dataset='geom-chameleon', logging=True, log_detail=True, log_detailedCh=False, id_log=1013014504, optuna_n_trials=202, n_epochs=2000, self_loop=False, udgraph=True, early_stop=True, patience=300, n_hidden=64, n_cv=1, start_cv=0, n_layers=16, lr1=0.05, lr2=0.05, wd1=1e-06, wd2=0.001, dropout=0.5, dropout2=0.5, alpha=0.4, es_ckpt='woselfloop-geom-chameleon_GPRGNN-geom-chameleon_trialNo177')
2023-10-13 16:35:21,541 - tune.py [line:128] - INFO: Split_seeds:[1824]
2023-10-13 16:35:21,541 - tune.py [line:129] - INFO: Model_seeds:[409]
2023-10-13 16:35:23,285 - tune.py [line:103] - INFO: Epoch 00020 | Time(s) 0.0845 | Val Loss 1.2002 | Val Acc 0.6000 | ETputs(KTEPS) 7425.10
2023-10-13 16:35:25,041 - tune.py [line:103] - INFO: Epoch 00040 | Time(s) 0.0860 | Val Loss 1.3456 | Val Acc 0.5934 | ETputs(KTEPS) 7298.36
2023-10-13 16:35:26,713 - tune.py [line:103] - INFO: Epoch 00060 | Time(s) 0.0851 | Val Loss 1.3555 | Val Acc 0.6198 | ETputs(KTEPS) 7375.06
2023-10-13 16:35:28,274 - tune.py [line:103] - INFO: Epoch 00080 | Time(s) 0.0831 | Val Loss 1.3218 | Val Acc 0.6418 | ETputs(KTEPS) 7545.65
2023-10-13 16:35:29,831 - tune.py [line:103] - INFO: Epoch 00100 | Time(s) 0.0820 | Val Loss 1.3422 | Val Acc 0.6505 | ETputs(KTEPS) 7647.25
2023-10-13 16:35:31,346 - tune.py [line:103] - INFO: Epoch 00120 | Time(s) 0.0809 | Val Loss 1.3342 | Val Acc 0.6505 | ETputs(KTEPS) 7751.34
2023-10-13 16:35:32,964 - tune.py [line:103] - INFO: Epoch 00140 | Time(s) 0.0809 | Val Loss 1.3156 | Val Acc 0.6725 | ETputs(KTEPS) 7758.50
2023-10-13 16:35:34,378 - tune.py [line:103] - INFO: Epoch 00160 | Time(s) 0.0796 | Val Loss 1.2966 | Val Acc 0.6593 | ETputs(KTEPS) 7882.33
2023-10-13 16:35:35,917 - tune.py [line:103] - INFO: Epoch 00180 | Time(s) 0.0793 | Val Loss 1.3200 | Val Acc 0.6549 | ETputs(KTEPS) 7912.15
2023-10-13 16:35:37,625 - tune.py [line:103] - INFO: Epoch 00200 | Time(s) 0.0799 | Val Loss 1.3516 | Val Acc 0.6769 | ETputs(KTEPS) 7852.20
2023-10-13 16:35:39,264 - tune.py [line:103] - INFO: Epoch 00220 | Time(s) 0.0801 | Val Loss 1.2649 | Val Acc 0.6813 | ETputs(KTEPS) 7835.36
2023-10-13 16:35:40,969 - tune.py [line:103] - INFO: Epoch 00240 | Time(s) 0.0805 | Val Loss 1.2929 | Val Acc 0.6703 | ETputs(KTEPS) 7793.55
2023-10-13 16:35:42,436 - tune.py [line:103] - INFO: Epoch 00260 | Time(s) 0.0799 | Val Loss 1.2855 | Val Acc 0.7033 | ETputs(KTEPS) 7849.43
2023-10-13 16:35:44,055 - tune.py [line:103] - INFO: Epoch 00280 | Time(s) 0.0800 | Val Loss 1.2344 | Val Acc 0.6945 | ETputs(KTEPS) 7843.09
2023-10-13 16:35:45,885 - tune.py [line:103] - INFO: Epoch 00300 | Time(s) 0.0808 | Val Loss 1.1758 | Val Acc 0.7077 | ETputs(KTEPS) 7769.66
2023-10-13 16:35:47,648 - tune.py [line:103] - INFO: Epoch 00320 | Time(s) 0.0812 | Val Loss 1.3326 | Val Acc 0.6879 | ETputs(KTEPS) 7727.28
2023-10-13 16:35:49,286 - tune.py [line:103] - INFO: Epoch 00340 | Time(s) 0.0812 | Val Loss 1.2289 | Val Acc 0.6967 | ETputs(KTEPS) 7724.29
2023-10-13 16:35:50,740 - tune.py [line:103] - INFO: Epoch 00360 | Time(s) 0.0808 | Val Loss 1.2321 | Val Acc 0.7121 | ETputs(KTEPS) 7769.61
2023-10-13 16:35:52,169 - tune.py [line:103] - INFO: Epoch 00380 | Time(s) 0.0803 | Val Loss 1.2516 | Val Acc 0.6901 | ETputs(KTEPS) 7817.14
2023-10-13 16:35:53,616 - tune.py [line:103] - INFO: Epoch 00400 | Time(s) 0.0799 | Val Loss 1.2374 | Val Acc 0.6901 | ETputs(KTEPS) 7856.13
2023-10-13 16:35:55,140 - tune.py [line:103] - INFO: Epoch 00420 | Time(s) 0.0797 | Val Loss 1.2250 | Val Acc 0.6923 | ETputs(KTEPS) 7873.22
2023-10-13 16:35:56,773 - tune.py [line:103] - INFO: Epoch 00440 | Time(s) 0.0798 | Val Loss 1.2342 | Val Acc 0.6769 | ETputs(KTEPS) 7864.83
2023-10-13 16:35:58,286 - tune.py [line:103] - INFO: Epoch 00460 | Time(s) 0.0796 | Val Loss 1.2407 | Val Acc 0.6857 | ETputs(KTEPS) 7882.71
2023-10-13 16:35:59,736 - tune.py [line:103] - INFO: Epoch 00480 | Time(s) 0.0793 | Val Loss 1.1990 | Val Acc 0.6835 | ETputs(KTEPS) 7912.05
2023-10-13 16:36:01,251 - tune.py [line:103] - INFO: Epoch 00500 | Time(s) 0.0792 | Val Loss 1.1869 | Val Acc 0.6879 | ETputs(KTEPS) 7926.38
2023-10-13 16:36:02,685 - tune.py [line:103] - INFO: Epoch 00520 | Time(s) 0.0789 | Val Loss 1.2305 | Val Acc 0.6879 | ETputs(KTEPS) 7955.40
2023-10-13 16:36:04,326 - tune.py [line:103] - INFO: Epoch 00540 | Time(s) 0.0790 | Val Loss 1.2628 | Val Acc 0.6769 | ETputs(KTEPS) 7943.47
2023-10-13 16:36:05,894 - tune.py [line:103] - INFO: Epoch 00560 | Time(s) 0.0790 | Val Loss 1.2533 | Val Acc 0.6879 | ETputs(KTEPS) 7945.74
2023-10-13 16:36:07,484 - tune.py [line:103] - INFO: Epoch 00580 | Time(s) 0.0790 | Val Loss 1.2212 | Val Acc 0.7121 | ETputs(KTEPS) 7944.44
2023-10-13 16:36:08,990 - tune.py [line:103] - INFO: Epoch 00600 | Time(s) 0.0789 | Val Loss 1.3897 | Val Acc 0.6857 | ETputs(KTEPS) 7956.82
2023-10-13 16:36:10,593 - tune.py [line:103] - INFO: Epoch 00620 | Time(s) 0.0789 | Val Loss 1.3157 | Val Acc 0.6791 | ETputs(KTEPS) 7952.66
2023-10-13 16:36:12,053 - tune.py [line:103] - INFO: Epoch 00640 | Time(s) 0.0787 | Val Loss 1.2056 | Val Acc 0.6945 | ETputs(KTEPS) 7971.46
2023-10-13 16:36:13,622 - tune.py [line:103] - INFO: Epoch 00660 | Time(s) 0.0787 | Val Loss 1.3740 | Val Acc 0.6901 | ETputs(KTEPS) 7972.27
2023-10-13 16:36:15,475 - tune.py [line:103] - INFO: Epoch 00680 | Time(s) 0.0791 | Val Loss 1.3288 | Val Acc 0.6945 | ETputs(KTEPS) 7931.07
2023-10-13 16:36:17,370 - tune.py [line:103] - INFO: Epoch 00700 | Time(s) 0.0796 | Val Loss 1.3432 | Val Acc 0.7033 | ETputs(KTEPS) 7886.71
2023-10-13 16:36:18,927 - tune.py [line:103] - INFO: Epoch 00720 | Time(s) 0.0795 | Val Loss 1.2785 | Val Acc 0.6901 | ETputs(KTEPS) 7891.50
2023-10-13 16:36:20,692 - tune.py [line:103] - INFO: Epoch 00740 | Time(s) 0.0797 | Val Loss 1.2131 | Val Acc 0.6835 | ETputs(KTEPS) 7868.20
2023-10-13 16:36:22,425 - tune.py [line:103] - INFO: Epoch 00760 | Time(s) 0.0799 | Val Loss 1.2359 | Val Acc 0.7077 | ETputs(KTEPS) 7850.66
2023-10-13 16:36:24,075 - tune.py [line:103] - INFO: Epoch 00780 | Time(s) 0.0800 | Val Loss 1.2580 | Val Acc 0.7033 | ETputs(KTEPS) 7844.21
2023-10-13 16:36:25,705 - tune.py [line:103] - INFO: Epoch 00800 | Time(s) 0.0800 | Val Loss 1.2327 | Val Acc 0.6989 | ETputs(KTEPS) 7840.58
2023-10-13 16:36:27,270 - tune.py [line:103] - INFO: Epoch 00820 | Time(s) 0.0800 | Val Loss 1.2119 | Val Acc 0.7011 | ETputs(KTEPS) 7844.91
2023-10-13 16:36:28,747 - tune.py [line:103] - INFO: Epoch 00840 | Time(s) 0.0798 | Val Loss 1.2712 | Val Acc 0.6989 | ETputs(KTEPS) 7859.36
2023-10-13 16:36:30,215 - tune.py [line:103] - INFO: Epoch 00860 | Time(s) 0.0797 | Val Loss 1.2579 | Val Acc 0.7143 | ETputs(KTEPS) 7874.20
2023-10-13 16:36:31,679 - tune.py [line:103] - INFO: Epoch 00880 | Time(s) 0.0795 | Val Loss 1.2999 | Val Acc 0.7033 | ETputs(KTEPS) 7888.77
2023-10-13 16:36:33,287 - tune.py [line:103] - INFO: Epoch 00900 | Time(s) 0.0796 | Val Loss 1.2853 | Val Acc 0.6901 | ETputs(KTEPS) 7887.02
2023-10-13 16:36:34,848 - tune.py [line:103] - INFO: Epoch 00920 | Time(s) 0.0795 | Val Loss 1.3198 | Val Acc 0.6769 | ETputs(KTEPS) 7890.41
2023-10-13 16:36:36,463 - tune.py [line:103] - INFO: Epoch 00940 | Time(s) 0.0795 | Val Loss 1.3533 | Val Acc 0.6879 | ETputs(KTEPS) 7887.83
2023-10-13 16:36:38,218 - tune.py [line:103] - INFO: Epoch 00960 | Time(s) 0.0797 | Val Loss 1.2818 | Val Acc 0.6835 | ETputs(KTEPS) 7870.98
2023-10-13 16:36:39,633 - tune.py [line:103] - INFO: Epoch 00980 | Time(s) 0.0795 | Val Loss 1.3354 | Val Acc 0.7033 | ETputs(KTEPS) 7889.08
2023-10-13 16:36:41,231 - tune.py [line:103] - INFO: Epoch 01000 | Time(s) 0.0795 | Val Loss 1.2952 | Val Acc 0.6967 | ETputs(KTEPS) 7888.38
2023-10-13 16:36:42,765 - tune.py [line:103] - INFO: Epoch 01020 | Time(s) 0.0795 | Val Loss 1.2891 | Val Acc 0.6945 | ETputs(KTEPS) 7894.03
2023-10-13 16:36:44,358 - tune.py [line:103] - INFO: Epoch 01040 | Time(s) 0.0795 | Val Loss 1.2536 | Val Acc 0.6923 | ETputs(KTEPS) 7893.77
2023-10-13 16:36:45,774 - tune.py [line:117] - INFO: [FINAL MODEL] Val accuracy 71.87% \Val loss: 1.2
2023-10-13 16:36:45,779 - tune.py [line:119] - INFO: [FINAL MODEL] Test accuracy 68.49% \Test loss: 1.5
2023-10-13 16:36:45,779 - tune.py [line:144] - INFO: Acc on the first split (Validation Set): 0.7187
2023-10-13 16:36:45,779 - tune.py [line:145] - INFO: Acc on the first split (Test Set): 0.6849
