2023-10-13 16:42:37,570 - tune.py [line:203] - INFO: Namespace(seed=42, model='GPRGNN', gpu=0, dataset='geom-chameleon', logging=True, log_detail=True, log_detailedCh=False, id_log=1013014504, optuna_n_trials=202, n_epochs=2000, self_loop=False, udgraph=True, early_stop=True, patience=300, n_hidden=64, n_cv=1, start_cv=0, n_layers=16, lr1=0.05, lr2=0.05, wd1=1e-05, wd2=0.0001, dropout=0.4, dropout2=0.6, alpha=0.4, es_ckpt='woselfloop-geom-chameleon_GPRGNN-geom-chameleon_trialNo193')
2023-10-13 16:42:38,432 - tune.py [line:128] - INFO: Split_seeds:[1824]
2023-10-13 16:42:38,432 - tune.py [line:129] - INFO: Model_seeds:[409]
2023-10-13 16:42:40,159 - tune.py [line:103] - INFO: Epoch 00020 | Time(s) 0.0838 | Val Loss 1.1551 | Val Acc 0.5516 | ETputs(KTEPS) 7489.51
2023-10-13 16:42:41,755 - tune.py [line:103] - INFO: Epoch 00040 | Time(s) 0.0817 | Val Loss 1.3652 | Val Acc 0.5868 | ETputs(KTEPS) 7678.37
2023-10-13 16:42:43,213 - tune.py [line:103] - INFO: Epoch 00060 | Time(s) 0.0787 | Val Loss 1.3992 | Val Acc 0.5934 | ETputs(KTEPS) 7972.68
2023-10-13 16:42:44,679 - tune.py [line:103] - INFO: Epoch 00080 | Time(s) 0.0772 | Val Loss 1.3517 | Val Acc 0.6264 | ETputs(KTEPS) 8132.17
2023-10-13 16:42:46,142 - tune.py [line:103] - INFO: Epoch 00100 | Time(s) 0.0763 | Val Loss 1.2976 | Val Acc 0.6637 | ETputs(KTEPS) 8227.50
2023-10-13 16:42:47,603 - tune.py [line:103] - INFO: Epoch 00120 | Time(s) 0.0757 | Val Loss 1.2904 | Val Acc 0.6615 | ETputs(KTEPS) 8286.00
2023-10-13 16:42:49,041 - tune.py [line:103] - INFO: Epoch 00140 | Time(s) 0.0752 | Val Loss 1.2797 | Val Acc 0.6637 | ETputs(KTEPS) 8347.86
2023-10-13 16:42:50,487 - tune.py [line:103] - INFO: Epoch 00160 | Time(s) 0.0748 | Val Loss 1.2869 | Val Acc 0.6440 | ETputs(KTEPS) 8390.11
2023-10-13 16:42:51,947 - tune.py [line:103] - INFO: Epoch 00180 | Time(s) 0.0746 | Val Loss 1.2480 | Val Acc 0.6703 | ETputs(KTEPS) 8412.61
2023-10-13 16:42:53,382 - tune.py [line:103] - INFO: Epoch 00200 | Time(s) 0.0743 | Val Loss 1.2514 | Val Acc 0.6615 | ETputs(KTEPS) 8444.94
2023-10-13 16:42:54,827 - tune.py [line:103] - INFO: Epoch 00220 | Time(s) 0.0741 | Val Loss 1.2560 | Val Acc 0.6725 | ETputs(KTEPS) 8472.34
2023-10-13 16:42:56,276 - tune.py [line:103] - INFO: Epoch 00240 | Time(s) 0.0739 | Val Loss 1.2019 | Val Acc 0.6747 | ETputs(KTEPS) 8487.77
2023-10-13 16:42:57,691 - tune.py [line:103] - INFO: Epoch 00260 | Time(s) 0.0737 | Val Loss 1.1595 | Val Acc 0.6835 | ETputs(KTEPS) 8518.62
2023-10-13 16:42:59,115 - tune.py [line:103] - INFO: Epoch 00280 | Time(s) 0.0735 | Val Loss 1.1096 | Val Acc 0.6857 | ETputs(KTEPS) 8539.36
2023-10-13 16:43:00,558 - tune.py [line:103] - INFO: Epoch 00300 | Time(s) 0.0734 | Val Loss 1.1491 | Val Acc 0.6791 | ETputs(KTEPS) 8550.33
2023-10-13 16:43:02,089 - tune.py [line:103] - INFO: Epoch 00320 | Time(s) 0.0736 | Val Loss 1.1632 | Val Acc 0.6879 | ETputs(KTEPS) 8527.47
2023-10-13 16:43:03,529 - tune.py [line:103] - INFO: Epoch 00340 | Time(s) 0.0735 | Val Loss 1.1071 | Val Acc 0.6835 | ETputs(KTEPS) 8539.64
2023-10-13 16:43:05,189 - tune.py [line:103] - INFO: Epoch 00360 | Time(s) 0.0740 | Val Loss 1.1632 | Val Acc 0.6813 | ETputs(KTEPS) 8478.45
2023-10-13 16:43:06,985 - tune.py [line:103] - INFO: Epoch 00380 | Time(s) 0.0748 | Val Loss 1.1146 | Val Acc 0.6747 | ETputs(KTEPS) 8384.56
2023-10-13 16:43:08,601 - tune.py [line:103] - INFO: Epoch 00400 | Time(s) 0.0751 | Val Loss 1.0769 | Val Acc 0.6967 | ETputs(KTEPS) 8351.23
2023-10-13 16:43:10,283 - tune.py [line:103] - INFO: Epoch 00420 | Time(s) 0.0756 | Val Loss 1.1193 | Val Acc 0.6901 | ETputs(KTEPS) 8304.30
2023-10-13 16:43:11,764 - tune.py [line:103] - INFO: Epoch 00440 | Time(s) 0.0755 | Val Loss 1.1557 | Val Acc 0.6835 | ETputs(KTEPS) 8313.29
2023-10-13 16:43:13,210 - tune.py [line:103] - INFO: Epoch 00460 | Time(s) 0.0753 | Val Loss 1.1707 | Val Acc 0.6813 | ETputs(KTEPS) 8329.11
2023-10-13 16:43:14,869 - tune.py [line:103] - INFO: Epoch 00480 | Time(s) 0.0756 | Val Loss 1.1158 | Val Acc 0.6747 | ETputs(KTEPS) 8294.13
2023-10-13 16:43:16,482 - tune.py [line:103] - INFO: Epoch 00500 | Time(s) 0.0758 | Val Loss 1.1505 | Val Acc 0.6791 | ETputs(KTEPS) 8272.53
2023-10-13 16:43:17,918 - tune.py [line:103] - INFO: Epoch 00520 | Time(s) 0.0757 | Val Loss 1.1381 | Val Acc 0.6747 | ETputs(KTEPS) 8289.66
2023-10-13 16:43:19,368 - tune.py [line:103] - INFO: Epoch 00540 | Time(s) 0.0756 | Val Loss 1.2132 | Val Acc 0.6879 | ETputs(KTEPS) 8302.53
2023-10-13 16:43:20,835 - tune.py [line:103] - INFO: Epoch 00560 | Time(s) 0.0755 | Val Loss 1.1935 | Val Acc 0.6879 | ETputs(KTEPS) 8311.49
2023-10-13 16:43:22,404 - tune.py [line:103] - INFO: Epoch 00580 | Time(s) 0.0756 | Val Loss 1.1299 | Val Acc 0.6835 | ETputs(KTEPS) 8300.38
2023-10-13 16:43:24,179 - tune.py [line:103] - INFO: Epoch 00600 | Time(s) 0.0760 | Val Loss 1.1111 | Val Acc 0.6901 | ETputs(KTEPS) 8252.52
2023-10-13 16:43:25,724 - tune.py [line:103] - INFO: Epoch 00620 | Time(s) 0.0761 | Val Loss 1.1850 | Val Acc 0.6725 | ETputs(KTEPS) 8248.37
2023-10-13 16:43:27,230 - tune.py [line:103] - INFO: Epoch 00640 | Time(s) 0.0760 | Val Loss 1.1736 | Val Acc 0.6703 | ETputs(KTEPS) 8251.20
2023-10-13 16:43:28,737 - tune.py [line:103] - INFO: Epoch 00660 | Time(s) 0.0760 | Val Loss 1.0844 | Val Acc 0.6923 | ETputs(KTEPS) 8253.58
2023-10-13 16:43:30,353 - tune.py [line:103] - INFO: Epoch 00680 | Time(s) 0.0762 | Val Loss 1.1735 | Val Acc 0.6879 | ETputs(KTEPS) 8239.22
2023-10-13 16:43:31,934 - tune.py [line:103] - INFO: Epoch 00700 | Time(s) 0.0762 | Val Loss 1.1482 | Val Acc 0.6813 | ETputs(KTEPS) 8230.47
2023-10-13 16:43:33,261 - tune.py [line:103] - INFO: Epoch 00720 | Time(s) 0.0760 | Val Loss 1.1817 | Val Acc 0.6879 | ETputs(KTEPS) 8260.24
2023-10-13 16:43:34,709 - tune.py [line:103] - INFO: Epoch 00740 | Time(s) 0.0759 | Val Loss 1.1053 | Val Acc 0.6923 | ETputs(KTEPS) 8270.80
2023-10-13 16:43:36,266 - tune.py [line:103] - INFO: Epoch 00760 | Time(s) 0.0759 | Val Loss 1.1126 | Val Acc 0.6857 | ETputs(KTEPS) 8265.26
2023-10-13 16:43:37,692 - tune.py [line:103] - INFO: Epoch 00780 | Time(s) 0.0758 | Val Loss 1.1840 | Val Acc 0.6945 | ETputs(KTEPS) 8278.19
2023-10-13 16:43:39,150 - tune.py [line:103] - INFO: Epoch 00800 | Time(s) 0.0757 | Val Loss 1.1034 | Val Acc 0.6989 | ETputs(KTEPS) 8286.19
2023-10-13 16:43:40,733 - tune.py [line:103] - INFO: Epoch 00820 | Time(s) 0.0758 | Val Loss 1.1125 | Val Acc 0.6967 | ETputs(KTEPS) 8277.10
2023-10-13 16:43:42,105 - tune.py [line:103] - INFO: Epoch 00840 | Time(s) 0.0756 | Val Loss 1.1256 | Val Acc 0.6901 | ETputs(KTEPS) 8296.05
2023-10-13 16:43:43,517 - tune.py [line:103] - INFO: Epoch 00860 | Time(s) 0.0755 | Val Loss 1.1140 | Val Acc 0.7099 | ETputs(KTEPS) 8308.96
2023-10-13 16:43:45,124 - tune.py [line:103] - INFO: Epoch 00880 | Time(s) 0.0756 | Val Loss 1.1008 | Val Acc 0.6901 | ETputs(KTEPS) 8296.89
2023-10-13 16:43:46,787 - tune.py [line:103] - INFO: Epoch 00900 | Time(s) 0.0758 | Val Loss 1.0724 | Val Acc 0.6769 | ETputs(KTEPS) 8278.70
2023-10-13 16:43:48,373 - tune.py [line:103] - INFO: Epoch 00920 | Time(s) 0.0759 | Val Loss 1.1061 | Val Acc 0.6945 | ETputs(KTEPS) 8270.42
2023-10-13 16:43:49,918 - tune.py [line:103] - INFO: Epoch 00940 | Time(s) 0.0759 | Val Loss 1.1056 | Val Acc 0.7011 | ETputs(KTEPS) 8267.28
2023-10-13 16:43:51,411 - tune.py [line:103] - INFO: Epoch 00960 | Time(s) 0.0759 | Val Loss 1.1376 | Val Acc 0.7099 | ETputs(KTEPS) 8270.18
2023-10-13 16:43:52,706 - tune.py [line:117] - INFO: [FINAL MODEL] Val accuracy 72.31% \Val loss: 1.1
2023-10-13 16:43:52,752 - tune.py [line:119] - INFO: [FINAL MODEL] Test accuracy 66.52% \Test loss: 1.3
2023-10-13 16:43:52,753 - tune.py [line:144] - INFO: Acc on the first split (Validation Set): 0.7231
2023-10-13 16:43:52,753 - tune.py [line:145] - INFO: Acc on the first split (Test Set): 0.6652
