2023-10-13 16:09:57,320 - tune.py [line:203] - INFO: Namespace(seed=42, model='GPRGNN', gpu=0, dataset='geom-chameleon', logging=True, log_detail=True, log_detailedCh=False, id_log=1013014504, optuna_n_trials=202, n_epochs=2000, self_loop=False, udgraph=True, early_stop=True, patience=300, n_hidden=64, n_cv=1, start_cv=0, n_layers=8, lr1=0.05, lr2=0.05, wd1=1e-06, wd2=0.0001, dropout=0.5, dropout2=0.3, alpha=0.9, es_ckpt='woselfloop-geom-chameleon_GPRGNN-geom-chameleon_trialNo70')
2023-10-13 16:09:58,182 - tune.py [line:128] - INFO: Split_seeds:[1824]
2023-10-13 16:09:58,182 - tune.py [line:129] - INFO: Model_seeds:[409]
2023-10-13 16:09:59,180 - tune.py [line:103] - INFO: Epoch 00020 | Time(s) 0.0471 | Val Loss 1.2592 | Val Acc 0.5824 | ETputs(KTEPS) 13310.38
2023-10-13 16:10:00,352 - tune.py [line:103] - INFO: Epoch 00040 | Time(s) 0.0527 | Val Loss 1.6789 | Val Acc 0.5934 | ETputs(KTEPS) 11900.64
2023-10-13 16:10:01,215 - tune.py [line:103] - INFO: Epoch 00060 | Time(s) 0.0495 | Val Loss 1.6840 | Val Acc 0.5912 | ETputs(KTEPS) 12680.11
2023-10-13 16:10:02,221 - tune.py [line:103] - INFO: Epoch 00080 | Time(s) 0.0496 | Val Loss 1.6355 | Val Acc 0.6220 | ETputs(KTEPS) 12657.43
2023-10-13 16:10:03,283 - tune.py [line:103] - INFO: Epoch 00100 | Time(s) 0.0502 | Val Loss 1.6847 | Val Acc 0.6484 | ETputs(KTEPS) 12499.20
2023-10-13 16:10:04,411 - tune.py [line:103] - INFO: Epoch 00120 | Time(s) 0.0511 | Val Loss 1.6605 | Val Acc 0.6571 | ETputs(KTEPS) 12267.97
2023-10-13 16:10:05,469 - tune.py [line:103] - INFO: Epoch 00140 | Time(s) 0.0513 | Val Loss 1.7169 | Val Acc 0.6879 | ETputs(KTEPS) 12238.65
2023-10-13 16:10:06,436 - tune.py [line:103] - INFO: Epoch 00160 | Time(s) 0.0509 | Val Loss 1.7799 | Val Acc 0.6505 | ETputs(KTEPS) 12330.85
2023-10-13 16:10:07,472 - tune.py [line:103] - INFO: Epoch 00180 | Time(s) 0.0510 | Val Loss 1.6582 | Val Acc 0.6813 | ETputs(KTEPS) 12306.12
2023-10-13 16:10:08,537 - tune.py [line:103] - INFO: Epoch 00200 | Time(s) 0.0512 | Val Loss 1.7795 | Val Acc 0.6813 | ETputs(KTEPS) 12255.88
2023-10-13 16:10:09,537 - tune.py [line:103] - INFO: Epoch 00220 | Time(s) 0.0511 | Val Loss 1.7102 | Val Acc 0.6791 | ETputs(KTEPS) 12285.85
2023-10-13 16:10:10,583 - tune.py [line:103] - INFO: Epoch 00240 | Time(s) 0.0512 | Val Loss 1.8074 | Val Acc 0.6703 | ETputs(KTEPS) 12260.73
2023-10-13 16:10:11,648 - tune.py [line:103] - INFO: Epoch 00260 | Time(s) 0.0513 | Val Loss 1.7422 | Val Acc 0.6967 | ETputs(KTEPS) 12230.22
2023-10-13 16:10:12,703 - tune.py [line:103] - INFO: Epoch 00280 | Time(s) 0.0514 | Val Loss 1.7114 | Val Acc 0.6967 | ETputs(KTEPS) 12207.83
2023-10-13 16:10:13,521 - tune.py [line:103] - INFO: Epoch 00300 | Time(s) 0.0507 | Val Loss 1.8490 | Val Acc 0.6857 | ETputs(KTEPS) 12376.41
2023-10-13 16:10:14,527 - tune.py [line:103] - INFO: Epoch 00320 | Time(s) 0.0507 | Val Loss 1.7772 | Val Acc 0.6901 | ETputs(KTEPS) 12382.91
2023-10-13 16:10:15,650 - tune.py [line:103] - INFO: Epoch 00340 | Time(s) 0.0510 | Val Loss 1.7980 | Val Acc 0.6989 | ETputs(KTEPS) 12305.30
2023-10-13 16:10:16,568 - tune.py [line:103] - INFO: Epoch 00360 | Time(s) 0.0507 | Val Loss 1.7796 | Val Acc 0.6945 | ETputs(KTEPS) 12374.01
2023-10-13 16:10:17,583 - tune.py [line:103] - INFO: Epoch 00380 | Time(s) 0.0507 | Val Loss 1.7043 | Val Acc 0.6989 | ETputs(KTEPS) 12373.96
2023-10-13 16:10:18,664 - tune.py [line:103] - INFO: Epoch 00400 | Time(s) 0.0509 | Val Loss 1.7167 | Val Acc 0.6967 | ETputs(KTEPS) 12333.41
2023-10-13 16:10:19,710 - tune.py [line:103] - INFO: Epoch 00420 | Time(s) 0.0509 | Val Loss 1.6670 | Val Acc 0.7033 | ETputs(KTEPS) 12321.72
2023-10-13 16:10:20,712 - tune.py [line:103] - INFO: Epoch 00440 | Time(s) 0.0509 | Val Loss 1.6813 | Val Acc 0.7121 | ETputs(KTEPS) 12330.88
2023-10-13 16:10:21,524 - tune.py [line:103] - INFO: Epoch 00460 | Time(s) 0.0504 | Val Loss 1.6776 | Val Acc 0.6923 | ETputs(KTEPS) 12440.65
2023-10-13 16:10:22,628 - tune.py [line:103] - INFO: Epoch 00480 | Time(s) 0.0506 | Val Loss 1.6902 | Val Acc 0.6901 | ETputs(KTEPS) 12391.76
2023-10-13 16:10:23,428 - tune.py [line:103] - INFO: Epoch 00500 | Time(s) 0.0502 | Val Loss 1.7792 | Val Acc 0.6703 | ETputs(KTEPS) 12496.89
2023-10-13 16:10:24,437 - tune.py [line:103] - INFO: Epoch 00520 | Time(s) 0.0502 | Val Loss 1.6702 | Val Acc 0.6879 | ETputs(KTEPS) 12495.02
2023-10-13 16:10:25,526 - tune.py [line:103] - INFO: Epoch 00540 | Time(s) 0.0504 | Val Loss 1.7058 | Val Acc 0.6835 | ETputs(KTEPS) 12456.29
2023-10-13 16:10:26,432 - tune.py [line:103] - INFO: Epoch 00560 | Time(s) 0.0502 | Val Loss 1.7491 | Val Acc 0.6989 | ETputs(KTEPS) 12501.49
2023-10-13 16:10:27,434 - tune.py [line:103] - INFO: Epoch 00580 | Time(s) 0.0502 | Val Loss 1.6404 | Val Acc 0.7011 | ETputs(KTEPS) 12502.18
2023-10-13 16:10:28,510 - tune.py [line:103] - INFO: Epoch 00600 | Time(s) 0.0503 | Val Loss 1.7730 | Val Acc 0.6923 | ETputs(KTEPS) 12472.64
2023-10-13 16:10:29,319 - tune.py [line:103] - INFO: Epoch 00620 | Time(s) 0.0500 | Val Loss 1.7828 | Val Acc 0.6769 | ETputs(KTEPS) 12552.13
2023-10-13 16:10:30,347 - tune.py [line:103] - INFO: Epoch 00640 | Time(s) 0.0500 | Val Loss 1.6218 | Val Acc 0.6835 | ETputs(KTEPS) 12541.15
2023-10-13 16:10:31,378 - tune.py [line:103] - INFO: Epoch 00660 | Time(s) 0.0501 | Val Loss 1.7748 | Val Acc 0.6857 | ETputs(KTEPS) 12530.02
2023-10-13 16:10:32,340 - tune.py [line:103] - INFO: Epoch 00680 | Time(s) 0.0500 | Val Loss 1.7335 | Val Acc 0.7033 | ETputs(KTEPS) 12544.71
2023-10-13 16:10:33,156 - tune.py [line:103] - INFO: Epoch 00700 | Time(s) 0.0498 | Val Loss 1.6684 | Val Acc 0.6901 | ETputs(KTEPS) 12611.05
2023-10-13 16:10:33,553 - tune.py [line:117] - INFO: [FINAL MODEL] Val accuracy 71.87% \Val loss: 1.7
2023-10-13 16:10:33,580 - tune.py [line:119] - INFO: [FINAL MODEL] Test accuracy 69.37% \Test loss: 1.9
2023-10-13 16:10:33,580 - tune.py [line:144] - INFO: Acc on the first split (Validation Set): 0.7187
2023-10-13 16:10:33,580 - tune.py [line:145] - INFO: Acc on the first split (Test Set): 0.6937
