2023-10-13 15:47:55,840 - tune.py [line:203] - INFO: Namespace(seed=42, model='GPRGNN', gpu=0, dataset='geom-chameleon', logging=True, log_detail=True, log_detailedCh=False, id_log=1013014504, optuna_n_trials=202, n_epochs=2000, self_loop=False, udgraph=True, early_stop=True, patience=300, n_hidden=64, n_cv=1, start_cv=0, n_layers=16, lr1=0.01, lr2=0.03, wd1=1e-08, wd2=1e-08, dropout=0.1, dropout2=0.6, alpha=0.5, es_ckpt='woselfloop-geom-chameleon_GPRGNN-geom-chameleon_trialNo4')
2023-10-13 15:47:56,614 - tune.py [line:128] - INFO: Split_seeds:[1824]
2023-10-13 15:47:56,615 - tune.py [line:129] - INFO: Model_seeds:[409]
2023-10-13 15:47:58,064 - tune.py [line:103] - INFO: Epoch 00020 | Time(s) 0.0696 | Val Loss 1.2915 | Val Acc 0.4747 | ETputs(KTEPS) 9014.03
2023-10-13 15:47:59,451 - tune.py [line:103] - INFO: Epoch 00040 | Time(s) 0.0691 | Val Loss 1.2418 | Val Acc 0.5143 | ETputs(KTEPS) 9082.82
2023-10-13 15:48:00,901 - tune.py [line:103] - INFO: Epoch 00060 | Time(s) 0.0700 | Val Loss 1.3697 | Val Acc 0.5495 | ETputs(KTEPS) 8957.59
2023-10-13 15:48:02,396 - tune.py [line:103] - INFO: Epoch 00080 | Time(s) 0.0711 | Val Loss 1.4870 | Val Acc 0.6022 | ETputs(KTEPS) 8823.47
2023-10-13 15:48:03,809 - tune.py [line:103] - INFO: Epoch 00100 | Time(s) 0.0709 | Val Loss 1.5891 | Val Acc 0.6066 | ETputs(KTEPS) 8844.14
2023-10-13 15:48:05,095 - tune.py [line:103] - INFO: Epoch 00120 | Time(s) 0.0698 | Val Loss 1.6444 | Val Acc 0.6308 | ETputs(KTEPS) 8993.63
2023-10-13 15:48:06,607 - tune.py [line:103] - INFO: Epoch 00140 | Time(s) 0.0705 | Val Loss 1.7254 | Val Acc 0.6484 | ETputs(KTEPS) 8897.46
2023-10-13 15:48:07,910 - tune.py [line:103] - INFO: Epoch 00160 | Time(s) 0.0698 | Val Loss 1.8020 | Val Acc 0.6593 | ETputs(KTEPS) 8982.90
2023-10-13 15:48:09,613 - tune.py [line:103] - INFO: Epoch 00180 | Time(s) 0.0715 | Val Loss 1.8494 | Val Acc 0.6593 | ETputs(KTEPS) 8773.03
2023-10-13 15:48:10,741 - tune.py [line:103] - INFO: Epoch 00200 | Time(s) 0.0700 | Val Loss 1.9608 | Val Acc 0.6527 | ETputs(KTEPS) 8964.72
2023-10-13 15:48:12,037 - tune.py [line:103] - INFO: Epoch 00220 | Time(s) 0.0695 | Val Loss 2.0457 | Val Acc 0.6527 | ETputs(KTEPS) 9025.96
2023-10-13 15:48:13,093 - tune.py [line:103] - INFO: Epoch 00240 | Time(s) 0.0681 | Val Loss 2.0981 | Val Acc 0.6703 | ETputs(KTEPS) 9212.18
2023-10-13 15:48:14,322 - tune.py [line:103] - INFO: Epoch 00260 | Time(s) 0.0676 | Val Loss 2.1653 | Val Acc 0.6637 | ETputs(KTEPS) 9282.04
2023-10-13 15:48:15,743 - tune.py [line:103] - INFO: Epoch 00280 | Time(s) 0.0678 | Val Loss 2.2128 | Val Acc 0.6527 | ETputs(KTEPS) 9248.68
2023-10-13 15:48:17,010 - tune.py [line:103] - INFO: Epoch 00300 | Time(s) 0.0675 | Val Loss 2.2514 | Val Acc 0.6615 | ETputs(KTEPS) 9293.46
2023-10-13 15:48:18,613 - tune.py [line:103] - INFO: Epoch 00320 | Time(s) 0.0683 | Val Loss 2.2297 | Val Acc 0.6593 | ETputs(KTEPS) 9186.13
2023-10-13 15:48:19,898 - tune.py [line:103] - INFO: Epoch 00340 | Time(s) 0.0681 | Val Loss 2.2446 | Val Acc 0.6637 | ETputs(KTEPS) 9218.60
2023-10-13 15:48:21,249 - tune.py [line:103] - INFO: Epoch 00360 | Time(s) 0.0680 | Val Loss 2.2954 | Val Acc 0.6659 | ETputs(KTEPS) 9222.74
2023-10-13 15:48:22,785 - tune.py [line:103] - INFO: Epoch 00380 | Time(s) 0.0685 | Val Loss 2.3168 | Val Acc 0.6659 | ETputs(KTEPS) 9160.83
2023-10-13 15:48:24,140 - tune.py [line:103] - INFO: Epoch 00400 | Time(s) 0.0685 | Val Loss 2.3097 | Val Acc 0.6725 | ETputs(KTEPS) 9165.81
2023-10-13 15:48:25,192 - tune.py [line:103] - INFO: Epoch 00420 | Time(s) 0.0677 | Val Loss 2.3363 | Val Acc 0.6791 | ETputs(KTEPS) 9268.17
2023-10-13 15:48:26,730 - tune.py [line:103] - INFO: Epoch 00440 | Time(s) 0.0681 | Val Loss 2.4547 | Val Acc 0.6769 | ETputs(KTEPS) 9213.47
2023-10-13 15:48:27,920 - tune.py [line:103] - INFO: Epoch 00460 | Time(s) 0.0677 | Val Loss 2.4624 | Val Acc 0.6703 | ETputs(KTEPS) 9264.62
2023-10-13 15:48:29,408 - tune.py [line:103] - INFO: Epoch 00480 | Time(s) 0.0680 | Val Loss 2.5621 | Val Acc 0.6747 | ETputs(KTEPS) 9226.75
2023-10-13 15:48:30,823 - tune.py [line:103] - INFO: Epoch 00500 | Time(s) 0.0681 | Val Loss 2.4951 | Val Acc 0.6725 | ETputs(KTEPS) 9212.07
2023-10-13 15:48:32,297 - tune.py [line:103] - INFO: Epoch 00520 | Time(s) 0.0683 | Val Loss 2.5037 | Val Acc 0.6791 | ETputs(KTEPS) 9183.35
2023-10-13 15:48:33,733 - tune.py [line:103] - INFO: Epoch 00540 | Time(s) 0.0684 | Val Loss 2.5402 | Val Acc 0.6813 | ETputs(KTEPS) 9166.19
2023-10-13 15:48:35,292 - tune.py [line:103] - INFO: Epoch 00560 | Time(s) 0.0688 | Val Loss 2.5869 | Val Acc 0.6989 | ETputs(KTEPS) 9124.26
2023-10-13 15:48:36,643 - tune.py [line:103] - INFO: Epoch 00580 | Time(s) 0.0687 | Val Loss 2.6861 | Val Acc 0.6967 | ETputs(KTEPS) 9130.51
2023-10-13 15:48:37,876 - tune.py [line:103] - INFO: Epoch 00600 | Time(s) 0.0685 | Val Loss 2.6188 | Val Acc 0.6901 | ETputs(KTEPS) 9162.13
2023-10-13 15:48:39,299 - tune.py [line:103] - INFO: Epoch 00620 | Time(s) 0.0686 | Val Loss 2.6195 | Val Acc 0.6857 | ETputs(KTEPS) 9150.58
2023-10-13 15:48:40,632 - tune.py [line:103] - INFO: Epoch 00640 | Time(s) 0.0685 | Val Loss 2.6483 | Val Acc 0.6835 | ETputs(KTEPS) 9158.80
2023-10-13 15:48:41,771 - tune.py [line:103] - INFO: Epoch 00660 | Time(s) 0.0682 | Val Loss 2.6587 | Val Acc 0.6923 | ETputs(KTEPS) 9205.96
2023-10-13 15:48:43,063 - tune.py [line:103] - INFO: Epoch 00680 | Time(s) 0.0680 | Val Loss 2.6127 | Val Acc 0.6879 | ETputs(KTEPS) 9220.16
2023-10-13 15:48:44,595 - tune.py [line:103] - INFO: Epoch 00700 | Time(s) 0.0683 | Val Loss 2.7391 | Val Acc 0.6835 | ETputs(KTEPS) 9187.29
2023-10-13 15:48:45,867 - tune.py [line:103] - INFO: Epoch 00720 | Time(s) 0.0682 | Val Loss 2.6496 | Val Acc 0.6835 | ETputs(KTEPS) 9205.07
2023-10-13 15:48:47,334 - tune.py [line:103] - INFO: Epoch 00740 | Time(s) 0.0683 | Val Loss 2.7031 | Val Acc 0.6857 | ETputs(KTEPS) 9186.34
2023-10-13 15:48:48,639 - tune.py [line:103] - INFO: Epoch 00760 | Time(s) 0.0682 | Val Loss 2.7005 | Val Acc 0.6835 | ETputs(KTEPS) 9197.34
2023-10-13 15:48:49,928 - tune.py [line:103] - INFO: Epoch 00780 | Time(s) 0.0681 | Val Loss 2.7275 | Val Acc 0.6923 | ETputs(KTEPS) 9210.44
2023-10-13 15:48:51,456 - tune.py [line:103] - INFO: Epoch 00800 | Time(s) 0.0683 | Val Loss 2.6746 | Val Acc 0.6857 | ETputs(KTEPS) 9182.75
2023-10-13 15:48:52,709 - tune.py [line:103] - INFO: Epoch 00820 | Time(s) 0.0682 | Val Loss 2.6755 | Val Acc 0.6879 | ETputs(KTEPS) 9201.45
2023-10-13 15:48:53,945 - tune.py [line:103] - INFO: Epoch 00840 | Time(s) 0.0680 | Val Loss 2.7360 | Val Acc 0.6835 | ETputs(KTEPS) 9222.10
2023-10-13 15:48:55,136 - tune.py [line:103] - INFO: Epoch 00860 | Time(s) 0.0678 | Val Loss 2.7487 | Val Acc 0.6703 | ETputs(KTEPS) 9249.02
2023-10-13 15:48:55,704 - tune.py [line:117] - INFO: [FINAL MODEL] Val accuracy 70.11% \Val loss: 2.6
2023-10-13 15:48:55,708 - tune.py [line:119] - INFO: [FINAL MODEL] Test accuracy 70.68% \Test loss: 2.7
2023-10-13 15:48:55,708 - tune.py [line:144] - INFO: Acc on the first split (Validation Set): 0.7011
2023-10-13 15:48:55,708 - tune.py [line:145] - INFO: Acc on the first split (Test Set): 0.7068
