2023-10-13 16:21:30,416 - tune.py [line:203] - INFO: Namespace(seed=42, model='GPRGNN', gpu=0, dataset='geom-chameleon', logging=True, log_detail=True, log_detailedCh=False, id_log=1013014504, optuna_n_trials=202, n_epochs=2000, self_loop=False, udgraph=True, early_stop=True, patience=300, n_hidden=64, n_cv=1, start_cv=0, n_layers=8, lr1=0.05, lr2=0.04, wd1=1e-06, wd2=1e-05, dropout=0.5, dropout2=0.3, alpha=0.30000000000000004, es_ckpt='woselfloop-geom-chameleon_GPRGNN-geom-chameleon_trialNo124')
2023-10-13 16:21:31,152 - tune.py [line:128] - INFO: Split_seeds:[1824]
2023-10-13 16:21:31,152 - tune.py [line:129] - INFO: Model_seeds:[409]
2023-10-13 16:21:32,308 - tune.py [line:103] - INFO: Epoch 00020 | Time(s) 0.0553 | Val Loss 1.2232 | Val Acc 0.5956 | ETputs(KTEPS) 11354.10
2023-10-13 16:21:33,243 - tune.py [line:103] - INFO: Epoch 00040 | Time(s) 0.0509 | Val Loss 1.6287 | Val Acc 0.6044 | ETputs(KTEPS) 12336.35
2023-10-13 16:21:34,155 - tune.py [line:103] - INFO: Epoch 00060 | Time(s) 0.0490 | Val Loss 1.6639 | Val Acc 0.6110 | ETputs(KTEPS) 12803.56
2023-10-13 16:21:35,150 - tune.py [line:103] - INFO: Epoch 00080 | Time(s) 0.0491 | Val Loss 1.6359 | Val Acc 0.6308 | ETputs(KTEPS) 12782.28
2023-10-13 16:21:36,116 - tune.py [line:103] - INFO: Epoch 00100 | Time(s) 0.0488 | Val Loss 1.6831 | Val Acc 0.6462 | ETputs(KTEPS) 12851.01
2023-10-13 16:21:36,987 - tune.py [line:103] - INFO: Epoch 00120 | Time(s) 0.0478 | Val Loss 1.5814 | Val Acc 0.6747 | ETputs(KTEPS) 13115.45
2023-10-13 16:21:38,031 - tune.py [line:103] - INFO: Epoch 00140 | Time(s) 0.0483 | Val Loss 1.6518 | Val Acc 0.6945 | ETputs(KTEPS) 12976.76
2023-10-13 16:21:39,120 - tune.py [line:103] - INFO: Epoch 00160 | Time(s) 0.0491 | Val Loss 1.7163 | Val Acc 0.6703 | ETputs(KTEPS) 12783.98
2023-10-13 16:21:39,850 - tune.py [line:103] - INFO: Epoch 00180 | Time(s) 0.0477 | Val Loss 1.6402 | Val Acc 0.6769 | ETputs(KTEPS) 13159.31
2023-10-13 16:21:40,851 - tune.py [line:103] - INFO: Epoch 00200 | Time(s) 0.0479 | Val Loss 1.7870 | Val Acc 0.6747 | ETputs(KTEPS) 13094.55
2023-10-13 16:21:41,820 - tune.py [line:103] - INFO: Epoch 00220 | Time(s) 0.0480 | Val Loss 1.6898 | Val Acc 0.6923 | ETputs(KTEPS) 13081.47
2023-10-13 16:21:42,689 - tune.py [line:103] - INFO: Epoch 00240 | Time(s) 0.0476 | Val Loss 1.8665 | Val Acc 0.6659 | ETputs(KTEPS) 13185.68
2023-10-13 16:21:43,686 - tune.py [line:103] - INFO: Epoch 00260 | Time(s) 0.0478 | Val Loss 1.7543 | Val Acc 0.6945 | ETputs(KTEPS) 13137.38
2023-10-13 16:21:44,499 - tune.py [line:103] - INFO: Epoch 00280 | Time(s) 0.0472 | Val Loss 1.7108 | Val Acc 0.6989 | ETputs(KTEPS) 13281.77
2023-10-13 16:21:45,458 - tune.py [line:103] - INFO: Epoch 00300 | Time(s) 0.0473 | Val Loss 1.8194 | Val Acc 0.6945 | ETputs(KTEPS) 13268.53
2023-10-13 16:21:46,456 - tune.py [line:103] - INFO: Epoch 00320 | Time(s) 0.0474 | Val Loss 1.7667 | Val Acc 0.6901 | ETputs(KTEPS) 13223.60
2023-10-13 16:21:47,192 - tune.py [line:103] - INFO: Epoch 00340 | Time(s) 0.0468 | Val Loss 1.7222 | Val Acc 0.6923 | ETputs(KTEPS) 13400.09
2023-10-13 16:21:48,137 - tune.py [line:103] - INFO: Epoch 00360 | Time(s) 0.0468 | Val Loss 1.6988 | Val Acc 0.6879 | ETputs(KTEPS) 13393.68
2023-10-13 16:21:49,331 - tune.py [line:103] - INFO: Epoch 00380 | Time(s) 0.0475 | Val Loss 1.6657 | Val Acc 0.6945 | ETputs(KTEPS) 13203.73
2023-10-13 16:21:50,257 - tune.py [line:103] - INFO: Epoch 00400 | Time(s) 0.0475 | Val Loss 1.6521 | Val Acc 0.6835 | ETputs(KTEPS) 13220.91
2023-10-13 16:21:51,209 - tune.py [line:103] - INFO: Epoch 00420 | Time(s) 0.0475 | Val Loss 1.6684 | Val Acc 0.6813 | ETputs(KTEPS) 13219.93
2023-10-13 16:21:52,237 - tune.py [line:103] - INFO: Epoch 00440 | Time(s) 0.0476 | Val Loss 1.6831 | Val Acc 0.6901 | ETputs(KTEPS) 13171.11
2023-10-13 16:21:52,920 - tune.py [line:103] - INFO: Epoch 00460 | Time(s) 0.0470 | Val Loss 1.6846 | Val Acc 0.6857 | ETputs(KTEPS) 13335.33
2023-10-13 16:21:53,929 - tune.py [line:103] - INFO: Epoch 00480 | Time(s) 0.0472 | Val Loss 1.7259 | Val Acc 0.6835 | ETputs(KTEPS) 13295.78
2023-10-13 16:21:54,959 - tune.py [line:103] - INFO: Epoch 00500 | Time(s) 0.0474 | Val Loss 1.8049 | Val Acc 0.6813 | ETputs(KTEPS) 13247.39
2023-10-13 16:21:55,644 - tune.py [line:103] - INFO: Epoch 00520 | Time(s) 0.0469 | Val Loss 1.7254 | Val Acc 0.6659 | ETputs(KTEPS) 13390.31
2023-10-13 16:21:56,655 - tune.py [line:103] - INFO: Epoch 00540 | Time(s) 0.0470 | Val Loss 1.7780 | Val Acc 0.6813 | ETputs(KTEPS) 13351.36
2023-10-13 16:21:57,604 - tune.py [line:103] - INFO: Epoch 00560 | Time(s) 0.0470 | Val Loss 1.6968 | Val Acc 0.6989 | ETputs(KTEPS) 13346.91
2023-10-13 16:21:58,041 - tune.py [line:117] - INFO: [FINAL MODEL] Val accuracy 70.77% \Val loss: 1.8
2023-10-13 16:21:58,044 - tune.py [line:119] - INFO: [FINAL MODEL] Test accuracy 69.80% \Test loss: 1.8
2023-10-13 16:21:58,044 - tune.py [line:144] - INFO: Acc on the first split (Validation Set): 0.7077
2023-10-13 16:21:58,044 - tune.py [line:145] - INFO: Acc on the first split (Test Set): 0.6980
