2023-10-13 15:54:22,599 - tune.py [line:203] - INFO: Namespace(seed=42, model='GPRGNN', gpu=0, dataset='geom-chameleon', logging=True, log_detail=True, log_detailedCh=False, id_log=1013014504, optuna_n_trials=202, n_epochs=2000, self_loop=False, udgraph=True, early_stop=True, patience=300, n_hidden=64, n_cv=1, start_cv=0, n_layers=8, lr1=0.03, lr2=0.04, wd1=1e-08, wd2=1e-05, dropout=0.0, dropout2=0.7, alpha=0.8, es_ckpt='woselfloop-geom-chameleon_GPRGNN-geom-chameleon_trialNo18')
2023-10-13 15:54:23,382 - tune.py [line:128] - INFO: Split_seeds:[1824]
2023-10-13 15:54:23,382 - tune.py [line:129] - INFO: Model_seeds:[409]
2023-10-13 15:54:24,370 - tune.py [line:103] - INFO: Epoch 00020 | Time(s) 0.0477 | Val Loss 1.3042 | Val Acc 0.5868 | ETputs(KTEPS) 13158.52
2023-10-13 15:54:25,338 - tune.py [line:103] - INFO: Epoch 00040 | Time(s) 0.0478 | Val Loss 1.6270 | Val Acc 0.6000 | ETputs(KTEPS) 13120.82
2023-10-13 15:54:26,325 - tune.py [line:103] - INFO: Epoch 00060 | Time(s) 0.0480 | Val Loss 1.9071 | Val Acc 0.6022 | ETputs(KTEPS) 13060.02
2023-10-13 15:54:27,288 - tune.py [line:103] - INFO: Epoch 00080 | Time(s) 0.0480 | Val Loss 1.9893 | Val Acc 0.6352 | ETputs(KTEPS) 13083.69
2023-10-13 15:54:28,271 - tune.py [line:103] - INFO: Epoch 00100 | Time(s) 0.0481 | Val Loss 2.1374 | Val Acc 0.6505 | ETputs(KTEPS) 13033.08
2023-10-13 15:54:29,222 - tune.py [line:103] - INFO: Epoch 00120 | Time(s) 0.0480 | Val Loss 2.3005 | Val Acc 0.6352 | ETputs(KTEPS) 13063.37
2023-10-13 15:54:30,187 - tune.py [line:103] - INFO: Epoch 00140 | Time(s) 0.0480 | Val Loss 2.4725 | Val Acc 0.6418 | ETputs(KTEPS) 13064.88
2023-10-13 15:54:31,120 - tune.py [line:103] - INFO: Epoch 00160 | Time(s) 0.0478 | Val Loss 2.4820 | Val Acc 0.6505 | ETputs(KTEPS) 13116.50
2023-10-13 15:54:31,872 - tune.py [line:103] - INFO: Epoch 00180 | Time(s) 0.0467 | Val Loss 2.4973 | Val Acc 0.6659 | ETputs(KTEPS) 13436.06
2023-10-13 15:54:32,679 - tune.py [line:103] - INFO: Epoch 00200 | Time(s) 0.0461 | Val Loss 2.5704 | Val Acc 0.6703 | ETputs(KTEPS) 13622.75
2023-10-13 15:54:33,509 - tune.py [line:103] - INFO: Epoch 00220 | Time(s) 0.0456 | Val Loss 2.6027 | Val Acc 0.6571 | ETputs(KTEPS) 13750.51
2023-10-13 15:54:34,246 - tune.py [line:103] - INFO: Epoch 00240 | Time(s) 0.0449 | Val Loss 2.5334 | Val Acc 0.6549 | ETputs(KTEPS) 13975.61
2023-10-13 15:54:35,198 - tune.py [line:103] - INFO: Epoch 00260 | Time(s) 0.0451 | Val Loss 2.6096 | Val Acc 0.6593 | ETputs(KTEPS) 13911.33
2023-10-13 15:54:36,164 - tune.py [line:103] - INFO: Epoch 00280 | Time(s) 0.0453 | Val Loss 2.6456 | Val Acc 0.6747 | ETputs(KTEPS) 13846.56
2023-10-13 15:54:37,119 - tune.py [line:103] - INFO: Epoch 00300 | Time(s) 0.0455 | Val Loss 2.8445 | Val Acc 0.6681 | ETputs(KTEPS) 13797.26
2023-10-13 15:54:38,008 - tune.py [line:103] - INFO: Epoch 00320 | Time(s) 0.0454 | Val Loss 2.8976 | Val Acc 0.6703 | ETputs(KTEPS) 13817.19
2023-10-13 15:54:38,861 - tune.py [line:103] - INFO: Epoch 00340 | Time(s) 0.0452 | Val Loss 2.9148 | Val Acc 0.6835 | ETputs(KTEPS) 13867.75
2023-10-13 15:54:39,702 - tune.py [line:103] - INFO: Epoch 00360 | Time(s) 0.0451 | Val Loss 2.9649 | Val Acc 0.6747 | ETputs(KTEPS) 13922.55
2023-10-13 15:54:40,573 - tune.py [line:103] - INFO: Epoch 00380 | Time(s) 0.0450 | Val Loss 2.9542 | Val Acc 0.6835 | ETputs(KTEPS) 13947.84
2023-10-13 15:54:41,442 - tune.py [line:103] - INFO: Epoch 00400 | Time(s) 0.0449 | Val Loss 2.9368 | Val Acc 0.6769 | ETputs(KTEPS) 13974.53
2023-10-13 15:54:42,382 - tune.py [line:103] - INFO: Epoch 00420 | Time(s) 0.0450 | Val Loss 2.9770 | Val Acc 0.6813 | ETputs(KTEPS) 13944.12
2023-10-13 15:54:43,355 - tune.py [line:103] - INFO: Epoch 00440 | Time(s) 0.0452 | Val Loss 2.8960 | Val Acc 0.6791 | ETputs(KTEPS) 13893.06
2023-10-13 15:54:44,148 - tune.py [line:103] - INFO: Epoch 00460 | Time(s) 0.0449 | Val Loss 2.9731 | Val Acc 0.6725 | ETputs(KTEPS) 13967.44
2023-10-13 15:54:45,076 - tune.py [line:103] - INFO: Epoch 00480 | Time(s) 0.0450 | Val Loss 2.8092 | Val Acc 0.6835 | ETputs(KTEPS) 13950.26
2023-10-13 15:54:46,044 - tune.py [line:103] - INFO: Epoch 00500 | Time(s) 0.0451 | Val Loss 2.6997 | Val Acc 0.6901 | ETputs(KTEPS) 13912.25
2023-10-13 15:54:46,999 - tune.py [line:103] - INFO: Epoch 00520 | Time(s) 0.0452 | Val Loss 2.8335 | Val Acc 0.6857 | ETputs(KTEPS) 13880.88
2023-10-13 15:54:47,965 - tune.py [line:103] - INFO: Epoch 00540 | Time(s) 0.0453 | Val Loss 2.8671 | Val Acc 0.6857 | ETputs(KTEPS) 13846.47
2023-10-13 15:54:48,900 - tune.py [line:103] - INFO: Epoch 00560 | Time(s) 0.0454 | Val Loss 3.0002 | Val Acc 0.6857 | ETputs(KTEPS) 13830.74
2023-10-13 15:54:49,736 - tune.py [line:103] - INFO: Epoch 00580 | Time(s) 0.0452 | Val Loss 3.1042 | Val Acc 0.7011 | ETputs(KTEPS) 13871.11
2023-10-13 15:54:50,624 - tune.py [line:103] - INFO: Epoch 00600 | Time(s) 0.0452 | Val Loss 3.1364 | Val Acc 0.6923 | ETputs(KTEPS) 13881.23
2023-10-13 15:54:51,474 - tune.py [line:103] - INFO: Epoch 00620 | Time(s) 0.0451 | Val Loss 3.1164 | Val Acc 0.6835 | ETputs(KTEPS) 13908.21
2023-10-13 15:54:52,395 - tune.py [line:103] - INFO: Epoch 00640 | Time(s) 0.0451 | Val Loss 3.0736 | Val Acc 0.6857 | ETputs(KTEPS) 13899.31
2023-10-13 15:54:53,308 - tune.py [line:103] - INFO: Epoch 00660 | Time(s) 0.0452 | Val Loss 3.2647 | Val Acc 0.6549 | ETputs(KTEPS) 13894.72
2023-10-13 15:54:54,277 - tune.py [line:103] - INFO: Epoch 00680 | Time(s) 0.0453 | Val Loss 3.1889 | Val Acc 0.6725 | ETputs(KTEPS) 13865.54
2023-10-13 15:54:55,220 - tune.py [line:103] - INFO: Epoch 00700 | Time(s) 0.0453 | Val Loss 3.1521 | Val Acc 0.6769 | ETputs(KTEPS) 13848.83
2023-10-13 15:54:56,152 - tune.py [line:103] - INFO: Epoch 00720 | Time(s) 0.0453 | Val Loss 3.2957 | Val Acc 0.6879 | ETputs(KTEPS) 13838.50
2023-10-13 15:54:57,084 - tune.py [line:103] - INFO: Epoch 00740 | Time(s) 0.0454 | Val Loss 3.4364 | Val Acc 0.6813 | ETputs(KTEPS) 13828.35
2023-10-13 15:54:57,920 - tune.py [line:103] - INFO: Epoch 00760 | Time(s) 0.0453 | Val Loss 3.4580 | Val Acc 0.6747 | ETputs(KTEPS) 13857.18
2023-10-13 15:54:58,875 - tune.py [line:103] - INFO: Epoch 00780 | Time(s) 0.0453 | Val Loss 3.3877 | Val Acc 0.6769 | ETputs(KTEPS) 13838.12
2023-10-13 15:54:59,837 - tune.py [line:103] - INFO: Epoch 00800 | Time(s) 0.0454 | Val Loss 3.3789 | Val Acc 0.6835 | ETputs(KTEPS) 13817.16
2023-10-13 15:55:00,798 - tune.py [line:103] - INFO: Epoch 00820 | Time(s) 0.0455 | Val Loss 3.4263 | Val Acc 0.6835 | ETputs(KTEPS) 13797.95
2023-10-13 15:55:01,761 - tune.py [line:103] - INFO: Epoch 00840 | Time(s) 0.0455 | Val Loss 3.4613 | Val Acc 0.6747 | ETputs(KTEPS) 13778.76
2023-10-13 15:55:02,711 - tune.py [line:103] - INFO: Epoch 00860 | Time(s) 0.0456 | Val Loss 3.5396 | Val Acc 0.6769 | ETputs(KTEPS) 13765.21
2023-10-13 15:55:03,673 - tune.py [line:103] - INFO: Epoch 00880 | Time(s) 0.0456 | Val Loss 3.4373 | Val Acc 0.6769 | ETputs(KTEPS) 13748.24
2023-10-13 15:55:03,720 - tune.py [line:117] - INFO: [FINAL MODEL] Val accuracy 70.55% \Val loss: 3.1
2023-10-13 15:55:03,723 - tune.py [line:119] - INFO: [FINAL MODEL] Test accuracy 68.27% \Test loss: 4.0
2023-10-13 15:55:03,723 - tune.py [line:144] - INFO: Acc on the first split (Validation Set): 0.7055
2023-10-13 15:55:03,723 - tune.py [line:145] - INFO: Acc on the first split (Test Set): 0.6827
