2023-10-13 15:43:32,131 - tune.py [line:203] - INFO: Namespace(seed=42, model='GPRGNN', gpu=0, dataset='geom-chameleon', logging=True, log_detail=True, log_detailedCh=False, id_log=1013014504, optuna_n_trials=202, n_epochs=2000, self_loop=False, udgraph=True, early_stop=True, patience=300, n_hidden=64, n_cv=1, start_cv=0, n_layers=4, lr1=0.05, lr2=0.02, wd1=0.001, wd2=0.0001, dropout=0.6, dropout2=0.2, alpha=0.9, es_ckpt='woselfloop-geom-chameleon_GPRGNN-geom-chameleon_trialNo0')
2023-10-13 15:43:35,970 - tune.py [line:128] - INFO: Split_seeds:[1824]
2023-10-13 15:43:35,970 - tune.py [line:129] - INFO: Model_seeds:[409]
2023-10-13 15:43:37,826 - tune.py [line:103] - INFO: Epoch 00020 | Time(s) 0.0915 | Val Loss 1.3348 | Val Acc 0.4747 | ETputs(KTEPS) 6856.42
2023-10-13 15:43:38,437 - tune.py [line:103] - INFO: Epoch 00040 | Time(s) 0.0608 | Val Loss 1.4413 | Val Acc 0.3758 | ETputs(KTEPS) 10313.40
2023-10-13 15:43:39,060 - tune.py [line:103] - INFO: Epoch 00060 | Time(s) 0.0509 | Val Loss 1.3301 | Val Acc 0.4330 | ETputs(KTEPS) 12318.33
2023-10-13 15:43:39,810 - tune.py [line:103] - INFO: Epoch 00080 | Time(s) 0.0476 | Val Loss 1.2977 | Val Acc 0.4681 | ETputs(KTEPS) 13189.80
2023-10-13 15:43:40,409 - tune.py [line:103] - INFO: Epoch 00100 | Time(s) 0.0440 | Val Loss 1.2892 | Val Acc 0.5495 | ETputs(KTEPS) 14249.28
2023-10-13 15:43:41,000 - tune.py [line:103] - INFO: Epoch 00120 | Time(s) 0.0416 | Val Loss 1.3413 | Val Acc 0.4505 | ETputs(KTEPS) 15084.03
2023-10-13 15:43:41,750 - tune.py [line:103] - INFO: Epoch 00140 | Time(s) 0.0410 | Val Loss 1.3669 | Val Acc 0.4813 | ETputs(KTEPS) 15301.74
2023-10-13 15:43:42,311 - tune.py [line:103] - INFO: Epoch 00160 | Time(s) 0.0393 | Val Loss 1.2400 | Val Acc 0.5319 | ETputs(KTEPS) 15952.11
2023-10-13 15:43:42,960 - tune.py [line:103] - INFO: Epoch 00180 | Time(s) 0.0386 | Val Loss 1.3242 | Val Acc 0.4857 | ETputs(KTEPS) 16270.35
2023-10-13 15:43:43,687 - tune.py [line:103] - INFO: Epoch 00200 | Time(s) 0.0383 | Val Loss 1.3165 | Val Acc 0.4813 | ETputs(KTEPS) 16366.40
2023-10-13 15:43:44,176 - tune.py [line:103] - INFO: Epoch 00220 | Time(s) 0.0371 | Val Loss 1.2566 | Val Acc 0.5495 | ETputs(KTEPS) 16924.93
2023-10-13 15:43:44,800 - tune.py [line:103] - INFO: Epoch 00240 | Time(s) 0.0366 | Val Loss 1.2669 | Val Acc 0.4923 | ETputs(KTEPS) 17151.38
2023-10-13 15:43:45,588 - tune.py [line:103] - INFO: Epoch 00260 | Time(s) 0.0368 | Val Loss 1.3277 | Val Acc 0.4703 | ETputs(KTEPS) 17051.33
2023-10-13 15:43:46,107 - tune.py [line:103] - INFO: Epoch 00280 | Time(s) 0.0360 | Val Loss 1.3468 | Val Acc 0.4198 | ETputs(KTEPS) 17418.72
2023-10-13 15:43:46,787 - tune.py [line:103] - INFO: Epoch 00300 | Time(s) 0.0359 | Val Loss 1.4325 | Val Acc 0.4242 | ETputs(KTEPS) 17485.81
2023-10-13 15:43:47,618 - tune.py [line:103] - INFO: Epoch 00320 | Time(s) 0.0362 | Val Loss 1.3748 | Val Acc 0.4791 | ETputs(KTEPS) 17314.45
2023-10-13 15:43:48,026 - tune.py [line:103] - INFO: Epoch 00340 | Time(s) 0.0353 | Val Loss 1.2062 | Val Acc 0.5582 | ETputs(KTEPS) 17773.14
2023-10-13 15:43:48,711 - tune.py [line:103] - INFO: Epoch 00360 | Time(s) 0.0352 | Val Loss 1.1658 | Val Acc 0.5670 | ETputs(KTEPS) 17807.62
2023-10-13 15:43:49,222 - tune.py [line:103] - INFO: Epoch 00380 | Time(s) 0.0347 | Val Loss 1.3157 | Val Acc 0.4549 | ETputs(KTEPS) 18069.05
2023-10-13 15:43:49,871 - tune.py [line:103] - INFO: Epoch 00400 | Time(s) 0.0346 | Val Loss 1.2129 | Val Acc 0.5209 | ETputs(KTEPS) 18128.74
2023-10-13 15:43:50,497 - tune.py [line:103] - INFO: Epoch 00420 | Time(s) 0.0345 | Val Loss 1.5032 | Val Acc 0.4352 | ETputs(KTEPS) 18212.10
2023-10-13 15:43:51,050 - tune.py [line:103] - INFO: Epoch 00440 | Time(s) 0.0341 | Val Loss 1.2390 | Val Acc 0.5187 | ETputs(KTEPS) 18378.61
2023-10-13 15:43:51,734 - tune.py [line:103] - INFO: Epoch 00460 | Time(s) 0.0341 | Val Loss 1.4125 | Val Acc 0.4242 | ETputs(KTEPS) 18380.00
2023-10-13 15:43:52,208 - tune.py [line:103] - INFO: Epoch 00480 | Time(s) 0.0337 | Val Loss 1.1729 | Val Acc 0.5626 | ETputs(KTEPS) 18617.44
2023-10-13 15:43:52,810 - tune.py [line:103] - INFO: Epoch 00500 | Time(s) 0.0336 | Val Loss 1.2021 | Val Acc 0.5077 | ETputs(KTEPS) 18698.59
2023-10-13 15:43:53,527 - tune.py [line:103] - INFO: Epoch 00520 | Time(s) 0.0336 | Val Loss 1.2285 | Val Acc 0.4989 | ETputs(KTEPS) 18649.53
2023-10-13 15:43:54,051 - tune.py [line:103] - INFO: Epoch 00540 | Time(s) 0.0334 | Val Loss 1.2314 | Val Acc 0.5077 | ETputs(KTEPS) 18804.54
2023-10-13 15:43:54,721 - tune.py [line:103] - INFO: Epoch 00560 | Time(s) 0.0334 | Val Loss 1.2027 | Val Acc 0.5582 | ETputs(KTEPS) 18802.38
2023-10-13 15:43:55,280 - tune.py [line:103] - INFO: Epoch 00580 | Time(s) 0.0332 | Val Loss 1.2695 | Val Acc 0.5011 | ETputs(KTEPS) 18909.13
2023-10-13 15:43:55,887 - tune.py [line:103] - INFO: Epoch 00600 | Time(s) 0.0331 | Val Loss 1.4460 | Val Acc 0.4176 | ETputs(KTEPS) 18962.93
2023-10-13 15:43:56,644 - tune.py [line:103] - INFO: Epoch 00620 | Time(s) 0.0332 | Val Loss 1.4753 | Val Acc 0.4242 | ETputs(KTEPS) 18876.28
2023-10-13 15:43:57,254 - tune.py [line:103] - INFO: Epoch 00640 | Time(s) 0.0332 | Val Loss 1.3016 | Val Acc 0.5055 | ETputs(KTEPS) 18925.05
2023-10-13 15:43:57,903 - tune.py [line:103] - INFO: Epoch 00660 | Time(s) 0.0331 | Val Loss 1.3938 | Val Acc 0.4615 | ETputs(KTEPS) 18937.87
2023-10-13 15:43:58,596 - tune.py [line:103] - INFO: Epoch 00680 | Time(s) 0.0332 | Val Loss 1.2811 | Val Acc 0.5341 | ETputs(KTEPS) 18912.75
2023-10-13 15:43:59,154 - tune.py [line:103] - INFO: Epoch 00700 | Time(s) 0.0330 | Val Loss 1.2815 | Val Acc 0.4769 | ETputs(KTEPS) 18999.40
2023-10-13 15:43:59,690 - tune.py [line:103] - INFO: Epoch 00720 | Time(s) 0.0328 | Val Loss 1.2255 | Val Acc 0.5560 | ETputs(KTEPS) 19099.85
2023-10-13 15:44:00,445 - tune.py [line:103] - INFO: Epoch 00740 | Time(s) 0.0330 | Val Loss 1.2444 | Val Acc 0.5033 | ETputs(KTEPS) 19023.65
2023-10-13 15:44:00,577 - tune.py [line:117] - INFO: [FINAL MODEL] Val accuracy 59.12% \Val loss: 1.1
2023-10-13 15:44:00,579 - tune.py [line:119] - INFO: [FINAL MODEL] Test accuracy 57.77% \Test loss: 1.1
2023-10-13 15:44:00,579 - tune.py [line:144] - INFO: Acc on the first split (Validation Set): 0.5912
2023-10-13 15:44:00,579 - tune.py [line:145] - INFO: Acc on the first split (Test Set): 0.5777
