2023-10-13 16:14:18,213 - tune.py [line:203] - INFO: Namespace(seed=42, model='GPRGNN', gpu=0, dataset='geom-chameleon', logging=True, log_detail=True, log_detailedCh=False, id_log=1013014504, optuna_n_trials=202, n_epochs=2000, self_loop=False, udgraph=True, early_stop=True, patience=300, n_hidden=64, n_cv=1, start_cv=0, n_layers=8, lr1=0.05, lr2=0.05, wd1=1e-06, wd2=1e-05, dropout=0.5, dropout2=0.3, alpha=0.7000000000000001, es_ckpt='woselfloop-geom-chameleon_GPRGNN-geom-chameleon_trialNo91')
2023-10-13 16:14:19,057 - tune.py [line:128] - INFO: Split_seeds:[1824]
2023-10-13 16:14:19,057 - tune.py [line:129] - INFO: Model_seeds:[409]
2023-10-13 16:14:20,226 - tune.py [line:103] - INFO: Epoch 00020 | Time(s) 0.0550 | Val Loss 1.2801 | Val Acc 0.5670 | ETputs(KTEPS) 11400.46
2023-10-13 16:14:21,238 - tune.py [line:103] - INFO: Epoch 00040 | Time(s) 0.0526 | Val Loss 1.6541 | Val Acc 0.6000 | ETputs(KTEPS) 11921.62
2023-10-13 16:14:22,359 - tune.py [line:103] - INFO: Epoch 00060 | Time(s) 0.0538 | Val Loss 1.6518 | Val Acc 0.6110 | ETputs(KTEPS) 11670.66
2023-10-13 16:14:23,292 - tune.py [line:103] - INFO: Epoch 00080 | Time(s) 0.0518 | Val Loss 1.5942 | Val Acc 0.6176 | ETputs(KTEPS) 12103.87
2023-10-13 16:14:24,221 - tune.py [line:103] - INFO: Epoch 00100 | Time(s) 0.0507 | Val Loss 1.6866 | Val Acc 0.6418 | ETputs(KTEPS) 12371.62
2023-10-13 16:14:25,389 - tune.py [line:103] - INFO: Epoch 00120 | Time(s) 0.0519 | Val Loss 1.6360 | Val Acc 0.6484 | ETputs(KTEPS) 12083.85
2023-10-13 16:14:26,265 - tune.py [line:103] - INFO: Epoch 00140 | Time(s) 0.0507 | Val Loss 1.7273 | Val Acc 0.6791 | ETputs(KTEPS) 12384.50
2023-10-13 16:14:27,210 - tune.py [line:103] - INFO: Epoch 00160 | Time(s) 0.0502 | Val Loss 1.7250 | Val Acc 0.6615 | ETputs(KTEPS) 12493.05
2023-10-13 16:14:28,236 - tune.py [line:103] - INFO: Epoch 00180 | Time(s) 0.0503 | Val Loss 1.6992 | Val Acc 0.6857 | ETputs(KTEPS) 12464.19
2023-10-13 16:14:29,144 - tune.py [line:103] - INFO: Epoch 00200 | Time(s) 0.0498 | Val Loss 1.8026 | Val Acc 0.6725 | ETputs(KTEPS) 12587.63
2023-10-13 16:14:30,085 - tune.py [line:103] - INFO: Epoch 00220 | Time(s) 0.0496 | Val Loss 1.6436 | Val Acc 0.6747 | ETputs(KTEPS) 12655.47
2023-10-13 16:14:31,091 - tune.py [line:103] - INFO: Epoch 00240 | Time(s) 0.0496 | Val Loss 1.8532 | Val Acc 0.6725 | ETputs(KTEPS) 12643.28
2023-10-13 16:14:32,181 - tune.py [line:103] - INFO: Epoch 00260 | Time(s) 0.0500 | Val Loss 1.6953 | Val Acc 0.6989 | ETputs(KTEPS) 12549.99
2023-10-13 16:14:33,083 - tune.py [line:103] - INFO: Epoch 00280 | Time(s) 0.0496 | Val Loss 1.7013 | Val Acc 0.7011 | ETputs(KTEPS) 12642.92
2023-10-13 16:14:34,069 - tune.py [line:103] - INFO: Epoch 00300 | Time(s) 0.0496 | Val Loss 1.8141 | Val Acc 0.6945 | ETputs(KTEPS) 12649.03
2023-10-13 16:14:35,214 - tune.py [line:103] - INFO: Epoch 00320 | Time(s) 0.0501 | Val Loss 1.7620 | Val Acc 0.6989 | ETputs(KTEPS) 12528.24
2023-10-13 16:14:36,094 - tune.py [line:103] - INFO: Epoch 00340 | Time(s) 0.0497 | Val Loss 1.8507 | Val Acc 0.6923 | ETputs(KTEPS) 12619.12
2023-10-13 16:14:37,069 - tune.py [line:103] - INFO: Epoch 00360 | Time(s) 0.0497 | Val Loss 1.8205 | Val Acc 0.7033 | ETputs(KTEPS) 12633.08
2023-10-13 16:14:38,079 - tune.py [line:103] - INFO: Epoch 00380 | Time(s) 0.0497 | Val Loss 1.7273 | Val Acc 0.6923 | ETputs(KTEPS) 12622.08
2023-10-13 16:14:39,133 - tune.py [line:103] - INFO: Epoch 00400 | Time(s) 0.0499 | Val Loss 1.7776 | Val Acc 0.7099 | ETputs(KTEPS) 12584.35
2023-10-13 16:14:39,934 - tune.py [line:103] - INFO: Epoch 00420 | Time(s) 0.0494 | Val Loss 1.7844 | Val Acc 0.6989 | ETputs(KTEPS) 12703.56
2023-10-13 16:14:40,939 - tune.py [line:103] - INFO: Epoch 00440 | Time(s) 0.0494 | Val Loss 1.6923 | Val Acc 0.7121 | ETputs(KTEPS) 12696.25
2023-10-13 16:14:41,973 - tune.py [line:103] - INFO: Epoch 00460 | Time(s) 0.0495 | Val Loss 1.7677 | Val Acc 0.7077 | ETputs(KTEPS) 12671.24
2023-10-13 16:14:42,836 - tune.py [line:103] - INFO: Epoch 00480 | Time(s) 0.0492 | Val Loss 1.7672 | Val Acc 0.6989 | ETputs(KTEPS) 12739.89
2023-10-13 16:14:43,850 - tune.py [line:103] - INFO: Epoch 00500 | Time(s) 0.0493 | Val Loss 1.7713 | Val Acc 0.6989 | ETputs(KTEPS) 12725.06
2023-10-13 16:14:45,092 - tune.py [line:103] - INFO: Epoch 00520 | Time(s) 0.0498 | Val Loss 1.6891 | Val Acc 0.6901 | ETputs(KTEPS) 12599.52
2023-10-13 16:14:46,008 - tune.py [line:103] - INFO: Epoch 00540 | Time(s) 0.0496 | Val Loss 1.8527 | Val Acc 0.6923 | ETputs(KTEPS) 12637.28
2023-10-13 16:14:46,977 - tune.py [line:103] - INFO: Epoch 00560 | Time(s) 0.0496 | Val Loss 1.6801 | Val Acc 0.6857 | ETputs(KTEPS) 12648.19
2023-10-13 16:14:47,979 - tune.py [line:103] - INFO: Epoch 00580 | Time(s) 0.0496 | Val Loss 1.6840 | Val Acc 0.6879 | ETputs(KTEPS) 12644.14
2023-10-13 16:14:49,064 - tune.py [line:103] - INFO: Epoch 00600 | Time(s) 0.0498 | Val Loss 1.7560 | Val Acc 0.6857 | ETputs(KTEPS) 12605.20
2023-10-13 16:14:50,026 - tune.py [line:103] - INFO: Epoch 00620 | Time(s) 0.0497 | Val Loss 1.7382 | Val Acc 0.6879 | ETputs(KTEPS) 12619.08
2023-10-13 16:14:50,998 - tune.py [line:103] - INFO: Epoch 00640 | Time(s) 0.0497 | Val Loss 1.6028 | Val Acc 0.6923 | ETputs(KTEPS) 12628.36
2023-10-13 16:14:52,100 - tune.py [line:103] - INFO: Epoch 00660 | Time(s) 0.0498 | Val Loss 1.7829 | Val Acc 0.6945 | ETputs(KTEPS) 12586.71
2023-10-13 16:14:53,178 - tune.py [line:103] - INFO: Epoch 00680 | Time(s) 0.0500 | Val Loss 1.6924 | Val Acc 0.7011 | ETputs(KTEPS) 12556.75
2023-10-13 16:14:53,993 - tune.py [line:103] - INFO: Epoch 00700 | Time(s) 0.0497 | Val Loss 1.6990 | Val Acc 0.7055 | ETputs(KTEPS) 12623.50
2023-10-13 16:14:54,952 - tune.py [line:103] - INFO: Epoch 00720 | Time(s) 0.0497 | Val Loss 1.7303 | Val Acc 0.6857 | ETputs(KTEPS) 12636.23
2023-10-13 16:14:55,321 - tune.py [line:117] - INFO: [FINAL MODEL] Val accuracy 71.65% \Val loss: 1.7
2023-10-13 16:14:55,346 - tune.py [line:119] - INFO: [FINAL MODEL] Test accuracy 69.15% \Test loss: 1.9
2023-10-13 16:14:55,347 - tune.py [line:144] - INFO: Acc on the first split (Validation Set): 0.7165
2023-10-13 16:14:55,347 - tune.py [line:145] - INFO: Acc on the first split (Test Set): 0.6915
