2023-10-13 16:06:07,303 - tune.py [line:203] - INFO: Namespace(seed=42, model='GPRGNN', gpu=0, dataset='geom-chameleon', logging=True, log_detail=True, log_detailedCh=False, id_log=1013014504, optuna_n_trials=202, n_epochs=2000, self_loop=False, udgraph=True, early_stop=True, patience=300, n_hidden=64, n_cv=1, start_cv=0, n_layers=4, lr1=0.05, lr2=0.05, wd1=1e-07, wd2=1e-06, dropout=0.4, dropout2=0.5, alpha=0.7000000000000001, es_ckpt='woselfloop-geom-chameleon_GPRGNN-geom-chameleon_trialNo55')
2023-10-13 16:06:08,052 - tune.py [line:128] - INFO: Split_seeds:[1824]
2023-10-13 16:06:08,052 - tune.py [line:129] - INFO: Model_seeds:[409]
2023-10-13 16:06:08,880 - tune.py [line:103] - INFO: Epoch 00020 | Time(s) 0.0388 | Val Loss 1.2871 | Val Acc 0.6044 | ETputs(KTEPS) 16184.40
2023-10-13 16:06:09,486 - tune.py [line:103] - INFO: Epoch 00040 | Time(s) 0.0344 | Val Loss 1.6750 | Val Acc 0.6220 | ETputs(KTEPS) 18228.38
2023-10-13 16:06:10,287 - tune.py [line:103] - INFO: Epoch 00060 | Time(s) 0.0362 | Val Loss 1.7049 | Val Acc 0.5956 | ETputs(KTEPS) 17317.27
2023-10-13 16:06:10,893 - tune.py [line:103] - INFO: Epoch 00080 | Time(s) 0.0347 | Val Loss 1.6620 | Val Acc 0.6110 | ETputs(KTEPS) 18075.74
2023-10-13 16:06:11,642 - tune.py [line:103] - INFO: Epoch 00100 | Time(s) 0.0353 | Val Loss 1.7163 | Val Acc 0.6352 | ETputs(KTEPS) 17796.26
2023-10-13 16:06:12,304 - tune.py [line:103] - INFO: Epoch 00120 | Time(s) 0.0348 | Val Loss 1.7183 | Val Acc 0.6527 | ETputs(KTEPS) 18028.45
2023-10-13 16:06:13,048 - tune.py [line:103] - INFO: Epoch 00140 | Time(s) 0.0351 | Val Loss 1.7049 | Val Acc 0.6681 | ETputs(KTEPS) 17861.19
2023-10-13 16:06:13,619 - tune.py [line:103] - INFO: Epoch 00160 | Time(s) 0.0343 | Val Loss 1.7127 | Val Acc 0.6703 | ETputs(KTEPS) 18299.36
2023-10-13 16:06:14,461 - tune.py [line:103] - INFO: Epoch 00180 | Time(s) 0.0351 | Val Loss 1.6349 | Val Acc 0.6725 | ETputs(KTEPS) 17859.77
2023-10-13 16:06:15,045 - tune.py [line:103] - INFO: Epoch 00200 | Time(s) 0.0345 | Val Loss 1.7346 | Val Acc 0.6703 | ETputs(KTEPS) 18168.73
2023-10-13 16:06:15,848 - tune.py [line:103] - INFO: Epoch 00220 | Time(s) 0.0350 | Val Loss 1.6780 | Val Acc 0.6901 | ETputs(KTEPS) 17918.58
2023-10-13 16:06:16,492 - tune.py [line:103] - INFO: Epoch 00240 | Time(s) 0.0348 | Val Loss 1.7505 | Val Acc 0.6791 | ETputs(KTEPS) 18041.85
2023-10-13 16:06:17,263 - tune.py [line:103] - INFO: Epoch 00260 | Time(s) 0.0351 | Val Loss 1.6613 | Val Acc 0.6901 | ETputs(KTEPS) 17892.79
2023-10-13 16:06:17,914 - tune.py [line:103] - INFO: Epoch 00280 | Time(s) 0.0349 | Val Loss 1.6377 | Val Acc 0.6901 | ETputs(KTEPS) 17985.89
2023-10-13 16:06:18,672 - tune.py [line:103] - INFO: Epoch 00300 | Time(s) 0.0351 | Val Loss 1.7787 | Val Acc 0.7011 | ETputs(KTEPS) 17891.10
2023-10-13 16:06:19,334 - tune.py [line:103] - INFO: Epoch 00320 | Time(s) 0.0349 | Val Loss 1.8770 | Val Acc 0.7033 | ETputs(KTEPS) 17958.17
2023-10-13 16:06:20,142 - tune.py [line:103] - INFO: Epoch 00340 | Time(s) 0.0353 | Val Loss 1.8539 | Val Acc 0.7055 | ETputs(KTEPS) 17798.46
2023-10-13 16:06:20,768 - tune.py [line:103] - INFO: Epoch 00360 | Time(s) 0.0350 | Val Loss 1.8970 | Val Acc 0.7011 | ETputs(KTEPS) 17910.60
2023-10-13 16:06:21,593 - tune.py [line:103] - INFO: Epoch 00380 | Time(s) 0.0354 | Val Loss 1.7901 | Val Acc 0.6989 | ETputs(KTEPS) 17745.82
2023-10-13 16:06:22,180 - tune.py [line:103] - INFO: Epoch 00400 | Time(s) 0.0351 | Val Loss 1.7622 | Val Acc 0.6945 | ETputs(KTEPS) 17897.94
2023-10-13 16:06:22,981 - tune.py [line:103] - INFO: Epoch 00420 | Time(s) 0.0353 | Val Loss 1.7643 | Val Acc 0.6989 | ETputs(KTEPS) 17778.05
2023-10-13 16:06:23,601 - tune.py [line:103] - INFO: Epoch 00440 | Time(s) 0.0351 | Val Loss 1.7246 | Val Acc 0.7055 | ETputs(KTEPS) 17877.19
2023-10-13 16:06:24,304 - tune.py [line:103] - INFO: Epoch 00460 | Time(s) 0.0351 | Val Loss 1.8042 | Val Acc 0.7011 | ETputs(KTEPS) 17877.24
2023-10-13 16:06:24,915 - tune.py [line:103] - INFO: Epoch 00480 | Time(s) 0.0349 | Val Loss 1.7474 | Val Acc 0.6967 | ETputs(KTEPS) 17974.50
2023-10-13 16:06:25,728 - tune.py [line:103] - INFO: Epoch 00500 | Time(s) 0.0351 | Val Loss 1.9085 | Val Acc 0.6923 | ETputs(KTEPS) 17857.24
2023-10-13 16:06:26,339 - tune.py [line:103] - INFO: Epoch 00520 | Time(s) 0.0350 | Val Loss 1.9095 | Val Acc 0.6901 | ETputs(KTEPS) 17947.94
2023-10-13 16:06:27,124 - tune.py [line:103] - INFO: Epoch 00540 | Time(s) 0.0351 | Val Loss 1.9031 | Val Acc 0.6857 | ETputs(KTEPS) 17866.80
2023-10-13 16:06:27,723 - tune.py [line:103] - INFO: Epoch 00560 | Time(s) 0.0349 | Val Loss 1.7809 | Val Acc 0.7033 | ETputs(KTEPS) 17961.80
2023-10-13 16:06:28,497 - tune.py [line:103] - INFO: Epoch 00580 | Time(s) 0.0351 | Val Loss 1.8802 | Val Acc 0.6989 | ETputs(KTEPS) 17895.61
2023-10-13 16:06:29,113 - tune.py [line:103] - INFO: Epoch 00600 | Time(s) 0.0349 | Val Loss 2.0294 | Val Acc 0.6901 | ETputs(KTEPS) 17968.55
2023-10-13 16:06:29,911 - tune.py [line:103] - INFO: Epoch 00620 | Time(s) 0.0351 | Val Loss 1.8859 | Val Acc 0.6879 | ETputs(KTEPS) 17886.28
2023-10-13 16:06:30,455 - tune.py [line:117] - INFO: [FINAL MODEL] Val accuracy 71.43% \Val loss: 1.8
2023-10-13 16:06:30,472 - tune.py [line:119] - INFO: [FINAL MODEL] Test accuracy 68.71% \Test loss: 2.0
2023-10-13 16:06:30,472 - tune.py [line:144] - INFO: Acc on the first split (Validation Set): 0.7143
2023-10-13 16:06:30,472 - tune.py [line:145] - INFO: Acc on the first split (Test Set): 0.6871
