2023-10-13 15:53:24,384 - tune.py [line:203] - INFO: Namespace(seed=42, model='GPRGNN', gpu=0, dataset='geom-chameleon', logging=True, log_detail=True, log_detailedCh=False, id_log=1013014504, optuna_n_trials=202, n_epochs=2000, self_loop=False, udgraph=True, early_stop=True, patience=300, n_hidden=64, n_cv=1, start_cv=0, n_layers=16, lr1=0.01, lr2=0.02, wd1=1e-06, wd2=1e-07, dropout=0.3, dropout2=0.5, alpha=0.7000000000000001, es_ckpt='woselfloop-geom-chameleon_GPRGNN-geom-chameleon_trialNo14')
2023-10-13 15:53:25,152 - tune.py [line:128] - INFO: Split_seeds:[1824]
2023-10-13 15:53:25,152 - tune.py [line:129] - INFO: Model_seeds:[409]
2023-10-13 15:53:26,767 - tune.py [line:103] - INFO: Epoch 00020 | Time(s) 0.0792 | Val Loss 1.3067 | Val Acc 0.4923 | ETputs(KTEPS) 7923.61
2023-10-13 15:53:28,076 - tune.py [line:103] - INFO: Epoch 00040 | Time(s) 0.0721 | Val Loss 1.2408 | Val Acc 0.5187 | ETputs(KTEPS) 8707.40
2023-10-13 15:53:29,632 - tune.py [line:103] - INFO: Epoch 00060 | Time(s) 0.0739 | Val Loss 1.2785 | Val Acc 0.5736 | ETputs(KTEPS) 8491.10
2023-10-13 15:53:30,818 - tune.py [line:103] - INFO: Epoch 00080 | Time(s) 0.0701 | Val Loss 1.4205 | Val Acc 0.5802 | ETputs(KTEPS) 8949.24
2023-10-13 15:53:32,335 - tune.py [line:103] - INFO: Epoch 00100 | Time(s) 0.0712 | Val Loss 1.4608 | Val Acc 0.6176 | ETputs(KTEPS) 8811.35
2023-10-13 15:53:33,727 - tune.py [line:103] - INFO: Epoch 00120 | Time(s) 0.0709 | Val Loss 1.5248 | Val Acc 0.6198 | ETputs(KTEPS) 8849.87
2023-10-13 15:53:35,013 - tune.py [line:103] - INFO: Epoch 00140 | Time(s) 0.0699 | Val Loss 1.5591 | Val Acc 0.6264 | ETputs(KTEPS) 8973.35
2023-10-13 15:53:36,512 - tune.py [line:103] - INFO: Epoch 00160 | Time(s) 0.0705 | Val Loss 1.6338 | Val Acc 0.6264 | ETputs(KTEPS) 8893.98
2023-10-13 15:53:37,801 - tune.py [line:103] - INFO: Epoch 00180 | Time(s) 0.0698 | Val Loss 1.7129 | Val Acc 0.6440 | ETputs(KTEPS) 8982.92
2023-10-13 15:53:39,097 - tune.py [line:103] - INFO: Epoch 00200 | Time(s) 0.0693 | Val Loss 1.7859 | Val Acc 0.6330 | ETputs(KTEPS) 9049.01
2023-10-13 15:53:40,674 - tune.py [line:103] - INFO: Epoch 00220 | Time(s) 0.0702 | Val Loss 1.8027 | Val Acc 0.6418 | ETputs(KTEPS) 8937.84
2023-10-13 15:53:42,189 - tune.py [line:103] - INFO: Epoch 00240 | Time(s) 0.0706 | Val Loss 1.8737 | Val Acc 0.6593 | ETputs(KTEPS) 8883.54
2023-10-13 15:53:43,611 - tune.py [line:103] - INFO: Epoch 00260 | Time(s) 0.0707 | Val Loss 1.9226 | Val Acc 0.6615 | ETputs(KTEPS) 8879.27
2023-10-13 15:53:44,860 - tune.py [line:103] - INFO: Epoch 00280 | Time(s) 0.0701 | Val Loss 1.9945 | Val Acc 0.6571 | ETputs(KTEPS) 8953.67
2023-10-13 15:53:46,393 - tune.py [line:103] - INFO: Epoch 00300 | Time(s) 0.0705 | Val Loss 2.0079 | Val Acc 0.6681 | ETputs(KTEPS) 8901.96
2023-10-13 15:53:47,760 - tune.py [line:103] - INFO: Epoch 00320 | Time(s) 0.0703 | Val Loss 2.0694 | Val Acc 0.6703 | ETputs(KTEPS) 8919.31
2023-10-13 15:53:49,052 - tune.py [line:103] - INFO: Epoch 00340 | Time(s) 0.0700 | Val Loss 2.0625 | Val Acc 0.6571 | ETputs(KTEPS) 8962.51
2023-10-13 15:53:50,452 - tune.py [line:103] - INFO: Epoch 00360 | Time(s) 0.0700 | Val Loss 2.1732 | Val Acc 0.6703 | ETputs(KTEPS) 8962.65
2023-10-13 15:53:51,849 - tune.py [line:103] - INFO: Epoch 00380 | Time(s) 0.0700 | Val Loss 2.1904 | Val Acc 0.6681 | ETputs(KTEPS) 8963.93
2023-10-13 15:53:53,393 - tune.py [line:103] - INFO: Epoch 00400 | Time(s) 0.0704 | Val Loss 2.1843 | Val Acc 0.6637 | ETputs(KTEPS) 8918.15
2023-10-13 15:53:54,698 - tune.py [line:103] - INFO: Epoch 00420 | Time(s) 0.0701 | Val Loss 2.2014 | Val Acc 0.6681 | ETputs(KTEPS) 8949.07
2023-10-13 15:53:56,326 - tune.py [line:103] - INFO: Epoch 00440 | Time(s) 0.0706 | Val Loss 2.2814 | Val Acc 0.6659 | ETputs(KTEPS) 8884.23
2023-10-13 15:53:57,571 - tune.py [line:103] - INFO: Epoch 00460 | Time(s) 0.0703 | Val Loss 2.2835 | Val Acc 0.6637 | ETputs(KTEPS) 8930.67
2023-10-13 15:53:59,127 - tune.py [line:103] - INFO: Epoch 00480 | Time(s) 0.0706 | Val Loss 2.3157 | Val Acc 0.6681 | ETputs(KTEPS) 8891.00
2023-10-13 15:54:00,325 - tune.py [line:103] - INFO: Epoch 00500 | Time(s) 0.0701 | Val Loss 2.3202 | Val Acc 0.6659 | ETputs(KTEPS) 8945.23
2023-10-13 15:54:01,705 - tune.py [line:103] - INFO: Epoch 00520 | Time(s) 0.0701 | Val Loss 2.3469 | Val Acc 0.6637 | ETputs(KTEPS) 8950.81
2023-10-13 15:54:03,231 - tune.py [line:103] - INFO: Epoch 00540 | Time(s) 0.0703 | Val Loss 2.3873 | Val Acc 0.6791 | ETputs(KTEPS) 8921.78
2023-10-13 15:54:04,350 - tune.py [line:103] - INFO: Epoch 00560 | Time(s) 0.0698 | Val Loss 2.3701 | Val Acc 0.6747 | ETputs(KTEPS) 8987.53
2023-10-13 15:54:05,748 - tune.py [line:103] - INFO: Epoch 00580 | Time(s) 0.0698 | Val Loss 2.4224 | Val Acc 0.6725 | ETputs(KTEPS) 8987.19
2023-10-13 15:54:06,601 - tune.py [line:117] - INFO: [FINAL MODEL] Val accuracy 68.13% \Val loss: 2.0
2023-10-13 15:54:06,606 - tune.py [line:119] - INFO: [FINAL MODEL] Test accuracy 65.43% \Test loss: 1.8
2023-10-13 15:54:06,606 - tune.py [line:144] - INFO: Acc on the first split (Validation Set): 0.6813
2023-10-13 15:54:06,606 - tune.py [line:145] - INFO: Acc on the first split (Test Set): 0.6543
