2023-10-13 15:57:20,446 - tune.py [line:203] - INFO: Namespace(seed=42, model='GPRGNN', gpu=0, dataset='geom-chameleon', logging=True, log_detail=True, log_detailedCh=False, id_log=1013014504, optuna_n_trials=202, n_epochs=2000, self_loop=False, udgraph=True, early_stop=True, patience=300, n_hidden=64, n_cv=1, start_cv=0, n_layers=12, lr1=0.05, lr2=0.05, wd1=1e-06, wd2=1e-05, dropout=0.5, dropout2=0.3, alpha=0.9, es_ckpt='woselfloop-geom-chameleon_GPRGNN-geom-chameleon_trialNo24')
2023-10-13 15:57:21,212 - tune.py [line:128] - INFO: Split_seeds:[1824]
2023-10-13 15:57:21,212 - tune.py [line:129] - INFO: Model_seeds:[409]
2023-10-13 15:57:22,365 - tune.py [line:103] - INFO: Epoch 00020 | Time(s) 0.0550 | Val Loss 1.3015 | Val Acc 0.5560 | ETputs(KTEPS) 11414.17
2023-10-13 15:57:23,585 - tune.py [line:103] - INFO: Epoch 00040 | Time(s) 0.0577 | Val Loss 1.6502 | Val Acc 0.5934 | ETputs(KTEPS) 10867.34
2023-10-13 15:57:24,650 - tune.py [line:103] - INFO: Epoch 00060 | Time(s) 0.0562 | Val Loss 1.6991 | Val Acc 0.5934 | ETputs(KTEPS) 11169.98
2023-10-13 15:57:25,833 - tune.py [line:103] - INFO: Epoch 00080 | Time(s) 0.0568 | Val Loss 1.6294 | Val Acc 0.6308 | ETputs(KTEPS) 11039.60
2023-10-13 15:57:27,162 - tune.py [line:103] - INFO: Epoch 00100 | Time(s) 0.0586 | Val Loss 1.7457 | Val Acc 0.6505 | ETputs(KTEPS) 10700.62
2023-10-13 15:57:28,495 - tune.py [line:103] - INFO: Epoch 00120 | Time(s) 0.0599 | Val Loss 1.7037 | Val Acc 0.6549 | ETputs(KTEPS) 10472.37
2023-10-13 15:57:29,558 - tune.py [line:103] - INFO: Epoch 00140 | Time(s) 0.0589 | Val Loss 1.7487 | Val Acc 0.6703 | ETputs(KTEPS) 10653.60
2023-10-13 15:57:30,803 - tune.py [line:103] - INFO: Epoch 00160 | Time(s) 0.0592 | Val Loss 1.7100 | Val Acc 0.6659 | ETputs(KTEPS) 10594.77
2023-10-13 15:57:31,915 - tune.py [line:103] - INFO: Epoch 00180 | Time(s) 0.0588 | Val Loss 1.6285 | Val Acc 0.6923 | ETputs(KTEPS) 10667.86
2023-10-13 15:57:33,244 - tune.py [line:103] - INFO: Epoch 00200 | Time(s) 0.0596 | Val Loss 1.7474 | Val Acc 0.6769 | ETputs(KTEPS) 10531.93
2023-10-13 15:57:34,371 - tune.py [line:103] - INFO: Epoch 00220 | Time(s) 0.0593 | Val Loss 1.6103 | Val Acc 0.6791 | ETputs(KTEPS) 10583.82
2023-10-13 15:57:35,233 - tune.py [line:103] - INFO: Epoch 00240 | Time(s) 0.0579 | Val Loss 1.8411 | Val Acc 0.6747 | ETputs(KTEPS) 10830.66
2023-10-13 15:57:36,474 - tune.py [line:103] - INFO: Epoch 00260 | Time(s) 0.0582 | Val Loss 1.6968 | Val Acc 0.6945 | ETputs(KTEPS) 10775.71
2023-10-13 15:57:37,562 - tune.py [line:103] - INFO: Epoch 00280 | Time(s) 0.0579 | Val Loss 1.6772 | Val Acc 0.6989 | ETputs(KTEPS) 10826.99
2023-10-13 15:57:38,793 - tune.py [line:103] - INFO: Epoch 00300 | Time(s) 0.0582 | Val Loss 1.7888 | Val Acc 0.6967 | ETputs(KTEPS) 10782.33
2023-10-13 15:57:40,062 - tune.py [line:103] - INFO: Epoch 00320 | Time(s) 0.0585 | Val Loss 1.7474 | Val Acc 0.6967 | ETputs(KTEPS) 10722.49
2023-10-13 15:57:41,333 - tune.py [line:103] - INFO: Epoch 00340 | Time(s) 0.0588 | Val Loss 1.7190 | Val Acc 0.6901 | ETputs(KTEPS) 10668.57
2023-10-13 15:57:42,434 - tune.py [line:103] - INFO: Epoch 00360 | Time(s) 0.0586 | Val Loss 1.6870 | Val Acc 0.6879 | ETputs(KTEPS) 10707.07
2023-10-13 15:57:42,972 - tune.py [line:103] - INFO: Epoch 00380 | Time(s) 0.0569 | Val Loss 1.6264 | Val Acc 0.7011 | ETputs(KTEPS) 11021.00
2023-10-13 15:57:43,534 - tune.py [line:103] - INFO: Epoch 00400 | Time(s) 0.0555 | Val Loss 1.6155 | Val Acc 0.7055 | ETputs(KTEPS) 11309.55
2023-10-13 15:57:43,924 - tune.py [line:103] - INFO: Epoch 00420 | Time(s) 0.0538 | Val Loss 1.6413 | Val Acc 0.7011 | ETputs(KTEPS) 11670.27
2023-10-13 15:57:45,131 - tune.py [line:103] - INFO: Epoch 00440 | Time(s) 0.0541 | Val Loss 1.6075 | Val Acc 0.7099 | ETputs(KTEPS) 11606.34
2023-10-13 15:57:46,219 - tune.py [line:103] - INFO: Epoch 00460 | Time(s) 0.0541 | Val Loss 1.6409 | Val Acc 0.7055 | ETputs(KTEPS) 11602.98
2023-10-13 15:57:47,434 - tune.py [line:103] - INFO: Epoch 00480 | Time(s) 0.0544 | Val Loss 1.6867 | Val Acc 0.7033 | ETputs(KTEPS) 11543.88
2023-10-13 15:57:48,752 - tune.py [line:103] - INFO: Epoch 00500 | Time(s) 0.0548 | Val Loss 1.6555 | Val Acc 0.6989 | ETputs(KTEPS) 11446.90
2023-10-13 15:57:50,099 - tune.py [line:103] - INFO: Epoch 00520 | Time(s) 0.0553 | Val Loss 1.5708 | Val Acc 0.6901 | ETputs(KTEPS) 11347.35
2023-10-13 15:57:51,441 - tune.py [line:103] - INFO: Epoch 00540 | Time(s) 0.0557 | Val Loss 1.6627 | Val Acc 0.6835 | ETputs(KTEPS) 11258.51
2023-10-13 15:57:52,670 - tune.py [line:103] - INFO: Epoch 00560 | Time(s) 0.0559 | Val Loss 1.6418 | Val Acc 0.7033 | ETputs(KTEPS) 11217.46
2023-10-13 15:57:53,918 - tune.py [line:103] - INFO: Epoch 00580 | Time(s) 0.0562 | Val Loss 1.5340 | Val Acc 0.7165 | ETputs(KTEPS) 11173.04
2023-10-13 15:57:55,300 - tune.py [line:103] - INFO: Epoch 00600 | Time(s) 0.0566 | Val Loss 1.6540 | Val Acc 0.7011 | ETputs(KTEPS) 11088.91
2023-10-13 15:57:56,636 - tune.py [line:103] - INFO: Epoch 00620 | Time(s) 0.0569 | Val Loss 1.6977 | Val Acc 0.6945 | ETputs(KTEPS) 11024.88
2023-10-13 15:57:57,895 - tune.py [line:103] - INFO: Epoch 00640 | Time(s) 0.0571 | Val Loss 1.5379 | Val Acc 0.6835 | ETputs(KTEPS) 10988.67
2023-10-13 15:57:59,078 - tune.py [line:103] - INFO: Epoch 00660 | Time(s) 0.0572 | Val Loss 1.6623 | Val Acc 0.6791 | ETputs(KTEPS) 10976.92
2023-10-13 15:58:00,290 - tune.py [line:103] - INFO: Epoch 00680 | Time(s) 0.0573 | Val Loss 1.7191 | Val Acc 0.6835 | ETputs(KTEPS) 10957.45
2023-10-13 15:58:01,604 - tune.py [line:103] - INFO: Epoch 00700 | Time(s) 0.0575 | Val Loss 1.6071 | Val Acc 0.6791 | ETputs(KTEPS) 10911.69
2023-10-13 15:58:02,810 - tune.py [line:103] - INFO: Epoch 00720 | Time(s) 0.0576 | Val Loss 1.7466 | Val Acc 0.6725 | ETputs(KTEPS) 10897.32
2023-10-13 15:58:03,995 - tune.py [line:103] - INFO: Epoch 00740 | Time(s) 0.0576 | Val Loss 1.6040 | Val Acc 0.6967 | ETputs(KTEPS) 10888.85
2023-10-13 15:58:05,284 - tune.py [line:103] - INFO: Epoch 00760 | Time(s) 0.0578 | Val Loss 1.6357 | Val Acc 0.6945 | ETputs(KTEPS) 10855.03
2023-10-13 15:58:06,640 - tune.py [line:103] - INFO: Epoch 00780 | Time(s) 0.0581 | Val Loss 1.6885 | Val Acc 0.6967 | ETputs(KTEPS) 10807.27
2023-10-13 15:58:07,871 - tune.py [line:103] - INFO: Epoch 00800 | Time(s) 0.0581 | Val Loss 1.6065 | Val Acc 0.6857 | ETputs(KTEPS) 10791.08
2023-10-13 15:58:09,024 - tune.py [line:103] - INFO: Epoch 00820 | Time(s) 0.0581 | Val Loss 1.6526 | Val Acc 0.6791 | ETputs(KTEPS) 10793.56
2023-10-13 15:58:10,242 - tune.py [line:103] - INFO: Epoch 00840 | Time(s) 0.0582 | Val Loss 1.5830 | Val Acc 0.7033 | ETputs(KTEPS) 10781.48
2023-10-13 15:58:11,680 - tune.py [line:103] - INFO: Epoch 00860 | Time(s) 0.0585 | Val Loss 1.6657 | Val Acc 0.6923 | ETputs(KTEPS) 10722.96
2023-10-13 15:58:12,967 - tune.py [line:103] - INFO: Epoch 00880 | Time(s) 0.0586 | Val Loss 1.5675 | Val Acc 0.6923 | ETputs(KTEPS) 10698.82
2023-10-13 15:58:13,013 - tune.py [line:117] - INFO: [FINAL MODEL] Val accuracy 71.65% \Val loss: 1.5
2023-10-13 15:58:13,051 - tune.py [line:119] - INFO: [FINAL MODEL] Test accuracy 69.80% \Test loss: 1.9
2023-10-13 15:58:13,051 - tune.py [line:144] - INFO: Acc on the first split (Validation Set): 0.7165
2023-10-13 15:58:13,051 - tune.py [line:145] - INFO: Acc on the first split (Test Set): 0.6980
