2023-10-13 15:51:49,707 - tune.py [line:203] - INFO: Namespace(seed=42, model='GPRGNN', gpu=0, dataset='geom-chameleon', logging=True, log_detail=True, log_detailedCh=False, id_log=1013014504, optuna_n_trials=202, n_epochs=2000, self_loop=False, udgraph=True, early_stop=True, patience=300, n_hidden=64, n_cv=1, start_cv=0, n_layers=16, lr1=0.03, lr2=0.005, wd1=1e-08, wd2=1e-07, dropout=0.0, dropout2=0.8, alpha=0.9, es_ckpt='woselfloop-geom-chameleon_GPRGNN-geom-chameleon_trialNo13')
2023-10-13 15:51:50,453 - tune.py [line:128] - INFO: Split_seeds:[1824]
2023-10-13 15:51:50,454 - tune.py [line:129] - INFO: Model_seeds:[409]
2023-10-13 15:51:51,896 - tune.py [line:103] - INFO: Epoch 00020 | Time(s) 0.0710 | Val Loss 1.2956 | Val Acc 0.5341 | ETputs(KTEPS) 8833.80
2023-10-13 15:51:53,304 - tune.py [line:103] - INFO: Epoch 00040 | Time(s) 0.0705 | Val Loss 1.4935 | Val Acc 0.4527 | ETputs(KTEPS) 8896.86
2023-10-13 15:51:54,589 - tune.py [line:103] - INFO: Epoch 00060 | Time(s) 0.0684 | Val Loss 1.6416 | Val Acc 0.5033 | ETputs(KTEPS) 9177.64
2023-10-13 15:51:56,047 - tune.py [line:103] - INFO: Epoch 00080 | Time(s) 0.0694 | Val Loss 1.7529 | Val Acc 0.5670 | ETputs(KTEPS) 9037.30
2023-10-13 15:51:57,391 - tune.py [line:103] - INFO: Epoch 00100 | Time(s) 0.0689 | Val Loss 1.9375 | Val Acc 0.5648 | ETputs(KTEPS) 9101.17
2023-10-13 15:51:59,016 - tune.py [line:103] - INFO: Epoch 00120 | Time(s) 0.0709 | Val Loss 1.9232 | Val Acc 0.6088 | ETputs(KTEPS) 8847.18
2023-10-13 15:52:00,327 - tune.py [line:103] - INFO: Epoch 00140 | Time(s) 0.0701 | Val Loss 2.1413 | Val Acc 0.6044 | ETputs(KTEPS) 8951.62
2023-10-13 15:52:01,850 - tune.py [line:103] - INFO: Epoch 00160 | Time(s) 0.0708 | Val Loss 2.2668 | Val Acc 0.6220 | ETputs(KTEPS) 8864.38
2023-10-13 15:52:03,269 - tune.py [line:103] - INFO: Epoch 00180 | Time(s) 0.0708 | Val Loss 2.3986 | Val Acc 0.6242 | ETputs(KTEPS) 8862.85
2023-10-13 15:52:04,708 - tune.py [line:103] - INFO: Epoch 00200 | Time(s) 0.0709 | Val Loss 2.3384 | Val Acc 0.6418 | ETputs(KTEPS) 8853.67
2023-10-13 15:52:06,130 - tune.py [line:103] - INFO: Epoch 00220 | Time(s) 0.0709 | Val Loss 2.4104 | Val Acc 0.6330 | ETputs(KTEPS) 8851.16
2023-10-13 15:52:07,534 - tune.py [line:103] - INFO: Epoch 00240 | Time(s) 0.0708 | Val Loss 2.2538 | Val Acc 0.6418 | ETputs(KTEPS) 8858.87
2023-10-13 15:52:09,168 - tune.py [line:103] - INFO: Epoch 00260 | Time(s) 0.0716 | Val Loss 2.2773 | Val Acc 0.6440 | ETputs(KTEPS) 8757.28
2023-10-13 15:52:10,470 - tune.py [line:103] - INFO: Epoch 00280 | Time(s) 0.0712 | Val Loss 2.2845 | Val Acc 0.6242 | ETputs(KTEPS) 8815.27
2023-10-13 15:52:12,120 - tune.py [line:103] - INFO: Epoch 00300 | Time(s) 0.0719 | Val Loss 2.3855 | Val Acc 0.6374 | ETputs(KTEPS) 8723.09
2023-10-13 15:52:13,548 - tune.py [line:103] - INFO: Epoch 00320 | Time(s) 0.0719 | Val Loss 2.4354 | Val Acc 0.6308 | ETputs(KTEPS) 8727.26
2023-10-13 15:52:15,097 - tune.py [line:103] - INFO: Epoch 00340 | Time(s) 0.0722 | Val Loss 2.4577 | Val Acc 0.6484 | ETputs(KTEPS) 8687.95
2023-10-13 15:52:16,405 - tune.py [line:103] - INFO: Epoch 00360 | Time(s) 0.0718 | Val Loss 2.5484 | Val Acc 0.6286 | ETputs(KTEPS) 8733.92
2023-10-13 15:52:17,928 - tune.py [line:103] - INFO: Epoch 00380 | Time(s) 0.0721 | Val Loss 2.4630 | Val Acc 0.6286 | ETputs(KTEPS) 8706.42
2023-10-13 15:52:19,204 - tune.py [line:103] - INFO: Epoch 00400 | Time(s) 0.0716 | Val Loss 2.4786 | Val Acc 0.6396 | ETputs(KTEPS) 8756.89
2023-10-13 15:52:20,561 - tune.py [line:103] - INFO: Epoch 00420 | Time(s) 0.0715 | Val Loss 2.3337 | Val Acc 0.6242 | ETputs(KTEPS) 8779.25
2023-10-13 15:52:22,080 - tune.py [line:103] - INFO: Epoch 00440 | Time(s) 0.0717 | Val Loss 2.3849 | Val Acc 0.6527 | ETputs(KTEPS) 8754.42
2023-10-13 15:52:23,396 - tune.py [line:103] - INFO: Epoch 00460 | Time(s) 0.0714 | Val Loss 2.3588 | Val Acc 0.6352 | ETputs(KTEPS) 8785.89
2023-10-13 15:52:24,878 - tune.py [line:103] - INFO: Epoch 00480 | Time(s) 0.0715 | Val Loss 2.3152 | Val Acc 0.6615 | ETputs(KTEPS) 8772.22
2023-10-13 15:52:26,308 - tune.py [line:103] - INFO: Epoch 00500 | Time(s) 0.0715 | Val Loss 2.2766 | Val Acc 0.6484 | ETputs(KTEPS) 8774.59
2023-10-13 15:52:27,727 - tune.py [line:103] - INFO: Epoch 00520 | Time(s) 0.0715 | Val Loss 2.2802 | Val Acc 0.6615 | ETputs(KTEPS) 8777.90
2023-10-13 15:52:29,104 - tune.py [line:103] - INFO: Epoch 00540 | Time(s) 0.0714 | Val Loss 2.2774 | Val Acc 0.6462 | ETputs(KTEPS) 8789.96
2023-10-13 15:52:30,556 - tune.py [line:103] - INFO: Epoch 00560 | Time(s) 0.0714 | Val Loss 2.2459 | Val Acc 0.6659 | ETputs(KTEPS) 8784.77
2023-10-13 15:52:31,991 - tune.py [line:103] - INFO: Epoch 00580 | Time(s) 0.0714 | Val Loss 2.1765 | Val Acc 0.6637 | ETputs(KTEPS) 8783.44
2023-10-13 15:52:33,266 - tune.py [line:103] - INFO: Epoch 00600 | Time(s) 0.0712 | Val Loss 2.1578 | Val Acc 0.6615 | ETputs(KTEPS) 8815.57
2023-10-13 15:52:34,730 - tune.py [line:103] - INFO: Epoch 00620 | Time(s) 0.0712 | Val Loss 2.2652 | Val Acc 0.6505 | ETputs(KTEPS) 8808.02
2023-10-13 15:52:36,100 - tune.py [line:103] - INFO: Epoch 00640 | Time(s) 0.0711 | Val Loss 2.2780 | Val Acc 0.6593 | ETputs(KTEPS) 8818.74
2023-10-13 15:52:37,334 - tune.py [line:103] - INFO: Epoch 00660 | Time(s) 0.0709 | Val Loss 2.3977 | Val Acc 0.6637 | ETputs(KTEPS) 8854.52
2023-10-13 15:52:38,807 - tune.py [line:103] - INFO: Epoch 00680 | Time(s) 0.0709 | Val Loss 2.4361 | Val Acc 0.6681 | ETputs(KTEPS) 8844.35
2023-10-13 15:52:40,057 - tune.py [line:103] - INFO: Epoch 00700 | Time(s) 0.0707 | Val Loss 2.3557 | Val Acc 0.6681 | ETputs(KTEPS) 8875.12
2023-10-13 15:52:41,707 - tune.py [line:103] - INFO: Epoch 00720 | Time(s) 0.0710 | Val Loss 2.3979 | Val Acc 0.6747 | ETputs(KTEPS) 8834.96
2023-10-13 15:52:42,998 - tune.py [line:103] - INFO: Epoch 00740 | Time(s) 0.0708 | Val Loss 2.4633 | Val Acc 0.6681 | ETputs(KTEPS) 8856.92
2023-10-13 15:52:44,488 - tune.py [line:103] - INFO: Epoch 00760 | Time(s) 0.0709 | Val Loss 2.3652 | Val Acc 0.6747 | ETputs(KTEPS) 8844.89
2023-10-13 15:52:45,909 - tune.py [line:103] - INFO: Epoch 00780 | Time(s) 0.0709 | Val Loss 2.3474 | Val Acc 0.6703 | ETputs(KTEPS) 8844.76
2023-10-13 15:52:47,382 - tune.py [line:103] - INFO: Epoch 00800 | Time(s) 0.0710 | Val Loss 2.3257 | Val Acc 0.6659 | ETputs(KTEPS) 8836.44
2023-10-13 15:52:48,911 - tune.py [line:103] - INFO: Epoch 00820 | Time(s) 0.0711 | Val Loss 2.3030 | Val Acc 0.6725 | ETputs(KTEPS) 8819.96
2023-10-13 15:52:50,155 - tune.py [line:103] - INFO: Epoch 00840 | Time(s) 0.0709 | Val Loss 2.3261 | Val Acc 0.6681 | ETputs(KTEPS) 8846.50
2023-10-13 15:52:51,781 - tune.py [line:103] - INFO: Epoch 00860 | Time(s) 0.0712 | Val Loss 2.2623 | Val Acc 0.6615 | ETputs(KTEPS) 8816.54
2023-10-13 15:52:53,093 - tune.py [line:103] - INFO: Epoch 00880 | Time(s) 0.0710 | Val Loss 2.3677 | Val Acc 0.6593 | ETputs(KTEPS) 8832.37
2023-10-13 15:52:54,675 - tune.py [line:103] - INFO: Epoch 00900 | Time(s) 0.0712 | Val Loss 2.3882 | Val Acc 0.6725 | ETputs(KTEPS) 8810.38
2023-10-13 15:52:55,913 - tune.py [line:103] - INFO: Epoch 00920 | Time(s) 0.0710 | Val Loss 2.3041 | Val Acc 0.6637 | ETputs(KTEPS) 8835.53
2023-10-13 15:52:57,249 - tune.py [line:103] - INFO: Epoch 00940 | Time(s) 0.0709 | Val Loss 2.3307 | Val Acc 0.6835 | ETputs(KTEPS) 8846.82
2023-10-13 15:52:58,588 - tune.py [line:103] - INFO: Epoch 00960 | Time(s) 0.0708 | Val Loss 2.2753 | Val Acc 0.6637 | ETputs(KTEPS) 8857.18
2023-10-13 15:52:59,772 - tune.py [line:103] - INFO: Epoch 00980 | Time(s) 0.0706 | Val Loss 2.2085 | Val Acc 0.6879 | ETputs(KTEPS) 8887.08
2023-10-13 15:53:01,437 - tune.py [line:103] - INFO: Epoch 01000 | Time(s) 0.0708 | Val Loss 2.2563 | Val Acc 0.6681 | ETputs(KTEPS) 8856.59
2023-10-13 15:53:02,715 - tune.py [line:103] - INFO: Epoch 01020 | Time(s) 0.0707 | Val Loss 2.2990 | Val Acc 0.6791 | ETputs(KTEPS) 8873.65
2023-10-13 15:53:04,274 - tune.py [line:103] - INFO: Epoch 01040 | Time(s) 0.0708 | Val Loss 2.3486 | Val Acc 0.6769 | ETputs(KTEPS) 8856.31
2023-10-13 15:53:05,686 - tune.py [line:103] - INFO: Epoch 01060 | Time(s) 0.0708 | Val Loss 2.4246 | Val Acc 0.6835 | ETputs(KTEPS) 8856.92
2023-10-13 15:53:06,928 - tune.py [line:103] - INFO: Epoch 01080 | Time(s) 0.0707 | Val Loss 2.3780 | Val Acc 0.6725 | ETputs(KTEPS) 8877.41
2023-10-13 15:53:08,370 - tune.py [line:103] - INFO: Epoch 01100 | Time(s) 0.0707 | Val Loss 2.4673 | Val Acc 0.6725 | ETputs(KTEPS) 8874.21
2023-10-13 15:53:09,739 - tune.py [line:103] - INFO: Epoch 01120 | Time(s) 0.0707 | Val Loss 2.2965 | Val Acc 0.6769 | ETputs(KTEPS) 8879.27
2023-10-13 15:53:11,045 - tune.py [line:103] - INFO: Epoch 01140 | Time(s) 0.0706 | Val Loss 2.3368 | Val Acc 0.6791 | ETputs(KTEPS) 8891.26
2023-10-13 15:53:12,424 - tune.py [line:103] - INFO: Epoch 01160 | Time(s) 0.0705 | Val Loss 2.3140 | Val Acc 0.6681 | ETputs(KTEPS) 8894.78
2023-10-13 15:53:13,746 - tune.py [line:103] - INFO: Epoch 01180 | Time(s) 0.0705 | Val Loss 2.4432 | Val Acc 0.6637 | ETputs(KTEPS) 8904.32
2023-10-13 15:53:15,146 - tune.py [line:103] - INFO: Epoch 01200 | Time(s) 0.0705 | Val Loss 2.3656 | Val Acc 0.6835 | ETputs(KTEPS) 8905.43
2023-10-13 15:53:16,639 - tune.py [line:103] - INFO: Epoch 01220 | Time(s) 0.0705 | Val Loss 2.3331 | Val Acc 0.6769 | ETputs(KTEPS) 8896.79
2023-10-13 15:53:21,190 - tune.py [line:103] - INFO: Epoch 01240 | Time(s) 0.0731 | Val Loss 2.2014 | Val Acc 0.6813 | ETputs(KTEPS) 8588.47
2023-10-13 15:53:22,544 - tune.py [line:103] - INFO: Epoch 01260 | Time(s) 0.0730 | Val Loss 2.2490 | Val Acc 0.6813 | ETputs(KTEPS) 8598.60
2023-10-13 15:53:24,021 - tune.py [line:103] - INFO: Epoch 01280 | Time(s) 0.0730 | Val Loss 2.2893 | Val Acc 0.6703 | ETputs(KTEPS) 8596.96
2023-10-13 15:53:24,079 - tune.py [line:117] - INFO: [FINAL MODEL] Val accuracy 69.45% \Val loss: 2.3
2023-10-13 15:53:24,083 - tune.py [line:119] - INFO: [FINAL MODEL] Test accuracy 68.93% \Test loss: 2.7
2023-10-13 15:53:24,083 - tune.py [line:144] - INFO: Acc on the first split (Validation Set): 0.6945
2023-10-13 15:53:24,083 - tune.py [line:145] - INFO: Acc on the first split (Test Set): 0.6893
