2023-10-13 16:22:05,401 - tune.py [line:203] - INFO: Namespace(seed=42, model='GPRGNN', gpu=0, dataset='geom-chameleon', logging=True, log_detail=True, log_detailedCh=False, id_log=1013014504, optuna_n_trials=202, n_epochs=2000, self_loop=False, udgraph=True, early_stop=True, patience=300, n_hidden=64, n_cv=1, start_cv=0, n_layers=16, lr1=0.05, lr2=0.05, wd1=1e-05, wd2=1e-05, dropout=0.4, dropout2=0.5, alpha=0.7000000000000001, es_ckpt='woselfloop-geom-chameleon_GPRGNN-geom-chameleon_trialNo131')
2023-10-13 16:22:06,173 - tune.py [line:128] - INFO: Split_seeds:[1824]
2023-10-13 16:22:06,174 - tune.py [line:129] - INFO: Model_seeds:[409]
2023-10-13 16:22:07,922 - tune.py [line:103] - INFO: Epoch 00020 | Time(s) 0.0844 | Val Loss 1.2742 | Val Acc 0.5670 | ETputs(KTEPS) 7435.08
2023-10-13 16:22:09,269 - tune.py [line:103] - INFO: Epoch 00040 | Time(s) 0.0756 | Val Loss 1.5659 | Val Acc 0.5978 | ETputs(KTEPS) 8294.99
2023-10-13 16:22:10,606 - tune.py [line:103] - INFO: Epoch 00060 | Time(s) 0.0727 | Val Loss 1.5786 | Val Acc 0.6044 | ETputs(KTEPS) 8631.33
2023-10-13 16:22:12,126 - tune.py [line:103] - INFO: Epoch 00080 | Time(s) 0.0734 | Val Loss 1.5735 | Val Acc 0.6176 | ETputs(KTEPS) 8545.45
2023-10-13 16:22:13,679 - tune.py [line:103] - INFO: Epoch 00100 | Time(s) 0.0742 | Val Loss 1.5353 | Val Acc 0.6418 | ETputs(KTEPS) 8452.85
2023-10-13 16:22:15,297 - tune.py [line:103] - INFO: Epoch 00120 | Time(s) 0.0753 | Val Loss 1.5194 | Val Acc 0.6549 | ETputs(KTEPS) 8333.61
2023-10-13 16:22:16,923 - tune.py [line:103] - INFO: Epoch 00140 | Time(s) 0.0761 | Val Loss 1.4578 | Val Acc 0.6681 | ETputs(KTEPS) 8243.41
2023-10-13 16:22:18,300 - tune.py [line:103] - INFO: Epoch 00160 | Time(s) 0.0752 | Val Loss 1.4950 | Val Acc 0.6791 | ETputs(KTEPS) 8343.02
2023-10-13 16:22:19,654 - tune.py [line:103] - INFO: Epoch 00180 | Time(s) 0.0744 | Val Loss 1.4218 | Val Acc 0.6703 | ETputs(KTEPS) 8438.20
2023-10-13 16:22:21,118 - tune.py [line:103] - INFO: Epoch 00200 | Time(s) 0.0742 | Val Loss 1.4573 | Val Acc 0.6571 | ETputs(KTEPS) 8451.76
2023-10-13 16:22:22,725 - tune.py [line:103] - INFO: Epoch 00220 | Time(s) 0.0748 | Val Loss 1.3820 | Val Acc 0.6835 | ETputs(KTEPS) 8388.80
2023-10-13 16:22:24,161 - tune.py [line:103] - INFO: Epoch 00240 | Time(s) 0.0745 | Val Loss 1.4197 | Val Acc 0.6615 | ETputs(KTEPS) 8418.51
2023-10-13 16:22:25,600 - tune.py [line:103] - INFO: Epoch 00260 | Time(s) 0.0743 | Val Loss 1.3208 | Val Acc 0.6857 | ETputs(KTEPS) 8441.72
2023-10-13 16:22:27,028 - tune.py [line:103] - INFO: Epoch 00280 | Time(s) 0.0741 | Val Loss 1.3873 | Val Acc 0.6835 | ETputs(KTEPS) 8466.73
2023-10-13 16:22:28,431 - tune.py [line:103] - INFO: Epoch 00300 | Time(s) 0.0738 | Val Loss 1.3736 | Val Acc 0.7011 | ETputs(KTEPS) 8498.21
2023-10-13 16:22:29,909 - tune.py [line:103] - INFO: Epoch 00320 | Time(s) 0.0738 | Val Loss 1.4506 | Val Acc 0.6857 | ETputs(KTEPS) 8497.72
2023-10-13 16:22:31,371 - tune.py [line:103] - INFO: Epoch 00340 | Time(s) 0.0738 | Val Loss 1.4323 | Val Acc 0.6791 | ETputs(KTEPS) 8502.88
2023-10-13 16:22:32,799 - tune.py [line:103] - INFO: Epoch 00360 | Time(s) 0.0737 | Val Loss 1.5425 | Val Acc 0.6791 | ETputs(KTEPS) 8518.22
2023-10-13 16:22:34,394 - tune.py [line:103] - INFO: Epoch 00380 | Time(s) 0.0740 | Val Loss 1.3298 | Val Acc 0.6923 | ETputs(KTEPS) 8481.46
2023-10-13 16:22:35,939 - tune.py [line:103] - INFO: Epoch 00400 | Time(s) 0.0741 | Val Loss 1.3105 | Val Acc 0.6901 | ETputs(KTEPS) 8462.84
2023-10-13 16:22:37,702 - tune.py [line:103] - INFO: Epoch 00420 | Time(s) 0.0748 | Val Loss 1.3351 | Val Acc 0.6769 | ETputs(KTEPS) 8388.08
2023-10-13 16:22:39,232 - tune.py [line:103] - INFO: Epoch 00440 | Time(s) 0.0749 | Val Loss 1.3370 | Val Acc 0.6857 | ETputs(KTEPS) 8380.09
2023-10-13 16:22:40,842 - tune.py [line:103] - INFO: Epoch 00460 | Time(s) 0.0751 | Val Loss 1.4369 | Val Acc 0.6835 | ETputs(KTEPS) 8352.91
2023-10-13 16:22:42,361 - tune.py [line:103] - INFO: Epoch 00480 | Time(s) 0.0751 | Val Loss 1.2993 | Val Acc 0.7011 | ETputs(KTEPS) 8349.12
2023-10-13 16:22:43,915 - tune.py [line:103] - INFO: Epoch 00500 | Time(s) 0.0752 | Val Loss 1.3520 | Val Acc 0.6769 | ETputs(KTEPS) 8338.00
2023-10-13 16:22:45,440 - tune.py [line:103] - INFO: Epoch 00520 | Time(s) 0.0753 | Val Loss 1.3333 | Val Acc 0.6901 | ETputs(KTEPS) 8333.92
2023-10-13 16:22:46,769 - tune.py [line:103] - INFO: Epoch 00540 | Time(s) 0.0750 | Val Loss 1.3630 | Val Acc 0.7033 | ETputs(KTEPS) 8370.39
2023-10-13 16:22:48,231 - tune.py [line:103] - INFO: Epoch 00560 | Time(s) 0.0749 | Val Loss 1.3241 | Val Acc 0.7231 | ETputs(KTEPS) 8378.35
2023-10-13 16:22:49,788 - tune.py [line:103] - INFO: Epoch 00580 | Time(s) 0.0750 | Val Loss 1.3436 | Val Acc 0.6967 | ETputs(KTEPS) 8367.37
2023-10-13 16:22:51,231 - tune.py [line:103] - INFO: Epoch 00600 | Time(s) 0.0749 | Val Loss 1.3022 | Val Acc 0.7099 | ETputs(KTEPS) 8378.01
2023-10-13 16:22:52,917 - tune.py [line:103] - INFO: Epoch 00620 | Time(s) 0.0752 | Val Loss 1.3170 | Val Acc 0.6637 | ETputs(KTEPS) 8344.31
2023-10-13 16:22:54,634 - tune.py [line:103] - INFO: Epoch 00640 | Time(s) 0.0755 | Val Loss 1.4189 | Val Acc 0.6615 | ETputs(KTEPS) 8307.59
2023-10-13 16:22:56,226 - tune.py [line:103] - INFO: Epoch 00660 | Time(s) 0.0756 | Val Loss 1.2914 | Val Acc 0.6945 | ETputs(KTEPS) 8294.15
2023-10-13 16:22:57,557 - tune.py [line:103] - INFO: Epoch 00680 | Time(s) 0.0754 | Val Loss 1.3782 | Val Acc 0.6835 | ETputs(KTEPS) 8323.67
2023-10-13 16:22:58,800 - tune.py [line:103] - INFO: Epoch 00700 | Time(s) 0.0750 | Val Loss 1.3092 | Val Acc 0.6879 | ETputs(KTEPS) 8365.71
2023-10-13 16:23:00,181 - tune.py [line:103] - INFO: Epoch 00720 | Time(s) 0.0748 | Val Loss 1.3591 | Val Acc 0.6989 | ETputs(KTEPS) 8384.23
2023-10-13 16:23:01,624 - tune.py [line:103] - INFO: Epoch 00740 | Time(s) 0.0748 | Val Loss 1.4187 | Val Acc 0.6791 | ETputs(KTEPS) 8392.47
2023-10-13 16:23:03,157 - tune.py [line:103] - INFO: Epoch 00760 | Time(s) 0.0748 | Val Loss 1.2734 | Val Acc 0.6879 | ETputs(KTEPS) 8386.89
2023-10-13 16:23:04,667 - tune.py [line:103] - INFO: Epoch 00780 | Time(s) 0.0748 | Val Loss 1.3507 | Val Acc 0.6967 | ETputs(KTEPS) 8385.02
2023-10-13 16:23:05,867 - tune.py [line:103] - INFO: Epoch 00800 | Time(s) 0.0745 | Val Loss 1.2187 | Val Acc 0.6879 | ETputs(KTEPS) 8426.76
2023-10-13 16:23:07,393 - tune.py [line:103] - INFO: Epoch 00820 | Time(s) 0.0745 | Val Loss 1.2656 | Val Acc 0.6769 | ETputs(KTEPS) 8421.79
2023-10-13 16:23:08,754 - tune.py [line:103] - INFO: Epoch 00840 | Time(s) 0.0743 | Val Loss 1.3407 | Val Acc 0.6857 | ETputs(KTEPS) 8439.28
2023-10-13 16:23:10,346 - tune.py [line:103] - INFO: Epoch 00860 | Time(s) 0.0745 | Val Loss 1.3928 | Val Acc 0.7011 | ETputs(KTEPS) 8425.50
2023-10-13 16:23:10,402 - tune.py [line:117] - INFO: [FINAL MODEL] Val accuracy 72.31% \Val loss: 1.3
2023-10-13 16:23:10,449 - tune.py [line:119] - INFO: [FINAL MODEL] Test accuracy 67.83% \Test loss: 1.5
2023-10-13 16:23:10,449 - tune.py [line:144] - INFO: Acc on the first split (Validation Set): 0.7231
2023-10-13 16:23:10,450 - tune.py [line:145] - INFO: Acc on the first split (Test Set): 0.6783
