2023-10-13 15:49:07,198 - tune.py [line:203] - INFO: Namespace(seed=42, model='GPRGNN', gpu=0, dataset='geom-chameleon', logging=True, log_detail=True, log_detailedCh=False, id_log=1013014504, optuna_n_trials=202, n_epochs=2000, self_loop=False, udgraph=True, early_stop=True, patience=300, n_hidden=64, n_cv=1, start_cv=0, n_layers=16, lr1=0.02, lr2=0.01, wd1=1e-08, wd2=1e-06, dropout=0.0, dropout2=0.9, alpha=0.8, es_ckpt='woselfloop-geom-chameleon_GPRGNN-geom-chameleon_trialNo11')
2023-10-13 15:49:08,075 - tune.py [line:128] - INFO: Split_seeds:[1824]
2023-10-13 15:49:08,075 - tune.py [line:129] - INFO: Model_seeds:[409]
2023-10-13 15:49:09,345 - tune.py [line:103] - INFO: Epoch 00020 | Time(s) 0.0609 | Val Loss 1.3172 | Val Acc 0.5099 | ETputs(KTEPS) 10303.69
2023-10-13 15:49:10,665 - tune.py [line:103] - INFO: Epoch 00040 | Time(s) 0.0633 | Val Loss 1.2656 | Val Acc 0.5143 | ETputs(KTEPS) 9913.86
2023-10-13 15:49:12,116 - tune.py [line:103] - INFO: Epoch 00060 | Time(s) 0.0663 | Val Loss 1.2899 | Val Acc 0.4615 | ETputs(KTEPS) 9469.82
2023-10-13 15:49:13,540 - tune.py [line:103] - INFO: Epoch 00080 | Time(s) 0.0674 | Val Loss 1.2328 | Val Acc 0.5099 | ETputs(KTEPS) 9304.70
2023-10-13 15:49:15,237 - tune.py [line:103] - INFO: Epoch 00100 | Time(s) 0.0709 | Val Loss 1.2667 | Val Acc 0.5429 | ETputs(KTEPS) 8853.64
2023-10-13 15:49:16,385 - tune.py [line:103] - INFO: Epoch 00120 | Time(s) 0.0685 | Val Loss 1.2002 | Val Acc 0.6000 | ETputs(KTEPS) 9158.13
2023-10-13 15:49:17,879 - tune.py [line:103] - INFO: Epoch 00140 | Time(s) 0.0694 | Val Loss 1.1948 | Val Acc 0.6242 | ETputs(KTEPS) 9046.03
2023-10-13 15:49:19,378 - tune.py [line:103] - INFO: Epoch 00160 | Time(s) 0.0701 | Val Loss 1.2231 | Val Acc 0.6088 | ETputs(KTEPS) 8956.29
2023-10-13 15:49:20,913 - tune.py [line:103] - INFO: Epoch 00180 | Time(s) 0.0708 | Val Loss 1.2131 | Val Acc 0.6176 | ETputs(KTEPS) 8866.65
2023-10-13 15:49:22,304 - tune.py [line:103] - INFO: Epoch 00200 | Time(s) 0.0706 | Val Loss 1.2092 | Val Acc 0.6374 | ETputs(KTEPS) 8882.24
2023-10-13 15:49:23,627 - tune.py [line:103] - INFO: Epoch 00220 | Time(s) 0.0702 | Val Loss 1.2503 | Val Acc 0.6264 | ETputs(KTEPS) 8934.18
2023-10-13 15:49:25,234 - tune.py [line:103] - INFO: Epoch 00240 | Time(s) 0.0711 | Val Loss 1.1979 | Val Acc 0.6242 | ETputs(KTEPS) 8828.16
2023-10-13 15:49:26,521 - tune.py [line:103] - INFO: Epoch 00260 | Time(s) 0.0705 | Val Loss 1.2420 | Val Acc 0.6286 | ETputs(KTEPS) 8894.00
2023-10-13 15:49:28,067 - tune.py [line:103] - INFO: Epoch 00280 | Time(s) 0.0710 | Val Loss 1.2092 | Val Acc 0.6505 | ETputs(KTEPS) 8833.91
2023-10-13 15:49:29,444 - tune.py [line:103] - INFO: Epoch 00300 | Time(s) 0.0709 | Val Loss 1.1925 | Val Acc 0.6286 | ETputs(KTEPS) 8854.17
2023-10-13 15:49:30,970 - tune.py [line:103] - INFO: Epoch 00320 | Time(s) 0.0712 | Val Loss 1.2071 | Val Acc 0.6352 | ETputs(KTEPS) 8812.03
2023-10-13 15:49:32,372 - tune.py [line:103] - INFO: Epoch 00340 | Time(s) 0.0711 | Val Loss 1.2151 | Val Acc 0.6418 | ETputs(KTEPS) 8820.28
2023-10-13 15:49:33,584 - tune.py [line:103] - INFO: Epoch 00360 | Time(s) 0.0705 | Val Loss 1.1677 | Val Acc 0.6484 | ETputs(KTEPS) 8893.66
2023-10-13 15:49:35,134 - tune.py [line:103] - INFO: Epoch 00380 | Time(s) 0.0709 | Val Loss 1.1524 | Val Acc 0.6484 | ETputs(KTEPS) 8847.82
2023-10-13 15:49:36,375 - tune.py [line:103] - INFO: Epoch 00400 | Time(s) 0.0705 | Val Loss 1.1906 | Val Acc 0.6462 | ETputs(KTEPS) 8903.78
2023-10-13 15:49:37,780 - tune.py [line:103] - INFO: Epoch 00420 | Time(s) 0.0705 | Val Loss 1.1861 | Val Acc 0.6418 | ETputs(KTEPS) 8905.08
2023-10-13 15:49:39,131 - tune.py [line:103] - INFO: Epoch 00440 | Time(s) 0.0703 | Val Loss 1.2436 | Val Acc 0.6505 | ETputs(KTEPS) 8921.93
2023-10-13 15:49:40,421 - tune.py [line:103] - INFO: Epoch 00460 | Time(s) 0.0701 | Val Loss 1.1999 | Val Acc 0.6440 | ETputs(KTEPS) 8954.30
2023-10-13 15:49:42,047 - tune.py [line:103] - INFO: Epoch 00480 | Time(s) 0.0705 | Val Loss 1.1667 | Val Acc 0.6681 | ETputs(KTEPS) 8897.38
2023-10-13 15:49:43,355 - tune.py [line:103] - INFO: Epoch 00500 | Time(s) 0.0703 | Val Loss 1.1550 | Val Acc 0.6352 | ETputs(KTEPS) 8923.59
2023-10-13 15:49:44,850 - tune.py [line:103] - INFO: Epoch 00520 | Time(s) 0.0705 | Val Loss 1.1735 | Val Acc 0.6549 | ETputs(KTEPS) 8901.93
2023-10-13 15:49:46,056 - tune.py [line:103] - INFO: Epoch 00540 | Time(s) 0.0701 | Val Loss 1.2000 | Val Acc 0.6440 | ETputs(KTEPS) 8949.92
2023-10-13 15:49:47,743 - tune.py [line:103] - INFO: Epoch 00560 | Time(s) 0.0706 | Val Loss 1.2450 | Val Acc 0.6462 | ETputs(KTEPS) 8885.69
2023-10-13 15:49:48,987 - tune.py [line:103] - INFO: Epoch 00580 | Time(s) 0.0703 | Val Loss 1.1285 | Val Acc 0.6593 | ETputs(KTEPS) 8922.38
2023-10-13 15:49:50,448 - tune.py [line:103] - INFO: Epoch 00600 | Time(s) 0.0704 | Val Loss 1.1581 | Val Acc 0.6659 | ETputs(KTEPS) 8911.50
2023-10-13 15:49:51,933 - tune.py [line:103] - INFO: Epoch 00620 | Time(s) 0.0705 | Val Loss 1.1719 | Val Acc 0.6615 | ETputs(KTEPS) 8895.99
2023-10-13 15:49:53,231 - tune.py [line:103] - INFO: Epoch 00640 | Time(s) 0.0703 | Val Loss 1.2110 | Val Acc 0.6857 | ETputs(KTEPS) 8919.39
2023-10-13 15:49:54,727 - tune.py [line:103] - INFO: Epoch 00660 | Time(s) 0.0705 | Val Loss 1.2119 | Val Acc 0.6747 | ETputs(KTEPS) 8902.40
2023-10-13 15:49:56,045 - tune.py [line:103] - INFO: Epoch 00680 | Time(s) 0.0703 | Val Loss 1.1851 | Val Acc 0.6659 | ETputs(KTEPS) 8919.39
2023-10-13 15:49:57,671 - tune.py [line:103] - INFO: Epoch 00700 | Time(s) 0.0707 | Val Loss 1.1826 | Val Acc 0.6747 | ETputs(KTEPS) 8880.48
2023-10-13 15:49:58,906 - tune.py [line:103] - INFO: Epoch 00720 | Time(s) 0.0704 | Val Loss 1.1618 | Val Acc 0.6725 | ETputs(KTEPS) 8911.85
2023-10-13 15:50:00,213 - tune.py [line:103] - INFO: Epoch 00740 | Time(s) 0.0703 | Val Loss 1.1659 | Val Acc 0.6615 | ETputs(KTEPS) 8929.57
2023-10-13 15:50:01,765 - tune.py [line:103] - INFO: Epoch 00760 | Time(s) 0.0705 | Val Loss 1.1768 | Val Acc 0.6791 | ETputs(KTEPS) 8905.29
2023-10-13 15:50:02,950 - tune.py [line:103] - INFO: Epoch 00780 | Time(s) 0.0702 | Val Loss 1.2083 | Val Acc 0.6681 | ETputs(KTEPS) 8941.76
2023-10-13 15:50:04,233 - tune.py [line:103] - INFO: Epoch 00800 | Time(s) 0.0700 | Val Loss 1.2171 | Val Acc 0.6703 | ETputs(KTEPS) 8961.12
2023-10-13 15:50:05,769 - tune.py [line:103] - INFO: Epoch 00820 | Time(s) 0.0702 | Val Loss 1.2034 | Val Acc 0.6374 | ETputs(KTEPS) 8940.15
2023-10-13 15:50:07,127 - tune.py [line:103] - INFO: Epoch 00840 | Time(s) 0.0701 | Val Loss 1.2231 | Val Acc 0.6571 | ETputs(KTEPS) 8947.06
2023-10-13 15:50:08,691 - tune.py [line:103] - INFO: Epoch 00860 | Time(s) 0.0703 | Val Loss 1.1903 | Val Acc 0.6571 | ETputs(KTEPS) 8923.32
2023-10-13 15:50:10,016 - tune.py [line:103] - INFO: Epoch 00880 | Time(s) 0.0702 | Val Loss 1.2501 | Val Acc 0.6308 | ETputs(KTEPS) 8935.19
2023-10-13 15:50:11,307 - tune.py [line:103] - INFO: Epoch 00900 | Time(s) 0.0701 | Val Loss 1.2188 | Val Acc 0.6418 | ETputs(KTEPS) 8951.37
2023-10-13 15:50:12,686 - tune.py [line:103] - INFO: Epoch 00920 | Time(s) 0.0701 | Val Loss 1.1729 | Val Acc 0.6571 | ETputs(KTEPS) 8954.61
2023-10-13 15:50:13,989 - tune.py [line:103] - INFO: Epoch 00940 | Time(s) 0.0700 | Val Loss 1.1663 | Val Acc 0.6505 | ETputs(KTEPS) 8967.98
2023-10-13 15:50:15,500 - tune.py [line:103] - INFO: Epoch 00960 | Time(s) 0.0701 | Val Loss 1.1575 | Val Acc 0.6462 | ETputs(KTEPS) 8953.32
2023-10-13 15:50:16,781 - tune.py [line:103] - INFO: Epoch 00980 | Time(s) 0.0699 | Val Loss 1.1734 | Val Acc 0.6637 | ETputs(KTEPS) 8969.60
2023-10-13 15:50:18,293 - tune.py [line:103] - INFO: Epoch 01000 | Time(s) 0.0701 | Val Loss 1.2260 | Val Acc 0.6593 | ETputs(KTEPS) 8955.19
2023-10-13 15:50:19,689 - tune.py [line:103] - INFO: Epoch 01020 | Time(s) 0.0701 | Val Loss 1.2496 | Val Acc 0.6703 | ETputs(KTEPS) 8955.88
2023-10-13 15:50:21,243 - tune.py [line:103] - INFO: Epoch 01040 | Time(s) 0.0702 | Val Loss 1.2177 | Val Acc 0.6593 | ETputs(KTEPS) 8937.22
2023-10-13 15:50:22,576 - tune.py [line:103] - INFO: Epoch 01060 | Time(s) 0.0701 | Val Loss 1.2106 | Val Acc 0.6813 | ETputs(KTEPS) 8945.83
2023-10-13 15:50:23,899 - tune.py [line:103] - INFO: Epoch 01080 | Time(s) 0.0701 | Val Loss 1.2140 | Val Acc 0.6813 | ETputs(KTEPS) 8955.39
2023-10-13 15:50:25,521 - tune.py [line:103] - INFO: Epoch 01100 | Time(s) 0.0703 | Val Loss 1.2240 | Val Acc 0.6681 | ETputs(KTEPS) 8929.87
2023-10-13 15:50:26,860 - tune.py [line:103] - INFO: Epoch 01120 | Time(s) 0.0702 | Val Loss 1.2344 | Val Acc 0.6505 | ETputs(KTEPS) 8937.47
2023-10-13 15:50:28,193 - tune.py [line:103] - INFO: Epoch 01140 | Time(s) 0.0701 | Val Loss 1.2267 | Val Acc 0.6703 | ETputs(KTEPS) 8945.49
2023-10-13 15:50:29,570 - tune.py [line:103] - INFO: Epoch 01160 | Time(s) 0.0701 | Val Loss 1.2039 | Val Acc 0.6835 | ETputs(KTEPS) 8948.40
2023-10-13 15:50:30,851 - tune.py [line:103] - INFO: Epoch 01180 | Time(s) 0.0700 | Val Loss 1.2832 | Val Acc 0.6703 | ETputs(KTEPS) 8961.55
2023-10-13 15:50:32,296 - tune.py [line:103] - INFO: Epoch 01200 | Time(s) 0.0700 | Val Loss 1.2092 | Val Acc 0.6659 | ETputs(KTEPS) 8956.95
2023-10-13 15:50:33,612 - tune.py [line:103] - INFO: Epoch 01220 | Time(s) 0.0700 | Val Loss 1.1937 | Val Acc 0.6549 | ETputs(KTEPS) 8965.83
2023-10-13 15:50:35,167 - tune.py [line:103] - INFO: Epoch 01240 | Time(s) 0.0701 | Val Loss 1.1865 | Val Acc 0.6769 | ETputs(KTEPS) 8949.86
2023-10-13 15:50:36,495 - tune.py [line:103] - INFO: Epoch 01260 | Time(s) 0.0700 | Val Loss 1.2062 | Val Acc 0.6725 | ETputs(KTEPS) 8957.47
2023-10-13 15:50:37,428 - tune.py [line:117] - INFO: [FINAL MODEL] Val accuracy 69.67% \Val loss: 1.2
2023-10-13 15:50:37,433 - tune.py [line:119] - INFO: [FINAL MODEL] Test accuracy 68.49% \Test loss: 1.3
2023-10-13 15:50:37,433 - tune.py [line:144] - INFO: Acc on the first split (Validation Set): 0.6967
2023-10-13 15:50:37,433 - tune.py [line:145] - INFO: Acc on the first split (Test Set): 0.6849
