2023-10-13 15:47:29,229 - tune.py [line:203] - INFO: Namespace(seed=42, model='GPRGNN', gpu=0, dataset='geom-chameleon', logging=True, log_detail=True, log_detailedCh=False, id_log=1013014504, optuna_n_trials=202, n_epochs=2000, self_loop=False, udgraph=True, early_stop=True, patience=300, n_hidden=64, n_cv=1, start_cv=0, n_layers=4, lr1=0.04, lr2=0.03, wd1=1e-05, wd2=1e-08, dropout=0.8, dropout2=0.1, alpha=0.4, es_ckpt='woselfloop-geom-chameleon_GPRGNN-geom-chameleon_trialNo3')
2023-10-13 15:47:30,044 - tune.py [line:128] - INFO: Split_seeds:[1824]
2023-10-13 15:47:30,044 - tune.py [line:129] - INFO: Model_seeds:[409]
2023-10-13 15:47:30,775 - tune.py [line:103] - INFO: Epoch 00020 | Time(s) 0.0344 | Val Loss 1.4011 | Val Acc 0.3341 | ETputs(KTEPS) 18219.82
2023-10-13 15:47:31,491 - tune.py [line:103] - INFO: Epoch 00040 | Time(s) 0.0350 | Val Loss 1.3734 | Val Acc 0.4813 | ETputs(KTEPS) 17925.21
2023-10-13 15:47:32,037 - tune.py [line:103] - INFO: Epoch 00060 | Time(s) 0.0324 | Val Loss 1.3523 | Val Acc 0.4462 | ETputs(KTEPS) 19361.77
2023-10-13 15:47:32,721 - tune.py [line:103] - INFO: Epoch 00080 | Time(s) 0.0328 | Val Loss 1.2815 | Val Acc 0.4505 | ETputs(KTEPS) 19137.35
2023-10-13 15:47:33,390 - tune.py [line:103] - INFO: Epoch 00100 | Time(s) 0.0329 | Val Loss 1.2818 | Val Acc 0.4813 | ETputs(KTEPS) 19064.06
2023-10-13 15:47:33,981 - tune.py [line:103] - INFO: Epoch 00120 | Time(s) 0.0323 | Val Loss 1.3567 | Val Acc 0.4835 | ETputs(KTEPS) 19435.09
2023-10-13 15:47:34,656 - tune.py [line:103] - INFO: Epoch 00140 | Time(s) 0.0325 | Val Loss 1.2638 | Val Acc 0.5165 | ETputs(KTEPS) 19309.07
2023-10-13 15:47:35,328 - tune.py [line:103] - INFO: Epoch 00160 | Time(s) 0.0326 | Val Loss 1.2149 | Val Acc 0.5407 | ETputs(KTEPS) 19236.91
2023-10-13 15:47:35,926 - tune.py [line:103] - INFO: Epoch 00180 | Time(s) 0.0323 | Val Loss 1.1984 | Val Acc 0.5253 | ETputs(KTEPS) 19426.50
2023-10-13 15:47:36,604 - tune.py [line:103] - INFO: Epoch 00200 | Time(s) 0.0325 | Val Loss 1.1137 | Val Acc 0.5516 | ETputs(KTEPS) 19330.70
2023-10-13 15:47:37,272 - tune.py [line:103] - INFO: Epoch 00220 | Time(s) 0.0325 | Val Loss 1.1468 | Val Acc 0.5516 | ETputs(KTEPS) 19298.17
2023-10-13 15:47:37,879 - tune.py [line:103] - INFO: Epoch 00240 | Time(s) 0.0323 | Val Loss 1.1099 | Val Acc 0.5692 | ETputs(KTEPS) 19406.41
2023-10-13 15:47:38,591 - tune.py [line:103] - INFO: Epoch 00260 | Time(s) 0.0326 | Val Loss 1.1011 | Val Acc 0.5604 | ETputs(KTEPS) 19259.03
2023-10-13 15:47:39,397 - tune.py [line:103] - INFO: Epoch 00280 | Time(s) 0.0331 | Val Loss 1.1342 | Val Acc 0.5648 | ETputs(KTEPS) 18938.57
2023-10-13 15:47:39,992 - tune.py [line:103] - INFO: Epoch 00300 | Time(s) 0.0329 | Val Loss 1.0768 | Val Acc 0.5736 | ETputs(KTEPS) 19069.59
2023-10-13 15:47:40,615 - tune.py [line:103] - INFO: Epoch 00320 | Time(s) 0.0328 | Val Loss 1.1506 | Val Acc 0.5341 | ETputs(KTEPS) 19134.47
2023-10-13 15:47:41,372 - tune.py [line:103] - INFO: Epoch 00340 | Time(s) 0.0331 | Val Loss 1.0567 | Val Acc 0.5714 | ETputs(KTEPS) 18968.71
2023-10-13 15:47:41,825 - tune.py [line:103] - INFO: Epoch 00360 | Time(s) 0.0325 | Val Loss 1.1035 | Val Acc 0.5670 | ETputs(KTEPS) 19307.76
2023-10-13 15:47:42,488 - tune.py [line:103] - INFO: Epoch 00380 | Time(s) 0.0325 | Val Loss 1.0907 | Val Acc 0.5714 | ETputs(KTEPS) 19287.30
2023-10-13 15:47:43,089 - tune.py [line:103] - INFO: Epoch 00400 | Time(s) 0.0324 | Val Loss 1.1103 | Val Acc 0.5714 | ETputs(KTEPS) 19362.65
2023-10-13 15:47:43,673 - tune.py [line:103] - INFO: Epoch 00420 | Time(s) 0.0322 | Val Loss 1.1130 | Val Acc 0.5648 | ETputs(KTEPS) 19457.10
2023-10-13 15:47:44,356 - tune.py [line:103] - INFO: Epoch 00440 | Time(s) 0.0323 | Val Loss 1.1124 | Val Acc 0.5604 | ETputs(KTEPS) 19405.49
2023-10-13 15:47:44,910 - tune.py [line:103] - INFO: Epoch 00460 | Time(s) 0.0321 | Val Loss 1.0877 | Val Acc 0.5692 | ETputs(KTEPS) 19528.65
2023-10-13 15:47:45,530 - tune.py [line:103] - INFO: Epoch 00480 | Time(s) 0.0321 | Val Loss 1.0603 | Val Acc 0.6066 | ETputs(KTEPS) 19557.62
2023-10-13 15:47:46,248 - tune.py [line:103] - INFO: Epoch 00500 | Time(s) 0.0322 | Val Loss 1.1067 | Val Acc 0.5780 | ETputs(KTEPS) 19478.34
2023-10-13 15:47:46,810 - tune.py [line:103] - INFO: Epoch 00520 | Time(s) 0.0321 | Val Loss 1.0703 | Val Acc 0.5824 | ETputs(KTEPS) 19575.24
2023-10-13 15:47:47,476 - tune.py [line:103] - INFO: Epoch 00540 | Time(s) 0.0321 | Val Loss 1.1229 | Val Acc 0.5495 | ETputs(KTEPS) 19548.23
2023-10-13 15:47:48,167 - tune.py [line:103] - INFO: Epoch 00560 | Time(s) 0.0322 | Val Loss 1.0795 | Val Acc 0.5758 | ETputs(KTEPS) 19495.40
2023-10-13 15:47:48,716 - tune.py [line:103] - INFO: Epoch 00580 | Time(s) 0.0320 | Val Loss 1.1217 | Val Acc 0.5736 | ETputs(KTEPS) 19596.19
2023-10-13 15:47:49,379 - tune.py [line:103] - INFO: Epoch 00600 | Time(s) 0.0321 | Val Loss 1.1406 | Val Acc 0.5582 | ETputs(KTEPS) 19572.96
2023-10-13 15:47:50,049 - tune.py [line:103] - INFO: Epoch 00620 | Time(s) 0.0321 | Val Loss 1.1125 | Val Acc 0.5670 | ETputs(KTEPS) 19545.23
2023-10-13 15:47:50,651 - tune.py [line:103] - INFO: Epoch 00640 | Time(s) 0.0320 | Val Loss 1.0907 | Val Acc 0.5846 | ETputs(KTEPS) 19584.04
2023-10-13 15:47:51,322 - tune.py [line:103] - INFO: Epoch 00660 | Time(s) 0.0321 | Val Loss 1.0972 | Val Acc 0.5912 | ETputs(KTEPS) 19556.64
2023-10-13 15:47:51,861 - tune.py [line:103] - INFO: Epoch 00680 | Time(s) 0.0319 | Val Loss 1.0604 | Val Acc 0.5956 | ETputs(KTEPS) 19649.40
2023-10-13 15:47:52,482 - tune.py [line:103] - INFO: Epoch 00700 | Time(s) 0.0319 | Val Loss 1.0777 | Val Acc 0.5780 | ETputs(KTEPS) 19665.26
2023-10-13 15:47:53,200 - tune.py [line:103] - INFO: Epoch 00720 | Time(s) 0.0320 | Val Loss 1.0939 | Val Acc 0.5692 | ETputs(KTEPS) 19597.49
2023-10-13 15:47:53,749 - tune.py [line:103] - INFO: Epoch 00740 | Time(s) 0.0319 | Val Loss 1.0786 | Val Acc 0.5692 | ETputs(KTEPS) 19674.21
2023-10-13 15:47:54,440 - tune.py [line:103] - INFO: Epoch 00760 | Time(s) 0.0320 | Val Loss 1.1192 | Val Acc 0.5341 | ETputs(KTEPS) 19631.46
2023-10-13 15:47:55,205 - tune.py [line:103] - INFO: Epoch 00780 | Time(s) 0.0321 | Val Loss 1.0841 | Val Acc 0.5560 | ETputs(KTEPS) 19532.96
2023-10-13 15:47:55,525 - tune.py [line:117] - INFO: [FINAL MODEL] Val accuracy 61.76% \Val loss: 1.0
2023-10-13 15:47:55,527 - tune.py [line:119] - INFO: [FINAL MODEL] Test accuracy 63.89% \Test loss: 1.0
2023-10-13 15:47:55,528 - tune.py [line:144] - INFO: Acc on the first split (Validation Set): 0.6176
2023-10-13 15:47:55,528 - tune.py [line:145] - INFO: Acc on the first split (Test Set): 0.6389
