2023-10-13 16:40:53,036 - tune.py [line:203] - INFO: Namespace(seed=42, model='GPRGNN', gpu=0, dataset='geom-chameleon', logging=True, log_detail=True, log_detailedCh=False, id_log=1013014504, optuna_n_trials=202, n_epochs=2000, self_loop=False, udgraph=True, early_stop=True, patience=300, n_hidden=64, n_cv=1, start_cv=0, n_layers=16, lr1=0.05, lr2=0.05, wd1=1e-05, wd2=0.0001, dropout=0.5, dropout2=0.1, alpha=0.5, es_ckpt='woselfloop-geom-chameleon_GPRGNN-geom-chameleon_trialNo185')
2023-10-13 16:40:53,767 - tune.py [line:128] - INFO: Split_seeds:[1824]
2023-10-13 16:40:53,767 - tune.py [line:129] - INFO: Model_seeds:[409]
2023-10-13 16:40:55,137 - tune.py [line:103] - INFO: Epoch 00020 | Time(s) 0.0660 | Val Loss 1.3552 | Val Acc 0.5934 | ETputs(KTEPS) 9502.23
2023-10-13 16:40:56,574 - tune.py [line:103] - INFO: Epoch 00040 | Time(s) 0.0689 | Val Loss 1.8020 | Val Acc 0.6044 | ETputs(KTEPS) 9107.81
2023-10-13 16:40:58,121 - tune.py [line:103] - INFO: Epoch 00060 | Time(s) 0.0717 | Val Loss 1.9844 | Val Acc 0.6022 | ETputs(KTEPS) 8750.29
2023-10-13 16:40:59,604 - tune.py [line:103] - INFO: Epoch 00080 | Time(s) 0.0722 | Val Loss 1.9393 | Val Acc 0.6220 | ETputs(KTEPS) 8689.59
2023-10-13 16:41:01,127 - tune.py [line:103] - INFO: Epoch 00100 | Time(s) 0.0729 | Val Loss 1.8044 | Val Acc 0.6637 | ETputs(KTEPS) 8604.75
2023-10-13 16:41:02,543 - tune.py [line:103] - INFO: Epoch 00120 | Time(s) 0.0725 | Val Loss 1.8500 | Val Acc 0.6593 | ETputs(KTEPS) 8652.57
2023-10-13 16:41:04,036 - tune.py [line:103] - INFO: Epoch 00140 | Time(s) 0.0728 | Val Loss 1.8400 | Val Acc 0.6659 | ETputs(KTEPS) 8616.78
2023-10-13 16:41:05,472 - tune.py [line:103] - INFO: Epoch 00160 | Time(s) 0.0727 | Val Loss 1.8420 | Val Acc 0.6637 | ETputs(KTEPS) 8635.58
2023-10-13 16:41:06,971 - tune.py [line:103] - INFO: Epoch 00180 | Time(s) 0.0729 | Val Loss 1.8873 | Val Acc 0.6659 | ETputs(KTEPS) 8605.82
2023-10-13 16:41:08,555 - tune.py [line:103] - INFO: Epoch 00200 | Time(s) 0.0735 | Val Loss 1.9048 | Val Acc 0.6769 | ETputs(KTEPS) 8532.33
2023-10-13 16:41:10,037 - tune.py [line:103] - INFO: Epoch 00220 | Time(s) 0.0736 | Val Loss 1.8474 | Val Acc 0.6747 | ETputs(KTEPS) 8528.65
2023-10-13 16:41:11,478 - tune.py [line:103] - INFO: Epoch 00240 | Time(s) 0.0734 | Val Loss 1.9694 | Val Acc 0.6505 | ETputs(KTEPS) 8546.42
2023-10-13 16:41:12,747 - tune.py [line:103] - INFO: Epoch 00260 | Time(s) 0.0726 | Val Loss 1.8154 | Val Acc 0.6923 | ETputs(KTEPS) 8637.60
2023-10-13 16:41:14,276 - tune.py [line:103] - INFO: Epoch 00280 | Time(s) 0.0729 | Val Loss 1.8057 | Val Acc 0.6923 | ETputs(KTEPS) 8605.55
2023-10-13 16:41:15,876 - tune.py [line:103] - INFO: Epoch 00300 | Time(s) 0.0734 | Val Loss 1.8485 | Val Acc 0.6901 | ETputs(KTEPS) 8552.04
2023-10-13 16:41:17,331 - tune.py [line:103] - INFO: Epoch 00320 | Time(s) 0.0733 | Val Loss 1.9267 | Val Acc 0.6571 | ETputs(KTEPS) 8556.42
2023-10-13 16:41:18,742 - tune.py [line:103] - INFO: Epoch 00340 | Time(s) 0.0732 | Val Loss 1.8101 | Val Acc 0.6923 | ETputs(KTEPS) 8575.87
2023-10-13 16:41:20,127 - tune.py [line:103] - INFO: Epoch 00360 | Time(s) 0.0729 | Val Loss 1.8486 | Val Acc 0.6901 | ETputs(KTEPS) 8601.53
2023-10-13 16:41:21,574 - tune.py [line:103] - INFO: Epoch 00380 | Time(s) 0.0729 | Val Loss 1.7615 | Val Acc 0.6791 | ETputs(KTEPS) 8605.32
2023-10-13 16:41:22,916 - tune.py [line:103] - INFO: Epoch 00400 | Time(s) 0.0726 | Val Loss 1.7441 | Val Acc 0.6967 | ETputs(KTEPS) 8640.07
2023-10-13 16:41:24,531 - tune.py [line:103] - INFO: Epoch 00420 | Time(s) 0.0730 | Val Loss 1.7566 | Val Acc 0.6879 | ETputs(KTEPS) 8594.29
2023-10-13 16:41:26,157 - tune.py [line:103] - INFO: Epoch 00440 | Time(s) 0.0734 | Val Loss 1.7124 | Val Acc 0.6923 | ETputs(KTEPS) 8550.41
2023-10-13 16:41:27,687 - tune.py [line:103] - INFO: Epoch 00460 | Time(s) 0.0735 | Val Loss 1.8568 | Val Acc 0.6725 | ETputs(KTEPS) 8534.81
2023-10-13 16:41:29,479 - tune.py [line:103] - INFO: Epoch 00480 | Time(s) 0.0742 | Val Loss 1.8554 | Val Acc 0.6703 | ETputs(KTEPS) 8457.65
2023-10-13 16:41:31,083 - tune.py [line:103] - INFO: Epoch 00500 | Time(s) 0.0744 | Val Loss 1.8452 | Val Acc 0.6703 | ETputs(KTEPS) 8430.52
2023-10-13 16:41:32,697 - tune.py [line:103] - INFO: Epoch 00520 | Time(s) 0.0747 | Val Loss 1.8959 | Val Acc 0.6747 | ETputs(KTEPS) 8403.59
2023-10-13 16:41:34,434 - tune.py [line:103] - INFO: Epoch 00540 | Time(s) 0.0751 | Val Loss 1.8232 | Val Acc 0.6835 | ETputs(KTEPS) 8353.16
2023-10-13 16:41:35,803 - tune.py [line:103] - INFO: Epoch 00560 | Time(s) 0.0749 | Val Loss 1.7790 | Val Acc 0.6967 | ETputs(KTEPS) 8379.73
2023-10-13 16:41:37,267 - tune.py [line:103] - INFO: Epoch 00580 | Time(s) 0.0748 | Val Loss 1.6560 | Val Acc 0.6989 | ETputs(KTEPS) 8386.31
2023-10-13 16:41:38,100 - tune.py [line:117] - INFO: [FINAL MODEL] Val accuracy 71.43% \Val loss: 1.8
2023-10-13 16:41:38,104 - tune.py [line:119] - INFO: [FINAL MODEL] Test accuracy 67.83% \Test loss: 1.8
2023-10-13 16:41:38,105 - tune.py [line:144] - INFO: Acc on the first split (Validation Set): 0.7143
2023-10-13 16:41:38,105 - tune.py [line:145] - INFO: Acc on the first split (Test Set): 0.6783
