2023-10-13 16:04:37,038 - tune.py [line:203] - INFO: Namespace(seed=42, model='GPRGNN', gpu=0, dataset='geom-chameleon', logging=True, log_detail=True, log_detailedCh=False, id_log=1013014504, optuna_n_trials=202, n_epochs=2000, self_loop=False, udgraph=True, early_stop=True, patience=300, n_hidden=64, n_cv=1, start_cv=0, n_layers=8, lr1=0.04, lr2=0.05, wd1=1e-06, wd2=1e-05, dropout=0.5, dropout2=0.3, alpha=0.9, es_ckpt='woselfloop-geom-chameleon_GPRGNN-geom-chameleon_trialNo51')
2023-10-13 16:04:37,962 - tune.py [line:128] - INFO: Split_seeds:[1824]
2023-10-13 16:04:37,962 - tune.py [line:129] - INFO: Model_seeds:[409]
2023-10-13 16:04:38,923 - tune.py [line:103] - INFO: Epoch 00020 | Time(s) 0.0453 | Val Loss 1.2100 | Val Acc 0.5956 | ETputs(KTEPS) 13858.80
2023-10-13 16:04:39,929 - tune.py [line:103] - INFO: Epoch 00040 | Time(s) 0.0476 | Val Loss 1.6432 | Val Acc 0.5956 | ETputs(KTEPS) 13169.85
2023-10-13 16:04:40,863 - tune.py [line:103] - INFO: Epoch 00060 | Time(s) 0.0473 | Val Loss 1.7477 | Val Acc 0.5802 | ETputs(KTEPS) 13262.12
2023-10-13 16:04:41,794 - tune.py [line:103] - INFO: Epoch 00080 | Time(s) 0.0471 | Val Loss 1.7128 | Val Acc 0.6066 | ETputs(KTEPS) 13332.16
2023-10-13 16:04:42,804 - tune.py [line:103] - INFO: Epoch 00100 | Time(s) 0.0476 | Val Loss 1.7484 | Val Acc 0.6374 | ETputs(KTEPS) 13169.70
2023-10-13 16:04:43,794 - tune.py [line:103] - INFO: Epoch 00120 | Time(s) 0.0479 | Val Loss 1.7112 | Val Acc 0.6440 | ETputs(KTEPS) 13103.68
2023-10-13 16:04:44,805 - tune.py [line:103] - INFO: Epoch 00140 | Time(s) 0.0482 | Val Loss 1.7880 | Val Acc 0.6769 | ETputs(KTEPS) 13017.82
2023-10-13 16:04:45,850 - tune.py [line:103] - INFO: Epoch 00160 | Time(s) 0.0486 | Val Loss 1.7784 | Val Acc 0.6725 | ETputs(KTEPS) 12908.44
2023-10-13 16:04:46,984 - tune.py [line:103] - INFO: Epoch 00180 | Time(s) 0.0495 | Val Loss 1.7088 | Val Acc 0.6813 | ETputs(KTEPS) 12674.90
2023-10-13 16:04:47,889 - tune.py [line:103] - INFO: Epoch 00200 | Time(s) 0.0491 | Val Loss 1.8390 | Val Acc 0.6791 | ETputs(KTEPS) 12785.48
2023-10-13 16:04:48,848 - tune.py [line:103] - INFO: Epoch 00220 | Time(s) 0.0490 | Val Loss 1.7418 | Val Acc 0.6835 | ETputs(KTEPS) 12814.95
2023-10-13 16:04:49,865 - tune.py [line:103] - INFO: Epoch 00240 | Time(s) 0.0491 | Val Loss 1.9041 | Val Acc 0.6769 | ETputs(KTEPS) 12774.03
2023-10-13 16:04:51,029 - tune.py [line:103] - INFO: Epoch 00260 | Time(s) 0.0498 | Val Loss 1.7736 | Val Acc 0.6901 | ETputs(KTEPS) 12602.00
2023-10-13 16:04:51,983 - tune.py [line:103] - INFO: Epoch 00280 | Time(s) 0.0496 | Val Loss 1.7099 | Val Acc 0.6989 | ETputs(KTEPS) 12644.24
2023-10-13 16:04:52,935 - tune.py [line:103] - INFO: Epoch 00300 | Time(s) 0.0495 | Val Loss 1.9114 | Val Acc 0.6813 | ETputs(KTEPS) 12679.15
2023-10-13 16:04:54,018 - tune.py [line:103] - INFO: Epoch 00320 | Time(s) 0.0498 | Val Loss 1.8478 | Val Acc 0.6813 | ETputs(KTEPS) 12605.62
2023-10-13 16:04:55,190 - tune.py [line:103] - INFO: Epoch 00340 | Time(s) 0.0503 | Val Loss 1.8764 | Val Acc 0.6857 | ETputs(KTEPS) 12475.33
2023-10-13 16:04:56,047 - tune.py [line:103] - INFO: Epoch 00360 | Time(s) 0.0499 | Val Loss 1.8728 | Val Acc 0.6901 | ETputs(KTEPS) 12579.59
2023-10-13 16:04:56,867 - tune.py [line:103] - INFO: Epoch 00380 | Time(s) 0.0494 | Val Loss 1.8143 | Val Acc 0.6747 | ETputs(KTEPS) 12698.80
2023-10-13 16:04:57,890 - tune.py [line:103] - INFO: Epoch 00400 | Time(s) 0.0495 | Val Loss 1.8308 | Val Acc 0.6835 | ETputs(KTEPS) 12676.46
2023-10-13 16:04:58,675 - tune.py [line:103] - INFO: Epoch 00420 | Time(s) 0.0490 | Val Loss 1.7907 | Val Acc 0.6945 | ETputs(KTEPS) 12803.39
2023-10-13 16:04:59,689 - tune.py [line:103] - INFO: Epoch 00440 | Time(s) 0.0491 | Val Loss 1.8542 | Val Acc 0.6791 | ETputs(KTEPS) 12783.35
2023-10-13 16:05:00,672 - tune.py [line:103] - INFO: Epoch 00460 | Time(s) 0.0491 | Val Loss 1.8138 | Val Acc 0.6857 | ETputs(KTEPS) 12783.18
2023-10-13 16:05:01,537 - tune.py [line:103] - INFO: Epoch 00480 | Time(s) 0.0488 | Val Loss 1.7908 | Val Acc 0.6791 | ETputs(KTEPS) 12846.66
2023-10-13 16:05:02,526 - tune.py [line:103] - INFO: Epoch 00500 | Time(s) 0.0489 | Val Loss 1.9628 | Val Acc 0.6725 | ETputs(KTEPS) 12840.68
2023-10-13 16:05:03,616 - tune.py [line:103] - INFO: Epoch 00520 | Time(s) 0.0491 | Val Loss 1.7624 | Val Acc 0.6725 | ETputs(KTEPS) 12784.27
2023-10-13 16:05:04,436 - tune.py [line:103] - INFO: Epoch 00540 | Time(s) 0.0488 | Val Loss 1.9407 | Val Acc 0.6769 | ETputs(KTEPS) 12862.76
2023-10-13 16:05:05,456 - tune.py [line:103] - INFO: Epoch 00560 | Time(s) 0.0489 | Val Loss 1.8433 | Val Acc 0.6879 | ETputs(KTEPS) 12842.00
2023-10-13 16:05:05,999 - tune.py [line:117] - INFO: [FINAL MODEL] Val accuracy 71.21% \Val loss: 1.8
2023-10-13 16:05:06,026 - tune.py [line:119] - INFO: [FINAL MODEL] Test accuracy 68.93% \Test loss: 1.8
2023-10-13 16:05:06,027 - tune.py [line:144] - INFO: Acc on the first split (Validation Set): 0.7121
2023-10-13 16:05:06,027 - tune.py [line:145] - INFO: Acc on the first split (Test Set): 0.6893
