2023-10-13 16:45:27,960 - tune.py [line:203] - INFO: Namespace(seed=42, model='GPRGNN', gpu=0, dataset='geom-chameleon', logging=True, log_detail=True, log_detailedCh=False, id_log=1013014504, optuna_n_trials=202, n_epochs=2000, self_loop=False, udgraph=True, early_stop=True, patience=300, n_hidden=64, n_cv=1, start_cv=0, n_layers=16, lr1=0.05, lr2=0.05, wd1=1e-05, wd2=1e-05, dropout=0.4, dropout2=0.4, alpha=0.8, es_ckpt='woselfloop-geom-chameleon_GPRGNN-geom-chameleon_trialNo201')
2023-10-13 16:45:28,674 - tune.py [line:128] - INFO: Split_seeds:[1824]
2023-10-13 16:45:28,674 - tune.py [line:129] - INFO: Model_seeds:[409]
2023-10-13 16:45:30,170 - tune.py [line:103] - INFO: Epoch 00020 | Time(s) 0.0723 | Val Loss 1.3836 | Val Acc 0.5341 | ETputs(KTEPS) 8674.23
2023-10-13 16:45:31,624 - tune.py [line:103] - INFO: Epoch 00040 | Time(s) 0.0722 | Val Loss 1.6361 | Val Acc 0.6220 | ETputs(KTEPS) 8684.97
2023-10-13 16:45:33,052 - tune.py [line:103] - INFO: Epoch 00060 | Time(s) 0.0719 | Val Loss 1.7108 | Val Acc 0.6022 | ETputs(KTEPS) 8720.38
2023-10-13 16:45:34,545 - tune.py [line:103] - INFO: Epoch 00080 | Time(s) 0.0726 | Val Loss 1.7589 | Val Acc 0.6198 | ETputs(KTEPS) 8643.84
2023-10-13 16:45:36,076 - tune.py [line:103] - INFO: Epoch 00100 | Time(s) 0.0732 | Val Loss 1.8420 | Val Acc 0.6286 | ETputs(KTEPS) 8565.55
2023-10-13 16:45:37,497 - tune.py [line:103] - INFO: Epoch 00120 | Time(s) 0.0728 | Val Loss 1.7390 | Val Acc 0.6505 | ETputs(KTEPS) 8616.86
2023-10-13 16:45:38,833 - tune.py [line:103] - INFO: Epoch 00140 | Time(s) 0.0720 | Val Loss 1.7550 | Val Acc 0.6769 | ETputs(KTEPS) 8719.92
2023-10-13 16:45:40,435 - tune.py [line:103] - INFO: Epoch 00160 | Time(s) 0.0730 | Val Loss 1.7993 | Val Acc 0.6549 | ETputs(KTEPS) 8598.39
2023-10-13 16:45:41,984 - tune.py [line:103] - INFO: Epoch 00180 | Time(s) 0.0735 | Val Loss 1.6593 | Val Acc 0.6659 | ETputs(KTEPS) 8540.61
2023-10-13 16:45:43,652 - tune.py [line:103] - INFO: Epoch 00200 | Time(s) 0.0745 | Val Loss 1.7802 | Val Acc 0.6352 | ETputs(KTEPS) 8426.53
2023-10-13 16:45:45,256 - tune.py [line:103] - INFO: Epoch 00220 | Time(s) 0.0750 | Val Loss 1.6994 | Val Acc 0.6681 | ETputs(KTEPS) 8368.22
2023-10-13 16:45:46,762 - tune.py [line:103] - INFO: Epoch 00240 | Time(s) 0.0750 | Val Loss 1.6629 | Val Acc 0.6901 | ETputs(KTEPS) 8368.63
2023-10-13 16:45:48,195 - tune.py [line:103] - INFO: Epoch 00260 | Time(s) 0.0747 | Val Loss 1.5544 | Val Acc 0.6813 | ETputs(KTEPS) 8398.24
2023-10-13 16:45:49,721 - tune.py [line:103] - INFO: Epoch 00280 | Time(s) 0.0748 | Val Loss 1.5056 | Val Acc 0.7011 | ETputs(KTEPS) 8388.47
2023-10-13 16:45:51,188 - tune.py [line:103] - INFO: Epoch 00300 | Time(s) 0.0747 | Val Loss 1.6600 | Val Acc 0.6747 | ETputs(KTEPS) 8399.35
2023-10-13 16:45:52,631 - tune.py [line:103] - INFO: Epoch 00320 | Time(s) 0.0745 | Val Loss 1.6245 | Val Acc 0.6725 | ETputs(KTEPS) 8417.54
2023-10-13 16:45:54,103 - tune.py [line:103] - INFO: Epoch 00340 | Time(s) 0.0745 | Val Loss 1.6048 | Val Acc 0.6549 | ETputs(KTEPS) 8424.10
2023-10-13 16:45:55,774 - tune.py [line:103] - INFO: Epoch 00360 | Time(s) 0.0750 | Val Loss 1.6602 | Val Acc 0.6813 | ETputs(KTEPS) 8367.67
2023-10-13 16:45:57,287 - tune.py [line:103] - INFO: Epoch 00380 | Time(s) 0.0750 | Val Loss 1.5521 | Val Acc 0.6857 | ETputs(KTEPS) 8363.82
2023-10-13 16:45:58,889 - tune.py [line:103] - INFO: Epoch 00400 | Time(s) 0.0753 | Val Loss 1.4715 | Val Acc 0.6857 | ETputs(KTEPS) 8335.69
2023-10-13 16:46:00,328 - tune.py [line:103] - INFO: Epoch 00420 | Time(s) 0.0751 | Val Loss 1.5284 | Val Acc 0.6769 | ETputs(KTEPS) 8353.39
2023-10-13 16:46:01,891 - tune.py [line:103] - INFO: Epoch 00440 | Time(s) 0.0752 | Val Loss 1.5278 | Val Acc 0.6967 | ETputs(KTEPS) 8338.28
2023-10-13 16:46:03,628 - tune.py [line:103] - INFO: Epoch 00460 | Time(s) 0.0757 | Val Loss 1.6684 | Val Acc 0.6725 | ETputs(KTEPS) 8283.45
2023-10-13 16:46:05,339 - tune.py [line:103] - INFO: Epoch 00480 | Time(s) 0.0762 | Val Loss 1.5146 | Val Acc 0.6967 | ETputs(KTEPS) 8239.20
2023-10-13 16:46:06,823 - tune.py [line:103] - INFO: Epoch 00500 | Time(s) 0.0761 | Val Loss 1.5742 | Val Acc 0.6945 | ETputs(KTEPS) 8247.75
2023-10-13 16:46:08,570 - tune.py [line:103] - INFO: Epoch 00520 | Time(s) 0.0765 | Val Loss 1.7214 | Val Acc 0.6659 | ETputs(KTEPS) 8201.08
2023-10-13 16:46:10,331 - tune.py [line:103] - INFO: Epoch 00540 | Time(s) 0.0769 | Val Loss 1.6173 | Val Acc 0.6769 | ETputs(KTEPS) 8155.55
2023-10-13 16:46:11,966 - tune.py [line:103] - INFO: Epoch 00560 | Time(s) 0.0771 | Val Loss 1.5692 | Val Acc 0.6747 | ETputs(KTEPS) 8137.48
2023-10-13 16:46:13,601 - tune.py [line:103] - INFO: Epoch 00580 | Time(s) 0.0773 | Val Loss 1.4918 | Val Acc 0.6945 | ETputs(KTEPS) 8120.78
2023-10-13 16:46:15,111 - tune.py [line:103] - INFO: Epoch 00600 | Time(s) 0.0772 | Val Loss 1.5351 | Val Acc 0.6967 | ETputs(KTEPS) 8127.06
2023-10-13 16:46:16,592 - tune.py [line:103] - INFO: Epoch 00620 | Time(s) 0.0771 | Val Loss 1.6155 | Val Acc 0.6945 | ETputs(KTEPS) 8137.82
2023-10-13 16:46:17,886 - tune.py [line:103] - INFO: Epoch 00640 | Time(s) 0.0767 | Val Loss 1.5860 | Val Acc 0.6769 | ETputs(KTEPS) 8178.98
2023-10-13 16:46:19,489 - tune.py [line:103] - INFO: Epoch 00660 | Time(s) 0.0768 | Val Loss 1.6038 | Val Acc 0.6813 | ETputs(KTEPS) 8168.07
2023-10-13 16:46:20,925 - tune.py [line:103] - INFO: Epoch 00680 | Time(s) 0.0767 | Val Loss 1.6015 | Val Acc 0.7099 | ETputs(KTEPS) 8183.84
2023-10-13 16:46:22,455 - tune.py [line:103] - INFO: Epoch 00700 | Time(s) 0.0767 | Val Loss 1.6112 | Val Acc 0.6725 | ETputs(KTEPS) 8184.41
2023-10-13 16:46:23,964 - tune.py [line:103] - INFO: Epoch 00720 | Time(s) 0.0766 | Val Loss 1.6559 | Val Acc 0.6703 | ETputs(KTEPS) 8188.12
2023-10-13 16:46:25,565 - tune.py [line:103] - INFO: Epoch 00740 | Time(s) 0.0767 | Val Loss 1.6590 | Val Acc 0.6659 | ETputs(KTEPS) 8178.34
2023-10-13 16:46:25,975 - tune.py [line:117] - INFO: [FINAL MODEL] Val accuracy 71.21% \Val loss: 1.5
2023-10-13 16:46:26,022 - tune.py [line:119] - INFO: [FINAL MODEL] Test accuracy 67.40% \Test loss: 1.7
2023-10-13 16:46:26,022 - tune.py [line:144] - INFO: Acc on the first split (Validation Set): 0.7121
2023-10-13 16:46:26,022 - tune.py [line:145] - INFO: Acc on the first split (Test Set): 0.6740
