2023-10-13 15:55:59,191 - tune.py [line:203] - INFO: Namespace(seed=42, model='GPRGNN', gpu=0, dataset='geom-chameleon', logging=True, log_detail=True, log_detailedCh=False, id_log=1013014504, optuna_n_trials=202, n_epochs=2000, self_loop=False, udgraph=True, early_stop=True, patience=300, n_hidden=64, n_cv=1, start_cv=0, n_layers=8, lr1=0.05, lr2=0.04, wd1=1e-07, wd2=1e-05, dropout=0.5, dropout2=0.4, alpha=0.8, es_ckpt='woselfloop-geom-chameleon_GPRGNN-geom-chameleon_trialNo21')
2023-10-13 15:56:00,127 - tune.py [line:128] - INFO: Split_seeds:[1824]
2023-10-13 15:56:00,128 - tune.py [line:129] - INFO: Model_seeds:[409]
2023-10-13 15:56:01,089 - tune.py [line:103] - INFO: Epoch 00020 | Time(s) 0.0454 | Val Loss 1.2955 | Val Acc 0.5582 | ETputs(KTEPS) 13830.40
2023-10-13 15:56:02,064 - tune.py [line:103] - INFO: Epoch 00040 | Time(s) 0.0471 | Val Loss 1.6508 | Val Acc 0.5560 | ETputs(KTEPS) 13334.37
2023-10-13 15:56:02,819 - tune.py [line:103] - INFO: Epoch 00060 | Time(s) 0.0438 | Val Loss 1.5865 | Val Acc 0.6176 | ETputs(KTEPS) 14311.12
2023-10-13 15:56:03,560 - tune.py [line:103] - INFO: Epoch 00080 | Time(s) 0.0421 | Val Loss 1.6147 | Val Acc 0.6022 | ETputs(KTEPS) 14904.75
2023-10-13 15:56:04,505 - tune.py [line:103] - INFO: Epoch 00100 | Time(s) 0.0430 | Val Loss 1.6589 | Val Acc 0.6308 | ETputs(KTEPS) 14579.30
2023-10-13 15:56:05,437 - tune.py [line:103] - INFO: Epoch 00120 | Time(s) 0.0436 | Val Loss 1.6139 | Val Acc 0.6352 | ETputs(KTEPS) 14405.86
2023-10-13 15:56:06,360 - tune.py [line:103] - INFO: Epoch 00140 | Time(s) 0.0439 | Val Loss 1.6278 | Val Acc 0.6593 | ETputs(KTEPS) 14304.52
2023-10-13 15:56:07,231 - tune.py [line:103] - INFO: Epoch 00160 | Time(s) 0.0438 | Val Loss 1.5831 | Val Acc 0.6593 | ETputs(KTEPS) 14322.69
2023-10-13 15:56:08,196 - tune.py [line:103] - INFO: Epoch 00180 | Time(s) 0.0443 | Val Loss 1.5698 | Val Acc 0.6747 | ETputs(KTEPS) 14164.43
2023-10-13 15:56:09,156 - tune.py [line:103] - INFO: Epoch 00200 | Time(s) 0.0447 | Val Loss 1.6746 | Val Acc 0.6725 | ETputs(KTEPS) 14047.66
2023-10-13 15:56:10,124 - tune.py [line:103] - INFO: Epoch 00220 | Time(s) 0.0450 | Val Loss 1.5832 | Val Acc 0.6703 | ETputs(KTEPS) 13950.98
2023-10-13 15:56:11,083 - tune.py [line:103] - INFO: Epoch 00240 | Time(s) 0.0452 | Val Loss 1.7126 | Val Acc 0.6725 | ETputs(KTEPS) 13874.71
2023-10-13 15:56:11,855 - tune.py [line:103] - INFO: Epoch 00260 | Time(s) 0.0447 | Val Loss 1.6450 | Val Acc 0.6945 | ETputs(KTEPS) 14041.78
2023-10-13 15:56:12,631 - tune.py [line:103] - INFO: Epoch 00280 | Time(s) 0.0443 | Val Loss 1.5757 | Val Acc 0.6791 | ETputs(KTEPS) 14177.61
2023-10-13 15:56:13,604 - tune.py [line:103] - INFO: Epoch 00300 | Time(s) 0.0445 | Val Loss 1.6488 | Val Acc 0.6813 | ETputs(KTEPS) 14084.86
2023-10-13 15:56:14,480 - tune.py [line:103] - INFO: Epoch 00320 | Time(s) 0.0445 | Val Loss 1.6849 | Val Acc 0.6835 | ETputs(KTEPS) 14100.09
2023-10-13 15:56:15,351 - tune.py [line:103] - INFO: Epoch 00340 | Time(s) 0.0444 | Val Loss 1.6847 | Val Acc 0.6901 | ETputs(KTEPS) 14117.92
2023-10-13 15:56:16,309 - tune.py [line:103] - INFO: Epoch 00360 | Time(s) 0.0446 | Val Loss 1.6434 | Val Acc 0.6813 | ETputs(KTEPS) 14057.43
2023-10-13 15:56:17,201 - tune.py [line:103] - INFO: Epoch 00380 | Time(s) 0.0446 | Val Loss 1.5986 | Val Acc 0.6769 | ETputs(KTEPS) 14058.99
2023-10-13 15:56:18,160 - tune.py [line:103] - INFO: Epoch 00400 | Time(s) 0.0448 | Val Loss 1.6019 | Val Acc 0.6791 | ETputs(KTEPS) 14007.31
2023-10-13 15:56:19,141 - tune.py [line:103] - INFO: Epoch 00420 | Time(s) 0.0450 | Val Loss 1.6247 | Val Acc 0.6901 | ETputs(KTEPS) 13944.45
2023-10-13 15:56:20,030 - tune.py [line:103] - INFO: Epoch 00440 | Time(s) 0.0450 | Val Loss 1.5242 | Val Acc 0.6901 | ETputs(KTEPS) 13952.02
2023-10-13 15:56:20,795 - tune.py [line:103] - INFO: Epoch 00460 | Time(s) 0.0447 | Val Loss 1.6370 | Val Acc 0.6923 | ETputs(KTEPS) 14043.69
2023-10-13 15:56:21,585 - tune.py [line:103] - INFO: Epoch 00480 | Time(s) 0.0445 | Val Loss 1.6260 | Val Acc 0.6901 | ETputs(KTEPS) 14112.21
2023-10-13 15:56:22,521 - tune.py [line:103] - INFO: Epoch 00500 | Time(s) 0.0446 | Val Loss 1.7640 | Val Acc 0.6901 | ETputs(KTEPS) 14082.76
2023-10-13 15:56:23,480 - tune.py [line:103] - INFO: Epoch 00520 | Time(s) 0.0447 | Val Loss 1.6075 | Val Acc 0.6857 | ETputs(KTEPS) 14042.16
2023-10-13 15:56:24,397 - tune.py [line:103] - INFO: Epoch 00540 | Time(s) 0.0447 | Val Loss 1.7450 | Val Acc 0.6791 | ETputs(KTEPS) 14029.32
2023-10-13 15:56:25,345 - tune.py [line:103] - INFO: Epoch 00560 | Time(s) 0.0448 | Val Loss 1.6751 | Val Acc 0.6967 | ETputs(KTEPS) 13999.44
2023-10-13 15:56:25,907 - tune.py [line:117] - INFO: [FINAL MODEL] Val accuracy 70.55% \Val loss: 1.6
2023-10-13 15:56:25,923 - tune.py [line:119] - INFO: [FINAL MODEL] Test accuracy 69.58% \Test loss: 1.6
2023-10-13 15:56:25,924 - tune.py [line:144] - INFO: Acc on the first split (Validation Set): 0.7055
2023-10-13 15:56:25,924 - tune.py [line:145] - INFO: Acc on the first split (Test Set): 0.6958
