2023-10-13 16:13:25,858 - tune.py [line:203] - INFO: Namespace(seed=42, model='GPRGNN', gpu=0, dataset='geom-chameleon', logging=True, log_detail=True, log_detailedCh=False, id_log=1013014504, optuna_n_trials=202, n_epochs=2000, self_loop=False, udgraph=True, early_stop=True, patience=300, n_hidden=64, n_cv=1, start_cv=0, n_layers=8, lr1=0.05, lr2=0.05, wd1=1e-06, wd2=0.0001, dropout=0.4, dropout2=0.2, alpha=0.8, es_ckpt='woselfloop-geom-chameleon_GPRGNN-geom-chameleon_trialNo83')
2023-10-13 16:13:26,561 - tune.py [line:128] - INFO: Split_seeds:[1824]
2023-10-13 16:13:26,561 - tune.py [line:129] - INFO: Model_seeds:[409]
2023-10-13 16:13:27,748 - tune.py [line:103] - INFO: Epoch 00020 | Time(s) 0.0565 | Val Loss 1.4854 | Val Acc 0.5868 | ETputs(KTEPS) 11104.74
2023-10-13 16:13:28,574 - tune.py [line:103] - INFO: Epoch 00040 | Time(s) 0.0487 | Val Loss 2.1739 | Val Acc 0.5912 | ETputs(KTEPS) 12888.66
2023-10-13 16:13:29,515 - tune.py [line:103] - INFO: Epoch 00060 | Time(s) 0.0480 | Val Loss 2.3436 | Val Acc 0.6066 | ETputs(KTEPS) 13060.28
2023-10-13 16:13:30,601 - tune.py [line:103] - INFO: Epoch 00080 | Time(s) 0.0496 | Val Loss 2.3975 | Val Acc 0.6110 | ETputs(KTEPS) 12654.56
2023-10-13 16:13:31,560 - tune.py [line:103] - INFO: Epoch 00100 | Time(s) 0.0492 | Val Loss 2.3881 | Val Acc 0.6352 | ETputs(KTEPS) 12765.37
2023-10-13 16:13:32,483 - tune.py [line:103] - INFO: Epoch 00120 | Time(s) 0.0486 | Val Loss 2.3270 | Val Acc 0.6593 | ETputs(KTEPS) 12902.01
2023-10-13 16:13:33,490 - tune.py [line:103] - INFO: Epoch 00140 | Time(s) 0.0488 | Val Loss 2.2994 | Val Acc 0.6659 | ETputs(KTEPS) 12855.36
2023-10-13 16:13:34,663 - tune.py [line:103] - INFO: Epoch 00160 | Time(s) 0.0500 | Val Loss 2.5032 | Val Acc 0.6571 | ETputs(KTEPS) 12540.52
2023-10-13 16:13:35,620 - tune.py [line:103] - INFO: Epoch 00180 | Time(s) 0.0498 | Val Loss 2.4656 | Val Acc 0.6703 | ETputs(KTEPS) 12601.88
2023-10-13 16:13:36,601 - tune.py [line:103] - INFO: Epoch 00200 | Time(s) 0.0497 | Val Loss 2.5810 | Val Acc 0.6659 | ETputs(KTEPS) 12622.05
2023-10-13 16:13:37,591 - tune.py [line:103] - INFO: Epoch 00220 | Time(s) 0.0497 | Val Loss 2.5113 | Val Acc 0.6681 | ETputs(KTEPS) 12628.80
2023-10-13 16:13:38,745 - tune.py [line:103] - INFO: Epoch 00240 | Time(s) 0.0503 | Val Loss 2.5857 | Val Acc 0.6571 | ETputs(KTEPS) 12462.02
2023-10-13 16:13:39,646 - tune.py [line:103] - INFO: Epoch 00260 | Time(s) 0.0499 | Val Loss 2.4741 | Val Acc 0.6901 | ETputs(KTEPS) 12566.22
2023-10-13 16:13:40,656 - tune.py [line:103] - INFO: Epoch 00280 | Time(s) 0.0500 | Val Loss 2.5804 | Val Acc 0.6989 | ETputs(KTEPS) 12558.61
2023-10-13 16:13:41,723 - tune.py [line:103] - INFO: Epoch 00300 | Time(s) 0.0502 | Val Loss 2.5916 | Val Acc 0.6879 | ETputs(KTEPS) 12507.82
2023-10-13 16:13:42,625 - tune.py [line:103] - INFO: Epoch 00320 | Time(s) 0.0498 | Val Loss 2.7485 | Val Acc 0.6703 | ETputs(KTEPS) 12587.72
2023-10-13 16:13:43,555 - tune.py [line:103] - INFO: Epoch 00340 | Time(s) 0.0496 | Val Loss 2.7873 | Val Acc 0.6813 | ETputs(KTEPS) 12637.80
2023-10-13 16:13:44,595 - tune.py [line:103] - INFO: Epoch 00360 | Time(s) 0.0498 | Val Loss 2.7945 | Val Acc 0.6857 | ETputs(KTEPS) 12605.47
2023-10-13 16:13:45,802 - tune.py [line:103] - INFO: Epoch 00380 | Time(s) 0.0503 | Val Loss 2.6787 | Val Acc 0.6835 | ETputs(KTEPS) 12466.03
2023-10-13 16:13:46,741 - tune.py [line:103] - INFO: Epoch 00400 | Time(s) 0.0502 | Val Loss 2.7208 | Val Acc 0.6857 | ETputs(KTEPS) 12508.46
2023-10-13 16:13:47,755 - tune.py [line:103] - INFO: Epoch 00420 | Time(s) 0.0502 | Val Loss 2.6648 | Val Acc 0.6901 | ETputs(KTEPS) 12502.06
2023-10-13 16:13:48,769 - tune.py [line:103] - INFO: Epoch 00440 | Time(s) 0.0502 | Val Loss 2.5949 | Val Acc 0.6989 | ETputs(KTEPS) 12496.81
2023-10-13 16:13:49,578 - tune.py [line:103] - INFO: Epoch 00460 | Time(s) 0.0498 | Val Loss 2.6435 | Val Acc 0.6879 | ETputs(KTEPS) 12603.70
2023-10-13 16:13:50,519 - tune.py [line:103] - INFO: Epoch 00480 | Time(s) 0.0497 | Val Loss 2.4710 | Val Acc 0.6923 | ETputs(KTEPS) 12632.49
2023-10-13 16:13:51,605 - tune.py [line:103] - INFO: Epoch 00500 | Time(s) 0.0499 | Val Loss 2.6223 | Val Acc 0.6945 | ETputs(KTEPS) 12585.63
2023-10-13 16:13:52,613 - tune.py [line:103] - INFO: Epoch 00520 | Time(s) 0.0499 | Val Loss 2.6179 | Val Acc 0.6967 | ETputs(KTEPS) 12580.95
2023-10-13 16:13:53,447 - tune.py [line:103] - INFO: Epoch 00540 | Time(s) 0.0496 | Val Loss 2.6404 | Val Acc 0.6769 | ETputs(KTEPS) 12657.90
2023-10-13 16:13:54,454 - tune.py [line:103] - INFO: Epoch 00560 | Time(s) 0.0496 | Val Loss 2.5835 | Val Acc 0.6813 | ETputs(KTEPS) 12650.63
2023-10-13 16:13:55,433 - tune.py [line:103] - INFO: Epoch 00580 | Time(s) 0.0496 | Val Loss 2.6149 | Val Acc 0.6901 | ETputs(KTEPS) 12656.71
2023-10-13 16:13:55,531 - tune.py [line:117] - INFO: [FINAL MODEL] Val accuracy 70.77% \Val loss: 2.5
2023-10-13 16:13:55,558 - tune.py [line:119] - INFO: [FINAL MODEL] Test accuracy 68.93% \Test loss: 2.7
2023-10-13 16:13:55,558 - tune.py [line:144] - INFO: Acc on the first split (Validation Set): 0.7077
2023-10-13 16:13:55,558 - tune.py [line:145] - INFO: Acc on the first split (Test Set): 0.6893
