2023-10-14 05:08:06,219 - tune.py [line:203] - INFO: Namespace(seed=42, model='NormalNNV2', gpu=1, dataset='geom-squirrel', logging=True, log_detail=True, log_detailedCh=False, id_log=1013014504, optuna_n_trials=202, n_epochs=2000, self_loop=False, udgraph=True, early_stop=True, patience=300, n_hidden=64, n_cv=1, start_cv=0, n_layers=16, lr1=0.04, lr2=0.03, wd1=1e-07, wd2=0.0001, dropout=0.3, dropout2=0.4, es_ckpt='woselfloop-geom-squirrel_NormalNNV2-wonoise-geom-squirrel_trialNo13')
2023-10-14 05:08:09,039 - tune.py [line:128] - INFO: Split_seeds:[1824]
2023-10-14 05:08:09,039 - tune.py [line:129] - INFO: Model_seeds:[409]
2023-10-14 05:08:10,666 - tune.py [line:103] - INFO: Epoch 00020 | Time(s) 0.0781 | Val Loss 1.5935 | Val Acc 0.4337 | ETputs(KTEPS) 50801.52
2023-10-14 05:08:12,352 - tune.py [line:103] - INFO: Epoch 00040 | Time(s) 0.0805 | Val Loss 1.5723 | Val Acc 0.5125 | ETputs(KTEPS) 49264.71
2023-10-14 05:08:13,976 - tune.py [line:103] - INFO: Epoch 00060 | Time(s) 0.0805 | Val Loss 1.5490 | Val Acc 0.5221 | ETputs(KTEPS) 49274.05
2023-10-14 05:08:15,070 - tune.py [line:103] - INFO: Epoch 00080 | Time(s) 0.0740 | Val Loss 1.5355 | Val Acc 0.4990 | ETputs(KTEPS) 53593.82
2023-10-14 05:08:16,046 - tune.py [line:103] - INFO: Epoch 00100 | Time(s) 0.0690 | Val Loss 1.5059 | Val Acc 0.5490 | ETputs(KTEPS) 57533.96
2023-10-14 05:08:17,116 - tune.py [line:103] - INFO: Epoch 00120 | Time(s) 0.0664 | Val Loss 1.4868 | Val Acc 0.5308 | ETputs(KTEPS) 59769.77
2023-10-14 05:08:18,772 - tune.py [line:103] - INFO: Epoch 00140 | Time(s) 0.0687 | Val Loss 1.4718 | Val Acc 0.5375 | ETputs(KTEPS) 57734.23
2023-10-14 05:08:20,426 - tune.py [line:103] - INFO: Epoch 00160 | Time(s) 0.0704 | Val Loss 1.4546 | Val Acc 0.5490 | ETputs(KTEPS) 56326.43
2023-10-14 05:08:22,036 - tune.py [line:103] - INFO: Epoch 00180 | Time(s) 0.0715 | Val Loss 1.4546 | Val Acc 0.5163 | ETputs(KTEPS) 55449.36
2023-10-14 05:08:23,668 - tune.py [line:103] - INFO: Epoch 00200 | Time(s) 0.0725 | Val Loss 1.4310 | Val Acc 0.5481 | ETputs(KTEPS) 54685.11
2023-10-14 05:08:25,359 - tune.py [line:103] - INFO: Epoch 00220 | Time(s) 0.0736 | Val Loss 1.4234 | Val Acc 0.5442 | ETputs(KTEPS) 53876.26
2023-10-14 05:08:27,024 - tune.py [line:103] - INFO: Epoch 00240 | Time(s) 0.0744 | Val Loss 1.4125 | Val Acc 0.5433 | ETputs(KTEPS) 53297.75
2023-10-14 05:08:28,628 - tune.py [line:103] - INFO: Epoch 00260 | Time(s) 0.0749 | Val Loss 1.4054 | Val Acc 0.5587 | ETputs(KTEPS) 52995.78
2023-10-14 05:08:30,213 - tune.py [line:103] - INFO: Epoch 00280 | Time(s) 0.0751 | Val Loss 1.3966 | Val Acc 0.5673 | ETputs(KTEPS) 52792.97
2023-10-14 05:08:31,875 - tune.py [line:103] - INFO: Epoch 00300 | Time(s) 0.0757 | Val Loss 1.3990 | Val Acc 0.5481 | ETputs(KTEPS) 52429.28
2023-10-14 05:08:33,472 - tune.py [line:103] - INFO: Epoch 00320 | Time(s) 0.0759 | Val Loss 1.3885 | Val Acc 0.5587 | ETputs(KTEPS) 52251.42
2023-10-14 05:08:35,040 - tune.py [line:103] - INFO: Epoch 00340 | Time(s) 0.0761 | Val Loss 1.3856 | Val Acc 0.5606 | ETputs(KTEPS) 52151.26
2023-10-14 05:08:36,506 - tune.py [line:103] - INFO: Epoch 00360 | Time(s) 0.0759 | Val Loss 1.3856 | Val Acc 0.5577 | ETputs(KTEPS) 52258.66
2023-10-14 05:08:38,073 - tune.py [line:103] - INFO: Epoch 00380 | Time(s) 0.0760 | Val Loss 1.3804 | Val Acc 0.5654 | ETputs(KTEPS) 52171.78
2023-10-14 05:08:39,645 - tune.py [line:103] - INFO: Epoch 00400 | Time(s) 0.0762 | Val Loss 1.3758 | Val Acc 0.5625 | ETputs(KTEPS) 52092.12
2023-10-14 05:08:41,204 - tune.py [line:103] - INFO: Epoch 00420 | Time(s) 0.0762 | Val Loss 1.3739 | Val Acc 0.5673 | ETputs(KTEPS) 52035.46
2023-10-14 05:08:42,744 - tune.py [line:103] - INFO: Epoch 00440 | Time(s) 0.0763 | Val Loss 1.3711 | Val Acc 0.5654 | ETputs(KTEPS) 52016.08
2023-10-14 05:08:44,321 - tune.py [line:103] - INFO: Epoch 00460 | Time(s) 0.0764 | Val Loss 1.3660 | Val Acc 0.5673 | ETputs(KTEPS) 51951.21
2023-10-14 05:08:45,984 - tune.py [line:103] - INFO: Epoch 00480 | Time(s) 0.0766 | Val Loss 1.3646 | Val Acc 0.5702 | ETputs(KTEPS) 51764.85
2023-10-14 05:08:47,499 - tune.py [line:103] - INFO: Epoch 00500 | Time(s) 0.0766 | Val Loss 1.3682 | Val Acc 0.5683 | ETputs(KTEPS) 51790.80
2023-10-14 05:08:48,953 - tune.py [line:103] - INFO: Epoch 00520 | Time(s) 0.0764 | Val Loss 1.3662 | Val Acc 0.5731 | ETputs(KTEPS) 51892.02
2023-10-14 05:08:50,405 - tune.py [line:103] - INFO: Epoch 00540 | Time(s) 0.0763 | Val Loss 1.3622 | Val Acc 0.5606 | ETputs(KTEPS) 51990.32
2023-10-14 05:08:52,028 - tune.py [line:103] - INFO: Epoch 00560 | Time(s) 0.0765 | Val Loss 1.3613 | Val Acc 0.5625 | ETputs(KTEPS) 51873.55
2023-10-14 05:08:53,654 - tune.py [line:103] - INFO: Epoch 00580 | Time(s) 0.0766 | Val Loss 1.3630 | Val Acc 0.5673 | ETputs(KTEPS) 51761.60
2023-10-14 05:08:55,208 - tune.py [line:103] - INFO: Epoch 00600 | Time(s) 0.0767 | Val Loss 1.3569 | Val Acc 0.5702 | ETputs(KTEPS) 51738.94
2023-10-14 05:08:56,719 - tune.py [line:103] - INFO: Epoch 00620 | Time(s) 0.0766 | Val Loss 1.3551 | Val Acc 0.5750 | ETputs(KTEPS) 51763.89
2023-10-14 05:08:58,340 - tune.py [line:103] - INFO: Epoch 00640 | Time(s) 0.0768 | Val Loss 1.3559 | Val Acc 0.5721 | ETputs(KTEPS) 51675.31
2023-10-14 05:08:59,941 - tune.py [line:103] - INFO: Epoch 00660 | Time(s) 0.0769 | Val Loss 1.3525 | Val Acc 0.5808 | ETputs(KTEPS) 51613.50
2023-10-14 05:09:01,581 - tune.py [line:103] - INFO: Epoch 00680 | Time(s) 0.0770 | Val Loss 1.3513 | Val Acc 0.5846 | ETputs(KTEPS) 51515.65
2023-10-14 05:09:03,141 - tune.py [line:103] - INFO: Epoch 00700 | Time(s) 0.0770 | Val Loss 1.3511 | Val Acc 0.5788 | ETputs(KTEPS) 51497.79
2023-10-14 05:09:04,746 - tune.py [line:103] - INFO: Epoch 00720 | Time(s) 0.0771 | Val Loss 1.3498 | Val Acc 0.5779 | ETputs(KTEPS) 51445.16
2023-10-14 05:09:06,364 - tune.py [line:103] - INFO: Epoch 00740 | Time(s) 0.0772 | Val Loss 1.3471 | Val Acc 0.5769 | ETputs(KTEPS) 51377.43
2023-10-14 05:09:08,010 - tune.py [line:103] - INFO: Epoch 00760 | Time(s) 0.0773 | Val Loss 1.3467 | Val Acc 0.5904 | ETputs(KTEPS) 51295.87
2023-10-14 05:09:09,601 - tune.py [line:103] - INFO: Epoch 00780 | Time(s) 0.0774 | Val Loss 1.3454 | Val Acc 0.5894 | ETputs(KTEPS) 51263.64
2023-10-14 05:09:11,222 - tune.py [line:103] - INFO: Epoch 00800 | Time(s) 0.0775 | Val Loss 1.3443 | Val Acc 0.5894 | ETputs(KTEPS) 51212.41
2023-10-14 05:09:12,812 - tune.py [line:103] - INFO: Epoch 00820 | Time(s) 0.0775 | Val Loss 1.3442 | Val Acc 0.6010 | ETputs(KTEPS) 51182.37
2023-10-14 05:09:14,341 - tune.py [line:103] - INFO: Epoch 00840 | Time(s) 0.0775 | Val Loss 1.3422 | Val Acc 0.5894 | ETputs(KTEPS) 51200.19
2023-10-14 05:09:15,869 - tune.py [line:103] - INFO: Epoch 00860 | Time(s) 0.0775 | Val Loss 1.3471 | Val Acc 0.5913 | ETputs(KTEPS) 51217.31
2023-10-14 05:09:17,463 - tune.py [line:103] - INFO: Epoch 00880 | Time(s) 0.0775 | Val Loss 1.3432 | Val Acc 0.5942 | ETputs(KTEPS) 51184.04
2023-10-14 05:09:19,099 - tune.py [line:103] - INFO: Epoch 00900 | Time(s) 0.0776 | Val Loss 1.3395 | Val Acc 0.6029 | ETputs(KTEPS) 51124.82
2023-10-14 05:09:20,666 - tune.py [line:103] - INFO: Epoch 00920 | Time(s) 0.0776 | Val Loss 1.3404 | Val Acc 0.5952 | ETputs(KTEPS) 51114.59
2023-10-14 05:09:21,800 - tune.py [line:103] - INFO: Epoch 00940 | Time(s) 0.0772 | Val Loss 1.3402 | Val Acc 0.6038 | ETputs(KTEPS) 51410.38
2023-10-14 05:09:23,012 - tune.py [line:103] - INFO: Epoch 00960 | Time(s) 0.0768 | Val Loss 1.3777 | Val Acc 0.5404 | ETputs(KTEPS) 51641.71
2023-10-14 05:09:24,276 - tune.py [line:103] - INFO: Epoch 00980 | Time(s) 0.0765 | Val Loss 1.3492 | Val Acc 0.5981 | ETputs(KTEPS) 51830.48
2023-10-14 05:09:25,412 - tune.py [line:103] - INFO: Epoch 01000 | Time(s) 0.0761 | Val Loss 1.3455 | Val Acc 0.5981 | ETputs(KTEPS) 52099.74
2023-10-14 05:09:26,415 - tune.py [line:103] - INFO: Epoch 01020 | Time(s) 0.0756 | Val Loss 1.3415 | Val Acc 0.6106 | ETputs(KTEPS) 52457.37
2023-10-14 05:09:27,584 - tune.py [line:103] - INFO: Epoch 01040 | Time(s) 0.0753 | Val Loss 1.3409 | Val Acc 0.6058 | ETputs(KTEPS) 52689.57
2023-10-14 05:09:29,193 - tune.py [line:103] - INFO: Epoch 01060 | Time(s) 0.0754 | Val Loss 1.3383 | Val Acc 0.6087 | ETputs(KTEPS) 52622.30
2023-10-14 05:09:30,423 - tune.py [line:103] - INFO: Epoch 01080 | Time(s) 0.0751 | Val Loss 1.3446 | Val Acc 0.5913 | ETputs(KTEPS) 52803.42
2023-10-14 05:09:31,666 - tune.py [line:103] - INFO: Epoch 01100 | Time(s) 0.0749 | Val Loss 1.3726 | Val Acc 0.5827 | ETputs(KTEPS) 52970.47
2023-10-14 05:09:33,147 - tune.py [line:103] - INFO: Epoch 01120 | Time(s) 0.0749 | Val Loss 1.3820 | Val Acc 0.5635 | ETputs(KTEPS) 52981.54
2023-10-14 05:09:34,740 - tune.py [line:103] - INFO: Epoch 01140 | Time(s) 0.0750 | Val Loss 1.3536 | Val Acc 0.6048 | ETputs(KTEPS) 52923.06
2023-10-14 05:09:36,327 - tune.py [line:103] - INFO: Epoch 01160 | Time(s) 0.0750 | Val Loss 1.3501 | Val Acc 0.6019 | ETputs(KTEPS) 52870.13
2023-10-14 05:09:37,871 - tune.py [line:103] - INFO: Epoch 01180 | Time(s) 0.0751 | Val Loss 1.3443 | Val Acc 0.6000 | ETputs(KTEPS) 52844.73
2023-10-14 05:09:39,369 - tune.py [line:103] - INFO: Epoch 01200 | Time(s) 0.0751 | Val Loss 1.3424 | Val Acc 0.6019 | ETputs(KTEPS) 52846.86
2023-10-14 05:09:40,850 - tune.py [line:103] - INFO: Epoch 01220 | Time(s) 0.0750 | Val Loss 1.3433 | Val Acc 0.5981 | ETputs(KTEPS) 52858.93
2023-10-14 05:09:42,348 - tune.py [line:103] - INFO: Epoch 01240 | Time(s) 0.0750 | Val Loss 1.3407 | Val Acc 0.6077 | ETputs(KTEPS) 52861.37
2023-10-14 05:09:43,874 - tune.py [line:103] - INFO: Epoch 01260 | Time(s) 0.0751 | Val Loss 1.3396 | Val Acc 0.6058 | ETputs(KTEPS) 52847.46
2023-10-14 05:09:45,471 - tune.py [line:103] - INFO: Epoch 01280 | Time(s) 0.0751 | Val Loss 1.3386 | Val Acc 0.6067 | ETputs(KTEPS) 52797.91
2023-10-14 05:09:47,069 - tune.py [line:103] - INFO: Epoch 01300 | Time(s) 0.0752 | Val Loss 1.3383 | Val Acc 0.6019 | ETputs(KTEPS) 52746.94
2023-10-14 05:09:48,683 - tune.py [line:103] - INFO: Epoch 01320 | Time(s) 0.0753 | Val Loss 1.3389 | Val Acc 0.6183 | ETputs(KTEPS) 52691.99
2023-10-14 05:09:50,273 - tune.py [line:103] - INFO: Epoch 01340 | Time(s) 0.0754 | Val Loss 1.3409 | Val Acc 0.6125 | ETputs(KTEPS) 52648.37
2023-10-14 05:09:51,897 - tune.py [line:103] - INFO: Epoch 01360 | Time(s) 0.0754 | Val Loss 1.3435 | Val Acc 0.6096 | ETputs(KTEPS) 52588.78
2023-10-14 05:09:53,511 - tune.py [line:103] - INFO: Epoch 01380 | Time(s) 0.0755 | Val Loss 1.3389 | Val Acc 0.6163 | ETputs(KTEPS) 52537.57
2023-10-14 05:09:55,072 - tune.py [line:103] - INFO: Epoch 01400 | Time(s) 0.0755 | Val Loss 1.3409 | Val Acc 0.6010 | ETputs(KTEPS) 52512.66
2023-10-14 05:09:56,662 - tune.py [line:103] - INFO: Epoch 01420 | Time(s) 0.0756 | Val Loss 1.3428 | Val Acc 0.6115 | ETputs(KTEPS) 52473.97
2023-10-14 05:09:58,272 - tune.py [line:103] - INFO: Epoch 01440 | Time(s) 0.0757 | Val Loss 1.3432 | Val Acc 0.6058 | ETputs(KTEPS) 52427.62
2023-10-14 05:09:59,890 - tune.py [line:103] - INFO: Epoch 01460 | Time(s) 0.0757 | Val Loss 1.3436 | Val Acc 0.6077 | ETputs(KTEPS) 52378.32
2023-10-14 05:10:01,515 - tune.py [line:103] - INFO: Epoch 01480 | Time(s) 0.0758 | Val Loss 1.3425 | Val Acc 0.6135 | ETputs(KTEPS) 52327.50
2023-10-14 05:10:03,102 - tune.py [line:103] - INFO: Epoch 01500 | Time(s) 0.0759 | Val Loss 1.3728 | Val Acc 0.5490 | ETputs(KTEPS) 52295.29
2023-10-14 05:10:04,688 - tune.py [line:103] - INFO: Epoch 01520 | Time(s) 0.0759 | Val Loss 1.4354 | Val Acc 0.4663 | ETputs(KTEPS) 52264.51
2023-10-14 05:10:06,287 - tune.py [line:103] - INFO: Epoch 01540 | Time(s) 0.0760 | Val Loss 1.4237 | Val Acc 0.5327 | ETputs(KTEPS) 52228.70
2023-10-14 05:10:07,814 - tune.py [line:103] - INFO: Epoch 01560 | Time(s) 0.0760 | Val Loss 1.3976 | Val Acc 0.5913 | ETputs(KTEPS) 52225.66
2023-10-14 05:10:09,418 - tune.py [line:103] - INFO: Epoch 01580 | Time(s) 0.0760 | Val Loss 1.3882 | Val Acc 0.6058 | ETputs(KTEPS) 52189.19
2023-10-14 05:10:11,005 - tune.py [line:103] - INFO: Epoch 01600 | Time(s) 0.0761 | Val Loss 1.3775 | Val Acc 0.6067 | ETputs(KTEPS) 52161.23
2023-10-14 05:10:12,456 - tune.py [line:103] - INFO: Epoch 01620 | Time(s) 0.0760 | Val Loss 1.3853 | Val Acc 0.5673 | ETputs(KTEPS) 52191.47
2023-10-14 05:10:13,840 - tune.py [line:103] - INFO: Epoch 01640 | Time(s) 0.0759 | Val Loss 1.3678 | Val Acc 0.6067 | ETputs(KTEPS) 52248.76
2023-10-14 05:10:15,368 - tune.py [line:103] - INFO: Epoch 01660 | Time(s) 0.0759 | Val Loss 1.3613 | Val Acc 0.6077 | ETputs(KTEPS) 52244.92
2023-10-14 05:10:16,442 - tune.py [line:117] - INFO: [FINAL MODEL] Val accuracy 62.31% \Val loss: 1.3
2023-10-14 05:10:16,460 - tune.py [line:119] - INFO: [FINAL MODEL] Test accuracy 61.10% \Test loss: 1.3
2023-10-14 05:10:16,461 - tune.py [line:144] - INFO: Acc on the first split (Validation Set): 0.6231
2023-10-14 05:10:16,461 - tune.py [line:145] - INFO: Acc on the first split (Test Set): 0.6110
