2023-10-14 05:53:26,500 - tune.py [line:203] - INFO: Namespace(seed=42, model='NormalNNV2', gpu=1, dataset='geom-squirrel', logging=True, log_detail=True, log_detailedCh=False, id_log=1013014504, optuna_n_trials=202, n_epochs=2000, self_loop=False, udgraph=True, early_stop=True, patience=300, n_hidden=64, n_cv=1, start_cv=0, n_layers=16, lr1=0.04, lr2=0.04, wd1=1e-06, wd2=0.0001, dropout=0.1, dropout2=0.1, es_ckpt='woselfloop-geom-squirrel_NormalNNV2-wonoise-geom-squirrel_trialNo147')
2023-10-14 05:53:29,168 - tune.py [line:128] - INFO: Split_seeds:[1824]
2023-10-14 05:53:29,168 - tune.py [line:129] - INFO: Model_seeds:[409]
2023-10-14 05:53:30,216 - tune.py [line:103] - INFO: Epoch 00020 | Time(s) 0.0507 | Val Loss 1.5889 | Val Acc 0.4625 | ETputs(KTEPS) 78306.19
2023-10-14 05:53:31,388 - tune.py [line:103] - INFO: Epoch 00040 | Time(s) 0.0539 | Val Loss 1.5570 | Val Acc 0.5423 | ETputs(KTEPS) 73642.56
2023-10-14 05:53:32,532 - tune.py [line:103] - INFO: Epoch 00060 | Time(s) 0.0548 | Val Loss 1.5224 | Val Acc 0.5625 | ETputs(KTEPS) 72401.92
2023-10-14 05:53:33,567 - tune.py [line:103] - INFO: Epoch 00080 | Time(s) 0.0540 | Val Loss 1.4973 | Val Acc 0.5548 | ETputs(KTEPS) 73520.86
2023-10-14 05:53:34,790 - tune.py [line:103] - INFO: Epoch 00100 | Time(s) 0.0553 | Val Loss 1.4679 | Val Acc 0.5596 | ETputs(KTEPS) 71776.45
2023-10-14 05:53:35,811 - tune.py [line:103] - INFO: Epoch 00120 | Time(s) 0.0546 | Val Loss 1.4453 | Val Acc 0.5731 | ETputs(KTEPS) 72713.88
2023-10-14 05:53:36,818 - tune.py [line:103] - INFO: Epoch 00140 | Time(s) 0.0540 | Val Loss 1.4264 | Val Acc 0.5779 | ETputs(KTEPS) 73523.04
2023-10-14 05:53:37,817 - tune.py [line:103] - INFO: Epoch 00160 | Time(s) 0.0535 | Val Loss 1.4080 | Val Acc 0.5865 | ETputs(KTEPS) 74216.66
2023-10-14 05:53:38,834 - tune.py [line:103] - INFO: Epoch 00180 | Time(s) 0.0531 | Val Loss 1.3906 | Val Acc 0.5846 | ETputs(KTEPS) 74670.52
2023-10-14 05:53:39,879 - tune.py [line:103] - INFO: Epoch 00200 | Time(s) 0.0530 | Val Loss 1.3888 | Val Acc 0.5846 | ETputs(KTEPS) 74822.82
2023-10-14 05:53:40,988 - tune.py [line:103] - INFO: Epoch 00220 | Time(s) 0.0532 | Val Loss 1.3656 | Val Acc 0.6115 | ETputs(KTEPS) 74549.14
2023-10-14 05:53:41,952 - tune.py [line:103] - INFO: Epoch 00240 | Time(s) 0.0528 | Val Loss 1.3618 | Val Acc 0.5942 | ETputs(KTEPS) 75155.59
2023-10-14 05:53:42,898 - tune.py [line:103] - INFO: Epoch 00260 | Time(s) 0.0524 | Val Loss 1.3595 | Val Acc 0.5913 | ETputs(KTEPS) 75760.29
2023-10-14 05:53:43,844 - tune.py [line:103] - INFO: Epoch 00280 | Time(s) 0.0520 | Val Loss 1.3508 | Val Acc 0.6087 | ETputs(KTEPS) 76292.02
2023-10-14 05:53:44,772 - tune.py [line:103] - INFO: Epoch 00300 | Time(s) 0.0516 | Val Loss 1.3469 | Val Acc 0.5933 | ETputs(KTEPS) 76844.37
2023-10-14 05:53:45,699 - tune.py [line:103] - INFO: Epoch 00320 | Time(s) 0.0513 | Val Loss 1.3393 | Val Acc 0.6087 | ETputs(KTEPS) 77343.18
2023-10-14 05:53:46,628 - tune.py [line:103] - INFO: Epoch 00340 | Time(s) 0.0510 | Val Loss 1.3357 | Val Acc 0.6125 | ETputs(KTEPS) 77785.08
2023-10-14 05:53:47,597 - tune.py [line:103] - INFO: Epoch 00360 | Time(s) 0.0509 | Val Loss 1.3386 | Val Acc 0.6106 | ETputs(KTEPS) 78004.11
2023-10-14 05:53:48,633 - tune.py [line:103] - INFO: Epoch 00380 | Time(s) 0.0509 | Val Loss 1.3377 | Val Acc 0.6010 | ETputs(KTEPS) 77933.82
2023-10-14 05:53:49,746 - tune.py [line:103] - INFO: Epoch 00400 | Time(s) 0.0511 | Val Loss 1.3461 | Val Acc 0.5933 | ETputs(KTEPS) 77575.04
2023-10-14 05:53:50,770 - tune.py [line:103] - INFO: Epoch 00420 | Time(s) 0.0511 | Val Loss 1.3435 | Val Acc 0.5952 | ETputs(KTEPS) 77573.83
2023-10-14 05:53:51,793 - tune.py [line:103] - INFO: Epoch 00440 | Time(s) 0.0511 | Val Loss 1.3422 | Val Acc 0.5971 | ETputs(KTEPS) 77572.42
2023-10-14 05:53:52,823 - tune.py [line:103] - INFO: Epoch 00460 | Time(s) 0.0512 | Val Loss 1.3425 | Val Acc 0.6058 | ETputs(KTEPS) 77552.98
2023-10-14 05:53:53,830 - tune.py [line:103] - INFO: Epoch 00480 | Time(s) 0.0511 | Val Loss 1.3429 | Val Acc 0.6115 | ETputs(KTEPS) 77602.74
2023-10-14 05:53:54,844 - tune.py [line:103] - INFO: Epoch 00500 | Time(s) 0.0511 | Val Loss 1.3509 | Val Acc 0.5981 | ETputs(KTEPS) 77630.12
2023-10-14 05:53:55,853 - tune.py [line:103] - INFO: Epoch 00520 | Time(s) 0.0511 | Val Loss 1.3509 | Val Acc 0.5952 | ETputs(KTEPS) 77669.40
2023-10-14 05:53:56,858 - tune.py [line:103] - INFO: Epoch 00540 | Time(s) 0.0510 | Val Loss 1.3518 | Val Acc 0.6048 | ETputs(KTEPS) 77717.61
2023-10-14 05:53:57,874 - tune.py [line:103] - INFO: Epoch 00560 | Time(s) 0.0510 | Val Loss 1.3573 | Val Acc 0.5904 | ETputs(KTEPS) 77733.41
2023-10-14 05:53:58,890 - tune.py [line:103] - INFO: Epoch 00580 | Time(s) 0.0510 | Val Loss 1.3636 | Val Acc 0.5942 | ETputs(KTEPS) 77745.43
2023-10-14 05:53:59,899 - tune.py [line:103] - INFO: Epoch 00600 | Time(s) 0.0510 | Val Loss 1.3676 | Val Acc 0.5856 | ETputs(KTEPS) 77777.91
2023-10-14 05:54:00,913 - tune.py [line:103] - INFO: Epoch 00620 | Time(s) 0.0510 | Val Loss 1.3704 | Val Acc 0.6038 | ETputs(KTEPS) 77793.43
2023-10-14 05:54:01,729 - tune.py [line:117] - INFO: [FINAL MODEL] Val accuracy 62.02% \Val loss: 1.3
2023-10-14 05:54:01,740 - tune.py [line:119] - INFO: [FINAL MODEL] Test accuracy 61.19% \Test loss: 1.3
2023-10-14 05:54:01,740 - tune.py [line:144] - INFO: Acc on the first split (Validation Set): 0.6202
2023-10-14 05:54:01,740 - tune.py [line:145] - INFO: Acc on the first split (Test Set): 0.6119
