2023-10-14 05:18:23,464 - tune.py [line:203] - INFO: Namespace(seed=42, model='NormalNNV2', gpu=1, dataset='geom-squirrel', logging=True, log_detail=True, log_detailedCh=False, id_log=1013014504, optuna_n_trials=202, n_epochs=2000, self_loop=False, udgraph=True, early_stop=True, patience=300, n_hidden=64, n_cv=1, start_cv=0, n_layers=20, lr1=0.05, lr2=0.05, wd1=1e-08, wd2=0.0001, dropout=0.6, dropout2=0.1, es_ckpt='woselfloop-geom-squirrel_NormalNNV2-wonoise-geom-squirrel_trialNo30')
2023-10-14 05:18:26,041 - tune.py [line:128] - INFO: Split_seeds:[1824]
2023-10-14 05:18:26,041 - tune.py [line:129] - INFO: Model_seeds:[409]
2023-10-14 05:18:27,281 - tune.py [line:103] - INFO: Epoch 00020 | Time(s) 0.0600 | Val Loss 1.5818 | Val Acc 0.4269 | ETputs(KTEPS) 66110.94
2023-10-14 05:18:28,446 - tune.py [line:103] - INFO: Epoch 00040 | Time(s) 0.0586 | Val Loss 1.5530 | Val Acc 0.4875 | ETputs(KTEPS) 67710.28
2023-10-14 05:18:29,619 - tune.py [line:103] - INFO: Epoch 00060 | Time(s) 0.0581 | Val Loss 1.5217 | Val Acc 0.5125 | ETputs(KTEPS) 68226.95
2023-10-14 05:18:30,751 - tune.py [line:103] - INFO: Epoch 00080 | Time(s) 0.0577 | Val Loss 1.5003 | Val Acc 0.4981 | ETputs(KTEPS) 68725.76
2023-10-14 05:18:31,911 - tune.py [line:103] - INFO: Epoch 00100 | Time(s) 0.0577 | Val Loss 1.4782 | Val Acc 0.5202 | ETputs(KTEPS) 68748.89
2023-10-14 05:18:33,084 - tune.py [line:103] - INFO: Epoch 00120 | Time(s) 0.0578 | Val Loss 1.4615 | Val Acc 0.5327 | ETputs(KTEPS) 68671.53
2023-10-14 05:18:34,399 - tune.py [line:103] - INFO: Epoch 00140 | Time(s) 0.0589 | Val Loss 1.4507 | Val Acc 0.5240 | ETputs(KTEPS) 67342.83
2023-10-14 05:18:35,568 - tune.py [line:103] - INFO: Epoch 00160 | Time(s) 0.0588 | Val Loss 1.4391 | Val Acc 0.5260 | ETputs(KTEPS) 67414.36
2023-10-14 05:18:36,834 - tune.py [line:103] - INFO: Epoch 00180 | Time(s) 0.0593 | Val Loss 1.4307 | Val Acc 0.5481 | ETputs(KTEPS) 66918.79
2023-10-14 05:18:38,372 - tune.py [line:103] - INFO: Epoch 00200 | Time(s) 0.0610 | Val Loss 1.4245 | Val Acc 0.5394 | ETputs(KTEPS) 65041.40
2023-10-14 05:18:39,799 - tune.py [line:103] - INFO: Epoch 00220 | Time(s) 0.0619 | Val Loss 1.4181 | Val Acc 0.5471 | ETputs(KTEPS) 64060.10
2023-10-14 05:18:41,082 - tune.py [line:103] - INFO: Epoch 00240 | Time(s) 0.0621 | Val Loss 1.4165 | Val Acc 0.5385 | ETputs(KTEPS) 63873.00
2023-10-14 05:18:42,292 - tune.py [line:103] - INFO: Epoch 00260 | Time(s) 0.0620 | Val Loss 1.4111 | Val Acc 0.5529 | ETputs(KTEPS) 63998.63
2023-10-14 05:18:43,537 - tune.py [line:103] - INFO: Epoch 00280 | Time(s) 0.0620 | Val Loss 1.4084 | Val Acc 0.5519 | ETputs(KTEPS) 63995.02
2023-10-14 05:18:44,797 - tune.py [line:103] - INFO: Epoch 00300 | Time(s) 0.0620 | Val Loss 1.4060 | Val Acc 0.5625 | ETputs(KTEPS) 63941.22
2023-10-14 05:18:46,061 - tune.py [line:103] - INFO: Epoch 00320 | Time(s) 0.0621 | Val Loss 1.4050 | Val Acc 0.5644 | ETputs(KTEPS) 63884.10
2023-10-14 05:18:47,284 - tune.py [line:103] - INFO: Epoch 00340 | Time(s) 0.0620 | Val Loss 1.4017 | Val Acc 0.5683 | ETputs(KTEPS) 63949.58
2023-10-14 05:18:48,510 - tune.py [line:103] - INFO: Epoch 00360 | Time(s) 0.0620 | Val Loss 1.3992 | Val Acc 0.5692 | ETputs(KTEPS) 63994.67
2023-10-14 05:18:49,709 - tune.py [line:103] - INFO: Epoch 00380 | Time(s) 0.0619 | Val Loss 1.3977 | Val Acc 0.5625 | ETputs(KTEPS) 64106.33
2023-10-14 05:18:51,051 - tune.py [line:103] - INFO: Epoch 00400 | Time(s) 0.0621 | Val Loss 1.3956 | Val Acc 0.5740 | ETputs(KTEPS) 63846.34
2023-10-14 05:18:52,258 - tune.py [line:103] - INFO: Epoch 00420 | Time(s) 0.0620 | Val Loss 1.3939 | Val Acc 0.5673 | ETputs(KTEPS) 63936.64
2023-10-14 05:18:53,611 - tune.py [line:103] - INFO: Epoch 00440 | Time(s) 0.0623 | Val Loss 1.3936 | Val Acc 0.5712 | ETputs(KTEPS) 63703.25
2023-10-14 05:18:54,768 - tune.py [line:103] - INFO: Epoch 00460 | Time(s) 0.0621 | Val Loss 1.3943 | Val Acc 0.5702 | ETputs(KTEPS) 63903.81
2023-10-14 05:18:55,937 - tune.py [line:103] - INFO: Epoch 00480 | Time(s) 0.0619 | Val Loss 1.3928 | Val Acc 0.5635 | ETputs(KTEPS) 64060.52
2023-10-14 05:18:57,174 - tune.py [line:103] - INFO: Epoch 00500 | Time(s) 0.0619 | Val Loss 1.3943 | Val Acc 0.5712 | ETputs(KTEPS) 64069.43
2023-10-14 05:18:58,331 - tune.py [line:103] - INFO: Epoch 00520 | Time(s) 0.0618 | Val Loss 1.4412 | Val Acc 0.4788 | ETputs(KTEPS) 64240.11
2023-10-14 05:18:59,497 - tune.py [line:103] - INFO: Epoch 00540 | Time(s) 0.0616 | Val Loss 1.4361 | Val Acc 0.5096 | ETputs(KTEPS) 64374.43
2023-10-14 05:19:00,625 - tune.py [line:103] - INFO: Epoch 00560 | Time(s) 0.0614 | Val Loss 1.4304 | Val Acc 0.5231 | ETputs(KTEPS) 64570.61
2023-10-14 05:19:01,782 - tune.py [line:103] - INFO: Epoch 00580 | Time(s) 0.0613 | Val Loss 1.4253 | Val Acc 0.5308 | ETputs(KTEPS) 64702.95
2023-10-14 05:19:02,940 - tune.py [line:103] - INFO: Epoch 00600 | Time(s) 0.0612 | Val Loss 1.4224 | Val Acc 0.5394 | ETputs(KTEPS) 64824.35
2023-10-14 05:19:04,098 - tune.py [line:103] - INFO: Epoch 00620 | Time(s) 0.0611 | Val Loss 1.4203 | Val Acc 0.5471 | ETputs(KTEPS) 64938.37
2023-10-14 05:19:05,315 - tune.py [line:103] - INFO: Epoch 00640 | Time(s) 0.0611 | Val Loss 1.4170 | Val Acc 0.5538 | ETputs(KTEPS) 64946.00
2023-10-14 05:19:06,482 - tune.py [line:103] - INFO: Epoch 00660 | Time(s) 0.0610 | Val Loss 1.4134 | Val Acc 0.5567 | ETputs(KTEPS) 65034.83
2023-10-14 05:19:07,650 - tune.py [line:103] - INFO: Epoch 00680 | Time(s) 0.0609 | Val Loss 1.4130 | Val Acc 0.5577 | ETputs(KTEPS) 65118.51
2023-10-14 05:19:08,802 - tune.py [line:103] - INFO: Epoch 00700 | Time(s) 0.0608 | Val Loss 1.4099 | Val Acc 0.5596 | ETputs(KTEPS) 65221.37
2023-10-14 05:19:09,955 - tune.py [line:103] - INFO: Epoch 00720 | Time(s) 0.0607 | Val Loss 1.4087 | Val Acc 0.5683 | ETputs(KTEPS) 65316.52
2023-10-14 05:19:10,950 - tune.py [line:103] - INFO: Epoch 00740 | Time(s) 0.0604 | Val Loss 1.4082 | Val Acc 0.5635 | ETputs(KTEPS) 65638.21
2023-10-14 05:19:11,931 - tune.py [line:103] - INFO: Epoch 00760 | Time(s) 0.0601 | Val Loss 1.4064 | Val Acc 0.5673 | ETputs(KTEPS) 65965.68
2023-10-14 05:19:12,916 - tune.py [line:103] - INFO: Epoch 00780 | Time(s) 0.0599 | Val Loss 1.4031 | Val Acc 0.5692 | ETputs(KTEPS) 66274.51
2023-10-14 05:19:13,900 - tune.py [line:103] - INFO: Epoch 00800 | Time(s) 0.0596 | Val Loss 1.4009 | Val Acc 0.5721 | ETputs(KTEPS) 66571.67
2023-10-14 05:19:14,109 - tune.py [line:117] - INFO: [FINAL MODEL] Val accuracy 58.46% \Val loss: 1.4
2023-10-14 05:19:14,122 - tune.py [line:119] - INFO: [FINAL MODEL] Test accuracy 58.41% \Test loss: 1.4
2023-10-14 05:19:14,123 - tune.py [line:144] - INFO: Acc on the first split (Validation Set): 0.5846
2023-10-14 05:19:14,123 - tune.py [line:145] - INFO: Acc on the first split (Test Set): 0.5841
