2023-10-14 05:17:09,517 - tune.py [line:203] - INFO: Namespace(seed=42, model='NormalNNV2', gpu=1, dataset='geom-squirrel', logging=True, log_detail=True, log_detailedCh=False, id_log=1013014504, optuna_n_trials=202, n_epochs=2000, self_loop=False, udgraph=True, early_stop=True, patience=300, n_hidden=64, n_cv=1, start_cv=0, n_layers=16, lr1=0.05, lr2=0.05, wd1=1e-08, wd2=0.0001, dropout=0.4, dropout2=0.3, es_ckpt='woselfloop-geom-squirrel_NormalNNV2-wonoise-geom-squirrel_trialNo29')
2023-10-14 05:17:12,006 - tune.py [line:128] - INFO: Split_seeds:[1824]
2023-10-14 05:17:12,006 - tune.py [line:129] - INFO: Model_seeds:[409]
2023-10-14 05:17:13,002 - tune.py [line:103] - INFO: Epoch 00020 | Time(s) 0.0480 | Val Loss 1.5832 | Val Acc 0.4404 | ETputs(KTEPS) 82668.04
2023-10-14 05:17:13,994 - tune.py [line:103] - INFO: Epoch 00040 | Time(s) 0.0481 | Val Loss 1.5495 | Val Acc 0.4952 | ETputs(KTEPS) 82510.67
2023-10-14 05:17:14,986 - tune.py [line:103] - INFO: Epoch 00060 | Time(s) 0.0485 | Val Loss 1.5193 | Val Acc 0.5106 | ETputs(KTEPS) 81762.45
2023-10-14 05:17:15,965 - tune.py [line:103] - INFO: Epoch 00080 | Time(s) 0.0485 | Val Loss 1.5028 | Val Acc 0.4933 | ETputs(KTEPS) 81733.57
2023-10-14 05:17:16,910 - tune.py [line:103] - INFO: Epoch 00100 | Time(s) 0.0483 | Val Loss 1.4781 | Val Acc 0.5250 | ETputs(KTEPS) 82177.61
2023-10-14 05:17:18,020 - tune.py [line:103] - INFO: Epoch 00120 | Time(s) 0.0494 | Val Loss 1.4549 | Val Acc 0.5365 | ETputs(KTEPS) 80303.89
2023-10-14 05:17:19,175 - tune.py [line:103] - INFO: Epoch 00140 | Time(s) 0.0505 | Val Loss 1.4407 | Val Acc 0.5433 | ETputs(KTEPS) 78596.20
2023-10-14 05:17:20,304 - tune.py [line:103] - INFO: Epoch 00160 | Time(s) 0.0512 | Val Loss 1.4296 | Val Acc 0.5500 | ETputs(KTEPS) 77492.07
2023-10-14 05:17:21,407 - tune.py [line:103] - INFO: Epoch 00180 | Time(s) 0.0516 | Val Loss 1.4161 | Val Acc 0.5481 | ETputs(KTEPS) 76876.99
2023-10-14 05:17:22,484 - tune.py [line:103] - INFO: Epoch 00200 | Time(s) 0.0518 | Val Loss 1.4079 | Val Acc 0.5567 | ETputs(KTEPS) 76621.09
2023-10-14 05:17:23,568 - tune.py [line:103] - INFO: Epoch 00220 | Time(s) 0.0520 | Val Loss 1.3976 | Val Acc 0.5731 | ETputs(KTEPS) 76339.97
2023-10-14 05:17:24,666 - tune.py [line:103] - INFO: Epoch 00240 | Time(s) 0.0522 | Val Loss 1.3907 | Val Acc 0.5750 | ETputs(KTEPS) 76041.80
2023-10-14 05:17:25,789 - tune.py [line:103] - INFO: Epoch 00260 | Time(s) 0.0525 | Val Loss 1.3900 | Val Acc 0.5731 | ETputs(KTEPS) 75603.31
2023-10-14 05:17:26,865 - tune.py [line:103] - INFO: Epoch 00280 | Time(s) 0.0526 | Val Loss 1.3833 | Val Acc 0.5712 | ETputs(KTEPS) 75481.76
2023-10-14 05:17:27,938 - tune.py [line:103] - INFO: Epoch 00300 | Time(s) 0.0526 | Val Loss 1.3807 | Val Acc 0.5808 | ETputs(KTEPS) 75430.35
2023-10-14 05:17:29,021 - tune.py [line:103] - INFO: Epoch 00320 | Time(s) 0.0527 | Val Loss 1.3755 | Val Acc 0.5760 | ETputs(KTEPS) 75293.60
2023-10-14 05:17:30,115 - tune.py [line:103] - INFO: Epoch 00340 | Time(s) 0.0528 | Val Loss 1.3723 | Val Acc 0.5779 | ETputs(KTEPS) 75126.69
2023-10-14 05:17:31,146 - tune.py [line:103] - INFO: Epoch 00360 | Time(s) 0.0527 | Val Loss 1.3683 | Val Acc 0.5779 | ETputs(KTEPS) 75227.17
2023-10-14 05:17:32,141 - tune.py [line:103] - INFO: Epoch 00380 | Time(s) 0.0526 | Val Loss 1.3665 | Val Acc 0.5885 | ETputs(KTEPS) 75470.71
2023-10-14 05:17:33,129 - tune.py [line:103] - INFO: Epoch 00400 | Time(s) 0.0524 | Val Loss 1.3631 | Val Acc 0.5865 | ETputs(KTEPS) 75753.51
2023-10-14 05:17:34,093 - tune.py [line:103] - INFO: Epoch 00420 | Time(s) 0.0522 | Val Loss 1.3660 | Val Acc 0.5817 | ETputs(KTEPS) 76042.08
2023-10-14 05:17:35,037 - tune.py [line:103] - INFO: Epoch 00440 | Time(s) 0.0519 | Val Loss 1.3622 | Val Acc 0.6000 | ETputs(KTEPS) 76375.97
2023-10-14 05:17:35,991 - tune.py [line:103] - INFO: Epoch 00460 | Time(s) 0.0518 | Val Loss 1.3626 | Val Acc 0.5990 | ETputs(KTEPS) 76650.77
2023-10-14 05:17:36,948 - tune.py [line:103] - INFO: Epoch 00480 | Time(s) 0.0516 | Val Loss 1.3616 | Val Acc 0.6077 | ETputs(KTEPS) 76893.01
2023-10-14 05:17:37,900 - tune.py [line:103] - INFO: Epoch 00500 | Time(s) 0.0514 | Val Loss 1.3585 | Val Acc 0.6029 | ETputs(KTEPS) 77132.11
2023-10-14 05:17:38,852 - tune.py [line:103] - INFO: Epoch 00520 | Time(s) 0.0513 | Val Loss 1.3517 | Val Acc 0.6038 | ETputs(KTEPS) 77354.48
2023-10-14 05:17:39,821 - tune.py [line:103] - INFO: Epoch 00540 | Time(s) 0.0512 | Val Loss 1.3526 | Val Acc 0.5942 | ETputs(KTEPS) 77516.91
2023-10-14 05:17:40,772 - tune.py [line:103] - INFO: Epoch 00560 | Time(s) 0.0510 | Val Loss 1.3512 | Val Acc 0.5990 | ETputs(KTEPS) 77714.22
2023-10-14 05:17:41,721 - tune.py [line:103] - INFO: Epoch 00580 | Time(s) 0.0509 | Val Loss 1.3497 | Val Acc 0.5942 | ETputs(KTEPS) 77904.83
2023-10-14 05:17:42,813 - tune.py [line:103] - INFO: Epoch 00600 | Time(s) 0.0510 | Val Loss 1.3482 | Val Acc 0.6000 | ETputs(KTEPS) 77719.45
2023-10-14 05:17:43,935 - tune.py [line:103] - INFO: Epoch 00620 | Time(s) 0.0512 | Val Loss 1.3483 | Val Acc 0.5990 | ETputs(KTEPS) 77472.86
2023-10-14 05:17:44,925 - tune.py [line:103] - INFO: Epoch 00640 | Time(s) 0.0512 | Val Loss 1.3475 | Val Acc 0.6010 | ETputs(KTEPS) 77553.89
2023-10-14 05:17:45,920 - tune.py [line:103] - INFO: Epoch 00660 | Time(s) 0.0511 | Val Loss 1.3460 | Val Acc 0.6067 | ETputs(KTEPS) 77637.92
2023-10-14 05:17:46,881 - tune.py [line:103] - INFO: Epoch 00680 | Time(s) 0.0510 | Val Loss 1.3461 | Val Acc 0.6135 | ETputs(KTEPS) 77773.98
2023-10-14 05:17:47,850 - tune.py [line:103] - INFO: Epoch 00700 | Time(s) 0.0509 | Val Loss 1.3469 | Val Acc 0.6029 | ETputs(KTEPS) 77886.51
2023-10-14 05:17:48,831 - tune.py [line:103] - INFO: Epoch 00720 | Time(s) 0.0509 | Val Loss 1.3455 | Val Acc 0.6048 | ETputs(KTEPS) 77986.48
2023-10-14 05:17:49,789 - tune.py [line:103] - INFO: Epoch 00740 | Time(s) 0.0508 | Val Loss 1.3447 | Val Acc 0.6067 | ETputs(KTEPS) 78110.89
2023-10-14 05:17:50,767 - tune.py [line:103] - INFO: Epoch 00760 | Time(s) 0.0507 | Val Loss 1.3426 | Val Acc 0.6096 | ETputs(KTEPS) 78188.35
2023-10-14 05:17:51,775 - tune.py [line:103] - INFO: Epoch 00780 | Time(s) 0.0507 | Val Loss 1.3458 | Val Acc 0.6058 | ETputs(KTEPS) 78202.83
2023-10-14 05:17:52,753 - tune.py [line:103] - INFO: Epoch 00800 | Time(s) 0.0507 | Val Loss 1.3439 | Val Acc 0.6173 | ETputs(KTEPS) 78274.42
2023-10-14 05:17:53,762 - tune.py [line:103] - INFO: Epoch 00820 | Time(s) 0.0507 | Val Loss 1.3425 | Val Acc 0.6173 | ETputs(KTEPS) 78285.44
2023-10-14 05:17:54,776 - tune.py [line:103] - INFO: Epoch 00840 | Time(s) 0.0507 | Val Loss 1.3412 | Val Acc 0.6125 | ETputs(KTEPS) 78289.29
2023-10-14 05:17:55,742 - tune.py [line:103] - INFO: Epoch 00860 | Time(s) 0.0506 | Val Loss 1.3422 | Val Acc 0.6106 | ETputs(KTEPS) 78375.24
2023-10-14 05:17:56,687 - tune.py [line:103] - INFO: Epoch 00880 | Time(s) 0.0505 | Val Loss 1.3464 | Val Acc 0.6115 | ETputs(KTEPS) 78495.55
2023-10-14 05:17:57,668 - tune.py [line:103] - INFO: Epoch 00900 | Time(s) 0.0505 | Val Loss 1.3432 | Val Acc 0.6202 | ETputs(KTEPS) 78548.17
2023-10-14 05:17:58,797 - tune.py [line:103] - INFO: Epoch 00920 | Time(s) 0.0506 | Val Loss 1.3446 | Val Acc 0.6135 | ETputs(KTEPS) 78349.39
2023-10-14 05:17:59,869 - tune.py [line:103] - INFO: Epoch 00940 | Time(s) 0.0507 | Val Loss 1.3667 | Val Acc 0.5856 | ETputs(KTEPS) 78254.17
2023-10-14 05:18:00,956 - tune.py [line:103] - INFO: Epoch 00960 | Time(s) 0.0508 | Val Loss 1.3523 | Val Acc 0.6096 | ETputs(KTEPS) 78138.16
2023-10-14 05:18:02,045 - tune.py [line:103] - INFO: Epoch 00980 | Time(s) 0.0508 | Val Loss 1.3499 | Val Acc 0.6173 | ETputs(KTEPS) 78023.74
2023-10-14 05:18:03,030 - tune.py [line:103] - INFO: Epoch 01000 | Time(s) 0.0508 | Val Loss 1.3441 | Val Acc 0.6192 | ETputs(KTEPS) 78073.85
2023-10-14 05:18:04,005 - tune.py [line:103] - INFO: Epoch 01020 | Time(s) 0.0508 | Val Loss 1.3465 | Val Acc 0.6231 | ETputs(KTEPS) 78136.27
2023-10-14 05:18:04,988 - tune.py [line:103] - INFO: Epoch 01040 | Time(s) 0.0507 | Val Loss 1.3471 | Val Acc 0.6144 | ETputs(KTEPS) 78188.25
2023-10-14 05:18:05,948 - tune.py [line:103] - INFO: Epoch 01060 | Time(s) 0.0507 | Val Loss 1.3473 | Val Acc 0.6163 | ETputs(KTEPS) 78272.44
2023-10-14 05:18:06,919 - tune.py [line:103] - INFO: Epoch 01080 | Time(s) 0.0506 | Val Loss 1.3439 | Val Acc 0.6212 | ETputs(KTEPS) 78334.02
2023-10-14 05:18:07,867 - tune.py [line:103] - INFO: Epoch 01100 | Time(s) 0.0506 | Val Loss 1.3465 | Val Acc 0.6135 | ETputs(KTEPS) 78426.12
2023-10-14 05:18:08,851 - tune.py [line:103] - INFO: Epoch 01120 | Time(s) 0.0506 | Val Loss 1.3489 | Val Acc 0.6192 | ETputs(KTEPS) 78467.79
2023-10-14 05:18:09,830 - tune.py [line:103] - INFO: Epoch 01140 | Time(s) 0.0505 | Val Loss 1.3451 | Val Acc 0.6125 | ETputs(KTEPS) 78512.34
2023-10-14 05:18:10,825 - tune.py [line:103] - INFO: Epoch 01160 | Time(s) 0.0505 | Val Loss 1.3457 | Val Acc 0.6231 | ETputs(KTEPS) 78534.92
2023-10-14 05:18:11,842 - tune.py [line:103] - INFO: Epoch 01180 | Time(s) 0.0505 | Val Loss 1.3446 | Val Acc 0.6173 | ETputs(KTEPS) 78527.22
2023-10-14 05:18:12,941 - tune.py [line:103] - INFO: Epoch 01200 | Time(s) 0.0506 | Val Loss 1.3465 | Val Acc 0.6183 | ETputs(KTEPS) 78413.84
2023-10-14 05:18:14,038 - tune.py [line:103] - INFO: Epoch 01220 | Time(s) 0.0507 | Val Loss 1.3475 | Val Acc 0.6212 | ETputs(KTEPS) 78307.19
2023-10-14 05:18:15,172 - tune.py [line:103] - INFO: Epoch 01240 | Time(s) 0.0508 | Val Loss 1.3504 | Val Acc 0.6038 | ETputs(KTEPS) 78158.26
2023-10-14 05:18:16,192 - tune.py [line:103] - INFO: Epoch 01260 | Time(s) 0.0508 | Val Loss 1.3503 | Val Acc 0.6077 | ETputs(KTEPS) 78152.80
2023-10-14 05:18:17,157 - tune.py [line:103] - INFO: Epoch 01280 | Time(s) 0.0507 | Val Loss 1.3477 | Val Acc 0.6067 | ETputs(KTEPS) 78213.95
2023-10-14 05:18:18,140 - tune.py [line:103] - INFO: Epoch 01300 | Time(s) 0.0507 | Val Loss 1.3487 | Val Acc 0.6231 | ETputs(KTEPS) 78252.60
2023-10-14 05:18:19,107 - tune.py [line:103] - INFO: Epoch 01320 | Time(s) 0.0507 | Val Loss 1.3536 | Val Acc 0.6163 | ETputs(KTEPS) 78307.27
2023-10-14 05:18:20,122 - tune.py [line:103] - INFO: Epoch 01340 | Time(s) 0.0507 | Val Loss 1.3518 | Val Acc 0.6106 | ETputs(KTEPS) 78306.30
2023-10-14 05:18:21,103 - tune.py [line:103] - INFO: Epoch 01360 | Time(s) 0.0506 | Val Loss 1.3502 | Val Acc 0.6250 | ETputs(KTEPS) 78343.33
2023-10-14 05:18:22,074 - tune.py [line:103] - INFO: Epoch 01380 | Time(s) 0.0506 | Val Loss 1.3537 | Val Acc 0.6096 | ETputs(KTEPS) 78390.93
2023-10-14 05:18:23,053 - tune.py [line:103] - INFO: Epoch 01400 | Time(s) 0.0506 | Val Loss 1.3537 | Val Acc 0.6135 | ETputs(KTEPS) 78428.44
2023-10-14 05:18:23,294 - tune.py [line:117] - INFO: [FINAL MODEL] Val accuracy 63.27% \Val loss: 1.3
2023-10-14 05:18:23,305 - tune.py [line:119] - INFO: [FINAL MODEL] Test accuracy 61.00% \Test loss: 1.4
2023-10-14 05:18:23,305 - tune.py [line:144] - INFO: Acc on the first split (Validation Set): 0.6327
2023-10-14 05:18:23,306 - tune.py [line:145] - INFO: Acc on the first split (Test Set): 0.6100
