2023-10-14 05:50:30,955 - tune.py [line:203] - INFO: Namespace(seed=42, model='NormalNNV2', gpu=1, dataset='geom-squirrel', logging=True, log_detail=True, log_detailedCh=False, id_log=1013014504, optuna_n_trials=202, n_epochs=2000, self_loop=False, udgraph=True, early_stop=True, patience=300, n_hidden=64, n_cv=1, start_cv=0, n_layers=16, lr1=0.03, lr2=0.04, wd1=1e-06, wd2=0.0001, dropout=0.1, dropout2=0.1, es_ckpt='woselfloop-geom-squirrel_NormalNNV2-wonoise-geom-squirrel_trialNo130')
2023-10-14 05:50:33,386 - tune.py [line:128] - INFO: Split_seeds:[1824]
2023-10-14 05:50:33,386 - tune.py [line:129] - INFO: Model_seeds:[409]
2023-10-14 05:50:34,658 - tune.py [line:103] - INFO: Epoch 00020 | Time(s) 0.0604 | Val Loss 1.5904 | Val Acc 0.4510 | ETputs(KTEPS) 65654.29
2023-10-14 05:50:35,892 - tune.py [line:103] - INFO: Epoch 00040 | Time(s) 0.0601 | Val Loss 1.5573 | Val Acc 0.5163 | ETputs(KTEPS) 66025.97
2023-10-14 05:50:37,047 - tune.py [line:103] - INFO: Epoch 00060 | Time(s) 0.0590 | Val Loss 1.5247 | Val Acc 0.5500 | ETputs(KTEPS) 67228.45
2023-10-14 05:50:38,023 - tune.py [line:103] - INFO: Epoch 00080 | Time(s) 0.0563 | Val Loss 1.4945 | Val Acc 0.5442 | ETputs(KTEPS) 70437.19
2023-10-14 05:50:38,976 - tune.py [line:103] - INFO: Epoch 00100 | Time(s) 0.0546 | Val Loss 1.4675 | Val Acc 0.5519 | ETputs(KTEPS) 72680.23
2023-10-14 05:50:39,915 - tune.py [line:103] - INFO: Epoch 00120 | Time(s) 0.0533 | Val Loss 1.4445 | Val Acc 0.5760 | ETputs(KTEPS) 74483.43
2023-10-14 05:50:40,846 - tune.py [line:103] - INFO: Epoch 00140 | Time(s) 0.0523 | Val Loss 1.4205 | Val Acc 0.5760 | ETputs(KTEPS) 75900.81
2023-10-14 05:50:41,793 - tune.py [line:103] - INFO: Epoch 00160 | Time(s) 0.0516 | Val Loss 1.4056 | Val Acc 0.5837 | ETputs(KTEPS) 76861.95
2023-10-14 05:50:42,754 - tune.py [line:103] - INFO: Epoch 00180 | Time(s) 0.0512 | Val Loss 1.3871 | Val Acc 0.5865 | ETputs(KTEPS) 77493.30
2023-10-14 05:50:43,710 - tune.py [line:103] - INFO: Epoch 00200 | Time(s) 0.0508 | Val Loss 1.3765 | Val Acc 0.6048 | ETputs(KTEPS) 78061.59
2023-10-14 05:50:44,655 - tune.py [line:103] - INFO: Epoch 00220 | Time(s) 0.0505 | Val Loss 1.3625 | Val Acc 0.5942 | ETputs(KTEPS) 78561.74
2023-10-14 05:50:45,588 - tune.py [line:103] - INFO: Epoch 00240 | Time(s) 0.0502 | Val Loss 1.3561 | Val Acc 0.6038 | ETputs(KTEPS) 79067.60
2023-10-14 05:50:46,607 - tune.py [line:103] - INFO: Epoch 00260 | Time(s) 0.0502 | Val Loss 1.3543 | Val Acc 0.6067 | ETputs(KTEPS) 78994.90
2023-10-14 05:50:47,611 - tune.py [line:103] - INFO: Epoch 00280 | Time(s) 0.0502 | Val Loss 1.3442 | Val Acc 0.6163 | ETputs(KTEPS) 79012.72
2023-10-14 05:50:48,640 - tune.py [line:103] - INFO: Epoch 00300 | Time(s) 0.0503 | Val Loss 1.3406 | Val Acc 0.6096 | ETputs(KTEPS) 78886.22
2023-10-14 05:50:49,644 - tune.py [line:103] - INFO: Epoch 00320 | Time(s) 0.0503 | Val Loss 1.3399 | Val Acc 0.6087 | ETputs(KTEPS) 78892.85
2023-10-14 05:50:50,642 - tune.py [line:103] - INFO: Epoch 00340 | Time(s) 0.0503 | Val Loss 1.3357 | Val Acc 0.6173 | ETputs(KTEPS) 78944.30
2023-10-14 05:50:51,654 - tune.py [line:103] - INFO: Epoch 00360 | Time(s) 0.0503 | Val Loss 1.3331 | Val Acc 0.6019 | ETputs(KTEPS) 78912.76
2023-10-14 05:50:52,673 - tune.py [line:103] - INFO: Epoch 00380 | Time(s) 0.0503 | Val Loss 1.3386 | Val Acc 0.5990 | ETputs(KTEPS) 78858.26
2023-10-14 05:50:53,678 - tune.py [line:103] - INFO: Epoch 00400 | Time(s) 0.0503 | Val Loss 1.3364 | Val Acc 0.6038 | ETputs(KTEPS) 78864.79
2023-10-14 05:50:54,723 - tune.py [line:103] - INFO: Epoch 00420 | Time(s) 0.0504 | Val Loss 1.3373 | Val Acc 0.6096 | ETputs(KTEPS) 78725.19
2023-10-14 05:50:55,861 - tune.py [line:103] - INFO: Epoch 00440 | Time(s) 0.0507 | Val Loss 1.3395 | Val Acc 0.5952 | ETputs(KTEPS) 78289.11
2023-10-14 05:50:56,993 - tune.py [line:103] - INFO: Epoch 00460 | Time(s) 0.0509 | Val Loss 1.3415 | Val Acc 0.5981 | ETputs(KTEPS) 77893.13
2023-10-14 05:50:58,121 - tune.py [line:103] - INFO: Epoch 00480 | Time(s) 0.0512 | Val Loss 1.3417 | Val Acc 0.6135 | ETputs(KTEPS) 77549.65
2023-10-14 05:50:59,287 - tune.py [line:103] - INFO: Epoch 00500 | Time(s) 0.0514 | Val Loss 1.3442 | Val Acc 0.5933 | ETputs(KTEPS) 77120.35
2023-10-14 05:51:00,498 - tune.py [line:103] - INFO: Epoch 00520 | Time(s) 0.0518 | Val Loss 1.3466 | Val Acc 0.5962 | ETputs(KTEPS) 76601.40
2023-10-14 05:51:01,678 - tune.py [line:103] - INFO: Epoch 00540 | Time(s) 0.0521 | Val Loss 1.3488 | Val Acc 0.6077 | ETputs(KTEPS) 76213.48
2023-10-14 05:51:02,866 - tune.py [line:103] - INFO: Epoch 00560 | Time(s) 0.0523 | Val Loss 1.3577 | Val Acc 0.6048 | ETputs(KTEPS) 75834.86
2023-10-14 05:51:04,029 - tune.py [line:103] - INFO: Epoch 00580 | Time(s) 0.0525 | Val Loss 1.3566 | Val Acc 0.6077 | ETputs(KTEPS) 75545.01
2023-10-14 05:51:05,182 - tune.py [line:103] - INFO: Epoch 00600 | Time(s) 0.0527 | Val Loss 1.3595 | Val Acc 0.6048 | ETputs(KTEPS) 75301.17
2023-10-14 05:51:06,364 - tune.py [line:103] - INFO: Epoch 00620 | Time(s) 0.0529 | Val Loss 1.3642 | Val Acc 0.6077 | ETputs(KTEPS) 75008.54
2023-10-14 05:51:07,553 - tune.py [line:103] - INFO: Epoch 00640 | Time(s) 0.0531 | Val Loss 1.3747 | Val Acc 0.6010 | ETputs(KTEPS) 74720.67
2023-10-14 05:51:08,729 - tune.py [line:103] - INFO: Epoch 00660 | Time(s) 0.0533 | Val Loss 1.3737 | Val Acc 0.5942 | ETputs(KTEPS) 74480.23
2023-10-14 05:51:09,799 - tune.py [line:103] - INFO: Epoch 00680 | Time(s) 0.0533 | Val Loss 1.3802 | Val Acc 0.5856 | ETputs(KTEPS) 74472.00
2023-10-14 05:51:10,964 - tune.py [line:103] - INFO: Epoch 00700 | Time(s) 0.0534 | Val Loss 1.3842 | Val Acc 0.5856 | ETputs(KTEPS) 74273.93
2023-10-14 05:51:12,076 - tune.py [line:103] - INFO: Epoch 00720 | Time(s) 0.0535 | Val Loss 1.3932 | Val Acc 0.5817 | ETputs(KTEPS) 74191.84
2023-10-14 05:51:12,774 - tune.py [line:117] - INFO: [FINAL MODEL] Val accuracy 62.50% \Val loss: 1.3
2023-10-14 05:51:12,785 - tune.py [line:119] - INFO: [FINAL MODEL] Test accuracy 61.86% \Test loss: 1.3
2023-10-14 05:51:12,785 - tune.py [line:144] - INFO: Acc on the first split (Validation Set): 0.6250
2023-10-14 05:51:12,785 - tune.py [line:145] - INFO: Acc on the first split (Test Set): 0.6186
