2023-10-14 05:59:43,120 - tune.py [line:203] - INFO: Namespace(seed=42, model='NormalNNV2', gpu=1, dataset='geom-squirrel', logging=True, log_detail=True, log_detailedCh=False, id_log=1013014504, optuna_n_trials=202, n_epochs=2000, self_loop=False, udgraph=True, early_stop=True, patience=300, n_hidden=64, n_cv=1, start_cv=0, n_layers=16, lr1=0.05, lr2=0.04, wd1=1e-06, wd2=0.0001, dropout=0.1, dropout2=0.2, es_ckpt='woselfloop-geom-squirrel_NormalNNV2-wonoise-geom-squirrel_trialNo177')
2023-10-14 05:59:45,678 - tune.py [line:128] - INFO: Split_seeds:[1824]
2023-10-14 05:59:45,678 - tune.py [line:129] - INFO: Model_seeds:[409]
2023-10-14 05:59:46,657 - tune.py [line:103] - INFO: Epoch 00020 | Time(s) 0.0472 | Val Loss 1.5901 | Val Acc 0.4519 | ETputs(KTEPS) 84129.73
2023-10-14 05:59:47,643 - tune.py [line:103] - INFO: Epoch 00040 | Time(s) 0.0476 | Val Loss 1.5572 | Val Acc 0.5423 | ETputs(KTEPS) 83343.23
2023-10-14 05:59:48,591 - tune.py [line:103] - INFO: Epoch 00060 | Time(s) 0.0474 | Val Loss 1.5244 | Val Acc 0.5442 | ETputs(KTEPS) 83697.71
2023-10-14 05:59:49,530 - tune.py [line:103] - INFO: Epoch 00080 | Time(s) 0.0472 | Val Loss 1.4993 | Val Acc 0.5548 | ETputs(KTEPS) 84087.05
2023-10-14 05:59:50,462 - tune.py [line:103] - INFO: Epoch 00100 | Time(s) 0.0470 | Val Loss 1.4701 | Val Acc 0.5779 | ETputs(KTEPS) 84323.29
2023-10-14 05:59:51,598 - tune.py [line:103] - INFO: Epoch 00120 | Time(s) 0.0485 | Val Loss 1.4501 | Val Acc 0.5760 | ETputs(KTEPS) 81710.86
2023-10-14 05:59:52,781 - tune.py [line:103] - INFO: Epoch 00140 | Time(s) 0.0501 | Val Loss 1.4302 | Val Acc 0.5856 | ETputs(KTEPS) 79245.47
2023-10-14 05:59:53,930 - tune.py [line:103] - INFO: Epoch 00160 | Time(s) 0.0509 | Val Loss 1.4100 | Val Acc 0.5933 | ETputs(KTEPS) 77890.98
2023-10-14 05:59:55,113 - tune.py [line:103] - INFO: Epoch 00180 | Time(s) 0.0518 | Val Loss 1.3990 | Val Acc 0.5817 | ETputs(KTEPS) 76556.44
2023-10-14 05:59:56,330 - tune.py [line:103] - INFO: Epoch 00200 | Time(s) 0.0527 | Val Loss 1.3829 | Val Acc 0.6029 | ETputs(KTEPS) 75251.53
2023-10-14 05:59:57,485 - tune.py [line:103] - INFO: Epoch 00220 | Time(s) 0.0532 | Val Loss 1.3735 | Val Acc 0.6029 | ETputs(KTEPS) 74626.79
2023-10-14 05:59:58,678 - tune.py [line:103] - INFO: Epoch 00240 | Time(s) 0.0537 | Val Loss 1.3672 | Val Acc 0.5913 | ETputs(KTEPS) 73876.15
2023-10-14 05:59:59,896 - tune.py [line:103] - INFO: Epoch 00260 | Time(s) 0.0542 | Val Loss 1.3548 | Val Acc 0.6096 | ETputs(KTEPS) 73129.81
2023-10-14 06:00:01,039 - tune.py [line:103] - INFO: Epoch 00280 | Time(s) 0.0545 | Val Loss 1.3542 | Val Acc 0.6038 | ETputs(KTEPS) 72855.77
2023-10-14 06:00:02,211 - tune.py [line:103] - INFO: Epoch 00300 | Time(s) 0.0547 | Val Loss 1.3449 | Val Acc 0.6115 | ETputs(KTEPS) 72515.73
2023-10-14 06:00:03,395 - tune.py [line:103] - INFO: Epoch 00320 | Time(s) 0.0550 | Val Loss 1.3427 | Val Acc 0.6096 | ETputs(KTEPS) 72149.60
2023-10-14 06:00:04,619 - tune.py [line:103] - INFO: Epoch 00340 | Time(s) 0.0553 | Val Loss 1.3406 | Val Acc 0.6048 | ETputs(KTEPS) 71693.58
2023-10-14 06:00:05,849 - tune.py [line:103] - INFO: Epoch 00360 | Time(s) 0.0557 | Val Loss 1.3725 | Val Acc 0.5663 | ETputs(KTEPS) 71254.60
2023-10-14 06:00:06,997 - tune.py [line:103] - INFO: Epoch 00380 | Time(s) 0.0558 | Val Loss 1.3491 | Val Acc 0.5865 | ETputs(KTEPS) 71143.41
2023-10-14 06:00:08,199 - tune.py [line:103] - INFO: Epoch 00400 | Time(s) 0.0560 | Val Loss 1.3374 | Val Acc 0.6029 | ETputs(KTEPS) 70870.79
2023-10-14 06:00:09,402 - tune.py [line:103] - INFO: Epoch 00420 | Time(s) 0.0562 | Val Loss 1.3371 | Val Acc 0.6077 | ETputs(KTEPS) 70620.81
2023-10-14 06:00:10,579 - tune.py [line:103] - INFO: Epoch 00440 | Time(s) 0.0563 | Val Loss 1.3317 | Val Acc 0.6125 | ETputs(KTEPS) 70472.57
2023-10-14 06:00:11,755 - tune.py [line:103] - INFO: Epoch 00460 | Time(s) 0.0564 | Val Loss 1.3319 | Val Acc 0.6029 | ETputs(KTEPS) 70337.29
2023-10-14 06:00:12,977 - tune.py [line:103] - INFO: Epoch 00480 | Time(s) 0.0566 | Val Loss 1.3258 | Val Acc 0.6279 | ETputs(KTEPS) 70131.42
2023-10-14 06:00:14,156 - tune.py [line:103] - INFO: Epoch 00500 | Time(s) 0.0567 | Val Loss 1.3317 | Val Acc 0.6115 | ETputs(KTEPS) 70024.58
2023-10-14 06:00:15,333 - tune.py [line:103] - INFO: Epoch 00520 | Time(s) 0.0567 | Val Loss 1.3307 | Val Acc 0.6154 | ETputs(KTEPS) 69920.99
2023-10-14 06:00:16,510 - tune.py [line:103] - INFO: Epoch 00540 | Time(s) 0.0568 | Val Loss 1.3320 | Val Acc 0.6154 | ETputs(KTEPS) 69827.55
2023-10-14 06:00:17,663 - tune.py [line:103] - INFO: Epoch 00560 | Time(s) 0.0568 | Val Loss 1.3326 | Val Acc 0.6163 | ETputs(KTEPS) 69793.99
2023-10-14 06:00:18,815 - tune.py [line:103] - INFO: Epoch 00580 | Time(s) 0.0569 | Val Loss 1.3387 | Val Acc 0.6125 | ETputs(KTEPS) 69762.84
2023-10-14 06:00:20,017 - tune.py [line:103] - INFO: Epoch 00600 | Time(s) 0.0570 | Val Loss 1.3433 | Val Acc 0.6000 | ETputs(KTEPS) 69631.11
2023-10-14 06:00:21,208 - tune.py [line:103] - INFO: Epoch 00620 | Time(s) 0.0571 | Val Loss 1.3509 | Val Acc 0.5981 | ETputs(KTEPS) 69532.73
2023-10-14 06:00:22,433 - tune.py [line:103] - INFO: Epoch 00640 | Time(s) 0.0572 | Val Loss 1.3549 | Val Acc 0.6087 | ETputs(KTEPS) 69375.85
2023-10-14 06:00:23,639 - tune.py [line:103] - INFO: Epoch 00660 | Time(s) 0.0573 | Val Loss 1.3604 | Val Acc 0.6058 | ETputs(KTEPS) 69262.20
2023-10-14 06:00:24,825 - tune.py [line:103] - INFO: Epoch 00680 | Time(s) 0.0573 | Val Loss 1.3712 | Val Acc 0.5933 | ETputs(KTEPS) 69191.98
2023-10-14 06:00:26,022 - tune.py [line:103] - INFO: Epoch 00700 | Time(s) 0.0574 | Val Loss 1.3920 | Val Acc 0.5779 | ETputs(KTEPS) 69107.69
2023-10-14 06:00:27,173 - tune.py [line:103] - INFO: Epoch 00720 | Time(s) 0.0574 | Val Loss 1.3926 | Val Acc 0.5798 | ETputs(KTEPS) 69104.19
2023-10-14 06:00:28,405 - tune.py [line:103] - INFO: Epoch 00740 | Time(s) 0.0575 | Val Loss 1.4000 | Val Acc 0.6000 | ETputs(KTEPS) 68969.80
2023-10-14 06:00:29,588 - tune.py [line:103] - INFO: Epoch 00760 | Time(s) 0.0576 | Val Loss 1.4056 | Val Acc 0.5846 | ETputs(KTEPS) 68919.99
2023-10-14 06:00:30,766 - tune.py [line:103] - INFO: Epoch 00780 | Time(s) 0.0576 | Val Loss 1.4104 | Val Acc 0.5846 | ETputs(KTEPS) 68880.34
2023-10-14 06:00:30,779 - tune.py [line:117] - INFO: [FINAL MODEL] Val accuracy 62.79% \Val loss: 1.3
2023-10-14 06:00:30,788 - tune.py [line:119] - INFO: [FINAL MODEL] Test accuracy 60.33% \Test loss: 1.3
2023-10-14 06:00:30,789 - tune.py [line:144] - INFO: Acc on the first split (Validation Set): 0.6279
2023-10-14 06:00:30,789 - tune.py [line:145] - INFO: Acc on the first split (Test Set): 0.6033
