2023-10-14 05:54:12,296 - tune.py [line:203] - INFO: Namespace(seed=42, model='NormalNNV2', gpu=1, dataset='geom-squirrel', logging=True, log_detail=True, log_detailedCh=False, id_log=1013014504, optuna_n_trials=202, n_epochs=2000, self_loop=False, udgraph=True, early_stop=True, patience=300, n_hidden=64, n_cv=1, start_cv=0, n_layers=16, lr1=0.02, lr2=0.04, wd1=1e-06, wd2=0.0001, dropout=0.1, dropout2=0.1, es_ckpt='woselfloop-geom-squirrel_NormalNNV2-wonoise-geom-squirrel_trialNo151')
2023-10-14 05:54:14,704 - tune.py [line:128] - INFO: Split_seeds:[1824]
2023-10-14 05:54:14,704 - tune.py [line:129] - INFO: Model_seeds:[409]
2023-10-14 05:54:15,728 - tune.py [line:103] - INFO: Epoch 00020 | Time(s) 0.0496 | Val Loss 1.5883 | Val Acc 0.4788 | ETputs(KTEPS) 80005.85
2023-10-14 05:54:16,732 - tune.py [line:103] - INFO: Epoch 00040 | Time(s) 0.0495 | Val Loss 1.5557 | Val Acc 0.5375 | ETputs(KTEPS) 80097.83
2023-10-14 05:54:17,629 - tune.py [line:103] - INFO: Epoch 00060 | Time(s) 0.0478 | Val Loss 1.5216 | Val Acc 0.5644 | ETputs(KTEPS) 82994.29
2023-10-14 05:54:18,668 - tune.py [line:103] - INFO: Epoch 00080 | Time(s) 0.0488 | Val Loss 1.4941 | Val Acc 0.5558 | ETputs(KTEPS) 81307.17
2023-10-14 05:54:19,788 - tune.py [line:103] - INFO: Epoch 00100 | Time(s) 0.0502 | Val Loss 1.4695 | Val Acc 0.5692 | ETputs(KTEPS) 79026.33
2023-10-14 05:54:20,731 - tune.py [line:103] - INFO: Epoch 00120 | Time(s) 0.0496 | Val Loss 1.4460 | Val Acc 0.5837 | ETputs(KTEPS) 79907.25
2023-10-14 05:54:21,661 - tune.py [line:103] - INFO: Epoch 00140 | Time(s) 0.0492 | Val Loss 1.4308 | Val Acc 0.5702 | ETputs(KTEPS) 80693.31
2023-10-14 05:54:22,882 - tune.py [line:103] - INFO: Epoch 00160 | Time(s) 0.0506 | Val Loss 1.4112 | Val Acc 0.5673 | ETputs(KTEPS) 78334.74
2023-10-14 05:54:24,255 - tune.py [line:103] - INFO: Epoch 00180 | Time(s) 0.0526 | Val Loss 1.3911 | Val Acc 0.5856 | ETputs(KTEPS) 75398.34
2023-10-14 05:54:25,678 - tune.py [line:103] - INFO: Epoch 00200 | Time(s) 0.0544 | Val Loss 1.3790 | Val Acc 0.5885 | ETputs(KTEPS) 72873.21
2023-10-14 05:54:27,044 - tune.py [line:103] - INFO: Epoch 00220 | Time(s) 0.0557 | Val Loss 1.3700 | Val Acc 0.5952 | ETputs(KTEPS) 71228.38
2023-10-14 05:54:28,231 - tune.py [line:103] - INFO: Epoch 00240 | Time(s) 0.0560 | Val Loss 1.3623 | Val Acc 0.6010 | ETputs(KTEPS) 70845.44
2023-10-14 05:54:29,492 - tune.py [line:103] - INFO: Epoch 00260 | Time(s) 0.0565 | Val Loss 1.3575 | Val Acc 0.5962 | ETputs(KTEPS) 70169.28
2023-10-14 05:54:30,786 - tune.py [line:103] - INFO: Epoch 00280 | Time(s) 0.0571 | Val Loss 1.3587 | Val Acc 0.5865 | ETputs(KTEPS) 69467.92
2023-10-14 05:54:32,049 - tune.py [line:103] - INFO: Epoch 00300 | Time(s) 0.0575 | Val Loss 1.3459 | Val Acc 0.5904 | ETputs(KTEPS) 68988.93
2023-10-14 05:54:33,099 - tune.py [line:103] - INFO: Epoch 00320 | Time(s) 0.0572 | Val Loss 1.3480 | Val Acc 0.6000 | ETputs(KTEPS) 69366.23
2023-10-14 05:54:34,103 - tune.py [line:103] - INFO: Epoch 00340 | Time(s) 0.0568 | Val Loss 1.3472 | Val Acc 0.5981 | ETputs(KTEPS) 69871.05
2023-10-14 05:54:35,300 - tune.py [line:103] - INFO: Epoch 00360 | Time(s) 0.0569 | Val Loss 1.3440 | Val Acc 0.6000 | ETputs(KTEPS) 69665.41
2023-10-14 05:54:36,556 - tune.py [line:103] - INFO: Epoch 00380 | Time(s) 0.0573 | Val Loss 1.3399 | Val Acc 0.6010 | ETputs(KTEPS) 69291.78
2023-10-14 05:54:37,854 - tune.py [line:103] - INFO: Epoch 00400 | Time(s) 0.0576 | Val Loss 1.3437 | Val Acc 0.5990 | ETputs(KTEPS) 68835.24
2023-10-14 05:54:39,163 - tune.py [line:103] - INFO: Epoch 00420 | Time(s) 0.0580 | Val Loss 1.3431 | Val Acc 0.5904 | ETputs(KTEPS) 68396.13
2023-10-14 05:54:40,338 - tune.py [line:103] - INFO: Epoch 00440 | Time(s) 0.0580 | Val Loss 1.3430 | Val Acc 0.6019 | ETputs(KTEPS) 68355.88
2023-10-14 05:54:41,548 - tune.py [line:103] - INFO: Epoch 00460 | Time(s) 0.0581 | Val Loss 1.3436 | Val Acc 0.5962 | ETputs(KTEPS) 68231.82
2023-10-14 05:54:42,768 - tune.py [line:103] - INFO: Epoch 00480 | Time(s) 0.0583 | Val Loss 1.3477 | Val Acc 0.5971 | ETputs(KTEPS) 68093.70
2023-10-14 05:54:44,119 - tune.py [line:103] - INFO: Epoch 00500 | Time(s) 0.0586 | Val Loss 1.3497 | Val Acc 0.6000 | ETputs(KTEPS) 67663.96
2023-10-14 05:54:45,492 - tune.py [line:103] - INFO: Epoch 00520 | Time(s) 0.0590 | Val Loss 1.3477 | Val Acc 0.5981 | ETputs(KTEPS) 67225.01
2023-10-14 05:54:46,671 - tune.py [line:103] - INFO: Epoch 00540 | Time(s) 0.0590 | Val Loss 1.3501 | Val Acc 0.5990 | ETputs(KTEPS) 67228.66
2023-10-14 05:54:47,988 - tune.py [line:103] - INFO: Epoch 00560 | Time(s) 0.0593 | Val Loss 1.3558 | Val Acc 0.5913 | ETputs(KTEPS) 66952.49
2023-10-14 05:54:48,340 - tune.py [line:117] - INFO: [FINAL MODEL] Val accuracy 61.54% \Val loss: 1.4
2023-10-14 05:54:48,352 - tune.py [line:119] - INFO: [FINAL MODEL] Test accuracy 61.77% \Test loss: 1.3
2023-10-14 05:54:48,353 - tune.py [line:144] - INFO: Acc on the first split (Validation Set): 0.6154
2023-10-14 05:54:48,353 - tune.py [line:145] - INFO: Acc on the first split (Test Set): 0.6177
