2023-10-14 05:32:27,542 - tune.py [line:203] - INFO: Namespace(seed=42, model='NormalNNV2', gpu=1, dataset='geom-squirrel', logging=True, log_detail=True, log_detailedCh=False, id_log=1013014504, optuna_n_trials=202, n_epochs=2000, self_loop=False, udgraph=True, early_stop=True, patience=300, n_hidden=64, n_cv=1, start_cv=0, n_layers=16, lr1=0.05, lr2=0.04, wd1=1e-08, wd2=0.0001, dropout=0.3, dropout2=0.2, es_ckpt='woselfloop-geom-squirrel_NormalNNV2-wonoise-geom-squirrel_trialNo74')
2023-10-14 05:32:30,081 - tune.py [line:128] - INFO: Split_seeds:[1824]
2023-10-14 05:32:30,082 - tune.py [line:129] - INFO: Model_seeds:[409]
2023-10-14 05:32:31,105 - tune.py [line:103] - INFO: Epoch 00020 | Time(s) 0.0494 | Val Loss 1.5901 | Val Acc 0.4529 | ETputs(KTEPS) 80335.40
2023-10-14 05:32:32,247 - tune.py [line:103] - INFO: Epoch 00040 | Time(s) 0.0524 | Val Loss 1.5584 | Val Acc 0.5163 | ETputs(KTEPS) 75729.02
2023-10-14 05:32:33,420 - tune.py [line:103] - INFO: Epoch 00060 | Time(s) 0.0542 | Val Loss 1.5296 | Val Acc 0.5308 | ETputs(KTEPS) 73177.78
2023-10-14 05:32:34,558 - tune.py [line:103] - INFO: Epoch 00080 | Time(s) 0.0548 | Val Loss 1.5041 | Val Acc 0.5298 | ETputs(KTEPS) 72386.59
2023-10-14 05:32:35,710 - tune.py [line:103] - INFO: Epoch 00100 | Time(s) 0.0553 | Val Loss 1.4796 | Val Acc 0.5346 | ETputs(KTEPS) 71750.02
2023-10-14 05:32:36,843 - tune.py [line:103] - INFO: Epoch 00120 | Time(s) 0.0554 | Val Loss 1.4561 | Val Acc 0.5587 | ETputs(KTEPS) 71568.51
2023-10-14 05:32:37,986 - tune.py [line:103] - INFO: Epoch 00140 | Time(s) 0.0556 | Val Loss 1.4408 | Val Acc 0.5462 | ETputs(KTEPS) 71305.94
2023-10-14 05:32:39,132 - tune.py [line:103] - INFO: Epoch 00160 | Time(s) 0.0558 | Val Loss 1.4228 | Val Acc 0.5481 | ETputs(KTEPS) 71043.27
2023-10-14 05:32:40,290 - tune.py [line:103] - INFO: Epoch 00180 | Time(s) 0.0560 | Val Loss 1.4189 | Val Acc 0.5346 | ETputs(KTEPS) 70875.90
2023-10-14 05:32:41,473 - tune.py [line:103] - INFO: Epoch 00200 | Time(s) 0.0563 | Val Loss 1.4021 | Val Acc 0.5462 | ETputs(KTEPS) 70476.25
2023-10-14 05:32:42,441 - tune.py [line:103] - INFO: Epoch 00220 | Time(s) 0.0556 | Val Loss 1.3922 | Val Acc 0.5692 | ETputs(KTEPS) 71391.32
2023-10-14 05:32:43,433 - tune.py [line:103] - INFO: Epoch 00240 | Time(s) 0.0551 | Val Loss 1.3875 | Val Acc 0.5635 | ETputs(KTEPS) 72037.62
2023-10-14 05:32:44,562 - tune.py [line:103] - INFO: Epoch 00260 | Time(s) 0.0552 | Val Loss 1.3797 | Val Acc 0.5548 | ETputs(KTEPS) 71904.36
2023-10-14 05:32:45,581 - tune.py [line:103] - INFO: Epoch 00280 | Time(s) 0.0549 | Val Loss 1.3700 | Val Acc 0.5760 | ETputs(KTEPS) 72304.88
2023-10-14 05:32:46,580 - tune.py [line:103] - INFO: Epoch 00300 | Time(s) 0.0545 | Val Loss 1.3804 | Val Acc 0.5529 | ETputs(KTEPS) 72739.47
2023-10-14 05:32:47,630 - tune.py [line:103] - INFO: Epoch 00320 | Time(s) 0.0544 | Val Loss 1.3696 | Val Acc 0.5635 | ETputs(KTEPS) 72910.08
2023-10-14 05:32:48,664 - tune.py [line:103] - INFO: Epoch 00340 | Time(s) 0.0542 | Val Loss 1.3615 | Val Acc 0.5673 | ETputs(KTEPS) 73127.35
2023-10-14 05:32:49,656 - tune.py [line:103] - INFO: Epoch 00360 | Time(s) 0.0540 | Val Loss 1.3593 | Val Acc 0.5721 | ETputs(KTEPS) 73481.72
2023-10-14 05:32:50,643 - tune.py [line:103] - INFO: Epoch 00380 | Time(s) 0.0537 | Val Loss 1.3547 | Val Acc 0.5837 | ETputs(KTEPS) 73826.35
2023-10-14 05:32:51,631 - tune.py [line:103] - INFO: Epoch 00400 | Time(s) 0.0535 | Val Loss 1.3517 | Val Acc 0.5721 | ETputs(KTEPS) 74132.00
2023-10-14 05:32:52,655 - tune.py [line:103] - INFO: Epoch 00420 | Time(s) 0.0534 | Val Loss 1.3528 | Val Acc 0.5625 | ETputs(KTEPS) 74286.80
2023-10-14 05:32:53,675 - tune.py [line:103] - INFO: Epoch 00440 | Time(s) 0.0533 | Val Loss 1.3473 | Val Acc 0.5808 | ETputs(KTEPS) 74440.16
2023-10-14 05:32:54,780 - tune.py [line:103] - INFO: Epoch 00460 | Time(s) 0.0534 | Val Loss 1.3458 | Val Acc 0.5740 | ETputs(KTEPS) 74338.55
2023-10-14 05:32:55,939 - tune.py [line:103] - INFO: Epoch 00480 | Time(s) 0.0536 | Val Loss 1.3435 | Val Acc 0.5740 | ETputs(KTEPS) 74077.19
2023-10-14 05:32:57,131 - tune.py [line:103] - INFO: Epoch 00500 | Time(s) 0.0538 | Val Loss 1.3425 | Val Acc 0.5827 | ETputs(KTEPS) 73746.97
2023-10-14 05:32:58,189 - tune.py [line:103] - INFO: Epoch 00520 | Time(s) 0.0538 | Val Loss 1.3409 | Val Acc 0.5865 | ETputs(KTEPS) 73796.80
2023-10-14 05:32:59,222 - tune.py [line:103] - INFO: Epoch 00540 | Time(s) 0.0537 | Val Loss 1.3378 | Val Acc 0.5827 | ETputs(KTEPS) 73905.25
2023-10-14 05:33:00,228 - tune.py [line:103] - INFO: Epoch 00560 | Time(s) 0.0536 | Val Loss 1.3389 | Val Acc 0.5731 | ETputs(KTEPS) 74079.47
2023-10-14 05:33:01,253 - tune.py [line:103] - INFO: Epoch 00580 | Time(s) 0.0535 | Val Loss 1.3373 | Val Acc 0.5856 | ETputs(KTEPS) 74190.81
2023-10-14 05:33:02,314 - tune.py [line:103] - INFO: Epoch 00600 | Time(s) 0.0535 | Val Loss 1.3359 | Val Acc 0.5856 | ETputs(KTEPS) 74218.56
2023-10-14 05:33:03,388 - tune.py [line:103] - INFO: Epoch 00620 | Time(s) 0.0535 | Val Loss 1.3361 | Val Acc 0.5923 | ETputs(KTEPS) 74217.07
2023-10-14 05:33:04,393 - tune.py [line:103] - INFO: Epoch 00640 | Time(s) 0.0533 | Val Loss 1.3364 | Val Acc 0.5942 | ETputs(KTEPS) 74370.34
2023-10-14 05:33:05,471 - tune.py [line:103] - INFO: Epoch 00660 | Time(s) 0.0534 | Val Loss 1.3336 | Val Acc 0.5894 | ETputs(KTEPS) 74347.23
2023-10-14 05:33:06,556 - tune.py [line:103] - INFO: Epoch 00680 | Time(s) 0.0534 | Val Loss 1.3342 | Val Acc 0.5913 | ETputs(KTEPS) 74313.71
2023-10-14 05:33:07,610 - tune.py [line:103] - INFO: Epoch 00700 | Time(s) 0.0533 | Val Loss 1.3306 | Val Acc 0.6058 | ETputs(KTEPS) 74361.89
2023-10-14 05:33:08,807 - tune.py [line:103] - INFO: Epoch 00720 | Time(s) 0.0535 | Val Loss 1.3297 | Val Acc 0.5875 | ETputs(KTEPS) 74117.33
2023-10-14 05:33:10,046 - tune.py [line:103] - INFO: Epoch 00740 | Time(s) 0.0537 | Val Loss 1.3304 | Val Acc 0.5923 | ETputs(KTEPS) 73806.51
2023-10-14 05:33:11,157 - tune.py [line:103] - INFO: Epoch 00760 | Time(s) 0.0538 | Val Loss 1.3329 | Val Acc 0.5913 | ETputs(KTEPS) 73741.26
2023-10-14 05:33:12,162 - tune.py [line:103] - INFO: Epoch 00780 | Time(s) 0.0537 | Val Loss 1.3335 | Val Acc 0.5981 | ETputs(KTEPS) 73868.40
2023-10-14 05:33:13,164 - tune.py [line:103] - INFO: Epoch 00800 | Time(s) 0.0536 | Val Loss 1.3310 | Val Acc 0.5990 | ETputs(KTEPS) 73993.13
2023-10-14 05:33:14,187 - tune.py [line:103] - INFO: Epoch 00820 | Time(s) 0.0536 | Val Loss 1.3310 | Val Acc 0.5952 | ETputs(KTEPS) 74076.97
2023-10-14 05:33:15,241 - tune.py [line:103] - INFO: Epoch 00840 | Time(s) 0.0535 | Val Loss 1.3304 | Val Acc 0.5952 | ETputs(KTEPS) 74106.14
2023-10-14 05:33:16,249 - tune.py [line:103] - INFO: Epoch 00860 | Time(s) 0.0535 | Val Loss 1.3301 | Val Acc 0.6038 | ETputs(KTEPS) 74206.98
2023-10-14 05:33:17,263 - tune.py [line:103] - INFO: Epoch 00880 | Time(s) 0.0534 | Val Loss 1.3308 | Val Acc 0.6010 | ETputs(KTEPS) 74304.64
2023-10-14 05:33:18,271 - tune.py [line:103] - INFO: Epoch 00900 | Time(s) 0.0533 | Val Loss 1.3282 | Val Acc 0.6010 | ETputs(KTEPS) 74398.01
2023-10-14 05:33:19,322 - tune.py [line:103] - INFO: Epoch 00920 | Time(s) 0.0533 | Val Loss 1.3307 | Val Acc 0.6029 | ETputs(KTEPS) 74422.24
2023-10-14 05:33:20,320 - tune.py [line:103] - INFO: Epoch 00940 | Time(s) 0.0532 | Val Loss 1.3311 | Val Acc 0.6115 | ETputs(KTEPS) 74528.49
2023-10-14 05:33:21,347 - tune.py [line:103] - INFO: Epoch 00960 | Time(s) 0.0532 | Val Loss 1.3331 | Val Acc 0.6115 | ETputs(KTEPS) 74584.21
2023-10-14 05:33:22,381 - tune.py [line:103] - INFO: Epoch 00980 | Time(s) 0.0532 | Val Loss 1.3336 | Val Acc 0.6077 | ETputs(KTEPS) 74628.01
2023-10-14 05:33:23,397 - tune.py [line:103] - INFO: Epoch 01000 | Time(s) 0.0531 | Val Loss 1.3414 | Val Acc 0.6000 | ETputs(KTEPS) 74695.04
2023-10-14 05:33:24,433 - tune.py [line:103] - INFO: Epoch 01020 | Time(s) 0.0531 | Val Loss 1.3386 | Val Acc 0.6077 | ETputs(KTEPS) 74732.28
2023-10-14 05:33:25,447 - tune.py [line:103] - INFO: Epoch 01040 | Time(s) 0.0530 | Val Loss 1.3459 | Val Acc 0.6096 | ETputs(KTEPS) 74799.81
2023-10-14 05:33:26,462 - tune.py [line:103] - INFO: Epoch 01060 | Time(s) 0.0530 | Val Loss 1.3403 | Val Acc 0.6212 | ETputs(KTEPS) 74867.11
2023-10-14 05:33:27,546 - tune.py [line:103] - INFO: Epoch 01080 | Time(s) 0.0530 | Val Loss 1.3497 | Val Acc 0.6115 | ETputs(KTEPS) 74836.01
2023-10-14 05:33:28,615 - tune.py [line:103] - INFO: Epoch 01100 | Time(s) 0.0530 | Val Loss 1.3467 | Val Acc 0.6106 | ETputs(KTEPS) 74825.76
2023-10-14 05:33:29,657 - tune.py [line:103] - INFO: Epoch 01120 | Time(s) 0.0530 | Val Loss 1.3477 | Val Acc 0.6154 | ETputs(KTEPS) 74850.11
2023-10-14 05:33:30,703 - tune.py [line:103] - INFO: Epoch 01140 | Time(s) 0.0530 | Val Loss 1.3489 | Val Acc 0.6058 | ETputs(KTEPS) 74868.38
2023-10-14 05:33:31,797 - tune.py [line:103] - INFO: Epoch 01160 | Time(s) 0.0530 | Val Loss 1.3480 | Val Acc 0.6202 | ETputs(KTEPS) 74828.09
2023-10-14 05:33:32,940 - tune.py [line:103] - INFO: Epoch 01180 | Time(s) 0.0531 | Val Loss 1.3506 | Val Acc 0.6135 | ETputs(KTEPS) 74729.91
2023-10-14 05:33:34,073 - tune.py [line:103] - INFO: Epoch 01200 | Time(s) 0.0531 | Val Loss 1.3679 | Val Acc 0.5788 | ETputs(KTEPS) 74648.55
2023-10-14 05:33:35,290 - tune.py [line:103] - INFO: Epoch 01220 | Time(s) 0.0533 | Val Loss 1.3607 | Val Acc 0.6077 | ETputs(KTEPS) 74472.72
2023-10-14 05:33:36,451 - tune.py [line:103] - INFO: Epoch 01240 | Time(s) 0.0533 | Val Loss 1.3705 | Val Acc 0.5865 | ETputs(KTEPS) 74366.37
2023-10-14 05:33:37,485 - tune.py [line:103] - INFO: Epoch 01260 | Time(s) 0.0533 | Val Loss 1.3647 | Val Acc 0.5971 | ETputs(KTEPS) 74403.74
2023-10-14 05:33:38,604 - tune.py [line:103] - INFO: Epoch 01280 | Time(s) 0.0534 | Val Loss 1.3660 | Val Acc 0.6087 | ETputs(KTEPS) 74347.52
2023-10-14 05:33:39,745 - tune.py [line:103] - INFO: Epoch 01300 | Time(s) 0.0534 | Val Loss 1.3666 | Val Acc 0.6058 | ETputs(KTEPS) 74269.04
2023-10-14 05:33:40,984 - tune.py [line:103] - INFO: Epoch 01320 | Time(s) 0.0535 | Val Loss 1.3776 | Val Acc 0.5817 | ETputs(KTEPS) 74090.92
2023-10-14 05:33:42,228 - tune.py [line:103] - INFO: Epoch 01340 | Time(s) 0.0537 | Val Loss 1.3699 | Val Acc 0.5962 | ETputs(KTEPS) 73913.08
2023-10-14 05:33:43,379 - tune.py [line:117] - INFO: [FINAL MODEL] Val accuracy 62.60% \Val loss: 1.3
2023-10-14 05:33:43,389 - tune.py [line:119] - INFO: [FINAL MODEL] Test accuracy 61.67% \Test loss: 1.3
2023-10-14 05:33:43,390 - tune.py [line:144] - INFO: Acc on the first split (Validation Set): 0.6260
2023-10-14 05:33:43,390 - tune.py [line:145] - INFO: Acc on the first split (Test Set): 0.6167
