2023-10-14 05:25:11,845 - tune.py [line:203] - INFO: Namespace(seed=42, model='NormalNNV2', gpu=1, dataset='geom-squirrel', logging=True, log_detail=True, log_detailedCh=False, id_log=1013014504, optuna_n_trials=202, n_epochs=2000, self_loop=False, udgraph=True, early_stop=True, patience=300, n_hidden=64, n_cv=1, start_cv=0, n_layers=20, lr1=0.05, lr2=0.05, wd1=1e-07, wd2=0.001, dropout=0.3, dropout2=0.3, es_ckpt='woselfloop-geom-squirrel_NormalNNV2-wonoise-geom-squirrel_trialNo47')
2023-10-14 05:25:14,364 - tune.py [line:128] - INFO: Split_seeds:[1824]
2023-10-14 05:25:14,364 - tune.py [line:129] - INFO: Model_seeds:[409]
2023-10-14 05:25:15,614 - tune.py [line:103] - INFO: Epoch 00020 | Time(s) 0.0598 | Val Loss 1.5956 | Val Acc 0.4308 | ETputs(KTEPS) 66345.22
2023-10-14 05:25:16,890 - tune.py [line:103] - INFO: Epoch 00040 | Time(s) 0.0610 | Val Loss 1.5824 | Val Acc 0.5096 | ETputs(KTEPS) 65069.51
2023-10-14 05:25:18,052 - tune.py [line:103] - INFO: Epoch 00060 | Time(s) 0.0596 | Val Loss 1.5757 | Val Acc 0.5740 | ETputs(KTEPS) 66539.04
2023-10-14 05:25:19,265 - tune.py [line:103] - INFO: Epoch 00080 | Time(s) 0.0597 | Val Loss 1.5740 | Val Acc 0.5577 | ETputs(KTEPS) 66402.26
2023-10-14 05:25:20,558 - tune.py [line:103] - INFO: Epoch 00100 | Time(s) 0.0606 | Val Loss 1.5740 | Val Acc 0.5702 | ETputs(KTEPS) 65488.02
2023-10-14 05:25:21,837 - tune.py [line:103] - INFO: Epoch 00120 | Time(s) 0.0611 | Val Loss 1.5719 | Val Acc 0.5923 | ETputs(KTEPS) 64887.70
2023-10-14 05:25:23,135 - tune.py [line:103] - INFO: Epoch 00140 | Time(s) 0.0616 | Val Loss 1.5723 | Val Acc 0.5731 | ETputs(KTEPS) 64363.12
2023-10-14 05:25:24,446 - tune.py [line:103] - INFO: Epoch 00160 | Time(s) 0.0621 | Val Loss 1.5733 | Val Acc 0.5827 | ETputs(KTEPS) 63859.24
2023-10-14 05:25:25,702 - tune.py [line:103] - INFO: Epoch 00180 | Time(s) 0.0622 | Val Loss 1.5741 | Val Acc 0.5625 | ETputs(KTEPS) 63784.85
2023-10-14 05:25:26,924 - tune.py [line:103] - INFO: Epoch 00200 | Time(s) 0.0621 | Val Loss 1.5720 | Val Acc 0.5837 | ETputs(KTEPS) 63896.75
2023-10-14 05:25:28,049 - tune.py [line:103] - INFO: Epoch 00220 | Time(s) 0.0615 | Val Loss 1.5747 | Val Acc 0.5875 | ETputs(KTEPS) 64459.67
2023-10-14 05:25:29,231 - tune.py [line:103] - INFO: Epoch 00240 | Time(s) 0.0613 | Val Loss 1.5737 | Val Acc 0.5846 | ETputs(KTEPS) 64677.41
2023-10-14 05:25:30,415 - tune.py [line:103] - INFO: Epoch 00260 | Time(s) 0.0612 | Val Loss 1.5827 | Val Acc 0.4721 | ETputs(KTEPS) 64852.42
2023-10-14 05:25:31,617 - tune.py [line:103] - INFO: Epoch 00280 | Time(s) 0.0611 | Val Loss 1.5783 | Val Acc 0.5894 | ETputs(KTEPS) 64933.78
2023-10-14 05:25:32,816 - tune.py [line:103] - INFO: Epoch 00300 | Time(s) 0.0610 | Val Loss 1.5789 | Val Acc 0.5750 | ETputs(KTEPS) 65019.07
2023-10-14 05:25:34,004 - tune.py [line:103] - INFO: Epoch 00320 | Time(s) 0.0609 | Val Loss 1.5742 | Val Acc 0.5923 | ETputs(KTEPS) 65126.01
2023-10-14 05:25:35,167 - tune.py [line:103] - INFO: Epoch 00340 | Time(s) 0.0607 | Val Loss 1.5740 | Val Acc 0.5817 | ETputs(KTEPS) 65302.02
2023-10-14 05:25:36,412 - tune.py [line:103] - INFO: Epoch 00360 | Time(s) 0.0608 | Val Loss 1.5741 | Val Acc 0.5856 | ETputs(KTEPS) 65213.39
2023-10-14 05:25:37,406 - tune.py [line:103] - INFO: Epoch 00380 | Time(s) 0.0602 | Val Loss 1.5763 | Val Acc 0.5731 | ETputs(KTEPS) 65849.41
2023-10-14 05:25:38,400 - tune.py [line:103] - INFO: Epoch 00400 | Time(s) 0.0597 | Val Loss 1.5752 | Val Acc 0.5596 | ETputs(KTEPS) 66432.35
2023-10-14 05:25:39,374 - tune.py [line:103] - INFO: Epoch 00420 | Time(s) 0.0592 | Val Loss 1.5752 | Val Acc 0.5808 | ETputs(KTEPS) 67021.37
2023-10-14 05:25:40,605 - tune.py [line:103] - INFO: Epoch 00440 | Time(s) 0.0593 | Val Loss 1.5745 | Val Acc 0.5942 | ETputs(KTEPS) 66901.68
2023-10-14 05:25:41,618 - tune.py [line:103] - INFO: Epoch 00460 | Time(s) 0.0589 | Val Loss 1.5759 | Val Acc 0.5769 | ETputs(KTEPS) 67330.33
2023-10-14 05:25:42,584 - tune.py [line:103] - INFO: Epoch 00480 | Time(s) 0.0585 | Val Loss 1.5773 | Val Acc 0.5721 | ETputs(KTEPS) 67840.90
2023-10-14 05:25:43,592 - tune.py [line:103] - INFO: Epoch 00500 | Time(s) 0.0582 | Val Loss 1.5764 | Val Acc 0.5692 | ETputs(KTEPS) 68219.01
2023-10-14 05:25:44,438 - tune.py [line:117] - INFO: [FINAL MODEL] Val accuracy 61.25% \Val loss: 1.6
2023-10-14 05:25:44,450 - tune.py [line:119] - INFO: [FINAL MODEL] Test accuracy 58.79% \Test loss: 1.6
2023-10-14 05:25:44,451 - tune.py [line:144] - INFO: Acc on the first split (Validation Set): 0.6125
2023-10-14 05:25:44,451 - tune.py [line:145] - INFO: Acc on the first split (Test Set): 0.5879
