2023-10-14 05:16:24,018 - tune.py [line:203] - INFO: Namespace(seed=42, model='NormalNNV2', gpu=1, dataset='geom-squirrel', logging=True, log_detail=True, log_detailedCh=False, id_log=1013014504, optuna_n_trials=202, n_epochs=2000, self_loop=False, udgraph=True, early_stop=True, patience=300, n_hidden=64, n_cv=1, start_cv=0, n_layers=12, lr1=0.03, lr2=0.04, wd1=1e-05, wd2=0.001, dropout=0.2, dropout2=0.4, es_ckpt='woselfloop-geom-squirrel_NormalNNV2-wonoise-geom-squirrel_trialNo27')
2023-10-14 05:16:26,698 - tune.py [line:128] - INFO: Split_seeds:[1824]
2023-10-14 05:16:26,698 - tune.py [line:129] - INFO: Model_seeds:[409]
2023-10-14 05:16:28,059 - tune.py [line:103] - INFO: Epoch 00020 | Time(s) 0.0653 | Val Loss 1.5951 | Val Acc 0.4538 | ETputs(KTEPS) 60743.62
2023-10-14 05:16:29,231 - tune.py [line:103] - INFO: Epoch 00040 | Time(s) 0.0615 | Val Loss 1.5870 | Val Acc 0.4500 | ETputs(KTEPS) 64524.11
2023-10-14 05:16:30,406 - tune.py [line:103] - INFO: Epoch 00060 | Time(s) 0.0604 | Val Loss 1.5825 | Val Acc 0.5173 | ETputs(KTEPS) 65627.46
2023-10-14 05:16:31,793 - tune.py [line:103] - INFO: Epoch 00080 | Time(s) 0.0626 | Val Loss 1.5780 | Val Acc 0.5442 | ETputs(KTEPS) 63355.43
2023-10-14 05:16:33,127 - tune.py [line:103] - INFO: Epoch 00100 | Time(s) 0.0634 | Val Loss 1.5794 | Val Acc 0.5087 | ETputs(KTEPS) 62576.74
2023-10-14 05:16:34,251 - tune.py [line:103] - INFO: Epoch 00120 | Time(s) 0.0622 | Val Loss 1.5794 | Val Acc 0.5365 | ETputs(KTEPS) 63789.18
2023-10-14 05:16:35,389 - tune.py [line:103] - INFO: Epoch 00140 | Time(s) 0.0614 | Val Loss 1.5807 | Val Acc 0.5279 | ETputs(KTEPS) 64580.59
2023-10-14 05:16:36,709 - tune.py [line:103] - INFO: Epoch 00160 | Time(s) 0.0620 | Val Loss 1.5793 | Val Acc 0.5529 | ETputs(KTEPS) 63984.99
2023-10-14 05:16:37,979 - tune.py [line:103] - INFO: Epoch 00180 | Time(s) 0.0622 | Val Loss 1.5796 | Val Acc 0.5231 | ETputs(KTEPS) 63819.52
2023-10-14 05:16:39,350 - tune.py [line:103] - INFO: Epoch 00200 | Time(s) 0.0628 | Val Loss 1.5801 | Val Acc 0.5510 | ETputs(KTEPS) 63200.45
2023-10-14 05:16:40,486 - tune.py [line:103] - INFO: Epoch 00220 | Time(s) 0.0622 | Val Loss 1.5787 | Val Acc 0.5413 | ETputs(KTEPS) 63753.32
2023-10-14 05:16:41,639 - tune.py [line:103] - INFO: Epoch 00240 | Time(s) 0.0618 | Val Loss 1.5794 | Val Acc 0.5490 | ETputs(KTEPS) 64152.20
2023-10-14 05:16:42,894 - tune.py [line:103] - INFO: Epoch 00260 | Time(s) 0.0619 | Val Loss 1.5797 | Val Acc 0.5519 | ETputs(KTEPS) 64077.79
2023-10-14 05:16:44,214 - tune.py [line:103] - INFO: Epoch 00280 | Time(s) 0.0622 | Val Loss 1.5806 | Val Acc 0.5385 | ETputs(KTEPS) 63780.91
2023-10-14 05:16:45,558 - tune.py [line:103] - INFO: Epoch 00300 | Time(s) 0.0625 | Val Loss 1.5791 | Val Acc 0.5577 | ETputs(KTEPS) 63443.16
2023-10-14 05:16:46,853 - tune.py [line:103] - INFO: Epoch 00320 | Time(s) 0.0627 | Val Loss 1.5787 | Val Acc 0.5385 | ETputs(KTEPS) 63305.48
2023-10-14 05:16:48,296 - tune.py [line:103] - INFO: Epoch 00340 | Time(s) 0.0632 | Val Loss 1.5792 | Val Acc 0.5462 | ETputs(KTEPS) 62758.53
2023-10-14 05:16:49,623 - tune.py [line:103] - INFO: Epoch 00360 | Time(s) 0.0634 | Val Loss 1.5806 | Val Acc 0.5481 | ETputs(KTEPS) 62589.59
2023-10-14 05:16:50,962 - tune.py [line:103] - INFO: Epoch 00380 | Time(s) 0.0636 | Val Loss 1.5797 | Val Acc 0.5385 | ETputs(KTEPS) 62403.94
2023-10-14 05:16:52,276 - tune.py [line:103] - INFO: Epoch 00400 | Time(s) 0.0637 | Val Loss 1.5805 | Val Acc 0.5250 | ETputs(KTEPS) 62300.60
2023-10-14 05:16:53,603 - tune.py [line:103] - INFO: Epoch 00420 | Time(s) 0.0638 | Val Loss 1.5792 | Val Acc 0.5510 | ETputs(KTEPS) 62179.13
2023-10-14 05:16:54,909 - tune.py [line:103] - INFO: Epoch 00440 | Time(s) 0.0639 | Val Loss 1.5795 | Val Acc 0.5423 | ETputs(KTEPS) 62113.28
2023-10-14 05:16:56,214 - tune.py [line:103] - INFO: Epoch 00460 | Time(s) 0.0639 | Val Loss 1.5797 | Val Acc 0.5673 | ETputs(KTEPS) 62057.35
2023-10-14 05:16:57,603 - tune.py [line:103] - INFO: Epoch 00480 | Time(s) 0.0642 | Val Loss 1.5799 | Val Acc 0.5375 | ETputs(KTEPS) 61835.07
2023-10-14 05:16:58,980 - tune.py [line:103] - INFO: Epoch 00500 | Time(s) 0.0643 | Val Loss 1.5805 | Val Acc 0.5298 | ETputs(KTEPS) 61656.61
2023-10-14 05:16:59,945 - tune.py [line:103] - INFO: Epoch 00520 | Time(s) 0.0637 | Val Loss 1.5798 | Val Acc 0.5538 | ETputs(KTEPS) 62256.21
2023-10-14 05:17:00,856 - tune.py [line:103] - INFO: Epoch 00540 | Time(s) 0.0630 | Val Loss 1.5794 | Val Acc 0.5529 | ETputs(KTEPS) 62922.48
2023-10-14 05:17:01,921 - tune.py [line:103] - INFO: Epoch 00560 | Time(s) 0.0627 | Val Loss 1.5811 | Val Acc 0.5356 | ETputs(KTEPS) 63276.06
2023-10-14 05:17:02,945 - tune.py [line:103] - INFO: Epoch 00580 | Time(s) 0.0623 | Val Loss 1.5793 | Val Acc 0.5519 | ETputs(KTEPS) 63679.39
2023-10-14 05:17:04,075 - tune.py [line:103] - INFO: Epoch 00600 | Time(s) 0.0621 | Val Loss 1.5806 | Val Acc 0.5442 | ETputs(KTEPS) 63879.21
2023-10-14 05:17:05,096 - tune.py [line:103] - INFO: Epoch 00620 | Time(s) 0.0617 | Val Loss 1.5804 | Val Acc 0.5279 | ETputs(KTEPS) 64249.10
2023-10-14 05:17:05,885 - tune.py [line:117] - INFO: [FINAL MODEL] Val accuracy 57.12% \Val loss: 1.6
2023-10-14 05:17:05,893 - tune.py [line:119] - INFO: [FINAL MODEL] Test accuracy 55.81% \Test loss: 1.6
2023-10-14 05:17:05,893 - tune.py [line:144] - INFO: Acc on the first split (Validation Set): 0.5712
2023-10-14 05:17:05,893 - tune.py [line:145] - INFO: Acc on the first split (Test Set): 0.5581
