2023-10-14 05:46:10,473 - tune.py [line:203] - INFO: Namespace(seed=42, model='NormalNNV2', gpu=1, dataset='geom-squirrel', logging=True, log_detail=True, log_detailedCh=False, id_log=1013014504, optuna_n_trials=202, n_epochs=2000, self_loop=False, udgraph=True, early_stop=True, patience=300, n_hidden=64, n_cv=1, start_cv=0, n_layers=16, lr1=0.03, lr2=0.04, wd1=1e-06, wd2=0.0001, dropout=0.1, dropout2=0.2, es_ckpt='woselfloop-geom-squirrel_NormalNNV2-wonoise-geom-squirrel_trialNo101')
2023-10-14 05:46:12,948 - tune.py [line:128] - INFO: Split_seeds:[1824]
2023-10-14 05:46:12,949 - tune.py [line:129] - INFO: Model_seeds:[409]
2023-10-14 05:46:14,038 - tune.py [line:103] - INFO: Epoch 00020 | Time(s) 0.0527 | Val Loss 1.5899 | Val Acc 0.4606 | ETputs(KTEPS) 75337.35
2023-10-14 05:46:15,066 - tune.py [line:103] - INFO: Epoch 00040 | Time(s) 0.0516 | Val Loss 1.5625 | Val Acc 0.4923 | ETputs(KTEPS) 76887.35
2023-10-14 05:46:16,097 - tune.py [line:103] - INFO: Epoch 00060 | Time(s) 0.0514 | Val Loss 1.5288 | Val Acc 0.5317 | ETputs(KTEPS) 77227.13
2023-10-14 05:46:17,111 - tune.py [line:103] - INFO: Epoch 00080 | Time(s) 0.0511 | Val Loss 1.5000 | Val Acc 0.5615 | ETputs(KTEPS) 77690.35
2023-10-14 05:46:18,128 - tune.py [line:103] - INFO: Epoch 00100 | Time(s) 0.0510 | Val Loss 1.4716 | Val Acc 0.5596 | ETputs(KTEPS) 77793.90
2023-10-14 05:46:19,147 - tune.py [line:103] - INFO: Epoch 00120 | Time(s) 0.0509 | Val Loss 1.4543 | Val Acc 0.5721 | ETputs(KTEPS) 77919.70
2023-10-14 05:46:20,160 - tune.py [line:103] - INFO: Epoch 00140 | Time(s) 0.0509 | Val Loss 1.4292 | Val Acc 0.5788 | ETputs(KTEPS) 77973.82
2023-10-14 05:46:21,167 - tune.py [line:103] - INFO: Epoch 00160 | Time(s) 0.0508 | Val Loss 1.4120 | Val Acc 0.5846 | ETputs(KTEPS) 78098.53
2023-10-14 05:46:22,183 - tune.py [line:103] - INFO: Epoch 00180 | Time(s) 0.0508 | Val Loss 1.3984 | Val Acc 0.5856 | ETputs(KTEPS) 78119.83
2023-10-14 05:46:23,199 - tune.py [line:103] - INFO: Epoch 00200 | Time(s) 0.0508 | Val Loss 1.3801 | Val Acc 0.5933 | ETputs(KTEPS) 78153.26
2023-10-14 05:46:24,240 - tune.py [line:103] - INFO: Epoch 00220 | Time(s) 0.0508 | Val Loss 1.3741 | Val Acc 0.6019 | ETputs(KTEPS) 78031.46
2023-10-14 05:46:25,254 - tune.py [line:103] - INFO: Epoch 00240 | Time(s) 0.0508 | Val Loss 1.3958 | Val Acc 0.5462 | ETputs(KTEPS) 78056.95
2023-10-14 05:46:26,260 - tune.py [line:103] - INFO: Epoch 00260 | Time(s) 0.0508 | Val Loss 1.3710 | Val Acc 0.5904 | ETputs(KTEPS) 78118.60
2023-10-14 05:46:27,323 - tune.py [line:103] - INFO: Epoch 00280 | Time(s) 0.0509 | Val Loss 1.3555 | Val Acc 0.5952 | ETputs(KTEPS) 77863.29
2023-10-14 05:46:28,336 - tune.py [line:103] - INFO: Epoch 00300 | Time(s) 0.0509 | Val Loss 1.3524 | Val Acc 0.5923 | ETputs(KTEPS) 77895.58
2023-10-14 05:46:29,341 - tune.py [line:103] - INFO: Epoch 00320 | Time(s) 0.0509 | Val Loss 1.3445 | Val Acc 0.5885 | ETputs(KTEPS) 77963.35
2023-10-14 05:46:30,375 - tune.py [line:103] - INFO: Epoch 00340 | Time(s) 0.0509 | Val Loss 1.3364 | Val Acc 0.6067 | ETputs(KTEPS) 77890.16
2023-10-14 05:46:31,414 - tune.py [line:103] - INFO: Epoch 00360 | Time(s) 0.0510 | Val Loss 1.3349 | Val Acc 0.5962 | ETputs(KTEPS) 77808.53
2023-10-14 05:46:32,429 - tune.py [line:103] - INFO: Epoch 00380 | Time(s) 0.0510 | Val Loss 1.3311 | Val Acc 0.6048 | ETputs(KTEPS) 77826.57
2023-10-14 05:46:33,437 - tune.py [line:103] - INFO: Epoch 00400 | Time(s) 0.0509 | Val Loss 1.3264 | Val Acc 0.6019 | ETputs(KTEPS) 77883.74
2023-10-14 05:46:34,446 - tune.py [line:103] - INFO: Epoch 00420 | Time(s) 0.0509 | Val Loss 1.3307 | Val Acc 0.5962 | ETputs(KTEPS) 77921.63
2023-10-14 05:46:35,395 - tune.py [line:103] - INFO: Epoch 00440 | Time(s) 0.0508 | Val Loss 1.3217 | Val Acc 0.6048 | ETputs(KTEPS) 78162.45
2023-10-14 05:46:36,356 - tune.py [line:103] - INFO: Epoch 00460 | Time(s) 0.0506 | Val Loss 1.3263 | Val Acc 0.5933 | ETputs(KTEPS) 78347.87
2023-10-14 05:46:37,344 - tune.py [line:103] - INFO: Epoch 00480 | Time(s) 0.0506 | Val Loss 1.3248 | Val Acc 0.6058 | ETputs(KTEPS) 78428.36
2023-10-14 05:46:38,294 - tune.py [line:103] - INFO: Epoch 00500 | Time(s) 0.0505 | Val Loss 1.3283 | Val Acc 0.5923 | ETputs(KTEPS) 78627.05
2023-10-14 05:46:39,249 - tune.py [line:103] - INFO: Epoch 00520 | Time(s) 0.0503 | Val Loss 1.3232 | Val Acc 0.6010 | ETputs(KTEPS) 78791.40
2023-10-14 05:46:40,262 - tune.py [line:103] - INFO: Epoch 00540 | Time(s) 0.0504 | Val Loss 1.3215 | Val Acc 0.6038 | ETputs(KTEPS) 78776.22
2023-10-14 05:46:41,219 - tune.py [line:103] - INFO: Epoch 00560 | Time(s) 0.0503 | Val Loss 1.3208 | Val Acc 0.6135 | ETputs(KTEPS) 78916.93
2023-10-14 05:46:42,181 - tune.py [line:103] - INFO: Epoch 00580 | Time(s) 0.0502 | Val Loss 1.3266 | Val Acc 0.6067 | ETputs(KTEPS) 79035.21
2023-10-14 05:46:43,233 - tune.py [line:103] - INFO: Epoch 00600 | Time(s) 0.0503 | Val Loss 1.3669 | Val Acc 0.5615 | ETputs(KTEPS) 78911.71
2023-10-14 05:46:44,329 - tune.py [line:103] - INFO: Epoch 00620 | Time(s) 0.0504 | Val Loss 1.3526 | Val Acc 0.5808 | ETputs(KTEPS) 78683.69
2023-10-14 05:46:45,347 - tune.py [line:103] - INFO: Epoch 00640 | Time(s) 0.0504 | Val Loss 1.3746 | Val Acc 0.5529 | ETputs(KTEPS) 78660.79
2023-10-14 05:46:46,362 - tune.py [line:103] - INFO: Epoch 00660 | Time(s) 0.0504 | Val Loss 1.3443 | Val Acc 0.5990 | ETputs(KTEPS) 78648.44
2023-10-14 05:46:47,388 - tune.py [line:103] - INFO: Epoch 00680 | Time(s) 0.0505 | Val Loss 1.3425 | Val Acc 0.6077 | ETputs(KTEPS) 78609.51
2023-10-14 05:46:48,418 - tune.py [line:103] - INFO: Epoch 00700 | Time(s) 0.0505 | Val Loss 1.3388 | Val Acc 0.6067 | ETputs(KTEPS) 78569.61
2023-10-14 05:46:49,420 - tune.py [line:103] - INFO: Epoch 00720 | Time(s) 0.0505 | Val Loss 1.3442 | Val Acc 0.6106 | ETputs(KTEPS) 78588.38
2023-10-14 05:46:50,450 - tune.py [line:103] - INFO: Epoch 00740 | Time(s) 0.0505 | Val Loss 1.3445 | Val Acc 0.6048 | ETputs(KTEPS) 78546.63
2023-10-14 05:46:51,476 - tune.py [line:103] - INFO: Epoch 00760 | Time(s) 0.0505 | Val Loss 1.3479 | Val Acc 0.6125 | ETputs(KTEPS) 78514.63
2023-10-14 05:46:52,505 - tune.py [line:103] - INFO: Epoch 00780 | Time(s) 0.0505 | Val Loss 1.3519 | Val Acc 0.5990 | ETputs(KTEPS) 78479.87
2023-10-14 05:46:53,520 - tune.py [line:103] - INFO: Epoch 00800 | Time(s) 0.0506 | Val Loss 1.3553 | Val Acc 0.6000 | ETputs(KTEPS) 78471.52
2023-10-14 05:46:54,525 - tune.py [line:103] - INFO: Epoch 00820 | Time(s) 0.0505 | Val Loss 1.3620 | Val Acc 0.5990 | ETputs(KTEPS) 78484.32
2023-10-14 05:46:55,533 - tune.py [line:103] - INFO: Epoch 00840 | Time(s) 0.0505 | Val Loss 1.3667 | Val Acc 0.6038 | ETputs(KTEPS) 78490.84
2023-10-14 05:46:56,550 - tune.py [line:103] - INFO: Epoch 00860 | Time(s) 0.0505 | Val Loss 1.3739 | Val Acc 0.5981 | ETputs(KTEPS) 78481.59
2023-10-14 05:46:57,546 - tune.py [line:103] - INFO: Epoch 00880 | Time(s) 0.0505 | Val Loss 1.3785 | Val Acc 0.6058 | ETputs(KTEPS) 78507.73
2023-10-14 05:46:58,552 - tune.py [line:103] - INFO: Epoch 00900 | Time(s) 0.0505 | Val Loss 1.3941 | Val Acc 0.5875 | ETputs(KTEPS) 78516.82
2023-10-14 05:46:59,556 - tune.py [line:103] - INFO: Epoch 00920 | Time(s) 0.0505 | Val Loss 1.4334 | Val Acc 0.5231 | ETputs(KTEPS) 78528.85
2023-10-14 05:47:00,575 - tune.py [line:103] - INFO: Epoch 00940 | Time(s) 0.0505 | Val Loss 1.3976 | Val Acc 0.5750 | ETputs(KTEPS) 78514.51
2023-10-14 05:47:01,589 - tune.py [line:103] - INFO: Epoch 00960 | Time(s) 0.0505 | Val Loss 1.4056 | Val Acc 0.5740 | ETputs(KTEPS) 78509.80
2023-10-14 05:47:02,608 - tune.py [line:103] - INFO: Epoch 00980 | Time(s) 0.0505 | Val Loss 1.4080 | Val Acc 0.5837 | ETputs(KTEPS) 78497.79
2023-10-14 05:47:03,282 - tune.py [line:117] - INFO: [FINAL MODEL] Val accuracy 62.21% \Val loss: 1.3
2023-10-14 05:47:03,293 - tune.py [line:119] - INFO: [FINAL MODEL] Test accuracy 59.85% \Test loss: 1.3
2023-10-14 05:47:03,293 - tune.py [line:144] - INFO: Acc on the first split (Validation Set): 0.6221
2023-10-14 05:47:03,293 - tune.py [line:145] - INFO: Acc on the first split (Test Set): 0.5985
