2023-10-14 05:15:50,771 - tune.py [line:203] - INFO: Namespace(seed=42, model='NormalNNV2', gpu=1, dataset='geom-squirrel', logging=True, log_detail=True, log_detailedCh=False, id_log=1013014504, optuna_n_trials=202, n_epochs=2000, self_loop=False, udgraph=True, early_stop=True, patience=300, n_hidden=64, n_cv=1, start_cv=0, n_layers=16, lr1=0.05, lr2=0.02, wd1=1e-07, wd2=0.0001, dropout=0.1, dropout2=0.6, es_ckpt='woselfloop-geom-squirrel_NormalNNV2-wonoise-geom-squirrel_trialNo26')
2023-10-14 05:15:53,482 - tune.py [line:128] - INFO: Split_seeds:[1824]
2023-10-14 05:15:53,482 - tune.py [line:129] - INFO: Model_seeds:[409]
2023-10-14 05:15:55,076 - tune.py [line:103] - INFO: Epoch 00020 | Time(s) 0.0767 | Val Loss 1.5995 | Val Acc 0.4135 | ETputs(KTEPS) 51735.39
2023-10-14 05:15:56,665 - tune.py [line:103] - INFO: Epoch 00040 | Time(s) 0.0771 | Val Loss 1.5844 | Val Acc 0.5096 | ETputs(KTEPS) 51467.55
2023-10-14 05:15:58,310 - tune.py [line:103] - INFO: Epoch 00060 | Time(s) 0.0787 | Val Loss 1.5671 | Val Acc 0.5442 | ETputs(KTEPS) 50410.58
2023-10-14 05:15:59,911 - tune.py [line:103] - INFO: Epoch 00080 | Time(s) 0.0790 | Val Loss 1.5560 | Val Acc 0.5019 | ETputs(KTEPS) 50198.66
2023-10-14 05:16:01,496 - tune.py [line:103] - INFO: Epoch 00100 | Time(s) 0.0791 | Val Loss 1.5401 | Val Acc 0.5279 | ETputs(KTEPS) 50176.51
2023-10-14 05:16:03,098 - tune.py [line:103] - INFO: Epoch 00120 | Time(s) 0.0792 | Val Loss 1.5242 | Val Acc 0.5317 | ETputs(KTEPS) 50081.54
2023-10-14 05:16:04,594 - tune.py [line:103] - INFO: Epoch 00140 | Time(s) 0.0786 | Val Loss 1.5116 | Val Acc 0.5356 | ETputs(KTEPS) 50487.02
2023-10-14 05:16:06,172 - tune.py [line:103] - INFO: Epoch 00160 | Time(s) 0.0786 | Val Loss 1.4991 | Val Acc 0.5423 | ETputs(KTEPS) 50459.90
2023-10-14 05:16:07,622 - tune.py [line:103] - INFO: Epoch 00180 | Time(s) 0.0779 | Val Loss 1.4895 | Val Acc 0.5221 | ETputs(KTEPS) 50903.08
2023-10-14 05:16:09,084 - tune.py [line:103] - INFO: Epoch 00200 | Time(s) 0.0774 | Val Loss 1.4772 | Val Acc 0.5221 | ETputs(KTEPS) 51222.20
2023-10-14 05:16:10,624 - tune.py [line:103] - INFO: Epoch 00220 | Time(s) 0.0774 | Val Loss 1.4671 | Val Acc 0.5337 | ETputs(KTEPS) 51252.72
2023-10-14 05:16:11,992 - tune.py [line:103] - INFO: Epoch 00240 | Time(s) 0.0766 | Val Loss 1.4613 | Val Acc 0.5288 | ETputs(KTEPS) 51755.84
2023-10-14 05:16:13,035 - tune.py [line:103] - INFO: Epoch 00260 | Time(s) 0.0748 | Val Loss 1.4572 | Val Acc 0.5231 | ETputs(KTEPS) 53063.01
2023-10-14 05:16:14,049 - tune.py [line:103] - INFO: Epoch 00280 | Time(s) 0.0730 | Val Loss 1.4485 | Val Acc 0.5298 | ETputs(KTEPS) 54311.36
2023-10-14 05:16:15,512 - tune.py [line:103] - INFO: Epoch 00300 | Time(s) 0.0730 | Val Loss 1.4408 | Val Acc 0.5327 | ETputs(KTEPS) 54307.64
2023-10-14 05:16:17,131 - tune.py [line:103] - INFO: Epoch 00320 | Time(s) 0.0735 | Val Loss 1.4343 | Val Acc 0.5231 | ETputs(KTEPS) 53945.72
2023-10-14 05:16:18,652 - tune.py [line:103] - INFO: Epoch 00340 | Time(s) 0.0737 | Val Loss 1.4295 | Val Acc 0.5385 | ETputs(KTEPS) 53838.30
2023-10-14 05:16:20,191 - tune.py [line:103] - INFO: Epoch 00360 | Time(s) 0.0739 | Val Loss 1.4212 | Val Acc 0.5375 | ETputs(KTEPS) 53708.71
2023-10-14 05:16:21,685 - tune.py [line:103] - INFO: Epoch 00380 | Time(s) 0.0739 | Val Loss 1.4176 | Val Acc 0.5337 | ETputs(KTEPS) 53676.68
2023-10-14 05:16:23,249 - tune.py [line:103] - INFO: Epoch 00400 | Time(s) 0.0741 | Val Loss 1.4134 | Val Acc 0.5365 | ETputs(KTEPS) 53523.20
2023-10-14 05:16:23,840 - tune.py [line:117] - INFO: [FINAL MODEL] Val accuracy 54.62% \Val loss: 1.5
2023-10-14 05:16:23,857 - tune.py [line:119] - INFO: [FINAL MODEL] Test accuracy 54.08% \Test loss: 1.5
2023-10-14 05:16:23,857 - tune.py [line:144] - INFO: Acc on the first split (Validation Set): 0.5462
2023-10-14 05:16:23,858 - tune.py [line:145] - INFO: Acc on the first split (Test Set): 0.5408
