2023-10-14 05:02:41,917 - tune.py [line:203] - INFO: Namespace(seed=42, model='NormalNNV2', gpu=1, dataset='geom-squirrel', logging=True, log_detail=True, log_detailedCh=False, id_log=1013014504, optuna_n_trials=202, n_epochs=2000, self_loop=False, udgraph=True, early_stop=True, patience=300, n_hidden=64, n_cv=1, start_cv=0, n_layers=4, lr1=0.04, lr2=0.01, wd1=0.0001, wd2=0.001, dropout=0.7, dropout2=0.9, es_ckpt='woselfloop-geom-squirrel_NormalNNV2-wonoise-geom-squirrel_trialNo4')
2023-10-14 05:02:44,630 - tune.py [line:128] - INFO: Split_seeds:[1824]
2023-10-14 05:02:44,630 - tune.py [line:129] - INFO: Model_seeds:[409]
2023-10-14 05:02:45,324 - tune.py [line:103] - INFO: Epoch 00020 | Time(s) 0.0336 | Val Loss 1.6087 | Val Acc 0.2721 | ETputs(KTEPS) 118024.52
2023-10-14 05:02:45,976 - tune.py [line:103] - INFO: Epoch 00040 | Time(s) 0.0329 | Val Loss 1.6079 | Val Acc 0.2817 | ETputs(KTEPS) 120444.07
2023-10-14 05:02:46,738 - tune.py [line:103] - INFO: Epoch 00060 | Time(s) 0.0345 | Val Loss 1.6073 | Val Acc 0.2981 | ETputs(KTEPS) 114922.43
2023-10-14 05:02:47,480 - tune.py [line:103] - INFO: Epoch 00080 | Time(s) 0.0351 | Val Loss 1.6071 | Val Acc 0.2865 | ETputs(KTEPS) 112996.24
2023-10-14 05:02:48,129 - tune.py [line:103] - INFO: Epoch 00100 | Time(s) 0.0346 | Val Loss 1.6069 | Val Acc 0.2913 | ETputs(KTEPS) 114751.55
2023-10-14 05:02:48,864 - tune.py [line:103] - INFO: Epoch 00120 | Time(s) 0.0349 | Val Loss 1.6068 | Val Acc 0.2923 | ETputs(KTEPS) 113610.94
2023-10-14 05:02:49,570 - tune.py [line:103] - INFO: Epoch 00140 | Time(s) 0.0350 | Val Loss 1.6067 | Val Acc 0.2846 | ETputs(KTEPS) 113452.11
2023-10-14 05:02:50,210 - tune.py [line:103] - INFO: Epoch 00160 | Time(s) 0.0346 | Val Loss 1.6067 | Val Acc 0.2913 | ETputs(KTEPS) 114667.63
2023-10-14 05:02:50,876 - tune.py [line:103] - INFO: Epoch 00180 | Time(s) 0.0344 | Val Loss 1.6068 | Val Acc 0.2875 | ETputs(KTEPS) 115167.96
2023-10-14 05:02:51,359 - tune.py [line:103] - INFO: Epoch 00200 | Time(s) 0.0334 | Val Loss 1.6068 | Val Acc 0.2808 | ETputs(KTEPS) 118709.59
2023-10-14 05:02:51,885 - tune.py [line:103] - INFO: Epoch 00220 | Time(s) 0.0328 | Val Loss 1.6068 | Val Acc 0.2875 | ETputs(KTEPS) 121077.11
2023-10-14 05:02:52,373 - tune.py [line:103] - INFO: Epoch 00240 | Time(s) 0.0321 | Val Loss 1.6066 | Val Acc 0.2827 | ETputs(KTEPS) 123715.74
2023-10-14 05:02:52,903 - tune.py [line:103] - INFO: Epoch 00260 | Time(s) 0.0316 | Val Loss 1.6066 | Val Acc 0.2865 | ETputs(KTEPS) 125402.81
2023-10-14 05:02:53,411 - tune.py [line:103] - INFO: Epoch 00280 | Time(s) 0.0312 | Val Loss 1.6071 | Val Acc 0.2942 | ETputs(KTEPS) 127200.68
2023-10-14 05:02:53,984 - tune.py [line:103] - INFO: Epoch 00300 | Time(s) 0.0310 | Val Loss 1.6067 | Val Acc 0.2894 | ETputs(KTEPS) 127921.50
2023-10-14 05:02:54,690 - tune.py [line:103] - INFO: Epoch 00320 | Time(s) 0.0313 | Val Loss 1.6066 | Val Acc 0.2837 | ETputs(KTEPS) 126828.03
2023-10-14 05:02:55,411 - tune.py [line:103] - INFO: Epoch 00340 | Time(s) 0.0316 | Val Loss 1.6068 | Val Acc 0.2894 | ETputs(KTEPS) 125713.74
2023-10-14 05:02:56,110 - tune.py [line:103] - INFO: Epoch 00360 | Time(s) 0.0317 | Val Loss 1.6067 | Val Acc 0.2827 | ETputs(KTEPS) 124975.35
2023-10-14 05:02:56,166 - tune.py [line:117] - INFO: [FINAL MODEL] Val accuracy 30.00% \Val loss: 1.6
2023-10-14 05:02:56,170 - tune.py [line:119] - INFO: [FINAL MODEL] Test accuracy 29.59% \Test loss: 1.6
2023-10-14 05:02:56,170 - tune.py [line:144] - INFO: Acc on the first split (Validation Set): 0.3000
2023-10-14 05:02:56,170 - tune.py [line:145] - INFO: Acc on the first split (Test Set): 0.2959
