2023-10-14 05:39:05,504 - tune.py [line:203] - INFO: Namespace(seed=42, model='NormalNNV2', gpu=1, dataset='geom-squirrel', logging=True, log_detail=True, log_detailedCh=False, id_log=1013014504, optuna_n_trials=202, n_epochs=2000, self_loop=False, udgraph=True, early_stop=True, patience=300, n_hidden=64, n_cv=1, start_cv=0, n_layers=16, lr1=0.03, lr2=0.03, wd1=1e-08, wd2=0.0001, dropout=0.3, dropout2=0.2, es_ckpt='woselfloop-geom-squirrel_NormalNNV2-wonoise-geom-squirrel_trialNo88')
2023-10-14 05:39:08,041 - tune.py [line:128] - INFO: Split_seeds:[1824]
2023-10-14 05:39:08,041 - tune.py [line:129] - INFO: Model_seeds:[409]
2023-10-14 05:39:09,142 - tune.py [line:103] - INFO: Epoch 00020 | Time(s) 0.0531 | Val Loss 1.5927 | Val Acc 0.4510 | ETputs(KTEPS) 74694.40
2023-10-14 05:39:10,300 - tune.py [line:103] - INFO: Epoch 00040 | Time(s) 0.0548 | Val Loss 1.5691 | Val Acc 0.5173 | ETputs(KTEPS) 72369.76
2023-10-14 05:39:11,320 - tune.py [line:103] - INFO: Epoch 00060 | Time(s) 0.0535 | Val Loss 1.5437 | Val Acc 0.5394 | ETputs(KTEPS) 74201.64
2023-10-14 05:39:12,356 - tune.py [line:103] - INFO: Epoch 00080 | Time(s) 0.0530 | Val Loss 1.5215 | Val Acc 0.5510 | ETputs(KTEPS) 74897.94
2023-10-14 05:39:13,361 - tune.py [line:103] - INFO: Epoch 00100 | Time(s) 0.0524 | Val Loss 1.5020 | Val Acc 0.5413 | ETputs(KTEPS) 75676.04
2023-10-14 05:39:14,371 - tune.py [line:103] - INFO: Epoch 00120 | Time(s) 0.0521 | Val Loss 1.4823 | Val Acc 0.5490 | ETputs(KTEPS) 76197.90
2023-10-14 05:39:15,375 - tune.py [line:103] - INFO: Epoch 00140 | Time(s) 0.0518 | Val Loss 1.4702 | Val Acc 0.5433 | ETputs(KTEPS) 76592.42
2023-10-14 05:39:16,381 - tune.py [line:103] - INFO: Epoch 00160 | Time(s) 0.0516 | Val Loss 1.4527 | Val Acc 0.5510 | ETputs(KTEPS) 76868.69
2023-10-14 05:39:17,389 - tune.py [line:103] - INFO: Epoch 00180 | Time(s) 0.0515 | Val Loss 1.4452 | Val Acc 0.5490 | ETputs(KTEPS) 77078.71
2023-10-14 05:39:18,395 - tune.py [line:103] - INFO: Epoch 00200 | Time(s) 0.0513 | Val Loss 1.4311 | Val Acc 0.5442 | ETputs(KTEPS) 77267.21
2023-10-14 05:39:19,399 - tune.py [line:103] - INFO: Epoch 00220 | Time(s) 0.0512 | Val Loss 1.4222 | Val Acc 0.5471 | ETputs(KTEPS) 77444.27
2023-10-14 05:39:20,406 - tune.py [line:103] - INFO: Epoch 00240 | Time(s) 0.0511 | Val Loss 1.4210 | Val Acc 0.5548 | ETputs(KTEPS) 77584.74
2023-10-14 05:39:21,414 - tune.py [line:103] - INFO: Epoch 00260 | Time(s) 0.0511 | Val Loss 1.4069 | Val Acc 0.5587 | ETputs(KTEPS) 77671.48
2023-10-14 05:39:22,416 - tune.py [line:103] - INFO: Epoch 00280 | Time(s) 0.0510 | Val Loss 1.3955 | Val Acc 0.5558 | ETputs(KTEPS) 77793.72
2023-10-14 05:39:23,426 - tune.py [line:103] - INFO: Epoch 00300 | Time(s) 0.0510 | Val Loss 1.3918 | Val Acc 0.5644 | ETputs(KTEPS) 77845.25
2023-10-14 05:39:24,442 - tune.py [line:103] - INFO: Epoch 00320 | Time(s) 0.0509 | Val Loss 1.3819 | Val Acc 0.5663 | ETputs(KTEPS) 77863.19
2023-10-14 05:39:25,449 - tune.py [line:103] - INFO: Epoch 00340 | Time(s) 0.0509 | Val Loss 1.3763 | Val Acc 0.5635 | ETputs(KTEPS) 77926.35
2023-10-14 05:39:26,455 - tune.py [line:103] - INFO: Epoch 00360 | Time(s) 0.0509 | Val Loss 1.3738 | Val Acc 0.5644 | ETputs(KTEPS) 77987.92
2023-10-14 05:39:27,464 - tune.py [line:103] - INFO: Epoch 00380 | Time(s) 0.0508 | Val Loss 1.3681 | Val Acc 0.5673 | ETputs(KTEPS) 78042.41
2023-10-14 05:39:28,469 - tune.py [line:103] - INFO: Epoch 00400 | Time(s) 0.0508 | Val Loss 1.3636 | Val Acc 0.5692 | ETputs(KTEPS) 78087.16
2023-10-14 05:39:29,474 - tune.py [line:103] - INFO: Epoch 00420 | Time(s) 0.0508 | Val Loss 1.3646 | Val Acc 0.5577 | ETputs(KTEPS) 78144.68
2023-10-14 05:39:30,478 - tune.py [line:103] - INFO: Epoch 00440 | Time(s) 0.0507 | Val Loss 1.3572 | Val Acc 0.5673 | ETputs(KTEPS) 78183.90
2023-10-14 05:39:31,496 - tune.py [line:103] - INFO: Epoch 00460 | Time(s) 0.0507 | Val Loss 1.3544 | Val Acc 0.5750 | ETputs(KTEPS) 78174.62
2023-10-14 05:39:32,521 - tune.py [line:103] - INFO: Epoch 00480 | Time(s) 0.0508 | Val Loss 1.3514 | Val Acc 0.5760 | ETputs(KTEPS) 78144.05
2023-10-14 05:39:33,540 - tune.py [line:103] - INFO: Epoch 00500 | Time(s) 0.0508 | Val Loss 1.3504 | Val Acc 0.5663 | ETputs(KTEPS) 78133.84
2023-10-14 05:39:34,557 - tune.py [line:103] - INFO: Epoch 00520 | Time(s) 0.0508 | Val Loss 1.3504 | Val Acc 0.5779 | ETputs(KTEPS) 78131.59
2023-10-14 05:39:35,675 - tune.py [line:103] - INFO: Epoch 00540 | Time(s) 0.0510 | Val Loss 1.3489 | Val Acc 0.5808 | ETputs(KTEPS) 77842.70
2023-10-14 05:39:36,784 - tune.py [line:103] - INFO: Epoch 00560 | Time(s) 0.0511 | Val Loss 1.3458 | Val Acc 0.5760 | ETputs(KTEPS) 77615.59
2023-10-14 05:39:37,964 - tune.py [line:103] - INFO: Epoch 00580 | Time(s) 0.0514 | Val Loss 1.3450 | Val Acc 0.5923 | ETputs(KTEPS) 77241.17
2023-10-14 05:39:39,504 - tune.py [line:103] - INFO: Epoch 00600 | Time(s) 0.0522 | Val Loss 1.3440 | Val Acc 0.5827 | ETputs(KTEPS) 75981.17
2023-10-14 05:39:41,019 - tune.py [line:103] - INFO: Epoch 00620 | Time(s) 0.0530 | Val Loss 1.3405 | Val Acc 0.5856 | ETputs(KTEPS) 74893.30
2023-10-14 05:39:42,512 - tune.py [line:103] - INFO: Epoch 00640 | Time(s) 0.0536 | Val Loss 1.3488 | Val Acc 0.5712 | ETputs(KTEPS) 73948.27
2023-10-14 05:39:43,672 - tune.py [line:103] - INFO: Epoch 00660 | Time(s) 0.0538 | Val Loss 1.3393 | Val Acc 0.5827 | ETputs(KTEPS) 73768.16
2023-10-14 05:39:44,986 - tune.py [line:103] - INFO: Epoch 00680 | Time(s) 0.0541 | Val Loss 1.3385 | Val Acc 0.5846 | ETputs(KTEPS) 73292.69
2023-10-14 05:39:46,200 - tune.py [line:103] - INFO: Epoch 00700 | Time(s) 0.0543 | Val Loss 1.3346 | Val Acc 0.5904 | ETputs(KTEPS) 73039.87
2023-10-14 05:39:47,382 - tune.py [line:103] - INFO: Epoch 00720 | Time(s) 0.0544 | Val Loss 1.3334 | Val Acc 0.5817 | ETputs(KTEPS) 72863.77
2023-10-14 05:39:48,571 - tune.py [line:103] - INFO: Epoch 00740 | Time(s) 0.0546 | Val Loss 1.3378 | Val Acc 0.5913 | ETputs(KTEPS) 72685.39
2023-10-14 05:39:49,762 - tune.py [line:103] - INFO: Epoch 00760 | Time(s) 0.0547 | Val Loss 1.3353 | Val Acc 0.6019 | ETputs(KTEPS) 72526.06
2023-10-14 05:39:50,962 - tune.py [line:103] - INFO: Epoch 00780 | Time(s) 0.0548 | Val Loss 1.3356 | Val Acc 0.5885 | ETputs(KTEPS) 72348.94
2023-10-14 05:39:52,098 - tune.py [line:103] - INFO: Epoch 00800 | Time(s) 0.0549 | Val Loss 1.3313 | Val Acc 0.6010 | ETputs(KTEPS) 72284.61
2023-10-14 05:39:53,265 - tune.py [line:103] - INFO: Epoch 00820 | Time(s) 0.0550 | Val Loss 1.3306 | Val Acc 0.5933 | ETputs(KTEPS) 72175.68
2023-10-14 05:39:54,428 - tune.py [line:103] - INFO: Epoch 00840 | Time(s) 0.0550 | Val Loss 1.3287 | Val Acc 0.5875 | ETputs(KTEPS) 72078.06
2023-10-14 05:39:55,616 - tune.py [line:103] - INFO: Epoch 00860 | Time(s) 0.0551 | Val Loss 1.3277 | Val Acc 0.5913 | ETputs(KTEPS) 71945.76
2023-10-14 05:39:56,716 - tune.py [line:103] - INFO: Epoch 00880 | Time(s) 0.0551 | Val Loss 1.3277 | Val Acc 0.5952 | ETputs(KTEPS) 71952.04
2023-10-14 05:39:57,798 - tune.py [line:103] - INFO: Epoch 00900 | Time(s) 0.0551 | Val Loss 1.3283 | Val Acc 0.5952 | ETputs(KTEPS) 71988.82
2023-10-14 05:39:58,893 - tune.py [line:103] - INFO: Epoch 00920 | Time(s) 0.0551 | Val Loss 1.3284 | Val Acc 0.5904 | ETputs(KTEPS) 71999.75
2023-10-14 05:39:59,952 - tune.py [line:103] - INFO: Epoch 00940 | Time(s) 0.0551 | Val Loss 1.3239 | Val Acc 0.5962 | ETputs(KTEPS) 72060.97
2023-10-14 05:40:01,028 - tune.py [line:103] - INFO: Epoch 00960 | Time(s) 0.0550 | Val Loss 1.3246 | Val Acc 0.6000 | ETputs(KTEPS) 72106.44
2023-10-14 05:40:02,110 - tune.py [line:103] - INFO: Epoch 00980 | Time(s) 0.0550 | Val Loss 1.3275 | Val Acc 0.6019 | ETputs(KTEPS) 72133.08
2023-10-14 05:40:03,173 - tune.py [line:103] - INFO: Epoch 01000 | Time(s) 0.0550 | Val Loss 1.3228 | Val Acc 0.5962 | ETputs(KTEPS) 72181.85
2023-10-14 05:40:04,261 - tune.py [line:103] - INFO: Epoch 01020 | Time(s) 0.0549 | Val Loss 1.3225 | Val Acc 0.6019 | ETputs(KTEPS) 72197.77
2023-10-14 05:40:05,360 - tune.py [line:103] - INFO: Epoch 01040 | Time(s) 0.0549 | Val Loss 1.3259 | Val Acc 0.5990 | ETputs(KTEPS) 72203.64
2023-10-14 05:40:06,414 - tune.py [line:103] - INFO: Epoch 01060 | Time(s) 0.0549 | Val Loss 1.3273 | Val Acc 0.6019 | ETputs(KTEPS) 72259.95
2023-10-14 05:40:07,588 - tune.py [line:103] - INFO: Epoch 01080 | Time(s) 0.0550 | Val Loss 1.3252 | Val Acc 0.6019 | ETputs(KTEPS) 72168.91
2023-10-14 05:40:08,637 - tune.py [line:103] - INFO: Epoch 01100 | Time(s) 0.0549 | Val Loss 1.3230 | Val Acc 0.5981 | ETputs(KTEPS) 72228.83
2023-10-14 05:40:09,655 - tune.py [line:103] - INFO: Epoch 01120 | Time(s) 0.0548 | Val Loss 1.3245 | Val Acc 0.6048 | ETputs(KTEPS) 72327.47
2023-10-14 05:40:10,661 - tune.py [line:103] - INFO: Epoch 01140 | Time(s) 0.0548 | Val Loss 1.3229 | Val Acc 0.6019 | ETputs(KTEPS) 72432.64
2023-10-14 05:40:11,678 - tune.py [line:103] - INFO: Epoch 01160 | Time(s) 0.0547 | Val Loss 1.3254 | Val Acc 0.6096 | ETputs(KTEPS) 72522.73
2023-10-14 05:40:12,714 - tune.py [line:103] - INFO: Epoch 01180 | Time(s) 0.0546 | Val Loss 1.3223 | Val Acc 0.6154 | ETputs(KTEPS) 72594.16
2023-10-14 05:40:13,752 - tune.py [line:103] - INFO: Epoch 01200 | Time(s) 0.0546 | Val Loss 1.3246 | Val Acc 0.6154 | ETputs(KTEPS) 72662.30
2023-10-14 05:40:14,821 - tune.py [line:103] - INFO: Epoch 01220 | Time(s) 0.0546 | Val Loss 1.3235 | Val Acc 0.6260 | ETputs(KTEPS) 72692.47
2023-10-14 05:40:15,846 - tune.py [line:103] - INFO: Epoch 01240 | Time(s) 0.0545 | Val Loss 1.3244 | Val Acc 0.6077 | ETputs(KTEPS) 72766.93
2023-10-14 05:40:16,850 - tune.py [line:103] - INFO: Epoch 01260 | Time(s) 0.0544 | Val Loss 1.3268 | Val Acc 0.6019 | ETputs(KTEPS) 72859.00
2023-10-14 05:40:17,860 - tune.py [line:103] - INFO: Epoch 01280 | Time(s) 0.0544 | Val Loss 1.3254 | Val Acc 0.6067 | ETputs(KTEPS) 72942.97
2023-10-14 05:40:18,876 - tune.py [line:103] - INFO: Epoch 01300 | Time(s) 0.0543 | Val Loss 1.3269 | Val Acc 0.6173 | ETputs(KTEPS) 73016.69
2023-10-14 05:40:19,881 - tune.py [line:103] - INFO: Epoch 01320 | Time(s) 0.0543 | Val Loss 1.3300 | Val Acc 0.6115 | ETputs(KTEPS) 73101.28
2023-10-14 05:40:20,929 - tune.py [line:103] - INFO: Epoch 01340 | Time(s) 0.0542 | Val Loss 1.3324 | Val Acc 0.6087 | ETputs(KTEPS) 73138.99
2023-10-14 05:40:21,957 - tune.py [line:103] - INFO: Epoch 01360 | Time(s) 0.0542 | Val Loss 1.3322 | Val Acc 0.6106 | ETputs(KTEPS) 73196.06
2023-10-14 05:40:22,985 - tune.py [line:103] - INFO: Epoch 01380 | Time(s) 0.0542 | Val Loss 1.3336 | Val Acc 0.6077 | ETputs(KTEPS) 73251.62
2023-10-14 05:40:23,991 - tune.py [line:103] - INFO: Epoch 01400 | Time(s) 0.0541 | Val Loss 1.3346 | Val Acc 0.6308 | ETputs(KTEPS) 73328.94
2023-10-14 05:40:25,064 - tune.py [line:103] - INFO: Epoch 01420 | Time(s) 0.0541 | Val Loss 1.3372 | Val Acc 0.6077 | ETputs(KTEPS) 73339.64
2023-10-14 05:40:25,875 - tune.py [line:103] - INFO: Epoch 01440 | Time(s) 0.0539 | Val Loss 1.3652 | Val Acc 0.5788 | ETputs(KTEPS) 73596.95
2023-10-14 05:40:26,681 - tune.py [line:103] - INFO: Epoch 01460 | Time(s) 0.0537 | Val Loss 1.3438 | Val Acc 0.6048 | ETputs(KTEPS) 73852.49
2023-10-14 05:40:27,722 - tune.py [line:103] - INFO: Epoch 01480 | Time(s) 0.0537 | Val Loss 1.3435 | Val Acc 0.6048 | ETputs(KTEPS) 73883.77
2023-10-14 05:40:28,727 - tune.py [line:103] - INFO: Epoch 01500 | Time(s) 0.0536 | Val Loss 1.3462 | Val Acc 0.6087 | ETputs(KTEPS) 73947.23
2023-10-14 05:40:29,745 - tune.py [line:103] - INFO: Epoch 01520 | Time(s) 0.0536 | Val Loss 1.3464 | Val Acc 0.6087 | ETputs(KTEPS) 73997.56
2023-10-14 05:40:30,755 - tune.py [line:103] - INFO: Epoch 01540 | Time(s) 0.0536 | Val Loss 1.3502 | Val Acc 0.6125 | ETputs(KTEPS) 74054.66
2023-10-14 05:40:31,748 - tune.py [line:103] - INFO: Epoch 01560 | Time(s) 0.0535 | Val Loss 1.3501 | Val Acc 0.6163 | ETputs(KTEPS) 74124.15
2023-10-14 05:40:32,755 - tune.py [line:103] - INFO: Epoch 01580 | Time(s) 0.0535 | Val Loss 1.3568 | Val Acc 0.6048 | ETputs(KTEPS) 74180.67
2023-10-14 05:40:33,761 - tune.py [line:103] - INFO: Epoch 01600 | Time(s) 0.0534 | Val Loss 1.3529 | Val Acc 0.6077 | ETputs(KTEPS) 74235.90
2023-10-14 05:40:34,780 - tune.py [line:103] - INFO: Epoch 01620 | Time(s) 0.0534 | Val Loss 1.3618 | Val Acc 0.6183 | ETputs(KTEPS) 74279.39
2023-10-14 05:40:35,777 - tune.py [line:103] - INFO: Epoch 01640 | Time(s) 0.0534 | Val Loss 1.3705 | Val Acc 0.5904 | ETputs(KTEPS) 74340.41
2023-10-14 05:40:36,788 - tune.py [line:103] - INFO: Epoch 01660 | Time(s) 0.0533 | Val Loss 1.3619 | Val Acc 0.6115 | ETputs(KTEPS) 74387.98
2023-10-14 05:40:37,816 - tune.py [line:103] - INFO: Epoch 01680 | Time(s) 0.0533 | Val Loss 1.3619 | Val Acc 0.6106 | ETputs(KTEPS) 74420.27
2023-10-14 05:40:38,838 - tune.py [line:103] - INFO: Epoch 01700 | Time(s) 0.0533 | Val Loss 1.3622 | Val Acc 0.6144 | ETputs(KTEPS) 74457.33
2023-10-14 05:40:38,851 - tune.py [line:117] - INFO: [FINAL MODEL] Val accuracy 63.08% \Val loss: 1.3
2023-10-14 05:40:38,861 - tune.py [line:119] - INFO: [FINAL MODEL] Test accuracy 61.38% \Test loss: 1.3
2023-10-14 05:40:38,861 - tune.py [line:144] - INFO: Acc on the first split (Validation Set): 0.6308
2023-10-14 05:40:38,862 - tune.py [line:145] - INFO: Acc on the first split (Test Set): 0.6138
