2023-10-14 05:52:26,133 - tune.py [line:203] - INFO: Namespace(seed=42, model='NormalNNV2', gpu=1, dataset='geom-squirrel', logging=True, log_detail=True, log_detailedCh=False, id_log=1013014504, optuna_n_trials=202, n_epochs=2000, self_loop=False, udgraph=True, early_stop=True, patience=300, n_hidden=64, n_cv=1, start_cv=0, n_layers=16, lr1=0.02, lr2=0.04, wd1=1e-08, wd2=0.0001, dropout=0.2, dropout2=0.2, es_ckpt='woselfloop-geom-squirrel_NormalNNV2-wonoise-geom-squirrel_trialNo144')
2023-10-14 05:52:28,811 - tune.py [line:128] - INFO: Split_seeds:[1824]
2023-10-14 05:52:28,811 - tune.py [line:129] - INFO: Model_seeds:[409]
2023-10-14 05:52:29,970 - tune.py [line:103] - INFO: Epoch 00020 | Time(s) 0.0551 | Val Loss 1.5896 | Val Acc 0.4577 | ETputs(KTEPS) 72057.87
2023-10-14 05:52:31,108 - tune.py [line:103] - INFO: Epoch 00040 | Time(s) 0.0555 | Val Loss 1.5602 | Val Acc 0.5385 | ETputs(KTEPS) 71535.27
2023-10-14 05:52:32,321 - tune.py [line:103] - INFO: Epoch 00060 | Time(s) 0.0568 | Val Loss 1.5246 | Val Acc 0.5423 | ETputs(KTEPS) 69811.17
2023-10-14 05:52:33,471 - tune.py [line:103] - INFO: Epoch 00080 | Time(s) 0.0570 | Val Loss 1.4969 | Val Acc 0.5538 | ETputs(KTEPS) 69625.36
2023-10-14 05:52:34,633 - tune.py [line:103] - INFO: Epoch 00100 | Time(s) 0.0571 | Val Loss 1.4692 | Val Acc 0.5558 | ETputs(KTEPS) 69482.07
2023-10-14 05:52:35,861 - tune.py [line:103] - INFO: Epoch 00120 | Time(s) 0.0578 | Val Loss 1.4485 | Val Acc 0.5615 | ETputs(KTEPS) 68651.82
2023-10-14 05:52:37,019 - tune.py [line:103] - INFO: Epoch 00140 | Time(s) 0.0578 | Val Loss 1.4320 | Val Acc 0.5442 | ETputs(KTEPS) 68644.99
2023-10-14 05:52:38,066 - tune.py [line:103] - INFO: Epoch 00160 | Time(s) 0.0571 | Val Loss 1.4153 | Val Acc 0.5673 | ETputs(KTEPS) 69520.37
2023-10-14 05:52:39,112 - tune.py [line:103] - INFO: Epoch 00180 | Time(s) 0.0565 | Val Loss 1.4017 | Val Acc 0.5760 | ETputs(KTEPS) 70171.46
2023-10-14 05:52:40,159 - tune.py [line:103] - INFO: Epoch 00200 | Time(s) 0.0561 | Val Loss 1.3908 | Val Acc 0.5702 | ETputs(KTEPS) 70766.21
2023-10-14 05:52:41,233 - tune.py [line:103] - INFO: Epoch 00220 | Time(s) 0.0558 | Val Loss 1.3762 | Val Acc 0.5962 | ETputs(KTEPS) 71041.42
2023-10-14 05:52:42,268 - tune.py [line:103] - INFO: Epoch 00240 | Time(s) 0.0555 | Val Loss 1.3721 | Val Acc 0.5750 | ETputs(KTEPS) 71525.13
2023-10-14 05:52:43,185 - tune.py [line:103] - INFO: Epoch 00260 | Time(s) 0.0547 | Val Loss 1.3650 | Val Acc 0.5808 | ETputs(KTEPS) 72493.74
2023-10-14 05:52:44,123 - tune.py [line:103] - INFO: Epoch 00280 | Time(s) 0.0542 | Val Loss 1.3599 | Val Acc 0.5769 | ETputs(KTEPS) 73245.06
2023-10-14 05:52:45,129 - tune.py [line:103] - INFO: Epoch 00300 | Time(s) 0.0539 | Val Loss 1.3534 | Val Acc 0.5933 | ETputs(KTEPS) 73609.62
2023-10-14 05:52:46,523 - tune.py [line:103] - INFO: Epoch 00320 | Time(s) 0.0549 | Val Loss 1.3511 | Val Acc 0.5952 | ETputs(KTEPS) 72286.05
2023-10-14 05:52:47,926 - tune.py [line:103] - INFO: Epoch 00340 | Time(s) 0.0558 | Val Loss 1.3438 | Val Acc 0.6058 | ETputs(KTEPS) 71121.99
2023-10-14 05:52:49,462 - tune.py [line:103] - INFO: Epoch 00360 | Time(s) 0.0569 | Val Loss 1.3445 | Val Acc 0.5981 | ETputs(KTEPS) 69672.58
2023-10-14 05:52:50,706 - tune.py [line:103] - INFO: Epoch 00380 | Time(s) 0.0572 | Val Loss 1.3383 | Val Acc 0.6077 | ETputs(KTEPS) 69351.37
2023-10-14 05:52:51,901 - tune.py [line:103] - INFO: Epoch 00400 | Time(s) 0.0573 | Val Loss 1.3342 | Val Acc 0.6010 | ETputs(KTEPS) 69242.14
2023-10-14 05:52:53,079 - tune.py [line:103] - INFO: Epoch 00420 | Time(s) 0.0574 | Val Loss 1.3381 | Val Acc 0.5990 | ETputs(KTEPS) 69152.62
2023-10-14 05:52:54,244 - tune.py [line:103] - INFO: Epoch 00440 | Time(s) 0.0574 | Val Loss 1.3306 | Val Acc 0.6067 | ETputs(KTEPS) 69125.75
2023-10-14 05:52:55,380 - tune.py [line:103] - INFO: Epoch 00460 | Time(s) 0.0574 | Val Loss 1.3295 | Val Acc 0.6077 | ETputs(KTEPS) 69159.69
2023-10-14 05:52:56,658 - tune.py [line:103] - INFO: Epoch 00480 | Time(s) 0.0576 | Val Loss 1.3309 | Val Acc 0.6029 | ETputs(KTEPS) 68833.88
2023-10-14 05:52:58,176 - tune.py [line:103] - INFO: Epoch 00500 | Time(s) 0.0584 | Val Loss 1.3310 | Val Acc 0.6077 | ETputs(KTEPS) 67974.41
2023-10-14 05:52:59,359 - tune.py [line:103] - INFO: Epoch 00520 | Time(s) 0.0584 | Val Loss 1.3307 | Val Acc 0.6048 | ETputs(KTEPS) 67940.37
2023-10-14 05:53:00,491 - tune.py [line:103] - INFO: Epoch 00540 | Time(s) 0.0583 | Val Loss 1.3283 | Val Acc 0.6019 | ETputs(KTEPS) 68018.62
2023-10-14 05:53:01,515 - tune.py [line:103] - INFO: Epoch 00560 | Time(s) 0.0581 | Val Loss 1.3271 | Val Acc 0.6077 | ETputs(KTEPS) 68316.64
2023-10-14 05:53:02,615 - tune.py [line:103] - INFO: Epoch 00580 | Time(s) 0.0580 | Val Loss 1.3259 | Val Acc 0.5971 | ETputs(KTEPS) 68442.77
2023-10-14 05:53:03,636 - tune.py [line:103] - INFO: Epoch 00600 | Time(s) 0.0577 | Val Loss 1.3257 | Val Acc 0.6077 | ETputs(KTEPS) 68727.43
2023-10-14 05:53:04,676 - tune.py [line:103] - INFO: Epoch 00620 | Time(s) 0.0575 | Val Loss 1.3789 | Val Acc 0.5510 | ETputs(KTEPS) 68947.84
2023-10-14 05:53:05,670 - tune.py [line:103] - INFO: Epoch 00640 | Time(s) 0.0573 | Val Loss 1.3726 | Val Acc 0.5673 | ETputs(KTEPS) 69243.81
2023-10-14 05:53:06,845 - tune.py [line:103] - INFO: Epoch 00660 | Time(s) 0.0573 | Val Loss 1.3657 | Val Acc 0.5817 | ETputs(KTEPS) 69192.94
2023-10-14 05:53:08,337 - tune.py [line:103] - INFO: Epoch 00680 | Time(s) 0.0578 | Val Loss 1.3592 | Val Acc 0.5856 | ETputs(KTEPS) 68587.39
2023-10-14 05:53:09,464 - tune.py [line:103] - INFO: Epoch 00700 | Time(s) 0.0578 | Val Loss 1.3592 | Val Acc 0.5875 | ETputs(KTEPS) 68638.57
2023-10-14 05:53:10,533 - tune.py [line:103] - INFO: Epoch 00720 | Time(s) 0.0577 | Val Loss 1.3561 | Val Acc 0.5942 | ETputs(KTEPS) 68783.38
2023-10-14 05:53:11,614 - tune.py [line:103] - INFO: Epoch 00740 | Time(s) 0.0576 | Val Loss 1.3540 | Val Acc 0.5904 | ETputs(KTEPS) 68901.88
2023-10-14 05:53:12,576 - tune.py [line:103] - INFO: Epoch 00760 | Time(s) 0.0573 | Val Loss 1.3543 | Val Acc 0.5923 | ETputs(KTEPS) 69203.13
2023-10-14 05:53:13,536 - tune.py [line:103] - INFO: Epoch 00780 | Time(s) 0.0571 | Val Loss 1.3511 | Val Acc 0.6077 | ETputs(KTEPS) 69493.10
2023-10-14 05:53:14,486 - tune.py [line:103] - INFO: Epoch 00800 | Time(s) 0.0568 | Val Loss 1.3459 | Val Acc 0.6019 | ETputs(KTEPS) 69787.66
2023-10-14 05:53:15,469 - tune.py [line:103] - INFO: Epoch 00820 | Time(s) 0.0567 | Val Loss 1.3475 | Val Acc 0.6067 | ETputs(KTEPS) 70019.38
2023-10-14 05:53:16,400 - tune.py [line:103] - INFO: Epoch 00840 | Time(s) 0.0564 | Val Loss 1.3430 | Val Acc 0.5990 | ETputs(KTEPS) 70319.26
2023-10-14 05:53:17,324 - tune.py [line:103] - INFO: Epoch 00860 | Time(s) 0.0562 | Val Loss 1.3436 | Val Acc 0.6019 | ETputs(KTEPS) 70616.94
2023-10-14 05:53:18,270 - tune.py [line:103] - INFO: Epoch 00880 | Time(s) 0.0560 | Val Loss 1.3459 | Val Acc 0.6058 | ETputs(KTEPS) 70873.10
2023-10-14 05:53:19,143 - tune.py [line:117] - INFO: [FINAL MODEL] Val accuracy 61.73% \Val loss: 1.3
2023-10-14 05:53:19,155 - tune.py [line:119] - INFO: [FINAL MODEL] Test accuracy 60.42% \Test loss: 1.3
2023-10-14 05:53:19,156 - tune.py [line:144] - INFO: Acc on the first split (Validation Set): 0.6173
2023-10-14 05:53:19,156 - tune.py [line:145] - INFO: Acc on the first split (Test Set): 0.6042
