2023-10-14 05:23:36,657 - tune.py [line:203] - INFO: Namespace(seed=42, model='NormalNNV2', gpu=1, dataset='geom-squirrel', logging=True, log_detail=True, log_detailedCh=False, id_log=1013014504, optuna_n_trials=202, n_epochs=2000, self_loop=False, udgraph=True, early_stop=True, patience=300, n_hidden=64, n_cv=1, start_cv=0, n_layers=20, lr1=0.04, lr2=0.05, wd1=1e-08, wd2=0.001, dropout=0.4, dropout2=0.4, es_ckpt='woselfloop-geom-squirrel_NormalNNV2-wonoise-geom-squirrel_trialNo37')
2023-10-14 05:23:39,133 - tune.py [line:128] - INFO: Split_seeds:[1824]
2023-10-14 05:23:39,134 - tune.py [line:129] - INFO: Model_seeds:[409]
2023-10-14 05:23:40,287 - tune.py [line:103] - INFO: Epoch 00020 | Time(s) 0.0560 | Val Loss 1.5934 | Val Acc 0.4462 | ETputs(KTEPS) 70858.01
2023-10-14 05:23:41,411 - tune.py [line:103] - INFO: Epoch 00040 | Time(s) 0.0557 | Val Loss 1.5852 | Val Acc 0.5096 | ETputs(KTEPS) 71279.15
2023-10-14 05:23:42,683 - tune.py [line:103] - INFO: Epoch 00060 | Time(s) 0.0578 | Val Loss 1.5813 | Val Acc 0.5423 | ETputs(KTEPS) 68589.80
2023-10-14 05:23:43,841 - tune.py [line:103] - INFO: Epoch 00080 | Time(s) 0.0578 | Val Loss 1.5793 | Val Acc 0.5356 | ETputs(KTEPS) 68631.47
2023-10-14 05:23:45,000 - tune.py [line:103] - INFO: Epoch 00100 | Time(s) 0.0577 | Val Loss 1.5772 | Val Acc 0.5644 | ETputs(KTEPS) 68715.55
2023-10-14 05:23:46,072 - tune.py [line:103] - INFO: Epoch 00120 | Time(s) 0.0570 | Val Loss 1.5757 | Val Acc 0.5587 | ETputs(KTEPS) 69593.25
2023-10-14 05:23:47,061 - tune.py [line:103] - INFO: Epoch 00140 | Time(s) 0.0559 | Val Loss 1.5766 | Val Acc 0.5510 | ETputs(KTEPS) 70979.58
2023-10-14 05:23:48,048 - tune.py [line:103] - INFO: Epoch 00160 | Time(s) 0.0550 | Val Loss 1.5743 | Val Acc 0.5779 | ETputs(KTEPS) 72094.02
2023-10-14 05:23:49,105 - tune.py [line:103] - INFO: Epoch 00180 | Time(s) 0.0548 | Val Loss 1.5806 | Val Acc 0.5212 | ETputs(KTEPS) 72432.39
2023-10-14 05:23:50,241 - tune.py [line:103] - INFO: Epoch 00200 | Time(s) 0.0550 | Val Loss 1.5801 | Val Acc 0.5356 | ETputs(KTEPS) 72167.60
2023-10-14 05:23:51,432 - tune.py [line:103] - INFO: Epoch 00220 | Time(s) 0.0554 | Val Loss 1.5778 | Val Acc 0.5481 | ETputs(KTEPS) 71628.23
2023-10-14 05:23:52,619 - tune.py [line:103] - INFO: Epoch 00240 | Time(s) 0.0557 | Val Loss 1.5775 | Val Acc 0.5558 | ETputs(KTEPS) 71203.93
2023-10-14 05:23:53,796 - tune.py [line:103] - INFO: Epoch 00260 | Time(s) 0.0560 | Val Loss 1.5752 | Val Acc 0.5760 | ETputs(KTEPS) 70900.23
2023-10-14 05:23:54,981 - tune.py [line:103] - INFO: Epoch 00280 | Time(s) 0.0562 | Val Loss 1.5729 | Val Acc 0.5981 | ETputs(KTEPS) 70629.72
2023-10-14 05:23:56,130 - tune.py [line:103] - INFO: Epoch 00300 | Time(s) 0.0563 | Val Loss 1.5725 | Val Acc 0.6038 | ETputs(KTEPS) 70525.22
2023-10-14 05:23:57,104 - tune.py [line:103] - INFO: Epoch 00320 | Time(s) 0.0558 | Val Loss 1.5713 | Val Acc 0.5923 | ETputs(KTEPS) 71123.48
2023-10-14 05:23:58,301 - tune.py [line:103] - INFO: Epoch 00340 | Time(s) 0.0560 | Val Loss 1.5723 | Val Acc 0.6029 | ETputs(KTEPS) 70841.04
2023-10-14 05:23:59,491 - tune.py [line:103] - INFO: Epoch 00360 | Time(s) 0.0562 | Val Loss 1.5743 | Val Acc 0.5567 | ETputs(KTEPS) 70599.05
2023-10-14 05:24:00,688 - tune.py [line:103] - INFO: Epoch 00380 | Time(s) 0.0564 | Val Loss 1.5725 | Val Acc 0.5885 | ETputs(KTEPS) 70358.11
2023-10-14 05:24:01,923 - tune.py [line:103] - INFO: Epoch 00400 | Time(s) 0.0566 | Val Loss 1.5716 | Val Acc 0.6087 | ETputs(KTEPS) 70033.07
2023-10-14 05:24:03,193 - tune.py [line:103] - INFO: Epoch 00420 | Time(s) 0.0570 | Val Loss 1.5717 | Val Acc 0.5904 | ETputs(KTEPS) 69634.57
2023-10-14 05:24:04,413 - tune.py [line:103] - INFO: Epoch 00440 | Time(s) 0.0572 | Val Loss 1.5726 | Val Acc 0.5981 | ETputs(KTEPS) 69410.58
2023-10-14 05:24:05,671 - tune.py [line:103] - INFO: Epoch 00460 | Time(s) 0.0574 | Val Loss 1.5721 | Val Acc 0.6029 | ETputs(KTEPS) 69111.18
2023-10-14 05:24:06,976 - tune.py [line:103] - INFO: Epoch 00480 | Time(s) 0.0577 | Val Loss 1.5725 | Val Acc 0.5817 | ETputs(KTEPS) 68720.98
2023-10-14 05:24:08,297 - tune.py [line:103] - INFO: Epoch 00500 | Time(s) 0.0581 | Val Loss 1.5723 | Val Acc 0.5846 | ETputs(KTEPS) 68330.24
2023-10-14 05:24:09,444 - tune.py [line:103] - INFO: Epoch 00520 | Time(s) 0.0580 | Val Loss 1.5715 | Val Acc 0.5990 | ETputs(KTEPS) 68362.91
2023-10-14 05:24:10,574 - tune.py [line:103] - INFO: Epoch 00540 | Time(s) 0.0580 | Val Loss 1.5715 | Val Acc 0.5981 | ETputs(KTEPS) 68430.63
2023-10-14 05:24:11,788 - tune.py [line:103] - INFO: Epoch 00560 | Time(s) 0.0581 | Val Loss 1.5789 | Val Acc 0.5846 | ETputs(KTEPS) 68317.36
2023-10-14 05:24:13,135 - tune.py [line:103] - INFO: Epoch 00580 | Time(s) 0.0584 | Val Loss 1.5720 | Val Acc 0.5856 | ETputs(KTEPS) 67947.56
2023-10-14 05:24:14,247 - tune.py [line:103] - INFO: Epoch 00600 | Time(s) 0.0583 | Val Loss 1.5719 | Val Acc 0.5875 | ETputs(KTEPS) 68057.07
2023-10-14 05:24:15,466 - tune.py [line:103] - INFO: Epoch 00620 | Time(s) 0.0584 | Val Loss 1.5717 | Val Acc 0.6029 | ETputs(KTEPS) 67957.85
2023-10-14 05:24:16,650 - tune.py [line:103] - INFO: Epoch 00640 | Time(s) 0.0584 | Val Loss 1.5714 | Val Acc 0.6019 | ETputs(KTEPS) 67929.41
2023-10-14 05:24:17,809 - tune.py [line:103] - INFO: Epoch 00660 | Time(s) 0.0584 | Val Loss 1.5712 | Val Acc 0.5933 | ETputs(KTEPS) 67945.68
2023-10-14 05:24:19,195 - tune.py [line:103] - INFO: Epoch 00680 | Time(s) 0.0587 | Val Loss 1.5716 | Val Acc 0.5971 | ETputs(KTEPS) 67575.30
2023-10-14 05:24:20,289 - tune.py [line:117] - INFO: [FINAL MODEL] Val accuracy 61.25% \Val loss: 1.6
2023-10-14 05:24:20,301 - tune.py [line:119] - INFO: [FINAL MODEL] Test accuracy 60.52% \Test loss: 1.6
2023-10-14 05:24:20,302 - tune.py [line:144] - INFO: Acc on the first split (Validation Set): 0.6125
2023-10-14 05:24:20,302 - tune.py [line:145] - INFO: Acc on the first split (Test Set): 0.6052
