2023-10-14 05:24:42,083 - tune.py [line:203] - INFO: Namespace(seed=42, model='NormalNNV2', gpu=1, dataset='geom-squirrel', logging=True, log_detail=True, log_detailedCh=False, id_log=1013014504, optuna_n_trials=202, n_epochs=2000, self_loop=False, udgraph=True, early_stop=True, patience=300, n_hidden=64, n_cv=1, start_cv=0, n_layers=16, lr1=0.05, lr2=0.05, wd1=1e-07, wd2=0.001, dropout=0.2, dropout2=0.2, es_ckpt='woselfloop-geom-squirrel_NormalNNV2-wonoise-geom-squirrel_trialNo45')
2023-10-14 05:24:44,788 - tune.py [line:128] - INFO: Split_seeds:[1824]
2023-10-14 05:24:44,788 - tune.py [line:129] - INFO: Model_seeds:[409]
2023-10-14 05:24:45,883 - tune.py [line:103] - INFO: Epoch 00020 | Time(s) 0.0526 | Val Loss 1.5918 | Val Acc 0.4635 | ETputs(KTEPS) 75489.94
2023-10-14 05:24:46,942 - tune.py [line:103] - INFO: Epoch 00040 | Time(s) 0.0517 | Val Loss 1.5757 | Val Acc 0.5500 | ETputs(KTEPS) 76707.03
2023-10-14 05:24:47,987 - tune.py [line:103] - INFO: Epoch 00060 | Time(s) 0.0517 | Val Loss 1.5726 | Val Acc 0.5625 | ETputs(KTEPS) 76771.00
2023-10-14 05:24:49,020 - tune.py [line:103] - INFO: Epoch 00080 | Time(s) 0.0516 | Val Loss 1.5750 | Val Acc 0.5615 | ETputs(KTEPS) 76875.82
2023-10-14 05:24:50,047 - tune.py [line:103] - INFO: Epoch 00100 | Time(s) 0.0516 | Val Loss 1.5769 | Val Acc 0.5500 | ETputs(KTEPS) 76951.57
2023-10-14 05:24:51,106 - tune.py [line:103] - INFO: Epoch 00120 | Time(s) 0.0518 | Val Loss 1.5822 | Val Acc 0.4606 | ETputs(KTEPS) 76614.71
2023-10-14 05:24:52,206 - tune.py [line:103] - INFO: Epoch 00140 | Time(s) 0.0522 | Val Loss 1.5842 | Val Acc 0.4779 | ETputs(KTEPS) 75943.98
2023-10-14 05:24:53,305 - tune.py [line:103] - INFO: Epoch 00160 | Time(s) 0.0526 | Val Loss 1.5778 | Val Acc 0.5760 | ETputs(KTEPS) 75465.32
2023-10-14 05:24:54,451 - tune.py [line:103] - INFO: Epoch 00180 | Time(s) 0.0530 | Val Loss 1.5786 | Val Acc 0.5683 | ETputs(KTEPS) 74788.68
2023-10-14 05:24:55,566 - tune.py [line:103] - INFO: Epoch 00200 | Time(s) 0.0533 | Val Loss 1.5799 | Val Acc 0.5702 | ETputs(KTEPS) 74414.18
2023-10-14 05:24:56,585 - tune.py [line:103] - INFO: Epoch 00220 | Time(s) 0.0531 | Val Loss 1.5819 | Val Acc 0.5529 | ETputs(KTEPS) 74715.52
2023-10-14 05:24:57,587 - tune.py [line:103] - INFO: Epoch 00240 | Time(s) 0.0528 | Val Loss 1.5822 | Val Acc 0.5423 | ETputs(KTEPS) 75072.36
2023-10-14 05:24:58,591 - tune.py [line:103] - INFO: Epoch 00260 | Time(s) 0.0526 | Val Loss 1.5830 | Val Acc 0.5644 | ETputs(KTEPS) 75362.98
2023-10-14 05:24:59,528 - tune.py [line:103] - INFO: Epoch 00280 | Time(s) 0.0522 | Val Loss 1.5839 | Val Acc 0.5529 | ETputs(KTEPS) 75964.45
2023-10-14 05:25:00,486 - tune.py [line:103] - INFO: Epoch 00300 | Time(s) 0.0519 | Val Loss 1.5834 | Val Acc 0.5606 | ETputs(KTEPS) 76385.79
2023-10-14 05:25:01,429 - tune.py [line:103] - INFO: Epoch 00320 | Time(s) 0.0516 | Val Loss 1.5845 | Val Acc 0.5500 | ETputs(KTEPS) 76832.66
2023-10-14 05:25:02,367 - tune.py [line:103] - INFO: Epoch 00340 | Time(s) 0.0514 | Val Loss 1.5850 | Val Acc 0.5269 | ETputs(KTEPS) 77248.20
2023-10-14 05:25:03,334 - tune.py [line:103] - INFO: Epoch 00360 | Time(s) 0.0512 | Val Loss 1.5844 | Val Acc 0.5481 | ETputs(KTEPS) 77503.72
2023-10-14 05:25:04,262 - tune.py [line:103] - INFO: Epoch 00380 | Time(s) 0.0509 | Val Loss 1.5869 | Val Acc 0.5279 | ETputs(KTEPS) 77886.10
2023-10-14 05:25:05,185 - tune.py [line:103] - INFO: Epoch 00400 | Time(s) 0.0507 | Val Loss 1.5859 | Val Acc 0.5000 | ETputs(KTEPS) 78258.53
2023-10-14 05:25:06,144 - tune.py [line:103] - INFO: Epoch 00420 | Time(s) 0.0506 | Val Loss 1.5838 | Val Acc 0.5558 | ETputs(KTEPS) 78461.46
2023-10-14 05:25:07,088 - tune.py [line:103] - INFO: Epoch 00440 | Time(s) 0.0504 | Val Loss 1.5847 | Val Acc 0.5538 | ETputs(KTEPS) 78699.38
2023-10-14 05:25:08,049 - tune.py [line:103] - INFO: Epoch 00460 | Time(s) 0.0503 | Val Loss 1.5857 | Val Acc 0.5577 | ETputs(KTEPS) 78862.15
2023-10-14 05:25:08,254 - tune.py [line:117] - INFO: [FINAL MODEL] Val accuracy 58.37% \Val loss: 1.6
2023-10-14 05:25:08,265 - tune.py [line:119] - INFO: [FINAL MODEL] Test accuracy 56.87% \Test loss: 1.6
2023-10-14 05:25:08,265 - tune.py [line:144] - INFO: Acc on the first split (Validation Set): 0.5837
2023-10-14 05:25:08,265 - tune.py [line:145] - INFO: Acc on the first split (Test Set): 0.5687
