2023-10-14 05:31:32,487 - tune.py [line:203] - INFO: Namespace(seed=42, model='NormalNNV2', gpu=1, dataset='geom-squirrel', logging=True, log_detail=True, log_detailedCh=False, id_log=1013014504, optuna_n_trials=202, n_epochs=2000, self_loop=False, udgraph=True, early_stop=True, patience=300, n_hidden=64, n_cv=1, start_cv=0, n_layers=16, lr1=0.05, lr2=0.05, wd1=1e-08, wd2=0.0001, dropout=0.3, dropout2=0.3, es_ckpt='woselfloop-geom-squirrel_NormalNNV2-wonoise-geom-squirrel_trialNo72')
2023-10-14 05:31:35,131 - tune.py [line:128] - INFO: Split_seeds:[1824]
2023-10-14 05:31:35,131 - tune.py [line:129] - INFO: Model_seeds:[409]
2023-10-14 05:31:36,162 - tune.py [line:103] - INFO: Epoch 00020 | Time(s) 0.0495 | Val Loss 1.5829 | Val Acc 0.4721 | ETputs(KTEPS) 80213.52
2023-10-14 05:31:37,245 - tune.py [line:103] - INFO: Epoch 00040 | Time(s) 0.0514 | Val Loss 1.5479 | Val Acc 0.5231 | ETputs(KTEPS) 77239.34
2023-10-14 05:31:38,134 - tune.py [line:103] - INFO: Epoch 00060 | Time(s) 0.0488 | Val Loss 1.5160 | Val Acc 0.5317 | ETputs(KTEPS) 81238.28
2023-10-14 05:31:38,953 - tune.py [line:103] - INFO: Epoch 00080 | Time(s) 0.0467 | Val Loss 1.4823 | Val Acc 0.5433 | ETputs(KTEPS) 84870.23
2023-10-14 05:31:39,763 - tune.py [line:103] - INFO: Epoch 00100 | Time(s) 0.0455 | Val Loss 1.4593 | Val Acc 0.5433 | ETputs(KTEPS) 87219.12
2023-10-14 05:31:40,696 - tune.py [line:103] - INFO: Epoch 00120 | Time(s) 0.0456 | Val Loss 1.4326 | Val Acc 0.5740 | ETputs(KTEPS) 86912.61
2023-10-14 05:31:41,664 - tune.py [line:103] - INFO: Epoch 00140 | Time(s) 0.0460 | Val Loss 1.4202 | Val Acc 0.5577 | ETputs(KTEPS) 86192.74
2023-10-14 05:31:42,702 - tune.py [line:103] - INFO: Epoch 00160 | Time(s) 0.0468 | Val Loss 1.4060 | Val Acc 0.5663 | ETputs(KTEPS) 84853.14
2023-10-14 05:31:43,720 - tune.py [line:103] - INFO: Epoch 00180 | Time(s) 0.0472 | Val Loss 1.3943 | Val Acc 0.5673 | ETputs(KTEPS) 84030.28
2023-10-14 05:31:44,771 - tune.py [line:103] - INFO: Epoch 00200 | Time(s) 0.0477 | Val Loss 1.3877 | Val Acc 0.5663 | ETputs(KTEPS) 83136.03
2023-10-14 05:31:45,806 - tune.py [line:103] - INFO: Epoch 00220 | Time(s) 0.0480 | Val Loss 1.3776 | Val Acc 0.5788 | ETputs(KTEPS) 82569.79
2023-10-14 05:31:46,821 - tune.py [line:103] - INFO: Epoch 00240 | Time(s) 0.0482 | Val Loss 1.3709 | Val Acc 0.5885 | ETputs(KTEPS) 82226.69
2023-10-14 05:31:47,828 - tune.py [line:103] - INFO: Epoch 00260 | Time(s) 0.0484 | Val Loss 1.3708 | Val Acc 0.5760 | ETputs(KTEPS) 81970.63
2023-10-14 05:31:48,841 - tune.py [line:103] - INFO: Epoch 00280 | Time(s) 0.0485 | Val Loss 1.3619 | Val Acc 0.5933 | ETputs(KTEPS) 81713.17
2023-10-14 05:31:49,845 - tune.py [line:103] - INFO: Epoch 00300 | Time(s) 0.0487 | Val Loss 1.3599 | Val Acc 0.5904 | ETputs(KTEPS) 81526.74
2023-10-14 05:31:50,785 - tune.py [line:103] - INFO: Epoch 00320 | Time(s) 0.0486 | Val Loss 1.3573 | Val Acc 0.5981 | ETputs(KTEPS) 81705.14
2023-10-14 05:31:51,747 - tune.py [line:103] - INFO: Epoch 00340 | Time(s) 0.0485 | Val Loss 1.3548 | Val Acc 0.5981 | ETputs(KTEPS) 81801.45
2023-10-14 05:31:52,719 - tune.py [line:103] - INFO: Epoch 00360 | Time(s) 0.0485 | Val Loss 1.3526 | Val Acc 0.5942 | ETputs(KTEPS) 81795.87
2023-10-14 05:31:53,666 - tune.py [line:103] - INFO: Epoch 00380 | Time(s) 0.0484 | Val Loss 1.3488 | Val Acc 0.5981 | ETputs(KTEPS) 81912.47
2023-10-14 05:31:54,622 - tune.py [line:103] - INFO: Epoch 00400 | Time(s) 0.0484 | Val Loss 1.3459 | Val Acc 0.6000 | ETputs(KTEPS) 81966.78
2023-10-14 05:31:55,604 - tune.py [line:103] - INFO: Epoch 00420 | Time(s) 0.0484 | Val Loss 1.3466 | Val Acc 0.6087 | ETputs(KTEPS) 81914.51
2023-10-14 05:31:56,552 - tune.py [line:103] - INFO: Epoch 00440 | Time(s) 0.0484 | Val Loss 1.3453 | Val Acc 0.6077 | ETputs(KTEPS) 82000.59
2023-10-14 05:31:57,493 - tune.py [line:103] - INFO: Epoch 00460 | Time(s) 0.0483 | Val Loss 1.3456 | Val Acc 0.6019 | ETputs(KTEPS) 82110.61
2023-10-14 05:31:58,416 - tune.py [line:103] - INFO: Epoch 00480 | Time(s) 0.0482 | Val Loss 1.3443 | Val Acc 0.6087 | ETputs(KTEPS) 82262.95
2023-10-14 05:31:59,363 - tune.py [line:103] - INFO: Epoch 00500 | Time(s) 0.0482 | Val Loss 1.3455 | Val Acc 0.6087 | ETputs(KTEPS) 82331.92
2023-10-14 05:32:00,302 - tune.py [line:103] - INFO: Epoch 00520 | Time(s) 0.0481 | Val Loss 1.3425 | Val Acc 0.6096 | ETputs(KTEPS) 82415.50
2023-10-14 05:32:01,316 - tune.py [line:103] - INFO: Epoch 00540 | Time(s) 0.0482 | Val Loss 1.3434 | Val Acc 0.5952 | ETputs(KTEPS) 82255.65
2023-10-14 05:32:02,303 - tune.py [line:103] - INFO: Epoch 00560 | Time(s) 0.0483 | Val Loss 1.3417 | Val Acc 0.6048 | ETputs(KTEPS) 82188.17
2023-10-14 05:32:03,261 - tune.py [line:103] - INFO: Epoch 00580 | Time(s) 0.0483 | Val Loss 1.3436 | Val Acc 0.6038 | ETputs(KTEPS) 82209.81
2023-10-14 05:32:04,184 - tune.py [line:103] - INFO: Epoch 00600 | Time(s) 0.0482 | Val Loss 1.3421 | Val Acc 0.6087 | ETputs(KTEPS) 82332.58
2023-10-14 05:32:05,179 - tune.py [line:103] - INFO: Epoch 00620 | Time(s) 0.0482 | Val Loss 1.3427 | Val Acc 0.6019 | ETputs(KTEPS) 82246.96
2023-10-14 05:32:06,212 - tune.py [line:103] - INFO: Epoch 00640 | Time(s) 0.0483 | Val Loss 1.3455 | Val Acc 0.6000 | ETputs(KTEPS) 82067.91
2023-10-14 05:32:07,219 - tune.py [line:103] - INFO: Epoch 00660 | Time(s) 0.0484 | Val Loss 1.3423 | Val Acc 0.6077 | ETputs(KTEPS) 81964.87
2023-10-14 05:32:08,225 - tune.py [line:103] - INFO: Epoch 00680 | Time(s) 0.0484 | Val Loss 1.3449 | Val Acc 0.6125 | ETputs(KTEPS) 81879.71
2023-10-14 05:32:09,232 - tune.py [line:103] - INFO: Epoch 00700 | Time(s) 0.0485 | Val Loss 1.3484 | Val Acc 0.6067 | ETputs(KTEPS) 81789.03
2023-10-14 05:32:10,237 - tune.py [line:103] - INFO: Epoch 00720 | Time(s) 0.0486 | Val Loss 1.3491 | Val Acc 0.6048 | ETputs(KTEPS) 81708.23
2023-10-14 05:32:11,256 - tune.py [line:103] - INFO: Epoch 00740 | Time(s) 0.0486 | Val Loss 1.3494 | Val Acc 0.6010 | ETputs(KTEPS) 81600.17
2023-10-14 05:32:12,343 - tune.py [line:103] - INFO: Epoch 00760 | Time(s) 0.0488 | Val Loss 1.3514 | Val Acc 0.6038 | ETputs(KTEPS) 81348.98
2023-10-14 05:32:13,501 - tune.py [line:103] - INFO: Epoch 00780 | Time(s) 0.0490 | Val Loss 1.3538 | Val Acc 0.6058 | ETputs(KTEPS) 80961.88
2023-10-14 05:32:14,619 - tune.py [line:103] - INFO: Epoch 00800 | Time(s) 0.0492 | Val Loss 1.3545 | Val Acc 0.5942 | ETputs(KTEPS) 80679.97
2023-10-14 05:32:15,693 - tune.py [line:103] - INFO: Epoch 00820 | Time(s) 0.0493 | Val Loss 1.3568 | Val Acc 0.5990 | ETputs(KTEPS) 80501.28
2023-10-14 05:32:16,678 - tune.py [line:103] - INFO: Epoch 00840 | Time(s) 0.0493 | Val Loss 1.3541 | Val Acc 0.5990 | ETputs(KTEPS) 80502.19
2023-10-14 05:32:17,781 - tune.py [line:103] - INFO: Epoch 00860 | Time(s) 0.0494 | Val Loss 1.3590 | Val Acc 0.5923 | ETputs(KTEPS) 80282.52
2023-10-14 05:32:18,845 - tune.py [line:103] - INFO: Epoch 00880 | Time(s) 0.0495 | Val Loss 1.3663 | Val Acc 0.5942 | ETputs(KTEPS) 80144.67
2023-10-14 05:32:20,002 - tune.py [line:103] - INFO: Epoch 00900 | Time(s) 0.0497 | Val Loss 1.3597 | Val Acc 0.5942 | ETputs(KTEPS) 79846.94
2023-10-14 05:32:21,142 - tune.py [line:103] - INFO: Epoch 00920 | Time(s) 0.0498 | Val Loss 1.3631 | Val Acc 0.5971 | ETputs(KTEPS) 79592.88
2023-10-14 05:32:22,236 - tune.py [line:103] - INFO: Epoch 00940 | Time(s) 0.0499 | Val Loss 1.3623 | Val Acc 0.6077 | ETputs(KTEPS) 79429.24
2023-10-14 05:32:23,257 - tune.py [line:103] - INFO: Epoch 00960 | Time(s) 0.0500 | Val Loss 1.3644 | Val Acc 0.6038 | ETputs(KTEPS) 79394.00
2023-10-14 05:32:23,720 - tune.py [line:117] - INFO: [FINAL MODEL] Val accuracy 61.92% \Val loss: 1.3
2023-10-14 05:32:23,731 - tune.py [line:119] - INFO: [FINAL MODEL] Test accuracy 61.96% \Test loss: 1.3
2023-10-14 05:32:23,731 - tune.py [line:144] - INFO: Acc on the first split (Validation Set): 0.6192
2023-10-14 05:32:23,731 - tune.py [line:145] - INFO: Acc on the first split (Test Set): 0.6196
