2023-10-14 05:35:07,758 - tune.py [line:203] - INFO: Namespace(seed=42, model='NormalNNV2', gpu=1, dataset='geom-squirrel', logging=True, log_detail=True, log_detailedCh=False, id_log=1013014504, optuna_n_trials=202, n_epochs=2000, self_loop=False, udgraph=True, early_stop=True, patience=300, n_hidden=64, n_cv=1, start_cv=0, n_layers=16, lr1=0.05, lr2=0.04, wd1=1e-08, wd2=0.0001, dropout=0.2, dropout2=0.2, es_ckpt='woselfloop-geom-squirrel_NormalNNV2-wonoise-geom-squirrel_trialNo78')
2023-10-14 05:35:10,335 - tune.py [line:128] - INFO: Split_seeds:[1824]
2023-10-14 05:35:10,335 - tune.py [line:129] - INFO: Model_seeds:[409]
2023-10-14 05:35:11,371 - tune.py [line:103] - INFO: Epoch 00020 | Time(s) 0.0499 | Val Loss 1.5907 | Val Acc 0.4538 | ETputs(KTEPS) 79428.96
2023-10-14 05:35:12,510 - tune.py [line:103] - INFO: Epoch 00040 | Time(s) 0.0527 | Val Loss 1.5592 | Val Acc 0.5125 | ETputs(KTEPS) 75212.08
2023-10-14 05:35:13,542 - tune.py [line:103] - INFO: Epoch 00060 | Time(s) 0.0522 | Val Loss 1.5274 | Val Acc 0.5240 | ETputs(KTEPS) 76013.29
2023-10-14 05:35:14,539 - tune.py [line:103] - INFO: Epoch 00080 | Time(s) 0.0515 | Val Loss 1.5049 | Val Acc 0.5356 | ETputs(KTEPS) 76960.61
2023-10-14 05:35:15,534 - tune.py [line:103] - INFO: Epoch 00100 | Time(s) 0.0511 | Val Loss 1.4763 | Val Acc 0.5462 | ETputs(KTEPS) 77596.81
2023-10-14 05:35:16,533 - tune.py [line:103] - INFO: Epoch 00120 | Time(s) 0.0509 | Val Loss 1.4537 | Val Acc 0.5558 | ETputs(KTEPS) 78002.32
2023-10-14 05:35:17,544 - tune.py [line:103] - INFO: Epoch 00140 | Time(s) 0.0508 | Val Loss 1.4350 | Val Acc 0.5587 | ETputs(KTEPS) 78078.72
2023-10-14 05:35:18,490 - tune.py [line:103] - INFO: Epoch 00160 | Time(s) 0.0503 | Val Loss 1.4141 | Val Acc 0.5606 | ETputs(KTEPS) 78821.12
2023-10-14 05:35:19,434 - tune.py [line:103] - INFO: Epoch 00180 | Time(s) 0.0500 | Val Loss 1.4011 | Val Acc 0.5702 | ETputs(KTEPS) 79367.45
2023-10-14 05:35:20,396 - tune.py [line:103] - INFO: Epoch 00200 | Time(s) 0.0498 | Val Loss 1.3957 | Val Acc 0.5721 | ETputs(KTEPS) 79674.34
2023-10-14 05:35:21,373 - tune.py [line:103] - INFO: Epoch 00220 | Time(s) 0.0497 | Val Loss 1.3781 | Val Acc 0.5808 | ETputs(KTEPS) 79831.55
2023-10-14 05:35:22,472 - tune.py [line:103] - INFO: Epoch 00240 | Time(s) 0.0501 | Val Loss 1.3728 | Val Acc 0.5625 | ETputs(KTEPS) 79133.94
2023-10-14 05:35:23,600 - tune.py [line:103] - INFO: Epoch 00260 | Time(s) 0.0506 | Val Loss 1.3661 | Val Acc 0.5702 | ETputs(KTEPS) 78383.31
2023-10-14 05:35:24,553 - tune.py [line:103] - INFO: Epoch 00280 | Time(s) 0.0504 | Val Loss 1.3577 | Val Acc 0.5808 | ETputs(KTEPS) 78739.77
2023-10-14 05:35:25,508 - tune.py [line:103] - INFO: Epoch 00300 | Time(s) 0.0502 | Val Loss 1.3523 | Val Acc 0.5740 | ETputs(KTEPS) 79018.07
2023-10-14 05:35:26,460 - tune.py [line:103] - INFO: Epoch 00320 | Time(s) 0.0500 | Val Loss 1.3483 | Val Acc 0.5875 | ETputs(KTEPS) 79306.59
2023-10-14 05:35:27,472 - tune.py [line:103] - INFO: Epoch 00340 | Time(s) 0.0501 | Val Loss 1.3440 | Val Acc 0.5769 | ETputs(KTEPS) 79256.27
2023-10-14 05:35:28,553 - tune.py [line:103] - INFO: Epoch 00360 | Time(s) 0.0503 | Val Loss 1.3435 | Val Acc 0.5827 | ETputs(KTEPS) 78909.76
2023-10-14 05:35:29,685 - tune.py [line:103] - INFO: Epoch 00380 | Time(s) 0.0506 | Val Loss 1.3436 | Val Acc 0.5875 | ETputs(KTEPS) 78395.48
2023-10-14 05:35:30,847 - tune.py [line:103] - INFO: Epoch 00400 | Time(s) 0.0510 | Val Loss 1.3357 | Val Acc 0.5808 | ETputs(KTEPS) 77848.80
2023-10-14 05:35:31,943 - tune.py [line:103] - INFO: Epoch 00420 | Time(s) 0.0511 | Val Loss 1.3370 | Val Acc 0.5837 | ETputs(KTEPS) 77571.11
2023-10-14 05:35:32,896 - tune.py [line:103] - INFO: Epoch 00440 | Time(s) 0.0510 | Val Loss 1.3330 | Val Acc 0.5865 | ETputs(KTEPS) 77815.48
2023-10-14 05:35:33,884 - tune.py [line:103] - INFO: Epoch 00460 | Time(s) 0.0509 | Val Loss 1.3298 | Val Acc 0.5875 | ETputs(KTEPS) 77919.26
2023-10-14 05:35:34,890 - tune.py [line:103] - INFO: Epoch 00480 | Time(s) 0.0509 | Val Loss 1.3279 | Val Acc 0.5875 | ETputs(KTEPS) 77969.53
2023-10-14 05:35:35,950 - tune.py [line:103] - INFO: Epoch 00500 | Time(s) 0.0510 | Val Loss 1.3668 | Val Acc 0.5625 | ETputs(KTEPS) 77839.67
2023-10-14 05:35:36,863 - tune.py [line:103] - INFO: Epoch 00520 | Time(s) 0.0508 | Val Loss 1.3335 | Val Acc 0.5875 | ETputs(KTEPS) 78156.15
2023-10-14 05:35:37,676 - tune.py [line:103] - INFO: Epoch 00540 | Time(s) 0.0504 | Val Loss 1.3292 | Val Acc 0.6000 | ETputs(KTEPS) 78744.45
2023-10-14 05:35:38,476 - tune.py [line:103] - INFO: Epoch 00560 | Time(s) 0.0500 | Val Loss 1.3251 | Val Acc 0.5952 | ETputs(KTEPS) 79340.60
2023-10-14 05:35:39,438 - tune.py [line:103] - INFO: Epoch 00580 | Time(s) 0.0499 | Val Loss 1.3247 | Val Acc 0.6058 | ETputs(KTEPS) 79445.28
2023-10-14 05:35:40,447 - tune.py [line:103] - INFO: Epoch 00600 | Time(s) 0.0499 | Val Loss 1.3233 | Val Acc 0.6010 | ETputs(KTEPS) 79425.77
2023-10-14 05:35:41,504 - tune.py [line:103] - INFO: Epoch 00620 | Time(s) 0.0500 | Val Loss 1.3216 | Val Acc 0.5990 | ETputs(KTEPS) 79293.99
2023-10-14 05:35:42,540 - tune.py [line:103] - INFO: Epoch 00640 | Time(s) 0.0501 | Val Loss 1.3211 | Val Acc 0.6029 | ETputs(KTEPS) 79212.98
2023-10-14 05:35:43,547 - tune.py [line:103] - INFO: Epoch 00660 | Time(s) 0.0501 | Val Loss 1.3185 | Val Acc 0.6106 | ETputs(KTEPS) 79200.54
2023-10-14 05:35:44,574 - tune.py [line:103] - INFO: Epoch 00680 | Time(s) 0.0501 | Val Loss 1.3234 | Val Acc 0.5971 | ETputs(KTEPS) 79149.99
2023-10-14 05:35:45,591 - tune.py [line:103] - INFO: Epoch 00700 | Time(s) 0.0501 | Val Loss 1.3183 | Val Acc 0.6048 | ETputs(KTEPS) 79117.41
2023-10-14 05:35:46,587 - tune.py [line:103] - INFO: Epoch 00720 | Time(s) 0.0501 | Val Loss 1.3223 | Val Acc 0.6029 | ETputs(KTEPS) 79133.73
2023-10-14 05:35:47,605 - tune.py [line:103] - INFO: Epoch 00740 | Time(s) 0.0501 | Val Loss 1.3218 | Val Acc 0.6087 | ETputs(KTEPS) 79106.77
2023-10-14 05:35:48,622 - tune.py [line:103] - INFO: Epoch 00760 | Time(s) 0.0502 | Val Loss 1.3213 | Val Acc 0.6135 | ETputs(KTEPS) 79093.02
2023-10-14 05:35:49,632 - tune.py [line:103] - INFO: Epoch 00780 | Time(s) 0.0502 | Val Loss 1.3247 | Val Acc 0.6096 | ETputs(KTEPS) 79078.67
2023-10-14 05:35:50,725 - tune.py [line:103] - INFO: Epoch 00800 | Time(s) 0.0503 | Val Loss 1.3243 | Val Acc 0.6125 | ETputs(KTEPS) 78904.17
2023-10-14 05:35:51,813 - tune.py [line:103] - INFO: Epoch 00820 | Time(s) 0.0504 | Val Loss 1.3284 | Val Acc 0.6135 | ETputs(KTEPS) 78748.64
2023-10-14 05:35:52,774 - tune.py [line:103] - INFO: Epoch 00840 | Time(s) 0.0503 | Val Loss 1.3271 | Val Acc 0.6096 | ETputs(KTEPS) 78836.30
2023-10-14 05:35:53,764 - tune.py [line:103] - INFO: Epoch 00860 | Time(s) 0.0503 | Val Loss 1.3302 | Val Acc 0.6106 | ETputs(KTEPS) 78866.67
2023-10-14 05:35:54,863 - tune.py [line:103] - INFO: Epoch 00880 | Time(s) 0.0504 | Val Loss 1.3350 | Val Acc 0.6096 | ETputs(KTEPS) 78702.86
2023-10-14 05:35:55,934 - tune.py [line:103] - INFO: Epoch 00900 | Time(s) 0.0505 | Val Loss 1.3377 | Val Acc 0.6163 | ETputs(KTEPS) 78594.88
2023-10-14 05:35:56,963 - tune.py [line:103] - INFO: Epoch 00920 | Time(s) 0.0505 | Val Loss 1.3420 | Val Acc 0.6125 | ETputs(KTEPS) 78562.41
2023-10-14 05:35:57,972 - tune.py [line:103] - INFO: Epoch 00940 | Time(s) 0.0505 | Val Loss 1.3465 | Val Acc 0.6144 | ETputs(KTEPS) 78565.57
2023-10-14 05:35:58,998 - tune.py [line:103] - INFO: Epoch 00960 | Time(s) 0.0505 | Val Loss 1.3511 | Val Acc 0.6067 | ETputs(KTEPS) 78540.32
2023-10-14 05:36:00,039 - tune.py [line:103] - INFO: Epoch 00980 | Time(s) 0.0505 | Val Loss 1.3558 | Val Acc 0.6135 | ETputs(KTEPS) 78492.08
2023-10-14 05:36:01,039 - tune.py [line:103] - INFO: Epoch 01000 | Time(s) 0.0505 | Val Loss 1.3641 | Val Acc 0.5923 | ETputs(KTEPS) 78511.12
2023-10-14 05:36:02,040 - tune.py [line:103] - INFO: Epoch 01020 | Time(s) 0.0505 | Val Loss 1.3669 | Val Acc 0.5962 | ETputs(KTEPS) 78526.17
2023-10-14 05:36:02,994 - tune.py [line:103] - INFO: Epoch 01040 | Time(s) 0.0505 | Val Loss 1.3702 | Val Acc 0.5990 | ETputs(KTEPS) 78610.95
2023-10-14 05:36:03,757 - tune.py [line:117] - INFO: [FINAL MODEL] Val accuracy 62.50% \Val loss: 1.3
2023-10-14 05:36:03,767 - tune.py [line:119] - INFO: [FINAL MODEL] Test accuracy 62.15% \Test loss: 1.3
2023-10-14 05:36:03,768 - tune.py [line:144] - INFO: Acc on the first split (Validation Set): 0.6250
2023-10-14 05:36:03,768 - tune.py [line:145] - INFO: Acc on the first split (Test Set): 0.6215
