2023-10-14 05:58:20,243 - tune.py [line:203] - INFO: Namespace(seed=42, model='NormalNNV2', gpu=1, dataset='geom-squirrel', logging=True, log_detail=True, log_detailedCh=False, id_log=1013014504, optuna_n_trials=202, n_epochs=2000, self_loop=False, udgraph=True, early_stop=True, patience=300, n_hidden=64, n_cv=1, start_cv=0, n_layers=16, lr1=0.04, lr2=0.04, wd1=1e-06, wd2=0.0001, dropout=0.1, dropout2=0.2, es_ckpt='woselfloop-geom-squirrel_NormalNNV2-wonoise-geom-squirrel_trialNo173')
2023-10-14 05:58:22,724 - tune.py [line:128] - INFO: Split_seeds:[1824]
2023-10-14 05:58:22,724 - tune.py [line:129] - INFO: Model_seeds:[409]
2023-10-14 05:58:23,724 - tune.py [line:103] - INFO: Epoch 00020 | Time(s) 0.0480 | Val Loss 1.5887 | Val Acc 0.4942 | ETputs(KTEPS) 82646.36
2023-10-14 05:58:24,694 - tune.py [line:103] - INFO: Epoch 00040 | Time(s) 0.0479 | Val Loss 1.5566 | Val Acc 0.5375 | ETputs(KTEPS) 82856.92
2023-10-14 05:58:25,663 - tune.py [line:103] - INFO: Epoch 00060 | Time(s) 0.0480 | Val Loss 1.5232 | Val Acc 0.5654 | ETputs(KTEPS) 82710.98
2023-10-14 05:58:26,604 - tune.py [line:103] - INFO: Epoch 00080 | Time(s) 0.0477 | Val Loss 1.4948 | Val Acc 0.5538 | ETputs(KTEPS) 83113.67
2023-10-14 05:58:27,564 - tune.py [line:103] - INFO: Epoch 00100 | Time(s) 0.0478 | Val Loss 1.4726 | Val Acc 0.5510 | ETputs(KTEPS) 83036.81
2023-10-14 05:58:28,584 - tune.py [line:103] - INFO: Epoch 00120 | Time(s) 0.0483 | Val Loss 1.4512 | Val Acc 0.5433 | ETputs(KTEPS) 82169.74
2023-10-14 05:58:29,591 - tune.py [line:103] - INFO: Epoch 00140 | Time(s) 0.0485 | Val Loss 1.4291 | Val Acc 0.5904 | ETputs(KTEPS) 81764.53
2023-10-14 05:58:30,599 - tune.py [line:103] - INFO: Epoch 00160 | Time(s) 0.0488 | Val Loss 1.4119 | Val Acc 0.5692 | ETputs(KTEPS) 81372.49
2023-10-14 05:58:31,595 - tune.py [line:103] - INFO: Epoch 00180 | Time(s) 0.0489 | Val Loss 1.4082 | Val Acc 0.5673 | ETputs(KTEPS) 81179.22
2023-10-14 05:58:32,591 - tune.py [line:103] - INFO: Epoch 00200 | Time(s) 0.0490 | Val Loss 1.3813 | Val Acc 0.5808 | ETputs(KTEPS) 81031.45
2023-10-14 05:58:33,595 - tune.py [line:103] - INFO: Epoch 00220 | Time(s) 0.0491 | Val Loss 1.3735 | Val Acc 0.5971 | ETputs(KTEPS) 80844.96
2023-10-14 05:58:34,595 - tune.py [line:103] - INFO: Epoch 00240 | Time(s) 0.0491 | Val Loss 1.3629 | Val Acc 0.5990 | ETputs(KTEPS) 80751.00
2023-10-14 05:58:35,633 - tune.py [line:103] - INFO: Epoch 00260 | Time(s) 0.0493 | Val Loss 1.3578 | Val Acc 0.5865 | ETputs(KTEPS) 80403.73
2023-10-14 05:58:36,664 - tune.py [line:103] - INFO: Epoch 00280 | Time(s) 0.0495 | Val Loss 1.3437 | Val Acc 0.6000 | ETputs(KTEPS) 80182.73
2023-10-14 05:58:37,705 - tune.py [line:103] - INFO: Epoch 00300 | Time(s) 0.0496 | Val Loss 1.3432 | Val Acc 0.6048 | ETputs(KTEPS) 79929.73
2023-10-14 05:58:38,750 - tune.py [line:103] - INFO: Epoch 00320 | Time(s) 0.0498 | Val Loss 1.3355 | Val Acc 0.6125 | ETputs(KTEPS) 79669.61
2023-10-14 05:58:39,806 - tune.py [line:103] - INFO: Epoch 00340 | Time(s) 0.0500 | Val Loss 1.3313 | Val Acc 0.6067 | ETputs(KTEPS) 79390.21
2023-10-14 05:58:40,879 - tune.py [line:103] - INFO: Epoch 00360 | Time(s) 0.0502 | Val Loss 1.3315 | Val Acc 0.6029 | ETputs(KTEPS) 79068.76
2023-10-14 05:58:41,981 - tune.py [line:103] - INFO: Epoch 00380 | Time(s) 0.0504 | Val Loss 1.3255 | Val Acc 0.6029 | ETputs(KTEPS) 78664.54
2023-10-14 05:58:43,022 - tune.py [line:103] - INFO: Epoch 00400 | Time(s) 0.0505 | Val Loss 1.3238 | Val Acc 0.6048 | ETputs(KTEPS) 78543.11
2023-10-14 05:58:44,083 - tune.py [line:103] - INFO: Epoch 00420 | Time(s) 0.0506 | Val Loss 1.3231 | Val Acc 0.6048 | ETputs(KTEPS) 78358.47
2023-10-14 05:58:45,146 - tune.py [line:103] - INFO: Epoch 00440 | Time(s) 0.0507 | Val Loss 1.3217 | Val Acc 0.6106 | ETputs(KTEPS) 78183.56
2023-10-14 05:58:46,103 - tune.py [line:103] - INFO: Epoch 00460 | Time(s) 0.0506 | Val Loss 1.3241 | Val Acc 0.6000 | ETputs(KTEPS) 78380.57
2023-10-14 05:58:47,030 - tune.py [line:103] - INFO: Epoch 00480 | Time(s) 0.0504 | Val Loss 1.3205 | Val Acc 0.6183 | ETputs(KTEPS) 78655.06
2023-10-14 05:58:47,975 - tune.py [line:103] - INFO: Epoch 00500 | Time(s) 0.0503 | Val Loss 1.3237 | Val Acc 0.6115 | ETputs(KTEPS) 78869.80
2023-10-14 05:58:48,912 - tune.py [line:103] - INFO: Epoch 00520 | Time(s) 0.0502 | Val Loss 1.3190 | Val Acc 0.6135 | ETputs(KTEPS) 79078.90
2023-10-14 05:58:49,848 - tune.py [line:103] - INFO: Epoch 00540 | Time(s) 0.0500 | Val Loss 1.3184 | Val Acc 0.6202 | ETputs(KTEPS) 79278.24
2023-10-14 05:58:50,774 - tune.py [line:103] - INFO: Epoch 00560 | Time(s) 0.0499 | Val Loss 1.3579 | Val Acc 0.5808 | ETputs(KTEPS) 79490.33
2023-10-14 05:58:51,707 - tune.py [line:103] - INFO: Epoch 00580 | Time(s) 0.0498 | Val Loss 1.3357 | Val Acc 0.5952 | ETputs(KTEPS) 79670.53
2023-10-14 05:58:52,621 - tune.py [line:103] - INFO: Epoch 00600 | Time(s) 0.0497 | Val Loss 1.3289 | Val Acc 0.6144 | ETputs(KTEPS) 79890.94
2023-10-14 05:58:53,541 - tune.py [line:103] - INFO: Epoch 00620 | Time(s) 0.0495 | Val Loss 1.3298 | Val Acc 0.6192 | ETputs(KTEPS) 80082.73
2023-10-14 05:58:54,487 - tune.py [line:103] - INFO: Epoch 00640 | Time(s) 0.0495 | Val Loss 1.3319 | Val Acc 0.6096 | ETputs(KTEPS) 80195.80
2023-10-14 05:58:55,400 - tune.py [line:103] - INFO: Epoch 00660 | Time(s) 0.0493 | Val Loss 1.3348 | Val Acc 0.6000 | ETputs(KTEPS) 80386.29
2023-10-14 05:58:56,317 - tune.py [line:103] - INFO: Epoch 00680 | Time(s) 0.0492 | Val Loss 1.3328 | Val Acc 0.6087 | ETputs(KTEPS) 80555.33
2023-10-14 05:58:57,241 - tune.py [line:103] - INFO: Epoch 00700 | Time(s) 0.0492 | Val Loss 1.3434 | Val Acc 0.6058 | ETputs(KTEPS) 80698.79
2023-10-14 05:58:58,170 - tune.py [line:103] - INFO: Epoch 00720 | Time(s) 0.0491 | Val Loss 1.3488 | Val Acc 0.6087 | ETputs(KTEPS) 80823.56
2023-10-14 05:58:59,103 - tune.py [line:103] - INFO: Epoch 00740 | Time(s) 0.0490 | Val Loss 1.3531 | Val Acc 0.6000 | ETputs(KTEPS) 80932.78
2023-10-14 05:59:00,017 - tune.py [line:103] - INFO: Epoch 00760 | Time(s) 0.0489 | Val Loss 1.3591 | Val Acc 0.6144 | ETputs(KTEPS) 81078.57
2023-10-14 05:59:00,952 - tune.py [line:103] - INFO: Epoch 00780 | Time(s) 0.0489 | Val Loss 1.3677 | Val Acc 0.5971 | ETputs(KTEPS) 81171.47
2023-10-14 05:59:01,333 - tune.py [line:117] - INFO: [FINAL MODEL] Val accuracy 62.40% \Val loss: 1.3
2023-10-14 05:59:01,343 - tune.py [line:119] - INFO: [FINAL MODEL] Test accuracy 62.15% \Test loss: 1.3
2023-10-14 05:59:01,344 - tune.py [line:144] - INFO: Acc on the first split (Validation Set): 0.6240
2023-10-14 05:59:01,344 - tune.py [line:145] - INFO: Acc on the first split (Test Set): 0.6215
