2023-10-14 05:04:59,173 - tune.py [line:203] - INFO: Namespace(seed=42, model='NormalNNV2', gpu=1, dataset='geom-squirrel', logging=True, log_detail=True, log_detailedCh=False, id_log=1013014504, optuna_n_trials=202, n_epochs=2000, self_loop=False, udgraph=True, early_stop=True, patience=300, n_hidden=64, n_cv=1, start_cv=0, n_layers=20, lr1=0.05, lr2=0.03, wd1=1e-08, wd2=1e-07, dropout=0.4, dropout2=0.4, es_ckpt='woselfloop-geom-squirrel_NormalNNV2-wonoise-geom-squirrel_trialNo11')
2023-10-14 05:05:01,956 - tune.py [line:128] - INFO: Split_seeds:[1824]
2023-10-14 05:05:01,956 - tune.py [line:129] - INFO: Model_seeds:[409]
2023-10-14 05:05:03,811 - tune.py [line:103] - INFO: Epoch 00020 | Time(s) 0.0897 | Val Loss 1.5930 | Val Acc 0.4337 | ETputs(KTEPS) 44213.91
2023-10-14 05:05:05,734 - tune.py [line:103] - INFO: Epoch 00040 | Time(s) 0.0919 | Val Loss 1.5703 | Val Acc 0.4885 | ETputs(KTEPS) 43177.71
2023-10-14 05:05:07,448 - tune.py [line:103] - INFO: Epoch 00060 | Time(s) 0.0896 | Val Loss 1.5453 | Val Acc 0.5077 | ETputs(KTEPS) 44286.60
2023-10-14 05:05:09,226 - tune.py [line:103] - INFO: Epoch 00080 | Time(s) 0.0893 | Val Loss 1.5209 | Val Acc 0.5260 | ETputs(KTEPS) 44446.01
2023-10-14 05:05:11,029 - tune.py [line:103] - INFO: Epoch 00100 | Time(s) 0.0894 | Val Loss 1.5004 | Val Acc 0.5221 | ETputs(KTEPS) 44358.05
2023-10-14 05:05:12,951 - tune.py [line:103] - INFO: Epoch 00120 | Time(s) 0.0905 | Val Loss 1.4740 | Val Acc 0.5346 | ETputs(KTEPS) 43843.02
2023-10-14 05:05:14,792 - tune.py [line:103] - INFO: Epoch 00140 | Time(s) 0.0907 | Val Loss 1.4543 | Val Acc 0.5308 | ETputs(KTEPS) 43755.57
2023-10-14 05:05:16,723 - tune.py [line:103] - INFO: Epoch 00160 | Time(s) 0.0914 | Val Loss 1.4377 | Val Acc 0.5202 | ETputs(KTEPS) 43405.45
2023-10-14 05:05:18,615 - tune.py [line:103] - INFO: Epoch 00180 | Time(s) 0.0917 | Val Loss 1.4173 | Val Acc 0.5365 | ETputs(KTEPS) 43250.21
2023-10-14 05:05:20,400 - tune.py [line:103] - INFO: Epoch 00200 | Time(s) 0.0914 | Val Loss 1.3948 | Val Acc 0.5385 | ETputs(KTEPS) 43392.31
2023-10-14 05:05:22,266 - tune.py [line:103] - INFO: Epoch 00220 | Time(s) 0.0916 | Val Loss 1.3812 | Val Acc 0.5346 | ETputs(KTEPS) 43314.51
2023-10-14 05:05:24,079 - tune.py [line:103] - INFO: Epoch 00240 | Time(s) 0.0915 | Val Loss 1.3655 | Val Acc 0.5346 | ETputs(KTEPS) 43352.60
2023-10-14 05:05:25,771 - tune.py [line:103] - INFO: Epoch 00260 | Time(s) 0.0910 | Val Loss 1.3564 | Val Acc 0.5433 | ETputs(KTEPS) 43606.46
2023-10-14 05:05:27,538 - tune.py [line:103] - INFO: Epoch 00280 | Time(s) 0.0908 | Val Loss 1.3404 | Val Acc 0.5500 | ETputs(KTEPS) 43697.38
2023-10-14 05:05:29,351 - tune.py [line:103] - INFO: Epoch 00300 | Time(s) 0.0907 | Val Loss 1.3304 | Val Acc 0.5519 | ETputs(KTEPS) 43714.30
2023-10-14 05:05:31,240 - tune.py [line:103] - INFO: Epoch 00320 | Time(s) 0.0910 | Val Loss 1.3275 | Val Acc 0.5346 | ETputs(KTEPS) 43605.34
2023-10-14 05:05:33,048 - tune.py [line:103] - INFO: Epoch 00340 | Time(s) 0.0909 | Val Loss 1.3153 | Val Acc 0.5481 | ETputs(KTEPS) 43622.02
2023-10-14 05:05:34,833 - tune.py [line:103] - INFO: Epoch 00360 | Time(s) 0.0908 | Val Loss 1.2986 | Val Acc 0.5452 | ETputs(KTEPS) 43667.81
2023-10-14 05:05:36,638 - tune.py [line:103] - INFO: Epoch 00380 | Time(s) 0.0908 | Val Loss 1.2882 | Val Acc 0.5500 | ETputs(KTEPS) 43694.37
2023-10-14 05:05:38,485 - tune.py [line:103] - INFO: Epoch 00400 | Time(s) 0.0909 | Val Loss 1.2843 | Val Acc 0.5500 | ETputs(KTEPS) 43658.29
2023-10-14 05:05:40,231 - tune.py [line:103] - INFO: Epoch 00420 | Time(s) 0.0907 | Val Loss 1.2779 | Val Acc 0.5510 | ETputs(KTEPS) 43740.56
2023-10-14 05:05:42,049 - tune.py [line:103] - INFO: Epoch 00440 | Time(s) 0.0907 | Val Loss 1.2713 | Val Acc 0.5635 | ETputs(KTEPS) 43745.05
2023-10-14 05:05:43,940 - tune.py [line:103] - INFO: Epoch 00460 | Time(s) 0.0909 | Val Loss 1.2690 | Val Acc 0.5577 | ETputs(KTEPS) 43664.47
2023-10-14 05:05:45,694 - tune.py [line:103] - INFO: Epoch 00480 | Time(s) 0.0907 | Val Loss 1.2610 | Val Acc 0.5596 | ETputs(KTEPS) 43728.57
2023-10-14 05:05:47,339 - tune.py [line:103] - INFO: Epoch 00500 | Time(s) 0.0904 | Val Loss 1.2616 | Val Acc 0.5567 | ETputs(KTEPS) 43893.10
2023-10-14 05:05:49,070 - tune.py [line:103] - INFO: Epoch 00520 | Time(s) 0.0902 | Val Loss 1.2557 | Val Acc 0.5577 | ETputs(KTEPS) 43965.90
2023-10-14 05:05:50,435 - tune.py [line:103] - INFO: Epoch 00540 | Time(s) 0.0894 | Val Loss 1.2546 | Val Acc 0.5500 | ETputs(KTEPS) 44366.42
2023-10-14 05:05:51,778 - tune.py [line:103] - INFO: Epoch 00560 | Time(s) 0.0886 | Val Loss 1.2502 | Val Acc 0.5587 | ETputs(KTEPS) 44766.17
2023-10-14 05:05:53,453 - tune.py [line:103] - INFO: Epoch 00580 | Time(s) 0.0884 | Val Loss 1.2426 | Val Acc 0.5558 | ETputs(KTEPS) 44858.96
2023-10-14 05:05:55,207 - tune.py [line:103] - INFO: Epoch 00600 | Time(s) 0.0884 | Val Loss 1.2389 | Val Acc 0.5615 | ETputs(KTEPS) 44871.90
2023-10-14 05:05:56,893 - tune.py [line:103] - INFO: Epoch 00620 | Time(s) 0.0883 | Val Loss 1.2362 | Val Acc 0.5654 | ETputs(KTEPS) 44940.25
2023-10-14 05:05:58,814 - tune.py [line:103] - INFO: Epoch 00640 | Time(s) 0.0885 | Val Loss 1.2353 | Val Acc 0.5548 | ETputs(KTEPS) 44823.11
2023-10-14 05:06:00,612 - tune.py [line:103] - INFO: Epoch 00660 | Time(s) 0.0885 | Val Loss 1.2307 | Val Acc 0.5577 | ETputs(KTEPS) 44802.68
2023-10-14 05:06:02,296 - tune.py [line:103] - INFO: Epoch 00680 | Time(s) 0.0884 | Val Loss 1.2293 | Val Acc 0.5654 | ETputs(KTEPS) 44867.47
2023-10-14 05:06:04,097 - tune.py [line:103] - INFO: Epoch 00700 | Time(s) 0.0885 | Val Loss 1.2282 | Val Acc 0.5567 | ETputs(KTEPS) 44844.79
2023-10-14 05:06:05,831 - tune.py [line:103] - INFO: Epoch 00720 | Time(s) 0.0884 | Val Loss 1.2185 | Val Acc 0.5615 | ETputs(KTEPS) 44870.47
2023-10-14 05:06:07,606 - tune.py [line:103] - INFO: Epoch 00740 | Time(s) 0.0884 | Val Loss 1.2181 | Val Acc 0.5625 | ETputs(KTEPS) 44866.11
2023-10-14 05:06:09,375 - tune.py [line:103] - INFO: Epoch 00760 | Time(s) 0.0884 | Val Loss 1.2230 | Val Acc 0.5625 | ETputs(KTEPS) 44866.45
2023-10-14 05:06:11,149 - tune.py [line:103] - INFO: Epoch 00780 | Time(s) 0.0884 | Val Loss 1.2484 | Val Acc 0.5510 | ETputs(KTEPS) 44863.50
2023-10-14 05:06:12,903 - tune.py [line:103] - INFO: Epoch 00800 | Time(s) 0.0884 | Val Loss 1.2266 | Val Acc 0.5587 | ETputs(KTEPS) 44872.95
2023-10-14 05:06:14,754 - tune.py [line:103] - INFO: Epoch 00820 | Time(s) 0.0885 | Val Loss 1.2306 | Val Acc 0.5567 | ETputs(KTEPS) 44822.66
2023-10-14 05:06:16,393 - tune.py [line:103] - INFO: Epoch 00840 | Time(s) 0.0883 | Val Loss 1.2263 | Val Acc 0.5635 | ETputs(KTEPS) 44902.35
2023-10-14 05:06:18,176 - tune.py [line:103] - INFO: Epoch 00860 | Time(s) 0.0884 | Val Loss 1.2245 | Val Acc 0.5644 | ETputs(KTEPS) 44893.25
2023-10-14 05:06:19,840 - tune.py [line:103] - INFO: Epoch 00880 | Time(s) 0.0882 | Val Loss 1.2314 | Val Acc 0.5558 | ETputs(KTEPS) 44953.56
2023-10-14 05:06:21,631 - tune.py [line:103] - INFO: Epoch 00900 | Time(s) 0.0883 | Val Loss 1.2231 | Val Acc 0.5596 | ETputs(KTEPS) 44939.34
2023-10-14 05:06:23,314 - tune.py [line:103] - INFO: Epoch 00920 | Time(s) 0.0882 | Val Loss 1.2244 | Val Acc 0.5673 | ETputs(KTEPS) 44985.30
2023-10-14 05:06:24,737 - tune.py [line:117] - INFO: [FINAL MODEL] Val accuracy 57.21% \Val loss: 1.2
2023-10-14 05:06:24,767 - tune.py [line:119] - INFO: [FINAL MODEL] Test accuracy 56.77% \Test loss: 1.2
2023-10-14 05:06:24,768 - tune.py [line:144] - INFO: Acc on the first split (Validation Set): 0.5721
2023-10-14 05:06:24,768 - tune.py [line:145] - INFO: Acc on the first split (Test Set): 0.5677
