2023-10-13 23:05:46,874 - tune.py [line:203] - INFO: Namespace(seed=42, model='NormalNN', gpu=0, dataset='genius', logging=True, log_detail=True, log_detailedCh=False, id_log=1013014501, optuna_n_trials=202, n_epochs=2000, self_loop=False, udgraph=True, early_stop=True, patience=300, n_hidden=64, n_cv=1, start_cv=0, n_layers=4, lr1=0.05, lr2=0.02, wd1=1e-07, wd2=1e-08, dropout=0.0, dropout2=0.4, es_ckpt='chipLogSoftmax-genius_NormalNN-genius_trialNo109')
2023-10-13 23:05:47,136 - tune.py [line:128] - INFO: Split_seeds:[1824]
2023-10-13 23:05:47,136 - tune.py [line:129] - INFO: Model_seeds:[409]
2023-10-13 23:05:56,980 - tune.py [line:103] - INFO: Epoch 00020 | Time(s) 0.4800 | Val Loss 0.5141 | Val Acc 0.8399 | ETputs(KTEPS) 38452.75
2023-10-13 23:06:06,605 - tune.py [line:103] - INFO: Epoch 00040 | Time(s) 0.4801 | Val Loss 0.4812 | Val Acc 0.8549 | ETputs(KTEPS) 38442.11
2023-10-13 23:06:16,184 - tune.py [line:103] - INFO: Epoch 00060 | Time(s) 0.4794 | Val Loss 0.4569 | Val Acc 0.8856 | ETputs(KTEPS) 38502.02
2023-10-13 23:06:25,685 - tune.py [line:103] - INFO: Epoch 00080 | Time(s) 0.4783 | Val Loss 0.4314 | Val Acc 0.8838 | ETputs(KTEPS) 38589.49
2023-10-13 23:06:35,193 - tune.py [line:103] - INFO: Epoch 00100 | Time(s) 0.4777 | Val Loss 0.4135 | Val Acc 0.8857 | ETputs(KTEPS) 38637.02
2023-10-13 23:06:45,073 - tune.py [line:103] - INFO: Epoch 00120 | Time(s) 0.4804 | Val Loss 0.3973 | Val Acc 0.8860 | ETputs(KTEPS) 38423.02
2023-10-13 23:06:54,932 - tune.py [line:103] - INFO: Epoch 00140 | Time(s) 0.4822 | Val Loss 0.3822 | Val Acc 0.8848 | ETputs(KTEPS) 38280.12
2023-10-13 23:07:04,403 - tune.py [line:103] - INFO: Epoch 00160 | Time(s) 0.4811 | Val Loss 0.3681 | Val Acc 0.8834 | ETputs(KTEPS) 38365.91
2023-10-13 23:07:14,122 - tune.py [line:103] - INFO: Epoch 00180 | Time(s) 0.4816 | Val Loss 0.3557 | Val Acc 0.8829 | ETputs(KTEPS) 38323.27
2023-10-13 23:07:23,995 - tune.py [line:103] - INFO: Epoch 00200 | Time(s) 0.4828 | Val Loss 0.3457 | Val Acc 0.8820 | ETputs(KTEPS) 38228.13
2023-10-13 23:07:33,832 - tune.py [line:103] - INFO: Epoch 00220 | Time(s) 0.4836 | Val Loss 0.3376 | Val Acc 0.8817 | ETputs(KTEPS) 38163.46
2023-10-13 23:07:43,519 - tune.py [line:103] - INFO: Epoch 00240 | Time(s) 0.4837 | Val Loss 0.3321 | Val Acc 0.8819 | ETputs(KTEPS) 38159.01
2023-10-13 23:07:53,325 - tune.py [line:103] - INFO: Epoch 00260 | Time(s) 0.4842 | Val Loss 0.3281 | Val Acc 0.8818 | ETputs(KTEPS) 38119.03
2023-10-13 23:08:03,168 - tune.py [line:103] - INFO: Epoch 00280 | Time(s) 0.4848 | Val Loss 0.3272 | Val Acc 0.8818 | ETputs(KTEPS) 38074.70
2023-10-13 23:08:12,726 - tune.py [line:103] - INFO: Epoch 00300 | Time(s) 0.4843 | Val Loss 0.3242 | Val Acc 0.8823 | ETputs(KTEPS) 38110.72
2023-10-13 23:08:22,308 - tune.py [line:103] - INFO: Epoch 00320 | Time(s) 0.4840 | Val Loss 0.3234 | Val Acc 0.8826 | ETputs(KTEPS) 38136.51
2023-10-13 23:08:32,248 - tune.py [line:103] - INFO: Epoch 00340 | Time(s) 0.4847 | Val Loss 0.3213 | Val Acc 0.8833 | ETputs(KTEPS) 38076.50
2023-10-13 23:08:41,961 - tune.py [line:103] - INFO: Epoch 00360 | Time(s) 0.4848 | Val Loss 0.3207 | Val Acc 0.8837 | ETputs(KTEPS) 38072.60
2023-10-13 23:08:51,702 - tune.py [line:103] - INFO: Epoch 00380 | Time(s) 0.4849 | Val Loss 0.3191 | Val Acc 0.8851 | ETputs(KTEPS) 38063.35
2023-10-13 23:09:01,418 - tune.py [line:103] - INFO: Epoch 00400 | Time(s) 0.4850 | Val Loss 0.3169 | Val Acc 0.8857 | ETputs(KTEPS) 38060.11
2023-10-13 23:09:04,043 - tune.py [line:117] - INFO: [FINAL MODEL] Val accuracy 88.62% \Val loss: 0.41
2023-10-13 23:09:04,210 - tune.py [line:119] - INFO: [FINAL MODEL] Test accuracy 88.59% \Test loss: 0.41
2023-10-13 23:09:04,211 - tune.py [line:144] - INFO: Acc on the first split (Validation Set): 0.8862
2023-10-13 23:09:04,211 - tune.py [line:145] - INFO: Acc on the first split (Test Set): 0.8859
