2023-10-13 17:32:00,039 - tune.py [line:203] - INFO: Namespace(seed=42, model='NormalNN', gpu=0, dataset='genius', logging=True, log_detail=True, log_detailedCh=False, id_log=1013014501, optuna_n_trials=202, n_epochs=2000, self_loop=False, udgraph=True, early_stop=True, patience=300, n_hidden=64, n_cv=1, start_cv=0, n_layers=16, lr1=0.03, lr2=0.02, wd1=0.0001, wd2=1e-06, dropout=0.0, dropout2=0.4, es_ckpt='chipLogSoftmax-genius_NormalNN-genius_trialNo25')
2023-10-13 17:32:00,313 - tune.py [line:128] - INFO: Split_seeds:[1824]
2023-10-13 17:32:00,313 - tune.py [line:129] - INFO: Model_seeds:[409]
2023-10-13 17:32:30,440 - tune.py [line:103] - INFO: Epoch 00020 | Time(s) 1.4949 | Val Loss 0.5560 | Val Acc 0.6254 | ETputs(KTEPS) 12347.02
2023-10-13 17:33:00,092 - tune.py [line:103] - INFO: Epoch 00040 | Time(s) 1.4887 | Val Loss 0.5034 | Val Acc 0.7253 | ETputs(KTEPS) 12398.10
2023-10-13 17:33:30,121 - tune.py [line:103] - INFO: Epoch 00060 | Time(s) 1.4926 | Val Loss 0.4908 | Val Acc 0.8258 | ETputs(KTEPS) 12366.25
2023-10-13 17:34:00,161 - tune.py [line:103] - INFO: Epoch 00080 | Time(s) 1.4947 | Val Loss 0.4803 | Val Acc 0.8364 | ETputs(KTEPS) 12348.78
2023-10-13 17:34:30,255 - tune.py [line:103] - INFO: Epoch 00100 | Time(s) 1.4966 | Val Loss 0.4687 | Val Acc 0.8380 | ETputs(KTEPS) 12333.23
2023-10-13 17:35:00,239 - tune.py [line:103] - INFO: Epoch 00120 | Time(s) 1.4970 | Val Loss 0.4561 | Val Acc 0.8364 | ETputs(KTEPS) 12329.82
2023-10-13 17:35:30,401 - tune.py [line:103] - INFO: Epoch 00140 | Time(s) 1.4986 | Val Loss 0.4433 | Val Acc 0.8360 | ETputs(KTEPS) 12316.78
2023-10-13 17:36:00,434 - tune.py [line:103] - INFO: Epoch 00160 | Time(s) 1.4989 | Val Loss 0.4307 | Val Acc 0.8356 | ETputs(KTEPS) 12313.66
2023-10-13 17:36:30,381 - tune.py [line:103] - INFO: Epoch 00180 | Time(s) 1.4988 | Val Loss 0.4185 | Val Acc 0.8374 | ETputs(KTEPS) 12315.14
2023-10-13 17:37:00,514 - tune.py [line:103] - INFO: Epoch 00200 | Time(s) 1.4995 | Val Loss 0.4067 | Val Acc 0.8426 | ETputs(KTEPS) 12309.17
2023-10-13 17:37:30,667 - tune.py [line:103] - INFO: Epoch 00220 | Time(s) 1.5001 | Val Loss 0.3958 | Val Acc 0.8524 | ETputs(KTEPS) 12303.85
2023-10-13 17:38:00,792 - tune.py [line:103] - INFO: Epoch 00240 | Time(s) 1.5006 | Val Loss 0.3866 | Val Acc 0.8610 | ETputs(KTEPS) 12300.21
2023-10-13 17:38:30,504 - tune.py [line:103] - INFO: Epoch 00260 | Time(s) 1.4993 | Val Loss 0.3790 | Val Acc 0.8675 | ETputs(KTEPS) 12310.37
2023-10-13 17:39:00,621 - tune.py [line:103] - INFO: Epoch 00280 | Time(s) 1.4998 | Val Loss 0.3739 | Val Acc 0.8674 | ETputs(KTEPS) 12306.87
2023-10-13 17:39:30,661 - tune.py [line:103] - INFO: Epoch 00300 | Time(s) 1.4999 | Val Loss 0.3656 | Val Acc 0.8734 | ETputs(KTEPS) 12306.04
2023-10-13 17:40:00,447 - tune.py [line:103] - INFO: Epoch 00320 | Time(s) 1.4991 | Val Loss 0.3610 | Val Acc 0.8757 | ETputs(KTEPS) 12312.12
2023-10-13 17:40:30,388 - tune.py [line:103] - INFO: Epoch 00340 | Time(s) 1.4989 | Val Loss 0.3554 | Val Acc 0.8777 | ETputs(KTEPS) 12313.66
2023-10-13 17:40:59,986 - tune.py [line:103] - INFO: Epoch 00360 | Time(s) 1.4978 | Val Loss 0.3521 | Val Acc 0.8789 | ETputs(KTEPS) 12322.77
2023-10-13 17:41:30,264 - tune.py [line:103] - INFO: Epoch 00380 | Time(s) 1.4986 | Val Loss 0.3503 | Val Acc 0.8799 | ETputs(KTEPS) 12316.18
2023-10-13 17:41:59,944 - tune.py [line:103] - INFO: Epoch 00400 | Time(s) 1.4979 | Val Loss 0.3467 | Val Acc 0.8806 | ETputs(KTEPS) 12322.34
2023-10-13 17:42:29,639 - tune.py [line:103] - INFO: Epoch 00420 | Time(s) 1.4972 | Val Loss 0.3560 | Val Acc 0.8722 | ETputs(KTEPS) 12327.72
2023-10-13 17:42:59,666 - tune.py [line:103] - INFO: Epoch 00440 | Time(s) 1.4974 | Val Loss 0.3490 | Val Acc 0.8767 | ETputs(KTEPS) 12326.20
2023-10-13 17:43:29,427 - tune.py [line:103] - INFO: Epoch 00460 | Time(s) 1.4970 | Val Loss 0.3440 | Val Acc 0.8792 | ETputs(KTEPS) 12329.55
2023-10-13 17:43:59,480 - tune.py [line:103] - INFO: Epoch 00480 | Time(s) 1.4972 | Val Loss 0.3407 | Val Acc 0.8812 | ETputs(KTEPS) 12327.63
2023-10-13 17:44:29,219 - tune.py [line:103] - INFO: Epoch 00500 | Time(s) 1.4968 | Val Loss 0.3381 | Val Acc 0.8826 | ETputs(KTEPS) 12331.16
2023-10-13 17:44:59,126 - tune.py [line:103] - INFO: Epoch 00520 | Time(s) 1.4967 | Val Loss 0.3372 | Val Acc 0.8830 | ETputs(KTEPS) 12331.83
2023-10-13 17:45:29,921 - tune.py [line:103] - INFO: Epoch 00540 | Time(s) 1.4983 | Val Loss 0.3359 | Val Acc 0.8835 | ETputs(KTEPS) 12318.93
2023-10-13 17:45:59,662 - tune.py [line:103] - INFO: Epoch 00560 | Time(s) 1.4979 | Val Loss 0.3339 | Val Acc 0.8837 | ETputs(KTEPS) 12322.36
2023-10-13 17:46:29,613 - tune.py [line:103] - INFO: Epoch 00580 | Time(s) 1.4978 | Val Loss 0.3318 | Val Acc 0.8839 | ETputs(KTEPS) 12322.66
2023-10-13 17:46:59,745 - tune.py [line:103] - INFO: Epoch 00600 | Time(s) 1.4981 | Val Loss 0.3306 | Val Acc 0.8843 | ETputs(KTEPS) 12320.44
2023-10-13 17:47:29,770 - tune.py [line:103] - INFO: Epoch 00620 | Time(s) 1.4982 | Val Loss 0.3291 | Val Acc 0.8844 | ETputs(KTEPS) 12319.62
2023-10-13 17:47:59,579 - tune.py [line:103] - INFO: Epoch 00640 | Time(s) 1.4980 | Val Loss 0.3292 | Val Acc 0.8846 | ETputs(KTEPS) 12321.70
2023-10-13 17:48:29,814 - tune.py [line:103] - INFO: Epoch 00660 | Time(s) 1.4984 | Val Loss 0.3357 | Val Acc 0.8770 | ETputs(KTEPS) 12318.29
2023-10-13 17:48:59,922 - tune.py [line:103] - INFO: Epoch 00680 | Time(s) 1.4986 | Val Loss 0.3310 | Val Acc 0.8808 | ETputs(KTEPS) 12316.60
2023-10-13 17:49:30,200 - tune.py [line:103] - INFO: Epoch 00700 | Time(s) 1.4990 | Val Loss 0.3275 | Val Acc 0.8826 | ETputs(KTEPS) 12313.03
2023-10-13 17:50:00,450 - tune.py [line:103] - INFO: Epoch 00720 | Time(s) 1.4994 | Val Loss 0.3248 | Val Acc 0.8844 | ETputs(KTEPS) 12309.95
2023-10-13 17:50:30,485 - tune.py [line:103] - INFO: Epoch 00740 | Time(s) 1.4994 | Val Loss 0.3232 | Val Acc 0.8851 | ETputs(KTEPS) 12309.44
2023-10-13 17:51:00,668 - tune.py [line:103] - INFO: Epoch 00760 | Time(s) 1.4997 | Val Loss 0.3221 | Val Acc 0.8854 | ETputs(KTEPS) 12307.35
2023-10-13 17:51:30,883 - tune.py [line:103] - INFO: Epoch 00780 | Time(s) 1.5000 | Val Loss 0.3229 | Val Acc 0.8860 | ETputs(KTEPS) 12305.09
2023-10-13 17:52:01,196 - tune.py [line:103] - INFO: Epoch 00800 | Time(s) 1.5004 | Val Loss 0.3226 | Val Acc 0.8870 | ETputs(KTEPS) 12301.96
2023-10-13 17:52:31,233 - tune.py [line:103] - INFO: Epoch 00820 | Time(s) 1.5004 | Val Loss 0.3213 | Val Acc 0.8868 | ETputs(KTEPS) 12301.68
2023-10-13 17:53:01,121 - tune.py [line:103] - INFO: Epoch 00840 | Time(s) 1.5002 | Val Loss 0.3205 | Val Acc 0.8867 | ETputs(KTEPS) 12302.86
2023-10-13 17:53:30,875 - tune.py [line:103] - INFO: Epoch 00860 | Time(s) 1.4999 | Val Loss 0.3206 | Val Acc 0.8885 | ETputs(KTEPS) 12305.40
2023-10-13 17:54:00,747 - tune.py [line:103] - INFO: Epoch 00880 | Time(s) 1.4998 | Val Loss 0.3198 | Val Acc 0.8883 | ETputs(KTEPS) 12306.62
2023-10-13 17:54:30,738 - tune.py [line:103] - INFO: Epoch 00900 | Time(s) 1.4998 | Val Loss 0.3208 | Val Acc 0.8844 | ETputs(KTEPS) 12306.67
2023-10-13 17:55:00,717 - tune.py [line:103] - INFO: Epoch 00920 | Time(s) 1.4998 | Val Loss 0.3215 | Val Acc 0.8864 | ETputs(KTEPS) 12306.83
2023-10-13 17:55:30,536 - tune.py [line:103] - INFO: Epoch 00940 | Time(s) 1.4996 | Val Loss 0.3194 | Val Acc 0.8873 | ETputs(KTEPS) 12308.38
2023-10-13 17:56:00,497 - tune.py [line:103] - INFO: Epoch 00960 | Time(s) 1.4995 | Val Loss 0.3174 | Val Acc 0.8883 | ETputs(KTEPS) 12308.65
2023-10-13 17:56:30,553 - tune.py [line:103] - INFO: Epoch 00980 | Time(s) 1.4996 | Val Loss 0.3186 | Val Acc 0.8891 | ETputs(KTEPS) 12308.19
2023-10-13 17:57:01,048 - tune.py [line:103] - INFO: Epoch 01000 | Time(s) 1.5001 | Val Loss 0.3181 | Val Acc 0.8863 | ETputs(KTEPS) 12304.14
2023-10-13 17:57:30,898 - tune.py [line:103] - INFO: Epoch 01020 | Time(s) 1.4999 | Val Loss 0.3196 | Val Acc 0.8878 | ETputs(KTEPS) 12305.37
2023-10-13 17:58:00,859 - tune.py [line:103] - INFO: Epoch 01040 | Time(s) 1.4999 | Val Loss 0.3182 | Val Acc 0.8888 | ETputs(KTEPS) 12305.68
2023-10-13 17:58:30,743 - tune.py [line:103] - INFO: Epoch 01060 | Time(s) 1.4998 | Val Loss 0.3178 | Val Acc 0.8887 | ETputs(KTEPS) 12306.56
2023-10-13 17:59:00,575 - tune.py [line:103] - INFO: Epoch 01080 | Time(s) 1.4996 | Val Loss 0.3164 | Val Acc 0.8894 | ETputs(KTEPS) 12307.82
2023-10-13 17:59:30,280 - tune.py [line:103] - INFO: Epoch 01100 | Time(s) 1.4994 | Val Loss 0.3206 | Val Acc 0.8867 | ETputs(KTEPS) 12309.97
2023-10-13 18:00:00,014 - tune.py [line:103] - INFO: Epoch 01120 | Time(s) 1.4992 | Val Loss 0.3174 | Val Acc 0.8874 | ETputs(KTEPS) 12311.83
2023-10-13 18:00:30,117 - tune.py [line:103] - INFO: Epoch 01140 | Time(s) 1.4993 | Val Loss 0.3169 | Val Acc 0.8883 | ETputs(KTEPS) 12310.98
2023-10-13 18:01:00,306 - tune.py [line:103] - INFO: Epoch 01160 | Time(s) 1.4994 | Val Loss 0.3169 | Val Acc 0.8890 | ETputs(KTEPS) 12309.55
2023-10-13 18:01:30,531 - tune.py [line:103] - INFO: Epoch 01180 | Time(s) 1.4996 | Val Loss 0.3153 | Val Acc 0.8895 | ETputs(KTEPS) 12307.93
2023-10-13 18:02:00,589 - tune.py [line:103] - INFO: Epoch 01200 | Time(s) 1.4997 | Val Loss 0.3184 | Val Acc 0.8887 | ETputs(KTEPS) 12307.50
2023-10-13 18:02:30,415 - tune.py [line:103] - INFO: Epoch 01220 | Time(s) 1.4995 | Val Loss 0.3158 | Val Acc 0.8892 | ETputs(KTEPS) 12308.63
2023-10-13 18:03:00,422 - tune.py [line:103] - INFO: Epoch 01240 | Time(s) 1.4996 | Val Loss 0.3147 | Val Acc 0.8874 | ETputs(KTEPS) 12308.56
2023-10-13 18:03:30,251 - tune.py [line:103] - INFO: Epoch 01260 | Time(s) 1.4994 | Val Loss 0.3418 | Val Acc 0.8711 | ETputs(KTEPS) 12309.62
2023-10-13 18:04:00,269 - tune.py [line:103] - INFO: Epoch 01280 | Time(s) 1.4994 | Val Loss 0.3347 | Val Acc 0.8752 | ETputs(KTEPS) 12309.44
2023-10-13 18:04:29,957 - tune.py [line:103] - INFO: Epoch 01300 | Time(s) 1.4992 | Val Loss 0.3263 | Val Acc 0.8786 | ETputs(KTEPS) 12311.35
2023-10-13 18:05:00,080 - tune.py [line:103] - INFO: Epoch 01320 | Time(s) 1.4993 | Val Loss 0.3236 | Val Acc 0.8827 | ETputs(KTEPS) 12310.49
2023-10-13 18:05:30,454 - tune.py [line:103] - INFO: Epoch 01340 | Time(s) 1.4996 | Val Loss 0.3201 | Val Acc 0.8852 | ETputs(KTEPS) 12308.12
2023-10-13 18:06:00,940 - tune.py [line:103] - INFO: Epoch 01360 | Time(s) 1.5000 | Val Loss 0.3158 | Val Acc 0.8874 | ETputs(KTEPS) 12305.15
2023-10-13 18:06:31,278 - tune.py [line:103] - INFO: Epoch 01380 | Time(s) 1.5002 | Val Loss 0.3179 | Val Acc 0.8884 | ETputs(KTEPS) 12303.14
2023-10-13 18:07:01,080 - tune.py [line:103] - INFO: Epoch 01400 | Time(s) 1.5001 | Val Loss 0.3158 | Val Acc 0.8896 | ETputs(KTEPS) 12304.33
2023-10-13 18:07:30,911 - tune.py [line:103] - INFO: Epoch 01420 | Time(s) 1.4999 | Val Loss 0.3147 | Val Acc 0.8900 | ETputs(KTEPS) 12305.32
2023-10-13 18:08:01,234 - tune.py [line:103] - INFO: Epoch 01440 | Time(s) 1.5002 | Val Loss 0.3148 | Val Acc 0.8903 | ETputs(KTEPS) 12303.49
2023-10-13 18:08:31,215 - tune.py [line:103] - INFO: Epoch 01460 | Time(s) 1.5001 | Val Loss 0.3163 | Val Acc 0.8903 | ETputs(KTEPS) 12303.68
2023-10-13 18:09:00,927 - tune.py [line:103] - INFO: Epoch 01480 | Time(s) 1.5000 | Val Loss 0.3147 | Val Acc 0.8909 | ETputs(KTEPS) 12305.31
2023-10-13 18:09:30,902 - tune.py [line:103] - INFO: Epoch 01500 | Time(s) 1.4999 | Val Loss 0.3136 | Val Acc 0.8911 | ETputs(KTEPS) 12305.47
2023-10-13 18:10:00,829 - tune.py [line:103] - INFO: Epoch 01520 | Time(s) 1.4999 | Val Loss 0.3139 | Val Acc 0.8913 | ETputs(KTEPS) 12305.88
2023-10-13 18:10:30,661 - tune.py [line:103] - INFO: Epoch 01540 | Time(s) 1.4998 | Val Loss 0.3156 | Val Acc 0.8909 | ETputs(KTEPS) 12306.81
2023-10-13 18:11:00,640 - tune.py [line:103] - INFO: Epoch 01560 | Time(s) 1.4998 | Val Loss 0.3137 | Val Acc 0.8914 | ETputs(KTEPS) 12306.90
2023-10-13 18:11:30,702 - tune.py [line:103] - INFO: Epoch 01580 | Time(s) 1.4998 | Val Loss 0.3168 | Val Acc 0.8916 | ETputs(KTEPS) 12306.56
2023-10-13 18:12:00,660 - tune.py [line:103] - INFO: Epoch 01600 | Time(s) 1.4998 | Val Loss 0.3147 | Val Acc 0.8916 | ETputs(KTEPS) 12306.76
2023-10-13 18:12:30,673 - tune.py [line:103] - INFO: Epoch 01620 | Time(s) 1.4998 | Val Loss 0.3146 | Val Acc 0.8916 | ETputs(KTEPS) 12306.68
2023-10-13 18:13:00,460 - tune.py [line:103] - INFO: Epoch 01640 | Time(s) 1.4997 | Val Loss 0.3115 | Val Acc 0.8922 | ETputs(KTEPS) 12307.73
2023-10-13 18:13:30,196 - tune.py [line:103] - INFO: Epoch 01660 | Time(s) 1.4995 | Val Loss 0.3140 | Val Acc 0.8921 | ETputs(KTEPS) 12309.00
2023-10-13 18:14:00,327 - tune.py [line:103] - INFO: Epoch 01680 | Time(s) 1.4996 | Val Loss 0.3141 | Val Acc 0.8922 | ETputs(KTEPS) 12308.32
2023-10-13 18:14:30,353 - tune.py [line:103] - INFO: Epoch 01700 | Time(s) 1.4996 | Val Loss 0.3155 | Val Acc 0.8922 | ETputs(KTEPS) 12308.16
2023-10-13 18:15:00,333 - tune.py [line:103] - INFO: Epoch 01720 | Time(s) 1.4996 | Val Loss 0.3146 | Val Acc 0.8925 | ETputs(KTEPS) 12308.22
2023-10-13 18:15:30,534 - tune.py [line:103] - INFO: Epoch 01740 | Time(s) 1.4997 | Val Loss 0.3144 | Val Acc 0.8928 | ETputs(KTEPS) 12307.24
2023-10-13 18:16:00,928 - tune.py [line:103] - INFO: Epoch 01760 | Time(s) 1.4999 | Val Loss 0.3139 | Val Acc 0.8929 | ETputs(KTEPS) 12305.38
2023-10-13 18:16:30,756 - tune.py [line:103] - INFO: Epoch 01780 | Time(s) 1.4998 | Val Loss 0.3115 | Val Acc 0.8937 | ETputs(KTEPS) 12306.17
2023-10-13 18:17:00,815 - tune.py [line:103] - INFO: Epoch 01800 | Time(s) 1.4999 | Val Loss 0.3147 | Val Acc 0.8930 | ETputs(KTEPS) 12305.90
2023-10-13 18:17:30,979 - tune.py [line:103] - INFO: Epoch 01820 | Time(s) 1.5000 | Val Loss 0.3163 | Val Acc 0.8931 | ETputs(KTEPS) 12305.16
2023-10-13 18:18:01,024 - tune.py [line:103] - INFO: Epoch 01840 | Time(s) 1.5000 | Val Loss 0.3129 | Val Acc 0.8927 | ETputs(KTEPS) 12304.96
2023-10-13 18:18:30,690 - tune.py [line:103] - INFO: Epoch 01860 | Time(s) 1.4998 | Val Loss 0.3128 | Val Acc 0.8930 | ETputs(KTEPS) 12306.44
2023-10-13 18:19:00,656 - tune.py [line:103] - INFO: Epoch 01880 | Time(s) 1.4998 | Val Loss 0.3091 | Val Acc 0.8937 | ETputs(KTEPS) 12306.58
2023-10-13 18:19:30,367 - tune.py [line:103] - INFO: Epoch 01900 | Time(s) 1.4996 | Val Loss 0.3125 | Val Acc 0.8936 | ETputs(KTEPS) 12307.82
2023-10-13 18:20:00,472 - tune.py [line:103] - INFO: Epoch 01920 | Time(s) 1.4997 | Val Loss 0.3140 | Val Acc 0.8939 | ETputs(KTEPS) 12307.34
2023-10-13 18:20:30,279 - tune.py [line:103] - INFO: Epoch 01940 | Time(s) 1.4996 | Val Loss 0.3178 | Val Acc 0.8927 | ETputs(KTEPS) 12308.14
2023-10-13 18:21:00,373 - tune.py [line:103] - INFO: Epoch 01960 | Time(s) 1.4997 | Val Loss 0.3154 | Val Acc 0.8933 | ETputs(KTEPS) 12307.72
2023-10-13 18:21:30,208 - tune.py [line:103] - INFO: Epoch 01980 | Time(s) 1.4996 | Val Loss 0.3125 | Val Acc 0.8941 | ETputs(KTEPS) 12308.38
2023-10-13 18:22:00,033 - tune.py [line:103] - INFO: Epoch 02000 | Time(s) 1.4995 | Val Loss 0.3148 | Val Acc 0.8935 | ETputs(KTEPS) 12309.08
2023-10-13 18:22:00,478 - tune.py [line:117] - INFO: [FINAL MODEL] Val accuracy 89.46% \Val loss: 0.31
2023-10-13 18:22:00,923 - tune.py [line:119] - INFO: [FINAL MODEL] Test accuracy 89.44% \Test loss: 0.31
2023-10-13 18:22:00,924 - tune.py [line:144] - INFO: Acc on the first split (Validation Set): 0.8946
2023-10-13 18:22:00,924 - tune.py [line:145] - INFO: Acc on the first split (Test Set): 0.8944
