2023-10-13 20:00:41,076 - tune.py [line:203] - INFO: Namespace(seed=42, model='NormalNN', gpu=0, dataset='genius', logging=True, log_detail=True, log_detailedCh=False, id_log=1013014501, optuna_n_trials=202, n_epochs=2000, self_loop=False, udgraph=True, early_stop=True, patience=300, n_hidden=64, n_cv=1, start_cv=0, n_layers=16, lr1=0.03, lr2=0.02, wd1=0.0001, wd2=1e-06, dropout=0.0, dropout2=0.3, es_ckpt='chipLogSoftmax-genius_NormalNN-genius_trialNo34')
2023-10-13 20:00:41,338 - tune.py [line:128] - INFO: Split_seeds:[1824]
2023-10-13 20:00:41,338 - tune.py [line:129] - INFO: Model_seeds:[409]
2023-10-13 20:01:11,273 - tune.py [line:103] - INFO: Epoch 00020 | Time(s) 1.4854 | Val Loss 0.5559 | Val Acc 0.6397 | ETputs(KTEPS) 12426.23
2023-10-13 20:01:41,329 - tune.py [line:103] - INFO: Epoch 00040 | Time(s) 1.4940 | Val Loss 0.5020 | Val Acc 0.7308 | ETputs(KTEPS) 12354.10
2023-10-13 20:02:11,280 - tune.py [line:103] - INFO: Epoch 00060 | Time(s) 1.4947 | Val Loss 0.4878 | Val Acc 0.8286 | ETputs(KTEPS) 12348.13
2023-10-13 20:02:41,007 - tune.py [line:103] - INFO: Epoch 00080 | Time(s) 1.4923 | Val Loss 0.4755 | Val Acc 0.8393 | ETputs(KTEPS) 12368.22
2023-10-13 20:03:10,701 - tune.py [line:103] - INFO: Epoch 00100 | Time(s) 1.4906 | Val Loss 0.4600 | Val Acc 0.8442 | ETputs(KTEPS) 12382.38
2023-10-13 20:03:40,624 - tune.py [line:103] - INFO: Epoch 00120 | Time(s) 1.4914 | Val Loss 0.4431 | Val Acc 0.8509 | ETputs(KTEPS) 12375.65
2023-10-13 20:04:10,147 - tune.py [line:103] - INFO: Epoch 00140 | Time(s) 1.4891 | Val Loss 0.4247 | Val Acc 0.8650 | ETputs(KTEPS) 12395.23
2023-10-13 20:04:40,102 - tune.py [line:103] - INFO: Epoch 00160 | Time(s) 1.4901 | Val Loss 0.4061 | Val Acc 0.8728 | ETputs(KTEPS) 12386.70
2023-10-13 20:05:10,238 - tune.py [line:103] - INFO: Epoch 00180 | Time(s) 1.4919 | Val Loss 0.3925 | Val Acc 0.8762 | ETputs(KTEPS) 12371.73
2023-10-13 20:05:40,234 - tune.py [line:103] - INFO: Epoch 00200 | Time(s) 1.4927 | Val Loss 0.3761 | Val Acc 0.8786 | ETputs(KTEPS) 12365.42
2023-10-13 20:06:10,057 - tune.py [line:103] - INFO: Epoch 00220 | Time(s) 1.4925 | Val Loss 0.3642 | Val Acc 0.8813 | ETputs(KTEPS) 12367.03
2023-10-13 20:06:39,890 - tune.py [line:103] - INFO: Epoch 00240 | Time(s) 1.4923 | Val Loss 0.3570 | Val Acc 0.8825 | ETputs(KTEPS) 12368.01
2023-10-13 20:07:09,461 - tune.py [line:103] - INFO: Epoch 00260 | Time(s) 1.4913 | Val Loss 0.3524 | Val Acc 0.8812 | ETputs(KTEPS) 12377.06
2023-10-13 20:07:39,492 - tune.py [line:103] - INFO: Epoch 00280 | Time(s) 1.4920 | Val Loss 0.3465 | Val Acc 0.8842 | ETputs(KTEPS) 12371.23
2023-10-13 20:08:09,326 - tune.py [line:103] - INFO: Epoch 00300 | Time(s) 1.4919 | Val Loss 0.3432 | Val Acc 0.8841 | ETputs(KTEPS) 12371.45
2023-10-13 20:08:39,113 - tune.py [line:103] - INFO: Epoch 00320 | Time(s) 1.4917 | Val Loss 0.3395 | Val Acc 0.8858 | ETputs(KTEPS) 12373.10
2023-10-13 20:09:08,918 - tune.py [line:103] - INFO: Epoch 00340 | Time(s) 1.4916 | Val Loss 0.3367 | Val Acc 0.8854 | ETputs(KTEPS) 12373.92
2023-10-13 20:09:38,768 - tune.py [line:103] - INFO: Epoch 00360 | Time(s) 1.4917 | Val Loss 0.3348 | Val Acc 0.8863 | ETputs(KTEPS) 12373.61
2023-10-13 20:10:08,637 - tune.py [line:103] - INFO: Epoch 00380 | Time(s) 1.4918 | Val Loss 0.3332 | Val Acc 0.8862 | ETputs(KTEPS) 12372.85
2023-10-13 20:10:38,680 - tune.py [line:103] - INFO: Epoch 00400 | Time(s) 1.4923 | Val Loss 0.3312 | Val Acc 0.8866 | ETputs(KTEPS) 12368.63
2023-10-13 20:11:08,704 - tune.py [line:103] - INFO: Epoch 00420 | Time(s) 1.4927 | Val Loss 0.3317 | Val Acc 0.8869 | ETputs(KTEPS) 12365.12
2023-10-13 20:11:38,772 - tune.py [line:103] - INFO: Epoch 00440 | Time(s) 1.4932 | Val Loss 0.3283 | Val Acc 0.8871 | ETputs(KTEPS) 12361.11
2023-10-13 20:12:08,717 - tune.py [line:103] - INFO: Epoch 00460 | Time(s) 1.4933 | Val Loss 0.3275 | Val Acc 0.8871 | ETputs(KTEPS) 12359.85
2023-10-13 20:12:38,732 - tune.py [line:103] - INFO: Epoch 00480 | Time(s) 1.4936 | Val Loss 0.3273 | Val Acc 0.8868 | ETputs(KTEPS) 12357.33
2023-10-13 20:13:08,964 - tune.py [line:103] - INFO: Epoch 00500 | Time(s) 1.4944 | Val Loss 0.3261 | Val Acc 0.8875 | ETputs(KTEPS) 12351.39
2023-10-13 20:13:38,865 - tune.py [line:103] - INFO: Epoch 00520 | Time(s) 1.4944 | Val Loss 0.3237 | Val Acc 0.8881 | ETputs(KTEPS) 12351.18
2023-10-13 20:14:08,906 - tune.py [line:103] - INFO: Epoch 00540 | Time(s) 1.4946 | Val Loss 0.3223 | Val Acc 0.8886 | ETputs(KTEPS) 12349.05
2023-10-13 20:14:38,887 - tune.py [line:103] - INFO: Epoch 00560 | Time(s) 1.4948 | Val Loss 0.3215 | Val Acc 0.8893 | ETputs(KTEPS) 12347.87
2023-10-13 20:15:08,871 - tune.py [line:103] - INFO: Epoch 00580 | Time(s) 1.4949 | Val Loss 0.3230 | Val Acc 0.8875 | ETputs(KTEPS) 12346.67
2023-10-13 20:15:38,573 - tune.py [line:103] - INFO: Epoch 00600 | Time(s) 1.4946 | Val Loss 0.3200 | Val Acc 0.8899 | ETputs(KTEPS) 12349.38
2023-10-13 20:16:08,447 - tune.py [line:103] - INFO: Epoch 00620 | Time(s) 1.4946 | Val Loss 0.3203 | Val Acc 0.8893 | ETputs(KTEPS) 12349.66
2023-10-13 20:16:38,323 - tune.py [line:103] - INFO: Epoch 00640 | Time(s) 1.4945 | Val Loss 0.3179 | Val Acc 0.8901 | ETputs(KTEPS) 12349.87
2023-10-13 20:17:08,140 - tune.py [line:103] - INFO: Epoch 00660 | Time(s) 1.4944 | Val Loss 0.3192 | Val Acc 0.8897 | ETputs(KTEPS) 12350.87
2023-10-13 20:17:37,933 - tune.py [line:103] - INFO: Epoch 00680 | Time(s) 1.4943 | Val Loss 0.3171 | Val Acc 0.8901 | ETputs(KTEPS) 12352.03
2023-10-13 20:18:07,648 - tune.py [line:103] - INFO: Epoch 00700 | Time(s) 1.4940 | Val Loss 0.3189 | Val Acc 0.8897 | ETputs(KTEPS) 12354.06
2023-10-13 20:18:37,224 - tune.py [line:103] - INFO: Epoch 00720 | Time(s) 1.4936 | Val Loss 0.3158 | Val Acc 0.8907 | ETputs(KTEPS) 12357.63
2023-10-13 20:19:06,990 - tune.py [line:103] - INFO: Epoch 00740 | Time(s) 1.4935 | Val Loss 0.3172 | Val Acc 0.8887 | ETputs(KTEPS) 12358.83
2023-10-13 20:19:37,213 - tune.py [line:103] - INFO: Epoch 00760 | Time(s) 1.4939 | Val Loss 0.3149 | Val Acc 0.8900 | ETputs(KTEPS) 12354.98
2023-10-13 20:20:07,148 - tune.py [line:103] - INFO: Epoch 00780 | Time(s) 1.4940 | Val Loss 0.3134 | Val Acc 0.8904 | ETputs(KTEPS) 12354.41
2023-10-13 20:20:37,354 - tune.py [line:103] - INFO: Epoch 00800 | Time(s) 1.4944 | Val Loss 0.3141 | Val Acc 0.8903 | ETputs(KTEPS) 12351.04
2023-10-13 20:21:07,415 - tune.py [line:103] - INFO: Epoch 00820 | Time(s) 1.4946 | Val Loss 0.3173 | Val Acc 0.8886 | ETputs(KTEPS) 12349.32
2023-10-13 20:21:37,524 - tune.py [line:103] - INFO: Epoch 00840 | Time(s) 1.4949 | Val Loss 0.3149 | Val Acc 0.8899 | ETputs(KTEPS) 12347.20
2023-10-13 20:22:07,099 - tune.py [line:103] - INFO: Epoch 00860 | Time(s) 1.4945 | Val Loss 0.3144 | Val Acc 0.8899 | ETputs(KTEPS) 12350.30
2023-10-13 20:22:37,099 - tune.py [line:103] - INFO: Epoch 00880 | Time(s) 1.4946 | Val Loss 0.3124 | Val Acc 0.8904 | ETputs(KTEPS) 12349.35
2023-10-13 20:23:07,010 - tune.py [line:103] - INFO: Epoch 00900 | Time(s) 1.4946 | Val Loss 0.3133 | Val Acc 0.8904 | ETputs(KTEPS) 12349.18
2023-10-13 20:23:36,991 - tune.py [line:103] - INFO: Epoch 00920 | Time(s) 1.4947 | Val Loss 0.3129 | Val Acc 0.8905 | ETputs(KTEPS) 12348.41
2023-10-13 20:24:06,773 - tune.py [line:103] - INFO: Epoch 00940 | Time(s) 1.4946 | Val Loss 0.3133 | Val Acc 0.8903 | ETputs(KTEPS) 12349.41
2023-10-13 20:24:36,720 - tune.py [line:103] - INFO: Epoch 00960 | Time(s) 1.4946 | Val Loss 0.3119 | Val Acc 0.8913 | ETputs(KTEPS) 12348.95
2023-10-13 20:25:06,633 - tune.py [line:103] - INFO: Epoch 00980 | Time(s) 1.4947 | Val Loss 0.3137 | Val Acc 0.8911 | ETputs(KTEPS) 12348.79
2023-10-13 20:25:36,648 - tune.py [line:103] - INFO: Epoch 01000 | Time(s) 1.4948 | Val Loss 0.3120 | Val Acc 0.8917 | ETputs(KTEPS) 12347.80
2023-10-13 20:26:06,680 - tune.py [line:103] - INFO: Epoch 01020 | Time(s) 1.4949 | Val Loss 0.3118 | Val Acc 0.8915 | ETputs(KTEPS) 12346.73
2023-10-13 20:26:36,712 - tune.py [line:103] - INFO: Epoch 01040 | Time(s) 1.4950 | Val Loss 0.3137 | Val Acc 0.8895 | ETputs(KTEPS) 12345.68
2023-10-13 20:27:06,905 - tune.py [line:103] - INFO: Epoch 01060 | Time(s) 1.4953 | Val Loss 0.3091 | Val Acc 0.8932 | ETputs(KTEPS) 12343.46
2023-10-13 20:27:36,552 - tune.py [line:103] - INFO: Epoch 01080 | Time(s) 1.4951 | Val Loss 0.3102 | Val Acc 0.8920 | ETputs(KTEPS) 12345.45
2023-10-13 20:28:06,562 - tune.py [line:103] - INFO: Epoch 01100 | Time(s) 1.4952 | Val Loss 0.3153 | Val Acc 0.8897 | ETputs(KTEPS) 12344.65
2023-10-13 20:28:36,313 - tune.py [line:103] - INFO: Epoch 01120 | Time(s) 1.4950 | Val Loss 0.3102 | Val Acc 0.8920 | ETputs(KTEPS) 12345.77
2023-10-13 20:29:06,284 - tune.py [line:103] - INFO: Epoch 01140 | Time(s) 1.4951 | Val Loss 0.3090 | Val Acc 0.8921 | ETputs(KTEPS) 12345.27
2023-10-13 20:29:36,275 - tune.py [line:103] - INFO: Epoch 01160 | Time(s) 1.4952 | Val Loss 0.3098 | Val Acc 0.8932 | ETputs(KTEPS) 12344.64
2023-10-13 20:30:06,051 - tune.py [line:103] - INFO: Epoch 01180 | Time(s) 1.4951 | Val Loss 0.3093 | Val Acc 0.8937 | ETputs(KTEPS) 12345.58
2023-10-13 20:30:35,936 - tune.py [line:103] - INFO: Epoch 01200 | Time(s) 1.4950 | Val Loss 0.3083 | Val Acc 0.8934 | ETputs(KTEPS) 12345.71
2023-10-13 20:31:05,631 - tune.py [line:103] - INFO: Epoch 01220 | Time(s) 1.4949 | Val Loss 0.3095 | Val Acc 0.8923 | ETputs(KTEPS) 12347.12
2023-10-13 20:31:35,696 - tune.py [line:103] - INFO: Epoch 01240 | Time(s) 1.4950 | Val Loss 0.3073 | Val Acc 0.8940 | ETputs(KTEPS) 12346.01
2023-10-13 20:32:05,709 - tune.py [line:103] - INFO: Epoch 01260 | Time(s) 1.4951 | Val Loss 0.3087 | Val Acc 0.8935 | ETputs(KTEPS) 12345.32
2023-10-13 20:32:35,684 - tune.py [line:103] - INFO: Epoch 01280 | Time(s) 1.4951 | Val Loss 0.3104 | Val Acc 0.8930 | ETputs(KTEPS) 12344.85
2023-10-13 20:33:05,830 - tune.py [line:103] - INFO: Epoch 01300 | Time(s) 1.4953 | Val Loss 0.3100 | Val Acc 0.8924 | ETputs(KTEPS) 12343.32
2023-10-13 20:33:35,774 - tune.py [line:103] - INFO: Epoch 01320 | Time(s) 1.4954 | Val Loss 0.3091 | Val Acc 0.8924 | ETputs(KTEPS) 12343.09
2023-10-13 20:34:05,800 - tune.py [line:103] - INFO: Epoch 01340 | Time(s) 1.4954 | Val Loss 0.3093 | Val Acc 0.8916 | ETputs(KTEPS) 12342.36
2023-10-13 20:34:35,588 - tune.py [line:103] - INFO: Epoch 01360 | Time(s) 1.4954 | Val Loss 0.3085 | Val Acc 0.8937 | ETputs(KTEPS) 12343.10
2023-10-13 20:35:05,268 - tune.py [line:103] - INFO: Epoch 01380 | Time(s) 1.4952 | Val Loss 0.3091 | Val Acc 0.8932 | ETputs(KTEPS) 12344.46
2023-10-13 20:35:35,271 - tune.py [line:103] - INFO: Epoch 01400 | Time(s) 1.4953 | Val Loss 0.3081 | Val Acc 0.8935 | ETputs(KTEPS) 12343.89
2023-10-13 20:36:05,151 - tune.py [line:103] - INFO: Epoch 01420 | Time(s) 1.4952 | Val Loss 0.3078 | Val Acc 0.8935 | ETputs(KTEPS) 12344.04
2023-10-13 20:36:34,770 - tune.py [line:103] - INFO: Epoch 01440 | Time(s) 1.4950 | Val Loss 0.3070 | Val Acc 0.8939 | ETputs(KTEPS) 12345.72
2023-10-13 20:37:04,603 - tune.py [line:103] - INFO: Epoch 01460 | Time(s) 1.4950 | Val Loss 0.3090 | Val Acc 0.8922 | ETputs(KTEPS) 12346.11
2023-10-13 20:37:34,302 - tune.py [line:103] - INFO: Epoch 01480 | Time(s) 1.4949 | Val Loss 0.3096 | Val Acc 0.8920 | ETputs(KTEPS) 12347.25
2023-10-13 20:38:04,064 - tune.py [line:103] - INFO: Epoch 01500 | Time(s) 1.4948 | Val Loss 0.3130 | Val Acc 0.8922 | ETputs(KTEPS) 12348.00
2023-10-13 20:38:33,711 - tune.py [line:103] - INFO: Epoch 01520 | Time(s) 1.4946 | Val Loss 0.3086 | Val Acc 0.8927 | ETputs(KTEPS) 12349.36
2023-10-13 20:39:03,706 - tune.py [line:103] - INFO: Epoch 01540 | Time(s) 1.4947 | Val Loss 0.3067 | Val Acc 0.8941 | ETputs(KTEPS) 12348.81
2023-10-13 20:39:33,420 - tune.py [line:103] - INFO: Epoch 01560 | Time(s) 1.4946 | Val Loss 0.3085 | Val Acc 0.8938 | ETputs(KTEPS) 12349.76
2023-10-13 20:40:03,186 - tune.py [line:103] - INFO: Epoch 01580 | Time(s) 1.4945 | Val Loss 0.3074 | Val Acc 0.8947 | ETputs(KTEPS) 12350.43
2023-10-13 20:40:32,989 - tune.py [line:103] - INFO: Epoch 01600 | Time(s) 1.4944 | Val Loss 0.3072 | Val Acc 0.8946 | ETputs(KTEPS) 12350.88
2023-10-13 20:41:02,669 - tune.py [line:103] - INFO: Epoch 01620 | Time(s) 1.4943 | Val Loss 0.3080 | Val Acc 0.8940 | ETputs(KTEPS) 12351.95
2023-10-13 20:41:32,871 - tune.py [line:103] - INFO: Epoch 01640 | Time(s) 1.4945 | Val Loss 0.3070 | Val Acc 0.8948 | ETputs(KTEPS) 12350.37
2023-10-13 20:42:02,757 - tune.py [line:103] - INFO: Epoch 01660 | Time(s) 1.4945 | Val Loss 0.3080 | Val Acc 0.8946 | ETputs(KTEPS) 12350.42
2023-10-13 20:42:33,154 - tune.py [line:103] - INFO: Epoch 01680 | Time(s) 1.4948 | Val Loss 0.3071 | Val Acc 0.8942 | ETputs(KTEPS) 12347.94
2023-10-13 20:43:03,702 - tune.py [line:103] - INFO: Epoch 01700 | Time(s) 1.4952 | Val Loss 0.3084 | Val Acc 0.8944 | ETputs(KTEPS) 12344.77
2023-10-13 20:43:33,732 - tune.py [line:103] - INFO: Epoch 01720 | Time(s) 1.4952 | Val Loss 0.3081 | Val Acc 0.8937 | ETputs(KTEPS) 12344.17
2023-10-13 20:44:03,778 - tune.py [line:103] - INFO: Epoch 01740 | Time(s) 1.4953 | Val Loss 0.3116 | Val Acc 0.8903 | ETputs(KTEPS) 12343.50
2023-10-13 20:44:33,732 - tune.py [line:103] - INFO: Epoch 01760 | Time(s) 1.4953 | Val Loss 0.3128 | Val Acc 0.8913 | ETputs(KTEPS) 12343.28
2023-10-13 20:45:04,328 - tune.py [line:103] - INFO: Epoch 01780 | Time(s) 1.4957 | Val Loss 0.3070 | Val Acc 0.8945 | ETputs(KTEPS) 12340.09
2023-10-13 20:45:34,304 - tune.py [line:103] - INFO: Epoch 01800 | Time(s) 1.4958 | Val Loss 0.3066 | Val Acc 0.8951 | ETputs(KTEPS) 12339.81
2023-10-13 20:46:04,282 - tune.py [line:103] - INFO: Epoch 01820 | Time(s) 1.4958 | Val Loss 0.3083 | Val Acc 0.8928 | ETputs(KTEPS) 12339.53
2023-10-13 20:46:34,296 - tune.py [line:103] - INFO: Epoch 01840 | Time(s) 1.4958 | Val Loss 0.3117 | Val Acc 0.8911 | ETputs(KTEPS) 12339.10
2023-10-13 20:47:04,292 - tune.py [line:103] - INFO: Epoch 01860 | Time(s) 1.4959 | Val Loss 0.3095 | Val Acc 0.8939 | ETputs(KTEPS) 12338.75
2023-10-13 20:47:34,092 - tune.py [line:103] - INFO: Epoch 01880 | Time(s) 1.4958 | Val Loss 0.3125 | Val Acc 0.8934 | ETputs(KTEPS) 12339.27
2023-10-13 20:48:04,130 - tune.py [line:103] - INFO: Epoch 01900 | Time(s) 1.4959 | Val Loss 0.3085 | Val Acc 0.8942 | ETputs(KTEPS) 12338.75
2023-10-13 20:48:33,871 - tune.py [line:103] - INFO: Epoch 01920 | Time(s) 1.4958 | Val Loss 0.3103 | Val Acc 0.8926 | ETputs(KTEPS) 12339.51
2023-10-13 20:49:03,597 - tune.py [line:103] - INFO: Epoch 01940 | Time(s) 1.4957 | Val Loss 0.3059 | Val Acc 0.8944 | ETputs(KTEPS) 12340.32
2023-10-13 20:49:33,738 - tune.py [line:103] - INFO: Epoch 01960 | Time(s) 1.4958 | Val Loss 0.3059 | Val Acc 0.8944 | ETputs(KTEPS) 12339.37
2023-10-13 20:49:49,198 - tune.py [line:117] - INFO: [FINAL MODEL] Val accuracy 89.54% \Val loss: 0.31
2023-10-13 20:49:49,639 - tune.py [line:119] - INFO: [FINAL MODEL] Test accuracy 89.55% \Test loss: 0.31
2023-10-13 20:49:49,639 - tune.py [line:144] - INFO: Acc on the first split (Validation Set): 0.8954
2023-10-13 20:49:49,639 - tune.py [line:145] - INFO: Acc on the first split (Test Set): 0.8955
