2023-10-13 14:46:38,563 - tune.py [line:203] - INFO: Namespace(seed=42, model='NormalNN', gpu=0, dataset='genius', logging=True, log_detail=True, log_detailedCh=False, id_log=1013014501, optuna_n_trials=202, n_epochs=2000, self_loop=False, udgraph=True, early_stop=True, patience=300, n_hidden=64, n_cv=1, start_cv=0, n_layers=12, lr1=0.01, lr2=0.03, wd1=1e-06, wd2=1e-05, dropout=0.7, dropout2=0.1, es_ckpt='chipLogSoftmax-genius_NormalNN-genius_trialNo4')
2023-10-13 14:46:38,846 - tune.py [line:128] - INFO: Split_seeds:[1824]
2023-10-13 14:46:38,847 - tune.py [line:129] - INFO: Model_seeds:[409]
2023-10-13 14:47:02,161 - tune.py [line:103] - INFO: Epoch 00020 | Time(s) 1.1526 | Val Loss 0.6360 | Val Acc 0.5515 | ETputs(KTEPS) 16014.10
2023-10-13 14:47:25,127 - tune.py [line:103] - INFO: Epoch 00040 | Time(s) 1.1504 | Val Loss 0.5806 | Val Acc 0.4167 | ETputs(KTEPS) 16044.52
2023-10-13 14:47:48,549 - tune.py [line:103] - INFO: Epoch 00060 | Time(s) 1.1573 | Val Loss 0.5432 | Val Acc 0.3448 | ETputs(KTEPS) 15949.00
2023-10-13 14:48:11,553 - tune.py [line:103] - INFO: Epoch 00080 | Time(s) 1.1555 | Val Loss 0.5249 | Val Acc 0.3491 | ETputs(KTEPS) 15973.50
2023-10-13 14:48:34,503 - tune.py [line:103] - INFO: Epoch 00100 | Time(s) 1.1539 | Val Loss 0.5204 | Val Acc 0.3571 | ETputs(KTEPS) 15995.80
2023-10-13 14:48:57,569 - tune.py [line:103] - INFO: Epoch 00120 | Time(s) 1.1538 | Val Loss 0.5189 | Val Acc 0.3681 | ETputs(KTEPS) 15997.34
2023-10-13 14:49:20,896 - tune.py [line:103] - INFO: Epoch 00140 | Time(s) 1.1556 | Val Loss 0.5174 | Val Acc 0.3745 | ETputs(KTEPS) 15972.60
2023-10-13 14:49:44,242 - tune.py [line:103] - INFO: Epoch 00160 | Time(s) 1.1570 | Val Loss 0.5168 | Val Acc 0.3787 | ETputs(KTEPS) 15952.38
2023-10-13 14:50:07,485 - tune.py [line:103] - INFO: Epoch 00180 | Time(s) 1.1576 | Val Loss 0.5128 | Val Acc 0.4038 | ETputs(KTEPS) 15944.67
2023-10-13 14:50:30,640 - tune.py [line:103] - INFO: Epoch 00200 | Time(s) 1.1576 | Val Loss 0.5096 | Val Acc 0.4331 | ETputs(KTEPS) 15944.50
2023-10-13 14:50:53,836 - tune.py [line:103] - INFO: Epoch 00220 | Time(s) 1.1578 | Val Loss 0.5036 | Val Acc 0.4944 | ETputs(KTEPS) 15941.81
2023-10-13 14:51:17,163 - tune.py [line:103] - INFO: Epoch 00240 | Time(s) 1.1585 | Val Loss 0.5056 | Val Acc 0.4718 | ETputs(KTEPS) 15932.06
2023-10-13 14:51:40,234 - tune.py [line:103] - INFO: Epoch 00260 | Time(s) 1.1581 | Val Loss 0.5018 | Val Acc 0.5592 | ETputs(KTEPS) 15937.40
2023-10-13 14:52:03,178 - tune.py [line:103] - INFO: Epoch 00280 | Time(s) 1.1573 | Val Loss 0.5011 | Val Acc 0.5634 | ETputs(KTEPS) 15948.19
2023-10-13 14:52:26,491 - tune.py [line:103] - INFO: Epoch 00300 | Time(s) 1.1578 | Val Loss 0.4995 | Val Acc 0.5762 | ETputs(KTEPS) 15941.45
2023-10-13 14:52:49,625 - tune.py [line:103] - INFO: Epoch 00320 | Time(s) 1.1577 | Val Loss 0.4968 | Val Acc 0.6111 | ETputs(KTEPS) 15942.92
2023-10-13 14:53:12,881 - tune.py [line:103] - INFO: Epoch 00340 | Time(s) 1.1580 | Val Loss 0.4989 | Val Acc 0.5967 | ETputs(KTEPS) 15938.91
2023-10-13 14:53:36,385 - tune.py [line:103] - INFO: Epoch 00360 | Time(s) 1.1589 | Val Loss 0.4980 | Val Acc 0.6194 | ETputs(KTEPS) 15925.99
2023-10-13 14:53:59,691 - tune.py [line:103] - INFO: Epoch 00380 | Time(s) 1.1593 | Val Loss 0.4981 | Val Acc 0.6214 | ETputs(KTEPS) 15921.78
2023-10-13 14:54:22,762 - tune.py [line:103] - INFO: Epoch 00400 | Time(s) 1.1589 | Val Loss 0.4960 | Val Acc 0.6346 | ETputs(KTEPS) 15926.03
2023-10-13 14:54:46,441 - tune.py [line:103] - INFO: Epoch 00420 | Time(s) 1.1601 | Val Loss 0.4968 | Val Acc 0.6466 | ETputs(KTEPS) 15909.72
2023-10-13 14:55:09,861 - tune.py [line:103] - INFO: Epoch 00440 | Time(s) 1.1606 | Val Loss 0.4962 | Val Acc 0.6687 | ETputs(KTEPS) 15903.27
2023-10-13 14:55:33,114 - tune.py [line:103] - INFO: Epoch 00460 | Time(s) 1.1607 | Val Loss 0.4955 | Val Acc 0.6647 | ETputs(KTEPS) 15902.07
2023-10-13 14:55:56,299 - tune.py [line:103] - INFO: Epoch 00480 | Time(s) 1.1606 | Val Loss 0.4938 | Val Acc 0.6839 | ETputs(KTEPS) 15903.11
2023-10-13 14:56:19,356 - tune.py [line:103] - INFO: Epoch 00500 | Time(s) 1.1603 | Val Loss 0.4904 | Val Acc 0.7137 | ETputs(KTEPS) 15907.80
2023-10-13 14:56:42,642 - tune.py [line:103] - INFO: Epoch 00520 | Time(s) 1.1604 | Val Loss 0.4892 | Val Acc 0.7466 | ETputs(KTEPS) 15906.16
2023-10-13 14:57:05,639 - tune.py [line:103] - INFO: Epoch 00540 | Time(s) 1.1600 | Val Loss 0.4862 | Val Acc 0.7646 | ETputs(KTEPS) 15911.86
2023-10-13 14:57:29,113 - tune.py [line:103] - INFO: Epoch 00560 | Time(s) 1.1604 | Val Loss 0.4770 | Val Acc 0.7870 | ETputs(KTEPS) 15905.46
2023-10-13 14:57:52,686 - tune.py [line:103] - INFO: Epoch 00580 | Time(s) 1.1611 | Val Loss 0.4772 | Val Acc 0.7929 | ETputs(KTEPS) 15897.08
2023-10-13 14:58:16,122 - tune.py [line:103] - INFO: Epoch 00600 | Time(s) 1.1614 | Val Loss 0.4739 | Val Acc 0.7920 | ETputs(KTEPS) 15892.39
2023-10-13 14:58:39,362 - tune.py [line:103] - INFO: Epoch 00620 | Time(s) 1.1614 | Val Loss 0.4683 | Val Acc 0.7975 | ETputs(KTEPS) 15892.14
2023-10-13 14:59:02,928 - tune.py [line:103] - INFO: Epoch 00640 | Time(s) 1.1619 | Val Loss 0.4662 | Val Acc 0.8012 | ETputs(KTEPS) 15885.16
2023-10-13 14:59:26,052 - tune.py [line:103] - INFO: Epoch 00660 | Time(s) 1.1617 | Val Loss 0.4652 | Val Acc 0.7998 | ETputs(KTEPS) 15887.63
2023-10-13 14:59:49,235 - tune.py [line:103] - INFO: Epoch 00680 | Time(s) 1.1617 | Val Loss 0.4613 | Val Acc 0.8014 | ETputs(KTEPS) 15888.71
2023-10-13 15:00:12,486 - tune.py [line:103] - INFO: Epoch 00700 | Time(s) 1.1617 | Val Loss 0.4584 | Val Acc 0.8054 | ETputs(KTEPS) 15888.48
2023-10-13 15:00:35,603 - tune.py [line:103] - INFO: Epoch 00720 | Time(s) 1.1615 | Val Loss 0.4565 | Val Acc 0.8096 | ETputs(KTEPS) 15890.87
2023-10-13 15:00:58,977 - tune.py [line:103] - INFO: Epoch 00740 | Time(s) 1.1617 | Val Loss 0.4546 | Val Acc 0.8102 | ETputs(KTEPS) 15888.29
2023-10-13 15:01:22,379 - tune.py [line:103] - INFO: Epoch 00760 | Time(s) 1.1619 | Val Loss 0.4532 | Val Acc 0.8114 | ETputs(KTEPS) 15885.43
2023-10-13 15:01:46,070 - tune.py [line:103] - INFO: Epoch 00780 | Time(s) 1.1625 | Val Loss 0.4483 | Val Acc 0.8133 | ETputs(KTEPS) 15877.55
2023-10-13 15:02:09,402 - tune.py [line:103] - INFO: Epoch 00800 | Time(s) 1.1626 | Val Loss 0.4483 | Val Acc 0.8122 | ETputs(KTEPS) 15876.25
2023-10-13 15:02:32,691 - tune.py [line:103] - INFO: Epoch 00820 | Time(s) 1.1626 | Val Loss 0.4466 | Val Acc 0.8117 | ETputs(KTEPS) 15875.64
2023-10-13 15:02:56,011 - tune.py [line:103] - INFO: Epoch 00840 | Time(s) 1.1627 | Val Loss 0.4438 | Val Acc 0.8120 | ETputs(KTEPS) 15874.56
2023-10-13 15:03:19,426 - tune.py [line:103] - INFO: Epoch 00860 | Time(s) 1.1629 | Val Loss 0.4421 | Val Acc 0.8130 | ETputs(KTEPS) 15872.08
2023-10-13 15:03:42,430 - tune.py [line:103] - INFO: Epoch 00880 | Time(s) 1.1626 | Val Loss 0.4413 | Val Acc 0.8149 | ETputs(KTEPS) 15876.08
2023-10-13 15:04:05,435 - tune.py [line:103] - INFO: Epoch 00900 | Time(s) 1.1623 | Val Loss 0.4403 | Val Acc 0.8149 | ETputs(KTEPS) 15879.84
2023-10-13 15:04:28,534 - tune.py [line:103] - INFO: Epoch 00920 | Time(s) 1.1622 | Val Loss 0.4391 | Val Acc 0.8152 | ETputs(KTEPS) 15882.04
2023-10-13 15:04:51,866 - tune.py [line:103] - INFO: Epoch 00940 | Time(s) 1.1622 | Val Loss 0.4390 | Val Acc 0.8155 | ETputs(KTEPS) 15880.76
2023-10-13 15:05:15,168 - tune.py [line:103] - INFO: Epoch 00960 | Time(s) 1.1623 | Val Loss 0.4384 | Val Acc 0.8158 | ETputs(KTEPS) 15879.96
2023-10-13 15:05:38,359 - tune.py [line:103] - INFO: Epoch 00980 | Time(s) 1.1622 | Val Loss 0.4361 | Val Acc 0.8180 | ETputs(KTEPS) 15880.89
2023-10-13 15:06:01,665 - tune.py [line:103] - INFO: Epoch 01000 | Time(s) 1.1623 | Val Loss 0.4381 | Val Acc 0.8158 | ETputs(KTEPS) 15880.13
2023-10-13 15:06:24,897 - tune.py [line:103] - INFO: Epoch 01020 | Time(s) 1.1623 | Val Loss 0.4373 | Val Acc 0.8153 | ETputs(KTEPS) 15880.33
2023-10-13 15:06:48,140 - tune.py [line:103] - INFO: Epoch 01040 | Time(s) 1.1623 | Val Loss 0.4363 | Val Acc 0.8173 | ETputs(KTEPS) 15880.37
2023-10-13 15:07:11,410 - tune.py [line:103] - INFO: Epoch 01060 | Time(s) 1.1623 | Val Loss 0.4379 | Val Acc 0.8153 | ETputs(KTEPS) 15880.07
2023-10-13 15:07:34,377 - tune.py [line:103] - INFO: Epoch 01080 | Time(s) 1.1620 | Val Loss 0.4367 | Val Acc 0.8163 | ETputs(KTEPS) 15883.61
2023-10-13 15:07:57,682 - tune.py [line:103] - INFO: Epoch 01100 | Time(s) 1.1621 | Val Loss 0.4368 | Val Acc 0.8158 | ETputs(KTEPS) 15882.82
2023-10-13 15:08:20,857 - tune.py [line:103] - INFO: Epoch 01120 | Time(s) 1.1620 | Val Loss 0.4362 | Val Acc 0.8150 | ETputs(KTEPS) 15883.65
2023-10-13 15:08:45,937 - tune.py [line:103] - INFO: Epoch 01140 | Time(s) 1.1636 | Val Loss 0.4363 | Val Acc 0.8156 | ETputs(KTEPS) 15861.64
2023-10-13 15:09:09,364 - tune.py [line:103] - INFO: Epoch 01160 | Time(s) 1.1638 | Val Loss 0.4343 | Val Acc 0.8160 | ETputs(KTEPS) 15859.84
2023-10-13 15:09:32,741 - tune.py [line:103] - INFO: Epoch 01180 | Time(s) 1.1639 | Val Loss 0.4324 | Val Acc 0.8184 | ETputs(KTEPS) 15858.72
2023-10-13 15:09:55,834 - tune.py [line:103] - INFO: Epoch 01200 | Time(s) 1.1637 | Val Loss 0.4308 | Val Acc 0.8173 | ETputs(KTEPS) 15860.82
2023-10-13 15:10:18,969 - tune.py [line:103] - INFO: Epoch 01220 | Time(s) 1.1636 | Val Loss 0.4263 | Val Acc 0.8207 | ETputs(KTEPS) 15862.40
2023-10-13 15:10:41,969 - tune.py [line:103] - INFO: Epoch 01240 | Time(s) 1.1634 | Val Loss 0.4283 | Val Acc 0.8198 | ETputs(KTEPS) 15865.39
2023-10-13 15:11:05,554 - tune.py [line:103] - INFO: Epoch 01260 | Time(s) 1.1636 | Val Loss 0.4266 | Val Acc 0.8236 | ETputs(KTEPS) 15862.05
2023-10-13 15:11:28,779 - tune.py [line:103] - INFO: Epoch 01280 | Time(s) 1.1636 | Val Loss 0.4277 | Val Acc 0.8191 | ETputs(KTEPS) 15862.57
2023-10-13 15:11:52,599 - tune.py [line:103] - INFO: Epoch 01300 | Time(s) 1.1640 | Val Loss 0.4265 | Val Acc 0.8196 | ETputs(KTEPS) 15856.84
2023-10-13 15:12:16,232 - tune.py [line:103] - INFO: Epoch 01320 | Time(s) 1.1643 | Val Loss 0.4262 | Val Acc 0.8204 | ETputs(KTEPS) 15853.20
2023-10-13 15:12:39,101 - tune.py [line:103] - INFO: Epoch 01340 | Time(s) 1.1640 | Val Loss 0.4257 | Val Acc 0.8203 | ETputs(KTEPS) 15857.45
2023-10-13 15:13:02,229 - tune.py [line:103] - INFO: Epoch 01360 | Time(s) 1.1638 | Val Loss 0.4213 | Val Acc 0.8230 | ETputs(KTEPS) 15858.97
2023-10-13 15:13:25,708 - tune.py [line:103] - INFO: Epoch 01380 | Time(s) 1.1640 | Val Loss 0.4243 | Val Acc 0.8208 | ETputs(KTEPS) 15856.98
2023-10-13 15:13:49,161 - tune.py [line:103] - INFO: Epoch 01400 | Time(s) 1.1641 | Val Loss 0.4206 | Val Acc 0.8227 | ETputs(KTEPS) 15855.31
2023-10-13 15:14:12,479 - tune.py [line:103] - INFO: Epoch 01420 | Time(s) 1.1641 | Val Loss 0.4249 | Val Acc 0.8198 | ETputs(KTEPS) 15855.00
2023-10-13 15:14:36,015 - tune.py [line:103] - INFO: Epoch 01440 | Time(s) 1.1643 | Val Loss 0.4234 | Val Acc 0.8208 | ETputs(KTEPS) 15852.61
2023-10-13 15:14:59,302 - tune.py [line:103] - INFO: Epoch 01460 | Time(s) 1.1643 | Val Loss 0.4237 | Val Acc 0.8206 | ETputs(KTEPS) 15852.61
2023-10-13 15:15:22,673 - tune.py [line:103] - INFO: Epoch 01480 | Time(s) 1.1644 | Val Loss 0.4175 | Val Acc 0.8253 | ETputs(KTEPS) 15851.85
2023-10-13 15:15:45,833 - tune.py [line:103] - INFO: Epoch 01500 | Time(s) 1.1643 | Val Loss 0.4237 | Val Acc 0.8203 | ETputs(KTEPS) 15853.03
2023-10-13 15:16:08,881 - tune.py [line:103] - INFO: Epoch 01520 | Time(s) 1.1641 | Val Loss 0.4174 | Val Acc 0.8253 | ETputs(KTEPS) 15855.16
2023-10-13 15:16:32,149 - tune.py [line:103] - INFO: Epoch 01540 | Time(s) 1.1641 | Val Loss 0.4235 | Val Acc 0.8206 | ETputs(KTEPS) 15855.31
2023-10-13 15:16:55,216 - tune.py [line:103] - INFO: Epoch 01560 | Time(s) 1.1640 | Val Loss 0.4211 | Val Acc 0.8229 | ETputs(KTEPS) 15857.20
2023-10-13 15:17:18,278 - tune.py [line:103] - INFO: Epoch 01580 | Time(s) 1.1638 | Val Loss 0.4263 | Val Acc 0.8207 | ETputs(KTEPS) 15859.08
2023-10-13 15:17:41,837 - tune.py [line:103] - INFO: Epoch 01600 | Time(s) 1.1640 | Val Loss 0.4221 | Val Acc 0.8208 | ETputs(KTEPS) 15856.69
2023-10-13 15:18:04,949 - tune.py [line:103] - INFO: Epoch 01620 | Time(s) 1.1639 | Val Loss 0.4225 | Val Acc 0.8209 | ETputs(KTEPS) 15858.11
2023-10-13 15:18:28,189 - tune.py [line:103] - INFO: Epoch 01640 | Time(s) 1.1639 | Val Loss 0.4209 | Val Acc 0.8215 | ETputs(KTEPS) 15858.44
2023-10-13 15:18:51,678 - tune.py [line:103] - INFO: Epoch 01660 | Time(s) 1.1640 | Val Loss 0.4230 | Val Acc 0.8201 | ETputs(KTEPS) 15856.71
2023-10-13 15:19:15,093 - tune.py [line:103] - INFO: Epoch 01680 | Time(s) 1.1641 | Val Loss 0.4215 | Val Acc 0.8213 | ETputs(KTEPS) 15855.63
2023-10-13 15:19:38,269 - tune.py [line:103] - INFO: Epoch 01700 | Time(s) 1.1640 | Val Loss 0.4204 | Val Acc 0.8227 | ETputs(KTEPS) 15856.48
2023-10-13 15:20:01,716 - tune.py [line:103] - INFO: Epoch 01720 | Time(s) 1.1641 | Val Loss 0.4226 | Val Acc 0.8235 | ETputs(KTEPS) 15855.17
2023-10-13 15:20:25,027 - tune.py [line:103] - INFO: Epoch 01740 | Time(s) 1.1641 | Val Loss 0.4219 | Val Acc 0.8209 | ETputs(KTEPS) 15854.96
2023-10-13 15:20:48,735 - tune.py [line:103] - INFO: Epoch 01760 | Time(s) 1.1644 | Val Loss 0.4180 | Val Acc 0.8235 | ETputs(KTEPS) 15851.67
2023-10-13 15:21:12,409 - tune.py [line:103] - INFO: Epoch 01780 | Time(s) 1.1646 | Val Loss 0.4219 | Val Acc 0.8205 | ETputs(KTEPS) 15848.72
2023-10-13 15:21:35,486 - tune.py [line:103] - INFO: Epoch 01800 | Time(s) 1.1645 | Val Loss 0.4208 | Val Acc 0.8212 | ETputs(KTEPS) 15850.35
2023-10-13 15:21:59,161 - tune.py [line:103] - INFO: Epoch 01820 | Time(s) 1.1647 | Val Loss 0.4190 | Val Acc 0.8222 | ETputs(KTEPS) 15847.48
2023-10-13 15:21:59,515 - tune.py [line:117] - INFO: [FINAL MODEL] Val accuracy 82.53% \Val loss: 0.42
2023-10-13 15:21:59,868 - tune.py [line:119] - INFO: [FINAL MODEL] Test accuracy 82.71% \Test loss: 0.42
2023-10-13 15:21:59,869 - tune.py [line:144] - INFO: Acc on the first split (Validation Set): 0.8253
2023-10-13 15:21:59,869 - tune.py [line:145] - INFO: Acc on the first split (Test Set): 0.8271
