2023-10-13 17:18:37,342 - tune.py [line:203] - INFO: Namespace(seed=42, model='NormalNN', gpu=0, dataset='genius', logging=True, log_detail=True, log_detailedCh=False, id_log=1013014501, optuna_n_trials=202, n_epochs=2000, self_loop=False, udgraph=True, early_stop=True, patience=300, n_hidden=64, n_cv=1, start_cv=0, n_layers=8, lr1=0.03, lr2=0.01, wd1=0.0001, wd2=1e-06, dropout=0.0, dropout2=0.4, es_ckpt='chipLogSoftmax-genius_NormalNN-genius_trialNo24')
2023-10-13 17:18:37,610 - tune.py [line:128] - INFO: Split_seeds:[1824]
2023-10-13 17:18:37,610 - tune.py [line:129] - INFO: Model_seeds:[409]
2023-10-13 17:18:54,474 - tune.py [line:103] - INFO: Epoch 00020 | Time(s) 0.8318 | Val Loss 0.5611 | Val Acc 0.8154 | ETputs(KTEPS) 22189.20
2023-10-13 17:19:10,743 - tune.py [line:103] - INFO: Epoch 00040 | Time(s) 0.8226 | Val Loss 0.5100 | Val Acc 0.7894 | ETputs(KTEPS) 22437.31
2023-10-13 17:19:27,393 - tune.py [line:103] - INFO: Epoch 00060 | Time(s) 0.8259 | Val Loss 0.4986 | Val Acc 0.8298 | ETputs(KTEPS) 22349.49
2023-10-13 17:19:44,303 - tune.py [line:103] - INFO: Epoch 00080 | Time(s) 0.8305 | Val Loss 0.4958 | Val Acc 0.8363 | ETputs(KTEPS) 22224.53
2023-10-13 17:20:00,901 - tune.py [line:103] - INFO: Epoch 00100 | Time(s) 0.8303 | Val Loss 0.4935 | Val Acc 0.8361 | ETputs(KTEPS) 22229.06
2023-10-13 17:20:17,294 - tune.py [line:103] - INFO: Epoch 00120 | Time(s) 0.8285 | Val Loss 0.4921 | Val Acc 0.8389 | ETputs(KTEPS) 22277.87
2023-10-13 17:20:34,004 - tune.py [line:103] - INFO: Epoch 00140 | Time(s) 0.8295 | Val Loss 0.4899 | Val Acc 0.8382 | ETputs(KTEPS) 22251.10
2023-10-13 17:20:50,528 - tune.py [line:103] - INFO: Epoch 00160 | Time(s) 0.8291 | Val Loss 0.4875 | Val Acc 0.8414 | ETputs(KTEPS) 22262.75
2023-10-13 17:21:06,961 - tune.py [line:103] - INFO: Epoch 00180 | Time(s) 0.8282 | Val Loss 0.4849 | Val Acc 0.8407 | ETputs(KTEPS) 22286.83
2023-10-13 17:21:23,140 - tune.py [line:103] - INFO: Epoch 00200 | Time(s) 0.8262 | Val Loss 0.4800 | Val Acc 0.8440 | ETputs(KTEPS) 22339.26
2023-10-13 17:21:39,892 - tune.py [line:103] - INFO: Epoch 00220 | Time(s) 0.8272 | Val Loss 0.4759 | Val Acc 0.8468 | ETputs(KTEPS) 22313.41
2023-10-13 17:21:56,601 - tune.py [line:103] - INFO: Epoch 00240 | Time(s) 0.8278 | Val Loss 0.4714 | Val Acc 0.8516 | ETputs(KTEPS) 22297.21
2023-10-13 17:22:13,242 - tune.py [line:103] - INFO: Epoch 00260 | Time(s) 0.8281 | Val Loss 0.4688 | Val Acc 0.8498 | ETputs(KTEPS) 22289.28
2023-10-13 17:22:30,117 - tune.py [line:103] - INFO: Epoch 00280 | Time(s) 0.8292 | Val Loss 0.4643 | Val Acc 0.8536 | ETputs(KTEPS) 22259.30
2023-10-13 17:22:46,485 - tune.py [line:103] - INFO: Epoch 00300 | Time(s) 0.8284 | Val Loss 0.4603 | Val Acc 0.8615 | ETputs(KTEPS) 22279.82
2023-10-13 17:23:03,730 - tune.py [line:103] - INFO: Epoch 00320 | Time(s) 0.8305 | Val Loss 0.4561 | Val Acc 0.8674 | ETputs(KTEPS) 22225.07
2023-10-13 17:23:20,400 - tune.py [line:103] - INFO: Epoch 00340 | Time(s) 0.8306 | Val Loss 0.4524 | Val Acc 0.8665 | ETputs(KTEPS) 22220.53
2023-10-13 17:23:36,804 - tune.py [line:103] - INFO: Epoch 00360 | Time(s) 0.8300 | Val Loss 0.4482 | Val Acc 0.8707 | ETputs(KTEPS) 22236.65
2023-10-13 17:23:53,256 - tune.py [line:103] - INFO: Epoch 00380 | Time(s) 0.8296 | Val Loss 0.4442 | Val Acc 0.8744 | ETputs(KTEPS) 22248.49
2023-10-13 17:24:09,534 - tune.py [line:103] - INFO: Epoch 00400 | Time(s) 0.8288 | Val Loss 0.4409 | Val Acc 0.8759 | ETputs(KTEPS) 22270.53
2023-10-13 17:24:26,055 - tune.py [line:103] - INFO: Epoch 00420 | Time(s) 0.8286 | Val Loss 0.4385 | Val Acc 0.8736 | ETputs(KTEPS) 22274.58
2023-10-13 17:24:42,812 - tune.py [line:103] - INFO: Epoch 00440 | Time(s) 0.8290 | Val Loss 0.4333 | Val Acc 0.8774 | ETputs(KTEPS) 22263.51
2023-10-13 17:24:59,160 - tune.py [line:103] - INFO: Epoch 00460 | Time(s) 0.8285 | Val Loss 0.4298 | Val Acc 0.8783 | ETputs(KTEPS) 22277.69
2023-10-13 17:25:15,725 - tune.py [line:103] - INFO: Epoch 00480 | Time(s) 0.8285 | Val Loss 0.4319 | Val Acc 0.8713 | ETputs(KTEPS) 22278.13
2023-10-13 17:25:32,489 - tune.py [line:103] - INFO: Epoch 00500 | Time(s) 0.8289 | Val Loss 0.4250 | Val Acc 0.8769 | ETputs(KTEPS) 22267.73
2023-10-13 17:25:49,397 - tune.py [line:103] - INFO: Epoch 00520 | Time(s) 0.8295 | Val Loss 0.4213 | Val Acc 0.8788 | ETputs(KTEPS) 22250.71
2023-10-13 17:26:05,759 - tune.py [line:103] - INFO: Epoch 00540 | Time(s) 0.8291 | Val Loss 0.4173 | Val Acc 0.8795 | ETputs(KTEPS) 22262.59
2023-10-13 17:26:22,167 - tune.py [line:103] - INFO: Epoch 00560 | Time(s) 0.8287 | Val Loss 0.4140 | Val Acc 0.8803 | ETputs(KTEPS) 22271.36
2023-10-13 17:26:39,048 - tune.py [line:103] - INFO: Epoch 00580 | Time(s) 0.8293 | Val Loss 0.4130 | Val Acc 0.8799 | ETputs(KTEPS) 22257.29
2023-10-13 17:26:55,906 - tune.py [line:103] - INFO: Epoch 00600 | Time(s) 0.8297 | Val Loss 0.4276 | Val Acc 0.8798 | ETputs(KTEPS) 22245.26
2023-10-13 17:27:12,345 - tune.py [line:103] - INFO: Epoch 00620 | Time(s) 0.8295 | Val Loss 0.4270 | Val Acc 0.8787 | ETputs(KTEPS) 22252.04
2023-10-13 17:27:29,099 - tune.py [line:103] - INFO: Epoch 00640 | Time(s) 0.8297 | Val Loss 0.4022 | Val Acc 0.8804 | ETputs(KTEPS) 22245.20
2023-10-13 17:27:45,963 - tune.py [line:103] - INFO: Epoch 00660 | Time(s) 0.8301 | Val Loss 0.3971 | Val Acc 0.8809 | ETputs(KTEPS) 22234.34
2023-10-13 17:28:02,592 - tune.py [line:103] - INFO: Epoch 00680 | Time(s) 0.8302 | Val Loss 0.4039 | Val Acc 0.8653 | ETputs(KTEPS) 22233.38
2023-10-13 17:28:18,905 - tune.py [line:103] - INFO: Epoch 00700 | Time(s) 0.8297 | Val Loss 0.3937 | Val Acc 0.8735 | ETputs(KTEPS) 22244.52
2023-10-13 17:28:35,501 - tune.py [line:103] - INFO: Epoch 00720 | Time(s) 0.8297 | Val Loss 0.3881 | Val Acc 0.8775 | ETputs(KTEPS) 22244.50
2023-10-13 17:28:52,177 - tune.py [line:103] - INFO: Epoch 00740 | Time(s) 0.8299 | Val Loss 0.3833 | Val Acc 0.8791 | ETputs(KTEPS) 22241.62
2023-10-13 17:29:08,887 - tune.py [line:103] - INFO: Epoch 00760 | Time(s) 0.8300 | Val Loss 0.3798 | Val Acc 0.8796 | ETputs(KTEPS) 22237.64
2023-10-13 17:29:25,615 - tune.py [line:103] - INFO: Epoch 00780 | Time(s) 0.8302 | Val Loss 0.3754 | Val Acc 0.8801 | ETputs(KTEPS) 22233.28
2023-10-13 17:29:41,757 - tune.py [line:103] - INFO: Epoch 00800 | Time(s) 0.8296 | Val Loss 0.3738 | Val Acc 0.8782 | ETputs(KTEPS) 22248.76
2023-10-13 17:29:57,911 - tune.py [line:103] - INFO: Epoch 00820 | Time(s) 0.8291 | Val Loss 0.3705 | Val Acc 0.8778 | ETputs(KTEPS) 22263.13
2023-10-13 17:30:14,324 - tune.py [line:103] - INFO: Epoch 00840 | Time(s) 0.8289 | Val Loss 0.3674 | Val Acc 0.8795 | ETputs(KTEPS) 22268.53
2023-10-13 17:30:30,640 - tune.py [line:103] - INFO: Epoch 00860 | Time(s) 0.8285 | Val Loss 0.3652 | Val Acc 0.8796 | ETputs(KTEPS) 22276.70
2023-10-13 17:30:47,282 - tune.py [line:103] - INFO: Epoch 00880 | Time(s) 0.8286 | Val Loss 0.3596 | Val Acc 0.8800 | ETputs(KTEPS) 22274.55
2023-10-13 17:31:03,698 - tune.py [line:103] - INFO: Epoch 00900 | Time(s) 0.8285 | Val Loss 0.3646 | Val Acc 0.8726 | ETputs(KTEPS) 22279.27
2023-10-13 17:31:20,415 - tune.py [line:103] - INFO: Epoch 00920 | Time(s) 0.8286 | Val Loss 0.3623 | Val Acc 0.8724 | ETputs(KTEPS) 22274.97
2023-10-13 17:31:37,254 - tune.py [line:103] - INFO: Epoch 00940 | Time(s) 0.8289 | Val Loss 0.3589 | Val Acc 0.8744 | ETputs(KTEPS) 22267.37
2023-10-13 17:31:54,308 - tune.py [line:103] - INFO: Epoch 00960 | Time(s) 0.8294 | Val Loss 0.3535 | Val Acc 0.8756 | ETputs(KTEPS) 22254.07
2023-10-13 17:31:59,411 - tune.py [line:117] - INFO: [FINAL MODEL] Val accuracy 88.15% \Val loss: 0.4
2023-10-13 17:31:59,670 - tune.py [line:119] - INFO: [FINAL MODEL] Test accuracy 88.21% \Test loss: 0.4
2023-10-13 17:31:59,671 - tune.py [line:144] - INFO: Acc on the first split (Validation Set): 0.8815
2023-10-13 17:31:59,671 - tune.py [line:145] - INFO: Acc on the first split (Test Set): 0.8821
