2023-10-13 15:57:43,517 - tune.py [line:203] - INFO: Namespace(seed=42, model='NormalNN', gpu=0, dataset='genius', logging=True, log_detail=True, log_detailedCh=False, id_log=1013014501, optuna_n_trials=202, n_epochs=2000, self_loop=False, udgraph=True, early_stop=True, patience=300, n_hidden=64, n_cv=1, start_cv=0, n_layers=12, lr1=0.01, lr2=0.005, wd1=1e-08, wd2=1e-07, dropout=0.9, dropout2=0.6, es_ckpt='chipLogSoftmax-genius_NormalNN-genius_trialNo7')
2023-10-13 15:57:43,791 - tune.py [line:128] - INFO: Split_seeds:[1824]
2023-10-13 15:57:43,791 - tune.py [line:129] - INFO: Model_seeds:[409]
2023-10-13 15:58:12,332 - tune.py [line:103] - INFO: Epoch 00020 | Time(s) 1.4145 | Val Loss 0.6410 | Val Acc 0.2473 | ETputs(KTEPS) 13048.74
2023-10-13 15:58:40,362 - tune.py [line:103] - INFO: Epoch 00040 | Time(s) 1.4075 | Val Loss 0.5957 | Val Acc 0.2788 | ETputs(KTEPS) 13113.63
2023-10-13 15:59:08,671 - tune.py [line:103] - INFO: Epoch 00060 | Time(s) 1.4097 | Val Loss 0.5612 | Val Acc 0.3340 | ETputs(KTEPS) 13093.31
2023-10-13 15:59:36,790 - tune.py [line:103] - INFO: Epoch 00080 | Time(s) 1.4086 | Val Loss 0.5372 | Val Acc 0.3682 | ETputs(KTEPS) 13103.69
2023-10-13 16:00:03,921 - tune.py [line:103] - INFO: Epoch 00100 | Time(s) 1.3981 | Val Loss 0.5218 | Val Acc 0.3778 | ETputs(KTEPS) 13201.66
2023-10-13 16:00:32,000 - tune.py [line:103] - INFO: Epoch 00120 | Time(s) 1.3989 | Val Loss 0.5126 | Val Acc 0.3993 | ETputs(KTEPS) 13194.21
2023-10-13 16:01:00,277 - tune.py [line:103] - INFO: Epoch 00140 | Time(s) 1.4010 | Val Loss 0.5080 | Val Acc 0.4064 | ETputs(KTEPS) 13174.40
2023-10-13 16:01:28,130 - tune.py [line:103] - INFO: Epoch 00160 | Time(s) 1.3999 | Val Loss 0.5056 | Val Acc 0.4215 | ETputs(KTEPS) 13184.93
2023-10-13 16:01:54,930 - tune.py [line:103] - INFO: Epoch 00180 | Time(s) 1.3931 | Val Loss 0.5041 | Val Acc 0.4461 | ETputs(KTEPS) 13248.77
2023-10-13 16:02:22,584 - tune.py [line:103] - INFO: Epoch 00200 | Time(s) 1.3920 | Val Loss 0.5035 | Val Acc 0.4582 | ETputs(KTEPS) 13259.63
2023-10-13 16:02:50,676 - tune.py [line:103] - INFO: Epoch 00220 | Time(s) 1.3931 | Val Loss 0.5022 | Val Acc 0.5118 | ETputs(KTEPS) 13249.13
2023-10-13 16:03:18,668 - tune.py [line:103] - INFO: Epoch 00240 | Time(s) 1.3936 | Val Loss 0.5049 | Val Acc 0.4728 | ETputs(KTEPS) 13244.30
2023-10-13 16:03:46,663 - tune.py [line:103] - INFO: Epoch 00260 | Time(s) 1.3941 | Val Loss 0.5025 | Val Acc 0.5346 | ETputs(KTEPS) 13240.08
2023-10-13 16:04:14,373 - tune.py [line:103] - INFO: Epoch 00280 | Time(s) 1.3934 | Val Loss 0.5045 | Val Acc 0.5266 | ETputs(KTEPS) 13245.93
2023-10-13 16:04:41,432 - tune.py [line:103] - INFO: Epoch 00300 | Time(s) 1.3907 | Val Loss 0.5079 | Val Acc 0.4740 | ETputs(KTEPS) 13271.70
2023-10-13 16:05:09,366 - tune.py [line:103] - INFO: Epoch 00320 | Time(s) 1.3911 | Val Loss 0.5087 | Val Acc 0.4880 | ETputs(KTEPS) 13268.17
2023-10-13 16:05:37,351 - tune.py [line:103] - INFO: Epoch 00340 | Time(s) 1.3916 | Val Loss 0.5093 | Val Acc 0.4734 | ETputs(KTEPS) 13263.64
2023-10-13 16:06:05,459 - tune.py [line:103] - INFO: Epoch 00360 | Time(s) 1.3923 | Val Loss 0.5126 | Val Acc 0.4450 | ETputs(KTEPS) 13256.35
2023-10-13 16:06:32,754 - tune.py [line:103] - INFO: Epoch 00380 | Time(s) 1.3909 | Val Loss 0.5101 | Val Acc 0.4755 | ETputs(KTEPS) 13270.20
2023-10-13 16:07:00,728 - tune.py [line:103] - INFO: Epoch 00400 | Time(s) 1.3913 | Val Loss 0.5138 | Val Acc 0.4487 | ETputs(KTEPS) 13266.51
2023-10-13 16:07:29,184 - tune.py [line:103] - INFO: Epoch 00420 | Time(s) 1.3928 | Val Loss 0.5105 | Val Acc 0.4896 | ETputs(KTEPS) 13252.23
2023-10-13 16:07:56,795 - tune.py [line:103] - INFO: Epoch 00440 | Time(s) 1.3922 | Val Loss 0.5128 | Val Acc 0.4680 | ETputs(KTEPS) 13257.56
2023-10-13 16:08:24,520 - tune.py [line:103] - INFO: Epoch 00460 | Time(s) 1.3920 | Val Loss 0.5139 | Val Acc 0.4619 | ETputs(KTEPS) 13260.06
2023-10-13 16:08:52,518 - tune.py [line:103] - INFO: Epoch 00480 | Time(s) 1.3923 | Val Loss 0.5150 | Val Acc 0.4550 | ETputs(KTEPS) 13256.94
2023-10-13 16:09:20,812 - tune.py [line:103] - INFO: Epoch 00500 | Time(s) 1.3932 | Val Loss 0.5155 | Val Acc 0.4623 | ETputs(KTEPS) 13248.44
2023-10-13 16:09:48,680 - tune.py [line:103] - INFO: Epoch 00520 | Time(s) 1.3932 | Val Loss 0.5166 | Val Acc 0.4531 | ETputs(KTEPS) 13248.37
2023-10-13 16:10:15,931 - tune.py [line:103] - INFO: Epoch 00540 | Time(s) 1.3920 | Val Loss 0.5169 | Val Acc 0.4520 | ETputs(KTEPS) 13259.19
2023-10-13 16:10:33,259 - tune.py [line:117] - INFO: [FINAL MODEL] Val accuracy 55.22% \Val loss: 0.5
2023-10-13 16:10:33,674 - tune.py [line:119] - INFO: [FINAL MODEL] Test accuracy 55.25% \Test loss: 0.5
2023-10-13 16:10:33,675 - tune.py [line:144] - INFO: Acc on the first split (Validation Set): 0.5522
2023-10-13 16:10:33,675 - tune.py [line:145] - INFO: Acc on the first split (Test Set): 0.5525
