2023-10-13 22:57:12,347 - tune.py [line:203] - INFO: Namespace(seed=42, model='NormalNN', gpu=0, dataset='genius', logging=True, log_detail=True, log_detailedCh=False, id_log=1013014501, optuna_n_trials=202, n_epochs=2000, self_loop=False, udgraph=True, early_stop=True, patience=300, n_hidden=64, n_cv=1, start_cv=0, n_layers=8, lr1=0.05, lr2=0.005, wd1=1e-08, wd2=1e-08, dropout=0.0, dropout2=0.5, es_ckpt='chipLogSoftmax-genius_NormalNN-genius_trialNo107')
2023-10-13 22:57:12,608 - tune.py [line:128] - INFO: Split_seeds:[1824]
2023-10-13 22:57:12,608 - tune.py [line:129] - INFO: Model_seeds:[409]
2023-10-13 22:57:29,155 - tune.py [line:103] - INFO: Epoch 00020 | Time(s) 0.8153 | Val Loss 0.5167 | Val Acc 0.8397 | ETputs(KTEPS) 22638.89
2023-10-13 22:57:45,574 - tune.py [line:103] - INFO: Epoch 00040 | Time(s) 0.8176 | Val Loss 0.4914 | Val Acc 0.8465 | ETputs(KTEPS) 22574.65
2023-10-13 22:58:02,152 - tune.py [line:103] - INFO: Epoch 00060 | Time(s) 0.8210 | Val Loss 0.4811 | Val Acc 0.8749 | ETputs(KTEPS) 22481.47
2023-10-13 22:58:18,746 - tune.py [line:103] - INFO: Epoch 00080 | Time(s) 0.8229 | Val Loss 0.4654 | Val Acc 0.8902 | ETputs(KTEPS) 22429.46
2023-10-13 22:58:35,002 - tune.py [line:103] - INFO: Epoch 00100 | Time(s) 0.8208 | Val Loss 0.4481 | Val Acc 0.8898 | ETputs(KTEPS) 22485.88
2023-10-13 22:58:51,611 - tune.py [line:103] - INFO: Epoch 00120 | Time(s) 0.8224 | Val Loss 0.4320 | Val Acc 0.8875 | ETputs(KTEPS) 22442.27
2023-10-13 22:59:08,280 - tune.py [line:103] - INFO: Epoch 00140 | Time(s) 0.8240 | Val Loss 0.4197 | Val Acc 0.8879 | ETputs(KTEPS) 22399.70
2023-10-13 22:59:25,315 - tune.py [line:103] - INFO: Epoch 00160 | Time(s) 0.8275 | Val Loss 0.4087 | Val Acc 0.8882 | ETputs(KTEPS) 22305.92
2023-10-13 22:59:41,826 - tune.py [line:103] - INFO: Epoch 00180 | Time(s) 0.8272 | Val Loss 0.3988 | Val Acc 0.8891 | ETputs(KTEPS) 22311.72
2023-10-13 22:59:58,369 - tune.py [line:103] - INFO: Epoch 00200 | Time(s) 0.8272 | Val Loss 0.3898 | Val Acc 0.8897 | ETputs(KTEPS) 22311.99
2023-10-13 23:00:14,516 - tune.py [line:103] - INFO: Epoch 00220 | Time(s) 0.8254 | Val Loss 0.3811 | Val Acc 0.8903 | ETputs(KTEPS) 22361.07
2023-10-13 23:00:30,582 - tune.py [line:103] - INFO: Epoch 00240 | Time(s) 0.8236 | Val Loss 0.3728 | Val Acc 0.8909 | ETputs(KTEPS) 22411.60
2023-10-13 23:00:47,003 - tune.py [line:103] - INFO: Epoch 00260 | Time(s) 0.8233 | Val Loss 0.3650 | Val Acc 0.8911 | ETputs(KTEPS) 22417.53
2023-10-13 23:01:03,526 - tune.py [line:103] - INFO: Epoch 00280 | Time(s) 0.8235 | Val Loss 0.3573 | Val Acc 0.8910 | ETputs(KTEPS) 22412.71
2023-10-13 23:01:19,855 - tune.py [line:103] - INFO: Epoch 00300 | Time(s) 0.8230 | Val Loss 0.3504 | Val Acc 0.8910 | ETputs(KTEPS) 22425.83
2023-10-13 23:01:36,286 - tune.py [line:103] - INFO: Epoch 00320 | Time(s) 0.8229 | Val Loss 0.3455 | Val Acc 0.8913 | ETputs(KTEPS) 22428.66
2023-10-13 23:01:52,834 - tune.py [line:103] - INFO: Epoch 00340 | Time(s) 0.8232 | Val Loss 0.3399 | Val Acc 0.8909 | ETputs(KTEPS) 22421.58
2023-10-13 23:02:09,026 - tune.py [line:103] - INFO: Epoch 00360 | Time(s) 0.8224 | Val Loss 0.3357 | Val Acc 0.8907 | ETputs(KTEPS) 22442.26
2023-10-13 23:02:25,416 - tune.py [line:103] - INFO: Epoch 00380 | Time(s) 0.8223 | Val Loss 0.3325 | Val Acc 0.8904 | ETputs(KTEPS) 22446.54
2023-10-13 23:02:41,906 - tune.py [line:103] - INFO: Epoch 00400 | Time(s) 0.8224 | Val Loss 0.3293 | Val Acc 0.8903 | ETputs(KTEPS) 22443.52
2023-10-13 23:02:58,323 - tune.py [line:103] - INFO: Epoch 00420 | Time(s) 0.8223 | Val Loss 0.3268 | Val Acc 0.8906 | ETputs(KTEPS) 22445.58
2023-10-13 23:03:15,245 - tune.py [line:103] - INFO: Epoch 00440 | Time(s) 0.8234 | Val Loss 0.3249 | Val Acc 0.8898 | ETputs(KTEPS) 22416.14
2023-10-13 23:03:32,211 - tune.py [line:103] - INFO: Epoch 00460 | Time(s) 0.8245 | Val Loss 0.3219 | Val Acc 0.8901 | ETputs(KTEPS) 22386.77
2023-10-13 23:03:48,933 - tune.py [line:103] - INFO: Epoch 00480 | Time(s) 0.8250 | Val Loss 0.3213 | Val Acc 0.8906 | ETputs(KTEPS) 22373.66
2023-10-13 23:04:05,660 - tune.py [line:103] - INFO: Epoch 00500 | Time(s) 0.8254 | Val Loss 0.3190 | Val Acc 0.8908 | ETputs(KTEPS) 22361.37
2023-10-13 23:04:22,129 - tune.py [line:103] - INFO: Epoch 00520 | Time(s) 0.8253 | Val Loss 0.3216 | Val Acc 0.8902 | ETputs(KTEPS) 22363.44
2023-10-13 23:04:38,239 - tune.py [line:103] - INFO: Epoch 00540 | Time(s) 0.8246 | Val Loss 0.3190 | Val Acc 0.8902 | ETputs(KTEPS) 22383.38
2023-10-13 23:04:54,775 - tune.py [line:103] - INFO: Epoch 00560 | Time(s) 0.8247 | Val Loss 0.3174 | Val Acc 0.8907 | ETputs(KTEPS) 22381.32
2023-10-13 23:05:11,735 - tune.py [line:103] - INFO: Epoch 00580 | Time(s) 0.8255 | Val Loss 0.3195 | Val Acc 0.8903 | ETputs(KTEPS) 22359.52
2023-10-13 23:05:28,372 - tune.py [line:103] - INFO: Epoch 00600 | Time(s) 0.8257 | Val Loss 0.3158 | Val Acc 0.8911 | ETputs(KTEPS) 22353.82
2023-10-13 23:05:32,747 - tune.py [line:117] - INFO: [FINAL MODEL] Val accuracy 89.16% \Val loss: 0.35
2023-10-13 23:05:33,003 - tune.py [line:119] - INFO: [FINAL MODEL] Test accuracy 89.04% \Test loss: 0.35
2023-10-13 23:05:33,003 - tune.py [line:144] - INFO: Acc on the first split (Validation Set): 0.8916
2023-10-13 23:05:33,003 - tune.py [line:145] - INFO: Acc on the first split (Test Set): 0.8904
