2023-10-13 23:21:14,803 - tune.py [line:203] - INFO: Namespace(seed=42, model='NormalNN', gpu=0, dataset='genius', logging=True, log_detail=True, log_detailedCh=False, id_log=1013014501, optuna_n_trials=202, n_epochs=2000, self_loop=False, udgraph=True, early_stop=True, patience=300, n_hidden=64, n_cv=1, start_cv=0, n_layers=8, lr1=0.03, lr2=0.0005, wd1=1e-08, wd2=1e-08, dropout=0.0, dropout2=0.3, es_ckpt='chipLogSoftmax-genius_NormalNN-genius_trialNo128')
2023-10-13 23:21:15,065 - tune.py [line:128] - INFO: Split_seeds:[1824]
2023-10-13 23:21:15,065 - tune.py [line:129] - INFO: Model_seeds:[409]
2023-10-13 23:21:31,747 - tune.py [line:103] - INFO: Epoch 00020 | Time(s) 0.8220 | Val Loss 0.5619 | Val Acc 0.8486 | ETputs(KTEPS) 22453.72
2023-10-13 23:21:48,259 - tune.py [line:103] - INFO: Epoch 00040 | Time(s) 0.8236 | Val Loss 0.5097 | Val Acc 0.8516 | ETputs(KTEPS) 22411.00
2023-10-13 23:22:04,623 - tune.py [line:103] - INFO: Epoch 00060 | Time(s) 0.8214 | Val Loss 0.4965 | Val Acc 0.8664 | ETputs(KTEPS) 22469.56
2023-10-13 23:22:20,874 - tune.py [line:103] - INFO: Epoch 00080 | Time(s) 0.8189 | Val Loss 0.4929 | Val Acc 0.8839 | ETputs(KTEPS) 22538.28
2023-10-13 23:22:37,250 - tune.py [line:103] - INFO: Epoch 00100 | Time(s) 0.8187 | Val Loss 0.4902 | Val Acc 0.8924 | ETputs(KTEPS) 22544.23
2023-10-13 23:22:53,474 - tune.py [line:103] - INFO: Epoch 00120 | Time(s) 0.8174 | Val Loss 0.4872 | Val Acc 0.8947 | ETputs(KTEPS) 22581.56
2023-10-13 23:23:09,812 - tune.py [line:103] - INFO: Epoch 00140 | Time(s) 0.8173 | Val Loss 0.4835 | Val Acc 0.8946 | ETputs(KTEPS) 22584.37
2023-10-13 23:23:26,197 - tune.py [line:103] - INFO: Epoch 00160 | Time(s) 0.8175 | Val Loss 0.4794 | Val Acc 0.8936 | ETputs(KTEPS) 22577.75
2023-10-13 23:23:42,613 - tune.py [line:103] - INFO: Epoch 00180 | Time(s) 0.8179 | Val Loss 0.4753 | Val Acc 0.8920 | ETputs(KTEPS) 22567.61
2023-10-13 23:23:58,865 - tune.py [line:103] - INFO: Epoch 00200 | Time(s) 0.8173 | Val Loss 0.4715 | Val Acc 0.8906 | ETputs(KTEPS) 22582.37
2023-10-13 23:24:15,335 - tune.py [line:103] - INFO: Epoch 00220 | Time(s) 0.8179 | Val Loss 0.4671 | Val Acc 0.8892 | ETputs(KTEPS) 22566.93
2023-10-13 23:24:31,916 - tune.py [line:103] - INFO: Epoch 00240 | Time(s) 0.8188 | Val Loss 0.4627 | Val Acc 0.8882 | ETputs(KTEPS) 22541.36
2023-10-13 23:24:48,368 - tune.py [line:103] - INFO: Epoch 00260 | Time(s) 0.8191 | Val Loss 0.4587 | Val Acc 0.8874 | ETputs(KTEPS) 22533.49
2023-10-13 23:25:04,844 - tune.py [line:103] - INFO: Epoch 00280 | Time(s) 0.8194 | Val Loss 0.4558 | Val Acc 0.8871 | ETputs(KTEPS) 22524.31
2023-10-13 23:25:21,233 - tune.py [line:103] - INFO: Epoch 00300 | Time(s) 0.8194 | Val Loss 0.4521 | Val Acc 0.8865 | ETputs(KTEPS) 22524.39
2023-10-13 23:25:37,612 - tune.py [line:103] - INFO: Epoch 00320 | Time(s) 0.8194 | Val Loss 0.4484 | Val Acc 0.8854 | ETputs(KTEPS) 22525.26
2023-10-13 23:25:54,343 - tune.py [line:103] - INFO: Epoch 00340 | Time(s) 0.8204 | Val Loss 0.4443 | Val Acc 0.8848 | ETputs(KTEPS) 22497.62
2023-10-13 23:26:10,393 - tune.py [line:103] - INFO: Epoch 00360 | Time(s) 0.8194 | Val Loss 0.4414 | Val Acc 0.8848 | ETputs(KTEPS) 22525.00
2023-10-13 23:26:26,812 - tune.py [line:103] - INFO: Epoch 00380 | Time(s) 0.8195 | Val Loss 0.4383 | Val Acc 0.8846 | ETputs(KTEPS) 22522.83
2023-10-13 23:26:42,981 - tune.py [line:103] - INFO: Epoch 00400 | Time(s) 0.8189 | Val Loss 0.4358 | Val Acc 0.8843 | ETputs(KTEPS) 22538.12
2023-10-13 23:26:59,329 - tune.py [line:103] - INFO: Epoch 00420 | Time(s) 0.8189 | Val Loss 0.4336 | Val Acc 0.8854 | ETputs(KTEPS) 22540.16
2023-10-13 23:27:09,415 - tune.py [line:117] - INFO: [FINAL MODEL] Val accuracy 89.52% \Val loss: 0.48
2023-10-13 23:27:09,671 - tune.py [line:119] - INFO: [FINAL MODEL] Test accuracy 89.43% \Test loss: 0.49
2023-10-13 23:27:09,671 - tune.py [line:144] - INFO: Acc on the first split (Validation Set): 0.8952
2023-10-13 23:27:09,671 - tune.py [line:145] - INFO: Acc on the first split (Test Set): 0.8943
