2023-10-13 13:56:24,216 - tune.py [line:203] - INFO: Namespace(seed=42, model='NormalNN', gpu=0, dataset='genius', logging=True, log_detail=True, log_detailedCh=False, id_log=1013014501, optuna_n_trials=202, n_epochs=2000, self_loop=False, udgraph=True, early_stop=True, patience=300, n_hidden=64, n_cv=1, start_cv=0, n_layers=16, lr1=0.01, lr2=0.02, wd1=1e-07, wd2=1e-06, dropout=0.1, dropout2=0.4, es_ckpt='chipLogSoftmax-genius_NormalNN-genius_trialNo3')
2023-10-13 13:56:26,656 - tune.py [line:128] - INFO: Split_seeds:[1824]
2023-10-13 13:56:26,657 - tune.py [line:129] - INFO: Model_seeds:[409]
2023-10-13 13:56:57,289 - tune.py [line:103] - INFO: Epoch 00020 | Time(s) 1.5183 | Val Loss 0.6368 | Val Acc 0.5549 | ETputs(KTEPS) 12156.69
2023-10-13 13:57:27,756 - tune.py [line:103] - INFO: Epoch 00040 | Time(s) 1.5206 | Val Loss 0.5811 | Val Acc 0.5586 | ETputs(KTEPS) 12138.02
2023-10-13 13:57:57,606 - tune.py [line:103] - INFO: Epoch 00060 | Time(s) 1.5108 | Val Loss 0.5377 | Val Acc 0.5874 | ETputs(KTEPS) 12216.94
2023-10-13 13:58:27,578 - tune.py [line:103] - INFO: Epoch 00080 | Time(s) 1.5073 | Val Loss 0.5095 | Val Acc 0.6329 | ETputs(KTEPS) 12245.67
2023-10-13 13:58:57,608 - tune.py [line:103] - INFO: Epoch 00100 | Time(s) 1.5058 | Val Loss 0.4924 | Val Acc 0.6786 | ETputs(KTEPS) 12257.78
2023-10-13 13:59:27,576 - tune.py [line:103] - INFO: Epoch 00120 | Time(s) 1.5042 | Val Loss 0.4789 | Val Acc 0.7228 | ETputs(KTEPS) 12270.19
2023-10-13 13:59:57,753 - tune.py [line:103] - INFO: Epoch 00140 | Time(s) 1.5046 | Val Loss 0.4661 | Val Acc 0.7613 | ETputs(KTEPS) 12267.32
2023-10-13 14:00:28,107 - tune.py [line:103] - INFO: Epoch 00160 | Time(s) 1.5060 | Val Loss 0.4564 | Val Acc 0.7964 | ETputs(KTEPS) 12256.01
2023-10-13 14:00:58,465 - tune.py [line:103] - INFO: Epoch 00180 | Time(s) 1.5071 | Val Loss 0.4460 | Val Acc 0.8270 | ETputs(KTEPS) 12246.63
2023-10-13 14:01:28,520 - tune.py [line:103] - INFO: Epoch 00200 | Time(s) 1.5066 | Val Loss 0.4369 | Val Acc 0.8460 | ETputs(KTEPS) 12251.14
2023-10-13 14:01:58,631 - tune.py [line:103] - INFO: Epoch 00220 | Time(s) 1.5063 | Val Loss 0.4286 | Val Acc 0.8629 | ETputs(KTEPS) 12253.08
2023-10-13 14:02:28,851 - tune.py [line:103] - INFO: Epoch 00240 | Time(s) 1.5066 | Val Loss 0.4221 | Val Acc 0.8702 | ETputs(KTEPS) 12251.07
2023-10-13 14:02:59,181 - tune.py [line:103] - INFO: Epoch 00260 | Time(s) 1.5072 | Val Loss 0.4159 | Val Acc 0.8756 | ETputs(KTEPS) 12245.91
2023-10-13 14:03:29,336 - tune.py [line:103] - INFO: Epoch 00280 | Time(s) 1.5071 | Val Loss 0.4106 | Val Acc 0.8803 | ETputs(KTEPS) 12246.54
2023-10-13 14:03:59,377 - tune.py [line:103] - INFO: Epoch 00300 | Time(s) 1.5068 | Val Loss 0.4056 | Val Acc 0.8827 | ETputs(KTEPS) 12249.60
2023-10-13 14:04:29,457 - tune.py [line:103] - INFO: Epoch 00320 | Time(s) 1.5066 | Val Loss 0.4011 | Val Acc 0.8840 | ETputs(KTEPS) 12251.30
2023-10-13 14:04:59,607 - tune.py [line:103] - INFO: Epoch 00340 | Time(s) 1.5065 | Val Loss 0.3944 | Val Acc 0.8866 | ETputs(KTEPS) 12251.66
2023-10-13 14:05:29,614 - tune.py [line:103] - INFO: Epoch 00360 | Time(s) 1.5061 | Val Loss 0.3898 | Val Acc 0.8872 | ETputs(KTEPS) 12254.79
2023-10-13 14:05:59,589 - tune.py [line:103] - INFO: Epoch 00380 | Time(s) 1.5057 | Val Loss 0.3849 | Val Acc 0.8880 | ETputs(KTEPS) 12258.29
2023-10-13 14:06:29,703 - tune.py [line:103] - INFO: Epoch 00400 | Time(s) 1.5057 | Val Loss 0.3812 | Val Acc 0.8883 | ETputs(KTEPS) 12258.47
2023-10-13 14:06:59,761 - tune.py [line:103] - INFO: Epoch 00420 | Time(s) 1.5055 | Val Loss 0.3757 | Val Acc 0.8892 | ETputs(KTEPS) 12259.96
2023-10-13 14:07:29,925 - tune.py [line:103] - INFO: Epoch 00440 | Time(s) 1.5056 | Val Loss 0.3715 | Val Acc 0.8884 | ETputs(KTEPS) 12259.09
2023-10-13 14:07:59,746 - tune.py [line:103] - INFO: Epoch 00460 | Time(s) 1.5050 | Val Loss 0.3667 | Val Acc 0.8891 | ETputs(KTEPS) 12264.35
2023-10-13 14:08:29,742 - tune.py [line:103] - INFO: Epoch 00480 | Time(s) 1.5047 | Val Loss 0.3625 | Val Acc 0.8897 | ETputs(KTEPS) 12266.27
2023-10-13 14:08:59,808 - tune.py [line:103] - INFO: Epoch 00500 | Time(s) 1.5046 | Val Loss 0.3582 | Val Acc 0.8902 | ETputs(KTEPS) 12266.93
2023-10-13 14:09:29,793 - tune.py [line:103] - INFO: Epoch 00520 | Time(s) 1.5044 | Val Loss 0.3553 | Val Acc 0.8908 | ETputs(KTEPS) 12268.76
2023-10-13 14:09:59,884 - tune.py [line:103] - INFO: Epoch 00540 | Time(s) 1.5044 | Val Loss 0.3521 | Val Acc 0.8907 | ETputs(KTEPS) 12268.75
2023-10-13 14:10:30,164 - tune.py [line:103] - INFO: Epoch 00560 | Time(s) 1.5048 | Val Loss 0.3491 | Val Acc 0.8911 | ETputs(KTEPS) 12265.99
2023-10-13 14:11:00,188 - tune.py [line:103] - INFO: Epoch 00580 | Time(s) 1.5046 | Val Loss 0.3482 | Val Acc 0.8905 | ETputs(KTEPS) 12267.00
2023-10-13 14:11:30,545 - tune.py [line:103] - INFO: Epoch 00600 | Time(s) 1.5051 | Val Loss 0.3467 | Val Acc 0.8906 | ETputs(KTEPS) 12263.43
2023-10-13 14:12:00,543 - tune.py [line:103] - INFO: Epoch 00620 | Time(s) 1.5049 | Val Loss 0.3436 | Val Acc 0.8908 | ETputs(KTEPS) 12264.83
2023-10-13 14:12:30,981 - tune.py [line:103] - INFO: Epoch 00640 | Time(s) 1.5054 | Val Loss 0.3425 | Val Acc 0.8907 | ETputs(KTEPS) 12260.52
2023-10-13 14:13:01,224 - tune.py [line:103] - INFO: Epoch 00660 | Time(s) 1.5056 | Val Loss 0.3412 | Val Acc 0.8914 | ETputs(KTEPS) 12259.03
2023-10-13 14:13:31,904 - tune.py [line:103] - INFO: Epoch 00680 | Time(s) 1.5064 | Val Loss 0.3402 | Val Acc 0.8912 | ETputs(KTEPS) 12252.26
2023-10-13 14:14:02,432 - tune.py [line:103] - INFO: Epoch 00700 | Time(s) 1.5070 | Val Loss 0.3381 | Val Acc 0.8915 | ETputs(KTEPS) 12247.76
2023-10-13 14:14:32,368 - tune.py [line:103] - INFO: Epoch 00720 | Time(s) 1.5067 | Val Loss 0.3374 | Val Acc 0.8917 | ETputs(KTEPS) 12250.11
2023-10-13 14:15:02,424 - tune.py [line:103] - INFO: Epoch 00740 | Time(s) 1.5066 | Val Loss 0.3362 | Val Acc 0.8912 | ETputs(KTEPS) 12251.01
2023-10-13 14:15:32,708 - tune.py [line:103] - INFO: Epoch 00760 | Time(s) 1.5068 | Val Loss 0.3333 | Val Acc 0.8931 | ETputs(KTEPS) 12249.50
2023-10-13 14:16:02,760 - tune.py [line:103] - INFO: Epoch 00780 | Time(s) 1.5067 | Val Loss 0.3337 | Val Acc 0.8930 | ETputs(KTEPS) 12250.39
2023-10-13 14:16:32,888 - tune.py [line:103] - INFO: Epoch 00800 | Time(s) 1.5067 | Val Loss 0.3328 | Val Acc 0.8932 | ETputs(KTEPS) 12250.46
2023-10-13 14:17:03,579 - tune.py [line:103] - INFO: Epoch 00820 | Time(s) 1.5073 | Val Loss 0.3323 | Val Acc 0.8928 | ETputs(KTEPS) 12244.95
2023-10-13 14:17:33,634 - tune.py [line:103] - INFO: Epoch 00840 | Time(s) 1.5072 | Val Loss 0.3329 | Val Acc 0.8918 | ETputs(KTEPS) 12245.84
2023-10-13 14:18:03,631 - tune.py [line:103] - INFO: Epoch 00860 | Time(s) 1.5071 | Val Loss 0.3308 | Val Acc 0.8942 | ETputs(KTEPS) 12247.28
2023-10-13 14:18:33,881 - tune.py [line:103] - INFO: Epoch 00880 | Time(s) 1.5072 | Val Loss 0.3298 | Val Acc 0.8940 | ETputs(KTEPS) 12246.31
2023-10-13 14:19:03,777 - tune.py [line:103] - INFO: Epoch 00900 | Time(s) 1.5069 | Val Loss 0.3289 | Val Acc 0.8941 | ETputs(KTEPS) 12248.56
2023-10-13 14:19:33,803 - tune.py [line:103] - INFO: Epoch 00920 | Time(s) 1.5068 | Val Loss 0.3281 | Val Acc 0.8947 | ETputs(KTEPS) 12249.65
2023-10-13 14:20:03,638 - tune.py [line:103] - INFO: Epoch 00940 | Time(s) 1.5064 | Val Loss 0.3281 | Val Acc 0.8944 | ETputs(KTEPS) 12252.29
2023-10-13 14:20:33,706 - tune.py [line:103] - INFO: Epoch 00960 | Time(s) 1.5064 | Val Loss 0.3265 | Val Acc 0.8959 | ETputs(KTEPS) 12252.94
2023-10-13 14:21:03,747 - tune.py [line:103] - INFO: Epoch 00980 | Time(s) 1.5063 | Val Loss 0.3253 | Val Acc 0.8961 | ETputs(KTEPS) 12253.72
2023-10-13 14:21:33,491 - tune.py [line:103] - INFO: Epoch 01000 | Time(s) 1.5059 | Val Loss 0.3256 | Val Acc 0.8961 | ETputs(KTEPS) 12256.84
2023-10-13 14:22:03,284 - tune.py [line:103] - INFO: Epoch 01020 | Time(s) 1.5056 | Val Loss 0.3244 | Val Acc 0.8967 | ETputs(KTEPS) 12259.46
2023-10-13 14:22:33,247 - tune.py [line:103] - INFO: Epoch 01040 | Time(s) 1.5054 | Val Loss 0.3234 | Val Acc 0.8973 | ETputs(KTEPS) 12260.67
2023-10-13 14:23:03,276 - tune.py [line:103] - INFO: Epoch 01060 | Time(s) 1.5053 | Val Loss 0.3219 | Val Acc 0.8971 | ETputs(KTEPS) 12261.30
2023-10-13 14:23:36,546 - tune.py [line:103] - INFO: Epoch 01080 | Time(s) 1.5083 | Val Loss 0.3219 | Val Acc 0.8978 | ETputs(KTEPS) 12237.56
2023-10-13 14:24:06,628 - tune.py [line:103] - INFO: Epoch 01100 | Time(s) 1.5082 | Val Loss 0.3211 | Val Acc 0.8982 | ETputs(KTEPS) 12238.19
2023-10-13 14:24:36,616 - tune.py [line:103] - INFO: Epoch 01120 | Time(s) 1.5080 | Val Loss 0.3222 | Val Acc 0.8977 | ETputs(KTEPS) 12239.47
2023-10-13 14:25:06,605 - tune.py [line:103] - INFO: Epoch 01140 | Time(s) 1.5079 | Val Loss 0.3222 | Val Acc 0.8983 | ETputs(KTEPS) 12240.74
2023-10-13 14:25:36,707 - tune.py [line:103] - INFO: Epoch 01160 | Time(s) 1.5078 | Val Loss 0.3203 | Val Acc 0.8976 | ETputs(KTEPS) 12241.14
2023-10-13 14:26:06,585 - tune.py [line:103] - INFO: Epoch 01180 | Time(s) 1.5076 | Val Loss 0.3201 | Val Acc 0.8982 | ETputs(KTEPS) 12243.06
2023-10-13 14:26:36,389 - tune.py [line:103] - INFO: Epoch 01200 | Time(s) 1.5073 | Val Loss 0.3222 | Val Acc 0.8975 | ETputs(KTEPS) 12245.42
2023-10-13 14:27:06,221 - tune.py [line:103] - INFO: Epoch 01220 | Time(s) 1.5070 | Val Loss 0.3203 | Val Acc 0.8974 | ETputs(KTEPS) 12247.53
2023-10-13 14:27:36,186 - tune.py [line:103] - INFO: Epoch 01240 | Time(s) 1.5069 | Val Loss 0.3175 | Val Acc 0.8960 | ETputs(KTEPS) 12248.70
2023-10-13 14:28:06,107 - tune.py [line:103] - INFO: Epoch 01260 | Time(s) 1.5067 | Val Loss 0.3166 | Val Acc 0.8967 | ETputs(KTEPS) 12250.11
2023-10-13 14:28:35,926 - tune.py [line:103] - INFO: Epoch 01280 | Time(s) 1.5065 | Val Loss 0.3141 | Val Acc 0.8967 | ETputs(KTEPS) 12252.12
2023-10-13 14:29:05,844 - tune.py [line:103] - INFO: Epoch 01300 | Time(s) 1.5063 | Val Loss 0.3125 | Val Acc 0.8971 | ETputs(KTEPS) 12253.45
2023-10-13 14:29:35,795 - tune.py [line:103] - INFO: Epoch 01320 | Time(s) 1.5062 | Val Loss 0.3112 | Val Acc 0.8977 | ETputs(KTEPS) 12254.54
2023-10-13 14:30:05,638 - tune.py [line:103] - INFO: Epoch 01340 | Time(s) 1.5060 | Val Loss 0.3100 | Val Acc 0.8963 | ETputs(KTEPS) 12256.25
2023-10-13 14:30:35,534 - tune.py [line:103] - INFO: Epoch 01360 | Time(s) 1.5058 | Val Loss 0.3090 | Val Acc 0.8969 | ETputs(KTEPS) 12257.59
2023-10-13 14:31:05,427 - tune.py [line:103] - INFO: Epoch 01380 | Time(s) 1.5056 | Val Loss 0.3080 | Val Acc 0.8971 | ETputs(KTEPS) 12258.91
2023-10-13 14:31:35,362 - tune.py [line:103] - INFO: Epoch 01400 | Time(s) 1.5055 | Val Loss 0.3075 | Val Acc 0.8966 | ETputs(KTEPS) 12259.95
2023-10-13 14:32:05,505 - tune.py [line:103] - INFO: Epoch 01420 | Time(s) 1.5055 | Val Loss 0.3092 | Val Acc 0.8969 | ETputs(KTEPS) 12259.77
2023-10-13 14:32:35,815 - tune.py [line:103] - INFO: Epoch 01440 | Time(s) 1.5057 | Val Loss 0.3061 | Val Acc 0.8978 | ETputs(KTEPS) 12258.66
2023-10-13 14:33:05,715 - tune.py [line:103] - INFO: Epoch 01460 | Time(s) 1.5055 | Val Loss 0.3061 | Val Acc 0.8980 | ETputs(KTEPS) 12259.85
2023-10-13 14:33:35,690 - tune.py [line:103] - INFO: Epoch 01480 | Time(s) 1.5054 | Val Loss 0.3053 | Val Acc 0.8987 | ETputs(KTEPS) 12260.62
2023-10-13 14:34:05,459 - tune.py [line:103] - INFO: Epoch 01500 | Time(s) 1.5052 | Val Loss 0.3045 | Val Acc 0.8986 | ETputs(KTEPS) 12262.51
2023-10-13 14:34:35,345 - tune.py [line:103] - INFO: Epoch 01520 | Time(s) 1.5050 | Val Loss 0.3036 | Val Acc 0.8984 | ETputs(KTEPS) 12263.69
2023-10-13 14:35:05,292 - tune.py [line:103] - INFO: Epoch 01540 | Time(s) 1.5049 | Val Loss 0.3038 | Val Acc 0.8985 | ETputs(KTEPS) 12264.51
2023-10-13 14:35:35,657 - tune.py [line:103] - INFO: Epoch 01560 | Time(s) 1.5051 | Val Loss 0.3038 | Val Acc 0.8987 | ETputs(KTEPS) 12263.14
2023-10-13 14:36:05,427 - tune.py [line:103] - INFO: Epoch 01580 | Time(s) 1.5049 | Val Loss 0.3026 | Val Acc 0.8986 | ETputs(KTEPS) 12264.86
2023-10-13 14:36:35,563 - tune.py [line:103] - INFO: Epoch 01600 | Time(s) 1.5049 | Val Loss 0.3028 | Val Acc 0.8985 | ETputs(KTEPS) 12264.68
2023-10-13 14:37:05,519 - tune.py [line:103] - INFO: Epoch 01620 | Time(s) 1.5048 | Val Loss 0.3055 | Val Acc 0.8974 | ETputs(KTEPS) 12265.44
2023-10-13 14:37:35,583 - tune.py [line:103] - INFO: Epoch 01640 | Time(s) 1.5048 | Val Loss 0.3032 | Val Acc 0.8980 | ETputs(KTEPS) 12265.61
2023-10-13 14:38:05,611 - tune.py [line:103] - INFO: Epoch 01660 | Time(s) 1.5048 | Val Loss 0.3022 | Val Acc 0.8980 | ETputs(KTEPS) 12265.95
2023-10-13 14:38:35,468 - tune.py [line:103] - INFO: Epoch 01680 | Time(s) 1.5046 | Val Loss 0.3017 | Val Acc 0.8981 | ETputs(KTEPS) 12267.12
2023-10-13 14:39:05,286 - tune.py [line:103] - INFO: Epoch 01700 | Time(s) 1.5045 | Val Loss 0.3009 | Val Acc 0.8999 | ETputs(KTEPS) 12268.44
2023-10-13 14:39:35,125 - tune.py [line:103] - INFO: Epoch 01720 | Time(s) 1.5043 | Val Loss 0.3018 | Val Acc 0.8994 | ETputs(KTEPS) 12269.65
2023-10-13 14:40:04,961 - tune.py [line:103] - INFO: Epoch 01740 | Time(s) 1.5042 | Val Loss 0.3024 | Val Acc 0.8978 | ETputs(KTEPS) 12270.83
2023-10-13 14:40:35,115 - tune.py [line:103] - INFO: Epoch 01760 | Time(s) 1.5042 | Val Loss 0.3030 | Val Acc 0.8975 | ETputs(KTEPS) 12270.51
2023-10-13 14:41:04,905 - tune.py [line:103] - INFO: Epoch 01780 | Time(s) 1.5040 | Val Loss 0.3007 | Val Acc 0.8983 | ETputs(KTEPS) 12271.86
2023-10-13 14:41:34,820 - tune.py [line:103] - INFO: Epoch 01800 | Time(s) 1.5039 | Val Loss 0.3001 | Val Acc 0.8987 | ETputs(KTEPS) 12272.63
2023-10-13 14:42:04,820 - tune.py [line:103] - INFO: Epoch 01820 | Time(s) 1.5039 | Val Loss 0.3006 | Val Acc 0.8980 | ETputs(KTEPS) 12272.98
2023-10-13 14:42:34,567 - tune.py [line:103] - INFO: Epoch 01840 | Time(s) 1.5037 | Val Loss 0.3013 | Val Acc 0.8968 | ETputs(KTEPS) 12274.46
2023-10-13 14:43:04,535 - tune.py [line:103] - INFO: Epoch 01860 | Time(s) 1.5037 | Val Loss 0.3018 | Val Acc 0.8976 | ETputs(KTEPS) 12274.93
2023-10-13 14:43:34,706 - tune.py [line:103] - INFO: Epoch 01880 | Time(s) 1.5037 | Val Loss 0.3004 | Val Acc 0.8979 | ETputs(KTEPS) 12274.51
2023-10-13 14:44:04,583 - tune.py [line:103] - INFO: Epoch 01900 | Time(s) 1.5036 | Val Loss 0.2991 | Val Acc 0.8986 | ETputs(KTEPS) 12275.36
2023-10-13 14:44:34,279 - tune.py [line:103] - INFO: Epoch 01920 | Time(s) 1.5034 | Val Loss 0.2981 | Val Acc 0.8994 | ETputs(KTEPS) 12276.97
2023-10-13 14:45:04,238 - tune.py [line:103] - INFO: Epoch 01940 | Time(s) 1.5034 | Val Loss 0.2979 | Val Acc 0.8996 | ETputs(KTEPS) 12277.44
2023-10-13 14:45:34,233 - tune.py [line:103] - INFO: Epoch 01960 | Time(s) 1.5033 | Val Loss 0.2969 | Val Acc 0.8996 | ETputs(KTEPS) 12277.75
2023-10-13 14:46:07,335 - tune.py [line:103] - INFO: Epoch 01980 | Time(s) 1.5048 | Val Loss 0.2973 | Val Acc 0.8991 | ETputs(KTEPS) 12265.26
2023-10-13 14:46:37,349 - tune.py [line:103] - INFO: Epoch 02000 | Time(s) 1.5048 | Val Loss 0.2974 | Val Acc 0.8999 | ETputs(KTEPS) 12265.61
2023-10-13 14:46:37,798 - tune.py [line:117] - INFO: [FINAL MODEL] Val accuracy 90.07% \Val loss: 0.3
2023-10-13 14:46:38,251 - tune.py [line:119] - INFO: [FINAL MODEL] Test accuracy 90.05% \Test loss: 0.3
2023-10-13 14:46:38,252 - tune.py [line:144] - INFO: Acc on the first split (Validation Set): 0.9007
2023-10-13 14:46:38,252 - tune.py [line:145] - INFO: Acc on the first split (Test Set): 0.9005
