2023-10-13 22:10:52,272 - tune.py [line:203] - INFO: Namespace(seed=42, model='NormalNN', gpu=0, dataset='genius', logging=True, log_detail=True, log_detailedCh=False, id_log=1013014501, optuna_n_trials=202, n_epochs=2000, self_loop=False, udgraph=True, early_stop=True, patience=300, n_hidden=64, n_cv=1, start_cv=0, n_layers=8, lr1=0.03, lr2=0.0005, wd1=1e-08, wd2=1e-08, dropout=0.0, dropout2=0.4, es_ckpt='chipLogSoftmax-genius_NormalNN-genius_trialNo96')
2023-10-13 22:10:52,534 - tune.py [line:128] - INFO: Split_seeds:[1824]
2023-10-13 22:10:52,534 - tune.py [line:129] - INFO: Model_seeds:[409]
2023-10-13 22:11:09,112 - tune.py [line:103] - INFO: Epoch 00020 | Time(s) 0.8170 | Val Loss 0.5619 | Val Acc 0.8480 | ETputs(KTEPS) 22592.29
2023-10-13 22:11:25,775 - tune.py [line:103] - INFO: Epoch 00040 | Time(s) 0.8248 | Val Loss 0.5093 | Val Acc 0.8513 | ETputs(KTEPS) 22378.15
2023-10-13 22:11:42,145 - tune.py [line:103] - INFO: Epoch 00060 | Time(s) 0.8223 | Val Loss 0.4960 | Val Acc 0.8661 | ETputs(KTEPS) 22446.02
2023-10-13 22:11:58,347 - tune.py [line:103] - INFO: Epoch 00080 | Time(s) 0.8190 | Val Loss 0.4923 | Val Acc 0.8844 | ETputs(KTEPS) 22536.51
2023-10-13 22:12:14,585 - tune.py [line:103] - INFO: Epoch 00100 | Time(s) 0.8174 | Val Loss 0.4893 | Val Acc 0.8923 | ETputs(KTEPS) 22581.62
2023-10-13 22:12:31,047 - tune.py [line:103] - INFO: Epoch 00120 | Time(s) 0.8182 | Val Loss 0.4861 | Val Acc 0.8956 | ETputs(KTEPS) 22559.03
2023-10-13 22:12:47,365 - tune.py [line:103] - INFO: Epoch 00140 | Time(s) 0.8178 | Val Loss 0.4822 | Val Acc 0.8959 | ETputs(KTEPS) 22569.90
2023-10-13 22:13:04,006 - tune.py [line:103] - INFO: Epoch 00160 | Time(s) 0.8196 | Val Loss 0.4782 | Val Acc 0.8952 | ETputs(KTEPS) 22520.82
2023-10-13 22:13:20,469 - tune.py [line:103] - INFO: Epoch 00180 | Time(s) 0.8200 | Val Loss 0.4737 | Val Acc 0.8940 | ETputs(KTEPS) 22509.94
2023-10-13 22:13:36,614 - tune.py [line:103] - INFO: Epoch 00200 | Time(s) 0.8187 | Val Loss 0.4694 | Val Acc 0.8929 | ETputs(KTEPS) 22545.11
2023-10-13 22:13:52,990 - tune.py [line:103] - INFO: Epoch 00220 | Time(s) 0.8187 | Val Loss 0.4654 | Val Acc 0.8918 | ETputs(KTEPS) 22544.82
2023-10-13 22:14:09,157 - tune.py [line:103] - INFO: Epoch 00240 | Time(s) 0.8178 | Val Loss 0.4610 | Val Acc 0.8908 | ETputs(KTEPS) 22568.68
2023-10-13 22:14:25,915 - tune.py [line:103] - INFO: Epoch 00260 | Time(s) 0.8194 | Val Loss 0.4567 | Val Acc 0.8898 | ETputs(KTEPS) 22526.23
2023-10-13 22:14:43,225 - tune.py [line:103] - INFO: Epoch 00280 | Time(s) 0.8227 | Val Loss 0.4523 | Val Acc 0.8893 | ETputs(KTEPS) 22436.12
2023-10-13 22:14:59,872 - tune.py [line:103] - INFO: Epoch 00300 | Time(s) 0.8233 | Val Loss 0.4483 | Val Acc 0.8889 | ETputs(KTEPS) 22418.57
2023-10-13 22:15:16,334 - tune.py [line:103] - INFO: Epoch 00320 | Time(s) 0.8233 | Val Loss 0.4443 | Val Acc 0.8887 | ETputs(KTEPS) 22418.98
2023-10-13 22:15:32,385 - tune.py [line:103] - INFO: Epoch 00340 | Time(s) 0.8221 | Val Loss 0.4409 | Val Acc 0.8883 | ETputs(KTEPS) 22452.28
2023-10-13 22:15:48,564 - tune.py [line:103] - INFO: Epoch 00360 | Time(s) 0.8213 | Val Loss 0.4374 | Val Acc 0.8883 | ETputs(KTEPS) 22472.27
2023-10-13 22:16:04,815 - tune.py [line:103] - INFO: Epoch 00380 | Time(s) 0.8209 | Val Loss 0.4338 | Val Acc 0.8881 | ETputs(KTEPS) 22484.92
2023-10-13 22:16:21,360 - tune.py [line:103] - INFO: Epoch 00400 | Time(s) 0.8212 | Val Loss 0.4306 | Val Acc 0.8878 | ETputs(KTEPS) 22476.28
2023-10-13 22:16:37,749 - tune.py [line:103] - INFO: Epoch 00420 | Time(s) 0.8211 | Val Loss 0.4278 | Val Acc 0.8877 | ETputs(KTEPS) 22478.58
2023-10-13 22:16:49,339 - tune.py [line:117] - INFO: [FINAL MODEL] Val accuracy 89.62% \Val loss: 0.48
2023-10-13 22:16:49,593 - tune.py [line:119] - INFO: [FINAL MODEL] Test accuracy 89.51% \Test loss: 0.49
2023-10-13 22:16:49,594 - tune.py [line:144] - INFO: Acc on the first split (Validation Set): 0.8962
2023-10-13 22:16:49,594 - tune.py [line:145] - INFO: Acc on the first split (Test Set): 0.8951
