2023-10-14 00:01:13,818 - tune.py [line:203] - INFO: Namespace(seed=42, model='NormalNN', gpu=0, dataset='genius', logging=True, log_detail=True, log_detailedCh=False, id_log=1013014501, optuna_n_trials=202, n_epochs=2000, self_loop=False, udgraph=True, early_stop=True, patience=300, n_hidden=64, n_cv=1, start_cv=0, n_layers=8, lr1=0.04, lr2=0.0005, wd1=1e-08, wd2=1e-07, dropout=0.0, dropout2=0.4, es_ckpt='chipLogSoftmax-genius_NormalNN-genius_trialNo163')
2023-10-14 00:01:14,078 - tune.py [line:128] - INFO: Split_seeds:[1824]
2023-10-14 00:01:14,078 - tune.py [line:129] - INFO: Model_seeds:[409]
2023-10-14 00:01:30,521 - tune.py [line:103] - INFO: Epoch 00020 | Time(s) 0.8105 | Val Loss 0.5363 | Val Acc 0.8483 | ETputs(KTEPS) 22771.52
2023-10-14 00:01:46,908 - tune.py [line:103] - INFO: Epoch 00040 | Time(s) 0.8149 | Val Loss 0.4986 | Val Acc 0.8528 | ETputs(KTEPS) 22648.53
2023-10-14 00:02:03,274 - tune.py [line:103] - INFO: Epoch 00060 | Time(s) 0.8157 | Val Loss 0.4948 | Val Acc 0.8748 | ETputs(KTEPS) 22627.01
2023-10-14 00:02:19,747 - tune.py [line:103] - INFO: Epoch 00080 | Time(s) 0.8174 | Val Loss 0.4920 | Val Acc 0.8912 | ETputs(KTEPS) 22580.58
2023-10-14 00:02:36,281 - tune.py [line:103] - INFO: Epoch 00100 | Time(s) 0.8191 | Val Loss 0.4886 | Val Acc 0.8950 | ETputs(KTEPS) 22532.68
2023-10-14 00:02:52,989 - tune.py [line:103] - INFO: Epoch 00120 | Time(s) 0.8218 | Val Loss 0.4849 | Val Acc 0.8941 | ETputs(KTEPS) 22459.20
2023-10-14 00:03:09,492 - tune.py [line:103] - INFO: Epoch 00140 | Time(s) 0.8223 | Val Loss 0.4807 | Val Acc 0.8921 | ETputs(KTEPS) 22446.23
2023-10-14 00:03:26,092 - tune.py [line:103] - INFO: Epoch 00160 | Time(s) 0.8233 | Val Loss 0.4763 | Val Acc 0.8893 | ETputs(KTEPS) 22420.10
2023-10-14 00:03:42,487 - tune.py [line:103] - INFO: Epoch 00180 | Time(s) 0.8229 | Val Loss 0.4716 | Val Acc 0.8866 | ETputs(KTEPS) 22430.73
2023-10-14 00:03:59,124 - tune.py [line:103] - INFO: Epoch 00200 | Time(s) 0.8238 | Val Loss 0.4669 | Val Acc 0.8839 | ETputs(KTEPS) 22406.37
2023-10-14 00:04:15,642 - tune.py [line:103] - INFO: Epoch 00220 | Time(s) 0.8239 | Val Loss 0.4624 | Val Acc 0.8821 | ETputs(KTEPS) 22401.11
2023-10-14 00:04:32,136 - tune.py [line:103] - INFO: Epoch 00240 | Time(s) 0.8240 | Val Loss 0.4580 | Val Acc 0.8797 | ETputs(KTEPS) 22399.48
2023-10-14 00:04:48,488 - tune.py [line:103] - INFO: Epoch 00260 | Time(s) 0.8235 | Val Loss 0.4538 | Val Acc 0.8783 | ETputs(KTEPS) 22413.01
2023-10-14 00:05:04,945 - tune.py [line:103] - INFO: Epoch 00280 | Time(s) 0.8235 | Val Loss 0.4498 | Val Acc 0.8768 | ETputs(KTEPS) 22414.38
2023-10-14 00:05:21,627 - tune.py [line:103] - INFO: Epoch 00300 | Time(s) 0.8242 | Val Loss 0.4463 | Val Acc 0.8763 | ETputs(KTEPS) 22395.16
2023-10-14 00:05:38,294 - tune.py [line:103] - INFO: Epoch 00320 | Time(s) 0.8247 | Val Loss 0.4434 | Val Acc 0.8757 | ETputs(KTEPS) 22379.65
2023-10-14 00:05:54,517 - tune.py [line:103] - INFO: Epoch 00340 | Time(s) 0.8239 | Val Loss 0.4404 | Val Acc 0.8743 | ETputs(KTEPS) 22401.38
2023-10-14 00:06:11,071 - tune.py [line:103] - INFO: Epoch 00360 | Time(s) 0.8241 | Val Loss 0.4376 | Val Acc 0.8741 | ETputs(KTEPS) 22395.77
2023-10-14 00:06:27,522 - tune.py [line:103] - INFO: Epoch 00380 | Time(s) 0.8241 | Val Loss 0.4347 | Val Acc 0.8735 | ETputs(KTEPS) 22398.11
2023-10-14 00:06:44,512 - tune.py [line:103] - INFO: Epoch 00400 | Time(s) 0.8253 | Val Loss 0.4324 | Val Acc 0.8729 | ETputs(KTEPS) 22363.63
2023-10-14 00:06:45,625 - tune.py [line:117] - INFO: [FINAL MODEL] Val accuracy 89.52% \Val loss: 0.49
2023-10-14 00:06:45,880 - tune.py [line:119] - INFO: [FINAL MODEL] Test accuracy 89.43% \Test loss: 0.49
2023-10-14 00:06:45,880 - tune.py [line:144] - INFO: Acc on the first split (Validation Set): 0.8952
2023-10-14 00:06:45,880 - tune.py [line:145] - INFO: Acc on the first split (Test Set): 0.8943
