2023-10-14 00:54:22,828 - tune.py [line:203] - INFO: Namespace(seed=42, model='NormalNN', gpu=0, dataset='genius', logging=True, log_detail=True, log_detailedCh=False, id_log=1013014501, optuna_n_trials=202, n_epochs=2000, self_loop=False, udgraph=True, early_stop=True, patience=300, n_hidden=64, n_cv=1, start_cv=0, n_layers=8, lr1=0.04, lr2=0.0005, wd1=1e-08, wd2=1e-07, dropout=0.0, dropout2=0.3, es_ckpt='chipLogSoftmax-genius_NormalNN-genius_trialNo199')
2023-10-14 00:54:23,085 - tune.py [line:128] - INFO: Split_seeds:[1824]
2023-10-14 00:54:23,085 - tune.py [line:129] - INFO: Model_seeds:[409]
2023-10-14 00:54:39,595 - tune.py [line:103] - INFO: Epoch 00020 | Time(s) 0.8139 | Val Loss 0.5362 | Val Acc 0.8483 | ETputs(KTEPS) 22678.54
2023-10-14 00:54:55,980 - tune.py [line:103] - INFO: Epoch 00040 | Time(s) 0.8164 | Val Loss 0.4984 | Val Acc 0.8517 | ETputs(KTEPS) 22607.57
2023-10-14 00:55:12,002 - tune.py [line:103] - INFO: Epoch 00060 | Time(s) 0.8110 | Val Loss 0.4940 | Val Acc 0.8735 | ETputs(KTEPS) 22758.89
2023-10-14 00:55:28,628 - tune.py [line:103] - INFO: Epoch 00080 | Time(s) 0.8157 | Val Loss 0.4909 | Val Acc 0.8903 | ETputs(KTEPS) 22626.26
2023-10-14 00:55:45,034 - tune.py [line:103] - INFO: Epoch 00100 | Time(s) 0.8165 | Val Loss 0.4872 | Val Acc 0.8951 | ETputs(KTEPS) 22606.24
2023-10-14 00:56:01,552 - tune.py [line:103] - INFO: Epoch 00120 | Time(s) 0.8180 | Val Loss 0.4831 | Val Acc 0.8961 | ETputs(KTEPS) 22563.92
2023-10-14 00:56:18,356 - tune.py [line:103] - INFO: Epoch 00140 | Time(s) 0.8212 | Val Loss 0.4786 | Val Acc 0.8948 | ETputs(KTEPS) 22476.91
2023-10-14 00:56:34,841 - tune.py [line:103] - INFO: Epoch 00160 | Time(s) 0.8216 | Val Loss 0.4739 | Val Acc 0.8930 | ETputs(KTEPS) 22466.48
2023-10-14 00:56:51,158 - tune.py [line:103] - INFO: Epoch 00180 | Time(s) 0.8209 | Val Loss 0.4687 | Val Acc 0.8910 | ETputs(KTEPS) 22483.93
2023-10-14 00:57:07,371 - tune.py [line:103] - INFO: Epoch 00200 | Time(s) 0.8199 | Val Loss 0.4638 | Val Acc 0.8896 | ETputs(KTEPS) 22512.11
2023-10-14 00:57:24,026 - tune.py [line:103] - INFO: Epoch 00220 | Time(s) 0.8210 | Val Loss 0.4586 | Val Acc 0.8885 | ETputs(KTEPS) 22480.20
2023-10-14 00:57:40,552 - tune.py [line:103] - INFO: Epoch 00240 | Time(s) 0.8215 | Val Loss 0.4540 | Val Acc 0.8874 | ETputs(KTEPS) 22468.22
2023-10-14 00:57:56,817 - tune.py [line:103] - INFO: Epoch 00260 | Time(s) 0.8209 | Val Loss 0.4492 | Val Acc 0.8865 | ETputs(KTEPS) 22485.66
2023-10-14 00:58:13,222 - tune.py [line:103] - INFO: Epoch 00280 | Time(s) 0.8208 | Val Loss 0.4454 | Val Acc 0.8864 | ETputs(KTEPS) 22486.89
2023-10-14 00:58:29,545 - tune.py [line:103] - INFO: Epoch 00300 | Time(s) 0.8205 | Val Loss 0.4417 | Val Acc 0.8855 | ETputs(KTEPS) 22495.49
2023-10-14 00:58:45,823 - tune.py [line:103] - INFO: Epoch 00320 | Time(s) 0.8201 | Val Loss 0.4383 | Val Acc 0.8861 | ETputs(KTEPS) 22506.83
2023-10-14 00:59:02,173 - tune.py [line:103] - INFO: Epoch 00340 | Time(s) 0.8199 | Val Loss 0.4364 | Val Acc 0.8865 | ETputs(KTEPS) 22511.09
2023-10-14 00:59:18,496 - tune.py [line:103] - INFO: Epoch 00360 | Time(s) 0.8197 | Val Loss 0.4325 | Val Acc 0.8862 | ETputs(KTEPS) 22516.85
2023-10-14 00:59:34,874 - tune.py [line:103] - INFO: Epoch 00380 | Time(s) 0.8197 | Val Loss 0.4289 | Val Acc 0.8854 | ETputs(KTEPS) 22518.11
2023-10-14 00:59:51,245 - tune.py [line:103] - INFO: Epoch 00400 | Time(s) 0.8196 | Val Loss 0.4264 | Val Acc 0.8860 | ETputs(KTEPS) 22519.69
2023-10-14 01:00:04,653 - tune.py [line:117] - INFO: [FINAL MODEL] Val accuracy 89.62% \Val loss: 0.48
2023-10-14 01:00:04,911 - tune.py [line:119] - INFO: [FINAL MODEL] Test accuracy 89.49% \Test loss: 0.49
2023-10-14 01:00:04,911 - tune.py [line:144] - INFO: Acc on the first split (Validation Set): 0.8962
2023-10-14 01:00:04,911 - tune.py [line:145] - INFO: Acc on the first split (Test Set): 0.8949
