2023-10-14 00:24:09,404 - tune.py [line:203] - INFO: Namespace(seed=42, model='NormalNN', gpu=0, dataset='genius', logging=True, log_detail=True, log_detailedCh=False, id_log=1013014501, optuna_n_trials=202, n_epochs=2000, self_loop=False, udgraph=True, early_stop=True, patience=300, n_hidden=64, n_cv=1, start_cv=0, n_layers=8, lr1=0.04, lr2=0.0005, wd1=1e-08, wd2=1e-06, dropout=0.0, dropout2=0.4, es_ckpt='chipLogSoftmax-genius_NormalNN-genius_trialNo174')
2023-10-14 00:24:09,661 - tune.py [line:128] - INFO: Split_seeds:[1824]
2023-10-14 00:24:09,661 - tune.py [line:129] - INFO: Model_seeds:[409]
2023-10-14 00:24:26,297 - tune.py [line:103] - INFO: Epoch 00020 | Time(s) 0.8199 | Val Loss 0.5363 | Val Acc 0.8483 | ETputs(KTEPS) 22512.64
2023-10-14 00:24:43,153 - tune.py [line:103] - INFO: Epoch 00040 | Time(s) 0.8313 | Val Loss 0.4986 | Val Acc 0.8527 | ETputs(KTEPS) 22202.09
2023-10-14 00:24:59,726 - tune.py [line:103] - INFO: Epoch 00060 | Time(s) 0.8301 | Val Loss 0.4947 | Val Acc 0.8764 | ETputs(KTEPS) 22235.62
2023-10-14 00:25:16,128 - tune.py [line:103] - INFO: Epoch 00080 | Time(s) 0.8273 | Val Loss 0.4918 | Val Acc 0.8922 | ETputs(KTEPS) 22310.05
2023-10-14 00:25:32,451 - tune.py [line:103] - INFO: Epoch 00100 | Time(s) 0.8250 | Val Loss 0.4885 | Val Acc 0.8948 | ETputs(KTEPS) 22373.68
2023-10-14 00:25:49,092 - tune.py [line:103] - INFO: Epoch 00120 | Time(s) 0.8261 | Val Loss 0.4847 | Val Acc 0.8936 | ETputs(KTEPS) 22341.99
2023-10-14 00:26:05,341 - tune.py [line:103] - INFO: Epoch 00140 | Time(s) 0.8242 | Val Loss 0.4804 | Val Acc 0.8915 | ETputs(KTEPS) 22395.16
2023-10-14 00:26:22,059 - tune.py [line:103] - INFO: Epoch 00160 | Time(s) 0.8256 | Val Loss 0.4759 | Val Acc 0.8887 | ETputs(KTEPS) 22355.48
2023-10-14 00:26:38,329 - tune.py [line:103] - INFO: Epoch 00180 | Time(s) 0.8243 | Val Loss 0.4714 | Val Acc 0.8858 | ETputs(KTEPS) 22392.16
2023-10-14 00:26:54,840 - tune.py [line:103] - INFO: Epoch 00200 | Time(s) 0.8244 | Val Loss 0.4664 | Val Acc 0.8834 | ETputs(KTEPS) 22388.84
2023-10-14 00:27:11,156 - tune.py [line:103] - INFO: Epoch 00220 | Time(s) 0.8236 | Val Loss 0.4622 | Val Acc 0.8812 | ETputs(KTEPS) 22410.08
2023-10-14 00:27:27,147 - tune.py [line:103] - INFO: Epoch 00240 | Time(s) 0.8216 | Val Loss 0.4579 | Val Acc 0.8798 | ETputs(KTEPS) 22464.87
2023-10-14 00:27:43,566 - tune.py [line:103] - INFO: Epoch 00260 | Time(s) 0.8216 | Val Loss 0.4540 | Val Acc 0.8779 | ETputs(KTEPS) 22466.38
2023-10-14 00:27:59,846 - tune.py [line:103] - INFO: Epoch 00280 | Time(s) 0.8210 | Val Loss 0.4497 | Val Acc 0.8773 | ETputs(KTEPS) 22481.15
2023-10-14 00:28:16,302 - tune.py [line:103] - INFO: Epoch 00300 | Time(s) 0.8211 | Val Loss 0.4465 | Val Acc 0.8757 | ETputs(KTEPS) 22477.95
2023-10-14 00:28:32,658 - tune.py [line:103] - INFO: Epoch 00320 | Time(s) 0.8209 | Val Loss 0.4437 | Val Acc 0.8751 | ETputs(KTEPS) 22483.71
2023-10-14 00:28:49,021 - tune.py [line:103] - INFO: Epoch 00340 | Time(s) 0.8208 | Val Loss 0.4401 | Val Acc 0.8745 | ETputs(KTEPS) 22488.21
2023-10-14 00:29:05,352 - tune.py [line:103] - INFO: Epoch 00360 | Time(s) 0.8205 | Val Loss 0.4376 | Val Acc 0.8741 | ETputs(KTEPS) 22494.70
2023-10-14 00:29:21,636 - tune.py [line:103] - INFO: Epoch 00380 | Time(s) 0.8202 | Val Loss 0.4352 | Val Acc 0.8734 | ETputs(KTEPS) 22503.91
2023-10-14 00:29:38,596 - tune.py [line:103] - INFO: Epoch 00400 | Time(s) 0.8216 | Val Loss 0.4323 | Val Acc 0.8740 | ETputs(KTEPS) 22465.85
2023-10-14 00:29:39,691 - tune.py [line:117] - INFO: [FINAL MODEL] Val accuracy 89.50% \Val loss: 0.49
2023-10-14 00:29:39,945 - tune.py [line:119] - INFO: [FINAL MODEL] Test accuracy 89.38% \Test loss: 0.49
2023-10-14 00:29:39,946 - tune.py [line:144] - INFO: Acc on the first split (Validation Set): 0.8950
2023-10-14 00:29:39,946 - tune.py [line:145] - INFO: Acc on the first split (Test Set): 0.8938
