2023-10-14 01:06:34,301 - tune.py [line:203] - INFO: Namespace(seed=42, model='NormalNN', gpu=0, dataset='genius', logging=True, log_detail=True, log_detailedCh=False, id_log=1013014501, optuna_n_trials=202, n_epochs=2000, self_loop=False, udgraph=True, early_stop=True, patience=300, n_hidden=64, n_cv=1, start_cv=0, n_layers=8, lr1=0.05, lr2=0.0005, wd1=1e-08, wd2=1e-07, dropout=0.0, dropout2=0.3, es_ckpt='chipLogSoftmax-genius_NormalNN-genius_trialNo204')
2023-10-14 01:06:34,558 - tune.py [line:128] - INFO: Split_seeds:[1824]
2023-10-14 01:06:34,558 - tune.py [line:129] - INFO: Model_seeds:[409]
2023-10-14 01:06:50,828 - tune.py [line:103] - INFO: Epoch 00020 | Time(s) 0.8020 | Val Loss 0.5185 | Val Acc 0.8480 | ETputs(KTEPS) 23015.56
2023-10-14 01:07:07,097 - tune.py [line:103] - INFO: Epoch 00040 | Time(s) 0.8075 | Val Loss 0.4964 | Val Acc 0.8537 | ETputs(KTEPS) 22857.15
2023-10-14 01:07:23,226 - tune.py [line:103] - INFO: Epoch 00060 | Time(s) 0.8069 | Val Loss 0.4939 | Val Acc 0.8832 | ETputs(KTEPS) 22875.80
2023-10-14 01:07:39,647 - tune.py [line:103] - INFO: Epoch 00080 | Time(s) 0.8102 | Val Loss 0.4900 | Val Acc 0.8946 | ETputs(KTEPS) 22782.40
2023-10-14 01:07:56,129 - tune.py [line:103] - INFO: Epoch 00100 | Time(s) 0.8129 | Val Loss 0.4858 | Val Acc 0.8956 | ETputs(KTEPS) 22706.64
2023-10-14 01:08:12,768 - tune.py [line:103] - INFO: Epoch 00120 | Time(s) 0.8160 | Val Loss 0.4813 | Val Acc 0.8930 | ETputs(KTEPS) 22618.28
2023-10-14 01:08:29,351 - tune.py [line:103] - INFO: Epoch 00140 | Time(s) 0.8179 | Val Loss 0.4764 | Val Acc 0.8907 | ETputs(KTEPS) 22566.52
2023-10-14 01:08:45,689 - tune.py [line:103] - INFO: Epoch 00160 | Time(s) 0.8178 | Val Loss 0.4706 | Val Acc 0.8877 | ETputs(KTEPS) 22570.12
2023-10-14 01:09:02,388 - tune.py [line:103] - INFO: Epoch 00180 | Time(s) 0.8197 | Val Loss 0.4660 | Val Acc 0.8856 | ETputs(KTEPS) 22517.63
2023-10-14 01:09:18,734 - tune.py [line:103] - INFO: Epoch 00200 | Time(s) 0.8194 | Val Loss 0.4613 | Val Acc 0.8844 | ETputs(KTEPS) 22524.35
2023-10-14 01:09:35,077 - tune.py [line:103] - INFO: Epoch 00220 | Time(s) 0.8192 | Val Loss 0.4564 | Val Acc 0.8828 | ETputs(KTEPS) 22530.07
2023-10-14 01:09:51,201 - tune.py [line:103] - INFO: Epoch 00240 | Time(s) 0.8181 | Val Loss 0.4519 | Val Acc 0.8815 | ETputs(KTEPS) 22560.09
2023-10-14 01:10:07,852 - tune.py [line:103] - INFO: Epoch 00260 | Time(s) 0.8192 | Val Loss 0.4473 | Val Acc 0.8807 | ETputs(KTEPS) 22529.62
2023-10-14 01:10:24,462 - tune.py [line:103] - INFO: Epoch 00280 | Time(s) 0.8200 | Val Loss 0.4444 | Val Acc 0.8810 | ETputs(KTEPS) 22507.67
2023-10-14 01:10:40,987 - tune.py [line:103] - INFO: Epoch 00300 | Time(s) 0.8205 | Val Loss 0.4415 | Val Acc 0.8804 | ETputs(KTEPS) 22496.35
2023-10-14 01:10:57,307 - tune.py [line:103] - INFO: Epoch 00320 | Time(s) 0.8202 | Val Loss 0.4376 | Val Acc 0.8795 | ETputs(KTEPS) 22504.05
2023-10-14 01:11:13,511 - tune.py [line:103] - INFO: Epoch 00340 | Time(s) 0.8196 | Val Loss 0.4347 | Val Acc 0.8788 | ETputs(KTEPS) 22520.25
2023-10-14 01:11:29,874 - tune.py [line:103] - INFO: Epoch 00360 | Time(s) 0.8195 | Val Loss 0.4326 | Val Acc 0.8791 | ETputs(KTEPS) 22522.51
2023-10-14 01:11:46,011 - tune.py [line:103] - INFO: Epoch 00380 | Time(s) 0.8188 | Val Loss 0.4290 | Val Acc 0.8787 | ETputs(KTEPS) 22540.90
2023-10-14 01:11:56,731 - tune.py [line:117] - INFO: [FINAL MODEL] Val accuracy 89.58% \Val loss: 0.49
2023-10-14 01:11:56,987 - tune.py [line:119] - INFO: [FINAL MODEL] Test accuracy 89.45% \Test loss: 0.49
2023-10-14 01:11:56,988 - tune.py [line:144] - INFO: Acc on the first split (Validation Set): 0.8958
2023-10-14 01:11:56,988 - tune.py [line:145] - INFO: Acc on the first split (Test Set): 0.8945
