2023-10-14 00:17:58,501 - tune.py [line:203] - INFO: Namespace(seed=42, model='NormalNN', gpu=0, dataset='genius', logging=True, log_detail=True, log_detailedCh=False, id_log=1013014501, optuna_n_trials=202, n_epochs=2000, self_loop=False, udgraph=True, early_stop=True, patience=300, n_hidden=64, n_cv=1, start_cv=0, n_layers=8, lr1=0.04, lr2=0.0005, wd1=1e-08, wd2=1e-06, dropout=0.0, dropout2=0.3, es_ckpt='chipLogSoftmax-genius_NormalNN-genius_trialNo170')
2023-10-14 00:17:58,760 - tune.py [line:128] - INFO: Split_seeds:[1824]
2023-10-14 00:17:58,760 - tune.py [line:129] - INFO: Model_seeds:[409]
2023-10-14 00:18:15,250 - tune.py [line:103] - INFO: Epoch 00020 | Time(s) 0.8128 | Val Loss 0.5362 | Val Acc 0.8483 | ETputs(KTEPS) 22708.43
2023-10-14 00:18:31,673 - tune.py [line:103] - INFO: Epoch 00040 | Time(s) 0.8169 | Val Loss 0.4984 | Val Acc 0.8519 | ETputs(KTEPS) 22595.30
2023-10-14 00:18:48,332 - tune.py [line:103] - INFO: Epoch 00060 | Time(s) 0.8219 | Val Loss 0.4941 | Val Acc 0.8744 | ETputs(KTEPS) 22457.81
2023-10-14 00:19:04,756 - tune.py [line:103] - INFO: Epoch 00080 | Time(s) 0.8214 | Val Loss 0.4909 | Val Acc 0.8904 | ETputs(KTEPS) 22470.51
2023-10-14 00:19:21,307 - tune.py [line:103] - INFO: Epoch 00100 | Time(s) 0.8225 | Val Loss 0.4872 | Val Acc 0.8955 | ETputs(KTEPS) 22441.05
2023-10-14 00:19:37,762 - tune.py [line:103] - INFO: Epoch 00120 | Time(s) 0.8225 | Val Loss 0.4830 | Val Acc 0.8956 | ETputs(KTEPS) 22440.73
2023-10-14 00:19:53,926 - tune.py [line:103] - INFO: Epoch 00140 | Time(s) 0.8204 | Val Loss 0.4786 | Val Acc 0.8947 | ETputs(KTEPS) 22496.69
2023-10-14 00:20:10,252 - tune.py [line:103] - INFO: Epoch 00160 | Time(s) 0.8199 | Val Loss 0.4742 | Val Acc 0.8934 | ETputs(KTEPS) 22511.13
2023-10-14 00:20:26,464 - tune.py [line:103] - INFO: Epoch 00180 | Time(s) 0.8189 | Val Loss 0.4693 | Val Acc 0.8916 | ETputs(KTEPS) 22539.65
2023-10-14 00:20:43,273 - tune.py [line:103] - INFO: Epoch 00200 | Time(s) 0.8210 | Val Loss 0.4639 | Val Acc 0.8900 | ETputs(KTEPS) 22480.55
2023-10-14 00:20:59,383 - tune.py [line:103] - INFO: Epoch 00220 | Time(s) 0.8196 | Val Loss 0.4590 | Val Acc 0.8882 | ETputs(KTEPS) 22519.34
2023-10-14 00:21:15,521 - tune.py [line:103] - INFO: Epoch 00240 | Time(s) 0.8186 | Val Loss 0.4540 | Val Acc 0.8876 | ETputs(KTEPS) 22548.59
2023-10-14 00:21:31,824 - tune.py [line:103] - INFO: Epoch 00260 | Time(s) 0.8183 | Val Loss 0.4496 | Val Acc 0.8873 | ETputs(KTEPS) 22555.88
2023-10-14 00:21:48,210 - tune.py [line:103] - INFO: Epoch 00280 | Time(s) 0.8184 | Val Loss 0.4464 | Val Acc 0.8871 | ETputs(KTEPS) 22553.98
2023-10-14 00:22:04,956 - tune.py [line:103] - INFO: Epoch 00300 | Time(s) 0.8196 | Val Loss 0.4427 | Val Acc 0.8865 | ETputs(KTEPS) 22519.33
2023-10-14 00:22:21,395 - tune.py [line:103] - INFO: Epoch 00320 | Time(s) 0.8198 | Val Loss 0.4390 | Val Acc 0.8864 | ETputs(KTEPS) 22515.41
2023-10-14 00:22:37,771 - tune.py [line:103] - INFO: Epoch 00340 | Time(s) 0.8197 | Val Loss 0.4358 | Val Acc 0.8867 | ETputs(KTEPS) 22517.00
2023-10-14 00:22:54,536 - tune.py [line:103] - INFO: Epoch 00360 | Time(s) 0.8207 | Val Loss 0.4320 | Val Acc 0.8856 | ETputs(KTEPS) 22488.75
2023-10-14 00:23:11,252 - tune.py [line:103] - INFO: Epoch 00380 | Time(s) 0.8215 | Val Loss 0.4289 | Val Acc 0.8854 | ETputs(KTEPS) 22467.12
2023-10-14 00:23:27,940 - tune.py [line:103] - INFO: Epoch 00400 | Time(s) 0.8222 | Val Loss 0.4265 | Val Acc 0.8864 | ETputs(KTEPS) 22449.60
2023-10-14 00:23:30,712 - tune.py [line:117] - INFO: [FINAL MODEL] Val accuracy 89.60% \Val loss: 0.49
2023-10-14 00:23:30,967 - tune.py [line:119] - INFO: [FINAL MODEL] Test accuracy 89.49% \Test loss: 0.49
2023-10-14 00:23:30,968 - tune.py [line:144] - INFO: Acc on the first split (Validation Set): 0.8960
2023-10-14 00:23:30,968 - tune.py [line:145] - INFO: Acc on the first split (Test Set): 0.8949
