2023-10-14 00:12:16,951 - tune.py [line:203] - INFO: Namespace(seed=42, model='NormalNN', gpu=0, dataset='genius', logging=True, log_detail=True, log_detailedCh=False, id_log=1013014501, optuna_n_trials=202, n_epochs=2000, self_loop=False, udgraph=True, early_stop=True, patience=300, n_hidden=64, n_cv=1, start_cv=0, n_layers=8, lr1=0.04, lr2=0.0005, wd1=1e-08, wd2=1e-06, dropout=0.0, dropout2=0.3, es_ckpt='chipLogSoftmax-genius_NormalNN-genius_trialNo169')
2023-10-14 00:12:17,208 - tune.py [line:128] - INFO: Split_seeds:[1824]
2023-10-14 00:12:17,208 - tune.py [line:129] - INFO: Model_seeds:[409]
2023-10-14 00:12:34,143 - tune.py [line:103] - INFO: Epoch 00020 | Time(s) 0.8351 | Val Loss 0.5362 | Val Acc 0.8482 | ETputs(KTEPS) 22103.12
2023-10-14 00:12:50,437 - tune.py [line:103] - INFO: Epoch 00040 | Time(s) 0.8247 | Val Loss 0.4984 | Val Acc 0.8518 | ETputs(KTEPS) 22379.34
2023-10-14 00:13:07,047 - tune.py [line:103] - INFO: Epoch 00060 | Time(s) 0.8263 | Val Loss 0.4940 | Val Acc 0.8745 | ETputs(KTEPS) 22336.47
2023-10-14 00:13:23,920 - tune.py [line:103] - INFO: Epoch 00080 | Time(s) 0.8304 | Val Loss 0.4909 | Val Acc 0.8902 | ETputs(KTEPS) 22227.72
2023-10-14 00:13:40,351 - tune.py [line:103] - INFO: Epoch 00100 | Time(s) 0.8284 | Val Loss 0.4872 | Val Acc 0.8957 | ETputs(KTEPS) 22279.87
2023-10-14 00:13:56,783 - tune.py [line:103] - INFO: Epoch 00120 | Time(s) 0.8272 | Val Loss 0.4831 | Val Acc 0.8953 | ETputs(KTEPS) 22312.16
2023-10-14 00:14:13,269 - tune.py [line:103] - INFO: Epoch 00140 | Time(s) 0.8268 | Val Loss 0.4786 | Val Acc 0.8946 | ETputs(KTEPS) 22323.59
2023-10-14 00:14:30,077 - tune.py [line:103] - INFO: Epoch 00160 | Time(s) 0.8285 | Val Loss 0.4738 | Val Acc 0.8927 | ETputs(KTEPS) 22278.03
2023-10-14 00:14:46,777 - tune.py [line:103] - INFO: Epoch 00180 | Time(s) 0.8292 | Val Loss 0.4686 | Val Acc 0.8907 | ETputs(KTEPS) 22258.63
2023-10-14 00:15:03,109 - tune.py [line:103] - INFO: Epoch 00200 | Time(s) 0.8280 | Val Loss 0.4638 | Val Acc 0.8893 | ETputs(KTEPS) 22292.71
2023-10-14 00:15:19,818 - tune.py [line:103] - INFO: Epoch 00220 | Time(s) 0.8286 | Val Loss 0.4587 | Val Acc 0.8884 | ETputs(KTEPS) 22274.41
2023-10-14 00:15:36,091 - tune.py [line:103] - INFO: Epoch 00240 | Time(s) 0.8274 | Val Loss 0.4544 | Val Acc 0.8876 | ETputs(KTEPS) 22308.16
2023-10-14 00:15:52,439 - tune.py [line:103] - INFO: Epoch 00260 | Time(s) 0.8266 | Val Loss 0.4499 | Val Acc 0.8870 | ETputs(KTEPS) 22328.91
2023-10-14 00:16:08,762 - tune.py [line:103] - INFO: Epoch 00280 | Time(s) 0.8259 | Val Loss 0.4467 | Val Acc 0.8872 | ETputs(KTEPS) 22349.23
2023-10-14 00:16:25,616 - tune.py [line:103] - INFO: Epoch 00300 | Time(s) 0.8270 | Val Loss 0.4423 | Val Acc 0.8858 | ETputs(KTEPS) 22318.89
2023-10-14 00:16:41,882 - tune.py [line:103] - INFO: Epoch 00320 | Time(s) 0.8261 | Val Loss 0.4392 | Val Acc 0.8859 | ETputs(KTEPS) 22342.06
2023-10-14 00:16:58,090 - tune.py [line:103] - INFO: Epoch 00340 | Time(s) 0.8252 | Val Loss 0.4357 | Val Acc 0.8860 | ETputs(KTEPS) 22367.19
2023-10-14 00:17:14,401 - tune.py [line:103] - INFO: Epoch 00360 | Time(s) 0.8247 | Val Loss 0.4332 | Val Acc 0.8864 | ETputs(KTEPS) 22381.78
2023-10-14 00:17:30,727 - tune.py [line:103] - INFO: Epoch 00380 | Time(s) 0.8242 | Val Loss 0.4297 | Val Acc 0.8865 | ETputs(KTEPS) 22393.72
2023-10-14 00:17:47,148 - tune.py [line:103] - INFO: Epoch 00400 | Time(s) 0.8241 | Val Loss 0.4263 | Val Acc 0.8864 | ETputs(KTEPS) 22398.11
2023-10-14 00:17:58,034 - tune.py [line:117] - INFO: [FINAL MODEL] Val accuracy 89.62% \Val loss: 0.48
2023-10-14 00:17:58,288 - tune.py [line:119] - INFO: [FINAL MODEL] Test accuracy 89.49% \Test loss: 0.49
2023-10-14 00:17:58,289 - tune.py [line:144] - INFO: Acc on the first split (Validation Set): 0.8962
2023-10-14 00:17:58,289 - tune.py [line:145] - INFO: Acc on the first split (Test Set): 0.8949
