2023-10-14 00:41:33,033 - tune.py [line:203] - INFO: Namespace(seed=42, model='NormalNN', gpu=0, dataset='genius', logging=True, log_detail=True, log_detailedCh=False, id_log=1013014501, optuna_n_trials=202, n_epochs=2000, self_loop=False, udgraph=True, early_stop=True, patience=300, n_hidden=64, n_cv=1, start_cv=0, n_layers=8, lr1=0.05, lr2=0.0005, wd1=1e-08, wd2=1e-06, dropout=0.0, dropout2=0.3, es_ckpt='chipLogSoftmax-genius_NormalNN-genius_trialNo185')
2023-10-14 00:41:33,296 - tune.py [line:128] - INFO: Split_seeds:[1824]
2023-10-14 00:41:33,296 - tune.py [line:129] - INFO: Model_seeds:[409]
2023-10-14 00:41:49,907 - tune.py [line:103] - INFO: Epoch 00020 | Time(s) 0.8188 | Val Loss 0.5185 | Val Acc 0.8479 | ETputs(KTEPS) 22541.65
2023-10-14 00:42:06,040 - tune.py [line:103] - INFO: Epoch 00040 | Time(s) 0.8125 | Val Loss 0.4964 | Val Acc 0.8536 | ETputs(KTEPS) 22716.35
2023-10-14 00:42:22,608 - tune.py [line:103] - INFO: Epoch 00060 | Time(s) 0.8175 | Val Loss 0.4940 | Val Acc 0.8823 | ETputs(KTEPS) 22578.88
2023-10-14 00:42:39,219 - tune.py [line:103] - INFO: Epoch 00080 | Time(s) 0.8204 | Val Loss 0.4901 | Val Acc 0.8947 | ETputs(KTEPS) 22496.66
2023-10-14 00:42:55,829 - tune.py [line:103] - INFO: Epoch 00100 | Time(s) 0.8223 | Val Loss 0.4859 | Val Acc 0.8956 | ETputs(KTEPS) 22445.19
2023-10-14 00:43:12,330 - tune.py [line:103] - INFO: Epoch 00120 | Time(s) 0.8228 | Val Loss 0.4812 | Val Acc 0.8936 | ETputs(KTEPS) 22432.93
2023-10-14 00:43:28,748 - tune.py [line:103] - INFO: Epoch 00140 | Time(s) 0.8225 | Val Loss 0.4764 | Val Acc 0.8909 | ETputs(KTEPS) 22440.42
2023-10-14 00:43:44,772 - tune.py [line:103] - INFO: Epoch 00160 | Time(s) 0.8198 | Val Loss 0.4712 | Val Acc 0.8884 | ETputs(KTEPS) 22513.42
2023-10-14 00:44:01,132 - tune.py [line:103] - INFO: Epoch 00180 | Time(s) 0.8196 | Val Loss 0.4658 | Val Acc 0.8859 | ETputs(KTEPS) 22519.14
2023-10-14 00:44:17,561 - tune.py [line:103] - INFO: Epoch 00200 | Time(s) 0.8198 | Val Loss 0.4608 | Val Acc 0.8836 | ETputs(KTEPS) 22514.28
2023-10-14 00:44:34,054 - tune.py [line:103] - INFO: Epoch 00220 | Time(s) 0.8202 | Val Loss 0.4571 | Val Acc 0.8833 | ETputs(KTEPS) 22502.26
2023-10-14 00:44:50,388 - tune.py [line:103] - INFO: Epoch 00240 | Time(s) 0.8199 | Val Loss 0.4528 | Val Acc 0.8826 | ETputs(KTEPS) 22510.37
2023-10-14 00:45:06,902 - tune.py [line:103] - INFO: Epoch 00260 | Time(s) 0.8204 | Val Loss 0.4485 | Val Acc 0.8814 | ETputs(KTEPS) 22498.34
2023-10-14 00:45:23,894 - tune.py [line:103] - INFO: Epoch 00280 | Time(s) 0.8225 | Val Loss 0.4447 | Val Acc 0.8807 | ETputs(KTEPS) 22441.34
2023-10-14 00:45:40,486 - tune.py [line:103] - INFO: Epoch 00300 | Time(s) 0.8229 | Val Loss 0.4407 | Val Acc 0.8796 | ETputs(KTEPS) 22428.42
2023-10-14 00:45:57,021 - tune.py [line:103] - INFO: Epoch 00320 | Time(s) 0.8232 | Val Loss 0.4371 | Val Acc 0.8783 | ETputs(KTEPS) 22422.00
2023-10-14 00:46:13,465 - tune.py [line:103] - INFO: Epoch 00340 | Time(s) 0.8231 | Val Loss 0.4339 | Val Acc 0.8783 | ETputs(KTEPS) 22423.64
2023-10-14 00:46:30,096 - tune.py [line:103] - INFO: Epoch 00360 | Time(s) 0.8236 | Val Loss 0.4312 | Val Acc 0.8784 | ETputs(KTEPS) 22410.97
2023-10-14 00:46:46,695 - tune.py [line:103] - INFO: Epoch 00380 | Time(s) 0.8239 | Val Loss 0.4292 | Val Acc 0.8787 | ETputs(KTEPS) 22401.91
2023-10-14 00:46:59,255 - tune.py [line:117] - INFO: [FINAL MODEL] Val accuracy 89.59% \Val loss: 0.49
2023-10-14 00:46:59,510 - tune.py [line:119] - INFO: [FINAL MODEL] Test accuracy 89.46% \Test loss: 0.49
2023-10-14 00:46:59,510 - tune.py [line:144] - INFO: Acc on the first split (Validation Set): 0.8959
2023-10-14 00:46:59,510 - tune.py [line:145] - INFO: Acc on the first split (Test Set): 0.8946
