2023-10-12 04:14:27,135 - tune.py [line:203] - INFO: Namespace(seed=42, model='GPRGNNV2', gpu=1, dataset='geom-squirrel', logging=True, log_detail=True, log_detailedCh=False, id_log=1012014504, optuna_n_trials=202, n_epochs=2000, self_loop=True, udgraph=True, early_stop=True, patience=300, n_hidden=64, n_cv=1, start_cv=0, n_layers=8, lr1=0.03, lr2=0.05, wd1=1e-06, wd2=1e-08, dropout=0.5, dropout2=0.7, alpha=0.7000000000000001, es_ckpt='TestTuningScript-geom-squirrel_GPRGNNV2-geom-squirrel_trialNo48')
2023-10-12 04:14:29,909 - tune.py [line:128] - INFO: Split_seeds:[1824]
2023-10-12 04:14:29,909 - tune.py [line:129] - INFO: Model_seeds:[409]
2023-10-12 04:14:31,846 - tune.py [line:103] - INFO: Epoch 00020 | Time(s) 0.0956 | Val Loss 1.4512 | Val Acc 0.3673 | ETputs(KTEPS) 42046.13
2023-10-12 04:14:33,764 - tune.py [line:103] - INFO: Epoch 00040 | Time(s) 0.0955 | Val Loss 1.4129 | Val Acc 0.3712 | ETputs(KTEPS) 42071.28
2023-10-12 04:14:35,749 - tune.py [line:103] - INFO: Epoch 00060 | Time(s) 0.0967 | Val Loss 1.3871 | Val Acc 0.4038 | ETputs(KTEPS) 41567.68
2023-10-12 04:14:37,688 - tune.py [line:103] - INFO: Epoch 00080 | Time(s) 0.0966 | Val Loss 1.3577 | Val Acc 0.4212 | ETputs(KTEPS) 41600.74
2023-10-12 04:14:39,760 - tune.py [line:103] - INFO: Epoch 00100 | Time(s) 0.0980 | Val Loss 1.3407 | Val Acc 0.4260 | ETputs(KTEPS) 41026.62
2023-10-12 04:14:41,738 - tune.py [line:103] - INFO: Epoch 00120 | Time(s) 0.0981 | Val Loss 1.3187 | Val Acc 0.4529 | ETputs(KTEPS) 40982.68
2023-10-12 04:14:43,730 - tune.py [line:103] - INFO: Epoch 00140 | Time(s) 0.0982 | Val Loss 1.3094 | Val Acc 0.4615 | ETputs(KTEPS) 40913.99
2023-10-12 04:14:45,982 - tune.py [line:103] - INFO: Epoch 00160 | Time(s) 0.1000 | Val Loss 1.2992 | Val Acc 0.4808 | ETputs(KTEPS) 40208.24
2023-10-12 04:14:48,126 - tune.py [line:103] - INFO: Epoch 00180 | Time(s) 0.1007 | Val Loss 1.2963 | Val Acc 0.4827 | ETputs(KTEPS) 39908.00
2023-10-12 04:14:50,092 - tune.py [line:103] - INFO: Epoch 00200 | Time(s) 0.1004 | Val Loss 1.2874 | Val Acc 0.5038 | ETputs(KTEPS) 40012.21
2023-10-12 04:14:52,188 - tune.py [line:103] - INFO: Epoch 00220 | Time(s) 0.1008 | Val Loss 1.2806 | Val Acc 0.5010 | ETputs(KTEPS) 39863.92
2023-10-12 04:14:54,386 - tune.py [line:103] - INFO: Epoch 00240 | Time(s) 0.1016 | Val Loss 1.2955 | Val Acc 0.4865 | ETputs(KTEPS) 39572.13
2023-10-12 04:14:56,610 - tune.py [line:103] - INFO: Epoch 00260 | Time(s) 0.1023 | Val Loss 1.2631 | Val Acc 0.5183 | ETputs(KTEPS) 39295.06
2023-10-12 04:14:58,651 - tune.py [line:103] - INFO: Epoch 00280 | Time(s) 0.1022 | Val Loss 1.2650 | Val Acc 0.5106 | ETputs(KTEPS) 39308.65
2023-10-12 04:15:00,948 - tune.py [line:103] - INFO: Epoch 00300 | Time(s) 0.1031 | Val Loss 1.2633 | Val Acc 0.5067 | ETputs(KTEPS) 38988.96
2023-10-12 04:15:03,235 - tune.py [line:103] - INFO: Epoch 00320 | Time(s) 0.1038 | Val Loss 1.2515 | Val Acc 0.5125 | ETputs(KTEPS) 38724.49
2023-10-12 04:15:04,866 - tune.py [line:103] - INFO: Epoch 00340 | Time(s) 0.1025 | Val Loss 1.2538 | Val Acc 0.5135 | ETputs(KTEPS) 39220.10
2023-10-12 04:15:05,758 - tune.py [line:103] - INFO: Epoch 00360 | Time(s) 0.0993 | Val Loss 1.2418 | Val Acc 0.5269 | ETputs(KTEPS) 40491.43
2023-10-12 04:15:06,566 - tune.py [line:103] - INFO: Epoch 00380 | Time(s) 0.0961 | Val Loss 1.2431 | Val Acc 0.5221 | ETputs(KTEPS) 41800.10
2023-10-12 04:15:07,350 - tune.py [line:103] - INFO: Epoch 00400 | Time(s) 0.0933 | Val Loss 1.2303 | Val Acc 0.5202 | ETputs(KTEPS) 43077.80
2023-10-12 04:15:08,159 - tune.py [line:103] - INFO: Epoch 00420 | Time(s) 0.0908 | Val Loss 1.2291 | Val Acc 0.5298 | ETputs(KTEPS) 44277.12
2023-10-12 04:15:08,993 - tune.py [line:103] - INFO: Epoch 00440 | Time(s) 0.0885 | Val Loss 1.2379 | Val Acc 0.5317 | ETputs(KTEPS) 45401.46
2023-10-12 04:15:09,887 - tune.py [line:103] - INFO: Epoch 00460 | Time(s) 0.0866 | Val Loss 1.2299 | Val Acc 0.5317 | ETputs(KTEPS) 46402.64
2023-10-12 04:15:10,737 - tune.py [line:103] - INFO: Epoch 00480 | Time(s) 0.0848 | Val Loss 1.2353 | Val Acc 0.5385 | ETputs(KTEPS) 47409.41
2023-10-12 04:15:11,529 - tune.py [line:103] - INFO: Epoch 00500 | Time(s) 0.0830 | Val Loss 1.2329 | Val Acc 0.5288 | ETputs(KTEPS) 48445.40
2023-10-12 04:15:12,419 - tune.py [line:103] - INFO: Epoch 00520 | Time(s) 0.0815 | Val Loss 1.2319 | Val Acc 0.5365 | ETputs(KTEPS) 49331.90
2023-10-12 04:15:13,262 - tune.py [line:103] - INFO: Epoch 00540 | Time(s) 0.0800 | Val Loss 1.2251 | Val Acc 0.5500 | ETputs(KTEPS) 50238.65
2023-10-12 04:15:14,087 - tune.py [line:103] - INFO: Epoch 00560 | Time(s) 0.0786 | Val Loss 1.2278 | Val Acc 0.5365 | ETputs(KTEPS) 51123.92
2023-10-12 04:15:14,919 - tune.py [line:103] - INFO: Epoch 00580 | Time(s) 0.0773 | Val Loss 1.2054 | Val Acc 0.5471 | ETputs(KTEPS) 51967.74
2023-10-12 04:15:15,862 - tune.py [line:103] - INFO: Epoch 00600 | Time(s) 0.0763 | Val Loss 1.2105 | Val Acc 0.5394 | ETputs(KTEPS) 52653.62
2023-10-12 04:15:16,817 - tune.py [line:103] - INFO: Epoch 00620 | Time(s) 0.0754 | Val Loss 1.1976 | Val Acc 0.5510 | ETputs(KTEPS) 53297.48
2023-10-12 04:15:17,671 - tune.py [line:103] - INFO: Epoch 00640 | Time(s) 0.0744 | Val Loss 1.2027 | Val Acc 0.5452 | ETputs(KTEPS) 54035.62
2023-10-12 04:15:18,499 - tune.py [line:103] - INFO: Epoch 00660 | Time(s) 0.0734 | Val Loss 1.2240 | Val Acc 0.5337 | ETputs(KTEPS) 54772.10
2023-10-12 04:15:19,448 - tune.py [line:103] - INFO: Epoch 00680 | Time(s) 0.0726 | Val Loss 1.2098 | Val Acc 0.5385 | ETputs(KTEPS) 55347.72
2023-10-12 04:15:20,286 - tune.py [line:103] - INFO: Epoch 00700 | Time(s) 0.0717 | Val Loss 1.2089 | Val Acc 0.5394 | ETputs(KTEPS) 56025.76
2023-10-12 04:15:21,210 - tune.py [line:103] - INFO: Epoch 00720 | Time(s) 0.0710 | Val Loss 1.2303 | Val Acc 0.5375 | ETputs(KTEPS) 56586.16
2023-10-12 04:15:22,067 - tune.py [line:103] - INFO: Epoch 00740 | Time(s) 0.0703 | Val Loss 1.1933 | Val Acc 0.5442 | ETputs(KTEPS) 57200.64
2023-10-12 04:15:23,039 - tune.py [line:103] - INFO: Epoch 00760 | Time(s) 0.0697 | Val Loss 1.2194 | Val Acc 0.5471 | ETputs(KTEPS) 57669.07
2023-10-12 04:15:23,891 - tune.py [line:103] - INFO: Epoch 00780 | Time(s) 0.0690 | Val Loss 1.2042 | Val Acc 0.5452 | ETputs(KTEPS) 58249.75
2023-10-12 04:15:24,756 - tune.py [line:103] - INFO: Epoch 00800 | Time(s) 0.0684 | Val Loss 1.2061 | Val Acc 0.5423 | ETputs(KTEPS) 58799.30
2023-10-12 04:15:25,718 - tune.py [line:103] - INFO: Epoch 00820 | Time(s) 0.0679 | Val Loss 1.2129 | Val Acc 0.5538 | ETputs(KTEPS) 59230.16
2023-10-12 04:15:26,598 - tune.py [line:103] - INFO: Epoch 00840 | Time(s) 0.0673 | Val Loss 1.1991 | Val Acc 0.5615 | ETputs(KTEPS) 59732.76
2023-10-12 04:15:27,457 - tune.py [line:103] - INFO: Epoch 00860 | Time(s) 0.0667 | Val Loss 1.2271 | Val Acc 0.5413 | ETputs(KTEPS) 60244.96
2023-10-12 04:15:28,544 - tune.py [line:103] - INFO: Epoch 00880 | Time(s) 0.0664 | Val Loss 1.2022 | Val Acc 0.5423 | ETputs(KTEPS) 60502.77
2023-10-12 04:15:29,417 - tune.py [line:103] - INFO: Epoch 00900 | Time(s) 0.0659 | Val Loss 1.1955 | Val Acc 0.5519 | ETputs(KTEPS) 60968.02
2023-10-12 04:15:30,288 - tune.py [line:103] - INFO: Epoch 00920 | Time(s) 0.0654 | Val Loss 1.1981 | Val Acc 0.5519 | ETputs(KTEPS) 61421.27
2023-10-12 04:15:31,275 - tune.py [line:103] - INFO: Epoch 00940 | Time(s) 0.0651 | Val Loss 1.1880 | Val Acc 0.5548 | ETputs(KTEPS) 61745.35
2023-10-12 04:15:32,175 - tune.py [line:103] - INFO: Epoch 00960 | Time(s) 0.0647 | Val Loss 1.1942 | Val Acc 0.5558 | ETputs(KTEPS) 62145.00
2023-10-12 04:15:33,233 - tune.py [line:103] - INFO: Epoch 00980 | Time(s) 0.0644 | Val Loss 1.1983 | Val Acc 0.5577 | ETputs(KTEPS) 62377.88
2023-10-12 04:15:34,160 - tune.py [line:103] - INFO: Epoch 01000 | Time(s) 0.0641 | Val Loss 1.1939 | Val Acc 0.5500 | ETputs(KTEPS) 62730.09
2023-10-12 04:15:35,159 - tune.py [line:103] - INFO: Epoch 01020 | Time(s) 0.0638 | Val Loss 1.1834 | Val Acc 0.5663 | ETputs(KTEPS) 63007.28
2023-10-12 04:15:36,246 - tune.py [line:103] - INFO: Epoch 01040 | Time(s) 0.0636 | Val Loss 1.2198 | Val Acc 0.5442 | ETputs(KTEPS) 63186.91
2023-10-12 04:15:37,184 - tune.py [line:103] - INFO: Epoch 01060 | Time(s) 0.0633 | Val Loss 1.1763 | Val Acc 0.5577 | ETputs(KTEPS) 63502.41
2023-10-12 04:15:38,268 - tune.py [line:103] - INFO: Epoch 01080 | Time(s) 0.0631 | Val Loss 1.2118 | Val Acc 0.5433 | ETputs(KTEPS) 63672.26
2023-10-12 04:15:39,281 - tune.py [line:103] - INFO: Epoch 01100 | Time(s) 0.0629 | Val Loss 1.2090 | Val Acc 0.5529 | ETputs(KTEPS) 63902.77
2023-10-12 04:15:40,337 - tune.py [line:103] - INFO: Epoch 01120 | Time(s) 0.0627 | Val Loss 1.1902 | Val Acc 0.5529 | ETputs(KTEPS) 64086.61
2023-10-12 04:15:41,278 - tune.py [line:103] - INFO: Epoch 01140 | Time(s) 0.0624 | Val Loss 1.1977 | Val Acc 0.5519 | ETputs(KTEPS) 64369.91
2023-10-12 04:15:42,299 - tune.py [line:103] - INFO: Epoch 01160 | Time(s) 0.0622 | Val Loss 1.1986 | Val Acc 0.5567 | ETputs(KTEPS) 64572.98
2023-10-12 04:15:43,314 - tune.py [line:103] - INFO: Epoch 01180 | Time(s) 0.0620 | Val Loss 1.2073 | Val Acc 0.5394 | ETputs(KTEPS) 64776.35
2023-10-12 04:15:44,267 - tune.py [line:103] - INFO: Epoch 01200 | Time(s) 0.0618 | Val Loss 1.1875 | Val Acc 0.5529 | ETputs(KTEPS) 65027.88
2023-10-12 04:15:45,293 - tune.py [line:103] - INFO: Epoch 01220 | Time(s) 0.0616 | Val Loss 1.1822 | Val Acc 0.5615 | ETputs(KTEPS) 65212.05
2023-10-12 04:15:46,241 - tune.py [line:103] - INFO: Epoch 01240 | Time(s) 0.0614 | Val Loss 1.1843 | Val Acc 0.5538 | ETputs(KTEPS) 65456.40
2023-10-12 04:15:47,416 - tune.py [line:103] - INFO: Epoch 01260 | Time(s) 0.0614 | Val Loss 1.1848 | Val Acc 0.5558 | ETputs(KTEPS) 65501.76
2023-10-12 04:15:48,477 - tune.py [line:103] - INFO: Epoch 01280 | Time(s) 0.0612 | Val Loss 1.1859 | Val Acc 0.5558 | ETputs(KTEPS) 65641.33
2023-10-12 04:15:49,695 - tune.py [line:103] - INFO: Epoch 01300 | Time(s) 0.0612 | Val Loss 1.1897 | Val Acc 0.5481 | ETputs(KTEPS) 65647.43
2023-10-12 04:15:50,916 - tune.py [line:103] - INFO: Epoch 01320 | Time(s) 0.0612 | Val Loss 1.1830 | Val Acc 0.5635 | ETputs(KTEPS) 65650.96
2023-10-12 04:15:52,035 - tune.py [line:103] - INFO: Epoch 01340 | Time(s) 0.0611 | Val Loss 1.1792 | Val Acc 0.5644 | ETputs(KTEPS) 65736.17
2023-10-12 04:15:53,227 - tune.py [line:103] - INFO: Epoch 01360 | Time(s) 0.0611 | Val Loss 1.1756 | Val Acc 0.5673 | ETputs(KTEPS) 65762.66
2023-10-12 04:15:54,355 - tune.py [line:103] - INFO: Epoch 01380 | Time(s) 0.0610 | Val Loss 1.1805 | Val Acc 0.5663 | ETputs(KTEPS) 65836.77
2023-10-12 04:15:55,494 - tune.py [line:103] - INFO: Epoch 01400 | Time(s) 0.0610 | Val Loss 1.1813 | Val Acc 0.5663 | ETputs(KTEPS) 65904.42
2023-10-12 04:15:56,596 - tune.py [line:103] - INFO: Epoch 01420 | Time(s) 0.0609 | Val Loss 1.1682 | Val Acc 0.5644 | ETputs(KTEPS) 65997.06
2023-10-12 04:15:57,766 - tune.py [line:103] - INFO: Epoch 01440 | Time(s) 0.0609 | Val Loss 1.1755 | Val Acc 0.5721 | ETputs(KTEPS) 66034.05
2023-10-12 04:15:58,842 - tune.py [line:103] - INFO: Epoch 01460 | Time(s) 0.0608 | Val Loss 1.1770 | Val Acc 0.5635 | ETputs(KTEPS) 66139.20
2023-10-12 04:15:59,966 - tune.py [line:103] - INFO: Epoch 01480 | Time(s) 0.0607 | Val Loss 1.1801 | Val Acc 0.5702 | ETputs(KTEPS) 66206.99
2023-10-12 04:16:01,303 - tune.py [line:103] - INFO: Epoch 01500 | Time(s) 0.0608 | Val Loss 1.1672 | Val Acc 0.5683 | ETputs(KTEPS) 66118.79
2023-10-12 04:16:02,511 - tune.py [line:103] - INFO: Epoch 01520 | Time(s) 0.0608 | Val Loss 1.1577 | Val Acc 0.5856 | ETputs(KTEPS) 66128.67
2023-10-12 04:16:03,757 - tune.py [line:103] - INFO: Epoch 01540 | Time(s) 0.0608 | Val Loss 1.1732 | Val Acc 0.5702 | ETputs(KTEPS) 66110.05
2023-10-12 04:16:04,880 - tune.py [line:103] - INFO: Epoch 01560 | Time(s) 0.0607 | Val Loss 1.1735 | Val Acc 0.5750 | ETputs(KTEPS) 66175.95
2023-10-12 04:16:06,183 - tune.py [line:103] - INFO: Epoch 01580 | Time(s) 0.0608 | Val Loss 1.1709 | Val Acc 0.5731 | ETputs(KTEPS) 66115.23
2023-10-12 04:16:07,417 - tune.py [line:103] - INFO: Epoch 01600 | Time(s) 0.0608 | Val Loss 1.1574 | Val Acc 0.5740 | ETputs(KTEPS) 66103.32
2023-10-12 04:16:08,827 - tune.py [line:103] - INFO: Epoch 01620 | Time(s) 0.0609 | Val Loss 1.1909 | Val Acc 0.5606 | ETputs(KTEPS) 65973.99
2023-10-12 04:16:10,062 - tune.py [line:103] - INFO: Epoch 01640 | Time(s) 0.0609 | Val Loss 1.1668 | Val Acc 0.5615 | ETputs(KTEPS) 65963.75
2023-10-12 04:16:11,163 - tune.py [line:103] - INFO: Epoch 01660 | Time(s) 0.0609 | Val Loss 1.1552 | Val Acc 0.5827 | ETputs(KTEPS) 66041.05
2023-10-12 04:16:12,177 - tune.py [line:103] - INFO: Epoch 01680 | Time(s) 0.0607 | Val Loss 1.1552 | Val Acc 0.5731 | ETputs(KTEPS) 66172.79
2023-10-12 04:16:13,297 - tune.py [line:103] - INFO: Epoch 01700 | Time(s) 0.0607 | Val Loss 1.1635 | Val Acc 0.5654 | ETputs(KTEPS) 66233.81
2023-10-12 04:16:14,552 - tune.py [line:103] - INFO: Epoch 01720 | Time(s) 0.0607 | Val Loss 1.1758 | Val Acc 0.5635 | ETputs(KTEPS) 66207.74
2023-10-12 04:16:15,629 - tune.py [line:103] - INFO: Epoch 01740 | Time(s) 0.0606 | Val Loss 1.1558 | Val Acc 0.5683 | ETputs(KTEPS) 66294.67
2023-10-12 04:16:16,945 - tune.py [line:103] - INFO: Epoch 01760 | Time(s) 0.0607 | Val Loss 1.1644 | Val Acc 0.5644 | ETputs(KTEPS) 66230.77
2023-10-12 04:16:18,257 - tune.py [line:103] - INFO: Epoch 01780 | Time(s) 0.0607 | Val Loss 1.1657 | Val Acc 0.5654 | ETputs(KTEPS) 66171.12
2023-10-12 04:16:19,529 - tune.py [line:103] - INFO: Epoch 01800 | Time(s) 0.0608 | Val Loss 1.1565 | Val Acc 0.5760 | ETputs(KTEPS) 66136.67
2023-10-12 04:16:20,807 - tune.py [line:103] - INFO: Epoch 01820 | Time(s) 0.0608 | Val Loss 1.1661 | Val Acc 0.5808 | ETputs(KTEPS) 66099.89
2023-10-12 04:16:20,873 - tune.py [line:117] - INFO: [FINAL MODEL] Val accuracy 58.85% \Val loss: 1.2
2023-10-12 04:16:20,882 - tune.py [line:119] - INFO: [FINAL MODEL] Test accuracy 58.12% \Test loss: 1.2
2023-10-12 04:16:20,883 - tune.py [line:144] - INFO: Acc on the first split (Validation Set): 0.5885
2023-10-12 04:16:20,883 - tune.py [line:145] - INFO: Acc on the first split (Test Set): 0.5812
