2023-10-12 04:09:41,568 - tune.py [line:203] - INFO: Namespace(seed=42, model='GPRGNNV2', gpu=0, dataset='geom-squirrel', logging=True, log_detail=True, log_detailedCh=False, id_log=1012014504, optuna_n_trials=202, n_epochs=2000, self_loop=True, udgraph=True, early_stop=True, patience=300, n_hidden=64, n_cv=1, start_cv=0, n_layers=12, lr1=0.03, lr2=0.04, wd1=1e-06, wd2=1e-08, dropout=0.5, dropout2=0.3, alpha=0.6, es_ckpt='TestTuningScript-geom-squirrel_GPRGNNV2-geom-squirrel_trialNo42')
2023-10-12 04:09:44,182 - tune.py [line:128] - INFO: Split_seeds:[1824]
2023-10-12 04:09:44,182 - tune.py [line:129] - INFO: Model_seeds:[409]
2023-10-12 04:09:45,635 - tune.py [line:103] - INFO: Epoch 00020 | Time(s) 0.0711 | Val Loss 1.4827 | Val Acc 0.3490 | ETputs(KTEPS) 56531.92
2023-10-12 04:09:47,114 - tune.py [line:103] - INFO: Epoch 00040 | Time(s) 0.0721 | Val Loss 1.5267 | Val Acc 0.3712 | ETputs(KTEPS) 55728.69
2023-10-12 04:09:48,660 - tune.py [line:103] - INFO: Epoch 00060 | Time(s) 0.0736 | Val Loss 1.5389 | Val Acc 0.3894 | ETputs(KTEPS) 54615.33
2023-10-12 04:09:50,164 - tune.py [line:103] - INFO: Epoch 00080 | Time(s) 0.0738 | Val Loss 1.5752 | Val Acc 0.4058 | ETputs(KTEPS) 54428.29
2023-10-12 04:09:51,642 - tune.py [line:103] - INFO: Epoch 00100 | Time(s) 0.0737 | Val Loss 1.5546 | Val Acc 0.4279 | ETputs(KTEPS) 54516.21
2023-10-12 04:09:53,180 - tune.py [line:103] - INFO: Epoch 00120 | Time(s) 0.0742 | Val Loss 1.5468 | Val Acc 0.4212 | ETputs(KTEPS) 54146.95
2023-10-12 04:09:54,654 - tune.py [line:103] - INFO: Epoch 00140 | Time(s) 0.0741 | Val Loss 1.5454 | Val Acc 0.4490 | ETputs(KTEPS) 54254.37
2023-10-12 04:09:56,205 - tune.py [line:103] - INFO: Epoch 00160 | Time(s) 0.0744 | Val Loss 1.5335 | Val Acc 0.4673 | ETputs(KTEPS) 54042.01
2023-10-12 04:09:57,954 - tune.py [line:103] - INFO: Epoch 00180 | Time(s) 0.0758 | Val Loss 1.5180 | Val Acc 0.4750 | ETputs(KTEPS) 53034.35
2023-10-12 04:09:59,587 - tune.py [line:103] - INFO: Epoch 00200 | Time(s) 0.0763 | Val Loss 1.5402 | Val Acc 0.4673 | ETputs(KTEPS) 52649.92
2023-10-12 04:10:01,173 - tune.py [line:103] - INFO: Epoch 00220 | Time(s) 0.0766 | Val Loss 1.5279 | Val Acc 0.4971 | ETputs(KTEPS) 52483.96
2023-10-12 04:10:02,776 - tune.py [line:103] - INFO: Epoch 00240 | Time(s) 0.0769 | Val Loss 1.5149 | Val Acc 0.4990 | ETputs(KTEPS) 52291.49
2023-10-12 04:10:04,322 - tune.py [line:103] - INFO: Epoch 00260 | Time(s) 0.0769 | Val Loss 1.4977 | Val Acc 0.5029 | ETputs(KTEPS) 52287.09
2023-10-12 04:10:05,910 - tune.py [line:103] - INFO: Epoch 00280 | Time(s) 0.0770 | Val Loss 1.4813 | Val Acc 0.5096 | ETputs(KTEPS) 52180.46
2023-10-12 04:10:07,461 - tune.py [line:103] - INFO: Epoch 00300 | Time(s) 0.0771 | Val Loss 1.4729 | Val Acc 0.5067 | ETputs(KTEPS) 52156.99
2023-10-12 04:10:09,097 - tune.py [line:103] - INFO: Epoch 00320 | Time(s) 0.0773 | Val Loss 1.4807 | Val Acc 0.5202 | ETputs(KTEPS) 51978.06
2023-10-12 04:10:10,759 - tune.py [line:103] - INFO: Epoch 00340 | Time(s) 0.0776 | Val Loss 1.4664 | Val Acc 0.5212 | ETputs(KTEPS) 51761.39
2023-10-12 04:10:12,443 - tune.py [line:103] - INFO: Epoch 00360 | Time(s) 0.0780 | Val Loss 1.4793 | Val Acc 0.5135 | ETputs(KTEPS) 51519.96
2023-10-12 04:10:14,090 - tune.py [line:103] - INFO: Epoch 00380 | Time(s) 0.0782 | Val Loss 1.4754 | Val Acc 0.5231 | ETputs(KTEPS) 51370.49
2023-10-12 04:10:15,944 - tune.py [line:103] - INFO: Epoch 00400 | Time(s) 0.0790 | Val Loss 1.4668 | Val Acc 0.5221 | ETputs(KTEPS) 50901.59
2023-10-12 04:10:17,700 - tune.py [line:103] - INFO: Epoch 00420 | Time(s) 0.0794 | Val Loss 1.4800 | Val Acc 0.5192 | ETputs(KTEPS) 50638.15
2023-10-12 04:10:19,521 - tune.py [line:103] - INFO: Epoch 00440 | Time(s) 0.0799 | Val Loss 1.4806 | Val Acc 0.5317 | ETputs(KTEPS) 50305.49
2023-10-12 04:10:21,293 - tune.py [line:103] - INFO: Epoch 00460 | Time(s) 0.0803 | Val Loss 1.4662 | Val Acc 0.5250 | ETputs(KTEPS) 50069.41
2023-10-12 04:10:23,208 - tune.py [line:103] - INFO: Epoch 00480 | Time(s) 0.0809 | Val Loss 1.4653 | Val Acc 0.5279 | ETputs(KTEPS) 49674.43
2023-10-12 04:10:25,105 - tune.py [line:103] - INFO: Epoch 00500 | Time(s) 0.0815 | Val Loss 1.4544 | Val Acc 0.5346 | ETputs(KTEPS) 49335.20
2023-10-12 04:10:27,007 - tune.py [line:103] - INFO: Epoch 00520 | Time(s) 0.0820 | Val Loss 1.4758 | Val Acc 0.5337 | ETputs(KTEPS) 49021.17
2023-10-12 04:10:28,954 - tune.py [line:103] - INFO: Epoch 00540 | Time(s) 0.0825 | Val Loss 1.4711 | Val Acc 0.5433 | ETputs(KTEPS) 48693.01
2023-10-12 04:10:30,895 - tune.py [line:103] - INFO: Epoch 00560 | Time(s) 0.0830 | Val Loss 1.4767 | Val Acc 0.5433 | ETputs(KTEPS) 48395.93
2023-10-12 04:10:32,560 - tune.py [line:103] - INFO: Epoch 00580 | Time(s) 0.0831 | Val Loss 1.4589 | Val Acc 0.5490 | ETputs(KTEPS) 48392.10
2023-10-12 04:10:34,207 - tune.py [line:103] - INFO: Epoch 00600 | Time(s) 0.0830 | Val Loss 1.4487 | Val Acc 0.5423 | ETputs(KTEPS) 48406.47
2023-10-12 04:10:36,247 - tune.py [line:103] - INFO: Epoch 00620 | Time(s) 0.0836 | Val Loss 1.4297 | Val Acc 0.5452 | ETputs(KTEPS) 48053.15
2023-10-12 04:10:38,244 - tune.py [line:103] - INFO: Epoch 00640 | Time(s) 0.0841 | Val Loss 1.4526 | Val Acc 0.5413 | ETputs(KTEPS) 47769.65
2023-10-12 04:10:40,220 - tune.py [line:103] - INFO: Epoch 00660 | Time(s) 0.0846 | Val Loss 1.4352 | Val Acc 0.5510 | ETputs(KTEPS) 47518.74
2023-10-12 04:10:42,321 - tune.py [line:103] - INFO: Epoch 00680 | Time(s) 0.0852 | Val Loss 1.4488 | Val Acc 0.5413 | ETputs(KTEPS) 47183.37
2023-10-12 04:10:44,399 - tune.py [line:103] - INFO: Epoch 00700 | Time(s) 0.0857 | Val Loss 1.4599 | Val Acc 0.5308 | ETputs(KTEPS) 46889.38
2023-10-12 04:10:46,452 - tune.py [line:103] - INFO: Epoch 00720 | Time(s) 0.0862 | Val Loss 1.4422 | Val Acc 0.5442 | ETputs(KTEPS) 46634.56
2023-10-12 04:10:48,720 - tune.py [line:103] - INFO: Epoch 00740 | Time(s) 0.0869 | Val Loss 1.4571 | Val Acc 0.5481 | ETputs(KTEPS) 46240.22
2023-10-12 04:10:50,891 - tune.py [line:103] - INFO: Epoch 00760 | Time(s) 0.0875 | Val Loss 1.4545 | Val Acc 0.5471 | ETputs(KTEPS) 45943.83
2023-10-12 04:10:53,172 - tune.py [line:103] - INFO: Epoch 00780 | Time(s) 0.0882 | Val Loss 1.4638 | Val Acc 0.5433 | ETputs(KTEPS) 45589.61
2023-10-12 04:10:55,379 - tune.py [line:103] - INFO: Epoch 00800 | Time(s) 0.0887 | Val Loss 1.4742 | Val Acc 0.5538 | ETputs(KTEPS) 45304.61
2023-10-12 04:10:57,551 - tune.py [line:103] - INFO: Epoch 00820 | Time(s) 0.0892 | Val Loss 1.4695 | Val Acc 0.5548 | ETputs(KTEPS) 45058.83
2023-10-12 04:10:59,828 - tune.py [line:103] - INFO: Epoch 00840 | Time(s) 0.0898 | Val Loss 1.4593 | Val Acc 0.5577 | ETputs(KTEPS) 44766.50
2023-10-12 04:11:02,220 - tune.py [line:103] - INFO: Epoch 00860 | Time(s) 0.0905 | Val Loss 1.4814 | Val Acc 0.5404 | ETputs(KTEPS) 44423.31
2023-10-12 04:11:04,480 - tune.py [line:103] - INFO: Epoch 00880 | Time(s) 0.0910 | Val Loss 1.4591 | Val Acc 0.5673 | ETputs(KTEPS) 44177.33
2023-10-12 04:11:06,785 - tune.py [line:103] - INFO: Epoch 00900 | Time(s) 0.0915 | Val Loss 1.4640 | Val Acc 0.5529 | ETputs(KTEPS) 43917.10
2023-10-12 04:11:09,097 - tune.py [line:103] - INFO: Epoch 00920 | Time(s) 0.0920 | Val Loss 1.4585 | Val Acc 0.5663 | ETputs(KTEPS) 43667.52
2023-10-12 04:11:11,640 - tune.py [line:103] - INFO: Epoch 00940 | Time(s) 0.0928 | Val Loss 1.4517 | Val Acc 0.5625 | ETputs(KTEPS) 43318.60
2023-10-12 04:11:13,882 - tune.py [line:103] - INFO: Epoch 00960 | Time(s) 0.0932 | Val Loss 1.4387 | Val Acc 0.5702 | ETputs(KTEPS) 43132.06
2023-10-12 04:11:16,268 - tune.py [line:103] - INFO: Epoch 00980 | Time(s) 0.0937 | Val Loss 1.4226 | Val Acc 0.5625 | ETputs(KTEPS) 42887.20
2023-10-12 04:11:18,687 - tune.py [line:103] - INFO: Epoch 01000 | Time(s) 0.0943 | Val Loss 1.4332 | Val Acc 0.5673 | ETputs(KTEPS) 42639.65
2023-10-12 04:11:21,091 - tune.py [line:103] - INFO: Epoch 01020 | Time(s) 0.0948 | Val Loss 1.4417 | Val Acc 0.5673 | ETputs(KTEPS) 42411.07
2023-10-12 04:11:23,529 - tune.py [line:103] - INFO: Epoch 01040 | Time(s) 0.0953 | Val Loss 1.4507 | Val Acc 0.5625 | ETputs(KTEPS) 42179.25
2023-10-12 04:11:26,076 - tune.py [line:103] - INFO: Epoch 01060 | Time(s) 0.0959 | Val Loss 1.4318 | Val Acc 0.5587 | ETputs(KTEPS) 41913.26
2023-10-12 04:11:27,814 - tune.py [line:103] - INFO: Epoch 01080 | Time(s) 0.0957 | Val Loss 1.4542 | Val Acc 0.5654 | ETputs(KTEPS) 41986.32
2023-10-12 04:11:29,251 - tune.py [line:103] - INFO: Epoch 01100 | Time(s) 0.0953 | Val Loss 1.4372 | Val Acc 0.5606 | ETputs(KTEPS) 42177.97
2023-10-12 04:11:30,736 - tune.py [line:103] - INFO: Epoch 01120 | Time(s) 0.0949 | Val Loss 1.4144 | Val Acc 0.5615 | ETputs(KTEPS) 42345.64
2023-10-12 04:11:32,118 - tune.py [line:103] - INFO: Epoch 01140 | Time(s) 0.0945 | Val Loss 1.4276 | Val Acc 0.5548 | ETputs(KTEPS) 42548.82
2023-10-12 04:11:33,559 - tune.py [line:103] - INFO: Epoch 01160 | Time(s) 0.0941 | Val Loss 1.4210 | Val Acc 0.5644 | ETputs(KTEPS) 42724.06
2023-10-12 04:11:35,100 - tune.py [line:103] - INFO: Epoch 01180 | Time(s) 0.0938 | Val Loss 1.4131 | Val Acc 0.5731 | ETputs(KTEPS) 42858.51
2023-10-12 04:11:36,639 - tune.py [line:103] - INFO: Epoch 01200 | Time(s) 0.0935 | Val Loss 1.4381 | Val Acc 0.5712 | ETputs(KTEPS) 42987.52
2023-10-12 04:11:38,171 - tune.py [line:103] - INFO: Epoch 01220 | Time(s) 0.0932 | Val Loss 1.4389 | Val Acc 0.5721 | ETputs(KTEPS) 43115.39
2023-10-12 04:11:39,748 - tune.py [line:103] - INFO: Epoch 01240 | Time(s) 0.0930 | Val Loss 1.4569 | Val Acc 0.5663 | ETputs(KTEPS) 43223.11
2023-10-12 04:11:41,292 - tune.py [line:103] - INFO: Epoch 01260 | Time(s) 0.0927 | Val Loss 1.4167 | Val Acc 0.5798 | ETputs(KTEPS) 43341.60
2023-10-12 04:11:42,885 - tune.py [line:103] - INFO: Epoch 01280 | Time(s) 0.0925 | Val Loss 1.4206 | Val Acc 0.5808 | ETputs(KTEPS) 43439.54
2023-10-12 04:11:44,376 - tune.py [line:103] - INFO: Epoch 01300 | Time(s) 0.0922 | Val Loss 1.4054 | Val Acc 0.5673 | ETputs(KTEPS) 43569.85
2023-10-12 04:11:45,871 - tune.py [line:103] - INFO: Epoch 01320 | Time(s) 0.0920 | Val Loss 1.4027 | Val Acc 0.5663 | ETputs(KTEPS) 43695.66
2023-10-12 04:11:47,379 - tune.py [line:103] - INFO: Epoch 01340 | Time(s) 0.0917 | Val Loss 1.4195 | Val Acc 0.5683 | ETputs(KTEPS) 43813.82
2023-10-12 04:11:49,140 - tune.py [line:103] - INFO: Epoch 01360 | Time(s) 0.0917 | Val Loss 1.4271 | Val Acc 0.5692 | ETputs(KTEPS) 43840.22
2023-10-12 04:11:50,705 - tune.py [line:103] - INFO: Epoch 01380 | Time(s) 0.0915 | Val Loss 1.4086 | Val Acc 0.5837 | ETputs(KTEPS) 43933.69
2023-10-12 04:11:52,246 - tune.py [line:103] - INFO: Epoch 01400 | Time(s) 0.0913 | Val Loss 1.4147 | Val Acc 0.5817 | ETputs(KTEPS) 44033.32
2023-10-12 04:11:53,796 - tune.py [line:103] - INFO: Epoch 01420 | Time(s) 0.0911 | Val Loss 1.4279 | Val Acc 0.5731 | ETputs(KTEPS) 44127.45
2023-10-12 04:11:55,356 - tune.py [line:103] - INFO: Epoch 01440 | Time(s) 0.0909 | Val Loss 1.4240 | Val Acc 0.5740 | ETputs(KTEPS) 44215.92
2023-10-12 04:11:56,929 - tune.py [line:103] - INFO: Epoch 01460 | Time(s) 0.0907 | Val Loss 1.4020 | Val Acc 0.5837 | ETputs(KTEPS) 44298.12
2023-10-12 04:11:58,505 - tune.py [line:103] - INFO: Epoch 01480 | Time(s) 0.0906 | Val Loss 1.4176 | Val Acc 0.5712 | ETputs(KTEPS) 44377.24
2023-10-12 04:11:59,994 - tune.py [line:103] - INFO: Epoch 01500 | Time(s) 0.0904 | Val Loss 1.3900 | Val Acc 0.5712 | ETputs(KTEPS) 44482.88
2023-10-12 04:12:01,531 - tune.py [line:103] - INFO: Epoch 01520 | Time(s) 0.0902 | Val Loss 1.4359 | Val Acc 0.5673 | ETputs(KTEPS) 44570.94
2023-10-12 04:12:03,058 - tune.py [line:103] - INFO: Epoch 01540 | Time(s) 0.0900 | Val Loss 1.4299 | Val Acc 0.5683 | ETputs(KTEPS) 44660.13
2023-10-12 04:12:04,732 - tune.py [line:103] - INFO: Epoch 01560 | Time(s) 0.0899 | Val Loss 1.4173 | Val Acc 0.5760 | ETputs(KTEPS) 44700.24
2023-10-12 04:12:04,995 - tune.py [line:117] - INFO: [FINAL MODEL] Val accuracy 58.94% \Val loss: 1.4
2023-10-12 04:12:05,012 - tune.py [line:119] - INFO: [FINAL MODEL] Test accuracy 57.35% \Test loss: 1.5
2023-10-12 04:12:05,014 - tune.py [line:144] - INFO: Acc on the first split (Validation Set): 0.5894
2023-10-12 04:12:05,014 - tune.py [line:145] - INFO: Acc on the first split (Test Set): 0.5735
