2023-10-12 04:00:32,858 - tune.py [line:203] - INFO: Namespace(seed=42, model='GPRGNNV2', gpu=0, dataset='geom-squirrel', logging=True, log_detail=True, log_detailedCh=False, id_log=1012014504, optuna_n_trials=202, n_epochs=2000, self_loop=True, udgraph=True, early_stop=True, patience=300, n_hidden=64, n_cv=1, start_cv=0, n_layers=12, lr1=0.05, lr2=0.04, wd1=1e-06, wd2=1e-08, dropout=0.7, dropout2=0.3, alpha=0.6, es_ckpt='TestTuningScript-geom-squirrel_GPRGNNV2-geom-squirrel_trialNo14')
2023-10-12 04:00:35,501 - tune.py [line:128] - INFO: Split_seeds:[1824]
2023-10-12 04:00:35,501 - tune.py [line:129] - INFO: Model_seeds:[409]
2023-10-12 04:00:37,059 - tune.py [line:103] - INFO: Epoch 00020 | Time(s) 0.0764 | Val Loss 1.4699 | Val Acc 0.3365 | ETputs(KTEPS) 52571.52
2023-10-12 04:00:38,954 - tune.py [line:103] - INFO: Epoch 00040 | Time(s) 0.0856 | Val Loss 1.4229 | Val Acc 0.3654 | ETputs(KTEPS) 46969.42
2023-10-12 04:00:40,661 - tune.py [line:103] - INFO: Epoch 00060 | Time(s) 0.0851 | Val Loss 1.3974 | Val Acc 0.4087 | ETputs(KTEPS) 47204.06
2023-10-12 04:00:42,412 - tune.py [line:103] - INFO: Epoch 00080 | Time(s) 0.0856 | Val Loss 1.3811 | Val Acc 0.4106 | ETputs(KTEPS) 46953.48
2023-10-12 04:00:44,152 - tune.py [line:103] - INFO: Epoch 00100 | Time(s) 0.0858 | Val Loss 1.3584 | Val Acc 0.4346 | ETputs(KTEPS) 46815.60
2023-10-12 04:00:45,932 - tune.py [line:103] - INFO: Epoch 00120 | Time(s) 0.0863 | Val Loss 1.3594 | Val Acc 0.4356 | ETputs(KTEPS) 46553.54
2023-10-12 04:00:47,505 - tune.py [line:103] - INFO: Epoch 00140 | Time(s) 0.0852 | Val Loss 1.3551 | Val Acc 0.4298 | ETputs(KTEPS) 47185.34
2023-10-12 04:00:49,259 - tune.py [line:103] - INFO: Epoch 00160 | Time(s) 0.0854 | Val Loss 1.3400 | Val Acc 0.4519 | ETputs(KTEPS) 47040.01
2023-10-12 04:00:51,196 - tune.py [line:103] - INFO: Epoch 00180 | Time(s) 0.0867 | Val Loss 1.3262 | Val Acc 0.4731 | ETputs(KTEPS) 46376.65
2023-10-12 04:00:52,943 - tune.py [line:103] - INFO: Epoch 00200 | Time(s) 0.0867 | Val Loss 1.3223 | Val Acc 0.4702 | ETputs(KTEPS) 46348.50
2023-10-12 04:00:54,701 - tune.py [line:103] - INFO: Epoch 00220 | Time(s) 0.0868 | Val Loss 1.3315 | Val Acc 0.4702 | ETputs(KTEPS) 46300.89
2023-10-12 04:00:56,566 - tune.py [line:103] - INFO: Epoch 00240 | Time(s) 0.0873 | Val Loss 1.3014 | Val Acc 0.4904 | ETputs(KTEPS) 46035.96
2023-10-12 04:00:58,293 - tune.py [line:103] - INFO: Epoch 00260 | Time(s) 0.0872 | Val Loss 1.3038 | Val Acc 0.4875 | ETputs(KTEPS) 46080.36
2023-10-12 04:01:00,205 - tune.py [line:103] - INFO: Epoch 00280 | Time(s) 0.0878 | Val Loss 1.2993 | Val Acc 0.4837 | ETputs(KTEPS) 45766.15
2023-10-12 04:01:02,035 - tune.py [line:103] - INFO: Epoch 00300 | Time(s) 0.0881 | Val Loss 1.2948 | Val Acc 0.4904 | ETputs(KTEPS) 45643.68
2023-10-12 04:01:03,689 - tune.py [line:103] - INFO: Epoch 00320 | Time(s) 0.0877 | Val Loss 1.2900 | Val Acc 0.4971 | ETputs(KTEPS) 45818.94
2023-10-12 04:01:05,620 - tune.py [line:103] - INFO: Epoch 00340 | Time(s) 0.0882 | Val Loss 1.2876 | Val Acc 0.5029 | ETputs(KTEPS) 45556.66
2023-10-12 04:01:07,486 - tune.py [line:103] - INFO: Epoch 00360 | Time(s) 0.0885 | Val Loss 1.2977 | Val Acc 0.4904 | ETputs(KTEPS) 45411.80
2023-10-12 04:01:09,364 - tune.py [line:103] - INFO: Epoch 00380 | Time(s) 0.0888 | Val Loss 1.2896 | Val Acc 0.4942 | ETputs(KTEPS) 45267.70
2023-10-12 04:01:14,062 - tune.py [line:103] - INFO: Epoch 00400 | Time(s) 0.0961 | Val Loss 1.2782 | Val Acc 0.5135 | ETputs(KTEPS) 41826.02
2023-10-12 04:01:16,151 - tune.py [line:103] - INFO: Epoch 00420 | Time(s) 0.0965 | Val Loss 1.2800 | Val Acc 0.5029 | ETputs(KTEPS) 41654.21
2023-10-12 04:01:18,217 - tune.py [line:103] - INFO: Epoch 00440 | Time(s) 0.0968 | Val Loss 1.2756 | Val Acc 0.5125 | ETputs(KTEPS) 41526.41
2023-10-12 04:01:20,232 - tune.py [line:103] - INFO: Epoch 00460 | Time(s) 0.0969 | Val Loss 1.2798 | Val Acc 0.5183 | ETputs(KTEPS) 41456.84
2023-10-12 04:01:22,251 - tune.py [line:103] - INFO: Epoch 00480 | Time(s) 0.0971 | Val Loss 1.2731 | Val Acc 0.5096 | ETputs(KTEPS) 41386.64
2023-10-12 04:01:24,287 - tune.py [line:103] - INFO: Epoch 00500 | Time(s) 0.0973 | Val Loss 1.2744 | Val Acc 0.5010 | ETputs(KTEPS) 41307.54
2023-10-12 04:01:26,439 - tune.py [line:103] - INFO: Epoch 00520 | Time(s) 0.0977 | Val Loss 1.2764 | Val Acc 0.4942 | ETputs(KTEPS) 41140.23
2023-10-12 04:01:28,528 - tune.py [line:103] - INFO: Epoch 00540 | Time(s) 0.0979 | Val Loss 1.2763 | Val Acc 0.5038 | ETputs(KTEPS) 41035.59
2023-10-12 04:01:30,593 - tune.py [line:103] - INFO: Epoch 00560 | Time(s) 0.0981 | Val Loss 1.2847 | Val Acc 0.4962 | ETputs(KTEPS) 40958.09
2023-10-12 04:01:32,237 - tune.py [line:103] - INFO: Epoch 00580 | Time(s) 0.0976 | Val Loss 1.2650 | Val Acc 0.5221 | ETputs(KTEPS) 41189.84
2023-10-12 04:01:33,663 - tune.py [line:103] - INFO: Epoch 00600 | Time(s) 0.0967 | Val Loss 1.2612 | Val Acc 0.5154 | ETputs(KTEPS) 41563.14
2023-10-12 04:01:35,153 - tune.py [line:103] - INFO: Epoch 00620 | Time(s) 0.0960 | Val Loss 1.2747 | Val Acc 0.5183 | ETputs(KTEPS) 41873.53
2023-10-12 04:01:36,523 - tune.py [line:103] - INFO: Epoch 00640 | Time(s) 0.0951 | Val Loss 1.2604 | Val Acc 0.5221 | ETputs(KTEPS) 42252.61
2023-10-12 04:01:38,003 - tune.py [line:103] - INFO: Epoch 00660 | Time(s) 0.0945 | Val Loss 1.2709 | Val Acc 0.5087 | ETputs(KTEPS) 42539.64
2023-10-12 04:01:39,478 - tune.py [line:103] - INFO: Epoch 00680 | Time(s) 0.0939 | Val Loss 1.2530 | Val Acc 0.5240 | ETputs(KTEPS) 42816.59
2023-10-12 04:01:40,950 - tune.py [line:103] - INFO: Epoch 00700 | Time(s) 0.0933 | Val Loss 1.2365 | Val Acc 0.5288 | ETputs(KTEPS) 43082.53
2023-10-12 04:01:42,424 - tune.py [line:103] - INFO: Epoch 00720 | Time(s) 0.0927 | Val Loss 1.2627 | Val Acc 0.5231 | ETputs(KTEPS) 43335.36
2023-10-12 04:01:43,928 - tune.py [line:103] - INFO: Epoch 00740 | Time(s) 0.0923 | Val Loss 1.2540 | Val Acc 0.5231 | ETputs(KTEPS) 43560.61
2023-10-12 04:01:45,476 - tune.py [line:103] - INFO: Epoch 00760 | Time(s) 0.0919 | Val Loss 1.2582 | Val Acc 0.5125 | ETputs(KTEPS) 43746.08
2023-10-12 04:01:46,961 - tune.py [line:103] - INFO: Epoch 00780 | Time(s) 0.0914 | Val Loss 1.2440 | Val Acc 0.5288 | ETputs(KTEPS) 43962.99
2023-10-12 04:01:48,540 - tune.py [line:103] - INFO: Epoch 00800 | Time(s) 0.0911 | Val Loss 1.2512 | Val Acc 0.5240 | ETputs(KTEPS) 44114.07
2023-10-12 04:01:50,206 - tune.py [line:103] - INFO: Epoch 00820 | Time(s) 0.0909 | Val Loss 1.2622 | Val Acc 0.5269 | ETputs(KTEPS) 44207.00
2023-10-12 04:01:51,760 - tune.py [line:103] - INFO: Epoch 00840 | Time(s) 0.0906 | Val Loss 1.2641 | Val Acc 0.5240 | ETputs(KTEPS) 44360.80
2023-10-12 04:01:53,309 - tune.py [line:103] - INFO: Epoch 00860 | Time(s) 0.0903 | Val Loss 1.2495 | Val Acc 0.5375 | ETputs(KTEPS) 44512.73
2023-10-12 04:01:54,855 - tune.py [line:103] - INFO: Epoch 00880 | Time(s) 0.0900 | Val Loss 1.2512 | Val Acc 0.5317 | ETputs(KTEPS) 44659.01
2023-10-12 04:01:56,383 - tune.py [line:103] - INFO: Epoch 00900 | Time(s) 0.0897 | Val Loss 1.2471 | Val Acc 0.5356 | ETputs(KTEPS) 44809.76
2023-10-12 04:01:58,035 - tune.py [line:103] - INFO: Epoch 00920 | Time(s) 0.0895 | Val Loss 1.2507 | Val Acc 0.5394 | ETputs(KTEPS) 44887.61
2023-10-12 04:01:59,622 - tune.py [line:103] - INFO: Epoch 00940 | Time(s) 0.0893 | Val Loss 1.2541 | Val Acc 0.5288 | ETputs(KTEPS) 44996.64
2023-10-12 04:02:01,299 - tune.py [line:103] - INFO: Epoch 00960 | Time(s) 0.0892 | Val Loss 1.2531 | Val Acc 0.5288 | ETputs(KTEPS) 45054.43
2023-10-12 04:02:02,794 - tune.py [line:103] - INFO: Epoch 00980 | Time(s) 0.0889 | Val Loss 1.2408 | Val Acc 0.5404 | ETputs(KTEPS) 45205.31
2023-10-12 04:02:04,536 - tune.py [line:103] - INFO: Epoch 01000 | Time(s) 0.0889 | Val Loss 1.2440 | Val Acc 0.5442 | ETputs(KTEPS) 45224.04
2023-10-12 04:02:06,320 - tune.py [line:103] - INFO: Epoch 01020 | Time(s) 0.0889 | Val Loss 1.2486 | Val Acc 0.5308 | ETputs(KTEPS) 45221.14
2023-10-12 04:02:07,961 - tune.py [line:103] - INFO: Epoch 01040 | Time(s) 0.0887 | Val Loss 1.2580 | Val Acc 0.5327 | ETputs(KTEPS) 45288.76
2023-10-12 04:02:09,471 - tune.py [line:103] - INFO: Epoch 01060 | Time(s) 0.0885 | Val Loss 1.2413 | Val Acc 0.5279 | ETputs(KTEPS) 45416.68
2023-10-12 04:02:11,214 - tune.py [line:103] - INFO: Epoch 01080 | Time(s) 0.0885 | Val Loss 1.2596 | Val Acc 0.5279 | ETputs(KTEPS) 45430.09
2023-10-12 04:02:13,004 - tune.py [line:103] - INFO: Epoch 01100 | Time(s) 0.0885 | Val Loss 1.2348 | Val Acc 0.5365 | ETputs(KTEPS) 45422.05
2023-10-12 04:02:14,822 - tune.py [line:103] - INFO: Epoch 01120 | Time(s) 0.0885 | Val Loss 1.2379 | Val Acc 0.5346 | ETputs(KTEPS) 45400.13
2023-10-12 04:02:16,596 - tune.py [line:103] - INFO: Epoch 01140 | Time(s) 0.0885 | Val Loss 1.2432 | Val Acc 0.5317 | ETputs(KTEPS) 45399.02
2023-10-12 04:02:18,340 - tune.py [line:103] - INFO: Epoch 01160 | Time(s) 0.0885 | Val Loss 1.2455 | Val Acc 0.5394 | ETputs(KTEPS) 45411.92
2023-10-12 04:02:20,298 - tune.py [line:103] - INFO: Epoch 01180 | Time(s) 0.0887 | Val Loss 1.2396 | Val Acc 0.5346 | ETputs(KTEPS) 45330.82
2023-10-12 04:02:22,138 - tune.py [line:103] - INFO: Epoch 01200 | Time(s) 0.0887 | Val Loss 1.2266 | Val Acc 0.5308 | ETputs(KTEPS) 45302.79
2023-10-12 04:02:23,950 - tune.py [line:103] - INFO: Epoch 01220 | Time(s) 0.0887 | Val Loss 1.2271 | Val Acc 0.5423 | ETputs(KTEPS) 45287.06
2023-10-12 04:02:25,773 - tune.py [line:103] - INFO: Epoch 01240 | Time(s) 0.0888 | Val Loss 1.2415 | Val Acc 0.5385 | ETputs(KTEPS) 45267.84
2023-10-12 04:02:27,554 - tune.py [line:103] - INFO: Epoch 01260 | Time(s) 0.0888 | Val Loss 1.2358 | Val Acc 0.5481 | ETputs(KTEPS) 45265.94
2023-10-12 04:02:29,536 - tune.py [line:103] - INFO: Epoch 01280 | Time(s) 0.0889 | Val Loss 1.2375 | Val Acc 0.5423 | ETputs(KTEPS) 45186.00
2023-10-12 04:02:31,352 - tune.py [line:103] - INFO: Epoch 01300 | Time(s) 0.0890 | Val Loss 1.2185 | Val Acc 0.5452 | ETputs(KTEPS) 45171.76
2023-10-12 04:02:33,346 - tune.py [line:103] - INFO: Epoch 01320 | Time(s) 0.0891 | Val Loss 1.2281 | Val Acc 0.5442 | ETputs(KTEPS) 45089.76
2023-10-12 04:02:35,268 - tune.py [line:103] - INFO: Epoch 01340 | Time(s) 0.0892 | Val Loss 1.2408 | Val Acc 0.5298 | ETputs(KTEPS) 45037.52
2023-10-12 04:02:37,043 - tune.py [line:103] - INFO: Epoch 01360 | Time(s) 0.0892 | Val Loss 1.2303 | Val Acc 0.5356 | ETputs(KTEPS) 45041.16
2023-10-12 04:02:39,009 - tune.py [line:103] - INFO: Epoch 01380 | Time(s) 0.0894 | Val Loss 1.2350 | Val Acc 0.5385 | ETputs(KTEPS) 44975.42
2023-10-12 04:02:40,743 - tune.py [line:103] - INFO: Epoch 01400 | Time(s) 0.0893 | Val Loss 1.2233 | Val Acc 0.5385 | ETputs(KTEPS) 44994.76
2023-10-12 04:02:42,711 - tune.py [line:103] - INFO: Epoch 01420 | Time(s) 0.0895 | Val Loss 1.2424 | Val Acc 0.5317 | ETputs(KTEPS) 44930.85
2023-10-12 04:02:44,642 - tune.py [line:103] - INFO: Epoch 01440 | Time(s) 0.0895 | Val Loss 1.2216 | Val Acc 0.5500 | ETputs(KTEPS) 44881.44
2023-10-12 04:02:46,635 - tune.py [line:103] - INFO: Epoch 01460 | Time(s) 0.0897 | Val Loss 1.2398 | Val Acc 0.5385 | ETputs(KTEPS) 44812.56
2023-10-12 04:02:48,644 - tune.py [line:103] - INFO: Epoch 01480 | Time(s) 0.0898 | Val Loss 1.2249 | Val Acc 0.5394 | ETputs(KTEPS) 44740.18
2023-10-12 04:02:50,711 - tune.py [line:103] - INFO: Epoch 01500 | Time(s) 0.0900 | Val Loss 1.2349 | Val Acc 0.5404 | ETputs(KTEPS) 44651.01
2023-10-12 04:02:52,686 - tune.py [line:103] - INFO: Epoch 01520 | Time(s) 0.0901 | Val Loss 1.2588 | Val Acc 0.5125 | ETputs(KTEPS) 44594.35
2023-10-12 04:02:54,678 - tune.py [line:103] - INFO: Epoch 01540 | Time(s) 0.0902 | Val Loss 1.2236 | Val Acc 0.5500 | ETputs(KTEPS) 44533.94
2023-10-12 04:02:56,670 - tune.py [line:103] - INFO: Epoch 01560 | Time(s) 0.0904 | Val Loss 1.2197 | Val Acc 0.5558 | ETputs(KTEPS) 44474.86
2023-10-12 04:02:58,827 - tune.py [line:103] - INFO: Epoch 01580 | Time(s) 0.0906 | Val Loss 1.2336 | Val Acc 0.5269 | ETputs(KTEPS) 44367.28
2023-10-12 04:03:00,810 - tune.py [line:103] - INFO: Epoch 01600 | Time(s) 0.0907 | Val Loss 1.2233 | Val Acc 0.5577 | ETputs(KTEPS) 44315.33
2023-10-12 04:03:02,856 - tune.py [line:103] - INFO: Epoch 01620 | Time(s) 0.0908 | Val Loss 1.2349 | Val Acc 0.5346 | ETputs(KTEPS) 44245.60
2023-10-12 04:03:04,992 - tune.py [line:103] - INFO: Epoch 01640 | Time(s) 0.0910 | Val Loss 1.2307 | Val Acc 0.5587 | ETputs(KTEPS) 44151.03
2023-10-12 04:03:06,967 - tune.py [line:103] - INFO: Epoch 01660 | Time(s) 0.0911 | Val Loss 1.2220 | Val Acc 0.5471 | ETputs(KTEPS) 44106.82
2023-10-12 04:03:09,087 - tune.py [line:103] - INFO: Epoch 01680 | Time(s) 0.0913 | Val Loss 1.2384 | Val Acc 0.5221 | ETputs(KTEPS) 44021.52
2023-10-12 04:03:11,289 - tune.py [line:103] - INFO: Epoch 01700 | Time(s) 0.0915 | Val Loss 1.2340 | Val Acc 0.5433 | ETputs(KTEPS) 43915.38
2023-10-12 04:03:13,477 - tune.py [line:103] - INFO: Epoch 01720 | Time(s) 0.0917 | Val Loss 1.2490 | Val Acc 0.5394 | ETputs(KTEPS) 43815.92
2023-10-12 04:03:15,627 - tune.py [line:103] - INFO: Epoch 01740 | Time(s) 0.0919 | Val Loss 1.2255 | Val Acc 0.5423 | ETputs(KTEPS) 43729.75
2023-10-12 04:03:17,907 - tune.py [line:103] - INFO: Epoch 01760 | Time(s) 0.0922 | Val Loss 1.2337 | Val Acc 0.5413 | ETputs(KTEPS) 43610.84
2023-10-12 04:03:20,147 - tune.py [line:103] - INFO: Epoch 01780 | Time(s) 0.0924 | Val Loss 1.2503 | Val Acc 0.5394 | ETputs(KTEPS) 43505.85
2023-10-12 04:03:22,292 - tune.py [line:103] - INFO: Epoch 01800 | Time(s) 0.0925 | Val Loss 1.2248 | Val Acc 0.5423 | ETputs(KTEPS) 43428.61
2023-10-12 04:03:24,544 - tune.py [line:103] - INFO: Epoch 01820 | Time(s) 0.0928 | Val Loss 1.2217 | Val Acc 0.5385 | ETputs(KTEPS) 43325.47
2023-10-12 04:03:26,736 - tune.py [line:103] - INFO: Epoch 01840 | Time(s) 0.0929 | Val Loss 1.2255 | Val Acc 0.5413 | ETputs(KTEPS) 43240.49
2023-10-12 04:03:28,924 - tune.py [line:103] - INFO: Epoch 01860 | Time(s) 0.0931 | Val Loss 1.2269 | Val Acc 0.5481 | ETputs(KTEPS) 43158.41
2023-10-12 04:03:31,178 - tune.py [line:103] - INFO: Epoch 01880 | Time(s) 0.0933 | Val Loss 1.2303 | Val Acc 0.5500 | ETputs(KTEPS) 43062.51
2023-10-12 04:03:33,412 - tune.py [line:103] - INFO: Epoch 01900 | Time(s) 0.0935 | Val Loss 1.2339 | Val Acc 0.5394 | ETputs(KTEPS) 42973.59
2023-10-12 04:03:35,688 - tune.py [line:103] - INFO: Epoch 01920 | Time(s) 0.0937 | Val Loss 1.2161 | Val Acc 0.5567 | ETputs(KTEPS) 42876.94
2023-10-12 04:03:38,165 - tune.py [line:103] - INFO: Epoch 01940 | Time(s) 0.0940 | Val Loss 1.2210 | Val Acc 0.5538 | ETputs(KTEPS) 42735.68
2023-10-12 04:03:38,281 - tune.py [line:117] - INFO: [FINAL MODEL] Val accuracy 56.83% \Val loss: 1.2
2023-10-12 04:03:38,304 - tune.py [line:119] - INFO: [FINAL MODEL] Test accuracy 57.06% \Test loss: 1.2
2023-10-12 04:03:38,305 - tune.py [line:144] - INFO: Acc on the first split (Validation Set): 0.5683
2023-10-12 04:03:38,305 - tune.py [line:145] - INFO: Acc on the first split (Test Set): 0.5706
