2023-10-12 04:11:40,629 - tune.py [line:203] - INFO: Namespace(seed=42, model='GPRGNNV2', gpu=1, dataset='geom-squirrel', logging=True, log_detail=True, log_detailedCh=False, id_log=1012014504, optuna_n_trials=202, n_epochs=2000, self_loop=True, udgraph=True, early_stop=True, patience=300, n_hidden=64, n_cv=1, start_cv=0, n_layers=8, lr1=0.03, lr2=0.04, wd1=1e-05, wd2=1e-07, dropout=0.5, dropout2=0.6, alpha=0.6, es_ckpt='TestTuningScript-geom-squirrel_GPRGNNV2-geom-squirrel_trialNo45')
2023-10-12 04:11:43,334 - tune.py [line:128] - INFO: Split_seeds:[1824]
2023-10-12 04:11:43,334 - tune.py [line:129] - INFO: Model_seeds:[409]
2023-10-12 04:11:44,981 - tune.py [line:103] - INFO: Epoch 00020 | Time(s) 0.0810 | Val Loss 1.4583 | Val Acc 0.3663 | ETputs(KTEPS) 49616.17
2023-10-12 04:11:46,631 - tune.py [line:103] - INFO: Epoch 00040 | Time(s) 0.0815 | Val Loss 1.4360 | Val Acc 0.3712 | ETputs(KTEPS) 49293.18
2023-10-12 04:11:48,272 - tune.py [line:103] - INFO: Epoch 00060 | Time(s) 0.0815 | Val Loss 1.4102 | Val Acc 0.3894 | ETputs(KTEPS) 49292.01
2023-10-12 04:11:50,076 - tune.py [line:103] - INFO: Epoch 00080 | Time(s) 0.0836 | Val Loss 1.3968 | Val Acc 0.4019 | ETputs(KTEPS) 48074.63
2023-10-12 04:11:52,054 - tune.py [line:103] - INFO: Epoch 00100 | Time(s) 0.0866 | Val Loss 1.3889 | Val Acc 0.4173 | ETputs(KTEPS) 46427.98
2023-10-12 04:11:53,976 - tune.py [line:103] - INFO: Epoch 00120 | Time(s) 0.0881 | Val Loss 1.3680 | Val Acc 0.4346 | ETputs(KTEPS) 45635.90
2023-10-12 04:11:56,051 - tune.py [line:103] - INFO: Epoch 00140 | Time(s) 0.0902 | Val Loss 1.3446 | Val Acc 0.4548 | ETputs(KTEPS) 44535.01
2023-10-12 04:11:58,003 - tune.py [line:103] - INFO: Epoch 00160 | Time(s) 0.0911 | Val Loss 1.3377 | Val Acc 0.4663 | ETputs(KTEPS) 44116.76
2023-10-12 04:12:00,111 - tune.py [line:103] - INFO: Epoch 00180 | Time(s) 0.0926 | Val Loss 1.3270 | Val Acc 0.4856 | ETputs(KTEPS) 43397.89
2023-10-12 04:12:01,982 - tune.py [line:103] - INFO: Epoch 00200 | Time(s) 0.0926 | Val Loss 1.2990 | Val Acc 0.4894 | ETputs(KTEPS) 43383.19
2023-10-12 04:12:04,120 - tune.py [line:103] - INFO: Epoch 00220 | Time(s) 0.0939 | Val Loss 1.2965 | Val Acc 0.4990 | ETputs(KTEPS) 42795.42
2023-10-12 04:12:05,482 - tune.py [line:103] - INFO: Epoch 00240 | Time(s) 0.0917 | Val Loss 1.2926 | Val Acc 0.5029 | ETputs(KTEPS) 43805.06
2023-10-12 04:12:06,253 - tune.py [line:103] - INFO: Epoch 00260 | Time(s) 0.0876 | Val Loss 1.2821 | Val Acc 0.5029 | ETputs(KTEPS) 45872.19
2023-10-12 04:12:07,082 - tune.py [line:103] - INFO: Epoch 00280 | Time(s) 0.0843 | Val Loss 1.2529 | Val Acc 0.5202 | ETputs(KTEPS) 47678.16
2023-10-12 04:12:07,899 - tune.py [line:103] - INFO: Epoch 00300 | Time(s) 0.0814 | Val Loss 1.2594 | Val Acc 0.5087 | ETputs(KTEPS) 49375.14
2023-10-12 04:12:08,674 - tune.py [line:103] - INFO: Epoch 00320 | Time(s) 0.0787 | Val Loss 1.2623 | Val Acc 0.5221 | ETputs(KTEPS) 51048.42
2023-10-12 04:12:09,467 - tune.py [line:103] - INFO: Epoch 00340 | Time(s) 0.0764 | Val Loss 1.2541 | Val Acc 0.5202 | ETputs(KTEPS) 52590.84
2023-10-12 04:12:10,249 - tune.py [line:103] - INFO: Epoch 00360 | Time(s) 0.0743 | Val Loss 1.2559 | Val Acc 0.5317 | ETputs(KTEPS) 54066.58
2023-10-12 04:12:11,033 - tune.py [line:103] - INFO: Epoch 00380 | Time(s) 0.0725 | Val Loss 1.2436 | Val Acc 0.5192 | ETputs(KTEPS) 55451.62
2023-10-12 04:12:11,804 - tune.py [line:103] - INFO: Epoch 00400 | Time(s) 0.0708 | Val Loss 1.2404 | Val Acc 0.5212 | ETputs(KTEPS) 56781.22
2023-10-12 04:12:12,573 - tune.py [line:103] - INFO: Epoch 00420 | Time(s) 0.0692 | Val Loss 1.2318 | Val Acc 0.5269 | ETputs(KTEPS) 58044.18
2023-10-12 04:12:13,353 - tune.py [line:103] - INFO: Epoch 00440 | Time(s) 0.0679 | Val Loss 1.2236 | Val Acc 0.5346 | ETputs(KTEPS) 59222.01
2023-10-12 04:12:14,269 - tune.py [line:103] - INFO: Epoch 00460 | Time(s) 0.0669 | Val Loss 1.2236 | Val Acc 0.5404 | ETputs(KTEPS) 60078.64
2023-10-12 04:12:15,091 - tune.py [line:103] - INFO: Epoch 00480 | Time(s) 0.0658 | Val Loss 1.2303 | Val Acc 0.5423 | ETputs(KTEPS) 61068.17
2023-10-12 04:12:16,031 - tune.py [line:103] - INFO: Epoch 00500 | Time(s) 0.0651 | Val Loss 1.2159 | Val Acc 0.5519 | ETputs(KTEPS) 61781.06
2023-10-12 04:12:16,888 - tune.py [line:103] - INFO: Epoch 00520 | Time(s) 0.0642 | Val Loss 1.2236 | Val Acc 0.5481 | ETputs(KTEPS) 62607.45
2023-10-12 04:12:17,701 - tune.py [line:103] - INFO: Epoch 00540 | Time(s) 0.0633 | Val Loss 1.2131 | Val Acc 0.5625 | ETputs(KTEPS) 63482.45
2023-10-12 04:12:18,500 - tune.py [line:103] - INFO: Epoch 00560 | Time(s) 0.0625 | Val Loss 1.1954 | Val Acc 0.5577 | ETputs(KTEPS) 64330.45
2023-10-12 04:12:19,307 - tune.py [line:103] - INFO: Epoch 00580 | Time(s) 0.0617 | Val Loss 1.1855 | Val Acc 0.5529 | ETputs(KTEPS) 65127.11
2023-10-12 04:12:20,158 - tune.py [line:103] - INFO: Epoch 00600 | Time(s) 0.0611 | Val Loss 1.2083 | Val Acc 0.5442 | ETputs(KTEPS) 65809.11
2023-10-12 04:12:21,006 - tune.py [line:103] - INFO: Epoch 00620 | Time(s) 0.0605 | Val Loss 1.2105 | Val Acc 0.5394 | ETputs(KTEPS) 66465.63
2023-10-12 04:12:21,870 - tune.py [line:103] - INFO: Epoch 00640 | Time(s) 0.0599 | Val Loss 1.1993 | Val Acc 0.5510 | ETputs(KTEPS) 67065.43
2023-10-12 04:12:22,706 - tune.py [line:103] - INFO: Epoch 00660 | Time(s) 0.0594 | Val Loss 1.2131 | Val Acc 0.5500 | ETputs(KTEPS) 67687.13
2023-10-12 04:12:23,526 - tune.py [line:103] - INFO: Epoch 00680 | Time(s) 0.0588 | Val Loss 1.1888 | Val Acc 0.5481 | ETputs(KTEPS) 68309.15
2023-10-12 04:12:24,384 - tune.py [line:103] - INFO: Epoch 00700 | Time(s) 0.0584 | Val Loss 1.1753 | Val Acc 0.5519 | ETputs(KTEPS) 68843.15
2023-10-12 04:12:25,287 - tune.py [line:103] - INFO: Epoch 00720 | Time(s) 0.0580 | Val Loss 1.1968 | Val Acc 0.5413 | ETputs(KTEPS) 69279.30
2023-10-12 04:12:26,367 - tune.py [line:103] - INFO: Epoch 00740 | Time(s) 0.0579 | Val Loss 1.1877 | Val Acc 0.5587 | ETputs(KTEPS) 69410.71
2023-10-12 04:12:27,220 - tune.py [line:103] - INFO: Epoch 00760 | Time(s) 0.0575 | Val Loss 1.2027 | Val Acc 0.5519 | ETputs(KTEPS) 69896.34
2023-10-12 04:12:28,190 - tune.py [line:103] - INFO: Epoch 00780 | Time(s) 0.0573 | Val Loss 1.1930 | Val Acc 0.5615 | ETputs(KTEPS) 70179.15
2023-10-12 04:12:29,033 - tune.py [line:103] - INFO: Epoch 00800 | Time(s) 0.0569 | Val Loss 1.1845 | Val Acc 0.5683 | ETputs(KTEPS) 70646.07
2023-10-12 04:12:29,886 - tune.py [line:103] - INFO: Epoch 00820 | Time(s) 0.0565 | Val Loss 1.2011 | Val Acc 0.5558 | ETputs(KTEPS) 71080.60
2023-10-12 04:12:30,884 - tune.py [line:103] - INFO: Epoch 00840 | Time(s) 0.0564 | Val Loss 1.1766 | Val Acc 0.5760 | ETputs(KTEPS) 71287.43
2023-10-12 04:12:31,836 - tune.py [line:103] - INFO: Epoch 00860 | Time(s) 0.0562 | Val Loss 1.1860 | Val Acc 0.5654 | ETputs(KTEPS) 71548.63
2023-10-12 04:12:32,783 - tune.py [line:103] - INFO: Epoch 00880 | Time(s) 0.0560 | Val Loss 1.1825 | Val Acc 0.5471 | ETputs(KTEPS) 71804.61
2023-10-12 04:12:33,839 - tune.py [line:103] - INFO: Epoch 00900 | Time(s) 0.0559 | Val Loss 1.1806 | Val Acc 0.5587 | ETputs(KTEPS) 71897.20
2023-10-12 04:12:34,778 - tune.py [line:103] - INFO: Epoch 00920 | Time(s) 0.0557 | Val Loss 1.1792 | Val Acc 0.5577 | ETputs(KTEPS) 72148.87
2023-10-12 04:12:35,654 - tune.py [line:103] - INFO: Epoch 00940 | Time(s) 0.0555 | Val Loss 1.1777 | Val Acc 0.5654 | ETputs(KTEPS) 72479.31
2023-10-12 04:12:36,658 - tune.py [line:103] - INFO: Epoch 00960 | Time(s) 0.0553 | Val Loss 1.1802 | Val Acc 0.5721 | ETputs(KTEPS) 72622.91
2023-10-12 04:12:37,571 - tune.py [line:103] - INFO: Epoch 00980 | Time(s) 0.0551 | Val Loss 1.1788 | Val Acc 0.5635 | ETputs(KTEPS) 72884.85
2023-10-12 04:12:38,591 - tune.py [line:103] - INFO: Epoch 01000 | Time(s) 0.0551 | Val Loss 1.1747 | Val Acc 0.5596 | ETputs(KTEPS) 72995.10
2023-10-12 04:12:39,728 - tune.py [line:103] - INFO: Epoch 01020 | Time(s) 0.0551 | Val Loss 1.1771 | Val Acc 0.5692 | ETputs(KTEPS) 72958.34
2023-10-12 04:12:40,715 - tune.py [line:103] - INFO: Epoch 01040 | Time(s) 0.0550 | Val Loss 1.1779 | Val Acc 0.5712 | ETputs(KTEPS) 73107.28
2023-10-12 04:12:41,758 - tune.py [line:103] - INFO: Epoch 01060 | Time(s) 0.0549 | Val Loss 1.1790 | Val Acc 0.5731 | ETputs(KTEPS) 73179.65
2023-10-12 04:12:42,713 - tune.py [line:103] - INFO: Epoch 01080 | Time(s) 0.0548 | Val Loss 1.1841 | Val Acc 0.5683 | ETputs(KTEPS) 73356.76
2023-10-12 04:12:43,797 - tune.py [line:103] - INFO: Epoch 01100 | Time(s) 0.0548 | Val Loss 1.1816 | Val Acc 0.5625 | ETputs(KTEPS) 73372.30
2023-10-12 04:12:44,726 - tune.py [line:103] - INFO: Epoch 01120 | Time(s) 0.0546 | Val Loss 1.1923 | Val Acc 0.5644 | ETputs(KTEPS) 73572.93
2023-10-12 04:12:45,924 - tune.py [line:103] - INFO: Epoch 01140 | Time(s) 0.0547 | Val Loss 1.1830 | Val Acc 0.5663 | ETputs(KTEPS) 73449.54
2023-10-12 04:12:47,088 - tune.py [line:103] - INFO: Epoch 01160 | Time(s) 0.0548 | Val Loss 1.1776 | Val Acc 0.5606 | ETputs(KTEPS) 73369.38
2023-10-12 04:12:48,087 - tune.py [line:103] - INFO: Epoch 01180 | Time(s) 0.0547 | Val Loss 1.1832 | Val Acc 0.5471 | ETputs(KTEPS) 73479.94
2023-10-12 04:12:49,119 - tune.py [line:103] - INFO: Epoch 01200 | Time(s) 0.0546 | Val Loss 1.1773 | Val Acc 0.5654 | ETputs(KTEPS) 73550.15
2023-10-12 04:12:50,135 - tune.py [line:103] - INFO: Epoch 01220 | Time(s) 0.0546 | Val Loss 1.1725 | Val Acc 0.5654 | ETputs(KTEPS) 73635.36
2023-10-12 04:12:51,090 - tune.py [line:103] - INFO: Epoch 01240 | Time(s) 0.0545 | Val Loss 1.1775 | Val Acc 0.5673 | ETputs(KTEPS) 73784.81
2023-10-12 04:12:52,149 - tune.py [line:103] - INFO: Epoch 01260 | Time(s) 0.0544 | Val Loss 1.1759 | Val Acc 0.5587 | ETputs(KTEPS) 73817.94
2023-10-12 04:12:53,285 - tune.py [line:103] - INFO: Epoch 01280 | Time(s) 0.0545 | Val Loss 1.1727 | Val Acc 0.5798 | ETputs(KTEPS) 73769.83
2023-10-12 04:12:54,409 - tune.py [line:103] - INFO: Epoch 01300 | Time(s) 0.0545 | Val Loss 1.1652 | Val Acc 0.5606 | ETputs(KTEPS) 73734.68
2023-10-12 04:12:55,538 - tune.py [line:103] - INFO: Epoch 01320 | Time(s) 0.0545 | Val Loss 1.1798 | Val Acc 0.5654 | ETputs(KTEPS) 73696.05
2023-10-12 04:12:55,952 - tune.py [line:117] - INFO: [FINAL MODEL] Val accuracy 58.56% \Val loss: 1.2
2023-10-12 04:12:55,961 - tune.py [line:119] - INFO: [FINAL MODEL] Test accuracy 57.16% \Test loss: 1.2
2023-10-12 04:12:55,962 - tune.py [line:144] - INFO: Acc on the first split (Validation Set): 0.5856
2023-10-12 04:12:55,962 - tune.py [line:145] - INFO: Acc on the first split (Test Set): 0.5716
