2023-10-12 04:16:30,191 - tune.py [line:203] - INFO: Namespace(seed=42, model='GPRGNNV2', gpu=1, dataset='geom-squirrel', logging=True, log_detail=True, log_detailedCh=False, id_log=1012014504, optuna_n_trials=202, n_epochs=2000, self_loop=True, udgraph=True, early_stop=True, patience=300, n_hidden=64, n_cv=1, start_cv=0, n_layers=8, lr1=0.03, lr2=0.05, wd1=1e-06, wd2=1e-08, dropout=0.5, dropout2=0.7, alpha=0.7000000000000001, es_ckpt='TestTuningScript-geom-squirrel_GPRGNNV2-geom-squirrel_trialNo52')
2023-10-12 04:16:32,832 - tune.py [line:128] - INFO: Split_seeds:[1824]
2023-10-12 04:16:32,832 - tune.py [line:129] - INFO: Model_seeds:[409]
2023-10-12 04:16:34,387 - tune.py [line:103] - INFO: Epoch 00020 | Time(s) 0.0766 | Val Loss 1.4512 | Val Acc 0.3673 | ETputs(KTEPS) 52455.55
2023-10-12 04:16:35,851 - tune.py [line:103] - INFO: Epoch 00040 | Time(s) 0.0747 | Val Loss 1.4129 | Val Acc 0.3712 | ETputs(KTEPS) 53814.56
2023-10-12 04:16:37,339 - tune.py [line:103] - INFO: Epoch 00060 | Time(s) 0.0745 | Val Loss 1.3871 | Val Acc 0.4038 | ETputs(KTEPS) 53950.04
2023-10-12 04:16:38,392 - tune.py [line:103] - INFO: Epoch 00080 | Time(s) 0.0689 | Val Loss 1.3577 | Val Acc 0.4212 | ETputs(KTEPS) 58352.42
2023-10-12 04:16:39,171 - tune.py [line:103] - INFO: Epoch 00100 | Time(s) 0.0628 | Val Loss 1.3407 | Val Acc 0.4260 | ETputs(KTEPS) 63957.67
2023-10-12 04:16:39,949 - tune.py [line:103] - INFO: Epoch 00120 | Time(s) 0.0588 | Val Loss 1.3187 | Val Acc 0.4529 | ETputs(KTEPS) 68357.22
2023-10-12 04:16:40,732 - tune.py [line:103] - INFO: Epoch 00140 | Time(s) 0.0559 | Val Loss 1.3094 | Val Acc 0.4606 | ETputs(KTEPS) 71848.53
2023-10-12 04:16:41,512 - tune.py [line:103] - INFO: Epoch 00160 | Time(s) 0.0538 | Val Loss 1.2989 | Val Acc 0.4817 | ETputs(KTEPS) 74768.89
2023-10-12 04:16:42,311 - tune.py [line:103] - INFO: Epoch 00180 | Time(s) 0.0522 | Val Loss 1.2967 | Val Acc 0.4827 | ETputs(KTEPS) 77002.65
2023-10-12 04:16:43,073 - tune.py [line:103] - INFO: Epoch 00200 | Time(s) 0.0508 | Val Loss 1.2888 | Val Acc 0.4990 | ETputs(KTEPS) 79186.40
2023-10-12 04:16:43,844 - tune.py [line:103] - INFO: Epoch 00220 | Time(s) 0.0496 | Val Loss 1.2813 | Val Acc 0.5058 | ETputs(KTEPS) 80976.48
2023-10-12 04:16:44,619 - tune.py [line:103] - INFO: Epoch 00240 | Time(s) 0.0487 | Val Loss 1.2965 | Val Acc 0.4846 | ETputs(KTEPS) 82532.84
2023-10-12 04:16:45,443 - tune.py [line:103] - INFO: Epoch 00260 | Time(s) 0.0481 | Val Loss 1.2629 | Val Acc 0.5240 | ETputs(KTEPS) 83594.21
2023-10-12 04:16:46,242 - tune.py [line:103] - INFO: Epoch 00280 | Time(s) 0.0475 | Val Loss 1.2620 | Val Acc 0.5106 | ETputs(KTEPS) 84642.84
2023-10-12 04:16:47,040 - tune.py [line:103] - INFO: Epoch 00300 | Time(s) 0.0470 | Val Loss 1.2623 | Val Acc 0.5058 | ETputs(KTEPS) 85560.26
2023-10-12 04:16:47,824 - tune.py [line:103] - INFO: Epoch 00320 | Time(s) 0.0465 | Val Loss 1.2552 | Val Acc 0.5144 | ETputs(KTEPS) 86453.89
2023-10-12 04:16:48,617 - tune.py [line:103] - INFO: Epoch 00340 | Time(s) 0.0461 | Val Loss 1.2545 | Val Acc 0.5144 | ETputs(KTEPS) 87212.50
2023-10-12 04:16:49,457 - tune.py [line:103] - INFO: Epoch 00360 | Time(s) 0.0458 | Val Loss 1.2463 | Val Acc 0.5212 | ETputs(KTEPS) 87665.86
2023-10-12 04:16:50,276 - tune.py [line:103] - INFO: Epoch 00380 | Time(s) 0.0456 | Val Loss 1.2464 | Val Acc 0.5260 | ETputs(KTEPS) 88177.20
2023-10-12 04:16:51,037 - tune.py [line:103] - INFO: Epoch 00400 | Time(s) 0.0452 | Val Loss 1.2332 | Val Acc 0.5163 | ETputs(KTEPS) 88915.20
2023-10-12 04:16:51,846 - tune.py [line:103] - INFO: Epoch 00420 | Time(s) 0.0450 | Val Loss 1.2358 | Val Acc 0.5260 | ETputs(KTEPS) 89363.41
2023-10-12 04:16:52,616 - tune.py [line:103] - INFO: Epoch 00440 | Time(s) 0.0447 | Val Loss 1.2418 | Val Acc 0.5337 | ETputs(KTEPS) 89956.07
2023-10-12 04:16:53,413 - tune.py [line:103] - INFO: Epoch 00460 | Time(s) 0.0445 | Val Loss 1.2333 | Val Acc 0.5327 | ETputs(KTEPS) 90390.47
2023-10-12 04:16:54,233 - tune.py [line:103] - INFO: Epoch 00480 | Time(s) 0.0443 | Val Loss 1.2308 | Val Acc 0.5327 | ETputs(KTEPS) 90714.17
2023-10-12 04:16:55,060 - tune.py [line:103] - INFO: Epoch 00500 | Time(s) 0.0442 | Val Loss 1.2321 | Val Acc 0.5385 | ETputs(KTEPS) 90957.14
2023-10-12 04:16:55,871 - tune.py [line:103] - INFO: Epoch 00520 | Time(s) 0.0440 | Val Loss 1.2275 | Val Acc 0.5490 | ETputs(KTEPS) 91265.23
2023-10-12 04:16:56,647 - tune.py [line:103] - INFO: Epoch 00540 | Time(s) 0.0438 | Val Loss 1.2216 | Val Acc 0.5510 | ETputs(KTEPS) 91687.78
2023-10-12 04:16:57,453 - tune.py [line:103] - INFO: Epoch 00560 | Time(s) 0.0437 | Val Loss 1.2175 | Val Acc 0.5356 | ETputs(KTEPS) 91952.60
2023-10-12 04:16:58,254 - tune.py [line:103] - INFO: Epoch 00580 | Time(s) 0.0436 | Val Loss 1.2042 | Val Acc 0.5529 | ETputs(KTEPS) 92223.18
2023-10-12 04:16:59,028 - tune.py [line:103] - INFO: Epoch 00600 | Time(s) 0.0434 | Val Loss 1.2191 | Val Acc 0.5433 | ETputs(KTEPS) 92570.65
2023-10-12 04:16:59,842 - tune.py [line:103] - INFO: Epoch 00620 | Time(s) 0.0433 | Val Loss 1.1958 | Val Acc 0.5510 | ETputs(KTEPS) 92772.97
2023-10-12 04:17:00,613 - tune.py [line:103] - INFO: Epoch 00640 | Time(s) 0.0432 | Val Loss 1.1981 | Val Acc 0.5500 | ETputs(KTEPS) 93092.41
2023-10-12 04:17:01,396 - tune.py [line:103] - INFO: Epoch 00660 | Time(s) 0.0430 | Val Loss 1.2263 | Val Acc 0.5317 | ETputs(KTEPS) 93359.56
2023-10-12 04:17:02,183 - tune.py [line:103] - INFO: Epoch 00680 | Time(s) 0.0429 | Val Loss 1.2081 | Val Acc 0.5404 | ETputs(KTEPS) 93597.10
2023-10-12 04:17:02,972 - tune.py [line:103] - INFO: Epoch 00700 | Time(s) 0.0428 | Val Loss 1.2034 | Val Acc 0.5413 | ETputs(KTEPS) 93818.87
2023-10-12 04:17:03,824 - tune.py [line:103] - INFO: Epoch 00720 | Time(s) 0.0428 | Val Loss 1.2316 | Val Acc 0.5394 | ETputs(KTEPS) 93832.91
2023-10-12 04:17:04,602 - tune.py [line:103] - INFO: Epoch 00740 | Time(s) 0.0427 | Val Loss 1.1851 | Val Acc 0.5538 | ETputs(KTEPS) 94077.97
2023-10-12 04:17:05,352 - tune.py [line:103] - INFO: Epoch 00760 | Time(s) 0.0426 | Val Loss 1.2001 | Val Acc 0.5471 | ETputs(KTEPS) 94382.93
2023-10-12 04:17:06,140 - tune.py [line:103] - INFO: Epoch 00780 | Time(s) 0.0425 | Val Loss 1.1936 | Val Acc 0.5510 | ETputs(KTEPS) 94571.76
2023-10-12 04:17:06,964 - tune.py [line:103] - INFO: Epoch 00800 | Time(s) 0.0425 | Val Loss 1.1983 | Val Acc 0.5558 | ETputs(KTEPS) 94645.08
2023-10-12 04:17:07,862 - tune.py [line:103] - INFO: Epoch 00820 | Time(s) 0.0425 | Val Loss 1.2075 | Val Acc 0.5558 | ETputs(KTEPS) 94515.30
2023-10-12 04:17:08,636 - tune.py [line:103] - INFO: Epoch 00840 | Time(s) 0.0424 | Val Loss 1.1908 | Val Acc 0.5644 | ETputs(KTEPS) 94717.38
2023-10-12 04:17:09,433 - tune.py [line:103] - INFO: Epoch 00860 | Time(s) 0.0424 | Val Loss 1.2213 | Val Acc 0.5423 | ETputs(KTEPS) 94853.91
2023-10-12 04:17:10,239 - tune.py [line:103] - INFO: Epoch 00880 | Time(s) 0.0423 | Val Loss 1.1919 | Val Acc 0.5615 | ETputs(KTEPS) 94965.88
2023-10-12 04:17:11,040 - tune.py [line:103] - INFO: Epoch 00900 | Time(s) 0.0423 | Val Loss 1.1856 | Val Acc 0.5538 | ETputs(KTEPS) 95080.90
2023-10-12 04:17:11,830 - tune.py [line:103] - INFO: Epoch 00920 | Time(s) 0.0422 | Val Loss 1.1858 | Val Acc 0.5538 | ETputs(KTEPS) 95219.15
2023-10-12 04:17:12,613 - tune.py [line:103] - INFO: Epoch 00940 | Time(s) 0.0421 | Val Loss 1.1803 | Val Acc 0.5529 | ETputs(KTEPS) 95365.94
2023-10-12 04:17:13,400 - tune.py [line:103] - INFO: Epoch 00960 | Time(s) 0.0421 | Val Loss 1.1870 | Val Acc 0.5548 | ETputs(KTEPS) 95500.91
2023-10-12 04:17:14,207 - tune.py [line:103] - INFO: Epoch 00980 | Time(s) 0.0420 | Val Loss 1.1871 | Val Acc 0.5596 | ETputs(KTEPS) 95596.93
2023-10-12 04:17:14,975 - tune.py [line:103] - INFO: Epoch 01000 | Time(s) 0.0420 | Val Loss 1.1841 | Val Acc 0.5587 | ETputs(KTEPS) 95765.07
2023-10-12 04:17:15,743 - tune.py [line:103] - INFO: Epoch 01020 | Time(s) 0.0419 | Val Loss 1.1813 | Val Acc 0.5635 | ETputs(KTEPS) 95925.95
2023-10-12 04:17:16,510 - tune.py [line:103] - INFO: Epoch 01040 | Time(s) 0.0418 | Val Loss 1.2102 | Val Acc 0.5462 | ETputs(KTEPS) 96084.31
2023-10-12 04:17:17,285 - tune.py [line:103] - INFO: Epoch 01060 | Time(s) 0.0418 | Val Loss 1.1746 | Val Acc 0.5654 | ETputs(KTEPS) 96217.76
2023-10-12 04:17:18,072 - tune.py [line:103] - INFO: Epoch 01080 | Time(s) 0.0417 | Val Loss 1.2033 | Val Acc 0.5442 | ETputs(KTEPS) 96323.36
2023-10-12 04:17:18,870 - tune.py [line:103] - INFO: Epoch 01100 | Time(s) 0.0417 | Val Loss 1.2014 | Val Acc 0.5596 | ETputs(KTEPS) 96400.10
2023-10-12 04:17:19,661 - tune.py [line:103] - INFO: Epoch 01120 | Time(s) 0.0417 | Val Loss 1.1868 | Val Acc 0.5596 | ETputs(KTEPS) 96490.06
2023-10-12 04:17:20,444 - tune.py [line:103] - INFO: Epoch 01140 | Time(s) 0.0416 | Val Loss 1.1924 | Val Acc 0.5500 | ETputs(KTEPS) 96593.49
2023-10-12 04:17:21,246 - tune.py [line:103] - INFO: Epoch 01160 | Time(s) 0.0416 | Val Loss 1.1942 | Val Acc 0.5577 | ETputs(KTEPS) 96655.93
2023-10-12 04:17:22,015 - tune.py [line:103] - INFO: Epoch 01180 | Time(s) 0.0415 | Val Loss 1.2091 | Val Acc 0.5471 | ETputs(KTEPS) 96780.86
2023-10-12 04:17:22,794 - tune.py [line:103] - INFO: Epoch 01200 | Time(s) 0.0415 | Val Loss 1.1837 | Val Acc 0.5615 | ETputs(KTEPS) 96882.03
2023-10-12 04:17:23,575 - tune.py [line:103] - INFO: Epoch 01220 | Time(s) 0.0414 | Val Loss 1.1808 | Val Acc 0.5702 | ETputs(KTEPS) 96976.71
2023-10-12 04:17:24,353 - tune.py [line:103] - INFO: Epoch 01240 | Time(s) 0.0414 | Val Loss 1.1928 | Val Acc 0.5500 | ETputs(KTEPS) 97072.99
2023-10-12 04:17:25,139 - tune.py [line:103] - INFO: Epoch 01260 | Time(s) 0.0414 | Val Loss 1.1867 | Val Acc 0.5567 | ETputs(KTEPS) 97152.97
2023-10-12 04:17:25,500 - tune.py [line:117] - INFO: [FINAL MODEL] Val accuracy 57.31% \Val loss: 1.2
2023-10-12 04:17:25,509 - tune.py [line:119] - INFO: [FINAL MODEL] Test accuracy 55.24% \Test loss: 1.2
2023-10-12 04:17:25,510 - tune.py [line:144] - INFO: Acc on the first split (Validation Set): 0.5731
2023-10-12 04:17:25,510 - tune.py [line:145] - INFO: Acc on the first split (Test Set): 0.5524
