2023-10-12 04:06:23,859 - tune.py [line:203] - INFO: Namespace(seed=42, model='GPRGNNV2', gpu=0, dataset='geom-squirrel', logging=True, log_detail=True, log_detailedCh=False, id_log=1012014504, optuna_n_trials=202, n_epochs=2000, self_loop=True, udgraph=True, early_stop=True, patience=300, n_hidden=64, n_cv=1, start_cv=0, n_layers=12, lr1=0.03, lr2=0.04, wd1=1e-06, wd2=1e-08, dropout=0.6, dropout2=0.3, alpha=0.6, es_ckpt='TestTuningScript-geom-squirrel_GPRGNNV2-geom-squirrel_trialNo33')
2023-10-12 04:06:26,514 - tune.py [line:128] - INFO: Split_seeds:[1824]
2023-10-12 04:06:26,514 - tune.py [line:129] - INFO: Model_seeds:[409]
2023-10-12 04:06:28,608 - tune.py [line:103] - INFO: Epoch 00020 | Time(s) 0.1035 | Val Loss 1.4538 | Val Acc 0.3538 | ETputs(KTEPS) 38817.95
2023-10-12 04:06:30,691 - tune.py [line:103] - INFO: Epoch 00040 | Time(s) 0.1038 | Val Loss 1.4317 | Val Acc 0.3567 | ETputs(KTEPS) 38703.71
2023-10-12 04:06:32,698 - tune.py [line:103] - INFO: Epoch 00060 | Time(s) 0.1025 | Val Loss 1.4050 | Val Acc 0.3779 | ETputs(KTEPS) 39196.60
2023-10-12 04:06:34,766 - tune.py [line:103] - INFO: Epoch 00080 | Time(s) 0.1026 | Val Loss 1.3958 | Val Acc 0.4010 | ETputs(KTEPS) 39165.50
2023-10-12 04:06:36,915 - tune.py [line:103] - INFO: Epoch 00100 | Time(s) 0.1034 | Val Loss 1.3711 | Val Acc 0.4202 | ETputs(KTEPS) 38858.48
2023-10-12 04:06:39,140 - tune.py [line:103] - INFO: Epoch 00120 | Time(s) 0.1046 | Val Loss 1.3518 | Val Acc 0.4471 | ETputs(KTEPS) 38431.80
2023-10-12 04:06:41,222 - tune.py [line:103] - INFO: Epoch 00140 | Time(s) 0.1044 | Val Loss 1.3526 | Val Acc 0.4548 | ETputs(KTEPS) 38505.40
2023-10-12 04:06:43,403 - tune.py [line:103] - INFO: Epoch 00160 | Time(s) 0.1049 | Val Loss 1.3264 | Val Acc 0.4731 | ETputs(KTEPS) 38310.99
2023-10-12 04:06:45,476 - tune.py [line:103] - INFO: Epoch 00180 | Time(s) 0.1047 | Val Loss 1.3185 | Val Acc 0.4750 | ETputs(KTEPS) 38369.74
2023-10-12 04:06:47,666 - tune.py [line:103] - INFO: Epoch 00200 | Time(s) 0.1052 | Val Loss 1.3276 | Val Acc 0.4798 | ETputs(KTEPS) 38198.82
2023-10-12 04:06:49,824 - tune.py [line:103] - INFO: Epoch 00220 | Time(s) 0.1054 | Val Loss 1.3225 | Val Acc 0.4885 | ETputs(KTEPS) 38117.62
2023-10-12 04:06:52,102 - tune.py [line:103] - INFO: Epoch 00240 | Time(s) 0.1061 | Val Loss 1.3114 | Val Acc 0.4990 | ETputs(KTEPS) 37884.67
2023-10-12 04:06:54,224 - tune.py [line:103] - INFO: Epoch 00260 | Time(s) 0.1061 | Val Loss 1.3058 | Val Acc 0.4990 | ETputs(KTEPS) 37889.86
2023-10-12 04:06:56,601 - tune.py [line:103] - INFO: Epoch 00280 | Time(s) 0.1070 | Val Loss 1.2919 | Val Acc 0.5096 | ETputs(KTEPS) 37571.25
2023-10-12 04:06:58,887 - tune.py [line:103] - INFO: Epoch 00300 | Time(s) 0.1074 | Val Loss 1.2910 | Val Acc 0.5163 | ETputs(KTEPS) 37405.37
2023-10-12 04:07:01,032 - tune.py [line:103] - INFO: Epoch 00320 | Time(s) 0.1074 | Val Loss 1.2818 | Val Acc 0.5212 | ETputs(KTEPS) 37410.65
2023-10-12 04:07:03,415 - tune.py [line:103] - INFO: Epoch 00340 | Time(s) 0.1081 | Val Loss 1.2811 | Val Acc 0.5212 | ETputs(KTEPS) 37174.87
2023-10-12 04:07:05,709 - tune.py [line:103] - INFO: Epoch 00360 | Time(s) 0.1085 | Val Loss 1.2875 | Val Acc 0.5240 | ETputs(KTEPS) 37050.23
2023-10-12 04:07:07,944 - tune.py [line:103] - INFO: Epoch 00380 | Time(s) 0.1086 | Val Loss 1.2938 | Val Acc 0.5240 | ETputs(KTEPS) 36993.94
2023-10-12 04:07:10,313 - tune.py [line:103] - INFO: Epoch 00400 | Time(s) 0.1091 | Val Loss 1.2864 | Val Acc 0.5279 | ETputs(KTEPS) 36828.42
2023-10-12 04:07:12,945 - tune.py [line:103] - INFO: Epoch 00420 | Time(s) 0.1102 | Val Loss 1.2752 | Val Acc 0.5144 | ETputs(KTEPS) 36471.49
2023-10-12 04:07:15,359 - tune.py [line:103] - INFO: Epoch 00440 | Time(s) 0.1107 | Val Loss 1.2719 | Val Acc 0.5279 | ETputs(KTEPS) 36315.77
2023-10-12 04:07:17,842 - tune.py [line:103] - INFO: Epoch 00460 | Time(s) 0.1113 | Val Loss 1.2697 | Val Acc 0.5365 | ETputs(KTEPS) 36125.31
2023-10-12 04:07:20,160 - tune.py [line:103] - INFO: Epoch 00480 | Time(s) 0.1114 | Val Loss 1.2756 | Val Acc 0.5365 | ETputs(KTEPS) 36065.56
2023-10-12 04:07:22,643 - tune.py [line:103] - INFO: Epoch 00500 | Time(s) 0.1119 | Val Loss 1.2585 | Val Acc 0.5413 | ETputs(KTEPS) 35902.00
2023-10-12 04:07:25,258 - tune.py [line:103] - INFO: Epoch 00520 | Time(s) 0.1127 | Val Loss 1.2574 | Val Acc 0.5365 | ETputs(KTEPS) 35673.44
2023-10-12 04:07:27,875 - tune.py [line:103] - INFO: Epoch 00540 | Time(s) 0.1133 | Val Loss 1.2454 | Val Acc 0.5471 | ETputs(KTEPS) 35461.73
2023-10-12 04:07:30,350 - tune.py [line:103] - INFO: Epoch 00560 | Time(s) 0.1137 | Val Loss 1.2381 | Val Acc 0.5385 | ETputs(KTEPS) 35348.56
2023-10-12 04:07:32,959 - tune.py [line:103] - INFO: Epoch 00580 | Time(s) 0.1143 | Val Loss 1.2511 | Val Acc 0.5404 | ETputs(KTEPS) 35170.01
2023-10-12 04:07:35,655 - tune.py [line:103] - INFO: Epoch 00600 | Time(s) 0.1150 | Val Loss 1.2484 | Val Acc 0.5404 | ETputs(KTEPS) 34962.27
2023-10-12 04:07:38,291 - tune.py [line:103] - INFO: Epoch 00620 | Time(s) 0.1155 | Val Loss 1.2429 | Val Acc 0.5490 | ETputs(KTEPS) 34798.33
2023-10-12 04:07:40,886 - tune.py [line:103] - INFO: Epoch 00640 | Time(s) 0.1159 | Val Loss 1.2407 | Val Acc 0.5587 | ETputs(KTEPS) 34667.02
2023-10-12 04:07:43,597 - tune.py [line:103] - INFO: Epoch 00660 | Time(s) 0.1165 | Val Loss 1.2377 | Val Acc 0.5529 | ETputs(KTEPS) 34492.75
2023-10-12 04:07:46,434 - tune.py [line:103] - INFO: Epoch 00680 | Time(s) 0.1173 | Val Loss 1.2307 | Val Acc 0.5548 | ETputs(KTEPS) 34273.64
2023-10-12 04:07:49,198 - tune.py [line:103] - INFO: Epoch 00700 | Time(s) 0.1179 | Val Loss 1.2367 | Val Acc 0.5548 | ETputs(KTEPS) 34100.09
2023-10-12 04:07:52,099 - tune.py [line:103] - INFO: Epoch 00720 | Time(s) 0.1186 | Val Loss 1.2314 | Val Acc 0.5548 | ETputs(KTEPS) 33883.01
2023-10-12 04:07:54,879 - tune.py [line:103] - INFO: Epoch 00740 | Time(s) 0.1192 | Val Loss 1.2325 | Val Acc 0.5615 | ETputs(KTEPS) 33726.85
2023-10-12 04:07:57,675 - tune.py [line:103] - INFO: Epoch 00760 | Time(s) 0.1197 | Val Loss 1.2383 | Val Acc 0.5644 | ETputs(KTEPS) 33575.24
2023-10-12 04:08:00,505 - tune.py [line:103] - INFO: Epoch 00780 | Time(s) 0.1203 | Val Loss 1.2456 | Val Acc 0.5490 | ETputs(KTEPS) 33419.23
2023-10-12 04:08:03,253 - tune.py [line:103] - INFO: Epoch 00800 | Time(s) 0.1207 | Val Loss 1.2420 | Val Acc 0.5510 | ETputs(KTEPS) 33301.73
2023-10-12 04:08:04,746 - tune.py [line:103] - INFO: Epoch 00820 | Time(s) 0.1196 | Val Loss 1.2455 | Val Acc 0.5500 | ETputs(KTEPS) 33614.58
2023-10-12 04:08:06,176 - tune.py [line:103] - INFO: Epoch 00840 | Time(s) 0.1184 | Val Loss 1.2294 | Val Acc 0.5481 | ETputs(KTEPS) 33939.97
2023-10-12 04:08:07,632 - tune.py [line:103] - INFO: Epoch 00860 | Time(s) 0.1174 | Val Loss 1.2428 | Val Acc 0.5558 | ETputs(KTEPS) 34247.02
2023-10-12 04:08:08,957 - tune.py [line:103] - INFO: Epoch 00880 | Time(s) 0.1162 | Val Loss 1.2449 | Val Acc 0.5615 | ETputs(KTEPS) 34590.57
2023-10-12 04:08:10,441 - tune.py [line:103] - INFO: Epoch 00900 | Time(s) 0.1153 | Val Loss 1.2329 | Val Acc 0.5606 | ETputs(KTEPS) 34870.89
2023-10-12 04:08:11,839 - tune.py [line:103] - INFO: Epoch 00920 | Time(s) 0.1143 | Val Loss 1.2335 | Val Acc 0.5654 | ETputs(KTEPS) 35172.54
2023-10-12 04:08:13,363 - tune.py [line:103] - INFO: Epoch 00940 | Time(s) 0.1135 | Val Loss 1.2307 | Val Acc 0.5606 | ETputs(KTEPS) 35424.33
2023-10-12 04:08:14,848 - tune.py [line:103] - INFO: Epoch 00960 | Time(s) 0.1126 | Val Loss 1.2265 | Val Acc 0.5596 | ETputs(KTEPS) 35681.46
2023-10-12 04:08:16,386 - tune.py [line:103] - INFO: Epoch 00980 | Time(s) 0.1119 | Val Loss 1.2203 | Val Acc 0.5663 | ETputs(KTEPS) 35914.17
2023-10-12 04:08:17,756 - tune.py [line:103] - INFO: Epoch 01000 | Time(s) 0.1110 | Val Loss 1.2279 | Val Acc 0.5625 | ETputs(KTEPS) 36196.28
2023-10-12 04:08:19,248 - tune.py [line:103] - INFO: Epoch 01020 | Time(s) 0.1103 | Val Loss 1.2145 | Val Acc 0.5577 | ETputs(KTEPS) 36430.97
2023-10-12 04:08:20,677 - tune.py [line:103] - INFO: Epoch 01040 | Time(s) 0.1096 | Val Loss 1.2227 | Val Acc 0.5587 | ETputs(KTEPS) 36680.43
2023-10-12 04:08:22,206 - tune.py [line:103] - INFO: Epoch 01060 | Time(s) 0.1089 | Val Loss 1.2191 | Val Acc 0.5606 | ETputs(KTEPS) 36890.96
2023-10-12 04:08:23,611 - tune.py [line:103] - INFO: Epoch 01080 | Time(s) 0.1082 | Val Loss 1.2253 | Val Acc 0.5625 | ETputs(KTEPS) 37135.54
2023-10-12 04:08:25,212 - tune.py [line:103] - INFO: Epoch 01100 | Time(s) 0.1077 | Val Loss 1.2276 | Val Acc 0.5683 | ETputs(KTEPS) 37312.46
2023-10-12 04:08:26,833 - tune.py [line:103] - INFO: Epoch 01120 | Time(s) 0.1072 | Val Loss 1.2254 | Val Acc 0.5702 | ETputs(KTEPS) 37478.45
2023-10-12 04:08:28,496 - tune.py [line:103] - INFO: Epoch 01140 | Time(s) 0.1068 | Val Loss 1.2297 | Val Acc 0.5615 | ETputs(KTEPS) 37626.71
2023-10-12 04:08:30,059 - tune.py [line:103] - INFO: Epoch 01160 | Time(s) 0.1063 | Val Loss 1.2207 | Val Acc 0.5740 | ETputs(KTEPS) 37803.43
2023-10-12 04:08:31,602 - tune.py [line:103] - INFO: Epoch 01180 | Time(s) 0.1058 | Val Loss 1.2237 | Val Acc 0.5644 | ETputs(KTEPS) 37980.18
2023-10-12 04:08:33,087 - tune.py [line:103] - INFO: Epoch 01200 | Time(s) 0.1053 | Val Loss 1.2140 | Val Acc 0.5625 | ETputs(KTEPS) 38170.28
2023-10-12 04:08:34,589 - tune.py [line:103] - INFO: Epoch 01220 | Time(s) 0.1048 | Val Loss 1.2115 | Val Acc 0.5692 | ETputs(KTEPS) 38350.81
2023-10-12 04:08:36,064 - tune.py [line:103] - INFO: Epoch 01240 | Time(s) 0.1043 | Val Loss 1.2203 | Val Acc 0.5692 | ETputs(KTEPS) 38535.03
2023-10-12 04:08:37,601 - tune.py [line:103] - INFO: Epoch 01260 | Time(s) 0.1039 | Val Loss 1.2164 | Val Acc 0.5702 | ETputs(KTEPS) 38696.84
2023-10-12 04:08:39,085 - tune.py [line:103] - INFO: Epoch 01280 | Time(s) 0.1034 | Val Loss 1.2134 | Val Acc 0.5683 | ETputs(KTEPS) 38870.68
2023-10-12 04:08:40,573 - tune.py [line:103] - INFO: Epoch 01300 | Time(s) 0.1029 | Val Loss 1.1980 | Val Acc 0.5808 | ETputs(KTEPS) 39040.18
2023-10-12 04:08:42,074 - tune.py [line:103] - INFO: Epoch 01320 | Time(s) 0.1025 | Val Loss 1.1948 | Val Acc 0.5808 | ETputs(KTEPS) 39201.29
2023-10-12 04:08:43,537 - tune.py [line:103] - INFO: Epoch 01340 | Time(s) 0.1021 | Val Loss 1.1950 | Val Acc 0.5798 | ETputs(KTEPS) 39370.63
2023-10-12 04:08:45,048 - tune.py [line:103] - INFO: Epoch 01360 | Time(s) 0.1017 | Val Loss 1.2004 | Val Acc 0.5702 | ETputs(KTEPS) 39521.91
2023-10-12 04:08:46,509 - tune.py [line:103] - INFO: Epoch 01380 | Time(s) 0.1013 | Val Loss 1.2028 | Val Acc 0.5712 | ETputs(KTEPS) 39683.97
2023-10-12 04:08:47,966 - tune.py [line:103] - INFO: Epoch 01400 | Time(s) 0.1009 | Val Loss 1.2040 | Val Acc 0.5740 | ETputs(KTEPS) 39843.96
2023-10-12 04:08:49,448 - tune.py [line:103] - INFO: Epoch 01420 | Time(s) 0.1005 | Val Loss 1.2030 | Val Acc 0.5683 | ETputs(KTEPS) 39993.74
2023-10-12 04:08:50,865 - tune.py [line:103] - INFO: Epoch 01440 | Time(s) 0.1001 | Val Loss 1.2061 | Val Acc 0.5644 | ETputs(KTEPS) 40159.06
2023-10-12 04:08:52,306 - tune.py [line:103] - INFO: Epoch 01460 | Time(s) 0.0997 | Val Loss 1.1989 | Val Acc 0.5663 | ETputs(KTEPS) 40313.92
2023-10-12 04:08:53,724 - tune.py [line:103] - INFO: Epoch 01480 | Time(s) 0.0993 | Val Loss 1.2002 | Val Acc 0.5673 | ETputs(KTEPS) 40472.11
2023-10-12 04:08:55,222 - tune.py [line:103] - INFO: Epoch 01500 | Time(s) 0.0990 | Val Loss 1.1893 | Val Acc 0.5779 | ETputs(KTEPS) 40605.30
2023-10-12 04:08:56,619 - tune.py [line:103] - INFO: Epoch 01520 | Time(s) 0.0986 | Val Loss 1.2069 | Val Acc 0.5731 | ETputs(KTEPS) 40763.37
2023-10-12 04:08:58,034 - tune.py [line:103] - INFO: Epoch 01540 | Time(s) 0.0982 | Val Loss 1.2163 | Val Acc 0.5750 | ETputs(KTEPS) 40913.78
2023-10-12 04:08:59,452 - tune.py [line:103] - INFO: Epoch 01560 | Time(s) 0.0979 | Val Loss 1.2103 | Val Acc 0.5721 | ETputs(KTEPS) 41060.30
2023-10-12 04:09:00,923 - tune.py [line:103] - INFO: Epoch 01580 | Time(s) 0.0976 | Val Loss 1.1956 | Val Acc 0.5606 | ETputs(KTEPS) 41190.27
2023-10-12 04:09:02,301 - tune.py [line:103] - INFO: Epoch 01600 | Time(s) 0.0972 | Val Loss 1.1935 | Val Acc 0.5702 | ETputs(KTEPS) 41342.18
2023-10-12 04:09:03,780 - tune.py [line:103] - INFO: Epoch 01620 | Time(s) 0.0969 | Val Loss 1.1944 | Val Acc 0.5731 | ETputs(KTEPS) 41465.12
2023-10-12 04:09:05,330 - tune.py [line:103] - INFO: Epoch 01640 | Time(s) 0.0967 | Val Loss 1.2008 | Val Acc 0.5596 | ETputs(KTEPS) 41566.72
2023-10-12 04:09:06,829 - tune.py [line:103] - INFO: Epoch 01660 | Time(s) 0.0964 | Val Loss 1.1889 | Val Acc 0.5673 | ETputs(KTEPS) 41679.81
2023-10-12 04:09:08,408 - tune.py [line:103] - INFO: Epoch 01680 | Time(s) 0.0962 | Val Loss 1.1885 | Val Acc 0.5712 | ETputs(KTEPS) 41770.41
2023-10-12 04:09:09,870 - tune.py [line:103] - INFO: Epoch 01700 | Time(s) 0.0959 | Val Loss 1.1906 | Val Acc 0.5837 | ETputs(KTEPS) 41889.75
2023-10-12 04:09:11,418 - tune.py [line:103] - INFO: Epoch 01720 | Time(s) 0.0957 | Val Loss 1.1995 | Val Acc 0.5750 | ETputs(KTEPS) 41984.35
2023-10-12 04:09:13,166 - tune.py [line:103] - INFO: Epoch 01740 | Time(s) 0.0956 | Val Loss 1.1891 | Val Acc 0.5740 | ETputs(KTEPS) 42026.63
2023-10-12 04:09:14,577 - tune.py [line:103] - INFO: Epoch 01760 | Time(s) 0.0953 | Val Loss 1.1934 | Val Acc 0.5808 | ETputs(KTEPS) 42152.33
2023-10-12 04:09:16,143 - tune.py [line:103] - INFO: Epoch 01780 | Time(s) 0.0952 | Val Loss 1.2026 | Val Acc 0.5721 | ETputs(KTEPS) 42237.34
2023-10-12 04:09:17,799 - tune.py [line:103] - INFO: Epoch 01800 | Time(s) 0.0950 | Val Loss 1.1825 | Val Acc 0.5779 | ETputs(KTEPS) 42298.75
2023-10-12 04:09:19,392 - tune.py [line:103] - INFO: Epoch 01820 | Time(s) 0.0948 | Val Loss 1.1897 | Val Acc 0.5712 | ETputs(KTEPS) 42374.24
2023-10-12 04:09:21,074 - tune.py [line:103] - INFO: Epoch 01840 | Time(s) 0.0947 | Val Loss 1.2003 | Val Acc 0.5635 | ETputs(KTEPS) 42426.74
2023-10-12 04:09:22,752 - tune.py [line:103] - INFO: Epoch 01860 | Time(s) 0.0946 | Val Loss 1.2095 | Val Acc 0.5644 | ETputs(KTEPS) 42479.33
2023-10-12 04:09:24,360 - tune.py [line:103] - INFO: Epoch 01880 | Time(s) 0.0945 | Val Loss 1.2031 | Val Acc 0.5692 | ETputs(KTEPS) 42547.54
2023-10-12 04:09:26,195 - tune.py [line:103] - INFO: Epoch 01900 | Time(s) 0.0944 | Val Loss 1.2096 | Val Acc 0.5587 | ETputs(KTEPS) 42560.55
2023-10-12 04:09:27,759 - tune.py [line:103] - INFO: Epoch 01920 | Time(s) 0.0943 | Val Loss 1.1989 | Val Acc 0.5625 | ETputs(KTEPS) 42637.25
2023-10-12 04:09:29,401 - tune.py [line:103] - INFO: Epoch 01940 | Time(s) 0.0941 | Val Loss 1.1924 | Val Acc 0.5683 | ETputs(KTEPS) 42694.12
2023-10-12 04:09:31,153 - tune.py [line:103] - INFO: Epoch 01960 | Time(s) 0.0941 | Val Loss 1.1924 | Val Acc 0.5635 | ETputs(KTEPS) 42724.54
2023-10-12 04:09:32,674 - tune.py [line:103] - INFO: Epoch 01980 | Time(s) 0.0939 | Val Loss 1.2078 | Val Acc 0.5596 | ETputs(KTEPS) 42807.70
2023-10-12 04:09:33,845 - tune.py [line:117] - INFO: [FINAL MODEL] Val accuracy 58.65% \Val loss: 1.2
2023-10-12 04:09:33,867 - tune.py [line:119] - INFO: [FINAL MODEL] Test accuracy 57.83% \Test loss: 1.2
2023-10-12 04:09:33,867 - tune.py [line:144] - INFO: Acc on the first split (Validation Set): 0.5865
2023-10-12 04:09:33,867 - tune.py [line:145] - INFO: Acc on the first split (Test Set): 0.5783
