2023-10-12 04:00:02,004 - tune.py [line:203] - INFO: Namespace(seed=42, model='GPRGNNV2', gpu=1, dataset='geom-squirrel', logging=True, log_detail=True, log_detailedCh=False, id_log=1012014504, optuna_n_trials=202, n_epochs=2000, self_loop=True, udgraph=True, early_stop=True, patience=300, n_hidden=64, n_cv=1, start_cv=0, n_layers=12, lr1=0.05, lr2=0.05, wd1=1e-06, wd2=1e-08, dropout=0.7, dropout2=0.0, alpha=0.6, es_ckpt='TestTuningScript-geom-squirrel_GPRGNNV2-geom-squirrel_trialNo13')
2023-10-12 04:00:04,595 - tune.py [line:128] - INFO: Split_seeds:[1824]
2023-10-12 04:00:04,595 - tune.py [line:129] - INFO: Model_seeds:[409]
2023-10-12 04:00:06,937 - tune.py [line:103] - INFO: Epoch 00020 | Time(s) 0.1162 | Val Loss 1.4624 | Val Acc 0.3337 | ETputs(KTEPS) 34579.75
2023-10-12 04:00:09,214 - tune.py [line:103] - INFO: Epoch 00040 | Time(s) 0.1150 | Val Loss 1.4182 | Val Acc 0.3442 | ETputs(KTEPS) 34963.17
2023-10-12 04:00:11,423 - tune.py [line:103] - INFO: Epoch 00060 | Time(s) 0.1133 | Val Loss 1.3784 | Val Acc 0.3644 | ETputs(KTEPS) 35476.69
2023-10-12 04:00:13,483 - tune.py [line:103] - INFO: Epoch 00080 | Time(s) 0.1106 | Val Loss 1.3646 | Val Acc 0.4067 | ETputs(KTEPS) 36339.24
2023-10-12 04:00:15,729 - tune.py [line:103] - INFO: Epoch 00100 | Time(s) 0.1108 | Val Loss 1.3474 | Val Acc 0.4250 | ETputs(KTEPS) 36269.60
2023-10-12 04:00:18,619 - tune.py [line:103] - INFO: Epoch 00120 | Time(s) 0.1162 | Val Loss 1.3337 | Val Acc 0.4577 | ETputs(KTEPS) 34576.98
2023-10-12 04:00:21,082 - tune.py [line:103] - INFO: Epoch 00140 | Time(s) 0.1172 | Val Loss 1.3220 | Val Acc 0.4529 | ETputs(KTEPS) 34299.78
2023-10-12 04:00:23,584 - tune.py [line:103] - INFO: Epoch 00160 | Time(s) 0.1181 | Val Loss 1.3083 | Val Acc 0.4596 | ETputs(KTEPS) 34026.70
2023-10-12 04:00:26,303 - tune.py [line:103] - INFO: Epoch 00180 | Time(s) 0.1201 | Val Loss 1.3021 | Val Acc 0.4750 | ETputs(KTEPS) 33475.49
2023-10-12 04:00:28,893 - tune.py [line:103] - INFO: Epoch 00200 | Time(s) 0.1210 | Val Loss 1.3021 | Val Acc 0.4837 | ETputs(KTEPS) 33218.92
2023-10-12 04:00:31,530 - tune.py [line:103] - INFO: Epoch 00220 | Time(s) 0.1220 | Val Loss 1.2926 | Val Acc 0.4856 | ETputs(KTEPS) 32955.83
2023-10-12 04:00:33,358 - tune.py [line:103] - INFO: Epoch 00240 | Time(s) 0.1194 | Val Loss 1.2807 | Val Acc 0.4846 | ETputs(KTEPS) 33659.46
2023-10-12 04:00:34,432 - tune.py [line:103] - INFO: Epoch 00260 | Time(s) 0.1143 | Val Loss 1.2738 | Val Acc 0.4894 | ETputs(KTEPS) 35148.48
2023-10-12 04:00:35,442 - tune.py [line:103] - INFO: Epoch 00280 | Time(s) 0.1098 | Val Loss 1.2936 | Val Acc 0.4894 | ETputs(KTEPS) 36610.87
2023-10-12 04:00:36,512 - tune.py [line:103] - INFO: Epoch 00300 | Time(s) 0.1060 | Val Loss 1.2828 | Val Acc 0.4837 | ETputs(KTEPS) 37906.59
2023-10-12 04:00:37,580 - tune.py [line:103] - INFO: Epoch 00320 | Time(s) 0.1027 | Val Loss 1.2837 | Val Acc 0.4760 | ETputs(KTEPS) 39121.60
2023-10-12 04:00:38,715 - tune.py [line:103] - INFO: Epoch 00340 | Time(s) 0.1000 | Val Loss 1.2650 | Val Acc 0.4981 | ETputs(KTEPS) 40183.55
2023-10-12 04:00:39,801 - tune.py [line:103] - INFO: Epoch 00360 | Time(s) 0.0975 | Val Loss 1.2601 | Val Acc 0.4990 | ETputs(KTEPS) 41236.12
2023-10-12 04:00:40,910 - tune.py [line:103] - INFO: Epoch 00380 | Time(s) 0.0953 | Val Loss 1.2681 | Val Acc 0.4904 | ETputs(KTEPS) 42193.61
2023-10-12 04:00:42,048 - tune.py [line:103] - INFO: Epoch 00400 | Time(s) 0.0933 | Val Loss 1.2649 | Val Acc 0.4923 | ETputs(KTEPS) 43060.88
2023-10-12 04:00:43,200 - tune.py [line:103] - INFO: Epoch 00420 | Time(s) 0.0916 | Val Loss 1.2558 | Val Acc 0.4923 | ETputs(KTEPS) 43861.37
2023-10-12 04:00:44,316 - tune.py [line:103] - INFO: Epoch 00440 | Time(s) 0.0900 | Val Loss 1.2420 | Val Acc 0.5115 | ETputs(KTEPS) 44665.74
2023-10-12 04:00:45,452 - tune.py [line:103] - INFO: Epoch 00460 | Time(s) 0.0885 | Val Loss 1.2558 | Val Acc 0.4962 | ETputs(KTEPS) 45397.99
2023-10-12 04:00:46,515 - tune.py [line:103] - INFO: Epoch 00480 | Time(s) 0.0871 | Val Loss 1.2559 | Val Acc 0.5087 | ETputs(KTEPS) 46167.09
2023-10-12 04:00:47,693 - tune.py [line:103] - INFO: Epoch 00500 | Time(s) 0.0859 | Val Loss 1.2557 | Val Acc 0.5106 | ETputs(KTEPS) 46773.24
2023-10-12 04:00:48,993 - tune.py [line:103] - INFO: Epoch 00520 | Time(s) 0.0851 | Val Loss 1.2412 | Val Acc 0.4904 | ETputs(KTEPS) 47215.85
2023-10-12 04:00:50,199 - tune.py [line:103] - INFO: Epoch 00540 | Time(s) 0.0842 | Val Loss 1.2554 | Val Acc 0.5154 | ETputs(KTEPS) 47732.32
2023-10-12 04:00:51,406 - tune.py [line:103] - INFO: Epoch 00560 | Time(s) 0.0833 | Val Loss 1.2493 | Val Acc 0.5125 | ETputs(KTEPS) 48223.12
2023-10-12 04:00:52,503 - tune.py [line:103] - INFO: Epoch 00580 | Time(s) 0.0824 | Val Loss 1.2535 | Val Acc 0.5231 | ETputs(KTEPS) 48798.47
2023-10-12 04:00:53,608 - tune.py [line:103] - INFO: Epoch 00600 | Time(s) 0.0814 | Val Loss 1.2249 | Val Acc 0.5260 | ETputs(KTEPS) 49345.58
2023-10-12 04:00:54,841 - tune.py [line:103] - INFO: Epoch 00620 | Time(s) 0.0808 | Val Loss 1.2349 | Val Acc 0.5106 | ETputs(KTEPS) 49736.30
2023-10-12 04:00:56,090 - tune.py [line:103] - INFO: Epoch 00640 | Time(s) 0.0802 | Val Loss 1.2468 | Val Acc 0.5096 | ETputs(KTEPS) 50092.17
2023-10-12 04:00:57,342 - tune.py [line:103] - INFO: Epoch 00660 | Time(s) 0.0797 | Val Loss 1.2533 | Val Acc 0.5115 | ETputs(KTEPS) 50428.30
2023-10-12 04:00:58,709 - tune.py [line:103] - INFO: Epoch 00680 | Time(s) 0.0794 | Val Loss 1.2427 | Val Acc 0.5192 | ETputs(KTEPS) 50641.66
2023-10-12 04:00:59,935 - tune.py [line:103] - INFO: Epoch 00700 | Time(s) 0.0788 | Val Loss 1.2449 | Val Acc 0.5087 | ETputs(KTEPS) 50973.09
2023-10-12 04:01:01,182 - tune.py [line:103] - INFO: Epoch 00720 | Time(s) 0.0784 | Val Loss 1.2427 | Val Acc 0.5173 | ETputs(KTEPS) 51274.21
2023-10-12 04:01:02,540 - tune.py [line:103] - INFO: Epoch 00740 | Time(s) 0.0781 | Val Loss 1.2340 | Val Acc 0.5202 | ETputs(KTEPS) 51460.64
2023-10-12 04:01:03,750 - tune.py [line:103] - INFO: Epoch 00760 | Time(s) 0.0776 | Val Loss 1.2304 | Val Acc 0.5260 | ETputs(KTEPS) 51768.12
2023-10-12 04:01:05,021 - tune.py [line:103] - INFO: Epoch 00780 | Time(s) 0.0773 | Val Loss 1.2198 | Val Acc 0.5260 | ETputs(KTEPS) 52014.15
2023-10-12 04:01:06,184 - tune.py [line:103] - INFO: Epoch 00800 | Time(s) 0.0768 | Val Loss 1.2278 | Val Acc 0.5260 | ETputs(KTEPS) 52338.22
2023-10-12 04:01:07,341 - tune.py [line:103] - INFO: Epoch 00820 | Time(s) 0.0763 | Val Loss 1.2317 | Val Acc 0.5346 | ETputs(KTEPS) 52656.03
2023-10-12 04:01:08,663 - tune.py [line:103] - INFO: Epoch 00840 | Time(s) 0.0761 | Val Loss 1.2177 | Val Acc 0.5260 | ETputs(KTEPS) 52827.35
2023-10-12 04:01:12,704 - tune.py [line:103] - INFO: Epoch 00860 | Time(s) 0.0790 | Val Loss 1.2326 | Val Acc 0.5260 | ETputs(KTEPS) 50868.77
2023-10-12 04:01:14,043 - tune.py [line:103] - INFO: Epoch 00880 | Time(s) 0.0787 | Val Loss 1.2393 | Val Acc 0.5269 | ETputs(KTEPS) 51046.42
2023-10-12 04:01:15,375 - tune.py [line:103] - INFO: Epoch 00900 | Time(s) 0.0785 | Val Loss 1.2435 | Val Acc 0.5115 | ETputs(KTEPS) 51222.32
2023-10-12 04:01:16,786 - tune.py [line:103] - INFO: Epoch 00920 | Time(s) 0.0783 | Val Loss 1.2415 | Val Acc 0.5250 | ETputs(KTEPS) 51334.92
2023-10-12 04:01:18,113 - tune.py [line:103] - INFO: Epoch 00940 | Time(s) 0.0780 | Val Loss 1.2352 | Val Acc 0.5308 | ETputs(KTEPS) 51503.03
2023-10-12 04:01:19,430 - tune.py [line:103] - INFO: Epoch 00960 | Time(s) 0.0778 | Val Loss 1.2598 | Val Acc 0.5221 | ETputs(KTEPS) 51671.37
2023-10-12 04:01:20,857 - tune.py [line:103] - INFO: Epoch 00980 | Time(s) 0.0777 | Val Loss 1.2458 | Val Acc 0.5106 | ETputs(KTEPS) 51758.73
2023-10-12 04:01:22,303 - tune.py [line:103] - INFO: Epoch 01000 | Time(s) 0.0775 | Val Loss 1.2344 | Val Acc 0.5115 | ETputs(KTEPS) 51831.21
2023-10-12 04:01:23,624 - tune.py [line:103] - INFO: Epoch 01020 | Time(s) 0.0773 | Val Loss 1.2347 | Val Acc 0.5202 | ETputs(KTEPS) 51982.23
2023-10-12 04:01:24,951 - tune.py [line:103] - INFO: Epoch 01040 | Time(s) 0.0771 | Val Loss 1.2275 | Val Acc 0.5212 | ETputs(KTEPS) 52125.08
2023-10-12 04:01:26,251 - tune.py [line:103] - INFO: Epoch 01060 | Time(s) 0.0769 | Val Loss 1.2178 | Val Acc 0.5240 | ETputs(KTEPS) 52280.29
2023-10-12 04:01:27,691 - tune.py [line:103] - INFO: Epoch 01080 | Time(s) 0.0768 | Val Loss 1.2272 | Val Acc 0.5298 | ETputs(KTEPS) 52342.45
2023-10-12 04:01:29,154 - tune.py [line:103] - INFO: Epoch 01100 | Time(s) 0.0767 | Val Loss 1.2083 | Val Acc 0.5365 | ETputs(KTEPS) 52387.61
2023-10-12 04:01:30,747 - tune.py [line:103] - INFO: Epoch 01120 | Time(s) 0.0768 | Val Loss 1.2309 | Val Acc 0.5356 | ETputs(KTEPS) 52352.35
2023-10-12 04:01:31,043 - tune.py [line:117] - INFO: [FINAL MODEL] Val accuracy 54.04% \Val loss: 1.2
2023-10-12 04:01:31,056 - tune.py [line:119] - INFO: [FINAL MODEL] Test accuracy 53.12% \Test loss: 1.3
2023-10-12 04:01:31,057 - tune.py [line:144] - INFO: Acc on the first split (Validation Set): 0.5404
2023-10-12 04:01:31,057 - tune.py [line:145] - INFO: Acc on the first split (Test Set): 0.5312
