2023-10-12 04:26:34,038 - tune.py [line:203] - INFO: Namespace(seed=42, model='GPRGNNV2', gpu=0, dataset='geom-squirrel', logging=True, log_detail=True, log_detailedCh=False, id_log=1012014504, optuna_n_trials=202, n_epochs=2000, self_loop=True, udgraph=True, early_stop=True, patience=300, n_hidden=64, n_cv=1, start_cv=0, n_layers=12, lr1=0.03, lr2=0.04, wd1=1e-06, wd2=1e-08, dropout=0.5, dropout2=0.4, alpha=0.30000000000000004, es_ckpt='TestTuningScript-geom-squirrel_GPRGNNV2-geom-squirrel_trialNo83')
2023-10-12 04:26:36,659 - tune.py [line:128] - INFO: Split_seeds:[1824]
2023-10-12 04:26:36,659 - tune.py [line:129] - INFO: Model_seeds:[409]
2023-10-12 04:26:39,236 - tune.py [line:103] - INFO: Epoch 00020 | Time(s) 0.1274 | Val Loss 1.4497 | Val Acc 0.3587 | ETputs(KTEPS) 31539.99
2023-10-12 04:26:41,681 - tune.py [line:103] - INFO: Epoch 00040 | Time(s) 0.1242 | Val Loss 1.4595 | Val Acc 0.3962 | ETputs(KTEPS) 32356.63
2023-10-12 04:26:44,168 - tune.py [line:103] - INFO: Epoch 00060 | Time(s) 0.1240 | Val Loss 1.4662 | Val Acc 0.4144 | ETputs(KTEPS) 32400.54
2023-10-12 04:26:46,648 - tune.py [line:103] - INFO: Epoch 00080 | Time(s) 0.1239 | Val Loss 1.4699 | Val Acc 0.4250 | ETputs(KTEPS) 32443.70
2023-10-12 04:26:49,196 - tune.py [line:103] - INFO: Epoch 00100 | Time(s) 0.1244 | Val Loss 1.4689 | Val Acc 0.4404 | ETputs(KTEPS) 32315.35
2023-10-12 04:26:52,030 - tune.py [line:103] - INFO: Epoch 00120 | Time(s) 0.1271 | Val Loss 1.4463 | Val Acc 0.4500 | ETputs(KTEPS) 31621.40
2023-10-12 04:26:54,656 - tune.py [line:103] - INFO: Epoch 00140 | Time(s) 0.1276 | Val Loss 1.4563 | Val Acc 0.4731 | ETputs(KTEPS) 31487.56
2023-10-12 04:26:57,256 - tune.py [line:103] - INFO: Epoch 00160 | Time(s) 0.1279 | Val Loss 1.4413 | Val Acc 0.4779 | ETputs(KTEPS) 31428.47
2023-10-12 04:27:00,096 - tune.py [line:103] - INFO: Epoch 00180 | Time(s) 0.1294 | Val Loss 1.4248 | Val Acc 0.4962 | ETputs(KTEPS) 31061.91
2023-10-12 04:27:02,737 - tune.py [line:103] - INFO: Epoch 00200 | Time(s) 0.1296 | Val Loss 1.4254 | Val Acc 0.5125 | ETputs(KTEPS) 31008.69
2023-10-12 04:27:05,395 - tune.py [line:103] - INFO: Epoch 00220 | Time(s) 0.1299 | Val Loss 1.4220 | Val Acc 0.5096 | ETputs(KTEPS) 30941.55
2023-10-12 04:27:07,560 - tune.py [line:103] - INFO: Epoch 00240 | Time(s) 0.1281 | Val Loss 1.4122 | Val Acc 0.5173 | ETputs(KTEPS) 31379.99
2023-10-12 04:27:09,015 - tune.py [line:103] - INFO: Epoch 00260 | Time(s) 0.1238 | Val Loss 1.4063 | Val Acc 0.5135 | ETputs(KTEPS) 32461.57
2023-10-12 04:27:10,484 - tune.py [line:103] - INFO: Epoch 00280 | Time(s) 0.1202 | Val Loss 1.3896 | Val Acc 0.5202 | ETputs(KTEPS) 33433.68
2023-10-12 04:27:11,944 - tune.py [line:103] - INFO: Epoch 00300 | Time(s) 0.1171 | Val Loss 1.3956 | Val Acc 0.5125 | ETputs(KTEPS) 34333.05
2023-10-12 04:27:13,430 - tune.py [line:103] - INFO: Epoch 00320 | Time(s) 0.1144 | Val Loss 1.3884 | Val Acc 0.5240 | ETputs(KTEPS) 35139.77
2023-10-12 04:27:14,928 - tune.py [line:103] - INFO: Epoch 00340 | Time(s) 0.1121 | Val Loss 1.4136 | Val Acc 0.5269 | ETputs(KTEPS) 35868.36
2023-10-12 04:27:16,424 - tune.py [line:103] - INFO: Epoch 00360 | Time(s) 0.1100 | Val Loss 1.4095 | Val Acc 0.5337 | ETputs(KTEPS) 36543.85
2023-10-12 04:27:17,965 - tune.py [line:103] - INFO: Epoch 00380 | Time(s) 0.1082 | Val Loss 1.3995 | Val Acc 0.5298 | ETputs(KTEPS) 37129.82
2023-10-12 04:27:19,457 - tune.py [line:103] - INFO: Epoch 00400 | Time(s) 0.1065 | Val Loss 1.3830 | Val Acc 0.5375 | ETputs(KTEPS) 37722.17
2023-10-12 04:27:20,996 - tune.py [line:103] - INFO: Epoch 00420 | Time(s) 0.1051 | Val Loss 1.3834 | Val Acc 0.5394 | ETputs(KTEPS) 38229.76
2023-10-12 04:27:22,669 - tune.py [line:103] - INFO: Epoch 00440 | Time(s) 0.1041 | Val Loss 1.3907 | Val Acc 0.5394 | ETputs(KTEPS) 38590.53
2023-10-12 04:27:24,243 - tune.py [line:103] - INFO: Epoch 00460 | Time(s) 0.1030 | Val Loss 1.4003 | Val Acc 0.5394 | ETputs(KTEPS) 39006.82
2023-10-12 04:27:25,838 - tune.py [line:103] - INFO: Epoch 00480 | Time(s) 0.1021 | Val Loss 1.3833 | Val Acc 0.5519 | ETputs(KTEPS) 39382.12
2023-10-12 04:27:27,506 - tune.py [line:103] - INFO: Epoch 00500 | Time(s) 0.1013 | Val Loss 1.3784 | Val Acc 0.5500 | ETputs(KTEPS) 39672.48
2023-10-12 04:27:29,027 - tune.py [line:103] - INFO: Epoch 00520 | Time(s) 0.1003 | Val Loss 1.3914 | Val Acc 0.5452 | ETputs(KTEPS) 40057.40
2023-10-12 04:27:30,578 - tune.py [line:103] - INFO: Epoch 00540 | Time(s) 0.0995 | Val Loss 1.3754 | Val Acc 0.5471 | ETputs(KTEPS) 40399.26
2023-10-12 04:27:32,197 - tune.py [line:103] - INFO: Epoch 00560 | Time(s) 0.0988 | Val Loss 1.3791 | Val Acc 0.5462 | ETputs(KTEPS) 40670.17
2023-10-12 04:27:33,698 - tune.py [line:103] - INFO: Epoch 00580 | Time(s) 0.0980 | Val Loss 1.3687 | Val Acc 0.5558 | ETputs(KTEPS) 41012.56
2023-10-12 04:27:35,304 - tune.py [line:103] - INFO: Epoch 00600 | Time(s) 0.0974 | Val Loss 1.3820 | Val Acc 0.5587 | ETputs(KTEPS) 41264.18
2023-10-12 04:27:36,968 - tune.py [line:103] - INFO: Epoch 00620 | Time(s) 0.0969 | Val Loss 1.3681 | Val Acc 0.5519 | ETputs(KTEPS) 41461.13
2023-10-12 04:27:38,831 - tune.py [line:103] - INFO: Epoch 00640 | Time(s) 0.0968 | Val Loss 1.3526 | Val Acc 0.5654 | ETputs(KTEPS) 41514.04
2023-10-12 04:27:40,660 - tune.py [line:103] - INFO: Epoch 00660 | Time(s) 0.0966 | Val Loss 1.3591 | Val Acc 0.5567 | ETputs(KTEPS) 41585.20
2023-10-12 04:27:42,443 - tune.py [line:103] - INFO: Epoch 00680 | Time(s) 0.0964 | Val Loss 1.3701 | Val Acc 0.5452 | ETputs(KTEPS) 41680.66
2023-10-12 04:27:44,319 - tune.py [line:103] - INFO: Epoch 00700 | Time(s) 0.0963 | Val Loss 1.3745 | Val Acc 0.5510 | ETputs(KTEPS) 41713.92
2023-10-12 04:27:46,107 - tune.py [line:103] - INFO: Epoch 00720 | Time(s) 0.0962 | Val Loss 1.3659 | Val Acc 0.5481 | ETputs(KTEPS) 41797.61
2023-10-12 04:27:48,019 - tune.py [line:103] - INFO: Epoch 00740 | Time(s) 0.0961 | Val Loss 1.3760 | Val Acc 0.5683 | ETputs(KTEPS) 41806.46
2023-10-12 04:27:49,806 - tune.py [line:103] - INFO: Epoch 00760 | Time(s) 0.0959 | Val Loss 1.3689 | Val Acc 0.5606 | ETputs(KTEPS) 41887.32
2023-10-12 04:27:51,607 - tune.py [line:103] - INFO: Epoch 00780 | Time(s) 0.0958 | Val Loss 1.3637 | Val Acc 0.5481 | ETputs(KTEPS) 41953.80
2023-10-12 04:27:53,553 - tune.py [line:103] - INFO: Epoch 00800 | Time(s) 0.0958 | Val Loss 1.3751 | Val Acc 0.5548 | ETputs(KTEPS) 41937.89
2023-10-12 04:27:55,442 - tune.py [line:103] - INFO: Epoch 00820 | Time(s) 0.0958 | Val Loss 1.4088 | Val Acc 0.5413 | ETputs(KTEPS) 41952.51
2023-10-12 04:27:57,233 - tune.py [line:103] - INFO: Epoch 00840 | Time(s) 0.0957 | Val Loss 1.3788 | Val Acc 0.5452 | ETputs(KTEPS) 42018.18
2023-10-12 04:27:59,223 - tune.py [line:103] - INFO: Epoch 00860 | Time(s) 0.0957 | Val Loss 1.3839 | Val Acc 0.5538 | ETputs(KTEPS) 41979.54
2023-10-12 04:28:01,132 - tune.py [line:103] - INFO: Epoch 00880 | Time(s) 0.0957 | Val Loss 1.3865 | Val Acc 0.5510 | ETputs(KTEPS) 41982.46
2023-10-12 04:28:02,942 - tune.py [line:103] - INFO: Epoch 00900 | Time(s) 0.0956 | Val Loss 1.3736 | Val Acc 0.5577 | ETputs(KTEPS) 42033.99
2023-10-12 04:28:04,942 - tune.py [line:103] - INFO: Epoch 00920 | Time(s) 0.0957 | Val Loss 1.4039 | Val Acc 0.5490 | ETputs(KTEPS) 41992.41
2023-10-12 04:28:06,807 - tune.py [line:103] - INFO: Epoch 00940 | Time(s) 0.0957 | Val Loss 1.3828 | Val Acc 0.5606 | ETputs(KTEPS) 42015.85
2023-10-12 04:28:08,737 - tune.py [line:103] - INFO: Epoch 00960 | Time(s) 0.0957 | Val Loss 1.3756 | Val Acc 0.5567 | ETputs(KTEPS) 42008.46
2023-10-12 04:28:10,559 - tune.py [line:103] - INFO: Epoch 00980 | Time(s) 0.0956 | Val Loss 1.3706 | Val Acc 0.5654 | ETputs(KTEPS) 42050.70
2023-10-12 04:28:12,393 - tune.py [line:103] - INFO: Epoch 01000 | Time(s) 0.0955 | Val Loss 1.3771 | Val Acc 0.5558 | ETputs(KTEPS) 42084.92
2023-10-12 04:28:14,224 - tune.py [line:103] - INFO: Epoch 01020 | Time(s) 0.0954 | Val Loss 1.3602 | Val Acc 0.5548 | ETputs(KTEPS) 42119.30
2023-10-12 04:28:16,197 - tune.py [line:103] - INFO: Epoch 01040 | Time(s) 0.0955 | Val Loss 1.3883 | Val Acc 0.5481 | ETputs(KTEPS) 42092.25
2023-10-12 04:28:18,123 - tune.py [line:103] - INFO: Epoch 01060 | Time(s) 0.0955 | Val Loss 1.3532 | Val Acc 0.5567 | ETputs(KTEPS) 42085.74
2023-10-12 04:28:20,027 - tune.py [line:103] - INFO: Epoch 01080 | Time(s) 0.0955 | Val Loss 1.3730 | Val Acc 0.5558 | ETputs(KTEPS) 42088.30
2023-10-12 04:28:21,999 - tune.py [line:103] - INFO: Epoch 01100 | Time(s) 0.0955 | Val Loss 1.3826 | Val Acc 0.5596 | ETputs(KTEPS) 42063.69
2023-10-12 04:28:23,779 - tune.py [line:103] - INFO: Epoch 01120 | Time(s) 0.0954 | Val Loss 1.3557 | Val Acc 0.5615 | ETputs(KTEPS) 42115.78
2023-10-12 04:28:25,074 - tune.py [line:103] - INFO: Epoch 01140 | Time(s) 0.0949 | Val Loss 1.3814 | Val Acc 0.5519 | ETputs(KTEPS) 42354.83
2023-10-12 04:28:26,409 - tune.py [line:103] - INFO: Epoch 01160 | Time(s) 0.0944 | Val Loss 1.3676 | Val Acc 0.5596 | ETputs(KTEPS) 42572.70
2023-10-12 04:28:27,703 - tune.py [line:103] - INFO: Epoch 01180 | Time(s) 0.0939 | Val Loss 1.3646 | Val Acc 0.5538 | ETputs(KTEPS) 42801.17
2023-10-12 04:28:29,028 - tune.py [line:103] - INFO: Epoch 01200 | Time(s) 0.0934 | Val Loss 1.3869 | Val Acc 0.5615 | ETputs(KTEPS) 43012.72
2023-10-12 04:28:30,339 - tune.py [line:103] - INFO: Epoch 01220 | Time(s) 0.0930 | Val Loss 1.3745 | Val Acc 0.5558 | ETputs(KTEPS) 43224.73
2023-10-12 04:28:31,615 - tune.py [line:103] - INFO: Epoch 01240 | Time(s) 0.0925 | Val Loss 1.3818 | Val Acc 0.5654 | ETputs(KTEPS) 43444.91
2023-10-12 04:28:32,906 - tune.py [line:103] - INFO: Epoch 01260 | Time(s) 0.0921 | Val Loss 1.3874 | Val Acc 0.5548 | ETputs(KTEPS) 43654.83
2023-10-12 04:28:34,139 - tune.py [line:117] - INFO: [FINAL MODEL] Val accuracy 57.31% \Val loss: 1.4
2023-10-12 04:28:34,155 - tune.py [line:119] - INFO: [FINAL MODEL] Test accuracy 56.77% \Test loss: 1.4
2023-10-12 04:28:34,155 - tune.py [line:144] - INFO: Acc on the first split (Validation Set): 0.5731
2023-10-12 04:28:34,155 - tune.py [line:145] - INFO: Acc on the first split (Test Set): 0.5677
