2023-10-12 03:52:16,554 - tune.py [line:203] - INFO: Namespace(seed=42, model='GPRGNNV2', gpu=0, dataset='geom-squirrel', logging=True, log_detail=True, log_detailedCh=False, id_log=1012014504, optuna_n_trials=202, n_epochs=2000, self_loop=True, udgraph=True, early_stop=True, patience=300, n_hidden=64, n_cv=1, start_cv=0, n_layers=4, lr1=0.0005, lr2=0.0005, wd1=1e-07, wd2=0.001, dropout=0.1, dropout2=0.1, alpha=0.4, es_ckpt='TestTuningScript-geom-squirrel_GPRGNNV2-geom-squirrel_trialNo2')
2023-10-12 03:52:19,129 - tune.py [line:128] - INFO: Split_seeds:[1824]
2023-10-12 03:52:19,129 - tune.py [line:129] - INFO: Model_seeds:[409]
2023-10-12 03:52:20,448 - tune.py [line:103] - INFO: Epoch 00020 | Time(s) 0.0653 | Val Loss 1.6087 | Val Acc 0.1990 | ETputs(KTEPS) 61567.43
2023-10-12 03:52:21,702 - tune.py [line:103] - INFO: Epoch 00040 | Time(s) 0.0629 | Val Loss 1.6066 | Val Acc 0.2288 | ETputs(KTEPS) 63871.63
2023-10-12 03:52:22,804 - tune.py [line:103] - INFO: Epoch 00060 | Time(s) 0.0599 | Val Loss 1.6038 | Val Acc 0.2875 | ETputs(KTEPS) 67056.13
2023-10-12 03:52:24,082 - tune.py [line:103] - INFO: Epoch 00080 | Time(s) 0.0609 | Val Loss 1.6003 | Val Acc 0.2481 | ETputs(KTEPS) 65986.20
2023-10-12 03:52:25,201 - tune.py [line:103] - INFO: Epoch 00100 | Time(s) 0.0599 | Val Loss 1.5961 | Val Acc 0.2423 | ETputs(KTEPS) 67079.49
2023-10-12 03:52:26,323 - tune.py [line:103] - INFO: Epoch 00120 | Time(s) 0.0593 | Val Loss 1.5913 | Val Acc 0.2462 | ETputs(KTEPS) 67805.56
2023-10-12 03:52:27,471 - tune.py [line:103] - INFO: Epoch 00140 | Time(s) 0.0590 | Val Loss 1.5858 | Val Acc 0.2558 | ETputs(KTEPS) 68123.79
2023-10-12 03:52:28,904 - tune.py [line:103] - INFO: Epoch 00160 | Time(s) 0.0606 | Val Loss 1.5795 | Val Acc 0.2769 | ETputs(KTEPS) 66352.90
2023-10-12 03:52:30,122 - tune.py [line:103] - INFO: Epoch 00180 | Time(s) 0.0606 | Val Loss 1.5724 | Val Acc 0.2894 | ETputs(KTEPS) 66315.99
2023-10-12 03:52:31,241 - tune.py [line:103] - INFO: Epoch 00200 | Time(s) 0.0601 | Val Loss 1.5644 | Val Acc 0.3067 | ETputs(KTEPS) 66905.57
2023-10-12 03:52:32,441 - tune.py [line:103] - INFO: Epoch 00220 | Time(s) 0.0600 | Val Loss 1.5561 | Val Acc 0.3125 | ETputs(KTEPS) 66961.98
2023-10-12 03:52:33,560 - tune.py [line:103] - INFO: Epoch 00240 | Time(s) 0.0596 | Val Loss 1.5477 | Val Acc 0.3288 | ETputs(KTEPS) 67414.96
2023-10-12 03:52:35,011 - tune.py [line:103] - INFO: Epoch 00260 | Time(s) 0.0606 | Val Loss 1.5399 | Val Acc 0.3327 | ETputs(KTEPS) 66357.19
2023-10-12 03:52:35,755 - tune.py [line:103] - INFO: Epoch 00280 | Time(s) 0.0589 | Val Loss 1.5329 | Val Acc 0.3394 | ETputs(KTEPS) 68272.88
2023-10-12 03:52:36,516 - tune.py [line:103] - INFO: Epoch 00300 | Time(s) 0.0575 | Val Loss 1.5274 | Val Acc 0.3385 | ETputs(KTEPS) 69955.71
2023-10-12 03:52:37,265 - tune.py [line:103] - INFO: Epoch 00320 | Time(s) 0.0562 | Val Loss 1.5235 | Val Acc 0.3423 | ETputs(KTEPS) 71522.75
2023-10-12 03:52:38,037 - tune.py [line:103] - INFO: Epoch 00340 | Time(s) 0.0551 | Val Loss 1.5213 | Val Acc 0.3442 | ETputs(KTEPS) 72896.27
2023-10-12 03:52:38,862 - tune.py [line:103] - INFO: Epoch 00360 | Time(s) 0.0543 | Val Loss 1.5214 | Val Acc 0.3510 | ETputs(KTEPS) 73979.87
2023-10-12 03:52:39,631 - tune.py [line:103] - INFO: Epoch 00380 | Time(s) 0.0535 | Val Loss 1.5225 | Val Acc 0.3462 | ETputs(KTEPS) 75138.02
2023-10-12 03:52:40,439 - tune.py [line:103] - INFO: Epoch 00400 | Time(s) 0.0528 | Val Loss 1.5260 | Val Acc 0.3481 | ETputs(KTEPS) 76071.00
2023-10-12 03:52:41,246 - tune.py [line:103] - INFO: Epoch 00420 | Time(s) 0.0522 | Val Loss 1.5314 | Val Acc 0.3529 | ETputs(KTEPS) 76945.44
2023-10-12 03:52:42,075 - tune.py [line:103] - INFO: Epoch 00440 | Time(s) 0.0517 | Val Loss 1.5375 | Val Acc 0.3548 | ETputs(KTEPS) 77691.15
2023-10-12 03:52:42,873 - tune.py [line:103] - INFO: Epoch 00460 | Time(s) 0.0512 | Val Loss 1.5447 | Val Acc 0.3577 | ETputs(KTEPS) 78471.07
2023-10-12 03:52:43,709 - tune.py [line:103] - INFO: Epoch 00480 | Time(s) 0.0508 | Val Loss 1.5537 | Val Acc 0.3577 | ETputs(KTEPS) 79079.21
2023-10-12 03:52:44,540 - tune.py [line:103] - INFO: Epoch 00500 | Time(s) 0.0504 | Val Loss 1.5630 | Val Acc 0.3558 | ETputs(KTEPS) 79664.46
2023-10-12 03:52:45,446 - tune.py [line:103] - INFO: Epoch 00520 | Time(s) 0.0502 | Val Loss 1.5734 | Val Acc 0.3635 | ETputs(KTEPS) 79990.61
2023-10-12 03:52:46,298 - tune.py [line:103] - INFO: Epoch 00540 | Time(s) 0.0500 | Val Loss 1.5855 | Val Acc 0.3596 | ETputs(KTEPS) 80452.40
2023-10-12 03:52:47,127 - tune.py [line:103] - INFO: Epoch 00560 | Time(s) 0.0497 | Val Loss 1.5977 | Val Acc 0.3625 | ETputs(KTEPS) 80946.24
2023-10-12 03:52:48,110 - tune.py [line:103] - INFO: Epoch 00580 | Time(s) 0.0496 | Val Loss 1.6104 | Val Acc 0.3615 | ETputs(KTEPS) 80981.69
2023-10-12 03:52:48,967 - tune.py [line:103] - INFO: Epoch 00600 | Time(s) 0.0494 | Val Loss 1.6242 | Val Acc 0.3587 | ETputs(KTEPS) 81353.76
2023-10-12 03:52:49,819 - tune.py [line:103] - INFO: Epoch 00620 | Time(s) 0.0492 | Val Loss 1.6389 | Val Acc 0.3625 | ETputs(KTEPS) 81720.48
2023-10-12 03:52:50,705 - tune.py [line:103] - INFO: Epoch 00640 | Time(s) 0.0490 | Val Loss 1.6544 | Val Acc 0.3625 | ETputs(KTEPS) 81982.90
2023-10-12 03:52:51,568 - tune.py [line:103] - INFO: Epoch 00660 | Time(s) 0.0488 | Val Loss 1.6697 | Val Acc 0.3644 | ETputs(KTEPS) 82281.59
2023-10-12 03:52:52,579 - tune.py [line:103] - INFO: Epoch 00680 | Time(s) 0.0489 | Val Loss 1.6843 | Val Acc 0.3644 | ETputs(KTEPS) 82201.63
2023-10-12 03:52:53,432 - tune.py [line:103] - INFO: Epoch 00700 | Time(s) 0.0487 | Val Loss 1.7000 | Val Acc 0.3635 | ETputs(KTEPS) 82503.74
2023-10-12 03:52:54,356 - tune.py [line:103] - INFO: Epoch 00720 | Time(s) 0.0486 | Val Loss 1.7167 | Val Acc 0.3635 | ETputs(KTEPS) 82625.15
2023-10-12 03:52:55,341 - tune.py [line:103] - INFO: Epoch 00740 | Time(s) 0.0487 | Val Loss 1.7330 | Val Acc 0.3635 | ETputs(KTEPS) 82600.38
2023-10-12 03:52:56,283 - tune.py [line:103] - INFO: Epoch 00760 | Time(s) 0.0486 | Val Loss 1.7499 | Val Acc 0.3587 | ETputs(KTEPS) 82671.35
2023-10-12 03:52:57,149 - tune.py [line:103] - INFO: Epoch 00780 | Time(s) 0.0485 | Val Loss 1.7666 | Val Acc 0.3577 | ETputs(KTEPS) 82906.18
2023-10-12 03:52:58,239 - tune.py [line:103] - INFO: Epoch 00800 | Time(s) 0.0486 | Val Loss 1.7856 | Val Acc 0.3577 | ETputs(KTEPS) 82653.03
2023-10-12 03:52:59,196 - tune.py [line:103] - INFO: Epoch 00820 | Time(s) 0.0486 | Val Loss 1.8025 | Val Acc 0.3606 | ETputs(KTEPS) 82686.40
2023-10-12 03:53:00,140 - tune.py [line:103] - INFO: Epoch 00840 | Time(s) 0.0486 | Val Loss 1.8208 | Val Acc 0.3625 | ETputs(KTEPS) 82744.66
2023-10-12 03:53:01,207 - tune.py [line:103] - INFO: Epoch 00860 | Time(s) 0.0487 | Val Loss 1.8404 | Val Acc 0.3635 | ETputs(KTEPS) 82557.03
2023-10-12 03:53:02,245 - tune.py [line:103] - INFO: Epoch 00880 | Time(s) 0.0488 | Val Loss 1.8594 | Val Acc 0.3635 | ETputs(KTEPS) 82435.46
2023-10-12 03:53:03,172 - tune.py [line:103] - INFO: Epoch 00900 | Time(s) 0.0487 | Val Loss 1.8770 | Val Acc 0.3625 | ETputs(KTEPS) 82528.09
2023-10-12 03:53:04,299 - tune.py [line:103] - INFO: Epoch 00920 | Time(s) 0.0489 | Val Loss 1.8955 | Val Acc 0.3606 | ETputs(KTEPS) 82248.99
2023-10-12 03:53:04,678 - tune.py [line:117] - INFO: [FINAL MODEL] Val accuracy 36.54% \Val loss: 1.6
2023-10-12 03:53:04,688 - tune.py [line:119] - INFO: [FINAL MODEL] Test accuracy 34.68% \Test loss: 1.8
2023-10-12 03:53:04,689 - tune.py [line:144] - INFO: Acc on the first split (Validation Set): 0.3654
2023-10-12 03:53:04,689 - tune.py [line:145] - INFO: Acc on the first split (Test Set): 0.3468
