2023-10-12 03:52:34,962 - tune.py [line:203] - INFO: Namespace(seed=42, model='GPRGNNV2', gpu=1, dataset='geom-squirrel', logging=True, log_detail=True, log_detailedCh=False, id_log=1012014504, optuna_n_trials=202, n_epochs=2000, self_loop=True, udgraph=True, early_stop=True, patience=300, n_hidden=64, n_cv=1, start_cv=0, n_layers=8, lr1=0.01, lr2=0.001, wd1=1e-08, wd2=0.001, dropout=0.7, dropout2=0.7, alpha=0.1, es_ckpt='TestTuningScript-geom-squirrel_GPRGNNV2-geom-squirrel_trialNo3')
2023-10-12 03:52:37,632 - tune.py [line:128] - INFO: Split_seeds:[1824]
2023-10-12 03:52:37,632 - tune.py [line:129] - INFO: Model_seeds:[409]
2023-10-12 03:52:38,930 - tune.py [line:103] - INFO: Epoch 00020 | Time(s) 0.0642 | Val Loss 1.5834 | Val Acc 0.2673 | ETputs(KTEPS) 62571.81
2023-10-12 03:52:40,109 - tune.py [line:103] - INFO: Epoch 00040 | Time(s) 0.0614 | Val Loss 1.5610 | Val Acc 0.3077 | ETputs(KTEPS) 65479.14
2023-10-12 03:52:41,306 - tune.py [line:103] - INFO: Epoch 00060 | Time(s) 0.0606 | Val Loss 1.5367 | Val Acc 0.3385 | ETputs(KTEPS) 66362.01
2023-10-12 03:52:42,568 - tune.py [line:103] - INFO: Epoch 00080 | Time(s) 0.0610 | Val Loss 1.5130 | Val Acc 0.3577 | ETputs(KTEPS) 65855.60
2023-10-12 03:52:43,829 - tune.py [line:103] - INFO: Epoch 00100 | Time(s) 0.0613 | Val Loss 1.4923 | Val Acc 0.3596 | ETputs(KTEPS) 65515.81
2023-10-12 03:52:44,908 - tune.py [line:103] - INFO: Epoch 00120 | Time(s) 0.0601 | Val Loss 1.4762 | Val Acc 0.3692 | ETputs(KTEPS) 66857.89
2023-10-12 03:52:46,103 - tune.py [line:103] - INFO: Epoch 00140 | Time(s) 0.0600 | Val Loss 1.4649 | Val Acc 0.3779 | ETputs(KTEPS) 66941.97
2023-10-12 03:52:47,371 - tune.py [line:103] - INFO: Epoch 00160 | Time(s) 0.0604 | Val Loss 1.4580 | Val Acc 0.3933 | ETputs(KTEPS) 66541.06
2023-10-12 03:52:48,728 - tune.py [line:103] - INFO: Epoch 00180 | Time(s) 0.0612 | Val Loss 1.4513 | Val Acc 0.3788 | ETputs(KTEPS) 65683.71
2023-10-12 03:52:50,093 - tune.py [line:103] - INFO: Epoch 00200 | Time(s) 0.0619 | Val Loss 1.4447 | Val Acc 0.4077 | ETputs(KTEPS) 64974.39
2023-10-12 03:52:51,373 - tune.py [line:103] - INFO: Epoch 00220 | Time(s) 0.0620 | Val Loss 1.4386 | Val Acc 0.4067 | ETputs(KTEPS) 64796.55
2023-10-12 03:52:52,763 - tune.py [line:103] - INFO: Epoch 00240 | Time(s) 0.0626 | Val Loss 1.4317 | Val Acc 0.4125 | ETputs(KTEPS) 64166.32
2023-10-12 03:52:54,096 - tune.py [line:103] - INFO: Epoch 00260 | Time(s) 0.0629 | Val Loss 1.4287 | Val Acc 0.4173 | ETputs(KTEPS) 63867.14
2023-10-12 03:52:55,504 - tune.py [line:103] - INFO: Epoch 00280 | Time(s) 0.0635 | Val Loss 1.4210 | Val Acc 0.4115 | ETputs(KTEPS) 63335.16
2023-10-12 03:52:56,825 - tune.py [line:103] - INFO: Epoch 00300 | Time(s) 0.0636 | Val Loss 1.4156 | Val Acc 0.4106 | ETputs(KTEPS) 63171.07
2023-10-12 03:52:58,239 - tune.py [line:103] - INFO: Epoch 00320 | Time(s) 0.0641 | Val Loss 1.4112 | Val Acc 0.4183 | ETputs(KTEPS) 62745.85
2023-10-12 03:52:59,664 - tune.py [line:103] - INFO: Epoch 00340 | Time(s) 0.0645 | Val Loss 1.4065 | Val Acc 0.4173 | ETputs(KTEPS) 62334.34
2023-10-12 03:53:01,128 - tune.py [line:103] - INFO: Epoch 00360 | Time(s) 0.0650 | Val Loss 1.4036 | Val Acc 0.4163 | ETputs(KTEPS) 61876.50
2023-10-12 03:53:02,678 - tune.py [line:103] - INFO: Epoch 00380 | Time(s) 0.0656 | Val Loss 1.3972 | Val Acc 0.4173 | ETputs(KTEPS) 61265.57
2023-10-12 03:53:04,272 - tune.py [line:103] - INFO: Epoch 00400 | Time(s) 0.0663 | Val Loss 1.3943 | Val Acc 0.4154 | ETputs(KTEPS) 60615.29
2023-10-12 03:53:05,366 - tune.py [line:103] - INFO: Epoch 00420 | Time(s) 0.0658 | Val Loss 1.3900 | Val Acc 0.4106 | ETputs(KTEPS) 61125.94
2023-10-12 03:53:06,252 - tune.py [line:103] - INFO: Epoch 00440 | Time(s) 0.0648 | Val Loss 1.3904 | Val Acc 0.4202 | ETputs(KTEPS) 62047.91
2023-10-12 03:53:07,191 - tune.py [line:103] - INFO: Epoch 00460 | Time(s) 0.0640 | Val Loss 1.3899 | Val Acc 0.4154 | ETputs(KTEPS) 62800.88
2023-10-12 03:53:08,069 - tune.py [line:103] - INFO: Epoch 00480 | Time(s) 0.0632 | Val Loss 1.3826 | Val Acc 0.4250 | ETputs(KTEPS) 63635.44
2023-10-12 03:53:08,980 - tune.py [line:103] - INFO: Epoch 00500 | Time(s) 0.0625 | Val Loss 1.3845 | Val Acc 0.4163 | ETputs(KTEPS) 64354.65
2023-10-12 03:53:09,896 - tune.py [line:103] - INFO: Epoch 00520 | Time(s) 0.0618 | Val Loss 1.3773 | Val Acc 0.4173 | ETputs(KTEPS) 65021.10
2023-10-12 03:53:10,792 - tune.py [line:103] - INFO: Epoch 00540 | Time(s) 0.0612 | Val Loss 1.3783 | Val Acc 0.4221 | ETputs(KTEPS) 65691.92
2023-10-12 03:53:11,696 - tune.py [line:103] - INFO: Epoch 00560 | Time(s) 0.0606 | Val Loss 1.3739 | Val Acc 0.4173 | ETputs(KTEPS) 66312.84
2023-10-12 03:53:12,612 - tune.py [line:103] - INFO: Epoch 00580 | Time(s) 0.0601 | Val Loss 1.3789 | Val Acc 0.4077 | ETputs(KTEPS) 66877.47
2023-10-12 03:53:13,548 - tune.py [line:103] - INFO: Epoch 00600 | Time(s) 0.0597 | Val Loss 1.3712 | Val Acc 0.4221 | ETputs(KTEPS) 67376.09
2023-10-12 03:53:14,533 - tune.py [line:103] - INFO: Epoch 00620 | Time(s) 0.0593 | Val Loss 1.3730 | Val Acc 0.4144 | ETputs(KTEPS) 67757.75
2023-10-12 03:53:15,487 - tune.py [line:103] - INFO: Epoch 00640 | Time(s) 0.0590 | Val Loss 1.3689 | Val Acc 0.4250 | ETputs(KTEPS) 68176.02
2023-10-12 03:53:16,447 - tune.py [line:103] - INFO: Epoch 00660 | Time(s) 0.0586 | Val Loss 1.3688 | Val Acc 0.4183 | ETputs(KTEPS) 68568.81
2023-10-12 03:53:17,369 - tune.py [line:103] - INFO: Epoch 00680 | Time(s) 0.0582 | Val Loss 1.3686 | Val Acc 0.4288 | ETputs(KTEPS) 69003.97
2023-10-12 03:53:18,352 - tune.py [line:103] - INFO: Epoch 00700 | Time(s) 0.0580 | Val Loss 1.3705 | Val Acc 0.4260 | ETputs(KTEPS) 69320.14
2023-10-12 03:53:19,301 - tune.py [line:103] - INFO: Epoch 00720 | Time(s) 0.0577 | Val Loss 1.3658 | Val Acc 0.4356 | ETputs(KTEPS) 69671.93
2023-10-12 03:53:20,283 - tune.py [line:103] - INFO: Epoch 00740 | Time(s) 0.0574 | Val Loss 1.3687 | Val Acc 0.4212 | ETputs(KTEPS) 69962.97
2023-10-12 03:53:21,295 - tune.py [line:103] - INFO: Epoch 00760 | Time(s) 0.0573 | Val Loss 1.3598 | Val Acc 0.4298 | ETputs(KTEPS) 70184.05
2023-10-12 03:53:22,342 - tune.py [line:103] - INFO: Epoch 00780 | Time(s) 0.0571 | Val Loss 1.3668 | Val Acc 0.4269 | ETputs(KTEPS) 70339.91
2023-10-12 03:53:23,545 - tune.py [line:103] - INFO: Epoch 00800 | Time(s) 0.0572 | Val Loss 1.3671 | Val Acc 0.4221 | ETputs(KTEPS) 70248.87
2023-10-12 03:53:24,504 - tune.py [line:103] - INFO: Epoch 00820 | Time(s) 0.0570 | Val Loss 1.3620 | Val Acc 0.4385 | ETputs(KTEPS) 70532.84
2023-10-12 03:53:25,475 - tune.py [line:103] - INFO: Epoch 00840 | Time(s) 0.0568 | Val Loss 1.3609 | Val Acc 0.4279 | ETputs(KTEPS) 70782.62
2023-10-12 03:53:26,467 - tune.py [line:103] - INFO: Epoch 00860 | Time(s) 0.0566 | Val Loss 1.3611 | Val Acc 0.4260 | ETputs(KTEPS) 70999.90
2023-10-12 03:53:27,441 - tune.py [line:103] - INFO: Epoch 00880 | Time(s) 0.0564 | Val Loss 1.3551 | Val Acc 0.4356 | ETputs(KTEPS) 71227.13
2023-10-12 03:53:28,487 - tune.py [line:103] - INFO: Epoch 00900 | Time(s) 0.0563 | Val Loss 1.3590 | Val Acc 0.4356 | ETputs(KTEPS) 71344.47
2023-10-12 03:53:29,414 - tune.py [line:103] - INFO: Epoch 00920 | Time(s) 0.0561 | Val Loss 1.3629 | Val Acc 0.4231 | ETputs(KTEPS) 71620.46
2023-10-12 03:53:30,348 - tune.py [line:103] - INFO: Epoch 00940 | Time(s) 0.0559 | Val Loss 1.3537 | Val Acc 0.4433 | ETputs(KTEPS) 71877.92
2023-10-12 03:53:31,429 - tune.py [line:103] - INFO: Epoch 00960 | Time(s) 0.0559 | Val Loss 1.3611 | Val Acc 0.4231 | ETputs(KTEPS) 71929.23
2023-10-12 03:53:32,377 - tune.py [line:103] - INFO: Epoch 00980 | Time(s) 0.0557 | Val Loss 1.3514 | Val Acc 0.4500 | ETputs(KTEPS) 72158.49
2023-10-12 03:53:33,319 - tune.py [line:103] - INFO: Epoch 01000 | Time(s) 0.0555 | Val Loss 1.3580 | Val Acc 0.4308 | ETputs(KTEPS) 72385.60
2023-10-12 03:53:34,272 - tune.py [line:103] - INFO: Epoch 01020 | Time(s) 0.0554 | Val Loss 1.3589 | Val Acc 0.4288 | ETputs(KTEPS) 72588.44
2023-10-12 03:53:35,418 - tune.py [line:103] - INFO: Epoch 01040 | Time(s) 0.0554 | Val Loss 1.3558 | Val Acc 0.4317 | ETputs(KTEPS) 72540.11
2023-10-12 03:53:36,369 - tune.py [line:103] - INFO: Epoch 01060 | Time(s) 0.0553 | Val Loss 1.3558 | Val Acc 0.4442 | ETputs(KTEPS) 72735.79
2023-10-12 03:53:37,317 - tune.py [line:103] - INFO: Epoch 01080 | Time(s) 0.0551 | Val Loss 1.3529 | Val Acc 0.4404 | ETputs(KTEPS) 72928.30
2023-10-12 03:53:38,281 - tune.py [line:103] - INFO: Epoch 01100 | Time(s) 0.0550 | Val Loss 1.3519 | Val Acc 0.4356 | ETputs(KTEPS) 73096.63
2023-10-12 03:53:39,254 - tune.py [line:103] - INFO: Epoch 01120 | Time(s) 0.0549 | Val Loss 1.3462 | Val Acc 0.4519 | ETputs(KTEPS) 73253.27
2023-10-12 03:53:40,314 - tune.py [line:103] - INFO: Epoch 01140 | Time(s) 0.0548 | Val Loss 1.3484 | Val Acc 0.4500 | ETputs(KTEPS) 73298.09
2023-10-12 03:53:41,391 - tune.py [line:103] - INFO: Epoch 01160 | Time(s) 0.0548 | Val Loss 1.3487 | Val Acc 0.4433 | ETputs(KTEPS) 73321.29
2023-10-12 03:53:42,521 - tune.py [line:103] - INFO: Epoch 01180 | Time(s) 0.0548 | Val Loss 1.3509 | Val Acc 0.4433 | ETputs(KTEPS) 73283.19
2023-10-12 03:53:43,536 - tune.py [line:103] - INFO: Epoch 01200 | Time(s) 0.0548 | Val Loss 1.3460 | Val Acc 0.4423 | ETputs(KTEPS) 73378.49
2023-10-12 03:53:44,663 - tune.py [line:103] - INFO: Epoch 01220 | Time(s) 0.0548 | Val Loss 1.3478 | Val Acc 0.4442 | ETputs(KTEPS) 73345.75
2023-10-12 03:53:45,772 - tune.py [line:103] - INFO: Epoch 01240 | Time(s) 0.0548 | Val Loss 1.3508 | Val Acc 0.4365 | ETputs(KTEPS) 73331.72
2023-10-12 03:53:46,769 - tune.py [line:103] - INFO: Epoch 01260 | Time(s) 0.0547 | Val Loss 1.3424 | Val Acc 0.4529 | ETputs(KTEPS) 73439.14
2023-10-12 03:53:47,820 - tune.py [line:103] - INFO: Epoch 01280 | Time(s) 0.0547 | Val Loss 1.3454 | Val Acc 0.4433 | ETputs(KTEPS) 73484.63
2023-10-12 03:53:48,820 - tune.py [line:103] - INFO: Epoch 01300 | Time(s) 0.0546 | Val Loss 1.3453 | Val Acc 0.4375 | ETputs(KTEPS) 73584.91
2023-10-12 03:53:49,950 - tune.py [line:103] - INFO: Epoch 01320 | Time(s) 0.0546 | Val Loss 1.3398 | Val Acc 0.4452 | ETputs(KTEPS) 73547.16
2023-10-12 03:53:50,954 - tune.py [line:103] - INFO: Epoch 01340 | Time(s) 0.0546 | Val Loss 1.3421 | Val Acc 0.4538 | ETputs(KTEPS) 73637.70
2023-10-12 03:53:51,989 - tune.py [line:103] - INFO: Epoch 01360 | Time(s) 0.0545 | Val Loss 1.3432 | Val Acc 0.4558 | ETputs(KTEPS) 73694.67
2023-10-12 03:53:53,234 - tune.py [line:103] - INFO: Epoch 01380 | Time(s) 0.0546 | Val Loss 1.3407 | Val Acc 0.4481 | ETputs(KTEPS) 73547.36
2023-10-12 03:53:54,286 - tune.py [line:103] - INFO: Epoch 01400 | Time(s) 0.0546 | Val Loss 1.3430 | Val Acc 0.4433 | ETputs(KTEPS) 73587.93
2023-10-12 03:53:55,421 - tune.py [line:103] - INFO: Epoch 01420 | Time(s) 0.0546 | Val Loss 1.3450 | Val Acc 0.4481 | ETputs(KTEPS) 73547.86
2023-10-12 03:53:56,491 - tune.py [line:103] - INFO: Epoch 01440 | Time(s) 0.0546 | Val Loss 1.3425 | Val Acc 0.4481 | ETputs(KTEPS) 73570.24
2023-10-12 03:53:57,546 - tune.py [line:103] - INFO: Epoch 01460 | Time(s) 0.0546 | Val Loss 1.3426 | Val Acc 0.4442 | ETputs(KTEPS) 73605.91
2023-10-12 03:53:58,682 - tune.py [line:103] - INFO: Epoch 01480 | Time(s) 0.0546 | Val Loss 1.3394 | Val Acc 0.4413 | ETputs(KTEPS) 73566.17
2023-10-12 03:53:59,754 - tune.py [line:103] - INFO: Epoch 01500 | Time(s) 0.0546 | Val Loss 1.3385 | Val Acc 0.4529 | ETputs(KTEPS) 73585.36
2023-10-12 03:54:00,812 - tune.py [line:103] - INFO: Epoch 01520 | Time(s) 0.0546 | Val Loss 1.3370 | Val Acc 0.4519 | ETputs(KTEPS) 73616.78
2023-10-12 03:54:01,963 - tune.py [line:103] - INFO: Epoch 01540 | Time(s) 0.0546 | Val Loss 1.3449 | Val Acc 0.4471 | ETputs(KTEPS) 73568.41
2023-10-12 03:54:02,975 - tune.py [line:103] - INFO: Epoch 01560 | Time(s) 0.0546 | Val Loss 1.3371 | Val Acc 0.4644 | ETputs(KTEPS) 73641.52
2023-10-12 03:54:03,989 - tune.py [line:103] - INFO: Epoch 01580 | Time(s) 0.0545 | Val Loss 1.3445 | Val Acc 0.4529 | ETputs(KTEPS) 73710.33
2023-10-12 03:54:05,282 - tune.py [line:103] - INFO: Epoch 01600 | Time(s) 0.0547 | Val Loss 1.3415 | Val Acc 0.4519 | ETputs(KTEPS) 73540.45
2023-10-12 03:54:06,503 - tune.py [line:103] - INFO: Epoch 01620 | Time(s) 0.0547 | Val Loss 1.3368 | Val Acc 0.4654 | ETputs(KTEPS) 73436.68
2023-10-12 03:54:07,616 - tune.py [line:103] - INFO: Epoch 01640 | Time(s) 0.0547 | Val Loss 1.3374 | Val Acc 0.4519 | ETputs(KTEPS) 73424.02
2023-10-12 03:54:08,756 - tune.py [line:103] - INFO: Epoch 01660 | Time(s) 0.0548 | Val Loss 1.3379 | Val Acc 0.4442 | ETputs(KTEPS) 73387.97
2023-10-12 03:54:09,792 - tune.py [line:103] - INFO: Epoch 01680 | Time(s) 0.0547 | Val Loss 1.3406 | Val Acc 0.4615 | ETputs(KTEPS) 73437.78
2023-10-12 03:54:10,993 - tune.py [line:103] - INFO: Epoch 01700 | Time(s) 0.0548 | Val Loss 1.3417 | Val Acc 0.4452 | ETputs(KTEPS) 73354.90
2023-10-12 03:54:12,186 - tune.py [line:103] - INFO: Epoch 01720 | Time(s) 0.0548 | Val Loss 1.3363 | Val Acc 0.4577 | ETputs(KTEPS) 73279.56
2023-10-12 03:54:13,372 - tune.py [line:103] - INFO: Epoch 01740 | Time(s) 0.0549 | Val Loss 1.3354 | Val Acc 0.4606 | ETputs(KTEPS) 73211.64
2023-10-12 03:54:14,465 - tune.py [line:103] - INFO: Epoch 01760 | Time(s) 0.0549 | Val Loss 1.3337 | Val Acc 0.4625 | ETputs(KTEPS) 73216.86
2023-10-12 03:54:15,670 - tune.py [line:103] - INFO: Epoch 01780 | Time(s) 0.0550 | Val Loss 1.3386 | Val Acc 0.4548 | ETputs(KTEPS) 73136.66
2023-10-12 03:54:16,904 - tune.py [line:103] - INFO: Epoch 01800 | Time(s) 0.0550 | Val Loss 1.3351 | Val Acc 0.4519 | ETputs(KTEPS) 73037.92
2023-10-12 03:54:17,971 - tune.py [line:103] - INFO: Epoch 01820 | Time(s) 0.0550 | Val Loss 1.3363 | Val Acc 0.4452 | ETputs(KTEPS) 73063.13
2023-10-12 03:54:19,154 - tune.py [line:103] - INFO: Epoch 01840 | Time(s) 0.0551 | Val Loss 1.3345 | Val Acc 0.4567 | ETputs(KTEPS) 73003.85
2023-10-12 03:54:20,431 - tune.py [line:103] - INFO: Epoch 01860 | Time(s) 0.0551 | Val Loss 1.3381 | Val Acc 0.4548 | ETputs(KTEPS) 72879.27
2023-10-12 03:54:21,657 - tune.py [line:103] - INFO: Epoch 01880 | Time(s) 0.0552 | Val Loss 1.3389 | Val Acc 0.4500 | ETputs(KTEPS) 72793.80
2023-10-12 03:54:22,798 - tune.py [line:103] - INFO: Epoch 01900 | Time(s) 0.0552 | Val Loss 1.3356 | Val Acc 0.4538 | ETputs(KTEPS) 72768.96
2023-10-12 03:54:23,995 - tune.py [line:103] - INFO: Epoch 01920 | Time(s) 0.0553 | Val Loss 1.3378 | Val Acc 0.4471 | ETputs(KTEPS) 72706.58
2023-10-12 03:54:25,095 - tune.py [line:103] - INFO: Epoch 01940 | Time(s) 0.0553 | Val Loss 1.3334 | Val Acc 0.4673 | ETputs(KTEPS) 72710.91
2023-10-12 03:54:26,313 - tune.py [line:103] - INFO: Epoch 01960 | Time(s) 0.0553 | Val Loss 1.3337 | Val Acc 0.4606 | ETputs(KTEPS) 72635.93
2023-10-12 03:54:27,191 - tune.py [line:117] - INFO: [FINAL MODEL] Val accuracy 46.83% \Val loss: 1.3
2023-10-12 03:54:27,203 - tune.py [line:119] - INFO: [FINAL MODEL] Test accuracy 45.24% \Test loss: 1.4
2023-10-12 03:54:27,204 - tune.py [line:144] - INFO: Acc on the first split (Validation Set): 0.4683
2023-10-12 03:54:27,205 - tune.py [line:145] - INFO: Acc on the first split (Test Set): 0.4524
