2023-10-12 04:31:34,072 - tune.py [line:203] - INFO: Namespace(seed=42, model='GPRGNNV2', gpu=1, dataset='geom-squirrel', logging=True, log_detail=True, log_detailedCh=False, id_log=1012014504, optuna_n_trials=202, n_epochs=2000, self_loop=True, udgraph=True, early_stop=True, patience=300, n_hidden=64, n_cv=1, start_cv=0, n_layers=12, lr1=0.03, lr2=0.04, wd1=1e-06, wd2=1e-08, dropout=0.5, dropout2=0.7, alpha=0.2, es_ckpt='TestTuningScript-geom-squirrel_GPRGNNV2-geom-squirrel_trialNo103')
2023-10-12 04:31:36,637 - tune.py [line:128] - INFO: Split_seeds:[1824]
2023-10-12 04:31:36,638 - tune.py [line:129] - INFO: Model_seeds:[409]
2023-10-12 04:31:38,442 - tune.py [line:103] - INFO: Epoch 00020 | Time(s) 0.0889 | Val Loss 1.4688 | Val Acc 0.3587 | ETputs(KTEPS) 45183.70
2023-10-12 04:31:40,189 - tune.py [line:103] - INFO: Epoch 00040 | Time(s) 0.0879 | Val Loss 1.4033 | Val Acc 0.3923 | ETputs(KTEPS) 45701.42
2023-10-12 04:31:41,900 - tune.py [line:103] - INFO: Epoch 00060 | Time(s) 0.0870 | Val Loss 1.3554 | Val Acc 0.4135 | ETputs(KTEPS) 46193.53
2023-10-12 04:31:43,634 - tune.py [line:103] - INFO: Epoch 00080 | Time(s) 0.0868 | Val Loss 1.3408 | Val Acc 0.4327 | ETputs(KTEPS) 46295.34
2023-10-12 04:31:45,415 - tune.py [line:103] - INFO: Epoch 00100 | Time(s) 0.0871 | Val Loss 1.3180 | Val Acc 0.4644 | ETputs(KTEPS) 46150.42
2023-10-12 04:31:46,654 - tune.py [line:103] - INFO: Epoch 00120 | Time(s) 0.0828 | Val Loss 1.3062 | Val Acc 0.4740 | ETputs(KTEPS) 48530.18
2023-10-12 04:31:47,647 - tune.py [line:103] - INFO: Epoch 00140 | Time(s) 0.0780 | Val Loss 1.3204 | Val Acc 0.4673 | ETputs(KTEPS) 51493.79
2023-10-12 04:31:48,677 - tune.py [line:103] - INFO: Epoch 00160 | Time(s) 0.0747 | Val Loss 1.2996 | Val Acc 0.4798 | ETputs(KTEPS) 53783.41
2023-10-12 04:31:49,708 - tune.py [line:103] - INFO: Epoch 00180 | Time(s) 0.0721 | Val Loss 1.2895 | Val Acc 0.4808 | ETputs(KTEPS) 55725.97
2023-10-12 04:31:50,737 - tune.py [line:103] - INFO: Epoch 00200 | Time(s) 0.0700 | Val Loss 1.3052 | Val Acc 0.4837 | ETputs(KTEPS) 57399.78
2023-10-12 04:31:51,763 - tune.py [line:103] - INFO: Epoch 00220 | Time(s) 0.0683 | Val Loss 1.2915 | Val Acc 0.4990 | ETputs(KTEPS) 58837.77
2023-10-12 04:31:52,812 - tune.py [line:103] - INFO: Epoch 00240 | Time(s) 0.0670 | Val Loss 1.2854 | Val Acc 0.4971 | ETputs(KTEPS) 60008.86
2023-10-12 04:31:53,865 - tune.py [line:103] - INFO: Epoch 00260 | Time(s) 0.0659 | Val Loss 1.2757 | Val Acc 0.5058 | ETputs(KTEPS) 61023.63
2023-10-12 04:31:54,922 - tune.py [line:103] - INFO: Epoch 00280 | Time(s) 0.0649 | Val Loss 1.2656 | Val Acc 0.5163 | ETputs(KTEPS) 61929.46
2023-10-12 04:31:55,937 - tune.py [line:103] - INFO: Epoch 00300 | Time(s) 0.0639 | Val Loss 1.2752 | Val Acc 0.5154 | ETputs(KTEPS) 62858.79
2023-10-12 04:31:56,956 - tune.py [line:103] - INFO: Epoch 00320 | Time(s) 0.0631 | Val Loss 1.2822 | Val Acc 0.5106 | ETputs(KTEPS) 63668.11
2023-10-12 04:31:57,978 - tune.py [line:103] - INFO: Epoch 00340 | Time(s) 0.0624 | Val Loss 1.2604 | Val Acc 0.5308 | ETputs(KTEPS) 64398.06
2023-10-12 04:31:58,999 - tune.py [line:103] - INFO: Epoch 00360 | Time(s) 0.0618 | Val Loss 1.2706 | Val Acc 0.5269 | ETputs(KTEPS) 65064.27
2023-10-12 04:32:00,035 - tune.py [line:103] - INFO: Epoch 00380 | Time(s) 0.0612 | Val Loss 1.2667 | Val Acc 0.5221 | ETputs(KTEPS) 65632.66
2023-10-12 04:32:01,083 - tune.py [line:103] - INFO: Epoch 00400 | Time(s) 0.0608 | Val Loss 1.2674 | Val Acc 0.5202 | ETputs(KTEPS) 66111.10
2023-10-12 04:32:02,154 - tune.py [line:103] - INFO: Epoch 00420 | Time(s) 0.0604 | Val Loss 1.2649 | Val Acc 0.5173 | ETputs(KTEPS) 66500.34
2023-10-12 04:32:03,210 - tune.py [line:103] - INFO: Epoch 00440 | Time(s) 0.0601 | Val Loss 1.2308 | Val Acc 0.5385 | ETputs(KTEPS) 66885.51
2023-10-12 04:32:04,279 - tune.py [line:103] - INFO: Epoch 00460 | Time(s) 0.0598 | Val Loss 1.2629 | Val Acc 0.5077 | ETputs(KTEPS) 67214.77
2023-10-12 04:32:05,509 - tune.py [line:103] - INFO: Epoch 00480 | Time(s) 0.0599 | Val Loss 1.2542 | Val Acc 0.5298 | ETputs(KTEPS) 67136.85
2023-10-12 04:32:06,596 - tune.py [line:103] - INFO: Epoch 00500 | Time(s) 0.0596 | Val Loss 1.2698 | Val Acc 0.5269 | ETputs(KTEPS) 67384.73
2023-10-12 04:32:07,694 - tune.py [line:103] - INFO: Epoch 00520 | Time(s) 0.0595 | Val Loss 1.2518 | Val Acc 0.5298 | ETputs(KTEPS) 67593.40
2023-10-12 04:32:08,805 - tune.py [line:103] - INFO: Epoch 00540 | Time(s) 0.0593 | Val Loss 1.2312 | Val Acc 0.5404 | ETputs(KTEPS) 67764.23
2023-10-12 04:32:10,015 - tune.py [line:103] - INFO: Epoch 00560 | Time(s) 0.0593 | Val Loss 1.2511 | Val Acc 0.5269 | ETputs(KTEPS) 67725.85
2023-10-12 04:32:11,124 - tune.py [line:103] - INFO: Epoch 00580 | Time(s) 0.0592 | Val Loss 1.2428 | Val Acc 0.5394 | ETputs(KTEPS) 67880.38
2023-10-12 04:32:12,232 - tune.py [line:103] - INFO: Epoch 00600 | Time(s) 0.0591 | Val Loss 1.2480 | Val Acc 0.5298 | ETputs(KTEPS) 68027.04
2023-10-12 04:32:13,442 - tune.py [line:103] - INFO: Epoch 00620 | Time(s) 0.0591 | Val Loss 1.2422 | Val Acc 0.5298 | ETputs(KTEPS) 67979.47
2023-10-12 04:32:14,571 - tune.py [line:103] - INFO: Epoch 00640 | Time(s) 0.0590 | Val Loss 1.2491 | Val Acc 0.5250 | ETputs(KTEPS) 68076.26
2023-10-12 04:32:15,802 - tune.py [line:103] - INFO: Epoch 00660 | Time(s) 0.0591 | Val Loss 1.2406 | Val Acc 0.5365 | ETputs(KTEPS) 67989.00
2023-10-12 04:32:16,940 - tune.py [line:103] - INFO: Epoch 00680 | Time(s) 0.0590 | Val Loss 1.2178 | Val Acc 0.5433 | ETputs(KTEPS) 68064.74
2023-10-12 04:32:18,074 - tune.py [line:103] - INFO: Epoch 00700 | Time(s) 0.0590 | Val Loss 1.2468 | Val Acc 0.5471 | ETputs(KTEPS) 68143.09
2023-10-12 04:32:19,351 - tune.py [line:103] - INFO: Epoch 00720 | Time(s) 0.0591 | Val Loss 1.2276 | Val Acc 0.5462 | ETputs(KTEPS) 67987.97
2023-10-12 04:32:20,511 - tune.py [line:103] - INFO: Epoch 00740 | Time(s) 0.0591 | Val Loss 1.2372 | Val Acc 0.5442 | ETputs(KTEPS) 68023.10
2023-10-12 04:32:21,774 - tune.py [line:103] - INFO: Epoch 00760 | Time(s) 0.0592 | Val Loss 1.2239 | Val Acc 0.5394 | ETputs(KTEPS) 67907.57
2023-10-12 04:32:23,046 - tune.py [line:103] - INFO: Epoch 00780 | Time(s) 0.0593 | Val Loss 1.2340 | Val Acc 0.5413 | ETputs(KTEPS) 67779.05
2023-10-12 04:32:24,314 - tune.py [line:103] - INFO: Epoch 00800 | Time(s) 0.0594 | Val Loss 1.2232 | Val Acc 0.5452 | ETputs(KTEPS) 67661.71
2023-10-12 04:32:25,665 - tune.py [line:103] - INFO: Epoch 00820 | Time(s) 0.0596 | Val Loss 1.2288 | Val Acc 0.5413 | ETputs(KTEPS) 67438.06
2023-10-12 04:32:27,015 - tune.py [line:103] - INFO: Epoch 00840 | Time(s) 0.0598 | Val Loss 1.2310 | Val Acc 0.5490 | ETputs(KTEPS) 67226.69
2023-10-12 04:32:28,642 - tune.py [line:103] - INFO: Epoch 00860 | Time(s) 0.0603 | Val Loss 1.2558 | Val Acc 0.5327 | ETputs(KTEPS) 66668.46
2023-10-12 04:32:30,164 - tune.py [line:103] - INFO: Epoch 00880 | Time(s) 0.0606 | Val Loss 1.2212 | Val Acc 0.5500 | ETputs(KTEPS) 66273.21
2023-10-12 04:32:31,552 - tune.py [line:103] - INFO: Epoch 00900 | Time(s) 0.0608 | Val Loss 1.2294 | Val Acc 0.5375 | ETputs(KTEPS) 66062.79
2023-10-12 04:32:32,879 - tune.py [line:103] - INFO: Epoch 00920 | Time(s) 0.0610 | Val Loss 1.2311 | Val Acc 0.5413 | ETputs(KTEPS) 65933.13
2023-10-12 04:32:34,354 - tune.py [line:103] - INFO: Epoch 00940 | Time(s) 0.0612 | Val Loss 1.2256 | Val Acc 0.5462 | ETputs(KTEPS) 65640.29
2023-10-12 04:32:35,706 - tune.py [line:103] - INFO: Epoch 00960 | Time(s) 0.0614 | Val Loss 1.2200 | Val Acc 0.5481 | ETputs(KTEPS) 65499.12
2023-10-12 04:32:37,185 - tune.py [line:103] - INFO: Epoch 00980 | Time(s) 0.0616 | Val Loss 1.2273 | Val Acc 0.5423 | ETputs(KTEPS) 65226.76
2023-10-12 04:32:38,511 - tune.py [line:103] - INFO: Epoch 01000 | Time(s) 0.0617 | Val Loss 1.2279 | Val Acc 0.5452 | ETputs(KTEPS) 65131.37
2023-10-12 04:32:39,941 - tune.py [line:103] - INFO: Epoch 01020 | Time(s) 0.0619 | Val Loss 1.2116 | Val Acc 0.5462 | ETputs(KTEPS) 64929.32
2023-10-12 04:32:41,460 - tune.py [line:103] - INFO: Epoch 01040 | Time(s) 0.0622 | Val Loss 1.2195 | Val Acc 0.5519 | ETputs(KTEPS) 64648.29
2023-10-12 04:32:42,865 - tune.py [line:103] - INFO: Epoch 01060 | Time(s) 0.0623 | Val Loss 1.2279 | Val Acc 0.5394 | ETputs(KTEPS) 64490.33
2023-10-12 04:32:44,340 - tune.py [line:103] - INFO: Epoch 01080 | Time(s) 0.0625 | Val Loss 1.2117 | Val Acc 0.5490 | ETputs(KTEPS) 64273.05
2023-10-12 04:32:45,819 - tune.py [line:103] - INFO: Epoch 01100 | Time(s) 0.0627 | Val Loss 1.2229 | Val Acc 0.5596 | ETputs(KTEPS) 64060.73
2023-10-12 04:32:47,309 - tune.py [line:103] - INFO: Epoch 01120 | Time(s) 0.0629 | Val Loss 1.2485 | Val Acc 0.5308 | ETputs(KTEPS) 63846.78
2023-10-12 04:32:48,798 - tune.py [line:103] - INFO: Epoch 01140 | Time(s) 0.0631 | Val Loss 1.2338 | Val Acc 0.5471 | ETputs(KTEPS) 63643.87
2023-10-12 04:32:50,315 - tune.py [line:103] - INFO: Epoch 01160 | Time(s) 0.0634 | Val Loss 1.2268 | Val Acc 0.5510 | ETputs(KTEPS) 63424.70
2023-10-12 04:32:52,052 - tune.py [line:103] - INFO: Epoch 01180 | Time(s) 0.0638 | Val Loss 1.2192 | Val Acc 0.5519 | ETputs(KTEPS) 63029.05
2023-10-12 04:32:53,749 - tune.py [line:103] - INFO: Epoch 01200 | Time(s) 0.0641 | Val Loss 1.2296 | Val Acc 0.5413 | ETputs(KTEPS) 62683.84
2023-10-12 04:32:55,293 - tune.py [line:103] - INFO: Epoch 01220 | Time(s) 0.0643 | Val Loss 1.2321 | Val Acc 0.5548 | ETputs(KTEPS) 62475.58
2023-10-12 04:32:56,928 - tune.py [line:103] - INFO: Epoch 01240 | Time(s) 0.0646 | Val Loss 1.2203 | Val Acc 0.5471 | ETputs(KTEPS) 62204.40
2023-10-12 04:32:58,498 - tune.py [line:103] - INFO: Epoch 01260 | Time(s) 0.0648 | Val Loss 1.2086 | Val Acc 0.5548 | ETputs(KTEPS) 61993.68
2023-10-12 04:33:00,191 - tune.py [line:103] - INFO: Epoch 01280 | Time(s) 0.0651 | Val Loss 1.2173 | Val Acc 0.5529 | ETputs(KTEPS) 61698.92
2023-10-12 04:33:00,343 - tune.py [line:117] - INFO: [FINAL MODEL] Val accuracy 56.54% \Val loss: 1.2
2023-10-12 04:33:00,356 - tune.py [line:119] - INFO: [FINAL MODEL] Test accuracy 57.06% \Test loss: 1.2
2023-10-12 04:33:00,357 - tune.py [line:144] - INFO: Acc on the first split (Validation Set): 0.5654
2023-10-12 04:33:00,357 - tune.py [line:145] - INFO: Acc on the first split (Test Set): 0.5706
