2023-10-12 04:39:48,119 - tune.py [line:203] - INFO: Namespace(seed=42, model='GPRGNNV2', gpu=1, dataset='geom-squirrel', logging=True, log_detail=True, log_detailedCh=False, id_log=1012014504, optuna_n_trials=202, n_epochs=2000, self_loop=True, udgraph=True, early_stop=True, patience=300, n_hidden=64, n_cv=1, start_cv=0, n_layers=8, lr1=0.04, lr2=0.05, wd1=1e-06, wd2=1e-08, dropout=0.5, dropout2=0.3, alpha=0.2, es_ckpt='TestTuningScript-geom-squirrel_GPRGNNV2-geom-squirrel_trialNo150')
2023-10-12 04:39:50,656 - tune.py [line:128] - INFO: Split_seeds:[1824]
2023-10-12 04:39:50,656 - tune.py [line:129] - INFO: Model_seeds:[409]
2023-10-12 04:39:51,608 - tune.py [line:103] - INFO: Epoch 00020 | Time(s) 0.0462 | Val Loss 1.4557 | Val Acc 0.3644 | ETputs(KTEPS) 87044.67
2023-10-12 04:39:52,524 - tune.py [line:103] - INFO: Epoch 00040 | Time(s) 0.0457 | Val Loss 1.5009 | Val Acc 0.3865 | ETputs(KTEPS) 87959.33
2023-10-12 04:39:53,293 - tune.py [line:103] - INFO: Epoch 00060 | Time(s) 0.0431 | Val Loss 1.4923 | Val Acc 0.4087 | ETputs(KTEPS) 93196.27
2023-10-12 04:39:54,077 - tune.py [line:103] - INFO: Epoch 00080 | Time(s) 0.0419 | Val Loss 1.4843 | Val Acc 0.4250 | ETputs(KTEPS) 95979.01
2023-10-12 04:39:54,840 - tune.py [line:103] - INFO: Epoch 00100 | Time(s) 0.0410 | Val Loss 1.4697 | Val Acc 0.4606 | ETputs(KTEPS) 98070.37
2023-10-12 04:39:55,612 - tune.py [line:103] - INFO: Epoch 00120 | Time(s) 0.0405 | Val Loss 1.4524 | Val Acc 0.4769 | ETputs(KTEPS) 99196.74
2023-10-12 04:39:56,387 - tune.py [line:103] - INFO: Epoch 00140 | Time(s) 0.0402 | Val Loss 1.4022 | Val Acc 0.4942 | ETputs(KTEPS) 100033.97
2023-10-12 04:39:57,183 - tune.py [line:103] - INFO: Epoch 00160 | Time(s) 0.0400 | Val Loss 1.3982 | Val Acc 0.5087 | ETputs(KTEPS) 100442.39
2023-10-12 04:39:57,955 - tune.py [line:103] - INFO: Epoch 00180 | Time(s) 0.0398 | Val Loss 1.3895 | Val Acc 0.5058 | ETputs(KTEPS) 100899.22
2023-10-12 04:39:58,722 - tune.py [line:103] - INFO: Epoch 00200 | Time(s) 0.0397 | Val Loss 1.3957 | Val Acc 0.5125 | ETputs(KTEPS) 101279.78
2023-10-12 04:39:59,499 - tune.py [line:103] - INFO: Epoch 00220 | Time(s) 0.0396 | Val Loss 1.3856 | Val Acc 0.5288 | ETputs(KTEPS) 101547.70
2023-10-12 04:40:00,281 - tune.py [line:103] - INFO: Epoch 00240 | Time(s) 0.0395 | Val Loss 1.4052 | Val Acc 0.5288 | ETputs(KTEPS) 101676.59
2023-10-12 04:40:01,063 - tune.py [line:103] - INFO: Epoch 00260 | Time(s) 0.0395 | Val Loss 1.3799 | Val Acc 0.5404 | ETputs(KTEPS) 101834.45
2023-10-12 04:40:01,859 - tune.py [line:103] - INFO: Epoch 00280 | Time(s) 0.0395 | Val Loss 1.3749 | Val Acc 0.5423 | ETputs(KTEPS) 101829.97
2023-10-12 04:40:02,644 - tune.py [line:103] - INFO: Epoch 00300 | Time(s) 0.0394 | Val Loss 1.3862 | Val Acc 0.5394 | ETputs(KTEPS) 101886.85
2023-10-12 04:40:03,447 - tune.py [line:103] - INFO: Epoch 00320 | Time(s) 0.0395 | Val Loss 1.3757 | Val Acc 0.5394 | ETputs(KTEPS) 101782.86
2023-10-12 04:40:04,257 - tune.py [line:103] - INFO: Epoch 00340 | Time(s) 0.0395 | Val Loss 1.3917 | Val Acc 0.5442 | ETputs(KTEPS) 101628.96
2023-10-12 04:40:05,073 - tune.py [line:103] - INFO: Epoch 00360 | Time(s) 0.0396 | Val Loss 1.3882 | Val Acc 0.5538 | ETputs(KTEPS) 101472.69
2023-10-12 04:40:06,088 - tune.py [line:103] - INFO: Epoch 00380 | Time(s) 0.0402 | Val Loss 1.3722 | Val Acc 0.5471 | ETputs(KTEPS) 99993.01
2023-10-12 04:40:06,891 - tune.py [line:103] - INFO: Epoch 00400 | Time(s) 0.0402 | Val Loss 1.3689 | Val Acc 0.5510 | ETputs(KTEPS) 100006.34
2023-10-12 04:40:07,678 - tune.py [line:103] - INFO: Epoch 00420 | Time(s) 0.0401 | Val Loss 1.3918 | Val Acc 0.5423 | ETputs(KTEPS) 100106.05
2023-10-12 04:40:08,440 - tune.py [line:103] - INFO: Epoch 00440 | Time(s) 0.0401 | Val Loss 1.3957 | Val Acc 0.5442 | ETputs(KTEPS) 100339.08
2023-10-12 04:40:09,188 - tune.py [line:103] - INFO: Epoch 00460 | Time(s) 0.0399 | Val Loss 1.3706 | Val Acc 0.5538 | ETputs(KTEPS) 100633.91
2023-10-12 04:40:09,961 - tune.py [line:103] - INFO: Epoch 00480 | Time(s) 0.0399 | Val Loss 1.3848 | Val Acc 0.5529 | ETputs(KTEPS) 100793.51
2023-10-12 04:40:10,870 - tune.py [line:103] - INFO: Epoch 00500 | Time(s) 0.0401 | Val Loss 1.4013 | Val Acc 0.5548 | ETputs(KTEPS) 100237.38
2023-10-12 04:40:11,841 - tune.py [line:103] - INFO: Epoch 00520 | Time(s) 0.0404 | Val Loss 1.4061 | Val Acc 0.5577 | ETputs(KTEPS) 99433.06
2023-10-12 04:40:12,708 - tune.py [line:103] - INFO: Epoch 00540 | Time(s) 0.0405 | Val Loss 1.3847 | Val Acc 0.5644 | ETputs(KTEPS) 99187.16
2023-10-12 04:40:13,496 - tune.py [line:103] - INFO: Epoch 00560 | Time(s) 0.0405 | Val Loss 1.3939 | Val Acc 0.5481 | ETputs(KTEPS) 99293.30
2023-10-12 04:40:14,288 - tune.py [line:103] - INFO: Epoch 00580 | Time(s) 0.0404 | Val Loss 1.3950 | Val Acc 0.5683 | ETputs(KTEPS) 99373.57
2023-10-12 04:40:15,085 - tune.py [line:103] - INFO: Epoch 00600 | Time(s) 0.0404 | Val Loss 1.3937 | Val Acc 0.5625 | ETputs(KTEPS) 99432.97
2023-10-12 04:40:15,889 - tune.py [line:103] - INFO: Epoch 00620 | Time(s) 0.0404 | Val Loss 1.3619 | Val Acc 0.5596 | ETputs(KTEPS) 99453.49
2023-10-12 04:40:16,685 - tune.py [line:103] - INFO: Epoch 00640 | Time(s) 0.0404 | Val Loss 1.3840 | Val Acc 0.5490 | ETputs(KTEPS) 99499.76
2023-10-12 04:40:17,546 - tune.py [line:103] - INFO: Epoch 00660 | Time(s) 0.0405 | Val Loss 1.3905 | Val Acc 0.5596 | ETputs(KTEPS) 99305.44
2023-10-12 04:40:18,371 - tune.py [line:103] - INFO: Epoch 00680 | Time(s) 0.0405 | Val Loss 1.3878 | Val Acc 0.5673 | ETputs(KTEPS) 99252.29
2023-10-12 04:40:19,347 - tune.py [line:103] - INFO: Epoch 00700 | Time(s) 0.0407 | Val Loss 1.3884 | Val Acc 0.5654 | ETputs(KTEPS) 98675.62
2023-10-12 04:40:20,230 - tune.py [line:103] - INFO: Epoch 00720 | Time(s) 0.0408 | Val Loss 1.4080 | Val Acc 0.5587 | ETputs(KTEPS) 98454.86
2023-10-12 04:40:21,053 - tune.py [line:103] - INFO: Epoch 00740 | Time(s) 0.0408 | Val Loss 1.3693 | Val Acc 0.5587 | ETputs(KTEPS) 98434.71
2023-10-12 04:40:21,891 - tune.py [line:103] - INFO: Epoch 00760 | Time(s) 0.0409 | Val Loss 1.4016 | Val Acc 0.5548 | ETputs(KTEPS) 98368.71
2023-10-12 04:40:22,824 - tune.py [line:103] - INFO: Epoch 00780 | Time(s) 0.0410 | Val Loss 1.3853 | Val Acc 0.5625 | ETputs(KTEPS) 98013.68
2023-10-12 04:40:23,671 - tune.py [line:103] - INFO: Epoch 00800 | Time(s) 0.0410 | Val Loss 1.3941 | Val Acc 0.5673 | ETputs(KTEPS) 97932.40
2023-10-12 04:40:24,529 - tune.py [line:103] - INFO: Epoch 00820 | Time(s) 0.0411 | Val Loss 1.3944 | Val Acc 0.5673 | ETputs(KTEPS) 97826.43
2023-10-12 04:40:25,384 - tune.py [line:103] - INFO: Epoch 00840 | Time(s) 0.0411 | Val Loss 1.3765 | Val Acc 0.5702 | ETputs(KTEPS) 97734.80
2023-10-12 04:40:26,370 - tune.py [line:103] - INFO: Epoch 00860 | Time(s) 0.0413 | Val Loss 1.3983 | Val Acc 0.5654 | ETputs(KTEPS) 97285.38
2023-10-12 04:40:27,338 - tune.py [line:103] - INFO: Epoch 00880 | Time(s) 0.0415 | Val Loss 1.4081 | Val Acc 0.5635 | ETputs(KTEPS) 96909.97
2023-10-12 04:40:28,206 - tune.py [line:103] - INFO: Epoch 00900 | Time(s) 0.0415 | Val Loss 1.3856 | Val Acc 0.5635 | ETputs(KTEPS) 96812.01
2023-10-12 04:40:29,204 - tune.py [line:103] - INFO: Epoch 00920 | Time(s) 0.0417 | Val Loss 1.4081 | Val Acc 0.5500 | ETputs(KTEPS) 96388.37
2023-10-12 04:40:30,103 - tune.py [line:103] - INFO: Epoch 00940 | Time(s) 0.0418 | Val Loss 1.3940 | Val Acc 0.5519 | ETputs(KTEPS) 96230.68
2023-10-12 04:40:30,981 - tune.py [line:103] - INFO: Epoch 00960 | Time(s) 0.0418 | Val Loss 1.3808 | Val Acc 0.5587 | ETputs(KTEPS) 96129.85
2023-10-12 04:40:31,971 - tune.py [line:103] - INFO: Epoch 00980 | Time(s) 0.0420 | Val Loss 1.4028 | Val Acc 0.5577 | ETputs(KTEPS) 95771.95
2023-10-12 04:40:32,864 - tune.py [line:103] - INFO: Epoch 01000 | Time(s) 0.0420 | Val Loss 1.4095 | Val Acc 0.5587 | ETputs(KTEPS) 95650.66
2023-10-12 04:40:33,408 - tune.py [line:117] - INFO: [FINAL MODEL] Val accuracy 57.21% \Val loss: 1.4
2023-10-12 04:40:33,417 - tune.py [line:119] - INFO: [FINAL MODEL] Test accuracy 57.44% \Test loss: 1.4
2023-10-12 04:40:33,417 - tune.py [line:144] - INFO: Acc on the first split (Validation Set): 0.5721
2023-10-12 04:40:33,417 - tune.py [line:145] - INFO: Acc on the first split (Test Set): 0.5744
