2023-10-12 04:20:51,320 - tune.py [line:203] - INFO: Namespace(seed=42, model='GPRGNNV2', gpu=0, dataset='geom-squirrel', logging=True, log_detail=True, log_detailedCh=False, id_log=1012014504, optuna_n_trials=202, n_epochs=2000, self_loop=True, udgraph=True, early_stop=True, patience=300, n_hidden=64, n_cv=1, start_cv=0, n_layers=12, lr1=0.03, lr2=0.04, wd1=1e-06, wd2=1e-07, dropout=0.5, dropout2=0.5, alpha=0.5, es_ckpt='TestTuningScript-geom-squirrel_GPRGNNV2-geom-squirrel_trialNo67')
2023-10-12 04:20:53,938 - tune.py [line:128] - INFO: Split_seeds:[1824]
2023-10-12 04:20:53,938 - tune.py [line:129] - INFO: Model_seeds:[409]
2023-10-12 04:20:56,198 - tune.py [line:103] - INFO: Epoch 00020 | Time(s) 0.1113 | Val Loss 1.4484 | Val Acc 0.3606 | ETputs(KTEPS) 36112.07
2023-10-12 04:20:58,442 - tune.py [line:103] - INFO: Epoch 00040 | Time(s) 0.1116 | Val Loss 1.4410 | Val Acc 0.3788 | ETputs(KTEPS) 36002.07
2023-10-12 04:21:00,704 - tune.py [line:103] - INFO: Epoch 00060 | Time(s) 0.1118 | Val Loss 1.4335 | Val Acc 0.3913 | ETputs(KTEPS) 35938.90
2023-10-12 04:21:03,128 - tune.py [line:103] - INFO: Epoch 00080 | Time(s) 0.1140 | Val Loss 1.4463 | Val Acc 0.4240 | ETputs(KTEPS) 35258.25
2023-10-12 04:21:05,385 - tune.py [line:103] - INFO: Epoch 00100 | Time(s) 0.1136 | Val Loss 1.4376 | Val Acc 0.4413 | ETputs(KTEPS) 35366.79
2023-10-12 04:21:07,752 - tune.py [line:103] - INFO: Epoch 00120 | Time(s) 0.1143 | Val Loss 1.4247 | Val Acc 0.4587 | ETputs(KTEPS) 35154.09
2023-10-12 04:21:10,114 - tune.py [line:103] - INFO: Epoch 00140 | Time(s) 0.1148 | Val Loss 1.4151 | Val Acc 0.4692 | ETputs(KTEPS) 35003.02
2023-10-12 04:21:12,532 - tune.py [line:103] - INFO: Epoch 00160 | Time(s) 0.1156 | Val Loss 1.4061 | Val Acc 0.4721 | ETputs(KTEPS) 34781.82
2023-10-12 04:21:14,987 - tune.py [line:103] - INFO: Epoch 00180 | Time(s) 0.1163 | Val Loss 1.4068 | Val Acc 0.4817 | ETputs(KTEPS) 34550.83
2023-10-12 04:21:17,604 - tune.py [line:103] - INFO: Epoch 00200 | Time(s) 0.1177 | Val Loss 1.4048 | Val Acc 0.4837 | ETputs(KTEPS) 34136.31
2023-10-12 04:21:20,080 - tune.py [line:103] - INFO: Epoch 00220 | Time(s) 0.1183 | Val Loss 1.3959 | Val Acc 0.5000 | ETputs(KTEPS) 33977.72
2023-10-12 04:21:22,741 - tune.py [line:103] - INFO: Epoch 00240 | Time(s) 0.1195 | Val Loss 1.3764 | Val Acc 0.5000 | ETputs(KTEPS) 33632.56
2023-10-12 04:21:25,407 - tune.py [line:103] - INFO: Epoch 00260 | Time(s) 0.1205 | Val Loss 1.3964 | Val Acc 0.5048 | ETputs(KTEPS) 33345.39
2023-10-12 04:21:28,101 - tune.py [line:103] - INFO: Epoch 00280 | Time(s) 0.1215 | Val Loss 1.3645 | Val Acc 0.5125 | ETputs(KTEPS) 33068.43
2023-10-12 04:21:30,743 - tune.py [line:103] - INFO: Epoch 00300 | Time(s) 0.1222 | Val Loss 1.3481 | Val Acc 0.5154 | ETputs(KTEPS) 32882.42
2023-10-12 04:21:33,388 - tune.py [line:103] - INFO: Epoch 00320 | Time(s) 0.1228 | Val Loss 1.3599 | Val Acc 0.5240 | ETputs(KTEPS) 32722.57
2023-10-12 04:21:36,021 - tune.py [line:103] - INFO: Epoch 00340 | Time(s) 0.1233 | Val Loss 1.3647 | Val Acc 0.5279 | ETputs(KTEPS) 32590.11
2023-10-12 04:21:38,822 - tune.py [line:103] - INFO: Epoch 00360 | Time(s) 0.1242 | Val Loss 1.3411 | Val Acc 0.5298 | ETputs(KTEPS) 32356.25
2023-10-12 04:21:41,629 - tune.py [line:103] - INFO: Epoch 00380 | Time(s) 0.1250 | Val Loss 1.3323 | Val Acc 0.5394 | ETputs(KTEPS) 32140.26
2023-10-12 04:21:44,402 - tune.py [line:103] - INFO: Epoch 00400 | Time(s) 0.1257 | Val Loss 1.3382 | Val Acc 0.5221 | ETputs(KTEPS) 31968.03
2023-10-12 04:21:47,253 - tune.py [line:103] - INFO: Epoch 00420 | Time(s) 0.1265 | Val Loss 1.3296 | Val Acc 0.5337 | ETputs(KTEPS) 31765.80
2023-10-12 04:21:49,285 - tune.py [line:103] - INFO: Epoch 00440 | Time(s) 0.1254 | Val Loss 1.3315 | Val Acc 0.5250 | ETputs(KTEPS) 32053.40
2023-10-12 04:21:50,803 - tune.py [line:103] - INFO: Epoch 00460 | Time(s) 0.1232 | Val Loss 1.3361 | Val Acc 0.5327 | ETputs(KTEPS) 32613.47
2023-10-12 04:21:52,256 - tune.py [line:103] - INFO: Epoch 00480 | Time(s) 0.1211 | Val Loss 1.3304 | Val Acc 0.5298 | ETputs(KTEPS) 33182.99
2023-10-12 04:21:53,742 - tune.py [line:103] - INFO: Epoch 00500 | Time(s) 0.1192 | Val Loss 1.3242 | Val Acc 0.5433 | ETputs(KTEPS) 33704.56
2023-10-12 04:21:55,178 - tune.py [line:103] - INFO: Epoch 00520 | Time(s) 0.1174 | Val Loss 1.3190 | Val Acc 0.5394 | ETputs(KTEPS) 34228.54
2023-10-12 04:21:56,641 - tune.py [line:103] - INFO: Epoch 00540 | Time(s) 0.1158 | Val Loss 1.3186 | Val Acc 0.5433 | ETputs(KTEPS) 34716.24
2023-10-12 04:21:58,021 - tune.py [line:103] - INFO: Epoch 00560 | Time(s) 0.1141 | Val Loss 1.3109 | Val Acc 0.5433 | ETputs(KTEPS) 35225.65
2023-10-12 04:21:59,371 - tune.py [line:103] - INFO: Epoch 00580 | Time(s) 0.1125 | Val Loss 1.3100 | Val Acc 0.5500 | ETputs(KTEPS) 35729.20
2023-10-12 04:22:00,845 - tune.py [line:103] - INFO: Epoch 00600 | Time(s) 0.1112 | Val Loss 1.3168 | Val Acc 0.5433 | ETputs(KTEPS) 36145.22
2023-10-12 04:22:02,282 - tune.py [line:103] - INFO: Epoch 00620 | Time(s) 0.1099 | Val Loss 1.3111 | Val Acc 0.5471 | ETputs(KTEPS) 36563.79
2023-10-12 04:22:03,763 - tune.py [line:103] - INFO: Epoch 00640 | Time(s) 0.1088 | Val Loss 1.3088 | Val Acc 0.5452 | ETputs(KTEPS) 36940.59
2023-10-12 04:22:05,198 - tune.py [line:103] - INFO: Epoch 00660 | Time(s) 0.1077 | Val Loss 1.3371 | Val Acc 0.5308 | ETputs(KTEPS) 37326.19
2023-10-12 04:22:06,595 - tune.py [line:103] - INFO: Epoch 00680 | Time(s) 0.1066 | Val Loss 1.3187 | Val Acc 0.5462 | ETputs(KTEPS) 37716.25
2023-10-12 04:22:08,097 - tune.py [line:103] - INFO: Epoch 00700 | Time(s) 0.1057 | Val Loss 1.3227 | Val Acc 0.5529 | ETputs(KTEPS) 38038.66
2023-10-12 04:22:09,488 - tune.py [line:103] - INFO: Epoch 00720 | Time(s) 0.1047 | Val Loss 1.3145 | Val Acc 0.5471 | ETputs(KTEPS) 38403.80
2023-10-12 04:22:10,879 - tune.py [line:103] - INFO: Epoch 00740 | Time(s) 0.1037 | Val Loss 1.3163 | Val Acc 0.5654 | ETputs(KTEPS) 38756.60
2023-10-12 04:22:12,368 - tune.py [line:103] - INFO: Epoch 00760 | Time(s) 0.1029 | Val Loss 1.2950 | Val Acc 0.5577 | ETputs(KTEPS) 39047.71
2023-10-12 04:22:13,839 - tune.py [line:103] - INFO: Epoch 00780 | Time(s) 0.1022 | Val Loss 1.3005 | Val Acc 0.5519 | ETputs(KTEPS) 39335.81
2023-10-12 04:22:15,320 - tune.py [line:103] - INFO: Epoch 00800 | Time(s) 0.1015 | Val Loss 1.3076 | Val Acc 0.5481 | ETputs(KTEPS) 39608.72
2023-10-12 04:22:16,810 - tune.py [line:103] - INFO: Epoch 00820 | Time(s) 0.1008 | Val Loss 1.3263 | Val Acc 0.5433 | ETputs(KTEPS) 39867.71
2023-10-12 04:22:18,338 - tune.py [line:103] - INFO: Epoch 00840 | Time(s) 0.1002 | Val Loss 1.3109 | Val Acc 0.5529 | ETputs(KTEPS) 40099.37
2023-10-12 04:22:19,898 - tune.py [line:103] - INFO: Epoch 00860 | Time(s) 0.0997 | Val Loss 1.3215 | Val Acc 0.5462 | ETputs(KTEPS) 40307.34
2023-10-12 04:22:21,269 - tune.py [line:103] - INFO: Epoch 00880 | Time(s) 0.0990 | Val Loss 1.3157 | Val Acc 0.5596 | ETputs(KTEPS) 40596.01
2023-10-12 04:22:22,796 - tune.py [line:103] - INFO: Epoch 00900 | Time(s) 0.0985 | Val Loss 1.3101 | Val Acc 0.5567 | ETputs(KTEPS) 40803.71
2023-10-12 04:22:24,437 - tune.py [line:103] - INFO: Epoch 00920 | Time(s) 0.0981 | Val Loss 1.3133 | Val Acc 0.5567 | ETputs(KTEPS) 40953.66
2023-10-12 04:22:26,028 - tune.py [line:103] - INFO: Epoch 00940 | Time(s) 0.0977 | Val Loss 1.3020 | Val Acc 0.5625 | ETputs(KTEPS) 41120.63
2023-10-12 04:22:27,578 - tune.py [line:103] - INFO: Epoch 00960 | Time(s) 0.0973 | Val Loss 1.3110 | Val Acc 0.5663 | ETputs(KTEPS) 41301.24
2023-10-12 04:22:29,347 - tune.py [line:103] - INFO: Epoch 00980 | Time(s) 0.0971 | Val Loss 1.3030 | Val Acc 0.5615 | ETputs(KTEPS) 41378.51
2023-10-12 04:22:30,923 - tune.py [line:103] - INFO: Epoch 01000 | Time(s) 0.0968 | Val Loss 1.3147 | Val Acc 0.5567 | ETputs(KTEPS) 41535.46
2023-10-12 04:22:32,501 - tune.py [line:103] - INFO: Epoch 01020 | Time(s) 0.0964 | Val Loss 1.3028 | Val Acc 0.5394 | ETputs(KTEPS) 41686.75
2023-10-12 04:22:34,137 - tune.py [line:103] - INFO: Epoch 01040 | Time(s) 0.0961 | Val Loss 1.3049 | Val Acc 0.5423 | ETputs(KTEPS) 41808.86
2023-10-12 04:22:35,787 - tune.py [line:103] - INFO: Epoch 01060 | Time(s) 0.0959 | Val Loss 1.3061 | Val Acc 0.5452 | ETputs(KTEPS) 41921.67
2023-10-12 04:22:37,545 - tune.py [line:103] - INFO: Epoch 01080 | Time(s) 0.0957 | Val Loss 1.3106 | Val Acc 0.5462 | ETputs(KTEPS) 41986.47
2023-10-12 04:22:39,203 - tune.py [line:103] - INFO: Epoch 01100 | Time(s) 0.0955 | Val Loss 1.3025 | Val Acc 0.5490 | ETputs(KTEPS) 42089.38
2023-10-12 04:22:40,939 - tune.py [line:103] - INFO: Epoch 01120 | Time(s) 0.0953 | Val Loss 1.2987 | Val Acc 0.5548 | ETputs(KTEPS) 42158.29
2023-10-12 04:22:42,643 - tune.py [line:103] - INFO: Epoch 01140 | Time(s) 0.0952 | Val Loss 1.3293 | Val Acc 0.5510 | ETputs(KTEPS) 42237.28
2023-10-12 04:22:44,369 - tune.py [line:103] - INFO: Epoch 01160 | Time(s) 0.0950 | Val Loss 1.3015 | Val Acc 0.5538 | ETputs(KTEPS) 42305.40
2023-10-12 04:22:45,962 - tune.py [line:103] - INFO: Epoch 01180 | Time(s) 0.0947 | Val Loss 1.3185 | Val Acc 0.5529 | ETputs(KTEPS) 42421.66
2023-10-12 04:22:47,606 - tune.py [line:103] - INFO: Epoch 01200 | Time(s) 0.0945 | Val Loss 1.3210 | Val Acc 0.5500 | ETputs(KTEPS) 42515.76
2023-10-12 04:22:49,335 - tune.py [line:103] - INFO: Epoch 01220 | Time(s) 0.0944 | Val Loss 1.3050 | Val Acc 0.5567 | ETputs(KTEPS) 42575.82
2023-10-12 04:22:51,106 - tune.py [line:103] - INFO: Epoch 01240 | Time(s) 0.0943 | Val Loss 1.3031 | Val Acc 0.5529 | ETputs(KTEPS) 42618.68
2023-10-12 04:22:51,731 - tune.py [line:117] - INFO: [FINAL MODEL] Val accuracy 57.31% \Val loss: 1.3
2023-10-12 04:22:51,753 - tune.py [line:119] - INFO: [FINAL MODEL] Test accuracy 56.58% \Test loss: 1.3
2023-10-12 04:22:51,754 - tune.py [line:144] - INFO: Acc on the first split (Validation Set): 0.5731
2023-10-12 04:22:51,754 - tune.py [line:145] - INFO: Acc on the first split (Test Set): 0.5658
