2023-10-12 04:17:29,538 - tune.py [line:203] - INFO: Namespace(seed=42, model='GPRGNNV2', gpu=1, dataset='geom-squirrel', logging=True, log_detail=True, log_detailedCh=False, id_log=1012014504, optuna_n_trials=202, n_epochs=2000, self_loop=True, udgraph=True, early_stop=True, patience=300, n_hidden=64, n_cv=1, start_cv=0, n_layers=12, lr1=0.03, lr2=0.04, wd1=1e-06, wd2=1e-08, dropout=0.5, dropout2=0.6, alpha=0.6, es_ckpt='TestTuningScript-geom-squirrel_GPRGNNV2-geom-squirrel_trialNo62')
2023-10-12 04:17:32,123 - tune.py [line:128] - INFO: Split_seeds:[1824]
2023-10-12 04:17:32,123 - tune.py [line:129] - INFO: Model_seeds:[409]
2023-10-12 04:17:33,267 - tune.py [line:103] - INFO: Epoch 00020 | Time(s) 0.0560 | Val Loss 1.4567 | Val Acc 0.3635 | ETputs(KTEPS) 71765.11
2023-10-12 04:17:34,367 - tune.py [line:103] - INFO: Epoch 00040 | Time(s) 0.0553 | Val Loss 1.4366 | Val Acc 0.3798 | ETputs(KTEPS) 72618.29
2023-10-12 04:17:35,490 - tune.py [line:103] - INFO: Epoch 00060 | Time(s) 0.0554 | Val Loss 1.4038 | Val Acc 0.3971 | ETputs(KTEPS) 72515.28
2023-10-12 04:17:36,629 - tune.py [line:103] - INFO: Epoch 00080 | Time(s) 0.0556 | Val Loss 1.3872 | Val Acc 0.4298 | ETputs(KTEPS) 72300.69
2023-10-12 04:17:37,680 - tune.py [line:103] - INFO: Epoch 00100 | Time(s) 0.0549 | Val Loss 1.3757 | Val Acc 0.4346 | ETputs(KTEPS) 73265.25
2023-10-12 04:17:38,782 - tune.py [line:103] - INFO: Epoch 00120 | Time(s) 0.0548 | Val Loss 1.3751 | Val Acc 0.4346 | ETputs(KTEPS) 73290.96
2023-10-12 04:17:39,855 - tune.py [line:103] - INFO: Epoch 00140 | Time(s) 0.0546 | Val Loss 1.3548 | Val Acc 0.4500 | ETputs(KTEPS) 73599.99
2023-10-12 04:17:40,939 - tune.py [line:103] - INFO: Epoch 00160 | Time(s) 0.0545 | Val Loss 1.3454 | Val Acc 0.4702 | ETputs(KTEPS) 73766.79
2023-10-12 04:17:42,006 - tune.py [line:103] - INFO: Epoch 00180 | Time(s) 0.0543 | Val Loss 1.3491 | Val Acc 0.4654 | ETputs(KTEPS) 73974.34
2023-10-12 04:17:43,069 - tune.py [line:103] - INFO: Epoch 00200 | Time(s) 0.0542 | Val Loss 1.3430 | Val Acc 0.4817 | ETputs(KTEPS) 74152.10
2023-10-12 04:17:44,180 - tune.py [line:103] - INFO: Epoch 00220 | Time(s) 0.0543 | Val Loss 1.3386 | Val Acc 0.4923 | ETputs(KTEPS) 74049.93
2023-10-12 04:17:45,306 - tune.py [line:103] - INFO: Epoch 00240 | Time(s) 0.0544 | Val Loss 1.3601 | Val Acc 0.4837 | ETputs(KTEPS) 73846.79
2023-10-12 04:17:46,467 - tune.py [line:103] - INFO: Epoch 00260 | Time(s) 0.0547 | Val Loss 1.3271 | Val Acc 0.5000 | ETputs(KTEPS) 73506.30
2023-10-12 04:17:47,850 - tune.py [line:103] - INFO: Epoch 00280 | Time(s) 0.0557 | Val Loss 1.3288 | Val Acc 0.5096 | ETputs(KTEPS) 72187.33
2023-10-12 04:17:48,948 - tune.py [line:103] - INFO: Epoch 00300 | Time(s) 0.0556 | Val Loss 1.3320 | Val Acc 0.5000 | ETputs(KTEPS) 72274.50
2023-10-12 04:17:50,081 - tune.py [line:103] - INFO: Epoch 00320 | Time(s) 0.0557 | Val Loss 1.3074 | Val Acc 0.5048 | ETputs(KTEPS) 72193.08
2023-10-12 04:17:51,189 - tune.py [line:103] - INFO: Epoch 00340 | Time(s) 0.0556 | Val Loss 1.3064 | Val Acc 0.5125 | ETputs(KTEPS) 72239.99
2023-10-12 04:17:52,312 - tune.py [line:103] - INFO: Epoch 00360 | Time(s) 0.0557 | Val Loss 1.3164 | Val Acc 0.5106 | ETputs(KTEPS) 72215.69
2023-10-12 04:17:53,549 - tune.py [line:103] - INFO: Epoch 00380 | Time(s) 0.0560 | Val Loss 1.3101 | Val Acc 0.5125 | ETputs(KTEPS) 71821.52
2023-10-12 04:17:54,698 - tune.py [line:103] - INFO: Epoch 00400 | Time(s) 0.0560 | Val Loss 1.2917 | Val Acc 0.5192 | ETputs(KTEPS) 71741.74
2023-10-12 04:17:55,846 - tune.py [line:103] - INFO: Epoch 00420 | Time(s) 0.0561 | Val Loss 1.2964 | Val Acc 0.5192 | ETputs(KTEPS) 71661.28
2023-10-12 04:17:57,141 - tune.py [line:103] - INFO: Epoch 00440 | Time(s) 0.0565 | Val Loss 1.2962 | Val Acc 0.5279 | ETputs(KTEPS) 71173.74
2023-10-12 04:17:58,413 - tune.py [line:103] - INFO: Epoch 00460 | Time(s) 0.0568 | Val Loss 1.2973 | Val Acc 0.5288 | ETputs(KTEPS) 70810.01
2023-10-12 04:17:59,600 - tune.py [line:103] - INFO: Epoch 00480 | Time(s) 0.0569 | Val Loss 1.2812 | Val Acc 0.5260 | ETputs(KTEPS) 70675.98
2023-10-12 04:18:00,909 - tune.py [line:103] - INFO: Epoch 00500 | Time(s) 0.0572 | Val Loss 1.3022 | Val Acc 0.5250 | ETputs(KTEPS) 70254.55
2023-10-12 04:18:02,200 - tune.py [line:103] - INFO: Epoch 00520 | Time(s) 0.0575 | Val Loss 1.2921 | Val Acc 0.5346 | ETputs(KTEPS) 69916.01
2023-10-12 04:18:03,475 - tune.py [line:103] - INFO: Epoch 00540 | Time(s) 0.0577 | Val Loss 1.2918 | Val Acc 0.5279 | ETputs(KTEPS) 69643.56
2023-10-12 04:18:04,645 - tune.py [line:103] - INFO: Epoch 00560 | Time(s) 0.0577 | Val Loss 1.2817 | Val Acc 0.5404 | ETputs(KTEPS) 69611.44
2023-10-12 04:18:05,938 - tune.py [line:103] - INFO: Epoch 00580 | Time(s) 0.0580 | Val Loss 1.2681 | Val Acc 0.5442 | ETputs(KTEPS) 69330.94
2023-10-12 04:18:07,258 - tune.py [line:103] - INFO: Epoch 00600 | Time(s) 0.0582 | Val Loss 1.2815 | Val Acc 0.5308 | ETputs(KTEPS) 69017.26
2023-10-12 04:18:08,656 - tune.py [line:103] - INFO: Epoch 00620 | Time(s) 0.0586 | Val Loss 1.2719 | Val Acc 0.5375 | ETputs(KTEPS) 68587.68
2023-10-12 04:18:09,996 - tune.py [line:103] - INFO: Epoch 00640 | Time(s) 0.0589 | Val Loss 1.2657 | Val Acc 0.5356 | ETputs(KTEPS) 68282.56
2023-10-12 04:18:11,308 - tune.py [line:103] - INFO: Epoch 00660 | Time(s) 0.0591 | Val Loss 1.2654 | Val Acc 0.5452 | ETputs(KTEPS) 68055.20
2023-10-12 04:18:12,623 - tune.py [line:103] - INFO: Epoch 00680 | Time(s) 0.0593 | Val Loss 1.2496 | Val Acc 0.5452 | ETputs(KTEPS) 67831.15
2023-10-12 04:18:13,941 - tune.py [line:103] - INFO: Epoch 00700 | Time(s) 0.0594 | Val Loss 1.2482 | Val Acc 0.5529 | ETputs(KTEPS) 67617.29
2023-10-12 04:18:15,290 - tune.py [line:103] - INFO: Epoch 00720 | Time(s) 0.0597 | Val Loss 1.2478 | Val Acc 0.5471 | ETputs(KTEPS) 67366.10
2023-10-12 04:18:16,784 - tune.py [line:103] - INFO: Epoch 00740 | Time(s) 0.0601 | Val Loss 1.2440 | Val Acc 0.5510 | ETputs(KTEPS) 66910.86
2023-10-12 04:18:18,155 - tune.py [line:103] - INFO: Epoch 00760 | Time(s) 0.0603 | Val Loss 1.2543 | Val Acc 0.5423 | ETputs(KTEPS) 66663.75
2023-10-12 04:18:19,539 - tune.py [line:103] - INFO: Epoch 00780 | Time(s) 0.0605 | Val Loss 1.2670 | Val Acc 0.5452 | ETputs(KTEPS) 66414.13
2023-10-12 04:18:21,006 - tune.py [line:103] - INFO: Epoch 00800 | Time(s) 0.0608 | Val Loss 1.2547 | Val Acc 0.5423 | ETputs(KTEPS) 66063.37
2023-10-12 04:18:22,429 - tune.py [line:103] - INFO: Epoch 00820 | Time(s) 0.0611 | Val Loss 1.2637 | Val Acc 0.5385 | ETputs(KTEPS) 65792.09
2023-10-12 04:18:23,912 - tune.py [line:103] - INFO: Epoch 00840 | Time(s) 0.0614 | Val Loss 1.2518 | Val Acc 0.5519 | ETputs(KTEPS) 65460.78
2023-10-12 04:18:25,410 - tune.py [line:103] - INFO: Epoch 00860 | Time(s) 0.0617 | Val Loss 1.2552 | Val Acc 0.5442 | ETputs(KTEPS) 65127.52
2023-10-12 04:18:26,814 - tune.py [line:103] - INFO: Epoch 00880 | Time(s) 0.0619 | Val Loss 1.2525 | Val Acc 0.5490 | ETputs(KTEPS) 64926.00
2023-10-12 04:18:28,280 - tune.py [line:103] - INFO: Epoch 00900 | Time(s) 0.0622 | Val Loss 1.2468 | Val Acc 0.5442 | ETputs(KTEPS) 64661.41
2023-10-12 04:18:29,694 - tune.py [line:103] - INFO: Epoch 00920 | Time(s) 0.0623 | Val Loss 1.2504 | Val Acc 0.5490 | ETputs(KTEPS) 64472.53
2023-10-12 04:18:31,211 - tune.py [line:103] - INFO: Epoch 00940 | Time(s) 0.0626 | Val Loss 1.2368 | Val Acc 0.5500 | ETputs(KTEPS) 64180.47
2023-10-12 04:18:32,684 - tune.py [line:103] - INFO: Epoch 00960 | Time(s) 0.0629 | Val Loss 1.2245 | Val Acc 0.5606 | ETputs(KTEPS) 63946.03
2023-10-12 04:18:34,207 - tune.py [line:103] - INFO: Epoch 00980 | Time(s) 0.0631 | Val Loss 1.2507 | Val Acc 0.5538 | ETputs(KTEPS) 63673.78
2023-10-12 04:18:35,722 - tune.py [line:103] - INFO: Epoch 01000 | Time(s) 0.0634 | Val Loss 1.2362 | Val Acc 0.5519 | ETputs(KTEPS) 63419.98
2023-10-12 04:18:37,240 - tune.py [line:103] - INFO: Epoch 01020 | Time(s) 0.0636 | Val Loss 1.2429 | Val Acc 0.5500 | ETputs(KTEPS) 63177.64
2023-10-12 04:18:38,772 - tune.py [line:103] - INFO: Epoch 01040 | Time(s) 0.0639 | Val Loss 1.2571 | Val Acc 0.5471 | ETputs(KTEPS) 62931.45
2023-10-12 04:18:40,462 - tune.py [line:103] - INFO: Epoch 01060 | Time(s) 0.0643 | Val Loss 1.2362 | Val Acc 0.5538 | ETputs(KTEPS) 62550.44
2023-10-12 04:18:42,080 - tune.py [line:103] - INFO: Epoch 01080 | Time(s) 0.0646 | Val Loss 1.2313 | Val Acc 0.5538 | ETputs(KTEPS) 62252.67
2023-10-12 04:18:43,723 - tune.py [line:103] - INFO: Epoch 01100 | Time(s) 0.0649 | Val Loss 1.2527 | Val Acc 0.5471 | ETputs(KTEPS) 61946.37
2023-10-12 04:18:45,436 - tune.py [line:103] - INFO: Epoch 01120 | Time(s) 0.0653 | Val Loss 1.2265 | Val Acc 0.5606 | ETputs(KTEPS) 61594.90
2023-10-12 04:18:47,044 - tune.py [line:103] - INFO: Epoch 01140 | Time(s) 0.0655 | Val Loss 1.2356 | Val Acc 0.5606 | ETputs(KTEPS) 61347.22
2023-10-12 04:18:48,592 - tune.py [line:103] - INFO: Epoch 01160 | Time(s) 0.0657 | Val Loss 1.2346 | Val Acc 0.5500 | ETputs(KTEPS) 61156.85
2023-10-12 04:18:50,388 - tune.py [line:103] - INFO: Epoch 01180 | Time(s) 0.0661 | Val Loss 1.2382 | Val Acc 0.5558 | ETputs(KTEPS) 60779.35
2023-10-12 04:18:52,009 - tune.py [line:103] - INFO: Epoch 01200 | Time(s) 0.0664 | Val Loss 1.2412 | Val Acc 0.5365 | ETputs(KTEPS) 60551.99
2023-10-12 04:18:53,749 - tune.py [line:103] - INFO: Epoch 01220 | Time(s) 0.0667 | Val Loss 1.2444 | Val Acc 0.5462 | ETputs(KTEPS) 60245.91
2023-10-12 04:18:55,398 - tune.py [line:103] - INFO: Epoch 01240 | Time(s) 0.0670 | Val Loss 1.2424 | Val Acc 0.5490 | ETputs(KTEPS) 60018.32
2023-10-12 04:18:57,105 - tune.py [line:103] - INFO: Epoch 01260 | Time(s) 0.0673 | Val Loss 1.2364 | Val Acc 0.5548 | ETputs(KTEPS) 59758.29
2023-10-12 04:18:58,870 - tune.py [line:103] - INFO: Epoch 01280 | Time(s) 0.0676 | Val Loss 1.2226 | Val Acc 0.5644 | ETputs(KTEPS) 59468.70
2023-10-12 04:19:00,735 - tune.py [line:103] - INFO: Epoch 01300 | Time(s) 0.0680 | Val Loss 1.2260 | Val Acc 0.5702 | ETputs(KTEPS) 59123.39
2023-10-12 04:19:02,513 - tune.py [line:103] - INFO: Epoch 01320 | Time(s) 0.0683 | Val Loss 1.2189 | Val Acc 0.5596 | ETputs(KTEPS) 58851.30
2023-10-12 04:19:04,298 - tune.py [line:103] - INFO: Epoch 01340 | Time(s) 0.0686 | Val Loss 1.2221 | Val Acc 0.5490 | ETputs(KTEPS) 58583.65
2023-10-12 04:19:06,040 - tune.py [line:103] - INFO: Epoch 01360 | Time(s) 0.0689 | Val Loss 1.2110 | Val Acc 0.5558 | ETputs(KTEPS) 58352.59
2023-10-12 04:19:07,829 - tune.py [line:103] - INFO: Epoch 01380 | Time(s) 0.0692 | Val Loss 1.2208 | Val Acc 0.5577 | ETputs(KTEPS) 58101.54
2023-10-12 04:19:09,645 - tune.py [line:103] - INFO: Epoch 01400 | Time(s) 0.0695 | Val Loss 1.1990 | Val Acc 0.5663 | ETputs(KTEPS) 57843.60
2023-10-12 04:19:11,449 - tune.py [line:103] - INFO: Epoch 01420 | Time(s) 0.0698 | Val Loss 1.2141 | Val Acc 0.5635 | ETputs(KTEPS) 57605.07
2023-10-12 04:19:13,352 - tune.py [line:103] - INFO: Epoch 01440 | Time(s) 0.0701 | Val Loss 1.2070 | Val Acc 0.5577 | ETputs(KTEPS) 57315.45
2023-10-12 04:19:14,449 - tune.py [line:103] - INFO: Epoch 01460 | Time(s) 0.0699 | Val Loss 1.2164 | Val Acc 0.5663 | ETputs(KTEPS) 57487.60
2023-10-12 04:19:15,547 - tune.py [line:103] - INFO: Epoch 01480 | Time(s) 0.0697 | Val Loss 1.2298 | Val Acc 0.5683 | ETputs(KTEPS) 57654.90
2023-10-12 04:19:16,747 - tune.py [line:103] - INFO: Epoch 01500 | Time(s) 0.0696 | Val Loss 1.2314 | Val Acc 0.5558 | ETputs(KTEPS) 57763.02
2023-10-12 04:19:17,831 - tune.py [line:103] - INFO: Epoch 01520 | Time(s) 0.0694 | Val Loss 1.2026 | Val Acc 0.5606 | ETputs(KTEPS) 57931.75
2023-10-12 04:19:18,936 - tune.py [line:103] - INFO: Epoch 01540 | Time(s) 0.0692 | Val Loss 1.2074 | Val Acc 0.5683 | ETputs(KTEPS) 58085.62
2023-10-12 04:19:20,025 - tune.py [line:103] - INFO: Epoch 01560 | Time(s) 0.0690 | Val Loss 1.2311 | Val Acc 0.5529 | ETputs(KTEPS) 58245.01
2023-10-12 04:19:21,135 - tune.py [line:103] - INFO: Epoch 01580 | Time(s) 0.0688 | Val Loss 1.2260 | Val Acc 0.5606 | ETputs(KTEPS) 58390.15
2023-10-12 04:19:22,273 - tune.py [line:103] - INFO: Epoch 01600 | Time(s) 0.0687 | Val Loss 1.1993 | Val Acc 0.5721 | ETputs(KTEPS) 58517.66
2023-10-12 04:19:23,442 - tune.py [line:103] - INFO: Epoch 01620 | Time(s) 0.0686 | Val Loss 1.2314 | Val Acc 0.5519 | ETputs(KTEPS) 58629.14
2023-10-12 04:19:24,530 - tune.py [line:103] - INFO: Epoch 01640 | Time(s) 0.0684 | Val Loss 1.2139 | Val Acc 0.5683 | ETputs(KTEPS) 58777.39
2023-10-12 04:19:25,599 - tune.py [line:103] - INFO: Epoch 01660 | Time(s) 0.0682 | Val Loss 1.1933 | Val Acc 0.5731 | ETputs(KTEPS) 58932.77
2023-10-12 04:19:26,659 - tune.py [line:103] - INFO: Epoch 01680 | Time(s) 0.0680 | Val Loss 1.1957 | Val Acc 0.5663 | ETputs(KTEPS) 59089.80
2023-10-12 04:19:27,740 - tune.py [line:103] - INFO: Epoch 01700 | Time(s) 0.0679 | Val Loss 1.2140 | Val Acc 0.5587 | ETputs(KTEPS) 59233.43
2023-10-12 04:19:28,849 - tune.py [line:103] - INFO: Epoch 01720 | Time(s) 0.0677 | Val Loss 1.2192 | Val Acc 0.5567 | ETputs(KTEPS) 59360.06
2023-10-12 04:19:29,956 - tune.py [line:103] - INFO: Epoch 01740 | Time(s) 0.0676 | Val Loss 1.2045 | Val Acc 0.5663 | ETputs(KTEPS) 59485.23
2023-10-12 04:19:31,182 - tune.py [line:103] - INFO: Epoch 01760 | Time(s) 0.0675 | Val Loss 1.2079 | Val Acc 0.5673 | ETputs(KTEPS) 59548.06
2023-10-12 04:19:32,281 - tune.py [line:103] - INFO: Epoch 01780 | Time(s) 0.0674 | Val Loss 1.2036 | Val Acc 0.5635 | ETputs(KTEPS) 59673.41
2023-10-12 04:19:33,362 - tune.py [line:103] - INFO: Epoch 01800 | Time(s) 0.0672 | Val Loss 1.2099 | Val Acc 0.5740 | ETputs(KTEPS) 59804.65
2023-10-12 04:19:34,477 - tune.py [line:103] - INFO: Epoch 01820 | Time(s) 0.0671 | Val Loss 1.2328 | Val Acc 0.5577 | ETputs(KTEPS) 59917.15
2023-10-12 04:19:35,560 - tune.py [line:103] - INFO: Epoch 01840 | Time(s) 0.0669 | Val Loss 1.2084 | Val Acc 0.5779 | ETputs(KTEPS) 60043.20
2023-10-12 04:19:36,852 - tune.py [line:103] - INFO: Epoch 01860 | Time(s) 0.0669 | Val Loss 1.1983 | Val Acc 0.5712 | ETputs(KTEPS) 60066.49
2023-10-12 04:19:38,036 - tune.py [line:103] - INFO: Epoch 01880 | Time(s) 0.0668 | Val Loss 1.2208 | Val Acc 0.5673 | ETputs(KTEPS) 60140.50
2023-10-12 04:19:39,080 - tune.py [line:103] - INFO: Epoch 01900 | Time(s) 0.0667 | Val Loss 1.2235 | Val Acc 0.5567 | ETputs(KTEPS) 60279.43
2023-10-12 04:19:39,299 - tune.py [line:117] - INFO: [FINAL MODEL] Val accuracy 58.17% \Val loss: 1.2
2023-10-12 04:19:39,312 - tune.py [line:119] - INFO: [FINAL MODEL] Test accuracy 57.73% \Test loss: 1.2
2023-10-12 04:19:39,313 - tune.py [line:144] - INFO: Acc on the first split (Validation Set): 0.5817
2023-10-12 04:19:39,313 - tune.py [line:145] - INFO: Acc on the first split (Test Set): 0.5773
