2023-10-12 04:31:54,646 - tune.py [line:203] - INFO: Namespace(seed=42, model='GPRGNNV2', gpu=0, dataset='geom-squirrel', logging=True, log_detail=True, log_detailedCh=False, id_log=1012014504, optuna_n_trials=202, n_epochs=2000, self_loop=True, udgraph=True, early_stop=True, patience=300, n_hidden=64, n_cv=1, start_cv=0, n_layers=8, lr1=0.05, lr2=0.05, wd1=1e-05, wd2=1e-08, dropout=0.5, dropout2=0.6, alpha=0.7000000000000001, es_ckpt='TestTuningScript-geom-squirrel_GPRGNNV2-geom-squirrel_trialNo105')
2023-10-12 04:31:57,112 - tune.py [line:128] - INFO: Split_seeds:[1824]
2023-10-12 04:31:57,112 - tune.py [line:129] - INFO: Model_seeds:[409]
2023-10-12 04:31:58,155 - tune.py [line:103] - INFO: Epoch 00020 | Time(s) 0.0512 | Val Loss 1.4399 | Val Acc 0.3433 | ETputs(KTEPS) 78437.97
2023-10-12 04:31:59,027 - tune.py [line:103] - INFO: Epoch 00040 | Time(s) 0.0474 | Val Loss 1.4066 | Val Acc 0.3731 | ETputs(KTEPS) 84861.48
2023-10-12 04:31:59,924 - tune.py [line:103] - INFO: Epoch 00060 | Time(s) 0.0464 | Val Loss 1.3818 | Val Acc 0.3981 | ETputs(KTEPS) 86591.62
2023-10-12 04:32:00,821 - tune.py [line:103] - INFO: Epoch 00080 | Time(s) 0.0459 | Val Loss 1.3723 | Val Acc 0.4077 | ETputs(KTEPS) 87526.68
2023-10-12 04:32:01,852 - tune.py [line:103] - INFO: Epoch 00100 | Time(s) 0.0470 | Val Loss 1.3463 | Val Acc 0.4337 | ETputs(KTEPS) 85545.48
2023-10-12 04:32:02,850 - tune.py [line:103] - INFO: Epoch 00120 | Time(s) 0.0474 | Val Loss 1.3211 | Val Acc 0.4462 | ETputs(KTEPS) 84797.74
2023-10-12 04:32:03,785 - tune.py [line:103] - INFO: Epoch 00140 | Time(s) 0.0472 | Val Loss 1.3102 | Val Acc 0.4702 | ETputs(KTEPS) 85113.24
2023-10-12 04:32:04,850 - tune.py [line:103] - INFO: Epoch 00160 | Time(s) 0.0479 | Val Loss 1.2889 | Val Acc 0.4962 | ETputs(KTEPS) 83926.16
2023-10-12 04:32:05,914 - tune.py [line:103] - INFO: Epoch 00180 | Time(s) 0.0484 | Val Loss 1.2775 | Val Acc 0.5019 | ETputs(KTEPS) 82960.46
2023-10-12 04:32:07,105 - tune.py [line:103] - INFO: Epoch 00200 | Time(s) 0.0495 | Val Loss 1.2621 | Val Acc 0.5010 | ETputs(KTEPS) 81221.53
2023-10-12 04:32:08,368 - tune.py [line:103] - INFO: Epoch 00220 | Time(s) 0.0507 | Val Loss 1.2456 | Val Acc 0.5192 | ETputs(KTEPS) 79237.65
2023-10-12 04:32:09,589 - tune.py [line:103] - INFO: Epoch 00240 | Time(s) 0.0515 | Val Loss 1.2434 | Val Acc 0.5269 | ETputs(KTEPS) 77992.58
2023-10-12 04:32:10,891 - tune.py [line:103] - INFO: Epoch 00260 | Time(s) 0.0526 | Val Loss 1.2361 | Val Acc 0.5221 | ETputs(KTEPS) 76473.64
2023-10-12 04:32:12,095 - tune.py [line:103] - INFO: Epoch 00280 | Time(s) 0.0531 | Val Loss 1.2301 | Val Acc 0.5269 | ETputs(KTEPS) 75700.17
2023-10-12 04:32:13,157 - tune.py [line:103] - INFO: Epoch 00300 | Time(s) 0.0531 | Val Loss 1.2126 | Val Acc 0.5231 | ETputs(KTEPS) 75728.46
2023-10-12 04:32:14,224 - tune.py [line:103] - INFO: Epoch 00320 | Time(s) 0.0531 | Val Loss 1.2091 | Val Acc 0.5240 | ETputs(KTEPS) 75706.01
2023-10-12 04:32:15,386 - tune.py [line:103] - INFO: Epoch 00340 | Time(s) 0.0534 | Val Loss 1.2036 | Val Acc 0.5346 | ETputs(KTEPS) 75297.91
2023-10-12 04:32:16,455 - tune.py [line:103] - INFO: Epoch 00360 | Time(s) 0.0534 | Val Loss 1.2210 | Val Acc 0.5212 | ETputs(KTEPS) 75299.44
2023-10-12 04:32:17,623 - tune.py [line:103] - INFO: Epoch 00380 | Time(s) 0.0536 | Val Loss 1.2243 | Val Acc 0.5279 | ETputs(KTEPS) 74930.92
2023-10-12 04:32:18,832 - tune.py [line:103] - INFO: Epoch 00400 | Time(s) 0.0540 | Val Loss 1.2159 | Val Acc 0.5298 | ETputs(KTEPS) 74466.57
2023-10-12 04:32:19,926 - tune.py [line:103] - INFO: Epoch 00420 | Time(s) 0.0540 | Val Loss 1.2129 | Val Acc 0.5327 | ETputs(KTEPS) 74421.12
2023-10-12 04:32:21,035 - tune.py [line:103] - INFO: Epoch 00440 | Time(s) 0.0541 | Val Loss 1.2071 | Val Acc 0.5404 | ETputs(KTEPS) 74333.37
2023-10-12 04:32:22,248 - tune.py [line:103] - INFO: Epoch 00460 | Time(s) 0.0543 | Val Loss 1.2135 | Val Acc 0.5394 | ETputs(KTEPS) 73969.96
2023-10-12 04:32:23,474 - tune.py [line:103] - INFO: Epoch 00480 | Time(s) 0.0546 | Val Loss 1.2156 | Val Acc 0.5308 | ETputs(KTEPS) 73578.30
2023-10-12 04:32:24,704 - tune.py [line:103] - INFO: Epoch 00500 | Time(s) 0.0549 | Val Loss 1.2102 | Val Acc 0.5337 | ETputs(KTEPS) 73209.28
2023-10-12 04:32:25,992 - tune.py [line:103] - INFO: Epoch 00520 | Time(s) 0.0553 | Val Loss 1.1936 | Val Acc 0.5385 | ETputs(KTEPS) 72728.42
2023-10-12 04:32:27,243 - tune.py [line:103] - INFO: Epoch 00540 | Time(s) 0.0555 | Val Loss 1.2015 | Val Acc 0.5365 | ETputs(KTEPS) 72374.16
2023-10-12 04:32:28,503 - tune.py [line:103] - INFO: Epoch 00560 | Time(s) 0.0558 | Val Loss 1.1856 | Val Acc 0.5423 | ETputs(KTEPS) 72031.06
2023-10-12 04:32:29,848 - tune.py [line:103] - INFO: Epoch 00580 | Time(s) 0.0562 | Val Loss 1.1895 | Val Acc 0.5337 | ETputs(KTEPS) 71524.27
2023-10-12 04:32:31,111 - tune.py [line:103] - INFO: Epoch 00600 | Time(s) 0.0564 | Val Loss 1.1864 | Val Acc 0.5462 | ETputs(KTEPS) 71235.87
2023-10-12 04:32:32,427 - tune.py [line:103] - INFO: Epoch 00620 | Time(s) 0.0567 | Val Loss 1.1995 | Val Acc 0.5413 | ETputs(KTEPS) 70856.54
2023-10-12 04:32:33,736 - tune.py [line:103] - INFO: Epoch 00640 | Time(s) 0.0570 | Val Loss 1.1856 | Val Acc 0.5356 | ETputs(KTEPS) 70518.37
2023-10-12 04:32:35,118 - tune.py [line:103] - INFO: Epoch 00660 | Time(s) 0.0574 | Val Loss 1.1869 | Val Acc 0.5510 | ETputs(KTEPS) 70068.47
2023-10-12 04:32:36,430 - tune.py [line:103] - INFO: Epoch 00680 | Time(s) 0.0576 | Val Loss 1.1830 | Val Acc 0.5413 | ETputs(KTEPS) 69783.55
2023-10-12 04:32:37,795 - tune.py [line:103] - INFO: Epoch 00700 | Time(s) 0.0579 | Val Loss 1.1741 | Val Acc 0.5625 | ETputs(KTEPS) 69417.32
2023-10-12 04:32:39,097 - tune.py [line:103] - INFO: Epoch 00720 | Time(s) 0.0581 | Val Loss 1.1802 | Val Acc 0.5481 | ETputs(KTEPS) 69184.53
2023-10-12 04:32:40,516 - tune.py [line:103] - INFO: Epoch 00740 | Time(s) 0.0584 | Val Loss 1.1772 | Val Acc 0.5663 | ETputs(KTEPS) 68778.06
2023-10-12 04:32:41,976 - tune.py [line:103] - INFO: Epoch 00760 | Time(s) 0.0588 | Val Loss 1.1777 | Val Acc 0.5462 | ETputs(KTEPS) 68333.34
2023-10-12 04:32:43,314 - tune.py [line:103] - INFO: Epoch 00780 | Time(s) 0.0590 | Val Loss 1.1684 | Val Acc 0.5567 | ETputs(KTEPS) 68094.59
2023-10-12 04:32:44,737 - tune.py [line:103] - INFO: Epoch 00800 | Time(s) 0.0593 | Val Loss 1.1825 | Val Acc 0.5500 | ETputs(KTEPS) 67747.85
2023-10-12 04:32:46,207 - tune.py [line:103] - INFO: Epoch 00820 | Time(s) 0.0597 | Val Loss 1.1944 | Val Acc 0.5462 | ETputs(KTEPS) 67355.16
2023-10-12 04:32:47,655 - tune.py [line:103] - INFO: Epoch 00840 | Time(s) 0.0600 | Val Loss 1.1788 | Val Acc 0.5644 | ETputs(KTEPS) 67016.11
2023-10-12 04:32:49,112 - tune.py [line:103] - INFO: Epoch 00860 | Time(s) 0.0603 | Val Loss 1.2061 | Val Acc 0.5327 | ETputs(KTEPS) 66683.74
2023-10-12 04:32:50,568 - tune.py [line:103] - INFO: Epoch 00880 | Time(s) 0.0606 | Val Loss 1.1889 | Val Acc 0.5510 | ETputs(KTEPS) 66370.34
2023-10-12 04:32:52,151 - tune.py [line:103] - INFO: Epoch 00900 | Time(s) 0.0610 | Val Loss 1.1755 | Val Acc 0.5644 | ETputs(KTEPS) 65921.71
2023-10-12 04:32:53,626 - tune.py [line:103] - INFO: Epoch 00920 | Time(s) 0.0612 | Val Loss 1.1807 | Val Acc 0.5510 | ETputs(KTEPS) 65623.70
2023-10-12 04:32:55,170 - tune.py [line:103] - INFO: Epoch 00940 | Time(s) 0.0616 | Val Loss 1.1762 | Val Acc 0.5423 | ETputs(KTEPS) 65262.09
2023-10-12 04:32:56,775 - tune.py [line:103] - INFO: Epoch 00960 | Time(s) 0.0620 | Val Loss 1.1611 | Val Acc 0.5596 | ETputs(KTEPS) 64853.86
2023-10-12 04:32:58,326 - tune.py [line:103] - INFO: Epoch 00980 | Time(s) 0.0623 | Val Loss 1.1747 | Val Acc 0.5500 | ETputs(KTEPS) 64522.81
2023-10-12 04:32:59,881 - tune.py [line:103] - INFO: Epoch 01000 | Time(s) 0.0626 | Val Loss 1.1606 | Val Acc 0.5615 | ETputs(KTEPS) 64209.37
2023-10-12 04:33:00,988 - tune.py [line:103] - INFO: Epoch 01020 | Time(s) 0.0625 | Val Loss 1.1663 | Val Acc 0.5548 | ETputs(KTEPS) 64356.02
2023-10-12 04:33:01,762 - tune.py [line:103] - INFO: Epoch 01040 | Time(s) 0.0620 | Val Loss 1.1770 | Val Acc 0.5587 | ETputs(KTEPS) 64830.88
2023-10-12 04:33:02,546 - tune.py [line:103] - INFO: Epoch 01060 | Time(s) 0.0616 | Val Loss 1.1776 | Val Acc 0.5529 | ETputs(KTEPS) 65283.94
2023-10-12 04:33:03,323 - tune.py [line:103] - INFO: Epoch 01080 | Time(s) 0.0611 | Val Loss 1.1769 | Val Acc 0.5490 | ETputs(KTEPS) 65733.60
2023-10-12 04:33:04,096 - tune.py [line:103] - INFO: Epoch 01100 | Time(s) 0.0607 | Val Loss 1.1616 | Val Acc 0.5635 | ETputs(KTEPS) 66177.41
2023-10-12 04:33:04,853 - tune.py [line:103] - INFO: Epoch 01120 | Time(s) 0.0603 | Val Loss 1.1669 | Val Acc 0.5587 | ETputs(KTEPS) 66625.99
2023-10-12 04:33:05,613 - tune.py [line:103] - INFO: Epoch 01140 | Time(s) 0.0599 | Val Loss 1.1756 | Val Acc 0.5567 | ETputs(KTEPS) 67062.41
2023-10-12 04:33:06,384 - tune.py [line:103] - INFO: Epoch 01160 | Time(s) 0.0596 | Val Loss 1.1667 | Val Acc 0.5452 | ETputs(KTEPS) 67477.48
2023-10-12 04:33:07,140 - tune.py [line:103] - INFO: Epoch 01180 | Time(s) 0.0592 | Val Loss 1.1701 | Val Acc 0.5500 | ETputs(KTEPS) 67898.52
2023-10-12 04:33:07,904 - tune.py [line:103] - INFO: Epoch 01200 | Time(s) 0.0588 | Val Loss 1.1700 | Val Acc 0.5538 | ETputs(KTEPS) 68303.23
2023-10-12 04:33:08,670 - tune.py [line:103] - INFO: Epoch 01220 | Time(s) 0.0585 | Val Loss 1.1560 | Val Acc 0.5702 | ETputs(KTEPS) 68696.31
2023-10-12 04:33:09,445 - tune.py [line:103] - INFO: Epoch 01240 | Time(s) 0.0582 | Val Loss 1.1686 | Val Acc 0.5538 | ETputs(KTEPS) 69073.57
2023-10-12 04:33:10,218 - tune.py [line:103] - INFO: Epoch 01260 | Time(s) 0.0579 | Val Loss 1.1788 | Val Acc 0.5519 | ETputs(KTEPS) 69443.71
2023-10-12 04:33:11,025 - tune.py [line:103] - INFO: Epoch 01280 | Time(s) 0.0576 | Val Loss 1.1753 | Val Acc 0.5615 | ETputs(KTEPS) 69774.67
2023-10-12 04:33:11,638 - tune.py [line:117] - INFO: [FINAL MODEL] Val accuracy 57.88% \Val loss: 1.2
2023-10-12 04:33:11,647 - tune.py [line:119] - INFO: [FINAL MODEL] Test accuracy 57.83% \Test loss: 1.2
2023-10-12 04:33:11,648 - tune.py [line:144] - INFO: Acc on the first split (Validation Set): 0.5788
2023-10-12 04:33:11,648 - tune.py [line:145] - INFO: Acc on the first split (Test Set): 0.5783
