2023-10-12 04:12:05,265 - tune.py [line:203] - INFO: Namespace(seed=42, model='GPRGNNV2', gpu=0, dataset='geom-squirrel', logging=True, log_detail=True, log_detailedCh=False, id_log=1012014504, optuna_n_trials=202, n_epochs=2000, self_loop=True, udgraph=True, early_stop=True, patience=300, n_hidden=64, n_cv=1, start_cv=0, n_layers=12, lr1=0.03, lr2=0.04, wd1=1e-06, wd2=1e-08, dropout=0.5, dropout2=0.6, alpha=0.6, es_ckpt='TestTuningScript-geom-squirrel_GPRGNNV2-geom-squirrel_trialNo46')
2023-10-12 04:12:07,740 - tune.py [line:128] - INFO: Split_seeds:[1824]
2023-10-12 04:12:07,740 - tune.py [line:129] - INFO: Model_seeds:[409]
2023-10-12 04:12:09,422 - tune.py [line:103] - INFO: Epoch 00020 | Time(s) 0.0830 | Val Loss 1.4492 | Val Acc 0.3615 | ETputs(KTEPS) 48451.08
2023-10-12 04:12:11,145 - tune.py [line:103] - INFO: Epoch 00040 | Time(s) 0.0844 | Val Loss 1.4169 | Val Acc 0.3837 | ETputs(KTEPS) 47602.24
2023-10-12 04:12:12,735 - tune.py [line:103] - INFO: Epoch 00060 | Time(s) 0.0827 | Val Loss 1.4023 | Val Acc 0.3942 | ETputs(KTEPS) 48613.34
2023-10-12 04:12:14,455 - tune.py [line:103] - INFO: Epoch 00080 | Time(s) 0.0835 | Val Loss 1.3977 | Val Acc 0.3933 | ETputs(KTEPS) 48138.00
2023-10-12 04:12:16,156 - tune.py [line:103] - INFO: Epoch 00100 | Time(s) 0.0837 | Val Loss 1.3917 | Val Acc 0.4298 | ETputs(KTEPS) 48013.99
2023-10-12 04:12:17,814 - tune.py [line:103] - INFO: Epoch 00120 | Time(s) 0.0835 | Val Loss 1.3782 | Val Acc 0.4356 | ETputs(KTEPS) 48132.97
2023-10-12 04:12:19,545 - tune.py [line:103] - INFO: Epoch 00140 | Time(s) 0.0839 | Val Loss 1.3744 | Val Acc 0.4519 | ETputs(KTEPS) 47919.41
2023-10-12 04:12:21,436 - tune.py [line:103] - INFO: Epoch 00160 | Time(s) 0.0852 | Val Loss 1.3531 | Val Acc 0.4587 | ETputs(KTEPS) 47168.31
2023-10-12 04:12:23,266 - tune.py [line:103] - INFO: Epoch 00180 | Time(s) 0.0859 | Val Loss 1.3561 | Val Acc 0.4567 | ETputs(KTEPS) 46793.47
2023-10-12 04:12:25,221 - tune.py [line:103] - INFO: Epoch 00200 | Time(s) 0.0871 | Val Loss 1.3490 | Val Acc 0.4596 | ETputs(KTEPS) 46164.66
2023-10-12 04:12:26,964 - tune.py [line:103] - INFO: Epoch 00220 | Time(s) 0.0870 | Val Loss 1.3402 | Val Acc 0.4808 | ETputs(KTEPS) 46170.44
2023-10-12 04:12:28,903 - tune.py [line:103] - INFO: Epoch 00240 | Time(s) 0.0878 | Val Loss 1.3295 | Val Acc 0.4827 | ETputs(KTEPS) 45753.25
2023-10-12 04:12:30,860 - tune.py [line:103] - INFO: Epoch 00260 | Time(s) 0.0886 | Val Loss 1.3210 | Val Acc 0.4904 | ETputs(KTEPS) 45370.25
2023-10-12 04:12:32,876 - tune.py [line:103] - INFO: Epoch 00280 | Time(s) 0.0894 | Val Loss 1.3150 | Val Acc 0.5067 | ETputs(KTEPS) 44936.39
2023-10-12 04:12:34,868 - tune.py [line:103] - INFO: Epoch 00300 | Time(s) 0.0901 | Val Loss 1.3161 | Val Acc 0.5135 | ETputs(KTEPS) 44605.40
2023-10-12 04:12:36,841 - tune.py [line:103] - INFO: Epoch 00320 | Time(s) 0.0906 | Val Loss 1.3055 | Val Acc 0.5192 | ETputs(KTEPS) 44357.48
2023-10-12 04:12:38,926 - tune.py [line:103] - INFO: Epoch 00340 | Time(s) 0.0914 | Val Loss 1.3106 | Val Acc 0.5279 | ETputs(KTEPS) 43971.92
2023-10-12 04:12:41,014 - tune.py [line:103] - INFO: Epoch 00360 | Time(s) 0.0921 | Val Loss 1.2909 | Val Acc 0.5317 | ETputs(KTEPS) 43633.25
2023-10-12 04:12:43,230 - tune.py [line:103] - INFO: Epoch 00380 | Time(s) 0.0931 | Val Loss 1.2870 | Val Acc 0.5279 | ETputs(KTEPS) 43172.18
2023-10-12 04:12:45,356 - tune.py [line:103] - INFO: Epoch 00400 | Time(s) 0.0938 | Val Loss 1.2929 | Val Acc 0.5183 | ETputs(KTEPS) 42868.39
2023-10-12 04:12:47,561 - tune.py [line:103] - INFO: Epoch 00420 | Time(s) 0.0945 | Val Loss 1.2987 | Val Acc 0.5221 | ETputs(KTEPS) 42513.61
2023-10-12 04:12:49,819 - tune.py [line:103] - INFO: Epoch 00440 | Time(s) 0.0954 | Val Loss 1.2823 | Val Acc 0.5269 | ETputs(KTEPS) 42141.92
2023-10-12 04:12:52,205 - tune.py [line:103] - INFO: Epoch 00460 | Time(s) 0.0964 | Val Loss 1.2991 | Val Acc 0.5269 | ETputs(KTEPS) 41687.53
2023-10-12 04:12:54,499 - tune.py [line:103] - INFO: Epoch 00480 | Time(s) 0.0972 | Val Loss 1.2899 | Val Acc 0.5202 | ETputs(KTEPS) 41361.16
2023-10-12 04:12:56,729 - tune.py [line:103] - INFO: Epoch 00500 | Time(s) 0.0977 | Val Loss 1.2846 | Val Acc 0.5288 | ETputs(KTEPS) 41119.57
2023-10-12 04:12:58,208 - tune.py [line:103] - INFO: Epoch 00520 | Time(s) 0.0968 | Val Loss 1.2867 | Val Acc 0.5269 | ETputs(KTEPS) 41508.14
2023-10-12 04:12:59,695 - tune.py [line:103] - INFO: Epoch 00540 | Time(s) 0.0960 | Val Loss 1.2761 | Val Acc 0.5327 | ETputs(KTEPS) 41870.52
2023-10-12 04:13:01,177 - tune.py [line:103] - INFO: Epoch 00560 | Time(s) 0.0952 | Val Loss 1.2692 | Val Acc 0.5433 | ETputs(KTEPS) 42223.13
2023-10-12 04:13:02,656 - tune.py [line:103] - INFO: Epoch 00580 | Time(s) 0.0945 | Val Loss 1.2669 | Val Acc 0.5452 | ETputs(KTEPS) 42550.82
2023-10-12 04:13:04,165 - tune.py [line:103] - INFO: Epoch 00600 | Time(s) 0.0938 | Val Loss 1.2561 | Val Acc 0.5433 | ETputs(KTEPS) 42841.66
2023-10-12 04:13:05,656 - tune.py [line:103] - INFO: Epoch 00620 | Time(s) 0.0932 | Val Loss 1.2742 | Val Acc 0.5500 | ETputs(KTEPS) 43127.84
2023-10-12 04:13:07,138 - tune.py [line:103] - INFO: Epoch 00640 | Time(s) 0.0926 | Val Loss 1.2643 | Val Acc 0.5538 | ETputs(KTEPS) 43406.00
2023-10-12 04:13:08,637 - tune.py [line:103] - INFO: Epoch 00660 | Time(s) 0.0921 | Val Loss 1.2687 | Val Acc 0.5548 | ETputs(KTEPS) 43661.56
2023-10-12 04:13:10,164 - tune.py [line:103] - INFO: Epoch 00680 | Time(s) 0.0916 | Val Loss 1.2625 | Val Acc 0.5510 | ETputs(KTEPS) 43882.71
2023-10-12 04:13:11,708 - tune.py [line:103] - INFO: Epoch 00700 | Time(s) 0.0912 | Val Loss 1.2660 | Val Acc 0.5500 | ETputs(KTEPS) 44080.73
2023-10-12 04:13:13,253 - tune.py [line:103] - INFO: Epoch 00720 | Time(s) 0.0908 | Val Loss 1.2632 | Val Acc 0.5404 | ETputs(KTEPS) 44269.32
2023-10-12 04:13:14,811 - tune.py [line:103] - INFO: Epoch 00740 | Time(s) 0.0904 | Val Loss 1.2646 | Val Acc 0.5577 | ETputs(KTEPS) 44442.37
2023-10-12 04:13:16,519 - tune.py [line:103] - INFO: Epoch 00760 | Time(s) 0.0903 | Val Loss 1.2530 | Val Acc 0.5462 | ETputs(KTEPS) 44508.43
2023-10-12 04:13:18,095 - tune.py [line:103] - INFO: Epoch 00780 | Time(s) 0.0900 | Val Loss 1.2470 | Val Acc 0.5538 | ETputs(KTEPS) 44654.35
2023-10-12 04:13:19,659 - tune.py [line:103] - INFO: Epoch 00800 | Time(s) 0.0897 | Val Loss 1.2613 | Val Acc 0.5490 | ETputs(KTEPS) 44801.80
2023-10-12 04:13:21,193 - tune.py [line:103] - INFO: Epoch 00820 | Time(s) 0.0894 | Val Loss 1.2697 | Val Acc 0.5490 | ETputs(KTEPS) 44961.19
2023-10-12 04:13:22,908 - tune.py [line:103] - INFO: Epoch 00840 | Time(s) 0.0893 | Val Loss 1.2535 | Val Acc 0.5644 | ETputs(KTEPS) 45007.89
2023-10-12 04:13:24,490 - tune.py [line:103] - INFO: Epoch 00860 | Time(s) 0.0891 | Val Loss 1.2604 | Val Acc 0.5519 | ETputs(KTEPS) 45128.13
2023-10-12 04:13:26,041 - tune.py [line:103] - INFO: Epoch 00880 | Time(s) 0.0888 | Val Loss 1.2703 | Val Acc 0.5548 | ETputs(KTEPS) 45261.43
2023-10-12 04:13:27,765 - tune.py [line:103] - INFO: Epoch 00900 | Time(s) 0.0887 | Val Loss 1.2509 | Val Acc 0.5635 | ETputs(KTEPS) 45291.42
2023-10-12 04:13:29,421 - tune.py [line:103] - INFO: Epoch 00920 | Time(s) 0.0886 | Val Loss 1.2816 | Val Acc 0.5413 | ETputs(KTEPS) 45357.32
2023-10-12 04:13:31,114 - tune.py [line:103] - INFO: Epoch 00940 | Time(s) 0.0885 | Val Loss 1.2600 | Val Acc 0.5558 | ETputs(KTEPS) 45402.33
2023-10-12 04:13:32,759 - tune.py [line:103] - INFO: Epoch 00960 | Time(s) 0.0884 | Val Loss 1.2554 | Val Acc 0.5567 | ETputs(KTEPS) 45469.97
2023-10-12 04:13:34,560 - tune.py [line:103] - INFO: Epoch 00980 | Time(s) 0.0884 | Val Loss 1.2613 | Val Acc 0.5606 | ETputs(KTEPS) 45452.82
2023-10-12 04:13:36,199 - tune.py [line:103] - INFO: Epoch 01000 | Time(s) 0.0883 | Val Loss 1.2493 | Val Acc 0.5635 | ETputs(KTEPS) 45522.33
2023-10-12 04:13:37,867 - tune.py [line:103] - INFO: Epoch 01020 | Time(s) 0.0882 | Val Loss 1.2532 | Val Acc 0.5654 | ETputs(KTEPS) 45573.31
2023-10-12 04:13:39,558 - tune.py [line:103] - INFO: Epoch 01040 | Time(s) 0.0881 | Val Loss 1.2690 | Val Acc 0.5510 | ETputs(KTEPS) 45609.91
2023-10-12 04:13:41,351 - tune.py [line:103] - INFO: Epoch 01060 | Time(s) 0.0881 | Val Loss 1.2345 | Val Acc 0.5577 | ETputs(KTEPS) 45595.08
2023-10-12 04:13:43,187 - tune.py [line:103] - INFO: Epoch 01080 | Time(s) 0.0882 | Val Loss 1.2450 | Val Acc 0.5625 | ETputs(KTEPS) 45560.62
2023-10-12 04:13:44,953 - tune.py [line:103] - INFO: Epoch 01100 | Time(s) 0.0882 | Val Loss 1.2472 | Val Acc 0.5683 | ETputs(KTEPS) 45560.19
2023-10-12 04:13:46,664 - tune.py [line:103] - INFO: Epoch 01120 | Time(s) 0.0882 | Val Loss 1.2533 | Val Acc 0.5606 | ETputs(KTEPS) 45584.84
2023-10-12 04:13:48,384 - tune.py [line:103] - INFO: Epoch 01140 | Time(s) 0.0881 | Val Loss 1.2581 | Val Acc 0.5519 | ETputs(KTEPS) 45605.01
2023-10-12 04:13:50,191 - tune.py [line:103] - INFO: Epoch 01160 | Time(s) 0.0882 | Val Loss 1.2439 | Val Acc 0.5663 | ETputs(KTEPS) 45585.15
2023-10-12 04:13:52,121 - tune.py [line:103] - INFO: Epoch 01180 | Time(s) 0.0883 | Val Loss 1.2463 | Val Acc 0.5635 | ETputs(KTEPS) 45512.71
2023-10-12 04:13:53,914 - tune.py [line:103] - INFO: Epoch 01200 | Time(s) 0.0883 | Val Loss 1.2539 | Val Acc 0.5596 | ETputs(KTEPS) 45501.71
2023-10-12 04:13:55,794 - tune.py [line:103] - INFO: Epoch 01220 | Time(s) 0.0884 | Val Loss 1.2454 | Val Acc 0.5760 | ETputs(KTEPS) 45454.18
2023-10-12 04:13:57,598 - tune.py [line:103] - INFO: Epoch 01240 | Time(s) 0.0884 | Val Loss 1.2509 | Val Acc 0.5702 | ETputs(KTEPS) 45440.47
2023-10-12 04:13:59,433 - tune.py [line:103] - INFO: Epoch 01260 | Time(s) 0.0885 | Val Loss 1.2548 | Val Acc 0.5644 | ETputs(KTEPS) 45413.92
2023-10-12 04:14:01,455 - tune.py [line:103] - INFO: Epoch 01280 | Time(s) 0.0887 | Val Loss 1.2405 | Val Acc 0.5625 | ETputs(KTEPS) 45314.10
2023-10-12 04:14:03,392 - tune.py [line:103] - INFO: Epoch 01300 | Time(s) 0.0888 | Val Loss 1.2304 | Val Acc 0.5702 | ETputs(KTEPS) 45250.59
2023-10-12 04:14:05,423 - tune.py [line:103] - INFO: Epoch 01320 | Time(s) 0.0890 | Val Loss 1.2246 | Val Acc 0.5663 | ETputs(KTEPS) 45152.80
2023-10-12 04:14:07,364 - tune.py [line:103] - INFO: Epoch 01340 | Time(s) 0.0891 | Val Loss 1.2417 | Val Acc 0.5654 | ETputs(KTEPS) 45092.11
2023-10-12 04:14:09,340 - tune.py [line:103] - INFO: Epoch 01360 | Time(s) 0.0893 | Val Loss 1.2219 | Val Acc 0.5740 | ETputs(KTEPS) 45020.62
2023-10-12 04:14:11,388 - tune.py [line:103] - INFO: Epoch 01380 | Time(s) 0.0895 | Val Loss 1.2175 | Val Acc 0.5663 | ETputs(KTEPS) 44925.10
2023-10-12 04:14:13,493 - tune.py [line:103] - INFO: Epoch 01400 | Time(s) 0.0897 | Val Loss 1.2180 | Val Acc 0.5731 | ETputs(KTEPS) 44813.25
2023-10-12 04:14:15,493 - tune.py [line:103] - INFO: Epoch 01420 | Time(s) 0.0898 | Val Loss 1.2354 | Val Acc 0.5606 | ETputs(KTEPS) 44741.15
2023-10-12 04:14:17,590 - tune.py [line:103] - INFO: Epoch 01440 | Time(s) 0.0900 | Val Loss 1.2257 | Val Acc 0.5663 | ETputs(KTEPS) 44637.77
2023-10-12 04:14:19,847 - tune.py [line:103] - INFO: Epoch 01460 | Time(s) 0.0903 | Val Loss 1.2093 | Val Acc 0.5769 | ETputs(KTEPS) 44483.68
2023-10-12 04:14:21,946 - tune.py [line:103] - INFO: Epoch 01480 | Time(s) 0.0905 | Val Loss 1.2281 | Val Acc 0.5740 | ETputs(KTEPS) 44387.04
2023-10-12 04:14:24,270 - tune.py [line:103] - INFO: Epoch 01500 | Time(s) 0.0909 | Val Loss 1.2238 | Val Acc 0.5663 | ETputs(KTEPS) 44220.06
2023-10-12 04:14:26,397 - tune.py [line:103] - INFO: Epoch 01520 | Time(s) 0.0911 | Val Loss 1.2586 | Val Acc 0.5510 | ETputs(KTEPS) 44121.80
2023-10-12 04:14:28,044 - tune.py [line:103] - INFO: Epoch 01540 | Time(s) 0.0910 | Val Loss 1.2183 | Val Acc 0.5769 | ETputs(KTEPS) 44177.04
2023-10-12 04:14:29,532 - tune.py [line:103] - INFO: Epoch 01560 | Time(s) 0.0908 | Val Loss 1.2277 | Val Acc 0.5769 | ETputs(KTEPS) 44280.64
2023-10-12 04:14:31,030 - tune.py [line:103] - INFO: Epoch 01580 | Time(s) 0.0906 | Val Loss 1.2321 | Val Acc 0.5760 | ETputs(KTEPS) 44379.84
2023-10-12 04:14:32,569 - tune.py [line:103] - INFO: Epoch 01600 | Time(s) 0.0904 | Val Loss 1.2197 | Val Acc 0.5779 | ETputs(KTEPS) 44463.76
2023-10-12 04:14:34,130 - tune.py [line:103] - INFO: Epoch 01620 | Time(s) 0.0902 | Val Loss 1.2282 | Val Acc 0.5721 | ETputs(KTEPS) 44538.98
2023-10-12 04:14:35,674 - tune.py [line:103] - INFO: Epoch 01640 | Time(s) 0.0901 | Val Loss 1.2427 | Val Acc 0.5721 | ETputs(KTEPS) 44617.70
2023-10-12 04:14:37,192 - tune.py [line:103] - INFO: Epoch 01660 | Time(s) 0.0899 | Val Loss 1.2190 | Val Acc 0.5721 | ETputs(KTEPS) 44702.72
2023-10-12 04:14:38,736 - tune.py [line:103] - INFO: Epoch 01680 | Time(s) 0.0898 | Val Loss 1.2369 | Val Acc 0.5740 | ETputs(KTEPS) 44778.26
2023-10-12 04:14:40,307 - tune.py [line:103] - INFO: Epoch 01700 | Time(s) 0.0896 | Val Loss 1.2137 | Val Acc 0.5817 | ETputs(KTEPS) 44844.42
2023-10-12 04:14:41,819 - tune.py [line:103] - INFO: Epoch 01720 | Time(s) 0.0895 | Val Loss 1.2138 | Val Acc 0.5798 | ETputs(KTEPS) 44926.40
2023-10-12 04:14:43,357 - tune.py [line:103] - INFO: Epoch 01740 | Time(s) 0.0893 | Val Loss 1.2207 | Val Acc 0.5731 | ETputs(KTEPS) 44999.44
2023-10-12 04:14:44,909 - tune.py [line:103] - INFO: Epoch 01760 | Time(s) 0.0892 | Val Loss 1.2157 | Val Acc 0.5827 | ETputs(KTEPS) 45067.55
2023-10-12 04:14:46,586 - tune.py [line:103] - INFO: Epoch 01780 | Time(s) 0.0891 | Val Loss 1.2397 | Val Acc 0.5731 | ETputs(KTEPS) 45098.09
2023-10-12 04:14:48,154 - tune.py [line:103] - INFO: Epoch 01800 | Time(s) 0.0890 | Val Loss 1.2260 | Val Acc 0.5760 | ETputs(KTEPS) 45158.71
2023-10-12 04:14:49,670 - tune.py [line:103] - INFO: Epoch 01820 | Time(s) 0.0889 | Val Loss 1.2432 | Val Acc 0.5635 | ETputs(KTEPS) 45232.60
2023-10-12 04:14:51,188 - tune.py [line:103] - INFO: Epoch 01840 | Time(s) 0.0887 | Val Loss 1.2142 | Val Acc 0.5808 | ETputs(KTEPS) 45304.67
2023-10-12 04:14:52,747 - tune.py [line:103] - INFO: Epoch 01860 | Time(s) 0.0886 | Val Loss 1.2091 | Val Acc 0.5817 | ETputs(KTEPS) 45364.08
2023-10-12 04:14:54,272 - tune.py [line:103] - INFO: Epoch 01880 | Time(s) 0.0885 | Val Loss 1.2334 | Val Acc 0.5721 | ETputs(KTEPS) 45431.71
2023-10-12 04:14:55,850 - tune.py [line:103] - INFO: Epoch 01900 | Time(s) 0.0884 | Val Loss 1.2391 | Val Acc 0.5567 | ETputs(KTEPS) 45483.59
2023-10-12 04:14:57,697 - tune.py [line:103] - INFO: Epoch 01920 | Time(s) 0.0884 | Val Loss 1.2395 | Val Acc 0.5577 | ETputs(KTEPS) 45462.38
2023-10-12 04:14:59,295 - tune.py [line:103] - INFO: Epoch 01940 | Time(s) 0.0883 | Val Loss 1.2147 | Val Acc 0.5788 | ETputs(KTEPS) 45508.16
2023-10-12 04:15:00,947 - tune.py [line:103] - INFO: Epoch 01960 | Time(s) 0.0883 | Val Loss 1.2211 | Val Acc 0.5779 | ETputs(KTEPS) 45538.42
2023-10-12 04:15:02,493 - tune.py [line:103] - INFO: Epoch 01980 | Time(s) 0.0881 | Val Loss 1.2297 | Val Acc 0.5731 | ETputs(KTEPS) 45596.31
2023-10-12 04:15:04,120 - tune.py [line:103] - INFO: Epoch 02000 | Time(s) 0.0881 | Val Loss 1.2367 | Val Acc 0.5635 | ETputs(KTEPS) 45631.79
2023-10-12 04:15:04,137 - tune.py [line:117] - INFO: [FINAL MODEL] Val accuracy 58.94% \Val loss: 1.2
2023-10-12 04:15:04,158 - tune.py [line:119] - INFO: [FINAL MODEL] Test accuracy 56.29% \Test loss: 1.2
2023-10-12 04:15:04,159 - tune.py [line:144] - INFO: Acc on the first split (Validation Set): 0.5894
2023-10-12 04:15:04,159 - tune.py [line:145] - INFO: Acc on the first split (Test Set): 0.5629
