2023-10-12 04:01:31,530 - tune.py [line:203] - INFO: Namespace(seed=42, model='GPRGNNV2', gpu=1, dataset='geom-squirrel', logging=True, log_detail=True, log_detailedCh=False, id_log=1012014504, optuna_n_trials=202, n_epochs=2000, self_loop=True, udgraph=True, early_stop=True, patience=300, n_hidden=64, n_cv=1, start_cv=0, n_layers=12, lr1=0.03, lr2=0.03, wd1=1e-06, wd2=1e-07, dropout=0.6, dropout2=0.4, alpha=0.6, es_ckpt='TestTuningScript-geom-squirrel_GPRGNNV2-geom-squirrel_trialNo15')
2023-10-12 04:01:34,338 - tune.py [line:128] - INFO: Split_seeds:[1824]
2023-10-12 04:01:34,338 - tune.py [line:129] - INFO: Model_seeds:[409]
2023-10-12 04:01:35,902 - tune.py [line:103] - INFO: Epoch 00020 | Time(s) 0.0768 | Val Loss 1.4640 | Val Acc 0.3452 | ETputs(KTEPS) 52331.51
2023-10-12 04:01:37,522 - tune.py [line:103] - INFO: Epoch 00040 | Time(s) 0.0786 | Val Loss 1.4528 | Val Acc 0.3567 | ETputs(KTEPS) 51150.70
2023-10-12 04:01:39,094 - tune.py [line:103] - INFO: Epoch 00060 | Time(s) 0.0785 | Val Loss 1.4278 | Val Acc 0.3750 | ETputs(KTEPS) 51180.96
2023-10-12 04:01:40,622 - tune.py [line:103] - INFO: Epoch 00080 | Time(s) 0.0777 | Val Loss 1.4075 | Val Acc 0.3981 | ETputs(KTEPS) 51697.18
2023-10-12 04:01:42,227 - tune.py [line:103] - INFO: Epoch 00100 | Time(s) 0.0781 | Val Loss 1.3862 | Val Acc 0.4077 | ETputs(KTEPS) 51482.82
2023-10-12 04:01:43,882 - tune.py [line:103] - INFO: Epoch 00120 | Time(s) 0.0788 | Val Loss 1.3751 | Val Acc 0.4346 | ETputs(KTEPS) 51026.59
2023-10-12 04:01:45,503 - tune.py [line:103] - INFO: Epoch 00140 | Time(s) 0.0790 | Val Loss 1.3497 | Val Acc 0.4606 | ETputs(KTEPS) 50887.32
2023-10-12 04:01:47,023 - tune.py [line:103] - INFO: Epoch 00160 | Time(s) 0.0785 | Val Loss 1.3369 | Val Acc 0.4587 | ETputs(KTEPS) 51166.56
2023-10-12 04:01:48,774 - tune.py [line:103] - INFO: Epoch 00180 | Time(s) 0.0795 | Val Loss 1.3353 | Val Acc 0.4683 | ETputs(KTEPS) 50547.28
2023-10-12 04:01:50,461 - tune.py [line:103] - INFO: Epoch 00200 | Time(s) 0.0800 | Val Loss 1.3341 | Val Acc 0.4644 | ETputs(KTEPS) 50243.84
2023-10-12 04:01:52,290 - tune.py [line:103] - INFO: Epoch 00220 | Time(s) 0.0810 | Val Loss 1.3289 | Val Acc 0.4808 | ETputs(KTEPS) 49612.36
2023-10-12 04:01:53,986 - tune.py [line:103] - INFO: Epoch 00240 | Time(s) 0.0813 | Val Loss 1.3254 | Val Acc 0.4827 | ETputs(KTEPS) 49435.26
2023-10-12 04:01:55,704 - tune.py [line:103] - INFO: Epoch 00260 | Time(s) 0.0816 | Val Loss 1.3219 | Val Acc 0.5058 | ETputs(KTEPS) 49238.30
2023-10-12 04:01:57,266 - tune.py [line:103] - INFO: Epoch 00280 | Time(s) 0.0813 | Val Loss 1.3130 | Val Acc 0.5048 | ETputs(KTEPS) 49410.10
2023-10-12 04:01:58,994 - tune.py [line:103] - INFO: Epoch 00300 | Time(s) 0.0816 | Val Loss 1.2964 | Val Acc 0.5154 | ETputs(KTEPS) 49224.58
2023-10-12 04:02:00,782 - tune.py [line:103] - INFO: Epoch 00320 | Time(s) 0.0821 | Val Loss 1.2915 | Val Acc 0.5212 | ETputs(KTEPS) 48938.48
2023-10-12 04:02:02,486 - tune.py [line:103] - INFO: Epoch 00340 | Time(s) 0.0823 | Val Loss 1.2838 | Val Acc 0.5135 | ETputs(KTEPS) 48836.70
2023-10-12 04:02:04,243 - tune.py [line:103] - INFO: Epoch 00360 | Time(s) 0.0826 | Val Loss 1.2779 | Val Acc 0.5125 | ETputs(KTEPS) 48654.84
2023-10-12 04:02:05,872 - tune.py [line:103] - INFO: Epoch 00380 | Time(s) 0.0825 | Val Loss 1.2749 | Val Acc 0.5173 | ETputs(KTEPS) 48691.56
2023-10-12 04:02:07,535 - tune.py [line:103] - INFO: Epoch 00400 | Time(s) 0.0826 | Val Loss 1.2626 | Val Acc 0.5183 | ETputs(KTEPS) 48674.03
2023-10-12 04:02:09,238 - tune.py [line:103] - INFO: Epoch 00420 | Time(s) 0.0827 | Val Loss 1.2690 | Val Acc 0.5269 | ETputs(KTEPS) 48606.66
2023-10-12 04:02:10,944 - tune.py [line:103] - INFO: Epoch 00440 | Time(s) 0.0828 | Val Loss 1.2727 | Val Acc 0.5221 | ETputs(KTEPS) 48543.70
2023-10-12 04:02:12,735 - tune.py [line:103] - INFO: Epoch 00460 | Time(s) 0.0831 | Val Loss 1.2656 | Val Acc 0.5346 | ETputs(KTEPS) 48372.36
2023-10-12 04:02:14,578 - tune.py [line:103] - INFO: Epoch 00480 | Time(s) 0.0835 | Val Loss 1.2611 | Val Acc 0.5462 | ETputs(KTEPS) 48159.88
2023-10-12 04:02:16,295 - tune.py [line:103] - INFO: Epoch 00500 | Time(s) 0.0835 | Val Loss 1.2558 | Val Acc 0.5327 | ETputs(KTEPS) 48106.88
2023-10-12 04:02:18,049 - tune.py [line:103] - INFO: Epoch 00520 | Time(s) 0.0837 | Val Loss 1.2653 | Val Acc 0.5308 | ETputs(KTEPS) 48015.46
2023-10-12 04:02:20,013 - tune.py [line:103] - INFO: Epoch 00540 | Time(s) 0.0842 | Val Loss 1.2507 | Val Acc 0.5288 | ETputs(KTEPS) 47710.55
2023-10-12 04:02:21,914 - tune.py [line:103] - INFO: Epoch 00560 | Time(s) 0.0846 | Val Loss 1.2547 | Val Acc 0.5327 | ETputs(KTEPS) 47493.91
2023-10-12 04:02:23,787 - tune.py [line:103] - INFO: Epoch 00580 | Time(s) 0.0849 | Val Loss 1.2390 | Val Acc 0.5375 | ETputs(KTEPS) 47319.69
2023-10-12 04:02:25,639 - tune.py [line:103] - INFO: Epoch 00600 | Time(s) 0.0852 | Val Loss 1.2420 | Val Acc 0.5413 | ETputs(KTEPS) 47178.90
2023-10-12 04:02:27,416 - tune.py [line:103] - INFO: Epoch 00620 | Time(s) 0.0853 | Val Loss 1.2259 | Val Acc 0.5365 | ETputs(KTEPS) 47116.28
2023-10-12 04:02:29,346 - tune.py [line:103] - INFO: Epoch 00640 | Time(s) 0.0856 | Val Loss 1.2372 | Val Acc 0.5337 | ETputs(KTEPS) 46926.05
2023-10-12 04:02:31,266 - tune.py [line:103] - INFO: Epoch 00660 | Time(s) 0.0860 | Val Loss 1.2374 | Val Acc 0.5452 | ETputs(KTEPS) 46758.64
2023-10-12 04:02:33,214 - tune.py [line:103] - INFO: Epoch 00680 | Time(s) 0.0863 | Val Loss 1.2339 | Val Acc 0.5442 | ETputs(KTEPS) 46576.74
2023-10-12 04:02:35,112 - tune.py [line:103] - INFO: Epoch 00700 | Time(s) 0.0865 | Val Loss 1.2356 | Val Acc 0.5404 | ETputs(KTEPS) 46444.96
2023-10-12 04:02:36,932 - tune.py [line:103] - INFO: Epoch 00720 | Time(s) 0.0867 | Val Loss 1.2304 | Val Acc 0.5356 | ETputs(KTEPS) 46379.03
2023-10-12 04:02:38,851 - tune.py [line:103] - INFO: Epoch 00740 | Time(s) 0.0869 | Val Loss 1.2259 | Val Acc 0.5423 | ETputs(KTEPS) 46244.94
2023-10-12 04:02:40,995 - tune.py [line:103] - INFO: Epoch 00760 | Time(s) 0.0874 | Val Loss 1.2284 | Val Acc 0.5510 | ETputs(KTEPS) 45966.22
2023-10-12 04:02:42,926 - tune.py [line:103] - INFO: Epoch 00780 | Time(s) 0.0877 | Val Loss 1.2280 | Val Acc 0.5548 | ETputs(KTEPS) 45844.26
2023-10-12 04:02:44,867 - tune.py [line:103] - INFO: Epoch 00800 | Time(s) 0.0879 | Val Loss 1.2257 | Val Acc 0.5510 | ETputs(KTEPS) 45722.15
2023-10-12 04:02:46,799 - tune.py [line:103] - INFO: Epoch 00820 | Time(s) 0.0881 | Val Loss 1.2306 | Val Acc 0.5413 | ETputs(KTEPS) 45612.70
2023-10-12 04:02:48,794 - tune.py [line:103] - INFO: Epoch 00840 | Time(s) 0.0884 | Val Loss 1.2130 | Val Acc 0.5577 | ETputs(KTEPS) 45472.49
2023-10-12 04:02:51,119 - tune.py [line:103] - INFO: Epoch 00860 | Time(s) 0.0890 | Val Loss 1.2261 | Val Acc 0.5635 | ETputs(KTEPS) 45142.03
2023-10-12 04:02:53,416 - tune.py [line:103] - INFO: Epoch 00880 | Time(s) 0.0896 | Val Loss 1.2185 | Val Acc 0.5548 | ETputs(KTEPS) 44846.80
2023-10-12 04:02:55,696 - tune.py [line:103] - INFO: Epoch 00900 | Time(s) 0.0902 | Val Loss 1.1979 | Val Acc 0.5567 | ETputs(KTEPS) 44577.80
2023-10-12 04:02:57,906 - tune.py [line:103] - INFO: Epoch 00920 | Time(s) 0.0906 | Val Loss 1.2170 | Val Acc 0.5635 | ETputs(KTEPS) 44360.58
2023-10-12 04:03:00,168 - tune.py [line:103] - INFO: Epoch 00940 | Time(s) 0.0911 | Val Loss 1.2036 | Val Acc 0.5673 | ETputs(KTEPS) 44131.29
2023-10-12 04:03:02,431 - tune.py [line:103] - INFO: Epoch 00960 | Time(s) 0.0915 | Val Loss 1.2132 | Val Acc 0.5529 | ETputs(KTEPS) 43910.68
2023-10-12 04:03:04,732 - tune.py [line:103] - INFO: Epoch 00980 | Time(s) 0.0920 | Val Loss 1.2121 | Val Acc 0.5558 | ETputs(KTEPS) 43681.91
2023-10-12 04:03:06,819 - tune.py [line:103] - INFO: Epoch 01000 | Time(s) 0.0923 | Val Loss 1.2098 | Val Acc 0.5615 | ETputs(KTEPS) 43565.63
2023-10-12 04:03:09,250 - tune.py [line:103] - INFO: Epoch 01020 | Time(s) 0.0928 | Val Loss 1.2038 | Val Acc 0.5644 | ETputs(KTEPS) 43295.98
2023-10-12 04:03:11,676 - tune.py [line:103] - INFO: Epoch 01040 | Time(s) 0.0934 | Val Loss 1.2112 | Val Acc 0.5577 | ETputs(KTEPS) 43042.43
2023-10-12 04:03:14,036 - tune.py [line:103] - INFO: Epoch 01060 | Time(s) 0.0938 | Val Loss 1.2087 | Val Acc 0.5644 | ETputs(KTEPS) 42829.79
2023-10-12 04:03:16,468 - tune.py [line:103] - INFO: Epoch 01080 | Time(s) 0.0943 | Val Loss 1.2078 | Val Acc 0.5625 | ETputs(KTEPS) 42597.65
2023-10-12 04:03:18,793 - tune.py [line:103] - INFO: Epoch 01100 | Time(s) 0.0947 | Val Loss 1.2141 | Val Acc 0.5654 | ETputs(KTEPS) 42418.86
2023-10-12 04:03:21,035 - tune.py [line:103] - INFO: Epoch 01120 | Time(s) 0.0951 | Val Loss 1.2018 | Val Acc 0.5654 | ETputs(KTEPS) 42281.13
2023-10-12 04:03:23,208 - tune.py [line:103] - INFO: Epoch 01140 | Time(s) 0.0953 | Val Loss 1.2027 | Val Acc 0.5712 | ETputs(KTEPS) 42176.29
2023-10-12 04:03:25,564 - tune.py [line:103] - INFO: Epoch 01160 | Time(s) 0.0957 | Val Loss 1.2060 | Val Acc 0.5567 | ETputs(KTEPS) 42005.95
2023-10-12 04:03:27,798 - tune.py [line:103] - INFO: Epoch 01180 | Time(s) 0.0959 | Val Loss 1.2035 | Val Acc 0.5654 | ETputs(KTEPS) 41887.55
2023-10-12 04:03:30,148 - tune.py [line:103] - INFO: Epoch 01200 | Time(s) 0.0963 | Val Loss 1.2091 | Val Acc 0.5596 | ETputs(KTEPS) 41731.35
2023-10-12 04:03:32,445 - tune.py [line:103] - INFO: Epoch 01220 | Time(s) 0.0966 | Val Loss 1.2120 | Val Acc 0.5519 | ETputs(KTEPS) 41600.21
2023-10-12 04:03:34,862 - tune.py [line:103] - INFO: Epoch 01240 | Time(s) 0.0970 | Val Loss 1.2079 | Val Acc 0.5587 | ETputs(KTEPS) 41433.00
2023-10-12 04:03:37,517 - tune.py [line:103] - INFO: Epoch 01260 | Time(s) 0.0976 | Val Loss 1.1976 | Val Acc 0.5577 | ETputs(KTEPS) 41192.19
2023-10-12 04:03:39,090 - tune.py [line:103] - INFO: Epoch 01280 | Time(s) 0.0973 | Val Loss 1.2128 | Val Acc 0.5625 | ETputs(KTEPS) 41317.69
2023-10-12 04:03:40,127 - tune.py [line:103] - INFO: Epoch 01300 | Time(s) 0.0966 | Val Loss 1.2243 | Val Acc 0.5510 | ETputs(KTEPS) 41616.78
2023-10-12 04:03:41,166 - tune.py [line:103] - INFO: Epoch 01320 | Time(s) 0.0959 | Val Loss 1.2151 | Val Acc 0.5721 | ETputs(KTEPS) 41910.39
2023-10-12 04:03:42,241 - tune.py [line:103] - INFO: Epoch 01340 | Time(s) 0.0953 | Val Loss 1.2041 | Val Acc 0.5673 | ETputs(KTEPS) 42187.54
2023-10-12 04:03:43,287 - tune.py [line:103] - INFO: Epoch 01360 | Time(s) 0.0946 | Val Loss 1.2037 | Val Acc 0.5712 | ETputs(KTEPS) 42469.36
2023-10-12 04:03:44,314 - tune.py [line:103] - INFO: Epoch 01380 | Time(s) 0.0940 | Val Loss 1.1924 | Val Acc 0.5481 | ETputs(KTEPS) 42752.99
2023-10-12 04:03:45,377 - tune.py [line:103] - INFO: Epoch 01400 | Time(s) 0.0934 | Val Loss 1.1934 | Val Acc 0.5692 | ETputs(KTEPS) 43020.49
2023-10-12 04:03:46,407 - tune.py [line:103] - INFO: Epoch 01420 | Time(s) 0.0928 | Val Loss 1.1969 | Val Acc 0.5558 | ETputs(KTEPS) 43294.19
2023-10-12 04:03:46,848 - tune.py [line:117] - INFO: [FINAL MODEL] Val accuracy 57.98% \Val loss: 1.2
2023-10-12 04:03:46,861 - tune.py [line:119] - INFO: [FINAL MODEL] Test accuracy 56.77% \Test loss: 1.2
2023-10-12 04:03:46,862 - tune.py [line:144] - INFO: Acc on the first split (Validation Set): 0.5798
2023-10-12 04:03:46,862 - tune.py [line:145] - INFO: Acc on the first split (Test Set): 0.5677
