2023-10-12 04:03:47,108 - tune.py [line:203] - INFO: Namespace(seed=42, model='GPRGNNV2', gpu=1, dataset='geom-squirrel', logging=True, log_detail=True, log_detailedCh=False, id_log=1012014504, optuna_n_trials=202, n_epochs=2000, self_loop=True, udgraph=True, early_stop=True, patience=300, n_hidden=64, n_cv=1, start_cv=0, n_layers=16, lr1=0.04, lr2=0.03, wd1=1e-05, wd2=1e-07, dropout=0.4, dropout2=0.3, alpha=0.6, es_ckpt='TestTuningScript-geom-squirrel_GPRGNNV2-geom-squirrel_trialNo17')
2023-10-12 04:03:49,855 - tune.py [line:128] - INFO: Split_seeds:[1824]
2023-10-12 04:03:49,855 - tune.py [line:129] - INFO: Model_seeds:[409]
2023-10-12 04:03:51,218 - tune.py [line:103] - INFO: Epoch 00020 | Time(s) 0.0668 | Val Loss 1.5470 | Val Acc 0.3519 | ETputs(KTEPS) 60157.75
2023-10-12 04:03:52,610 - tune.py [line:103] - INFO: Epoch 00040 | Time(s) 0.0680 | Val Loss 1.7186 | Val Acc 0.3702 | ETputs(KTEPS) 59113.49
2023-10-12 04:03:53,964 - tune.py [line:103] - INFO: Epoch 00060 | Time(s) 0.0677 | Val Loss 1.7588 | Val Acc 0.3865 | ETputs(KTEPS) 59341.80
2023-10-12 04:03:55,404 - tune.py [line:103] - INFO: Epoch 00080 | Time(s) 0.0685 | Val Loss 1.8085 | Val Acc 0.4067 | ETputs(KTEPS) 58633.69
2023-10-12 04:03:56,770 - tune.py [line:103] - INFO: Epoch 00100 | Time(s) 0.0684 | Val Loss 1.8376 | Val Acc 0.4106 | ETputs(KTEPS) 58723.95
2023-10-12 04:03:58,210 - tune.py [line:103] - INFO: Epoch 00120 | Time(s) 0.0689 | Val Loss 1.8091 | Val Acc 0.4288 | ETputs(KTEPS) 58319.04
2023-10-12 04:03:59,833 - tune.py [line:103] - INFO: Epoch 00140 | Time(s) 0.0706 | Val Loss 1.7938 | Val Acc 0.4442 | ETputs(KTEPS) 56926.03
2023-10-12 04:04:01,220 - tune.py [line:103] - INFO: Epoch 00160 | Time(s) 0.0704 | Val Loss 1.7769 | Val Acc 0.4538 | ETputs(KTEPS) 57083.41
2023-10-12 04:04:02,692 - tune.py [line:103] - INFO: Epoch 00180 | Time(s) 0.0707 | Val Loss 1.7490 | Val Acc 0.4731 | ETputs(KTEPS) 56836.52
2023-10-12 04:04:04,232 - tune.py [line:103] - INFO: Epoch 00200 | Time(s) 0.0713 | Val Loss 1.7756 | Val Acc 0.4663 | ETputs(KTEPS) 56372.92
2023-10-12 04:04:05,652 - tune.py [line:103] - INFO: Epoch 00220 | Time(s) 0.0713 | Val Loss 1.7311 | Val Acc 0.4798 | ETputs(KTEPS) 56395.56
2023-10-12 04:04:07,066 - tune.py [line:103] - INFO: Epoch 00240 | Time(s) 0.0712 | Val Loss 1.7316 | Val Acc 0.4808 | ETputs(KTEPS) 56454.05
2023-10-12 04:04:08,701 - tune.py [line:103] - INFO: Epoch 00260 | Time(s) 0.0720 | Val Loss 1.6923 | Val Acc 0.4904 | ETputs(KTEPS) 55825.83
2023-10-12 04:04:10,161 - tune.py [line:103] - INFO: Epoch 00280 | Time(s) 0.0720 | Val Loss 1.6839 | Val Acc 0.4904 | ETputs(KTEPS) 55807.04
2023-10-12 04:04:11,827 - tune.py [line:103] - INFO: Epoch 00300 | Time(s) 0.0728 | Val Loss 1.6706 | Val Acc 0.4942 | ETputs(KTEPS) 55241.66
2023-10-12 04:04:13,400 - tune.py [line:103] - INFO: Epoch 00320 | Time(s) 0.0731 | Val Loss 1.6798 | Val Acc 0.5077 | ETputs(KTEPS) 54965.30
2023-10-12 04:04:14,987 - tune.py [line:103] - INFO: Epoch 00340 | Time(s) 0.0735 | Val Loss 1.6636 | Val Acc 0.5077 | ETputs(KTEPS) 54697.09
2023-10-12 04:04:16,578 - tune.py [line:103] - INFO: Epoch 00360 | Time(s) 0.0738 | Val Loss 1.6495 | Val Acc 0.5125 | ETputs(KTEPS) 54459.68
2023-10-12 04:04:18,314 - tune.py [line:103] - INFO: Epoch 00380 | Time(s) 0.0745 | Val Loss 1.6520 | Val Acc 0.5106 | ETputs(KTEPS) 53972.50
2023-10-12 04:04:19,936 - tune.py [line:103] - INFO: Epoch 00400 | Time(s) 0.0748 | Val Loss 1.6436 | Val Acc 0.5173 | ETputs(KTEPS) 53737.90
2023-10-12 04:04:21,579 - tune.py [line:103] - INFO: Epoch 00420 | Time(s) 0.0751 | Val Loss 1.6469 | Val Acc 0.5279 | ETputs(KTEPS) 53498.55
2023-10-12 04:04:23,291 - tune.py [line:103] - INFO: Epoch 00440 | Time(s) 0.0756 | Val Loss 1.6505 | Val Acc 0.5250 | ETputs(KTEPS) 53171.48
2023-10-12 04:04:25,076 - tune.py [line:103] - INFO: Epoch 00460 | Time(s) 0.0762 | Val Loss 1.6469 | Val Acc 0.5356 | ETputs(KTEPS) 52757.67
2023-10-12 04:04:26,957 - tune.py [line:103] - INFO: Epoch 00480 | Time(s) 0.0769 | Val Loss 1.6125 | Val Acc 0.5317 | ETputs(KTEPS) 52252.30
2023-10-12 04:04:28,730 - tune.py [line:103] - INFO: Epoch 00500 | Time(s) 0.0774 | Val Loss 1.6277 | Val Acc 0.5462 | ETputs(KTEPS) 51934.89
2023-10-12 04:04:30,506 - tune.py [line:103] - INFO: Epoch 00520 | Time(s) 0.0778 | Val Loss 1.6454 | Val Acc 0.5365 | ETputs(KTEPS) 51650.86
2023-10-12 04:04:32,199 - tune.py [line:103] - INFO: Epoch 00540 | Time(s) 0.0781 | Val Loss 1.6564 | Val Acc 0.5346 | ETputs(KTEPS) 51483.87
2023-10-12 04:04:33,930 - tune.py [line:103] - INFO: Epoch 00560 | Time(s) 0.0784 | Val Loss 1.6101 | Val Acc 0.5288 | ETputs(KTEPS) 51285.36
2023-10-12 04:04:35,686 - tune.py [line:103] - INFO: Epoch 00580 | Time(s) 0.0787 | Val Loss 1.6309 | Val Acc 0.5115 | ETputs(KTEPS) 51074.11
2023-10-12 04:04:37,444 - tune.py [line:103] - INFO: Epoch 00600 | Time(s) 0.0790 | Val Loss 1.6220 | Val Acc 0.5288 | ETputs(KTEPS) 50875.53
2023-10-12 04:04:39,346 - tune.py [line:103] - INFO: Epoch 00620 | Time(s) 0.0795 | Val Loss 1.5656 | Val Acc 0.5500 | ETputs(KTEPS) 50544.13
2023-10-12 04:04:41,315 - tune.py [line:103] - INFO: Epoch 00640 | Time(s) 0.0801 | Val Loss 1.5986 | Val Acc 0.5327 | ETputs(KTEPS) 50171.80
2023-10-12 04:04:43,151 - tune.py [line:103] - INFO: Epoch 00660 | Time(s) 0.0805 | Val Loss 1.6016 | Val Acc 0.5288 | ETputs(KTEPS) 49950.52
2023-10-12 04:04:45,029 - tune.py [line:103] - INFO: Epoch 00680 | Time(s) 0.0809 | Val Loss 1.5758 | Val Acc 0.5365 | ETputs(KTEPS) 49707.14
2023-10-12 04:04:47,062 - tune.py [line:103] - INFO: Epoch 00700 | Time(s) 0.0814 | Val Loss 1.5667 | Val Acc 0.5404 | ETputs(KTEPS) 49349.71
2023-10-12 04:04:48,919 - tune.py [line:103] - INFO: Epoch 00720 | Time(s) 0.0818 | Val Loss 1.5596 | Val Acc 0.5500 | ETputs(KTEPS) 49158.51
2023-10-12 04:04:50,868 - tune.py [line:103] - INFO: Epoch 00740 | Time(s) 0.0822 | Val Loss 1.5759 | Val Acc 0.5375 | ETputs(KTEPS) 48905.58
2023-10-12 04:04:52,879 - tune.py [line:103] - INFO: Epoch 00760 | Time(s) 0.0827 | Val Loss 1.6374 | Val Acc 0.5394 | ETputs(KTEPS) 48620.17
2023-10-12 04:04:54,769 - tune.py [line:103] - INFO: Epoch 00780 | Time(s) 0.0830 | Val Loss 1.6280 | Val Acc 0.5375 | ETputs(KTEPS) 48442.87
2023-10-12 04:04:56,736 - tune.py [line:103] - INFO: Epoch 00800 | Time(s) 0.0833 | Val Loss 1.5950 | Val Acc 0.5346 | ETputs(KTEPS) 48219.72
2023-10-12 04:04:58,745 - tune.py [line:103] - INFO: Epoch 00820 | Time(s) 0.0838 | Val Loss 1.6264 | Val Acc 0.5500 | ETputs(KTEPS) 47980.10
2023-10-12 04:05:00,953 - tune.py [line:103] - INFO: Epoch 00840 | Time(s) 0.0844 | Val Loss 1.6052 | Val Acc 0.5529 | ETputs(KTEPS) 47619.52
2023-10-12 04:05:03,109 - tune.py [line:103] - INFO: Epoch 00860 | Time(s) 0.0849 | Val Loss 1.6075 | Val Acc 0.5500 | ETputs(KTEPS) 47315.40
2023-10-12 04:05:05,010 - tune.py [line:103] - INFO: Epoch 00880 | Time(s) 0.0852 | Val Loss 1.6073 | Val Acc 0.5481 | ETputs(KTEPS) 47188.11
2023-10-12 04:05:06,296 - tune.py [line:103] - INFO: Epoch 00900 | Time(s) 0.0847 | Val Loss 1.6048 | Val Acc 0.5538 | ETputs(KTEPS) 47446.93
2023-10-12 04:05:07,593 - tune.py [line:103] - INFO: Epoch 00920 | Time(s) 0.0843 | Val Loss 1.5914 | Val Acc 0.5558 | ETputs(KTEPS) 47690.29
2023-10-12 04:05:08,883 - tune.py [line:103] - INFO: Epoch 00940 | Time(s) 0.0839 | Val Loss 1.5554 | Val Acc 0.5433 | ETputs(KTEPS) 47929.82
2023-10-12 04:05:10,238 - tune.py [line:103] - INFO: Epoch 00960 | Time(s) 0.0835 | Val Loss 1.5603 | Val Acc 0.5519 | ETputs(KTEPS) 48122.91
2023-10-12 04:05:11,631 - tune.py [line:103] - INFO: Epoch 00980 | Time(s) 0.0832 | Val Loss 1.5447 | Val Acc 0.5500 | ETputs(KTEPS) 48287.20
2023-10-12 04:05:12,713 - tune.py [line:117] - INFO: [FINAL MODEL] Val accuracy 56.06% \Val loss: 1.6
2023-10-12 04:05:12,731 - tune.py [line:119] - INFO: [FINAL MODEL] Test accuracy 54.85% \Test loss: 1.7
2023-10-12 04:05:12,732 - tune.py [line:144] - INFO: Acc on the first split (Validation Set): 0.5606
2023-10-12 04:05:12,732 - tune.py [line:145] - INFO: Acc on the first split (Test Set): 0.5485
