2023-10-11 13:33:21,502 - tune.py [line:203] - INFO: Namespace(seed=42, model='NormalNNV2', gpu=0, dataset='geom-squirrel', logging=True, log_detail=True, log_detailedCh=False, id_log=1011014506, optuna_n_trials=202, n_epochs=2000, self_loop=True, udgraph=True, early_stop=True, patience=300, n_hidden=64, n_cv=1, start_cv=0, n_layers=16, lr1=0.04, lr2=0.03, wd1=1e-06, wd2=0.0001, dropout=0.2, dropout2=0.2, es_ckpt='TestTuningScript-geom-squirrel_NormalNNV2-geom-squirrel_trialNo39')
2023-10-11 13:33:23,801 - tune.py [line:128] - INFO: Split_seeds:[1824]
2023-10-11 13:33:23,802 - tune.py [line:129] - INFO: Model_seeds:[409]
2023-10-11 13:33:25,147 - tune.py [line:103] - INFO: Epoch 00020 | Time(s) 0.0651 | Val Loss 1.5955 | Val Acc 0.4163 | ETputs(KTEPS) 61693.14
2023-10-11 13:33:26,154 - tune.py [line:103] - INFO: Epoch 00040 | Time(s) 0.0572 | Val Loss 1.5758 | Val Acc 0.4885 | ETputs(KTEPS) 70276.16
2023-10-11 13:33:27,158 - tune.py [line:103] - INFO: Epoch 00060 | Time(s) 0.0548 | Val Loss 1.5568 | Val Acc 0.5058 | ETputs(KTEPS) 73391.82
2023-10-11 13:33:28,176 - tune.py [line:103] - INFO: Epoch 00080 | Time(s) 0.0537 | Val Loss 1.5419 | Val Acc 0.4885 | ETputs(KTEPS) 74776.29
2023-10-11 13:33:29,173 - tune.py [line:103] - INFO: Epoch 00100 | Time(s) 0.0530 | Val Loss 1.5244 | Val Acc 0.4885 | ETputs(KTEPS) 75888.80
2023-10-11 13:33:30,078 - tune.py [line:103] - INFO: Epoch 00120 | Time(s) 0.0517 | Val Loss 1.5109 | Val Acc 0.5000 | ETputs(KTEPS) 77776.35
2023-10-11 13:33:30,964 - tune.py [line:103] - INFO: Epoch 00140 | Time(s) 0.0506 | Val Loss 1.4990 | Val Acc 0.5029 | ETputs(KTEPS) 79400.45
2023-10-11 13:33:31,850 - tune.py [line:103] - INFO: Epoch 00160 | Time(s) 0.0498 | Val Loss 1.4913 | Val Acc 0.5019 | ETputs(KTEPS) 80685.20
2023-10-11 13:33:32,715 - tune.py [line:103] - INFO: Epoch 00180 | Time(s) 0.0491 | Val Loss 1.4768 | Val Acc 0.4990 | ETputs(KTEPS) 81905.59
2023-10-11 13:33:33,593 - tune.py [line:103] - INFO: Epoch 00200 | Time(s) 0.0486 | Val Loss 1.4772 | Val Acc 0.5010 | ETputs(KTEPS) 82778.82
2023-10-11 13:33:34,478 - tune.py [line:103] - INFO: Epoch 00220 | Time(s) 0.0482 | Val Loss 1.4685 | Val Acc 0.5029 | ETputs(KTEPS) 83460.88
2023-10-11 13:33:35,384 - tune.py [line:103] - INFO: Epoch 00240 | Time(s) 0.0479 | Val Loss 1.4580 | Val Acc 0.4981 | ETputs(KTEPS) 83872.09
2023-10-11 13:33:36,263 - tune.py [line:103] - INFO: Epoch 00260 | Time(s) 0.0476 | Val Loss 1.4577 | Val Acc 0.4933 | ETputs(KTEPS) 84411.98
2023-10-11 13:33:37,131 - tune.py [line:103] - INFO: Epoch 00280 | Time(s) 0.0473 | Val Loss 1.4503 | Val Acc 0.5038 | ETputs(KTEPS) 84955.98
2023-10-11 13:33:37,997 - tune.py [line:103] - INFO: Epoch 00300 | Time(s) 0.0470 | Val Loss 1.4537 | Val Acc 0.5010 | ETputs(KTEPS) 85437.59
2023-10-11 13:33:38,870 - tune.py [line:103] - INFO: Epoch 00320 | Time(s) 0.0468 | Val Loss 1.4535 | Val Acc 0.5048 | ETputs(KTEPS) 85829.08
2023-10-11 13:33:39,746 - tune.py [line:103] - INFO: Epoch 00340 | Time(s) 0.0466 | Val Loss 1.4533 | Val Acc 0.4885 | ETputs(KTEPS) 86155.08
2023-10-11 13:33:40,620 - tune.py [line:103] - INFO: Epoch 00360 | Time(s) 0.0465 | Val Loss 1.4518 | Val Acc 0.4942 | ETputs(KTEPS) 86463.65
2023-10-11 13:33:41,489 - tune.py [line:103] - INFO: Epoch 00380 | Time(s) 0.0463 | Val Loss 1.4533 | Val Acc 0.4962 | ETputs(KTEPS) 86761.46
2023-10-11 13:33:42,371 - tune.py [line:103] - INFO: Epoch 00400 | Time(s) 0.0462 | Val Loss 1.4518 | Val Acc 0.5019 | ETputs(KTEPS) 86971.86
2023-10-11 13:33:43,247 - tune.py [line:103] - INFO: Epoch 00420 | Time(s) 0.0461 | Val Loss 1.4485 | Val Acc 0.4981 | ETputs(KTEPS) 87190.48
2023-10-11 13:33:44,109 - tune.py [line:103] - INFO: Epoch 00440 | Time(s) 0.0460 | Val Loss 1.4589 | Val Acc 0.4740 | ETputs(KTEPS) 87451.34
2023-10-11 13:33:44,982 - tune.py [line:103] - INFO: Epoch 00460 | Time(s) 0.0459 | Val Loss 1.4532 | Val Acc 0.4788 | ETputs(KTEPS) 87644.57
2023-10-11 13:33:45,496 - tune.py [line:117] - INFO: [FINAL MODEL] Val accuracy 52.31% \Val loss: 1.5
2023-10-11 13:33:45,506 - tune.py [line:119] - INFO: [FINAL MODEL] Test accuracy 53.99% \Test loss: 1.5
2023-10-11 13:33:45,507 - tune.py [line:144] - INFO: Acc on the first split (Validation Set): 0.5231
2023-10-11 13:33:45,507 - tune.py [line:145] - INFO: Acc on the first split (Test Set): 0.5399
