2023-10-11 13:42:40,997 - tune.py [line:203] - INFO: Namespace(seed=42, model='NormalNNV2', gpu=0, dataset='geom-squirrel', logging=True, log_detail=True, log_detailedCh=False, id_log=1011014506, optuna_n_trials=202, n_epochs=2000, self_loop=True, udgraph=True, early_stop=True, patience=300, n_hidden=64, n_cv=1, start_cv=0, n_layers=8, lr1=0.03, lr2=0.02, wd1=1e-07, wd2=0.001, dropout=0.1, dropout2=0.5, es_ckpt='TestTuningScript-geom-squirrel_NormalNNV2-geom-squirrel_trialNo90')
2023-10-11 13:42:43,424 - tune.py [line:128] - INFO: Split_seeds:[1824]
2023-10-11 13:42:43,425 - tune.py [line:129] - INFO: Model_seeds:[409]
2023-10-11 13:42:44,026 - tune.py [line:103] - INFO: Epoch 00020 | Time(s) 0.0287 | Val Loss 1.6012 | Val Acc 0.4346 | ETputs(KTEPS) 139845.80
2023-10-11 13:42:44,653 - tune.py [line:103] - INFO: Epoch 00040 | Time(s) 0.0296 | Val Loss 1.5910 | Val Acc 0.5115 | ETputs(KTEPS) 135938.84
2023-10-11 13:42:45,265 - tune.py [line:103] - INFO: Epoch 00060 | Time(s) 0.0298 | Val Loss 1.5837 | Val Acc 0.5154 | ETputs(KTEPS) 135004.59
2023-10-11 13:42:45,876 - tune.py [line:103] - INFO: Epoch 00080 | Time(s) 0.0299 | Val Loss 1.5790 | Val Acc 0.5385 | ETputs(KTEPS) 134244.54
2023-10-11 13:42:46,468 - tune.py [line:103] - INFO: Epoch 00100 | Time(s) 0.0298 | Val Loss 1.5773 | Val Acc 0.5404 | ETputs(KTEPS) 134697.53
2023-10-11 13:42:47,093 - tune.py [line:103] - INFO: Epoch 00120 | Time(s) 0.0301 | Val Loss 1.5767 | Val Acc 0.5644 | ETputs(KTEPS) 133648.26
2023-10-11 13:42:47,677 - tune.py [line:103] - INFO: Epoch 00140 | Time(s) 0.0299 | Val Loss 1.5781 | Val Acc 0.5596 | ETputs(KTEPS) 134266.01
2023-10-11 13:42:48,271 - tune.py [line:103] - INFO: Epoch 00160 | Time(s) 0.0299 | Val Loss 1.5787 | Val Acc 0.5385 | ETputs(KTEPS) 134477.11
2023-10-11 13:42:48,838 - tune.py [line:103] - INFO: Epoch 00180 | Time(s) 0.0297 | Val Loss 1.5794 | Val Acc 0.5346 | ETputs(KTEPS) 135250.04
2023-10-11 13:42:49,450 - tune.py [line:103] - INFO: Epoch 00200 | Time(s) 0.0298 | Val Loss 1.5802 | Val Acc 0.5365 | ETputs(KTEPS) 134855.11
2023-10-11 13:42:50,064 - tune.py [line:103] - INFO: Epoch 00220 | Time(s) 0.0299 | Val Loss 1.5812 | Val Acc 0.5231 | ETputs(KTEPS) 134486.80
2023-10-11 13:42:50,660 - tune.py [line:103] - INFO: Epoch 00240 | Time(s) 0.0299 | Val Loss 1.5813 | Val Acc 0.5192 | ETputs(KTEPS) 134537.18
2023-10-11 13:42:51,248 - tune.py [line:103] - INFO: Epoch 00260 | Time(s) 0.0298 | Val Loss 1.5821 | Val Acc 0.5298 | ETputs(KTEPS) 134695.14
2023-10-11 13:42:51,864 - tune.py [line:103] - INFO: Epoch 00280 | Time(s) 0.0299 | Val Loss 1.5818 | Val Acc 0.5452 | ETputs(KTEPS) 134392.51
2023-10-11 13:42:52,446 - tune.py [line:103] - INFO: Epoch 00300 | Time(s) 0.0298 | Val Loss 1.5822 | Val Acc 0.5346 | ETputs(KTEPS) 134645.92
2023-10-11 13:42:53,019 - tune.py [line:103] - INFO: Epoch 00320 | Time(s) 0.0298 | Val Loss 1.5832 | Val Acc 0.5260 | ETputs(KTEPS) 134987.45
2023-10-11 13:42:53,604 - tune.py [line:103] - INFO: Epoch 00340 | Time(s) 0.0297 | Val Loss 1.5832 | Val Acc 0.5327 | ETputs(KTEPS) 135126.56
2023-10-11 13:42:54,199 - tune.py [line:103] - INFO: Epoch 00360 | Time(s) 0.0297 | Val Loss 1.5849 | Val Acc 0.5029 | ETputs(KTEPS) 135139.08
2023-10-11 13:42:54,823 - tune.py [line:103] - INFO: Epoch 00380 | Time(s) 0.0298 | Val Loss 1.5842 | Val Acc 0.5240 | ETputs(KTEPS) 134786.62
2023-10-11 13:42:55,417 - tune.py [line:103] - INFO: Epoch 00400 | Time(s) 0.0298 | Val Loss 1.5841 | Val Acc 0.5337 | ETputs(KTEPS) 134822.62
2023-10-11 13:42:55,996 - tune.py [line:103] - INFO: Epoch 00420 | Time(s) 0.0298 | Val Loss 1.5853 | Val Acc 0.5202 | ETputs(KTEPS) 135008.74
2023-10-11 13:42:56,572 - tune.py [line:103] - INFO: Epoch 00440 | Time(s) 0.0297 | Val Loss 1.5848 | Val Acc 0.5298 | ETputs(KTEPS) 135214.14
2023-10-11 13:42:56,780 - tune.py [line:117] - INFO: [FINAL MODEL] Val accuracy 56.73% \Val loss: 1.6
2023-10-11 13:42:56,786 - tune.py [line:119] - INFO: [FINAL MODEL] Test accuracy 56.77% \Test loss: 1.6
2023-10-11 13:42:56,786 - tune.py [line:144] - INFO: Acc on the first split (Validation Set): 0.5673
2023-10-11 13:42:56,786 - tune.py [line:145] - INFO: Acc on the first split (Test Set): 0.5677
