2023-10-11 13:46:16,600 - tune.py [line:203] - INFO: Namespace(seed=42, model='NormalNNV2', gpu=0, dataset='geom-squirrel', logging=True, log_detail=True, log_detailedCh=False, id_log=1011014506, optuna_n_trials=202, n_epochs=2000, self_loop=True, udgraph=True, early_stop=True, patience=300, n_hidden=64, n_cv=1, start_cv=0, n_layers=8, lr1=0.03, lr2=0.03, wd1=1e-07, wd2=0.001, dropout=0.2, dropout2=0.4, es_ckpt='TestTuningScript-geom-squirrel_NormalNNV2-geom-squirrel_trialNo126')
2023-10-11 13:46:19,059 - tune.py [line:128] - INFO: Split_seeds:[1824]
2023-10-11 13:46:19,059 - tune.py [line:129] - INFO: Model_seeds:[409]
2023-10-11 13:46:19,684 - tune.py [line:103] - INFO: Epoch 00020 | Time(s) 0.0298 | Val Loss 1.5991 | Val Acc 0.4490 | ETputs(KTEPS) 134828.87
2023-10-11 13:46:20,308 - tune.py [line:103] - INFO: Epoch 00040 | Time(s) 0.0299 | Val Loss 1.5876 | Val Acc 0.5106 | ETputs(KTEPS) 134270.18
2023-10-11 13:46:20,913 - tune.py [line:103] - INFO: Epoch 00060 | Time(s) 0.0299 | Val Loss 1.5801 | Val Acc 0.5250 | ETputs(KTEPS) 134629.44
2023-10-11 13:46:21,516 - tune.py [line:103] - INFO: Epoch 00080 | Time(s) 0.0299 | Val Loss 1.5776 | Val Acc 0.5442 | ETputs(KTEPS) 134502.20
2023-10-11 13:46:22,119 - tune.py [line:103] - INFO: Epoch 00100 | Time(s) 0.0299 | Val Loss 1.5780 | Val Acc 0.5423 | ETputs(KTEPS) 134375.95
2023-10-11 13:46:22,735 - tune.py [line:103] - INFO: Epoch 00120 | Time(s) 0.0300 | Val Loss 1.5779 | Val Acc 0.5423 | ETputs(KTEPS) 133778.13
2023-10-11 13:46:23,356 - tune.py [line:103] - INFO: Epoch 00140 | Time(s) 0.0302 | Val Loss 1.5801 | Val Acc 0.5192 | ETputs(KTEPS) 133143.51
2023-10-11 13:46:23,961 - tune.py [line:103] - INFO: Epoch 00160 | Time(s) 0.0302 | Val Loss 1.5803 | Val Acc 0.5202 | ETputs(KTEPS) 133118.54
2023-10-11 13:46:24,576 - tune.py [line:103] - INFO: Epoch 00180 | Time(s) 0.0302 | Val Loss 1.5801 | Val Acc 0.5288 | ETputs(KTEPS) 132870.69
2023-10-11 13:46:25,180 - tune.py [line:103] - INFO: Epoch 00200 | Time(s) 0.0302 | Val Loss 1.5815 | Val Acc 0.5442 | ETputs(KTEPS) 132896.53
2023-10-11 13:46:25,793 - tune.py [line:103] - INFO: Epoch 00220 | Time(s) 0.0303 | Val Loss 1.5812 | Val Acc 0.5356 | ETputs(KTEPS) 132731.19
2023-10-11 13:46:26,401 - tune.py [line:103] - INFO: Epoch 00240 | Time(s) 0.0303 | Val Loss 1.5826 | Val Acc 0.5404 | ETputs(KTEPS) 132706.02
2023-10-11 13:46:26,991 - tune.py [line:103] - INFO: Epoch 00260 | Time(s) 0.0302 | Val Loss 1.5830 | Val Acc 0.5317 | ETputs(KTEPS) 132978.59
2023-10-11 13:46:27,607 - tune.py [line:103] - INFO: Epoch 00280 | Time(s) 0.0303 | Val Loss 1.5830 | Val Acc 0.5442 | ETputs(KTEPS) 132823.52
2023-10-11 13:46:28,212 - tune.py [line:103] - INFO: Epoch 00300 | Time(s) 0.0303 | Val Loss 1.5838 | Val Acc 0.5269 | ETputs(KTEPS) 132839.12
2023-10-11 13:46:28,824 - tune.py [line:103] - INFO: Epoch 00320 | Time(s) 0.0303 | Val Loss 1.5851 | Val Acc 0.5038 | ETputs(KTEPS) 132751.55
2023-10-11 13:46:29,429 - tune.py [line:103] - INFO: Epoch 00340 | Time(s) 0.0303 | Val Loss 1.5847 | Val Acc 0.5288 | ETputs(KTEPS) 132760.40
2023-10-11 13:46:30,033 - tune.py [line:103] - INFO: Epoch 00360 | Time(s) 0.0303 | Val Loss 1.5844 | Val Acc 0.5308 | ETputs(KTEPS) 132789.79
2023-10-11 13:46:30,637 - tune.py [line:103] - INFO: Epoch 00380 | Time(s) 0.0303 | Val Loss 1.5845 | Val Acc 0.5135 | ETputs(KTEPS) 132807.59
2023-10-11 13:46:31,252 - tune.py [line:103] - INFO: Epoch 00400 | Time(s) 0.0303 | Val Loss 1.5847 | Val Acc 0.5260 | ETputs(KTEPS) 132701.03
2023-10-11 13:46:31,854 - tune.py [line:103] - INFO: Epoch 00420 | Time(s) 0.0303 | Val Loss 1.5845 | Val Acc 0.5375 | ETputs(KTEPS) 132748.87
2023-10-11 13:46:32,459 - tune.py [line:103] - INFO: Epoch 00440 | Time(s) 0.0303 | Val Loss 1.5848 | Val Acc 0.5327 | ETputs(KTEPS) 132756.14
2023-10-11 13:46:33,060 - tune.py [line:103] - INFO: Epoch 00460 | Time(s) 0.0303 | Val Loss 1.5863 | Val Acc 0.5106 | ETputs(KTEPS) 132802.38
2023-10-11 13:46:33,665 - tune.py [line:103] - INFO: Epoch 00480 | Time(s) 0.0303 | Val Loss 1.5851 | Val Acc 0.5327 | ETputs(KTEPS) 132812.62
2023-10-11 13:46:34,269 - tune.py [line:103] - INFO: Epoch 00500 | Time(s) 0.0303 | Val Loss 1.5850 | Val Acc 0.5365 | ETputs(KTEPS) 132826.05
2023-10-11 13:46:34,863 - tune.py [line:103] - INFO: Epoch 00520 | Time(s) 0.0302 | Val Loss 1.5861 | Val Acc 0.5096 | ETputs(KTEPS) 132923.17
2023-10-11 13:46:35,470 - tune.py [line:103] - INFO: Epoch 00540 | Time(s) 0.0302 | Val Loss 1.5853 | Val Acc 0.5260 | ETputs(KTEPS) 132908.43
2023-10-11 13:46:36,092 - tune.py [line:103] - INFO: Epoch 00560 | Time(s) 0.0303 | Val Loss 1.5848 | Val Acc 0.5423 | ETputs(KTEPS) 132777.13
2023-10-11 13:46:36,252 - tune.py [line:117] - INFO: [FINAL MODEL] Val accuracy 55.96% \Val loss: 1.6
2023-10-11 13:46:36,257 - tune.py [line:119] - INFO: [FINAL MODEL] Test accuracy 54.56% \Test loss: 1.6
2023-10-11 13:46:36,258 - tune.py [line:144] - INFO: Acc on the first split (Validation Set): 0.5596
2023-10-11 13:46:36,258 - tune.py [line:145] - INFO: Acc on the first split (Test Set): 0.5456
