2023-10-11 13:34:53,934 - tune.py [line:203] - INFO: Namespace(seed=42, model='NormalNNV2', gpu=0, dataset='geom-squirrel', logging=True, log_detail=True, log_detailedCh=False, id_log=1011014506, optuna_n_trials=202, n_epochs=2000, self_loop=True, udgraph=True, early_stop=True, patience=300, n_hidden=64, n_cv=1, start_cv=0, n_layers=12, lr1=0.04, lr2=0.03, wd1=1e-06, wd2=1e-08, dropout=0.0, dropout2=0.6, es_ckpt='TestTuningScript-geom-squirrel_NormalNNV2-geom-squirrel_trialNo44')
2023-10-11 13:34:56,481 - tune.py [line:128] - INFO: Split_seeds:[1824]
2023-10-11 13:34:56,481 - tune.py [line:129] - INFO: Model_seeds:[409]
2023-10-11 13:34:57,299 - tune.py [line:103] - INFO: Epoch 00020 | Time(s) 0.0392 | Val Loss 1.5969 | Val Acc 0.4154 | ETputs(KTEPS) 102472.46
2023-10-11 13:34:58,054 - tune.py [line:103] - INFO: Epoch 00040 | Time(s) 0.0381 | Val Loss 1.5795 | Val Acc 0.4837 | ETputs(KTEPS) 105395.65
2023-10-11 13:34:58,770 - tune.py [line:103] - INFO: Epoch 00060 | Time(s) 0.0374 | Val Loss 1.5653 | Val Acc 0.4654 | ETputs(KTEPS) 107571.90
2023-10-11 13:34:59,568 - tune.py [line:103] - INFO: Epoch 00080 | Time(s) 0.0380 | Val Loss 1.5583 | Val Acc 0.4394 | ETputs(KTEPS) 105787.57
2023-10-11 13:35:00,342 - tune.py [line:103] - INFO: Epoch 00100 | Time(s) 0.0381 | Val Loss 1.5286 | Val Acc 0.4962 | ETputs(KTEPS) 105421.72
2023-10-11 13:35:01,067 - tune.py [line:103] - INFO: Epoch 00120 | Time(s) 0.0378 | Val Loss 1.5105 | Val Acc 0.5019 | ETputs(KTEPS) 106341.58
2023-10-11 13:35:01,799 - tune.py [line:103] - INFO: Epoch 00140 | Time(s) 0.0376 | Val Loss 1.4931 | Val Acc 0.5058 | ETputs(KTEPS) 106836.93
2023-10-11 13:35:02,537 - tune.py [line:103] - INFO: Epoch 00160 | Time(s) 0.0375 | Val Loss 1.4937 | Val Acc 0.4808 | ETputs(KTEPS) 107092.32
2023-10-11 13:35:03,313 - tune.py [line:103] - INFO: Epoch 00180 | Time(s) 0.0377 | Val Loss 1.4676 | Val Acc 0.4933 | ETputs(KTEPS) 106694.27
2023-10-11 13:35:04,053 - tune.py [line:103] - INFO: Epoch 00200 | Time(s) 0.0376 | Val Loss 1.4547 | Val Acc 0.4971 | ETputs(KTEPS) 106891.59
2023-10-11 13:35:04,790 - tune.py [line:103] - INFO: Epoch 00220 | Time(s) 0.0375 | Val Loss 1.4391 | Val Acc 0.5019 | ETputs(KTEPS) 107098.83
2023-10-11 13:35:05,519 - tune.py [line:103] - INFO: Epoch 00240 | Time(s) 0.0374 | Val Loss 1.4508 | Val Acc 0.4856 | ETputs(KTEPS) 107360.23
2023-10-11 13:35:06,257 - tune.py [line:103] - INFO: Epoch 00260 | Time(s) 0.0374 | Val Loss 1.4294 | Val Acc 0.4875 | ETputs(KTEPS) 107475.11
2023-10-11 13:35:06,993 - tune.py [line:103] - INFO: Epoch 00280 | Time(s) 0.0373 | Val Loss 1.4193 | Val Acc 0.4981 | ETputs(KTEPS) 107606.21
2023-10-11 13:35:07,711 - tune.py [line:103] - INFO: Epoch 00300 | Time(s) 0.0373 | Val Loss 1.4231 | Val Acc 0.4721 | ETputs(KTEPS) 107885.30
2023-10-11 13:35:08,441 - tune.py [line:103] - INFO: Epoch 00320 | Time(s) 0.0372 | Val Loss 1.4085 | Val Acc 0.4904 | ETputs(KTEPS) 108029.45
2023-10-11 13:35:09,157 - tune.py [line:103] - INFO: Epoch 00340 | Time(s) 0.0371 | Val Loss 1.4122 | Val Acc 0.4760 | ETputs(KTEPS) 108275.60
2023-10-11 13:35:09,871 - tune.py [line:103] - INFO: Epoch 00360 | Time(s) 0.0370 | Val Loss 1.4050 | Val Acc 0.4894 | ETputs(KTEPS) 108502.88
2023-10-11 13:35:10,641 - tune.py [line:103] - INFO: Epoch 00380 | Time(s) 0.0371 | Val Loss 1.4218 | Val Acc 0.4750 | ETputs(KTEPS) 108284.27
2023-10-11 13:35:11,371 - tune.py [line:103] - INFO: Epoch 00400 | Time(s) 0.0371 | Val Loss 1.3979 | Val Acc 0.4760 | ETputs(KTEPS) 108377.44
2023-10-11 13:35:11,802 - tune.py [line:117] - INFO: [FINAL MODEL] Val accuracy 51.92% \Val loss: 1.5
2023-10-11 13:35:11,809 - tune.py [line:119] - INFO: [FINAL MODEL] Test accuracy 50.05% \Test loss: 1.5
2023-10-11 13:35:11,809 - tune.py [line:144] - INFO: Acc on the first split (Validation Set): 0.5192
2023-10-11 13:35:11,809 - tune.py [line:145] - INFO: Acc on the first split (Test Set): 0.5005
