2023-10-11 13:34:13,444 - tune.py [line:203] - INFO: Namespace(seed=42, model='NormalNNV2', gpu=0, dataset='geom-squirrel', logging=True, log_detail=True, log_detailedCh=False, id_log=1011014506, optuna_n_trials=202, n_epochs=2000, self_loop=True, udgraph=True, early_stop=True, patience=300, n_hidden=64, n_cv=1, start_cv=0, n_layers=16, lr1=0.03, lr2=0.03, wd1=1e-06, wd2=1e-07, dropout=0.1, dropout2=0.2, es_ckpt='TestTuningScript-geom-squirrel_NormalNNV2-geom-squirrel_trialNo42')
2023-10-11 13:34:15,935 - tune.py [line:128] - INFO: Split_seeds:[1824]
2023-10-11 13:34:15,936 - tune.py [line:129] - INFO: Model_seeds:[409]
2023-10-11 13:34:16,926 - tune.py [line:103] - INFO: Epoch 00020 | Time(s) 0.0483 | Val Loss 1.5961 | Val Acc 0.4279 | ETputs(KTEPS) 83236.85
2023-10-11 13:34:17,894 - tune.py [line:103] - INFO: Epoch 00040 | Time(s) 0.0479 | Val Loss 1.5753 | Val Acc 0.5000 | ETputs(KTEPS) 83928.28
2023-10-11 13:34:18,856 - tune.py [line:103] - INFO: Epoch 00060 | Time(s) 0.0479 | Val Loss 1.5530 | Val Acc 0.5096 | ETputs(KTEPS) 83861.51
2023-10-11 13:34:19,970 - tune.py [line:103] - INFO: Epoch 00080 | Time(s) 0.0498 | Val Loss 1.5360 | Val Acc 0.5029 | ETputs(KTEPS) 80637.16
2023-10-11 13:34:20,929 - tune.py [line:103] - INFO: Epoch 00100 | Time(s) 0.0495 | Val Loss 1.5146 | Val Acc 0.5058 | ETputs(KTEPS) 81260.38
2023-10-11 13:34:21,875 - tune.py [line:103] - INFO: Epoch 00120 | Time(s) 0.0491 | Val Loss 1.4980 | Val Acc 0.5019 | ETputs(KTEPS) 81855.74
2023-10-11 13:34:22,828 - tune.py [line:103] - INFO: Epoch 00140 | Time(s) 0.0489 | Val Loss 1.4802 | Val Acc 0.5240 | ETputs(KTEPS) 82209.70
2023-10-11 13:34:23,807 - tune.py [line:103] - INFO: Epoch 00160 | Time(s) 0.0489 | Val Loss 1.4715 | Val Acc 0.5010 | ETputs(KTEPS) 82222.80
2023-10-11 13:34:24,750 - tune.py [line:103] - INFO: Epoch 00180 | Time(s) 0.0487 | Val Loss 1.4571 | Val Acc 0.5067 | ETputs(KTEPS) 82550.12
2023-10-11 13:34:25,666 - tune.py [line:103] - INFO: Epoch 00200 | Time(s) 0.0484 | Val Loss 1.4436 | Val Acc 0.5077 | ETputs(KTEPS) 83047.53
2023-10-11 13:34:26,649 - tune.py [line:103] - INFO: Epoch 00220 | Time(s) 0.0485 | Val Loss 1.4337 | Val Acc 0.4990 | ETputs(KTEPS) 82936.09
2023-10-11 13:34:27,594 - tune.py [line:103] - INFO: Epoch 00240 | Time(s) 0.0484 | Val Loss 1.4306 | Val Acc 0.4923 | ETputs(KTEPS) 83106.27
2023-10-11 13:34:28,506 - tune.py [line:103] - INFO: Epoch 00260 | Time(s) 0.0481 | Val Loss 1.4283 | Val Acc 0.4875 | ETputs(KTEPS) 83480.38
2023-10-11 13:34:29,405 - tune.py [line:103] - INFO: Epoch 00280 | Time(s) 0.0479 | Val Loss 1.4090 | Val Acc 0.5077 | ETputs(KTEPS) 83876.90
2023-10-11 13:34:30,305 - tune.py [line:103] - INFO: Epoch 00300 | Time(s) 0.0477 | Val Loss 1.4101 | Val Acc 0.4846 | ETputs(KTEPS) 84221.08
2023-10-11 13:34:31,192 - tune.py [line:103] - INFO: Epoch 00320 | Time(s) 0.0475 | Val Loss 1.4046 | Val Acc 0.5058 | ETputs(KTEPS) 84595.77
2023-10-11 13:34:32,080 - tune.py [line:103] - INFO: Epoch 00340 | Time(s) 0.0473 | Val Loss 1.3995 | Val Acc 0.4779 | ETputs(KTEPS) 84927.05
2023-10-11 13:34:32,967 - tune.py [line:103] - INFO: Epoch 00360 | Time(s) 0.0472 | Val Loss 1.3937 | Val Acc 0.4856 | ETputs(KTEPS) 85224.43
2023-10-11 13:34:33,830 - tune.py [line:103] - INFO: Epoch 00380 | Time(s) 0.0469 | Val Loss 1.3839 | Val Acc 0.4971 | ETputs(KTEPS) 85611.81
2023-10-11 13:34:34,712 - tune.py [line:103] - INFO: Epoch 00400 | Time(s) 0.0468 | Val Loss 1.3882 | Val Acc 0.4942 | ETputs(KTEPS) 85873.21
2023-10-11 13:34:35,603 - tune.py [line:103] - INFO: Epoch 00420 | Time(s) 0.0467 | Val Loss 1.3931 | Val Acc 0.4856 | ETputs(KTEPS) 86072.49
2023-10-11 13:34:36,505 - tune.py [line:103] - INFO: Epoch 00440 | Time(s) 0.0466 | Val Loss 1.3798 | Val Acc 0.4817 | ETputs(KTEPS) 86209.99
2023-10-11 13:34:36,564 - tune.py [line:117] - INFO: [FINAL MODEL] Val accuracy 52.88% \Val loss: 1.5
2023-10-11 13:34:36,574 - tune.py [line:119] - INFO: [FINAL MODEL] Test accuracy 51.10% \Test loss: 1.5
2023-10-11 13:34:36,575 - tune.py [line:144] - INFO: Acc on the first split (Validation Set): 0.5288
2023-10-11 13:34:36,575 - tune.py [line:145] - INFO: Acc on the first split (Test Set): 0.5110
