2023-10-11 13:42:20,189 - tune.py [line:203] - INFO: Namespace(seed=42, model='NormalNNV2', gpu=0, dataset='geom-squirrel', logging=True, log_detail=True, log_detailedCh=False, id_log=1011014506, optuna_n_trials=202, n_epochs=2000, self_loop=True, udgraph=True, early_stop=True, patience=300, n_hidden=64, n_cv=1, start_cv=0, n_layers=8, lr1=0.04, lr2=0.03, wd1=1e-07, wd2=0.001, dropout=0.2, dropout2=0.4, es_ckpt='TestTuningScript-geom-squirrel_NormalNNV2-geom-squirrel_trialNo87')
2023-10-11 13:42:22,685 - tune.py [line:128] - INFO: Split_seeds:[1824]
2023-10-11 13:42:22,686 - tune.py [line:129] - INFO: Model_seeds:[409]
2023-10-11 13:42:23,395 - tune.py [line:103] - INFO: Epoch 00020 | Time(s) 0.0340 | Val Loss 1.5987 | Val Acc 0.4365 | ETputs(KTEPS) 118226.42
2023-10-11 13:42:24,071 - tune.py [line:103] - INFO: Epoch 00040 | Time(s) 0.0334 | Val Loss 1.5864 | Val Acc 0.5231 | ETputs(KTEPS) 120360.87
2023-10-11 13:42:24,784 - tune.py [line:103] - INFO: Epoch 00060 | Time(s) 0.0341 | Val Loss 1.5802 | Val Acc 0.5308 | ETputs(KTEPS) 117931.36
2023-10-11 13:42:25,420 - tune.py [line:103] - INFO: Epoch 00080 | Time(s) 0.0335 | Val Loss 1.5782 | Val Acc 0.5452 | ETputs(KTEPS) 120029.33
2023-10-11 13:42:26,064 - tune.py [line:103] - INFO: Epoch 00100 | Time(s) 0.0332 | Val Loss 1.5774 | Val Acc 0.5346 | ETputs(KTEPS) 121107.78
2023-10-11 13:42:26,683 - tune.py [line:103] - INFO: Epoch 00120 | Time(s) 0.0328 | Val Loss 1.5788 | Val Acc 0.5337 | ETputs(KTEPS) 122512.59
2023-10-11 13:42:27,299 - tune.py [line:103] - INFO: Epoch 00140 | Time(s) 0.0325 | Val Loss 1.5791 | Val Acc 0.5462 | ETputs(KTEPS) 123591.50
2023-10-11 13:42:27,935 - tune.py [line:103] - INFO: Epoch 00160 | Time(s) 0.0324 | Val Loss 1.5800 | Val Acc 0.5288 | ETputs(KTEPS) 123938.13
2023-10-11 13:42:28,565 - tune.py [line:103] - INFO: Epoch 00180 | Time(s) 0.0323 | Val Loss 1.5804 | Val Acc 0.5375 | ETputs(KTEPS) 124357.06
2023-10-11 13:42:29,172 - tune.py [line:103] - INFO: Epoch 00200 | Time(s) 0.0321 | Val Loss 1.5819 | Val Acc 0.5231 | ETputs(KTEPS) 125112.17
2023-10-11 13:42:29,790 - tune.py [line:103] - INFO: Epoch 00220 | Time(s) 0.0320 | Val Loss 1.5817 | Val Acc 0.5413 | ETputs(KTEPS) 125554.34
2023-10-11 13:42:30,399 - tune.py [line:103] - INFO: Epoch 00240 | Time(s) 0.0319 | Val Loss 1.5828 | Val Acc 0.5413 | ETputs(KTEPS) 126077.41
2023-10-11 13:42:31,032 - tune.py [line:103] - INFO: Epoch 00260 | Time(s) 0.0319 | Val Loss 1.5835 | Val Acc 0.5183 | ETputs(KTEPS) 126158.04
2023-10-11 13:42:31,636 - tune.py [line:103] - INFO: Epoch 00280 | Time(s) 0.0317 | Val Loss 1.5832 | Val Acc 0.5337 | ETputs(KTEPS) 126633.84
2023-10-11 13:42:32,239 - tune.py [line:103] - INFO: Epoch 00300 | Time(s) 0.0316 | Val Loss 1.5837 | Val Acc 0.5250 | ETputs(KTEPS) 127060.71
2023-10-11 13:42:32,854 - tune.py [line:103] - INFO: Epoch 00320 | Time(s) 0.0316 | Val Loss 1.5845 | Val Acc 0.5125 | ETputs(KTEPS) 127286.64
2023-10-11 13:42:33,466 - tune.py [line:103] - INFO: Epoch 00340 | Time(s) 0.0315 | Val Loss 1.5846 | Val Acc 0.5192 | ETputs(KTEPS) 127521.93
2023-10-11 13:42:34,081 - tune.py [line:103] - INFO: Epoch 00360 | Time(s) 0.0315 | Val Loss 1.5843 | Val Acc 0.5298 | ETputs(KTEPS) 127696.71
2023-10-11 13:42:34,708 - tune.py [line:103] - INFO: Epoch 00380 | Time(s) 0.0315 | Val Loss 1.5846 | Val Acc 0.5173 | ETputs(KTEPS) 127729.79
2023-10-11 13:42:34,995 - tune.py [line:117] - INFO: [FINAL MODEL] Val accuracy 55.29% \Val loss: 1.6
2023-10-11 13:42:35,001 - tune.py [line:119] - INFO: [FINAL MODEL] Test accuracy 57.35% \Test loss: 1.6
2023-10-11 13:42:35,001 - tune.py [line:144] - INFO: Acc on the first split (Validation Set): 0.5529
2023-10-11 13:42:35,001 - tune.py [line:145] - INFO: Acc on the first split (Test Set): 0.5735
