2023-10-11 13:47:51,788 - tune.py [line:203] - INFO: Namespace(seed=42, model='NormalNNV2', gpu=0, dataset='geom-squirrel', logging=True, log_detail=True, log_detailedCh=False, id_log=1011014506, optuna_n_trials=202, n_epochs=2000, self_loop=True, udgraph=True, early_stop=True, patience=300, n_hidden=64, n_cv=1, start_cv=0, n_layers=8, lr1=0.05, lr2=0.03, wd1=1e-07, wd2=0.001, dropout=0.1, dropout2=0.5, es_ckpt='TestTuningScript-geom-squirrel_NormalNNV2-geom-squirrel_trialNo152')
2023-10-11 13:47:54,212 - tune.py [line:128] - INFO: Split_seeds:[1824]
2023-10-11 13:47:54,212 - tune.py [line:129] - INFO: Model_seeds:[409]
2023-10-11 13:47:54,819 - tune.py [line:103] - INFO: Epoch 00020 | Time(s) 0.0290 | Val Loss 1.5995 | Val Acc 0.4596 | ETputs(KTEPS) 138825.64
2023-10-11 13:47:55,422 - tune.py [line:103] - INFO: Epoch 00040 | Time(s) 0.0291 | Val Loss 1.5858 | Val Acc 0.5269 | ETputs(KTEPS) 137892.46
2023-10-11 13:47:56,026 - tune.py [line:103] - INFO: Epoch 00060 | Time(s) 0.0294 | Val Loss 1.5790 | Val Acc 0.5163 | ETputs(KTEPS) 136818.25
2023-10-11 13:47:56,660 - tune.py [line:103] - INFO: Epoch 00080 | Time(s) 0.0299 | Val Loss 1.5776 | Val Acc 0.5308 | ETputs(KTEPS) 134324.96
2023-10-11 13:47:57,272 - tune.py [line:103] - INFO: Epoch 00100 | Time(s) 0.0300 | Val Loss 1.5769 | Val Acc 0.5375 | ETputs(KTEPS) 133796.10
2023-10-11 13:47:57,878 - tune.py [line:103] - INFO: Epoch 00120 | Time(s) 0.0301 | Val Loss 1.5785 | Val Acc 0.5394 | ETputs(KTEPS) 133645.79
2023-10-11 13:47:58,491 - tune.py [line:103] - INFO: Epoch 00140 | Time(s) 0.0302 | Val Loss 1.5809 | Val Acc 0.5048 | ETputs(KTEPS) 133266.95
2023-10-11 13:47:59,094 - tune.py [line:103] - INFO: Epoch 00160 | Time(s) 0.0302 | Val Loss 1.5794 | Val Acc 0.5404 | ETputs(KTEPS) 133300.32
2023-10-11 13:47:59,723 - tune.py [line:103] - INFO: Epoch 00180 | Time(s) 0.0303 | Val Loss 1.5801 | Val Acc 0.5192 | ETputs(KTEPS) 132655.44
2023-10-11 13:48:00,329 - tune.py [line:103] - INFO: Epoch 00200 | Time(s) 0.0303 | Val Loss 1.5818 | Val Acc 0.5308 | ETputs(KTEPS) 132680.72
2023-10-11 13:48:00,948 - tune.py [line:103] - INFO: Epoch 00220 | Time(s) 0.0304 | Val Loss 1.5826 | Val Acc 0.5192 | ETputs(KTEPS) 132412.44
2023-10-11 13:48:01,859 - tune.py [line:103] - INFO: Epoch 00240 | Time(s) 0.0316 | Val Loss 1.5828 | Val Acc 0.5212 | ETputs(KTEPS) 127120.98
2023-10-11 13:48:02,788 - tune.py [line:103] - INFO: Epoch 00260 | Time(s) 0.0328 | Val Loss 1.5839 | Val Acc 0.4981 | ETputs(KTEPS) 122702.85
2023-10-11 13:48:03,719 - tune.py [line:103] - INFO: Epoch 00280 | Time(s) 0.0337 | Val Loss 1.5836 | Val Acc 0.5288 | ETputs(KTEPS) 119129.41
2023-10-11 13:48:04,651 - tune.py [line:103] - INFO: Epoch 00300 | Time(s) 0.0346 | Val Loss 1.5840 | Val Acc 0.5135 | ETputs(KTEPS) 116184.44
2023-10-11 13:48:05,405 - tune.py [line:103] - INFO: Epoch 00320 | Time(s) 0.0348 | Val Loss 1.5836 | Val Acc 0.5375 | ETputs(KTEPS) 115536.97
2023-10-11 13:48:06,009 - tune.py [line:103] - INFO: Epoch 00340 | Time(s) 0.0345 | Val Loss 1.5847 | Val Acc 0.5308 | ETputs(KTEPS) 116443.93
2023-10-11 13:48:06,612 - tune.py [line:103] - INFO: Epoch 00360 | Time(s) 0.0343 | Val Loss 1.5854 | Val Acc 0.5163 | ETputs(KTEPS) 117270.92
2023-10-11 13:48:07,237 - tune.py [line:103] - INFO: Epoch 00380 | Time(s) 0.0341 | Val Loss 1.5846 | Val Acc 0.5231 | ETputs(KTEPS) 117826.90
2023-10-11 13:48:07,455 - tune.py [line:117] - INFO: [FINAL MODEL] Val accuracy 55.58% \Val loss: 1.6
2023-10-11 13:48:07,462 - tune.py [line:119] - INFO: [FINAL MODEL] Test accuracy 55.72% \Test loss: 1.6
2023-10-11 13:48:07,462 - tune.py [line:144] - INFO: Acc on the first split (Validation Set): 0.5558
2023-10-11 13:48:07,462 - tune.py [line:145] - INFO: Acc on the first split (Test Set): 0.5572
