2023-10-11 13:39:16,249 - tune.py [line:203] - INFO: Namespace(seed=42, model='NormalNNV2', gpu=0, dataset='geom-squirrel', logging=True, log_detail=True, log_detailedCh=False, id_log=1011014506, optuna_n_trials=202, n_epochs=2000, self_loop=True, udgraph=True, early_stop=True, patience=300, n_hidden=64, n_cv=1, start_cv=0, n_layers=8, lr1=0.04, lr2=0.03, wd1=1e-07, wd2=0.0001, dropout=0.2, dropout2=0.4, es_ckpt='TestTuningScript-geom-squirrel_NormalNNV2-geom-squirrel_trialNo69')
2023-10-11 13:39:18,785 - tune.py [line:128] - INFO: Split_seeds:[1824]
2023-10-11 13:39:18,785 - tune.py [line:129] - INFO: Model_seeds:[409]
2023-10-11 13:39:19,451 - tune.py [line:103] - INFO: Epoch 00020 | Time(s) 0.0319 | Val Loss 1.5974 | Val Acc 0.3971 | ETputs(KTEPS) 125914.60
2023-10-11 13:39:20,085 - tune.py [line:103] - INFO: Epoch 00040 | Time(s) 0.0314 | Val Loss 1.5799 | Val Acc 0.5375 | ETputs(KTEPS) 128182.34
2023-10-11 13:39:20,709 - tune.py [line:103] - INFO: Epoch 00060 | Time(s) 0.0312 | Val Loss 1.5614 | Val Acc 0.5365 | ETputs(KTEPS) 128630.49
2023-10-11 13:39:21,313 - tune.py [line:103] - INFO: Epoch 00080 | Time(s) 0.0310 | Val Loss 1.5448 | Val Acc 0.5394 | ETputs(KTEPS) 129854.81
2023-10-11 13:39:21,916 - tune.py [line:103] - INFO: Epoch 00100 | Time(s) 0.0308 | Val Loss 1.5281 | Val Acc 0.5317 | ETputs(KTEPS) 130518.63
2023-10-11 13:39:22,561 - tune.py [line:103] - INFO: Epoch 00120 | Time(s) 0.0310 | Val Loss 1.5153 | Val Acc 0.5202 | ETputs(KTEPS) 129537.06
2023-10-11 13:39:23,436 - tune.py [line:103] - INFO: Epoch 00140 | Time(s) 0.0328 | Val Loss 1.5021 | Val Acc 0.5394 | ETputs(KTEPS) 122378.95
2023-10-11 13:39:24,349 - tune.py [line:103] - INFO: Epoch 00160 | Time(s) 0.0344 | Val Loss 1.4934 | Val Acc 0.5269 | ETputs(KTEPS) 116690.42
2023-10-11 13:39:25,255 - tune.py [line:103] - INFO: Epoch 00180 | Time(s) 0.0356 | Val Loss 1.4776 | Val Acc 0.5442 | ETputs(KTEPS) 112802.17
2023-10-11 13:39:26,168 - tune.py [line:103] - INFO: Epoch 00200 | Time(s) 0.0366 | Val Loss 1.4734 | Val Acc 0.5135 | ETputs(KTEPS) 109725.16
2023-10-11 13:39:26,776 - tune.py [line:103] - INFO: Epoch 00220 | Time(s) 0.0361 | Val Loss 1.4623 | Val Acc 0.5308 | ETputs(KTEPS) 111451.84
2023-10-11 13:39:27,380 - tune.py [line:103] - INFO: Epoch 00240 | Time(s) 0.0356 | Val Loss 1.4512 | Val Acc 0.5442 | ETputs(KTEPS) 113014.46
2023-10-11 13:39:27,983 - tune.py [line:103] - INFO: Epoch 00260 | Time(s) 0.0351 | Val Loss 1.4483 | Val Acc 0.5337 | ETputs(KTEPS) 114355.44
2023-10-11 13:39:28,587 - tune.py [line:103] - INFO: Epoch 00280 | Time(s) 0.0348 | Val Loss 1.4440 | Val Acc 0.5212 | ETputs(KTEPS) 115523.36
2023-10-11 13:39:29,191 - tune.py [line:103] - INFO: Epoch 00300 | Time(s) 0.0345 | Val Loss 1.4355 | Val Acc 0.5490 | ETputs(KTEPS) 116551.82
2023-10-11 13:39:29,804 - tune.py [line:103] - INFO: Epoch 00320 | Time(s) 0.0342 | Val Loss 1.4317 | Val Acc 0.5452 | ETputs(KTEPS) 117365.33
2023-10-11 13:39:30,408 - tune.py [line:103] - INFO: Epoch 00340 | Time(s) 0.0340 | Val Loss 1.4288 | Val Acc 0.5375 | ETputs(KTEPS) 118194.38
2023-10-11 13:39:31,011 - tune.py [line:103] - INFO: Epoch 00360 | Time(s) 0.0338 | Val Loss 1.4239 | Val Acc 0.5471 | ETputs(KTEPS) 118948.94
2023-10-11 13:39:31,615 - tune.py [line:103] - INFO: Epoch 00380 | Time(s) 0.0336 | Val Loss 1.4178 | Val Acc 0.5423 | ETputs(KTEPS) 119616.64
2023-10-11 13:39:32,259 - tune.py [line:103] - INFO: Epoch 00400 | Time(s) 0.0335 | Val Loss 1.4203 | Val Acc 0.5346 | ETputs(KTEPS) 119871.72
2023-10-11 13:39:32,863 - tune.py [line:103] - INFO: Epoch 00420 | Time(s) 0.0334 | Val Loss 1.4125 | Val Acc 0.5442 | ETputs(KTEPS) 120464.68
2023-10-11 13:39:33,466 - tune.py [line:103] - INFO: Epoch 00440 | Time(s) 0.0332 | Val Loss 1.4117 | Val Acc 0.5510 | ETputs(KTEPS) 120994.56
2023-10-11 13:39:34,071 - tune.py [line:103] - INFO: Epoch 00460 | Time(s) 0.0331 | Val Loss 1.4078 | Val Acc 0.5413 | ETputs(KTEPS) 121523.38
2023-10-11 13:39:34,673 - tune.py [line:103] - INFO: Epoch 00480 | Time(s) 0.0329 | Val Loss 1.4085 | Val Acc 0.5471 | ETputs(KTEPS) 121978.06
2023-10-11 13:39:35,277 - tune.py [line:103] - INFO: Epoch 00500 | Time(s) 0.0328 | Val Loss 1.4036 | Val Acc 0.5423 | ETputs(KTEPS) 122392.83
2023-10-11 13:39:35,881 - tune.py [line:103] - INFO: Epoch 00520 | Time(s) 0.0327 | Val Loss 1.4000 | Val Acc 0.5442 | ETputs(KTEPS) 122773.52
2023-10-11 13:39:36,485 - tune.py [line:103] - INFO: Epoch 00540 | Time(s) 0.0326 | Val Loss 1.4006 | Val Acc 0.5404 | ETputs(KTEPS) 123131.30
2023-10-11 13:39:37,090 - tune.py [line:103] - INFO: Epoch 00560 | Time(s) 0.0326 | Val Loss 1.3984 | Val Acc 0.5644 | ETputs(KTEPS) 123468.10
2023-10-11 13:39:37,713 - tune.py [line:103] - INFO: Epoch 00580 | Time(s) 0.0325 | Val Loss 1.3970 | Val Acc 0.5471 | ETputs(KTEPS) 123656.20
2023-10-11 13:39:38,317 - tune.py [line:103] - INFO: Epoch 00600 | Time(s) 0.0324 | Val Loss 1.3959 | Val Acc 0.5625 | ETputs(KTEPS) 123948.70
2023-10-11 13:39:38,921 - tune.py [line:103] - INFO: Epoch 00620 | Time(s) 0.0324 | Val Loss 1.3933 | Val Acc 0.5510 | ETputs(KTEPS) 124230.52
2023-10-11 13:39:39,524 - tune.py [line:103] - INFO: Epoch 00640 | Time(s) 0.0323 | Val Loss 1.3935 | Val Acc 0.5462 | ETputs(KTEPS) 124505.58
2023-10-11 13:39:40,129 - tune.py [line:103] - INFO: Epoch 00660 | Time(s) 0.0322 | Val Loss 1.3926 | Val Acc 0.5635 | ETputs(KTEPS) 124748.08
2023-10-11 13:39:40,752 - tune.py [line:103] - INFO: Epoch 00680 | Time(s) 0.0322 | Val Loss 1.3900 | Val Acc 0.5654 | ETputs(KTEPS) 124883.73
2023-10-11 13:39:41,357 - tune.py [line:103] - INFO: Epoch 00700 | Time(s) 0.0321 | Val Loss 1.3912 | Val Acc 0.5519 | ETputs(KTEPS) 125104.12
2023-10-11 13:39:41,960 - tune.py [line:103] - INFO: Epoch 00720 | Time(s) 0.0321 | Val Loss 1.3885 | Val Acc 0.5490 | ETputs(KTEPS) 125316.04
2023-10-11 13:39:42,565 - tune.py [line:103] - INFO: Epoch 00740 | Time(s) 0.0320 | Val Loss 1.3854 | Val Acc 0.5606 | ETputs(KTEPS) 125525.25
2023-10-11 13:39:43,177 - tune.py [line:103] - INFO: Epoch 00760 | Time(s) 0.0320 | Val Loss 1.3860 | Val Acc 0.5558 | ETputs(KTEPS) 125669.64
2023-10-11 13:39:43,781 - tune.py [line:103] - INFO: Epoch 00780 | Time(s) 0.0319 | Val Loss 1.3855 | Val Acc 0.5644 | ETputs(KTEPS) 125850.77
2023-10-11 13:39:44,385 - tune.py [line:103] - INFO: Epoch 00800 | Time(s) 0.0319 | Val Loss 1.3836 | Val Acc 0.5635 | ETputs(KTEPS) 126026.16
2023-10-11 13:39:44,989 - tune.py [line:103] - INFO: Epoch 00820 | Time(s) 0.0318 | Val Loss 1.3818 | Val Acc 0.5663 | ETputs(KTEPS) 126189.89
2023-10-11 13:39:45,594 - tune.py [line:103] - INFO: Epoch 00840 | Time(s) 0.0318 | Val Loss 1.3813 | Val Acc 0.5625 | ETputs(KTEPS) 126354.10
2023-10-11 13:39:46,206 - tune.py [line:103] - INFO: Epoch 00860 | Time(s) 0.0318 | Val Loss 1.3796 | Val Acc 0.5635 | ETputs(KTEPS) 126464.62
2023-10-11 13:39:46,831 - tune.py [line:103] - INFO: Epoch 00880 | Time(s) 0.0318 | Val Loss 1.3793 | Val Acc 0.5615 | ETputs(KTEPS) 126517.45
2023-10-11 13:39:47,433 - tune.py [line:103] - INFO: Epoch 00900 | Time(s) 0.0317 | Val Loss 1.3780 | Val Acc 0.5635 | ETputs(KTEPS) 126665.38
2023-10-11 13:39:48,039 - tune.py [line:103] - INFO: Epoch 00920 | Time(s) 0.0317 | Val Loss 1.3807 | Val Acc 0.5577 | ETputs(KTEPS) 126793.25
2023-10-11 13:39:48,642 - tune.py [line:103] - INFO: Epoch 00940 | Time(s) 0.0317 | Val Loss 1.3782 | Val Acc 0.5510 | ETputs(KTEPS) 126926.13
2023-10-11 13:39:49,246 - tune.py [line:103] - INFO: Epoch 00960 | Time(s) 0.0316 | Val Loss 1.3793 | Val Acc 0.5558 | ETputs(KTEPS) 127048.72
2023-10-11 13:39:49,851 - tune.py [line:103] - INFO: Epoch 00980 | Time(s) 0.0316 | Val Loss 1.3787 | Val Acc 0.5606 | ETputs(KTEPS) 127165.44
2023-10-11 13:39:50,454 - tune.py [line:103] - INFO: Epoch 01000 | Time(s) 0.0316 | Val Loss 1.3764 | Val Acc 0.5567 | ETputs(KTEPS) 127286.29
2023-10-11 13:39:51,057 - tune.py [line:103] - INFO: Epoch 01020 | Time(s) 0.0315 | Val Loss 1.3796 | Val Acc 0.5615 | ETputs(KTEPS) 127399.18
2023-10-11 13:39:51,661 - tune.py [line:103] - INFO: Epoch 01040 | Time(s) 0.0315 | Val Loss 1.3809 | Val Acc 0.5596 | ETputs(KTEPS) 127504.10
2023-10-11 13:39:52,265 - tune.py [line:103] - INFO: Epoch 01060 | Time(s) 0.0315 | Val Loss 1.3790 | Val Acc 0.5577 | ETputs(KTEPS) 127608.75
2023-10-11 13:39:52,868 - tune.py [line:103] - INFO: Epoch 01080 | Time(s) 0.0315 | Val Loss 1.3775 | Val Acc 0.5548 | ETputs(KTEPS) 127708.91
2023-10-11 13:39:53,473 - tune.py [line:103] - INFO: Epoch 01100 | Time(s) 0.0314 | Val Loss 1.3778 | Val Acc 0.5683 | ETputs(KTEPS) 127802.15
2023-10-11 13:39:54,075 - tune.py [line:103] - INFO: Epoch 01120 | Time(s) 0.0314 | Val Loss 1.3795 | Val Acc 0.5577 | ETputs(KTEPS) 127900.69
2023-10-11 13:39:54,384 - tune.py [line:117] - INFO: [FINAL MODEL] Val accuracy 57.31% \Val loss: 1.4
2023-10-11 13:39:54,389 - tune.py [line:119] - INFO: [FINAL MODEL] Test accuracy 57.93% \Test loss: 1.4
2023-10-11 13:39:54,390 - tune.py [line:144] - INFO: Acc on the first split (Validation Set): 0.5731
2023-10-11 13:39:54,390 - tune.py [line:145] - INFO: Acc on the first split (Test Set): 0.5793
