2023-10-11 13:41:48,480 - tune.py [line:203] - INFO: Namespace(seed=42, model='NormalNNV2', gpu=0, dataset='geom-squirrel', logging=True, log_detail=True, log_detailedCh=False, id_log=1011014506, optuna_n_trials=202, n_epochs=2000, self_loop=True, udgraph=True, early_stop=True, patience=300, n_hidden=64, n_cv=1, start_cv=0, n_layers=8, lr1=0.04, lr2=0.03, wd1=1e-07, wd2=0.001, dropout=0.1, dropout2=0.5, es_ckpt='TestTuningScript-geom-squirrel_NormalNNV2-geom-squirrel_trialNo84')
2023-10-11 13:41:50,925 - tune.py [line:128] - INFO: Split_seeds:[1824]
2023-10-11 13:41:50,925 - tune.py [line:129] - INFO: Model_seeds:[409]
2023-10-11 13:41:51,568 - tune.py [line:103] - INFO: Epoch 00020 | Time(s) 0.0309 | Val Loss 1.5992 | Val Acc 0.4240 | ETputs(KTEPS) 130193.41
2023-10-11 13:41:52,213 - tune.py [line:103] - INFO: Epoch 00040 | Time(s) 0.0312 | Val Loss 1.5863 | Val Acc 0.5048 | ETputs(KTEPS) 128951.75
2023-10-11 13:41:52,814 - tune.py [line:103] - INFO: Epoch 00060 | Time(s) 0.0307 | Val Loss 1.5791 | Val Acc 0.5375 | ETputs(KTEPS) 131006.46
2023-10-11 13:41:53,421 - tune.py [line:103] - INFO: Epoch 00080 | Time(s) 0.0305 | Val Loss 1.5770 | Val Acc 0.5269 | ETputs(KTEPS) 131691.47
2023-10-11 13:41:54,029 - tune.py [line:103] - INFO: Epoch 00100 | Time(s) 0.0305 | Val Loss 1.5760 | Val Acc 0.5490 | ETputs(KTEPS) 131827.08
2023-10-11 13:41:54,622 - tune.py [line:103] - INFO: Epoch 00120 | Time(s) 0.0303 | Val Loss 1.5769 | Val Acc 0.5490 | ETputs(KTEPS) 132492.93
2023-10-11 13:41:55,237 - tune.py [line:103] - INFO: Epoch 00140 | Time(s) 0.0304 | Val Loss 1.5792 | Val Acc 0.5337 | ETputs(KTEPS) 132234.84
2023-10-11 13:41:55,826 - tune.py [line:103] - INFO: Epoch 00160 | Time(s) 0.0303 | Val Loss 1.5799 | Val Acc 0.5365 | ETputs(KTEPS) 132764.83
2023-10-11 13:41:56,467 - tune.py [line:103] - INFO: Epoch 00180 | Time(s) 0.0305 | Val Loss 1.5808 | Val Acc 0.5260 | ETputs(KTEPS) 131910.42
2023-10-11 13:41:57,081 - tune.py [line:103] - INFO: Epoch 00200 | Time(s) 0.0305 | Val Loss 1.5817 | Val Acc 0.5221 | ETputs(KTEPS) 131827.43
2023-10-11 13:41:57,674 - tune.py [line:103] - INFO: Epoch 00220 | Time(s) 0.0304 | Val Loss 1.5836 | Val Acc 0.5048 | ETputs(KTEPS) 132156.20
2023-10-11 13:41:58,297 - tune.py [line:103] - INFO: Epoch 00240 | Time(s) 0.0305 | Val Loss 1.5825 | Val Acc 0.5394 | ETputs(KTEPS) 131898.47
2023-10-11 13:41:58,921 - tune.py [line:103] - INFO: Epoch 00260 | Time(s) 0.0305 | Val Loss 1.5837 | Val Acc 0.5125 | ETputs(KTEPS) 131667.42
2023-10-11 13:41:59,540 - tune.py [line:103] - INFO: Epoch 00280 | Time(s) 0.0306 | Val Loss 1.5825 | Val Acc 0.5221 | ETputs(KTEPS) 131541.15
2023-10-11 13:42:00,136 - tune.py [line:103] - INFO: Epoch 00300 | Time(s) 0.0305 | Val Loss 1.5835 | Val Acc 0.5279 | ETputs(KTEPS) 131761.67
2023-10-11 13:42:00,713 - tune.py [line:103] - INFO: Epoch 00320 | Time(s) 0.0304 | Val Loss 1.5839 | Val Acc 0.5337 | ETputs(KTEPS) 132218.16
2023-10-11 13:42:01,308 - tune.py [line:103] - INFO: Epoch 00340 | Time(s) 0.0304 | Val Loss 1.5844 | Val Acc 0.5298 | ETputs(KTEPS) 132381.61
2023-10-11 13:42:01,940 - tune.py [line:103] - INFO: Epoch 00360 | Time(s) 0.0304 | Val Loss 1.5845 | Val Acc 0.5135 | ETputs(KTEPS) 132085.59
2023-10-11 13:42:02,550 - tune.py [line:103] - INFO: Epoch 00380 | Time(s) 0.0304 | Val Loss 1.5851 | Val Acc 0.5135 | ETputs(KTEPS) 132071.08
2023-10-11 13:42:03,137 - tune.py [line:103] - INFO: Epoch 00400 | Time(s) 0.0304 | Val Loss 1.5835 | Val Acc 0.5337 | ETputs(KTEPS) 132316.89
2023-10-11 13:42:03,231 - tune.py [line:117] - INFO: [FINAL MODEL] Val accuracy 57.31% \Val loss: 1.6
2023-10-11 13:42:03,236 - tune.py [line:119] - INFO: [FINAL MODEL] Test accuracy 57.44% \Test loss: 1.6
2023-10-11 13:42:03,236 - tune.py [line:144] - INFO: Acc on the first split (Validation Set): 0.5731
2023-10-11 13:42:03,236 - tune.py [line:145] - INFO: Acc on the first split (Test Set): 0.5744
