2023-10-11 13:22:45,994 - tune.py [line:203] - INFO: Namespace(seed=42, model='NormalNNV2', gpu=0, dataset='geom-squirrel', logging=True, log_detail=True, log_detailedCh=False, id_log=1011014506, optuna_n_trials=202, n_epochs=2000, self_loop=True, udgraph=True, early_stop=True, patience=300, n_hidden=64, n_cv=1, start_cv=0, n_layers=12, lr1=0.0005, lr2=0.03, wd1=1e-06, wd2=0.001, dropout=0.7, dropout2=0.2, es_ckpt='TestTuningScript-geom-squirrel_NormalNNV2-geom-squirrel_trialNo0')
2023-10-11 13:22:50,673 - tune.py [line:128] - INFO: Split_seeds:[1824]
2023-10-11 13:22:50,673 - tune.py [line:129] - INFO: Model_seeds:[409]
2023-10-11 13:22:52,608 - tune.py [line:103] - INFO: Epoch 00020 | Time(s) 0.0946 | Val Loss 1.6045 | Val Acc 0.3019 | ETputs(KTEPS) 42496.78
2023-10-11 13:22:53,758 - tune.py [line:103] - INFO: Epoch 00040 | Time(s) 0.0756 | Val Loss 1.6017 | Val Acc 0.3394 | ETputs(KTEPS) 53152.84
2023-10-11 13:22:54,919 - tune.py [line:103] - INFO: Epoch 00060 | Time(s) 0.0694 | Val Loss 1.5992 | Val Acc 0.3808 | ETputs(KTEPS) 57936.18
2023-10-11 13:22:55,933 - tune.py [line:103] - INFO: Epoch 00080 | Time(s) 0.0646 | Val Loss 1.5974 | Val Acc 0.3962 | ETputs(KTEPS) 62257.88
2023-10-11 13:22:56,759 - tune.py [line:103] - INFO: Epoch 00100 | Time(s) 0.0598 | Val Loss 1.5973 | Val Acc 0.3990 | ETputs(KTEPS) 67156.82
2023-10-11 13:22:57,680 - tune.py [line:103] - INFO: Epoch 00120 | Time(s) 0.0574 | Val Loss 1.5953 | Val Acc 0.4183 | ETputs(KTEPS) 69996.65
2023-10-11 13:22:58,773 - tune.py [line:103] - INFO: Epoch 00140 | Time(s) 0.0570 | Val Loss 1.5935 | Val Acc 0.4433 | ETputs(KTEPS) 70570.48
2023-10-11 13:22:59,872 - tune.py [line:103] - INFO: Epoch 00160 | Time(s) 0.0566 | Val Loss 1.5930 | Val Acc 0.4548 | ETputs(KTEPS) 70951.02
2023-10-11 13:23:00,945 - tune.py [line:103] - INFO: Epoch 00180 | Time(s) 0.0563 | Val Loss 1.5918 | Val Acc 0.4615 | ETputs(KTEPS) 71370.77
2023-10-11 13:23:02,039 - tune.py [line:103] - INFO: Epoch 00200 | Time(s) 0.0561 | Val Loss 1.5920 | Val Acc 0.4654 | ETputs(KTEPS) 71579.22
2023-10-11 13:23:03,112 - tune.py [line:103] - INFO: Epoch 00220 | Time(s) 0.0559 | Val Loss 1.5910 | Val Acc 0.4567 | ETputs(KTEPS) 71872.37
2023-10-11 13:23:04,173 - tune.py [line:103] - INFO: Epoch 00240 | Time(s) 0.0557 | Val Loss 1.5909 | Val Acc 0.4673 | ETputs(KTEPS) 72208.43
2023-10-11 13:23:05,236 - tune.py [line:103] - INFO: Epoch 00260 | Time(s) 0.0554 | Val Loss 1.5905 | Val Acc 0.4683 | ETputs(KTEPS) 72482.64
2023-10-11 13:23:06,205 - tune.py [line:103] - INFO: Epoch 00280 | Time(s) 0.0549 | Val Loss 1.5896 | Val Acc 0.4712 | ETputs(KTEPS) 73152.21
2023-10-11 13:23:07,225 - tune.py [line:103] - INFO: Epoch 00300 | Time(s) 0.0547 | Val Loss 1.5893 | Val Acc 0.4731 | ETputs(KTEPS) 73523.16
2023-10-11 13:23:08,283 - tune.py [line:103] - INFO: Epoch 00320 | Time(s) 0.0546 | Val Loss 1.5893 | Val Acc 0.4760 | ETputs(KTEPS) 73674.96
2023-10-11 13:23:09,319 - tune.py [line:103] - INFO: Epoch 00340 | Time(s) 0.0544 | Val Loss 1.5892 | Val Acc 0.4663 | ETputs(KTEPS) 73904.42
2023-10-11 13:23:10,353 - tune.py [line:103] - INFO: Epoch 00360 | Time(s) 0.0542 | Val Loss 1.5890 | Val Acc 0.4750 | ETputs(KTEPS) 74109.56
2023-10-11 13:23:11,394 - tune.py [line:103] - INFO: Epoch 00380 | Time(s) 0.0541 | Val Loss 1.5888 | Val Acc 0.4817 | ETputs(KTEPS) 74278.11
2023-10-11 13:23:12,463 - tune.py [line:103] - INFO: Epoch 00400 | Time(s) 0.0541 | Val Loss 1.5885 | Val Acc 0.4750 | ETputs(KTEPS) 74325.70
2023-10-11 13:23:13,440 - tune.py [line:103] - INFO: Epoch 00420 | Time(s) 0.0538 | Val Loss 1.5888 | Val Acc 0.4654 | ETputs(KTEPS) 74671.34
2023-10-11 13:23:14,388 - tune.py [line:103] - INFO: Epoch 00440 | Time(s) 0.0535 | Val Loss 1.5882 | Val Acc 0.4788 | ETputs(KTEPS) 75099.73
2023-10-11 13:23:15,330 - tune.py [line:103] - INFO: Epoch 00460 | Time(s) 0.0532 | Val Loss 1.5881 | Val Acc 0.4788 | ETputs(KTEPS) 75502.16
2023-10-11 13:23:16,151 - tune.py [line:103] - INFO: Epoch 00480 | Time(s) 0.0527 | Val Loss 1.5879 | Val Acc 0.4856 | ETputs(KTEPS) 76231.62
2023-10-11 13:23:17,099 - tune.py [line:103] - INFO: Epoch 00500 | Time(s) 0.0525 | Val Loss 1.5879 | Val Acc 0.4846 | ETputs(KTEPS) 76549.81
2023-10-11 13:23:18,028 - tune.py [line:103] - INFO: Epoch 00520 | Time(s) 0.0523 | Val Loss 1.5879 | Val Acc 0.4837 | ETputs(KTEPS) 76905.45
2023-10-11 13:23:18,910 - tune.py [line:103] - INFO: Epoch 00540 | Time(s) 0.0520 | Val Loss 1.5880 | Val Acc 0.4913 | ETputs(KTEPS) 77351.81
2023-10-11 13:23:19,933 - tune.py [line:103] - INFO: Epoch 00560 | Time(s) 0.0519 | Val Loss 1.5883 | Val Acc 0.4788 | ETputs(KTEPS) 77397.17
2023-10-11 13:23:20,852 - tune.py [line:103] - INFO: Epoch 00580 | Time(s) 0.0517 | Val Loss 1.5875 | Val Acc 0.4933 | ETputs(KTEPS) 77706.73
2023-10-11 13:23:21,819 - tune.py [line:103] - INFO: Epoch 00600 | Time(s) 0.0516 | Val Loss 1.5871 | Val Acc 0.5010 | ETputs(KTEPS) 77885.68
2023-10-11 13:23:22,841 - tune.py [line:103] - INFO: Epoch 00620 | Time(s) 0.0516 | Val Loss 1.5875 | Val Acc 0.4923 | ETputs(KTEPS) 77909.28
2023-10-11 13:23:23,867 - tune.py [line:103] - INFO: Epoch 00640 | Time(s) 0.0516 | Val Loss 1.5873 | Val Acc 0.4990 | ETputs(KTEPS) 77924.26
2023-10-11 13:23:24,907 - tune.py [line:103] - INFO: Epoch 00660 | Time(s) 0.0516 | Val Loss 1.5876 | Val Acc 0.4846 | ETputs(KTEPS) 77907.62
2023-10-11 13:23:25,934 - tune.py [line:103] - INFO: Epoch 00680 | Time(s) 0.0516 | Val Loss 1.5876 | Val Acc 0.4779 | ETputs(KTEPS) 77919.46
2023-10-11 13:23:26,887 - tune.py [line:103] - INFO: Epoch 00700 | Time(s) 0.0515 | Val Loss 1.5869 | Val Acc 0.4971 | ETputs(KTEPS) 78090.20
2023-10-11 13:23:27,907 - tune.py [line:103] - INFO: Epoch 00720 | Time(s) 0.0514 | Val Loss 1.5874 | Val Acc 0.4923 | ETputs(KTEPS) 78116.08
2023-10-11 13:23:28,916 - tune.py [line:103] - INFO: Epoch 00740 | Time(s) 0.0514 | Val Loss 1.5870 | Val Acc 0.4942 | ETputs(KTEPS) 78157.94
2023-10-11 13:23:29,881 - tune.py [line:103] - INFO: Epoch 00760 | Time(s) 0.0513 | Val Loss 1.5870 | Val Acc 0.4933 | ETputs(KTEPS) 78286.81
2023-10-11 13:23:30,846 - tune.py [line:103] - INFO: Epoch 00780 | Time(s) 0.0513 | Val Loss 1.5874 | Val Acc 0.4846 | ETputs(KTEPS) 78408.82
2023-10-11 13:23:31,871 - tune.py [line:103] - INFO: Epoch 00800 | Time(s) 0.0513 | Val Loss 1.5875 | Val Acc 0.4971 | ETputs(KTEPS) 78410.01
2023-10-11 13:23:32,906 - tune.py [line:103] - INFO: Epoch 00820 | Time(s) 0.0513 | Val Loss 1.5875 | Val Acc 0.4952 | ETputs(KTEPS) 78392.87
2023-10-11 13:23:33,994 - tune.py [line:103] - INFO: Epoch 00840 | Time(s) 0.0513 | Val Loss 1.5870 | Val Acc 0.5048 | ETputs(KTEPS) 78280.68
2023-10-11 13:23:34,920 - tune.py [line:103] - INFO: Epoch 00860 | Time(s) 0.0512 | Val Loss 1.5870 | Val Acc 0.4942 | ETputs(KTEPS) 78460.99
2023-10-11 13:23:35,939 - tune.py [line:103] - INFO: Epoch 00880 | Time(s) 0.0512 | Val Loss 1.5869 | Val Acc 0.4942 | ETputs(KTEPS) 78471.39
2023-10-11 13:23:36,918 - tune.py [line:103] - INFO: Epoch 00900 | Time(s) 0.0512 | Val Loss 1.5867 | Val Acc 0.4962 | ETputs(KTEPS) 78549.14
2023-10-11 13:23:37,967 - tune.py [line:103] - INFO: Epoch 00920 | Time(s) 0.0512 | Val Loss 1.5871 | Val Acc 0.4817 | ETputs(KTEPS) 78508.07
2023-10-11 13:23:38,964 - tune.py [line:103] - INFO: Epoch 00940 | Time(s) 0.0512 | Val Loss 1.5873 | Val Acc 0.4798 | ETputs(KTEPS) 78553.09
2023-10-11 13:23:40,039 - tune.py [line:103] - INFO: Epoch 00960 | Time(s) 0.0512 | Val Loss 1.5864 | Val Acc 0.5000 | ETputs(KTEPS) 78471.04
2023-10-11 13:23:41,064 - tune.py [line:103] - INFO: Epoch 00980 | Time(s) 0.0512 | Val Loss 1.5864 | Val Acc 0.5038 | ETputs(KTEPS) 78470.27
2023-10-11 13:23:42,136 - tune.py [line:103] - INFO: Epoch 01000 | Time(s) 0.0513 | Val Loss 1.5870 | Val Acc 0.4885 | ETputs(KTEPS) 78399.38
2023-10-11 13:23:42,919 - tune.py [line:117] - INFO: [FINAL MODEL] Val accuracy 50.77% \Val loss: 1.6
2023-10-11 13:23:42,928 - tune.py [line:119] - INFO: [FINAL MODEL] Test accuracy 52.64% \Test loss: 1.6
2023-10-11 13:23:42,929 - tune.py [line:144] - INFO: Acc on the first split (Validation Set): 0.5077
2023-10-11 13:23:42,929 - tune.py [line:145] - INFO: Acc on the first split (Test Set): 0.5264
