2023-10-11 13:28:50,425 - tune.py [line:203] - INFO: Namespace(seed=42, model='NormalNNV2', gpu=0, dataset='geom-squirrel', logging=True, log_detail=True, log_detailedCh=False, id_log=1011014506, optuna_n_trials=202, n_epochs=2000, self_loop=True, udgraph=True, early_stop=True, patience=300, n_hidden=64, n_cv=1, start_cv=0, n_layers=16, lr1=0.03, lr2=0.02, wd1=1e-07, wd2=1e-07, dropout=0.1, dropout2=0.3, es_ckpt='TestTuningScript-geom-squirrel_NormalNNV2-geom-squirrel_trialNo16')
2023-10-11 13:28:52,940 - tune.py [line:128] - INFO: Split_seeds:[1824]
2023-10-11 13:28:52,940 - tune.py [line:129] - INFO: Model_seeds:[409]
2023-10-11 13:28:53,958 - tune.py [line:103] - INFO: Epoch 00020 | Time(s) 0.0491 | Val Loss 1.5991 | Val Acc 0.4202 | ETputs(KTEPS) 81803.08
2023-10-11 13:28:54,962 - tune.py [line:103] - INFO: Epoch 00040 | Time(s) 0.0494 | Val Loss 1.5867 | Val Acc 0.4769 | ETputs(KTEPS) 81338.66
2023-10-11 13:28:56,031 - tune.py [line:103] - INFO: Epoch 00060 | Time(s) 0.0505 | Val Loss 1.5706 | Val Acc 0.5125 | ETputs(KTEPS) 79574.56
2023-10-11 13:28:57,126 - tune.py [line:103] - INFO: Epoch 00080 | Time(s) 0.0516 | Val Loss 1.5603 | Val Acc 0.4779 | ETputs(KTEPS) 77936.15
2023-10-11 13:28:58,113 - tune.py [line:103] - INFO: Epoch 00100 | Time(s) 0.0511 | Val Loss 1.5458 | Val Acc 0.4894 | ETputs(KTEPS) 78619.65
2023-10-11 13:28:59,109 - tune.py [line:103] - INFO: Epoch 00120 | Time(s) 0.0509 | Val Loss 1.5337 | Val Acc 0.4981 | ETputs(KTEPS) 78972.00
2023-10-11 13:29:00,104 - tune.py [line:103] - INFO: Epoch 00140 | Time(s) 0.0507 | Val Loss 1.5226 | Val Acc 0.4856 | ETputs(KTEPS) 79228.67
2023-10-11 13:29:01,169 - tune.py [line:103] - INFO: Epoch 00160 | Time(s) 0.0510 | Val Loss 1.5205 | Val Acc 0.4798 | ETputs(KTEPS) 78741.51
2023-10-11 13:29:02,167 - tune.py [line:103] - INFO: Epoch 00180 | Time(s) 0.0509 | Val Loss 1.5087 | Val Acc 0.4894 | ETputs(KTEPS) 78944.98
2023-10-11 13:29:03,167 - tune.py [line:103] - INFO: Epoch 00200 | Time(s) 0.0508 | Val Loss 1.4955 | Val Acc 0.4779 | ETputs(KTEPS) 79090.59
2023-10-11 13:29:04,173 - tune.py [line:103] - INFO: Epoch 00220 | Time(s) 0.0508 | Val Loss 1.4894 | Val Acc 0.4817 | ETputs(KTEPS) 79166.66
2023-10-11 13:29:05,177 - tune.py [line:103] - INFO: Epoch 00240 | Time(s) 0.0507 | Val Loss 1.4816 | Val Acc 0.4808 | ETputs(KTEPS) 79243.49
2023-10-11 13:29:06,169 - tune.py [line:103] - INFO: Epoch 00260 | Time(s) 0.0506 | Val Loss 1.4735 | Val Acc 0.4731 | ETputs(KTEPS) 79376.55
2023-10-11 13:29:07,148 - tune.py [line:103] - INFO: Epoch 00280 | Time(s) 0.0505 | Val Loss 1.4699 | Val Acc 0.4702 | ETputs(KTEPS) 79567.41
2023-10-11 13:29:08,194 - tune.py [line:103] - INFO: Epoch 00300 | Time(s) 0.0506 | Val Loss 1.4625 | Val Acc 0.4837 | ETputs(KTEPS) 79382.16
2023-10-11 13:29:09,357 - tune.py [line:103] - INFO: Epoch 00320 | Time(s) 0.0511 | Val Loss 1.4649 | Val Acc 0.4587 | ETputs(KTEPS) 78658.82
2023-10-11 13:29:10,423 - tune.py [line:103] - INFO: Epoch 00340 | Time(s) 0.0512 | Val Loss 1.4553 | Val Acc 0.4788 | ETputs(KTEPS) 78461.78
2023-10-11 13:29:11,423 - tune.py [line:117] - INFO: [FINAL MODEL] Val accuracy 51.63% \Val loss: 1.6
2023-10-11 13:29:11,435 - tune.py [line:119] - INFO: [FINAL MODEL] Test accuracy 51.87% \Test loss: 1.6
2023-10-11 13:29:11,436 - tune.py [line:144] - INFO: Acc on the first split (Validation Set): 0.5163
2023-10-11 13:29:11,436 - tune.py [line:145] - INFO: Acc on the first split (Test Set): 0.5187
