2023-10-11 13:40:39,340 - tune.py [line:203] - INFO: Namespace(seed=42, model='NormalNNV2', gpu=0, dataset='geom-squirrel', logging=True, log_detail=True, log_detailedCh=False, id_log=1011014506, optuna_n_trials=202, n_epochs=2000, self_loop=True, udgraph=True, early_stop=True, patience=300, n_hidden=64, n_cv=1, start_cv=0, n_layers=8, lr1=0.04, lr2=0.04, wd1=1e-07, wd2=0.0001, dropout=0.1, dropout2=0.6, es_ckpt='TestTuningScript-geom-squirrel_NormalNNV2-geom-squirrel_trialNo77')
2023-10-11 13:40:41,928 - tune.py [line:128] - INFO: Split_seeds:[1824]
2023-10-11 13:40:41,928 - tune.py [line:129] - INFO: Model_seeds:[409]
2023-10-11 13:40:42,538 - tune.py [line:103] - INFO: Epoch 00020 | Time(s) 0.0293 | Val Loss 1.5957 | Val Acc 0.4154 | ETputs(KTEPS) 136944.37
2023-10-11 13:40:43,154 - tune.py [line:103] - INFO: Epoch 00040 | Time(s) 0.0295 | Val Loss 1.5741 | Val Acc 0.4904 | ETputs(KTEPS) 136332.01
2023-10-11 13:40:43,768 - tune.py [line:103] - INFO: Epoch 00060 | Time(s) 0.0297 | Val Loss 1.5493 | Val Acc 0.5250 | ETputs(KTEPS) 135209.84
2023-10-11 13:40:44,372 - tune.py [line:103] - INFO: Epoch 00080 | Time(s) 0.0298 | Val Loss 1.5262 | Val Acc 0.5404 | ETputs(KTEPS) 135011.52
2023-10-11 13:40:44,985 - tune.py [line:103] - INFO: Epoch 00100 | Time(s) 0.0299 | Val Loss 1.5071 | Val Acc 0.5375 | ETputs(KTEPS) 134309.80
2023-10-11 13:40:45,588 - tune.py [line:103] - INFO: Epoch 00120 | Time(s) 0.0300 | Val Loss 1.4903 | Val Acc 0.5346 | ETputs(KTEPS) 134152.97
2023-10-11 13:40:46,191 - tune.py [line:103] - INFO: Epoch 00140 | Time(s) 0.0300 | Val Loss 1.4819 | Val Acc 0.5010 | ETputs(KTEPS) 134033.30
2023-10-11 13:40:46,815 - tune.py [line:103] - INFO: Epoch 00160 | Time(s) 0.0301 | Val Loss 1.4664 | Val Acc 0.5260 | ETputs(KTEPS) 133386.08
2023-10-11 13:40:47,422 - tune.py [line:103] - INFO: Epoch 00180 | Time(s) 0.0302 | Val Loss 1.4569 | Val Acc 0.5202 | ETputs(KTEPS) 133276.17
2023-10-11 13:40:48,015 - tune.py [line:103] - INFO: Epoch 00200 | Time(s) 0.0301 | Val Loss 1.4487 | Val Acc 0.5173 | ETputs(KTEPS) 133509.21
2023-10-11 13:40:48,614 - tune.py [line:103] - INFO: Epoch 00220 | Time(s) 0.0301 | Val Loss 1.4444 | Val Acc 0.5192 | ETputs(KTEPS) 133573.08
2023-10-11 13:40:49,231 - tune.py [line:103] - INFO: Epoch 00240 | Time(s) 0.0302 | Val Loss 1.4363 | Val Acc 0.5269 | ETputs(KTEPS) 133299.00
2023-10-11 13:40:49,846 - tune.py [line:103] - INFO: Epoch 00260 | Time(s) 0.0302 | Val Loss 1.4265 | Val Acc 0.5288 | ETputs(KTEPS) 133111.53
2023-10-11 13:40:50,441 - tune.py [line:103] - INFO: Epoch 00280 | Time(s) 0.0302 | Val Loss 1.4265 | Val Acc 0.5183 | ETputs(KTEPS) 133258.57
2023-10-11 13:40:51,055 - tune.py [line:103] - INFO: Epoch 00300 | Time(s) 0.0302 | Val Loss 1.4167 | Val Acc 0.5356 | ETputs(KTEPS) 133102.58
2023-10-11 13:40:51,656 - tune.py [line:103] - INFO: Epoch 00320 | Time(s) 0.0302 | Val Loss 1.4154 | Val Acc 0.5202 | ETputs(KTEPS) 133147.41
2023-10-11 13:40:52,262 - tune.py [line:103] - INFO: Epoch 00340 | Time(s) 0.0302 | Val Loss 1.4096 | Val Acc 0.5385 | ETputs(KTEPS) 133117.33
2023-10-11 13:40:52,863 - tune.py [line:103] - INFO: Epoch 00360 | Time(s) 0.0302 | Val Loss 1.4058 | Val Acc 0.5385 | ETputs(KTEPS) 133185.70
2023-10-11 13:40:53,467 - tune.py [line:103] - INFO: Epoch 00380 | Time(s) 0.0302 | Val Loss 1.4037 | Val Acc 0.5385 | ETputs(KTEPS) 133185.87
2023-10-11 13:40:54,080 - tune.py [line:103] - INFO: Epoch 00400 | Time(s) 0.0302 | Val Loss 1.4012 | Val Acc 0.5404 | ETputs(KTEPS) 133076.26
2023-10-11 13:40:54,686 - tune.py [line:103] - INFO: Epoch 00420 | Time(s) 0.0302 | Val Loss 1.3944 | Val Acc 0.5519 | ETputs(KTEPS) 133102.62
2023-10-11 13:40:55,298 - tune.py [line:103] - INFO: Epoch 00440 | Time(s) 0.0302 | Val Loss 1.4009 | Val Acc 0.5433 | ETputs(KTEPS) 133044.92
2023-10-11 13:40:55,915 - tune.py [line:103] - INFO: Epoch 00460 | Time(s) 0.0302 | Val Loss 1.3925 | Val Acc 0.5481 | ETputs(KTEPS) 132923.69
2023-10-11 13:40:56,517 - tune.py [line:103] - INFO: Epoch 00480 | Time(s) 0.0302 | Val Loss 1.3909 | Val Acc 0.5471 | ETputs(KTEPS) 132951.86
2023-10-11 13:40:57,121 - tune.py [line:103] - INFO: Epoch 00500 | Time(s) 0.0302 | Val Loss 1.3870 | Val Acc 0.5567 | ETputs(KTEPS) 132962.77
2023-10-11 13:40:57,735 - tune.py [line:103] - INFO: Epoch 00520 | Time(s) 0.0302 | Val Loss 1.3874 | Val Acc 0.5519 | ETputs(KTEPS) 132947.80
2023-10-11 13:40:58,337 - tune.py [line:103] - INFO: Epoch 00540 | Time(s) 0.0302 | Val Loss 1.3843 | Val Acc 0.5490 | ETputs(KTEPS) 132972.54
2023-10-11 13:40:58,918 - tune.py [line:103] - INFO: Epoch 00560 | Time(s) 0.0302 | Val Loss 1.3836 | Val Acc 0.5452 | ETputs(KTEPS) 133158.51
2023-10-11 13:40:59,544 - tune.py [line:103] - INFO: Epoch 00580 | Time(s) 0.0302 | Val Loss 1.3812 | Val Acc 0.5548 | ETputs(KTEPS) 132992.99
2023-10-11 13:41:00,167 - tune.py [line:103] - INFO: Epoch 00600 | Time(s) 0.0302 | Val Loss 1.3802 | Val Acc 0.5596 | ETputs(KTEPS) 132869.14
2023-10-11 13:41:00,779 - tune.py [line:103] - INFO: Epoch 00620 | Time(s) 0.0303 | Val Loss 1.3794 | Val Acc 0.5567 | ETputs(KTEPS) 132838.99
2023-10-11 13:41:01,397 - tune.py [line:103] - INFO: Epoch 00640 | Time(s) 0.0303 | Val Loss 1.3766 | Val Acc 0.5567 | ETputs(KTEPS) 132752.06
2023-10-11 13:41:02,001 - tune.py [line:103] - INFO: Epoch 00660 | Time(s) 0.0303 | Val Loss 1.3770 | Val Acc 0.5519 | ETputs(KTEPS) 132786.41
2023-10-11 13:41:02,604 - tune.py [line:103] - INFO: Epoch 00680 | Time(s) 0.0303 | Val Loss 1.3842 | Val Acc 0.5567 | ETputs(KTEPS) 132804.49
2023-10-11 13:41:03,190 - tune.py [line:103] - INFO: Epoch 00700 | Time(s) 0.0302 | Val Loss 1.3816 | Val Acc 0.5481 | ETputs(KTEPS) 132930.47
2023-10-11 13:41:03,844 - tune.py [line:103] - INFO: Epoch 00720 | Time(s) 0.0303 | Val Loss 1.3747 | Val Acc 0.5596 | ETputs(KTEPS) 132628.87
2023-10-11 13:41:04,465 - tune.py [line:103] - INFO: Epoch 00740 | Time(s) 0.0303 | Val Loss 1.3735 | Val Acc 0.5519 | ETputs(KTEPS) 132547.10
2023-10-11 13:41:05,091 - tune.py [line:103] - INFO: Epoch 00760 | Time(s) 0.0303 | Val Loss 1.3766 | Val Acc 0.5558 | ETputs(KTEPS) 132437.96
2023-10-11 13:41:05,671 - tune.py [line:103] - INFO: Epoch 00780 | Time(s) 0.0303 | Val Loss 1.3750 | Val Acc 0.5567 | ETputs(KTEPS) 132589.53
2023-10-11 13:41:06,279 - tune.py [line:103] - INFO: Epoch 00800 | Time(s) 0.0303 | Val Loss 1.3726 | Val Acc 0.5510 | ETputs(KTEPS) 132582.69
2023-10-11 13:41:06,882 - tune.py [line:103] - INFO: Epoch 00820 | Time(s) 0.0303 | Val Loss 1.3744 | Val Acc 0.5644 | ETputs(KTEPS) 132603.20
2023-10-11 13:41:07,475 - tune.py [line:103] - INFO: Epoch 00840 | Time(s) 0.0303 | Val Loss 1.3742 | Val Acc 0.5577 | ETputs(KTEPS) 132672.97
2023-10-11 13:41:08,069 - tune.py [line:103] - INFO: Epoch 00860 | Time(s) 0.0303 | Val Loss 1.3736 | Val Acc 0.5490 | ETputs(KTEPS) 132733.91
2023-10-11 13:41:08,685 - tune.py [line:103] - INFO: Epoch 00880 | Time(s) 0.0303 | Val Loss 1.3734 | Val Acc 0.5500 | ETputs(KTEPS) 132686.93
2023-10-11 13:41:09,293 - tune.py [line:103] - INFO: Epoch 00900 | Time(s) 0.0303 | Val Loss 1.3722 | Val Acc 0.5625 | ETputs(KTEPS) 132689.32
2023-10-11 13:41:09,945 - tune.py [line:103] - INFO: Epoch 00920 | Time(s) 0.0303 | Val Loss 1.3720 | Val Acc 0.5654 | ETputs(KTEPS) 132470.29
2023-10-11 13:41:10,557 - tune.py [line:103] - INFO: Epoch 00940 | Time(s) 0.0303 | Val Loss 1.3766 | Val Acc 0.5510 | ETputs(KTEPS) 132452.11
2023-10-11 13:41:11,151 - tune.py [line:103] - INFO: Epoch 00960 | Time(s) 0.0303 | Val Loss 1.3757 | Val Acc 0.5712 | ETputs(KTEPS) 132508.98
2023-10-11 13:41:11,755 - tune.py [line:103] - INFO: Epoch 00980 | Time(s) 0.0303 | Val Loss 1.3773 | Val Acc 0.5567 | ETputs(KTEPS) 132523.51
2023-10-11 13:41:12,390 - tune.py [line:103] - INFO: Epoch 01000 | Time(s) 0.0304 | Val Loss 1.3754 | Val Acc 0.5587 | ETputs(KTEPS) 132404.32
2023-10-11 13:41:13,032 - tune.py [line:103] - INFO: Epoch 01020 | Time(s) 0.0304 | Val Loss 1.3794 | Val Acc 0.5615 | ETputs(KTEPS) 132253.68
2023-10-11 13:41:13,648 - tune.py [line:103] - INFO: Epoch 01040 | Time(s) 0.0304 | Val Loss 1.3825 | Val Acc 0.5596 | ETputs(KTEPS) 132222.84
2023-10-11 13:41:14,241 - tune.py [line:103] - INFO: Epoch 01060 | Time(s) 0.0304 | Val Loss 1.3813 | Val Acc 0.5635 | ETputs(KTEPS) 132287.79
2023-10-11 13:41:14,842 - tune.py [line:103] - INFO: Epoch 01080 | Time(s) 0.0304 | Val Loss 1.3817 | Val Acc 0.5558 | ETputs(KTEPS) 132315.57
2023-10-11 13:41:15,442 - tune.py [line:103] - INFO: Epoch 01100 | Time(s) 0.0304 | Val Loss 1.3823 | Val Acc 0.5452 | ETputs(KTEPS) 132346.42
2023-10-11 13:41:16,032 - tune.py [line:103] - INFO: Epoch 01120 | Time(s) 0.0304 | Val Loss 1.3812 | Val Acc 0.5567 | ETputs(KTEPS) 132416.29
2023-10-11 13:41:16,636 - tune.py [line:103] - INFO: Epoch 01140 | Time(s) 0.0303 | Val Loss 1.3854 | Val Acc 0.5433 | ETputs(KTEPS) 132429.66
2023-10-11 13:41:17,228 - tune.py [line:103] - INFO: Epoch 01160 | Time(s) 0.0303 | Val Loss 1.3867 | Val Acc 0.5385 | ETputs(KTEPS) 132488.21
2023-10-11 13:41:17,811 - tune.py [line:103] - INFO: Epoch 01180 | Time(s) 0.0303 | Val Loss 1.3832 | Val Acc 0.5625 | ETputs(KTEPS) 132576.19
2023-10-11 13:41:18,354 - tune.py [line:117] - INFO: [FINAL MODEL] Val accuracy 57.79% \Val loss: 1.4
2023-10-11 13:41:18,360 - tune.py [line:119] - INFO: [FINAL MODEL] Test accuracy 58.41% \Test loss: 1.4
2023-10-11 13:41:18,360 - tune.py [line:144] - INFO: Acc on the first split (Validation Set): 0.5779
2023-10-11 13:41:18,360 - tune.py [line:145] - INFO: Acc on the first split (Test Set): 0.5841
