2023-10-11 13:49:39,240 - tune.py [line:203] - INFO: Namespace(seed=42, model='NormalNNV2', gpu=0, dataset='geom-squirrel', logging=True, log_detail=True, log_detailedCh=False, id_log=1011014506, optuna_n_trials=202, n_epochs=2000, self_loop=True, udgraph=True, early_stop=True, patience=300, n_hidden=64, n_cv=1, start_cv=0, n_layers=8, lr1=0.03, lr2=0.05, wd1=1e-07, wd2=0.001, dropout=0.1, dropout2=0.5, es_ckpt='TestTuningScript-geom-squirrel_NormalNNV2-geom-squirrel_trialNo171')
2023-10-11 13:49:41,837 - tune.py [line:128] - INFO: Split_seeds:[1824]
2023-10-11 13:49:41,838 - tune.py [line:129] - INFO: Model_seeds:[409]
2023-10-11 13:49:42,450 - tune.py [line:103] - INFO: Epoch 00020 | Time(s) 0.0291 | Val Loss 1.5964 | Val Acc 0.4519 | ETputs(KTEPS) 138239.56
2023-10-11 13:49:43,057 - tune.py [line:103] - INFO: Epoch 00040 | Time(s) 0.0293 | Val Loss 1.5833 | Val Acc 0.5106 | ETputs(KTEPS) 137123.24
2023-10-11 13:49:43,657 - tune.py [line:103] - INFO: Epoch 00060 | Time(s) 0.0295 | Val Loss 1.5799 | Val Acc 0.5212 | ETputs(KTEPS) 136299.59
2023-10-11 13:49:44,281 - tune.py [line:103] - INFO: Epoch 00080 | Time(s) 0.0299 | Val Loss 1.5794 | Val Acc 0.5221 | ETputs(KTEPS) 134509.25
2023-10-11 13:49:44,905 - tune.py [line:103] - INFO: Epoch 00100 | Time(s) 0.0301 | Val Loss 1.5803 | Val Acc 0.5010 | ETputs(KTEPS) 133404.71
2023-10-11 13:49:45,510 - tune.py [line:103] - INFO: Epoch 00120 | Time(s) 0.0301 | Val Loss 1.5803 | Val Acc 0.5154 | ETputs(KTEPS) 133332.68
2023-10-11 13:49:46,112 - tune.py [line:103] - INFO: Epoch 00140 | Time(s) 0.0301 | Val Loss 1.5831 | Val Acc 0.5019 | ETputs(KTEPS) 133386.85
2023-10-11 13:49:46,737 - tune.py [line:103] - INFO: Epoch 00160 | Time(s) 0.0303 | Val Loss 1.5818 | Val Acc 0.5250 | ETputs(KTEPS) 132769.04
2023-10-11 13:49:47,362 - tune.py [line:103] - INFO: Epoch 00180 | Time(s) 0.0304 | Val Loss 1.5828 | Val Acc 0.5125 | ETputs(KTEPS) 132318.25
2023-10-11 13:49:47,964 - tune.py [line:103] - INFO: Epoch 00200 | Time(s) 0.0303 | Val Loss 1.5843 | Val Acc 0.5000 | ETputs(KTEPS) 132432.14
2023-10-11 13:49:48,580 - tune.py [line:103] - INFO: Epoch 00220 | Time(s) 0.0304 | Val Loss 1.5848 | Val Acc 0.5058 | ETputs(KTEPS) 132272.74
2023-10-11 13:49:49,191 - tune.py [line:103] - INFO: Epoch 00240 | Time(s) 0.0304 | Val Loss 1.5846 | Val Acc 0.5087 | ETputs(KTEPS) 132206.95
2023-10-11 13:49:49,796 - tune.py [line:103] - INFO: Epoch 00260 | Time(s) 0.0304 | Val Loss 1.5848 | Val Acc 0.5269 | ETputs(KTEPS) 132265.52
2023-10-11 13:49:50,442 - tune.py [line:103] - INFO: Epoch 00280 | Time(s) 0.0305 | Val Loss 1.5856 | Val Acc 0.5125 | ETputs(KTEPS) 131685.67
2023-10-11 13:49:51,045 - tune.py [line:103] - INFO: Epoch 00300 | Time(s) 0.0305 | Val Loss 1.5857 | Val Acc 0.4865 | ETputs(KTEPS) 131796.80
2023-10-11 13:49:51,649 - tune.py [line:103] - INFO: Epoch 00320 | Time(s) 0.0305 | Val Loss 1.5862 | Val Acc 0.5135 | ETputs(KTEPS) 131878.52
2023-10-11 13:49:52,264 - tune.py [line:103] - INFO: Epoch 00340 | Time(s) 0.0305 | Val Loss 1.5858 | Val Acc 0.5298 | ETputs(KTEPS) 131811.79
2023-10-11 13:49:52,869 - tune.py [line:103] - INFO: Epoch 00360 | Time(s) 0.0305 | Val Loss 1.5858 | Val Acc 0.5240 | ETputs(KTEPS) 131882.89
2023-10-11 13:49:53,491 - tune.py [line:103] - INFO: Epoch 00380 | Time(s) 0.0305 | Val Loss 1.5862 | Val Acc 0.5221 | ETputs(KTEPS) 131744.27
2023-10-11 13:49:53,650 - tune.py [line:117] - INFO: [FINAL MODEL] Val accuracy 55.00% \Val loss: 1.6
2023-10-11 13:49:53,655 - tune.py [line:119] - INFO: [FINAL MODEL] Test accuracy 52.93% \Test loss: 1.6
2023-10-11 13:49:53,656 - tune.py [line:144] - INFO: Acc on the first split (Validation Set): 0.5500
2023-10-11 13:49:53,656 - tune.py [line:145] - INFO: Acc on the first split (Test Set): 0.5293
