2023-10-11 13:37:52,754 - tune.py [line:203] - INFO: Namespace(seed=42, model='NormalNNV2', gpu=0, dataset='geom-squirrel', logging=True, log_detail=True, log_detailedCh=False, id_log=1011014506, optuna_n_trials=202, n_epochs=2000, self_loop=True, udgraph=True, early_stop=True, patience=300, n_hidden=64, n_cv=1, start_cv=0, n_layers=12, lr1=0.05, lr2=0.03, wd1=1e-08, wd2=0.001, dropout=0.1, dropout2=0.5, es_ckpt='TestTuningScript-geom-squirrel_NormalNNV2-geom-squirrel_trialNo54')
2023-10-11 13:37:55,294 - tune.py [line:128] - INFO: Split_seeds:[1824]
2023-10-11 13:37:55,294 - tune.py [line:129] - INFO: Model_seeds:[409]
2023-10-11 13:37:56,114 - tune.py [line:103] - INFO: Epoch 00020 | Time(s) 0.0393 | Val Loss 1.5984 | Val Acc 0.4423 | ETputs(KTEPS) 102219.19
2023-10-11 13:37:56,903 - tune.py [line:103] - INFO: Epoch 00040 | Time(s) 0.0391 | Val Loss 1.5863 | Val Acc 0.5019 | ETputs(KTEPS) 102732.50
2023-10-11 13:37:57,666 - tune.py [line:103] - INFO: Epoch 00060 | Time(s) 0.0386 | Val Loss 1.5796 | Val Acc 0.5442 | ETputs(KTEPS) 104084.32
2023-10-11 13:37:58,438 - tune.py [line:103] - INFO: Epoch 00080 | Time(s) 0.0386 | Val Loss 1.5760 | Val Acc 0.5481 | ETputs(KTEPS) 104095.24
2023-10-11 13:37:59,189 - tune.py [line:103] - INFO: Epoch 00100 | Time(s) 0.0383 | Val Loss 1.5744 | Val Acc 0.5712 | ETputs(KTEPS) 104915.99
2023-10-11 13:37:59,924 - tune.py [line:103] - INFO: Epoch 00120 | Time(s) 0.0380 | Val Loss 1.5747 | Val Acc 0.5596 | ETputs(KTEPS) 105642.85
2023-10-11 13:38:00,664 - tune.py [line:103] - INFO: Epoch 00140 | Time(s) 0.0379 | Val Loss 1.5767 | Val Acc 0.5346 | ETputs(KTEPS) 106060.25
2023-10-11 13:38:01,429 - tune.py [line:103] - INFO: Epoch 00160 | Time(s) 0.0379 | Val Loss 1.5773 | Val Acc 0.5394 | ETputs(KTEPS) 105945.74
2023-10-11 13:38:02,185 - tune.py [line:103] - INFO: Epoch 00180 | Time(s) 0.0379 | Val Loss 1.5778 | Val Acc 0.5548 | ETputs(KTEPS) 106005.42
2023-10-11 13:38:02,936 - tune.py [line:103] - INFO: Epoch 00200 | Time(s) 0.0379 | Val Loss 1.5782 | Val Acc 0.5452 | ETputs(KTEPS) 106108.11
2023-10-11 13:38:03,703 - tune.py [line:103] - INFO: Epoch 00220 | Time(s) 0.0379 | Val Loss 1.5791 | Val Acc 0.5558 | ETputs(KTEPS) 105985.37
2023-10-11 13:38:04,458 - tune.py [line:103] - INFO: Epoch 00240 | Time(s) 0.0379 | Val Loss 1.5793 | Val Acc 0.5606 | ETputs(KTEPS) 106031.12
2023-10-11 13:38:05,205 - tune.py [line:103] - INFO: Epoch 00260 | Time(s) 0.0379 | Val Loss 1.5797 | Val Acc 0.5577 | ETputs(KTEPS) 106158.83
2023-10-11 13:38:05,978 - tune.py [line:103] - INFO: Epoch 00280 | Time(s) 0.0379 | Val Loss 1.5797 | Val Acc 0.5625 | ETputs(KTEPS) 106001.34
2023-10-11 13:38:06,740 - tune.py [line:103] - INFO: Epoch 00300 | Time(s) 0.0379 | Val Loss 1.5805 | Val Acc 0.5529 | ETputs(KTEPS) 105969.67
2023-10-11 13:38:07,527 - tune.py [line:103] - INFO: Epoch 00320 | Time(s) 0.0380 | Val Loss 1.5818 | Val Acc 0.5500 | ETputs(KTEPS) 105729.83
2023-10-11 13:38:08,301 - tune.py [line:103] - INFO: Epoch 00340 | Time(s) 0.0381 | Val Loss 1.5820 | Val Acc 0.5510 | ETputs(KTEPS) 105619.26
2023-10-11 13:38:09,086 - tune.py [line:103] - INFO: Epoch 00360 | Time(s) 0.0381 | Val Loss 1.5827 | Val Acc 0.5433 | ETputs(KTEPS) 105439.80
2023-10-11 13:38:09,883 - tune.py [line:103] - INFO: Epoch 00380 | Time(s) 0.0382 | Val Loss 1.5820 | Val Acc 0.5519 | ETputs(KTEPS) 105188.35
2023-10-11 13:38:10,539 - tune.py [line:117] - INFO: [FINAL MODEL] Val accuracy 58.27% \Val loss: 1.6
2023-10-11 13:38:10,547 - tune.py [line:119] - INFO: [FINAL MODEL] Test accuracy 57.35% \Test loss: 1.6
2023-10-11 13:38:10,547 - tune.py [line:144] - INFO: Acc on the first split (Validation Set): 0.5827
2023-10-11 13:38:10,547 - tune.py [line:145] - INFO: Acc on the first split (Test Set): 0.5735
