2023-10-11 13:49:57,837 - tune.py [line:203] - INFO: Namespace(seed=42, model='NormalNNV2', gpu=0, dataset='geom-squirrel', logging=True, log_detail=True, log_detailedCh=False, id_log=1011014506, optuna_n_trials=202, n_epochs=2000, self_loop=True, udgraph=True, early_stop=True, patience=300, n_hidden=64, n_cv=1, start_cv=0, n_layers=12, lr1=0.03, lr2=0.03, wd1=1e-07, wd2=0.0001, dropout=0.1, dropout2=0.4, es_ckpt='TestTuningScript-geom-squirrel_NormalNNV2-geom-squirrel_trialNo175')
2023-10-11 13:50:00,280 - tune.py [line:128] - INFO: Split_seeds:[1824]
2023-10-11 13:50:00,281 - tune.py [line:129] - INFO: Model_seeds:[409]
2023-10-11 13:50:01,061 - tune.py [line:103] - INFO: Epoch 00020 | Time(s) 0.0377 | Val Loss 1.5966 | Val Acc 0.4308 | ETputs(KTEPS) 106622.99
2023-10-11 13:50:01,840 - tune.py [line:103] - INFO: Epoch 00040 | Time(s) 0.0380 | Val Loss 1.5777 | Val Acc 0.5048 | ETputs(KTEPS) 105702.99
2023-10-11 13:50:02,631 - tune.py [line:103] - INFO: Epoch 00060 | Time(s) 0.0384 | Val Loss 1.5615 | Val Acc 0.4952 | ETputs(KTEPS) 104728.15
2023-10-11 13:50:03,454 - tune.py [line:103] - INFO: Epoch 00080 | Time(s) 0.0391 | Val Loss 1.5455 | Val Acc 0.4962 | ETputs(KTEPS) 102901.43
2023-10-11 13:50:04,252 - tune.py [line:103] - INFO: Epoch 00100 | Time(s) 0.0392 | Val Loss 1.5304 | Val Acc 0.4942 | ETputs(KTEPS) 102448.78
2023-10-11 13:50:05,045 - tune.py [line:103] - INFO: Epoch 00120 | Time(s) 0.0393 | Val Loss 1.5176 | Val Acc 0.5029 | ETputs(KTEPS) 102288.60
2023-10-11 13:50:05,851 - tune.py [line:103] - INFO: Epoch 00140 | Time(s) 0.0394 | Val Loss 1.5103 | Val Acc 0.4846 | ETputs(KTEPS) 101918.04
2023-10-11 13:50:06,655 - tune.py [line:103] - INFO: Epoch 00160 | Time(s) 0.0395 | Val Loss 1.5009 | Val Acc 0.4856 | ETputs(KTEPS) 101669.97
2023-10-11 13:50:07,471 - tune.py [line:103] - INFO: Epoch 00180 | Time(s) 0.0397 | Val Loss 1.4933 | Val Acc 0.4769 | ETputs(KTEPS) 101315.98
2023-10-11 13:50:08,277 - tune.py [line:103] - INFO: Epoch 00200 | Time(s) 0.0397 | Val Loss 1.4888 | Val Acc 0.4865 | ETputs(KTEPS) 101162.10
2023-10-11 13:50:09,069 - tune.py [line:103] - INFO: Epoch 00220 | Time(s) 0.0397 | Val Loss 1.4845 | Val Acc 0.4827 | ETputs(KTEPS) 101195.92
2023-10-11 13:50:09,877 - tune.py [line:103] - INFO: Epoch 00240 | Time(s) 0.0398 | Val Loss 1.4836 | Val Acc 0.4673 | ETputs(KTEPS) 101052.30
2023-10-11 13:50:10,712 - tune.py [line:103] - INFO: Epoch 00260 | Time(s) 0.0399 | Val Loss 1.4757 | Val Acc 0.4846 | ETputs(KTEPS) 100672.34
2023-10-11 13:50:11,488 - tune.py [line:103] - INFO: Epoch 00280 | Time(s) 0.0398 | Val Loss 1.4639 | Val Acc 0.4962 | ETputs(KTEPS) 100873.56
2023-10-11 13:50:12,334 - tune.py [line:103] - INFO: Epoch 00300 | Time(s) 0.0400 | Val Loss 1.4627 | Val Acc 0.4885 | ETputs(KTEPS) 100469.97
2023-10-11 13:50:13,141 - tune.py [line:103] - INFO: Epoch 00320 | Time(s) 0.0400 | Val Loss 1.4657 | Val Acc 0.4808 | ETputs(KTEPS) 100420.09
2023-10-11 13:50:13,944 - tune.py [line:103] - INFO: Epoch 00340 | Time(s) 0.0400 | Val Loss 1.4573 | Val Acc 0.5067 | ETputs(KTEPS) 100400.94
2023-10-11 13:50:14,550 - tune.py [line:117] - INFO: [FINAL MODEL] Val accuracy 53.37% \Val loss: 1.6
2023-10-11 13:50:14,559 - tune.py [line:119] - INFO: [FINAL MODEL] Test accuracy 53.51% \Test loss: 1.6
2023-10-11 13:50:14,560 - tune.py [line:144] - INFO: Acc on the first split (Validation Set): 0.5337
2023-10-11 13:50:14,560 - tune.py [line:145] - INFO: Acc on the first split (Test Set): 0.5351
