2023-10-11 13:23:43,049 - tune.py [line:203] - INFO: Namespace(seed=42, model='NormalNNV2', gpu=0, dataset='geom-squirrel', logging=True, log_detail=True, log_detailedCh=False, id_log=1011014506, optuna_n_trials=202, n_epochs=2000, self_loop=True, udgraph=True, early_stop=True, patience=300, n_hidden=64, n_cv=1, start_cv=0, n_layers=20, lr1=0.01, lr2=0.03, wd1=0.0001, wd2=1e-07, dropout=0.3, dropout2=0.4, es_ckpt='TestTuningScript-geom-squirrel_NormalNNV2-geom-squirrel_trialNo1')
2023-10-11 13:23:45,583 - tune.py [line:128] - INFO: Split_seeds:[1824]
2023-10-11 13:23:45,583 - tune.py [line:129] - INFO: Model_seeds:[409]
2023-10-11 13:23:47,028 - tune.py [line:103] - INFO: Epoch 00020 | Time(s) 0.0708 | Val Loss 1.5931 | Val Acc 0.4173 | ETputs(KTEPS) 56791.76
2023-10-11 13:23:48,499 - tune.py [line:103] - INFO: Epoch 00040 | Time(s) 0.0719 | Val Loss 1.5755 | Val Acc 0.4337 | ETputs(KTEPS) 55918.69
2023-10-11 13:23:49,922 - tune.py [line:103] - INFO: Epoch 00060 | Time(s) 0.0716 | Val Loss 1.5539 | Val Acc 0.4577 | ETputs(KTEPS) 56140.53
2023-10-11 13:23:51,426 - tune.py [line:103] - INFO: Epoch 00080 | Time(s) 0.0724 | Val Loss 1.5332 | Val Acc 0.4615 | ETputs(KTEPS) 55492.94
2023-10-11 13:23:52,876 - tune.py [line:103] - INFO: Epoch 00100 | Time(s) 0.0724 | Val Loss 1.5264 | Val Acc 0.4288 | ETputs(KTEPS) 55485.39
2023-10-11 13:23:54,331 - tune.py [line:103] - INFO: Epoch 00120 | Time(s) 0.0725 | Val Loss 1.5064 | Val Acc 0.4548 | ETputs(KTEPS) 55449.06
2023-10-11 13:23:55,781 - tune.py [line:103] - INFO: Epoch 00140 | Time(s) 0.0724 | Val Loss 1.4842 | Val Acc 0.4760 | ETputs(KTEPS) 55475.92
2023-10-11 13:23:57,237 - tune.py [line:103] - INFO: Epoch 00160 | Time(s) 0.0725 | Val Loss 1.4741 | Val Acc 0.4731 | ETputs(KTEPS) 55456.00
2023-10-11 13:23:58,721 - tune.py [line:103] - INFO: Epoch 00180 | Time(s) 0.0727 | Val Loss 1.4647 | Val Acc 0.4644 | ETputs(KTEPS) 55308.18
2023-10-11 13:24:00,191 - tune.py [line:103] - INFO: Epoch 00200 | Time(s) 0.0727 | Val Loss 1.4530 | Val Acc 0.4663 | ETputs(KTEPS) 55264.05
2023-10-11 13:24:01,631 - tune.py [line:103] - INFO: Epoch 00220 | Time(s) 0.0727 | Val Loss 1.5072 | Val Acc 0.3654 | ETputs(KTEPS) 55315.80
2023-10-11 13:24:03,095 - tune.py [line:103] - INFO: Epoch 00240 | Time(s) 0.0727 | Val Loss 1.4634 | Val Acc 0.4260 | ETputs(KTEPS) 55283.23
2023-10-11 13:24:04,514 - tune.py [line:103] - INFO: Epoch 00260 | Time(s) 0.0726 | Val Loss 1.4317 | Val Acc 0.4548 | ETputs(KTEPS) 55386.61
2023-10-11 13:24:05,958 - tune.py [line:103] - INFO: Epoch 00280 | Time(s) 0.0725 | Val Loss 1.4374 | Val Acc 0.4413 | ETputs(KTEPS) 55406.47
2023-10-11 13:24:07,436 - tune.py [line:103] - INFO: Epoch 00300 | Time(s) 0.0726 | Val Loss 1.4903 | Val Acc 0.3625 | ETputs(KTEPS) 55340.47
2023-10-11 13:24:08,773 - tune.py [line:103] - INFO: Epoch 00320 | Time(s) 0.0723 | Val Loss 1.4956 | Val Acc 0.3663 | ETputs(KTEPS) 55616.94
2023-10-11 13:24:10,140 - tune.py [line:103] - INFO: Epoch 00340 | Time(s) 0.0720 | Val Loss 1.4632 | Val Acc 0.3885 | ETputs(KTEPS) 55797.62
2023-10-11 13:24:11,677 - tune.py [line:103] - INFO: Epoch 00360 | Time(s) 0.0723 | Val Loss 1.4369 | Val Acc 0.4567 | ETputs(KTEPS) 55591.87
2023-10-11 13:24:13,244 - tune.py [line:103] - INFO: Epoch 00380 | Time(s) 0.0726 | Val Loss 1.4066 | Val Acc 0.4769 | ETputs(KTEPS) 55349.72
2023-10-11 13:24:14,682 - tune.py [line:103] - INFO: Epoch 00400 | Time(s) 0.0726 | Val Loss 1.4093 | Val Acc 0.4654 | ETputs(KTEPS) 55380.23
2023-10-11 13:24:16,031 - tune.py [line:103] - INFO: Epoch 00420 | Time(s) 0.0723 | Val Loss 1.3903 | Val Acc 0.5019 | ETputs(KTEPS) 55571.69
2023-10-11 13:24:17,242 - tune.py [line:103] - INFO: Epoch 00440 | Time(s) 0.0718 | Val Loss 1.3785 | Val Acc 0.4962 | ETputs(KTEPS) 56004.92
2023-10-11 13:24:18,507 - tune.py [line:103] - INFO: Epoch 00460 | Time(s) 0.0714 | Val Loss 1.3713 | Val Acc 0.5000 | ETputs(KTEPS) 56295.62
2023-10-11 13:24:19,887 - tune.py [line:103] - INFO: Epoch 00480 | Time(s) 0.0713 | Val Loss 1.3784 | Val Acc 0.4837 | ETputs(KTEPS) 56376.80
2023-10-11 13:24:21,359 - tune.py [line:103] - INFO: Epoch 00500 | Time(s) 0.0714 | Val Loss 1.3778 | Val Acc 0.4837 | ETputs(KTEPS) 56305.35
2023-10-11 13:24:22,739 - tune.py [line:103] - INFO: Epoch 00520 | Time(s) 0.0713 | Val Loss 1.4038 | Val Acc 0.4663 | ETputs(KTEPS) 56377.91
2023-10-11 13:24:24,182 - tune.py [line:103] - INFO: Epoch 00540 | Time(s) 0.0713 | Val Loss 1.3679 | Val Acc 0.4894 | ETputs(KTEPS) 56356.24
2023-10-11 13:24:25,800 - tune.py [line:103] - INFO: Epoch 00560 | Time(s) 0.0717 | Val Loss 1.3631 | Val Acc 0.4981 | ETputs(KTEPS) 56088.52
2023-10-11 13:24:27,243 - tune.py [line:103] - INFO: Epoch 00580 | Time(s) 0.0717 | Val Loss 1.3678 | Val Acc 0.5019 | ETputs(KTEPS) 56080.88
2023-10-11 13:24:28,765 - tune.py [line:103] - INFO: Epoch 00600 | Time(s) 0.0718 | Val Loss 1.3486 | Val Acc 0.5144 | ETputs(KTEPS) 55982.12
2023-10-11 13:24:30,373 - tune.py [line:103] - INFO: Epoch 00620 | Time(s) 0.0721 | Val Loss 1.3578 | Val Acc 0.5038 | ETputs(KTEPS) 55767.30
2023-10-11 13:24:31,860 - tune.py [line:103] - INFO: Epoch 00640 | Time(s) 0.0721 | Val Loss 1.3596 | Val Acc 0.5010 | ETputs(KTEPS) 55712.45
2023-10-11 13:24:33,433 - tune.py [line:103] - INFO: Epoch 00660 | Time(s) 0.0723 | Val Loss 1.3724 | Val Acc 0.4923 | ETputs(KTEPS) 55561.49
2023-10-11 13:24:34,971 - tune.py [line:103] - INFO: Epoch 00680 | Time(s) 0.0725 | Val Loss 1.3603 | Val Acc 0.4981 | ETputs(KTEPS) 55459.31
2023-10-11 13:24:36,499 - tune.py [line:103] - INFO: Epoch 00700 | Time(s) 0.0726 | Val Loss 1.4066 | Val Acc 0.4606 | ETputs(KTEPS) 55373.92
2023-10-11 13:24:37,960 - tune.py [line:103] - INFO: Epoch 00720 | Time(s) 0.0726 | Val Loss 1.4490 | Val Acc 0.4260 | ETputs(KTEPS) 55365.45
2023-10-11 13:24:39,522 - tune.py [line:103] - INFO: Epoch 00740 | Time(s) 0.0727 | Val Loss 1.3705 | Val Acc 0.4923 | ETputs(KTEPS) 55253.57
2023-10-11 13:24:40,995 - tune.py [line:103] - INFO: Epoch 00760 | Time(s) 0.0728 | Val Loss 1.3520 | Val Acc 0.5029 | ETputs(KTEPS) 55237.55
2023-10-11 13:24:42,483 - tune.py [line:103] - INFO: Epoch 00780 | Time(s) 0.0728 | Val Loss 1.3638 | Val Acc 0.4971 | ETputs(KTEPS) 55206.59
2023-10-11 13:24:43,876 - tune.py [line:103] - INFO: Epoch 00800 | Time(s) 0.0727 | Val Loss 1.3612 | Val Acc 0.4894 | ETputs(KTEPS) 55267.33
2023-10-11 13:24:45,275 - tune.py [line:103] - INFO: Epoch 00820 | Time(s) 0.0727 | Val Loss 1.3711 | Val Acc 0.4962 | ETputs(KTEPS) 55319.30
2023-10-11 13:24:46,837 - tune.py [line:103] - INFO: Epoch 00840 | Time(s) 0.0728 | Val Loss 1.3804 | Val Acc 0.4769 | ETputs(KTEPS) 55221.84
2023-10-11 13:24:48,323 - tune.py [line:103] - INFO: Epoch 00860 | Time(s) 0.0728 | Val Loss 1.4325 | Val Acc 0.4625 | ETputs(KTEPS) 55196.65
2023-10-11 13:24:49,663 - tune.py [line:103] - INFO: Epoch 00880 | Time(s) 0.0727 | Val Loss 1.3643 | Val Acc 0.4808 | ETputs(KTEPS) 55297.55
2023-10-11 13:24:50,797 - tune.py [line:117] - INFO: [FINAL MODEL] Val accuracy 51.92% \Val loss: 1.4
2023-10-11 13:24:50,816 - tune.py [line:119] - INFO: [FINAL MODEL] Test accuracy 50.82% \Test loss: 1.3
2023-10-11 13:24:50,817 - tune.py [line:144] - INFO: Acc on the first split (Validation Set): 0.5192
2023-10-11 13:24:50,817 - tune.py [line:145] - INFO: Acc on the first split (Test Set): 0.5082
