2023-10-11 13:39:57,734 - tune.py [line:203] - INFO: Namespace(seed=42, model='NormalNNV2', gpu=0, dataset='geom-squirrel', logging=True, log_detail=True, log_detailedCh=False, id_log=1011014506, optuna_n_trials=202, n_epochs=2000, self_loop=True, udgraph=True, early_stop=True, patience=300, n_hidden=64, n_cv=1, start_cv=0, n_layers=8, lr1=0.05, lr2=0.03, wd1=1e-07, wd2=0.0001, dropout=0.1, dropout2=0.5, es_ckpt='TestTuningScript-geom-squirrel_NormalNNV2-geom-squirrel_trialNo71')
2023-10-11 13:40:00,237 - tune.py [line:128] - INFO: Split_seeds:[1824]
2023-10-11 13:40:00,237 - tune.py [line:129] - INFO: Model_seeds:[409]
2023-10-11 13:40:00,920 - tune.py [line:103] - INFO: Epoch 00020 | Time(s) 0.0326 | Val Loss 1.5970 | Val Acc 0.4433 | ETputs(KTEPS) 123118.06
2023-10-11 13:40:01,552 - tune.py [line:103] - INFO: Epoch 00040 | Time(s) 0.0318 | Val Loss 1.5801 | Val Acc 0.5019 | ETputs(KTEPS) 126568.18
2023-10-11 13:40:02,146 - tune.py [line:103] - INFO: Epoch 00060 | Time(s) 0.0309 | Val Loss 1.5594 | Val Acc 0.5317 | ETputs(KTEPS) 130004.69
2023-10-11 13:40:02,749 - tune.py [line:103] - INFO: Epoch 00080 | Time(s) 0.0307 | Val Loss 1.5439 | Val Acc 0.5269 | ETputs(KTEPS) 130832.22
2023-10-11 13:40:03,323 - tune.py [line:103] - INFO: Epoch 00100 | Time(s) 0.0303 | Val Loss 1.5290 | Val Acc 0.5250 | ETputs(KTEPS) 132573.26
2023-10-11 13:40:03,924 - tune.py [line:103] - INFO: Epoch 00120 | Time(s) 0.0303 | Val Loss 1.5148 | Val Acc 0.5019 | ETputs(KTEPS) 132852.95
2023-10-11 13:40:04,509 - tune.py [line:103] - INFO: Epoch 00140 | Time(s) 0.0301 | Val Loss 1.4993 | Val Acc 0.5413 | ETputs(KTEPS) 133506.57
2023-10-11 13:40:05,103 - tune.py [line:103] - INFO: Epoch 00160 | Time(s) 0.0301 | Val Loss 1.4897 | Val Acc 0.5221 | ETputs(KTEPS) 133727.58
2023-10-11 13:40:05,697 - tune.py [line:103] - INFO: Epoch 00180 | Time(s) 0.0300 | Val Loss 1.4817 | Val Acc 0.5192 | ETputs(KTEPS) 133923.13
2023-10-11 13:40:06,273 - tune.py [line:103] - INFO: Epoch 00200 | Time(s) 0.0299 | Val Loss 1.4724 | Val Acc 0.5019 | ETputs(KTEPS) 134474.85
2023-10-11 13:40:06,856 - tune.py [line:103] - INFO: Epoch 00220 | Time(s) 0.0298 | Val Loss 1.4692 | Val Acc 0.5221 | ETputs(KTEPS) 134785.61
2023-10-11 13:40:07,471 - tune.py [line:103] - INFO: Epoch 00240 | Time(s) 0.0299 | Val Loss 1.4515 | Val Acc 0.5346 | ETputs(KTEPS) 134438.70
2023-10-11 13:40:08,075 - tune.py [line:103] - INFO: Epoch 00260 | Time(s) 0.0299 | Val Loss 1.4493 | Val Acc 0.5240 | ETputs(KTEPS) 134333.37
2023-10-11 13:40:08,688 - tune.py [line:103] - INFO: Epoch 00280 | Time(s) 0.0300 | Val Loss 1.4436 | Val Acc 0.5269 | ETputs(KTEPS) 134116.62
2023-10-11 13:40:09,272 - tune.py [line:103] - INFO: Epoch 00300 | Time(s) 0.0299 | Val Loss 1.4410 | Val Acc 0.5279 | ETputs(KTEPS) 134340.89
2023-10-11 13:40:09,886 - tune.py [line:103] - INFO: Epoch 00320 | Time(s) 0.0300 | Val Loss 1.4304 | Val Acc 0.5346 | ETputs(KTEPS) 134129.20
2023-10-11 13:40:10,499 - tune.py [line:103] - INFO: Epoch 00340 | Time(s) 0.0300 | Val Loss 1.4302 | Val Acc 0.5317 | ETputs(KTEPS) 133956.27
2023-10-11 13:40:11,094 - tune.py [line:103] - INFO: Epoch 00360 | Time(s) 0.0300 | Val Loss 1.4235 | Val Acc 0.5288 | ETputs(KTEPS) 134017.48
2023-10-11 13:40:11,696 - tune.py [line:103] - INFO: Epoch 00380 | Time(s) 0.0300 | Val Loss 1.4205 | Val Acc 0.5288 | ETputs(KTEPS) 133999.53
2023-10-11 13:40:12,312 - tune.py [line:103] - INFO: Epoch 00400 | Time(s) 0.0300 | Val Loss 1.4207 | Val Acc 0.5308 | ETputs(KTEPS) 133828.75
2023-10-11 13:40:12,376 - tune.py [line:117] - INFO: [FINAL MODEL] Val accuracy 55.29% \Val loss: 1.5
2023-10-11 13:40:12,381 - tune.py [line:119] - INFO: [FINAL MODEL] Test accuracy 56.58% \Test loss: 1.5
2023-10-11 13:40:12,382 - tune.py [line:144] - INFO: Acc on the first split (Validation Set): 0.5529
2023-10-11 13:40:12,382 - tune.py [line:145] - INFO: Acc on the first split (Test Set): 0.5658
