2023-10-11 13:24:51,142 - tune.py [line:203] - INFO: Namespace(seed=42, model='NormalNNV2', gpu=0, dataset='geom-squirrel', logging=True, log_detail=True, log_detailedCh=False, id_log=1011014506, optuna_n_trials=202, n_epochs=2000, self_loop=True, udgraph=True, early_stop=True, patience=300, n_hidden=64, n_cv=1, start_cv=0, n_layers=16, lr1=0.04, lr2=0.0005, wd1=1e-06, wd2=0.001, dropout=0.8, dropout2=0.7, es_ckpt='TestTuningScript-geom-squirrel_NormalNNV2-geom-squirrel_trialNo2')
2023-10-11 13:24:53,582 - tune.py [line:128] - INFO: Split_seeds:[1824]
2023-10-11 13:24:53,582 - tune.py [line:129] - INFO: Model_seeds:[409]
2023-10-11 13:24:54,827 - tune.py [line:103] - INFO: Epoch 00020 | Time(s) 0.0609 | Val Loss 1.6067 | Val Acc 0.2615 | ETputs(KTEPS) 66004.31
2023-10-11 13:24:56,229 - tune.py [line:103] - INFO: Epoch 00040 | Time(s) 0.0655 | Val Loss 1.6066 | Val Acc 0.2750 | ETputs(KTEPS) 61382.04
2023-10-11 13:24:57,476 - tune.py [line:103] - INFO: Epoch 00060 | Time(s) 0.0644 | Val Loss 1.6068 | Val Acc 0.2606 | ETputs(KTEPS) 62387.91
2023-10-11 13:24:58,843 - tune.py [line:103] - INFO: Epoch 00080 | Time(s) 0.0654 | Val Loss 1.6064 | Val Acc 0.2798 | ETputs(KTEPS) 61462.09
2023-10-11 13:25:00,221 - tune.py [line:103] - INFO: Epoch 00100 | Time(s) 0.0660 | Val Loss 1.6066 | Val Acc 0.2846 | ETputs(KTEPS) 60855.54
2023-10-11 13:25:01,582 - tune.py [line:103] - INFO: Epoch 00120 | Time(s) 0.0664 | Val Loss 1.6069 | Val Acc 0.2721 | ETputs(KTEPS) 60550.08
2023-10-11 13:25:02,828 - tune.py [line:103] - INFO: Epoch 00140 | Time(s) 0.0658 | Val Loss 1.6071 | Val Acc 0.2731 | ETputs(KTEPS) 61095.22
2023-10-11 13:25:04,018 - tune.py [line:103] - INFO: Epoch 00160 | Time(s) 0.0650 | Val Loss 1.6067 | Val Acc 0.2490 | ETputs(KTEPS) 61836.17
2023-10-11 13:25:05,252 - tune.py [line:103] - INFO: Epoch 00180 | Time(s) 0.0646 | Val Loss 1.6068 | Val Acc 0.2702 | ETputs(KTEPS) 62188.76
2023-10-11 13:25:06,413 - tune.py [line:103] - INFO: Epoch 00200 | Time(s) 0.0640 | Val Loss 1.6069 | Val Acc 0.2721 | ETputs(KTEPS) 62831.32
2023-10-11 13:25:07,696 - tune.py [line:103] - INFO: Epoch 00220 | Time(s) 0.0640 | Val Loss 1.6070 | Val Acc 0.2615 | ETputs(KTEPS) 62815.92
2023-10-11 13:25:08,924 - tune.py [line:103] - INFO: Epoch 00240 | Time(s) 0.0638 | Val Loss 1.6067 | Val Acc 0.2721 | ETputs(KTEPS) 63032.79
2023-10-11 13:25:10,133 - tune.py [line:103] - INFO: Epoch 00260 | Time(s) 0.0635 | Val Loss 1.6068 | Val Acc 0.2654 | ETputs(KTEPS) 63288.10
2023-10-11 13:25:11,366 - tune.py [line:103] - INFO: Epoch 00280 | Time(s) 0.0634 | Val Loss 1.6072 | Val Acc 0.2567 | ETputs(KTEPS) 63421.86
2023-10-11 13:25:12,386 - tune.py [line:103] - INFO: Epoch 00300 | Time(s) 0.0625 | Val Loss 1.6067 | Val Acc 0.2692 | ETputs(KTEPS) 64260.40
2023-10-11 13:25:13,403 - tune.py [line:103] - INFO: Epoch 00320 | Time(s) 0.0618 | Val Loss 1.6066 | Val Acc 0.2529 | ETputs(KTEPS) 65020.76
2023-10-11 13:25:14,614 - tune.py [line:103] - INFO: Epoch 00340 | Time(s) 0.0617 | Val Loss 1.6070 | Val Acc 0.2635 | ETputs(KTEPS) 65100.34
2023-10-11 13:25:15,791 - tune.py [line:103] - INFO: Epoch 00360 | Time(s) 0.0616 | Val Loss 1.6069 | Val Acc 0.2663 | ETputs(KTEPS) 65271.95
2023-10-11 13:25:16,848 - tune.py [line:103] - INFO: Epoch 00380 | Time(s) 0.0611 | Val Loss 1.6067 | Val Acc 0.2558 | ETputs(KTEPS) 65763.82
2023-10-11 13:25:17,500 - tune.py [line:117] - INFO: [FINAL MODEL] Val accuracy 29.52% \Val loss: 1.6
2023-10-11 13:25:17,515 - tune.py [line:119] - INFO: [FINAL MODEL] Test accuracy 27.47% \Test loss: 1.6
2023-10-11 13:25:17,516 - tune.py [line:144] - INFO: Acc on the first split (Validation Set): 0.2952
2023-10-11 13:25:17,516 - tune.py [line:145] - INFO: Acc on the first split (Test Set): 0.2747
