2023-10-11 13:30:00,476 - tune.py [line:203] - INFO: Namespace(seed=42, model='NormalNNV2', gpu=0, dataset='geom-squirrel', logging=True, log_detail=True, log_detailedCh=False, id_log=1011014506, optuna_n_trials=202, n_epochs=2000, self_loop=True, udgraph=True, early_stop=True, patience=300, n_hidden=64, n_cv=1, start_cv=0, n_layers=20, lr1=0.005, lr2=0.02, wd1=1e-07, wd2=1e-06, dropout=0.2, dropout2=0.0, es_ckpt='TestTuningScript-geom-squirrel_NormalNNV2-geom-squirrel_trialNo24')
2023-10-11 13:30:02,993 - tune.py [line:128] - INFO: Split_seeds:[1824]
2023-10-11 13:30:02,993 - tune.py [line:129] - INFO: Model_seeds:[409]
2023-10-11 13:30:04,146 - tune.py [line:103] - INFO: Epoch 00020 | Time(s) 0.0557 | Val Loss 1.6007 | Val Acc 0.3750 | ETputs(KTEPS) 72194.51
2023-10-11 13:30:05,266 - tune.py [line:103] - INFO: Epoch 00040 | Time(s) 0.0552 | Val Loss 1.5870 | Val Acc 0.4606 | ETputs(KTEPS) 72795.96
2023-10-11 13:30:06,343 - tune.py [line:103] - INFO: Epoch 00060 | Time(s) 0.0546 | Val Loss 1.5720 | Val Acc 0.4798 | ETputs(KTEPS) 73622.60
2023-10-11 13:30:07,398 - tune.py [line:103] - INFO: Epoch 00080 | Time(s) 0.0541 | Val Loss 1.5544 | Val Acc 0.4971 | ETputs(KTEPS) 74275.21
2023-10-11 13:30:08,479 - tune.py [line:103] - INFO: Epoch 00100 | Time(s) 0.0540 | Val Loss 1.5392 | Val Acc 0.5048 | ETputs(KTEPS) 74373.42
2023-10-11 13:30:09,533 - tune.py [line:103] - INFO: Epoch 00120 | Time(s) 0.0538 | Val Loss 1.5248 | Val Acc 0.5077 | ETputs(KTEPS) 74688.79
2023-10-11 13:30:10,594 - tune.py [line:103] - INFO: Epoch 00140 | Time(s) 0.0537 | Val Loss 1.5129 | Val Acc 0.5038 | ETputs(KTEPS) 74892.88
2023-10-11 13:30:11,638 - tune.py [line:103] - INFO: Epoch 00160 | Time(s) 0.0535 | Val Loss 1.5000 | Val Acc 0.5173 | ETputs(KTEPS) 75151.49
2023-10-11 13:30:12,694 - tune.py [line:103] - INFO: Epoch 00180 | Time(s) 0.0534 | Val Loss 1.4891 | Val Acc 0.5077 | ETputs(KTEPS) 75263.02
2023-10-11 13:30:13,782 - tune.py [line:103] - INFO: Epoch 00200 | Time(s) 0.0535 | Val Loss 1.4827 | Val Acc 0.5087 | ETputs(KTEPS) 75120.21
2023-10-11 13:30:14,867 - tune.py [line:103] - INFO: Epoch 00220 | Time(s) 0.0535 | Val Loss 1.4680 | Val Acc 0.4962 | ETputs(KTEPS) 75058.47
2023-10-11 13:30:15,938 - tune.py [line:103] - INFO: Epoch 00240 | Time(s) 0.0535 | Val Loss 1.4616 | Val Acc 0.5077 | ETputs(KTEPS) 75061.99
2023-10-11 13:30:16,960 - tune.py [line:103] - INFO: Epoch 00260 | Time(s) 0.0533 | Val Loss 1.4550 | Val Acc 0.4952 | ETputs(KTEPS) 75336.51
2023-10-11 13:30:17,986 - tune.py [line:103] - INFO: Epoch 00280 | Time(s) 0.0532 | Val Loss 1.4431 | Val Acc 0.4933 | ETputs(KTEPS) 75547.85
2023-10-11 13:30:19,015 - tune.py [line:103] - INFO: Epoch 00300 | Time(s) 0.0531 | Val Loss 1.4382 | Val Acc 0.4990 | ETputs(KTEPS) 75714.56
2023-10-11 13:30:20,051 - tune.py [line:103] - INFO: Epoch 00320 | Time(s) 0.0530 | Val Loss 1.4286 | Val Acc 0.5010 | ETputs(KTEPS) 75832.96
2023-10-11 13:30:21,090 - tune.py [line:103] - INFO: Epoch 00340 | Time(s) 0.0529 | Val Loss 1.4199 | Val Acc 0.5096 | ETputs(KTEPS) 75922.36
2023-10-11 13:30:22,123 - tune.py [line:103] - INFO: Epoch 00360 | Time(s) 0.0529 | Val Loss 1.4074 | Val Acc 0.5173 | ETputs(KTEPS) 76027.51
2023-10-11 13:30:23,171 - tune.py [line:103] - INFO: Epoch 00380 | Time(s) 0.0528 | Val Loss 1.4105 | Val Acc 0.5010 | ETputs(KTEPS) 76061.39
2023-10-11 13:30:24,236 - tune.py [line:103] - INFO: Epoch 00400 | Time(s) 0.0529 | Val Loss 1.3992 | Val Acc 0.5192 | ETputs(KTEPS) 76033.11
2023-10-11 13:30:25,276 - tune.py [line:103] - INFO: Epoch 00420 | Time(s) 0.0528 | Val Loss 1.3992 | Val Acc 0.5010 | ETputs(KTEPS) 76095.63
2023-10-11 13:30:26,311 - tune.py [line:103] - INFO: Epoch 00440 | Time(s) 0.0528 | Val Loss 1.3911 | Val Acc 0.5087 | ETputs(KTEPS) 76167.12
2023-10-11 13:30:27,397 - tune.py [line:103] - INFO: Epoch 00460 | Time(s) 0.0528 | Val Loss 1.3868 | Val Acc 0.5173 | ETputs(KTEPS) 76071.86
2023-10-11 13:30:28,467 - tune.py [line:103] - INFO: Epoch 00480 | Time(s) 0.0529 | Val Loss 1.3839 | Val Acc 0.4942 | ETputs(KTEPS) 76032.27
2023-10-11 13:30:29,520 - tune.py [line:103] - INFO: Epoch 00500 | Time(s) 0.0528 | Val Loss 1.3789 | Val Acc 0.5058 | ETputs(KTEPS) 76047.01
2023-10-11 13:30:30,600 - tune.py [line:103] - INFO: Epoch 00520 | Time(s) 0.0529 | Val Loss 1.3771 | Val Acc 0.4990 | ETputs(KTEPS) 75984.10
2023-10-11 13:30:31,664 - tune.py [line:103] - INFO: Epoch 00540 | Time(s) 0.0529 | Val Loss 1.3676 | Val Acc 0.5029 | ETputs(KTEPS) 75969.49
2023-10-11 13:30:32,180 - tune.py [line:117] - INFO: [FINAL MODEL] Val accuracy 52.40% \Val loss: 1.5
2023-10-11 13:30:32,192 - tune.py [line:119] - INFO: [FINAL MODEL] Test accuracy 51.68% \Test loss: 1.5
2023-10-11 13:30:32,192 - tune.py [line:144] - INFO: Acc on the first split (Validation Set): 0.5240
2023-10-11 13:30:32,193 - tune.py [line:145] - INFO: Acc on the first split (Test Set): 0.5168
