2023-10-11 13:31:52,651 - tune.py [line:203] - INFO: Namespace(seed=42, model='NormalNNV2', gpu=0, dataset='geom-squirrel', logging=True, log_detail=True, log_detailedCh=False, id_log=1011014506, optuna_n_trials=202, n_epochs=2000, self_loop=True, udgraph=True, early_stop=True, patience=300, n_hidden=64, n_cv=1, start_cv=0, n_layers=20, lr1=0.01, lr2=0.03, wd1=1e-06, wd2=1e-07, dropout=0.1, dropout2=0.1, es_ckpt='TestTuningScript-geom-squirrel_NormalNNV2-geom-squirrel_trialNo33')
2023-10-11 13:31:55,151 - tune.py [line:128] - INFO: Split_seeds:[1824]
2023-10-11 13:31:55,151 - tune.py [line:129] - INFO: Model_seeds:[409]
2023-10-11 13:31:56,382 - tune.py [line:103] - INFO: Epoch 00020 | Time(s) 0.0599 | Val Loss 1.5988 | Val Acc 0.3577 | ETputs(KTEPS) 67111.28
2023-10-11 13:31:57,592 - tune.py [line:103] - INFO: Epoch 00040 | Time(s) 0.0598 | Val Loss 1.5765 | Val Acc 0.4721 | ETputs(KTEPS) 67186.55
2023-10-11 13:31:58,708 - tune.py [line:103] - INFO: Epoch 00060 | Time(s) 0.0583 | Val Loss 1.5532 | Val Acc 0.4981 | ETputs(KTEPS) 68968.98
2023-10-11 13:31:59,773 - tune.py [line:103] - INFO: Epoch 00080 | Time(s) 0.0570 | Val Loss 1.5298 | Val Acc 0.5029 | ETputs(KTEPS) 70557.80
2023-10-11 13:32:00,798 - tune.py [line:103] - INFO: Epoch 00100 | Time(s) 0.0558 | Val Loss 1.5090 | Val Acc 0.5144 | ETputs(KTEPS) 71997.35
2023-10-11 13:32:01,860 - tune.py [line:103] - INFO: Epoch 00120 | Time(s) 0.0553 | Val Loss 1.5146 | Val Acc 0.4519 | ETputs(KTEPS) 72621.46
2023-10-11 13:32:02,902 - tune.py [line:103] - INFO: Epoch 00140 | Time(s) 0.0549 | Val Loss 1.4835 | Val Acc 0.4798 | ETputs(KTEPS) 73233.42
2023-10-11 13:32:03,942 - tune.py [line:103] - INFO: Epoch 00160 | Time(s) 0.0545 | Val Loss 1.4643 | Val Acc 0.5135 | ETputs(KTEPS) 73718.89
2023-10-11 13:32:05,060 - tune.py [line:103] - INFO: Epoch 00180 | Time(s) 0.0546 | Val Loss 1.4511 | Val Acc 0.5058 | ETputs(KTEPS) 73561.57
2023-10-11 13:32:06,095 - tune.py [line:103] - INFO: Epoch 00200 | Time(s) 0.0543 | Val Loss 1.4410 | Val Acc 0.4894 | ETputs(KTEPS) 73953.66
2023-10-11 13:32:07,163 - tune.py [line:103] - INFO: Epoch 00220 | Time(s) 0.0543 | Val Loss 1.4352 | Val Acc 0.4971 | ETputs(KTEPS) 74073.28
2023-10-11 13:32:08,350 - tune.py [line:103] - INFO: Epoch 00240 | Time(s) 0.0547 | Val Loss 1.4352 | Val Acc 0.4760 | ETputs(KTEPS) 73502.25
2023-10-11 13:32:09,461 - tune.py [line:103] - INFO: Epoch 00260 | Time(s) 0.0547 | Val Loss 1.4369 | Val Acc 0.4673 | ETputs(KTEPS) 73412.64
2023-10-11 13:32:10,705 - tune.py [line:103] - INFO: Epoch 00280 | Time(s) 0.0553 | Val Loss 1.4173 | Val Acc 0.4769 | ETputs(KTEPS) 72709.44
2023-10-11 13:32:11,954 - tune.py [line:103] - INFO: Epoch 00300 | Time(s) 0.0558 | Val Loss 1.4176 | Val Acc 0.4827 | ETputs(KTEPS) 72089.21
2023-10-11 13:32:13,198 - tune.py [line:103] - INFO: Epoch 00320 | Time(s) 0.0562 | Val Loss 1.4145 | Val Acc 0.4865 | ETputs(KTEPS) 71572.37
2023-10-11 13:32:14,420 - tune.py [line:103] - INFO: Epoch 00340 | Time(s) 0.0564 | Val Loss 1.4153 | Val Acc 0.4779 | ETputs(KTEPS) 71205.73
2023-10-11 13:32:15,613 - tune.py [line:103] - INFO: Epoch 00360 | Time(s) 0.0566 | Val Loss 1.4170 | Val Acc 0.4683 | ETputs(KTEPS) 70981.55
2023-10-11 13:32:16,660 - tune.py [line:103] - INFO: Epoch 00380 | Time(s) 0.0564 | Val Loss 1.4148 | Val Acc 0.4673 | ETputs(KTEPS) 71266.85
2023-10-11 13:32:17,692 - tune.py [line:103] - INFO: Epoch 00400 | Time(s) 0.0562 | Val Loss 1.4207 | Val Acc 0.4596 | ETputs(KTEPS) 71570.82
2023-10-11 13:32:18,745 - tune.py [line:103] - INFO: Epoch 00420 | Time(s) 0.0560 | Val Loss 1.4234 | Val Acc 0.4615 | ETputs(KTEPS) 71786.60
2023-10-11 13:32:19,770 - tune.py [line:103] - INFO: Epoch 00440 | Time(s) 0.0558 | Val Loss 1.4223 | Val Acc 0.4615 | ETputs(KTEPS) 72063.44
2023-10-11 13:32:20,818 - tune.py [line:103] - INFO: Epoch 00460 | Time(s) 0.0556 | Val Loss 1.4185 | Val Acc 0.4587 | ETputs(KTEPS) 72256.11
2023-10-11 13:32:21,133 - tune.py [line:117] - INFO: [FINAL MODEL] Val accuracy 53.37% \Val loss: 1.5
2023-10-11 13:32:21,145 - tune.py [line:119] - INFO: [FINAL MODEL] Test accuracy 51.59% \Test loss: 1.5
2023-10-11 13:32:21,146 - tune.py [line:144] - INFO: Acc on the first split (Validation Set): 0.5337
2023-10-11 13:32:21,146 - tune.py [line:145] - INFO: Acc on the first split (Test Set): 0.5159
