2023-10-11 13:36:43,401 - tune.py [line:203] - INFO: Namespace(seed=42, model='NormalNNV2', gpu=0, dataset='geom-squirrel', logging=True, log_detail=True, log_detailedCh=False, id_log=1011014506, optuna_n_trials=202, n_epochs=2000, self_loop=True, udgraph=True, early_stop=True, patience=300, n_hidden=64, n_cv=1, start_cv=0, n_layers=12, lr1=0.05, lr2=0.05, wd1=1e-07, wd2=0.0001, dropout=0.0, dropout2=0.6, es_ckpt='TestTuningScript-geom-squirrel_NormalNNV2-geom-squirrel_trialNo51')
2023-10-11 13:36:45,777 - tune.py [line:128] - INFO: Split_seeds:[1824]
2023-10-11 13:36:45,777 - tune.py [line:129] - INFO: Model_seeds:[409]
2023-10-11 13:36:46,644 - tune.py [line:103] - INFO: Epoch 00020 | Time(s) 0.0417 | Val Loss 1.5910 | Val Acc 0.4269 | ETputs(KTEPS) 96435.53
2023-10-11 13:36:47,479 - tune.py [line:103] - INFO: Epoch 00040 | Time(s) 0.0413 | Val Loss 1.5630 | Val Acc 0.5000 | ETputs(KTEPS) 97220.45
2023-10-11 13:36:48,291 - tune.py [line:103] - INFO: Epoch 00060 | Time(s) 0.0411 | Val Loss 1.5355 | Val Acc 0.4865 | ETputs(KTEPS) 97905.51
2023-10-11 13:36:49,027 - tune.py [line:103] - INFO: Epoch 00080 | Time(s) 0.0400 | Val Loss 1.5264 | Val Acc 0.4587 | ETputs(KTEPS) 100515.32
2023-10-11 13:36:49,792 - tune.py [line:103] - INFO: Epoch 00100 | Time(s) 0.0396 | Val Loss 1.4953 | Val Acc 0.4942 | ETputs(KTEPS) 101406.46
2023-10-11 13:36:50,571 - tune.py [line:103] - INFO: Epoch 00120 | Time(s) 0.0395 | Val Loss 1.4760 | Val Acc 0.5019 | ETputs(KTEPS) 101780.04
2023-10-11 13:36:51,312 - tune.py [line:103] - INFO: Epoch 00140 | Time(s) 0.0391 | Val Loss 1.4629 | Val Acc 0.5106 | ETputs(KTEPS) 102801.18
2023-10-11 13:36:52,054 - tune.py [line:103] - INFO: Epoch 00160 | Time(s) 0.0388 | Val Loss 1.4551 | Val Acc 0.5115 | ETputs(KTEPS) 103454.75
2023-10-11 13:36:52,797 - tune.py [line:103] - INFO: Epoch 00180 | Time(s) 0.0387 | Val Loss 1.4546 | Val Acc 0.5010 | ETputs(KTEPS) 103962.36
2023-10-11 13:36:53,543 - tune.py [line:103] - INFO: Epoch 00200 | Time(s) 0.0385 | Val Loss 1.4562 | Val Acc 0.4856 | ETputs(KTEPS) 104342.27
2023-10-11 13:36:54,331 - tune.py [line:103] - INFO: Epoch 00220 | Time(s) 0.0386 | Val Loss 1.4366 | Val Acc 0.5087 | ETputs(KTEPS) 104131.02
2023-10-11 13:36:55,055 - tune.py [line:103] - INFO: Epoch 00240 | Time(s) 0.0384 | Val Loss 1.4290 | Val Acc 0.5106 | ETputs(KTEPS) 104679.78
2023-10-11 13:36:55,801 - tune.py [line:103] - INFO: Epoch 00260 | Time(s) 0.0383 | Val Loss 1.4244 | Val Acc 0.5317 | ETputs(KTEPS) 104953.59
2023-10-11 13:36:56,544 - tune.py [line:103] - INFO: Epoch 00280 | Time(s) 0.0382 | Val Loss 1.4197 | Val Acc 0.5221 | ETputs(KTEPS) 105214.54
2023-10-11 13:36:57,277 - tune.py [line:103] - INFO: Epoch 00300 | Time(s) 0.0381 | Val Loss 1.4209 | Val Acc 0.5183 | ETputs(KTEPS) 105505.41
2023-10-11 13:36:57,994 - tune.py [line:103] - INFO: Epoch 00320 | Time(s) 0.0380 | Val Loss 1.4109 | Val Acc 0.5288 | ETputs(KTEPS) 105897.79
2023-10-11 13:36:58,758 - tune.py [line:103] - INFO: Epoch 00340 | Time(s) 0.0379 | Val Loss 1.4100 | Val Acc 0.5356 | ETputs(KTEPS) 105909.70
2023-10-11 13:36:59,496 - tune.py [line:103] - INFO: Epoch 00360 | Time(s) 0.0379 | Val Loss 1.4078 | Val Acc 0.5288 | ETputs(KTEPS) 106075.37
2023-10-11 13:37:00,218 - tune.py [line:103] - INFO: Epoch 00380 | Time(s) 0.0378 | Val Loss 1.4004 | Val Acc 0.5308 | ETputs(KTEPS) 106337.25
2023-10-11 13:37:00,964 - tune.py [line:103] - INFO: Epoch 00400 | Time(s) 0.0378 | Val Loss 1.4022 | Val Acc 0.5231 | ETputs(KTEPS) 106408.80
2023-10-11 13:37:01,717 - tune.py [line:103] - INFO: Epoch 00420 | Time(s) 0.0378 | Val Loss 1.4014 | Val Acc 0.5298 | ETputs(KTEPS) 106428.37
2023-10-11 13:37:02,462 - tune.py [line:103] - INFO: Epoch 00440 | Time(s) 0.0377 | Val Loss 1.3988 | Val Acc 0.5356 | ETputs(KTEPS) 106498.24
2023-10-11 13:37:03,210 - tune.py [line:103] - INFO: Epoch 00460 | Time(s) 0.0377 | Val Loss 1.3957 | Val Acc 0.5452 | ETputs(KTEPS) 106542.92
2023-10-11 13:37:03,951 - tune.py [line:103] - INFO: Epoch 00480 | Time(s) 0.0377 | Val Loss 1.3957 | Val Acc 0.5385 | ETputs(KTEPS) 106635.94
2023-10-11 13:37:04,684 - tune.py [line:103] - INFO: Epoch 00500 | Time(s) 0.0376 | Val Loss 1.3933 | Val Acc 0.5442 | ETputs(KTEPS) 106757.55
2023-10-11 13:37:05,428 - tune.py [line:103] - INFO: Epoch 00520 | Time(s) 0.0376 | Val Loss 1.3906 | Val Acc 0.5375 | ETputs(KTEPS) 106849.51
2023-10-11 13:37:06,185 - tune.py [line:103] - INFO: Epoch 00540 | Time(s) 0.0376 | Val Loss 1.3860 | Val Acc 0.5567 | ETputs(KTEPS) 106865.81
2023-10-11 13:37:06,932 - tune.py [line:103] - INFO: Epoch 00560 | Time(s) 0.0376 | Val Loss 1.3867 | Val Acc 0.5490 | ETputs(KTEPS) 106922.18
2023-10-11 13:37:07,777 - tune.py [line:103] - INFO: Epoch 00580 | Time(s) 0.0377 | Val Loss 1.3930 | Val Acc 0.5375 | ETputs(KTEPS) 106466.72
2023-10-11 13:37:08,712 - tune.py [line:103] - INFO: Epoch 00600 | Time(s) 0.0380 | Val Loss 1.3892 | Val Acc 0.5596 | ETputs(KTEPS) 105629.93
2023-10-11 13:37:09,569 - tune.py [line:103] - INFO: Epoch 00620 | Time(s) 0.0382 | Val Loss 1.3862 | Val Acc 0.5558 | ETputs(KTEPS) 105204.64
2023-10-11 13:37:10,372 - tune.py [line:103] - INFO: Epoch 00640 | Time(s) 0.0383 | Val Loss 1.3850 | Val Acc 0.5558 | ETputs(KTEPS) 105038.26
2023-10-11 13:37:11,401 - tune.py [line:103] - INFO: Epoch 00660 | Time(s) 0.0387 | Val Loss 1.3848 | Val Acc 0.5385 | ETputs(KTEPS) 103957.05
2023-10-11 13:37:12,205 - tune.py [line:103] - INFO: Epoch 00680 | Time(s) 0.0387 | Val Loss 1.3763 | Val Acc 0.5577 | ETputs(KTEPS) 103834.00
2023-10-11 13:37:13,196 - tune.py [line:103] - INFO: Epoch 00700 | Time(s) 0.0390 | Val Loss 1.3784 | Val Acc 0.5635 | ETputs(KTEPS) 103014.14
2023-10-11 13:37:14,321 - tune.py [line:103] - INFO: Epoch 00720 | Time(s) 0.0395 | Val Loss 1.3743 | Val Acc 0.5596 | ETputs(KTEPS) 101765.05
2023-10-11 13:37:15,425 - tune.py [line:103] - INFO: Epoch 00740 | Time(s) 0.0399 | Val Loss 1.3763 | Val Acc 0.5481 | ETputs(KTEPS) 100688.02
2023-10-11 13:37:16,251 - tune.py [line:103] - INFO: Epoch 00760 | Time(s) 0.0399 | Val Loss 1.3730 | Val Acc 0.5548 | ETputs(KTEPS) 100607.02
2023-10-11 13:37:17,056 - tune.py [line:103] - INFO: Epoch 00780 | Time(s) 0.0400 | Val Loss 1.3725 | Val Acc 0.5673 | ETputs(KTEPS) 100595.66
2023-10-11 13:37:18,073 - tune.py [line:103] - INFO: Epoch 00800 | Time(s) 0.0402 | Val Loss 1.3739 | Val Acc 0.5644 | ETputs(KTEPS) 99919.49
2023-10-11 13:37:18,936 - tune.py [line:103] - INFO: Epoch 00820 | Time(s) 0.0403 | Val Loss 1.3732 | Val Acc 0.5548 | ETputs(KTEPS) 99744.90
2023-10-11 13:37:19,782 - tune.py [line:103] - INFO: Epoch 00840 | Time(s) 0.0403 | Val Loss 1.3758 | Val Acc 0.5577 | ETputs(KTEPS) 99628.84
2023-10-11 13:37:20,806 - tune.py [line:103] - INFO: Epoch 00860 | Time(s) 0.0406 | Val Loss 1.3695 | Val Acc 0.5644 | ETputs(KTEPS) 99008.60
2023-10-11 13:37:21,673 - tune.py [line:103] - INFO: Epoch 00880 | Time(s) 0.0407 | Val Loss 1.3755 | Val Acc 0.5538 | ETputs(KTEPS) 98859.61
2023-10-11 13:37:22,476 - tune.py [line:103] - INFO: Epoch 00900 | Time(s) 0.0406 | Val Loss 1.3740 | Val Acc 0.5529 | ETputs(KTEPS) 98886.10
2023-10-11 13:37:23,283 - tune.py [line:103] - INFO: Epoch 00920 | Time(s) 0.0406 | Val Loss 1.3725 | Val Acc 0.5712 | ETputs(KTEPS) 98903.10
2023-10-11 13:37:24,160 - tune.py [line:103] - INFO: Epoch 00940 | Time(s) 0.0407 | Val Loss 1.3697 | Val Acc 0.5663 | ETputs(KTEPS) 98739.42
2023-10-11 13:37:24,973 - tune.py [line:103] - INFO: Epoch 00960 | Time(s) 0.0407 | Val Loss 1.3727 | Val Acc 0.5615 | ETputs(KTEPS) 98742.96
2023-10-11 13:37:25,779 - tune.py [line:103] - INFO: Epoch 00980 | Time(s) 0.0407 | Val Loss 1.3754 | Val Acc 0.5548 | ETputs(KTEPS) 98763.31
2023-10-11 13:37:26,593 - tune.py [line:103] - INFO: Epoch 01000 | Time(s) 0.0407 | Val Loss 1.3720 | Val Acc 0.5596 | ETputs(KTEPS) 98765.33
2023-10-11 13:37:27,419 - tune.py [line:103] - INFO: Epoch 01020 | Time(s) 0.0407 | Val Loss 1.3719 | Val Acc 0.5663 | ETputs(KTEPS) 98735.74
2023-10-11 13:37:28,354 - tune.py [line:103] - INFO: Epoch 01040 | Time(s) 0.0408 | Val Loss 1.3744 | Val Acc 0.5635 | ETputs(KTEPS) 98456.11
2023-10-11 13:37:29,169 - tune.py [line:103] - INFO: Epoch 01060 | Time(s) 0.0408 | Val Loss 1.3768 | Val Acc 0.5654 | ETputs(KTEPS) 98460.86
2023-10-11 13:37:29,994 - tune.py [line:103] - INFO: Epoch 01080 | Time(s) 0.0408 | Val Loss 1.3764 | Val Acc 0.5663 | ETputs(KTEPS) 98449.73
2023-10-11 13:37:30,801 - tune.py [line:103] - INFO: Epoch 01100 | Time(s) 0.0408 | Val Loss 1.3766 | Val Acc 0.5596 | ETputs(KTEPS) 98471.71
2023-10-11 13:37:31,607 - tune.py [line:103] - INFO: Epoch 01120 | Time(s) 0.0408 | Val Loss 1.3811 | Val Acc 0.5692 | ETputs(KTEPS) 98495.37
2023-10-11 13:37:32,560 - tune.py [line:103] - INFO: Epoch 01140 | Time(s) 0.0409 | Val Loss 1.3831 | Val Acc 0.5625 | ETputs(KTEPS) 98206.86
2023-10-11 13:37:33,366 - tune.py [line:103] - INFO: Epoch 01160 | Time(s) 0.0409 | Val Loss 1.3795 | Val Acc 0.5683 | ETputs(KTEPS) 98234.13
2023-10-11 13:37:34,171 - tune.py [line:103] - INFO: Epoch 01180 | Time(s) 0.0409 | Val Loss 1.3810 | Val Acc 0.5750 | ETputs(KTEPS) 98266.39
2023-10-11 13:37:34,984 - tune.py [line:103] - INFO: Epoch 01200 | Time(s) 0.0409 | Val Loss 1.3844 | Val Acc 0.5712 | ETputs(KTEPS) 98275.75
2023-10-11 13:37:35,801 - tune.py [line:103] - INFO: Epoch 01220 | Time(s) 0.0409 | Val Loss 1.3857 | Val Acc 0.5635 | ETputs(KTEPS) 98278.66
2023-10-11 13:37:36,606 - tune.py [line:103] - INFO: Epoch 01240 | Time(s) 0.0409 | Val Loss 1.3915 | Val Acc 0.5500 | ETputs(KTEPS) 98304.93
2023-10-11 13:37:37,412 - tune.py [line:103] - INFO: Epoch 01260 | Time(s) 0.0409 | Val Loss 1.3900 | Val Acc 0.5683 | ETputs(KTEPS) 98327.71
2023-10-11 13:37:38,216 - tune.py [line:103] - INFO: Epoch 01280 | Time(s) 0.0409 | Val Loss 1.3860 | Val Acc 0.5654 | ETputs(KTEPS) 98353.87
2023-10-11 13:37:39,044 - tune.py [line:103] - INFO: Epoch 01300 | Time(s) 0.0409 | Val Loss 1.3949 | Val Acc 0.5538 | ETputs(KTEPS) 98335.43
2023-10-11 13:37:39,847 - tune.py [line:103] - INFO: Epoch 01320 | Time(s) 0.0409 | Val Loss 1.3890 | Val Acc 0.5615 | ETputs(KTEPS) 98362.51
2023-10-11 13:37:40,715 - tune.py [line:103] - INFO: Epoch 01340 | Time(s) 0.0409 | Val Loss 1.3913 | Val Acc 0.5692 | ETputs(KTEPS) 98272.79
2023-10-11 13:37:41,634 - tune.py [line:103] - INFO: Epoch 01360 | Time(s) 0.0410 | Val Loss 1.3909 | Val Acc 0.5683 | ETputs(KTEPS) 98095.33
2023-10-11 13:37:42,429 - tune.py [line:103] - INFO: Epoch 01380 | Time(s) 0.0410 | Val Loss 1.3923 | Val Acc 0.5644 | ETputs(KTEPS) 98139.10
2023-10-11 13:37:43,267 - tune.py [line:103] - INFO: Epoch 01400 | Time(s) 0.0410 | Val Loss 1.3900 | Val Acc 0.5577 | ETputs(KTEPS) 98107.79
2023-10-11 13:37:44,080 - tune.py [line:103] - INFO: Epoch 01420 | Time(s) 0.0410 | Val Loss 1.3901 | Val Acc 0.5644 | ETputs(KTEPS) 98119.88
2023-10-11 13:37:44,877 - tune.py [line:103] - INFO: Epoch 01440 | Time(s) 0.0409 | Val Loss 1.3910 | Val Acc 0.5596 | ETputs(KTEPS) 98157.96
2023-10-11 13:37:45,691 - tune.py [line:103] - INFO: Epoch 01460 | Time(s) 0.0409 | Val Loss 1.3905 | Val Acc 0.5663 | ETputs(KTEPS) 98166.51
2023-10-11 13:37:45,845 - tune.py [line:117] - INFO: [FINAL MODEL] Val accuracy 58.27% \Val loss: 1.4
2023-10-11 13:37:45,853 - tune.py [line:119] - INFO: [FINAL MODEL] Test accuracy 58.02% \Test loss: 1.4
2023-10-11 13:37:45,853 - tune.py [line:144] - INFO: Acc on the first split (Validation Set): 0.5827
2023-10-11 13:37:45,853 - tune.py [line:145] - INFO: Acc on the first split (Test Set): 0.5802
