2023-10-11 13:31:20,417 - tune.py [line:203] - INFO: Namespace(seed=42, model='NormalNNV2', gpu=0, dataset='geom-squirrel', logging=True, log_detail=True, log_detailedCh=False, id_log=1011014506, optuna_n_trials=202, n_epochs=2000, self_loop=True, udgraph=True, early_stop=True, patience=300, n_hidden=64, n_cv=1, start_cv=0, n_layers=20, lr1=0.01, lr2=0.03, wd1=1e-08, wd2=1e-06, dropout=0.3, dropout2=0.0, es_ckpt='TestTuningScript-geom-squirrel_NormalNNV2-geom-squirrel_trialNo32')
2023-10-11 13:31:22,849 - tune.py [line:128] - INFO: Split_seeds:[1824]
2023-10-11 13:31:22,849 - tune.py [line:129] - INFO: Model_seeds:[409]
2023-10-11 13:31:24,082 - tune.py [line:103] - INFO: Epoch 00020 | Time(s) 0.0602 | Val Loss 1.5968 | Val Acc 0.4000 | ETputs(KTEPS) 66756.28
2023-10-11 13:31:25,332 - tune.py [line:103] - INFO: Epoch 00040 | Time(s) 0.0609 | Val Loss 1.5748 | Val Acc 0.4731 | ETputs(KTEPS) 66036.39
2023-10-11 13:31:26,817 - tune.py [line:103] - INFO: Epoch 00060 | Time(s) 0.0653 | Val Loss 1.5522 | Val Acc 0.4798 | ETputs(KTEPS) 61535.16
2023-10-11 13:31:28,070 - tune.py [line:103] - INFO: Epoch 00080 | Time(s) 0.0646 | Val Loss 1.5312 | Val Acc 0.4923 | ETputs(KTEPS) 62229.15
2023-10-11 13:31:29,611 - tune.py [line:103] - INFO: Epoch 00100 | Time(s) 0.0668 | Val Loss 1.5082 | Val Acc 0.5038 | ETputs(KTEPS) 60136.93
2023-10-11 13:31:31,094 - tune.py [line:103] - INFO: Epoch 00120 | Time(s) 0.0680 | Val Loss 1.4926 | Val Acc 0.4962 | ETputs(KTEPS) 59061.77
2023-10-11 13:31:32,438 - tune.py [line:103] - INFO: Epoch 00140 | Time(s) 0.0679 | Val Loss 1.4762 | Val Acc 0.4971 | ETputs(KTEPS) 59171.87
2023-10-11 13:31:33,842 - tune.py [line:103] - INFO: Epoch 00160 | Time(s) 0.0682 | Val Loss 1.4639 | Val Acc 0.5067 | ETputs(KTEPS) 58943.94
2023-10-11 13:31:35,105 - tune.py [line:103] - INFO: Epoch 00180 | Time(s) 0.0676 | Val Loss 1.4579 | Val Acc 0.4808 | ETputs(KTEPS) 59433.19
2023-10-11 13:31:36,441 - tune.py [line:103] - INFO: Epoch 00200 | Time(s) 0.0675 | Val Loss 1.4364 | Val Acc 0.5106 | ETputs(KTEPS) 59507.39
2023-10-11 13:31:37,691 - tune.py [line:103] - INFO: Epoch 00220 | Time(s) 0.0671 | Val Loss 1.4492 | Val Acc 0.4663 | ETputs(KTEPS) 59914.79
2023-10-11 13:31:38,951 - tune.py [line:103] - INFO: Epoch 00240 | Time(s) 0.0667 | Val Loss 1.4284 | Val Acc 0.4923 | ETputs(KTEPS) 60226.33
2023-10-11 13:31:40,153 - tune.py [line:103] - INFO: Epoch 00260 | Time(s) 0.0662 | Val Loss 1.4100 | Val Acc 0.4933 | ETputs(KTEPS) 60690.28
2023-10-11 13:31:41,168 - tune.py [line:103] - INFO: Epoch 00280 | Time(s) 0.0651 | Val Loss 1.4353 | Val Acc 0.4683 | ETputs(KTEPS) 61722.64
2023-10-11 13:31:42,187 - tune.py [line:103] - INFO: Epoch 00300 | Time(s) 0.0642 | Val Loss 1.4075 | Val Acc 0.4933 | ETputs(KTEPS) 62632.88
2023-10-11 13:31:43,203 - tune.py [line:103] - INFO: Epoch 00320 | Time(s) 0.0633 | Val Loss 1.3993 | Val Acc 0.4721 | ETputs(KTEPS) 63460.27
2023-10-11 13:31:44,507 - tune.py [line:103] - INFO: Epoch 00340 | Time(s) 0.0634 | Val Loss 1.3994 | Val Acc 0.4846 | ETputs(KTEPS) 63349.88
2023-10-11 13:31:45,781 - tune.py [line:103] - INFO: Epoch 00360 | Time(s) 0.0635 | Val Loss 1.3923 | Val Acc 0.4904 | ETputs(KTEPS) 63339.05
2023-10-11 13:31:47,215 - tune.py [line:103] - INFO: Epoch 00380 | Time(s) 0.0639 | Val Loss 1.3841 | Val Acc 0.4923 | ETputs(KTEPS) 62911.52
2023-10-11 13:31:48,683 - tune.py [line:103] - INFO: Epoch 00400 | Time(s) 0.0644 | Val Loss 1.3860 | Val Acc 0.4923 | ETputs(KTEPS) 62447.50
2023-10-11 13:31:50,254 - tune.py [line:103] - INFO: Epoch 00420 | Time(s) 0.0650 | Val Loss 1.3855 | Val Acc 0.4846 | ETputs(KTEPS) 61801.31
2023-10-11 13:31:51,708 - tune.py [line:103] - INFO: Epoch 00440 | Time(s) 0.0654 | Val Loss 1.3830 | Val Acc 0.4750 | ETputs(KTEPS) 61473.59
2023-10-11 13:31:52,512 - tune.py [line:117] - INFO: [FINAL MODEL] Val accuracy 51.25% \Val loss: 1.5
2023-10-11 13:31:52,527 - tune.py [line:119] - INFO: [FINAL MODEL] Test accuracy 51.01% \Test loss: 1.5
2023-10-11 13:31:52,527 - tune.py [line:144] - INFO: Acc on the first split (Validation Set): 0.5125
2023-10-11 13:31:52,527 - tune.py [line:145] - INFO: Acc on the first split (Test Set): 0.5101
