2023-10-11 13:30:32,560 - tune.py [line:203] - INFO: Namespace(seed=42, model='NormalNNV2', gpu=0, dataset='geom-squirrel', logging=True, log_detail=True, log_detailedCh=False, id_log=1011014506, optuna_n_trials=202, n_epochs=2000, self_loop=True, udgraph=True, early_stop=True, patience=300, n_hidden=64, n_cv=1, start_cv=0, n_layers=20, lr1=0.01, lr2=0.04, wd1=1e-06, wd2=1e-08, dropout=0.0, dropout2=0.1, es_ckpt='TestTuningScript-geom-squirrel_NormalNNV2-geom-squirrel_trialNo25')
2023-10-11 13:30:34,937 - tune.py [line:128] - INFO: Split_seeds:[1824]
2023-10-11 13:30:34,937 - tune.py [line:129] - INFO: Model_seeds:[409]
2023-10-11 13:30:36,196 - tune.py [line:103] - INFO: Epoch 00020 | Time(s) 0.0609 | Val Loss 1.5923 | Val Acc 0.4125 | ETputs(KTEPS) 65996.78
2023-10-11 13:30:37,437 - tune.py [line:103] - INFO: Epoch 00040 | Time(s) 0.0611 | Val Loss 1.5639 | Val Acc 0.4654 | ETputs(KTEPS) 65746.78
2023-10-11 13:30:39,058 - tune.py [line:103] - INFO: Epoch 00060 | Time(s) 0.0673 | Val Loss 1.5342 | Val Acc 0.4971 | ETputs(KTEPS) 59720.32
2023-10-11 13:30:40,494 - tune.py [line:103] - INFO: Epoch 00080 | Time(s) 0.0683 | Val Loss 1.5080 | Val Acc 0.5087 | ETputs(KTEPS) 58863.66
2023-10-11 13:30:41,701 - tune.py [line:103] - INFO: Epoch 00100 | Time(s) 0.0667 | Val Loss 1.4903 | Val Acc 0.4962 | ETputs(KTEPS) 60262.62
2023-10-11 13:30:42,928 - tune.py [line:103] - INFO: Epoch 00120 | Time(s) 0.0658 | Val Loss 1.4927 | Val Acc 0.4721 | ETputs(KTEPS) 61080.25
2023-10-11 13:30:44,156 - tune.py [line:103] - INFO: Epoch 00140 | Time(s) 0.0652 | Val Loss 1.4569 | Val Acc 0.4990 | ETputs(KTEPS) 61674.69
2023-10-11 13:30:45,384 - tune.py [line:103] - INFO: Epoch 00160 | Time(s) 0.0647 | Val Loss 1.4424 | Val Acc 0.4933 | ETputs(KTEPS) 62127.23
2023-10-11 13:30:46,612 - tune.py [line:103] - INFO: Epoch 00180 | Time(s) 0.0643 | Val Loss 1.4407 | Val Acc 0.4788 | ETputs(KTEPS) 62481.00
2023-10-11 13:30:47,827 - tune.py [line:103] - INFO: Epoch 00200 | Time(s) 0.0640 | Val Loss 1.4191 | Val Acc 0.4962 | ETputs(KTEPS) 62831.58
2023-10-11 13:30:49,045 - tune.py [line:103] - INFO: Epoch 00220 | Time(s) 0.0637 | Val Loss 1.4164 | Val Acc 0.4788 | ETputs(KTEPS) 63108.13
2023-10-11 13:30:50,274 - tune.py [line:103] - INFO: Epoch 00240 | Time(s) 0.0635 | Val Loss 1.4125 | Val Acc 0.4904 | ETputs(KTEPS) 63296.06
2023-10-11 13:30:51,482 - tune.py [line:103] - INFO: Epoch 00260 | Time(s) 0.0633 | Val Loss 1.3961 | Val Acc 0.5029 | ETputs(KTEPS) 63535.98
2023-10-11 13:30:52,730 - tune.py [line:103] - INFO: Epoch 00280 | Time(s) 0.0632 | Val Loss 1.4395 | Val Acc 0.4567 | ETputs(KTEPS) 63597.60
2023-10-11 13:30:53,933 - tune.py [line:103] - INFO: Epoch 00300 | Time(s) 0.0630 | Val Loss 1.3995 | Val Acc 0.4750 | ETputs(KTEPS) 63804.51
2023-10-11 13:30:55,154 - tune.py [line:103] - INFO: Epoch 00320 | Time(s) 0.0629 | Val Loss 1.3883 | Val Acc 0.4837 | ETputs(KTEPS) 63928.71
2023-10-11 13:30:56,363 - tune.py [line:103] - INFO: Epoch 00340 | Time(s) 0.0627 | Val Loss 1.4017 | Val Acc 0.4760 | ETputs(KTEPS) 64077.17
2023-10-11 13:30:57,600 - tune.py [line:103] - INFO: Epoch 00360 | Time(s) 0.0627 | Val Loss 1.3865 | Val Acc 0.4894 | ETputs(KTEPS) 64126.03
2023-10-11 13:30:58,161 - tune.py [line:117] - INFO: [FINAL MODEL] Val accuracy 51.54% \Val loss: 1.5
2023-10-11 13:30:58,176 - tune.py [line:119] - INFO: [FINAL MODEL] Test accuracy 52.55% \Test loss: 1.5
2023-10-11 13:30:58,176 - tune.py [line:144] - INFO: Acc on the first split (Validation Set): 0.5154
2023-10-11 13:30:58,177 - tune.py [line:145] - INFO: Acc on the first split (Test Set): 0.5255
