2023-10-11 13:42:57,076 - tune.py [line:203] - INFO: Namespace(seed=42, model='NormalNNV2', gpu=0, dataset='geom-squirrel', logging=True, log_detail=True, log_detailedCh=False, id_log=1011014506, optuna_n_trials=202, n_epochs=2000, self_loop=True, udgraph=True, early_stop=True, patience=300, n_hidden=64, n_cv=1, start_cv=0, n_layers=8, lr1=0.03, lr2=0.02, wd1=1e-07, wd2=0.001, dropout=0.1, dropout2=0.5, es_ckpt='TestTuningScript-geom-squirrel_NormalNNV2-geom-squirrel_trialNo91')
2023-10-11 13:42:59,412 - tune.py [line:128] - INFO: Split_seeds:[1824]
2023-10-11 13:42:59,413 - tune.py [line:129] - INFO: Model_seeds:[409]
2023-10-11 13:43:00,007 - tune.py [line:103] - INFO: Epoch 00020 | Time(s) 0.0284 | Val Loss 1.6012 | Val Acc 0.4346 | ETputs(KTEPS) 141519.62
2023-10-11 13:43:00,616 - tune.py [line:103] - INFO: Epoch 00040 | Time(s) 0.0290 | Val Loss 1.5909 | Val Acc 0.5135 | ETputs(KTEPS) 138524.35
2023-10-11 13:43:01,203 - tune.py [line:103] - INFO: Epoch 00060 | Time(s) 0.0291 | Val Loss 1.5842 | Val Acc 0.5163 | ETputs(KTEPS) 138110.12
2023-10-11 13:43:01,818 - tune.py [line:103] - INFO: Epoch 00080 | Time(s) 0.0294 | Val Loss 1.5797 | Val Acc 0.5462 | ETputs(KTEPS) 136525.46
2023-10-11 13:43:02,409 - tune.py [line:103] - INFO: Epoch 00100 | Time(s) 0.0294 | Val Loss 1.5770 | Val Acc 0.5644 | ETputs(KTEPS) 136834.81
2023-10-11 13:43:03,004 - tune.py [line:103] - INFO: Epoch 00120 | Time(s) 0.0294 | Val Loss 1.5768 | Val Acc 0.5529 | ETputs(KTEPS) 136537.54
2023-10-11 13:43:03,581 - tune.py [line:103] - INFO: Epoch 00140 | Time(s) 0.0294 | Val Loss 1.5782 | Val Acc 0.5500 | ETputs(KTEPS) 136928.47
2023-10-11 13:43:04,159 - tune.py [line:103] - INFO: Epoch 00160 | Time(s) 0.0293 | Val Loss 1.5788 | Val Acc 0.5144 | ETputs(KTEPS) 137222.32
2023-10-11 13:43:04,754 - tune.py [line:103] - INFO: Epoch 00180 | Time(s) 0.0293 | Val Loss 1.5797 | Val Acc 0.5346 | ETputs(KTEPS) 136982.95
2023-10-11 13:43:05,340 - tune.py [line:103] - INFO: Epoch 00200 | Time(s) 0.0293 | Val Loss 1.5800 | Val Acc 0.5327 | ETputs(KTEPS) 137017.88
2023-10-11 13:43:05,958 - tune.py [line:103] - INFO: Epoch 00220 | Time(s) 0.0295 | Val Loss 1.5814 | Val Acc 0.5298 | ETputs(KTEPS) 136346.20
2023-10-11 13:43:06,548 - tune.py [line:103] - INFO: Epoch 00240 | Time(s) 0.0295 | Val Loss 1.5819 | Val Acc 0.5231 | ETputs(KTEPS) 136340.42
2023-10-11 13:43:07,159 - tune.py [line:103] - INFO: Epoch 00260 | Time(s) 0.0296 | Val Loss 1.5823 | Val Acc 0.5298 | ETputs(KTEPS) 135968.66
2023-10-11 13:43:07,766 - tune.py [line:103] - INFO: Epoch 00280 | Time(s) 0.0296 | Val Loss 1.5817 | Val Acc 0.5231 | ETputs(KTEPS) 135727.71
2023-10-11 13:43:08,377 - tune.py [line:103] - INFO: Epoch 00300 | Time(s) 0.0297 | Val Loss 1.5829 | Val Acc 0.5288 | ETputs(KTEPS) 135447.23
2023-10-11 13:43:08,950 - tune.py [line:103] - INFO: Epoch 00320 | Time(s) 0.0296 | Val Loss 1.5831 | Val Acc 0.5510 | ETputs(KTEPS) 135735.05
2023-10-11 13:43:09,535 - tune.py [line:103] - INFO: Epoch 00340 | Time(s) 0.0296 | Val Loss 1.5832 | Val Acc 0.5250 | ETputs(KTEPS) 135839.85
2023-10-11 13:43:10,163 - tune.py [line:103] - INFO: Epoch 00360 | Time(s) 0.0297 | Val Loss 1.5841 | Val Acc 0.5192 | ETputs(KTEPS) 135380.12
2023-10-11 13:43:10,753 - tune.py [line:103] - INFO: Epoch 00380 | Time(s) 0.0297 | Val Loss 1.5842 | Val Acc 0.5231 | ETputs(KTEPS) 135434.69
2023-10-11 13:43:11,084 - tune.py [line:117] - INFO: [FINAL MODEL] Val accuracy 56.92% \Val loss: 1.6
2023-10-11 13:43:11,090 - tune.py [line:119] - INFO: [FINAL MODEL] Test accuracy 57.06% \Test loss: 1.6
2023-10-11 13:43:11,090 - tune.py [line:144] - INFO: Acc on the first split (Validation Set): 0.5692
2023-10-11 13:43:11,090 - tune.py [line:145] - INFO: Acc on the first split (Test Set): 0.5706
