2023-10-15 15:03:06,440 - tune.py [line:202] - INFO: Namespace(seed=42, model='NormalNN', gpu=1, dataset='genius', logging=True, log_detail=True, log_detailedCh=False, id_log=1015014501, optuna_n_trials=202, n_epochs=2000, self_loop=False, udgraph=True, early_stop=True, patience=300, n_hidden=64, n_cv=1, start_cv=0, n_layers=4, lr1=0.05, lr2=0.0005, wd1=1e-08, wd2=1e-08, dropout=0.9, dropout2=0.2, es_ckpt='woselfloop-genius_NormalNN-genius_trialNo5')
2023-10-15 15:03:06,765 - tune.py [line:127] - INFO: Split_seeds:[1824]
2023-10-15 15:03:06,765 - tune.py [line:128] - INFO: Model_seeds:[409]
2023-10-15 15:03:14,983 - tune.py [line:97] - INFO: Epoch 00020 | Time(s) 0.3919 | Val Loss 0.5229 | Val Acc 0.5290 |  Train Acc 0.5277 | ETputs(KTEPS) 47092.64
2023-10-15 15:03:22,893 - tune.py [line:97] - INFO: Epoch 00040 | Time(s) 0.3937 | Val Loss 0.4997 | Val Acc 0.5461 |  Train Acc 0.5442 | ETputs(KTEPS) 46884.34
2023-10-15 15:03:30,874 - tune.py [line:97] - INFO: Epoch 00060 | Time(s) 0.3953 | Val Loss 0.4992 | Val Acc 0.6374 |  Train Acc 0.6400 | ETputs(KTEPS) 46691.17
2023-10-15 15:03:38,876 - tune.py [line:97] - INFO: Epoch 00080 | Time(s) 0.3963 | Val Loss 0.4979 | Val Acc 0.6730 |  Train Acc 0.6748 | ETputs(KTEPS) 46570.36
2023-10-15 15:03:46,756 - tune.py [line:97] - INFO: Epoch 00100 | Time(s) 0.3958 | Val Loss 0.4969 | Val Acc 0.6789 |  Train Acc 0.6826 | ETputs(KTEPS) 46631.81
2023-10-15 15:03:54,780 - tune.py [line:97] - INFO: Epoch 00120 | Time(s) 0.3967 | Val Loss 0.4955 | Val Acc 0.6885 |  Train Acc 0.6884 | ETputs(KTEPS) 46530.71
2023-10-15 15:04:02,812 - tune.py [line:97] - INFO: Epoch 00140 | Time(s) 0.3973 | Val Loss 0.4937 | Val Acc 0.6906 |  Train Acc 0.6911 | ETputs(KTEPS) 46453.33
2023-10-15 15:04:10,680 - tune.py [line:97] - INFO: Epoch 00160 | Time(s) 0.3968 | Val Loss 0.4924 | Val Acc 0.6926 |  Train Acc 0.6960 | ETputs(KTEPS) 46512.23
2023-10-15 15:04:18,613 - tune.py [line:97] - INFO: Epoch 00180 | Time(s) 0.3968 | Val Loss 0.4907 | Val Acc 0.6972 |  Train Acc 0.6986 | ETputs(KTEPS) 46516.58
2023-10-15 15:04:26,917 - tune.py [line:97] - INFO: Epoch 00200 | Time(s) 0.3986 | Val Loss 0.4890 | Val Acc 0.6935 |  Train Acc 0.6965 | ETputs(KTEPS) 46302.88
2023-10-15 15:04:34,760 - tune.py [line:97] - INFO: Epoch 00220 | Time(s) 0.3980 | Val Loss 0.4864 | Val Acc 0.6962 |  Train Acc 0.7003 | ETputs(KTEPS) 46373.32
2023-10-15 15:04:42,866 - tune.py [line:97] - INFO: Epoch 00240 | Time(s) 0.3986 | Val Loss 0.4844 | Val Acc 0.6929 |  Train Acc 0.6939 | ETputs(KTEPS) 46303.95
2023-10-15 15:04:51,600 - tune.py [line:97] - INFO: Epoch 00260 | Time(s) 0.4015 | Val Loss 0.4821 | Val Acc 0.6971 |  Train Acc 0.6992 | ETputs(KTEPS) 45967.14
2023-10-15 15:04:59,846 - tune.py [line:97] - INFO: Epoch 00280 | Time(s) 0.4023 | Val Loss 0.4790 | Val Acc 0.7010 |  Train Acc 0.7038 | ETputs(KTEPS) 45879.91
2023-10-15 15:05:07,984 - tune.py [line:97] - INFO: Epoch 00300 | Time(s) 0.4026 | Val Loss 0.4777 | Val Acc 0.6960 |  Train Acc 0.6961 | ETputs(KTEPS) 45845.43
2023-10-15 15:05:16,223 - tune.py [line:97] - INFO: Epoch 00320 | Time(s) 0.4032 | Val Loss 0.4736 | Val Acc 0.6965 |  Train Acc 0.6983 | ETputs(KTEPS) 45779.75
2023-10-15 15:05:24,227 - tune.py [line:97] - INFO: Epoch 00340 | Time(s) 0.4030 | Val Loss 0.4739 | Val Acc 0.6904 |  Train Acc 0.6917 | ETputs(KTEPS) 45800.17
2023-10-15 15:05:32,298 - tune.py [line:97] - INFO: Epoch 00360 | Time(s) 0.4030 | Val Loss 0.4702 | Val Acc 0.6914 |  Train Acc 0.6935 | ETputs(KTEPS) 45797.12
2023-10-15 15:05:40,610 - tune.py [line:97] - INFO: Epoch 00380 | Time(s) 0.4037 | Val Loss 0.4670 | Val Acc 0.6954 |  Train Acc 0.6959 | ETputs(KTEPS) 45722.46
2023-10-15 15:05:48,583 - tune.py [line:97] - INFO: Epoch 00400 | Time(s) 0.4034 | Val Loss 0.4658 | Val Acc 0.6996 |  Train Acc 0.6994 | ETputs(KTEPS) 45751.39
2023-10-15 15:05:56,720 - tune.py [line:97] - INFO: Epoch 00420 | Time(s) 0.4036 | Val Loss 0.4655 | Val Acc 0.6898 |  Train Acc 0.6911 | ETputs(KTEPS) 45733.54
2023-10-15 15:06:04,856 - tune.py [line:97] - INFO: Epoch 00440 | Time(s) 0.4037 | Val Loss 0.4628 | Val Acc 0.6903 |  Train Acc 0.6922 | ETputs(KTEPS) 45717.28
2023-10-15 15:06:13,177 - tune.py [line:97] - INFO: Epoch 00460 | Time(s) 0.4043 | Val Loss 0.4615 | Val Acc 0.6934 |  Train Acc 0.6983 | ETputs(KTEPS) 45657.17
2023-10-15 15:06:21,503 - tune.py [line:97] - INFO: Epoch 00480 | Time(s) 0.4048 | Val Loss 0.4618 | Val Acc 0.6908 |  Train Acc 0.6946 | ETputs(KTEPS) 45601.10
2023-10-15 15:06:30,224 - tune.py [line:97] - INFO: Epoch 00500 | Time(s) 0.4060 | Val Loss 0.4603 | Val Acc 0.6944 |  Train Acc 0.6961 | ETputs(KTEPS) 45460.97
2023-10-15 15:06:38,490 - tune.py [line:97] - INFO: Epoch 00520 | Time(s) 0.4063 | Val Loss 0.4592 | Val Acc 0.6922 |  Train Acc 0.6946 | ETputs(KTEPS) 45429.77
2023-10-15 15:06:39,799 - tune.py [line:117] - INFO: [FINAL MODEL] Val accuracy 79.24% \Val loss: 0.5
2023-10-15 15:06:39,799 - tune.py [line:118] - INFO: [FINAL MODEL] Test accuracy 79.30% \Test loss: 0.5
2023-10-15 15:06:39,800 - tune.py [line:143] - INFO: Acc on the first split (Validation Set): 0.7924
2023-10-15 15:06:39,800 - tune.py [line:144] - INFO: Acc on the first split (Test Set): 0.7930
