2023-10-15 15:01:50,178 - tune.py [line:202] - INFO: Namespace(seed=42, model='NormalNN', gpu=0, dataset='genius', logging=True, log_detail=True, log_detailedCh=False, id_log=1015014501, optuna_n_trials=202, n_epochs=2000, self_loop=False, udgraph=True, early_stop=True, patience=300, n_hidden=64, n_cv=1, start_cv=0, n_layers=8, lr1=0.0005, lr2=0.001, wd1=1e-05, wd2=1e-07, dropout=0.6, dropout2=0.6, es_ckpt='woselfloop-genius_NormalNN-genius_trialNo4')
2023-10-15 15:01:50,638 - tune.py [line:127] - INFO: Split_seeds:[1824]
2023-10-15 15:01:50,638 - tune.py [line:128] - INFO: Model_seeds:[409]
2023-10-15 15:02:05,133 - tune.py [line:97] - INFO: Epoch 00020 | Time(s) 0.7121 | Val Loss 0.6941 | Val Acc 0.6065 |  Train Acc 0.6093 | ETputs(KTEPS) 25921.15
2023-10-15 15:02:19,255 - tune.py [line:97] - INFO: Epoch 00040 | Time(s) 0.7087 | Val Loss 0.6910 | Val Acc 0.6240 |  Train Acc 0.6310 | ETputs(KTEPS) 26042.97
2023-10-15 15:02:33,239 - tune.py [line:97] - INFO: Epoch 00060 | Time(s) 0.7055 | Val Loss 0.6880 | Val Acc 0.6293 |  Train Acc 0.6282 | ETputs(KTEPS) 26160.79
2023-10-15 15:02:47,407 - tune.py [line:97] - INFO: Epoch 00080 | Time(s) 0.7062 | Val Loss 0.6850 | Val Acc 0.6315 |  Train Acc 0.6364 | ETputs(KTEPS) 26134.80
2023-10-15 15:03:02,219 - tune.py [line:97] - INFO: Epoch 00100 | Time(s) 0.7131 | Val Loss 0.6820 | Val Acc 0.6345 |  Train Acc 0.6390 | ETputs(KTEPS) 25883.70
2023-10-15 15:03:15,788 - tune.py [line:97] - INFO: Epoch 00120 | Time(s) 0.7073 | Val Loss 0.6789 | Val Acc 0.6327 |  Train Acc 0.6362 | ETputs(KTEPS) 26095.36
2023-10-15 15:03:28,842 - tune.py [line:97] - INFO: Epoch 00140 | Time(s) 0.6995 | Val Loss 0.6759 | Val Acc 0.6353 |  Train Acc 0.6418 | ETputs(KTEPS) 26386.88
2023-10-15 15:03:42,224 - tune.py [line:97] - INFO: Epoch 00160 | Time(s) 0.6957 | Val Loss 0.6728 | Val Acc 0.6327 |  Train Acc 0.6394 | ETputs(KTEPS) 26531.49
2023-10-15 15:03:55,388 - tune.py [line:97] - INFO: Epoch 00180 | Time(s) 0.6915 | Val Loss 0.6698 | Val Acc 0.6364 |  Train Acc 0.6418 | ETputs(KTEPS) 26691.59
2023-10-15 15:04:08,664 - tune.py [line:97] - INFO: Epoch 00200 | Time(s) 0.6887 | Val Loss 0.6666 | Val Acc 0.6306 |  Train Acc 0.6348 | ETputs(KTEPS) 26799.62
2023-10-15 15:04:22,088 - tune.py [line:97] - INFO: Epoch 00220 | Time(s) 0.6871 | Val Loss 0.6637 | Val Acc 0.6257 |  Train Acc 0.6288 | ETputs(KTEPS) 26862.12
2023-10-15 15:04:35,670 - tune.py [line:97] - INFO: Epoch 00240 | Time(s) 0.6864 | Val Loss 0.6604 | Val Acc 0.6264 |  Train Acc 0.6323 | ETputs(KTEPS) 26888.56
2023-10-15 15:04:48,657 - tune.py [line:97] - INFO: Epoch 00260 | Time(s) 0.6836 | Val Loss 0.6574 | Val Acc 0.6277 |  Train Acc 0.6295 | ETputs(KTEPS) 27000.96
2023-10-15 15:05:01,824 - tune.py [line:97] - INFO: Epoch 00280 | Time(s) 0.6818 | Val Loss 0.6542 | Val Acc 0.6261 |  Train Acc 0.6298 | ETputs(KTEPS) 27072.62
2023-10-15 15:05:15,171 - tune.py [line:97] - INFO: Epoch 00300 | Time(s) 0.6808 | Val Loss 0.6513 | Val Acc 0.6223 |  Train Acc 0.6278 | ETputs(KTEPS) 27111.14
2023-10-15 15:05:28,396 - tune.py [line:97] - INFO: Epoch 00320 | Time(s) 0.6796 | Val Loss 0.6479 | Val Acc 0.6240 |  Train Acc 0.6282 | ETputs(KTEPS) 27160.12
2023-10-15 15:05:41,934 - tune.py [line:97] - INFO: Epoch 00340 | Time(s) 0.6794 | Val Loss 0.6449 | Val Acc 0.6222 |  Train Acc 0.6254 | ETputs(KTEPS) 27166.57
2023-10-15 15:05:55,369 - tune.py [line:97] - INFO: Epoch 00360 | Time(s) 0.6790 | Val Loss 0.6420 | Val Acc 0.6187 |  Train Acc 0.6231 | ETputs(KTEPS) 27183.87
2023-10-15 15:06:08,663 - tune.py [line:97] - INFO: Epoch 00380 | Time(s) 0.6782 | Val Loss 0.6387 | Val Acc 0.6166 |  Train Acc 0.6229 | ETputs(KTEPS) 27214.15
2023-10-15 15:06:22,309 - tune.py [line:97] - INFO: Epoch 00400 | Time(s) 0.6784 | Val Loss 0.6356 | Val Acc 0.6215 |  Train Acc 0.6249 | ETputs(KTEPS) 27206.30
2023-10-15 15:06:36,104 - tune.py [line:97] - INFO: Epoch 00420 | Time(s) 0.6790 | Val Loss 0.6324 | Val Acc 0.6258 |  Train Acc 0.6309 | ETputs(KTEPS) 27185.01
2023-10-15 15:06:48,865 - tune.py [line:97] - INFO: Epoch 00440 | Time(s) 0.6771 | Val Loss 0.6294 | Val Acc 0.6279 |  Train Acc 0.6309 | ETputs(KTEPS) 27259.98
2023-10-15 15:07:01,436 - tune.py [line:97] - INFO: Epoch 00460 | Time(s) 0.6750 | Val Loss 0.6263 | Val Acc 0.6307 |  Train Acc 0.6344 | ETputs(KTEPS) 27345.34
2023-10-15 15:07:14,306 - tune.py [line:97] - INFO: Epoch 00480 | Time(s) 0.6737 | Val Loss 0.6229 | Val Acc 0.6263 |  Train Acc 0.6301 | ETputs(KTEPS) 27398.71
2023-10-15 15:07:22,253 - tune.py [line:117] - INFO: [FINAL MODEL] Val accuracy 43.68% \Val loss: 0.67
2023-10-15 15:07:22,253 - tune.py [line:118] - INFO: [FINAL MODEL] Test accuracy 43.61% \Test loss: 0.67
2023-10-15 15:07:22,254 - tune.py [line:143] - INFO: Acc on the first split (Validation Set): 0.4368
2023-10-15 15:07:22,254 - tune.py [line:144] - INFO: Acc on the first split (Test Set): 0.4361
