2023-10-12 02:59:40,906 - tune.py [line:203] - INFO: Namespace(seed=42, model='NormalNNV2', gpu=1, dataset='geom-chameleon', logging=True, log_detail=True, log_detailedCh=False, id_log=1012014501, optuna_n_trials=202, n_epochs=2000, self_loop=True, udgraph=True, early_stop=True, patience=300, n_hidden=64, n_cv=1, start_cv=0, n_layers=12, lr1=0.03, lr2=0.001, wd1=1e-05, wd2=1e-05, dropout=0.6, dropout2=0.2, es_ckpt='TestTuningScript-geom-chameleon_NormalNNV2-geom-chameleon_trialNo4')
2023-10-12 02:59:41,670 - tune.py [line:128] - INFO: Split_seeds:[1824]
2023-10-12 02:59:41,670 - tune.py [line:129] - INFO: Model_seeds:[409]
2023-10-12 02:59:42,693 - tune.py [line:103] - INFO: Epoch 00020 | Time(s) 0.0492 | Val Loss 1.5964 | Val Acc 0.4879 | ETputs(KTEPS) 13218.35
2023-10-12 02:59:43,706 - tune.py [line:103] - INFO: Epoch 00040 | Time(s) 0.0498 | Val Loss 1.5975 | Val Acc 0.4681 | ETputs(KTEPS) 13061.09
2023-10-12 02:59:44,827 - tune.py [line:103] - INFO: Epoch 00060 | Time(s) 0.0518 | Val Loss 1.5967 | Val Acc 0.5099 | ETputs(KTEPS) 12557.43
2023-10-12 02:59:45,914 - tune.py [line:103] - INFO: Epoch 00080 | Time(s) 0.0522 | Val Loss 1.5959 | Val Acc 0.5516 | ETputs(KTEPS) 12460.57
2023-10-12 02:59:47,016 - tune.py [line:103] - INFO: Epoch 00100 | Time(s) 0.0528 | Val Loss 1.5945 | Val Acc 0.5714 | ETputs(KTEPS) 12323.51
2023-10-12 02:59:48,051 - tune.py [line:103] - INFO: Epoch 00120 | Time(s) 0.0525 | Val Loss 1.5925 | Val Acc 0.5978 | ETputs(KTEPS) 12385.04
2023-10-12 02:59:49,272 - tune.py [line:103] - INFO: Epoch 00140 | Time(s) 0.0537 | Val Loss 1.5919 | Val Acc 0.5758 | ETputs(KTEPS) 12107.37
2023-10-12 02:59:50,269 - tune.py [line:103] - INFO: Epoch 00160 | Time(s) 0.0532 | Val Loss 1.5896 | Val Acc 0.6330 | ETputs(KTEPS) 12224.63
2023-10-12 02:59:51,304 - tune.py [line:103] - INFO: Epoch 00180 | Time(s) 0.0530 | Val Loss 1.5892 | Val Acc 0.6066 | ETputs(KTEPS) 12262.03
2023-10-12 02:59:52,372 - tune.py [line:103] - INFO: Epoch 00200 | Time(s) 0.0531 | Val Loss 1.5877 | Val Acc 0.6286 | ETputs(KTEPS) 12254.85
2023-10-12 02:59:53,373 - tune.py [line:103] - INFO: Epoch 00220 | Time(s) 0.0527 | Val Loss 1.5855 | Val Acc 0.6462 | ETputs(KTEPS) 12326.17
2023-10-12 02:59:54,397 - tune.py [line:103] - INFO: Epoch 00240 | Time(s) 0.0526 | Val Loss 1.5847 | Val Acc 0.6044 | ETputs(KTEPS) 12356.73
2023-10-12 02:59:55,504 - tune.py [line:103] - INFO: Epoch 00260 | Time(s) 0.0528 | Val Loss 1.5816 | Val Acc 0.6418 | ETputs(KTEPS) 12308.44
2023-10-12 02:59:56,607 - tune.py [line:103] - INFO: Epoch 00280 | Time(s) 0.0530 | Val Loss 1.5814 | Val Acc 0.6242 | ETputs(KTEPS) 12270.34
2023-10-12 02:59:57,831 - tune.py [line:103] - INFO: Epoch 00300 | Time(s) 0.0535 | Val Loss 1.5787 | Val Acc 0.6066 | ETputs(KTEPS) 12147.30
2023-10-12 02:59:58,928 - tune.py [line:103] - INFO: Epoch 00320 | Time(s) 0.0536 | Val Loss 1.5780 | Val Acc 0.6374 | ETputs(KTEPS) 12132.87
2023-10-12 02:59:59,974 - tune.py [line:103] - INFO: Epoch 00340 | Time(s) 0.0535 | Val Loss 1.5766 | Val Acc 0.6286 | ETputs(KTEPS) 12150.52
2023-10-12 03:00:01,125 - tune.py [line:103] - INFO: Epoch 00360 | Time(s) 0.0537 | Val Loss 1.5750 | Val Acc 0.6088 | ETputs(KTEPS) 12100.06
2023-10-12 03:00:02,220 - tune.py [line:103] - INFO: Epoch 00380 | Time(s) 0.0538 | Val Loss 1.5738 | Val Acc 0.6374 | ETputs(KTEPS) 12088.23
2023-10-12 03:00:03,274 - tune.py [line:103] - INFO: Epoch 00400 | Time(s) 0.0537 | Val Loss 1.5715 | Val Acc 0.6440 | ETputs(KTEPS) 12101.00
2023-10-12 03:00:04,528 - tune.py [line:103] - INFO: Epoch 00420 | Time(s) 0.0541 | Val Loss 1.5697 | Val Acc 0.6527 | ETputs(KTEPS) 12007.85
2023-10-12 03:00:05,728 - tune.py [line:103] - INFO: Epoch 00440 | Time(s) 0.0544 | Val Loss 1.5671 | Val Acc 0.6659 | ETputs(KTEPS) 11949.92
2023-10-12 03:00:06,876 - tune.py [line:103] - INFO: Epoch 00460 | Time(s) 0.0545 | Val Loss 1.5660 | Val Acc 0.6571 | ETputs(KTEPS) 11921.91
2023-10-12 03:00:08,036 - tune.py [line:103] - INFO: Epoch 00480 | Time(s) 0.0547 | Val Loss 1.5658 | Val Acc 0.6505 | ETputs(KTEPS) 11890.72
2023-10-12 03:00:09,203 - tune.py [line:103] - INFO: Epoch 00500 | Time(s) 0.0548 | Val Loss 1.5631 | Val Acc 0.6593 | ETputs(KTEPS) 11858.78
2023-10-12 03:00:10,442 - tune.py [line:103] - INFO: Epoch 00520 | Time(s) 0.0551 | Val Loss 1.5619 | Val Acc 0.6747 | ETputs(KTEPS) 11800.35
2023-10-12 03:00:11,670 - tune.py [line:103] - INFO: Epoch 00540 | Time(s) 0.0553 | Val Loss 1.5615 | Val Acc 0.6484 | ETputs(KTEPS) 11750.82
2023-10-12 03:00:13,098 - tune.py [line:103] - INFO: Epoch 00560 | Time(s) 0.0559 | Val Loss 1.5604 | Val Acc 0.6527 | ETputs(KTEPS) 11630.56
2023-10-12 03:00:14,459 - tune.py [line:103] - INFO: Epoch 00580 | Time(s) 0.0563 | Val Loss 1.5588 | Val Acc 0.6440 | ETputs(KTEPS) 11544.33
2023-10-12 03:00:15,785 - tune.py [line:103] - INFO: Epoch 00600 | Time(s) 0.0567 | Val Loss 1.5583 | Val Acc 0.6484 | ETputs(KTEPS) 11476.94
2023-10-12 03:00:17,058 - tune.py [line:103] - INFO: Epoch 00620 | Time(s) 0.0569 | Val Loss 1.5571 | Val Acc 0.6396 | ETputs(KTEPS) 11431.67
2023-10-12 03:00:18,439 - tune.py [line:103] - INFO: Epoch 00640 | Time(s) 0.0573 | Val Loss 1.5537 | Val Acc 0.6747 | ETputs(KTEPS) 11355.72
2023-10-12 03:00:19,634 - tune.py [line:103] - INFO: Epoch 00660 | Time(s) 0.0573 | Val Loss 1.5542 | Val Acc 0.6505 | ETputs(KTEPS) 11341.17
2023-10-12 03:00:21,053 - tune.py [line:103] - INFO: Epoch 00680 | Time(s) 0.0577 | Val Loss 1.5522 | Val Acc 0.6396 | ETputs(KTEPS) 11262.63
2023-10-12 03:00:22,229 - tune.py [line:103] - INFO: Epoch 00700 | Time(s) 0.0578 | Val Loss 1.5513 | Val Acc 0.6571 | ETputs(KTEPS) 11256.74
2023-10-12 03:00:22,652 - tune.py [line:117] - INFO: [FINAL MODEL] Val accuracy 68.35% \Val loss: 1.6
2023-10-12 03:00:22,659 - tune.py [line:119] - INFO: [FINAL MODEL] Test accuracy 65.43% \Test loss: 1.6
2023-10-12 03:00:22,660 - tune.py [line:144] - INFO: Acc on the first split (Validation Set): 0.6835
2023-10-12 03:00:22,660 - tune.py [line:145] - INFO: Acc on the first split (Test Set): 0.6543
