2023-10-12 03:08:04,043 - tune.py [line:203] - INFO: Namespace(seed=42, model='NormalNNV2', gpu=1, dataset='geom-chameleon', logging=True, log_detail=True, log_detailedCh=False, id_log=1012014501, optuna_n_trials=202, n_epochs=2000, self_loop=True, udgraph=True, early_stop=True, patience=300, n_hidden=64, n_cv=1, start_cv=0, n_layers=8, lr1=0.02, lr2=0.04, wd1=1e-08, wd2=0.001, dropout=0.3, dropout2=0.1, es_ckpt='TestTuningScript-geom-chameleon_NormalNNV2-geom-chameleon_trialNo162')
2023-10-12 03:08:04,796 - tune.py [line:128] - INFO: Split_seeds:[1824]
2023-10-12 03:08:04,797 - tune.py [line:129] - INFO: Model_seeds:[409]
2023-10-12 03:08:05,797 - tune.py [line:103] - INFO: Epoch 00020 | Time(s) 0.0478 | Val Loss 1.5733 | Val Acc 0.6462 | ETputs(KTEPS) 13599.03
2023-10-12 03:08:06,924 - tune.py [line:103] - INFO: Epoch 00040 | Time(s) 0.0519 | Val Loss 1.5407 | Val Acc 0.6549 | ETputs(KTEPS) 12518.03
2023-10-12 03:08:08,058 - tune.py [line:103] - INFO: Epoch 00060 | Time(s) 0.0534 | Val Loss 1.5185 | Val Acc 0.6527 | ETputs(KTEPS) 12170.81
2023-10-12 03:08:08,877 - tune.py [line:103] - INFO: Epoch 00080 | Time(s) 0.0502 | Val Loss 1.5071 | Val Acc 0.6593 | ETputs(KTEPS) 12942.04
2023-10-12 03:08:09,618 - tune.py [line:103] - INFO: Epoch 00100 | Time(s) 0.0476 | Val Loss 1.5045 | Val Acc 0.6791 | ETputs(KTEPS) 13661.51
2023-10-12 03:08:10,400 - tune.py [line:103] - INFO: Epoch 00120 | Time(s) 0.0462 | Val Loss 1.5066 | Val Acc 0.6659 | ETputs(KTEPS) 14086.59
2023-10-12 03:08:11,185 - tune.py [line:103] - INFO: Epoch 00140 | Time(s) 0.0452 | Val Loss 1.5086 | Val Acc 0.6659 | ETputs(KTEPS) 14395.29
2023-10-12 03:08:12,018 - tune.py [line:103] - INFO: Epoch 00160 | Time(s) 0.0447 | Val Loss 1.5127 | Val Acc 0.6681 | ETputs(KTEPS) 14538.10
2023-10-12 03:08:12,960 - tune.py [line:103] - INFO: Epoch 00180 | Time(s) 0.0450 | Val Loss 1.5166 | Val Acc 0.6681 | ETputs(KTEPS) 14453.44
2023-10-12 03:08:13,726 - tune.py [line:103] - INFO: Epoch 00200 | Time(s) 0.0443 | Val Loss 1.5219 | Val Acc 0.6220 | ETputs(KTEPS) 14673.05
2023-10-12 03:08:14,518 - tune.py [line:103] - INFO: Epoch 00220 | Time(s) 0.0439 | Val Loss 1.5233 | Val Acc 0.6418 | ETputs(KTEPS) 14816.77
2023-10-12 03:08:15,305 - tune.py [line:103] - INFO: Epoch 00240 | Time(s) 0.0435 | Val Loss 1.5281 | Val Acc 0.6725 | ETputs(KTEPS) 14947.24
2023-10-12 03:08:16,204 - tune.py [line:103] - INFO: Epoch 00260 | Time(s) 0.0436 | Val Loss 1.5294 | Val Acc 0.6637 | ETputs(KTEPS) 14909.82
2023-10-12 03:08:17,019 - tune.py [line:103] - INFO: Epoch 00280 | Time(s) 0.0434 | Val Loss 1.5315 | Val Acc 0.6615 | ETputs(KTEPS) 14980.64
2023-10-12 03:08:17,935 - tune.py [line:103] - INFO: Epoch 00300 | Time(s) 0.0436 | Val Loss 1.5319 | Val Acc 0.6549 | ETputs(KTEPS) 14926.30
2023-10-12 03:08:18,894 - tune.py [line:103] - INFO: Epoch 00320 | Time(s) 0.0438 | Val Loss 1.5337 | Val Acc 0.6549 | ETputs(KTEPS) 14833.26
2023-10-12 03:08:19,751 - tune.py [line:103] - INFO: Epoch 00340 | Time(s) 0.0438 | Val Loss 1.5362 | Val Acc 0.6681 | ETputs(KTEPS) 14853.59
2023-10-12 03:08:20,630 - tune.py [line:103] - INFO: Epoch 00360 | Time(s) 0.0438 | Val Loss 1.5351 | Val Acc 0.6549 | ETputs(KTEPS) 14850.96
2023-10-12 03:08:21,533 - tune.py [line:103] - INFO: Epoch 00380 | Time(s) 0.0439 | Val Loss 1.5368 | Val Acc 0.6593 | ETputs(KTEPS) 14826.99
2023-10-12 03:08:22,440 - tune.py [line:103] - INFO: Epoch 00400 | Time(s) 0.0439 | Val Loss 1.5373 | Val Acc 0.6703 | ETputs(KTEPS) 14801.83
2023-10-12 03:08:22,800 - tune.py [line:117] - INFO: [FINAL MODEL] Val accuracy 69.01% \Val loss: 1.5
2023-10-12 03:08:22,805 - tune.py [line:119] - INFO: [FINAL MODEL] Test accuracy 68.49% \Test loss: 1.5
2023-10-12 03:08:22,805 - tune.py [line:144] - INFO: Acc on the first split (Validation Set): 0.6901
2023-10-12 03:08:22,805 - tune.py [line:145] - INFO: Acc on the first split (Test Set): 0.6849
