2023-10-12 03:07:25,805 - tune.py [line:203] - INFO: Namespace(seed=42, model='NormalNNV2', gpu=0, dataset='geom-chameleon', logging=True, log_detail=True, log_detailedCh=False, id_log=1012014501, optuna_n_trials=202, n_epochs=2000, self_loop=True, udgraph=True, early_stop=True, patience=300, n_hidden=64, n_cv=1, start_cv=0, n_layers=8, lr1=0.02, lr2=0.05, wd1=1e-08, wd2=0.001, dropout=0.2, dropout2=0.1, es_ckpt='TestTuningScript-geom-chameleon_NormalNNV2-geom-chameleon_trialNo156')
2023-10-12 03:07:26,598 - tune.py [line:128] - INFO: Split_seeds:[1824]
2023-10-12 03:07:26,598 - tune.py [line:129] - INFO: Model_seeds:[409]
2023-10-12 03:07:27,719 - tune.py [line:103] - INFO: Epoch 00020 | Time(s) 0.0542 | Val Loss 1.5688 | Val Acc 0.6352 | ETputs(KTEPS) 11993.31
2023-10-12 03:07:28,943 - tune.py [line:103] - INFO: Epoch 00040 | Time(s) 0.0575 | Val Loss 1.5395 | Val Acc 0.6484 | ETputs(KTEPS) 11309.67
2023-10-12 03:07:30,042 - tune.py [line:103] - INFO: Epoch 00060 | Time(s) 0.0566 | Val Loss 1.5216 | Val Acc 0.6637 | ETputs(KTEPS) 11496.99
2023-10-12 03:07:31,248 - tune.py [line:103] - INFO: Epoch 00080 | Time(s) 0.0575 | Val Loss 1.5260 | Val Acc 0.6462 | ETputs(KTEPS) 11315.04
2023-10-12 03:07:32,508 - tune.py [line:103] - INFO: Epoch 00100 | Time(s) 0.0586 | Val Loss 1.5285 | Val Acc 0.6549 | ETputs(KTEPS) 11102.92
2023-10-12 03:07:33,856 - tune.py [line:103] - INFO: Epoch 00120 | Time(s) 0.0600 | Val Loss 1.5349 | Val Acc 0.6615 | ETputs(KTEPS) 10831.31
2023-10-12 03:07:35,134 - tune.py [line:103] - INFO: Epoch 00140 | Time(s) 0.0606 | Val Loss 1.5370 | Val Acc 0.6505 | ETputs(KTEPS) 10733.13
2023-10-12 03:07:36,307 - tune.py [line:103] - INFO: Epoch 00160 | Time(s) 0.0603 | Val Loss 1.5395 | Val Acc 0.6374 | ETputs(KTEPS) 10776.78
2023-10-12 03:07:37,551 - tune.py [line:103] - INFO: Epoch 00180 | Time(s) 0.0605 | Val Loss 1.5423 | Val Acc 0.6286 | ETputs(KTEPS) 10739.53
2023-10-12 03:07:38,731 - tune.py [line:103] - INFO: Epoch 00200 | Time(s) 0.0604 | Val Loss 1.5446 | Val Acc 0.6330 | ETputs(KTEPS) 10767.73
2023-10-12 03:07:40,017 - tune.py [line:103] - INFO: Epoch 00220 | Time(s) 0.0607 | Val Loss 1.5450 | Val Acc 0.6220 | ETputs(KTEPS) 10704.75
2023-10-12 03:07:41,206 - tune.py [line:103] - INFO: Epoch 00240 | Time(s) 0.0606 | Val Loss 1.5433 | Val Acc 0.6352 | ETputs(KTEPS) 10723.99
2023-10-12 03:07:42,453 - tune.py [line:103] - INFO: Epoch 00260 | Time(s) 0.0608 | Val Loss 1.5441 | Val Acc 0.6330 | ETputs(KTEPS) 10701.45
2023-10-12 03:07:43,550 - tune.py [line:103] - INFO: Epoch 00280 | Time(s) 0.0603 | Val Loss 1.5466 | Val Acc 0.6484 | ETputs(KTEPS) 10776.59
2023-10-12 03:07:44,689 - tune.py [line:103] - INFO: Epoch 00300 | Time(s) 0.0601 | Val Loss 1.5487 | Val Acc 0.6066 | ETputs(KTEPS) 10816.84
2023-10-12 03:07:45,846 - tune.py [line:103] - INFO: Epoch 00320 | Time(s) 0.0600 | Val Loss 1.5470 | Val Acc 0.6374 | ETputs(KTEPS) 10842.88
2023-10-12 03:07:46,993 - tune.py [line:103] - INFO: Epoch 00340 | Time(s) 0.0598 | Val Loss 1.5485 | Val Acc 0.6198 | ETputs(KTEPS) 10870.69
2023-10-12 03:07:48,197 - tune.py [line:103] - INFO: Epoch 00360 | Time(s) 0.0598 | Val Loss 1.5476 | Val Acc 0.6308 | ETputs(KTEPS) 10867.17
2023-10-12 03:07:48,419 - tune.py [line:117] - INFO: [FINAL MODEL] Val accuracy 67.91% \Val loss: 1.5
2023-10-12 03:07:48,427 - tune.py [line:119] - INFO: [FINAL MODEL] Test accuracy 66.08% \Test loss: 1.5
2023-10-12 03:07:48,427 - tune.py [line:144] - INFO: Acc on the first split (Validation Set): 0.6791
2023-10-12 03:07:48,428 - tune.py [line:145] - INFO: Acc on the first split (Test Set): 0.6608
