2023-10-12 03:08:33,163 - tune.py [line:203] - INFO: Namespace(seed=42, model='NormalNNV2', gpu=0, dataset='geom-chameleon', logging=True, log_detail=True, log_detailedCh=False, id_log=1012014501, optuna_n_trials=202, n_epochs=2000, self_loop=True, udgraph=True, early_stop=True, patience=300, n_hidden=64, n_cv=1, start_cv=0, n_layers=8, lr1=0.02, lr2=0.04, wd1=1e-08, wd2=0.001, dropout=0.2, dropout2=0.2, es_ckpt='TestTuningScript-geom-chameleon_NormalNNV2-geom-chameleon_trialNo174')
2023-10-12 03:08:33,903 - tune.py [line:128] - INFO: Split_seeds:[1824]
2023-10-12 03:08:33,903 - tune.py [line:129] - INFO: Model_seeds:[409]
2023-10-12 03:08:35,045 - tune.py [line:103] - INFO: Epoch 00020 | Time(s) 0.0549 | Val Loss 1.5737 | Val Acc 0.6549 | ETputs(KTEPS) 11836.07
2023-10-12 03:08:35,908 - tune.py [line:103] - INFO: Epoch 00040 | Time(s) 0.0489 | Val Loss 1.5410 | Val Acc 0.6703 | ETputs(KTEPS) 13306.91
2023-10-12 03:08:36,766 - tune.py [line:103] - INFO: Epoch 00060 | Time(s) 0.0468 | Val Loss 1.5168 | Val Acc 0.6813 | ETputs(KTEPS) 13907.74
2023-10-12 03:08:37,865 - tune.py [line:103] - INFO: Epoch 00080 | Time(s) 0.0487 | Val Loss 1.5105 | Val Acc 0.6593 | ETputs(KTEPS) 13342.06
2023-10-12 03:08:38,838 - tune.py [line:103] - INFO: Epoch 00100 | Time(s) 0.0487 | Val Loss 1.5065 | Val Acc 0.6484 | ETputs(KTEPS) 13345.70
2023-10-12 03:08:39,838 - tune.py [line:103] - INFO: Epoch 00120 | Time(s) 0.0489 | Val Loss 1.5083 | Val Acc 0.6637 | ETputs(KTEPS) 13289.26
2023-10-12 03:08:40,900 - tune.py [line:103] - INFO: Epoch 00140 | Time(s) 0.0495 | Val Loss 1.5103 | Val Acc 0.6681 | ETputs(KTEPS) 13130.75
2023-10-12 03:08:41,875 - tune.py [line:103] - INFO: Epoch 00160 | Time(s) 0.0494 | Val Loss 1.5115 | Val Acc 0.6571 | ETputs(KTEPS) 13157.27
2023-10-12 03:08:42,949 - tune.py [line:103] - INFO: Epoch 00180 | Time(s) 0.0499 | Val Loss 1.5188 | Val Acc 0.6352 | ETputs(KTEPS) 13031.64
2023-10-12 03:08:43,892 - tune.py [line:103] - INFO: Epoch 00200 | Time(s) 0.0496 | Val Loss 1.5208 | Val Acc 0.6681 | ETputs(KTEPS) 13104.38
2023-10-12 03:08:44,663 - tune.py [line:103] - INFO: Epoch 00220 | Time(s) 0.0486 | Val Loss 1.5211 | Val Acc 0.6527 | ETputs(KTEPS) 13376.28
2023-10-12 03:08:45,553 - tune.py [line:103] - INFO: Epoch 00240 | Time(s) 0.0483 | Val Loss 1.5259 | Val Acc 0.6593 | ETputs(KTEPS) 13472.63
2023-10-12 03:08:46,543 - tune.py [line:103] - INFO: Epoch 00260 | Time(s) 0.0484 | Val Loss 1.5268 | Val Acc 0.6681 | ETputs(KTEPS) 13446.04
2023-10-12 03:08:47,318 - tune.py [line:103] - INFO: Epoch 00280 | Time(s) 0.0477 | Val Loss 1.5302 | Val Acc 0.6615 | ETputs(KTEPS) 13640.07
2023-10-12 03:08:48,271 - tune.py [line:103] - INFO: Epoch 00300 | Time(s) 0.0477 | Val Loss 1.5324 | Val Acc 0.6659 | ETputs(KTEPS) 13641.22
2023-10-12 03:08:49,311 - tune.py [line:103] - INFO: Epoch 00320 | Time(s) 0.0479 | Val Loss 1.5312 | Val Acc 0.6747 | ETputs(KTEPS) 13564.40
2023-10-12 03:08:50,453 - tune.py [line:103] - INFO: Epoch 00340 | Time(s) 0.0485 | Val Loss 1.5341 | Val Acc 0.6637 | ETputs(KTEPS) 13413.81
2023-10-12 03:08:51,634 - tune.py [line:103] - INFO: Epoch 00360 | Time(s) 0.0491 | Val Loss 1.5334 | Val Acc 0.6615 | ETputs(KTEPS) 13253.61
2023-10-12 03:08:51,749 - tune.py [line:117] - INFO: [FINAL MODEL] Val accuracy 68.57% \Val loss: 1.5
2023-10-12 03:08:51,756 - tune.py [line:119] - INFO: [FINAL MODEL] Test accuracy 68.49% \Test loss: 1.5
2023-10-12 03:08:51,757 - tune.py [line:144] - INFO: Acc on the first split (Validation Set): 0.6857
2023-10-12 03:08:51,757 - tune.py [line:145] - INFO: Acc on the first split (Test Set): 0.6849
