2023-10-12 03:09:01,413 - tune.py [line:203] - INFO: Namespace(seed=42, model='NormalNNV2', gpu=1, dataset='geom-chameleon', logging=True, log_detail=True, log_detailedCh=False, id_log=1012014501, optuna_n_trials=202, n_epochs=2000, self_loop=True, udgraph=True, early_stop=True, patience=300, n_hidden=64, n_cv=1, start_cv=0, n_layers=8, lr1=0.02, lr2=0.04, wd1=1e-08, wd2=0.001, dropout=0.3, dropout2=0.4, es_ckpt='TestTuningScript-geom-chameleon_NormalNNV2-geom-chameleon_trialNo178')
2023-10-12 03:09:02,392 - tune.py [line:128] - INFO: Split_seeds:[1824]
2023-10-12 03:09:02,392 - tune.py [line:129] - INFO: Model_seeds:[409]
2023-10-12 03:09:03,232 - tune.py [line:103] - INFO: Epoch 00020 | Time(s) 0.0401 | Val Loss 1.5690 | Val Acc 0.6593 | ETputs(KTEPS) 16230.05
2023-10-12 03:09:04,101 - tune.py [line:103] - INFO: Epoch 00040 | Time(s) 0.0416 | Val Loss 1.5333 | Val Acc 0.6505 | ETputs(KTEPS) 15621.68
2023-10-12 03:09:05,073 - tune.py [line:103] - INFO: Epoch 00060 | Time(s) 0.0439 | Val Loss 1.5076 | Val Acc 0.6593 | ETputs(KTEPS) 14811.41
2023-10-12 03:09:06,041 - tune.py [line:103] - INFO: Epoch 00080 | Time(s) 0.0449 | Val Loss 1.4951 | Val Acc 0.6835 | ETputs(KTEPS) 14482.13
2023-10-12 03:09:06,884 - tune.py [line:103] - INFO: Epoch 00100 | Time(s) 0.0443 | Val Loss 1.4891 | Val Acc 0.6813 | ETputs(KTEPS) 14671.74
2023-10-12 03:09:07,850 - tune.py [line:103] - INFO: Epoch 00120 | Time(s) 0.0450 | Val Loss 1.4893 | Val Acc 0.6769 | ETputs(KTEPS) 14455.42
2023-10-12 03:09:08,714 - tune.py [line:103] - INFO: Epoch 00140 | Time(s) 0.0447 | Val Loss 1.4891 | Val Acc 0.6725 | ETputs(KTEPS) 14539.87
2023-10-12 03:09:09,632 - tune.py [line:103] - INFO: Epoch 00160 | Time(s) 0.0449 | Val Loss 1.4866 | Val Acc 0.6747 | ETputs(KTEPS) 14493.59
2023-10-12 03:09:10,650 - tune.py [line:103] - INFO: Epoch 00180 | Time(s) 0.0455 | Val Loss 1.4894 | Val Acc 0.6769 | ETputs(KTEPS) 14280.25
2023-10-12 03:09:11,588 - tune.py [line:103] - INFO: Epoch 00200 | Time(s) 0.0457 | Val Loss 1.4906 | Val Acc 0.6791 | ETputs(KTEPS) 14238.27
2023-10-12 03:09:12,512 - tune.py [line:103] - INFO: Epoch 00220 | Time(s) 0.0457 | Val Loss 1.4912 | Val Acc 0.6747 | ETputs(KTEPS) 14224.33
2023-10-12 03:09:13,260 - tune.py [line:103] - INFO: Epoch 00240 | Time(s) 0.0450 | Val Loss 1.4944 | Val Acc 0.6791 | ETputs(KTEPS) 14443.61
2023-10-12 03:09:14,123 - tune.py [line:103] - INFO: Epoch 00260 | Time(s) 0.0449 | Val Loss 1.4958 | Val Acc 0.6659 | ETputs(KTEPS) 14490.63
2023-10-12 03:09:15,000 - tune.py [line:103] - INFO: Epoch 00280 | Time(s) 0.0448 | Val Loss 1.4978 | Val Acc 0.6615 | ETputs(KTEPS) 14514.43
2023-10-12 03:09:15,829 - tune.py [line:103] - INFO: Epoch 00300 | Time(s) 0.0446 | Val Loss 1.4957 | Val Acc 0.6879 | ETputs(KTEPS) 14590.73
2023-10-12 03:09:16,651 - tune.py [line:103] - INFO: Epoch 00320 | Time(s) 0.0443 | Val Loss 1.4977 | Val Acc 0.6857 | ETputs(KTEPS) 14662.97
2023-10-12 03:09:17,519 - tune.py [line:103] - INFO: Epoch 00340 | Time(s) 0.0443 | Val Loss 1.5004 | Val Acc 0.6681 | ETputs(KTEPS) 14682.01
2023-10-12 03:09:18,439 - tune.py [line:103] - INFO: Epoch 00360 | Time(s) 0.0444 | Val Loss 1.4985 | Val Acc 0.6769 | ETputs(KTEPS) 14651.15
2023-10-12 03:09:19,473 - tune.py [line:103] - INFO: Epoch 00380 | Time(s) 0.0448 | Val Loss 1.5004 | Val Acc 0.6791 | ETputs(KTEPS) 14525.58
2023-10-12 03:09:20,354 - tune.py [line:103] - INFO: Epoch 00400 | Time(s) 0.0447 | Val Loss 1.5017 | Val Acc 0.6813 | ETputs(KTEPS) 14538.10
2023-10-12 03:09:21,291 - tune.py [line:103] - INFO: Epoch 00420 | Time(s) 0.0448 | Val Loss 1.4999 | Val Acc 0.6923 | ETputs(KTEPS) 14505.71
2023-10-12 03:09:22,183 - tune.py [line:103] - INFO: Epoch 00440 | Time(s) 0.0448 | Val Loss 1.5011 | Val Acc 0.6747 | ETputs(KTEPS) 14508.99
2023-10-12 03:09:23,098 - tune.py [line:103] - INFO: Epoch 00460 | Time(s) 0.0449 | Val Loss 1.5016 | Val Acc 0.6703 | ETputs(KTEPS) 14496.33
2023-10-12 03:09:23,996 - tune.py [line:103] - INFO: Epoch 00480 | Time(s) 0.0449 | Val Loss 1.5027 | Val Acc 0.6637 | ETputs(KTEPS) 14496.20
2023-10-12 03:09:24,996 - tune.py [line:103] - INFO: Epoch 00500 | Time(s) 0.0451 | Val Loss 1.5022 | Val Acc 0.6857 | ETputs(KTEPS) 14430.55
2023-10-12 03:09:26,124 - tune.py [line:103] - INFO: Epoch 00520 | Time(s) 0.0455 | Val Loss 1.5028 | Val Acc 0.6857 | ETputs(KTEPS) 14292.27
2023-10-12 03:09:26,967 - tune.py [line:103] - INFO: Epoch 00540 | Time(s) 0.0454 | Val Loss 1.5026 | Val Acc 0.6725 | ETputs(KTEPS) 14332.05
2023-10-12 03:09:27,898 - tune.py [line:103] - INFO: Epoch 00560 | Time(s) 0.0454 | Val Loss 1.5030 | Val Acc 0.6659 | ETputs(KTEPS) 14318.58
2023-10-12 03:09:28,739 - tune.py [line:103] - INFO: Epoch 00580 | Time(s) 0.0453 | Val Loss 1.5030 | Val Acc 0.6813 | ETputs(KTEPS) 14355.94
2023-10-12 03:09:29,685 - tune.py [line:117] - INFO: [FINAL MODEL] Val accuracy 69.45% \Val loss: 1.5
2023-10-12 03:09:29,691 - tune.py [line:119] - INFO: [FINAL MODEL] Test accuracy 70.24% \Test loss: 1.5
2023-10-12 03:09:29,691 - tune.py [line:144] - INFO: Acc on the first split (Validation Set): 0.6945
2023-10-12 03:09:29,692 - tune.py [line:145] - INFO: Acc on the first split (Test Set): 0.7024
