2023-10-12 03:03:38,837 - tune.py [line:203] - INFO: Namespace(seed=42, model='NormalNNV2', gpu=0, dataset='geom-chameleon', logging=True, log_detail=True, log_detailedCh=False, id_log=1012014501, optuna_n_trials=202, n_epochs=2000, self_loop=True, udgraph=True, early_stop=True, patience=300, n_hidden=64, n_cv=1, start_cv=0, n_layers=12, lr1=0.03, lr2=0.04, wd1=1e-06, wd2=0.001, dropout=0.0, dropout2=0.7, es_ckpt='TestTuningScript-geom-chameleon_NormalNNV2-geom-chameleon_trialNo55')
2023-10-12 03:03:39,583 - tune.py [line:128] - INFO: Split_seeds:[1824]
2023-10-12 03:03:39,583 - tune.py [line:129] - INFO: Model_seeds:[409]
2023-10-12 03:03:40,784 - tune.py [line:103] - INFO: Epoch 00020 | Time(s) 0.0576 | Val Loss 1.5645 | Val Acc 0.6725 | ETputs(KTEPS) 11281.28
2023-10-12 03:03:42,121 - tune.py [line:103] - INFO: Epoch 00040 | Time(s) 0.0622 | Val Loss 1.5248 | Val Acc 0.6637 | ETputs(KTEPS) 10447.23
2023-10-12 03:03:43,355 - tune.py [line:103] - INFO: Epoch 00060 | Time(s) 0.0620 | Val Loss 1.5014 | Val Acc 0.6462 | ETputs(KTEPS) 10493.89
2023-10-12 03:03:44,736 - tune.py [line:103] - INFO: Epoch 00080 | Time(s) 0.0637 | Val Loss 1.4902 | Val Acc 0.6571 | ETputs(KTEPS) 10207.14
2023-10-12 03:03:46,058 - tune.py [line:103] - INFO: Epoch 00100 | Time(s) 0.0641 | Val Loss 1.4839 | Val Acc 0.6857 | ETputs(KTEPS) 10141.45
2023-10-12 03:03:47,432 - tune.py [line:103] - INFO: Epoch 00120 | Time(s) 0.0649 | Val Loss 1.4793 | Val Acc 0.6857 | ETputs(KTEPS) 10023.15
2023-10-12 03:03:48,834 - tune.py [line:103] - INFO: Epoch 00140 | Time(s) 0.0656 | Val Loss 1.4773 | Val Acc 0.6615 | ETputs(KTEPS) 9909.85
2023-10-12 03:03:50,369 - tune.py [line:103] - INFO: Epoch 00160 | Time(s) 0.0670 | Val Loss 1.4767 | Val Acc 0.6659 | ETputs(KTEPS) 9704.46
2023-10-12 03:03:51,831 - tune.py [line:103] - INFO: Epoch 00180 | Time(s) 0.0677 | Val Loss 1.4758 | Val Acc 0.6703 | ETputs(KTEPS) 9607.36
2023-10-12 03:03:53,178 - tune.py [line:103] - INFO: Epoch 00200 | Time(s) 0.0676 | Val Loss 1.4749 | Val Acc 0.6747 | ETputs(KTEPS) 9612.57
2023-10-12 03:03:54,473 - tune.py [line:103] - INFO: Epoch 00220 | Time(s) 0.0674 | Val Loss 1.4734 | Val Acc 0.6769 | ETputs(KTEPS) 9650.12
2023-10-12 03:03:55,992 - tune.py [line:103] - INFO: Epoch 00240 | Time(s) 0.0681 | Val Loss 1.4730 | Val Acc 0.6989 | ETputs(KTEPS) 9551.95
2023-10-12 03:03:57,060 - tune.py [line:103] - INFO: Epoch 00260 | Time(s) 0.0669 | Val Loss 1.4747 | Val Acc 0.6769 | ETputs(KTEPS) 9715.93
2023-10-12 03:03:58,012 - tune.py [line:103] - INFO: Epoch 00280 | Time(s) 0.0655 | Val Loss 1.4747 | Val Acc 0.6769 | ETputs(KTEPS) 9920.93
2023-10-12 03:03:59,102 - tune.py [line:103] - INFO: Epoch 00300 | Time(s) 0.0648 | Val Loss 1.4750 | Val Acc 0.6769 | ETputs(KTEPS) 10033.93
2023-10-12 03:04:00,098 - tune.py [line:103] - INFO: Epoch 00320 | Time(s) 0.0639 | Val Loss 1.4752 | Val Acc 0.6747 | ETputs(KTEPS) 10181.53
2023-10-12 03:04:01,197 - tune.py [line:103] - INFO: Epoch 00340 | Time(s) 0.0633 | Val Loss 1.4724 | Val Acc 0.6747 | ETputs(KTEPS) 10265.94
2023-10-12 03:04:02,327 - tune.py [line:103] - INFO: Epoch 00360 | Time(s) 0.0630 | Val Loss 1.4750 | Val Acc 0.6593 | ETputs(KTEPS) 10328.13
2023-10-12 03:04:03,370 - tune.py [line:103] - INFO: Epoch 00380 | Time(s) 0.0624 | Val Loss 1.4726 | Val Acc 0.6791 | ETputs(KTEPS) 10422.32
2023-10-12 03:04:04,359 - tune.py [line:103] - INFO: Epoch 00400 | Time(s) 0.0617 | Val Loss 1.4767 | Val Acc 0.6835 | ETputs(KTEPS) 10532.00
2023-10-12 03:04:05,384 - tune.py [line:103] - INFO: Epoch 00420 | Time(s) 0.0612 | Val Loss 1.4739 | Val Acc 0.6835 | ETputs(KTEPS) 10617.91
2023-10-12 03:04:06,509 - tune.py [line:103] - INFO: Epoch 00440 | Time(s) 0.0610 | Val Loss 1.4736 | Val Acc 0.6703 | ETputs(KTEPS) 10657.73
2023-10-12 03:04:07,596 - tune.py [line:103] - INFO: Epoch 00460 | Time(s) 0.0607 | Val Loss 1.4732 | Val Acc 0.6835 | ETputs(KTEPS) 10708.49
2023-10-12 03:04:08,776 - tune.py [line:103] - INFO: Epoch 00480 | Time(s) 0.0606 | Val Loss 1.4750 | Val Acc 0.6791 | ETputs(KTEPS) 10721.54
2023-10-12 03:04:09,881 - tune.py [line:103] - INFO: Epoch 00500 | Time(s) 0.0604 | Val Loss 1.4718 | Val Acc 0.6835 | ETputs(KTEPS) 10760.03
2023-10-12 03:04:11,119 - tune.py [line:103] - INFO: Epoch 00520 | Time(s) 0.0605 | Val Loss 1.4742 | Val Acc 0.6747 | ETputs(KTEPS) 10750.13
2023-10-12 03:04:12,448 - tune.py [line:103] - INFO: Epoch 00540 | Time(s) 0.0607 | Val Loss 1.4730 | Val Acc 0.6967 | ETputs(KTEPS) 10711.17
2023-10-12 03:04:12,516 - tune.py [line:117] - INFO: [FINAL MODEL] Val accuracy 70.33% \Val loss: 1.5
2023-10-12 03:04:12,527 - tune.py [line:119] - INFO: [FINAL MODEL] Test accuracy 69.58% \Test loss: 1.5
2023-10-12 03:04:12,527 - tune.py [line:144] - INFO: Acc on the first split (Validation Set): 0.7033
2023-10-12 03:04:12,527 - tune.py [line:145] - INFO: Acc on the first split (Test Set): 0.6958
