2023-10-12 03:02:16,574 - tune.py [line:203] - INFO: Namespace(seed=42, model='NormalNNV2', gpu=1, dataset='geom-chameleon', logging=True, log_detail=True, log_detailedCh=False, id_log=1012014501, optuna_n_trials=202, n_epochs=2000, self_loop=True, udgraph=True, early_stop=True, patience=300, n_hidden=64, n_cv=1, start_cv=0, n_layers=8, lr1=0.03, lr2=0.03, wd1=1e-08, wd2=1e-05, dropout=0.2, dropout2=0.2, es_ckpt='TestTuningScript-geom-chameleon_NormalNNV2-geom-chameleon_trialNo29')
2023-10-12 03:02:17,325 - tune.py [line:128] - INFO: Split_seeds:[1824]
2023-10-12 03:02:17,325 - tune.py [line:129] - INFO: Model_seeds:[409]
2023-10-12 03:02:18,196 - tune.py [line:103] - INFO: Epoch 00020 | Time(s) 0.0417 | Val Loss 1.5795 | Val Acc 0.6418 | ETputs(KTEPS) 15586.06
2023-10-12 03:02:19,201 - tune.py [line:103] - INFO: Epoch 00040 | Time(s) 0.0458 | Val Loss 1.5494 | Val Acc 0.6549 | ETputs(KTEPS) 14204.13
2023-10-12 03:02:20,087 - tune.py [line:103] - INFO: Epoch 00060 | Time(s) 0.0452 | Val Loss 1.5187 | Val Acc 0.6220 | ETputs(KTEPS) 14372.60
2023-10-12 03:02:20,889 - tune.py [line:103] - INFO: Epoch 00080 | Time(s) 0.0439 | Val Loss 1.4817 | Val Acc 0.6527 | ETputs(KTEPS) 14812.75
2023-10-12 03:02:21,926 - tune.py [line:103] - INFO: Epoch 00100 | Time(s) 0.0455 | Val Loss 1.4496 | Val Acc 0.6571 | ETputs(KTEPS) 14304.72
2023-10-12 03:02:22,863 - tune.py [line:103] - INFO: Epoch 00120 | Time(s) 0.0457 | Val Loss 1.4160 | Val Acc 0.6374 | ETputs(KTEPS) 14232.46
2023-10-12 03:02:23,852 - tune.py [line:103] - INFO: Epoch 00140 | Time(s) 0.0462 | Val Loss 1.3868 | Val Acc 0.6549 | ETputs(KTEPS) 14068.05
2023-10-12 03:02:24,751 - tune.py [line:103] - INFO: Epoch 00160 | Time(s) 0.0461 | Val Loss 1.3582 | Val Acc 0.6571 | ETputs(KTEPS) 14118.36
2023-10-12 03:02:25,708 - tune.py [line:103] - INFO: Epoch 00180 | Time(s) 0.0463 | Val Loss 1.3344 | Val Acc 0.6549 | ETputs(KTEPS) 14056.99
2023-10-12 03:02:26,627 - tune.py [line:103] - INFO: Epoch 00200 | Time(s) 0.0462 | Val Loss 1.3106 | Val Acc 0.6549 | ETputs(KTEPS) 14068.28
2023-10-12 03:02:27,666 - tune.py [line:103] - INFO: Epoch 00220 | Time(s) 0.0467 | Val Loss 1.2903 | Val Acc 0.6549 | ETputs(KTEPS) 13911.88
2023-10-12 03:02:28,645 - tune.py [line:103] - INFO: Epoch 00240 | Time(s) 0.0469 | Val Loss 1.2610 | Val Acc 0.6549 | ETputs(KTEPS) 13857.45
2023-10-12 03:02:29,709 - tune.py [line:103] - INFO: Epoch 00260 | Time(s) 0.0474 | Val Loss 1.2511 | Val Acc 0.6484 | ETputs(KTEPS) 13716.31
2023-10-12 03:02:30,915 - tune.py [line:103] - INFO: Epoch 00280 | Time(s) 0.0483 | Val Loss 1.2282 | Val Acc 0.6703 | ETputs(KTEPS) 13455.50
2023-10-12 03:02:31,989 - tune.py [line:103] - INFO: Epoch 00300 | Time(s) 0.0487 | Val Loss 1.2136 | Val Acc 0.6615 | ETputs(KTEPS) 13357.44
2023-10-12 03:02:33,166 - tune.py [line:103] - INFO: Epoch 00320 | Time(s) 0.0493 | Val Loss 1.2016 | Val Acc 0.6418 | ETputs(KTEPS) 13185.46
2023-10-12 03:02:34,411 - tune.py [line:103] - INFO: Epoch 00340 | Time(s) 0.0501 | Val Loss 1.1762 | Val Acc 0.6681 | ETputs(KTEPS) 12985.82
2023-10-12 03:02:35,828 - tune.py [line:103] - INFO: Epoch 00360 | Time(s) 0.0512 | Val Loss 1.1672 | Val Acc 0.6484 | ETputs(KTEPS) 12693.22
2023-10-12 03:02:37,069 - tune.py [line:103] - INFO: Epoch 00380 | Time(s) 0.0518 | Val Loss 1.1609 | Val Acc 0.6549 | ETputs(KTEPS) 12553.98
2023-10-12 03:02:37,128 - tune.py [line:117] - INFO: [FINAL MODEL] Val accuracy 67.47% \Val loss: 1.5
2023-10-12 03:02:37,135 - tune.py [line:119] - INFO: [FINAL MODEL] Test accuracy 67.61% \Test loss: 1.5
2023-10-12 03:02:37,135 - tune.py [line:144] - INFO: Acc on the first split (Validation Set): 0.6747
2023-10-12 03:02:37,135 - tune.py [line:145] - INFO: Acc on the first split (Test Set): 0.6761
