2023-10-12 03:02:47,741 - tune.py [line:203] - INFO: Namespace(seed=42, model='NormalNNV2', gpu=0, dataset='geom-chameleon', logging=True, log_detail=True, log_detailedCh=False, id_log=1012014501, optuna_n_trials=202, n_epochs=2000, self_loop=True, udgraph=True, early_stop=True, patience=300, n_hidden=64, n_cv=1, start_cv=0, n_layers=4, lr1=0.02, lr2=0.05, wd1=1e-07, wd2=1e-05, dropout=0.4, dropout2=0.2, es_ckpt='TestTuningScript-geom-chameleon_NormalNNV2-geom-chameleon_trialNo35')
2023-10-12 03:02:48,661 - tune.py [line:128] - INFO: Split_seeds:[1824]
2023-10-12 03:02:48,661 - tune.py [line:129] - INFO: Model_seeds:[409]
2023-10-12 03:02:49,308 - tune.py [line:103] - INFO: Epoch 00020 | Time(s) 0.0306 | Val Loss 1.5648 | Val Acc 0.6286 | ETputs(KTEPS) 21272.35
2023-10-12 03:02:49,879 - tune.py [line:103] - INFO: Epoch 00040 | Time(s) 0.0294 | Val Loss 1.5231 | Val Acc 0.6440 | ETputs(KTEPS) 22124.71
2023-10-12 03:02:50,483 - tune.py [line:103] - INFO: Epoch 00060 | Time(s) 0.0297 | Val Loss 1.4784 | Val Acc 0.6286 | ETputs(KTEPS) 21928.57
2023-10-12 03:02:51,074 - tune.py [line:103] - INFO: Epoch 00080 | Time(s) 0.0296 | Val Loss 1.4404 | Val Acc 0.6308 | ETputs(KTEPS) 21953.15
2023-10-12 03:02:51,718 - tune.py [line:103] - INFO: Epoch 00100 | Time(s) 0.0301 | Val Loss 1.4039 | Val Acc 0.6242 | ETputs(KTEPS) 21593.57
2023-10-12 03:02:52,401 - tune.py [line:103] - INFO: Epoch 00120 | Time(s) 0.0308 | Val Loss 1.3626 | Val Acc 0.6374 | ETputs(KTEPS) 21123.87
2023-10-12 03:02:53,143 - tune.py [line:103] - INFO: Epoch 00140 | Time(s) 0.0317 | Val Loss 1.3288 | Val Acc 0.6549 | ETputs(KTEPS) 20523.26
2023-10-12 03:02:53,898 - tune.py [line:103] - INFO: Epoch 00160 | Time(s) 0.0324 | Val Loss 1.3016 | Val Acc 0.6440 | ETputs(KTEPS) 20046.60
2023-10-12 03:02:54,700 - tune.py [line:103] - INFO: Epoch 00180 | Time(s) 0.0333 | Val Loss 1.2740 | Val Acc 0.6462 | ETputs(KTEPS) 19534.76
2023-10-12 03:02:55,431 - tune.py [line:103] - INFO: Epoch 00200 | Time(s) 0.0336 | Val Loss 1.2533 | Val Acc 0.6330 | ETputs(KTEPS) 19346.79
2023-10-12 03:02:56,262 - tune.py [line:103] - INFO: Epoch 00220 | Time(s) 0.0343 | Val Loss 1.2273 | Val Acc 0.6396 | ETputs(KTEPS) 18942.46
2023-10-12 03:02:57,060 - tune.py [line:103] - INFO: Epoch 00240 | Time(s) 0.0348 | Val Loss 1.2019 | Val Acc 0.6527 | ETputs(KTEPS) 18688.97
2023-10-12 03:02:57,882 - tune.py [line:103] - INFO: Epoch 00260 | Time(s) 0.0353 | Val Loss 1.1839 | Val Acc 0.6527 | ETputs(KTEPS) 18434.04
2023-10-12 03:02:58,742 - tune.py [line:103] - INFO: Epoch 00280 | Time(s) 0.0358 | Val Loss 1.1655 | Val Acc 0.6462 | ETputs(KTEPS) 18149.95
2023-10-12 03:02:59,583 - tune.py [line:103] - INFO: Epoch 00300 | Time(s) 0.0362 | Val Loss 1.1466 | Val Acc 0.6154 | ETputs(KTEPS) 17943.78
2023-10-12 03:03:00,343 - tune.py [line:103] - INFO: Epoch 00320 | Time(s) 0.0363 | Val Loss 1.1385 | Val Acc 0.6374 | ETputs(KTEPS) 17889.77
2023-10-12 03:03:01,188 - tune.py [line:103] - INFO: Epoch 00340 | Time(s) 0.0367 | Val Loss 1.1265 | Val Acc 0.6505 | ETputs(KTEPS) 17721.50
2023-10-12 03:03:02,025 - tune.py [line:103] - INFO: Epoch 00360 | Time(s) 0.0370 | Val Loss 1.1073 | Val Acc 0.6374 | ETputs(KTEPS) 17584.18
2023-10-12 03:03:02,952 - tune.py [line:103] - INFO: Epoch 00380 | Time(s) 0.0375 | Val Loss 1.1074 | Val Acc 0.6176 | ETputs(KTEPS) 17353.59
2023-10-12 03:03:03,099 - tune.py [line:117] - INFO: [FINAL MODEL] Val accuracy 66.81% \Val loss: 1.4
2023-10-12 03:03:03,102 - tune.py [line:119] - INFO: [FINAL MODEL] Test accuracy 66.08% \Test loss: 1.4
2023-10-12 03:03:03,103 - tune.py [line:144] - INFO: Acc on the first split (Validation Set): 0.6681
2023-10-12 03:03:03,103 - tune.py [line:145] - INFO: Acc on the first split (Test Set): 0.6608
