2023-10-12 03:08:12,087 - tune.py [line:203] - INFO: Namespace(seed=42, model='NormalNNV2', gpu=0, dataset='geom-chameleon', logging=True, log_detail=True, log_detailedCh=False, id_log=1012014501, optuna_n_trials=202, n_epochs=2000, self_loop=True, udgraph=True, early_stop=True, patience=300, n_hidden=64, n_cv=1, start_cv=0, n_layers=8, lr1=0.02, lr2=0.04, wd1=1e-08, wd2=0.001, dropout=0.2, dropout2=0.1, es_ckpt='TestTuningScript-geom-chameleon_NormalNNV2-geom-chameleon_trialNo167')
2023-10-12 03:08:13,140 - tune.py [line:128] - INFO: Split_seeds:[1824]
2023-10-12 03:08:13,140 - tune.py [line:129] - INFO: Model_seeds:[409]
2023-10-12 03:08:14,015 - tune.py [line:103] - INFO: Epoch 00020 | Time(s) 0.0417 | Val Loss 1.5755 | Val Acc 0.6396 | ETputs(KTEPS) 15596.73
2023-10-12 03:08:14,892 - tune.py [line:103] - INFO: Epoch 00040 | Time(s) 0.0427 | Val Loss 1.5488 | Val Acc 0.6527 | ETputs(KTEPS) 15242.01
2023-10-12 03:08:15,933 - tune.py [line:103] - INFO: Epoch 00060 | Time(s) 0.0457 | Val Loss 1.5277 | Val Acc 0.6681 | ETputs(KTEPS) 14227.97
2023-10-12 03:08:16,809 - tune.py [line:103] - INFO: Epoch 00080 | Time(s) 0.0452 | Val Loss 1.5267 | Val Acc 0.6549 | ETputs(KTEPS) 14378.48
2023-10-12 03:08:17,869 - tune.py [line:103] - INFO: Epoch 00100 | Time(s) 0.0468 | Val Loss 1.5263 | Val Acc 0.6681 | ETputs(KTEPS) 13901.63
2023-10-12 03:08:18,806 - tune.py [line:103] - INFO: Epoch 00120 | Time(s) 0.0468 | Val Loss 1.5316 | Val Acc 0.6725 | ETputs(KTEPS) 13899.07
2023-10-12 03:08:19,717 - tune.py [line:103] - INFO: Epoch 00140 | Time(s) 0.0466 | Val Loss 1.5338 | Val Acc 0.6505 | ETputs(KTEPS) 13952.71
2023-10-12 03:08:20,732 - tune.py [line:103] - INFO: Epoch 00160 | Time(s) 0.0471 | Val Loss 1.5369 | Val Acc 0.6418 | ETputs(KTEPS) 13799.91
2023-10-12 03:08:21,724 - tune.py [line:103] - INFO: Epoch 00180 | Time(s) 0.0474 | Val Loss 1.5388 | Val Acc 0.6374 | ETputs(KTEPS) 13719.88
2023-10-12 03:08:22,872 - tune.py [line:103] - INFO: Epoch 00200 | Time(s) 0.0484 | Val Loss 1.5416 | Val Acc 0.6440 | ETputs(KTEPS) 13436.52
2023-10-12 03:08:23,654 - tune.py [line:103] - INFO: Epoch 00220 | Time(s) 0.0475 | Val Loss 1.5425 | Val Acc 0.6396 | ETputs(KTEPS) 13675.67
2023-10-12 03:08:24,453 - tune.py [line:103] - INFO: Epoch 00240 | Time(s) 0.0469 | Val Loss 1.5421 | Val Acc 0.6330 | ETputs(KTEPS) 13861.29
2023-10-12 03:08:25,216 - tune.py [line:103] - INFO: Epoch 00260 | Time(s) 0.0462 | Val Loss 1.5430 | Val Acc 0.6308 | ETputs(KTEPS) 14063.45
2023-10-12 03:08:26,012 - tune.py [line:103] - INFO: Epoch 00280 | Time(s) 0.0458 | Val Loss 1.5451 | Val Acc 0.6352 | ETputs(KTEPS) 14205.58
2023-10-12 03:08:26,806 - tune.py [line:103] - INFO: Epoch 00300 | Time(s) 0.0454 | Val Loss 1.5470 | Val Acc 0.6110 | ETputs(KTEPS) 14332.76
2023-10-12 03:08:27,590 - tune.py [line:103] - INFO: Epoch 00320 | Time(s) 0.0450 | Val Loss 1.5462 | Val Acc 0.6505 | ETputs(KTEPS) 14456.31
2023-10-12 03:08:28,463 - tune.py [line:103] - INFO: Epoch 00340 | Time(s) 0.0449 | Val Loss 1.5480 | Val Acc 0.6286 | ETputs(KTEPS) 14481.56
2023-10-12 03:08:29,079 - tune.py [line:117] - INFO: [FINAL MODEL] Val accuracy 68.35% \Val loss: 1.5
2023-10-12 03:08:29,085 - tune.py [line:119] - INFO: [FINAL MODEL] Test accuracy 67.83% \Test loss: 1.5
2023-10-12 03:08:29,086 - tune.py [line:144] - INFO: Acc on the first split (Validation Set): 0.6835
2023-10-12 03:08:29,086 - tune.py [line:145] - INFO: Acc on the first split (Test Set): 0.6783
