2023-10-12 03:09:30,186 - tune.py [line:203] - INFO: Namespace(seed=42, model='NormalNNV2', gpu=1, dataset='geom-chameleon', logging=True, log_detail=True, log_detailedCh=False, id_log=1012014501, optuna_n_trials=202, n_epochs=2000, self_loop=True, udgraph=True, early_stop=True, patience=300, n_hidden=64, n_cv=1, start_cv=0, n_layers=8, lr1=0.02, lr2=0.04, wd1=1e-08, wd2=0.001, dropout=0.4, dropout2=0.4, es_ckpt='TestTuningScript-geom-chameleon_NormalNNV2-geom-chameleon_trialNo182')
2023-10-12 03:09:31,164 - tune.py [line:128] - INFO: Split_seeds:[1824]
2023-10-12 03:09:31,164 - tune.py [line:129] - INFO: Model_seeds:[409]
2023-10-12 03:09:32,183 - tune.py [line:103] - INFO: Epoch 00020 | Time(s) 0.0486 | Val Loss 1.5707 | Val Acc 0.6462 | ETputs(KTEPS) 13387.60
2023-10-12 03:09:33,373 - tune.py [line:103] - INFO: Epoch 00040 | Time(s) 0.0540 | Val Loss 1.5330 | Val Acc 0.6484 | ETputs(KTEPS) 12049.99
2023-10-12 03:09:34,418 - tune.py [line:103] - INFO: Epoch 00060 | Time(s) 0.0533 | Val Loss 1.5077 | Val Acc 0.6703 | ETputs(KTEPS) 12203.62
2023-10-12 03:09:35,532 - tune.py [line:103] - INFO: Epoch 00080 | Time(s) 0.0539 | Val Loss 1.4936 | Val Acc 0.6659 | ETputs(KTEPS) 12073.39
2023-10-12 03:09:36,690 - tune.py [line:103] - INFO: Epoch 00100 | Time(s) 0.0546 | Val Loss 1.4881 | Val Acc 0.6879 | ETputs(KTEPS) 11911.00
2023-10-12 03:09:37,643 - tune.py [line:103] - INFO: Epoch 00120 | Time(s) 0.0534 | Val Loss 1.4855 | Val Acc 0.6681 | ETputs(KTEPS) 12170.76
2023-10-12 03:09:38,492 - tune.py [line:103] - INFO: Epoch 00140 | Time(s) 0.0519 | Val Loss 1.4843 | Val Acc 0.6703 | ETputs(KTEPS) 12539.49
2023-10-12 03:09:39,338 - tune.py [line:103] - INFO: Epoch 00160 | Time(s) 0.0506 | Val Loss 1.4846 | Val Acc 0.6593 | ETputs(KTEPS) 12837.00
2023-10-12 03:09:40,152 - tune.py [line:103] - INFO: Epoch 00180 | Time(s) 0.0495 | Val Loss 1.4858 | Val Acc 0.6659 | ETputs(KTEPS) 13123.70
2023-10-12 03:09:40,944 - tune.py [line:103] - INFO: Epoch 00200 | Time(s) 0.0485 | Val Loss 1.4871 | Val Acc 0.6725 | ETputs(KTEPS) 13393.07
2023-10-12 03:09:41,741 - tune.py [line:103] - INFO: Epoch 00220 | Time(s) 0.0478 | Val Loss 1.4876 | Val Acc 0.6681 | ETputs(KTEPS) 13615.05
2023-10-12 03:09:42,808 - tune.py [line:103] - INFO: Epoch 00240 | Time(s) 0.0482 | Val Loss 1.4906 | Val Acc 0.6681 | ETputs(KTEPS) 13484.73
2023-10-12 03:09:43,728 - tune.py [line:103] - INFO: Epoch 00260 | Time(s) 0.0480 | Val Loss 1.4905 | Val Acc 0.6769 | ETputs(KTEPS) 13532.94
2023-10-12 03:09:44,603 - tune.py [line:103] - INFO: Epoch 00280 | Time(s) 0.0477 | Val Loss 1.4915 | Val Acc 0.6703 | ETputs(KTEPS) 13620.70
2023-10-12 03:09:45,458 - tune.py [line:103] - INFO: Epoch 00300 | Time(s) 0.0474 | Val Loss 1.4911 | Val Acc 0.6725 | ETputs(KTEPS) 13716.64
2023-10-12 03:09:46,274 - tune.py [line:103] - INFO: Epoch 00320 | Time(s) 0.0470 | Val Loss 1.4903 | Val Acc 0.6681 | ETputs(KTEPS) 13837.78
2023-10-12 03:09:47,110 - tune.py [line:103] - INFO: Epoch 00340 | Time(s) 0.0467 | Val Loss 1.4925 | Val Acc 0.6615 | ETputs(KTEPS) 13928.96
2023-10-12 03:09:48,198 - tune.py [line:103] - INFO: Epoch 00360 | Time(s) 0.0471 | Val Loss 1.4931 | Val Acc 0.6505 | ETputs(KTEPS) 13803.02
2023-10-12 03:09:49,213 - tune.py [line:103] - INFO: Epoch 00380 | Time(s) 0.0473 | Val Loss 1.4937 | Val Acc 0.6703 | ETputs(KTEPS) 13746.89
2023-10-12 03:09:49,862 - tune.py [line:117] - INFO: [FINAL MODEL] Val accuracy 69.67% \Val loss: 1.5
2023-10-12 03:09:49,867 - tune.py [line:119] - INFO: [FINAL MODEL] Test accuracy 69.80% \Test loss: 1.5
2023-10-12 03:09:49,868 - tune.py [line:144] - INFO: Acc on the first split (Validation Set): 0.6967
2023-10-12 03:09:49,868 - tune.py [line:145] - INFO: Acc on the first split (Test Set): 0.6980
