2023-10-12 03:01:21,824 - tune.py [line:203] - INFO: Namespace(seed=42, model='NormalNNV2', gpu=1, dataset='geom-chameleon', logging=True, log_detail=True, log_detailedCh=False, id_log=1012014501, optuna_n_trials=202, n_epochs=2000, self_loop=True, udgraph=True, early_stop=True, patience=300, n_hidden=64, n_cv=1, start_cv=0, n_layers=4, lr1=0.05, lr2=0.05, wd1=1e-08, wd2=0.0001, dropout=0.4, dropout2=0.2, es_ckpt='TestTuningScript-geom-chameleon_NormalNNV2-geom-chameleon_trialNo20')
2023-10-12 03:01:22,532 - tune.py [line:128] - INFO: Split_seeds:[1824]
2023-10-12 03:01:22,532 - tune.py [line:129] - INFO: Model_seeds:[409]
2023-10-12 03:01:23,097 - tune.py [line:103] - INFO: Epoch 00020 | Time(s) 0.0268 | Val Loss 1.5653 | Val Acc 0.6484 | ETputs(KTEPS) 24241.78
2023-10-12 03:01:23,754 - tune.py [line:103] - INFO: Epoch 00040 | Time(s) 0.0297 | Val Loss 1.5272 | Val Acc 0.6154 | ETputs(KTEPS) 21915.12
2023-10-12 03:01:24,504 - tune.py [line:103] - INFO: Epoch 00060 | Time(s) 0.0322 | Val Loss 1.4871 | Val Acc 0.6264 | ETputs(KTEPS) 20182.82
2023-10-12 03:01:25,216 - tune.py [line:103] - INFO: Epoch 00080 | Time(s) 0.0330 | Val Loss 1.4417 | Val Acc 0.6374 | ETputs(KTEPS) 19673.19
2023-10-12 03:01:25,860 - tune.py [line:103] - INFO: Epoch 00100 | Time(s) 0.0329 | Val Loss 1.4084 | Val Acc 0.6308 | ETputs(KTEPS) 19775.41
2023-10-12 03:01:26,501 - tune.py [line:103] - INFO: Epoch 00120 | Time(s) 0.0327 | Val Loss 1.3701 | Val Acc 0.6418 | ETputs(KTEPS) 19864.91
2023-10-12 03:01:27,057 - tune.py [line:103] - INFO: Epoch 00140 | Time(s) 0.0320 | Val Loss 1.3399 | Val Acc 0.6505 | ETputs(KTEPS) 20302.58
2023-10-12 03:01:27,660 - tune.py [line:103] - INFO: Epoch 00160 | Time(s) 0.0318 | Val Loss 1.3126 | Val Acc 0.6264 | ETputs(KTEPS) 20456.77
2023-10-12 03:01:28,395 - tune.py [line:103] - INFO: Epoch 00180 | Time(s) 0.0323 | Val Loss 1.2957 | Val Acc 0.6242 | ETputs(KTEPS) 20108.33
2023-10-12 03:01:29,013 - tune.py [line:103] - INFO: Epoch 00200 | Time(s) 0.0322 | Val Loss 1.2734 | Val Acc 0.6286 | ETputs(KTEPS) 20198.91
2023-10-12 03:01:29,614 - tune.py [line:103] - INFO: Epoch 00220 | Time(s) 0.0320 | Val Loss 1.2532 | Val Acc 0.6418 | ETputs(KTEPS) 20324.04
2023-10-12 03:01:30,323 - tune.py [line:103] - INFO: Epoch 00240 | Time(s) 0.0323 | Val Loss 1.2301 | Val Acc 0.6396 | ETputs(KTEPS) 20142.55
2023-10-12 03:01:30,910 - tune.py [line:103] - INFO: Epoch 00260 | Time(s) 0.0320 | Val Loss 1.2233 | Val Acc 0.6549 | ETputs(KTEPS) 20287.32
2023-10-12 03:01:31,548 - tune.py [line:103] - INFO: Epoch 00280 | Time(s) 0.0320 | Val Loss 1.2123 | Val Acc 0.6681 | ETputs(KTEPS) 20293.21
2023-10-12 03:01:32,192 - tune.py [line:103] - INFO: Epoch 00300 | Time(s) 0.0320 | Val Loss 1.2024 | Val Acc 0.6637 | ETputs(KTEPS) 20289.48
2023-10-12 03:01:32,817 - tune.py [line:103] - INFO: Epoch 00320 | Time(s) 0.0320 | Val Loss 1.1832 | Val Acc 0.6571 | ETputs(KTEPS) 20320.93
2023-10-12 03:01:33,447 - tune.py [line:103] - INFO: Epoch 00340 | Time(s) 0.0320 | Val Loss 1.1748 | Val Acc 0.6637 | ETputs(KTEPS) 20341.50
2023-10-12 03:01:33,582 - tune.py [line:117] - INFO: [FINAL MODEL] Val accuracy 67.25% \Val loss: 1.5
2023-10-12 03:01:33,585 - tune.py [line:119] - INFO: [FINAL MODEL] Test accuracy 65.21% \Test loss: 1.5
2023-10-12 03:01:33,585 - tune.py [line:144] - INFO: Acc on the first split (Validation Set): 0.6725
2023-10-12 03:01:33,585 - tune.py [line:145] - INFO: Acc on the first split (Test Set): 0.6521
