2023-10-12 02:59:39,203 - tune.py [line:203] - INFO: Namespace(seed=42, model='NormalNNV2', gpu=0, dataset='geom-chameleon', logging=True, log_detail=True, log_detailedCh=False, id_log=1012014501, optuna_n_trials=202, n_epochs=2000, self_loop=True, udgraph=True, early_stop=True, patience=300, n_hidden=64, n_cv=1, start_cv=0, n_layers=20, lr1=0.04, lr2=0.04, wd1=1e-06, wd2=0.0001, dropout=0.0, dropout2=0.8, es_ckpt='TestTuningScript-geom-chameleon_NormalNNV2-geom-chameleon_trialNo3')
2023-10-12 02:59:39,990 - tune.py [line:128] - INFO: Split_seeds:[1824]
2023-10-12 02:59:39,990 - tune.py [line:129] - INFO: Model_seeds:[409]
2023-10-12 02:59:41,634 - tune.py [line:103] - INFO: Epoch 00020 | Time(s) 0.0802 | Val Loss 1.5702 | Val Acc 0.5582 | ETputs(KTEPS) 8110.27
2023-10-12 02:59:43,194 - tune.py [line:103] - INFO: Epoch 00040 | Time(s) 0.0786 | Val Loss 1.5177 | Val Acc 0.5890 | ETputs(KTEPS) 8269.77
2023-10-12 02:59:44,714 - tune.py [line:103] - INFO: Epoch 00060 | Time(s) 0.0777 | Val Loss 1.4686 | Val Acc 0.5912 | ETputs(KTEPS) 8369.03
2023-10-12 02:59:46,447 - tune.py [line:103] - INFO: Epoch 00080 | Time(s) 0.0799 | Val Loss 1.4168 | Val Acc 0.6176 | ETputs(KTEPS) 8135.20
2023-10-12 02:59:47,933 - tune.py [line:103] - INFO: Epoch 00100 | Time(s) 0.0788 | Val Loss 1.3713 | Val Acc 0.6264 | ETputs(KTEPS) 8254.62
2023-10-12 02:59:49,409 - tune.py [line:103] - INFO: Epoch 00120 | Time(s) 0.0779 | Val Loss 1.3395 | Val Acc 0.6176 | ETputs(KTEPS) 8343.15
2023-10-12 02:59:50,879 - tune.py [line:103] - INFO: Epoch 00140 | Time(s) 0.0773 | Val Loss 1.3134 | Val Acc 0.6352 | ETputs(KTEPS) 8411.96
2023-10-12 02:59:52,535 - tune.py [line:103] - INFO: Epoch 00160 | Time(s) 0.0780 | Val Loss 1.2910 | Val Acc 0.6286 | ETputs(KTEPS) 8338.17
2023-10-12 02:59:54,296 - tune.py [line:103] - INFO: Epoch 00180 | Time(s) 0.0791 | Val Loss 1.2571 | Val Acc 0.6440 | ETputs(KTEPS) 8224.86
2023-10-12 02:59:55,999 - tune.py [line:103] - INFO: Epoch 00200 | Time(s) 0.0796 | Val Loss 1.2458 | Val Acc 0.6374 | ETputs(KTEPS) 8164.02
2023-10-12 02:59:57,704 - tune.py [line:103] - INFO: Epoch 00220 | Time(s) 0.0801 | Val Loss 1.2291 | Val Acc 0.6396 | ETputs(KTEPS) 8112.67
2023-10-12 02:59:59,424 - tune.py [line:103] - INFO: Epoch 00240 | Time(s) 0.0806 | Val Loss 1.2176 | Val Acc 0.6440 | ETputs(KTEPS) 8063.71
2023-10-12 03:00:01,042 - tune.py [line:103] - INFO: Epoch 00260 | Time(s) 0.0807 | Val Loss 1.1997 | Val Acc 0.6462 | ETputs(KTEPS) 8061.80
2023-10-12 03:00:02,985 - tune.py [line:103] - INFO: Epoch 00280 | Time(s) 0.0818 | Val Loss 1.2028 | Val Acc 0.6396 | ETputs(KTEPS) 7946.15
2023-10-12 03:00:04,963 - tune.py [line:103] - INFO: Epoch 00300 | Time(s) 0.0830 | Val Loss 1.1901 | Val Acc 0.6571 | ETputs(KTEPS) 7837.04
2023-10-12 03:00:06,728 - tune.py [line:103] - INFO: Epoch 00320 | Time(s) 0.0833 | Val Loss 1.1963 | Val Acc 0.6220 | ETputs(KTEPS) 7806.22
2023-10-12 03:00:08,736 - tune.py [line:103] - INFO: Epoch 00340 | Time(s) 0.0843 | Val Loss 1.1776 | Val Acc 0.6527 | ETputs(KTEPS) 7713.36
2023-10-12 03:00:10,719 - tune.py [line:103] - INFO: Epoch 00360 | Time(s) 0.0851 | Val Loss 1.1721 | Val Acc 0.6505 | ETputs(KTEPS) 7640.02
2023-10-12 03:00:12,639 - tune.py [line:103] - INFO: Epoch 00380 | Time(s) 0.0857 | Val Loss 1.1774 | Val Acc 0.6396 | ETputs(KTEPS) 7589.05
2023-10-12 03:00:14,468 - tune.py [line:103] - INFO: Epoch 00400 | Time(s) 0.0860 | Val Loss 1.1650 | Val Acc 0.6549 | ETputs(KTEPS) 7563.60
2023-10-12 03:00:16,463 - tune.py [line:103] - INFO: Epoch 00420 | Time(s) 0.0866 | Val Loss 1.1702 | Val Acc 0.6549 | ETputs(KTEPS) 7506.35
2023-10-12 03:00:18,464 - tune.py [line:103] - INFO: Epoch 00440 | Time(s) 0.0872 | Val Loss 1.1653 | Val Acc 0.6440 | ETputs(KTEPS) 7454.11
2023-10-12 03:00:20,454 - tune.py [line:103] - INFO: Epoch 00460 | Time(s) 0.0878 | Val Loss 1.1684 | Val Acc 0.6549 | ETputs(KTEPS) 7408.86
2023-10-12 03:00:22,638 - tune.py [line:103] - INFO: Epoch 00480 | Time(s) 0.0886 | Val Loss 1.1716 | Val Acc 0.6418 | ETputs(KTEPS) 7334.40
2023-10-12 03:00:24,196 - tune.py [line:103] - INFO: Epoch 00500 | Time(s) 0.0882 | Val Loss 1.1614 | Val Acc 0.6505 | ETputs(KTEPS) 7370.30
2023-10-12 03:00:25,742 - tune.py [line:103] - INFO: Epoch 00520 | Time(s) 0.0878 | Val Loss 1.1606 | Val Acc 0.6505 | ETputs(KTEPS) 7405.72
2023-10-12 03:00:27,498 - tune.py [line:103] - INFO: Epoch 00540 | Time(s) 0.0878 | Val Loss 1.1484 | Val Acc 0.6593 | ETputs(KTEPS) 7406.31
2023-10-12 03:00:29,138 - tune.py [line:103] - INFO: Epoch 00560 | Time(s) 0.0876 | Val Loss 1.1527 | Val Acc 0.6484 | ETputs(KTEPS) 7423.96
2023-10-12 03:00:30,664 - tune.py [line:103] - INFO: Epoch 00580 | Time(s) 0.0872 | Val Loss 1.1554 | Val Acc 0.6615 | ETputs(KTEPS) 7457.14
2023-10-12 03:00:32,321 - tune.py [line:103] - INFO: Epoch 00600 | Time(s) 0.0870 | Val Loss 1.1530 | Val Acc 0.6571 | ETputs(KTEPS) 7469.67
2023-10-12 03:00:33,918 - tune.py [line:103] - INFO: Epoch 00620 | Time(s) 0.0868 | Val Loss 1.1459 | Val Acc 0.6549 | ETputs(KTEPS) 7489.78
2023-10-12 03:00:35,210 - tune.py [line:103] - INFO: Epoch 00640 | Time(s) 0.0861 | Val Loss 1.1413 | Val Acc 0.6615 | ETputs(KTEPS) 7550.14
2023-10-12 03:00:36,794 - tune.py [line:103] - INFO: Epoch 00660 | Time(s) 0.0859 | Val Loss 1.1498 | Val Acc 0.6462 | ETputs(KTEPS) 7568.70
2023-10-12 03:00:38,204 - tune.py [line:103] - INFO: Epoch 00680 | Time(s) 0.0855 | Val Loss 1.1422 | Val Acc 0.6505 | ETputs(KTEPS) 7608.93
2023-10-12 03:00:39,865 - tune.py [line:103] - INFO: Epoch 00700 | Time(s) 0.0854 | Val Loss 1.1516 | Val Acc 0.6527 | ETputs(KTEPS) 7615.03
2023-10-12 03:00:41,625 - tune.py [line:103] - INFO: Epoch 00720 | Time(s) 0.0855 | Val Loss 1.1417 | Val Acc 0.6571 | ETputs(KTEPS) 7608.73
2023-10-12 03:00:43,518 - tune.py [line:103] - INFO: Epoch 00740 | Time(s) 0.0857 | Val Loss 1.1495 | Val Acc 0.6571 | ETputs(KTEPS) 7587.11
2023-10-12 03:00:45,228 - tune.py [line:103] - INFO: Epoch 00760 | Time(s) 0.0857 | Val Loss 1.1437 | Val Acc 0.6637 | ETputs(KTEPS) 7587.64
2023-10-12 03:00:46,830 - tune.py [line:103] - INFO: Epoch 00780 | Time(s) 0.0855 | Val Loss 1.1411 | Val Acc 0.6440 | ETputs(KTEPS) 7600.46
2023-10-12 03:00:48,443 - tune.py [line:103] - INFO: Epoch 00800 | Time(s) 0.0854 | Val Loss 1.1410 | Val Acc 0.6571 | ETputs(KTEPS) 7611.40
2023-10-12 03:00:50,101 - tune.py [line:103] - INFO: Epoch 00820 | Time(s) 0.0854 | Val Loss 1.1464 | Val Acc 0.6462 | ETputs(KTEPS) 7617.06
2023-10-12 03:00:51,765 - tune.py [line:103] - INFO: Epoch 00840 | Time(s) 0.0853 | Val Loss 1.1463 | Val Acc 0.6593 | ETputs(KTEPS) 7621.69
2023-10-12 03:00:53,583 - tune.py [line:103] - INFO: Epoch 00860 | Time(s) 0.0854 | Val Loss 1.1457 | Val Acc 0.6484 | ETputs(KTEPS) 7610.18
2023-10-12 03:00:55,406 - tune.py [line:103] - INFO: Epoch 00880 | Time(s) 0.0856 | Val Loss 1.1559 | Val Acc 0.6440 | ETputs(KTEPS) 7598.67
2023-10-12 03:00:57,249 - tune.py [line:103] - INFO: Epoch 00900 | Time(s) 0.0857 | Val Loss 1.1427 | Val Acc 0.6505 | ETputs(KTEPS) 7585.82
2023-10-12 03:00:59,002 - tune.py [line:103] - INFO: Epoch 00920 | Time(s) 0.0858 | Val Loss 1.1452 | Val Acc 0.6637 | ETputs(KTEPS) 7582.11
2023-10-12 03:01:00,840 - tune.py [line:103] - INFO: Epoch 00940 | Time(s) 0.0859 | Val Loss 1.1389 | Val Acc 0.6659 | ETputs(KTEPS) 7570.63
2023-10-12 03:01:02,627 - tune.py [line:103] - INFO: Epoch 00960 | Time(s) 0.0860 | Val Loss 1.1348 | Val Acc 0.6527 | ETputs(KTEPS) 7564.37
2023-10-12 03:01:04,174 - tune.py [line:103] - INFO: Epoch 00980 | Time(s) 0.0858 | Val Loss 1.1496 | Val Acc 0.6374 | ETputs(KTEPS) 7579.91
2023-10-12 03:01:05,692 - tune.py [line:103] - INFO: Epoch 01000 | Time(s) 0.0856 | Val Loss 1.1493 | Val Acc 0.6440 | ETputs(KTEPS) 7597.44
2023-10-12 03:01:07,153 - tune.py [line:103] - INFO: Epoch 01020 | Time(s) 0.0853 | Val Loss 1.1463 | Val Acc 0.6615 | ETputs(KTEPS) 7619.40
2023-10-12 03:01:07,635 - tune.py [line:117] - INFO: [FINAL MODEL] Val accuracy 67.47% \Val loss: 1.1
2023-10-12 03:01:07,651 - tune.py [line:119] - INFO: [FINAL MODEL] Test accuracy 64.99% \Test loss: 1.1
2023-10-12 03:01:07,652 - tune.py [line:144] - INFO: Acc on the first split (Validation Set): 0.6747
2023-10-12 03:01:07,652 - tune.py [line:145] - INFO: Acc on the first split (Test Set): 0.6499
