2023-10-12 03:10:15,726 - tune.py [line:203] - INFO: Namespace(seed=42, model='NormalNNV2', gpu=0, dataset='geom-chameleon', logging=True, log_detail=True, log_detailedCh=False, id_log=1012014501, optuna_n_trials=202, n_epochs=2000, self_loop=True, udgraph=True, early_stop=True, patience=300, n_hidden=64, n_cv=1, start_cv=0, n_layers=8, lr1=0.02, lr2=0.04, wd1=1e-08, wd2=0.001, dropout=0.9, dropout2=0.2, es_ckpt='TestTuningScript-geom-chameleon_NormalNNV2-geom-chameleon_trialNo202')
2023-10-12 03:10:16,752 - tune.py [line:128] - INFO: Split_seeds:[1824]
2023-10-12 03:10:16,752 - tune.py [line:129] - INFO: Model_seeds:[409]
2023-10-12 03:10:17,407 - tune.py [line:103] - INFO: Epoch 00020 | Time(s) 0.0413 | Val Loss 1.5702 | Val Acc 0.6505 | ETputs(KTEPS) 15746.56
2023-10-12 03:10:18,212 - tune.py [line:103] - INFO: Epoch 00040 | Time(s) 0.0407 | Val Loss 1.5373 | Val Acc 0.6484 | ETputs(KTEPS) 15982.10
2023-10-12 03:10:18,932 - tune.py [line:103] - INFO: Epoch 00060 | Time(s) 0.0390 | Val Loss 1.5176 | Val Acc 0.6571 | ETputs(KTEPS) 16662.80
2023-10-12 03:10:19,733 - tune.py [line:103] - INFO: Epoch 00080 | Time(s) 0.0393 | Val Loss 1.5026 | Val Acc 0.6571 | ETputs(KTEPS) 16555.93
2023-10-12 03:10:20,472 - tune.py [line:103] - INFO: Epoch 00100 | Time(s) 0.0387 | Val Loss 1.4989 | Val Acc 0.6725 | ETputs(KTEPS) 16780.84
2023-10-12 03:10:21,208 - tune.py [line:103] - INFO: Epoch 00120 | Time(s) 0.0384 | Val Loss 1.5006 | Val Acc 0.6659 | ETputs(KTEPS) 16943.07
2023-10-12 03:10:21,966 - tune.py [line:103] - INFO: Epoch 00140 | Time(s) 0.0383 | Val Loss 1.5017 | Val Acc 0.6505 | ETputs(KTEPS) 16974.45
2023-10-12 03:10:22,740 - tune.py [line:103] - INFO: Epoch 00160 | Time(s) 0.0383 | Val Loss 1.5010 | Val Acc 0.6659 | ETputs(KTEPS) 16954.49
2023-10-12 03:10:23,403 - tune.py [line:103] - INFO: Epoch 00180 | Time(s) 0.0378 | Val Loss 1.5017 | Val Acc 0.6813 | ETputs(KTEPS) 17216.63
2023-10-12 03:10:24,107 - tune.py [line:103] - INFO: Epoch 00200 | Time(s) 0.0375 | Val Loss 1.5085 | Val Acc 0.6593 | ETputs(KTEPS) 17335.22
2023-10-12 03:10:24,838 - tune.py [line:103] - INFO: Epoch 00220 | Time(s) 0.0374 | Val Loss 1.5105 | Val Acc 0.6725 | ETputs(KTEPS) 17377.38
2023-10-12 03:10:25,548 - tune.py [line:103] - INFO: Epoch 00240 | Time(s) 0.0373 | Val Loss 1.5141 | Val Acc 0.6593 | ETputs(KTEPS) 17453.27
2023-10-12 03:10:26,286 - tune.py [line:103] - INFO: Epoch 00260 | Time(s) 0.0372 | Val Loss 1.5178 | Val Acc 0.6593 | ETputs(KTEPS) 17467.82
2023-10-12 03:10:26,905 - tune.py [line:103] - INFO: Epoch 00280 | Time(s) 0.0368 | Val Loss 1.5185 | Val Acc 0.6703 | ETputs(KTEPS) 17680.63
2023-10-12 03:10:27,634 - tune.py [line:103] - INFO: Epoch 00300 | Time(s) 0.0367 | Val Loss 1.5199 | Val Acc 0.6593 | ETputs(KTEPS) 17693.12
2023-10-12 03:10:28,284 - tune.py [line:103] - INFO: Epoch 00320 | Time(s) 0.0365 | Val Loss 1.5223 | Val Acc 0.6593 | ETputs(KTEPS) 17822.70
2023-10-12 03:10:28,999 - tune.py [line:103] - INFO: Epoch 00340 | Time(s) 0.0364 | Val Loss 1.5240 | Val Acc 0.6659 | ETputs(KTEPS) 17845.18
2023-10-12 03:10:29,783 - tune.py [line:103] - INFO: Epoch 00360 | Time(s) 0.0366 | Val Loss 1.5227 | Val Acc 0.6681 | ETputs(KTEPS) 17771.09
2023-10-12 03:10:30,501 - tune.py [line:103] - INFO: Epoch 00380 | Time(s) 0.0366 | Val Loss 1.5251 | Val Acc 0.6659 | ETputs(KTEPS) 17788.34
2023-10-12 03:10:31,271 - tune.py [line:103] - INFO: Epoch 00400 | Time(s) 0.0366 | Val Loss 1.5265 | Val Acc 0.6615 | ETputs(KTEPS) 17742.82
2023-10-12 03:10:31,438 - tune.py [line:117] - INFO: [FINAL MODEL] Val accuracy 69.01% \Val loss: 1.5
2023-10-12 03:10:31,443 - tune.py [line:119] - INFO: [FINAL MODEL] Test accuracy 69.58% \Test loss: 1.5
2023-10-12 03:10:31,444 - tune.py [line:144] - INFO: Acc on the first split (Validation Set): 0.6901
2023-10-12 03:10:31,444 - tune.py [line:145] - INFO: Acc on the first split (Test Set): 0.6958
