2023-10-12 03:07:09,500 - tune.py [line:203] - INFO: Namespace(seed=42, model='NormalNNV2', gpu=1, dataset='geom-chameleon', logging=True, log_detail=True, log_detailedCh=False, id_log=1012014501, optuna_n_trials=202, n_epochs=2000, self_loop=True, udgraph=True, early_stop=True, patience=300, n_hidden=64, n_cv=1, start_cv=0, n_layers=8, lr1=0.02, lr2=0.05, wd1=1e-08, wd2=0.001, dropout=0.2, dropout2=0.2, es_ckpt='TestTuningScript-geom-chameleon_NormalNNV2-geom-chameleon_trialNo155')
2023-10-12 03:07:10,428 - tune.py [line:128] - INFO: Split_seeds:[1824]
2023-10-12 03:07:10,428 - tune.py [line:129] - INFO: Model_seeds:[409]
2023-10-12 03:07:11,189 - tune.py [line:103] - INFO: Epoch 00020 | Time(s) 0.0364 | Val Loss 1.5667 | Val Acc 0.6484 | ETputs(KTEPS) 17881.12
2023-10-12 03:07:12,015 - tune.py [line:103] - INFO: Epoch 00040 | Time(s) 0.0388 | Val Loss 1.5271 | Val Acc 0.6615 | ETputs(KTEPS) 16770.88
2023-10-12 03:07:12,909 - tune.py [line:103] - INFO: Epoch 00060 | Time(s) 0.0405 | Val Loss 1.5097 | Val Acc 0.6593 | ETputs(KTEPS) 16043.70
2023-10-12 03:07:13,823 - tune.py [line:103] - INFO: Epoch 00080 | Time(s) 0.0418 | Val Loss 1.5043 | Val Acc 0.6747 | ETputs(KTEPS) 15561.88
2023-10-12 03:07:14,762 - tune.py [line:103] - INFO: Epoch 00100 | Time(s) 0.0428 | Val Loss 1.5056 | Val Acc 0.6747 | ETputs(KTEPS) 15187.75
2023-10-12 03:07:15,669 - tune.py [line:103] - INFO: Epoch 00120 | Time(s) 0.0432 | Val Loss 1.5095 | Val Acc 0.6527 | ETputs(KTEPS) 15039.65
2023-10-12 03:07:16,605 - tune.py [line:103] - INFO: Epoch 00140 | Time(s) 0.0437 | Val Loss 1.5154 | Val Acc 0.6549 | ETputs(KTEPS) 14866.60
2023-10-12 03:07:17,463 - tune.py [line:103] - INFO: Epoch 00160 | Time(s) 0.0436 | Val Loss 1.5195 | Val Acc 0.6593 | ETputs(KTEPS) 14910.10
2023-10-12 03:07:18,296 - tune.py [line:103] - INFO: Epoch 00180 | Time(s) 0.0434 | Val Loss 1.5228 | Val Acc 0.6505 | ETputs(KTEPS) 14984.76
2023-10-12 03:07:19,302 - tune.py [line:103] - INFO: Epoch 00200 | Time(s) 0.0441 | Val Loss 1.5272 | Val Acc 0.6484 | ETputs(KTEPS) 14751.10
2023-10-12 03:07:20,214 - tune.py [line:103] - INFO: Epoch 00220 | Time(s) 0.0442 | Val Loss 1.5311 | Val Acc 0.6462 | ETputs(KTEPS) 14705.62
2023-10-12 03:07:21,179 - tune.py [line:103] - INFO: Epoch 00240 | Time(s) 0.0445 | Val Loss 1.5323 | Val Acc 0.6549 | ETputs(KTEPS) 14595.11
2023-10-12 03:07:22,021 - tune.py [line:103] - INFO: Epoch 00260 | Time(s) 0.0444 | Val Loss 1.5328 | Val Acc 0.6615 | ETputs(KTEPS) 14658.66
2023-10-12 03:07:23,047 - tune.py [line:103] - INFO: Epoch 00280 | Time(s) 0.0449 | Val Loss 1.5334 | Val Acc 0.6681 | ETputs(KTEPS) 14496.67
2023-10-12 03:07:23,882 - tune.py [line:103] - INFO: Epoch 00300 | Time(s) 0.0446 | Val Loss 1.5345 | Val Acc 0.6725 | ETputs(KTEPS) 14564.83
2023-10-12 03:07:25,012 - tune.py [line:103] - INFO: Epoch 00320 | Time(s) 0.0454 | Val Loss 1.5344 | Val Acc 0.6418 | ETputs(KTEPS) 14330.07
2023-10-12 03:07:25,854 - tune.py [line:103] - INFO: Epoch 00340 | Time(s) 0.0452 | Val Loss 1.5350 | Val Acc 0.6659 | ETputs(KTEPS) 14391.82
2023-10-12 03:07:26,628 - tune.py [line:103] - INFO: Epoch 00360 | Time(s) 0.0448 | Val Loss 1.5350 | Val Acc 0.6593 | ETputs(KTEPS) 14507.44
2023-10-12 03:07:27,342 - tune.py [line:103] - INFO: Epoch 00380 | Time(s) 0.0443 | Val Loss 1.5353 | Val Acc 0.6637 | ETputs(KTEPS) 14665.19
2023-10-12 03:07:28,224 - tune.py [line:103] - INFO: Epoch 00400 | Time(s) 0.0443 | Val Loss 1.5386 | Val Acc 0.6571 | ETputs(KTEPS) 14669.78
2023-10-12 03:07:29,020 - tune.py [line:103] - INFO: Epoch 00420 | Time(s) 0.0441 | Val Loss 1.5352 | Val Acc 0.6527 | ETputs(KTEPS) 14742.22
2023-10-12 03:07:29,676 - tune.py [line:103] - INFO: Epoch 00440 | Time(s) 0.0436 | Val Loss 1.5364 | Val Acc 0.6440 | ETputs(KTEPS) 14916.20
2023-10-12 03:07:30,390 - tune.py [line:103] - INFO: Epoch 00460 | Time(s) 0.0432 | Val Loss 1.5339 | Val Acc 0.6659 | ETputs(KTEPS) 15035.38
2023-10-12 03:07:31,169 - tune.py [line:103] - INFO: Epoch 00480 | Time(s) 0.0431 | Val Loss 1.5366 | Val Acc 0.6637 | ETputs(KTEPS) 15098.06
2023-10-12 03:07:32,007 - tune.py [line:103] - INFO: Epoch 00500 | Time(s) 0.0430 | Val Loss 1.5368 | Val Acc 0.6791 | ETputs(KTEPS) 15117.10
2023-10-12 03:07:33,050 - tune.py [line:103] - INFO: Epoch 00520 | Time(s) 0.0434 | Val Loss 1.5376 | Val Acc 0.6571 | ETputs(KTEPS) 14994.81
2023-10-12 03:07:33,835 - tune.py [line:103] - INFO: Epoch 00540 | Time(s) 0.0432 | Val Loss 1.5387 | Val Acc 0.6440 | ETputs(KTEPS) 15048.02
2023-10-12 03:07:34,691 - tune.py [line:103] - INFO: Epoch 00560 | Time(s) 0.0432 | Val Loss 1.5369 | Val Acc 0.6615 | ETputs(KTEPS) 15053.91
2023-10-12 03:07:35,505 - tune.py [line:103] - INFO: Epoch 00580 | Time(s) 0.0431 | Val Loss 1.5382 | Val Acc 0.6725 | ETputs(KTEPS) 15083.87
2023-10-12 03:07:36,331 - tune.py [line:103] - INFO: Epoch 00600 | Time(s) 0.0430 | Val Loss 1.5384 | Val Acc 0.6440 | ETputs(KTEPS) 15105.27
2023-10-12 03:07:37,177 - tune.py [line:103] - INFO: Epoch 00620 | Time(s) 0.0430 | Val Loss 1.5362 | Val Acc 0.6725 | ETputs(KTEPS) 15113.97
2023-10-12 03:07:38,132 - tune.py [line:103] - INFO: Epoch 00640 | Time(s) 0.0432 | Val Loss 1.5392 | Val Acc 0.6725 | ETputs(KTEPS) 15062.61
2023-10-12 03:07:39,103 - tune.py [line:103] - INFO: Epoch 00660 | Time(s) 0.0433 | Val Loss 1.5379 | Val Acc 0.6593 | ETputs(KTEPS) 15006.60
2023-10-12 03:07:39,979 - tune.py [line:103] - INFO: Epoch 00680 | Time(s) 0.0433 | Val Loss 1.5390 | Val Acc 0.6527 | ETputs(KTEPS) 15001.69
2023-10-12 03:07:40,967 - tune.py [line:103] - INFO: Epoch 00700 | Time(s) 0.0435 | Val Loss 1.5382 | Val Acc 0.6549 | ETputs(KTEPS) 14942.67
2023-10-12 03:07:41,807 - tune.py [line:103] - INFO: Epoch 00720 | Time(s) 0.0435 | Val Loss 1.5383 | Val Acc 0.6418 | ETputs(KTEPS) 14957.43
2023-10-12 03:07:42,612 - tune.py [line:103] - INFO: Epoch 00740 | Time(s) 0.0434 | Val Loss 1.5380 | Val Acc 0.6769 | ETputs(KTEPS) 14988.89
2023-10-12 03:07:43,529 - tune.py [line:103] - INFO: Epoch 00760 | Time(s) 0.0434 | Val Loss 1.5392 | Val Acc 0.6571 | ETputs(KTEPS) 14966.49
2023-10-12 03:07:44,414 - tune.py [line:103] - INFO: Epoch 00780 | Time(s) 0.0435 | Val Loss 1.5381 | Val Acc 0.6703 | ETputs(KTEPS) 14959.89
2023-10-12 03:07:45,240 - tune.py [line:103] - INFO: Epoch 00800 | Time(s) 0.0434 | Val Loss 1.5372 | Val Acc 0.6549 | ETputs(KTEPS) 14978.85
2023-10-12 03:07:46,330 - tune.py [line:103] - INFO: Epoch 00820 | Time(s) 0.0437 | Val Loss 1.5385 | Val Acc 0.6725 | ETputs(KTEPS) 14886.24
2023-10-12 03:07:47,356 - tune.py [line:103] - INFO: Epoch 00840 | Time(s) 0.0439 | Val Loss 1.5415 | Val Acc 0.6418 | ETputs(KTEPS) 14825.01
2023-10-12 03:07:48,456 - tune.py [line:103] - INFO: Epoch 00860 | Time(s) 0.0441 | Val Loss 1.5390 | Val Acc 0.6681 | ETputs(KTEPS) 14738.17
2023-10-12 03:07:49,241 - tune.py [line:103] - INFO: Epoch 00880 | Time(s) 0.0440 | Val Loss 1.5380 | Val Acc 0.6571 | ETputs(KTEPS) 14775.48
2023-10-12 03:07:49,948 - tune.py [line:103] - INFO: Epoch 00900 | Time(s) 0.0438 | Val Loss 1.5400 | Val Acc 0.6703 | ETputs(KTEPS) 14840.56
2023-10-12 03:07:50,767 - tune.py [line:103] - INFO: Epoch 00920 | Time(s) 0.0437 | Val Loss 1.5400 | Val Acc 0.6527 | ETputs(KTEPS) 14861.88
2023-10-12 03:07:51,581 - tune.py [line:103] - INFO: Epoch 00940 | Time(s) 0.0437 | Val Loss 1.5374 | Val Acc 0.6659 | ETputs(KTEPS) 14884.36
2023-10-12 03:07:52,408 - tune.py [line:103] - INFO: Epoch 00960 | Time(s) 0.0436 | Val Loss 1.5385 | Val Acc 0.6615 | ETputs(KTEPS) 14901.04
2023-10-12 03:07:53,166 - tune.py [line:103] - INFO: Epoch 00980 | Time(s) 0.0435 | Val Loss 1.5392 | Val Acc 0.6659 | ETputs(KTEPS) 14941.43
2023-10-12 03:07:53,956 - tune.py [line:103] - INFO: Epoch 01000 | Time(s) 0.0434 | Val Loss 1.5390 | Val Acc 0.6440 | ETputs(KTEPS) 14969.02
2023-10-12 03:07:54,753 - tune.py [line:103] - INFO: Epoch 01020 | Time(s) 0.0434 | Val Loss 1.5397 | Val Acc 0.6681 | ETputs(KTEPS) 14993.76
2023-10-12 03:07:55,483 - tune.py [line:117] - INFO: [FINAL MODEL] Val accuracy 69.45% \Val loss: 1.5
2023-10-12 03:07:55,489 - tune.py [line:119] - INFO: [FINAL MODEL] Test accuracy 71.55% \Test loss: 1.5
2023-10-12 03:07:55,489 - tune.py [line:144] - INFO: Acc on the first split (Validation Set): 0.6945
2023-10-12 03:07:55,489 - tune.py [line:145] - INFO: Acc on the first split (Test Set): 0.7155
