2023-10-12 03:03:03,343 - tune.py [line:203] - INFO: Namespace(seed=42, model='NormalNNV2', gpu=0, dataset='geom-chameleon', logging=True, log_detail=True, log_detailedCh=False, id_log=1012014501, optuna_n_trials=202, n_epochs=2000, self_loop=True, udgraph=True, early_stop=True, patience=300, n_hidden=64, n_cv=1, start_cv=0, n_layers=8, lr1=0.01, lr2=0.04, wd1=1e-08, wd2=1e-08, dropout=0.2, dropout2=0.1, es_ckpt='TestTuningScript-geom-chameleon_NormalNNV2-geom-chameleon_trialNo38')
2023-10-12 03:03:04,210 - tune.py [line:128] - INFO: Split_seeds:[1824]
2023-10-12 03:03:04,210 - tune.py [line:129] - INFO: Model_seeds:[409]
2023-10-12 03:03:05,371 - tune.py [line:103] - INFO: Epoch 00020 | Time(s) 0.0559 | Val Loss 1.5767 | Val Acc 0.6286 | ETputs(KTEPS) 11640.91
2023-10-12 03:03:06,225 - tune.py [line:103] - INFO: Epoch 00040 | Time(s) 0.0491 | Val Loss 1.5419 | Val Acc 0.6418 | ETputs(KTEPS) 13246.29
2023-10-12 03:03:07,004 - tune.py [line:103] - INFO: Epoch 00060 | Time(s) 0.0456 | Val Loss 1.4978 | Val Acc 0.6637 | ETputs(KTEPS) 14251.17
2023-10-12 03:03:07,770 - tune.py [line:103] - INFO: Epoch 00080 | Time(s) 0.0438 | Val Loss 1.4556 | Val Acc 0.6396 | ETputs(KTEPS) 14857.61
2023-10-12 03:03:08,565 - tune.py [line:103] - INFO: Epoch 00100 | Time(s) 0.0429 | Val Loss 1.4169 | Val Acc 0.6462 | ETputs(KTEPS) 15146.20
2023-10-12 03:03:09,372 - tune.py [line:103] - INFO: Epoch 00120 | Time(s) 0.0425 | Val Loss 1.3822 | Val Acc 0.6681 | ETputs(KTEPS) 15299.52
2023-10-12 03:03:10,209 - tune.py [line:103] - INFO: Epoch 00140 | Time(s) 0.0424 | Val Loss 1.3492 | Val Acc 0.6462 | ETputs(KTEPS) 15347.82
2023-10-12 03:03:11,029 - tune.py [line:103] - INFO: Epoch 00160 | Time(s) 0.0422 | Val Loss 1.3142 | Val Acc 0.6703 | ETputs(KTEPS) 15417.75
2023-10-12 03:03:11,859 - tune.py [line:103] - INFO: Epoch 00180 | Time(s) 0.0421 | Val Loss 1.2940 | Val Acc 0.6374 | ETputs(KTEPS) 15445.76
2023-10-12 03:03:12,686 - tune.py [line:103] - INFO: Epoch 00200 | Time(s) 0.0420 | Val Loss 1.2642 | Val Acc 0.6527 | ETputs(KTEPS) 15473.60
2023-10-12 03:03:13,494 - tune.py [line:103] - INFO: Epoch 00220 | Time(s) 0.0419 | Val Loss 1.2385 | Val Acc 0.6747 | ETputs(KTEPS) 15528.27
2023-10-12 03:03:14,306 - tune.py [line:103] - INFO: Epoch 00240 | Time(s) 0.0418 | Val Loss 1.2173 | Val Acc 0.6593 | ETputs(KTEPS) 15569.07
2023-10-12 03:03:15,164 - tune.py [line:103] - INFO: Epoch 00260 | Time(s) 0.0418 | Val Loss 1.2054 | Val Acc 0.6462 | ETputs(KTEPS) 15537.34
2023-10-12 03:03:16,002 - tune.py [line:103] - INFO: Epoch 00280 | Time(s) 0.0419 | Val Loss 1.1826 | Val Acc 0.6505 | ETputs(KTEPS) 15535.99
2023-10-12 03:03:16,822 - tune.py [line:103] - INFO: Epoch 00300 | Time(s) 0.0418 | Val Loss 1.1684 | Val Acc 0.6659 | ETputs(KTEPS) 15558.05
2023-10-12 03:03:17,731 - tune.py [line:103] - INFO: Epoch 00320 | Time(s) 0.0420 | Val Loss 1.1559 | Val Acc 0.6703 | ETputs(KTEPS) 15473.22
2023-10-12 03:03:18,554 - tune.py [line:103] - INFO: Epoch 00340 | Time(s) 0.0420 | Val Loss 1.1467 | Val Acc 0.6527 | ETputs(KTEPS) 15493.09
2023-10-12 03:03:19,433 - tune.py [line:103] - INFO: Epoch 00360 | Time(s) 0.0421 | Val Loss 1.1202 | Val Acc 0.6659 | ETputs(KTEPS) 15453.51
2023-10-12 03:03:20,474 - tune.py [line:103] - INFO: Epoch 00380 | Time(s) 0.0426 | Val Loss 1.1159 | Val Acc 0.6593 | ETputs(KTEPS) 15263.51
2023-10-12 03:03:21,346 - tune.py [line:103] - INFO: Epoch 00400 | Time(s) 0.0426 | Val Loss 1.1045 | Val Acc 0.6593 | ETputs(KTEPS) 15245.92
2023-10-12 03:03:22,177 - tune.py [line:103] - INFO: Epoch 00420 | Time(s) 0.0426 | Val Loss 1.0956 | Val Acc 0.6681 | ETputs(KTEPS) 15264.89
2023-10-12 03:03:23,011 - tune.py [line:103] - INFO: Epoch 00440 | Time(s) 0.0426 | Val Loss 1.0842 | Val Acc 0.6725 | ETputs(KTEPS) 15279.96
2023-10-12 03:03:23,647 - tune.py [line:117] - INFO: [FINAL MODEL] Val accuracy 68.13% \Val loss: 1.3
2023-10-12 03:03:23,655 - tune.py [line:119] - INFO: [FINAL MODEL] Test accuracy 68.27% \Test loss: 1.3
2023-10-12 03:03:23,655 - tune.py [line:144] - INFO: Acc on the first split (Validation Set): 0.6813
2023-10-12 03:03:23,655 - tune.py [line:145] - INFO: Acc on the first split (Test Set): 0.6827
